1	-141	980	149088556	0	0	0	0	0	0	0	0	-500	-141	480	0	-500
1	-141	980	149094580	0	0	0	1	0	0	0	0	-500	-141	480	0	-500
1	-141	980	149098584	0	3	0	1	0	0	0	0	-500	-141	480	0	-500
1	-141	980	149100632	-2	2	-1	3	-1	1	0	-1	-499	-141	480	0	-500
1	-141	980	149102624	-3	4	0	3	0	1	0	-1	-498	-141	480	0	-500
1	-141	980	149104632	-2	5	-2	5	-1	1	0	-2	-497	-141	480	0	-500
1	-141	980	149106636	-4	6	-1	7	-1	2	0	-3	-495	-141	480	0	-500
1	-141	980	149108624	-4	8	-1	6	0	2	0	-3	-493	-141	480	0	-500
1	-141	980	149110644	-5	9	-3	9	-2	3	0	-5	-490	-141	480	0	-500
1	-141	980	149112640	-5	11	-2	10	-1	3	0	-6	-487	-141	480	0	-500
1	-141	980	149114640	-5	12	-3	11	-1	4	0	-7	-483	-141	480	0	-500
1	-141	980	149116640	-6	15	-3	14	-1	4	0	-8	-479	-141	480	0	-500
1	-141	980	149118640	-6	15	-3	13	-1	4	0	-9	-475	-141	480	0	-500
1	-141	980	149120640	-8	19	-5	18	-2	6	0	-11	-469	-141	480	0	-500
1	-141	980	149122640	-6	19	-5	20	-2	6	0	-13	-463	-141	480	0	-500
1	-141	980	149124640	-8	21	-5	19	-2	6	0	-15	-457	-141	480	0	-500
1	-141	980	149126640	-7	26	-6	25	-2	7	0	-17	-450	-141	480	0	-500
1	-141	980	149128636	-6	27	-6	23	-2	8	0	-19	-442	-141	480	0	-500
1	-141	980	149130644	-8	30	-8	29	-2	9	0	-21	-433	-141	480	0	-500
1	-141	980	149132644	-6	28	-9	31	-2	8	0	-23	-425	-141	480	0	-500
1	-141	980	149134644	-6	34	-7	30	-2	10	0	-25	-415	-141	480	0	-500
1	-141	980	149136648	-5	34	-10	35	-3	10	0	-28	-405	-141	480	0	-500
1	-141	980	149138644	-5	39	-9	34	-2	11	0	-30	-394	-141	480	0	-500
1	-141	980	149140652	-5	37	-10	41	-2	12	0	-32	-382	-141	480	0	-500
1	-141	980	149142648	-4	45	-11	43	-2	13	0	-34	-369	-141	480	0	-500
1	-141	980	149144648	-4	43	-11	41	-2	13	0	-36	-356	-141	480	0	-500
1	-141	980	149146644	-2	51	-13	49	-3	15	0	-39	-341	-141	480	0	-500
1	-141	980	149148636	-3	47	-15	54	-2	15	0	-41	-326	-141	480	0	-500
1	-141	980	149150640	-2	52	-12	48	-3	15	0	-44	-311	-141	480	0	-500
1	-141	980	149152640	-2	61	-17	59	-2	18	0	-46	-293	-141	480	0	-500
1	-141	980	149154640	-1	56	-13	55	-2	17	0	-48	-276	-141	480	0	-500
1	-141	980	149156640	0	69	-19	66	-3	20	0	-51	-256	-141	480	0	-500
1	-141	980	149158640	0	65	-19	70	-3	20	0	-54	-236	-141	480	0	-500
1	-141	980	149160640	0	76	-19	65	-3	21	0	-57	-215	-141	480	0	-500
1	-141	980	149162644	0	73	-21	78	-3	23	0	-60	-192	-141	480	0	-500
1	-141	980	149164644	0	86	-24	82	-4	25	0	-64	-167	-141	480	0	-500
1	-141	980	149166648	0	80	-22	77	-3	24	0	-67	-143	-141	480	0	-500
1	-141	980	149168652	2	95	-26	91	-4	28	0	-71	-115	-141	480	0	-500
1	-141	980	149170652	0	89	-25	82	-3	25	0	-74	-90	-141	480	0	-500
1	-141	980	149172656	1	106	-30	100	-5	31	0	-79	-59	-141	480	0	-500
1	-141	980	149174656	0	99	-33	105	-5	31	0	-84	-28	-141	480	0	-500
1	-141	980	149176656	0	115	-30	97	-4	32	0	-88	4	-141	480	0	-500
1	-141	980	149178652	0	108	-35	115	-5	33	0	-93	37	-141	480	0	-500
1	-141	980	149180652	-3	113	-37	121	-6	35	0	-99	72	-141	480	0	-500
1	-141	980	149182652	-4	132	-34	111	-6	37	0	-105	109	-141	480	0	-500
1	-141	980	149184648	-5	123	-41	131	-7	38	0	-112	147	-141	480	0	-500
1	-141	980	149186656	-6	142	-38	120	-7	39	0	-119	186	-141	480	0	-500
1	-141	980	149188656	-7	132	-44	142	-7	41	0	-126	227	-141	480	0	-500
1	-141	980	149190648	-10	152	-46	147	-9	45	0	-135	272	-141	480	0	-500
1	-141	980	149192644	-12	139	-42	133	-8	41	0	-143	313	-141	480	0	-500
1	-141	980	149194636	-13	160	-50	156	-9	47	0	-152	360	-141	480	0	-500
1	-141	980	149196640	-15	147	-45	141	-9	43	0	-161	403	-141	480	0	-500
1	-141	980	149198644	-20	169	-54	165	-11	50	0	-172	453	-141	480	0	-500
1	-141	980	149200640	-19	153	-55	169	-11	49	0	-183	502	-141	480	0	-500
1	-141	980	149202632	-23	156	-49	151	-11	46	0	-194	548	-141	480	0	-500
1	-141	980	149204640	-26	177	-59	175	-13	53	0	-207	601	-141	480	0	-500
1	-141	980	149206632	-26	160	-60	179	-13	50	0	-220	651	-141	480	0	-500
1	-141	980	149208636	-31	182	-53	157	-13	51	0	-233	702	-141	480	0	-500
1	-141	980	149210636	-32	162	-63	183	-14	52	0	-247	754	-141	480	0	-500
1	-141	980	149212636	-36	183	-57	159	-14	51	0	-261	805	-141	480	0	-500
1	-141	980	149214636	-34	161	-65	182	-15	52	0	-276	857	-141	480	0	-500
1	-141	980	149216632	-41	182	-68	183	-16	55	0	-292	912	-141	480	0	-500
1	-141	980	149218632	-36	160	-60	160	-14	48	0	-306	960	-141	480	0	-500
1	-141	980	149220624	-43	179	-70	180	-17	53	0	-323	1013	-141	480	0	-500
1	-141	980	149222624	-37	158	-61	156	-15	47	0	-338	1060	-141	480	0	-500
1	-141	980	149224624	-39	155	-71	175	-16	50	0	-354	1110	-141	480	0	-500
1	-141	980	149226620	-41	170	-72	174	-17	52	0	-371	1162	-141	480	0	-500
1	-141	980	149228616	-38	148	-62	147	-15	44	0	-386	764	-141	480	0	-500
1	-141	980	149230616	-40	162	-71	165	-17	49	0	-403	813	-141	480	0	-500
1	-141	980	149232608	-35	140	-64	141	-15	42	0	-418	855	-141	480	0	-500
1	-141	980	149234608	-36	153	-73	157	-16	47	0	-434	902	-141	480	0	-500
1	-141	980	149236608	-31	132	-72	151	-16	42	0	-450	944	-141	480	0	-500
1	-141	980	149238608	-33	142	-64	127	-14	40	0	-464	984	-141	480	0	-500
1	-141	980	149240604	-27	121	-72	142	-15	40	0	-479	1024	-141	480	0	-500
1	-141	980	149242600	-26	133	-72	136	-15	40	0	-494	1064	-141	480	0	-500
1	-141	980	149244596	-23	114	-61	115	-12	34	0	-506	1098	-141	480	0	-500
1	-141	980	149246592	-20	107	-70	126	-14	35	0	-520	1133	-141	480	0	-500
1	-141	980	149248588	-21	118	-61	105	-12	34	0	-532	1167	-141	480	0	-500
1	-141	980	149250580	-16	100	-68	115	-13	32	0	-545	1199	-141	480	0	-500
1	-141	980	149252588	-18	106	-66	111	-12	33	0	-557	1232	-141	480	0	-500
1	-141	980	149254584	-12	91	-57	92	-11	27	0	-568	1259	-141	480	0	-500
1	-141	980	149256592	-14	99	-64	101	-11	30	0	-579	750	-141	480	0	-500
1	-141	980	149258592	-11	84	-55	85	-10	25	0	-589	775	-141	480	0	-500
1	-141	980	149260588	-12	90	-61	92	-11	28	0	-600	803	-141	480	0	-500
1	-141	980	149262584	-8	77	-59	88	-10	25	0	-610	745	-141	480	0	-500
1	-141	980	149264588	-10	83	-51	75	-10	23	0	-620	768	-141	480	0	-500
1	-141	980	149266584	-9	71	-55	81	-9	23	0	-629	791	-141	480	0	-500
1	-141	980	149268584	-8	67	-54	79	-9	22	0	-638	813	-141	480	0	-500
1	-141	980	149270588	-10	74	-44	66	-9	21	0	-647	834	-141	480	0	-500
1	-141	980	149272572	-7	63	-50	71	-8	20	0	-655	854	-141	480	0	-500
1	-141	980	149274572	-8	67	-40	62	-7	19	0	-662	873	-141	480	0	-500
1	-141	980	149276572	-6	58	-44	66	-8	19	0	-670	892	-141	480	0	-500
1	-141	980	149278572	-7	62	-42	64	-7	19	0	-677	911	-141	480	0	-500
1	-141	980	149280572	-7	54	-35	52	-6	16	1	-683	736	-141	480	0	-500
2	-141	980	149282568	-6	57	-38	59	-7	17	1	-148	497	-141	480	0	-500
2	-141	980	149284564	-5	50	-31	50	-5	15	1	-153	512	-141	480	0	-500
2	-141	980	149286556	-5	54	-34	54	-6	16	1	-159	528	-141	480	0	-500
2	-141	980	149288568	-5	45	-31	52	-6	15	1	-165	543	-141	480	0	-500
2	-141	980	149290564	-4	49	-26	43	-4	14	1	-169	557	-141	480	0	-500
2	-141	980	149292564	-3	41	-28	47	-5	13	1	-174	570	-141	480	0	-500
2	-141	980	149294564	-4	39	-25	45	-4	13	1	-178	583	-141	480	0	-500
2	-141	980	149296556	-4	41	-20	36	-4	11	1	-182	594	-141	480	0	-500
2	-141	980	149298564	-2	35	-21	40	-3	11	1	-185	605	-141	480	0	-500
2	-141	980	149300572	-3	35	-17	32	-3	10	1	-188	615	-141	480	0	-500
2	-141	980	149302568	-2	29	-18	33	-3	10	1	-191	625	-141	480	0	-500
2	411	-901	149304568	-2	29	-15	30	-3	9	1	-194	634	270	-421	-141	480
2	411	-901	149306576	-1	23	-12	25	-2	7	1	-196	641	270	-421	-141	480
2	411	-901	149308568	-1	23	-13	25	-2	7	1	-198	648	270	-421	-141	480
2	411	-901	149310572	-1	17	-9	19	-1	5	1	-199	653	270	-421	-141	480
2	411	-901	149312572	-2	18	-10	19	-2	6	1	-201	659	270	-421	-141	480
2	411	-901	149314576	0	12	-7	17	-1	4	1	-202	663	270	-421	-141	480
2	411	-901	149316564	-1	12	-6	13	-1	4	1	-203	667	270	-421	-141	480
2	411	-901	149318564	0	7	-5	11	-1	3	1	-204	670	270	-421	-141	480
2	411	-901	149320568	0	8	-4	10	-1	2	1	-205	672	270	-421	-141	480
2	411	-901	149322556	0	5	-4	6	0	2	1	-205	674	270	-421	-141	480
2	411	-901	149324556	0	3	-1	5	0	1	1	-205	675	270	-421	-141	480
2	411	-901	149326560	0	3	-1	4	0	1	1	-205	676	270	-421	-141	480
2	411	-901	149328532	2	0	-2	3	0	1	1	-205	677	270	-421	-141	480
2	411	-901	149330544	2	1	0	2	0	0	1	-205	677	270	-421	-141	480
2	411	-901	149332524	4	0	0	0	0	0	1	-205	677	270	-421	-141	480
2	411	-901	149334524	4	0	0	0	0	0	1	-205	677	270	-421	-141	480
2	411	-901	149336536	3	0	1	0	1	0	1	-204	677	270	-421	-141	480
2	411	-901	149338564	5	-2	1	0	1	0	1	-203	677	270	-421	-141	480
2	411	-901	149340552	5	-2	1	-3	0	0	1	-203	677	270	-421	-141	480
2	411	-901	149342568	8	-3	3	-1	2	0	1	-201	677	270	-421	-141	480
2	411	-901	149344592	5	-2	1	-4	1	-1	1	-200	676	270	-421	-141	480
2	411	-901	149346580	6	-4	3	-4	1	-2	1	-199	674	270	-421	-141	480
2	411	-901	149348584	8	-6	2	-5	2	-1	1	-197	673	270	-421	-141	480
2	411	-901	149350584	6	-6	3	-6	1	-2	1	-196	671	270	-421	-141	480
2	411	-901	149352584	7	-8	3	-7	2	-2	1	-194	669	270	-421	-141	480
2	411	-901	149354584	7	-9	3	-8	1	-3	1	-193	666	270	-421	-141	480
2	411	-901	149356584	6	-10	4	-10	2	-3	1	-191	663	270	-421	-141	480
2	411	-901	149358580	6	-11	3	-10	1	-3	1	-190	660	270	-421	-141	480
2	411	-901	149360580	5	-14	4	-12	1	-4	1	-189	656	270	-421	-141	480
2	411	-901	149362580	5	-12	4	-14	2	-4	1	-187	652	270	-421	-141	480
2	411	-901	149364580	5	-18	4	-14	1	-5	1	-186	647	270	-421	-141	480
2	411	-901	149366584	4	-16	3	-16	1	-4	1	-185	643	270	-421	-141	480
2	411	-901	149368584	4	-20	5	-16	1	-6	1	-184	637	270	-421	-141	480
2	411	-901	149370584	3	-19	5	-20	2	-6	1	-182	631	270	-421	-141	480
2	411	-901	149372588	3	-22	7	-22	1	-6	1	-181	625	270	-421	-141	480
2	411	-901	149374592	2	-23	5	-18	1	-6	0	-180	619	270	-421	-141	480
2	411	-901	149376588	2	-22	6	-25	1	-7	0	-179	612	270	-421	-141	480
2	411	-901	149378588	2	-26	7	-25	2	-8	0	-177	604	270	-421	-141	480
2	411	-901	149380588	3	-24	7	-23	1	-7	0	-176	597	270	-421	-141	480
2	411	-901	149382592	2	-29	7	-27	2	-9	0	-174	588	270	-421	-141	480
2	411	-901	149384596	3	-26	8	-25	1	-7	0	-173	581	270	-421	-141	480
2	411	-901	149386596	2	-30	10	-29	2	-9	0	-171	572	270	-421	-141	480
2	411	-901	149388592	3	-29	10	-30	2	-9	0	-169	563	270	-421	-141	480
2	411	-901	149390588	2	-31	8	-26	2	-8	0	-167	555	270	-421	-141	480
2	411	-901	149392588	3	-30	12	-33	2	-10	0	-165	545	270	-421	-141	480
2	411	-901	149394588	5	-34	12	-32	2	-10	0	-163	535	270	-421	-141	480
2	411	-901	149396588	3	-30	13	-29	3	-9	0	-160	526	270	-421	-141	480
2	411	-901	149398584	5	-36	15	-34	3	-10	0	-157	516	270	-421	-141	480
2	411	-901	149400584	5	-31	13	-31	2	-9	0	-155	507	270	-421	-141	480
2	411	-901	149402572	5	-33	18	-35	4	-11	0	-151	496	270	-421	-141	480
2	411	-901	149404572	8	-37	19	-36	4	-11	0	-147	485	270	-421	-141	480
2	411	-901	149406568	7	-34	17	-34	4	-10	0	-143	475	270	-421	-141	480
2	411	-901	149408572	9	-40	23	-38	4	-11	0	-139	464	270	-421	-141	480
2	411	-901	149410568	9	-35	21	-35	5	-11	0	-134	453	270	-421	-141	480
2	411	-901	149412568	11	-43	26	-41	5	-13	0	-129	440	270	-421	-141	480
2	411	-901	149414568	11	-37	28	-41	6	-11	0	-123	429	270	-421	-141	480
2	411	-901	149416572	15	-45	27	-39	7	-13	0	-116	416	270	-421	-141	480
2	411	-901	149418576	14	-40	34	-45	7	-13	0	-109	403	270	-421	-141	480
2	411	-901	149420572	18	-48	36	-46	8	-14	0	-101	389	270	-421	-141	480
2	411	-901	149422568	16	-45	35	-43	7	-13	0	-94	376	270	-421	-141	480
2	411	-901	149424568	19	-46	44	-51	10	-14	0	-84	362	270	-421	-141	480
2	411	-901	149426576	22	-54	40	-46	9	-15	0	-75	347	270	-421	-141	480
2	411	-901	149428564	21	-50	50	-55	11	-16	0	-64	331	270	-421	-141	480
2	411	-901	149430572	27	-58	52	-56	12	-17	0	-52	314	270	-421	-141	480
2	411	-901	149432576	25	-55	50	-53	11	-17	0	-41	297	270	-421	-141	480
2	411	-901	149434572	30	-64	60	-61	13	-18	0	-28	279	270	-421	-141	480
2	411	-901	149436572	28	-60	57	-56	13	-18	0	-15	261	270	-421	-141	480
2	411	-901	149438580	34	-69	67	-68	15	-20	0	0	241	270	-421	-141	480
2	411	-901	149440576	31	-64	71	-70	16	-20	0	16	221	270	-421	-141	480
2	411	-901	149442572	38	-75	67	-62	15	-21	0	31	200	270	-421	-141	480
2	411	-901	149444572	35	-68	77	-75	17	-21	0	48	179	270	-421	-141	480
2	411	-901	149446568	40	-79	81	-78	18	-24	0	66	155	270	-421	-141	480
2	411	-901	149448564	37	-74	74	-70	17	-21	0	83	134	270	-421	-141	480
2	411	-901	149450576	44	-85	88	-82	20	-26	0	103	108	270	-421	-141	480
2	411	-901	149452568	40	-76	77	-74	17	-22	0	120	86	270	-421	-141	480
2	411	-901	149454564	41	-80	93	-89	20	-25	0	140	61	270	-421	-141	480
2	411	-901	149456572	47	-91	93	-89	21	-27	0	161	34	270	-421	-141	480
2	411	-901	149458568	43	-83	84	-81	20	-25	0	181	9	270	-421	-141	480
2	411	-901	149460564	50	-96	98	-95	22	-29	0	203	-20	270	-421	-141	480
2	411	-901	149462572	48	-88	100	-97	22	-27	0	225	-47	270	-421	-141	480
2	411	-901	149464572	56	-102	88	-89	22	-29	0	247	-76	270	-421	-141	480
2	411	-901	149466572	53	-95	103	-105	23	-30	0	270	-106	270	-421	-141	480
2	411	-901	149468580	61	-110	91	-95	23	-31	0	293	-137	270	-421	-141	480
2	411	-901	149470584	57	-101	105	-113	24	-32	0	317	-169	270	-421	-141	480
2	411	-901	149472584	67	-120	108	-116	26	-35	0	343	-204	270	-421	-141	480
2	411	-901	149474588	61	-110	93	-106	23	-33	0	366	-237	270	-421	-141	480
2	411	-901	149476584	72	-130	109	-126	28	-38	0	394	-275	270	-421	-141	480
2	411	-901	149478576	65	-119	110	-132	26	-38	0	420	-313	270	-421	-141	480
2	411	-901	149480576	68	-125	96	-118	24	-36	0	444	-349	270	-421	-141	480
2	411	-901	149482580	77	-144	112	-139	29	-43	0	473	-392	270	-421	-141	480
2	411	-901	149484584	72	-132	98	-125	25	-38	0	498	-430	270	-421	-141	480
2	411	-901	149486576	80	-154	113	-148	29	-45	0	527	-475	270	-421	-141	480
2	411	-901	149488568	72	-140	112	-151	28	-44	0	555	-519	270	-421	-141	480
2	411	-901	149490572	81	-160	100	-134	27	-44	0	582	-563	270	-421	-141	480
2	411	-901	149492580	72	-145	115	-157	28	-46	0	610	-609	270	-421	-141	480
2	411	-901	149494576	80	-164	100	-139	27	-45	0	637	-654	270	-421	-141	480
2	411	-901	149496580	68	-146	114	-160	27	-46	0	664	-700	270	-421	-141	480
2	411	-901	149498584	75	-165	115	-161	29	-49	0	693	-749	270	-421	-141	480
2	411	-901	149500576	65	-146	100	-140	25	-43	0	718	-792	270	-421	-141	480
2	411	-901	149502576	72	-162	114	-160	27	-48	0	745	-768	270	-421	-141	480
2	411	-901	149504584	62	-142	114	-158	27	-45	0	772	-813	270	-421	-141	480
2	411	-901	149506584	59	-139	100	-136	24	-41	0	796	-854	270	-421	-141	480
2	411	-901	149508588	65	-152	112	-151	26	-46	0	822	-900	270	-421	-141	480
2	411	-901	149510576	56	-132	99	-130	23	-39	0	845	-939	270	-421	-141	480
2	411	-901	149512588	60	-142	111	-144	26	-43	0	871	-982	270	-421	-141	480
2	411	-901	149514588	53	-123	110	-139	25	-39	0	896	-1021	270	-421	-141	480
2	411	-901	149516592	56	-132	95	-117	22	-38	0	918	-1059	270	-421	-141	480
2	411	-901	149518588	49	-113	109	-129	24	-36	0	942	-756	270	-421	-141	480
2	411	-901	149520588	52	-122	106	-124	24	-37	0	966	-793	270	-421	-141	480
2	411	-901	149522588	45	-104	93	-103	20	-31	0	986	-824	270	-421	-141	480
2	411	-901	149524600	49	-111	102	-114	23	-34	0	1009	-858	270	-421	-141	480
2	411	-901	149526588	41	-94	89	-94	19	-28	0	1028	-886	270	-421	-141	480
2	411	-901	149528584	46	-101	99	-104	22	-30	0	1050	-916	270	-421	-141	480
2	411	-901	149530576	39	-86	96	-98	20	-28	0	1070	-944	270	-421	-141	480
2	411	-901	149532572	38	-82	82	-82	18	-25	0	1088	-745	270	-421	-141	480
2	411	-901	149534564	41	-87	90	-88	20	-26	0	1108	-771	270	-421	-141	480
2	411	-901	149536572	35	-74	77	-75	17	-22	0	1125	-793	270	-421	-141	480
2	411	-901	149538568	36	-79	83	-80	18	-24	0	1143	-817	270	-421	-141	480
2	411	-901	149540576	33	-66	80	-77	17	-22	0	1160	-839	270	-421	-141	480
2	411	-901	149542576	33	-70	68	-63	15	-20	0	1175	-859	270	-421	-141	480
2	411	-901	149544576	28	-57	72	-68	15	-18	0	1190	-877	270	-421	-141	480
2	411	-901	149546576	30	-63	69	-64	15	-19	0	1205	-896	270	-421	-141	480
2	411	-901	149548576	24	-51	56	-51	12	-16	0	1217	-912	270	-421	-141	480
2	411	-901	149550576	26	-53	62	-56	13	-16	0	1230	-736	270	-421	-141	480
2	411	-901	149552568	20	-43	48	-45	10	-13	0	1240	-749	270	-421	-141	480
2	411	-901	149554572	21	-45	52	-48	11	-14	0	1251	-763	270	-421	-141	480
2	411	-901	149556580	16	-37	46	-43	9	-12	0	1260	-775	270	-421	-141	480
2	411	-901	149558580	15	-32	36	-35	8	-10	0	1268	-785	270	-421	-141	480
2	411	-901	149560584	15	-33	38	-37	8	-11	0	1276	-796	270	-421	-141	480
2	411	-901	149562588	12	-25	33	-31	7	-8	0	1283	-804	270	-421	-141	480
2	411	-901	149564588	10	-25	25	-25	5	-8	0	1288	-812	270	-421	-141	480
2	411	-901	149566588	8	-17	25	-24	5	-6	0	1293	-818	270	-421	-141	480
2	411	-901	149568592	7	-18	20	-18	4	-5	0	1284	-725	270	-421	-141	480
2	411	-901	149570596	5	-12	18	-18	3	-5	0	1287	-730	270	-421	-141	480
2	411	-901	149572592	5	-11	16	-14	4	-3	0	1291	-733	270	-421	-141	480
2	411	-901	149574588	2	-8	10	-10	1	-3	0	1292	-736	270	-421	-141	480
2	411	-901	149576588	3	-7	10	-10	2	-3	1	1294	-739	270	-421	-141	480
3	411	-901	149578588	2	-4	8	-7	2	-1	1	272	-422	270	-421	-141	480
3	411	-901	149580592	1	-4	5	-4	1	-1	1	273	-423	270	-421	-141	480
3	-648	748	149582588	0	-2	3	-5	0	-2	1	273	-425	-378	327	270	-421
3	-648	748	149584576	2	-3	3	-2	1	0	1	274	-425	-378	327	270	-421
3	-648	748	149586576	0	0	1	-3	0	-1	1	274	-426	-378	327	270	-421
3	-648	748	149588560	0	-1	1	-1	0	0	1	274	-426	-378	327	270	-421
3	-648	748	149592544	0	0	2	0	1	0	1	275	-426	-378	327	270	-421
3	-648	748	149622552	0	2	0	0	0	0	1	275	-426	-378	327	270	-421
3	-648	748	149624552	0	0	0	2	0	0	1	275	-426	-378	327	270	-421
3	-648	748	149626552	0	0	1	0	0	0	1	275	-426	-378	327	270	-421
3	-648	748	149632556	-1	0	0	0	0	0	1	275	-426	-378	327	270	-421
3	-648	748	149634552	0	0	0	1	0	0	1	275	-426	-378	327	270	-421
3	-648	748	149636548	0	1	0	0	0	0	1	275	-426	-378	327	270	-421
3	-648	748	149650584	-1	0	0	1	0	0	1	275	-426	-378	327	270	-421
3	-648	748	149654584	-1	1	0	1	0	0	1	275	-426	-378	327	270	-421
3	-648	748	149656596	-1	3	0	2	0	1	1	275	-425	-378	327	270	-421
3	-648	748	149658588	-2	2	-1	2	0	1	1	275	-424	-378	327	270	-421
3	-648	748	149660596	-1	4	-1	4	-1	1	1	274	-423	-378	327	270	-421
3	-648	748	149662588	-4	4	-1	4	0	1	1	274	-422	-378	327	270	-421
3	-648	748	149664596	-2	5	-3	5	-1	2	1	273	-420	-378	327	270	-421
3	-648	748	149666596	-4	7	-2	5	-1	1	1	272	-419	-378	327	270	-421
3	-648	748	149668596	-4	6	-4	6	-1	2	1	271	-417	-378	327	270	-421
3	-648	748	149670600	-3	8	-4	7	-1	2	1	270	-415	-378	327	270	-421
3	-648	748	149672600	-5	11	-6	10	-2	4	1	268	-411	-378	327	270	-421
3	-648	748	149674604	-5	10	-5	9	-1	2	0	267	-409	-378	327	270	-421
3	-648	748	149676596	-7	13	-7	11	-3	4	0	264	-405	-378	327	270	-421
3	-648	748	149678600	-5	12	-9	14	-2	4	0	262	-401	-378	327	270	-421
3	-648	748	149680600	-7	16	-9	13	-2	4	0	260	-397	-378	327	270	-421
3	-648	748	149682596	-6	15	-12	16	-3	5	0	257	-392	-378	327	270	-421
3	-648	748	149684600	-8	19	-12	15	-3	5	0	254	-387	-378	327	270	-421
3	-648	748	149686608	-7	18	-15	19	-3	6	0	251	-381	-378	327	270	-421
3	-648	748	149688612	-9	21	-16	21	-4	6	0	247	-375	-378	327	270	-421
3	-648	748	149690604	-8	19	-16	19	-3	6	0	244	-369	-378	327	270	-421
3	-648	748	149692612	-8	23	-20	22	-5	6	0	239	-363	-378	327	270	-421
3	-648	748	149694604	-9	23	-21	24	-4	7	0	235	-356	-378	327	270	-421
3	-648	748	149696612	-8	22	-22	22	-5	7	0	230	-349	-378	327	270	-421
3	-648	748	149698604	-10	28	-25	27	-5	8	0	225	-341	-378	327	270	-421
3	-648	748	149700592	-10	25	-23	23	-5	7	0	220	-334	-378	327	270	-421
3	-648	748	149702592	-10	31	-29	30	-6	10	0	214	-324	-378	327	270	-421
3	-648	748	149704588	-10	28	-31	30	-6	8	0	208	-316	-378	327	270	-421
3	-648	748	149706588	-12	33	-30	29	-6	10	0	202	-306	-378	327	270	-421
3	-648	748	149708580	-10	32	-35	34	-7	9	0	195	-297	-378	327	270	-421
3	-648	748	149710580	-14	36	-32	31	-7	11	0	188	-286	-378	327	270	-421
3	-648	748	149712584	-12	35	-40	36	-8	10	0	180	-276	-378	327	270	-421
3	-648	748	149714584	-15	40	-41	40	-8	12	0	172	-264	-378	327	270	-421
3	-648	748	149716588	-14	39	-37	37	-8	12	0	164	-252	-378	327	270	-421
3	-648	748	149718596	-16	45	-45	42	-9	13	0	155	-239	-378	327	270	-421
3	-648	748	149720588	-15	42	-49	46	-9	13	0	146	-226	-378	327	270	-421
3	-648	748	149722600	-17	44	-44	42	-10	13	0	136	-213	-378	327	270	-421
3	-648	748	149724592	-20	54	-52	50	-10	15	0	126	-198	-378	327	270	-421
3	-648	748	149726600	-18	48	-49	46	-10	14	0	116	-184	-378	327	270	-421
3	-648	748	149728596	-23	59	-59	55	-13	18	0	103	-166	-378	327	270	-421
3	-648	748	149730592	-22	55	-62	59	-12	17	0	91	-149	-378	327	270	-421
3	-648	748	149732592	-25	65	-58	53	-13	17	0	78	-132	-378	327	270	-421
3	-648	748	149734592	-25	60	-69	65	-14	19	0	64	-113	-378	327	270	-421
3	-648	748	149736588	-29	73	-63	60	-14	20	0	50	-93	-378	327	270	-421
3	-648	748	149738588	-28	66	-77	72	-15	21	0	35	-72	-378	327	270	-421
3	-648	748	149740584	-33	77	-81	73	-17	22	0	18	-50	-378	327	270	-421
3	-648	748	149742584	-33	74	-74	69	-17	22	0	1	-28	-378	327	270	-421
3	-648	748	149744584	-34	76	-88	83	-18	24	0	-17	-4	-378	327	270	-421
3	-648	748	149746580	-40	89	-94	85	-20	26	0	-37	22	-378	327	270	-421
3	-648	748	149748580	-38	81	-86	77	-19	23	0	-56	45	-378	327	270	-421
3	-648	748	149750580	-45	97	-104	93	-22	29	0	-78	74	-378	327	270	-421
3	-648	748	149752580	-43	88	-94	83	-20	25	0	-98	99	-378	327	270	-421
3	-648	748	149754576	-52	104	-111	99	-25	31	0	-123	130	-378	327	270	-421
3	-648	748	149756576	-48	95	-118	104	-25	30	0	-148	160	-378	327	270	-421
3	-648	748	149758584	-57	110	-105	94	-24	30	0	-172	190	-378	327	270	-421
3	-648	748	149760580	-55	101	-126	110	-27	32	0	-199	222	-378	327	270	-421
3	-648	748	149762580	-65	117	-131	113	-30	35	0	-229	257	-378	327	270	-421
3	-648	748	149764580	-62	106	-118	103	-27	31	0	-256	288	-378	327	270	-421
3	-648	748	149766576	-73	122	-138	119	-31	36	0	-287	324	-378	327	270	-421
3	-648	748	149768588	-69	113	-125	106	-29	33	0	-316	357	-378	327	270	-421
3	-648	748	149770588	-81	126	-147	124	-35	37	0	-351	394	-378	327	270	-421
3	-648	748	149772584	-75	115	-151	125	-33	36	0	-384	430	-378	327	270	-421
3	-648	748	149774584	-80	115	-136	111	-33	34	0	-417	464	-378	327	270	-421
3	-648	748	149776588	-94	131	-159	129	-38	39	0	-455	503	-378	327	270	-421
3	-648	748	149778592	-88	117	-162	128	-37	37	0	-492	540	-378	327	270	-421
3	-648	748	149780592	-101	131	-145	115	-37	37	0	-529	577	-378	327	270	-421
3	-648	748	149782588	-95	115	-169	130	-40	37	0	-569	614	-378	327	270	-421
3	-648	748	149784592	-110	130	-151	113	-39	36	0	-608	650	-378	327	270	-421
3	-648	748	149786584	-101	114	-175	129	-41	37	0	-649	687	-378	327	270	-421
3	-648	748	149788576	-116	125	-178	126	-44	37	0	-693	724	-378	327	270	-421
3	-648	748	149790584	-107	110	-157	109	-40	33	0	-733	757	-378	327	270	-421
3	-648	748	149792584	-122	118	-183	121	-46	36	0	-779	793	-378	327	270	-421
3	-648	748	149794580	-109	104	-161	104	-40	31	0	-819	824	-378	327	270	-421
3	-648	748	149796588	-125	113	-185	116	-47	34	0	-866	858	-378	327	270	-421
3	-648	748	149798588	-112	96	-186	112	-45	32	0	-911	890	-378	327	270	-421
3	-648	748	149800580	-113	92	-164	95	-41	28	0	-952	748	-378	327	270	-421
3	-648	748	149802580	-127	100	-188	107	-47	31	0	-999	779	-378	327	270	-421
3	-648	748	149804580	-113	85	-187	101	-45	28	0	-1044	807	-378	327	270	-421
3	-648	748	149806584	-126	92	-163	85	-44	26	0	-1088	746	-378	327	270	-421
3	-648	748	149808580	-110	77	-185	92	-44	26	0	-1132	772	-378	327	270	-421
3	-648	748	149810588	-121	84	-160	79	-42	24	0	-1174	796	-378	327	270	-421
3	-648	748	149812584	-107	70	-181	85	-43	23	0	-1217	819	-378	327	270	-421
3	-648	748	149814592	-116	75	-177	80	-44	24	0	-1261	843	-378	327	270	-421
3	-648	748	149816592	-101	62	-153	66	-38	19	0	-1299	862	-378	327	270	-421
3	-648	748	149818592	-109	67	-169	73	-42	21	0	-1341	883	-378	327	270	-421
3	-648	748	149820592	-94	56	-165	69	-39	18	0	-1380	901	-378	327	270	-421
3	-648	748	149822584	-102	60	-138	56	-36	18	0	-1416	919	-378	327	270	-421
3	-648	748	149824580	-86	51	-154	61	-36	17	0	-1316	737	-378	327	270	-421
3	-648	748	149826584	-83	48	-130	51	-32	15	0	-1348	752	-378	327	270	-421
3	-648	748	149828576	-87	50	-141	54	-34	15	0	-1382	767	-378	327	270	-421
3	-648	748	149830580	-74	42	-135	51	-31	14	0	-1413	781	-378	327	270	-421
3	-648	748	149832580	-79	45	-112	43	-29	13	0	-1442	794	-378	327	270	-421
3	-648	748	149834580	-66	38	-120	45	-28	13	0	-1470	807	-378	327	270	-421
3	-648	748	149836584	-69	40	-112	42	-27	12	0	-1497	819	-378	327	270	-421
3	-648	748	149838580	-57	32	-91	34	-22	10	0	-1519	829	-378	327	270	-421
3	-648	748	149840576	-62	34	-98	38	-24	11	0	-1543	840	-378	327	270	-421
3	-648	748	149842588	-48	29	-79	30	-19	9	0	-1299	729	-378	327	270	-421
3	-648	748	149844580	-52	28	-82	31	-20	8	0	-1319	737	-378	327	270	-421
3	-648	748	149846580	-41	23	-75	29	-18	8	0	-1337	745	-378	327	270	-421
3	-648	748	149848584	-44	25	-60	23	-15	7	0	-1352	752	-378	327	270	-421
3	-648	748	149850584	-33	19	-60	24	-14	7	0	-1366	759	-378	327	270	-421
3	-648	748	149852584	-35	18	-49	19	-13	5	0	-1379	764	-378	327	270	-421
3	-648	748	149854588	-28	15	-47	20	-11	6	0	-1390	770	-378	327	270	-421
3	-648	748	149856592	-24	14	-43	17	-10	4	0	-1400	774	-378	327	270	-421
3	-648	748	149858592	-22	13	-31	14	-8	4	0	-1288	724	-378	327	270	-421
3	-648	748	149860592	-18	10	-31	14	-8	4	0	-1296	728	-378	327	270	-421
3	-648	748	149862592	-17	8	-27	11	-6	3	1	-1302	731	-378	327	270	-421
4	-648	748	149864596	-13	8	-18	9	-5	2	1	-383	329	-378	327	270	-421
4	-648	748	149866592	-10	6	-18	7	-4	2	1	-387	331	-378	327	270	-421
4	-648	748	149868592	-8	4	-12	7	-3	2	1	-390	333	-378	327	270	-421
4	-648	748	149870584	-7	4	-12	6	-3	1	1	-393	334	-378	327	270	-421
4	-648	748	149872580	-5	3	-10	4	-2	2	1	-395	336	-378	327	270	-421
4	833	-535	149874568	-3	2	-5	3	-1	0	1	-396	336	455	-208	-378	327
4	833	-535	149876580	-2	2	-5	3	-1	1	1	-397	337	455	-208	-378	327
4	833	-535	149878572	-1	0	-3	1	-1	0	1	-398	337	455	-208	-378	327
4	833	-535	149880576	-1	1	-3	1	-1	0	1	-399	337	455	-208	-378	327
4	833	-535	149882552	0	0	0	2	0	1	1	-399	338	455	-208	-378	327
4	833	-535	149884544	0	0	-1	0	0	0	1	-399	338	455	-208	-378	327
4	833	-535	149916572	0	-1	0	-1	0	0	1	-399	338	455	-208	-378	327
4	833	-535	149918600	0	-2	2	-1	0	0	1	-399	338	455	-208	-378	327
4	833	-535	149920608	-1	-2	2	-3	0	-1	1	-399	337	455	-208	-378	327
4	833	-535	149922608	0	-4	1	-3	0	-1	1	-399	336	455	-208	-378	327
4	833	-535	149924608	-2	-4	3	-4	0	-1	1	-399	335	455	-208	-378	327
4	833	-535	149926604	-1	-6	4	-4	0	-1	1	-399	334	455	-208	-378	327
4	833	-535	149928616	-1	-5	2	-5	1	-2	1	-398	332	455	-208	-378	327
4	833	-535	149930600	-3	-7	5	-7	0	-2	1	-398	330	455	-208	-378	327
4	833	-535	149932600	-1	-8	4	-7	0	-2	1	-398	328	455	-208	-378	327
4	833	-535	149934608	-1	-10	6	-8	1	-3	1	-397	325	455	-208	-378	327
4	833	-535	149936608	-1	-9	6	-9	1	-3	1	-396	322	455	-208	-378	327
4	833	-535	149938604	-2	-10	8	-10	1	-3	1	-395	319	455	-208	-378	327
4	833	-535	149940612	-2	-13	9	-11	1	-3	1	-394	316	455	-208	-378	327
4	833	-535	149942604	-1	-12	10	-14	1	-4	0	-393	312	455	-208	-378	327
4	833	-535	149944604	0	-16	11	-13	2	-5	0	-391	307	455	-208	-378	327
4	833	-535	149946600	0	-14	14	-15	2	-4	0	-389	303	455	-208	-378	327
4	833	-535	149948596	0	-17	12	-13	2	-4	0	-387	299	455	-208	-378	327
4	833	-535	149950592	0	-15	18	-18	2	-5	0	-385	294	455	-208	-378	327
4	833	-535	149952584	2	-19	18	-17	3	-6	0	-382	288	455	-208	-378	327
4	833	-535	149954588	4	-17	19	-18	4	-5	0	-378	283	455	-208	-378	327
4	833	-535	149956584	5	-20	24	-19	4	-6	0	-374	277	455	-208	-378	327
4	833	-535	149958576	5	-19	22	-17	4	-5	0	-370	272	455	-208	-378	327
4	833	-535	149960576	8	-19	29	-21	6	-6	0	-364	266	455	-208	-378	327
4	833	-535	149962580	10	-22	33	-23	6	-7	0	-358	259	455	-208	-378	327
4	833	-535	149964588	10	-22	31	-19	6	-6	0	-352	253	455	-208	-378	327
4	833	-535	149966584	13	-23	39	-23	8	-7	0	-344	246	455	-208	-378	327
4	833	-535	149968584	14	-23	37	-22	8	-7	0	-336	239	455	-208	-378	327
4	833	-535	149970580	19	-25	46	-25	10	-7	0	-326	232	455	-208	-378	327
4	833	-535	149972584	19	-24	52	-25	10	-8	0	-316	224	455	-208	-378	327
4	833	-535	149974584	23	-26	48	-23	11	-7	0	-305	217	455	-208	-378	327
4	833	-535	149976588	23	-25	60	-28	12	-8	0	-293	209	455	-208	-378	327
4	833	-535	149978592	30	-29	65	-27	15	-8	0	-278	201	455	-208	-378	327
4	833	-535	149980596	29	-25	62	-25	13	-8	0	-265	193	455	-208	-378	327
4	833	-535	149982596	35	-30	75	-30	17	-9	0	-248	184	455	-208	-378	327
4	833	-535	149984604	35	-27	82	-30	17	-8	0	-231	176	455	-208	-378	327
4	833	-535	149986604	42	-33	76	-28	18	-10	0	-213	166	455	-208	-378	327
4	833	-535	149988604	41	-28	93	-32	20	-9	0	-193	157	455	-208	-378	327
4	833	-535	149990596	45	-30	86	-29	20	-8	0	-173	149	455	-208	-378	327
4	833	-535	149992600	53	-35	106	-34	24	-11	0	-149	138	455	-208	-378	327
4	833	-535	149994600	51	-32	112	-35	24	-10	0	-125	128	455	-208	-378	327
4	833	-535	149996604	61	-36	103	-31	25	-10	0	-100	118	455	-208	-378	327
4	833	-535	149998608	58	-32	125	-36	27	-10	0	-73	108	455	-208	-378	327
4	833	-535	150000604	69	-38	115	-33	28	-11	0	-45	97	455	-208	-378	327
4	833	-535	150002612	65	-35	138	-37	30	-11	0	-15	86	455	-208	-378	327
4	833	-535	150004608	76	-39	146	-39	33	-11	0	18	75	455	-208	-378	327
4	833	-535	150006596	71	-35	133	-35	31	-11	0	49	64	455	-208	-378	327
4	833	-535	150008600	85	-41	158	-40	37	-12	0	86	52	455	-208	-378	327
4	833	-535	150010592	78	-36	167	-40	36	-11	0	122	41	455	-208	-378	327
4	833	-535	150012596	92	-41	150	-36	37	-12	0	159	29	455	-208	-378	327
4	833	-535	150014600	84	-38	178	-43	39	-12	0	198	17	455	-208	-378	327
4	833	-535	150016604	99	-44	162	-37	39	-12	0	237	5	455	-208	-378	327
4	833	-535	150018604	91	-37	190	-43	42	-12	0	279	-7	455	-208	-378	327
4	833	-535	150020608	94	-40	195	-44	44	-13	0	323	-20	455	-208	-378	327
4	833	-535	150022612	108	-44	176	-38	42	-12	0	365	-32	455	-208	-378	327
4	833	-535	150024608	100	-41	205	-45	46	-13	0	411	-45	455	-208	-378	327
4	833	-535	150026620	115	-45	209	-45	48	-13	0	459	-58	455	-208	-378	327
4	833	-535	150028616	107	-43	186	-40	44	-13	0	503	-71	455	-208	-378	327
4	833	-535	150030616	121	-47	216	-47	51	-14	0	554	-85	455	-208	-378	327
4	833	-535	150032616	111	-43	191	-41	45	-13	0	599	-98	455	-208	-378	327
4	833	-535	150034612	126	-50	222	-47	52	-14	0	651	-112	455	-208	-378	327
4	833	-535	150036612	117	-43	223	-49	51	-14	0	702	-126	455	-208	-378	327
4	833	-535	150038612	132	-52	198	-44	50	-14	0	752	-140	455	-208	-378	327
4	833	-535	150040612	119	-46	225	-51	52	-15	0	804	-155	455	-208	-378	327
4	833	-535	150042604	135	-54	199	-45	50	-15	0	854	-170	455	-208	-378	327
4	833	-535	150044600	121	-47	225	-54	52	-15	0	906	-185	455	-208	-378	327
4	833	-535	150046600	120	-50	226	-54	51	-15	0	957	-200	455	-208	-378	327
4	833	-535	150048596	136	-56	196	-48	50	-16	0	1007	-216	455	-208	-378	327
4	833	-535	150050600	120	-52	223	-58	52	-17	0	1059	-233	455	-208	-378	327
4	833	-535	150052592	135	-60	222	-59	53	-17	0	1112	-250	455	-208	-378	327
4	833	-535	150054592	119	-55	193	-52	47	-16	0	1159	-266	455	-208	-378	327
4	833	-535	150056592	131	-62	217	-63	52	-19	0	1211	-285	455	-208	-378	327
4	833	-535	150058592	117	-58	188	-55	46	-17	0	1257	-302	455	-208	-378	327
4	833	-535	150060588	128	-65	213	-65	51	-20	0	1308	-322	455	-208	-378	327
4	833	-535	150062592	113	-58	210	-65	49	-18	0	1357	-340	455	-208	-378	327
4	833	-535	150064592	124	-68	182	-58	46	-19	0	1403	-359	455	-208	-378	327
4	833	-535	150066592	108	-60	205	-67	46	-19	0	1449	-378	455	-208	-378	327
4	833	-535	150068592	104	-60	200	-67	46	-19	0	1495	-397	455	-208	-378	327
4	833	-535	150070592	115	-67	172	-59	43	-19	0	1538	-416	455	-208	-378	327
4	833	-535	150072596	100	-60	194	-67	44	-19	0	1582	-435	455	-208	-378	327
4	833	-535	150074596	109	-68	165	-59	41	-19	0	1321	-454	455	-208	-378	327
4	833	-535	150076596	94	-60	185	-66	42	-19	0	1363	-473	455	-208	-378	327
4	833	-535	150078592	103	-65	181	-67	43	-20	0	1406	-493	455	-208	-378	327
4	833	-535	150080600	89	-57	155	-56	36	-17	0	1442	-510	455	-208	-378	327
4	833	-535	150082604	98	-63	171	-64	41	-19	0	1483	-529	455	-208	-378	327
4	833	-535	150084600	82	-52	147	-55	34	-16	0	1517	-545	455	-208	-378	327
4	833	-535	150086604	89	-59	162	-58	38	-17	0	1555	-562	455	-208	-378	327
4	833	-535	150088604	76	-49	158	-58	35	-16	0	1590	-578	455	-208	-378	327
4	833	-535	150090608	80	-54	132	-47	32	-16	0	1622	-594	455	-208	-378	327
4	833	-535	150092608	68	-43	146	-53	32	-14	0	1654	-608	455	-208	-378	327
4	833	-535	150094612	72	-49	139	-50	31	-15	0	1685	-623	455	-208	-378	327
4	833	-535	150096616	60	-39	118	-40	27	-12	0	1712	-635	455	-208	-378	327
4	833	-535	150098620	64	-42	126	-45	29	-13	0	1309	-648	455	-208	-378	327
4	833	-535	150100616	52	-35	121	-41	26	-11	0	1335	-659	455	-208	-378	327
4	833	-535	150102616	49	-33	99	-34	22	-10	0	1357	-669	455	-208	-378	327
4	833	-535	150104616	51	-34	106	-35	23	-11	0	1380	-680	455	-208	-378	327
4	833	-535	150106620	42	-26	86	-29	19	-8	0	1399	-688	455	-208	-378	327
4	833	-535	150108624	42	-27	92	-30	21	-8	0	1301	-696	455	-208	-378	327
4	833	-535	150110628	34	-22	82	-26	17	-8	0	1318	-704	455	-208	-378	327
4	833	-535	150112636	34	-21	65	-20	15	-6	0	1333	-710	455	-208	-378	327
4	833	-535	150114628	26	-16	68	-20	14	-5	0	1347	-715	455	-208	-378	327
4	833	-535	150116632	25	-16	58	-17	12	-5	0	1359	-720	455	-208	-378	327
4	833	-535	150118632	20	-12	45	-14	10	-4	0	1369	-724	455	-208	-378	327
4	833	-535	150120636	19	-11	45	-13	10	-4	0	1379	-728	455	-208	-378	327
4	833	-535	150122632	13	-7	33	-10	7	-2	0	1386	-730	455	-208	-378	327
4	833	-535	150124632	14	-8	32	-8	7	-3	0	1287	-723	455	-208	-378	327
4	833	-535	150126632	9	-5	27	-8	5	-1	0	1292	-724	455	-208	-378	327
4	833	-535	150128624	7	-4	18	-5	4	-2	0	1296	-726	455	-208	-378	327
4	833	-535	150130628	7	-3	18	-5	3	-1	0	1299	-727	455	-208	-378	327
4	833	-535	150132624	3	-2	11	-2	3	-1	0	1302	-728	455	-208	-378	327
4	833	-535	150134612	3	-1	10	-3	1	0	1	1303	-728	455	-208	-378	327
5	833	-535	150136612	1	0	6	-1	2	0	1	457	-208	455	-208	-378	327
5	833	-535	150138576	1	0	3	0	0	0	1	457	-208	455	-208	-378	327
5	833	-535	150140576	0	0	2	0	0	0	1	457	-208	455	-208	-378	327
5	833	-535	150144580	0	1	0	0	0	0	1	457	-208	455	-208	-378	327
5	-950	279	150146604	-2	2	0	2	0	0	1	457	-208	-495	71	455	-208
5	-950	279	150148604	-2	3	-3	2	0	0	1	457	-208	-495	71	455	-208
5	-950	279	150150620	-2	3	-2	3	0	1	1	457	-207	-495	71	455	-208
5	-950	279	150152624	-3	4	-4	5	-1	1	1	456	-206	-495	71	455	-208
5	-950	279	150154640	-3	5	-4	3	-1	2	1	455	-204	-495	71	455	-208
5	-950	279	150156648	-3	6	-5	5	-2	1	1	453	-203	-495	71	455	-208
5	-950	279	150158628	-2	5	-3	7	0	2	1	453	-201	-495	71	455	-208
5	-950	279	150160636	-4	8	-5	5	-2	2	1	451	-199	-495	71	455	-208
5	-950	279	150162640	-4	7	-7	7	-1	2	1	450	-197	-495	71	455	-208
5	-950	279	150164644	-4	8	-5	6	-2	2	1	448	-195	-495	71	455	-208
5	-950	279	150166644	-2	7	-6	9	-1	3	1	447	-192	-495	71	455	-208
5	-950	279	150168636	-4	10	-6	9	-1	2	1	446	-190	-495	71	455	-208
5	-950	279	150170640	-2	8	-6	7	-2	3	1	444	-187	-495	71	455	-208
5	-950	279	150172628	-3	10	-7	9	-1	3	1	443	-184	-495	71	455	-208
5	-950	279	150174624	-2	9	-6	9	-1	2	1	442	-182	-495	71	455	-208
5	-950	279	150176628	-3	10	-6	10	-2	3	1	440	-179	-495	71	455	-208
5	-950	279	150178628	-1	8	-6	9	-1	3	1	439	-176	-495	71	455	-208
5	-950	279	150180640	-1	9	-5	8	-1	2	1	438	-174	-495	71	455	-208
5	-950	279	150182632	-2	9	-7	9	-1	3	1	437	-171	-495	71	455	-208
5	-950	279	150184632	-1	7	-5	9	-1	2	1	436	-169	-495	71	455	-208
5	-950	279	150186624	0	9	-3	9	0	3	1	436	-166	-495	71	455	-208
5	-950	279	150188632	-1	8	-5	8	-1	3	1	435	-163	-495	71	455	-208
5	-950	279	150190640	0	8	-4	8	-1	2	1	434	-161	-495	71	455	-208
5	-950	279	150192624	0	8	-4	7	0	2	1	434	-159	-495	71	455	-208
5	-950	279	150194640	-1	7	-4	9	-1	3	1	433	-156	-495	71	455	-208
5	-950	279	150196648	0	8	-3	6	-1	2	1	432	-154	-495	71	455	-208
5	-950	279	150198636	-2	9	-4	9	0	2	1	432	-152	-495	71	455	-208
5	-950	279	150200644	0	7	-3	9	-1	3	1	431	-149	-495	71	455	-208
5	-950	279	150202628	-1	9	-3	6	0	2	1	431	-147	-495	71	455	-208
5	-950	279	150204636	-1	7	-4	9	-1	2	1	430	-145	-495	71	455	-208
5	-950	279	150206628	-1	9	-3	7	-1	3	1	429	-142	-495	71	455	-208
5	-950	279	150208632	-3	9	-5	9	-1	3	1	428	-139	-495	71	455	-208
5	-950	279	150210636	-2	7	-3	9	-1	2	1	427	-137	-495	71	455	-208
5	-950	279	150212632	-4	10	-4	9	-1	3	0	426	-134	-495	71	455	-208
5	-950	279	150214624	-3	9	-5	8	-1	2	0	425	-132	-495	71	455	-208
5	-950	279	150216624	-5	10	-5	9	-2	3	0	423	-129	-495	71	455	-208
5	-950	279	150218620	-3	9	-5	10	-1	3	0	422	-126	-495	71	455	-208
5	-950	279	150220616	-5	10	-8	10	-2	3	0	420	-123	-495	71	455	-208
5	-950	279	150222620	-7	10	-7	9	-2	3	0	418	-120	-495	71	455	-208
5	-950	279	150224616	-6	10	-10	10	-2	3	0	416	-117	-495	71	455	-208
5	-950	279	150226620	-7	10	-11	11	-3	3	0	413	-114	-495	71	455	-208
5	-950	279	150228620	-9	11	-12	10	-3	3	0	410	-111	-495	71	455	-208
5	-950	279	150230624	-8	10	-16	10	-4	3	0	406	-108	-495	71	455	-208
5	-950	279	150232628	-10	10	-16	10	-4	3	0	402	-105	-495	71	455	-208
5	-950	279	150234628	-11	11	-21	11	-4	3	0	398	-102	-495	71	455	-208
5	-950	279	150236624	-12	12	-24	13	-6	4	0	392	-98	-495	71	455	-208
5	-950	279	150238624	-14	11	-25	10	-6	3	0	386	-95	-495	71	455	-208
5	-950	279	150240624	-14	10	-33	11	-7	4	0	379	-91	-495	71	455	-208
5	-950	279	150242628	-17	12	-36	11	-8	3	0	371	-88	-495	71	455	-208
5	-950	279	150244624	-18	10	-36	10	-8	3	0	363	-85	-495	71	455	-208
5	-950	279	150246624	-20	12	-48	12	-10	4	0	353	-81	-495	71	455	-208
5	-950	279	150248628	-21	10	-45	8	-10	2	0	343	-79	-495	71	455	-208
5	-950	279	150250624	-26	11	-57	12	-12	4	0	331	-75	-495	71	455	-208
5	-950	279	150252628	-25	10	-64	11	-14	3	0	317	-72	-495	71	455	-208
5	-950	279	150254640	-32	11	-60	10	-14	3	0	303	-69	-495	71	455	-208
5	-950	279	150256628	-30	10	-76	10	-15	3	0	288	-66	-495	71	455	-208
5	-950	279	150258632	-37	11	-83	11	-18	3	0	270	-63	-495	71	455	-208
5	-950	279	150260632	-35	10	-77	9	-17	3	0	253	-60	-495	71	455	-208
5	-950	279	150262632	-39	10	-95	10	-20	3	0	233	-57	-495	71	455	-208
5	-950	279	150264632	-46	12	-90	10	-21	3	0	212	-54	-495	71	455	-208
5	-950	279	150266640	-45	10	-108	10	-23	3	0	189	-51	-495	71	455	-208
5	-950	279	150268636	-53	11	-115	10	-25	4	0	164	-47	-495	71	455	-208
5	-950	279	150270636	-51	11	-106	10	-23	3	0	141	-44	-495	71	455	-208
5	-950	279	150272636	-60	11	-129	11	-29	3	0	112	-41	-495	71	455	-208
5	-950	279	150274636	-57	12	-117	9	-26	3	0	86	-38	-495	71	455	-208
5	-950	279	150276640	-68	13	-141	12	-31	4	0	55	-34	-495	71	455	-208
5	-950	279	150278636	-62	13	-148	12	-32	4	0	23	-30	-495	71	455	-208
5	-950	279	150280636	-75	14	-134	11	-31	3	0	-8	-27	-495	71	455	-208
5	-950	279	150282648	-70	13	-160	14	-35	5	0	-43	-22	-495	71	455	-208
5	-950	279	150284648	-82	15	-166	13	-37	4	0	-80	-18	-495	71	455	-208
5	-950	279	150286652	-75	15	-150	14	-34	4	0	-114	-14	-495	71	455	-208
5	-950	279	150288652	-88	18	-177	15	-39	5	0	-153	-9	-495	71	455	-208
5	-950	279	150290648	-80	16	-160	14	-36	5	0	-189	-4	-495	71	455	-208
5	-950	279	150292648	-84	18	-189	17	-41	5	0	-230	1	-495	71	455	-208
5	-950	279	150294648	-98	20	-195	19	-44	6	0	-274	7	-495	71	455	-208
5	-950	279	150296648	-90	18	-175	16	-40	5	0	-314	12	-495	71	455	-208
5	-950	279	150298648	-103	23	-205	20	-46	6	0	-360	18	-495	71	455	-208
5	-950	279	150300636	-95	21	-211	23	-46	7	0	-406	25	-495	71	455	-208
5	-950	279	150302636	-110	25	-190	19	-45	6	0	-451	31	-495	71	455	-208
5	-950	279	150304632	-100	23	-222	23	-48	7	0	-499	38	-495	71	455	-208
5	-950	279	150306636	-115	27	-198	23	-47	8	0	-546	46	-495	71	455	-208
5	-950	279	150308640	-105	25	-232	26	-51	7	0	-597	53	-495	71	455	-208
5	-950	279	150310648	-122	29	-237	26	-54	9	0	-651	62	-495	71	455	-208
5	-950	279	150312640	-110	27	-211	25	-48	7	0	-699	69	-495	71	455	-208
5	-950	279	150314636	-112	28	-247	29	-54	9	0	-753	78	-495	71	455	-208
5	-950	279	150316632	-130	31	-220	26	-52	9	0	-805	87	-495	71	455	-208
5	-950	279	150318628	-118	29	-256	30	-56	8	0	-861	95	-495	71	455	-208
5	-950	279	150320636	-135	31	-261	30	-60	10	0	-921	105	-495	71	455	-208
5	-950	279	150322636	-122	29	-231	28	-53	8	0	-974	113	-495	71	455	-208
5	-950	279	150324644	-140	32	-267	31	-61	10	0	-1035	123	-495	71	455	-208
5	-950	279	150326644	-126	29	-270	31	-59	9	0	-1094	132	-495	71	455	-208
5	-950	279	150328644	-144	33	-238	28	-57	9	0	-1151	141	-495	71	455	-208
5	-950	279	150330636	-130	27	-275	31	-61	8	0	-1212	149	-495	71	455	-208
5	-950	279	150332632	-149	31	-242	28	-59	9	0	-1271	158	-495	71	455	-208
5	-950	279	150334624	-132	27	-276	30	-61	9	0	-1332	167	-495	71	455	-208
5	-950	279	150336632	-133	26	-276	28	-61	8	0	-1393	175	-495	71	455	-208
5	-950	279	150338628	-150	29	-241	25	-59	8	0	-1452	183	-495	71	455	-208
5	-950	279	150340632	-135	25	-275	28	-61	8	0	-1513	191	-495	71	455	-208
5	-950	279	150342624	-151	26	-274	27	-64	8	0	-1577	199	-495	71	455	-208
5	-950	279	150344616	-134	22	-238	23	-56	7	0	-1336	206	-495	71	455	-208
5	-950	279	150346624	-150	25	-268	25	-63	7	0	-1399	213	-495	71	455	-208
5	-950	279	150348616	-134	22	-233	21	-55	7	0	-1454	220	-495	71	455	-208
5	-950	279	150350616	-147	22	-261	24	-61	7	0	-1515	227	-495	71	455	-208
5	-950	279	150352612	-130	20	-256	24	-58	6	0	-1573	233	-495	71	455	-208
5	-950	279	150354608	-145	21	-220	18	-55	6	0	-1628	239	-495	71	455	-208
5	-950	279	150356604	-126	19	-247	22	-56	6	0	-1684	245	-495	71	455	-208
5	-950	279	150358596	-124	16	-210	16	-50	5	0	-1330	250	-495	71	455	-208
5	-950	279	150360600	-138	19	-233	20	-55	6	0	-1385	256	-495	71	455	-208
5	-950	279	150362604	-118	15	-227	17	-52	5	0	-1437	261	-495	71	455	-208
5	-950	279	150364600	-130	16	-191	15	-48	4	0	-1485	265	-495	71	455	-208
5	-950	279	150366608	-113	14	-210	17	-49	5	0	-1534	270	-495	71	455	-208
5	-950	279	150368608	-122	14	-202	15	-48	4	0	-1582	274	-495	71	455	-208
5	-950	279	150370612	-107	12	-169	12	-42	4	0	-1624	278	-495	71	455	-208
5	-950	279	150372604	-113	13	-184	14	-44	4	0	-1668	282	-495	71	455	-208
5	-950	279	150374608	-97	10	-154	11	-38	3	0	-1706	285	-495	71	455	-208
5	-950	279	150376608	-103	10	-163	13	-40	3	0	-1320	288	-495	71	455	-208
5	-950	279	150378612	-88	9	-154	11	-36	3	0	-1356	291	-495	71	455	-208
5	-950	279	150380604	-92	8	-126	9	-33	3	0	-1389	294	-495	71	455	-208
5	-950	279	150382604	-77	7	-133	8	-31	2	0	-1420	296	-495	71	455	-208
5	-950	279	150384600	-72	6	-106	7	-27	2	0	-1447	298	-495	71	455	-208
5	-950	279	150386600	-74	6	-111	7	-28	2	0	-1475	300	-495	71	455	-208
5	-950	279	150388604	-59	5	-99	8	-23	2	0	-1498	302	-495	71	455	-208
5	-950	279	150390596	-61	5	-76	5	-21	2	0	-1519	304	-495	71	455	-208
5	-950	279	150392596	-46	4	-78	5	-19	1	0	-1538	305	-495	71	455	-208
5	-950	279	150394592	-48	4	-59	3	-16	1	0	-1296	306	-495	71	455	-208
5	-950	279	150396604	-35	2	-58	4	-14	1	0	-1310	307	-495	71	455	-208
5	-950	279	150398600	-35	3	-49	4	-12	1	0	-1322	308	-495	71	455	-208
5	-950	279	150400584	-25	1	-36	2	-9	0	0	-1331	308	-495	71	455	-208
5	-950	279	150402596	-23	2	-35	2	-9	1	0	-1340	309	-495	71	455	-208
5	-950	279	150404596	-17	2	-28	2	-7	1	0	-1347	310	-495	71	455	-208
5	-950	279	150406584	-15	1	-19	1	-5	0	0	-1352	310	-495	71	455	-208
5	-950	279	150408568	-8	0	-16	0	-3	0	0	-1355	310	-495	71	455	-208
5	-950	279	150410592	-8	1	-12	2	-3	0	1	-1358	310	-495	71	455	-208
6	-950	279	150412572	-4	0	-7	0	-2	0	1	-497	71	-495	71	455	-208
6	-950	279	150414568	-2	0	-3	0	-1	0	1	-498	71	-495	71	455	-208
6	-950	279	150416552	0	0	-2	0	0	0	1	-498	71	-495	71	455	-208
6	-950	279	150418588	0	-3	1	-1	0	0	1	-498	71	-495	71	455	-208
6	-950	279	150420592	3	-1	4	-2	0	0	1	-498	71	-495	71	455	-208
6	-950	279	150422612	3	-4	3	-3	1	-1	1	-497	70	-495	71	455	-208
6	990	0	150424604	4	-2	7	-2	2	0	1	-495	70	495	71	-495	71
6	990	0	150426604	5	-4	7	-3	1	-1	1	-494	69	495	71	-495	71
6	990	0	150428604	5	-5	8	-4	2	-2	1	-492	67	495	71	-495	71
6	990	0	150430608	5	-4	10	-5	3	-1	1	-489	66	495	71	-495	71
6	990	0	150432604	6	-5	10	-3	2	-1	1	-487	65	495	71	-495	71
6	990	0	150434600	7	-6	12	-5	3	-2	1	-484	63	495	71	-495	71
6	990	0	150436596	7	-5	15	-7	3	-2	1	-481	61	495	71	-495	71
6	990	0	150438600	8	-8	14	-5	3	-2	1	-478	59	495	71	-495	71
6	990	0	150440596	7	-6	17	-7	4	-2	1	-474	57	495	71	-495	71
6	990	0	150442604	9	-7	15	-6	4	-2	1	-470	55	495	71	-495	71
6	990	0	150444604	7	-8	20	-7	4	-2	1	-466	53	495	71	-495	71
6	990	0	150446596	9	-9	19	-7	4	-2	1	-462	51	495	71	-495	71
6	990	0	150448604	8	-7	19	-8	4	-2	1	-458	49	495	71	-495	71
6	990	0	150450600	8	-8	20	-7	4	-3	1	-454	46	495	71	-495	71
6	990	0	150452604	8	-7	19	-6	4	-2	1	-450	44	495	71	-495	71
6	990	0	150454612	9	-9	20	-9	5	-2	1	-445	42	495	71	-495	71
6	990	0	150456612	7	-7	21	-8	4	-3	1	-441	39	495	71	-495	71
6	990	0	150458608	8	-8	19	-6	4	-2	1	-437	37	495	71	-495	71
6	990	0	150460604	7	-7	21	-7	4	-2	1	-433	35	495	71	-495	71
6	990	0	150462612	8	-9	21	-8	4	-2	1	-429	33	495	71	-495	71
6	990	0	150464608	7	-8	19	-7	4	-3	1	-425	30	495	71	-495	71
6	990	0	150466604	6	-6	20	-7	4	-2	1	-421	28	495	71	-495	71
6	990	0	150468612	8	-7	19	-6	4	-2	1	-417	26	495	71	-495	71
6	990	0	150470604	7	-7	20	-7	4	-2	1	-413	24	495	71	-495	71
6	990	0	150472600	8	-7	21	-7	5	-2	1	-408	22	495	71	-495	71
6	990	0	150474600	6	-6	17	-6	3	-2	1	-405	20	495	71	-495	71
6	990	0	150476600	9	-8	22	-6	5	-2	1	-400	18	495	71	-495	71
6	990	0	150478600	7	-5	21	-6	4	-1	1	-396	17	495	71	-495	71
6	990	0	150480592	9	-7	19	-5	4	-2	1	-392	15	495	71	-495	71
6	990	0	150482600	8	-5	23	-7	5	-2	0	-387	13	495	71	-495	71
6	990	0	150484596	10	-7	20	-5	4	-2	0	-383	11	495	71	-495	71
6	990	0	150486600	8	-6	27	-6	5	-1	0	-378	10	495	71	-495	71
6	990	0	150488604	12	-6	26	-6	6	-2	0	-372	8	495	71	-495	71
6	990	0	150490604	11	-6	25	-5	6	-2	0	-366	6	495	71	-495	71
6	990	0	150492608	11	-5	30	-6	6	-2	0	-360	4	495	71	-495	71
6	990	0	150494612	14	-7	31	-7	6	-2	0	-354	2	495	71	-495	71
6	990	0	150496612	12	-5	30	-5	7	-1	0	-347	1	495	71	-495	71
6	990	0	150498612	17	-6	35	-6	8	-2	0	-339	-1	495	71	-495	71
6	990	0	150500616	15	-5	33	-5	7	-1	0	-332	-2	495	71	-495	71
6	990	0	150502616	18	-6	40	-5	8	-2	0	-324	-4	495	71	-495	71
6	990	0	150504620	18	-5	42	-5	9	-2	0	-315	-6	495	71	-495	71
6	990	0	150506620	21	-5	39	-5	9	-1	0	-306	-7	495	71	-495	71
6	990	0	150508620	21	-4	47	-4	11	-1	0	-295	-8	495	71	-495	71
6	990	0	150510624	25	-5	50	-5	11	-2	0	-284	-10	495	71	-495	71
6	990	0	150512616	24	-4	47	-3	11	-1	0	-273	-11	495	71	-495	71
6	990	0	150514612	29	-3	56	-4	12	-1	0	-261	-12	495	71	-495	71
6	990	0	150516608	27	-3	51	-3	12	-1	0	-249	-13	495	71	-495	71
6	990	0	150518592	30	-2	63	-2	14	0	0	-235	-13	495	71	-495	71
6	990	0	150520604	35	-3	65	-1	15	-1	0	-220	-14	495	71	-495	71
6	990	0	150522588	34	-1	61	-2	14	0	0	-206	-14	495	71	-495	71
6	990	0	150524560	40	0	72	0	17	0	0	-189	-14	495	71	-495	71
6	990	0	150526568	38	0	68	0	16	0	0	-173	-14	495	71	-495	71
6	990	0	150528564	45	0	81	0	19	0	0	-154	-14	495	71	-495	71
6	990	0	150530592	43	2	85	1	19	0	0	-135	-14	495	71	-495	71
6	990	0	150532584	52	3	80	4	20	0	0	-115	-14	495	71	-495	71
6	990	0	150534604	47	5	96	3	21	1	0	-94	-13	495	71	-495	71
6	990	0	150536612	59	7	103	5	25	2	0	-69	-11	495	71	-495	71
6	990	0	150538612	55	7	94	7	22	2	0	-47	-9	495	71	-495	71
6	990	0	150540608	65	10	113	8	27	3	0	-20	-6	495	71	-495	71
6	990	0	150542600	61	10	107	9	25	3	0	5	-3	495	71	-495	71
6	990	0	150544608	66	13	128	11	29	3	0	34	0	495	71	-495	71
6	990	0	150546608	78	15	137	13	32	4	0	66	4	495	71	-495	71
6	990	0	150548608	72	15	125	14	30	5	0	96	9	495	71	-495	71
6	990	0	150550608	87	20	151	16	35	5	0	131	14	495	71	-495	71
6	990	0	150552608	81	18	137	16	33	5	0	164	19	495	71	-495	71
6	990	0	150554604	96	24	167	20	40	7	0	204	26	495	71	-495	71
6	990	0	150556604	89	23	172	23	39	7	0	243	33	495	71	-495	71
6	990	0	150558604	106	27	158	21	39	7	0	282	40	495	71	-495	71
6	990	0	150560612	98	26	187	25	43	8	0	325	48	495	71	-495	71
6	990	0	150562620	115	30	194	29	46	9	0	371	57	495	71	-495	71
6	990	0	150564616	106	29	175	25	43	8	0	414	65	495	71	-495	71
6	990	0	150566612	122	33	206	30	49	9	0	463	74	495	71	-495	71
6	990	0	150568608	114	30	186	27	45	9	0	508	83	495	71	-495	71
6	990	0	150570604	115	30	218	31	50	9	0	558	92	495	71	-495	71
6	990	0	150572600	135	35	224	32	54	10	0	612	102	495	71	-495	71
6	990	0	150574604	123	30	198	28	48	9	0	660	111	495	71	-495	71
6	990	0	150576600	140	35	232	33	56	10	0	716	121	495	71	-495	71
6	990	0	150578600	126	30	203	27	49	8	0	765	129	495	71	-495	71
6	990	0	150580604	145	33	237	33	57	10	0	822	139	495	71	-495	71
6	990	0	150582608	130	30	238	32	55	9	0	877	148	495	71	-495	71
6	990	0	150584608	149	32	210	28	54	9	0	931	157	495	71	-495	71
6	990	0	150586604	132	27	242	30	56	9	0	987	166	495	71	-495	71
6	990	0	150588612	150	30	242	30	59	9	0	1046	175	495	71	-495	71
6	990	0	150590608	133	26	213	25	52	8	0	1098	183	495	71	-495	71
6	990	0	150592608	151	28	243	26	59	8	0	1157	191	495	71	-495	71
6	990	0	150594604	132	25	213	24	52	7	0	1209	198	495	71	-495	71
6	990	0	150596604	134	22	241	25	56	7	0	1265	205	495	71	-495	71
6	990	0	150598600	148	25	241	24	58	8	0	1323	213	495	71	-495	71
6	990	0	150600612	131	22	208	20	51	6	0	1374	219	495	71	-495	71
6	990	0	150602608	146	23	234	21	57	6	0	1337	225	495	71	-495	71
6	990	0	150604604	128	20	230	21	54	7	0	1391	232	495	71	-495	71
6	990	0	150606604	141	23	198	19	51	6	0	1442	238	495	71	-495	71
6	990	0	150608604	124	19	222	20	52	6	0	1494	244	495	71	-495	71
6	990	0	150610596	135	21	188	16	48	5	0	1542	249	495	71	-495	71
6	990	0	150612604	118	17	210	19	49	6	0	1591	255	495	71	-495	71
6	990	0	150614600	129	20	203	17	50	5	0	1641	260	495	71	-495	71
6	990	0	150616608	110	17	172	15	43	5	0	1684	265	495	71	-495	71
6	990	0	150618604	121	18	189	17	46	5	0	1730	270	495	71	-495	71
6	990	0	150620600	103	15	159	15	39	5	0	1769	275	495	71	-495	71
6	990	0	150622608	111	18	172	15	43	5	0	1812	280	495	71	-495	71
6	990	0	150624608	95	15	164	16	39	4	0	1851	284	495	71	-495	71
6	990	0	150626608	90	15	134	14	33	5	0	1313	289	495	71	-495	71
6	990	0	150628608	95	17	145	15	36	5	0	1349	294	495	71	-495	71
6	990	0	150630608	80	14	134	15	32	4	0	1381	298	495	71	-495	71
6	990	0	150632608	84	16	108	12	29	4	0	1410	302	495	71	-495	71
6	990	0	150634608	69	14	114	15	28	4	0	1438	306	495	71	-495	71
6	990	0	150636608	70	15	91	13	24	5	0	1304	311	495	71	-495	71
6	990	0	150638608	57	13	95	13	23	4	0	1327	315	495	71	-495	71
6	990	0	150640596	59	13	85	13	21	3	0	1348	318	495	71	-495	71
6	990	0	150642604	46	12	65	11	17	4	0	1365	322	495	71	-495	71
6	990	0	150644612	46	12	68	11	17	3	0	1382	325	495	71	-495	71
6	990	0	150646604	37	9	57	10	14	3	0	1396	328	495	71	-495	71
6	990	0	150648608	33	10	44	9	12	3	0	1408	331	495	71	-495	71
6	990	0	150650608	27	9	43	9	10	3	0	1418	334	495	71	-495	71
6	990	0	150652608	22	7	31	6	8	2	0	1426	336	495	71	-495	71
6	990	0	150654612	20	8	30	8	7	2	0	1433	338	495	71	-495	71
6	990	0	150656604	14	5	24	6	6	2	1	1439	340	495	71	-495	71
7	-950	-279	150658608	12	5	17	5	5	1	1	500	72	-455	-208	495	71
7	-950	-279	150660600	9	3	15	5	3	1	1	503	73	-455	-208	495	71
7	-950	-279	150662600	6	3	10	4	3	1	1	506	74	-455	-208	495	71
7	-950	-279	150664616	4	2	9	2	1	1	1	507	75	-455	-208	495	71
7	-950	-279	150666620	1	3	5	4	1	1	1	508	76	-455	-208	495	71
7	-950	-279	150668604	2	1	4	1	1	0	1	509	76	-455	-208	495	71
7	-950	-279	150670600	-2	1	1	3	0	1	1	509	77	-455	-208	495	71
7	-950	-279	150672592	-4	2	1	1	0	0	1	509	77	-455	-208	495	71
7	-950	-279	150674608	-6	1	0	1	0	1	1	509	78	-455	-208	495	71
7	-950	-279	150676608	-5	1	0	3	-1	0	1	508	78	-455	-208	495	71
7	-950	-279	150678616	-6	1	-2	1	-1	1	1	507	79	-455	-208	495	71
7	-950	-279	150680608	-9	3	-2	1	-2	0	1	505	79	-455	-208	495	71
7	-950	-279	150682616	-7	1	-3	3	-1	1	1	504	80	-455	-208	495	71
7	-950	-279	150684604	-10	3	-2	1	-2	0	1	502	80	-455	-208	495	71
7	-950	-279	150686616	-9	1	-3	2	-2	1	1	500	81	-455	-208	495	71
7	-950	-279	150688604	-10	2	-2	3	-2	1	1	498	82	-455	-208	495	71
7	-950	-279	150690600	-10	3	-4	1	-2	0	1	496	82	-455	-208	495	71
7	-950	-279	150692608	-10	1	-2	3	-2	1	1	494	83	-455	-208	495	71
7	-950	-279	150694608	-10	3	-3	2	-2	1	1	492	84	-455	-208	495	71
7	-950	-279	150696596	-10	1	-4	3	-2	0	1	490	84	-455	-208	495	71
7	-950	-279	150698604	-9	1	-2	1	-1	1	1	489	85	-455	-208	495	71
7	-950	-279	150700596	-9	3	-3	2	-2	0	1	487	85	-455	-208	495	71
7	-950	-279	150702612	-7	0	-3	2	-2	1	1	485	86	-455	-208	495	71
7	-950	-279	150704604	-8	1	-3	1	-1	0	1	484	86	-455	-208	495	71
7	-950	-279	150706604	-5	1	-1	2	-1	0	1	483	86	-455	-208	495	71
7	-950	-279	150708628	-6	1	-3	2	-2	1	1	481	87	-455	-208	495	71
7	-950	-279	150710572	-5	0	-1	0	0	0	1	481	87	-455	-208	495	71
7	-950	-279	150712604	-4	0	-2	1	-1	0	1	480	87	-455	-208	495	71
7	-950	-279	150714604	-5	2	-2	1	-1	0	1	479	87	-455	-208	495	71
7	-950	-279	150716584	-2	0	-1	0	-1	0	1	478	87	-455	-208	495	71
7	-950	-279	150718624	-4	0	-1	1	-1	1	1	477	88	-455	-208	495	71
7	-950	-279	150720568	-2	0	0	0	0	0	1	477	88	-455	-208	495	71
7	-950	-279	150722560	-3	0	-1	0	0	0	1	477	88	-455	-208	495	71
7	-950	-279	150724572	-2	0	-2	0	-1	0	1	476	88	-455	-208	495	71
7	-950	-279	150726572	-3	0	-1	0	-1	0	1	475	88	-455	-208	495	71
7	-950	-279	150728560	-1	0	0	0	0	0	1	475	88	-455	-208	495	71
7	-950	-279	150730568	-4	0	-1	0	-1	0	1	474	88	-455	-208	495	71
7	-950	-279	150732556	-2	0	-1	0	0	0	1	474	88	-455	-208	495	71
7	-950	-279	150734572	-3	0	-2	0	-1	0	1	473	88	-455	-208	495	71
7	-950	-279	150736596	-4	-1	-2	0	-1	0	1	472	88	-455	-208	495	71
7	-950	-279	150738604	-3	-2	-3	-3	-1	0	1	471	88	-455	-208	495	71
7	-950	-279	150740616	-5	-3	-3	-2	-1	-1	1	470	87	-455	-208	495	71
7	-950	-279	150742616	-5	-2	-4	-3	-1	-1	1	469	86	-455	-208	495	71
7	-950	-279	150744616	-7	-4	-6	-3	-2	-1	1	467	85	-455	-208	495	71
7	-950	-279	150746616	-6	-5	-7	-5	-2	-1	0	465	84	-455	-208	495	71
7	-950	-279	150748616	-9	-6	-8	-5	-3	-2	0	462	82	-455	-208	495	71
7	-950	-279	150750616	-7	-7	-10	-7	-2	-2	0	460	80	-455	-208	495	71
7	-950	-279	150752608	-10	-7	-12	-6	-3	-2	0	457	78	-455	-208	495	71
7	-950	-279	150754616	-11	-8	-16	-9	-4	-3	0	453	75	-455	-208	495	71
7	-950	-279	150756616	-13	-11	-19	-8	-5	-3	0	448	72	-455	-208	495	71
7	-950	-279	150758620	-14	-10	-18	-10	-5	-3	0	443	69	-455	-208	495	71
7	-950	-279	150760616	-15	-11	-27	-13	-6	-3	0	437	66	-455	-208	495	71
7	-950	-279	150762612	-17	-14	-25	-11	-7	-4	0	430	62	-455	-208	495	71
7	-950	-279	150764616	-19	-14	-33	-14	-7	-4	0	423	58	-455	-208	495	71
7	-950	-279	150766612	-21	-16	-40	-16	-10	-5	0	413	53	-455	-208	495	71
7	-950	-279	150768608	-23	-15	-38	-15	-9	-4	0	404	49	-455	-208	495	71
7	-950	-279	150770612	-27	-19	-50	-19	-11	-6	0	393	43	-455	-208	495	71
7	-950	-279	150772612	-26	-17	-55	-19	-12	-5	0	381	38	-455	-208	495	71
7	-950	-279	150774612	-33	-23	-55	-18	-14	-7	0	367	31	-455	-208	495	71
7	-950	-279	150776612	-31	-20	-67	-23	-14	-6	0	353	25	-455	-208	495	71
7	-950	-279	150778612	-40	-25	-67	-21	-16	-7	0	337	18	-455	-208	495	71
7	-950	-279	150780612	-38	-23	-82	-25	-18	-7	0	319	11	-455	-208	495	71
7	-950	-279	150782612	-47	-29	-90	-28	-21	-9	0	298	2	-455	-208	495	71
7	-950	-279	150784616	-44	-26	-86	-25	-19	-7	0	279	-5	-455	-208	495	71
7	-950	-279	150786616	-49	-28	-105	-30	-24	-9	0	255	-14	-455	-208	495	71
7	-950	-279	150788624	-58	-34	-115	-32	-26	-10	0	229	-24	-455	-208	495	71
7	-950	-279	150790624	-55	-31	-107	-30	-24	-9	0	205	-33	-455	-208	495	71
7	-950	-279	150792620	-68	-37	-131	-35	-30	-11	0	175	-44	-455	-208	495	71
7	-950	-279	150794632	-64	-35	-121	-34	-27	-10	0	148	-54	-455	-208	495	71
7	-950	-279	150796628	-76	-42	-148	-40	-34	-13	0	114	-67	-455	-208	495	71
7	-950	-279	150798624	-71	-37	-157	-41	-34	-11	0	80	-78	-455	-208	495	71
7	-950	-279	150800624	-85	-45	-144	-38	-35	-13	0	45	-91	-455	-208	495	71
7	-950	-279	150802624	-80	-43	-172	-45	-37	-13	0	8	-104	-455	-208	495	71
7	-950	-279	150804624	-94	-47	-159	-41	-38	-13	0	-30	-117	-455	-208	495	71
7	-950	-279	150806624	-87	-45	-188	-49	-42	-14	0	-72	-131	-455	-208	495	71
7	-950	-279	150808624	-103	-51	-196	-50	-44	-15	0	-116	-146	-455	-208	495	71
7	-950	-279	150810612	-95	-47	-177	-45	-41	-14	0	-157	-160	-455	-208	495	71
7	-950	-279	150812612	-97	-48	-210	-53	-46	-15	0	-203	-175	-455	-208	495	71
7	-950	-279	150814612	-115	-57	-218	-55	-50	-17	0	-253	-192	-455	-208	495	71
7	-950	-279	150816620	-107	-51	-196	-50	-46	-15	0	-299	-207	-455	-208	495	71
7	-950	-279	150818612	-121	-59	-230	-58	-52	-18	0	-351	-225	-455	-208	495	71
7	-950	-279	150820616	-111	-52	-206	-51	-48	-15	0	-399	-240	-455	-208	495	71
7	-950	-279	150822624	-129	-61	-240	-60	-55	-18	0	-454	-258	-455	-208	495	71
7	-950	-279	150824624	-117	-54	-245	-61	-55	-18	0	-509	-276	-455	-208	495	71
7	-950	-279	150826620	-134	-63	-218	-54	-52	-17	0	-561	-293	-455	-208	495	71
7	-950	-279	150828616	-121	-56	-252	-61	-56	-18	0	-617	-311	-455	-208	495	71
7	-950	-279	150830620	-140	-62	-257	-63	-60	-19	0	-677	-330	-455	-208	495	71
7	-950	-279	150832616	-127	-58	-225	-55	-53	-16	0	-730	-346	-455	-208	495	71
7	-950	-279	150834612	-143	-64	-261	-64	-60	-20	0	-790	-366	-455	-208	495	71
7	-950	-279	150836620	-130	-57	-230	-56	-54	-17	0	-844	-383	-455	-208	495	71
7	-950	-279	150838616	-132	-58	-265	-64	-60	-18	0	-904	-401	-455	-208	495	71
7	-950	-279	150840624	-148	-66	-265	-65	-62	-20	0	-966	-421	-455	-208	495	71
7	-950	-279	150842616	-134	-59	-232	-57	-55	-17	0	-1021	-438	-455	-208	495	71
7	-950	-279	150844624	-149	-67	-265	-68	-62	-20	0	-1083	-458	-455	-208	495	71
7	-950	-279	150846620	-131	-61	-233	-58	-54	-18	0	-1137	-476	-455	-208	495	71
7	-950	-279	150848628	-148	-70	-262	-70	-62	-21	0	-1199	-497	-455	-208	495	71
7	-950	-279	150850624	-130	-65	-262	-73	-59	-21	0	-1258	-518	-455	-208	495	71
7	-950	-279	150852620	-143	-75	-226	-64	-55	-21	0	-1313	-539	-455	-208	495	71
7	-950	-279	150854608	-127	-68	-255	-75	-57	-21	0	-1370	-560	-455	-208	495	71
7	-950	-279	150856616	-140	-79	-252	-76	-59	-23	0	-1429	-583	-455	-208	495	71
7	-950	-279	150858612	-123	-70	-217	-67	-51	-21	0	-1480	-604	-455	-208	495	71
7	-950	-279	150860612	-137	-80	-243	-78	-57	-24	0	-1537	-628	-455	-208	495	71
7	-950	-279	150862608	-118	-71	-209	-70	-49	-21	0	-1329	-649	-455	-208	495	71
7	-950	-279	150864616	-118	-72	-233	-79	-53	-22	0	-1382	-671	-455	-208	495	71
7	-950	-279	150866612	-129	-80	-225	-78	-53	-24	0	-1435	-695	-455	-208	495	71
7	-950	-279	150868616	-112	-72	-191	-69	-45	-21	0	-1325	-716	-455	-208	495	71
7	-950	-279	150870616	-123	-78	-211	-78	-50	-24	0	-1375	-740	-455	-208	495	71
7	-950	-279	150872608	-106	-69	-179	-67	-43	-20	0	-1418	-760	-455	-208	495	71
7	-950	-279	150874616	-116	-74	-195	-75	-47	-22	0	-1465	-782	-455	-208	495	71
7	-950	-279	150876612	-101	-64	-187	-73	-43	-21	0	-1508	-803	-455	-208	495	71
7	-950	-279	150878616	-112	-67	-155	-61	-40	-19	0	-1548	-822	-455	-208	495	71
7	-950	-279	150880616	-93	-58	-169	-67	-39	-19	0	-1587	-841	-455	-208	495	71
7	-950	-279	150882620	-104	-60	-160	-64	-40	-18	0	-1627	-859	-455	-208	495	71
7	-950	-279	150884624	-88	-50	-131	-53	-33	-16	0	-1660	-875	-455	-208	495	71
7	-950	-279	150886624	-93	-52	-142	-56	-35	-16	0	-1315	-736	-455	-208	495	71
7	-950	-279	150888620	-80	-44	-115	-45	-29	-13	0	-1344	-749	-455	-208	495	71
7	-950	-279	150890620	-75	-41	-122	-50	-30	-14	0	-1374	-763	-455	-208	495	71
7	-950	-279	150892620	-78	-43	-114	-45	-29	-13	0	-1403	-776	-455	-208	495	71
7	-950	-279	150894620	-65	-35	-91	-36	-23	-11	0	-1426	-787	-455	-208	495	71
7	-950	-279	150896612	-66	-37	-96	-40	-24	-12	0	-1450	-799	-455	-208	495	71
7	-950	-279	150898616	-54	-30	-87	-36	-22	-9	0	-1472	-808	-455	-208	495	71
7	-950	-279	150900616	-55	-31	-68	-29	-18	-9	0	-1490	-817	-455	-208	495	71
7	-950	-279	150902616	-44	-27	-72	-31	-17	-9	0	-1507	-826	-455	-208	495	71
7	-950	-279	150904616	-43	-27	-55	-25	-15	-8	0	-1522	-834	-455	-208	495	71
7	-950	-279	150906616	-34	-21	-56	-27	-14	-7	0	-1536	-841	-455	-208	495	71
7	-950	-279	150908612	-34	-23	-49	-23	-12	-7	0	-1292	-727	-455	-208	495	71
7	-950	-279	150910616	-25	-17	-36	-18	-9	-5	0	-1301	-732	-455	-208	495	71
7	-950	-279	150912612	-25	-19	-37	-20	-9	-6	0	-1310	-738	-455	-208	495	71
7	-950	-279	150914620	-17	-14	-30	-16	-8	-5	0	-1318	-743	-455	-208	495	71
7	-950	-279	150916620	-18	-12	-24	-13	-6	-3	0	-1324	-746	-455	-208	495	71
7	-950	-279	150918616	-11	-10	-21	-13	-5	-4	0	-1329	-750	-455	-208	495	71
7	-950	-279	150920624	-10	-9	-17	-10	-4	-3	0	-1284	-723	-455	-208	495	71
7	-950	-279	150922632	-9	-9	-13	-10	-3	-3	1	-1287	-726	-455	-208	495	71
8	-950	-279	150924632	-6	-5	-12	-8	-3	-1	1	-458	-209	-455	-208	495	71
8	-950	-279	150926628	-4	-5	-7	-6	-1	-2	1	-459	-211	-455	-208	495	71
8	-950	-279	150928624	-4	-4	-6	-5	-2	-1	1	-461	-212	-455	-208	495	71
8	-950	-279	150930628	-1	-2	-4	-4	-1	-1	1	-462	-213	-455	-208	495	71
8	-950	-279	150932616	-1	-1	-3	-2	0	-1	1	-462	-214	-455	-208	495	71
8	-950	-279	150934620	0	-2	-2	-3	0	-1	1	-462	-215	-455	-208	495	71
8	833	535	150936620	0	0	-1	-1	-1	0	1	-463	-215	378	327	-455	-208
8	833	535	150940584	0	0	0	-1	0	0	1	-463	-215	378	327	-455	-208
8	833	535	150956584	1	0	0	0	0	0	1	-463	-215	378	327	-455	-208
8	833	535	150960588	2	0	1	0	0	0	1	-463	-215	378	327	-455	-208
8	833	535	150962616	1	0	0	1	0	0	1	-463	-215	378	327	-455	-208
8	833	535	150964636	2	2	3	2	1	0	1	-462	-215	378	327	-455	-208
8	833	535	150966628	2	1	2	2	0	0	1	-462	-215	378	327	-455	-208
8	833	535	150968656	3	3	3	3	1	1	1	-461	-214	378	327	-455	-208
8	833	535	150970648	4	4	4	2	2	1	1	-459	-213	378	327	-455	-208
8	833	535	150972644	4	5	5	5	1	2	1	-458	-211	378	327	-455	-208
8	833	535	150974652	5	5	5	4	1	1	1	-457	-210	378	327	-455	-208
8	833	535	150976648	6	6	6	6	2	2	1	-455	-208	378	327	-455	-208
8	833	535	150978644	6	7	6	6	2	2	1	-453	-206	378	327	-455	-208
8	833	535	150980648	8	8	9	8	3	2	1	-450	-204	378	327	-455	-208
8	833	535	150982636	9	10	11	9	3	3	1	-447	-201	378	327	-455	-208
8	833	535	150984640	8	10	10	8	2	3	1	-445	-198	378	327	-455	-208
8	833	535	150986644	10	11	13	12	4	3	1	-441	-195	378	327	-455	-208
8	833	535	150988648	10	13	15	12	3	4	1	-438	-191	378	327	-455	-208
8	833	535	150990648	13	13	15	11	5	3	1	-433	-188	378	327	-455	-208
8	833	535	150992652	11	14	17	14	4	5	1	-429	-183	378	327	-455	-208
8	833	535	150994652	14	15	18	14	5	4	1	-424	-179	378	327	-455	-208
8	833	535	150996656	12	15	21	16	5	5	1	-419	-174	378	327	-455	-208
8	833	535	150998656	15	18	24	18	5	5	1	-414	-169	378	327	-455	-208
8	833	535	151000660	14	16	22	15	6	5	1	-408	-164	378	327	-455	-208
8	833	535	151002660	16	19	26	18	6	5	1	-402	-159	378	327	-455	-208
8	833	535	151004660	15	17	30	20	7	6	1	-395	-153	378	327	-455	-208
8	833	535	151006664	19	20	28	18	7	6	1	-388	-147	378	327	-455	-208
8	833	535	151008672	18	19	34	21	8	6	0	-380	-141	378	327	-455	-208
8	833	535	151010672	18	20	31	19	7	5	0	-373	-136	378	327	-455	-208
8	833	535	151012676	23	22	39	22	9	7	0	-364	-129	378	327	-455	-208
8	833	535	151014676	21	23	41	24	10	7	0	-354	-122	378	327	-455	-208
8	833	535	151016676	26	25	37	21	9	7	0	-345	-115	378	327	-455	-208
8	833	535	151018664	24	24	47	25	11	7	0	-334	-108	378	327	-455	-208
8	833	535	151020672	29	28	42	24	10	8	0	-324	-100	378	327	-455	-208
8	833	535	151022668	27	27	53	29	12	8	0	-312	-92	378	327	-455	-208
8	833	535	151024664	32	31	56	29	14	9	0	-298	-83	378	327	-455	-208
8	833	535	151026656	31	30	51	27	12	9	0	-286	-74	378	327	-455	-208
8	833	535	151028652	36	34	63	33	15	10	0	-271	-64	378	327	-455	-208
8	833	535	151030652	34	32	67	35	15	10	0	-256	-54	378	327	-455	-208
8	833	535	151032656	40	39	61	31	15	11	0	-241	-43	378	327	-455	-208
8	833	535	151034656	39	35	77	37	18	10	0	-223	-33	378	327	-455	-208
8	833	535	151036648	40	37	68	35	16	11	0	-207	-22	378	327	-455	-208
8	833	535	151038648	47	45	85	43	20	13	0	-187	-9	378	327	-455	-208
8	833	535	151040648	45	42	89	44	20	13	0	-167	4	378	327	-455	-208
8	833	535	151042644	53	48	83	40	20	14	0	-147	18	378	327	-455	-208
8	833	535	151044644	50	45	100	48	23	13	0	-124	31	378	327	-455	-208
8	833	535	151046644	60	54	91	45	22	15	0	-102	46	378	327	-455	-208
8	833	535	151048644	56	50	110	54	25	16	0	-77	62	378	327	-455	-208
8	833	535	151050648	66	59	116	56	27	17	0	-50	79	378	327	-455	-208
8	833	535	151052652	63	55	105	52	26	16	0	-24	95	378	327	-455	-208
8	833	535	151054656	73	65	125	62	29	19	0	5	114	378	327	-455	-208
8	833	535	151056664	69	59	130	65	30	19	0	35	133	378	327	-455	-208
8	833	535	151058656	71	62	118	60	28	18	0	63	151	378	327	-455	-208
8	833	535	151060660	84	74	138	70	34	22	0	97	173	378	327	-455	-208
8	833	535	151062656	78	67	125	65	30	20	0	127	193	378	327	-455	-208
8	833	535	151064660	90	80	148	78	36	23	0	163	216	378	327	-455	-208
8	833	535	151066664	85	75	151	81	35	24	0	198	240	378	327	-455	-208
8	833	535	151068660	97	87	136	74	35	24	0	233	264	378	327	-455	-208
8	833	535	151070668	90	81	159	88	38	25	0	271	289	378	327	-455	-208
8	833	535	151072664	105	96	161	93	40	29	0	311	318	378	327	-455	-208
8	833	535	151074660	96	89	143	85	35	26	0	346	344	378	327	-455	-208
8	833	535	151076668	112	104	166	100	42	30	0	388	374	378	327	-455	-208
8	833	535	151078664	101	95	148	91	37	28	0	425	402	378	327	-455	-208
8	833	535	151080664	115	112	170	108	43	33	0	468	435	378	327	-455	-208
8	833	535	151082664	106	103	171	111	42	32	0	510	467	378	327	-455	-208
8	833	535	151084664	121	118	151	100	41	33	0	551	500	378	327	-455	-208
8	833	535	151086660	110	109	175	117	42	34	0	593	534	378	327	-455	-208
8	833	535	151088660	112	110	155	107	40	32	0	633	566	378	327	-455	-208
8	833	535	151090660	126	128	179	122	46	38	0	679	604	378	327	-455	-208
8	833	535	151092660	115	115	180	125	44	36	0	723	640	378	327	-455	-208
8	833	535	151094672	130	131	159	111	44	36	0	767	676	378	327	-455	-208
8	833	535	151096668	116	117	181	129	44	37	0	811	713	378	327	-455	-208
8	833	535	151098672	130	133	182	129	47	39	0	858	752	378	327	-455	-208
8	833	535	151100672	118	117	160	114	42	35	0	900	787	378	327	-455	-208
8	833	535	151102676	132	132	184	128	47	39	0	947	826	378	327	-455	-208
8	833	535	151104680	118	116	161	114	42	35	0	989	861	378	327	-455	-208
8	833	535	151106684	132	129	184	128	47	38	0	1036	899	378	327	-455	-208
8	833	535	151108684	118	112	185	126	46	36	0	1082	756	378	327	-455	-208
8	833	535	151110684	133	124	163	110	44	35	0	1126	791	378	327	-455	-208
8	833	535	151112680	118	107	185	122	46	34	0	1172	825	378	327	-455	-208
8	833	535	151114680	131	119	186	120	47	36	0	1219	861	378	327	-455	-208
8	833	535	151116680	118	103	161	103	42	31	0	1261	892	378	327	-455	-208
8	833	535	151118684	117	100	185	115	45	32	0	1306	924	378	327	-455	-208
8	833	535	151120684	133	108	161	96	44	31	0	1350	955	378	327	-455	-208
8	833	535	151122680	116	93	182	108	45	30	0	1325	750	378	327	-455	-208
8	833	535	151124676	129	101	178	103	46	31	0	1371	781	378	327	-455	-208
8	833	535	151126676	113	85	154	88	40	26	0	1411	807	378	327	-455	-208
8	833	535	151128676	125	93	171	95	45	28	0	1456	835	378	327	-455	-208
8	833	535	151130676	108	77	169	91	41	25	0	1497	860	378	327	-455	-208
8	833	535	151132680	119	83	143	76	40	24	0	1537	884	378	327	-455	-208
8	833	535	151134684	102	70	158	83	39	23	0	1576	907	378	327	-455	-208
8	833	535	151136684	111	75	135	69	36	21	0	1612	928	378	327	-455	-208
8	833	535	151138692	95	63	148	75	37	21	0	1649	949	378	327	-455	-208
8	833	535	151140692	103	67	142	70	37	21	0	1686	970	378	327	-455	-208
8	833	535	151142692	86	56	118	60	30	17	0	1310	737	378	327	-455	-208
8	833	535	151144696	93	59	129	63	34	18	0	1344	755	378	327	-455	-208
8	833	535	151146700	76	50	121	60	29	17	0	1373	772	378	327	-455	-208
8	833	535	151148708	81	53	100	49	27	15	0	1400	787	378	327	-455	-208
8	833	535	151150700	66	44	107	53	26	15	0	1426	802	378	327	-455	-208
8	833	535	151152696	62	43	88	43	23	13	0	1449	815	378	327	-455	-208
8	833	535	151154696	66	45	92	48	23	13	0	1472	828	378	327	-455	-208
8	833	535	151156688	54	37	88	44	22	13	0	1302	733	378	327	-455	-208
8	833	535	151158692	56	40	71	36	19	11	0	1321	744	378	327	-455	-208
8	833	535	151160696	46	34	75	40	18	11	0	1339	755	378	327	-455	-208
8	833	535	151162696	49	35	71	37	18	11	0	1357	766	378	327	-455	-208
8	833	535	151164696	39	31	59	30	15	9	0	1372	775	378	327	-455	-208
8	833	535	151166692	41	31	63	33	15	10	0	1387	785	378	327	-455	-208
8	833	535	151168692	34	25	50	26	13	7	0	1400	792	378	327	-455	-208
8	833	535	151170700	33	28	53	28	13	9	0	1413	801	378	327	-455	-208
8	833	535	151172696	29	21	50	25	12	7	0	1425	808	378	327	-455	-208
8	833	535	151174692	25	19	42	20	10	5	0	1435	813	378	327	-455	-208
8	833	535	151176700	26	20	43	21	10	7	1	1445	820	378	327	-455	-208
9	833	535	151178696	22	15	34	15	8	4	1	386	331	378	327	-455	-208
9	833	535	151180700	21	14	38	16	9	5	1	395	336	378	327	-455	-208
9	833	535	151182704	16	11	33	14	8	3	1	403	339	378	327	-455	-208
9	833	535	151184700	16	10	27	11	6	4	1	409	343	378	327	-455	-208
9	833	535	151186700	12	7	26	10	6	2	1	415	345	378	327	-455	-208
9	-648	-748	151188700	10	7	25	8	5	2	1	420	347	-270	-421	378	327
9	-648	-748	151190704	7	3	17	5	4	2	1	424	349	-270	-421	378	327
9	-648	-748	151192704	5	4	19	5	3	1	1	427	350	-270	-421	378	327
9	-648	-748	151194692	3	1	14	2	3	0	1	430	350	-270	-421	378	327
9	-648	-748	151196704	0	2	11	3	1	1	1	431	351	-270	-421	378	327
9	-648	-748	151198660	0	0	10	0	2	0	1	433	351	-270	-421	378	327
9	-648	-748	151200668	-4	-1	6	0	0	0	1	433	351	-270	-421	378	327
9	-648	-748	151202676	-8	-1	5	0	0	0	1	433	351	-270	-421	378	327
9	-648	-748	151204672	-7	-3	2	-1	0	0	1	433	351	-270	-421	378	327
9	-648	-748	151206696	-12	-3	1	-2	-2	-1	1	431	350	-270	-421	378	327
9	-648	-748	151208700	-12	-3	0	-4	-2	-1	1	429	349	-270	-421	378	327
9	-648	-748	151210692	-15	-5	-3	-3	-2	-1	1	427	348	-270	-421	378	327
9	-648	-748	151212688	-14	-4	-4	-5	-3	-1	1	424	347	-270	-421	378	327
9	-648	-748	151214680	-16	-6	-5	-5	-3	-2	1	421	345	-270	-421	378	327
9	-648	-748	151216684	-16	-5	-6	-5	-3	-1	1	418	344	-270	-421	378	327
9	-648	-748	151218684	-18	-7	-8	-6	-4	-2	1	414	342	-270	-421	378	327
9	-648	-748	151220688	-16	-7	-6	-5	-4	-2	1	410	340	-270	-421	378	327
9	-648	-748	151222692	-19	-8	-9	-9	-4	-3	1	406	337	-270	-421	378	327
9	-648	-748	151224700	-16	-9	-10	-8	-4	-2	1	402	335	-270	-421	378	327
9	-648	-748	151226696	-15	-10	-8	-8	-3	-3	1	399	332	-270	-421	378	327
9	-648	-748	151228692	-18	-11	-12	-11	-5	-3	1	394	329	-270	-421	378	327
9	-648	-748	151230688	-15	-10	-10	-10	-3	-3	1	391	326	-270	-421	378	327
9	-648	-748	151232684	-16	-13	-12	-13	-5	-4	1	386	322	-270	-421	378	327
9	-648	-748	151234680	-14	-12	-13	-12	-4	-4	1	382	318	-270	-421	378	327
9	-648	-748	151236680	-13	-14	-11	-11	-3	-3	1	379	315	-270	-421	378	327
9	-648	-748	151238672	-13	-14	-14	-15	-4	-5	1	375	310	-270	-421	378	327
9	-648	-748	151240672	-12	-16	-13	-15	-4	-4	1	371	306	-270	-421	378	327
9	-648	-748	151242668	-12	-14	-12	-14	-4	-5	1	367	301	-270	-421	378	327
9	-648	-748	151244668	-11	-16	-13	-16	-3	-4	1	364	297	-270	-421	378	327
9	-648	-748	151246668	-9	-15	-13	-14	-4	-5	1	360	292	-270	-421	378	327
9	-648	-748	151248664	-10	-15	-14	-16	-3	-4	1	357	288	-270	-421	378	327
9	-648	-748	151250660	-8	-16	-13	-18	-3	-6	1	354	282	-270	-421	378	327
9	-648	-748	151252652	-9	-15	-12	-14	-3	-4	1	351	278	-270	-421	378	327
9	-648	-748	151254656	-9	-17	-13	-17	-4	-5	1	347	273	-270	-421	378	327
9	-648	-748	151256660	-6	-13	-12	-14	-2	-4	1	345	269	-270	-421	378	327
9	-648	-748	151258660	-8	-17	-12	-16	-3	-5	1	342	264	-270	-421	378	327
9	-648	-748	151260664	-7	-15	-13	-16	-3	-5	1	339	259	-270	-421	378	327
9	-648	-748	151262664	-6	-15	-11	-14	-3	-4	1	336	255	-270	-421	378	327
9	-648	-748	151264668	-7	-13	-11	-16	-3	-4	1	333	251	-270	-421	378	327
9	-648	-748	151266676	-6	-15	-13	-17	-3	-5	1	330	246	-270	-421	378	327
9	-648	-748	151268668	-5	-14	-8	-12	-1	-4	1	329	242	-270	-421	378	327
9	-648	-748	151270672	-5	-14	-12	-16	-3	-5	0	326	237	-270	-421	378	327
9	-648	-748	151272664	-6	-15	-10	-14	-2	-4	0	324	233	-270	-421	378	327
9	-648	-748	151274664	-6	-14	-11	-15	-3	-4	0	321	229	-270	-421	378	327
9	-648	-748	151276672	-7	-15	-10	-16	-3	-5	0	318	224	-270	-421	378	327
9	-648	-748	151278668	-5	-13	-10	-14	-2	-4	0	316	220	-270	-421	378	327
9	-648	-748	151280660	-7	-17	-11	-16	-2	-5	0	314	215	-270	-421	378	327
9	-648	-748	151282656	-6	-15	-11	-15	-3	-4	0	311	211	-270	-421	378	327
9	-648	-748	151284656	-8	-17	-12	-18	-3	-6	0	308	205	-270	-421	378	327
9	-648	-748	151286656	-7	-15	-13	-17	-3	-4	0	305	201	-270	-421	378	327
9	-648	-748	151288660	-9	-19	-13	-17	-3	-6	0	302	195	-270	-421	378	327
9	-648	-748	151290660	-8	-17	-14	-18	-4	-5	0	298	190	-270	-421	378	327
9	-648	-748	151292668	-10	-20	-16	-22	-4	-6	0	294	184	-270	-421	378	327
9	-648	-748	151294668	-10	-20	-15	-17	-3	-6	0	291	178	-270	-421	378	327
9	-648	-748	151296664	-11	-24	-19	-23	-5	-7	0	286	171	-270	-421	378	327
9	-648	-748	151298664	-12	-21	-18	-21	-4	-6	0	282	165	-270	-421	378	327
9	-648	-748	151300676	-13	-24	-22	-26	-6	-8	0	276	157	-270	-421	378	327
9	-648	-748	151302676	-15	-29	-25	-28	-6	-8	0	270	149	-270	-421	378	327
9	-648	-748	151304672	-14	-26	-23	-25	-5	-8	0	265	141	-270	-421	378	327
9	-648	-748	151306664	-18	-33	-29	-32	-7	-10	0	258	131	-270	-421	378	327
9	-648	-748	151308680	-17	-31	-33	-34	-8	-9	0	250	122	-270	-421	378	327
9	-648	-748	151310676	-21	-37	-31	-31	-7	-11	0	243	111	-270	-421	378	327
9	-648	-748	151312676	-20	-37	-39	-40	-9	-11	0	234	100	-270	-421	378	327
9	-648	-748	151314676	-25	-43	-36	-38	-9	-12	0	225	88	-270	-421	378	327
9	-648	-748	151316680	-24	-43	-45	-45	-11	-14	0	214	74	-270	-421	378	327
9	-648	-748	151318672	-28	-51	-50	-50	-11	-15	0	203	59	-270	-421	378	327
9	-648	-748	151320680	-28	-49	-46	-46	-12	-14	0	191	45	-270	-421	378	327
9	-648	-748	151322676	-34	-60	-58	-57	-13	-18	0	178	27	-270	-421	378	327
9	-648	-748	151324668	-32	-56	-62	-62	-14	-17	0	164	10	-270	-421	378	327
9	-648	-748	151326660	-34	-61	-58	-58	-14	-18	0	150	-8	-270	-421	378	327
9	-648	-748	151328668	-42	-74	-70	-72	-17	-22	0	133	-30	-270	-421	378	327
9	-648	-748	151330672	-40	-71	-66	-67	-16	-21	0	117	-51	-270	-421	378	327
9	-648	-748	151332672	-49	-87	-81	-83	-19	-25	0	98	-76	-270	-421	378	327
9	-648	-748	151334672	-48	-81	-86	-88	-21	-26	0	77	-102	-270	-421	378	327
9	-648	-748	151336664	-55	-99	-80	-84	-20	-27	0	57	-129	-270	-421	378	327
9	-648	-748	151338672	-53	-92	-98	-100	-22	-29	0	35	-158	-270	-421	378	327
9	-648	-748	151340672	-63	-110	-89	-93	-23	-30	0	12	-188	-270	-421	378	327
9	-648	-748	151342668	-59	-104	-107	-111	-25	-32	0	-13	-220	-270	-421	378	327
9	-648	-748	151344668	-70	-122	-114	-117	-28	-36	0	-41	-256	-270	-421	378	327
9	-648	-748	151346668	-65	-114	-104	-108	-25	-34	0	-66	-290	-270	-421	378	327
9	-648	-748	151348668	-76	-133	-125	-129	-30	-39	0	-96	-329	-270	-421	378	327
9	-648	-748	151350680	-69	-125	-132	-135	-30	-39	0	-126	-368	-270	-421	378	327
9	-648	-748	151352680	-70	-127	-121	-123	-29	-37	0	-155	-405	-270	-421	378	327
9	-648	-748	151354684	-78	-150	-144	-147	-33	-45	0	-188	-450	-270	-421	378	327
9	-648	-748	151356684	-72	-138	-131	-132	-31	-40	0	-219	-490	-270	-421	378	327
9	-648	-748	151358688	-78	-160	-157	-156	-35	-48	0	-254	-538	-270	-421	378	327
9	-648	-748	151360692	-70	-145	-162	-162	-35	-46	0	-289	-584	-270	-421	378	327
9	-648	-748	151362692	-78	-166	-146	-143	-33	-46	0	-322	-630	-270	-421	378	327
9	-648	-748	151364692	-69	-150	-173	-167	-37	-48	0	-359	-678	-270	-421	378	327
9	-648	-748	151366700	-75	-171	-177	-170	-38	-51	0	-397	-729	-270	-421	378	327
9	-648	-748	151368696	-65	-154	-159	-150	-33	-46	0	-430	-775	-270	-421	378	327
9	-648	-748	151370696	-73	-175	-185	-172	-39	-52	0	-469	-827	-270	-421	378	327
9	-648	-748	151372704	-65	-156	-166	-153	-35	-46	0	-504	-873	-270	-421	378	327
9	-648	-748	151374700	-73	-176	-195	-173	-40	-52	0	-544	-925	-270	-421	378	327
9	-648	-748	151376688	-65	-157	-198	-175	-39	-50	0	-583	-975	-270	-421	378	327
9	-648	-748	151378692	-75	-173	-175	-152	-38	-49	0	-621	-769	-270	-421	378	327
9	-648	-748	151380692	-69	-154	-201	-172	-40	-49	0	-661	-818	-270	-421	378	327
9	-648	-748	151382696	-71	-151	-205	-171	-42	-48	0	-703	-866	-270	-421	378	327
9	-648	-748	151384700	-84	-168	-180	-147	-39	-47	0	-742	-913	-270	-421	378	327
9	-648	-748	151386704	-78	-145	-206	-165	-43	-47	0	-785	-960	-270	-421	378	327
9	-648	-748	151388696	-94	-160	-180	-141	-41	-45	0	-826	-1005	-270	-421	378	327
9	-648	-748	151390696	-89	-139	-208	-157	-44	-44	0	-870	-1049	-270	-421	378	327
9	-648	-748	151392700	-105	-151	-207	-153	-47	-46	0	-917	-1095	-270	-421	378	327
9	-648	-748	151394712	-97	-130	-180	-130	-42	-39	0	-959	-1134	-270	-421	378	327
9	-648	-748	151396712	-115	-142	-208	-144	-48	-43	0	-1007	-1177	-270	-421	378	327
9	-648	-748	151398712	-108	-124	-205	-141	-47	-40	0	-1054	-1217	-270	-421	378	327
9	-648	-748	151400708	-125	-134	-180	-119	-46	-38	0	-1100	-1255	-270	-421	378	327
9	-648	-748	151402700	-115	-116	-204	-132	-48	-37	0	-1148	-1292	-270	-421	378	327
9	-648	-748	151404696	-132	-126	-177	-114	-46	-36	0	-1194	-1328	-270	-421	378	327
9	-648	-748	151406704	-120	-110	-199	-125	-48	-35	0	-1242	-755	-270	-421	378	327
9	-648	-748	151408700	-123	-107	-197	-122	-48	-34	0	-1290	-789	-270	-421	378	327
9	-648	-748	151410692	-137	-116	-169	-103	-46	-33	0	-1336	-822	-270	-421	378	327
9	-648	-748	151412684	-123	-100	-190	-115	-47	-32	0	-1327	-752	-270	-421	378	327
9	-648	-748	151414684	-139	-110	-163	-97	-45	-32	0	-1372	-784	-270	-421	378	327
9	-648	-748	151416672	-120	-95	-182	-108	-45	-30	0	-1417	-814	-270	-421	378	327
9	-648	-748	151418676	-133	-102	-175	-104	-47	-31	0	-1464	-845	-270	-421	378	327
9	-648	-748	151420672	-117	-89	-150	-88	-40	-26	0	-1504	-871	-270	-421	378	327
9	-648	-748	151422668	-126	-96	-165	-98	-43	-30	0	-1547	-901	-270	-421	378	327
9	-648	-748	151424668	-109	-82	-139	-82	-38	-24	0	-1585	-925	-270	-421	378	327
9	-648	-748	151426664	-117	-88	-151	-90	-40	-27	0	-1625	-952	-270	-421	378	327
9	-648	-748	151428660	-100	-74	-143	-87	-36	-24	0	-1661	-976	-270	-421	378	327
9	-648	-748	151430652	-95	-71	-117	-71	-32	-21	0	-1693	-997	-270	-421	378	327
9	-648	-748	151432652	-101	-74	-125	-77	-34	-23	0	-1314	-743	-270	-421	378	327
9	-648	-748	151434656	-83	-61	-116	-73	-30	-20	0	-1344	-763	-270	-421	378	327
9	-648	-748	151436660	-87	-64	-94	-59	-27	-18	0	-1371	-781	-270	-421	378	327
9	-648	-748	151438652	-70	-51	-98	-62	-25	-17	0	-1396	-798	-270	-421	378	327
9	-648	-748	151440648	-72	-54	-78	-50	-23	-16	0	-1419	-814	-270	-421	378	327
9	-648	-748	151442652	-57	-41	-79	-53	-20	-14	0	-1439	-828	-270	-421	378	327
9	-648	-748	151444660	-56	-43	-70	-46	-19	-13	0	-1458	-841	-270	-421	378	327
9	-648	-748	151446656	-44	-32	-54	-36	-15	-11	0	-1295	-731	-270	-421	378	327
9	-648	-748	151448648	-43	-33	-54	-36	-14	-10	0	-1309	-741	-270	-421	378	327
9	-648	-748	151450652	-31	-24	-40	-29	-11	-8	0	-1320	-749	-270	-421	378	327
9	-648	-748	151452652	-27	-21	-38	-28	-10	-7	0	-1330	-756	-270	-421	378	327
9	-648	-748	151454640	-24	-19	-33	-22	-8	-6	0	-1338	-762	-270	-421	378	327
9	-648	-748	151456636	-18	-13	-22	-18	-6	-5	0	-1344	-767	-270	-421	378	327
9	-648	-748	151458632	-15	-13	-22	-16	-6	-4	0	-1350	-771	-270	-421	378	327
9	-648	-748	151460628	-10	-9	-15	-11	-3	-3	1	-1353	-774	-270	-421	378	327
10	-648	-748	151462628	-7	-6	-12	-11	-3	-3	1	-273	-424	-270	-421	378	327
10	-648	-748	151464628	-5	-5	-10	-8	-2	-2	1	-275	-426	-270	-421	378	327
10	411	901	151466632	-4	-4	-6	-5	-2	-1	1	-277	-427	141	480	-270	-421
10	411	901	151468636	-2	-2	-4	-5	-1	-1	1	-278	-428	141	480	-270	-421
10	411	901	151470624	0	-1	-4	-2	0	-1	1	-278	-429	141	480	-270	-421
10	411	901	151472624	-2	0	-1	-2	-1	0	1	-279	-429	141	480	-270	-421
10	411	901	151474612	0	0	-1	-1	0	0	1	-279	-429	141	480	-270	-421
10	411	901	151476592	0	0	-2	0	0	0	1	-279	-429	141	480	-270	-421
10	411	901	151498608	0	0	0	-1	0	0	1	-279	-429	141	480	-270	-421
10	411	901	151530632	0	0	1	0	0	0	1	-279	-429	141	480	-270	-421
10	411	901	151532636	0	0	1	0	0	0	1	-279	-429	141	480	-270	-421
10	411	901	151534668	0	3	1	3	0	0	1	-279	-429	141	480	-270	-421
10	411	901	151536676	0	3	4	4	0	1	1	-279	-428	141	480	-270	-421
10	411	901	151538668	1	4	4	3	0	1	1	-279	-427	141	480	-270	-421
10	411	901	151540676	0	6	6	5	1	1	1	-278	-426	141	480	-270	-421
10	411	901	151542672	1	8	8	8	2	3	1	-276	-423	141	480	-270	-421
10	411	901	151544672	2	10	8	9	1	2	1	-275	-421	141	480	-270	-421
10	411	901	151546672	2	9	10	8	2	3	1	-273	-418	141	480	-270	-421
10	411	901	151548672	3	13	13	12	2	4	1	-271	-414	141	480	-270	-421
10	411	901	151550672	4	13	15	13	3	4	0	-268	-410	141	480	-270	-421
10	411	901	151552668	6	16	15	14	3	4	0	-265	-406	141	480	-270	-421
10	411	901	151554672	7	18	20	16	4	5	0	-261	-401	141	480	-270	-421
10	411	901	151556672	8	20	19	18	4	6	0	-257	-395	141	480	-270	-421
10	411	901	151558664	9	20	23	20	5	6	0	-252	-389	141	480	-270	-421
10	411	901	151560672	11	25	27	24	6	7	0	-246	-382	141	480	-270	-421
10	411	901	151562672	13	23	25	22	6	7	0	-240	-375	141	480	-270	-421
10	411	901	151564672	14	27	31	28	6	8	0	-234	-367	141	480	-270	-421
10	411	901	151566672	18	31	30	25	8	9	0	-226	-358	141	480	-270	-421
10	411	901	151568676	18	29	35	32	8	9	0	-218	-349	141	480	-270	-421
10	411	901	151570676	22	35	36	33	8	10	0	-210	-339	141	480	-270	-421
10	411	901	151572672	23	33	35	31	9	10	0	-201	-329	141	480	-270	-421
10	411	901	151574668	29	40	41	39	10	12	0	-191	-317	141	480	-270	-421
10	411	901	151576664	27	39	44	40	11	11	0	-180	-306	141	480	-270	-421
10	411	901	151578664	34	45	40	38	11	13	0	-169	-293	141	480	-270	-421
10	411	901	151580660	32	45	48	47	12	14	0	-157	-279	141	480	-270	-421
10	411	901	151582660	42	53	43	43	13	14	0	-144	-265	141	480	-270	-421
10	411	901	151584660	38	50	53	53	14	15	0	-130	-250	141	480	-270	-421
10	411	901	151586660	43	53	55	57	14	17	0	-116	-233	141	480	-270	-421
10	411	901	151588664	52	65	49	53	15	18	0	-101	-215	141	480	-270	-421
10	411	901	151590668	50	62	58	65	17	19	0	-84	-196	141	480	-270	-421
10	411	901	151592660	62	73	54	60	17	20	0	-67	-176	141	480	-270	-421
10	411	901	151594660	57	70	64	74	18	21	0	-49	-155	141	480	-270	-421
10	411	901	151596656	69	83	65	78	20	24	0	-29	-131	141	480	-270	-421
10	411	901	151598660	66	79	59	73	19	23	0	-10	-108	141	480	-270	-421
10	411	901	151600660	78	92	70	89	22	27	0	12	-81	141	480	-270	-421
10	411	901	151602660	72	88	71	93	22	28	0	34	-53	141	480	-270	-421
10	411	901	151604660	84	102	64	85	22	28	0	56	-25	141	480	-270	-421
10	411	901	151606664	79	98	73	104	23	30	0	79	5	141	480	-270	-421
10	411	901	151608672	91	113	68	94	24	31	0	103	36	141	480	-270	-421
10	411	901	151610664	82	105	76	114	23	33	0	126	69	141	480	-270	-421
10	411	901	151612664	84	110	78	118	25	34	0	151	103	141	480	-270	-421
10	411	901	151614664	96	129	68	109	24	36	0	175	139	141	480	-270	-421
10	411	901	151616660	87	119	79	129	25	37	0	200	176	141	480	-270	-421
10	411	901	151618664	97	140	70	116	25	38	0	225	214	141	480	-270	-421
10	411	901	151620664	86	127	81	139	25	40	0	250	254	141	480	-270	-421
10	411	901	151622664	98	149	82	145	27	44	0	277	298	141	480	-270	-421
10	411	901	151624660	85	138	72	130	24	40	0	301	338	141	480	-270	-421
10	411	901	151626660	95	158	81	154	26	47	0	327	385	141	480	-270	-421
10	411	901	151628660	82	147	83	160	25	46	0	352	431	141	480	-270	-421
10	411	901	151630664	92	168	72	143	24	47	0	376	478	141	480	-270	-421
10	411	901	151632664	78	155	82	170	24	49	0	400	527	141	480	-270	-421
10	411	901	151634664	88	179	82	174	26	53	0	426	580	141	480	-270	-421
10	411	901	151636664	75	163	73	156	22	48	0	448	628	141	480	-270	-421
10	411	901	151638664	82	187	82	184	25	55	0	473	683	141	480	-270	-421
10	411	901	151640668	73	171	73	165	22	51	0	495	734	141	480	-270	-421
10	411	901	151642656	69	174	81	191	22	54	0	517	788	141	480	-270	-421
10	411	901	151644660	76	200	82	197	24	60	0	541	848	141	480	-270	-421
10	411	901	151646660	66	180	72	173	21	53	0	562	901	141	480	-270	-421
10	411	901	151648660	73	206	81	203	23	61	0	585	962	141	480	-270	-421
10	411	901	151650664	62	187	70	179	19	55	0	604	1017	141	480	-270	-421
10	411	901	151652668	68	210	81	207	23	63	0	627	1080	141	480	-270	-421
10	411	901	151654668	57	187	80	210	20	59	0	647	779	141	480	-270	-421
10	411	901	151656668	63	211	69	184	20	59	0	667	838	141	480	-270	-421
10	411	901	151658668	55	188	77	210	20	60	0	687	898	141	480	-270	-421
10	411	901	151660672	60	210	78	211	21	63	0	708	961	141	480	-270	-421
10	411	901	151662676	51	186	67	183	17	56	0	725	1017	141	480	-270	-421
10	411	901	151664676	56	205	74	207	20	61	0	745	1078	141	480	-270	-421
10	411	901	151666672	49	181	65	179	17	54	0	762	1132	141	480	-270	-421
10	411	901	151668676	46	177	71	201	18	57	0	780	777	141	480	-270	-421
10	411	901	151670676	51	193	72	198	18	59	0	798	836	141	480	-270	-421
10	411	901	151672676	45	169	60	168	16	50	0	814	886	141	480	-270	-421
10	411	901	151674680	48	183	66	189	17	56	0	831	942	141	480	-270	-421
10	411	901	151676680	41	157	66	183	16	51	0	847	993	141	480	-270	-421
10	411	901	151678684	46	171	56	155	15	49	0	862	1042	141	480	-270	-421
10	411	901	151680688	40	147	63	170	16	48	0	878	1090	141	480	-270	-421
10	411	901	151682688	44	157	54	143	14	45	0	892	1135	141	480	-270	-421
10	411	901	151684688	39	134	60	159	15	44	0	907	764	141	480	-270	-421
10	411	901	151686688	42	145	57	150	15	44	0	922	808	141	480	-270	-421
10	411	901	151688688	38	122	50	128	13	37	0	935	845	141	480	-270	-421
10	411	901	151690688	41	132	55	137	15	41	0	950	886	141	480	-270	-421
10	411	901	151692688	36	110	54	131	13	36	0	963	922	141	480	-270	-421
10	411	901	151694688	40	118	45	109	13	34	0	976	956	141	480	-270	-421
10	411	901	151696688	35	100	51	118	13	33	0	989	989	141	480	-270	-421
10	411	901	151698684	35	94	44	98	12	28	0	1001	1017	141	480	-270	-421
10	411	901	151700688	39	101	47	105	13	31	0	1014	751	141	480	-270	-421
10	411	901	151702684	33	85	47	100	12	28	0	1026	779	141	480	-270	-421
10	411	901	151704676	37	90	40	83	11	26	0	1037	805	141	480	-270	-421
10	411	901	151706676	31	74	45	87	11	24	0	1048	829	141	480	-270	-421
10	411	901	151708672	35	79	37	74	11	23	0	1059	852	141	480	-270	-421
10	411	901	151710672	30	65	41	78	11	21	0	1070	873	141	480	-270	-421
10	411	901	151712672	32	69	39	72	11	22	0	1081	895	141	480	-270	-421
10	411	901	151714676	27	56	33	59	9	17	0	1090	912	141	480	-270	-421
10	411	901	151716676	29	57	35	61	9	18	0	1099	738	141	480	-270	-421
10	411	901	151718676	24	48	33	58	9	15	0	1108	753	141	480	-270	-421
10	411	901	151720672	22	42	28	45	7	14	0	1115	767	141	480	-270	-421
10	411	901	151722664	23	43	30	47	8	13	0	1123	780	141	480	-270	-421
10	411	901	151724668	18	35	22	36	6	11	0	1129	791	141	480	-270	-421
10	411	901	151726676	19	34	25	39	7	11	0	1136	802	141	480	-270	-421
10	411	901	151728672	15	26	23	33	5	8	0	1141	810	141	480	-270	-421
10	411	901	151730672	15	25	19	26	6	8	0	1147	818	141	480	-270	-421
10	411	901	151732672	11	20	17	25	4	7	0	1151	825	141	480	-270	-421
10	411	901	151734676	10	17	16	22	4	6	1	1155	726	141	480	-270	-421
11	411	901	151736680	8	14	13	17	3	4	1	144	484	141	480	-270	-421
11	411	901	151738680	7	13	11	15	3	5	1	147	489	141	480	-270	-421
11	411	901	151740680	5	8	9	11	2	2	1	149	491	141	480	-270	-421
11	411	901	151742676	5	8	9	10	2	3	1	151	494	141	480	-270	-421
11	411	901	151744680	3	5	7	9	1	2	1	152	496	141	480	-270	-421
11	411	901	151746672	2	4	5	5	1	2	1	153	498	141	480	-270	-421
11	411	901	151748676	2	2	4	5	1	1	1	154	499	141	480	-270	-421
11	411	901	151750672	0	1	4	3	1	0	1	155	499	141	480	-270	-421
11	411	901	151752664	0	2	1	3	0	1	1	155	500	141	480	-270	-421
11	411	901	151754592	-1	0	1	0	0	0	1	155	500	141	480	-270	-421
11	411	901	151756652	-2	-1	0	0	0	0	1	155	500	141	480	-270	-421
11	411	901	151758648	-4	-2	0	-2	0	0	1	155	500	141	480	-270	-421
11	411	901	151760676	-4	-5	0	-4	-1	-1	1	154	499	141	480	-270	-421
11	411	901	151762668	-5	-7	0	-5	0	-2	1	154	497	141	480	-270	-421
11	411	901	151764676	-6	-7	0	-8	-1	-2	1	153	495	141	480	-270	-421
11	411	901	151766680	-6	-10	-2	-8	-1	-3	1	152	492	141	480	-270	-421
11	411	901	151768684	-6	-11	-1	-11	-1	-3	1	151	489	141	480	-270	-421
11	411	901	151770680	-8	-14	-1	-13	-2	-4	1	149	485	141	480	-270	-421
11	-141	-980	151772676	-7	-16	-1	-13	-1	-5	1	148	480	0	-500	141	480
11	-141	-980	151774680	-7	-18	-3	-17	-2	-5	1	146	475	0	-500	141	480
11	-141	-980	151776684	-7	-19	-1	-20	-1	-6	1	145	469	0	-500	141	480
11	-141	-980	151778684	-9	-23	-3	-18	-2	-6	1	143	463	0	-500	141	480
11	-141	-980	151780684	-9	-24	-3	-24	-1	-7	1	142	456	0	-500	141	480
11	-141	-980	151782684	-8	-28	-3	-23	-2	-8	1	140	448	0	-500	141	480
11	-141	-980	151784680	-9	-27	-4	-27	-2	-8	1	138	440	0	-500	141	480
11	-141	-980	151786680	-9	-33	-5	-31	-2	-9	1	136	431	0	-500	141	480
11	-141	-980	151788684	-7	-31	-3	-29	-2	-9	1	134	422	0	-500	141	480
11	-141	-980	151790684	-9	-36	-5	-35	-2	-11	1	132	411	0	-500	141	480
11	-141	-980	151792688	-9	-33	-5	-31	-2	-10	1	130	401	0	-500	141	480
11	-141	-980	151794684	-9	-38	-8	-38	-2	-11	1	128	390	0	-500	141	480
11	-141	-980	151796688	-7	-35	-6	-37	-2	-11	1	126	379	0	-500	141	480
11	-141	-980	151798692	-10	-42	-8	-35	-3	-11	1	123	368	0	-500	141	480
11	-141	-980	151800696	-9	-37	-8	-42	-2	-12	1	121	356	0	-500	141	480
11	-141	-980	151802696	-10	-44	-9	-42	-3	-13	1	118	343	0	-500	141	480
11	-141	-980	151804692	-9	-40	-9	-39	-3	-12	0	115	331	0	-500	141	480
11	-141	-980	151806696	-10	-41	-10	-45	-3	-13	0	112	318	0	-500	141	480
11	-141	-980	151808696	-11	-48	-10	-40	-3	-13	0	109	305	0	-500	141	480
11	-141	-980	151810692	-10	-42	-11	-47	-3	-13	0	106	292	0	-500	141	480
11	-141	-980	151812692	-11	-50	-13	-48	-4	-15	0	102	277	0	-500	141	480
11	-141	-980	151814692	-10	-45	-11	-44	-3	-13	0	99	264	0	-500	141	480
11	-141	-980	151816692	-11	-51	-14	-50	-4	-16	0	95	248	0	-500	141	480
11	-141	-980	151818692	-12	-47	-12	-51	-3	-14	0	92	234	0	-500	141	480
11	-141	-980	151820692	-11	-55	-13	-46	-4	-15	0	88	219	0	-500	141	480
11	-141	-980	151822692	-11	-48	-15	-54	-4	-16	0	84	203	0	-500	141	480
11	-141	-980	151824692	-14	-57	-12	-49	-4	-16	0	80	187	0	-500	141	480
11	-141	-980	151826692	-11	-52	-15	-56	-4	-16	0	76	171	0	-500	141	480
11	-141	-980	151828696	-14	-60	-15	-57	-4	-17	0	72	154	0	-500	141	480
11	-141	-980	151830696	-12	-54	-14	-53	-4	-16	0	68	138	0	-500	141	480
11	-141	-980	151832696	-13	-55	-16	-60	-4	-18	0	64	120	0	-500	141	480
11	-141	-980	151834700	-15	-64	-16	-62	-5	-19	0	59	101	0	-500	141	480
11	-141	-980	151836708	-14	-58	-15	-57	-4	-17	0	55	84	0	-500	141	480
11	-141	-980	151838688	-16	-67	-18	-65	-5	-20	0	50	64	0	-500	141	480
11	-141	-980	151840696	-14	-61	-15	-58	-5	-18	0	45	46	0	-500	141	480
11	-141	-980	151842696	-16	-71	-17	-70	-5	-21	0	40	25	0	-500	141	480
11	-141	-980	151844704	-15	-65	-17	-70	-5	-20	0	35	5	0	-500	141	480
11	-141	-980	151846696	-17	-75	-15	-65	-4	-21	0	31	-16	0	-500	141	480
11	-141	-980	151848700	-17	-69	-17	-75	-5	-22	0	26	-38	0	-500	141	480
11	-141	-980	151850700	-17	-79	-16	-78	-5	-23	0	21	-61	0	-500	141	480
11	-141	-980	151852700	-16	-72	-15	-70	-5	-21	0	16	-82	0	-500	141	480
11	-141	-980	151854704	-19	-84	-18	-81	-6	-25	0	10	-107	0	-500	141	480
11	-141	-980	151856712	-18	-76	-15	-74	-5	-23	0	5	-130	0	-500	141	480
11	-141	-980	151858708	-16	-79	-16	-87	-4	-25	0	1	-155	0	-500	141	480
11	-141	-980	151860704	-20	-91	-16	-89	-6	-27	0	-5	-182	0	-500	141	480
11	-141	-980	151862708	-17	-84	-15	-81	-5	-24	0	-10	-206	0	-500	141	480
11	-141	-980	151864708	-20	-97	-17	-94	-5	-29	0	-15	-235	0	-500	141	480
11	-141	-980	151866712	-19	-89	-17	-98	-5	-28	0	-20	-263	0	-500	141	480
11	-141	-980	151868712	-20	-101	-14	-87	-6	-28	0	-26	-291	0	-500	141	480
11	-141	-980	151870708	-19	-94	-17	-104	-5	-30	0	-31	-321	0	-500	141	480
11	-141	-980	151872704	-21	-108	-15	-92	-5	-30	0	-36	-351	0	-500	141	480
11	-141	-980	151874712	-19	-98	-18	-110	-6	-31	0	-42	-382	0	-500	141	480
11	-141	-980	151876704	-21	-114	-19	-112	-6	-34	0	-48	-416	0	-500	141	480
11	-141	-980	151878708	-19	-104	-16	-101	-5	-31	0	-53	-447	0	-500	141	480
11	-141	-980	151880704	-22	-121	-20	-120	-6	-36	0	-59	-483	0	-500	141	480
11	-141	-980	151882704	-19	-111	-19	-107	-6	-33	0	-65	-516	0	-500	141	480
11	-141	-980	151884708	-20	-130	-21	-129	-6	-38	0	-71	-554	0	-500	141	480
11	-141	-980	151886708	-19	-119	-24	-133	-7	-38	0	-78	-592	0	-500	141	480
11	-141	-980	151888708	-17	-124	-21	-120	-5	-37	0	-83	-629	0	-500	141	480
11	-141	-980	151890712	-20	-144	-25	-141	-7	-43	0	-90	-672	0	-500	141	480
11	-141	-980	151892712	-18	-131	-27	-147	-7	-41	0	-97	-713	0	-500	141	480
11	-141	-980	151894716	-20	-154	-25	-132	-7	-43	0	-104	-756	0	-500	141	480
11	-141	-980	151896720	-17	-141	-30	-156	-7	-45	0	-111	-801	0	-500	141	480
11	-141	-980	151898720	-20	-164	-29	-140	-7	-45	0	-118	-846	0	-500	141	480
11	-141	-980	151900720	-19	-150	-36	-164	-8	-47	0	-126	-767	0	-500	141	480
11	-141	-980	151902724	-24	-172	-38	-167	-10	-51	0	-136	-818	0	-500	141	480
11	-141	-980	151904732	-21	-156	-35	-150	-8	-46	0	-144	-864	0	-500	141	480
11	-141	-980	151906736	-28	-180	-44	-175	-11	-53	0	-155	-917	0	-500	141	480
11	-141	-980	151908748	-26	-163	-45	-178	-11	-52	0	-166	-969	0	-500	141	480
11	-141	-980	151910744	-34	-184	-42	-157	-11	-51	0	-177	-1020	0	-500	141	480
11	-141	-980	151912740	-32	-165	-51	-180	-12	-51	0	-189	-1071	0	-500	141	480
11	-141	-980	151914736	-41	-185	-48	-159	-14	-52	0	-203	-772	0	-500	141	480
11	-141	-980	151916732	-40	-165	-57	-181	-14	-52	0	-217	-824	0	-500	141	480
11	-141	-980	151918732	-45	-163	-59	-181	-16	-52	0	-233	-876	0	-500	141	480
11	-141	-980	151920732	-57	-184	-54	-158	-17	-51	0	-250	-927	0	-500	141	480
11	-141	-980	151922728	-53	-161	-64	-180	-17	-51	0	-267	-978	0	-500	141	480
11	-141	-980	151924724	-67	-179	-56	-155	-19	-50	0	-286	-1028	0	-500	141	480
11	-141	-980	151926724	-63	-158	-66	-176	-19	-50	0	-305	-1078	0	-500	141	480
11	-141	-980	151928720	-75	-173	-68	-174	-21	-52	0	-326	-1130	0	-500	141	480
11	-141	-980	151930716	-73	-152	-60	-149	-20	-45	0	-346	-1175	0	-500	141	480
11	-141	-980	151932716	-84	-168	-67	-167	-23	-51	0	-369	-771	0	-500	141	480
11	-141	-980	151934716	-78	-145	-66	-165	-22	-46	0	-391	-817	0	-500	141	480
11	-141	-980	151936712	-92	-160	-59	-141	-22	-45	0	-413	-862	0	-500	141	480
11	-141	-980	151938708	-85	-140	-65	-158	-23	-45	0	-436	-907	0	-500	141	480
11	-141	-980	151940708	-85	-137	-56	-135	-21	-41	0	-457	-948	0	-500	141	480
11	-141	-980	151942704	-100	-150	-63	-152	-24	-45	0	-481	-993	0	-500	141	480
11	-141	-980	151944704	-88	-130	-60	-148	-22	-42	0	-503	-1035	0	-500	141	480
11	-141	-980	151946704	-103	-142	-51	-126	-24	-40	0	-527	-1075	0	-500	141	480
11	-141	-980	151948704	-91	-124	-56	-143	-22	-40	0	-549	-1115	0	-500	141	480
11	-141	-980	151950712	-103	-136	-55	-137	-23	-41	0	-572	-761	0	-500	141	480
11	-141	-980	151952712	-91	-118	-45	-118	-21	-35	0	-593	-796	0	-500	141	480
11	-141	-980	151954712	-102	-128	-50	-131	-23	-39	0	-616	-835	0	-500	141	480
11	-141	-980	151956704	-89	-112	-43	-112	-19	-34	0	-635	-869	0	-500	141	480
11	-141	-980	151958700	-100	-121	-46	-124	-22	-37	0	-657	-906	0	-500	141	480
11	-141	-980	151960696	-86	-105	-44	-120	-20	-33	0	-677	-939	0	-500	141	480
11	-141	-980	151962696	-84	-101	-36	-101	-18	-31	0	-695	-970	0	-500	141	480
11	-141	-980	151964704	-93	-113	-39	-114	-20	-34	0	-715	-1004	0	-500	141	480
11	-141	-980	151966696	-80	-96	-34	-98	-17	-29	0	-732	-1033	0	-500	141	480
11	-141	-980	151968692	-86	-106	-35	-106	-18	-32	0	-750	-752	0	-500	141	480
11	-141	-980	151970688	-72	-90	-33	-104	-16	-29	0	-766	-781	0	-500	141	480
11	-141	-980	151972688	-79	-100	-29	-88	-16	-28	0	-782	-809	0	-500	141	480
11	-141	-980	151974692	-66	-85	-29	-98	-14	-27	0	-796	-836	0	-500	141	480
11	-141	-980	151976688	-70	-94	-25	-84	-14	-27	0	-810	-863	0	-500	141	480
11	-141	-980	151978692	-59	-80	-25	-91	-13	-26	0	-823	-889	0	-500	141	480
11	-141	-980	151980688	-60	-87	-24	-89	-12	-26	0	-835	-915	0	-500	141	480
11	-141	-980	151982684	-50	-74	-18	-73	-11	-22	0	-846	-742	0	-500	141	480
11	-141	-980	151984684	-46	-73	-20	-83	-10	-24	0	-856	-766	0	-500	141	480
11	-141	-980	151986680	-48	-77	-17	-79	-9	-23	1	-865	-789	0	-500	141	480
