1	0	-200	1772952096	0	1	0	1	0	0	1	0	-200	0	-200	0	0
1	-56	392	1772956096	0	2	0	1	0	0	1	0	-200	-56	192	0	-200
1	-56	392	1772958092	1	0	0	0	0	0	1	0	-200	-56	192	0	-200
1	-56	392	1773022104	0	0	0	0	0	0	0	0	-200	-56	192	0	-200
1	-56	392	1773044160	0	0	0	2	0	1	0	0	-199	-56	192	0	-200
1	-56	392	1773050148	0	1	0	1	0	0	0	0	-199	-56	192	0	-200
1	-56	392	1773052172	-1	2	0	1	0	0	0	0	-199	-56	192	0	-200
1	-56	392	1773054180	-1	3	0	4	0	1	0	0	-198	-56	192	0	-200
1	-56	392	1773056176	-4	6	-1	5	0	1	0	0	-197	-56	192	0	-200
1	-56	392	1773058176	-3	6	-1	6	0	1	0	0	-196	-56	192	0	-200
1	-56	392	1773060184	-3	8	-2	8	-1	2	0	-1	-194	-56	192	0	-200
1	-56	392	1773062184	-5	11	-2	10	-1	2	0	-2	-192	-56	192	0	-200
1	-56	392	1773064160	-5	11	-3	10	0	2	0	-2	-190	-56	192	0	-200
1	-56	392	1773066172	-4	14	-2	13	-1	3	0	-3	-187	-56	192	0	-200
1	-56	392	1773068168	-6	15	-3	14	-1	3	0	-4	-184	-56	192	0	-200
1	-56	392	1773070164	-5	21	-3	19	-1	4	0	-5	-180	-56	192	0	-200
1	-56	392	1773072164	-5	22	-4	19	-1	4	0	-6	-176	-56	192	0	-200
1	-56	392	1773074160	-7	25	-4	26	-1	5	0	-7	-171	-56	192	0	-200
1	-56	392	1773076156	-5	32	-5	25	-1	5	0	-8	-166	-56	192	0	-200
1	-56	392	1773078136	-3	34	-4	34	0	7	0	-8	-159	-56	192	0	-200
1	-56	392	1773080148	-4	36	-5	33	-1	7	0	-9	-152	-56	192	0	-200
1	-56	392	1773082140	-3	46	-5	43	-1	9	0	-10	-143	-56	192	0	-200
1	-56	392	1773084136	0	45	-3	40	0	9	0	-10	-134	-56	192	0	-200
1	-56	392	1773086144	0	49	-7	51	-1	10	0	-11	-124	-56	192	0	-200
1	-56	392	1773088140	3	58	-6	55	0	11	0	-11	-113	-56	192	0	-200
1	-56	392	1773090140	4	56	-5	51	0	11	0	-11	-102	-56	192	0	-200
1	-56	392	1773092112	6	60	-6	64	0	12	0	-11	-90	-56	192	0	-200
1	-56	392	1773094140	10	72	-6	59	0	13	0	-11	-77	-56	192	0	-200
1	-56	392	1773096140	9	69	-8	72	0	14	0	-11	-63	-56	192	0	-200
1	-56	392	1773098140	11	73	-6	69	0	14	0	-11	-49	-56	192	0	-200
1	-56	392	1773100132	15	86	-9	81	0	17	0	-11	-32	-56	192	0	-200
1	-56	392	1773102144	14	81	-7	77	1	16	0	-10	-16	-56	192	0	-200
1	-56	392	1773104136	16	85	-12	90	0	17	0	-10	1	-56	192	0	-200
1	-56	392	1773106140	19	99	-10	83	1	19	0	-9	20	-56	192	0	-200
1	-56	392	1773108136	19	90	-13	98	1	18	0	-8	38	-56	192	0	-200
1	-56	392	1773110116	18	94	-14	90	0	19	0	-8	57	-56	192	0	-200
1	-56	392	1773112128	22	108	-16	105	1	21	0	-7	78	-56	192	0	-200
1	-56	392	1773114112	21	100	-17	95	0	20	0	-7	98	-56	192	0	-200
1	-56	392	1773116116	20	102	-21	111	0	21	0	-7	119	-56	192	0	-200
1	-56	392	1773118124	24	117	-19	100	1	22	0	-6	141	-56	192	0	-200
1	-56	392	1773120108	21	108	-23	118	0	22	0	-6	163	-56	192	0	-200
1	-56	392	1773122088	22	107	-22	105	0	21	0	-6	184	-56	192	0	-200
1	-56	392	1773124116	24	124	-26	121	0	25	0	-6	209	-56	192	0	-200
1	-56	392	1773126112	21	111	-26	122	0	23	0	-6	232	-56	192	0	-200
1	-56	392	1773128120	20	110	-24	108	-1	22	0	-7	254	-56	192	0	-200
1	-56	392	1773130112	24	126	-30	125	0	25	0	-7	279	-56	192	0	-200
1	-56	392	1773132120	20	112	-25	109	-1	22	0	-8	301	-56	192	0	-200
1	-56	392	1773134112	19	111	-30	123	-1	24	0	-9	325	-56	192	0	-200
1	-56	392	1773136116	21	124	-27	109	-1	23	0	-10	348	-56	192	0	-200
1	-56	392	1773138120	18	111	-30	124	-1	23	0	-11	371	-56	192	0	-200
1	-56	392	1773140124	17	109	-27	106	-1	22	0	-12	393	-56	192	0	-200
1	-56	392	1773142128	19	122	-30	123	-1	24	0	-13	417	-56	192	0	-200
1	-56	392	1773144128	16	106	-26	105	-1	21	0	-14	438	-56	192	0	-200
1	-56	392	1773146132	14	105	-29	118	-1	23	0	-15	461	-56	192	0	-200
1	-56	392	1773148128	15	117	-25	103	-1	22	0	-16	483	-56	192	0	-200
1	-56	392	1773150132	12	100	-28	114	-2	21	0	-18	504	-56	192	0	-200
1	-56	392	1773152132	12	98	-24	98	-1	20	0	-19	524	-56	192	0	-200
1	-56	392	1773154140	11	109	-28	112	-2	22	0	-21	546	-56	192	0	-200
1	-56	392	1773156136	9	95	-23	93	-1	19	0	-22	565	-56	192	0	-200
1	-56	392	1773158136	7	93	-27	107	-2	20	0	-24	585	-56	192	0	-200
1	-56	392	1773160128	8	102	-26	103	-2	20	0	-26	605	-56	192	0	-200
1	-56	392	1773162136	5	90	-22	90	-2	18	0	-28	623	-56	192	0	-200
1	-56	392	1773164136	5	88	-25	100	-2	19	0	-30	642	-56	192	0	-200
1	-56	392	1773166136	3	97	-20	87	-1	18	0	-31	660	-56	192	0	-200
1	-56	392	1773168136	2	85	-24	97	-3	19	0	-34	679	-56	192	0	-200
1	-56	392	1773170132	1	83	-19	83	-1	16	0	-35	695	-56	192	0	-200
1	-56	392	1773172132	0	92	-22	93	-3	19	0	-38	714	-56	192	0	-200
1	-56	392	1773174132	0	80	-18	82	-1	16	0	-39	730	-56	192	0	-200
1	-56	392	1773176132	0	79	-20	90	-2	17	0	-41	747	-56	192	0	-200
1	-56	392	1773178128	-2	87	-16	76	-2	16	0	-43	763	-56	192	0	-200
1	-56	392	1773180132	-2	75	-18	86	-2	16	0	-45	779	-56	192	0	-200
1	-56	392	1773182136	-3	74	-15	73	-2	15	0	-47	735	-56	192	0	-200
1	-56	392	1773184144	-2	80	-15	81	-2	16	0	-49	751	-56	192	0	-200
1	-56	392	1773186144	-1	69	-11	69	-1	14	0	-50	765	-56	192	0	-200
1	-56	392	1773188148	-2	66	-12	76	-1	14	0	-51	779	-56	192	0	-200
1	-56	392	1773190152	-1	71	-12	72	-2	14	0	-53	793	-56	192	0	-200
1	-56	392	1773192140	0	60	-7	62	0	12	0	-53	805	-56	192	0	-200
1	-56	392	1773194152	0	58	-8	66	-1	13	0	-54	818	-56	192	0	-200
1	-56	392	1773196148	0	60	-6	55	-1	11	0	-55	731	-56	192	0	-200
1	-56	392	1773198132	2	51	-5	60	0	11	0	-55	742	-56	192	0	-200
1	-56	392	1773200128	2	46	-4	47	0	10	0	-55	752	-56	192	0	-200
1	-56	392	1773202128	4	48	-3	53	0	10	0	-55	762	-56	192	0	-200
1	-56	392	1773204124	4	40	-3	41	0	8	0	-55	770	-56	192	0	-200
1	-56	392	1773206128	3	35	-1	44	0	8	0	-55	778	-56	192	0	-200
1	-56	392	1773208132	5	36	-1	35	0	7	0	-55	785	-56	192	0	-200
1	-56	392	1773210128	5	29	0	35	0	6	0	-55	791	-56	192	0	-200
1	-56	392	1773212136	5	25	0	27	1	6	0	-54	797	-56	192	0	-200
1	-56	392	1773214128	5	25	0	29	0	5	0	-54	802	-56	192	0	-200
1	-56	392	1773216120	4	20	0	21	0	4	0	-54	806	-56	192	0	-200
1	-56	392	1773218140	5	16	1	22	1	4	0	-53	724	-56	192	0	-200
1	-56	392	1773220144	4	15	2	15	1	3	0	-52	727	-56	192	0	-200
1	-56	392	1773222132	4	11	1	16	0	3	1	-52	730	-56	192	0	-200
2	-56	392	1773224132	2	10	0	11	0	2	1	-56	194	-56	192	0	-200
2	-56	392	1773226140	3	9	1	10	1	2	1	-55	196	-56	192	0	-200
2	-56	392	1773228136	2	5	1	9	0	1	1	-55	197	-56	192	0	-200
2	-56	392	1773230136	1	5	0	5	0	1	1	-55	198	-56	192	0	-200
2	164	-360	1773232148	2	4	2	5	1	1	1	-54	199	108	-168	-56	192
2	164	-360	1773234096	0	2	0	4	0	0	1	-54	199	108	-168	-56	192
2	164	-360	1773236128	1	2	1	2	0	1	1	-54	200	108	-168	-56	192
2	164	-360	1773238092	0	1	0	1	0	0	1	-54	200	108	-168	-56	192
2	164	-360	1773240084	0	0	0	2	0	0	1	-54	200	108	-168	-56	192
2	164	-360	1773242084	0	0	0	1	0	0	1	-54	200	108	-168	-56	192
2	164	-360	1773246084	1	0	0	0	0	0	1	-54	200	108	-168	-56	192
2	164	-360	1773250080	1	0	0	0	0	0	1	-54	200	108	-168	-56	192
2	164	-360	1773252076	0	0	1	0	0	0	1	-54	200	108	-168	-56	192
2	164	-360	1773254072	3	0	0	0	0	0	1	-54	200	108	-168	-56	192
2	164	-360	1773256068	1	0	0	0	0	0	1	-54	200	108	-168	-56	192
2	164	-360	1773258116	3	0	0	-1	1	0	1	-53	200	108	-168	-56	192
2	164	-360	1773260072	3	0	1	0	0	0	1	-53	200	108	-168	-56	192
2	164	-360	1773262116	3	-2	2	-1	1	0	1	-52	200	108	-168	-56	192
2	164	-360	1773264080	4	0	0	0	0	0	1	-52	200	108	-168	-56	192
2	164	-360	1773266108	3	-1	1	-1	0	0	1	-52	200	108	-168	-56	192
2	164	-360	1773268120	5	-1	1	-1	1	0	1	-51	200	108	-168	-56	192
2	164	-360	1773270120	5	-1	1	-2	1	0	1	-50	200	108	-168	-56	192
2	164	-360	1773272112	5	-2	2	-1	0	0	1	-50	200	108	-168	-56	192
2	164	-360	1773274120	7	-1	1	-1	1	0	1	-49	200	108	-168	-56	192
2	164	-360	1773276116	5	-1	1	-1	1	0	1	-48	200	108	-168	-56	192
2	164	-360	1773278132	6	-3	3	-2	1	-1	1	-47	199	108	-168	-56	192
2	164	-360	1773280104	7	-1	1	-1	0	0	1	-47	199	108	-168	-56	192
2	164	-360	1773282116	7	-1	2	-1	1	0	1	-46	199	108	-168	-56	192
2	164	-360	1773284132	6	-1	2	-1	1	-1	1	-45	198	108	-168	-56	192
2	164	-360	1773286116	7	-3	2	-3	1	0	1	-44	198	108	-168	-56	192
2	164	-360	1773288120	8	-1	3	-1	1	0	1	-43	198	108	-168	-56	192
2	164	-360	1773290132	6	-1	2	-1	1	-1	1	-42	197	108	-168	-56	192
2	164	-360	1773292120	8	-3	1	-3	1	0	1	-41	197	108	-168	-56	192
2	164	-360	1773294120	7	-1	3	-1	1	0	1	-40	197	108	-168	-56	192
2	164	-360	1773296136	6	-4	4	-4	1	-1	0	-39	196	108	-168	-56	192
2	164	-360	1773298128	9	-4	2	-4	1	-1	0	-38	195	108	-168	-56	192
2	164	-360	1773300128	8	-5	4	-5	1	-1	0	-37	194	108	-168	-56	192
2	164	-360	1773302136	6	-6	4	-5	1	-1	0	-36	193	108	-168	-56	192
2	164	-360	1773304132	9	-7	6	-7	2	-1	0	-34	192	108	-168	-56	192
2	164	-360	1773306128	7	-10	5	-9	1	-2	0	-33	190	108	-168	-56	192
2	164	-360	1773308132	6	-12	7	-12	1	-3	0	-32	187	108	-168	-56	192
2	164	-360	1773310128	9	-15	8	-12	2	-2	0	-30	185	108	-168	-56	192
2	164	-360	1773312124	6	-15	10	-16	1	-4	0	-29	181	108	-168	-56	192
2	164	-360	1773314124	8	-18	9	-17	2	-3	0	-27	178	108	-168	-56	192
2	164	-360	1773316120	7	-24	13	-22	2	-5	0	-25	173	108	-168	-56	192
2	164	-360	1773318112	7	-25	13	-22	2	-4	0	-23	169	108	-168	-56	192
2	164	-360	1773320112	6	-28	16	-29	2	-6	0	-21	163	108	-168	-56	192
2	164	-360	1773322116	7	-36	15	-29	3	-7	0	-18	156	108	-168	-56	192
2	164	-360	1773324116	7	-35	21	-36	2	-7	0	-16	149	108	-168	-56	192
2	164	-360	1773326116	5	-40	20	-36	3	-7	0	-13	142	108	-168	-56	192
2	164	-360	1773328120	7	-49	25	-45	3	-10	0	-10	132	108	-168	-56	192
2	164	-360	1773330116	5	-46	24	-43	3	-9	0	-7	123	108	-168	-56	192
2	164	-360	1773332112	5	-51	29	-53	3	-10	0	-4	113	108	-168	-56	192
2	164	-360	1773334116	5	-63	31	-58	4	-12	0	0	101	108	-168	-56	192
2	164	-360	1773336120	4	-58	30	-55	3	-11	0	3	90	108	-168	-56	192
2	164	-360	1773338124	4	-63	36	-66	4	-13	0	7	77	108	-168	-56	192
2	164	-360	1773340128	3	-76	34	-61	4	-14	0	11	63	108	-168	-56	192
2	164	-360	1773342120	4	-71	40	-75	4	-15	0	15	48	108	-168	-56	192
2	164	-360	1773344128	3	-75	38	-70	5	-14	0	20	34	108	-168	-56	192
2	164	-360	1773346132	3	-89	46	-84	4	-17	0	24	17	108	-168	-56	192
2	164	-360	1773348132	2	-84	41	-76	5	-16	0	29	1	108	-168	-56	192
2	164	-360	1773350136	1	-86	51	-92	5	-18	0	34	-17	108	-168	-56	192
2	164	-360	1773352144	1	-101	47	-83	5	-19	0	39	-36	108	-168	-56	192
2	164	-360	1773354144	0	-94	55	-99	5	-19	0	44	-55	108	-168	-56	192
2	164	-360	1773356136	0	-96	48	-90	5	-18	0	49	-73	108	-168	-56	192
2	164	-360	1773358132	-1	-113	59	-106	6	-22	0	55	-95	108	-168	-56	192
2	164	-360	1773360128	-3	-101	53	-97	5	-20	0	60	-115	108	-168	-56	192
2	164	-360	1773362132	-4	-105	62	-111	6	-22	0	66	-137	108	-168	-56	192
2	164	-360	1773364136	-3	-120	63	-115	6	-23	0	72	-160	108	-168	-56	192
2	164	-360	1773366132	-5	-109	57	-102	5	-21	0	77	-181	108	-168	-56	192
2	164	-360	1773368132	-7	-111	65	-119	6	-23	0	83	-204	108	-168	-56	192
2	164	-360	1773370132	-6	-126	59	-106	5	-24	0	88	-228	108	-168	-56	192
2	164	-360	1773372132	-7	-114	66	-123	6	-23	0	94	-251	108	-168	-56	192
2	164	-360	1773374132	-9	-115	59	-107	5	-22	0	99	-273	108	-168	-56	192
2	164	-360	1773376132	-11	-130	67	-125	5	-26	0	104	-299	108	-168	-56	192
2	164	-360	1773378132	-10	-115	58	-109	5	-22	0	109	-321	108	-168	-56	192
2	164	-360	1773380136	-12	-115	66	-125	6	-24	0	115	-345	108	-168	-56	192
2	164	-360	1773382128	-12	-129	56	-109	4	-24	0	119	-369	108	-168	-56	192
2	164	-360	1773384132	-13	-112	63	-124	5	-24	0	124	-393	108	-168	-56	192
2	164	-360	1773386140	-11	-113	52	-106	4	-22	0	128	-415	108	-168	-56	192
2	164	-360	1773388132	-12	-124	59	-120	5	-24	0	133	-439	108	-168	-56	192
2	164	-360	1773390140	-12	-106	50	-104	4	-21	0	137	-460	108	-168	-56	192
2	164	-360	1773392132	-11	-105	55	-115	4	-22	0	141	-482	108	-168	-56	192
2	164	-360	1773394136	-11	-115	45	-98	3	-21	0	144	-503	108	-168	-56	192
2	164	-360	1773396128	-9	-99	49	-110	4	-21	0	148	-524	108	-168	-56	192
2	164	-360	1773398136	-9	-95	46	-107	4	-20	0	152	-544	108	-168	-56	192
2	164	-360	1773400140	-7	-102	38	-88	3	-19	0	155	-563	108	-168	-56	192
2	164	-360	1773402136	-6	-88	40	-99	4	-19	0	159	-582	108	-168	-56	192
2	164	-360	1773404132	-7	-83	32	-84	2	-17	0	161	-599	108	-168	-56	192
2	164	-360	1773406132	-5	-92	35	-92	3	-18	0	164	-617	108	-168	-56	192
2	164	-360	1773408132	-2	-77	28	-78	3	-16	0	167	-633	108	-168	-56	192
2	164	-360	1773410136	-3	-74	28	-85	2	-16	0	169	-649	108	-168	-56	192
2	164	-360	1773412132	-2	-80	23	-71	2	-15	0	171	-664	108	-168	-56	192
2	164	-360	1773414136	-1	-69	24	-79	3	-15	0	174	-679	108	-168	-56	192
2	164	-360	1773416136	-2	-66	20	-66	1	-13	0	175	-692	108	-168	-56	192
2	164	-360	1773418132	0	-71	18	-73	2	-14	0	177	-706	108	-168	-56	192
2	164	-360	1773420140	-1	-61	17	-61	2	-12	0	179	-718	108	-168	-56	192
2	164	-360	1773422140	0	-60	15	-67	1	-13	0	180	-731	108	-168	-56	192
2	164	-360	1773424132	-1	-65	12	-57	1	-12	0	181	-743	108	-168	-56	192
2	164	-360	1773426132	-1	-57	13	-62	2	-12	0	183	-755	108	-168	-56	192
2	164	-360	1773428120	-2	-53	10	-54	0	-11	0	183	-766	108	-168	-56	192
2	164	-360	1773430132	-1	-59	10	-57	1	-11	0	184	-777	108	-168	-56	192
2	164	-360	1773432132	-2	-50	8	-57	1	-11	0	185	-788	108	-168	-56	192
2	164	-360	1773434112	-3	-49	8	-47	0	-10	0	185	-730	108	-168	-56	192
2	164	-360	1773436132	-2	-51	7	-51	1	-10	0	186	-740	108	-168	-56	192
2	164	-360	1773438116	-3	-44	7	-44	0	-9	0	186	-749	108	-168	-56	192
2	164	-360	1773440132	-2	-42	6	-46	1	-9	0	187	-758	108	-168	-56	192
2	164	-360	1773442116	-3	-44	5	-40	0	-8	0	187	-766	108	-168	-56	192
2	164	-360	1773444116	-2	-36	5	-42	0	-8	0	187	-774	108	-168	-56	192
2	164	-360	1773446112	-3	-34	5	-35	0	-7	0	187	-781	108	-168	-56	192
2	164	-360	1773448124	-2	-36	4	-36	1	-7	0	188	-788	108	-168	-56	192
2	164	-360	1773450088	-3	-29	3	-30	0	-6	0	188	-794	108	-168	-56	192
2	164	-360	1773452112	-1	-26	5	-30	0	-5	0	188	-725	108	-168	-56	192
2	164	-360	1773454088	-3	-27	3	-26	0	-6	0	188	-731	108	-168	-56	192
2	164	-360	1773456108	-2	-22	4	-25	0	-4	0	188	-735	108	-168	-56	192
2	164	-360	1773458108	-1	-19	3	-21	0	-4	0	188	-739	108	-168	-56	192
2	164	-360	1773460120	-2	-19	3	-20	1	-4	0	189	-743	108	-168	-56	192
2	164	-360	1773462112	-1	-15	2	-17	0	-3	0	189	-746	108	-168	-56	192
2	164	-360	1773464112	-1	-12	3	-16	0	-3	0	189	-749	108	-168	-56	192
2	164	-360	1773466112	-1	-11	2	-14	0	-3	0	189	-752	108	-168	-56	192
2	164	-360	1773468088	-2	-9	2	-10	0	-2	0	189	-754	108	-168	-56	192
2	164	-360	1773470116	0	-8	2	-10	0	-1	0	189	-755	108	-168	-56	192
2	164	-360	1773472092	-1	-6	1	-6	0	-2	0	189	-757	108	-168	-56	192
2	164	-360	1773474116	0	-5	2	-7	0	-1	0	189	-758	108	-168	-56	192
2	164	-360	1773476088	-1	-4	1	-5	0	-1	0	189	-759	108	-168	-56	192
2	164	-360	1773478100	0	-2	1	-4	0	0	1	189	-759	108	-168	-56	192
3	164	-360	1773480084	0	-1	0	-3	0	-1	1	108	-169	108	-168	-56	192
3	-259	299	1773482116	0	-2	1	-2	1	0	1	109	-169	-151	131	108	-168
3	-259	299	1773484080	0	-1	0	-1	0	0	1	109	-169	-151	131	108	-168
3	-259	299	1773486096	0	0	0	-2	0	-1	1	109	-170	-151	131	108	-168
3	-259	299	1773490068	0	0	0	-1	0	0	1	109	-170	-151	131	108	-168
3	-259	299	1773518104	0	0	2	0	0	0	1	109	-170	-151	131	108	-168
3	-259	299	1773546120	0	0	0	1	0	0	1	109	-170	-151	131	108	-168
3	-259	299	1773548116	-1	0	0	0	0	0	1	109	-170	-151	131	108	-168
3	-259	299	1773550120	0	0	0	1	0	0	1	109	-170	-151	131	108	-168
3	-259	299	1773552144	-2	2	-1	1	0	0	0	109	-170	-151	131	108	-168
3	-259	299	1773554144	-2	3	-1	3	0	0	0	109	-170	-151	131	108	-168
3	-259	299	1773556172	-4	5	-3	5	-1	1	0	108	-169	-151	131	108	-168
3	-259	299	1773558168	-4	7	-2	6	0	2	0	108	-167	-151	131	108	-168
3	-259	299	1773560180	-6	8	-5	7	-1	1	0	107	-166	-151	131	108	-168
3	-259	299	1773562176	-6	10	-5	10	-1	2	0	106	-164	-151	131	108	-168
3	-259	299	1773564172	-8	13	-8	13	-2	3	0	104	-161	-151	131	108	-168
3	-259	299	1773566180	-11	16	-7	12	-2	3	0	102	-158	-151	131	108	-168
3	-259	299	1773568180	-10	18	-13	18	-2	3	0	100	-155	-151	131	108	-168
3	-259	299	1773570184	-12	18	-11	16	-2	4	0	98	-151	-151	131	108	-168
3	-259	299	1773572184	-15	25	-17	23	-4	4	0	94	-147	-151	131	108	-168
3	-259	299	1773574192	-14	25	-17	21	-3	5	0	91	-142	-151	131	108	-168
3	-259	299	1773576192	-16	27	-23	29	-4	6	0	87	-136	-151	131	108	-168
3	-259	299	1773578184	-20	35	-24	26	-4	6	0	83	-130	-151	131	108	-168
3	-259	299	1773580188	-20	33	-31	34	-5	6	0	78	-124	-151	131	108	-168
3	-259	299	1773582188	-20	37	-32	32	-5	7	0	73	-117	-151	131	108	-168
3	-259	299	1773584192	-24	42	-40	40	-7	9	0	66	-108	-151	131	108	-168
3	-259	299	1773586196	-24	41	-46	43	-7	8	0	59	-100	-151	131	108	-168
3	-259	299	1773588188	-24	44	-44	40	-7	8	0	52	-92	-151	131	108	-168
3	-259	299	1773590192	-27	51	-56	46	-8	10	0	44	-82	-151	131	108	-168
3	-259	299	1773592188	-26	48	-55	42	-8	9	0	36	-73	-151	131	108	-168
3	-259	299	1773594192	-27	50	-66	52	-9	10	0	27	-63	-151	131	108	-168
3	-259	299	1773596192	-32	59	-64	47	-10	11	0	17	-52	-151	131	108	-168
3	-259	299	1773598196	-30	55	-77	55	-11	11	0	6	-41	-151	131	108	-168
3	-259	299	1773600188	-31	57	-73	51	-10	11	0	-4	-30	-151	131	108	-168
3	-259	299	1773602204	-37	68	-89	60	-13	12	0	-17	-18	-151	131	108	-168
3	-259	299	1773604192	-33	61	-82	57	-11	12	0	-28	-6	-151	131	108	-168
3	-259	299	1773606192	-37	65	-100	65	-14	13	0	-42	7	-151	131	108	-168
3	-259	299	1773608192	-41	75	-93	58	-13	14	0	-55	21	-151	131	108	-168
3	-259	299	1773610192	-37	70	-110	70	-15	14	0	-70	35	-151	131	108	-168
3	-259	299	1773612188	-40	71	-100	63	-14	13	0	-84	48	-151	131	108	-168
3	-259	299	1773614184	-47	84	-118	75	-16	16	0	-100	64	-151	131	108	-168
3	-259	299	1773616180	-41	76	-108	67	-15	14	0	-115	78	-151	131	108	-168
3	-259	299	1773618168	-42	79	-126	82	-17	16	0	-132	94	-151	131	108	-168
3	-259	299	1773620164	-49	90	-115	72	-16	16	0	-148	110	-151	131	108	-168
3	-259	299	1773622168	-44	84	-133	85	-18	17	0	-166	127	-151	131	108	-168
3	-259	299	1773624176	-45	86	-136	89	-18	18	0	-184	145	-151	131	108	-168
3	-259	299	1773626172	-50	99	-122	79	-17	18	0	-201	163	-151	131	108	-168
3	-259	299	1773628172	-45	90	-142	93	-19	18	0	-220	181	-151	131	108	-168
3	-259	299	1773630168	-44	92	-125	84	-17	18	0	-237	199	-151	131	108	-168
3	-259	299	1773632160	-50	106	-143	96	-19	20	0	-256	219	-151	131	108	-168
3	-259	299	1773634160	-43	97	-128	87	-17	18	0	-273	237	-151	131	108	-168
3	-259	299	1773636156	-43	96	-145	100	-19	20	0	-292	257	-151	131	108	-168
3	-259	299	1773638160	-46	110	-126	88	-17	20	0	-309	277	-151	131	108	-168
3	-259	299	1773640160	-40	99	-144	102	-19	20	0	-328	297	-151	131	108	-168
3	-259	299	1773642164	-38	100	-125	90	-16	19	0	-344	316	-151	131	108	-168
3	-259	299	1773644168	-41	111	-140	102	-18	21	0	-362	337	-151	131	108	-168
3	-259	299	1773646164	-34	99	-122	90	-16	19	0	-378	356	-151	131	108	-168
3	-259	299	1773648164	-33	97	-138	103	-17	20	0	-395	376	-151	131	108	-168
3	-259	299	1773650164	-35	109	-117	90	-15	20	0	-410	396	-151	131	108	-168
3	-259	299	1773652164	-30	96	-133	100	-16	19	0	-426	415	-151	131	108	-168
3	-259	299	1773654164	-30	93	-112	87	-15	18	0	-441	433	-151	131	108	-168
3	-259	299	1773656160	-32	102	-125	98	-15	20	0	-456	453	-151	131	108	-168
3	-259	299	1773658164	-26	89	-107	82	-14	17	0	-470	470	-151	131	108	-168
3	-259	299	1773660168	-26	85	-117	93	-14	18	0	-484	488	-151	131	108	-168
3	-259	299	1773662160	-29	94	-99	78	-13	17	0	-497	505	-151	131	108	-168
3	-259	299	1773664160	-25	78	-109	88	-13	17	0	-510	522	-151	131	108	-168
3	-259	299	1773666168	-24	77	-103	84	-13	16	0	-523	538	-151	131	108	-168
3	-259	299	1773668164	-28	82	-88	70	-11	15	0	-534	553	-151	131	108	-168
3	-259	299	1773670168	-24	69	-95	77	-12	15	0	-546	568	-151	131	108	-168
3	-259	299	1773672172	-25	66	-80	65	-11	13	0	-557	581	-151	131	108	-168
3	-259	299	1773674172	-28	71	-86	71	-11	14	0	-568	595	-151	131	108	-168
3	-259	299	1773676176	-25	60	-73	59	-10	12	0	-578	607	-151	131	108	-168
3	-259	299	1773678180	-23	57	-78	66	-10	12	0	-588	619	-151	131	108	-168
3	-259	299	1773680184	-28	60	-64	54	-9	12	0	-597	631	-151	131	108	-168
3	-259	299	1773682180	-24	51	-70	59	-10	11	0	-607	642	-151	131	108	-168
3	-259	299	1773684176	-22	49	-58	47	-8	9	0	-615	651	-151	131	108	-168
3	-259	299	1773686176	-24	51	-61	54	-8	11	0	-623	662	-151	131	108	-168
3	-259	299	1773688188	-21	44	-50	43	-7	9	0	-630	671	-151	131	108	-168
3	-259	299	1773690180	-20	41	-52	47	-8	8	0	-638	679	-151	131	108	-168
3	-259	299	1773692184	-20	44	-44	40	-6	9	0	-644	688	-151	131	108	-168
3	-259	299	1773694188	-18	36	-46	43	-6	8	0	-650	696	-151	131	108	-168
3	-259	299	1773696188	-15	35	-42	40	-6	7	0	-656	703	-151	131	108	-168
3	-259	299	1773698192	-15	36	-33	32	-5	7	0	-661	710	-151	131	108	-168
3	-259	299	1773700196	-12	29	-35	35	-5	6	0	-666	716	-151	131	108	-168
3	-259	299	1773702204	-11	29	-27	29	-3	6	0	-669	722	-151	131	108	-168
3	-259	299	1773704192	-12	27	-28	31	-4	6	0	-673	728	-151	131	108	-168
3	-259	299	1773706196	-7	24	-22	24	-3	5	0	-676	733	-151	131	108	-168
3	-259	299	1773708196	-8	21	-22	25	-3	4	0	-679	737	-151	131	108	-168
3	-259	299	1773710196	-6	20	-16	20	-2	4	0	-681	741	-151	131	108	-168
3	-259	299	1773712192	-6	16	-18	20	-3	4	0	-684	745	-151	131	108	-168
3	-259	299	1773714196	-4	14	-12	15	-1	3	0	-685	723	-151	131	108	-168
3	-259	299	1773716196	-4	13	-13	16	-2	3	0	-687	726	-151	131	108	-168
3	-259	299	1773718196	-2	10	-9	11	-1	2	0	-688	728	-151	131	108	-168
3	-259	299	1773720192	-1	8	-8	12	-1	2	1	-689	730	-151	131	108	-168
4	-259	299	1773722196	-3	8	-7	10	-1	2	1	-152	133	-151	131	108	-168
4	-259	299	1773724184	0	5	-3	6	0	1	1	-152	134	-151	131	108	-168
4	-259	299	1773726192	-1	4	-5	6	-1	1	1	-153	135	-151	131	108	-168
4	-259	299	1773728180	0	3	-3	4	0	1	1	-153	136	-151	131	108	-168
4	333	-214	1773730176	0	2	-1	2	0	0	1	-153	136	182	-83	-151	131
4	333	-214	1773732184	0	1	-1	3	-1	0	1	-154	136	182	-83	-151	131
4	333	-214	1773734156	0	1	0	1	0	1	1	-154	137	182	-83	-151	131
4	333	-214	1773736172	0	0	-2	1	0	0	1	-154	137	182	-83	-151	131
4	333	-214	1773752152	1	0	0	0	0	0	1	-154	137	182	-83	-151	131
4	333	-214	1773754152	2	0	1	0	0	0	1	-154	137	182	-83	-151	131
4	333	-214	1773756172	1	-1	0	0	0	0	1	-154	137	182	-83	-151	131
4	333	-214	1773758168	1	-2	1	0	0	0	1	-154	137	182	-83	-151	131
4	333	-214	1773760172	3	-1	1	-1	0	0	1	-154	137	182	-83	-151	131
4	333	-214	1773762184	1	-1	2	-3	1	0	1	-153	137	182	-83	-151	131
4	333	-214	1773764184	2	-4	1	-2	0	-1	1	-153	136	182	-83	-151	131
4	333	-214	1773766164	3	-2	2	-3	0	0	1	-153	136	182	-83	-151	131
4	333	-214	1773768188	1	-5	3	-5	1	-1	1	-152	135	182	-83	-151	131
4	333	-214	1773770172	3	-7	2	-5	0	-2	1	-152	133	182	-83	-151	131
4	333	-214	1773772196	2	-6	5	-6	1	-1	1	-151	132	182	-83	-151	131
4	333	-214	1773774204	1	-7	4	-6	1	-1	1	-150	131	182	-83	-151	131
4	333	-214	1773776188	3	-9	6	-8	0	-2	1	-150	129	182	-83	-151	131
4	333	-214	1773778196	1	-10	5	-9	1	-2	1	-149	127	182	-83	-151	131
4	333	-214	1773780196	1	-10	8	-10	1	-2	1	-148	125	182	-83	-151	131
4	333	-214	1773782188	2	-13	7	-10	1	-2	1	-147	123	182	-83	-151	131
4	333	-214	1773784184	1	-12	10	-13	1	-2	1	-146	121	182	-83	-151	131
4	333	-214	1773786180	1	-14	9	-13	1	-3	1	-145	118	182	-83	-151	131
4	333	-214	1773788176	0	-15	13	-15	1	-3	1	-144	115	182	-83	-151	131
4	333	-214	1773790172	0	-16	12	-14	1	-3	0	-143	112	182	-83	-151	131
4	333	-214	1773792172	1	-16	15	-17	2	-3	0	-141	109	182	-83	-151	131
4	333	-214	1773794172	0	-19	15	-16	2	-4	0	-139	105	182	-83	-151	131
4	333	-214	1773796172	0	-18	19	-20	1	-4	0	-138	101	182	-83	-151	131
4	333	-214	1773798172	2	-18	21	-20	3	-4	0	-135	97	182	-83	-151	131
4	333	-214	1773800176	0	-22	19	-18	2	-4	0	-133	93	182	-83	-151	131
4	333	-214	1773802168	1	-18	24	-22	2	-4	0	-131	89	182	-83	-151	131
4	333	-214	1773804172	1	-22	23	-19	3	-4	0	-128	85	182	-83	-151	131
4	333	-214	1773806176	3	-23	28	-24	3	-4	0	-125	81	182	-83	-151	131
4	333	-214	1773808172	2	-23	26	-21	2	-5	0	-123	76	182	-83	-151	131
4	333	-214	1773810172	4	-24	33	-25	4	-5	0	-119	71	182	-83	-151	131
4	333	-214	1773812172	4	-27	31	-23	4	-5	0	-115	66	182	-83	-151	131
4	333	-214	1773814176	5	-26	37	-27	4	-5	0	-111	61	182	-83	-151	131
4	333	-214	1773816176	5	-28	35	-25	4	-5	0	-107	56	182	-83	-151	131
4	333	-214	1773818176	6	-34	43	-30	5	-7	0	-102	49	182	-83	-151	131
4	333	-214	1773820176	7	-30	40	-29	4	-6	0	-98	43	182	-83	-151	131
4	333	-214	1773822176	8	-32	47	-32	6	-6	0	-92	37	182	-83	-151	131
4	333	-214	1773824176	9	-39	44	-30	5	-7	0	-87	30	182	-83	-151	131
4	333	-214	1773826176	10	-36	53	-37	7	-7	0	-80	23	182	-83	-151	131
4	333	-214	1773828168	10	-38	48	-32	5	-7	0	-75	16	182	-83	-151	131
4	333	-214	1773830172	11	-45	58	-40	7	-9	0	-68	7	182	-83	-151	131
4	333	-214	1773832168	11	-41	61	-41	7	-8	0	-61	-1	182	-83	-151	131
4	333	-214	1773834168	11	-44	54	-38	7	-8	0	-54	-9	182	-83	-151	131
4	333	-214	1773836176	14	-50	65	-46	8	-10	0	-46	-19	182	-83	-151	131
4	333	-214	1773838172	13	-48	57	-43	7	-9	0	-39	-28	182	-83	-151	131
4	333	-214	1773840168	12	-49	69	-50	8	-10	0	-31	-38	182	-83	-151	131
4	333	-214	1773842164	15	-59	60	-46	7	-10	0	-24	-48	182	-83	-151	131
4	333	-214	1773844160	14	-54	71	-54	9	-11	0	-15	-59	182	-83	-151	131
4	333	-214	1773846156	14	-53	64	-50	8	-10	0	-7	-69	182	-83	-151	131
4	333	-214	1773848156	17	-64	74	-58	9	-12	0	2	-81	182	-83	-151	131
4	333	-214	1773850156	16	-59	66	-53	8	-12	0	10	-93	182	-83	-151	131
4	333	-214	1773852156	18	-59	78	-61	10	-12	0	20	-105	182	-83	-151	131
4	333	-214	1773854152	20	-67	70	-55	9	-12	0	29	-117	182	-83	-151	131
4	333	-214	1773856156	21	-61	81	-63	10	-12	0	39	-129	182	-83	-151	131
4	333	-214	1773858156	21	-63	74	-56	9	-12	0	48	-141	182	-83	-151	131
4	333	-214	1773860156	28	-70	86	-65	12	-14	0	60	-155	182	-83	-151	131
4	333	-214	1773862160	26	-62	77	-56	10	-11	0	70	-166	182	-83	-151	131
4	333	-214	1773864164	29	-62	92	-65	12	-13	0	82	-179	182	-83	-151	131
4	333	-214	1773866168	35	-70	92	-65	13	-14	0	95	-193	182	-83	-151	131
4	333	-214	1773868176	32	-61	85	-56	12	-11	0	107	-204	182	-83	-151	131
4	333	-214	1773870164	38	-60	98	-64	13	-13	0	120	-217	182	-83	-151	131
4	333	-214	1773872172	44	-66	90	-55	14	-12	0	134	-229	182	-83	-151	131
4	333	-214	1773874156	42	-59	103	-64	14	-12	0	148	-241	182	-83	-151	131
4	333	-214	1773876156	46	-56	95	-54	14	-11	0	162	-252	182	-83	-151	131
4	333	-214	1773878160	54	-63	112	-62	17	-13	0	179	-265	182	-83	-151	131
4	333	-214	1773880160	53	-55	100	-53	15	-10	0	194	-275	182	-83	-151	131
4	333	-214	1773882156	53	-52	116	-58	17	-11	0	211	-286	182	-83	-151	131
4	333	-214	1773884152	64	-58	105	-52	17	-11	0	228	-297	182	-83	-151	131
4	333	-214	1773886152	59	-50	121	-56	18	-11	0	246	-308	182	-83	-151	131
4	333	-214	1773888148	62	-48	109	-50	17	-10	0	263	-318	182	-83	-151	131
4	333	-214	1773890148	64	-48	124	-55	19	-10	0	282	-328	182	-83	-151	131
4	333	-214	1773892144	75	-52	110	-47	18	-10	0	300	-338	182	-83	-151	131
4	333	-214	1773894140	68	-45	127	-55	20	-10	0	320	-348	182	-83	-151	131
4	333	-214	1773896140	68	-45	111	-47	18	-9	0	338	-357	182	-83	-151	131
4	333	-214	1773898144	80	-49	128	-52	20	-10	0	358	-367	182	-83	-151	131
4	333	-214	1773900152	70	-41	111	-46	19	-9	0	377	-376	182	-83	-151	131
4	333	-214	1773902144	72	-42	128	-52	20	-9	0	397	-385	182	-83	-151	131
4	333	-214	1773904148	80	-45	110	-43	19	-9	0	416	-394	182	-83	-151	131
4	333	-214	1773906148	70	-40	125	-50	19	-9	0	435	-403	182	-83	-151	131
4	333	-214	1773908152	70	-37	123	-48	19	-9	0	454	-412	182	-83	-151	131
4	333	-214	1773910156	77	-43	107	-41	19	-8	0	473	-420	182	-83	-151	131
4	333	-214	1773912160	66	-36	118	-46	18	-8	0	491	-428	182	-83	-151	131
4	333	-214	1773914160	74	-41	102	-40	18	-8	0	509	-436	182	-83	-151	131
4	333	-214	1773916156	63	-35	113	-44	17	-8	0	526	-444	182	-83	-151	131
4	333	-214	1773918164	60	-35	97	-38	16	-8	0	542	-452	182	-83	-151	131
4	333	-214	1773920160	63	-39	106	-42	17	-8	0	559	-460	182	-83	-151	131
4	333	-214	1773922164	54	-32	90	-36	14	-7	0	573	-467	182	-83	-151	131
4	333	-214	1773924160	51	-34	99	-40	15	-7	0	588	-474	182	-83	-151	131
4	333	-214	1773926160	55	-36	82	-35	14	-7	0	602	-481	182	-83	-151	131
4	333	-214	1773928156	45	-32	91	-38	14	-7	0	616	-488	182	-83	-151	131
4	333	-214	1773930156	43	-31	75	-32	11	-6	0	627	-494	182	-83	-151	131
4	333	-214	1773932156	45	-34	83	-37	13	-7	0	640	-501	182	-83	-151	131
4	333	-214	1773934152	37	-28	67	-30	11	-6	0	651	-507	182	-83	-151	131
4	333	-214	1773936152	34	-29	74	-33	10	-6	0	661	-513	182	-83	-151	131
4	333	-214	1773938152	36	-31	69	-32	11	-7	0	672	-520	182	-83	-151	131
4	333	-214	1773940152	29	-27	55	-27	8	-5	0	680	-525	182	-83	-151	131
4	333	-214	1773942156	28	-26	59	-29	9	-6	0	689	-531	182	-83	-151	131
4	333	-214	1773944160	27	-26	47	-24	7	-5	0	696	-536	182	-83	-151	131
4	333	-214	1773946172	21	-23	50	-26	8	-5	0	704	-541	182	-83	-151	131
4	333	-214	1773948168	22	-21	40	-21	6	-4	0	710	-545	182	-83	-151	131
4	333	-214	1773950164	20	-22	43	-24	6	-4	0	716	-549	182	-83	-151	131
4	333	-214	1773952156	17	-19	32	-19	5	-4	0	721	-553	182	-83	-151	131
4	333	-214	1773954160	15	-18	34	-20	5	-4	0	726	-557	182	-83	-151	131
4	333	-214	1773956156	13	-15	27	-16	4	-3	0	730	-560	182	-83	-151	131
4	333	-214	1773958140	13	-16	28	-17	4	-3	0	734	-563	182	-83	-151	131
4	333	-214	1773960148	10	-12	20	-14	3	-3	0	737	-566	182	-83	-151	131
4	333	-214	1773962144	9	-12	21	-14	3	-3	0	740	-569	182	-83	-151	131
4	333	-214	1773964144	9	-11	16	-11	2	-2	0	742	-571	182	-83	-151	131
4	333	-214	1773966144	6	-9	17	-11	3	-2	0	745	-573	182	-83	-151	131
4	333	-214	1773968140	5	-7	12	-9	1	-1	0	746	-574	182	-83	-151	131
4	333	-214	1773970136	5	-8	13	-9	2	-2	0	748	-576	182	-83	-151	131
4	333	-214	1773972136	4	-6	8	-6	1	-1	0	749	-577	182	-83	-151	131
4	333	-214	1773974136	2	-5	9	-6	2	-1	0	751	-578	182	-83	-151	131
4	333	-214	1773976140	3	-5	8	-7	1	-2	1	752	-580	182	-83	-151	131
5	333	-214	1773978116	2	-2	5	-3	0	0	1	182	-83	182	-83	-151	131
5	333	-214	1773980140	2	-4	5	-4	1	-1	1	183	-84	182	-83	-151	131
5	333	-214	1773982124	1	-3	3	-4	0	-1	1	183	-85	182	-83	-151	131
5	333	-214	1773984136	0	-1	4	-2	1	0	1	184	-85	182	-83	-151	131
5	-380	111	1773986124	1	-1	3	-2	0	0	1	184	-85	-198	28	182	-83
5	-380	111	1773988124	0	-1	2	-2	0	0	1	184	-85	-198	28	182	-83
5	-380	111	1773990152	0	-2	1	0	1	-1	1	185	-86	-198	28	182	-83
5	-380	111	1773992120	0	0	2	-1	0	0	1	185	-86	-198	28	182	-83
5	-380	111	1773994128	0	-1	1	-2	0	0	1	185	-86	-198	28	182	-83
5	-380	111	1773996104	0	0	1	0	0	0	1	185	-86	-198	28	182	-83
5	-380	111	1773998100	0	0	0	-1	0	0	1	185	-86	-198	28	182	-83
5	-380	111	1774006096	0	0	1	0	0	0	1	185	-86	-198	28	182	-83
5	-380	111	1774010096	0	-1	0	0	0	0	1	185	-86	-198	28	182	-83
5	-380	111	1774056108	0	0	0	0	0	0	0	185	-86	-198	28	182	-83
5	-380	111	1774064172	-1	0	-1	1	0	0	0	185	-86	-198	28	182	-83
5	-380	111	1774066172	-3	1	-3	1	0	0	0	185	-86	-198	28	182	-83
5	-380	111	1774068184	-4	3	-4	2	-1	0	0	184	-86	-198	28	182	-83
5	-380	111	1774070184	-6	4	-6	3	-1	0	0	183	-86	-198	28	182	-83
5	-380	111	1774072192	-9	3	-7	4	-1	1	0	182	-85	-198	28	182	-83
5	-380	111	1774074188	-8	5	-12	6	-2	1	0	180	-84	-198	28	182	-83
5	-380	111	1774076192	-13	7	-11	6	-3	1	0	177	-83	-198	28	182	-83
5	-380	111	1774078188	-14	7	-19	8	-3	2	0	174	-81	-198	28	182	-83
5	-380	111	1774080184	-15	9	-18	7	-3	1	0	171	-80	-198	28	182	-83
5	-380	111	1774082176	-20	11	-27	10	-5	3	0	166	-77	-198	28	182	-83
5	-380	111	1774084180	-20	10	-27	11	-5	2	0	161	-75	-198	28	182	-83
5	-380	111	1774086172	-22	13	-38	14	-6	2	0	155	-73	-198	28	182	-83
5	-380	111	1774088172	-29	16	-37	14	-6	3	0	149	-70	-198	28	182	-83
5	-380	111	1774090176	-29	16	-50	16	-8	4	0	141	-66	-198	28	182	-83
5	-380	111	1774092180	-32	18	-50	18	-8	3	0	133	-63	-198	28	182	-83
5	-380	111	1774094184	-39	21	-64	21	-11	4	0	122	-59	-198	28	182	-83
5	-380	111	1774096180	-37	21	-61	19	-10	4	0	112	-55	-198	28	182	-83
5	-380	111	1774098176	-40	21	-78	25	-11	5	0	101	-50	-198	28	182	-83
5	-380	111	1774100176	-48	25	-73	22	-12	5	0	89	-45	-198	28	182	-83
5	-380	111	1774102172	-46	24	-93	28	-14	5	0	75	-40	-198	28	182	-83
5	-380	111	1774104172	-49	25	-99	28	-15	5	0	60	-35	-198	28	182	-83
5	-380	111	1774106168	-57	29	-92	25	-15	6	0	45	-29	-198	28	182	-83
5	-380	111	1774108168	-55	27	-111	32	-17	5	0	28	-24	-198	28	182	-83
5	-380	111	1774110172	-58	28	-104	27	-16	6	0	12	-18	-198	28	182	-83
5	-380	111	1774112176	-69	34	-125	33	-19	7	0	-7	-11	-198	28	182	-83
5	-380	111	1774114184	-65	30	-114	30	-18	6	0	-25	-5	-198	28	182	-83
5	-380	111	1774116184	-67	32	-135	35	-20	6	0	-45	1	-198	28	182	-83
5	-380	111	1774118184	-79	38	-122	31	-20	7	0	-65	8	-198	28	182	-83
5	-380	111	1774120188	-72	33	-143	37	-22	7	0	-87	15	-198	28	182	-83
5	-380	111	1774122192	-74	35	-129	34	-20	7	0	-107	22	-198	28	182	-83
5	-380	111	1774124184	-85	39	-150	39	-24	8	0	-131	30	-198	28	182	-83
5	-380	111	1774126188	-78	36	-133	35	-21	7	0	-152	37	-198	28	182	-83
5	-380	111	1774128192	-78	38	-155	40	-23	8	0	-175	45	-198	28	182	-83
5	-380	111	1774130196	-89	42	-139	36	-23	8	0	-198	53	-198	28	182	-83
5	-380	111	1774132196	-80	39	-159	43	-24	8	0	-222	61	-198	28	182	-83
5	-380	111	1774134192	-80	39	-160	42	-24	8	0	-246	69	-198	28	182	-83
5	-380	111	1774136196	-91	45	-140	39	-23	8	0	-269	77	-198	28	182	-83
5	-380	111	1774138196	-80	40	-161	44	-24	9	0	-293	86	-198	28	182	-83
5	-380	111	1774140196	-79	40	-140	40	-22	8	0	-315	94	-198	28	182	-83
5	-380	111	1774142204	-88	45	-160	45	-25	9	0	-340	103	-198	28	182	-83
5	-380	111	1774144204	-76	40	-138	40	-21	8	0	-361	111	-198	28	182	-83
5	-380	111	1774146204	-75	39	-157	46	-23	8	0	-384	119	-198	28	182	-83
5	-380	111	1774148208	-84	43	-135	39	-22	8	0	-406	127	-198	28	182	-83
5	-380	111	1774150212	-72	38	-153	45	-23	9	0	-429	136	-198	28	182	-83
5	-380	111	1774152216	-73	37	-130	37	-20	7	0	-449	143	-198	28	182	-83
5	-380	111	1774154220	-78	40	-147	43	-23	8	0	-472	151	-198	28	182	-83
5	-380	111	1774156212	-70	37	-126	37	-19	8	0	-491	159	-198	28	182	-83
5	-380	111	1774158216	-69	35	-143	40	-21	7	0	-512	166	-198	28	182	-83
5	-380	111	1774160220	-75	37	-137	40	-22	8	0	-534	174	-198	28	182	-83
5	-380	111	1774162220	-66	33	-118	34	-18	7	0	-552	181	-198	28	182	-83
5	-380	111	1774164224	-64	31	-131	37	-19	7	0	-571	188	-198	28	182	-83
5	-380	111	1774166228	-71	35	-111	32	-19	6	0	-590	194	-198	28	182	-83
5	-380	111	1774168224	-62	29	-124	33	-18	6	0	-608	200	-198	28	182	-83
5	-380	111	1774170220	-60	28	-105	29	-17	6	0	-625	206	-198	28	182	-83
5	-380	111	1774172212	-66	32	-115	33	-18	7	0	-643	213	-198	28	182	-83
5	-380	111	1774174220	-57	26	-98	26	-15	5	0	-658	218	-198	28	182	-83
5	-380	111	1774176212	-57	26	-106	29	-17	5	0	-675	223	-198	28	182	-83
5	-380	111	1774178220	-60	28	-89	25	-15	6	0	-690	229	-198	28	182	-83
5	-380	111	1774180216	-51	23	-97	26	-14	5	0	-704	234	-198	28	182	-83
5	-380	111	1774182216	-50	23	-81	22	-13	4	0	-717	238	-198	28	182	-83
5	-380	111	1774184216	-54	25	-89	27	-15	5	0	-732	243	-198	28	182	-83
5	-380	111	1774186212	-43	22	-74	21	-11	5	0	-743	248	-198	28	182	-83
5	-380	111	1774188212	-43	20	-79	24	-13	4	0	-756	252	-198	28	182	-83
5	-380	111	1774190212	-45	24	-65	21	-11	4	0	-767	256	-198	28	182	-83
5	-380	111	1774192212	-36	19	-70	22	-10	5	0	-777	261	-198	28	182	-83
5	-380	111	1774194212	-35	20	-63	22	-10	4	0	-787	265	-198	28	182	-83
5	-380	111	1774196212	-35	20	-52	18	-9	4	0	-796	269	-198	28	182	-83
5	-380	111	1774198208	-29	17	-55	20	-8	3	0	-804	272	-198	28	182	-83
5	-380	111	1774200212	-26	17	-42	17	-7	4	0	-811	276	-198	28	182	-83
5	-380	111	1774202216	-26	17	-44	17	-7	3	0	-818	279	-198	28	182	-83
5	-380	111	1774204212	-20	14	-35	15	-5	3	0	-823	282	-198	28	182	-83
5	-380	111	1774206220	-18	12	-35	15	-6	3	0	-829	285	-198	28	182	-83
5	-380	111	1774208212	-16	13	-26	13	-4	2	0	-833	287	-198	28	182	-83
5	-380	111	1774210212	-14	10	-26	12	-4	2	0	-837	289	-198	28	182	-83
5	-380	111	1774212208	-10	10	-20	10	-3	2	1	-840	291	-198	28	182	-83
6	-380	111	1774214212	-10	9	-20	10	-3	2	1	-201	30	-198	28	182	-83
6	-380	111	1774216208	-7	6	-14	8	-2	2	1	-203	32	-198	28	182	-83
6	-380	111	1774218204	-5	6	-14	7	-2	1	1	-205	33	-198	28	182	-83
6	-380	111	1774220204	-5	5	-9	5	-1	1	1	-206	34	-198	28	182	-83
6	-380	111	1774222200	-3	4	-8	6	-1	1	1	-207	35	-198	28	182	-83
6	-380	111	1774224196	-1	2	-5	4	-1	1	1	-208	36	-198	28	182	-83
6	396	0	1774226180	-1	3	-4	3	-1	0	1	-209	36	198	28	-198	28
6	396	0	1774228180	0	1	-3	2	0	1	1	-209	37	198	28	-198	28
6	396	0	1774230164	0	0	-1	1	0	0	1	-209	37	198	28	-198	28
6	396	0	1774232136	2	0	-1	0	0	0	1	-209	37	198	28	-198	28
6	396	0	1774234164	4	0	0	2	0	0	1	-209	37	198	28	-198	28
6	396	0	1774236136	4	0	0	0	0	0	1	-209	37	198	28	-198	28
6	396	0	1774238144	5	0	2	0	1	0	1	-208	37	198	28	-198	28
6	396	0	1774240156	5	0	1	-1	0	0	1	-208	37	198	28	-198	28
6	396	0	1774242172	5	0	2	-1	1	0	1	-207	37	198	28	-198	28
6	396	0	1774244168	7	0	2	-1	1	0	1	-206	37	198	28	-198	28
6	396	0	1774246160	7	-1	2	-2	1	0	1	-205	37	198	28	-198	28
6	396	0	1774248160	7	-2	3	-1	1	0	1	-204	37	198	28	-198	28
6	396	0	1774250160	9	-1	2	-1	1	0	1	-203	37	198	28	-198	28
6	396	0	1774252160	7	-1	3	-1	1	0	1	-202	37	198	28	-198	28
6	396	0	1774254172	8	-1	2	-2	1	-1	1	-201	36	198	28	-198	28
6	396	0	1774256156	9	-3	3	-1	1	0	1	-200	36	198	28	-198	28
6	396	0	1774258152	8	-1	2	-2	1	0	1	-199	36	198	28	-198	28
6	396	0	1774260168	8	-1	3	-2	1	-1	1	-198	35	198	28	-198	28
6	396	0	1774262152	9	-3	2	-1	1	0	1	-197	35	198	28	-198	28
6	396	0	1774264156	7	-1	4	-2	1	0	1	-196	35	198	28	-198	28
6	396	0	1774266168	8	-1	2	-2	1	-1	1	-195	34	198	28	-198	28
6	396	0	1774268152	7	-2	3	-2	1	0	1	-194	34	198	28	-198	28
6	396	0	1774270156	6	-1	1	-1	1	0	1	-193	34	198	28	-198	28
6	396	0	1774272168	5	-1	3	-2	1	-1	1	-192	33	198	28	-198	28
6	396	0	1774274152	7	-3	2	-1	1	0	1	-191	33	198	28	-198	28
6	396	0	1774276144	5	-1	1	-1	0	0	1	-191	33	198	28	-198	28
6	396	0	1774278156	3	-1	3	-1	1	0	1	-190	33	198	28	-198	28
6	396	0	1774280168	7	-3	2	-3	1	-1	1	-189	32	198	28	-198	28
6	396	0	1774282156	3	-1	4	-1	1	0	1	-188	32	198	28	-198	28
6	396	0	1774284156	5	-2	4	-3	0	-1	1	-188	31	198	28	-198	28
6	396	0	1774286152	5	-4	6	-3	2	0	1	-186	31	198	28	-198	28
6	396	0	1774288168	7	-4	5	-3	1	-1	1	-185	30	198	28	-198	28
6	396	0	1774290164	5	-4	9	-5	1	-1	1	-184	29	198	28	-198	28
6	396	0	1774292160	7	-5	9	-4	2	-1	1	-182	28	198	28	-198	28
6	396	0	1774294156	8	-6	12	-6	2	-1	1	-180	27	198	28	-198	28
6	396	0	1774296160	8	-5	13	-5	2	-1	0	-178	26	198	28	-198	28
6	396	0	1774298164	13	-7	18	-7	3	-2	0	-175	24	198	28	-198	28
6	396	0	1774300156	12	-9	19	-8	3	-1	0	-172	23	198	28	-198	28
6	396	0	1774302152	15	-8	26	-9	4	-2	0	-168	21	198	28	-198	28
6	396	0	1774304160	22	-10	28	-7	5	-2	0	-163	19	198	28	-198	28
6	396	0	1774306164	22	-10	37	-10	6	-2	0	-157	17	198	28	-198	28
6	396	0	1774308156	25	-11	39	-10	6	-2	0	-151	15	198	28	-198	28
6	396	0	1774310148	34	-11	50	-11	9	-2	0	-142	13	198	28	-198	28
6	396	0	1774312156	35	-11	58	-12	9	-2	0	-133	11	198	28	-198	28
6	396	0	1774314152	40	-12	56	-11	10	-3	0	-123	8	198	28	-198	28
6	396	0	1774316152	50	-12	71	-12	12	-2	0	-111	6	198	28	-198	28
6	396	0	1774318156	50	-11	69	-10	12	-2	0	-99	4	198	28	-198	28
6	396	0	1774320156	55	-12	87	-13	14	-3	0	-85	1	198	28	-198	28
6	396	0	1774322156	69	-12	82	-11	15	-2	0	-70	-1	198	28	-198	28
6	396	0	1774324156	66	-11	102	-13	17	-2	0	-53	-3	198	28	-198	28
6	396	0	1774326160	74	-12	95	-11	17	-3	0	-36	-6	198	28	-198	28
6	396	0	1774328164	87	-11	118	-12	20	-2	0	-16	-8	198	28	-198	28
6	396	0	1774330156	84	-11	107	-12	19	-2	0	3	-10	198	28	-198	28
6	396	0	1774332160	89	-10	130	-12	22	-2	0	25	-12	198	28	-198	28
6	396	0	1774334164	103	-11	120	-10	23	-2	0	48	-14	198	28	-198	28
6	396	0	1774336160	98	-10	141	-13	23	-3	0	71	-17	198	28	-198	28
6	396	0	1774338164	101	-9	129	-10	23	-2	0	94	-19	198	28	-198	28
6	396	0	1774340168	119	-11	151	-11	27	-2	0	121	-21	198	28	-198	28
6	396	0	1774342168	107	-9	157	-12	27	-2	0	148	-23	198	28	-198	28
6	396	0	1774344160	110	-9	138	-10	25	-2	0	173	-25	198	28	-198	28
6	396	0	1774346164	127	-10	163	-12	29	-2	0	202	-27	198	28	-198	28
6	396	0	1774348164	113	-9	144	-10	25	-2	0	227	-29	198	28	-198	28
6	396	0	1774350168	114	-7	166	-10	28	-2	0	255	-31	198	28	-198	28
6	396	0	1774352164	130	-9	147	-8	28	-1	0	283	-32	198	28	-198	28
6	396	0	1774354164	114	-6	170	-10	28	-2	0	311	-34	198	28	-198	28
6	396	0	1774356160	115	-6	149	-9	27	-1	0	338	-35	198	28	-198	28
6	396	0	1774358160	127	-8	169	-9	29	-2	0	367	-37	198	28	-198	28
6	396	0	1774360164	113	-5	149	-6	27	-1	0	394	-38	198	28	-198	28
6	396	0	1774362164	111	-5	170	-9	28	-2	0	422	-40	198	28	-198	28
6	396	0	1774364168	124	-5	146	-6	27	-1	0	449	-41	198	28	-198	28
6	396	0	1774366168	107	-5	167	-8	27	-1	0	476	-42	198	28	-198	28
6	396	0	1774368172	107	-4	144	-5	25	-1	0	501	-43	198	28	-198	28
6	396	0	1774370184	116	-5	161	-7	28	-1	0	529	-44	198	28	-198	28
6	396	0	1774372184	100	-3	160	-5	26	-1	0	555	-45	198	28	-198	28
6	396	0	1774374184	97	-4	135	-5	23	-1	0	578	-46	198	28	-198	28
6	396	0	1774376180	108	-3	153	-6	26	-1	0	604	-47	198	28	-198	28
6	396	0	1774378168	91	-3	130	-4	22	0	0	626	-47	198	28	-198	28
6	396	0	1774380180	89	-3	144	-5	24	-1	0	650	-48	198	28	-198	28
6	396	0	1774382188	95	-4	122	-5	21	-1	0	671	-49	198	28	-198	28
6	396	0	1774384184	82	-3	135	-5	22	-1	0	693	-50	198	28	-198	28
6	396	0	1774386168	78	-4	114	-4	19	-1	0	712	-51	198	28	-198	28
6	396	0	1774388176	84	-4	124	-5	21	-1	0	733	-52	198	28	-198	28
6	396	0	1774390172	71	-4	105	-5	18	-1	0	751	-53	198	28	-198	28
6	396	0	1774392168	66	-5	112	-6	17	-1	0	768	-54	198	28	-198	28
6	396	0	1774394164	71	-5	94	-5	17	-1	0	785	-55	198	28	-198	28
6	396	0	1774396152	58	-3	101	-5	16	0	0	801	-55	198	28	-198	28
6	396	0	1774398164	55	-5	84	-5	14	-1	0	815	-56	198	28	-198	28
6	396	0	1774400164	56	-7	89	-5	14	-2	0	829	-58	198	28	-198	28
6	396	0	1774402160	46	-5	72	-5	12	-1	0	841	-59	198	28	-198	28
6	396	0	1774404148	43	-3	78	-5	12	0	0	853	-59	198	28	-198	28
6	396	0	1774406168	42	-7	62	-4	11	-2	0	864	-61	198	28	-198	28
6	396	0	1774408156	34	-3	66	-5	10	0	0	874	-61	198	28	-198	28
6	396	0	1774410176	31	-5	60	-5	9	-1	0	883	-62	198	28	-198	28
6	396	0	1774412180	30	-5	48	-4	7	-1	0	890	-63	198	28	-198	28
6	396	0	1774414184	24	-4	49	-3	8	-1	0	898	-64	198	28	-198	28
6	396	0	1774416176	21	-4	38	-4	6	-1	0	904	-65	198	28	-198	28
6	396	0	1774418172	20	-4	39	-3	6	0	0	910	-65	198	28	-198	28
6	396	0	1774420184	15	-2	30	-2	4	-1	0	914	-66	198	28	-198	28
6	396	0	1774422168	13	-3	30	-3	4	0	0	918	-66	198	28	-198	28
6	396	0	1774424176	11	-2	23	-2	4	-1	0	922	-67	198	28	-198	28
6	396	0	1774426164	9	-3	22	-3	3	0	0	925	-67	198	28	-198	28
6	396	0	1774428168	6	-1	18	-1	2	-1	0	927	-68	198	28	-198	28
6	396	0	1774430148	6	-1	16	-1	2	0	0	929	-68	198	28	-198	28
6	396	0	1774432152	4	-1	11	-1	2	0	0	931	-68	198	28	-198	28
6	396	0	1774434144	4	0	11	-2	1	0	1	932	-68	198	28	-198	28
7	396	0	1774436144	2	-2	8	0	1	0	1	199	28	198	28	-198	28
7	396	0	1774438112	2	0	7	0	1	0	1	200	28	198	28	-198	28
7	396	0	1774440148	1	-1	4	-1	1	-1	1	201	27	198	28	-198	28
7	396	0	1774442096	0	0	5	0	0	0	1	201	27	198	28	-198	28
7	-380	-111	1774444100	1	0	3	0	1	0	1	202	27	-182	-83	198	28
7	-380	-111	1774446088	0	0	1	0	0	0	1	202	27	-182	-83	198	28
7	-380	-111	1774448080	0	0	1	0	0	0	1	202	27	-182	-83	198	28
7	-380	-111	1774450116	0	0	1	-1	0	0	1	202	27	-182	-83	198	28
7	-380	-111	1774464084	-1	0	0	0	0	0	1	202	27	-182	-83	198	28
7	-380	-111	1774468076	-2	0	0	0	0	0	1	202	27	-182	-83	198	28
7	-380	-111	1774474080	-1	0	0	0	0	0	1	202	27	-182	-83	198	28
7	-380	-111	1774480080	-1	0	0	0	0	0	1	202	27	-182	-83	198	28
7	-380	-111	1774490080	-1	0	0	0	0	0	1	202	27	-182	-83	198	28
7	-380	-111	1774512044	0	0	0	0	0	0	0	202	27	-182	-83	198	28
7	-380	-111	1774514072	-2	0	0	0	0	0	0	202	27	-182	-83	198	28
7	-380	-111	1774518100	-1	-1	0	0	0	0	0	202	27	-182	-83	198	28
7	-380	-111	1774520076	-4	0	0	0	0	0	0	202	27	-182	-83	198	28
7	-380	-111	1774522092	-2	0	-1	0	-1	0	0	201	27	-182	-83	198	28
7	-380	-111	1774524108	-5	-1	-3	-1	0	0	0	201	27	-182	-83	198	28
7	-380	-111	1774526124	-8	-2	-2	-2	-1	0	0	200	27	-182	-83	198	28
7	-380	-111	1774528136	-8	-2	-5	-2	-2	-1	0	198	26	-182	-83	198	28
7	-380	-111	1774530116	-10	-3	-5	-1	-1	0	0	197	26	-182	-83	198	28
7	-380	-111	1774532132	-14	-3	-8	-4	-2	-1	0	195	25	-182	-83	198	28
7	-380	-111	1774534132	-14	-5	-9	-5	-3	-1	0	192	24	-182	-83	198	28
7	-380	-111	1774536132	-16	-7	-12	-5	-2	-1	0	190	23	-182	-83	198	28
7	-380	-111	1774538132	-21	-7	-15	-6	-4	-1	0	186	22	-182	-83	198	28
7	-380	-111	1774540136	-22	-8	-20	-9	-4	-2	0	182	20	-182	-83	198	28
7	-380	-111	1774542140	-23	-10	-21	-9	-5	-2	0	177	18	-182	-83	198	28
7	-380	-111	1774544140	-30	-12	-29	-11	-6	-2	0	171	16	-182	-83	198	28
7	-380	-111	1774546144	-30	-13	-30	-11	-6	-3	0	165	13	-182	-83	198	28
7	-380	-111	1774548144	-33	-13	-40	-14	-7	-2	0	158	11	-182	-83	198	28
7	-380	-111	1774550148	-41	-18	-46	-16	-9	-4	0	149	7	-182	-83	198	28
7	-380	-111	1774552140	-39	-16	-47	-15	-8	-3	0	141	4	-182	-83	198	28
7	-380	-111	1774554144	-44	-19	-58	-20	-10	-4	0	131	0	-182	-83	198	28
7	-380	-111	1774556132	-51	-22	-58	-19	-11	-4	0	120	-4	-182	-83	198	28
7	-380	-111	1774558132	-51	-22	-72	-23	-13	-4	0	107	-8	-182	-83	198	28
7	-380	-111	1774560124	-54	-22	-70	-21	-12	-5	0	95	-13	-182	-83	198	28
7	-380	-111	1774562132	-66	-28	-87	-26	-15	-5	0	80	-18	-182	-83	198	28
7	-380	-111	1774564128	-63	-26	-83	-25	-15	-5	0	65	-23	-182	-83	198	28
7	-380	-111	1774566124	-68	-27	-102	-31	-17	-6	0	48	-29	-182	-83	198	28
7	-380	-111	1774568128	-82	-33	-95	-28	-18	-6	0	30	-35	-182	-83	198	28
7	-380	-111	1774570124	-77	-31	-116	-34	-19	-7	0	11	-42	-182	-83	198	28
7	-380	-111	1774572128	-81	-31	-107	-31	-19	-6	0	-8	-48	-182	-83	198	28
7	-380	-111	1774574120	-98	-38	-128	-36	-22	-7	0	-30	-55	-182	-83	198	28
7	-380	-111	1774576120	-90	-35	-117	-33	-21	-7	0	-51	-62	-182	-83	198	28
7	-380	-111	1774578120	-94	-35	-139	-37	-23	-7	0	-74	-69	-182	-83	198	28
7	-380	-111	1774580124	-110	-40	-126	-34	-24	-8	0	-98	-77	-182	-83	198	28
7	-380	-111	1774582120	-101	-36	-148	-39	-25	-7	0	-123	-84	-182	-83	198	28
7	-380	-111	1774584116	-104	-36	-132	-35	-23	-7	0	-146	-91	-182	-83	198	28
7	-380	-111	1774586116	-118	-42	-155	-40	-28	-8	0	-174	-99	-182	-83	198	28
7	-380	-111	1774588112	-108	-36	-139	-36	-24	-8	0	-198	-107	-182	-83	198	28
7	-380	-111	1774590108	-109	-37	-160	-40	-27	-7	0	-225	-114	-182	-83	198	28
7	-380	-111	1774592108	-125	-42	-141	-36	-27	-8	0	-252	-122	-182	-83	198	28
7	-380	-111	1774594104	-111	-36	-164	-41	-27	-8	0	-279	-130	-182	-83	198	28
7	-380	-111	1774596092	-111	-36	-163	-40	-28	-7	0	-307	-137	-182	-83	198	28
7	-380	-111	1774598088	-111	-35	-142	-37	-25	-8	0	-332	-145	-182	-83	198	28
7	-380	-111	1774600096	-124	-40	-161	-38	-29	-7	0	-361	-152	-182	-83	198	28
7	-380	-111	1774602088	-110	-34	-140	-35	-25	-7	0	-386	-159	-182	-83	198	28
7	-380	-111	1774604084	-109	-35	-159	-39	-26	-8	0	-412	-167	-182	-83	198	28
7	-380	-111	1774606088	-122	-37	-138	-34	-26	-7	0	-438	-174	-182	-83	198	28
7	-380	-111	1774608084	-107	-34	-153	-39	-26	-7	0	-464	-181	-182	-83	198	28
7	-380	-111	1774610076	-103	-35	-134	-33	-24	-7	0	-488	-188	-182	-83	198	28
7	-380	-111	1774612088	-117	-38	-149	-39	-27	-8	0	-515	-196	-182	-83	198	28
7	-380	-111	1774614084	-101	-33	-129	-34	-23	-6	0	-538	-202	-182	-83	198	28
7	-380	-111	1774616080	-100	-34	-143	-39	-24	-8	0	-562	-210	-182	-83	198	28
7	-380	-111	1774618076	-109	-38	-124	-33	-23	-7	0	-585	-217	-182	-83	198	28
7	-380	-111	1774620072	-95	-33	-138	-39	-24	-7	0	-609	-224	-182	-83	198	28
7	-380	-111	1774622072	-92	-34	-117	-33	-20	-7	0	-629	-231	-182	-83	198	28
7	-380	-111	1774624076	-103	-38	-130	-38	-24	-7	0	-653	-238	-182	-83	198	28
7	-380	-111	1774626068	-87	-32	-111	-33	-20	-7	0	-673	-245	-182	-83	198	28
7	-380	-111	1774628068	-85	-33	-124	-37	-20	-7	0	-693	-252	-182	-83	198	28
7	-380	-111	1774630068	-93	-36	-104	-33	-20	-7	0	-713	-259	-182	-83	198	28
7	-380	-111	1774632072	-78	-31	-115	-36	-19	-6	0	-732	-265	-182	-83	198	28
7	-380	-111	1774634072	-75	-31	-110	-35	-19	-7	0	-751	-272	-182	-83	198	28
7	-380	-111	1774636072	-80	-33	-92	-30	-17	-6	0	-768	-278	-182	-83	198	28
7	-380	-111	1774638064	-68	-29	-100	-33	-17	-6	0	-785	-284	-182	-83	198	28
7	-380	-111	1774640064	-62	-27	-83	-27	-14	-6	0	-799	-290	-182	-83	198	28
7	-380	-111	1774642060	-67	-30	-90	-30	-16	-6	0	-815	-296	-182	-83	198	28
7	-380	-111	1774644056	-53	-25	-72	-25	-13	-5	0	-828	-301	-182	-83	198	28
7	-380	-111	1774646056	-50	-23	-77	-28	-12	-5	0	-840	-306	-182	-83	198	28
7	-380	-111	1774648052	-50	-25	-62	-22	-12	-5	0	-852	-311	-182	-83	198	28
7	-380	-111	1774650044	-40	-21	-65	-24	-10	-4	0	-862	-315	-182	-83	198	28
7	-380	-111	1774652052	-37	-19	-51	-20	-9	-4	0	-871	-319	-182	-83	198	28
7	-380	-111	1774654056	-35	-18	-54	-20	-9	-4	0	-880	-323	-182	-83	198	28
7	-380	-111	1774656060	-26	-15	-40	-16	-6	-3	0	-886	-326	-182	-83	198	28
7	-380	-111	1774658064	-22	-14	-41	-16	-7	-3	0	-893	-329	-182	-83	198	28
7	-380	-111	1774660068	-22	-14	-32	-13	-5	-3	0	-898	-332	-182	-83	198	28
7	-380	-111	1774662072	-15	-10	-30	-12	-5	-2	0	-903	-334	-182	-83	198	28
7	-380	-111	1774664076	-12	-9	-21	-10	-3	-2	0	-906	-336	-182	-83	198	28
7	-380	-111	1774666072	-11	-7	-21	-9	-3	-1	0	-909	-337	-182	-83	198	28
7	-380	-111	1774668076	-8	-6	-18	-8	-3	-2	0	-912	-339	-182	-83	198	28
7	-380	-111	1774670076	-6	-5	-11	-6	-1	-1	0	-913	-340	-182	-83	198	28
7	-380	-111	1774672072	-5	-4	-11	-5	-2	-1	0	-915	-341	-182	-83	198	28
7	-380	-111	1774674072	-4	-4	-6	-4	-1	-1	0	-916	-342	-182	-83	198	28
7	-380	-111	1774676056	-1	-1	-7	-3	-1	0	0	-917	-342	-182	-83	198	28
7	-380	-111	1774678056	-3	-3	-3	-3	0	-1	0	-917	-343	-182	-83	198	28
7	-380	-111	1774680048	0	-1	-4	-1	-1	0	0	-918	-343	-182	-83	198	28
7	-380	-111	1774682040	-1	0	-1	-1	0	0	0	-918	-343	-182	-83	198	28
7	-380	-111	1774684036	0	-1	-2	-2	0	0	1	-918	-343	-182	-83	198	28
8	333	214	1774688012	0	0	-1	0	0	0	1	-182	-83	151	131	-182	-83
8	333	214	1774722044	0	0	1	0	0	0	1	-182	-83	151	131	-182	-83
8	333	214	1774770052	0	0	0	0	0	0	0	-182	-83	151	131	-182	-83
8	333	214	1774782092	0	0	1	0	0	0	0	-182	-83	151	131	-182	-83
8	333	214	1774784088	0	0	1	0	0	0	0	-182	-83	151	131	-182	-83
8	333	214	1774786084	0	0	1	0	0	0	0	-182	-83	151	131	-182	-83
8	333	214	1774788104	2	1	4	1	0	0	0	-182	-83	151	131	-182	-83
8	333	214	1774790108	2	2	4	1	0	0	0	-182	-83	151	131	-182	-83
8	333	214	1774792116	3	2	7	3	1	0	0	-181	-83	151	131	-182	-83
8	333	214	1774794116	5	4	8	2	2	0	0	-179	-83	151	131	-182	-83
8	333	214	1774796132	6	4	11	5	1	1	0	-178	-82	151	131	-182	-83
8	333	214	1774798124	6	5	13	4	2	1	0	-176	-81	151	131	-182	-83
8	333	214	1774800128	9	6	16	6	3	1	0	-173	-80	151	131	-182	-83
8	333	214	1774802128	12	7	16	6	3	2	0	-170	-78	151	131	-182	-83
8	333	214	1774804128	14	9	24	9	3	2	0	-167	-76	151	131	-182	-83
8	333	214	1774806124	16	9	22	8	4	1	0	-163	-75	151	131	-182	-83
8	333	214	1774808124	23	12	29	11	5	3	0	-158	-72	151	131	-182	-83
8	333	214	1774810112	21	13	30	11	5	2	0	-153	-70	151	131	-182	-83
8	333	214	1774812108	26	14	36	14	7	3	0	-146	-67	151	131	-182	-83
8	333	214	1774814108	32	18	37	14	7	3	0	-139	-64	151	131	-182	-83
8	333	214	1774816104	32	18	45	17	7	3	0	-132	-61	151	131	-182	-83
8	333	214	1774818100	35	19	42	18	8	4	0	-124	-57	151	131	-182	-83
8	333	214	1774820108	44	23	53	22	10	5	0	-114	-52	151	131	-182	-83
8	333	214	1774822108	42	23	55	24	9	4	0	-105	-48	151	131	-182	-83
8	333	214	1774824104	47	25	52	22	10	5	0	-95	-43	151	131	-182	-83
8	333	214	1774826104	55	31	61	28	12	6	0	-83	-37	151	131	-182	-83
8	333	214	1774828108	52	29	57	27	11	6	0	-72	-31	151	131	-182	-83
8	333	214	1774830112	56	31	68	33	12	6	0	-60	-25	151	131	-182	-83
8	333	214	1774832116	67	39	62	31	13	7	0	-47	-18	151	131	-182	-83
8	333	214	1774834112	61	35	73	38	13	7	0	-34	-11	151	131	-182	-83
8	333	214	1774836116	65	39	68	35	14	8	0	-20	-3	151	131	-182	-83
8	333	214	1774838116	76	45	79	42	15	8	0	-5	5	151	131	-182	-83
8	333	214	1774840120	71	42	71	40	14	9	0	9	14	151	131	-182	-83
8	333	214	1774842120	73	45	85	48	16	9	0	25	23	151	131	-182	-83
8	333	214	1774844120	86	54	76	43	16	10	0	41	33	151	131	-182	-83
8	333	214	1774846128	79	49	90	54	17	10	0	58	43	151	131	-182	-83
8	333	214	1774848128	82	52	81	49	17	10	0	75	53	151	131	-182	-83
8	333	214	1774850124	95	60	95	59	19	12	0	94	65	151	131	-182	-83
8	333	214	1774852120	87	56	98	60	18	11	0	112	76	151	131	-182	-83
8	333	214	1774854108	88	58	87	55	18	12	0	130	88	151	131	-182	-83
8	333	214	1774856116	103	66	103	63	20	13	0	150	101	151	131	-182	-83
8	333	214	1774858112	92	60	91	58	19	11	0	169	112	151	131	-182	-83
8	333	214	1774860104	94	61	105	67	19	13	0	188	125	151	131	-182	-83
8	333	214	1774862112	106	69	94	60	20	13	0	208	138	151	131	-182	-83
8	333	214	1774864112	97	63	109	70	21	13	0	229	151	151	131	-182	-83
8	333	214	1774866112	95	62	95	62	19	13	0	248	164	151	131	-182	-83
8	333	214	1774868112	108	70	108	70	22	14	0	270	178	151	131	-182	-83
8	333	214	1774870108	97	63	97	60	19	12	0	289	190	151	131	-182	-83
8	333	214	1774872104	95	62	108	70	20	13	0	309	203	151	131	-182	-83
8	333	214	1774874100	106	70	95	60	20	13	0	329	216	151	131	-182	-83
8	333	214	1774876100	94	61	108	67	21	13	0	350	229	151	131	-182	-83
8	333	214	1774878112	91	60	92	59	18	12	0	368	241	151	131	-182	-83
8	333	214	1774880124	101	67	105	66	21	13	0	389	254	151	131	-182	-83
8	333	214	1774882112	88	57	89	58	17	12	0	406	266	151	131	-182	-83
8	333	214	1774884120	85	56	101	63	19	12	0	425	278	151	131	-182	-83
8	333	214	1774886120	93	63	98	63	19	12	0	444	290	151	131	-182	-83
8	333	214	1774888116	82	54	84	52	17	11	0	461	301	151	131	-182	-83
8	333	214	1774890112	78	53	93	60	17	11	0	478	312	151	131	-182	-83
8	333	214	1774892116	85	58	80	52	16	11	0	494	323	151	131	-182	-83
8	333	214	1774894112	74	51	89	56	16	11	0	510	334	151	131	-182	-83
8	333	214	1774896100	71	49	75	47	15	10	0	525	344	151	131	-182	-83
8	333	214	1774898108	79	54	84	54	16	10	0	541	354	151	131	-182	-83
8	333	214	1774900100	66	46	70	45	14	9	0	555	363	151	131	-182	-83
8	333	214	1774902100	65	46	79	50	14	10	0	569	373	151	131	-182	-83
8	333	214	1774904100	70	50	66	44	14	9	0	583	382	151	131	-182	-83
8	333	214	1774906100	60	43	72	47	13	9	0	596	391	151	131	-182	-83
8	333	214	1774908104	59	41	63	42	12	9	0	608	400	151	131	-182	-83
8	333	214	1774910104	63	45	67	46	13	9	0	621	409	151	131	-182	-83
8	333	214	1774912104	53	39	58	39	11	8	0	632	417	151	131	-182	-83
8	333	214	1774914104	52	37	62	41	12	7	0	644	424	151	131	-182	-83
8	333	214	1774916108	56	39	54	36	11	8	0	655	432	151	131	-182	-83
8	333	214	1774918108	46	34	58	39	10	7	0	665	439	151	131	-182	-83
8	333	214	1774920108	45	32	55	36	10	7	0	675	446	151	131	-182	-83
8	333	214	1774922124	48	34	45	30	10	6	0	685	452	151	131	-182	-83
8	333	214	1774924124	38	27	48	33	8	6	0	693	458	151	131	-182	-83
8	333	214	1774926120	38	27	40	27	8	6	0	701	464	151	131	-182	-83
8	333	214	1774928116	39	27	44	28	8	5	0	709	469	151	131	-182	-83
8	333	214	1774930108	32	23	35	23	7	5	0	716	474	151	131	-182	-83
8	333	214	1774932116	29	21	36	25	6	5	0	722	479	151	131	-182	-83
8	333	214	1774934116	30	21	30	19	6	4	0	728	483	151	131	-182	-83
8	333	214	1774936116	24	16	32	21	6	3	0	734	486	151	131	-182	-83
8	333	214	1774938104	21	15	23	15	4	3	0	738	489	151	131	-182	-83
8	333	214	1774940100	21	15	25	17	5	3	1	743	492	151	131	-182	-83
9	-259	-299	1774942100	16	12	20	12	4	3	1	155	134	-108	-168	151	131
9	-259	-299	1774944100	14	10	20	13	3	2	1	158	136	-108	-168	151	131
9	-259	-299	1774946096	14	8	14	10	3	2	1	161	138	-108	-168	151	131
9	-259	-299	1774948100	10	7	15	8	2	1	1	163	139	-108	-168	151	131
9	-259	-299	1774950096	7	6	11	7	2	2	1	165	141	-108	-168	151	131
9	-259	-299	1774952100	8	5	10	6	2	1	1	167	142	-108	-168	151	131
9	-259	-299	1774954104	6	4	8	5	1	1	1	168	143	-108	-168	151	131
9	-259	-299	1774956092	4	2	6	4	1	0	1	169	143	-108	-168	151	131
9	-259	-299	1774958104	4	1	5	3	1	1	1	170	144	-108	-168	151	131
9	-259	-299	1774960092	1	3	4	2	1	0	1	171	144	-108	-168	151	131
9	-259	-299	1774962080	1	0	4	2	0	0	1	171	144	-108	-168	151	131
9	-259	-299	1774964104	1	1	1	1	0	1	1	171	145	-108	-168	151	131
9	-259	-299	1774966080	0	0	1	0	1	0	1	172	145	-108	-168	151	131
9	-259	-299	1774968068	0	0	1	0	0	0	1	172	145	-108	-168	151	131
9	-259	-299	1774984080	-1	0	0	0	0	0	1	172	145	-108	-168	151	131
9	-259	-299	1774986080	-1	0	0	0	0	0	1	172	145	-108	-168	151	131
9	-259	-299	1774988112	-3	-1	0	-1	0	0	1	172	145	-108	-168	151	131
9	-259	-299	1774990108	-2	-4	0	-3	0	0	1	172	145	-108	-168	151	131
9	-259	-299	1774992124	-3	-4	0	-4	0	-1	1	172	144	-108	-168	151	131
9	-259	-299	1774994132	-5	-6	-1	-5	-1	-1	0	171	143	-108	-168	151	131
9	-259	-299	1774996124	-5	-8	0	-7	0	-2	0	171	141	-108	-168	151	131
9	-259	-299	1774998140	-6	-10	0	-8	-1	-1	0	170	140	-108	-168	151	131
9	-259	-299	1775000136	-6	-11	0	-11	-1	-3	0	169	137	-108	-168	151	131
9	-259	-299	1775002136	-7	-12	-2	-11	-1	-2	0	168	135	-108	-168	151	131
9	-259	-299	1775004128	-8	-17	0	-15	0	-3	0	168	132	-108	-168	151	131
9	-259	-299	1775006144	-9	-16	0	-14	-1	-3	0	167	129	-108	-168	151	131
9	-259	-299	1775008156	-10	-19	0	-19	-1	-4	0	166	125	-108	-168	151	131
9	-259	-299	1775010156	-11	-23	-1	-21	-1	-4	0	165	121	-108	-168	151	131
9	-259	-299	1775012156	-12	-23	0	-20	-2	-5	0	163	116	-108	-168	151	131
9	-259	-299	1775014160	-12	-26	0	-26	-1	-5	0	162	111	-108	-168	151	131
9	-259	-299	1775016160	-15	-33	-1	-26	-1	-6	0	161	105	-108	-168	151	131
9	-259	-299	1775018160	-14	-31	0	-33	-2	-6	0	159	99	-108	-168	151	131
9	-259	-299	1775020164	-14	-34	-1	-30	-1	-7	0	158	92	-108	-168	151	131
9	-259	-299	1775022164	-17	-41	-2	-39	-2	-8	0	156	84	-108	-168	151	131
9	-259	-299	1775024156	-16	-37	-2	-35	-2	-7	0	154	77	-108	-168	151	131
9	-259	-299	1775026148	-18	-40	-4	-43	-2	-8	0	152	69	-108	-168	151	131
9	-259	-299	1775028148	-21	-49	-4	-40	-3	-9	0	149	60	-108	-168	151	131
9	-259	-299	1775030144	-20	-45	-5	-48	-2	-9	0	147	51	-108	-168	151	131
9	-259	-299	1775032144	-23	-49	-6	-45	-3	-10	0	144	41	-108	-168	151	131
9	-259	-299	1775034152	-26	-56	-9	-54	-4	-11	0	140	30	-108	-168	151	131
9	-259	-299	1775036148	-26	-55	-10	-50	-3	-10	0	137	20	-108	-168	151	131
9	-259	-299	1775038144	-29	-56	-13	-60	-4	-12	0	133	8	-108	-168	151	131
9	-259	-299	1775040140	-35	-68	-14	-55	-5	-12	0	128	-4	-108	-168	151	131
9	-259	-299	1775042136	-34	-62	-20	-67	-6	-13	0	122	-17	-108	-168	151	131
9	-259	-299	1775044132	-36	-67	-20	-61	-5	-13	0	117	-30	-108	-168	151	131
9	-259	-299	1775046124	-40	-68	-26	-74	-7	-14	0	110	-44	-108	-168	151	131
9	-259	-299	1775048136	-47	-80	-32	-76	-8	-16	0	102	-60	-108	-168	151	131
9	-259	-299	1775050140	-48	-74	-31	-70	-8	-14	0	94	-74	-108	-168	151	131
9	-259	-299	1775052148	-56	-86	-40	-84	-9	-17	0	85	-91	-108	-168	151	131
9	-259	-299	1775054144	-54	-80	-37	-75	-9	-15	0	76	-106	-108	-168	151	131
9	-259	-299	1775056140	-57	-82	-49	-89	-11	-18	0	65	-124	-108	-168	151	131
9	-259	-299	1775058140	-69	-93	-46	-80	-12	-17	0	53	-141	-108	-168	151	131
9	-259	-299	1775060144	-65	-85	-57	-92	-12	-18	0	41	-159	-108	-168	151	131
9	-259	-299	1775062144	-68	-88	-53	-84	-12	-17	0	29	-176	-108	-168	151	131
9	-259	-299	1775064148	-78	-100	-65	-98	-14	-20	0	15	-196	-108	-168	151	131
9	-259	-299	1775066144	-74	-90	-60	-86	-14	-17	0	1	-213	-108	-168	151	131
9	-259	-299	1775068136	-75	-90	-73	-100	-14	-19	0	-13	-232	-108	-168	151	131
9	-259	-299	1775070144	-86	-102	-66	-89	-16	-19	0	-29	-251	-108	-168	151	131
9	-259	-299	1775072136	-79	-93	-79	-102	-15	-20	0	-44	-271	-108	-168	151	131
9	-259	-299	1775074144	-81	-92	-71	-90	-16	-18	0	-60	-289	-108	-168	151	131
9	-259	-299	1775076148	-92	-104	-84	-103	-17	-21	0	-77	-310	-108	-168	151	131
9	-259	-299	1775078148	-82	-93	-85	-102	-17	-19	0	-94	-329	-108	-168	151	131
9	-259	-299	1775080144	-84	-91	-76	-90	-16	-18	0	-110	-347	-108	-168	151	131
9	-259	-299	1775082148	-92	-102	-88	-101	-18	-21	0	-128	-368	-108	-168	151	131
9	-259	-299	1775084148	-82	-90	-76	-89	-16	-17	0	-144	-385	-108	-168	151	131
9	-259	-299	1775086148	-81	-89	-87	-100	-16	-19	0	-160	-404	-108	-168	151	131
9	-259	-299	1775088156	-90	-99	-77	-88	-17	-19	0	-177	-423	-108	-168	151	131
9	-259	-299	1775090156	-79	-87	-86	-97	-17	-18	0	-194	-441	-108	-168	151	131
9	-259	-299	1775092160	-78	-85	-75	-85	-15	-17	0	-209	-458	-108	-168	151	131
9	-259	-299	1775094160	-85	-94	-85	-95	-17	-19	0	-226	-477	-108	-168	151	131
9	-259	-299	1775096160	-75	-83	-74	-83	-15	-17	0	-241	-494	-108	-168	151	131
9	-259	-299	1775098164	-73	-81	-82	-91	-15	-17	0	-256	-511	-108	-168	151	131
9	-259	-299	1775100164	-80	-89	-70	-79	-15	-17	0	-271	-528	-108	-168	151	131
9	-259	-299	1775102164	-70	-76	-78	-88	-15	-16	0	-286	-544	-108	-168	151	131
9	-259	-299	1775104164	-67	-75	-66	-75	-13	-15	0	-299	-559	-108	-168	151	131
9	-259	-299	1775106164	-73	-82	-72	-85	-15	-17	0	-314	-576	-108	-168	151	131
9	-259	-299	1775108164	-64	-72	-70	-82	-13	-15	0	-327	-591	-108	-168	151	131
9	-259	-299	1775110160	-61	-68	-59	-70	-12	-14	0	-339	-605	-108	-168	151	131
9	-259	-299	1775112156	-67	-77	-65	-78	-14	-16	0	-353	-621	-108	-168	151	131
9	-259	-299	1775114160	-58	-65	-54	-67	-11	-13	0	-364	-634	-108	-168	151	131
9	-259	-299	1775116160	-57	-63	-60	-72	-11	-13	0	-375	-647	-108	-168	151	131
9	-259	-299	1775118160	-62	-69	-49	-63	-12	-14	0	-387	-661	-108	-168	151	131
9	-259	-299	1775120164	-51	-59	-53	-68	-10	-12	0	-397	-673	-108	-168	151	131
9	-259	-299	1775122164	-51	-56	-45	-58	-10	-12	0	-407	-685	-108	-168	151	131
9	-259	-299	1775124164	-54	-60	-48	-64	-10	-12	0	-417	-697	-108	-168	151	131
9	-259	-299	1775126168	-45	-53	-40	-52	-8	-11	0	-425	-708	-108	-168	151	131
9	-259	-299	1775128164	-44	-48	-42	-58	-9	-10	0	-434	-718	-108	-168	151	131
9	-259	-299	1775130156	-46	-52	-35	-47	-8	-10	0	-442	-728	-108	-168	151	131
9	-259	-299	1775132168	-39	-43	-38	-51	-8	-10	0	-450	-738	-108	-168	151	131
9	-259	-299	1775134164	-36	-40	-30	-43	-6	-8	0	-456	-746	-108	-168	151	131
9	-259	-299	1775136168	-37	-42	-31	-44	-7	-8	0	-463	-754	-108	-168	151	131
9	-259	-299	1775138180	-32	-33	-30	-41	-6	-8	0	-469	-762	-108	-168	151	131
9	-259	-299	1775140184	-27	-32	-24	-34	-5	-6	0	-474	-768	-108	-168	151	131
9	-259	-299	1775142184	-29	-31	-24	-35	-6	-7	0	-480	-727	-108	-168	151	131
9	-259	-299	1775144188	-21	-25	-20	-26	-4	-5	0	-484	-732	-108	-168	151	131
9	-259	-299	1775146188	-20	-22	-20	-29	-4	-5	0	-488	-737	-108	-168	151	131
9	-259	-299	1775148196	-20	-23	-15	-21	-3	-5	0	-491	-742	-108	-168	151	131
9	-259	-299	1775150188	-14	-16	-15	-22	-3	-3	0	-494	-745	-108	-168	151	131
9	-259	-299	1775152180	-12	-15	-11	-18	-2	-4	0	-496	-749	-108	-168	151	131
9	-259	-299	1775154184	-12	-14	-11	-16	-3	-3	0	-499	-752	-108	-168	151	131
9	-259	-299	1775156180	-8	-10	-9	-13	-1	-2	0	-500	-754	-108	-168	151	131
9	-259	-299	1775158184	-7	-9	-9	-11	-2	-2	0	-502	-722	-108	-168	151	131
9	-259	-299	1775160184	-6	-7	-5	-9	-1	-2	0	-503	-724	-108	-168	151	131
9	-259	-299	1775162180	-4	-5	-6	-7	-1	-1	1	-504	-725	-108	-168	151	131
10	-259	-299	1775164176	-2	-5	-4	-6	-1	-1	1	-109	-169	-108	-168	151	131
10	-259	-299	1775166160	-3	-4	-2	-5	0	-1	1	-109	-170	-108	-168	151	131
10	-259	-299	1775168160	-2	-2	-3	-4	-1	0	1	-110	-170	-108	-168	151	131
10	-259	-299	1775170156	-1	-2	-2	-4	0	-1	1	-110	-171	-108	-168	151	131
10	-259	-299	1775172144	0	-1	-1	-1	0	0	1	-110	-171	-108	-168	151	131
10	-259	-299	1775174168	-2	-1	-2	-3	-1	-1	1	-111	-172	-108	-168	151	131
10	-259	-299	1775176112	0	0	0	-1	0	0	1	-111	-172	-108	-168	151	131
10	-259	-299	1775178112	0	-1	0	0	0	0	1	-111	-172	-108	-168	151	131
10	-259	-299	1775180116	0	0	0	-1	0	0	1	-111	-172	-108	-168	151	131
10	164	360	1775232096	0	0	0	0	0	0	0	-111	-172	56	192	-108	-168
10	164	360	1775240116	0	0	0	2	0	0	0	-111	-172	56	192	-108	-168
10	164	360	1775244120	0	1	0	0	0	0	0	-111	-172	56	192	-108	-168
10	164	360	1775246116	0	1	0	1	0	0	0	-111	-172	56	192	-108	-168
10	164	360	1775248108	0	3	0	4	0	0	0	-111	-172	56	192	-108	-168
10	164	360	1775250152	0	5	1	3	0	1	0	-111	-171	56	192	-108	-168
10	164	360	1775252128	-1	6	1	7	0	1	0	-111	-170	56	192	-108	-168
10	164	360	1775254156	0	8	3	7	0	2	0	-111	-168	56	192	-108	-168
10	164	360	1775256156	0	11	2	10	0	2	0	-111	-166	56	192	-108	-168
10	164	360	1775258156	0	11	3	10	0	2	0	-111	-164	56	192	-108	-168
10	164	360	1775260168	0	14	3	15	1	3	0	-110	-161	56	192	-108	-168
10	164	360	1775262156	0	17	4	14	0	3	0	-110	-158	56	192	-108	-168
10	164	360	1775264168	2	19	5	19	1	4	0	-109	-154	56	192	-108	-168
10	164	360	1775266176	3	24	6	21	1	4	0	-108	-150	56	192	-108	-168
10	164	360	1775268164	3	22	5	21	0	5	0	-108	-145	56	192	-108	-168
10	164	360	1775270172	4	27	8	28	2	5	0	-106	-140	56	192	-108	-168
10	164	360	1775272172	6	32	7	26	1	6	0	-105	-134	56	192	-108	-168
10	164	360	1775274172	6	33	9	32	1	6	0	-104	-128	56	192	-108	-168
10	164	360	1775276168	8	33	9	33	2	7	0	-102	-121	56	192	-108	-168
10	164	360	1775278164	8	38	11	39	2	8	0	-100	-113	56	192	-108	-168
10	164	360	1775280168	13	45	10	37	2	8	0	-98	-105	56	192	-108	-168
10	164	360	1775282160	14	41	13	46	3	9	0	-95	-96	56	192	-108	-168
10	164	360	1775284156	15	45	12	43	3	8	0	-92	-88	56	192	-108	-168
10	164	360	1775286156	20	53	14	50	3	11	0	-89	-77	56	192	-108	-168
10	164	360	1775288156	21	50	12	47	3	9	0	-86	-68	56	192	-108	-168
10	164	360	1775290152	24	52	15	58	4	11	0	-82	-57	56	192	-108	-168
10	164	360	1775292152	28	64	15	52	5	12	0	-77	-45	56	192	-108	-168
10	164	360	1775294160	30	59	17	64	4	12	0	-73	-33	56	192	-108	-168
10	164	360	1775296160	32	62	15	59	5	12	0	-68	-21	56	192	-108	-168
10	164	360	1775298160	40	75	17	70	6	15	0	-62	-6	56	192	-108	-168
10	164	360	1775300160	38	70	19	75	5	14	0	-57	8	56	192	-108	-168
10	164	360	1775302164	47	81	17	69	7	15	0	-50	23	56	192	-108	-168
10	164	360	1775304164	45	77	19	81	6	16	0	-44	39	56	192	-108	-168
10	164	360	1775306164	48	80	19	75	7	16	0	-37	55	56	192	-108	-168
10	164	360	1775308176	58	93	20	89	8	18	0	-29	73	56	192	-108	-168
10	164	360	1775310180	55	87	19	80	7	17	0	-22	90	56	192	-108	-168
10	164	360	1775312184	57	88	22	96	8	18	0	-14	108	56	192	-108	-168
10	164	360	1775314184	68	104	20	86	9	19	0	-5	127	56	192	-108	-168
10	164	360	1775316180	62	94	23	101	8	20	0	3	147	56	192	-108	-168
10	164	360	1775318176	65	97	20	93	9	19	0	12	166	56	192	-108	-168
10	164	360	1775320180	77	113	22	107	10	22	0	22	188	56	192	-108	-168
10	164	360	1775322176	68	102	21	98	9	20	0	31	208	56	192	-108	-168
10	164	360	1775324172	72	104	24	112	9	21	0	40	229	56	192	-108	-168
10	164	360	1775326164	80	119	20	100	10	22	0	50	251	56	192	-108	-168
10	164	360	1775328164	73	107	25	118	10	23	0	60	274	56	192	-108	-168
10	164	360	1775330160	74	108	21	102	10	21	0	70	295	56	192	-108	-168
10	164	360	1775332156	74	109	27	119	10	22	0	80	317	56	192	-108	-168
10	164	360	1775334152	82	122	22	104	10	23	0	90	340	56	192	-108	-168
10	164	360	1775336148	74	109	26	119	10	23	0	100	363	56	192	-108	-168
10	164	360	1775338144	73	107	25	105	10	21	0	110	384	56	192	-108	-168
10	164	360	1775340140	80	122	28	118	11	24	0	121	408	56	192	-108	-168
10	164	360	1775342140	70	107	29	119	10	23	0	131	431	56	192	-108	-168
10	164	360	1775344136	68	105	26	103	9	20	0	140	451	56	192	-108	-168
10	164	360	1775346136	77	118	31	117	11	24	0	151	475	56	192	-108	-168
10	164	360	1775348136	66	103	28	101	9	20	0	160	495	56	192	-108	-168
10	164	360	1775350136	65	102	33	114	10	22	0	170	517	56	192	-108	-168
10	164	360	1775352132	72	112	30	99	10	21	0	180	538	56	192	-108	-168
10	164	360	1775354136	63	98	38	110	10	21	0	190	559	56	192	-108	-168
10	164	360	1775356140	61	96	32	95	10	19	0	200	578	56	192	-108	-168
10	164	360	1775358140	69	107	40	107	10	21	0	210	599	56	192	-108	-168
10	164	360	1775360136	61	93	37	93	10	19	0	220	618	56	192	-108	-168
10	164	360	1775362128	60	90	42	102	10	19	0	230	637	56	192	-108	-168
10	164	360	1775364128	68	101	39	90	11	19	0	241	656	56	192	-108	-168
10	164	360	1775366124	60	88	45	100	11	19	0	252	675	56	192	-108	-168
10	164	360	1775368128	60	87	41	87	10	17	0	262	692	56	192	-108	-168
10	164	360	1775370124	68	95	48	96	11	19	0	273	711	56	192	-108	-168
10	164	360	1775372116	62	84	43	82	11	17	0	284	728	56	192	-108	-168
10	164	360	1775374112	61	82	50	93	11	18	0	295	746	56	192	-108	-168
10	164	360	1775376108	69	90	47	79	12	16	0	307	762	56	192	-108	-168
10	164	360	1775378116	61	78	51	87	11	17	0	318	779	56	192	-108	-168
10	164	360	1775380112	61	75	54	85	11	16	0	329	795	56	192	-108	-168
10	164	360	1775382108	68	82	46	71	12	15	0	341	810	56	192	-108	-168
10	164	360	1775384104	60	69	52	80	11	15	0	352	825	56	192	-108	-168
10	164	360	1775386104	60	68	47	67	11	14	0	363	839	56	192	-108	-168
10	164	360	1775388100	65	71	51	71	11	14	0	374	734	56	192	-108	-168
10	164	360	1775390100	56	60	44	60	10	12	0	384	746	56	192	-108	-168
10	164	360	1775392096	54	57	50	65	11	12	0	395	758	56	192	-108	-168
10	164	360	1775394092	60	60	42	54	10	11	0	405	769	56	192	-108	-168
10	164	360	1775396088	50	49	46	56	9	11	0	414	780	56	192	-108	-168
10	164	360	1775398088	47	45	39	46	9	9	0	423	789	56	192	-108	-168
10	164	360	1775400084	50	48	44	48	9	10	0	432	799	56	192	-108	-168
10	164	360	1775402084	41	37	35	38	8	7	0	440	806	56	192	-108	-168
10	164	360	1775404080	39	33	37	39	8	7	0	448	727	56	192	-108	-168
10	164	360	1775406072	40	33	32	31	7	7	0	455	734	56	192	-108	-168
10	164	360	1775408068	33	25	32	32	6	5	0	461	739	56	192	-108	-168
10	164	360	1775410068	28	23	25	23	6	5	0	467	744	56	192	-108	-168
10	164	360	1775412068	27	19	26	24	5	4	0	472	748	56	192	-108	-168
10	164	360	1775414060	26	18	22	18	5	4	0	477	752	56	192	-108	-168
10	164	360	1775416060	19	14	20	17	4	3	0	481	755	56	192	-108	-168
10	164	360	1775418060	17	11	16	13	3	2	0	484	757	56	192	-108	-168
10	164	360	1775420060	16	10	15	12	3	3	0	487	723	56	192	-108	-168
10	164	360	1775422056	12	8	11	9	2	1	0	489	724	56	192	-108	-168
10	164	360	1775424056	10	5	11	7	2	2	0	491	726	56	192	-108	-168
10	164	360	1775426040	7	4	9	5	2	0	0	493	726	56	192	-108	-168
10	164	360	1775428048	6	3	8	5	1	1	0	494	727	56	192	-108	-168
10	164	360	1775430048	5	2	5	3	1	1	0	495	728	56	192	-108	-168
10	164	360	1775432048	4	1	3	2	1	0	0	496	728	56	192	-108	-168
10	164	360	1775434048	3	1	4	2	1	0	0	497	720	56	192	-108	-168
10	164	360	1775436036	1	0	3	1	0	0	0	497	720	56	192	-108	-168
10	164	360	1775438012	0	0	1	0	0	0	0	497	720	56	192	-108	-168
10	164	360	1775440040	0	0	1	-1	0	0	0	497	720	56	192	-108	-168
10	164	360	1775442036	0	-4	1	-3	0	0	0	497	720	56	192	-108	-168
10	164	360	1775443996	0	-5	0	-4	0	0	0	497	720	56	192	-108	-168
10	164	360	1775446044	-3	-7	2	-8	0	-2	0	497	718	56	192	-108	-168
10	164	360	1775448032	-4	-9	1	-7	0	-1	0	497	717	56	192	-108	-168
10	164	360	1775450040	-5	-11	1	-11	0	-3	0	497	714	56	192	-108	-168
10	164	360	1775452044	-5	-13	1	-12	0	-2	0	497	712	56	192	-108	-168
10	164	360	1775454044	-6	-15	3	-13	0	-3	0	497	709	56	192	-108	-168
10	164	360	1775456060	-7	-17	2	-15	-1	-3	0	496	706	56	192	-108	-168
10	164	360	1775458044	-8	-19	3	-18	0	-4	0	496	702	56	192	-108	-168
10	164	360	1775460056	-7	-20	2	-21	-1	-4	0	495	698	56	192	-108	-168
10	164	360	1775462044	-10	-26	4	-20	0	-4	0	495	694	56	192	-108	-168
10	164	360	1775464056	-10	-25	4	-26	-1	-6	0	494	688	56	192	-108	-168
10	164	360	1775466048	-12	-28	4	-25	-1	-5	0	493	683	56	192	-108	-168
10	164	360	1775468052	-13	-34	3	-30	-1	-6	0	492	677	56	192	-108	-168
10	164	360	1775470048	-13	-32	4	-30	0	-6	0	492	671	56	192	-108	-168
10	164	360	1775472056	-15	-34	5	-37	-1	-8	0	491	663	56	192	-108	-168
10	164	360	1775474056	-16	-40	4	-33	-2	-7	0	489	656	56	192	-108	-168
10	164	360	1775476060	-15	-36	4	-40	-1	-7	0	488	649	56	192	-108	-168
10	164	360	1775478052	-15	-38	3	-37	-1	-8	0	487	641	56	192	-108	-168
10	164	360	1775480056	-19	-45	4	-42	-1	-9	0	486	632	56	192	-108	-168
10	164	360	1775482060	-16	-41	4	-40	-2	-8	0	484	624	56	192	-108	-168
10	164	360	1775484068	-18	-42	2	-46	-1	-9	0	483	615	56	192	-108	-168
10	164	360	1775486056	-20	-49	3	-43	-2	-9	0	481	606	56	192	-108	-168
10	164	360	1775488060	-18	-46	2	-49	-2	-9	0	479	597	56	192	-108	-168
10	164	360	1775490064	-19	-47	3	-45	-1	-9	0	478	588	56	192	-108	-168
10	164	360	1775492044	-21	-53	2	-52	-2	-11	0	476	577	56	192	-108	-168
10	164	360	1775494052	-19	-49	2	-53	-2	-10	0	474	567	56	192	-108	-168
10	164	360	1775496048	-19	-49	1	-47	-2	-10	0	472	557	56	192	-108	-168
10	164	360	1775498048	-21	-56	1	-55	-2	-11	0	470	546	56	192	-108	-168
10	164	360	1775500048	-18	-49	0	-48	-1	-10	0	469	536	56	192	-108	-168
10	164	360	1775502044	-18	-50	1	-53	-2	-10	0	467	526	56	192	-108	-168
10	164	360	1775504052	-19	-54	0	-48	-2	-10	0	465	516	56	192	-108	-168
10	164	360	1775506048	-15	-48	0	-52	-1	-10	0	464	506	56	192	-108	-168
10	164	360	1775508044	-16	-47	0	-47	-2	-9	0	462	497	56	192	-108	-168
10	164	360	1775510044	-15	-50	0	-50	-2	-10	0	460	487	56	192	-108	-168
10	164	360	1775512044	-14	-43	0	-43	-1	-9	0	459	478	56	192	-108	-168
10	164	360	1775514048	-13	-43	0	-48	-1	-9	0	458	469	56	192	-108	-168
10	164	360	1775516052	-12	-45	0	-40	-1	-9	0	457	460	56	192	-108	-168
10	164	360	1775518056	-10	-37	-1	-44	-2	-8	0	455	452	56	192	-108	-168
10	164	360	1775520056	-10	-38	-2	-37	-1	-7	0	454	445	56	192	-108	-168
10	164	360	1775522052	-11	-39	-2	-40	-1	-8	0	453	437	56	192	-108	-168
10	164	360	1775524048	-8	-32	-1	-34	-1	-7	0	452	430	56	192	-108	-168
10	164	360	1775526052	-9	-31	-3	-36	-1	-6	0	451	424	56	192	-108	-168
10	164	360	1775528044	-7	-34	-2	-30	-1	-7	0	450	417	56	192	-108	-168
10	164	360	1775530052	-8	-28	-4	-33	-1	-6	0	449	411	56	192	-108	-168
10	164	360	1775532048	-6	-25	-3	-31	-1	-6	0	448	405	56	192	-108	-168
10	164	360	1775534036	-7	-27	-3	-25	-1	-5	0	447	400	56	192	-108	-168
10	164	360	1775536028	-5	-23	-4	-26	-1	-5	0	446	395	56	192	-108	-168
10	164	360	1775538036	-7	-21	-4	-23	-1	-4	0	445	391	56	192	-108	-168
10	164	360	1775540032	-6	-22	-5	-23	-1	-5	0	444	386	56	192	-108	-168
10	164	360	1775542028	-5	-19	-4	-19	-1	-3	0	443	383	56	192	-108	-168
10	164	360	1775544020	-5	-16	-5	-20	-1	-4	0	442	379	56	192	-108	-168
10	164	360	1775546024	-5	-18	-3	-18	-1	-4	0	441	375	56	192	-108	-168
10	164	360	1775548032	-5	-15	-4	-16	-1	-3	0	440	372	56	192	-108	-168
10	164	360	1775550024	-4	-12	-4	-14	-1	-2	0	439	370	56	192	-108	-168
10	164	360	1775552008	-3	-13	-4	-15	0	-3	0	439	367	56	192	-108	-168
10	164	360	1775554016	-4	-10	-3	-11	-1	-2	0	438	365	56	192	-108	-168
10	164	360	1775556020	-3	-9	-4	-11	-1	-2	0	437	363	56	192	-108	-168
10	164	360	1775558016	-3	-8	-3	-9	0	-2	0	437	361	56	192	-108	-168
10	164	360	1775560028	-3	-7	-2	-7	-1	-1	0	436	360	56	192	-108	-168
10	164	360	1775562024	-1	-5	-1	-7	0	-1	0	436	359	56	192	-108	-168
10	164	360	1775564036	-3	-5	-3	-6	-1	-2	0	435	357	56	192	-108	-168
10	164	360	1775566008	-1	-3	-1	-5	0	0	0	435	357	56	192	-108	-168
10	164	360	1775568020	-1	-3	-1	-4	0	-1	0	435	356	56	192	-108	-168
10	164	360	1775570024	0	-2	-2	-3	0	-1	0	435	355	56	192	-108	-168
10	164	360	1775572004	-1	-2	-1	-3	0	0	0	435	355	56	192	-108	-168
10	164	360	1775574020	0	-1	-1	-1	-1	0	0	434	355	56	192	-108	-168
10	164	360	1775576012	-2	-1	0	-3	0	-1	0	434	354	56	192	-108	-168
10	164	360	1775577964	0	-1	0	-1	0	0	0	434	354	56	192	-108	-168
10	164	360	1775581968	0	0	0	-1	0	0	0	434	354	56	192	-108	-168
10	164	360	1775585976	0	-2	0	0	0	0	0	434	354	56	192	-108	-168
10	164	360	1775587980	0	0	-1	0	0	0	0	434	354	56	192	-108	-168
10	164	360	1775589984	-1	0	0	0	0	0	0	434	354	56	192	-108	-168
10	164	360	1775627996	-1	0	0	0	0	0	0	434	354	56	192	-108	-168
10	164	360	1775630028	-1	1	-2	0	0	0	0	434	354	56	192	-108	-168
10	164	360	1775632036	-2	2	-1	3	-1	0	0	433	354	56	192	-108	-168
10	164	360	1775634020	-1	4	-1	2	0	0	0	433	354	56	192	-108	-168
10	164	360	1775636032	-1	5	-3	5	0	1	0	433	355	56	192	-108	-168
10	164	360	1775638044	-3	5	-3	5	-1	1	0	432	356	56	192	-108	-168
10	164	360	1775640028	-2	9	-4	7	0	2	0	432	358	56	192	-108	-168
10	164	360	1775642040	-3	8	-5	8	-1	1	0	431	359	56	192	-108	-168
10	164	360	1775644044	-2	9	-6	9	-1	2	0	430	361	56	192	-108	-168
10	164	360	1775646056	-3	14	-8	11	-1	3	0	429	364	56	192	-108	-168
10	164	360	1775648052	-2	12	-7	13	-1	2	0	428	366	56	192	-108	-168
10	164	360	1775650056	-1	15	-9	15	-1	3	0	427	369	56	192	-108	-168
10	164	360	1775652060	-3	19	-10	15	-1	3	0	426	372	56	192	-108	-168
10	164	360	1775654060	-1	20	-11	19	-2	4	0	424	376	56	192	-108	-168
10	164	360	1775656064	-1	21	-12	20	-1	4	0	423	380	56	192	-108	-168
10	164	360	1775658064	0	27	-13	23	-1	5	0	422	385	56	192	-108	-168
10	164	360	1775660060	0	25	-15	27	-2	6	0	420	391	56	192	-108	-168
10	164	360	1775662052	1	26	-14	23	-1	5	0	419	396	56	192	-108	-168
10	164	360	1775664052	3	31	-16	30	-1	6	0	418	402	56	192	-108	-168
10	164	360	1775666044	5	29	-15	27	-1	5	0	417	407	56	192	-108	-168
10	164	360	1775668040	5	29	-18	32	-2	6	0	415	413	56	192	-108	-168
10	164	360	1775670024	6	33	-15	28	0	6	0	415	419	56	192	-108	-168
10	164	360	1775672036	6	32	-17	33	-2	7	0	413	426	56	192	-108	-168
10	164	360	1775674020	9	31	-14	29	0	6	0	413	432	56	192	-108	-168
10	164	360	1775676028	9	36	-16	35	-1	7	0	412	439	56	192	-108	-168
10	164	360	1775678012	10	31	-13	30	0	6	0	412	445	56	192	-108	-168
10	164	360	1775680020	10	32	-15	34	-1	7	0	411	452	56	192	-108	-168
10	164	360	1775682008	10	32	-11	31	0	6	0	411	458	56	192	-108	-168
10	164	360	1775684000	11	34	-13	34	0	7	0	411	465	56	192	-108	-168
10	164	360	1775686004	11	30	-10	30	0	6	0	411	471	56	192	-108	-168
10	164	360	1775688000	10	30	-11	32	0	6	0	411	477	56	192	-108	-168
10	164	360	1775690004	13	32	-9	29	0	6	0	411	483	56	192	-108	-168
10	164	360	1775692004	10	28	-7	33	0	6	0	411	489	56	192	-108	-168
10	164	360	1775694004	11	27	-8	26	0	6	0	411	495	56	192	-108	-168
10	164	360	1775696016	11	30	-6	31	1	6	0	412	501	56	192	-108	-168
10	164	360	1775698008	10	25	-5	25	0	5	0	412	506	56	192	-108	-168
10	164	360	1775700016	10	25	-4	30	1	5	0	413	511	56	192	-108	-168
10	164	360	1775701996	10	28	-3	28	0	6	0	413	517	56	192	-108	-168
10	164	360	1775704004	10	22	-3	23	1	4	0	414	521	56	192	-108	-168
10	164	360	1775706000	9	23	-2	27	1	5	0	415	526	56	192	-108	-168
10	164	360	1775708008	9	25	-2	21	1	5	0	416	531	56	192	-108	-168
10	164	360	1775709992	7	21	-1	25	0	4	0	416	535	56	192	-108	-168
10	164	360	1775712004	8	20	-1	20	1	4	0	417	539	56	192	-108	-168
10	164	360	1775714008	8	21	0	22	1	5	0	418	544	56	192	-108	-168
10	164	360	1775715996	7	19	-1	19	0	4	0	418	548	56	192	-108	-168
10	164	360	1775718004	6	18	0	21	1	3	0	419	551	56	192	-108	-168
10	164	360	1775719992	6	17	0	17	0	4	0	419	555	56	192	-108	-168
10	164	360	1775722000	5	15	0	17	1	3	0	420	558	56	192	-108	-168
10	164	360	1775724000	6	15	0	15	1	3	0	421	561	56	192	-108	-168
10	164	360	1775725992	5	14	0	15	0	3	0	421	564	56	192	-108	-168
10	164	360	1775727988	4	11	0	13	0	2	0	421	566	56	192	-108	-168
10	164	360	1775730000	4	11	0	12	1	3	0	422	569	56	192	-108	-168
10	164	360	1775731988	4	10	0	10	0	2	0	422	571	56	192	-108	-168
10	164	360	1775733988	2	9	0	10	0	2	0	422	573	56	192	-108	-168
10	164	360	1775735996	3	8	0	8	1	1	0	423	574	56	192	-108	-168
10	164	360	1775737988	3	6	0	7	0	1	0	423	575	56	192	-108	-168
10	164	360	1775739988	2	5	0	6	0	2	0	423	577	56	192	-108	-168
10	164	360	1775741992	1	5	0	5	0	1	0	423	578	56	192	-108	-168
10	164	360	1775743976	1	4	0	5	0	0	0	423	578	56	192	-108	-168
10	164	360	1775746008	1	3	0	4	1	1	0	424	579	56	192	-108	-168
10	164	360	1775747996	2	3	0	3	0	1	0	424	580	56	192	-108	-168
10	164	360	1775749984	1	2	0	2	0	0	0	424	580	56	192	-108	-168
10	164	360	1775751972	0	2	0	3	0	1	0	424	581	56	192	-108	-168
10	164	360	1775753984	0	1	1	1	0	0	0	424	581	56	192	-108	-168
10	164	360	1775755988	1	0	0	1	0	0	0	424	581	56	192	-108	-168
10	164	360	1775757964	0	1	0	0	0	0	0	424	581	56	192	-108	-168
10	164	360	1775759964	0	0	0	1	0	0	0	424	581	56	192	-108	-168
10	164	360	1775763928	0	0	0	0	0	0	1	424	581	56	192	-108	-168
11	-56	-392	1775864036	-1	0	0	0	0	0	0	56	192	0	-200	56	192
11	-56	-392	1775866040	-2	0	0	0	0	0	0	56	192	0	-200	56	192
11	-56	-392	1775868044	-1	0	0	0	0	0	0	56	192	0	-200	56	192
11	-56	-392	1775870036	-2	0	0	0	0	0	0	56	192	0	-200	56	192
11	-56	-392	1775872068	-3	1	0	2	0	0	0	56	192	0	-200	56	192
11	-56	-392	1775874040	-4	0	-1	0	0	0	0	56	192	0	-200	56	192
11	-56	-392	1775876088	-3	2	0	1	-1	1	0	55	193	0	-200	56	192
11	-56	-392	1775878056	-4	0	-2	1	0	0	0	55	193	0	-200	56	192
11	-56	-392	1775880072	-5	1	-1	0	-1	0	0	54	193	0	-200	56	192
11	-56	-392	1775882060	-4	0	-1	1	0	0	0	54	193	0	-200	56	192
11	-56	-392	1775884048	-5	0	-1	0	-1	0	0	53	193	0	-200	56	192
11	-56	-392	1775886080	-5	1	-2	2	-1	0	0	52	193	0	-200	56	192
11	-56	-392	1775888040	-5	0	-1	0	0	0	0	52	193	0	-200	56	192
11	-56	-392	1775890048	-6	0	-1	0	-1	0	0	51	193	0	-200	56	192
11	-56	-392	1775892052	-6	0	-1	0	-1	0	0	50	193	0	-200	56	192
11	-56	-392	1775894076	-8	-1	-2	-1	-1	0	0	49	193	0	-200	56	192
11	-56	-392	1775896064	-7	-3	0	-2	0	0	0	49	193	0	-200	56	192
11	-56	-392	1775898076	-8	-5	-1	-4	-1	0	0	48	193	0	-200	56	192
11	-56	-392	1775900088	-9	-5	0	-5	-1	-1	0	47	192	0	-200	56	192
11	-56	-392	1775902084	-8	-9	0	-8	-1	-2	0	46	190	0	-200	56	192
11	-56	-392	1775904084	-9	-10	0	-8	-1	-2	0	45	188	0	-200	56	192
11	-56	-392	1775906088	-9	-11	1	-12	-1	-2	0	44	186	0	-200	56	192
11	-56	-392	1775908088	-10	-14	1	-12	-1	-3	0	43	183	0	-200	56	192
11	-56	-392	1775910080	-11	-17	2	-16	0	-3	0	43	180	0	-200	56	192
11	-56	-392	1775912096	-11	-19	4	-17	-1	-4	0	42	176	0	-200	56	192
11	-56	-392	1775914088	-15	-25	4	-22	-1	-4	0	41	172	0	-200	56	192
11	-56	-392	1775916080	-13	-24	4	-21	-1	-5	0	40	167	0	-200	56	192
11	-56	-392	1775918080	-14	-26	5	-28	-1	-5	0	39	162	0	-200	56	192
11	-56	-392	1775920084	-17	-34	5	-30	-1	-7	0	38	155	0	-200	56	192
11	-56	-392	1775922080	-15	-32	5	-29	-1	-6	0	37	149	0	-200	56	192
11	-56	-392	1775924076	-16	-34	5	-36	-1	-7	0	36	142	0	-200	56	192
11	-56	-392	1775926068	-17	-37	5	-34	-2	-7	0	34	135	0	-200	56	192
11	-56	-392	1775928076	-18	-44	6	-42	-1	-8	0	33	127	0	-200	56	192
11	-56	-392	1775930064	-18	-40	6	-38	-1	-8	0	32	119	0	-200	56	192
11	-56	-392	1775932068	-17	-43	6	-46	-1	-9	0	31	110	0	-200	56	192
11	-56	-392	1775934072	-20	-51	7	-42	-1	-9	0	30	101	0	-200	56	192
11	-56	-392	1775936076	-19	-46	7	-52	-2	-10	0	28	91	0	-200	56	192
11	-56	-392	1775938072	-20	-50	8	-46	-1	-10	0	27	81	0	-200	56	192
11	-56	-392	1775940072	-23	-58	7	-55	-1	-11	0	26	70	0	-200	56	192
11	-56	-392	1775942068	-20	-53	8	-51	-2	-10	0	24	60	0	-200	56	192
11	-56	-392	1775944080	-25	-64	8	-61	-1	-13	0	23	47	0	-200	56	192
11	-56	-392	1775946080	-22	-59	8	-57	-2	-12	0	21	35	0	-200	56	192
11	-56	-392	1775948076	-24	-62	7	-67	-1	-12	0	20	23	0	-200	56	192
11	-56	-392	1775950072	-25	-65	9	-63	-2	-13	0	18	10	0	-200	56	192
11	-56	-392	1775952068	-30	-77	9	-73	-2	-15	0	16	-5	0	-200	56	192
11	-56	-392	1775954076	-26	-71	10	-77	-2	-15	0	14	-20	0	-200	56	192
11	-56	-392	1775956080	-28	-74	9	-70	-2	-14	0	12	-34	0	-200	56	192
11	-56	-392	1775958076	-33	-86	10	-83	-2	-17	0	10	-51	0	-200	56	192
11	-56	-392	1775960080	-30	-81	10	-77	-2	-16	0	8	-67	0	-200	56	192
11	-56	-392	1775962076	-37	-94	11	-91	-2	-19	0	6	-86	0	-200	56	192
11	-56	-392	1775964084	-32	-87	9	-81	-3	-16	0	3	-102	0	-200	56	192
11	-56	-392	1775966080	-35	-90	11	-98	-2	-19	0	1	-121	0	-200	56	192
11	-56	-392	1775968084	-40	-107	10	-88	-3	-20	0	-2	-141	0	-200	56	192
11	-56	-392	1775970080	-36	-96	10	-104	-3	-20	0	-5	-161	0	-200	56	192
11	-56	-392	1775972076	-38	-100	9	-95	-3	-19	0	-8	-180	0	-200	56	192
11	-56	-392	1775974084	-42	-114	10	-110	-3	-23	0	-11	-203	0	-200	56	192
11	-56	-392	1775976076	-40	-103	7	-99	-3	-20	0	-14	-223	0	-200	56	192
11	-56	-392	1775978084	-40	-107	9	-115	-3	-22	0	-17	-245	0	-200	56	192
11	-56	-392	1775980080	-48	-121	5	-104	-5	-23	0	-22	-268	0	-200	56	192
11	-56	-392	1775982080	-42	-110	6	-120	-3	-23	0	-25	-291	0	-200	56	192
11	-56	-392	1775984076	-44	-111	5	-121	-4	-23	0	-29	-314	0	-200	56	192
11	-56	-392	1775986084	-50	-126	3	-107	-5	-23	0	-34	-337	0	-200	56	192
11	-56	-392	1775988096	-48	-114	2	-125	-4	-24	0	-38	-361	0	-200	56	192
11	-56	-392	1775990092	-47	-115	1	-112	-5	-23	0	-43	-384	0	-200	56	192
11	-56	-392	1775992088	-55	-130	0	-126	-5	-25	0	-48	-409	0	-200	56	192
11	-56	-392	1775994084	-50	-116	-1	-112	-6	-23	0	-54	-432	0	-200	56	192
11	-56	-392	1775996092	-53	-117	-4	-128	-5	-25	0	-59	-457	0	-200	56	192
11	-56	-392	1775998088	-60	-128	-5	-111	-7	-23	0	-66	-480	0	-200	56	192
11	-56	-392	1776000092	-53	-115	-8	-128	-6	-25	0	-72	-505	0	-200	56	192
11	-56	-392	1776002092	-57	-114	-8	-111	-6	-22	0	-78	-527	0	-200	56	192
11	-56	-392	1776004088	-62	-128	-12	-126	-8	-26	0	-86	-553	0	-200	56	192
11	-56	-392	1776006096	-59	-112	-11	-110	-7	-22	0	-93	-575	0	-200	56	192
11	-56	-392	1776008092	-57	-111	-14	-125	-7	-23	0	-100	-598	0	-200	56	192
11	-56	-392	1776010088	-68	-123	-13	-108	-8	-24	0	-108	-622	0	-200	56	192
11	-56	-392	1776012084	-59	-109	-17	-121	-8	-23	0	-116	-645	0	-200	56	192
11	-56	-392	1776014076	-61	-107	-15	-105	-7	-21	0	-123	-666	0	-200	56	192
11	-56	-392	1776016084	-67	-119	-17	-117	-9	-23	0	-132	-689	0	-200	56	192
11	-56	-392	1776018080	-62	-104	-20	-118	-8	-23	0	-140	-712	0	-200	56	192
11	-56	-392	1776020072	-60	-102	-16	-100	-7	-20	0	-147	-732	0	-200	56	192
11	-56	-392	1776022080	-68	-113	-22	-114	-9	-22	0	-156	-754	0	-200	56	192
11	-56	-392	1776024072	-59	-100	-17	-97	-8	-20	0	-164	-774	0	-200	56	192
11	-56	-392	1776026076	-60	-97	-20	-110	-8	-21	0	-172	-795	0	-200	56	192
11	-56	-392	1776028072	-65	-110	-18	-95	-8	-20	0	-180	-815	0	-200	56	192
11	-56	-392	1776030072	-58	-95	-20	-108	-8	-21	0	-188	-836	0	-200	56	192
11	-56	-392	1776032072	-56	-95	-16	-92	-7	-18	0	-195	-854	0	-200	56	192
11	-56	-392	1776034076	-62	-104	-19	-104	-8	-21	0	-203	-875	0	-200	56	192
11	-56	-392	1776036080	-54	-90	-16	-89	-7	-18	0	-210	-893	0	-200	56	192
11	-56	-392	1776038084	-51	-89	-16	-100	-7	-19	0	-217	-912	0	-200	56	192
11	-56	-392	1776040080	-58	-97	-14	-86	-7	-18	0	-224	-930	0	-200	56	192
11	-56	-392	1776042084	-49	-85	-15	-95	-7	-18	0	-231	-948	0	-200	56	192
11	-56	-392	1776044088	-46	-83	-12	-82	-5	-17	0	-236	-737	0	-200	56	192
11	-56	-392	1776046096	-50	-90	-13	-92	-7	-18	0	-243	-755	0	-200	56	192
11	-56	-392	1776048084	-41	-78	-12	-88	-5	-17	0	-248	-772	0	-200	56	192
11	-56	-392	1776050080	-40	-75	-9	-75	-5	-15	0	-253	-735	0	-200	56	192
11	-56	-392	1776052076	-43	-83	-9	-84	-5	-16	0	-258	-751	0	-200	56	192
11	-56	-392	1776054076	-35	-71	-7	-70	-4	-14	0	-262	-765	0	-200	56	192
11	-56	-392	1776056076	-32	-68	-8	-79	-4	-15	0	-266	-780	0	-200	56	192
11	-56	-392	1776058076	-34	-73	-5	-65	-4	-14	0	-270	-794	0	-200	56	192
11	-56	-392	1776060080	-27	-63	-4	-72	-3	-13	0	-273	-807	0	-200	56	192
11	-56	-392	1776062084	-27	-60	-3	-62	-3	-13	0	-276	-820	0	-200	56	192
11	-56	-392	1776064084	-26	-65	-3	-66	-3	-13	0	-279	-833	0	-200	56	192
11	-56	-392	1776066088	-21	-55	-1	-55	-2	-11	0	-281	-844	0	-200	56	192
11	-56	-392	1776068088	-19	-52	-3	-61	-3	-11	0	-284	-731	0	-200	56	192
11	-56	-392	1776070092	-20	-57	0	-50	-2	-11	0	-286	-742	0	-200	56	192
11	-56	-392	1776072100	-16	-48	0	-56	-1	-10	0	-287	-752	0	-200	56	192
11	-56	-392	1776074108	-14	-45	0	-45	-2	-9	0	-289	-761	0	-200	56	192
11	-56	-392	1776076108	-14	-48	0	-50	-1	-10	0	-290	-771	0	-200	56	192
11	-56	-392	1776078104	-10	-40	1	-47	-1	-9	0	-291	-780	0	-200	56	192
11	-56	-392	1776080104	-10	-39	2	-38	-1	-7	0	-292	-787	0	-200	56	192
11	-56	-392	1776082092	-8	-38	2	-42	0	-8	0	-292	-795	0	-200	56	192
11	-56	-392	1776084104	-8	-33	2	-33	-1	-7	0	-293	-802	0	-200	56	192
11	-56	-392	1776086088	-6	-30	3	-35	0	-6	0	-293	-808	0	-200	56	192
11	-56	-392	1776088104	-5	-30	2	-29	-1	-6	0	-294	-814	0	-200	56	192
11	-56	-392	1776090084	-5	-24	3	-29	0	-6	0	-294	-820	0	-200	56	192
11	-56	-392	1776092084	-4	-22	2	-24	0	-4	0	-294	-724	0	-200	56	192
11	-56	-392	1776094088	-2	-21	3	-25	0	-5	0	-294	-729	0	-200	56	192
11	-56	-392	1776096088	-3	-18	2	-18	0	-3	0	-294	-732	0	-200	56	192
11	-56	-392	1776098088	-1	-15	3	-19	0	-4	0	-294	-736	0	-200	56	192
11	-56	-392	1776100092	-3	-15	2	-14	0	-3	0	-294	-739	0	-200	56	192
11	-56	-392	1776102092	0	-10	1	-15	0	-2	0	-294	-722	0	-200	56	192
11	-56	-392	1776104088	-1	-9	3	-10	0	-2	1	-294	-724	0	-200	56	192
