1	-28	196	112632732	0	0	0	0	0	0	0	0	-100	-28	96	0	-100
1	-28	196	112640768	0	1	0	0	0	0	0	0	-100	-28	96	0	-100
1	-28	196	112642768	0	2	0	2	0	0	0	0	-100	-28	96	0	-100
1	-28	196	112644796	3	4	0	3	0	0	0	0	-100	-28	96	0	-100
1	-28	196	112646796	4	5	0	5	0	0	0	0	-100	-28	96	0	-100
1	-28	196	112648800	5	8	-3	8	0	1	0	0	-99	-28	96	0	-100
1	-28	196	112650804	5	8	-1	9	0	1	0	0	-98	-28	96	0	-100
1	-28	196	112652804	8	14	-2	11	0	2	0	0	-96	-28	96	0	-100
1	-28	196	112654820	9	14	-4	12	1	2	0	1	-94	-28	96	0	-100
1	-28	196	112656796	11	16	-4	18	0	2	0	1	-92	-28	96	0	-100
1	-28	196	112658820	14	23	-4	17	1	3	0	2	-89	-28	96	0	-100
1	-28	196	112660804	15	22	-6	23	0	2	0	2	-87	-28	96	0	-100
1	-28	196	112662820	19	30	-5	24	1	4	0	3	-83	-28	96	0	-100
1	-28	196	112664816	17	30	-7	31	1	4	0	4	-79	-28	96	0	-100
1	-28	196	112666812	22	34	-8	30	1	4	0	5	-75	-28	96	0	-100
1	-28	196	112668808	25	44	-11	39	1	5	0	6	-70	-28	96	0	-100
1	-28	196	112670796	23	41	-11	43	0	6	0	6	-64	-28	96	0	-100
1	-28	196	112672808	27	46	-12	42	1	5	0	7	-59	-28	96	0	-100
1	-28	196	112674800	31	55	-15	51	1	7	0	8	-52	-28	96	0	-100
1	-28	196	112676800	29	54	-15	49	1	7	0	9	-45	-28	96	0	-100
1	-28	196	112678800	31	56	-18	58	1	7	0	10	-38	-28	96	0	-100
1	-28	196	112680800	35	66	-18	54	1	8	0	11	-30	-28	96	0	-100
1	-28	196	112682800	32	63	-21	65	1	8	0	12	-22	-28	96	0	-100
1	-28	196	112684800	37	72	-20	59	1	9	0	13	-13	-28	96	0	-100
1	-28	196	112686796	33	69	-25	71	1	9	0	14	-4	-28	96	0	-100
1	-28	196	112688788	34	70	-25	75	0	9	0	14	5	-28	96	0	-100
1	-28	196	112690800	39	81	-24	68	1	10	0	15	15	-28	96	0	-100
1	-28	196	112692796	34	75	-29	81	1	10	0	16	25	-28	96	0	-100
1	-28	196	112694784	35	77	-26	71	0	10	0	16	35	-28	96	0	-100
1	-28	196	112696792	38	87	-30	85	1	11	0	17	46	-28	96	0	-100
1	-28	196	112698788	34	79	-27	75	0	10	0	17	56	-28	96	0	-100
1	-28	196	112700792	39	89	-33	86	0	11	0	17	67	-28	96	0	-100
1	-28	196	112702800	34	80	-27	78	1	10	0	18	77	-28	96	0	-100
1	-28	196	112704788	32	80	-33	87	0	11	0	18	88	-28	96	0	-100
1	-28	196	112706780	36	90	-27	79	0	11	0	18	99	-28	96	0	-100
1	-28	196	112708788	32	80	-33	89	0	11	0	18	110	-28	96	0	-100
1	-28	196	112710788	30	78	-31	89	0	11	0	18	121	-28	96	0	-100
1	-28	196	112712796	33	89	-28	76	1	10	0	19	131	-28	96	0	-100
1	-28	196	112714780	29	79	-31	89	0	11	0	19	142	-28	96	0	-100
1	-28	196	112716780	31	86	-26	76	0	11	0	19	153	-28	96	0	-100
1	-28	196	112718780	27	76	-29	86	0	10	0	19	163	-28	96	0	-100
1	-28	196	112720776	26	74	-25	74	0	10	0	19	173	-28	96	0	-100
1	-28	196	112722772	27	83	-29	82	0	10	0	19	183	-28	96	0	-100
1	-28	196	112724768	24	70	-23	72	0	10	0	19	193	-28	96	0	-100
1	-28	196	112726764	24	70	-25	78	0	9	0	19	202	-28	96	0	-100
1	-28	196	112728732	25	75	-25	77	0	10	0	19	212	-28	96	0	-100
1	-28	196	112730760	21	65	-22	65	0	8	0	19	220	-28	96	0	-100
1	-28	196	112732760	20	62	-23	71	0	9	0	19	229	-28	96	0	-100
1	-28	196	112734756	23	68	-19	60	0	8	0	19	237	-28	96	0	-100
1	-28	196	112736756	18	57	-21	66	0	8	0	19	245	-28	96	0	-100
1	-28	196	112738756	20	61	-18	56	0	8	0	19	253	-28	96	0	-100
1	-28	196	112740768	18	53	-19	60	0	7	0	19	260	-28	96	0	-100
1	-28	196	112742768	16	49	-15	50	0	6	0	19	266	-28	96	0	-100
1	-28	196	112744740	16	51	-16	55	0	7	0	19	273	-28	96	0	-100
1	-28	196	112746772	14	44	-15	52	0	6	0	19	279	-28	96	0	-100
1	-28	196	112748772	13	40	-12	41	0	6	0	19	285	-28	96	0	-100
1	-28	196	112750772	15	41	-14	46	0	5	0	19	290	-28	96	0	-100
1	-28	196	112752768	11	35	-10	36	0	5	0	19	295	-28	96	0	-100
1	-28	196	112754740	11	36	-11	39	0	5	0	19	300	-28	96	0	-100
1	-28	196	112756744	9	29	-9	31	0	4	0	19	304	-28	96	0	-100
1	-28	196	112758764	9	27	-10	34	0	4	0	19	308	-28	96	0	-100
1	-28	196	112760736	8	28	-8	26	0	3	0	19	311	-28	96	0	-100
1	-28	196	112762756	8	22	-7	28	0	3	0	19	314	-28	96	0	-100
1	-28	196	112764728	6	22	-6	26	0	3	0	19	317	-28	96	0	-100
1	-28	196	112766764	6	21	-7	20	0	3	0	19	320	-28	96	0	-100
1	-28	196	112768768	5	17	-6	21	0	3	0	19	323	-28	96	0	-100
1	-28	196	112770772	5	19	-6	18	0	2	0	19	325	-28	96	0	-100
1	-28	196	112772776	4	15	-5	19	0	2	0	19	327	-28	96	0	-100
1	-28	196	112774768	4	15	-5	15	0	2	0	19	329	-28	96	0	-100
1	-28	196	112776768	5	15	-6	17	0	2	0	19	331	-28	96	0	-100
1	-28	196	112778772	4	14	-5	14	0	2	0	19	333	-28	96	0	-100
1	-28	196	112780776	3	15	-5	15	0	2	0	19	335	-28	96	0	-100
1	-28	196	112782772	4	12	-5	15	0	2	0	19	337	-28	96	0	-100
1	-28	196	112784776	3	13	-5	12	0	1	0	19	338	-28	96	0	-100
1	-28	196	112786780	3	14	-7	14	0	2	0	19	340	-28	96	0	-100
1	-28	196	112788780	4	11	-3	11	0	2	0	19	342	-28	96	0	-100
1	-28	196	112790788	3	12	-7	14	-1	1	0	18	343	-28	96	0	-100
1	-28	196	112792764	3	13	-5	11	0	2	0	18	345	-28	96	0	-100
1	-28	196	112794768	4	12	-6	14	0	1	0	18	346	-28	96	0	-100
1	-28	196	112796772	3	12	-5	11	0	2	0	18	348	-28	96	0	-100
1	-28	196	112798780	2	12	-6	13	0	2	0	18	350	-28	96	0	-100
1	-28	196	112800784	3	11	-6	12	0	1	0	18	351	-28	96	0	-100
1	-28	196	112802784	2	13	-5	12	-1	2	0	17	353	-28	96	0	-100
1	-28	196	112804772	3	11	-7	12	0	1	0	17	354	-28	96	0	-100
1	-28	196	112806776	2	11	-6	11	0	2	0	17	356	-28	96	0	-100
1	-28	196	112808784	1	12	-5	13	0	1	0	17	357	-28	96	0	-100
1	-28	196	112810796	2	10	-6	10	-1	1	0	16	358	-28	96	0	-100
1	-28	196	112812784	1	12	-6	12	0	2	0	16	360	-28	96	0	-100
1	-28	196	112814788	1	9	-5	10	0	1	0	16	361	-28	96	0	-100
1	-28	196	112816796	0	10	-7	10	-1	2	0	15	363	-28	96	0	-100
1	-28	196	112818784	1	11	-5	12	0	1	0	15	364	-28	96	0	-100
1	-28	196	112820788	0	9	-6	8	0	1	0	15	365	-28	96	0	-100
1	-28	196	112822808	0	9	-5	12	-1	1	0	14	366	-28	96	0	-100
1	-28	196	112824788	0	10	-5	7	0	2	0	14	368	-28	96	0	-100
1	-28	196	112826788	0	7	-6	10	0	1	0	14	369	-28	96	0	-100
1	-28	196	112828812	0	10	-4	9	-1	1	0	13	370	-28	96	0	-100
1	-28	196	112830792	0	8	-6	9	0	1	0	13	371	-28	96	0	-100
1	-28	196	112832800	-1	7	-4	7	0	1	0	13	372	-28	96	0	-100
1	-28	196	112834812	-2	9	-5	9	-1	1	0	12	373	-28	96	0	-100
1	-28	196	112836792	-1	7	-5	9	0	1	0	12	374	-28	96	0	-100
1	-28	196	112838808	-2	7	-4	6	-1	1	0	11	375	-28	96	0	-100
1	-28	196	112840792	-2	7	-5	7	0	1	0	11	376	-28	96	0	-100
1	-28	196	112842792	-1	8	-5	8	0	1	0	11	377	-28	96	0	-100
1	-28	196	112844804	-2	6	-3	6	-1	1	0	10	378	-28	96	0	-100
1	-28	196	112846768	-2	6	-5	6	0	0	0	10	378	-28	96	0	-100
1	-28	196	112848792	-2	6	-4	8	-1	1	0	9	379	-28	96	0	-100
1	-28	196	112850772	-3	8	-4	6	0	1	0	9	380	-28	96	0	-100
1	-28	196	112852772	-1	6	-5	6	0	1	0	9	381	-28	96	0	-100
1	-28	196	112854784	-1	6	-4	8	-1	1	0	8	382	-28	96	0	-100
1	-28	196	112856768	-3	7	-3	6	0	1	0	8	383	-28	96	0	-100
1	-28	196	112858768	-1	7	-5	8	0	1	0	8	384	-28	96	0	-100
1	-28	196	112860768	-1	6	-4	6	-1	0	0	7	384	-28	96	0	-100
1	-28	196	112862760	-1	8	-5	7	0	1	0	7	385	-28	96	0	-100
1	-28	196	112864772	-2	6	-4	7	-1	1	0	6	386	-28	96	0	-100
1	-28	196	112866756	-1	8	-5	7	0	1	0	6	387	-28	96	0	-100
1	-28	196	112868764	-1	7	-4	8	0	1	0	6	388	-28	96	0	-100
1	-28	196	112870776	-1	6	-5	7	-1	1	0	5	389	-28	96	0	-100
1	-28	196	112872768	-2	9	-5	9	0	1	0	5	390	-28	96	0	-100
1	-28	196	112874768	0	8	-5	7	0	1	0	5	391	-28	96	0	-100
1	-28	196	112876772	-1	7	-5	8	-1	1	0	4	392	-28	96	0	-100
1	-28	196	112878756	0	9	-5	7	0	1	0	4	393	-28	96	0	-100
1	-28	196	112880772	-1	7	-6	9	-1	1	0	3	394	-28	96	0	-100
1	-28	196	112882756	0	9	-5	8	0	1	0	3	395	-28	96	0	-100
1	-28	196	112884760	0	8	-6	8	0	1	0	3	396	-28	96	0	-100
1	-28	196	112886772	0	8	-6	8	-1	1	0	2	397	-28	96	0	-100
1	-28	196	112888760	-1	9	-7	9	0	2	0	2	399	-28	96	0	-100
1	-28	196	112890772	0	8	-5	8	-1	1	0	1	400	-28	96	0	-100
1	-28	196	112892764	0	8	-7	9	0	1	0	1	401	-28	96	0	-100
1	-28	196	112894772	-2	9	-6	9	-1	1	0	0	402	-28	96	0	-100
1	-28	196	112896756	0	8	-7	7	0	1	0	0	403	-28	96	0	-100
1	-28	196	112898760	0	8	-6	9	0	1	0	0	404	-28	96	0	-100
1	-28	196	112900776	-1	8	-6	8	-1	1	0	-1	405	-28	96	0	-100
1	-28	196	112902760	0	7	-6	7	0	1	0	-1	406	-28	96	0	-100
1	-28	196	112904780	0	8	-5	8	-1	1	0	-2	407	-28	96	0	-100
1	-28	196	112906768	-1	7	-7	7	0	1	0	-2	408	-28	96	0	-100
1	-28	196	112908768	0	8	-6	6	0	1	0	-2	409	-28	96	0	-100
1	-28	196	112910788	0	5	-5	8	-1	1	0	-3	410	-28	96	0	-100
1	-28	196	112912768	0	6	-5	6	0	0	0	-3	410	-28	96	0	-100
1	-28	196	112914780	-1	5	-4	5	0	1	0	-3	411	-28	96	0	-100
1	-28	196	112916792	0	5	-5	5	-1	1	0	-4	412	-28	96	0	-100
1	-28	196	112918772	0	4	-3	5	0	0	0	-4	412	-28	96	0	-100
1	-28	196	112920788	0	4	-3	4	0	1	0	-4	413	-28	96	0	-100
1	-28	196	112922784	-2	2	-4	4	-1	0	0	-5	413	-28	96	0	-100
1	-28	196	112924784	0	4	-2	2	0	1	0	-5	414	-28	96	0	-100
1	-28	196	112926768	0	1	-1	3	0	0	0	-5	414	-28	96	0	-100
1	-28	196	112928764	0	1	-3	2	0	0	0	-5	414	-28	96	0	-100
1	-28	196	112930768	0	2	-1	3	0	0	0	-5	414	-28	96	0	-100
1	-28	196	112932768	0	1	-1	1	0	0	0	-5	414	-28	96	0	-100
1	-28	196	112934776	0	1	-2	1	0	1	0	-5	415	-28	96	0	-100
1	-28	196	112938736	0	0	0	1	0	0	0	-5	415	-28	96	0	-100
1	-28	196	112942728	0	0	-1	0	0	0	0	-5	415	-28	96	0	-100
1	-28	196	112954728	-1	0	0	0	0	0	0	-5	415	-28	96	0	-100
1	-28	196	112958736	-1	0	0	0	0	0	0	-5	415	-28	96	0	-100
1	-28	196	112960736	-1	0	0	0	0	0	0	-5	415	-28	96	0	-100
1	-28	196	112962744	-4	0	0	0	-1	0	0	-6	415	-28	96	0	-100
1	-28	196	112964720	-3	0	0	0	0	0	0	-6	415	-28	96	0	-100
1	-28	196	112966716	-3	0	-1	0	0	0	1	-6	415	-28	96	0	-100
2	-28	196	112968720	-4	0	0	0	0	0	1	-28	96	-28	96	0	-100
2	-28	196	112970724	-5	0	-1	0	-1	0	1	-29	96	-28	96	0	-100
2	-28	196	112972748	-5	0	0	-1	0	0	1	-29	96	-28	96	0	-100
2	82	-180	112974728	-5	0	-2	0	-1	0	1	-30	96	54	-84	-28	96
2	82	-180	112976716	-5	0	0	0	0	0	1	-30	96	54	-84	-28	96
2	82	-180	112978748	-6	0	-1	-1	0	0	1	-30	96	54	-84	-28	96
2	82	-180	112980768	-7	-2	-1	0	-1	0	1	-31	96	54	-84	-28	96
2	82	-180	112982756	-6	0	0	-2	0	0	1	-31	96	54	-84	-28	96
2	82	-180	112984740	-6	0	-1	0	-1	0	1	-32	96	54	-84	-28	96
2	82	-180	112986756	-5	-1	-2	-1	0	0	1	-32	96	54	-84	-28	96
2	82	-180	112988772	-6	0	-1	-1	-1	0	1	-33	96	54	-84	-28	96
2	82	-180	112990756	-7	-1	0	0	0	0	1	-33	96	54	-84	-28	96
2	82	-180	112992760	-3	0	-1	-1	0	0	1	-33	96	54	-84	-28	96
2	82	-180	112994768	-5	-1	-1	0	-1	0	1	-34	96	54	-84	-28	96
2	82	-180	112996756	-4	-2	0	-2	0	0	1	-34	96	54	-84	-28	96
2	82	-180	112998776	-4	-1	-2	-1	0	-1	1	-34	95	54	-84	-28	96
2	82	-180	113000760	-2	-1	0	-1	0	0	1	-34	95	54	-84	-28	96
2	82	-180	113002780	-3	-1	0	-3	-1	0	1	-35	95	54	-84	-28	96
2	82	-180	113004772	-4	-3	0	-1	0	0	1	-35	95	54	-84	-28	96
2	82	-180	113006768	-1	-2	0	-2	0	0	1	-35	95	54	-84	-28	96
2	82	-180	113008780	-2	-4	0	-4	0	-1	1	-35	94	54	-84	-28	96
2	82	-180	113010768	-2	-4	0	-4	0	0	1	-35	94	54	-84	-28	96
2	82	-180	113012748	-1	-5	1	-4	0	-1	1	-35	93	54	-84	-28	96
2	82	-180	113014740	-1	-4	1	-5	0	-1	1	-35	92	54	-84	-28	96
2	82	-180	113016716	-1	-6	1	-5	0	0	1	-35	92	54	-84	-28	96
2	82	-180	113018764	0	-6	3	-6	0	-1	1	-35	91	54	-84	-28	96
2	82	-180	113020760	0	-8	2	-7	0	-1	1	-35	90	54	-84	-28	96
2	82	-180	113022760	0	-6	4	-7	0	-1	1	-35	89	54	-84	-28	96
2	82	-180	113024756	1	-9	4	-8	0	-1	1	-35	88	54	-84	-28	96
2	82	-180	113026752	2	-8	5	-9	0	-1	1	-35	87	54	-84	-28	96
2	82	-180	113028760	2	-10	5	-10	1	-1	1	-34	86	54	-84	-28	96
2	82	-180	113030744	4	-10	6	-9	0	-2	1	-34	84	54	-84	-28	96
2	82	-180	113032756	4	-13	6	-12	1	-1	1	-33	83	54	-84	-28	96
2	82	-180	113034752	3	-11	8	-12	1	-2	1	-32	81	54	-84	-28	96
2	82	-180	113036740	4	-11	8	-12	0	-1	0	-32	80	54	-84	-28	96
2	82	-180	113038756	6	-14	9	-13	1	-2	0	-31	78	54	-84	-28	96
2	82	-180	113040752	5	-13	11	-15	1	-2	0	-30	76	54	-84	-28	96
2	82	-180	113042748	8	-16	13	-15	2	-2	0	-28	74	54	-84	-28	96
2	82	-180	113044752	6	-14	11	-13	1	-2	0	-27	72	54	-84	-28	96
2	82	-180	113046752	6	-15	15	-18	1	-2	0	-26	70	54	-84	-28	96
2	82	-180	113048748	9	-18	14	-15	2	-2	0	-24	68	54	-84	-28	96
2	82	-180	113050748	8	-17	17	-19	1	-2	0	-23	66	54	-84	-28	96
2	82	-180	113052748	8	-17	18	-17	2	-2	0	-21	64	54	-84	-28	96
2	82	-180	113054744	10	-21	20	-21	2	-3	0	-19	61	54	-84	-28	96
2	82	-180	113056736	9	-20	20	-19	2	-3	0	-17	58	54	-84	-28	96
2	82	-180	113058728	11	-24	24	-24	2	-3	0	-15	55	54	-84	-28	96
2	82	-180	113060740	9	-23	22	-21	2	-3	0	-13	52	54	-84	-28	96
2	82	-180	113062740	11	-23	28	-26	3	-3	0	-10	49	54	-84	-28	96
2	82	-180	113064724	12	-29	28	-28	2	-3	0	-8	46	54	-84	-28	96
2	82	-180	113066728	11	-26	28	-25	3	-4	0	-5	42	54	-84	-28	96
2	82	-180	113068740	11	-29	32	-31	2	-4	0	-3	38	54	-84	-28	96
2	82	-180	113070728	13	-34	29	-29	3	-4	0	0	34	54	-84	-28	96
2	82	-180	113072728	11	-32	34	-35	3	-4	0	3	30	54	-84	-28	96
2	82	-180	113074736	12	-39	31	-31	3	-4	0	6	26	54	-84	-28	96
2	82	-180	113076740	12	-36	36	-39	3	-5	0	9	21	54	-84	-28	96
2	82	-180	113078740	11	-39	33	-36	3	-5	0	12	16	54	-84	-28	96
2	82	-180	113080752	12	-45	37	-43	3	-6	0	15	10	54	-84	-28	96
2	82	-180	113082768	12	-43	40	-45	3	-6	0	18	4	54	-84	-28	96
2	82	-180	113084760	13	-48	35	-41	3	-5	0	21	-1	54	-84	-28	96
2	82	-180	113086760	12	-45	42	-50	4	-6	0	25	-7	54	-84	-28	96
2	82	-180	113088760	11	-48	36	-44	3	-6	0	28	-13	54	-84	-28	96
2	82	-180	113090764	12	-54	44	-52	4	-7	0	32	-20	54	-84	-28	96
2	82	-180	113092764	10	-50	38	-48	3	-7	0	35	-27	54	-84	-28	96
2	82	-180	113094768	10	-50	47	-55	3	-6	0	38	-33	54	-84	-28	96
2	82	-180	113096768	10	-58	47	-56	4	-8	0	42	-41	54	-84	-28	96
2	82	-180	113098772	9	-52	43	-51	3	-6	0	45	-47	54	-84	-28	96
2	82	-180	113100760	10	-60	50	-58	4	-8	0	49	-55	54	-84	-28	96
2	82	-180	113102768	8	-53	45	-51	4	-7	0	53	-62	54	-84	-28	96
2	82	-180	113104764	8	-55	53	-60	4	-7	0	57	-69	54	-84	-28	96
2	82	-180	113106756	9	-62	49	-54	3	-8	0	60	-77	54	-84	-28	96
2	82	-180	113108764	6	-55	58	-61	5	-7	0	65	-84	54	-84	-28	96
2	82	-180	113110764	8	-56	51	-54	3	-7	0	68	-91	54	-84	-28	96
2	82	-180	113112760	6	-62	61	-61	5	-8	0	73	-99	54	-84	-28	96
2	82	-180	113114760	6	-57	63	-62	4	-8	0	77	-107	54	-84	-28	96
2	82	-180	113116756	7	-63	57	-54	4	-8	0	81	-115	54	-84	-28	96
2	82	-180	113118756	5	-57	65	-63	5	-7	0	86	-122	54	-84	-28	96
2	82	-180	113120752	5	-56	60	-55	4	-7	0	90	-129	54	-84	-28	96
2	82	-180	113122752	6	-64	68	-61	5	-9	0	95	-138	54	-84	-28	96
2	82	-180	113124760	5	-56	61	-55	4	-7	0	99	-145	54	-84	-28	96
2	82	-180	113126760	5	-56	69	-61	5	-7	0	104	-152	54	-84	-28	96
2	82	-180	113128752	6	-64	61	-54	4	-8	0	108	-160	54	-84	-28	96
2	82	-180	113130748	6	-55	70	-60	5	-7	0	113	-167	54	-84	-28	96
2	82	-180	113132748	7	-62	61	-54	5	-8	0	118	-175	54	-84	-28	96
2	82	-180	113134744	6	-54	69	-58	4	-7	0	122	-182	54	-84	-28	96
2	82	-180	113136740	5	-54	67	-59	5	-7	0	127	-189	54	-84	-28	96
2	82	-180	113138748	6	-59	59	-50	4	-7	0	131	-196	54	-84	-28	96
2	82	-180	113140732	5	-50	66	-56	5	-7	0	136	-203	54	-84	-28	96
2	82	-180	113142732	5	-50	55	-49	4	-7	0	140	-210	54	-84	-28	96
2	82	-180	113144728	6	-53	62	-54	4	-7	0	144	-217	54	-84	-28	96
2	82	-180	113146728	4	-48	52	-46	4	-6	0	148	-223	54	-84	-28	96
2	82	-180	113148728	5	-50	55	-50	4	-6	0	152	-229	54	-84	-28	96
2	82	-180	113150728	4	-44	46	-44	3	-6	0	155	-235	54	-84	-28	96
2	82	-180	113152724	4	-41	50	-46	3	-5	0	158	-240	54	-84	-28	96
2	82	-180	113154732	2	-45	47	-45	3	-6	0	161	-246	54	-84	-28	96
2	82	-180	113156728	3	-37	37	-38	3	-5	0	164	-251	54	-84	-28	96
2	82	-180	113158720	2	-37	39	-42	3	-5	0	167	-256	54	-84	-28	96
2	82	-180	113160728	1	-40	31	-35	2	-5	0	169	-261	54	-84	-28	96
2	82	-180	113162724	0	-32	33	-38	2	-5	0	171	-266	54	-84	-28	96
2	82	-180	113164724	0	-36	26	-32	2	-4	0	173	-270	54	-84	-28	96
2	82	-180	113166740	0	-30	25	-36	1	-4	0	174	-274	54	-84	-28	96
2	82	-180	113168732	-3	-29	20	-29	1	-4	0	175	-278	54	-84	-28	96
2	82	-180	113170732	-2	-31	21	-34	2	-4	0	177	-282	54	-84	-28	96
2	82	-180	113172724	-4	-28	18	-31	0	-4	0	177	-286	54	-84	-28	96
2	82	-180	113174748	-4	-25	13	-26	1	-3	0	178	-289	54	-84	-28	96
2	82	-180	113176740	-5	-27	14	-29	1	-4	0	179	-293	54	-84	-28	96
2	82	-180	113178728	-5	-24	10	-24	0	-3	0	179	-296	54	-84	-28	96
2	82	-180	113180732	-5	-25	10	-26	0	-3	0	179	-299	54	-84	-28	96
2	82	-180	113182740	-6	-21	9	-23	0	-3	0	179	-302	54	-84	-28	96
2	82	-180	113184748	-5	-22	7	-23	1	-3	0	180	-305	54	-84	-28	96
2	82	-180	113186728	-6	-22	8	-22	0	-3	0	180	-308	54	-84	-28	96
2	82	-180	113188700	-6	-19	6	-22	0	-3	0	180	-311	54	-84	-28	96
2	82	-180	113190724	-7	-17	6	-21	0	-2	0	180	-313	54	-84	-28	96
2	82	-180	113192724	-6	-20	5	-19	0	-3	0	180	-316	54	-84	-28	96
2	82	-180	113194700	-5	-17	5	-19	0	-2	0	180	-318	54	-84	-28	96
2	82	-180	113196724	-6	-17	5	-16	0	-2	0	180	-320	54	-84	-28	96
2	82	-180	113198696	-5	-15	5	-19	0	-2	0	180	-322	54	-84	-28	96
2	82	-180	113200732	-5	-14	4	-14	0	-2	0	180	-324	54	-84	-28	96
2	82	-180	113202704	-5	-15	5	-16	0	-2	0	180	-326	54	-84	-28	96
2	82	-180	113204728	-4	-12	3	-14	0	-2	0	180	-328	54	-84	-28	96
2	82	-180	113206728	-4	-12	5	-13	0	-1	0	180	-329	54	-84	-28	96
2	82	-180	113208728	-5	-12	3	-14	0	-2	0	180	-331	54	-84	-28	96
2	82	-180	113210700	-3	-11	3	-11	0	-1	0	180	-332	54	-84	-28	96
2	82	-180	113212704	-4	-10	4	-13	0	-2	0	180	-334	54	-84	-28	96
2	82	-180	113214728	-4	-10	2	-10	0	-1	0	180	-335	54	-84	-28	96
2	82	-180	113216728	-2	-9	4	-10	0	-1	0	180	-336	54	-84	-28	96
2	82	-180	113218724	-4	-10	2	-9	0	-2	0	180	-338	54	-84	-28	96
2	82	-180	113220732	-3	-8	4	-10	0	-1	0	180	-339	54	-84	-28	96
2	82	-180	113222732	-2	-7	3	-7	0	-1	0	180	-340	54	-84	-28	96
2	82	-180	113224736	-3	-9	2	-9	0	-1	0	180	-341	54	-84	-28	96
2	82	-180	113226720	-1	-7	4	-9	0	-1	0	180	-342	54	-84	-28	96
2	82	-180	113228692	-2	-8	2	-7	0	-1	0	180	-343	54	-84	-28	96
2	82	-180	113230692	-3	-6	3	-8	0	-1	0	180	-344	54	-84	-28	96
2	82	-180	113232716	-1	-8	4	-6	0	-1	0	180	-345	54	-84	-28	96
2	82	-180	113234720	-3	-6	2	-7	0	-1	0	180	-346	54	-84	-28	96
2	82	-180	113236708	-1	-6	4	-7	0	0	0	180	-346	54	-84	-28	96
2	82	-180	113238716	-1	-8	2	-6	0	-1	0	180	-347	54	-84	-28	96
2	82	-180	113240720	-1	-6	4	-6	0	-1	0	180	-348	54	-84	-28	96
2	82	-180	113242720	-2	-6	5	-8	0	-1	0	180	-349	54	-84	-28	96
2	82	-180	113244724	-1	-8	4	-7	0	-1	0	180	-350	54	-84	-28	96
2	82	-180	113246744	-1	-7	5	-6	1	-1	0	181	-351	54	-84	-28	96
2	82	-180	113248728	-1	-6	5	-8	0	-1	0	181	-352	54	-84	-28	96
2	82	-180	113250732	-2	-8	4	-6	0	-1	0	181	-353	54	-84	-28	96
2	82	-180	113252736	-1	-7	6	-8	0	-1	0	181	-354	54	-84	-28	96
2	82	-180	113254756	0	-8	5	-6	1	-1	0	182	-355	54	-84	-28	96
2	82	-180	113256724	-1	-7	6	-7	0	0	0	182	-355	54	-84	-28	96
2	82	-180	113258744	-1	-8	5	-8	0	-1	0	182	-356	54	-84	-28	96
2	82	-180	113260760	0	-7	6	-7	1	-1	0	183	-357	54	-84	-28	96
2	82	-180	113262744	0	-8	8	-8	0	-1	0	183	-358	54	-84	-28	96
2	82	-180	113264736	-2	-7	5	-7	0	-1	0	183	-359	54	-84	-28	96
2	82	-180	113266752	0	-8	6	-8	1	-1	0	184	-360	54	-84	-28	96
2	82	-180	113268748	0	-7	6	-6	0	-1	0	184	-361	54	-84	-28	96
2	82	-180	113270748	-1	-8	7	-8	1	-1	0	185	-362	54	-84	-28	96
2	82	-180	113272732	0	-6	5	-6	0	-1	0	185	-363	54	-84	-28	96
2	82	-180	113274728	0	-6	5	-6	0	-1	0	185	-364	54	-84	-28	96
2	82	-180	113276748	0	-7	5	-5	1	-1	0	186	-365	54	-84	-28	96
2	82	-180	113278716	0	-5	5	-6	0	0	0	186	-365	54	-84	-28	96
2	82	-180	113280732	-1	-5	3	-5	0	-1	0	186	-366	54	-84	-28	96
2	82	-180	113282724	0	-3	4	-4	0	0	0	186	-366	54	-84	-28	96
2	82	-180	113284736	0	-4	4	-5	0	-1	0	186	-367	54	-84	-28	96
2	82	-180	113286732	0	-4	2	-4	1	0	0	187	-367	54	-84	-28	96
2	82	-180	113288732	0	-2	3	-2	0	-1	0	187	-368	54	-84	-28	96
2	82	-180	113290716	0	-3	2	-3	0	0	0	187	-368	54	-84	-28	96
2	82	-180	113292716	-1	-2	3	-2	0	0	0	187	-368	54	-84	-28	96
2	82	-180	113294744	0	-2	1	-3	0	-1	0	187	-369	54	-84	-28	96
2	82	-180	113296728	0	-1	1	-1	0	0	0	187	-369	54	-84	-28	96
2	82	-180	113298696	0	-1	0	-1	0	0	0	187	-369	54	-84	-28	96
2	82	-180	113300732	0	-1	2	-2	0	0	0	187	-369	54	-84	-28	96
2	82	-180	113302736	0	0	1	-1	0	0	0	187	-369	54	-84	-28	96
2	82	-180	113304728	-2	-2	0	-1	0	0	0	187	-369	54	-84	-28	96
2	82	-180	113306748	0	-1	1	-1	0	-1	0	187	-370	54	-84	-28	96
2	82	-180	113308696	0	-1	0	-2	0	0	0	187	-370	54	-84	-28	96
2	82	-180	113310728	-1	-1	0	-1	0	0	0	187	-370	54	-84	-28	96
2	82	-180	113312720	0	-2	1	-1	0	0	0	187	-370	54	-84	-28	96
2	82	-180	113314720	-1	-2	2	-3	0	0	0	187	-370	54	-84	-28	96
2	82	-180	113316704	0	-1	0	-1	0	-1	0	187	-371	54	-84	-28	96
2	82	-180	113318692	-1	-4	1	-2	0	0	0	187	-371	54	-84	-28	96
2	82	-180	113320724	-2	-3	1	-3	0	0	0	187	-371	54	-84	-28	96
2	82	-180	113322704	-1	-2	1	-2	0	-1	0	187	-372	54	-84	-28	96
2	82	-180	113324716	-1	-3	2	-3	0	0	0	187	-372	54	-84	-28	96
2	82	-180	113326684	-1	-3	1	-4	0	0	0	187	-372	54	-84	-28	96
2	82	-180	113328728	0	-3	1	-2	0	-1	0	187	-373	54	-84	-28	96
2	82	-180	113330712	-2	-4	1	-3	0	0	0	187	-373	54	-84	-28	96
2	82	-180	113332712	-1	-2	2	-2	0	0	0	187	-373	54	-84	-28	96
2	82	-180	113334692	-1	-4	1	-4	0	-1	0	187	-374	54	-84	-28	96
2	82	-180	113336688	-1	-2	1	-1	0	0	0	187	-374	54	-84	-28	96
2	82	-180	113338732	-2	-3	1	-3	0	-1	0	187	-375	54	-84	-28	96
2	82	-180	113340680	0	-1	0	-2	0	0	0	187	-375	54	-84	-28	96
2	82	-180	113342704	-1	-3	2	-1	0	0	0	187	-375	54	-84	-28	96
2	82	-180	113344716	0	-1	1	-3	1	0	0	188	-375	54	-84	-28	96
2	82	-180	113346676	0	-1	0	-1	0	0	0	188	-375	54	-84	-28	96
2	82	-180	113348712	0	0	1	-1	0	0	0	188	-375	54	-84	-28	96
2	82	-180	113350680	0	-1	0	0	0	0	0	188	-375	54	-84	-28	96
2	82	-180	113352724	0	0	1	-2	0	-1	1	188	-376	54	-84	-28	96
3	-130	149	113400732	-1	0	0	0	0	0	1	54	-84	-76	65	54	-84
3	-130	149	113436816	-1	1	0	1	0	0	1	54	-84	-76	65	54	-84
3	-130	149	113438824	0	3	-1	2	0	0	1	54	-84	-76	65	54	-84
3	-130	149	113440816	-2	4	-3	4	0	0	1	54	-84	-76	65	54	-84
3	-130	149	113442828	-1	3	-3	4	0	1	1	54	-83	-76	65	54	-84
3	-130	149	113444824	-1	7	-4	5	0	1	0	54	-82	-76	65	54	-84
3	-130	149	113446824	-1	6	-6	6	-1	0	0	53	-82	-76	65	54	-84
3	-130	149	113448828	-3	7	-8	7	-1	1	0	52	-81	-76	65	54	-84
3	-130	149	113450812	-2	10	-9	8	0	1	0	52	-80	-76	65	54	-84
3	-130	149	113452820	-4	10	-10	11	-1	2	0	51	-78	-76	65	54	-84
3	-130	149	113454820	-4	12	-11	10	-1	1	0	50	-77	-76	65	54	-84
3	-130	149	113456816	-5	15	-15	14	-1	2	0	49	-75	-76	65	54	-84
3	-130	149	113458816	-5	15	-16	14	-2	2	0	47	-73	-76	65	54	-84
3	-130	149	113460816	-6	20	-20	17	-2	2	0	45	-71	-76	65	54	-84
3	-130	149	113462816	-6	18	-19	16	-1	3	0	44	-68	-76	65	54	-84
3	-130	149	113464816	-8	20	-26	22	-2	2	0	42	-66	-76	65	54	-84
3	-130	149	113466812	-9	25	-25	20	-3	3	0	39	-63	-76	65	54	-84
3	-130	149	113468812	-8	23	-30	25	-2	3	0	37	-60	-76	65	54	-84
3	-130	149	113470808	-9	25	-35	27	-3	4	0	34	-56	-76	65	54	-84
3	-130	149	113472808	-11	30	-31	25	-3	3	0	31	-53	-76	65	54	-84
3	-130	149	113474812	-9	29	-40	30	-3	4	0	28	-49	-76	65	54	-84
3	-130	149	113476812	-13	33	-37	28	-3	4	0	25	-45	-76	65	54	-84
3	-130	149	113478804	-10	32	-45	33	-4	4	0	21	-41	-76	65	54	-84
3	-130	149	113480808	-10	33	-41	33	-3	4	0	18	-37	-76	65	54	-84
3	-130	149	113482808	-11	40	-50	37	-4	5	0	14	-32	-76	65	54	-84
3	-130	149	113484812	-11	39	-46	35	-3	5	0	11	-27	-76	65	54	-84
3	-130	149	113486804	-13	44	-55	43	-5	6	0	6	-21	-76	65	54	-84
3	-130	149	113488804	-11	41	-58	44	-4	5	0	2	-16	-76	65	54	-84
3	-130	149	113490804	-11	44	-53	41	-4	6	0	-2	-10	-76	65	54	-84
3	-130	149	113492804	-14	51	-63	47	-5	6	0	-7	-4	-76	65	54	-84
3	-130	149	113494808	-12	46	-57	43	-5	6	0	-12	2	-76	65	54	-84
3	-130	149	113496808	-13	49	-68	50	-5	6	0	-17	8	-76	65	54	-84
3	-130	149	113498812	-14	55	-61	45	-5	7	0	-22	15	-76	65	54	-84
3	-130	149	113500812	-12	50	-71	52	-5	6	0	-27	21	-76	65	54	-84
3	-130	149	113502816	-15	59	-65	48	-5	7	0	-32	28	-76	65	54	-84
3	-130	149	113504816	-14	52	-75	55	-6	7	0	-38	35	-76	65	54	-84
3	-130	149	113506816	-14	54	-78	56	-6	7	0	-44	42	-76	65	54	-84
3	-130	149	113508820	-16	61	-69	50	-6	7	0	-50	49	-76	65	54	-84
3	-130	149	113510832	-15	55	-78	58	-6	8	0	-56	57	-76	65	54	-84
3	-130	149	113512836	-17	63	-72	51	-5	7	0	-61	64	-76	65	54	-84
3	-130	149	113514840	-17	55	-81	59	-7	8	0	-68	72	-76	65	54	-84
3	-130	149	113516840	-15	55	-72	51	-5	6	0	-73	78	-76	65	54	-84
3	-130	149	113518840	-17	62	-83	59	-7	8	0	-80	86	-76	65	54	-84
3	-130	149	113520844	-16	55	-82	58	-6	8	0	-86	94	-76	65	54	-84
3	-130	149	113522844	-15	55	-72	52	-6	6	0	-92	100	-76	65	54	-84
3	-130	149	113524848	-18	62	-81	57	-6	8	0	-98	108	-76	65	54	-84
3	-130	149	113526848	-15	53	-71	50	-6	7	0	-104	115	-76	65	54	-84
3	-130	149	113528848	-16	60	-80	56	-6	7	0	-110	122	-76	65	54	-84
3	-130	149	113530844	-15	52	-69	49	-5	7	0	-115	129	-76	65	54	-84
3	-130	149	113532852	-15	50	-76	54	-6	7	0	-121	136	-76	65	54	-84
3	-130	149	113534852	-16	55	-66	46	-6	6	0	-127	142	-76	65	54	-84
3	-130	149	113536856	-14	47	-73	51	-5	6	0	-132	148	-76	65	54	-84
3	-130	149	113538856	-16	51	-71	50	-6	7	0	-138	155	-76	65	54	-84
3	-130	149	113540860	-13	44	-59	42	-5	5	0	-143	160	-76	65	54	-84
3	-130	149	113542860	-12	43	-65	46	-5	6	0	-148	166	-76	65	54	-84
3	-130	149	113544864	-14	46	-55	39	-4	6	0	-152	172	-76	65	54	-84
3	-130	149	113546872	-11	37	-59	42	-5	5	0	-157	177	-76	65	54	-84
3	-130	149	113548868	-13	37	-48	35	-3	5	0	-160	182	-76	65	54	-84
3	-130	149	113550860	-11	38	-54	39	-5	4	0	-165	186	-76	65	54	-84
3	-130	149	113552864	-10	33	-44	31	-3	5	0	-168	191	-76	65	54	-84
3	-130	149	113554864	-11	35	-46	35	-4	4	0	-172	195	-76	65	54	-84
3	-130	149	113556864	-9	29	-44	33	-3	4	0	-175	199	-76	65	54	-84
3	-130	149	113558864	-9	27	-35	26	-3	4	0	-178	203	-76	65	54	-84
3	-130	149	113560864	-7	30	-37	29	-3	3	0	-181	206	-76	65	54	-84
3	-130	149	113562860	-8	24	-30	23	-2	3	0	-183	209	-76	65	54	-84
3	-130	149	113564860	-6	24	-33	28	-3	4	0	-186	213	-76	65	54	-84
3	-130	149	113566860	-6	25	-26	21	-2	3	0	-188	216	-76	65	54	-84
3	-130	149	113568860	-5	21	-28	25	-2	3	0	-190	219	-76	65	54	-84
3	-130	149	113570860	-5	22	-22	20	-2	2	0	-192	221	-76	65	54	-84
3	-130	149	113572852	-4	19	-23	23	-2	3	0	-194	224	-76	65	54	-84
3	-130	149	113574852	-3	19	-22	21	-1	3	0	-195	227	-76	65	54	-84
3	-130	149	113576852	-2	19	-18	17	-2	2	0	-197	229	-76	65	54	-84
3	-130	149	113578856	-3	17	-20	20	-1	2	0	-198	231	-76	65	54	-84
3	-130	149	113580848	-1	16	-15	17	-1	3	0	-199	234	-76	65	54	-84
3	-130	149	113582848	-1	18	-16	18	-1	2	0	-200	236	-76	65	54	-84
3	-130	149	113584848	0	15	-14	15	-1	2	0	-201	238	-76	65	54	-84
3	-130	149	113586852	0	17	-15	18	-1	2	0	-202	240	-76	65	54	-84
3	-130	149	113588848	0	15	-12	15	-1	2	0	-203	242	-76	65	54	-84
3	-130	149	113590852	0	14	-14	17	-1	2	0	-204	244	-76	65	54	-84
3	-130	149	113592832	3	16	-12	17	0	2	0	-204	246	-76	65	54	-84
3	-130	149	113594848	1	14	-10	13	-1	2	0	-205	248	-76	65	54	-84
3	-130	149	113596844	3	14	-13	17	-1	2	0	-206	250	-76	65	54	-84
3	-130	149	113598836	2	15	-9	13	0	2	0	-206	252	-76	65	54	-84
3	-130	149	113600832	3	14	-10	14	0	2	0	-206	254	-76	65	54	-84
3	-130	149	113602844	3	13	-8	14	-1	1	0	-207	255	-76	65	54	-84
3	-130	149	113604832	3	14	-10	14	0	2	0	-207	257	-76	65	54	-84
3	-130	149	113606828	4	11	-8	12	0	2	0	-207	259	-76	65	54	-84
3	-130	149	113608848	3	14	-9	13	-1	1	0	-208	260	-76	65	54	-84
3	-130	149	113610832	3	11	-7	11	0	2	0	-208	262	-76	65	54	-84
3	-130	149	113612836	4	12	-8	14	0	1	0	-208	263	-76	65	54	-84
3	-130	149	113614852	3	11	-6	11	-1	2	0	-209	265	-76	65	54	-84
3	-130	149	113616836	3	11	-6	11	0	1	0	-209	266	-76	65	54	-84
3	-130	149	113618836	4	10	-8	11	0	2	0	-209	268	-76	65	54	-84
3	-130	149	113620840	2	10	-5	9	0	1	0	-209	269	-76	65	54	-84
3	-130	149	113622840	3	8	-6	10	0	1	0	-209	270	-76	65	54	-84
3	-130	149	113624856	2	10	-4	9	-1	1	0	-210	271	-76	65	54	-84
3	-130	149	113626836	1	7	-6	9	0	1	0	-210	272	-76	65	54	-84
3	-130	149	113628832	3	8	-4	7	0	1	0	-210	273	-76	65	54	-84
3	-130	149	113630836	1	7	-5	8	0	1	0	-210	274	-76	65	54	-84
3	-130	149	113632832	1	6	-3	7	0	1	0	-210	275	-76	65	54	-84
3	-130	149	113634832	3	7	-4	6	0	1	0	-210	276	-76	65	54	-84
3	-130	149	113636840	1	5	-4	7	-1	1	0	-211	277	-76	65	54	-84
3	-130	149	113638816	1	5	-2	5	0	0	0	-211	277	-76	65	54	-84
3	-130	149	113640832	0	5	-4	6	0	1	0	-211	278	-76	65	54	-84
3	-130	149	113642840	2	3	-3	4	0	1	0	-211	279	-76	65	54	-84
3	-130	149	113644824	0	4	-2	5	0	0	0	-211	279	-76	65	54	-84
3	-130	149	113646840	0	4	-3	3	0	1	0	-211	280	-76	65	54	-84
3	-130	149	113648824	0	2	-2	4	0	0	0	-211	280	-76	65	54	-84
3	-130	149	113650832	0	4	-3	4	-1	0	0	-212	280	-76	65	54	-84
3	-130	149	113652832	0	3	-2	2	0	1	0	-212	281	-76	65	54	-84
3	-130	149	113654816	0	2	-1	3	0	0	0	-212	281	-76	65	54	-84
3	-130	149	113656808	0	3	-3	2	0	0	0	-212	281	-76	65	54	-84
3	-130	149	113658816	-1	1	-1	3	0	1	0	-212	282	-76	65	54	-84
3	-130	149	113660808	0	2	-3	1	0	0	0	-212	282	-76	65	54	-84
3	-130	149	113662804	-1	2	-2	3	0	0	0	-212	282	-76	65	54	-84
3	-130	149	113664820	-1	2	-1	2	-1	0	0	-213	282	-76	65	54	-84
3	-130	149	113666812	-3	3	-3	3	0	1	0	-213	283	-76	65	54	-84
3	-130	149	113668804	-1	1	-1	1	0	0	0	-213	283	-76	65	54	-84
3	-130	149	113670816	-3	2	-3	2	-1	0	0	-214	283	-76	65	54	-84
3	-130	149	113672808	-1	3	-2	3	0	1	0	-214	284	-76	65	54	-84
3	-130	149	113674796	-2	2	-1	1	0	0	0	-214	284	-76	65	54	-84
3	-130	149	113676796	-3	2	-3	3	0	0	0	-214	284	-76	65	54	-84
3	-130	149	113678808	-4	2	-2	1	-1	0	0	-215	284	-76	65	54	-84
3	-130	149	113680804	-2	1	-3	2	0	1	0	-215	285	-76	65	54	-84
3	-130	149	113682804	-3	3	-1	3	0	0	0	-215	285	-76	65	54	-84
3	-130	149	113684816	-2	1	-3	2	-1	0	0	-216	285	-76	65	54	-84
3	-130	149	113686796	-4	3	-2	2	0	0	0	-216	285	-76	65	54	-84
3	-130	149	113688812	-2	1	-1	1	0	1	0	-216	286	-76	65	54	-84
3	-130	149	113690812	-3	1	-3	2	-1	0	0	-217	286	-76	65	54	-84
3	-130	149	113692792	-2	3	-1	2	0	0	0	-217	286	-76	65	54	-84
3	-130	149	113694796	-4	1	-3	2	0	0	0	-217	286	-76	65	54	-84
3	-130	149	113696796	-3	1	-1	1	0	0	0	-217	286	-76	65	54	-84
3	-130	149	113698820	-2	1	-2	2	-1	1	0	-218	287	-76	65	54	-84
3	-130	149	113700788	-3	2	-2	1	0	0	0	-218	287	-76	65	54	-84
3	-130	149	113702788	-2	1	-1	1	0	0	0	-218	287	-76	65	54	-84
3	-130	149	113704804	-3	1	-1	1	-1	0	0	-219	287	-76	65	54	-84
3	-130	149	113706792	-2	0	-1	2	0	0	0	-219	287	-76	65	54	-84
3	-130	149	113708792	-3	1	-2	0	0	0	0	-219	287	-76	65	54	-84
3	-130	149	113710796	-2	2	-1	1	0	0	0	-219	287	-76	65	54	-84
3	-130	149	113712768	-1	0	-1	0	0	0	0	-219	287	-76	65	54	-84
3	-130	149	113714816	-3	1	-1	1	-1	1	0	-220	288	-76	65	54	-84
3	-130	149	113716760	-1	0	0	0	0	0	0	-220	288	-76	65	54	-84
3	-130	149	113718788	-1	0	-2	1	0	0	0	-220	288	-76	65	54	-84
3	-130	149	113720792	-2	1	0	0	0	0	0	-220	288	-76	65	54	-84
3	-130	149	113722756	-1	0	-1	0	0	0	0	-220	288	-76	65	54	-84
3	-130	149	113724764	-1	0	0	0	0	0	0	-220	288	-76	65	54	-84
3	-130	149	113726764	-1	0	-1	0	0	0	0	-220	288	-76	65	54	-84
3	-130	149	113728760	0	1	0	0	0	0	0	-220	288	-76	65	54	-84
3	-130	149	113730792	-2	0	0	2	0	0	0	-220	288	-76	65	54	-84
3	-130	149	113734784	-1	0	-1	0	-1	0	0	-221	288	-76	65	54	-84
3	-130	149	113738780	-1	0	0	0	0	0	0	-221	288	-76	65	54	-84
3	-130	149	113744780	-1	0	0	0	0	0	0	-221	288	-76	65	54	-84
3	-130	149	113746780	0	2	0	0	0	0	1	-221	288	-76	65	54	-84
4	-130	149	113752784	-2	0	0	0	0	0	1	-76	65	-76	65	54	-84
4	-130	149	113754784	0	0	0	1	0	0	1	-76	65	-76	65	54	-84
4	-130	149	113756820	-1	1	-2	0	0	0	1	-76	65	-76	65	54	-84
4	-130	149	113760800	-1	0	0	0	0	0	1	-76	65	-76	65	54	-84
4	167	-107	113762800	0	0	0	1	0	0	1	-76	65	91	-42	-76	65
4	167	-107	113764804	-1	0	0	0	0	0	1	-76	65	91	-42	-76	65
4	167	-107	113766832	-2	1	0	0	0	0	1	-76	65	91	-42	-76	65
4	167	-107	113770812	0	0	0	1	0	0	1	-76	65	91	-42	-76	65
4	167	-107	113772808	-1	0	0	0	0	0	1	-76	65	91	-42	-76	65
4	167	-107	113776840	-1	1	-1	0	0	0	1	-76	65	91	-42	-76	65
4	167	-107	113778824	0	0	0	2	0	1	1	-76	66	91	-42	-76	65
4	167	-107	113780820	-1	0	0	0	-1	0	1	-77	66	91	-42	-76	65
4	167	-107	113788808	0	0	0	1	0	0	1	-77	66	91	-42	-76	65
4	167	-107	113820768	0	0	0	0	0	0	0	-77	66	91	-42	-76	65
4	167	-107	113830832	0	0	3	-2	0	0	0	-77	66	91	-42	-76	65
4	167	-107	113832828	3	-3	4	-1	0	0	0	-77	66	91	-42	-76	65
4	167	-107	113834828	1	-2	5	-2	0	0	0	-77	66	91	-42	-76	65
4	167	-107	113836852	4	-4	7	-4	1	-1	0	-76	65	91	-42	-76	65
4	167	-107	113838836	3	-5	10	-5	1	0	0	-75	65	91	-42	-76	65
4	167	-107	113840844	5	-6	11	-5	1	-1	0	-74	64	91	-42	-76	65
4	167	-107	113842844	7	-8	15	-8	1	-1	0	-73	63	91	-42	-76	65
4	167	-107	113844848	6	-8	17	-7	2	-1	0	-71	62	91	-42	-76	65
4	167	-107	113846852	9	-12	22	-10	2	-1	0	-69	61	91	-42	-76	65
4	167	-107	113848852	8	-12	26	-13	2	-2	0	-67	59	91	-42	-76	65
4	167	-107	113850848	10	-14	25	-12	2	-2	0	-65	57	91	-42	-76	65
4	167	-107	113852852	14	-17	34	-16	4	-2	0	-61	55	91	-42	-76	65
4	167	-107	113854864	13	-19	33	-17	3	-2	0	-58	53	91	-42	-76	65
4	167	-107	113856860	15	-23	41	-20	3	-3	0	-55	50	91	-42	-76	65
4	167	-107	113858852	15	-22	40	-20	4	-3	0	-51	47	91	-42	-76	65
4	167	-107	113860856	16	-24	50	-25	4	-3	0	-47	44	91	-42	-76	65
4	167	-107	113862860	20	-30	54	-26	5	-3	0	-42	41	91	-42	-76	65
4	167	-107	113864864	19	-29	50	-26	4	-4	0	-38	37	91	-42	-76	65
4	167	-107	113866868	21	-33	60	-30	5	-4	0	-33	33	91	-42	-76	65
4	167	-107	113868860	21	-32	55	-29	5	-4	0	-28	29	91	-42	-76	65
4	167	-107	113870860	24	-33	66	-34	6	-4	0	-22	25	91	-42	-76	65
4	167	-107	113872852	26	-39	61	-30	6	-5	0	-16	20	91	-42	-76	65
4	167	-107	113874856	26	-36	71	-37	6	-4	0	-10	16	91	-42	-76	65
4	167	-107	113876844	27	-37	67	-33	6	-5	0	-4	11	91	-42	-76	65
4	167	-107	113878848	32	-42	78	-38	7	-5	0	3	6	91	-42	-76	65
4	167	-107	113880852	30	-39	82	-40	8	-5	0	11	1	91	-42	-76	65
4	167	-107	113882852	35	-42	73	-37	6	-5	0	17	-4	91	-42	-76	65
4	167	-107	113884860	33	-39	87	-41	8	-6	0	25	-10	91	-42	-76	65
4	167	-107	113886860	32	-39	78	-37	7	-4	0	32	-14	91	-42	-76	65
4	167	-107	113888860	40	-44	92	-43	9	-6	0	41	-20	91	-42	-76	65
4	167	-107	113890860	36	-38	81	-37	7	-5	0	48	-25	91	-42	-76	65
4	167	-107	113892860	37	-39	96	-43	9	-5	0	57	-30	91	-42	-76	65
4	167	-107	113894864	43	-43	86	-37	8	-5	0	65	-35	91	-42	-76	65
4	167	-107	113896880	39	-37	100	-43	9	-6	0	74	-41	91	-42	-76	65
4	167	-107	113898888	44	-41	103	-42	10	-5	0	84	-46	91	-42	-76	65
4	167	-107	113900888	40	-37	91	-37	8	-5	0	92	-51	91	-42	-76	65
4	167	-107	113902892	40	-36	106	-42	10	-5	0	102	-56	91	-42	-76	65
4	167	-107	113904892	46	-40	95	-36	9	-5	0	111	-61	91	-42	-76	65
4	167	-107	113906900	41	-34	109	-40	10	-4	0	121	-65	91	-42	-76	65
4	167	-107	113908892	48	-38	95	-35	9	-5	0	130	-70	91	-42	-76	65
4	167	-107	113910896	42	-34	110	-40	10	-5	0	140	-75	91	-42	-76	65
4	167	-107	113912900	44	-33	109	-39	10	-5	0	150	-80	91	-42	-76	65
4	167	-107	113914892	49	-35	95	-34	9	-4	0	159	-84	91	-42	-76	65
4	167	-107	113916888	44	-31	109	-36	10	-4	0	169	-88	91	-42	-76	65
4	167	-107	113918892	45	-31	95	-33	9	-5	0	178	-93	91	-42	-76	65
4	167	-107	113920888	48	-34	105	-35	10	-4	0	188	-97	91	-42	-76	65
4	167	-107	113922884	43	-29	91	-30	8	-4	0	196	-101	91	-42	-76	65
4	167	-107	113924884	47	-31	102	-32	10	-4	0	206	-105	91	-42	-76	65
4	167	-107	113926884	42	-26	88	-28	8	-3	0	214	-108	91	-42	-76	65
4	167	-107	113928884	41	-26	96	-31	9	-4	0	223	-112	91	-42	-76	65
4	167	-107	113930884	44	-28	91	-30	9	-4	0	232	-116	91	-42	-76	65
4	167	-107	113932884	37	-24	78	-25	7	-3	0	239	-119	91	-42	-76	65
4	167	-107	113934884	35	-22	85	-27	8	-3	0	247	-122	91	-42	-76	65
4	167	-107	113936884	36	-25	70	-23	7	-3	0	254	-125	91	-42	-76	65
4	167	-107	113938884	30	-21	75	-24	7	-3	0	261	-128	91	-42	-76	65
4	167	-107	113940888	32	-23	61	-21	6	-3	0	267	-131	91	-42	-76	65
4	167	-107	113942892	25	-19	64	-22	6	-3	0	273	-134	91	-42	-76	65
4	167	-107	113944888	21	-18	52	-19	4	-2	0	277	-136	91	-42	-76	65
4	167	-107	113946888	22	-19	54	-20	5	-3	0	282	-139	91	-42	-76	65
4	167	-107	113948892	17	-16	49	-18	5	-2	0	287	-141	91	-42	-76	65
4	167	-107	113950896	16	-17	37	-16	3	-2	0	290	-143	91	-42	-76	65
4	167	-107	113952888	12	-15	39	-16	3	-2	0	293	-145	91	-42	-76	65
4	167	-107	113954892	10	-13	30	-14	3	-2	0	296	-147	91	-42	-76	65
4	167	-107	113956896	9	-14	30	-14	2	-1	0	298	-148	91	-42	-76	65
4	167	-107	113958888	5	-13	21	-12	2	-2	0	300	-150	91	-42	-76	65
4	167	-107	113960884	5	-11	23	-13	2	-2	0	302	-152	91	-42	-76	65
4	167	-107	113962888	3	-12	16	-11	1	-1	0	303	-153	91	-42	-76	65
4	167	-107	113964888	1	-10	15	-12	1	-2	0	304	-155	91	-42	-76	65
4	167	-107	113966888	0	-13	11	-12	1	-1	0	305	-156	91	-42	-76	65
4	167	-107	113968876	-1	-10	9	-11	0	-2	0	305	-158	91	-42	-76	65
4	167	-107	113970888	-2	-10	9	-11	1	-1	0	306	-159	91	-42	-76	65
4	167	-107	113972880	-4	-10	5	-9	0	-1	0	306	-160	91	-42	-76	65
4	167	-107	113974880	-5	-10	4	-11	0	-1	0	306	-161	91	-42	-76	65
4	167	-107	113976876	-6	-10	3	-10	0	-2	0	306	-163	91	-42	-76	65
4	167	-107	113978880	-8	-11	3	-10	0	-1	0	306	-164	91	-42	-76	65
4	167	-107	113980876	-7	-9	1	-10	0	-1	0	306	-165	91	-42	-76	65
4	167	-107	113982896	-10	-11	0	-11	-1	-2	0	305	-167	91	-42	-76	65
4	167	-107	113984896	-9	-10	0	-10	0	-1	0	305	-168	91	-42	-76	65
4	167	-107	113986908	-9	-10	0	-10	-1	-1	0	304	-169	91	-42	-76	65
4	167	-107	113988908	-11	-10	0	-10	-1	-2	0	303	-171	91	-42	-76	65
4	167	-107	113990896	-10	-10	0	-9	0	-1	0	303	-172	91	-42	-76	65
4	167	-107	113992908	-10	-9	0	-10	-1	-1	0	302	-173	91	-42	-76	65
4	167	-107	113994904	-11	-10	-1	-9	-1	-1	0	301	-174	91	-42	-76	65
4	167	-107	113996896	-9	-9	-2	-10	0	-2	0	301	-176	91	-42	-76	65
4	167	-107	113998912	-11	-8	-1	-7	-1	-1	0	300	-177	91	-42	-76	65
4	167	-107	114000912	-9	-8	-1	-9	-1	-1	0	299	-178	91	-42	-76	65
4	167	-107	114002900	-9	-7	-3	-8	-1	-1	0	298	-179	91	-42	-76	65
4	167	-107	114004896	-10	-7	-1	-7	0	-1	0	298	-180	91	-42	-76	65
4	167	-107	114006896	-7	-6	-1	-6	-1	0	0	297	-180	91	-42	-76	65
4	167	-107	114008896	-8	-6	-1	-7	0	-1	0	297	-181	91	-42	-76	65
4	167	-107	114010904	-7	-5	-2	-5	-1	-1	0	296	-182	91	-42	-76	65
4	167	-107	114012896	-6	-5	-2	-5	-1	0	0	295	-182	91	-42	-76	65
4	167	-107	114014896	-7	-4	-1	-5	0	-1	0	295	-183	91	-42	-76	65
4	167	-107	114016896	-6	-4	-2	-3	-1	0	0	294	-183	91	-42	-76	65
4	167	-107	114018896	-6	-3	-1	-5	0	-1	0	294	-184	91	-42	-76	65
4	167	-107	114020880	-6	-4	-1	-4	0	0	0	294	-184	91	-42	-76	65
4	167	-107	114022908	-5	-3	-1	-3	-1	-1	0	293	-185	91	-42	-76	65
4	167	-107	114024876	-7	-2	-2	-3	0	0	0	293	-185	91	-42	-76	65
4	167	-107	114026904	-5	-3	-1	-3	-1	-1	0	292	-186	91	-42	-76	65
4	167	-107	114028884	-5	-2	-2	-2	0	0	0	292	-186	91	-42	-76	65
4	167	-107	114030896	-6	-1	-2	-3	-1	0	0	291	-186	91	-42	-76	65
4	167	-107	114032884	-6	-3	-1	-2	0	0	0	291	-186	91	-42	-76	65
4	167	-107	114034908	-6	-2	-1	-3	-1	-1	0	290	-187	91	-42	-76	65
4	167	-107	114036876	-7	-2	-3	-2	0	0	0	290	-187	91	-42	-76	65
4	167	-107	114038892	-5	-2	-1	-3	-1	0	0	289	-187	91	-42	-76	65
4	167	-107	114040876	-7	-1	-1	-1	0	0	0	289	-187	91	-42	-76	65
4	167	-107	114042904	-5	-3	-3	-3	-1	-1	0	288	-188	91	-42	-76	65
4	167	-107	114044876	-6	-1	-1	-2	0	0	0	288	-188	91	-42	-76	65
4	167	-107	114046892	-7	-3	-1	-1	-1	0	0	287	-188	91	-42	-76	65
4	167	-107	114048876	-5	-1	-1	-2	0	0	0	287	-188	91	-42	-76	65
4	167	-107	114050900	-5	-1	-3	-2	-1	-1	0	286	-189	91	-42	-76	65
4	167	-107	114052880	-5	-3	-1	-1	0	0	0	286	-189	91	-42	-76	65
4	167	-107	114054880	-5	-1	-1	-2	0	0	0	286	-189	91	-42	-76	65
4	167	-107	114056896	-3	-1	-2	-2	-1	0	0	285	-189	91	-42	-76	65
4	167	-107	114058884	-4	0	-1	-1	0	0	0	285	-189	91	-42	-76	65
4	167	-107	114060892	-3	-1	-1	-2	0	-1	0	285	-190	91	-42	-76	65
4	167	-107	114062876	-2	-2	0	-1	0	0	0	285	-190	91	-42	-76	65
4	167	-107	114064888	-3	-1	-1	0	-1	0	0	284	-190	91	-42	-76	65
4	167	-107	114066876	-2	0	-2	-1	0	0	0	284	-190	91	-42	-76	65
4	167	-107	114068888	-1	-1	0	0	0	0	0	284	-190	91	-42	-76	65
4	167	-107	114070892	-2	0	0	-1	0	0	0	284	-190	91	-42	-76	65
4	167	-107	114072864	-1	0	-1	0	0	0	0	284	-190	91	-42	-76	65
4	167	-107	114074860	0	0	0	-2	0	0	0	284	-190	91	-42	-76	65
4	167	-107	114076860	-1	0	0	0	0	0	0	284	-190	91	-42	-76	65
4	167	-107	114080864	0	-1	0	0	0	0	0	284	-190	91	-42	-76	65
4	167	-107	114100864	0	0	0	0	0	0	1	284	-190	91	-42	-76	65
5	-190	56	114184992	0	0	0	0	0	0	0	91	-42	-99	14	91	-42
5	-190	56	114195036	-1	0	0	0	0	0	0	91	-42	-99	14	91	-42
5	-190	56	114199044	0	0	0	1	0	0	0	91	-42	-99	14	91	-42
5	-190	56	114209064	-2	0	-1	0	-1	0	0	90	-42	-99	14	91	-42
5	-190	56	114211084	0	0	-1	1	0	0	0	90	-42	-99	14	91	-42
5	-190	56	114213080	-1	1	-2	1	0	0	0	90	-42	-99	14	91	-42
5	-190	56	114215080	-2	3	-3	1	0	0	0	90	-42	-99	14	91	-42
5	-190	56	114217092	-3	2	-5	3	-1	0	0	89	-42	-99	14	91	-42
5	-190	56	114219076	-4	4	-7	2	0	0	0	89	-42	-99	14	91	-42
5	-190	56	114221100	-3	4	-10	4	-1	1	0	88	-41	-99	14	91	-42
5	-190	56	114223088	-7	6	-10	4	-1	0	0	87	-41	-99	14	91	-42
5	-190	56	114225100	-5	5	-15	6	-2	1	0	85	-40	-99	14	91	-42
5	-190	56	114227104	-7	8	-18	6	-1	1	0	84	-39	-99	14	91	-42
5	-190	56	114229104	-10	7	-20	7	-2	1	0	82	-38	-99	14	91	-42
5	-190	56	114231112	-11	9	-27	8	-3	1	0	79	-37	-99	14	91	-42
5	-190	56	114233104	-15	10	-27	9	-2	1	0	77	-36	-99	14	91	-42
5	-190	56	114235104	-15	10	-36	10	-4	1	0	73	-35	-99	14	91	-42
5	-190	56	114237112	-19	11	-35	10	-3	2	0	70	-33	-99	14	91	-42
5	-190	56	114239104	-24	14	-48	13	-5	1	0	65	-32	-99	14	91	-42
5	-190	56	114241108	-26	12	-46	11	-4	2	0	61	-30	-99	14	91	-42
5	-190	56	114243108	-28	14	-60	15	-6	2	0	55	-28	-99	14	91	-42
5	-190	56	114245116	-35	18	-66	16	-7	2	0	48	-26	-99	14	91	-42
5	-190	56	114247108	-35	15	-63	15	-6	2	0	42	-24	-99	14	91	-42
5	-190	56	114249112	-42	18	-79	19	-8	2	0	34	-22	-99	14	91	-42
5	-190	56	114251116	-41	19	-73	17	-7	3	0	27	-19	-99	14	91	-42
5	-190	56	114253120	-44	19	-89	22	-9	2	0	18	-17	-99	14	91	-42
5	-190	56	114255124	-54	24	-83	20	-9	3	0	9	-14	-99	14	91	-42
5	-190	56	114257128	-50	22	-100	23	-9	3	0	0	-11	-99	14	91	-42
5	-190	56	114259124	-52	24	-105	27	-11	3	0	-11	-8	-99	14	91	-42
5	-190	56	114261124	-64	29	-96	25	-10	4	0	-21	-4	-99	14	91	-42
5	-190	56	114263132	-59	27	-115	28	-11	3	0	-32	-1	-99	14	91	-42
5	-190	56	114265128	-69	33	-104	27	-11	4	0	-43	3	-99	14	91	-42
5	-190	56	114267124	-62	30	-121	32	-12	4	0	-55	7	-99	14	91	-42
5	-190	56	114269124	-65	31	-110	29	-11	4	0	-66	11	-99	14	91	-42
5	-190	56	114271128	-74	36	-126	35	-13	5	0	-79	16	-99	14	91	-42
5	-190	56	114273132	-65	33	-114	31	-12	4	0	-91	20	-99	14	91	-42
5	-190	56	114275136	-75	36	-129	36	-13	5	0	-104	25	-99	14	91	-42
5	-190	56	114277140	-67	32	-130	37	-13	4	0	-117	29	-99	14	91	-42
5	-190	56	114279132	-68	33	-113	31	-12	4	0	-129	33	-99	14	91	-42
5	-190	56	114281136	-75	36	-130	36	-13	5	0	-142	38	-99	14	91	-42
5	-190	56	114283136	-67	31	-113	31	-11	4	0	-153	42	-99	14	91	-42
5	-190	56	114285140	-68	29	-126	35	-13	4	0	-166	46	-99	14	91	-42
5	-190	56	114287144	-75	33	-110	30	-12	4	0	-178	50	-99	14	91	-42
5	-190	56	114289144	-65	26	-123	33	-12	4	0	-190	54	-99	14	91	-42
5	-190	56	114291148	-71	29	-105	27	-12	3	0	-202	57	-99	14	91	-42
5	-190	56	114293152	-63	23	-116	29	-11	4	0	-213	61	-99	14	91	-42
5	-190	56	114295152	-60	22	-114	28	-11	3	0	-224	64	-99	14	91	-42
5	-190	56	114297152	-66	22	-95	22	-11	3	0	-235	67	-99	14	91	-42
5	-190	56	114299152	-55	19	-103	24	-10	3	0	-245	70	-99	14	91	-42
5	-190	56	114301156	-61	19	-89	19	-10	2	0	-255	72	-99	14	91	-42
5	-190	56	114303152	-51	15	-95	20	-9	2	0	-264	74	-99	14	91	-42
5	-190	56	114305144	-49	13	-79	16	-8	2	0	-272	76	-99	14	91	-42
5	-190	56	114307148	-51	15	-86	16	-9	2	0	-281	78	-99	14	91	-42
5	-190	56	114309152	-44	12	-81	16	-8	2	0	-289	80	-99	14	91	-42
5	-190	56	114311148	-41	10	-68	12	-7	1	0	-296	81	-99	14	91	-42
5	-190	56	114313156	-43	10	-71	12	-8	2	0	-304	83	-99	14	91	-42
5	-190	56	114315160	-35	8	-58	10	-6	1	0	-310	84	-99	14	91	-42
5	-190	56	114317160	-36	9	-62	10	-6	1	0	-316	85	-99	14	91	-42
5	-190	56	114319160	-30	8	-50	9	-5	1	0	-321	86	-99	14	91	-42
5	-190	56	114321152	-26	6	-53	7	-5	1	0	-326	87	-99	14	91	-42
5	-190	56	114323160	-27	6	-41	7	-5	1	0	-331	88	-99	14	91	-42
5	-190	56	114325152	-21	5	-44	7	-4	1	0	-335	89	-99	14	91	-42
5	-190	56	114327164	-19	5	-38	5	-4	1	0	-339	90	-99	14	91	-42
5	-190	56	114329148	-17	5	-30	5	-3	0	0	-342	90	-99	14	91	-42
5	-190	56	114331156	-14	4	-32	5	-3	1	0	-345	91	-99	14	91	-42
5	-190	56	114333140	-14	4	-23	4	-2	0	0	-347	91	-99	14	91	-42
5	-190	56	114335148	-8	2	-23	4	-2	1	0	-349	92	-99	14	91	-42
5	-190	56	114337140	-8	3	-19	2	-2	0	0	-351	92	-99	14	91	-42
5	-190	56	114339140	-7	2	-17	3	-1	0	0	-352	92	-99	14	91	-42
5	-190	56	114341144	-5	1	-13	2	-2	0	0	-354	92	-99	14	91	-42
5	-190	56	114343156	-4	2	-12	3	-1	1	0	-355	93	-99	14	91	-42
5	-190	56	114345124	-4	2	-10	1	0	0	0	-355	93	-99	14	91	-42
5	-190	56	114347144	-1	1	-9	2	-1	0	0	-356	93	-99	14	91	-42
5	-190	56	114349160	-1	3	-6	2	-1	1	0	-357	94	-99	14	91	-42
5	-190	56	114351136	0	1	-5	2	0	0	0	-357	94	-99	14	91	-42
5	-190	56	114353124	0	3	-5	3	0	0	0	-357	94	-99	14	91	-42
5	-190	56	114355132	0	2	-4	2	0	0	0	-357	94	-99	14	91	-42
5	-190	56	114357156	0	3	-4	3	-1	1	0	-358	95	-99	14	91	-42
5	-190	56	114359124	1	3	-2	2	0	0	0	-358	95	-99	14	91	-42
5	-190	56	114361132	2	4	-3	4	0	1	0	-358	96	-99	14	91	-42
5	-190	56	114363116	1	4	-2	4	0	0	0	-358	96	-99	14	91	-42
5	-190	56	114365128	2	5	-3	5	0	1	0	-358	97	-99	14	91	-42
5	-190	56	114367084	3	5	-3	5	0	0	0	-358	97	-99	14	91	-42
5	-190	56	114369124	1	5	-3	3	0	1	0	-358	98	-99	14	91	-42
5	-190	56	114371124	3	6	-4	7	0	1	0	-358	99	-99	14	91	-42
5	-190	56	114373108	1	6	-2	5	0	0	0	-358	99	-99	14	91	-42
5	-190	56	114375116	2	7	-4	6	0	1	0	-358	100	-99	14	91	-42
5	-190	56	114377136	2	7	-5	6	-1	1	0	-359	101	-99	14	91	-42
5	-190	56	114379128	1	6	-5	8	0	1	0	-359	102	-99	14	91	-42
5	-190	56	114381124	0	7	-4	6	0	1	0	-359	103	-99	14	91	-42
5	-190	56	114383120	0	7	-5	7	0	1	0	-359	104	-99	14	91	-42
5	-190	56	114385128	0	6	-6	8	-1	1	0	-360	105	-99	14	91	-42
5	-190	56	114387120	0	8	-5	6	0	1	0	-360	106	-99	14	91	-42
5	-190	56	114389132	-1	6	-7	8	-1	1	0	-361	107	-99	14	91	-42
5	-190	56	114391104	-2	6	-5	6	0	0	0	-361	107	-99	14	91	-42
5	-190	56	114393128	-4	7	-8	7	-1	1	0	-362	108	-99	14	91	-42
5	-190	56	114395104	-2	6	-6	7	0	1	0	-362	109	-99	14	91	-42
5	-190	56	114397116	-5	6	-8	6	-1	1	0	-363	110	-99	14	91	-42
5	-190	56	114399116	-4	6	-6	6	-1	1	0	-364	111	-99	14	91	-42
5	-190	56	114401104	-5	7	-9	6	-1	0	0	-365	111	-99	14	91	-42
5	-190	56	114403100	-5	6	-6	7	0	1	0	-365	112	-99	14	91	-42
5	-190	56	114405112	-5	5	-9	6	-1	1	0	-366	113	-99	14	91	-42
5	-190	56	114407108	-5	5	-7	6	-1	1	0	-367	114	-99	14	91	-42
5	-190	56	114409096	-6	6	-8	5	-1	0	0	-368	114	-99	14	91	-42
5	-190	56	114411104	-7	5	-7	6	-1	1	0	-369	115	-99	14	91	-42
5	-190	56	114413100	-5	4	-6	5	-1	1	0	-370	116	-99	14	91	-42
5	-190	56	114415088	-6	5	-8	5	-1	0	0	-371	116	-99	14	91	-42
5	-190	56	114417084	-6	4	-5	4	0	1	0	-371	117	-99	14	91	-42
5	-190	56	114419084	-6	3	-6	5	-1	0	0	-372	117	-99	14	91	-42
5	-190	56	114421096	-5	4	-6	4	-1	1	0	-373	118	-99	14	91	-42
5	-190	56	114423068	-5	3	-5	4	0	0	0	-373	118	-99	14	91	-42
5	-190	56	114425092	-7	3	-5	3	-1	1	0	-374	119	-99	14	91	-42
5	-190	56	114427076	-5	3	-5	3	-1	0	0	-375	119	-99	14	91	-42
5	-190	56	114429064	-5	1	-4	2	0	0	0	-375	119	-99	14	91	-42
5	-190	56	114431088	-5	3	-4	3	-1	1	0	-376	120	-99	14	91	-42
5	-190	56	114433064	-3	1	-2	1	0	0	0	-376	120	-99	14	91	-42
5	-190	56	114435076	-5	1	-3	3	-1	0	0	-377	120	-99	14	91	-42
5	-190	56	114437056	-4	1	-2	1	0	0	0	-377	120	-99	14	91	-42
5	-190	56	114439068	-4	2	-3	1	-1	0	0	-378	120	-99	14	91	-42
5	-190	56	114441056	-4	0	-1	1	0	0	0	-378	120	-99	14	91	-42
5	-190	56	114443072	-3	1	-1	0	0	1	0	-378	121	-99	14	91	-42
5	-190	56	114445076	-4	0	-3	2	-1	0	0	-379	121	-99	14	91	-42
5	-190	56	114447060	-4	1	-1	1	0	0	0	-379	121	-99	14	91	-42
5	-190	56	114449032	-2	0	-1	0	0	0	0	-379	121	-99	14	91	-42
5	-190	56	114451080	-4	1	0	1	-1	0	0	-380	121	-99	14	91	-42
5	-190	56	114453040	-3	0	-2	0	0	0	0	-380	121	-99	14	91	-42
5	-190	56	114455068	-2	0	-1	1	0	0	0	-380	121	-99	14	91	-42
5	-190	56	114457068	-3	2	-1	0	0	0	0	-380	121	-99	14	91	-42
5	-190	56	114459044	-2	0	-1	0	0	0	0	-380	121	-99	14	91	-42
5	-190	56	114461092	-3	0	0	2	-1	0	0	-381	121	-99	14	91	-42
5	-190	56	114463052	-2	0	-2	0	0	0	0	-381	121	-99	14	91	-42
5	-190	56	114465088	-3	1	-1	1	0	0	0	-381	121	-99	14	91	-42
5	-190	56	114467060	-2	0	0	0	0	0	0	-381	121	-99	14	91	-42
5	-190	56	114469072	-3	0	-1	0	-1	0	0	-382	121	-99	14	91	-42
5	-190	56	114471096	-1	0	0	1	0	0	0	-382	121	-99	14	91	-42
5	-190	56	114473104	-2	1	-1	0	0	1	0	-382	122	-99	14	91	-42
5	-190	56	114475096	-3	0	0	1	0	0	0	-382	122	-99	14	91	-42
5	-190	56	114477064	-1	0	-2	0	0	0	0	-382	122	-99	14	91	-42
5	-190	56	114479056	-1	0	0	0	0	0	0	-382	122	-99	14	91	-42
5	-190	56	114481056	-2	0	0	0	0	0	0	-382	122	-99	14	91	-42
5	-190	56	114483100	-1	1	-1	2	-1	0	0	-383	122	-99	14	91	-42
5	-190	56	114485060	-1	0	0	0	0	0	0	-383	122	-99	14	91	-42
5	-190	56	114487056	-1	0	0	0	0	0	0	-383	122	-99	14	91	-42
5	-190	56	114489056	0	0	-1	0	0	0	0	-383	122	-99	14	91	-42
5	-190	56	114491056	-2	0	0	0	0	0	0	-383	122	-99	14	91	-42
5	-190	56	114495088	-1	0	0	1	0	0	0	-383	122	-99	14	91	-42
5	-190	56	114499024	0	0	0	0	0	0	1	-383	122	-99	14	91	-42
6	198	0	114545056	-1	0	0	0	0	0	1	-99	14	99	14	-99	14
6	198	0	114565060	0	0	0	0	0	0	0	-99	14	99	14	-99	14
6	198	0	114577140	0	0	1	-2	0	0	0	-99	14	99	14	-99	14
6	198	0	114579136	2	-1	2	-1	0	0	0	-99	14	99	14	-99	14
6	198	0	114581140	1	-2	2	-1	0	0	0	-99	14	99	14	-99	14
6	198	0	114583144	4	-3	4	-4	0	0	0	-99	14	99	14	-99	14
6	198	0	114585144	2	-4	5	-2	0	0	0	-99	14	99	14	-99	14
6	198	0	114587168	4	-5	6	-5	1	-1	0	-98	13	99	14	-99	14
6	198	0	114589164	5	-5	9	-5	1	-1	0	-97	12	99	14	-99	14
6	198	0	114591164	6	-6	10	-7	1	-1	0	-96	11	99	14	-99	14
6	198	0	114593168	8	-8	11	-6	1	-1	0	-95	10	99	14	-99	14
6	198	0	114595168	7	-9	15	-9	2	-1	0	-93	9	99	14	-99	14
6	198	0	114597172	10	-8	18	-8	2	-1	0	-91	8	99	14	-99	14
6	198	0	114599172	13	-12	17	-9	1	-1	0	-90	7	99	14	-99	14
6	198	0	114601172	12	-10	23	-11	3	-1	0	-87	6	99	14	-99	14
6	198	0	114603176	16	-13	22	-12	2	-2	0	-85	4	99	14	-99	14
6	198	0	114605180	17	-13	29	-12	3	-2	0	-82	2	99	14	-99	14
6	198	0	114607172	18	-12	27	-13	3	-1	0	-79	1	99	14	-99	14
6	198	0	114609176	23	-15	35	-13	4	-2	0	-75	-1	99	14	-99	14
6	198	0	114611172	24	-13	38	-14	4	-2	0	-71	-3	99	14	-99	14
6	198	0	114613180	25	-12	35	-13	4	-1	0	-67	-4	99	14	-99	14
6	198	0	114615172	30	-14	44	-15	4	-2	0	-63	-6	99	14	-99	14
6	198	0	114617176	30	-11	40	-11	5	-2	0	-58	-8	99	14	-99	14
6	198	0	114619180	36	-13	47	-12	5	-1	0	-53	-9	99	14	-99	14
6	198	0	114621172	34	-10	45	-12	5	-2	0	-48	-11	99	14	-99	14
6	198	0	114623176	37	-10	54	-11	6	-1	0	-42	-12	99	14	-99	14
6	198	0	114625184	45	-10	50	-10	7	-1	0	-35	-13	99	14	-99	14
6	198	0	114627176	44	-9	60	-10	6	-2	0	-29	-15	99	14	-99	14
6	198	0	114629176	46	-7	64	-10	7	-1	0	-22	-16	99	14	-99	14
6	198	0	114631180	55	-8	58	-7	8	-1	0	-14	-17	99	14	-99	14
6	198	0	114633176	53	-6	72	-9	8	-1	0	-6	-18	99	14	-99	14
6	198	0	114635172	62	-6	65	-6	8	0	0	2	-18	99	14	-99	14
6	198	0	114637192	59	-4	78	-5	9	-1	0	11	-19	99	14	-99	14
6	198	0	114639192	61	-2	73	-5	8	-1	0	19	-20	99	14	-99	14
6	198	0	114641180	71	-4	86	-4	11	0	0	30	-20	99	14	-99	14
6	198	0	114643172	65	-1	80	-3	9	0	0	39	-20	99	14	-99	14
6	198	0	114645172	78	0	95	-2	11	0	0	50	-20	99	14	-99	14
6	198	0	114647172	70	0	100	-1	11	0	0	61	-20	99	14	-99	14
6	198	0	114649136	74	0	90	0	11	0	0	72	-20	99	14	-99	14
6	198	0	114651128	86	0	108	0	12	0	0	84	-20	99	14	-99	14
6	198	0	114653156	79	3	97	0	12	0	0	96	-20	99	14	-99	14
6	198	0	114655160	82	3	115	2	12	0	0	108	-20	99	14	-99	14
6	198	0	114657156	94	5	104	3	13	0	0	121	-20	99	14	-99	14
6	198	0	114659156	86	7	122	5	14	0	0	135	-20	99	14	-99	14
6	198	0	114661168	89	6	110	5	13	1	0	148	-19	99	14	-99	14
6	198	0	114663160	101	9	129	6	14	1	0	162	-18	99	14	-99	14
6	198	0	114665164	91	8	131	9	15	1	0	177	-17	99	14	-99	14
6	198	0	114667160	104	12	117	7	14	1	0	191	-16	99	14	-99	14
6	198	0	114669156	94	10	133	9	15	2	0	206	-14	99	14	-99	14
6	198	0	114671164	94	10	119	9	14	1	0	220	-13	99	14	-99	14
6	198	0	114673156	106	13	138	10	15	1	0	235	-12	99	14	-99	14
6	198	0	114675156	94	12	120	10	14	2	0	249	-10	99	14	-99	14
6	198	0	114677164	95	11	137	11	15	1	0	264	-9	99	14	-99	14
6	198	0	114679172	103	14	120	10	15	2	0	279	-7	99	14	-99	14
6	198	0	114681172	93	11	136	11	14	1	0	293	-6	99	14	-99	14
6	198	0	114683168	101	14	137	13	16	2	0	309	-4	99	14	-99	14
6	198	0	114685172	88	10	117	10	13	1	0	322	-3	99	14	-99	14
6	198	0	114687168	85	11	133	10	14	2	0	336	-1	99	14	-99	14
6	198	0	114689168	91	11	113	10	13	1	0	349	0	99	14	-99	14
6	198	0	114691168	80	9	129	10	14	1	0	363	1	99	14	-99	14
6	198	0	114693168	75	9	109	7	12	1	0	375	2	99	14	-99	14
6	198	0	114695156	82	8	121	9	13	1	0	388	3	99	14	-99	14
6	198	0	114697164	69	7	104	8	11	1	0	399	4	99	14	-99	14
6	198	0	114699156	75	7	112	7	12	1	0	411	5	99	14	-99	14
6	198	0	114701152	63	5	97	5	10	1	0	421	6	99	14	-99	14
6	198	0	114703140	60	5	103	6	11	0	0	432	6	99	14	-99	14
6	198	0	114705160	63	4	100	7	11	1	0	443	7	99	14	-99	14
6	198	0	114707156	53	4	82	3	8	1	0	451	8	99	14	-99	14
6	198	0	114709140	50	2	88	4	9	0	0	460	8	99	14	-99	14
6	198	0	114711144	51	3	73	3	8	0	0	468	8	99	14	-99	14
6	198	0	114713164	43	2	77	3	8	1	0	476	9	99	14	-99	14
6	198	0	114715152	42	1	62	2	7	0	0	483	9	99	14	-99	14
6	198	0	114717144	34	2	65	2	6	0	0	489	9	99	14	-99	14
6	198	0	114719140	30	1	57	1	6	0	0	495	9	99	14	-99	14
6	198	0	114721152	30	0	45	2	5	0	0	500	9	99	14	-99	14
6	198	0	114723152	22	1	46	0	4	0	0	504	9	99	14	-99	14
6	198	0	114725164	20	0	35	1	3	1	0	507	10	99	14	-99	14
6	198	0	114727120	19	0	35	0	4	0	0	511	10	99	14	-99	14
6	198	0	114729148	13	0	25	1	2	0	0	513	10	99	14	-99	14
6	198	0	114731116	12	0	25	0	3	0	0	516	10	99	14	-99	14
6	198	0	114733116	8	0	18	0	2	0	0	518	10	99	14	-99	14
6	198	0	114735112	6	0	16	0	1	0	0	519	10	99	14	-99	14
6	198	0	114737104	4	0	11	0	1	0	0	520	10	99	14	-99	14
6	198	0	114739100	0	0	10	0	1	0	0	521	10	99	14	-99	14
6	198	0	114741088	0	0	7	0	0	0	0	521	10	99	14	-99	14
6	198	0	114743064	-2	0	2	0	0	0	0	521	10	99	14	-99	14
6	198	0	114745092	-5	0	1	0	0	0	0	521	10	99	14	-99	14
6	198	0	114747088	-8	0	2	0	0	0	0	521	10	99	14	-99	14
6	198	0	114749084	-7	0	-2	0	0	0	0	521	10	99	14	-99	14
6	198	0	114751100	-10	0	-2	0	-1	0	0	520	10	99	14	-99	14
6	198	0	114753092	-11	0	-5	0	-1	0	0	519	10	99	14	-99	14
6	198	0	114755096	-12	0	-4	0	-1	0	0	518	10	99	14	-99	14
6	198	0	114757124	-13	-2	-5	0	-1	0	0	517	10	99	14	-99	14
6	198	0	114759120	-15	0	-6	-1	-2	0	0	515	10	99	14	-99	14
6	198	0	114761124	-15	-1	-7	0	-1	0	0	514	10	99	14	-99	14
6	198	0	114763136	-17	-1	-6	-2	-2	0	0	512	10	99	14	-99	14
6	198	0	114765128	-16	-1	-6	-1	-1	0	0	511	10	99	14	-99	14
6	198	0	114767128	-17	-2	-8	-1	-2	0	0	509	10	99	14	-99	14
6	198	0	114769136	-19	-1	-7	0	-1	0	0	508	10	99	14	-99	14
6	198	0	114771132	-16	-1	-9	-1	-2	0	0	506	10	99	14	-99	14
6	198	0	114773148	-17	-1	-7	-2	-1	-1	0	505	9	99	14	-99	14
6	198	0	114775136	-17	-3	-8	-2	-2	0	0	503	9	99	14	-99	14
6	198	0	114777140	-15	-1	-9	-1	-2	0	0	501	9	99	14	-99	14
6	198	0	114779144	-15	-1	-7	-2	-1	0	0	500	9	99	14	-99	14
6	198	0	114781140	-14	-2	-8	-1	-1	0	0	499	9	99	14	-99	14
6	198	0	114783160	-14	-1	-6	-1	-2	-1	0	497	8	99	14	-99	14
6	198	0	114785148	-13	-1	-7	-3	-1	0	0	496	8	99	14	-99	14
6	198	0	114787152	-12	-1	-7	0	-1	0	0	495	8	99	14	-99	14
6	198	0	114789148	-13	0	-6	-1	-1	0	0	494	8	99	14	-99	14
6	198	0	114791144	-12	-2	-6	-1	-2	0	0	492	8	99	14	-99	14
6	198	0	114793152	-11	0	-6	-1	-1	0	0	491	8	99	14	-99	14
6	198	0	114795152	-11	-1	-7	0	-1	0	0	490	8	99	14	-99	14
6	198	0	114797148	-11	-1	-5	-2	-1	0	0	489	8	99	14	-99	14
6	198	0	114799156	-12	0	-6	-1	-1	0	0	488	8	99	14	-99	14
6	198	0	114801164	-11	-1	-5	-1	-1	-1	0	487	7	99	14	-99	14
6	198	0	114803152	-11	-2	-6	-1	-1	0	0	486	7	99	14	-99	14
6	198	0	114805124	-13	0	-5	0	-1	0	0	485	7	99	14	-99	14
6	198	0	114807156	-12	-1	-8	-2	-2	0	0	483	7	99	14	-99	14
6	198	0	114809160	-11	0	-6	-1	-1	0	0	482	7	99	14	-99	14
6	198	0	114811160	-13	-1	-5	-1	-1	0	0	481	7	99	14	-99	14
6	198	0	114813160	-12	-1	-7	-1	-1	0	0	480	7	99	14	-99	14
6	198	0	114815176	-14	-3	-7	-2	-2	-1	0	478	6	99	14	-99	14
6	198	0	114817168	-13	-1	-7	-1	-1	0	0	477	6	99	14	-99	14
6	198	0	114819168	-12	-1	-6	-1	-1	0	0	476	6	99	14	-99	14
6	198	0	114821172	-15	-2	-8	-1	-1	0	0	475	6	99	14	-99	14
6	198	0	114823176	-14	-1	-9	-2	-2	0	0	473	6	99	14	-99	14
6	198	0	114825160	-12	-2	-7	-1	-1	0	0	472	6	99	14	-99	14
6	198	0	114827176	-17	-2	-8	-1	-2	-1	0	470	5	99	14	-99	14
6	198	0	114829160	-13	-1	-7	-3	-1	0	0	469	5	99	14	-99	14
6	198	0	114831160	-17	-2	-9	-1	-2	0	0	467	5	99	14	-99	14
6	198	0	114833168	-13	-3	-7	-2	-1	0	0	466	5	99	14	-99	14
6	198	0	114835184	-14	-1	-9	-2	-2	-1	0	464	4	99	14	-99	14
6	198	0	114837172	-16	-3	-8	-2	-1	0	0	463	4	99	14	-99	14
6	198	0	114839176	-14	-2	-8	-1	-2	0	0	461	4	99	14	-99	14
6	198	0	114841172	-15	-1	-9	-3	-1	0	0	460	4	99	14	-99	14
6	198	0	114843176	-13	-3	-8	-2	-1	-1	0	459	3	99	14	-99	14
6	198	0	114845164	-13	-1	-8	-2	-2	0	0	457	3	99	14	-99	14
6	198	0	114847164	-14	-3	-8	-2	-1	0	0	456	3	99	14	-99	14
6	198	0	114849168	-11	-1	-7	-1	-1	0	0	455	3	99	14	-99	14
6	198	0	114851184	-12	-1	-8	-2	-2	-1	0	453	2	99	14	-99	14
6	198	0	114853168	-12	-3	-6	-2	-1	0	0	452	2	99	14	-99	14
6	198	0	114855172	-10	-1	-6	-1	-1	0	0	451	2	99	14	-99	14
6	198	0	114857176	-11	-1	-8	-2	-1	0	0	450	2	99	14	-99	14
6	198	0	114859184	-9	0	-6	-1	-1	0	0	449	2	99	14	-99	14
6	198	0	114861176	-8	-1	-5	-1	-1	0	0	448	2	99	14	-99	14
6	198	0	114863188	-10	-2	-6	0	-1	-1	0	447	1	99	14	-99	14
6	198	0	114865172	-7	0	-4	-1	-1	0	0	446	1	99	14	-99	14
6	198	0	114867156	-6	-1	-6	0	0	0	0	446	1	99	14	-99	14
6	198	0	114869164	-9	0	-4	-2	-1	0	0	445	1	99	14	-99	14
6	198	0	114871168	-8	-1	-5	0	-1	0	0	444	1	99	14	-99	14
6	198	0	114873140	-7	0	-4	0	-1	0	0	443	1	99	14	-99	14
6	198	0	114875140	-8	0	-5	0	-1	0	0	442	1	99	14	-99	14
6	198	0	114877128	-7	0	-5	0	0	0	0	442	1	99	14	-99	14
6	198	0	114879164	-10	-1	-4	-1	-1	0	0	441	1	99	14	-99	14
6	198	0	114881140	-9	0	-5	0	-1	0	0	440	1	99	14	-99	14
6	198	0	114883140	-9	0	-3	0	-1	0	0	439	1	99	14	-99	14
6	198	0	114885140	-10	0	-7	0	-1	0	0	438	1	99	14	-99	14
6	198	0	114887144	-10	0	-5	0	-1	0	0	437	1	99	14	-99	14
6	198	0	114889148	-12	0	-5	0	-1	0	0	436	1	99	14	-99	14
6	198	0	114891152	-11	0	-6	0	-1	0	0	435	1	99	14	-99	14
6	198	0	114893188	-12	-2	-5	0	-1	0	0	434	1	99	14	-99	14
6	198	0	114895152	-13	0	-7	0	-2	0	0	432	1	99	14	-99	14
6	198	0	114897188	-14	0	-7	-1	-1	0	0	431	1	99	14	-99	14
6	198	0	114899156	-14	0	-6	0	-1	0	0	430	1	99	14	-99	14
6	198	0	114901152	-15	0	-7	0	-2	0	0	428	1	99	14	-99	14
6	198	0	114903176	-15	-1	-8	0	-1	0	0	427	1	99	14	-99	14
6	198	0	114905176	-17	0	-6	-1	-2	0	0	425	1	99	14	-99	14
6	198	0	114907140	-15	0	-9	0	-1	0	0	424	1	99	14	-99	14
6	198	0	114909168	-17	-1	-7	0	-2	0	0	422	1	99	14	-99	14
6	198	0	114911140	-18	0	-9	0	-2	0	0	420	1	99	14	-99	14
6	198	0	114913180	-18	0	-9	-2	-1	-1	0	419	0	99	14	-99	14
6	198	0	114915132	-19	0	-7	0	-2	0	0	417	0	99	14	-99	14
6	198	0	114917164	-20	-1	-10	0	-2	0	0	415	0	99	14	-99	14
6	198	0	114919140	-18	0	-9	0	-2	0	0	413	0	99	14	-99	14
6	198	0	114921160	-23	-2	-10	0	-2	0	0	411	0	99	14	-99	14
6	198	0	114923132	-19	0	-9	0	-2	0	0	409	0	99	14	-99	14
6	198	0	114925156	-20	-1	-11	-1	-2	0	0	407	0	99	14	-99	14
6	198	0	114927124	-21	0	-9	0	-2	0	0	405	0	99	14	-99	14
6	198	0	114929124	-20	0	-10	0	-2	0	0	403	0	99	14	-99	14
6	198	0	114931124	-19	0	-10	0	-1	0	0	402	0	99	14	-99	14
6	198	0	114933120	-20	0	-9	0	-2	0	0	400	0	99	14	-99	14
6	198	0	114935156	-17	-1	-10	0	-2	0	0	398	0	99	14	-99	14
6	198	0	114937128	-19	0	-7	0	-2	0	0	396	0	99	14	-99	14
6	198	0	114939136	-16	0	-9	0	-1	0	0	395	0	99	14	-99	14
6	198	0	114941128	-15	0	-7	0	-2	0	0	393	0	99	14	-99	14
6	198	0	114943136	-15	0	-9	0	-1	0	0	392	0	99	14	-99	14
6	198	0	114945132	-14	0	-6	0	-2	0	0	390	0	99	14	-99	14
6	198	0	114947136	-11	0	-7	0	-1	0	0	389	0	99	14	-99	14
6	198	0	114949164	-13	0	-7	2	-1	0	0	388	0	99	14	-99	14
6	198	0	114951128	-10	0	-5	0	-1	0	0	387	0	99	14	-99	14
6	198	0	114953124	-10	0	-5	0	-1	0	0	386	0	99	14	-99	14
6	198	0	114955128	-7	0	-4	0	-1	0	0	385	0	99	14	-99	14
6	198	0	114957160	-8	0	-5	1	-1	0	0	384	0	99	14	-99	14
6	198	0	114959120	-7	0	-2	0	0	0	0	384	0	99	14	-99	14
6	198	0	114961124	-6	0	-4	0	-1	0	0	383	0	99	14	-99	14
6	198	0	114963112	-5	0	-4	0	0	0	0	383	0	99	14	-99	14
6	198	0	114965152	-7	0	-2	1	-1	0	0	382	0	99	14	-99	14
6	198	0	114967104	-5	0	-3	0	0	0	0	382	0	99	14	-99	14
6	198	0	114969140	-6	2	-2	0	-1	0	0	381	0	99	14	-99	14
6	198	0	114971096	-4	0	-3	0	0	0	0	381	0	99	14	-99	14
6	198	0	114973116	-5	0	-2	0	-1	0	0	380	0	99	14	-99	14
6	198	0	114975132	-5	0	-3	1	0	0	0	380	0	99	14	-99	14
6	198	0	114977128	-5	0	-1	0	-1	0	0	379	0	99	14	-99	14
6	198	0	114979116	-5	0	-3	0	0	0	0	379	0	99	14	-99	14
6	198	0	114981136	-5	0	-2	0	-1	0	0	378	0	99	14	-99	14
6	198	0	114983124	-5	0	-3	0	0	0	0	378	0	99	14	-99	14
6	198	0	114985140	-5	0	-1	0	-1	0	0	377	0	99	14	-99	14
6	198	0	114987132	-5	0	-2	0	0	0	0	377	0	99	14	-99	14
6	198	0	114989128	-3	0	-2	0	0	0	0	377	0	99	14	-99	14
6	198	0	114991144	-7	0	-2	0	-1	0	0	376	0	99	14	-99	14
6	198	0	114993128	-3	0	-1	0	0	0	0	376	0	99	14	-99	14
6	198	0	114995136	-5	0	-3	0	-1	0	0	375	0	99	14	-99	14
6	198	0	114997128	-5	0	-1	0	0	0	0	375	0	99	14	-99	14
6	198	0	114999172	-4	0	-3	2	-1	0	0	374	0	99	14	-99	14
6	198	0	115001128	-5	0	-1	0	0	0	0	374	0	99	14	-99	14
6	198	0	115003124	-4	0	-1	0	0	0	0	374	0	99	14	-99	14
6	198	0	115005144	-2	0	-1	0	-1	0	0	373	0	99	14	-99	14
6	198	0	115007124	-4	0	-2	0	0	0	1	373	0	99	14	-99	14
7	198	0	115009160	-4	0	-1	1	0	0	1	99	14	99	14	-99	14
7	198	0	115011148	-4	0	-1	0	-1	0	1	98	14	99	14	-99	14
7	-190	-56	115013136	-2	0	-1	0	0	0	1	98	14	-91	-42	99	14
7	-190	-56	115015160	-3	0	-2	1	0	0	1	98	14	-91	-42	99	14
7	-190	-56	115017136	-2	0	0	0	0	0	1	98	14	-91	-42	99	14
7	-190	-56	115019136	-3	0	-1	0	0	0	1	98	14	-91	-42	99	14
7	-190	-56	115021184	-1	1	-1	1	-1	0	1	97	14	-91	-42	99	14
7	-190	-56	115023140	-2	0	0	0	0	0	1	97	14	-91	-42	99	14
7	-190	-56	115025136	-2	0	-1	0	0	0	1	97	14	-91	-42	99	14
7	-190	-56	115027172	-1	1	0	2	0	0	1	97	14	-91	-42	99	14
7	-190	-56	115029140	-1	0	0	0	0	0	1	97	14	-91	-42	99	14
7	-190	-56	115031140	-1	0	0	0	0	0	1	97	14	-91	-42	99	14
7	-190	-56	115033168	-2	1	-2	1	0	0	1	97	14	-91	-42	99	14
7	-190	-56	115035144	-1	0	0	0	0	0	1	97	14	-91	-42	99	14
7	-190	-56	115037140	0	2	0	0	0	0	1	97	14	-91	-42	99	14
7	-190	-56	115039136	-1	0	0	0	0	0	1	97	14	-91	-42	99	14
7	-190	-56	115043132	0	1	0	0	0	0	1	97	14	-91	-42	99	14
7	-190	-56	115045184	-1	0	0	1	-1	1	1	96	15	-91	-42	99	14
7	-190	-56	115085100	0	0	0	0	0	0	0	96	15	-91	-42	99	14
7	-190	-56	115089132	1	0	0	0	0	0	0	96	15	-91	-42	99	14
7	-190	-56	115097144	2	0	0	0	0	0	0	96	15	-91	-42	99	14
7	-190	-56	115103148	1	0	0	0	0	0	0	96	15	-91	-42	99	14
7	-190	-56	115105156	1	0	0	0	0	0	0	96	15	-91	-42	99	14
7	-190	-56	115107188	3	-1	0	0	0	0	0	96	15	-91	-42	99	14
7	-190	-56	115109156	2	0	0	0	0	0	0	96	15	-91	-42	99	14
7	-190	-56	115111188	3	-1	0	0	0	0	0	96	15	-91	-42	99	14
7	-190	-56	115113184	2	-2	0	-1	0	0	0	96	15	-91	-42	99	14
7	-190	-56	115115200	4	-3	-2	-3	1	0	0	97	15	-91	-42	99	14
7	-190	-56	115117168	4	-4	-4	-4	0	-1	0	97	14	-91	-42	99	14
7	-190	-56	115119180	2	-3	-6	-3	0	0	0	97	14	-91	-42	99	14
7	-190	-56	115121188	1	-5	-10	-5	0	-1	0	97	13	-91	-42	99	14
7	-190	-56	115123192	2	-8	-10	-7	-1	-1	0	96	12	-91	-42	99	14
7	-190	-56	115125188	1	-7	-15	-7	-1	-1	0	95	11	-91	-42	99	14
7	-190	-56	115127196	-1	-10	-16	-9	-1	-1	0	94	10	-91	-42	99	14
7	-190	-56	115129188	-2	-12	-23	-10	-1	-1	0	93	9	-91	-42	99	14
7	-190	-56	115131188	-5	-11	-22	-11	-2	-2	0	91	7	-91	-42	99	14
7	-190	-56	115133184	-8	-15	-33	-14	-3	-2	0	88	5	-91	-42	99	14
7	-190	-56	115135184	-11	-14	-32	-12	-3	-1	0	85	4	-91	-42	99	14
7	-190	-56	115137176	-12	-16	-43	-17	-3	-2	0	82	2	-91	-42	99	14
7	-190	-56	115139176	-19	-19	-42	-16	-4	-3	0	78	-1	-91	-42	99	14
7	-190	-56	115141176	-20	-18	-55	-19	-5	-2	0	73	-3	-91	-42	99	14
7	-190	-56	115143176	-24	-19	-63	-20	-6	-3	0	67	-6	-91	-42	99	14
7	-190	-56	115145180	-31	-21	-59	-18	-5	-2	0	62	-8	-91	-42	99	14
7	-190	-56	115147180	-31	-20	-73	-23	-7	-3	0	55	-11	-91	-42	99	14
7	-190	-56	115149180	-42	-24	-69	-20	-7	-3	0	48	-14	-91	-42	99	14
7	-190	-56	115151184	-40	-21	-85	-24	-8	-3	0	40	-17	-91	-42	99	14
7	-190	-56	115153184	-43	-23	-79	-22	-8	-3	0	32	-20	-91	-42	99	14
7	-190	-56	115155188	-55	-25	-94	-25	-10	-3	0	22	-23	-91	-42	99	14
7	-190	-56	115157184	-53	-24	-85	-24	-9	-3	0	13	-26	-91	-42	99	14
7	-190	-56	115159188	-64	-26	-102	-27	-11	-3	0	2	-29	-91	-42	99	14
7	-190	-56	115161188	-60	-24	-105	-28	-10	-4	0	-8	-33	-91	-42	99	14
7	-190	-56	115163184	-62	-23	-95	-24	-10	-3	0	-18	-36	-91	-42	99	14
7	-190	-56	115165172	-74	-28	-109	-28	-12	-3	0	-30	-39	-91	-42	99	14
7	-190	-56	115167176	-67	-25	-97	-25	-11	-4	0	-41	-43	-91	-42	99	14
7	-190	-56	115169172	-69	-24	-113	-28	-12	-3	0	-53	-46	-91	-42	99	14
7	-190	-56	115171176	-80	-28	-99	-25	-11	-3	0	-64	-49	-91	-42	99	14
7	-190	-56	115173168	-73	-24	-113	-29	-12	-4	0	-76	-53	-91	-42	99	14
7	-190	-56	115175168	-83	-29	-99	-25	-12	-3	0	-88	-56	-91	-42	99	14
7	-190	-56	115177176	-75	-25	-113	-28	-12	-4	0	-100	-60	-91	-42	99	14
7	-190	-56	115179176	-77	-25	-112	-29	-12	-3	0	-112	-63	-91	-42	99	14
7	-190	-56	115181180	-86	-29	-96	-26	-12	-4	0	-124	-67	-91	-42	99	14
7	-190	-56	115183188	-77	-25	-112	-29	-12	-3	0	-136	-70	-91	-42	99	14
7	-190	-56	115185188	-78	-25	-95	-25	-11	-3	0	-147	-73	-91	-42	99	14
7	-190	-56	115187180	-86	-28	-108	-30	-13	-4	0	-160	-77	-91	-42	99	14
7	-190	-56	115189180	-76	-24	-94	-25	-11	-3	0	-171	-80	-91	-42	99	14
7	-190	-56	115191184	-85	-28	-106	-28	-12	-4	0	-183	-84	-91	-42	99	14
7	-190	-56	115193184	-77	-25	-105	-27	-12	-3	0	-195	-87	-91	-42	99	14
7	-190	-56	115195184	-76	-23	-92	-25	-11	-3	0	-206	-90	-91	-42	99	14
7	-190	-56	115197180	-86	-27	-105	-28	-12	-4	0	-218	-94	-91	-42	99	14
7	-190	-56	115199180	-76	-23	-90	-23	-11	-3	0	-229	-97	-91	-42	99	14
7	-190	-56	115201180	-77	-24	-102	-27	-12	-3	0	-241	-100	-91	-42	99	14
7	-190	-56	115203176	-85	-26	-90	-23	-11	-3	0	-252	-103	-91	-42	99	14
7	-190	-56	115205180	-76	-23	-101	-27	-11	-4	0	-263	-107	-91	-42	99	14
7	-190	-56	115207180	-84	-26	-89	-23	-12	-3	0	-275	-110	-91	-42	99	14
7	-190	-56	115209168	-73	-21	-100	-25	-11	-3	0	-286	-113	-91	-42	99	14
7	-190	-56	115211168	-74	-22	-88	-22	-10	-3	0	-296	-116	-91	-42	99	14
7	-190	-56	115213172	-80	-22	-97	-25	-12	-3	0	-308	-119	-91	-42	99	14
7	-190	-56	115215180	-69	-20	-98	-22	-11	-2	0	-319	-121	-91	-42	99	14
7	-190	-56	115217172	-69	-18	-82	-19	-9	-3	0	-328	-124	-91	-42	99	14
7	-190	-56	115219172	-73	-20	-94	-21	-11	-2	0	-339	-126	-91	-42	99	14
7	-190	-56	115221168	-63	-16	-79	-18	-9	-3	0	-348	-129	-91	-42	99	14
7	-190	-56	115223164	-67	-17	-87	-18	-10	-2	0	-358	-131	-91	-42	99	14
7	-190	-56	115225168	-58	-14	-74	-15	-9	-2	0	-367	-133	-91	-42	99	14
7	-190	-56	115227172	-55	-13	-81	-15	-9	-2	0	-376	-135	-91	-42	99	14
7	-190	-56	115229172	-56	-13	-66	-14	-7	-1	0	-383	-136	-91	-42	99	14
7	-190	-56	115231168	-48	-10	-73	-13	-8	-2	0	-391	-138	-91	-42	99	14
7	-190	-56	115233180	-48	-12	-67	-12	-8	-1	0	-399	-139	-91	-42	99	14
7	-190	-56	115235180	-40	-8	-55	-10	-6	-2	0	-405	-141	-91	-42	99	14
7	-190	-56	115237176	-37	-8	-59	-9	-6	-1	0	-411	-142	-91	-42	99	14
7	-190	-56	115239180	-36	-7	-46	-7	-5	-1	0	-416	-143	-91	-42	99	14
7	-190	-56	115241168	-27	-5	-48	-8	-5	0	0	-421	-143	-91	-42	99	14
7	-190	-56	115243184	-25	-5	-37	-6	-4	-1	0	-425	-144	-91	-42	99	14
7	-190	-56	115245188	-23	-5	-37	-5	-4	-1	0	-429	-145	-91	-42	99	14
7	-190	-56	115247176	-17	-4	-28	-4	-3	0	0	-432	-145	-91	-42	99	14
7	-190	-56	115249196	-17	-4	-28	-4	-3	-1	0	-435	-146	-91	-42	99	14
7	-190	-56	115251180	-12	-2	-24	-3	-2	0	0	-437	-146	-91	-42	99	14
7	-190	-56	115253176	-9	-2	-16	-2	-2	0	0	-439	-146	-91	-42	99	14
7	-190	-56	115255192	-9	-2	-16	-2	-1	-1	0	-440	-147	-91	-42	99	14
7	-190	-56	115257176	-6	-1	-11	-1	-2	0	0	-442	-147	-91	-42	99	14
7	-190	-56	115259184	-5	0	-10	-2	-1	0	0	-443	-147	-91	-42	99	14
7	-190	-56	115261168	-2	-2	-8	-1	0	0	0	-443	-147	-91	-42	99	14
7	-190	-56	115263144	-3	0	-5	0	-1	0	0	-444	-147	-91	-42	99	14
7	-190	-56	115265160	-1	-1	-4	-1	0	0	0	-444	-147	-91	-42	99	14
7	-190	-56	115267132	-1	0	-2	0	0	0	0	-444	-147	-91	-42	99	14
7	-190	-56	115269160	0	0	-3	-1	0	0	0	-444	-147	-91	-42	99	14
7	-190	-56	115391176	0	0	1	0	0	0	0	-444	-147	-91	-42	99	14
7	-190	-56	115407172	0	0	0	0	0	0	1	-444	-147	-91	-42	99	14
8	-190	-56	115413196	0	1	0	0	0	0	1	-91	-42	-91	-42	99	14
8	-190	-56	115419196	0	0	0	1	0	0	1	-91	-42	-91	-42	99	14
8	167	107	115423200	0	0	1	0	0	0	1	-91	-42	76	65	-91	-42
8	167	107	115431216	0	1	0	0	0	0	1	-91	-42	76	65	-91	-42
8	167	107	115437228	0	0	0	1	0	0	1	-91	-42	76	65	-91	-42
8	167	107	115443240	0	0	1	0	0	0	1	-91	-42	76	65	-91	-42
8	167	107	115479244	0	0	0	0	0	0	0	-91	-42	76	65	-91	-42
8	167	107	115503300	0	0	1	0	0	0	0	-91	-42	76	65	-91	-42
8	167	107	115505320	1	1	2	0	0	0	0	-91	-42	76	65	-91	-42
8	167	107	115507320	3	1	1	2	0	0	0	-91	-42	76	65	-91	-42
8	167	107	115509316	5	2	4	2	0	0	0	-91	-42	76	65	-91	-42
8	167	107	115511312	6	2	3	1	0	0	0	-91	-42	76	65	-91	-42
8	167	107	115513316	6	4	7	3	1	0	0	-90	-42	76	65	-91	-42
8	167	107	115515324	9	4	8	4	1	1	0	-89	-41	76	65	-91	-42
8	167	107	115517308	13	3	8	3	2	0	0	-87	-41	76	65	-91	-42
8	167	107	115519320	12	5	12	4	1	1	0	-86	-40	76	65	-91	-42
8	167	107	115521304	16	5	13	5	2	0	0	-84	-40	76	65	-91	-42
8	167	107	115523312	15	7	16	5	2	1	0	-82	-39	76	65	-91	-42
8	167	107	115525316	19	5	16	5	2	1	0	-80	-38	76	65	-91	-42
8	167	107	115527312	23	7	22	6	3	1	0	-77	-37	76	65	-91	-42
8	167	107	115529300	21	8	21	7	3	0	0	-74	-37	76	65	-91	-42
8	167	107	115531304	24	7	26	8	3	1	0	-71	-36	76	65	-91	-42
8	167	107	115533300	30	10	26	8	4	2	0	-67	-34	76	65	-91	-42
8	167	107	115535300	27	9	33	9	4	1	0	-63	-33	76	65	-91	-42
8	167	107	115537308	34	10	35	10	4	1	0	-59	-32	76	65	-91	-42
8	167	107	115539304	31	9	34	10	4	1	0	-55	-31	76	65	-91	-42
8	167	107	115541300	33	11	41	11	5	2	0	-50	-29	76	65	-91	-42
8	167	107	115543308	38	12	37	11	5	1	0	-45	-28	76	65	-91	-42
8	167	107	115545300	35	12	48	13	5	2	0	-40	-26	76	65	-91	-42
8	167	107	115547308	39	12	42	12	6	1	0	-34	-25	76	65	-91	-42
8	167	107	115549300	45	15	53	15	6	2	0	-28	-23	76	65	-91	-42
8	167	107	115551304	41	15	49	14	6	2	0	-22	-21	76	65	-91	-42
8	167	107	115553312	52	18	58	17	7	2	0	-15	-19	76	65	-91	-42
8	167	107	115555300	46	16	62	19	7	3	0	-8	-16	76	65	-91	-42
8	167	107	115557304	50	19	56	18	7	2	0	-1	-14	76	65	-91	-42
8	167	107	115559308	59	21	67	21	8	3	0	7	-11	76	65	-91	-42
8	167	107	115561304	55	21	62	20	8	2	0	15	-9	76	65	-91	-42
8	167	107	115563308	57	23	73	25	8	4	0	23	-5	76	65	-91	-42
8	167	107	115565304	69	27	65	22	9	3	0	32	-2	76	65	-91	-42
8	167	107	115567300	62	26	79	28	9	3	0	41	1	76	65	-91	-42
8	167	107	115569296	73	30	70	25	9	4	0	50	5	76	65	-91	-42
8	167	107	115571292	67	29	81	31	10	4	0	60	9	76	65	-91	-42
8	167	107	115573288	69	29	84	31	9	4	0	69	13	76	65	-91	-42
8	167	107	115575296	80	35	74	29	10	4	0	79	17	76	65	-91	-42
8	167	107	115577292	74	32	86	35	11	4	0	90	21	76	65	-91	-42
8	167	107	115579304	75	34	75	31	9	4	0	99	25	76	65	-91	-42
8	167	107	115581308	87	39	86	38	12	5	0	111	30	76	65	-91	-42
8	167	107	115583308	79	37	75	35	10	5	0	121	35	76	65	-91	-42
8	167	107	115585312	90	43	85	40	11	5	0	132	40	76	65	-91	-42
8	167	107	115587308	81	39	83	41	10	5	0	142	45	76	65	-91	-42
8	167	107	115589300	82	40	72	36	10	5	0	152	50	76	65	-91	-42
8	167	107	115591300	91	46	80	44	12	6	0	164	56	76	65	-91	-42
8	167	107	115593296	81	40	69	39	9	5	0	173	61	76	65	-91	-42
8	167	107	115595296	79	42	75	45	10	6	0	183	67	76	65	-91	-42
8	167	107	115597296	87	47	64	39	10	5	0	193	72	76	65	-91	-42
8	167	107	115599296	77	42	70	45	9	6	0	202	78	76	65	-91	-42
8	167	107	115601292	83	46	59	40	10	6	0	212	84	76	65	-91	-42
8	167	107	115603284	72	42	62	45	8	5	0	220	89	76	65	-91	-42
8	167	107	115605288	68	41	53	40	8	5	0	228	94	76	65	-91	-42
8	167	107	115607292	74	45	57	43	9	6	0	237	100	76	65	-91	-42
8	167	107	115609284	63	39	53	45	7	6	0	244	106	76	65	-91	-42
8	167	107	115611296	58	38	43	38	7	5	0	251	111	76	65	-91	-42
8	167	107	115613288	62	42	47	42	7	5	0	258	116	76	65	-91	-42
8	167	107	115615284	50	36	38	35	5	5	0	263	121	76	65	-91	-42
8	167	107	115617280	52	39	40	42	6	5	0	269	126	76	65	-91	-42
8	167	107	115619280	43	33	33	33	5	4	0	274	130	76	65	-91	-42
8	167	107	115621284	38	33	34	38	5	5	0	279	135	76	65	-91	-42
8	167	107	115623288	42	36	26	32	4	4	0	283	139	76	65	-91	-42
8	167	107	115625292	33	31	27	35	4	4	0	287	143	76	65	-91	-42
8	167	107	115627296	30	29	25	34	4	4	0	291	147	76	65	-91	-42
8	167	107	115629292	33	33	20	30	3	4	0	294	151	76	65	-91	-42
8	167	107	115631284	25	27	20	31	3	4	0	297	155	76	65	-91	-42
8	167	107	115633284	26	30	15	28	3	4	0	300	159	76	65	-91	-42
8	167	107	115635288	21	26	17	30	2	4	0	302	163	76	65	-91	-42
8	167	107	115637296	20	25	11	25	2	3	0	304	166	76	65	-91	-42
8	167	107	115639284	19	29	12	29	2	4	0	306	170	76	65	-91	-42
8	167	107	115641288	16	24	9	25	2	3	0	308	173	76	65	-91	-42
8	167	107	115643292	14	24	9	26	1	3	0	309	176	76	65	-91	-42
8	167	107	115645284	15	26	6	26	2	3	0	311	179	76	65	-91	-42
8	167	107	115647284	11	22	5	23	1	3	0	312	182	76	65	-91	-42
8	167	107	115649288	13	25	4	26	1	4	0	313	186	76	65	-91	-42
8	167	107	115651292	10	22	2	21	1	2	0	314	188	76	65	-91	-42
8	167	107	115653280	9	21	3	24	0	3	0	314	191	76	65	-91	-42
8	167	107	115655296	10	24	1	21	1	3	0	315	194	76	65	-91	-42
8	167	107	115657288	7	20	0	23	0	3	0	315	197	76	65	-91	-42
8	167	107	115659296	9	22	0	20	1	3	0	316	200	76	65	-91	-42
8	167	107	115661280	6	19	0	22	0	2	0	316	202	76	65	-91	-42
8	167	107	115663288	8	20	0	21	1	3	0	317	205	76	65	-91	-42
8	167	107	115665288	7	21	0	19	0	3	0	317	208	76	65	-91	-42
8	167	107	115667296	8	19	-1	21	1	2	0	318	210	76	65	-91	-42
8	167	107	115669288	6	19	-2	19	0	3	0	318	213	76	65	-91	-42
8	167	107	115671304	9	21	-1	20	1	2	0	319	215	76	65	-91	-42
8	167	107	115673296	7	17	-1	19	0	3	0	319	218	76	65	-91	-42
8	167	107	115675308	9	20	0	20	1	2	0	320	220	76	65	-91	-42
8	167	107	115677296	9	19	0	17	0	2	0	320	222	76	65	-91	-42
8	167	107	115679300	8	18	0	20	1	3	0	321	225	76	65	-91	-42
8	167	107	115681288	9	18	0	19	0	2	0	321	227	76	65	-91	-42
8	167	107	115683296	10	18	0	18	1	3	0	322	230	76	65	-91	-42
8	167	107	115685296	10	16	1	18	1	2	0	323	232	76	65	-91	-42
8	167	107	115687300	11	19	3	17	1	2	0	324	234	76	65	-91	-42
8	167	107	115689288	10	16	4	18	0	2	0	324	236	76	65	-91	-42
8	167	107	115691300	14	18	2	15	1	2	0	325	238	76	65	-91	-42
8	167	107	115693300	11	16	5	18	2	3	0	327	241	76	65	-91	-42
8	167	107	115695304	12	15	6	17	1	2	0	328	243	76	65	-91	-42
8	167	107	115697296	15	16	7	15	1	2	0	329	245	76	65	-91	-42
8	167	107	115699296	12	15	6	17	1	2	0	330	247	76	65	-91	-42
8	167	107	115701296	13	14	7	15	2	2	0	332	249	76	65	-91	-42
8	167	107	115703300	15	15	9	15	1	2	0	333	251	76	65	-91	-42
8	167	107	115705300	13	12	8	12	1	1	0	334	252	76	65	-91	-42
8	167	107	115707308	15	14	8	14	2	2	0	336	254	76	65	-91	-42
8	167	107	115709308	13	11	10	12	1	1	0	337	255	76	65	-91	-42
8	167	107	115711308	14	10	10	13	2	2	0	339	257	76	65	-91	-42
8	167	107	115713304	15	13	9	11	2	2	0	341	259	76	65	-91	-42
8	167	107	115715308	12	9	11	11	1	1	0	342	260	76	65	-91	-42
8	167	107	115717312	15	10	10	12	2	1	0	344	261	76	65	-91	-42
8	167	107	115719308	13	8	10	8	1	1	0	345	262	76	65	-91	-42
8	167	107	115721304	12	8	10	10	2	1	0	347	263	76	65	-91	-42
8	167	107	115723304	15	9	10	8	1	2	0	348	265	76	65	-91	-42
8	167	107	115725288	11	6	10	7	2	0	0	350	265	76	65	-91	-42
8	167	107	115727296	12	6	9	7	1	1	0	351	266	76	65	-91	-42
8	167	107	115729288	12	6	9	7	1	1	0	352	267	76	65	-91	-42
8	167	107	115731292	11	5	9	5	2	1	0	354	268	76	65	-91	-42
8	167	107	115733284	12	5	8	6	1	0	0	355	268	76	65	-91	-42
8	167	107	115735300	10	4	8	4	1	1	0	356	269	76	65	-91	-42
8	167	107	115737288	10	4	6	4	1	0	0	357	269	76	65	-91	-42
8	167	107	115739304	10	2	8	4	1	1	0	358	270	76	65	-91	-42
8	167	107	115741296	7	3	6	3	1	0	0	359	270	76	65	-91	-42
8	167	107	115743308	9	2	6	3	1	1	0	360	271	76	65	-91	-42
8	167	107	115745296	7	2	4	2	1	0	0	361	271	76	65	-91	-42
8	167	107	115747280	7	2	5	2	0	0	0	361	271	76	65	-91	-42
8	167	107	115749288	7	1	5	1	1	0	0	362	271	76	65	-91	-42
8	167	107	115751300	5	0	4	1	1	0	0	363	271	76	65	-91	-42
8	167	107	115753288	5	2	2	1	0	0	0	363	271	76	65	-91	-42
8	167	107	115755308	5	0	3	2	1	1	0	364	272	76	65	-91	-42
8	167	107	115757256	4	0	3	0	0	0	0	364	272	76	65	-91	-42
8	167	107	115759304	2	0	2	1	1	0	0	365	272	76	65	-91	-42
8	167	107	115761292	3	1	1	0	0	0	0	365	272	76	65	-91	-42
8	167	107	115763260	2	0	1	0	0	0	0	365	272	76	65	-91	-42
8	167	107	115765264	3	0	1	0	0	0	0	365	272	76	65	-91	-42
8	167	107	115767260	1	0	2	0	0	0	0	365	272	76	65	-91	-42
8	167	107	115769276	1	0	1	0	1	0	0	366	272	76	65	-91	-42
8	167	107	115771268	2	0	0	0	0	0	0	366	272	76	65	-91	-42
8	167	107	115775276	1	0	0	0	0	0	0	366	272	76	65	-91	-42
8	167	107	115777308	0	0	1	1	0	0	0	366	272	76	65	-91	-42
8	167	107	115795284	1	0	0	0	0	0	0	366	272	76	65	-91	-42
8	167	107	115805300	1	0	0	0	0	0	0	366	272	76	65	-91	-42
8	167	107	115809296	0	0	1	0	0	0	0	366	272	76	65	-91	-42
8	167	107	115811296	2	0	0	0	0	0	0	366	272	76	65	-91	-42
8	167	107	115815304	1	0	0	0	0	0	0	366	272	76	65	-91	-42
8	167	107	115819304	1	0	0	0	0	0	0	366	272	76	65	-91	-42
8	167	107	115821300	0	0	2	0	0	0	0	366	272	76	65	-91	-42
8	167	107	115823304	1	0	0	0	0	0	0	366	272	76	65	-91	-42
8	167	107	115827316	2	0	0	0	1	0	0	367	272	76	65	-91	-42
8	167	107	115831300	1	0	0	0	0	0	0	367	272	76	65	-91	-42
8	167	107	115833308	0	0	1	0	0	0	1	367	272	76	65	-91	-42
9	167	107	115839308	0	1	0	0	0	0	1	76	65	76	65	-91	-42
9	167	107	115841304	1	0	0	0	0	0	1	76	65	76	65	-91	-42
9	-130	-149	115845312	0	0	1	0	0	0	1	76	65	-54	-84	76	65
9	-130	-149	115905344	0	0	0	0	0	0	0	76	65	-54	-84	76	65
9	-130	-149	115921404	-3	-2	0	0	0	0	0	76	65	-54	-84	76	65
9	-130	-149	115923404	-2	-3	-1	-4	0	0	0	76	65	-54	-84	76	65
9	-130	-149	115925404	-4	-5	-3	-5	0	0	0	76	65	-54	-84	76	65
9	-130	-149	115927416	-5	-8	-1	-6	0	-1	0	76	64	-54	-84	76	65
9	-130	-149	115929424	-8	-9	-4	-9	-1	-1	0	75	63	-54	-84	76	65
9	-130	-149	115931424	-8	-11	-4	-11	-1	-2	0	74	61	-54	-84	76	65
9	-130	-149	115933428	-13	-16	-6	-14	-1	-2	0	73	59	-54	-84	76	65
9	-130	-149	115935432	-12	-16	-6	-17	-1	-2	0	72	57	-54	-84	76	65
9	-130	-149	115937432	-17	-23	-8	-19	-2	-3	0	70	54	-54	-84	76	65
9	-130	-149	115939428	-18	-22	-11	-24	-2	-3	0	68	51	-54	-84	76	65
9	-130	-149	115941428	-19	-27	-11	-24	-2	-3	0	66	48	-54	-84	76	65
9	-130	-149	115943432	-26	-33	-14	-30	-2	-4	0	64	44	-54	-84	76	65
9	-130	-149	115945424	-25	-33	-15	-30	-3	-4	0	61	40	-54	-84	76	65
9	-130	-149	115947424	-34	-42	-20	-38	-3	-5	0	58	35	-54	-84	76	65
9	-130	-149	115949424	-31	-40	-22	-43	-4	-6	0	54	29	-54	-84	76	65
9	-130	-149	115951424	-35	-45	-23	-40	-4	-5	0	50	24	-54	-84	76	65
9	-130	-149	115953428	-43	-53	-29	-51	-4	-7	0	46	17	-54	-84	76	65
9	-130	-149	115955428	-41	-50	-27	-46	-5	-6	0	41	11	-54	-84	76	65
9	-130	-149	115957428	-44	-52	-34	-58	-5	-7	0	36	4	-54	-84	76	65
9	-130	-149	115959420	-51	-60	-32	-51	-5	-7	0	31	-3	-54	-84	76	65
9	-130	-149	115961420	-50	-57	-39	-61	-6	-8	0	25	-11	-54	-84	76	65
9	-130	-149	115963420	-59	-65	-36	-57	-6	-8	0	19	-19	-54	-84	76	65
9	-130	-149	115965420	-55	-60	-45	-65	-6	-8	0	13	-27	-54	-84	76	65
9	-130	-149	115967420	-57	-61	-47	-67	-7	-8	0	6	-35	-54	-84	76	65
9	-130	-149	115969432	-68	-70	-42	-60	-7	-9	0	-1	-44	-54	-84	76	65
9	-130	-149	115971432	-62	-64	-50	-69	-7	-8	0	-8	-52	-54	-84	76	65
9	-130	-149	115973432	-64	-63	-46	-61	-8	-8	0	-16	-60	-54	-84	76	65
9	-130	-149	115975432	-75	-73	-53	-71	-8	-10	0	-24	-70	-54	-84	76	65
9	-130	-149	115977428	-68	-64	-47	-64	-7	-8	0	-31	-78	-54	-84	76	65
9	-130	-149	115979428	-78	-72	-54	-71	-9	-9	0	-40	-87	-54	-84	76	65
9	-130	-149	115981428	-70	-64	-49	-64	-8	-8	0	-48	-95	-54	-84	76	65
9	-130	-149	115983428	-72	-64	-55	-71	-8	-9	0	-56	-104	-54	-84	76	65
9	-130	-149	115985428	-80	-71	-54	-72	-8	-9	0	-64	-113	-54	-84	76	65
9	-130	-149	115987420	-72	-61	-47	-61	-8	-8	0	-72	-121	-54	-84	76	65
9	-130	-149	115989420	-73	-63	-54	-69	-8	-9	0	-80	-130	-54	-84	76	65
9	-130	-149	115991424	-81	-67	-45	-60	-8	-8	0	-88	-138	-54	-84	76	65
9	-130	-149	115993420	-71	-60	-52	-67	-8	-8	0	-96	-146	-54	-84	76	65
9	-130	-149	115995420	-79	-66	-45	-58	-8	-8	0	-104	-154	-54	-84	76	65
9	-130	-149	115997420	-70	-58	-50	-65	-8	-8	0	-112	-162	-54	-84	76	65
9	-130	-149	115999424	-70	-56	-43	-56	-8	-7	0	-120	-169	-54	-84	76	65
9	-130	-149	116001420	-77	-61	-46	-62	-7	-8	0	-127	-177	-54	-84	76	65
9	-130	-149	116003420	-68	-55	-45	-62	-8	-8	0	-135	-185	-54	-84	76	65
9	-130	-149	116005420	-66	-53	-39	-53	-7	-7	0	-142	-192	-54	-84	76	65
9	-130	-149	116007416	-74	-57	-42	-59	-7	-7	0	-149	-199	-54	-84	76	65
9	-130	-149	116009416	-65	-50	-37	-50	-7	-7	0	-156	-206	-54	-84	76	65
9	-130	-149	116011428	-71	-55	-40	-56	-7	-7	0	-163	-213	-54	-84	76	65
9	-130	-149	116013440	-64	-48	-33	-48	-6	-6	0	-169	-219	-54	-84	76	65
9	-130	-149	116015440	-61	-46	-38	-54	-6	-7	0	-175	-226	-54	-84	76	65
9	-130	-149	116017444	-66	-50	-31	-45	-7	-6	0	-182	-232	-54	-84	76	65
9	-130	-149	116019444	-59	-44	-35	-51	-6	-6	0	-188	-238	-54	-84	76	65
9	-130	-149	116021440	-65	-47	-34	-49	-6	-6	0	-194	-244	-54	-84	76	65
9	-130	-149	116023436	-55	-40	-27	-41	-6	-5	0	-200	-249	-54	-84	76	65
9	-130	-149	116025436	-55	-40	-30	-46	-5	-6	0	-205	-255	-54	-84	76	65
9	-130	-149	116027436	-60	-44	-25	-40	-6	-5	0	-211	-260	-54	-84	76	65
9	-130	-149	116029432	-50	-36	-28	-44	-5	-5	0	-216	-265	-54	-84	76	65
9	-130	-149	116031432	-50	-37	-22	-36	-4	-5	0	-220	-270	-54	-84	76	65
9	-130	-149	116033428	-54	-40	-25	-41	-5	-5	0	-225	-275	-54	-84	76	65
9	-130	-149	116035424	-45	-33	-22	-34	-5	-5	0	-230	-280	-54	-84	76	65
9	-130	-149	116037424	-49	-37	-21	-39	-4	-5	0	-234	-285	-54	-84	76	65
9	-130	-149	116039420	-41	-31	-20	-36	-4	-4	0	-238	-289	-54	-84	76	65
9	-130	-149	116041424	-39	-31	-16	-30	-4	-4	0	-242	-293	-54	-84	76	65
9	-130	-149	116043420	-40	-33	-16	-34	-3	-4	0	-245	-297	-54	-84	76	65
9	-130	-149	116045416	-33	-27	-14	-29	-3	-4	0	-248	-301	-54	-84	76	65
9	-130	-149	116047416	-33	-28	-13	-30	-3	-4	0	-251	-305	-54	-84	76	65
9	-130	-149	116049416	-34	-28	-11	-26	-3	-3	0	-254	-308	-54	-84	76	65
9	-130	-149	116051416	-26	-24	-10	-27	-3	-3	0	-257	-311	-54	-84	76	65
9	-130	-149	116053416	-27	-26	-7	-23	-2	-4	0	-259	-315	-54	-84	76	65
9	-130	-149	116055420	-23	-22	-8	-25	-2	-3	0	-261	-318	-54	-84	76	65
9	-130	-149	116057420	-20	-21	-6	-25	-1	-3	0	-262	-321	-54	-84	76	65
9	-130	-149	116059416	-21	-22	-4	-19	-2	-2	0	-264	-323	-54	-84	76	65
9	-130	-149	116061416	-16	-18	-5	-21	-1	-3	0	-265	-326	-54	-84	76	65
9	-130	-149	116063416	-15	-17	-2	-17	-2	-2	0	-267	-328	-54	-84	76	65
9	-130	-149	116065412	-15	-18	-3	-20	-1	-2	0	-268	-330	-54	-84	76	65
9	-130	-149	116067408	-13	-15	-1	-15	-1	-2	0	-269	-332	-54	-84	76	65
9	-130	-149	116069392	-10	-14	0	-17	0	-2	0	-269	-334	-54	-84	76	65
9	-130	-149	116071404	-10	-13	-1	-12	-1	-2	0	-270	-336	-54	-84	76	65
9	-130	-149	116073404	-9	-12	0	-14	-1	-2	0	-271	-338	-54	-84	76	65
9	-130	-149	116075392	-7	-11	0	-10	0	-1	0	-271	-339	-54	-84	76	65
9	-130	-149	116077392	-6	-9	0	-11	0	-1	0	-271	-340	-54	-84	76	65
9	-130	-149	116079400	-7	-8	0	-10	-1	-1	0	-272	-341	-54	-84	76	65
9	-130	-149	116081392	-5	-8	0	-8	0	-2	0	-272	-343	-54	-84	76	65
9	-130	-149	116083384	-3	-6	1	-8	0	0	0	-272	-343	-54	-84	76	65
9	-130	-149	116085400	-5	-6	0	-5	-1	-1	0	-273	-344	-54	-84	76	65
9	-130	-149	116087388	-3	-4	1	-7	0	-1	0	-273	-345	-54	-84	76	65
9	-130	-149	116089380	-2	-4	0	-5	0	0	0	-273	-345	-54	-84	76	65
9	-130	-149	116091388	-3	-4	0	-3	0	-1	0	-273	-346	-54	-84	76	65
9	-130	-149	116093368	-1	-2	2	-3	0	0	0	-273	-346	-54	-84	76	65
9	-130	-149	116095392	-1	-3	0	-4	0	-1	0	-273	-347	-54	-84	76	65
9	-130	-149	116097384	-2	-1	0	-1	0	0	0	-273	-347	-54	-84	76	65
9	-130	-149	116099348	0	-1	0	-1	0	0	0	-273	-347	-54	-84	76	65
9	-130	-149	116101384	-1	-1	0	-1	0	0	0	-273	-347	-54	-84	76	65
9	-130	-149	116103380	0	0	1	-2	0	0	0	-273	-347	-54	-84	76	65
9	-130	-149	116105348	0	-2	0	0	0	0	0	-273	-347	-54	-84	76	65
9	-130	-149	116107352	0	0	0	-1	0	0	0	-273	-347	-54	-84	76	65
9	-130	-149	116113352	0	-1	0	0	0	0	0	-273	-347	-54	-84	76	65
9	-130	-149	116127404	-1	0	0	-1	0	-1	0	-273	-348	-54	-84	76	65
9	-130	-149	116135352	0	-1	0	0	0	0	0	-273	-348	-54	-84	76	65
9	-130	-149	116137352	0	0	0	-1	0	0	0	-273	-348	-54	-84	76	65
9	-130	-149	116145360	0	0	0	-2	0	0	0	-273	-348	-54	-84	76	65
9	-130	-149	116151388	-1	0	0	-1	0	0	0	-273	-348	-54	-84	76	65
9	-130	-149	116153380	0	-1	1	0	0	0	0	-273	-348	-54	-84	76	65
9	-130	-149	116163344	0	0	0	-1	0	0	0	-273	-348	-54	-84	76	65
9	-130	-149	116187340	0	0	0	0	0	0	1	-273	-348	-54	-84	76	65
10	-130	-149	116195380	0	0	1	0	0	0	1	-54	-84	-54	-84	76	65
10	82	180	116231396	0	1	0	0	0	0	1	-54	-84	28	96	-54	-84
10	82	180	116265404	0	0	0	0	0	0	0	-54	-84	28	96	-54	-84
10	82	180	116271436	1	0	0	0	0	0	0	-54	-84	28	96	-54	-84
10	82	180	116279448	0	2	0	0	0	0	0	-54	-84	28	96	-54	-84
10	82	180	116281452	0	0	0	1	0	0	0	-54	-84	28	96	-54	-84
10	82	180	116283476	2	1	2	2	0	0	0	-54	-84	28	96	-54	-84
10	82	180	116285480	2	2	0	1	0	0	0	-54	-84	28	96	-54	-84
10	82	180	116287472	4	4	1	4	0	0	0	-54	-84	28	96	-54	-84
10	82	180	116289480	4	5	2	5	0	1	0	-54	-83	28	96	-54	-84
10	82	180	116291488	6	6	3	6	1	1	0	-53	-82	28	96	-54	-84
10	82	180	116293480	6	8	2	6	0	1	0	-53	-81	28	96	-54	-84
10	82	180	116295492	10	10	4	9	1	1	0	-52	-80	28	96	-54	-84
10	82	180	116297492	9	10	5	10	1	1	0	-51	-79	28	96	-54	-84
10	82	180	116299488	14	14	5	12	1	2	0	-50	-77	28	96	-54	-84
10	82	180	116301488	13	15	8	15	1	2	0	-49	-75	28	96	-54	-84
10	82	180	116303492	15	16	6	15	2	2	0	-47	-73	28	96	-54	-84
10	82	180	116305492	20	21	9	19	2	2	0	-45	-71	28	96	-54	-84
10	82	180	116307492	22	21	8	20	2	3	0	-43	-68	28	96	-54	-84
10	82	180	116309496	23	24	12	25	2	3	0	-41	-65	28	96	-54	-84
10	82	180	116311496	30	31	10	25	2	4	0	-39	-61	28	96	-54	-84
10	82	180	116313500	32	30	13	31	3	4	0	-36	-57	28	96	-54	-84
10	82	180	116315496	38	37	15	35	4	4	0	-32	-53	28	96	-54	-84
10	82	180	116317492	38	36	14	35	3	5	0	-29	-48	28	96	-54	-84
10	82	180	116319496	41	39	16	42	4	5	0	-25	-43	28	96	-54	-84
10	82	180	116321488	51	47	15	40	4	6	0	-21	-37	28	96	-54	-84
10	82	180	116323496	50	46	19	50	5	6	0	-16	-31	28	96	-54	-84
10	82	180	116325488	54	49	16	46	4	6	0	-12	-25	28	96	-54	-84
10	82	180	116327480	64	60	19	56	5	8	0	-7	-17	28	96	-54	-84
10	82	180	116329488	61	56	18	54	6	7	0	-1	-10	28	96	-54	-84
10	82	180	116331476	71	69	20	65	5	8	0	4	-2	28	96	-54	-84
10	82	180	116333480	68	66	18	61	6	9	0	10	7	28	96	-54	-84
10	82	180	116335476	70	69	22	75	6	9	0	16	16	28	96	-54	-84
10	82	180	116337472	81	83	21	79	7	10	0	23	26	28	96	-54	-84
10	82	180	116339472	75	77	19	71	6	10	0	29	36	28	96	-54	-84
10	82	180	116341468	78	79	22	85	6	11	0	35	47	28	96	-54	-84
10	82	180	116343468	86	92	20	78	7	11	0	42	58	28	96	-54	-84
10	82	180	116345464	79	84	23	90	7	11	0	49	69	28	96	-54	-84
10	82	180	116347464	86	95	20	80	6	11	0	55	80	28	96	-54	-84
10	82	180	116349464	77	86	22	93	7	12	0	62	92	28	96	-54	-84
10	82	180	116351464	77	85	20	83	6	11	0	68	103	28	96	-54	-84
10	82	180	116353460	85	98	24	94	7	12	0	75	115	28	96	-54	-84
10	82	180	116355468	73	85	24	93	6	11	0	81	126	28	96	-54	-84
10	82	180	116357468	72	85	20	82	6	11	0	87	137	28	96	-54	-84
10	82	180	116359464	78	92	23	92	7	12	0	94	149	28	96	-54	-84
10	82	180	116361464	68	82	22	80	6	11	0	100	160	28	96	-54	-84
10	82	180	116363464	74	87	23	89	6	11	0	106	171	28	96	-54	-84
10	82	180	116365464	63	75	20	75	5	10	0	111	181	28	96	-54	-84
10	82	180	116367464	62	73	24	84	6	10	0	117	191	28	96	-54	-84
10	82	180	116369464	65	77	21	71	5	9	0	122	200	28	96	-54	-84
10	82	180	116371452	56	68	23	77	6	10	0	128	210	28	96	-54	-84
10	82	180	116373448	52	63	20	65	4	8	0	132	218	28	96	-54	-84
10	82	180	116375456	58	69	22	73	5	9	0	137	227	28	96	-54	-84
10	82	180	116377448	47	59	23	67	5	8	0	142	235	28	96	-54	-84
10	82	180	116379456	50	62	19	58	4	8	0	146	243	28	96	-54	-84
10	82	180	116381448	44	54	20	62	5	8	0	151	251	28	96	-54	-84
10	82	180	116383452	40	50	18	53	3	6	0	154	257	28	96	-54	-84
10	82	180	116385448	41	54	19	56	4	7	0	158	264	28	96	-54	-84
10	82	180	116387452	35	45	16	48	3	6	0	161	270	28	96	-54	-84
10	82	180	116389444	33	41	18	50	4	6	0	165	276	28	96	-54	-84
10	82	180	116391448	35	45	14	42	3	6	0	168	282	28	96	-54	-84
10	82	180	116393456	27	36	16	44	3	5	0	171	287	28	96	-54	-84
10	82	180	116395460	28	39	14	41	2	5	0	173	292	28	96	-54	-84
10	82	180	116397464	21	31	12	33	3	4	0	176	296	28	96	-54	-84
10	82	180	116399464	20	28	11	35	2	5	0	178	301	28	96	-54	-84
10	82	180	116401460	19	29	10	27	1	3	0	179	304	28	96	-54	-84
10	82	180	116403464	15	22	9	29	2	3	0	181	307	28	96	-54	-84
10	82	180	116405464	14	23	8	22	1	3	0	182	310	28	96	-54	-84
10	82	180	116407464	8	17	7	24	1	3	0	183	313	28	96	-54	-84
10	82	180	116409464	9	16	5	18	1	2	0	184	315	28	96	-54	-84
10	82	180	116411460	6	15	6	17	1	2	0	185	317	28	96	-54	-84
10	82	180	116413456	4	12	4	16	1	2	0	186	319	28	96	-54	-84
10	82	180	116415436	1	10	3	12	0	1	0	186	320	28	96	-54	-84
10	82	180	116417436	2	10	2	12	0	2	0	186	322	28	96	-54	-84
10	82	180	116419432	0	7	3	9	0	1	0	186	323	28	96	-54	-84
10	82	180	116421432	-2	8	0	9	0	1	0	186	324	28	96	-54	-84
10	82	180	116423428	-4	6	1	6	0	1	0	186	325	28	96	-54	-84
10	82	180	116425420	-5	5	0	7	0	1	0	186	326	28	96	-54	-84
10	82	180	116427416	-6	6	0	7	0	0	0	186	326	28	96	-54	-84
10	82	180	116429420	-6	4	0	6	0	1	0	186	327	28	96	-54	-84
10	82	180	116431440	-7	5	-2	5	-1	1	0	185	328	28	96	-54	-84
10	82	180	116433408	-8	6	-2	5	0	0	0	185	328	28	96	-54	-84
10	82	180	116435436	-8	4	-1	5	-1	1	0	184	329	28	96	-54	-84
10	82	180	116437432	-9	6	-3	5	-1	1	0	183	330	28	96	-54	-84
10	82	180	116439416	-7	5	-2	6	0	0	0	183	330	28	96	-54	-84
10	82	180	116441440	-9	6	-3	5	-1	1	0	182	331	28	96	-54	-84
10	82	180	116443436	-9	7	-2	6	-1	1	0	181	332	28	96	-54	-84
10	82	180	116445424	-7	6	-3	7	0	1	0	181	333	28	96	-54	-84
10	82	180	116447436	-9	6	-2	7	-1	1	0	180	334	28	96	-54	-84
10	82	180	116449432	-9	8	-3	6	-1	1	0	179	335	28	96	-54	-84
10	82	180	116451432	-6	7	-4	8	-1	1	0	178	336	28	96	-54	-84
10	82	180	116453420	-9	8	-3	7	0	1	0	178	337	28	96	-54	-84
10	82	180	116455432	-6	8	-3	8	-1	1	0	177	338	28	96	-54	-84
10	82	180	116457424	-6	8	-4	9	-1	1	0	176	339	28	96	-54	-84
10	82	180	116459408	-8	9	-2	7	0	1	0	176	340	28	96	-54	-84
10	82	180	116461424	-5	8	-4	10	-1	1	0	175	341	28	96	-54	-84
10	82	180	116463416	-5	9	-4	8	0	1	0	175	342	28	96	-54	-84
10	82	180	116465428	-6	10	-3	10	-1	1	0	174	343	28	96	-54	-84
10	82	180	116467424	-5	9	-4	8	-1	1	0	173	344	28	96	-54	-84
10	82	180	116469408	-5	10	-4	12	0	2	0	173	346	28	96	-54	-84
10	82	180	116471424	-5	10	-4	10	-1	1	0	172	347	28	96	-54	-84
10	82	180	116473404	-4	10	-3	10	0	1	0	172	348	28	96	-54	-84
10	82	180	116475416	-3	11	-5	11	-1	2	0	171	350	28	96	-54	-84
10	82	180	116477400	-4	10	-4	10	0	1	0	171	351	28	96	-54	-84
10	82	180	116479420	-4	10	-5	12	-1	2	0	170	353	28	96	-54	-84
10	82	180	116481408	-2	13	-4	10	0	1	0	170	354	28	96	-54	-84
10	82	180	116483416	-3	10	-5	13	-1	1	0	169	355	28	96	-54	-84
10	82	180	116485408	-2	12	-4	11	0	2	0	169	357	28	96	-54	-84
10	82	180	116487420	-3	11	-5	13	-1	2	0	168	359	28	96	-54	-84
10	82	180	116489404	-1	10	-5	12	0	1	0	168	360	28	96	-54	-84
10	82	180	116491404	-3	13	-3	10	0	1	0	168	361	28	96	-54	-84
10	82	180	116493412	-1	11	-5	13	-1	2	0	167	363	28	96	-54	-84
10	82	180	116495392	0	10	-4	11	0	1	0	167	364	28	96	-54	-84
10	82	180	116497388	-1	13	-4	11	0	2	0	167	366	28	96	-54	-84
10	82	180	116499400	-1	10	-4	11	-1	1	0	166	367	28	96	-54	-84
10	82	180	116501380	0	11	-5	12	0	2	0	166	369	28	96	-54	-84
10	82	180	116503388	0	10	-2	10	0	1	0	166	370	28	96	-54	-84
10	82	180	116505380	0	9	-5	11	0	1	0	166	371	28	96	-54	-84
10	82	180	116507392	0	10	-3	9	-1	2	0	165	373	28	96	-54	-84
10	82	180	116509376	0	8	-3	10	0	1	0	165	374	28	96	-54	-84
10	82	180	116511376	0	9	-3	8	0	1	0	165	375	28	96	-54	-84
10	82	180	116513372	0	9	-4	9	0	1	0	165	376	28	96	-54	-84
10	82	180	116515364	1	7	-2	9	0	1	0	165	377	28	96	-54	-84
10	82	180	116517372	2	9	-3	7	0	1	0	165	378	28	96	-54	-84
10	82	180	116519368	1	8	-2	9	0	1	0	165	379	28	96	-54	-84
10	82	180	116521376	2	7	-1	8	0	1	0	165	380	28	96	-54	-84
10	82	180	116523352	3	9	-3	7	0	1	0	165	381	28	96	-54	-84
10	82	180	116525380	2	6	-1	8	0	1	0	165	382	28	96	-54	-84
10	82	180	116527376	3	8	-1	8	0	1	0	165	383	28	96	-54	-84
10	82	180	116529368	5	8	-2	8	0	1	0	165	384	28	96	-54	-84
10	82	180	116531372	4	8	-1	7	0	1	0	165	385	28	96	-54	-84
10	82	180	116533376	5	9	0	9	0	1	0	165	386	28	96	-54	-84
10	82	180	116535376	5	7	-1	6	0	1	0	165	387	28	96	-54	-84
10	82	180	116537368	5	8	0	9	0	1	0	165	388	28	96	-54	-84
10	82	180	116539360	6	8	0	8	0	1	0	165	389	28	96	-54	-84
10	82	180	116541372	5	8	0	8	1	1	0	166	390	28	96	-54	-84
10	82	180	116543356	6	9	0	7	0	1	0	166	391	28	96	-54	-84
10	82	180	116545364	6	8	0	8	1	1	0	167	392	28	96	-54	-84
10	82	180	116547348	7	8	0	8	0	1	0	167	393	28	96	-54	-84
10	82	180	116549348	6	7	0	9	0	1	0	167	394	28	96	-54	-84
10	82	180	116551356	6	8	0	7	1	1	0	168	395	28	96	-54	-84
10	82	180	116553344	5	7	0	8	0	1	0	168	396	28	96	-54	-84
10	82	180	116555340	5	8	0	7	0	1	0	168	397	28	96	-54	-84
10	82	180	116557356	5	6	1	6	1	1	0	169	398	28	96	-54	-84
10	82	180	116559344	4	6	0	7	0	1	0	169	399	28	96	-54	-84
10	82	180	116561356	5	7	2	6	1	1	0	170	400	28	96	-54	-84
10	82	180	116563344	4	6	1	6	0	1	0	170	401	28	96	-54	-84
10	82	180	116565332	2	4	0	5	0	0	0	170	401	28	96	-54	-84
10	82	180	116567344	4	5	0	5	0	1	0	170	402	28	96	-54	-84
10	82	180	116569332	1	3	1	5	0	0	0	170	402	28	96	-54	-84
10	82	180	116571356	3	4	0	4	1	1	0	171	403	28	96	-54	-84
10	82	180	116573332	2	4	1	4	0	0	0	171	403	28	96	-54	-84
10	82	180	116575344	1	2	0	2	0	1	0	171	404	28	96	-54	-84
10	82	180	116577332	2	3	0	4	0	0	0	171	404	28	96	-54	-84
10	82	180	116579296	0	1	0	2	0	0	0	171	404	28	96	-54	-84
10	82	180	116581320	1	1	2	2	0	0	1	171	404	28	96	-54	-84
11	82	180	116583304	0	3	0	2	0	1	1	28	97	28	96	-54	-84
11	82	180	116585316	1	0	0	1	0	0	1	28	97	28	96	-54	-84
11	-28	-196	116587288	0	1	0	2	0	0	1	28	97	0	-100	28	96
11	-28	-196	116589292	0	0	0	1	0	0	1	28	97	0	-100	28	96
11	-28	-196	116591328	1	1	0	0	0	0	1	28	97	0	-100	28	96
11	-28	-196	116593300	0	0	0	1	0	0	1	28	97	0	-100	28	96
11	-28	-196	116597300	0	0	0	1	0	0	1	28	97	0	-100	28	96
11	-28	-196	116637308	0	0	1	0	0	0	1	28	97	0	-100	28	96
11	-28	-196	116645272	0	0	0	0	0	0	0	28	97	0	-100	28	96
11	-28	-196	116651308	0	0	0	-1	0	0	0	28	97	0	-100	28	96
11	-28	-196	116653308	0	0	0	-1	0	0	0	28	97	0	-100	28	96
11	-28	-196	116655308	0	-3	0	-3	0	0	0	28	97	0	-100	28	96
11	-28	-196	116657344	0	-3	1	-4	0	0	0	28	97	0	-100	28	96
11	-28	-196	116659348	0	-5	1	-3	0	0	0	28	97	0	-100	28	96
11	-28	-196	116661372	0	-7	2	-7	1	-1	0	29	96	0	-100	28	96
11	-28	-196	116663360	0	-7	2	-7	0	-1	0	29	95	0	-100	28	96
11	-28	-196	116665352	0	-9	1	-9	0	-1	0	29	94	0	-100	28	96
11	-28	-196	116667344	0	-12	4	-10	0	-2	0	29	92	0	-100	28	96
11	-28	-196	116669340	0	-13	3	-12	0	-1	0	29	91	0	-100	28	96
11	-28	-196	116671336	0	-17	3	-14	0	-2	0	29	89	0	-100	28	96
11	-28	-196	116673344	-3	-18	5	-16	1	-2	0	30	87	0	-100	28	96
11	-28	-196	116675332	-2	-19	5	-19	0	-3	0	30	84	0	-100	28	96
11	-28	-196	116677336	-4	-26	5	-24	0	-3	0	30	81	0	-100	28	96
11	-28	-196	116679332	-4	-25	7	-22	0	-3	0	30	78	0	-100	28	96
11	-28	-196	116681332	-5	-27	7	-29	0	-4	0	30	74	0	-100	28	96
11	-28	-196	116683336	-7	-35	6	-29	0	-4	0	30	70	0	-100	28	96
11	-28	-196	116685336	-8	-34	9	-36	0	-4	0	30	66	0	-100	28	96
11	-28	-196	116687340	-10	-41	8	-34	0	-5	0	30	61	0	-100	28	96
11	-28	-196	116689336	-10	-40	8	-41	0	-6	0	30	55	0	-100	28	96
11	-28	-196	116691340	-12	-43	8	-40	0	-5	0	30	50	0	-100	28	96
11	-28	-196	116693332	-15	-50	9	-48	0	-6	0	30	44	0	-100	28	96
11	-28	-196	116695340	-15	-47	8	-51	0	-7	0	30	37	0	-100	28	96
11	-28	-196	116697348	-18	-52	8	-47	-1	-6	0	29	31	0	-100	28	96
11	-28	-196	116699352	-20	-60	7	-58	-1	-8	0	28	23	0	-100	28	96
11	-28	-196	116701356	-21	-56	8	-54	-1	-7	0	27	16	0	-100	28	96
11	-28	-196	116703352	-24	-66	7	-63	-1	-8	0	26	8	0	-100	28	96
11	-28	-196	116705344	-23	-61	5	-59	-1	-8	0	25	0	0	-100	28	96
11	-28	-196	116707344	-25	-64	7	-69	-1	-8	0	24	-8	0	-100	28	96
11	-28	-196	116709340	-30	-74	6	-64	-1	-9	0	23	-17	0	-100	28	96
11	-28	-196	116711336	-28	-69	5	-73	-2	-10	0	21	-27	0	-100	28	96
11	-28	-196	116713332	-29	-70	6	-78	-1	-9	0	20	-36	0	-100	28	96
11	-28	-196	116715332	-35	-80	5	-69	-2	-10	0	18	-46	0	-100	28	96
11	-28	-196	116717332	-31	-73	5	-80	-2	-10	0	16	-56	0	-100	28	96
11	-28	-196	116719328	-37	-84	4	-72	-2	-10	0	14	-66	0	-100	28	96
11	-28	-196	116721324	-34	-76	5	-84	-2	-10	0	12	-76	0	-100	28	96
11	-28	-196	116723316	-36	-78	4	-74	-2	-10	0	10	-86	0	-100	28	96
11	-28	-196	116725320	-40	-87	6	-86	-2	-11	0	8	-97	0	-100	28	96
11	-28	-196	116727316	-38	-80	5	-77	-2	-10	0	6	-107	0	-100	28	96
11	-28	-196	116729324	-37	-79	6	-88	-3	-11	0	3	-118	0	-100	28	96
11	-28	-196	116731324	-43	-90	8	-90	-2	-12	0	1	-130	0	-100	28	96
11	-28	-196	116733328	-39	-81	6	-77	-2	-10	0	-1	-140	0	-100	28	96
11	-28	-196	116735340	-43	-90	9	-90	-2	-12	0	-3	-152	0	-100	28	96
11	-28	-196	116737336	-42	-82	8	-79	-2	-10	0	-5	-162	0	-100	28	96
11	-28	-196	116739340	-40	-80	9	-89	-2	-11	0	-7	-173	0	-100	28	96
11	-28	-196	116741344	-46	-88	10	-77	-3	-11	0	-10	-184	0	-100	28	96
11	-28	-196	116743344	-41	-79	10	-89	-2	-10	0	-12	-194	0	-100	28	96
11	-28	-196	116745344	-46	-89	10	-76	-2	-11	0	-14	-205	0	-100	28	96
11	-28	-196	116747344	-42	-76	10	-87	-2	-11	0	-16	-216	0	-100	28	96
11	-28	-196	116749344	-41	-76	11	-86	-2	-10	0	-18	-226	0	-100	28	96
11	-28	-196	116751336	-46	-84	10	-72	-2	-10	0	-20	-236	0	-100	28	96
11	-28	-196	116753336	-40	-73	12	-83	-2	-10	0	-22	-246	0	-100	28	96
11	-28	-196	116755336	-40	-71	8	-71	-2	-9	0	-24	-255	0	-100	28	96
11	-28	-196	116757336	-45	-79	12	-79	-2	-11	0	-26	-266	0	-100	28	96
11	-28	-196	116759332	-40	-66	7	-66	-2	-8	0	-28	-274	0	-100	28	96
11	-28	-196	116761332	-44	-74	10	-75	-3	-10	0	-31	-284	0	-100	28	96
11	-28	-196	116763336	-37	-63	8	-63	-2	-8	0	-33	-292	0	-100	28	96
11	-28	-196	116765336	-39	-60	7	-70	-2	-8	0	-35	-300	0	-100	28	96
11	-28	-196	116767336	-40	-65	6	-66	-2	-9	0	-37	-309	0	-100	28	96
11	-28	-196	116769336	-36	-57	5	-55	-2	-7	0	-39	-316	0	-100	28	96
11	-28	-196	116771336	-34	-52	5	-61	-2	-7	0	-41	-323	0	-100	28	96
11	-28	-196	116773336	-38	-58	4	-50	-2	-7	0	-43	-330	0	-100	28	96
11	-28	-196	116775340	-31	-47	4	-55	-2	-7	0	-45	-337	0	-100	28	96
11	-28	-196	116777340	-34	-50	2	-46	-2	-6	0	-47	-343	0	-100	28	96
11	-28	-196	116779340	-28	-41	2	-49	-1	-6	0	-48	-349	0	-100	28	96
11	-28	-196	116781340	-28	-40	2	-41	-2	-5	0	-50	-354	0	-100	28	96
11	-28	-196	116783340	-29	-43	1	-43	-2	-6	0	-52	-360	0	-100	28	96
11	-28	-196	116785344	-23	-34	0	-41	-1	-5	0	-53	-365	0	-100	28	96
11	-28	-196	116787344	-23	-32	0	-33	-2	-4	0	-55	-369	0	-100	28	96
11	-28	-196	116789344	-24	-34	2	-35	-1	-4	0	-56	-373	0	-100	28	96
11	-28	-196	116791344	-18	-27	0	-28	-1	-4	0	-57	-377	0	-100	28	96
11	-28	-196	116793340	-20	-29	0	-30	-2	-4	0	-59	-381	0	-100	28	96
11	-28	-196	116795340	-15	-24	0	-25	-1	-3	0	-60	-384	0	-100	28	96
11	-28	-196	116797344	-15	-21	0	-25	-1	-3	0	-61	-387	0	-100	28	96
11	-28	-196	116799348	-14	-23	0	-20	-1	-3	0	-62	-390	0	-100	28	96
11	-28	-196	116801340	-11	-17	1	-22	0	-2	0	-62	-392	0	-100	28	96
11	-28	-196	116803344	-12	-18	0	-18	-1	-2	0	-63	-394	0	-100	28	96
11	-28	-196	116805344	-10	-15	1	-17	-1	-2	0	-64	-396	0	-100	28	96
11	-28	-196	116807332	-7	-13	0	-16	0	-2	0	-64	-398	0	-100	28	96
11	-28	-196	116809332	-8	-14	1	-12	0	-2	0	-64	-400	0	-100	28	96
11	-28	-196	116811348	-6	-11	2	-14	-1	-2	0	-65	-402	0	-100	28	96
11	-28	-196	116813332	-5	-10	1	-10	0	-1	0	-65	-403	0	-100	28	96
11	-28	-196	116815332	-5	-10	1	-11	0	-1	0	-65	-404	0	-100	28	96
11	-28	-196	116817336	-4	-8	3	-9	0	-1	0	-65	-405	0	-100	28	96
11	-28	-196	116819340	-2	-9	1	-9	0	-2	0	-65	-407	0	-100	28	96
11	-28	-196	116821328	-4	-6	2	-7	0	0	0	-65	-407	0	-100	28	96
11	-28	-196	116823308	-2	-6	2	-7	0	-1	0	-65	-408	0	-100	28	96
11	-28	-196	116825348	-2	-5	1	-6	-1	-1	0	-66	-409	0	-100	28	96
11	-28	-196	116827332	-2	-5	1	-5	0	-1	0	-66	-410	0	-100	28	96
11	-28	-196	116829324	-1	-4	3	-5	0	0	0	-66	-410	0	-100	28	96
11	-28	-196	116831332	-2	-4	0	-4	0	-1	0	-66	-411	0	-100	28	96
11	-28	-196	116833320	-1	-3	2	-3	0	0	0	-66	-411	0	-100	28	96
11	-28	-196	116835340	-1	-3	0	-4	0	-1	0	-66	-412	0	-100	28	96
11	-28	-196	116837296	-1	-2	1	-3	0	0	0	-66	-412	0	-100	28	96
11	-28	-196	116839324	0	-3	2	-2	0	0	0	-66	-412	0	-100	28	96
11	-28	-196	116841324	-2	-1	1	-3	0	0	0	-66	-412	0	-100	28	96
11	-28	-196	116843304	-1	-1	1	-1	0	-1	0	-66	-413	0	-100	28	96
11	-28	-196	116845284	0	-2	0	-1	0	0	0	-66	-413	0	-100	28	96
11	-28	-196	116847288	-1	-1	1	-1	0	0	0	-66	-413	0	-100	28	96
11	-28	-196	116849288	0	-1	0	-2	0	0	0	-66	-413	0	-100	28	96
11	-28	-196	116853296	0	0	0	-1	0	0	0	-66	-413	0	-100	28	96
11	-28	-196	116855296	0	-1	0	0	0	0	0	-66	-413	0	-100	28	96
11	-28	-196	116859328	-1	0	0	-1	0	0	0	-66	-413	0	-100	28	96
11	-28	-196	116863308	0	-2	0	0	0	0	0	-66	-413	0	-100	28	96
11	-28	-196	116893288	0	0	0	0	0	0	1	-66	-413	0	-100	28	96
