1	0	-500	3025943640	0	0	0	1	0	0	1	0	-500	0	-500	0	0
1	0	-500	3025951636	0	0	2	0	0	0	1	0	-500	0	-500	0	0
1	0	-500	3025955632	0	1	0	0	0	0	1	0	-500	0	-500	0	0
1	-141	980	3025957632	0	0	1	0	0	0	1	0	-500	-141	480	0	-500
1	-141	980	3025963632	0	0	1	0	0	0	1	0	-500	-141	480	0	-500
1	-141	980	3025965624	1	0	0	0	0	0	1	0	-500	-141	480	0	-500
1	-141	980	3025973624	2	0	0	0	0	0	1	0	-500	-141	480	0	-500
1	-141	980	3025975624	0	0	1	0	0	0	1	0	-500	-141	480	0	-500
1	-141	980	3025981632	1	0	0	0	0	0	1	0	-500	-141	480	0	-500
1	-141	980	3025997632	1	0	0	0	0	0	1	0	-500	-141	480	0	-500
1	-141	980	3026011616	0	0	0	0	0	0	0	0	-500	-141	480	0	-500
1	-141	980	3026037656	0	1	0	1	0	0	0	0	-500	-141	480	0	-500
1	-141	980	3026039676	-1	1	0	1	0	0	0	0	-500	-141	480	0	-500
1	-141	980	3026041660	0	3	0	3	0	0	0	0	-500	-141	480	0	-500
1	-141	980	3026043680	-2	2	-1	2	0	0	0	0	-500	-141	480	0	-500
1	-141	980	3026045652	0	3	0	3	0	0	0	0	-500	-141	480	0	-500
1	-141	980	3026047676	-1	4	-2	4	0	0	0	0	-500	-141	480	0	-500
1	-141	980	3026049676	-1	5	-1	3	0	0	0	0	-500	-141	480	0	-500
1	-141	980	3026051672	-1	5	-1	4	0	0	0	0	-500	-141	480	0	-500
1	-141	980	3026053672	-2	5	-3	6	0	0	0	0	-500	-141	480	0	-500
1	-141	980	3026055672	-1	6	-1	5	0	0	0	0	-500	-141	480	0	-500
1	-141	980	3026057676	-1	7	-2	8	0	0	0	0	-500	-141	480	0	-500
1	-141	980	3026059672	-3	9	-3	7	0	0	0	0	-500	-141	480	0	-500
1	-141	980	3026061672	-1	9	-4	9	0	0	0	0	-500	-141	480	0	-500
1	-141	980	3026063684	-2	11	-3	10	0	0	0	0	-500	-141	480	0	-500
1	-141	980	3026065680	-3	13	-5	13	0	0	0	0	-500	-141	480	0	-500
1	-141	980	3026067680	-1	12	-7	11	0	0	0	0	-500	-141	480	0	-500
1	-141	980	3026069676	-3	15	-5	14	0	0	0	0	-500	-141	480	0	-500
1	-141	980	3026071676	-2	16	-6	15	0	0	0	0	-500	-141	480	0	-500
1	-141	980	3026073672	-1	17	-7	16	0	0	0	0	-500	-141	480	0	-500
1	-141	980	3026075672	-3	20	-9	19	0	0	0	0	-500	-141	480	0	-500
1	-141	980	3026077664	-1	18	-9	18	0	0	0	0	-500	-141	480	0	-500
1	-141	980	3026079660	-1	25	-10	20	0	0	0	0	-500	-141	480	0	-500
1	-141	980	3026081664	-2	23	-10	23	0	0	0	0	-500	-141	480	0	-500
1	-141	980	3026083668	0	25	-11	25	0	0	0	0	-500	-141	480	0	-500
1	-141	980	3026085664	0	30	-13	26	0	0	0	0	-500	-141	480	0	-500
1	-141	980	3026087660	0	29	-12	28	0	0	0	0	-500	-141	480	0	-500
1	-141	980	3026089656	1	35	-14	31	0	0	0	0	-500	-141	480	0	-500
1	-141	980	3026091652	2	33	-15	32	0	0	0	0	-500	-141	480	0	-500
1	-141	980	3026093648	4	37	-16	35	0	0	0	0	-500	-141	480	0	-500
1	-141	980	3026095644	4	45	-18	39	0	0	0	0	-500	-141	480	0	-500
1	-141	980	3026097644	6	41	-21	46	0	0	0	0	-500	-141	480	0	-500
1	-141	980	3026099640	7	51	-19	45	0	0	0	0	-500	-141	480	0	-500
1	-141	980	3026101636	9	48	-21	47	0	0	0	0	-500	-141	480	0	-500
1	-141	980	3026103644	10	51	-21	51	0	0	0	0	-500	-141	480	0	-500
1	-141	980	3026105644	15	61	-21	52	0	0	0	0	-500	-141	480	0	-500
1	-141	980	3026107648	14	56	-24	57	0	0	0	0	-500	-141	480	0	-500
1	-141	980	3026109648	20	70	-24	60	0	0	0	0	-500	-141	480	0	-500
1	-141	980	3026111652	20	64	-24	63	0	0	0	0	-500	-141	480	0	-500
1	-141	980	3026113652	22	66	-26	67	0	0	0	0	-500	-141	480	0	-500
1	-141	980	3026115656	29	82	-25	70	0	0	0	0	-500	-141	480	0	-500
1	-141	980	3026117656	28	72	-27	73	0	0	0	0	-500	-141	480	0	-500
1	-141	980	3026119652	33	89	-28	77	0	0	0	0	-500	-141	480	0	-500
1	-141	980	3026121656	33	79	-29	78	0	0	0	0	-500	-141	480	0	-500
1	-141	980	3026123660	39	95	-28	83	0	0	0	0	-500	-141	480	0	-500
1	-141	980	3026125660	36	85	-35	96	0	0	0	0	-500	-141	480	0	-500
1	-141	980	3026127660	37	87	-32	88	0	0	0	0	-500	-141	480	0	-500
1	-141	980	3026129664	45	101	-31	90	0	0	0	0	-500	-141	480	0	-500
1	-141	980	3026131656	40	92	-32	91	0	0	0	0	-500	-141	480	0	-500
1	-141	980	3026133656	48	105	-33	94	0	0	0	0	-500	-141	480	0	-500
1	-141	980	3026135652	41	95	-34	93	0	0	0	0	-500	-141	480	0	-500
1	-141	980	3026137652	43	93	-35	97	0	0	0	0	-500	-141	480	0	-500
1	-141	980	3026139652	47	110	-36	96	0	0	0	0	-500	-141	480	0	-500
1	-141	980	3026141648	41	97	-36	97	0	0	0	0	-500	-141	480	0	-500
1	-141	980	3026143648	47	110	-38	99	0	0	0	0	-500	-141	480	0	-500
1	-141	980	3026145620	38	97	-38	98	0	0	0	0	-500	-141	480	0	-500
1	-141	980	3026147652	39	98	-40	98	0	0	0	0	-500	-141	480	0	-500
1	-141	980	3026149656	41	110	-42	99	0	0	0	0	-500	-141	480	0	-500
1	-141	980	3026151660	35	97	-42	100	0	0	0	0	-500	-141	480	0	-500
1	-141	980	3026153656	38	111	-43	99	0	0	0	0	-500	-141	480	0	-500
1	-141	980	3026155652	32	97	-51	112	0	0	0	0	-500	-141	480	0	-500
1	-141	980	3026157648	30	97	-45	99	0	0	0	0	-500	-141	480	0	-500
1	-141	980	3026159648	34	110	-46	99	0	0	0	0	-500	-141	480	0	-500
1	-141	980	3026161636	28	98	-48	99	0	0	0	0	-500	-141	480	0	-500
1	-141	980	3026163636	31	110	-48	98	0	0	0	0	-500	-141	480	0	-500
1	-141	980	3026165632	26	97	-50	99	0	0	0	0	-500	-141	480	0	-500
1	-141	980	3026167632	25	96	-50	99	0	0	0	0	-500	-141	480	0	-500
1	-141	980	3026169636	28	112	-52	99	0	0	0	0	-500	-141	480	0	-500
1	-141	980	3026171628	22	97	-51	98	0	0	0	0	-500	-141	480	0	-500
1	-141	980	3026173632	26	110	-51	99	0	0	0	0	-500	-141	480	0	-500
1	-141	980	3026175628	22	98	-53	99	0	0	0	0	-500	-141	480	0	-500
1	-141	980	3026177628	22	96	-52	99	0	0	0	0	-500	-141	480	0	-500
1	-141	980	3026179628	24	111	-54	97	0	0	0	0	-500	-141	480	0	-500
1	-141	980	3026181632	20	96	-52	98	0	0	0	0	-500	-141	480	0	-500
1	-141	980	3026183632	22	109	-54	97	0	0	0	0	-500	-141	480	0	-500
1	-141	980	3026185628	20	96	-53	96	0	0	0	0	-500	-141	480	0	-500
1	-141	980	3026187628	19	95	-60	110	0	0	0	0	-500	-141	480	0	-500
1	-141	980	3026189632	21	107	-51	95	0	0	0	0	-500	-141	480	0	-500
1	-141	980	3026191628	18	93	-51	94	0	0	0	0	-500	-141	480	0	-500
1	-141	980	3026193628	20	105	-51	94	0	0	0	0	-500	-141	480	0	-500
1	-141	980	3026195624	16	90	-50	91	0	0	0	0	-500	-141	480	0	-500
1	-141	980	3026197624	18	89	-49	91	0	0	0	0	-500	-141	480	0	-500
1	-141	980	3026199628	17	101	-48	90	0	0	0	0	-500	-141	480	0	-500
1	-141	980	3026201624	16	87	-46	88	0	0	0	0	-500	-141	480	0	-500
1	-141	980	3026203616	18	97	-45	87	0	0	0	0	-500	-141	480	0	-500
1	-141	980	3026205616	15	84	-44	85	0	0	0	0	-500	-141	480	0	-500
1	-141	980	3026207616	16	94	-42	84	0	0	0	0	-500	-141	480	0	-500
1	-141	980	3026209616	14	81	-41	83	0	0	0	0	-500	-141	480	0	-500
1	-141	980	3026211616	14	79	-40	81	0	0	0	0	-500	-141	480	0	-500
1	-141	980	3026213616	15	88	-39	79	0	0	0	0	-500	-141	480	0	-500
1	-141	980	3026215620	12	75	-36	77	0	0	0	0	-500	-141	480	0	-500
1	-141	980	3026217620	14	85	-42	88	0	0	0	0	-500	-141	480	0	-500
1	-141	980	3026219620	12	72	-33	73	0	0	0	0	-500	-141	480	0	-500
1	-141	980	3026221620	12	71	-33	73	0	0	0	0	-500	-141	480	0	-500
1	-141	980	3026223624	12	79	-31	71	0	0	0	0	-500	-141	480	0	-500
1	-141	980	3026225624	11	66	-30	69	0	0	0	0	-500	-141	480	0	-500
1	-141	980	3026227628	12	76	-29	67	0	0	0	0	-500	-141	480	0	-500
1	-141	980	3026229628	10	64	-27	67	0	0	0	0	-500	-141	480	0	-500
1	-141	980	3026231628	10	62	-27	63	0	0	0	0	-500	-141	480	0	-500
1	-141	980	3026233628	10	70	-26	63	0	0	0	0	-500	-141	480	0	-500
1	-141	980	3026235628	8	59	-24	61	0	0	0	0	-500	-141	480	0	-500
1	-141	980	3026237624	9	66	-23	60	0	0	0	0	-500	-141	480	0	-500
1	-141	980	3026239624	8	58	-23	59	0	0	0	0	-500	-141	480	0	-500
1	-141	980	3026241620	7	55	-22	56	0	0	0	0	-500	-141	480	0	-500
1	-141	980	3026243616	9	61	-22	55	0	0	0	0	-500	-141	480	0	-500
1	-141	980	3026245608	6	53	-20	55	0	0	0	0	-500	-141	480	0	-500
1	-141	980	3026247604	6	58	-23	60	0	0	0	0	-500	-141	480	0	-500
1	-141	980	3026249600	7	50	-19	51	0	0	0	0	-500	-141	480	0	-500
1	-141	980	3026251596	5	49	-19	50	0	0	0	0	-500	-141	480	0	-500
1	-141	980	3026253592	6	54	-19	49	0	0	0	0	-500	-141	480	0	-500
1	-141	980	3026255588	5	46	-16	48	0	0	0	0	-500	-141	480	0	-500
1	-141	980	3026257584	5	51	-17	46	0	0	0	0	-500	-141	480	0	-500
1	-141	980	3026259580	4	44	-17	45	0	0	0	0	-500	-141	480	0	-500
1	-141	980	3026261576	5	43	-16	44	0	0	0	0	-500	-141	480	0	-500
1	-141	980	3026263576	3	46	-15	42	0	0	0	0	-500	-141	480	0	-500
1	-141	980	3026265572	4	40	-14	41	0	0	0	0	-500	-141	480	0	-500
1	-141	980	3026267568	5	45	-13	40	0	0	0	0	-500	-141	480	0	-500
1	-141	980	3026269564	3	37	-14	39	0	0	0	0	-500	-141	480	0	-500
1	-141	980	3026271572	3	37	-13	38	0	0	0	0	-500	-141	480	0	-500
1	-141	980	3026273568	4	40	-12	37	0	0	0	0	-500	-141	480	0	-500
1	-141	980	3026275568	4	35	-11	35	0	0	0	0	-500	-141	480	0	-500
1	-141	980	3026277564	4	36	-10	34	0	0	0	0	-500	-141	480	0	-500
1	-141	980	3026279560	2	32	-10	32	0	0	0	0	-500	-141	480	0	-500
1	-141	980	3026281556	4	30	-10	37	0	0	0	0	-500	-141	480	0	-500
1	-141	980	3026283556	4	34	-9	30	0	0	0	0	-500	-141	480	0	-500
1	-141	980	3026285552	3	29	-8	28	0	0	0	0	-500	-141	480	0	-500
1	-141	980	3026287556	4	31	-7	28	0	0	0	0	-500	-141	480	0	-500
1	-141	980	3026289548	4	26	-6	27	0	0	0	0	-500	-141	480	0	-500
1	-141	980	3026291552	4	25	-7	25	0	0	0	0	-500	-141	480	0	-500
1	-141	980	3026293556	3	28	-5	25	0	0	0	0	-500	-141	480	0	-500
1	-141	980	3026295560	4	22	-5	24	0	0	0	0	-500	-141	480	0	-500
1	-141	980	3026297536	5	25	-5	23	0	0	0	0	-500	-141	480	0	-500
1	-141	980	3026299564	4	22	-3	22	0	0	0	0	-500	-141	480	0	-500
1	-141	980	3026301540	4	21	-4	21	0	0	0	0	-500	-141	480	0	-500
1	-141	980	3026303540	3	21	-3	20	0	0	0	0	-500	-141	480	0	-500
1	-141	980	3026305568	4	19	-2	19	0	0	0	0	-500	-141	480	0	-500
1	-141	980	3026307568	4	21	-3	19	0	0	0	0	-500	-141	480	0	-500
1	-141	980	3026309572	4	16	-1	20	0	0	0	0	-500	-141	480	0	-500
1	-141	980	3026311576	3	19	-1	17	0	0	0	0	-500	-141	480	0	-500
1	-141	980	3026313580	4	16	-1	17	0	0	0	0	-500	-141	480	0	-500
1	-141	980	3026315580	4	15	-2	15	0	0	0	0	-500	-141	480	0	-500
1	-141	980	3026317584	4	15	-1	15	0	0	0	0	-500	-141	480	0	-500
1	-141	980	3026319580	3	14	0	13	0	0	0	0	-500	-141	480	0	-500
1	-141	980	3026321576	3	15	0	14	0	0	0	0	-500	-141	480	0	-500
1	-141	980	3026323576	4	13	0	13	0	0	0	0	-500	-141	480	0	-500
1	-141	980	3026325572	2	11	0	12	0	0	0	0	-500	-141	480	0	-500
1	-141	980	3026327572	4	12	0	13	0	0	0	0	-500	-141	480	0	-500
1	-141	980	3026329564	2	12	0	11	0	0	0	0	-500	-141	480	0	-500
1	-141	980	3026331560	3	11	0	10	0	0	0	0	-500	-141	480	0	-500
1	-141	980	3026333556	4	10	0	10	0	0	0	0	-500	-141	480	0	-500
1	-141	980	3026335556	2	9	1	10	0	0	0	0	-500	-141	480	0	-500
1	-141	980	3026337560	3	10	0	10	0	0	0	0	-500	-141	480	0	-500
1	-141	980	3026339556	3	8	1	10	0	0	0	0	-500	-141	480	0	-500
1	-141	980	3026341560	3	10	1	9	0	0	0	0	-500	-141	480	0	-500
1	-141	980	3026343560	4	8	0	8	0	0	0	0	-500	-141	480	0	-500
1	-141	980	3026345560	2	7	1	8	0	0	0	0	-500	-141	480	0	-500
1	-141	980	3026347560	4	8	2	7	0	0	0	0	-500	-141	480	0	-500
1	-141	980	3026349560	4	7	0	8	0	0	0	0	-500	-141	480	0	-500
1	-141	980	3026351560	3	8	1	6	0	0	0	0	-500	-141	480	0	-500
1	-141	980	3026353556	4	6	1	8	0	0	0	0	-500	-141	480	0	-500
1	-141	980	3026355556	4	6	0	6	0	0	0	0	-500	-141	480	0	-500
1	-141	980	3026357564	5	8	1	6	0	0	0	0	-500	-141	480	0	-500
1	-141	980	3026359564	5	6	2	6	0	0	0	0	-500	-141	480	0	-500
1	-141	980	3026361564	6	6	1	7	0	0	0	0	-500	-141	480	0	-500
1	-141	980	3026363564	5	7	1	6	0	0	0	0	-500	-141	480	0	-500
1	-141	980	3026365564	8	7	1	6	0	0	0	0	-500	-141	480	0	-500
1	-141	980	3026367560	6	6	3	8	0	0	0	0	-500	-141	480	0	-500
1	-141	980	3026369560	7	5	1	6	0	0	0	0	-500	-141	480	0	-500
1	-141	980	3026371556	9	8	3	6	0	0	0	0	-500	-141	480	0	-500
1	-141	980	3026373552	8	6	2	6	0	0	0	0	-500	-141	480	0	-500
1	-141	980	3026375552	10	8	3	7	0	0	0	0	-500	-141	480	0	-500
1	-141	980	3026377544	10	6	2	6	0	0	0	0	-500	-141	480	0	-500
1	-141	980	3026379548	8	6	3	6	0	0	0	0	-500	-141	480	0	-500
1	-141	980	3026381548	12	8	3	8	0	0	0	0	-500	-141	480	0	-500
1	-141	980	3026383552	11	6	3	6	0	0	0	0	-500	-141	480	0	-500
1	-141	980	3026385556	11	6	4	6	0	0	0	0	-500	-141	480	0	-500
1	-141	980	3026387560	11	6	3	6	0	0	0	0	-500	-141	480	0	-500
1	-141	980	3026389564	10	7	4	7	0	0	0	0	-500	-141	480	0	-500
1	-141	980	3026391564	14	6	4	6	0	0	0	0	-500	-141	480	0	-500
1	-141	980	3026393572	10	6	5	5	0	0	0	0	-500	-141	480	0	-500
1	-141	980	3026395564	13	6	5	7	0	0	0	0	-500	-141	480	0	-500
1	-141	980	3026397568	11	5	4	5	0	0	0	0	-500	-141	480	0	-500
1	-141	980	3026399572	12	7	5	5	0	0	0	0	-500	-141	480	0	-500
1	-141	980	3026401576	10	3	5	5	0	0	0	0	-500	-141	480	0	-500
1	-141	980	3026403580	12	5	3	5	0	0	0	0	-500	-141	480	0	-500
1	-141	980	3026405584	11	5	5	5	0	0	0	0	-500	-141	480	0	-500
1	-141	980	3026407588	10	4	5	4	0	0	0	0	-500	-141	480	0	-500
1	-141	980	3026409588	11	4	5	4	0	0	0	0	-500	-141	480	0	-500
1	-141	980	3026411592	10	4	5	4	0	0	0	0	-500	-141	480	0	-500
1	-141	980	3026413596	10	2	5	3	0	0	0	0	-500	-141	480	0	-500
1	-141	980	3026415596	10	4	5	4	0	0	0	0	-500	-141	480	0	-500
1	-141	980	3026417600	10	2	4	3	0	0	0	0	-500	-141	480	0	-500
1	-141	980	3026419600	11	4	5	3	0	0	0	0	-500	-141	480	0	-500
1	-141	980	3026421604	10	3	6	3	0	0	0	0	-500	-141	480	0	-500
1	-141	980	3026423608	12	3	5	4	0	0	0	0	-500	-141	480	0	-500
1	-141	980	3026425600	8	3	7	2	0	0	0	0	-500	-141	480	0	-500
1	-141	980	3026427600	10	2	5	4	0	0	0	0	-500	-141	480	0	-500
1	-141	980	3026429592	13	4	5	2	0	0	0	0	-500	-141	480	0	-500
1	-141	980	3026431596	10	3	6	4	0	0	0	0	-500	-141	480	0	-500
1	-141	980	3026433600	12	3	6	3	0	0	0	0	-500	-141	480	0	-500
1	-141	980	3026435604	10	3	5	3	0	0	0	0	-500	-141	480	0	-500
1	-141	980	3026437608	12	2	6	3	0	0	0	0	-500	-141	480	0	-500
1	-141	980	3026439608	12	4	7	4	0	0	0	0	-500	-141	480	0	-500
1	-141	980	3026441612	13	4	6	2	0	0	0	0	-500	-141	480	0	-500
1	-141	980	3026443616	12	2	6	4	0	0	0	0	-500	-141	480	0	-500
1	-141	980	3026445616	13	4	6	4	0	0	0	0	-500	-141	480	0	-500
1	-141	980	3026447620	11	4	8	3	0	0	0	0	-500	-141	480	0	-500
1	-141	980	3026449620	15	4	7	4	0	0	0	0	-500	-141	480	0	-500
1	-141	980	3026451624	12	3	7	4	0	0	0	0	-500	-141	480	0	-500
1	-141	980	3026453628	15	4	6	4	0	0	0	0	-500	-141	480	0	-500
1	-141	980	3026455632	14	4	7	3	0	0	0	0	-500	-141	480	0	-500
1	-141	980	3026457632	16	5	8	4	0	0	0	0	-500	-141	480	0	-500
1	-141	980	3026459628	14	4	7	5	0	0	0	0	-500	-141	480	0	-500
1	-141	980	3026461628	15	5	8	4	0	0	0	0	-500	-141	480	0	-500
1	-141	980	3026463632	18	5	7	5	0	0	0	0	-500	-141	480	0	-500
1	-141	980	3026465636	15	3	8	5	0	0	0	0	-500	-141	480	0	-500
1	-141	980	3026467636	17	7	9	5	0	0	0	0	-500	-141	480	0	-500
1	-141	980	3026469636	16	5	8	5	0	0	0	0	-500	-141	480	0	-500
1	-141	980	3026471640	18	5	9	5	0	0	0	0	-500	-141	480	0	-500
1	-141	980	3026473644	19	6	10	6	0	0	0	0	-500	-141	480	0	-500
1	-141	980	3026475640	17	6	10	6	0	0	0	0	-500	-141	480	0	-500
1	-141	980	3026477636	21	6	10	7	0	0	0	0	-500	-141	480	0	-500
1	-141	980	3026479632	19	7	10	6	0	0	0	0	-500	-141	480	0	-500
1	-141	980	3026481632	19	6	11	6	0	0	0	0	-500	-141	480	0	-500
1	-141	980	3026483628	22	7	13	8	0	0	0	0	-500	-141	480	0	-500
1	-141	980	3026485620	20	8	12	7	0	0	0	0	-500	-141	480	0	-500
1	-141	980	3026487628	25	7	13	8	0	0	0	0	-500	-141	480	0	-500
1	-141	980	3026489624	22	8	12	7	0	0	0	0	-500	-141	480	0	-500
1	-141	980	3026491620	22	7	14	9	0	0	0	0	-500	-141	480	0	-500
1	-141	980	3026493616	26	9	15	7	0	0	0	0	-500	-141	480	0	-500
1	-141	980	3026495608	24	9	15	9	0	0	0	0	-500	-141	480	0	-500
1	-141	980	3026497608	28	9	15	9	0	0	0	0	-500	-141	480	0	-500
1	-141	980	3026499612	25	8	16	9	0	0	0	0	-500	-141	480	0	-500
1	-141	980	3026501600	26	8	15	8	0	0	0	0	-500	-141	480	0	-500
1	-141	980	3026503596	29	10	18	9	0	0	0	0	-500	-141	480	0	-500
1	-141	980	3026505600	26	9	16	10	0	0	0	0	-500	-141	480	0	-500
1	-141	980	3026507600	30	10	19	10	0	0	0	0	-500	-141	480	0	-500
1	-141	980	3026509592	27	8	17	10	0	0	0	0	-500	-141	480	0	-500
1	-141	980	3026511592	27	9	17	9	0	0	0	0	-500	-141	480	0	-500
1	-141	980	3026513592	30	10	16	10	0	0	0	0	-500	-141	480	0	-500
1	-141	980	3026515588	25	9	16	9	0	0	0	0	-500	-141	480	0	-500
1	-141	980	3026517584	30	10	16	10	0	0	0	0	-500	-141	480	0	-500
1	-141	980	3026519580	25	10	15	10	0	0	0	0	-500	-141	480	0	-500
1	-141	980	3026521576	23	9	15	8	0	0	0	0	-500	-141	480	0	-500
1	-141	980	3026523572	28	10	15	10	0	0	0	0	-500	-141	480	0	-500
1	-141	980	3026525576	22	8	15	9	0	0	0	0	-500	-141	480	0	-500
1	-141	980	3026527576	25	10	14	10	0	0	0	0	-500	-141	480	0	-500
1	-141	980	3026529580	22	10	13	9	0	0	0	0	-500	-141	480	0	-500
1	-141	980	3026531584	20	9	12	10	0	0	0	0	-500	-141	480	0	-500
1	-141	980	3026533584	22	11	11	10	0	0	0	0	-500	-141	480	0	-500
1	-141	980	3026535580	20	9	13	10	0	0	0	0	-500	-141	480	0	-500
1	-141	980	3026537580	20	11	10	9	0	0	0	0	-500	-141	480	0	-500
1	-141	980	3026539584	18	10	12	12	0	0	0	0	-500	-141	480	0	-500
1	-141	980	3026541580	17	10	10	10	0	0	0	0	-500	-141	480	0	-500
1	-141	980	3026543580	20	12	9	10	0	0	0	0	-500	-141	480	0	-500
1	-141	980	3026545580	16	10	10	10	0	0	0	0	-500	-141	480	0	-500
1	-141	980	3026547588	18	12	9	11	0	0	0	0	-500	-141	480	0	-500
1	-141	980	3026549588	16	10	9	12	0	0	0	0	-500	-141	480	0	-500
1	-141	980	3026551588	18	13	7	11	0	0	0	0	-500	-141	480	0	-500
1	-141	980	3026553592	15	11	9	12	0	0	0	0	-500	-141	480	0	-500
1	-141	980	3026555596	16	12	9	12	0	0	0	0	-500	-141	480	0	-500
1	-141	980	3026557596	16	14	8	12	0	0	0	0	-500	-141	480	0	-500
1	-141	980	3026559600	16	13	9	13	0	0	0	0	-500	-141	480	0	-500
1	-141	980	3026561600	17	13	9	13	0	0	0	0	-500	-141	480	0	-500
1	-141	980	3026563600	15	14	9	13	0	0	0	0	-500	-141	480	0	-500
1	-141	980	3026565600	16	13	10	16	0	0	0	0	-500	-141	480	0	-500
1	-141	980	3026567604	16	16	8	14	0	0	0	0	-500	-141	480	0	-500
1	-141	980	3026569608	15	14	9	15	0	0	0	0	-500	-141	480	0	-500
1	-141	980	3026571608	18	16	10	15	0	0	0	0	-500	-141	480	0	-500
1	-141	980	3026573612	15	15	9	15	0	0	0	0	-500	-141	480	0	-500
1	-141	980	3026575612	17	17	10	15	0	0	0	0	-500	-141	480	0	-500
1	-141	980	3026577608	15	15	9	16	0	0	0	0	-500	-141	480	0	-500
1	-141	980	3026579608	15	15	10	16	0	0	0	0	-500	-141	480	0	-500
1	-141	980	3026581612	16	19	10	17	0	0	0	0	-500	-141	480	0	-500
1	-141	980	3026583608	15	16	10	16	0	0	0	0	-500	-141	480	0	-500
1	-141	980	3026585612	18	19	10	17	0	0	0	0	-500	-141	480	0	-500
1	-141	980	3026587608	15	16	11	17	0	0	0	0	-500	-141	480	0	-500
1	-141	980	3026589604	15	18	10	17	0	0	0	0	-500	-141	480	0	-500
1	-141	980	3026591608	17	19	10	19	0	0	0	0	-500	-141	480	0	-500
1	-141	980	3026593604	15	17	12	20	0	0	0	0	-500	-141	480	0	-500
1	-141	980	3026595608	18	21	10	19	0	0	0	0	-500	-141	480	0	-500
1	-141	980	3026597616	15	18	12	17	0	0	0	0	-500	-141	480	0	-500
1	-141	980	3026599608	15	17	10	19	0	0	0	0	-500	-141	480	0	-500
1	-141	980	3026601604	16	22	11	20	0	0	0	0	-500	-141	480	0	-500
1	-141	980	3026603608	15	18	10	19	0	0	0	0	-500	-141	480	0	-500
1	-141	980	3026605612	18	22	11	20	0	0	0	0	-500	-141	480	0	-500
1	-141	980	3026607608	13	18	11	18	0	0	0	0	-500	-141	480	0	-500
1	-141	980	3026609616	15	19	10	20	0	0	0	0	-500	-141	480	0	-500
1	-141	980	3026611608	17	21	12	19	0	0	0	0	-500	-141	480	0	-500
1	-141	980	3026613616	13	20	10	20	0	0	0	0	-500	-141	480	0	-500
1	-141	980	3026615620	17	22	10	20	0	0	0	0	-500	-141	480	0	-500
1	-141	980	3026617616	13	20	11	20	0	0	0	0	-500	-141	480	0	-500
1	-141	980	3026619620	17	21	10	20	0	0	0	0	-500	-141	480	0	-500
1	-141	980	3026621616	12	20	11	24	0	0	0	0	-500	-141	480	0	-500
1	-141	980	3026623620	14	19	9	20	0	0	0	0	-500	-141	480	0	-500
1	-141	980	3026625620	14	22	10	20	0	0	0	0	-500	-141	480	0	-500
1	-141	980	3026627628	12	19	9	20	0	0	0	0	-500	-141	480	0	-500
1	-141	980	3026629620	14	21	8	20	0	0	0	0	-500	-141	480	0	-500
1	-141	980	3026631620	12	20	9	20	0	0	0	0	-500	-141	480	0	-500
1	-141	980	3026633624	12	19	9	19	0	0	0	0	-500	-141	480	0	-500
1	-141	980	3026635624	12	21	7	20	0	0	0	0	-500	-141	480	0	-500
1	-141	980	3026637624	10	19	8	20	0	0	0	0	-500	-141	480	0	-500
1	-141	980	3026639624	13	20	7	18	0	0	0	0	-500	-141	480	0	-500
1	-141	980	3026641624	8	19	8	19	0	0	0	0	-500	-141	480	0	-500
1	-141	980	3026643620	10	17	6	19	0	0	0	0	-500	-141	480	0	-500
1	-141	980	3026645620	9	20	6	19	0	0	0	0	-500	-141	480	0	-500
1	-141	980	3026647616	9	18	5	18	0	0	0	0	-500	-141	480	0	-500
1	-141	980	3026649612	9	20	5	18	0	0	0	0	-500	-141	480	0	-500
1	-141	980	3026651608	7	17	5	20	0	0	0	0	-500	-141	480	0	-500
1	-141	980	3026653604	6	16	5	17	0	0	0	0	-500	-141	480	0	-500
1	-141	980	3026655600	8	19	4	18	0	0	0	0	-500	-141	480	0	-500
1	-141	980	3026657608	6	15	4	16	0	0	0	0	-500	-141	480	0	-500
1	-141	980	3026659604	6	19	4	16	0	0	0	0	-500	-141	480	0	-500
1	-141	980	3026661600	5	15	2	17	0	0	0	0	-500	-141	480	0	-500
1	-141	980	3026663596	4	15	4	15	0	0	0	0	-500	-141	480	0	-500
1	-141	980	3026665596	5	16	2	15	0	0	0	0	-500	-141	480	0	-500
1	-141	980	3026667592	4	14	3	13	0	0	0	0	-500	-141	480	0	-500
1	-141	980	3026669592	5	15	2	14	0	0	0	0	-500	-141	480	0	-500
1	-141	980	3026671580	2	12	2	14	0	0	0	0	-500	-141	480	0	-500
1	-141	980	3026673580	4	13	2	12	0	0	0	0	-500	-141	480	0	-500
1	-141	980	3026675580	4	14	3	13	0	0	0	0	-500	-141	480	0	-500
1	-141	980	3026677576	2	11	1	12	0	0	0	0	-500	-141	480	0	-500
1	-141	980	3026679576	3	14	2	12	0	0	0	0	-500	-141	480	0	-500
1	-141	980	3026681572	4	10	2	11	0	0	0	0	-500	-141	480	0	-500
1	-141	980	3026683572	2	10	2	11	0	0	0	0	-500	-141	480	0	-500
1	-141	980	3026685568	3	11	1	10	0	0	0	0	-500	-141	480	0	-500
1	-141	980	3026687568	2	9	3	10	0	0	0	0	-500	-141	480	0	-500
1	-141	980	3026689572	3	10	1	9	0	0	0	0	-500	-141	480	0	-500
1	-141	980	3026691572	2	7	3	9	0	0	0	0	-500	-141	480	0	-500
1	-141	980	3026693572	1	9	1	7	0	0	0	0	-500	-141	480	0	-500
1	-141	980	3026695568	3	7	1	9	0	0	0	0	-500	-141	480	0	-500
1	-141	980	3026697568	2	8	3	6	0	0	0	0	-500	-141	480	0	-500
1	-141	980	3026699580	2	6	1	8	0	0	0	0	-500	-141	480	0	-500
1	-141	980	3026701580	2	6	1	6	0	0	0	0	-500	-141	480	0	-500
1	-141	980	3026703576	1	7	1	6	0	0	0	0	-500	-141	480	0	-500
1	-141	980	3026705576	2	6	3	5	0	0	0	0	-500	-141	480	0	-500
1	-141	980	3026707576	1	4	1	5	0	0	0	0	-500	-141	480	0	-500
1	-141	980	3026709576	1	5	1	5	0	0	0	0	-500	-141	480	0	-500
1	-141	980	3026711576	1	5	0	4	0	0	0	0	-500	-141	480	0	-500
1	-141	980	3026713568	2	3	2	5	0	0	0	0	-500	-141	480	0	-500
1	-141	980	3026715568	0	4	1	4	0	0	0	0	-500	-141	480	0	-500
1	-141	980	3026717568	1	3	1	3	0	0	0	0	-500	-141	480	0	-500
1	-141	980	3026719544	0	3	0	3	0	0	0	0	-500	-141	480	0	-500
1	-141	980	3026721540	0	2	0	2	0	0	0	0	-500	-141	480	0	-500
1	-141	980	3026723564	0	2	1	3	0	0	0	0	-500	-141	480	0	-500
1	-141	980	3026725536	0	3	0	1	0	0	0	0	-500	-141	480	0	-500
1	-141	980	3026727532	0	1	0	1	0	0	0	0	-500	-141	480	0	-500
1	-141	980	3026729556	0	1	2	2	0	0	0	0	-500	-141	480	0	-500
1	-141	980	3026731532	0	1	0	1	0	0	0	0	-500	-141	480	0	-500
1	-141	980	3026733528	0	2	0	1	0	0	0	0	-500	-141	480	0	-500
1	-141	980	3026737524	0	1	0	1	0	0	0	0	-500	-141	480	0	-500
1	-141	980	3026741524	0	0	0	2	0	0	0	0	-500	-141	480	0	-500
1	-141	980	3026753556	-2	1	0	0	0	0	0	0	-500	-141	480	0	-500
1	-141	980	3026763524	-1	0	0	0	0	0	0	0	-500	-141	480	0	-500
1	-141	980	3026793548	0	0	1	0	0	0	0	0	-500	-141	480	0	-500
1	-141	980	3026797540	2	0	0	0	0	0	0	0	-500	-141	480	0	-500
1	-141	980	3026801540	1	0	0	0	0	0	0	0	-500	-141	480	0	-500
1	-141	980	3026803536	1	0	1	0	0	0	0	0	-500	-141	480	0	-500
1	-141	980	3026805544	0	-1	0	0	0	0	0	0	-500	-141	480	0	-500
1	-141	980	3026807548	1	0	0	0	0	0	0	0	-500	-141	480	0	-500
1	-141	980	3026809568	2	0	1	-1	0	0	0	0	-500	-141	480	0	-500
1	-141	980	3026811540	2	0	0	0	0	0	0	0	-500	-141	480	0	-500
1	-141	980	3026813536	3	0	2	0	0	0	0	0	-500	-141	480	0	-500
1	-141	980	3026815556	1	-2	1	0	0	0	0	0	-500	-141	480	0	-500
1	-141	980	3026817528	4	0	2	0	0	0	0	0	-500	-141	480	0	-500
1	-141	980	3026819560	2	0	2	-1	0	0	0	0	-500	-141	480	0	-500
1	-141	980	3026821556	4	-1	2	0	0	0	0	0	-500	-141	480	0	-500
1	-141	980	3026823552	4	0	3	-1	0	0	0	0	-500	-141	480	0	-500
1	-141	980	3026825556	3	-1	2	0	0	0	0	0	-500	-141	480	0	-500
1	-141	980	3026827552	7	0	4	-2	0	0	0	0	-500	-141	480	0	-500
1	-141	980	3026829560	3	-1	2	0	0	0	0	0	-500	-141	480	0	-500
1	-141	980	3026831552	7	-2	5	-1	0	0	0	0	-500	-141	480	0	-500
1	-141	980	3026833528	5	0	4	0	0	0	0	0	-500	-141	480	0	-500
1	-141	980	3026835548	6	-1	5	-1	0	0	0	0	-500	-141	480	0	-500
1	-141	980	3026837552	7	-1	5	-1	0	0	0	0	-500	-141	480	0	-500
1	-141	980	3026839548	7	-1	5	0	0	0	0	0	-500	-141	480	0	-500
1	-141	980	3026841540	7	-2	6	-2	0	0	0	0	-500	-141	480	0	-500
1	-141	980	3026843544	8	0	7	-1	0	0	0	0	-500	-141	480	0	-500
1	-141	980	3026845540	7	-1	6	-1	0	0	0	0	-500	-141	480	0	-500
1	-141	980	3026847540	9	-1	6	-1	0	0	0	0	-500	-141	480	0	-500
1	-141	980	3026849540	7	-1	8	-2	0	0	0	0	-500	-141	480	0	-500
1	-141	980	3026851540	10	-2	7	-1	0	0	0	0	-500	-141	480	0	-500
1	-141	980	3026853548	8	-1	8	-1	0	0	0	0	-500	-141	480	0	-500
1	-141	980	3026855548	9	-1	7	-1	0	0	0	0	-500	-141	480	0	-500
1	-141	980	3026857548	10	-1	9	-2	0	0	0	0	-500	-141	480	0	-500
1	-141	980	3026859556	8	-2	7	-1	0	0	0	0	-500	-141	480	0	-500
1	-141	980	3026861556	10	-1	10	-1	0	0	0	0	-500	-141	480	0	-500
1	-141	980	3026863556	10	-2	9	-1	0	0	0	0	-500	-141	480	0	-500
1	-141	980	3026865564	10	-2	9	-2	0	0	0	0	-500	-141	480	0	-500
1	-141	980	3026867556	10	-1	9	-1	0	0	0	0	-500	-141	480	0	-500
1	-141	980	3026869564	10	-1	10	-1	0	0	0	0	-500	-141	480	0	-500
1	-141	980	3026871560	12	-1	8	-3	0	0	0	0	-500	-141	480	0	-500
1	-141	980	3026873556	10	-3	9	-1	0	0	0	0	-500	-141	480	0	-500
1	-141	980	3026875552	11	-1	10	-1	0	0	0	0	-500	-141	480	0	-500
1	-141	980	3026877552	9	-1	9	-1	0	0	0	0	-500	-141	480	0	-500
1	-141	980	3026879552	10	-2	10	-2	0	0	0	0	-500	-141	480	0	-500
1	-141	980	3026881552	11	-1	9	-1	0	0	0	0	-500	-141	480	0	-500
1	-141	980	3026883540	10	-2	10	-1	0	0	0	0	-500	-141	480	0	-500
1	-141	980	3026885540	11	-2	8	-1	0	0	0	0	-500	-141	480	0	-500
1	-141	980	3026887536	9	-1	9	-2	0	0	0	0	-500	-141	480	0	-500
1	-141	980	3026889536	10	-1	9	-1	0	0	0	0	-500	-141	480	0	-500
1	-141	980	3026891532	10	-1	9	-1	0	0	0	0	-500	-141	480	0	-500
1	-141	980	3026893524	9	-2	10	-1	0	0	0	0	-500	-141	480	0	-500
1	-141	980	3026895532	10	-1	7	-2	0	0	0	0	-500	-141	480	0	-500
1	-141	980	3026897536	8	0	9	-1	0	0	0	0	-500	-141	480	0	-500
1	-141	980	3026899532	9	-1	7	-1	0	0	0	0	-500	-141	480	0	-500
1	-141	980	3026901532	10	-1	9	-1	0	0	0	0	-500	-141	480	0	-500
1	-141	980	3026903524	8	-2	8	0	0	0	0	0	-500	-141	480	0	-500
1	-141	980	3026905532	10	-1	7	-2	0	0	0	0	-500	-141	480	0	-500
1	-141	980	3026907528	7	-1	8	-1	0	0	0	0	-500	-141	480	0	-500
1	-141	980	3026909528	8	0	6	-1	0	0	0	0	-500	-141	480	0	-500
1	-141	980	3026911524	7	-1	7	0	0	0	0	0	-500	-141	480	0	-500
1	-141	980	3026913520	8	-2	7	-1	0	0	0	0	-500	-141	480	0	-500
1	-141	980	3026915520	7	-1	7	-2	0	0	0	0	-500	-141	480	0	-500
1	-141	980	3026917496	6	0	6	0	0	0	0	0	-500	-141	480	0	-500
1	-141	980	3026919520	7	-1	7	-1	0	0	0	0	-500	-141	480	0	-500
1	-141	980	3026921520	6	-1	6	-1	0	0	0	0	-500	-141	480	0	-500
1	-141	980	3026923488	5	0	6	0	0	0	0	0	-500	-141	480	0	-500
1	-141	980	3026925512	6	-2	5	-1	0	0	0	0	-500	-141	480	0	-500
1	-141	980	3026927516	5	-1	6	-2	0	0	0	0	-500	-141	480	0	-500
1	-141	980	3026929492	4	0	5	0	0	0	0	0	-500	-141	480	0	-500
1	-141	980	3026931512	5	-1	4	-1	0	0	0	0	-500	-141	480	0	-500
1	-141	980	3026933488	4	0	5	0	0	0	0	0	-500	-141	480	0	-500
1	-141	980	3026935512	3	-1	4	0	0	0	0	0	-500	-141	480	0	-500
1	-141	980	3026937512	3	0	4	-1	0	0	0	0	-500	-141	480	0	-500
1	-141	980	3026939508	2	-2	2	0	0	0	0	0	-500	-141	480	0	-500
1	-141	980	3026941504	3	0	4	-1	0	0	0	0	-500	-141	480	0	-500
1	-141	980	3026943500	2	-1	2	0	0	0	0	0	-500	-141	480	0	-500
1	-141	980	3026945500	2	0	3	-2	0	0	0	0	-500	-141	480	0	-500
1	-141	980	3026947480	1	0	1	0	0	0	0	0	-500	-141	480	0	-500
1	-141	980	3026949472	1	0	3	0	0	0	0	0	-500	-141	480	0	-500
1	-141	980	3026951504	1	-1	1	0	0	0	0	0	-500	-141	480	0	-500
1	-141	980	3026953512	2	0	1	-1	0	0	0	0	-500	-141	480	0	-500
1	-141	980	3026955480	0	0	1	0	0	0	0	0	-500	-141	480	0	-500
1	-141	980	3026957476	1	0	0	0	0	0	0	0	-500	-141	480	0	-500
1	-141	980	3026959472	0	0	2	0	0	0	0	0	-500	-141	480	0	-500
1	-141	980	3026965464	1	0	0	0	0	0	0	0	-500	-141	480	0	-500
1	-141	980	3026967460	0	0	1	0	0	0	0	0	-500	-141	480	0	-500
1	-141	980	3027001480	0	-1	0	0	0	0	0	0	-500	-141	480	0	-500
1	-141	980	3027021488	-1	0	-1	0	0	0	0	0	-500	-141	480	0	-500
1	-141	980	3027041500	0	0	0	-1	0	0	0	0	-500	-141	480	0	-500
1	-141	980	3027061512	0	0	-1	0	0	0	0	0	-500	-141	480	0	-500
1	-141	980	3027315616	1	0	0	0	0	0	0	0	-500	-141	480	0	-500
1	-141	980	3027359636	1	0	0	0	0	0	0	0	-500	-141	480	0	-500
1	-141	980	3027451696	2	0	0	0	0	0	0	0	-500	-141	480	0	-500
1	-141	980	3027899708	1	0	0	0	0	0	0	0	-500	-141	480	0	-500
1	-141	980	3027903716	1	0	0	0	0	0	0	0	-500	-141	480	0	-500
1	-141	980	3027905716	1	0	0	0	0	0	0	0	-500	-141	480	0	-500
1	-141	980	3027907716	2	0	0	0	0	0	0	0	-500	-141	480	0	-500
1	-141	980	3027909716	1	0	0	0	0	0	0	0	-500	-141	480	0	-500
1	-141	980	3027913716	1	0	0	0	0	0	0	0	-500	-141	480	0	-500
1	-141	980	3027915744	1	1	0	0	0	0	0	0	-500	-141	480	0	-500
1	-141	980	3027919740	2	0	0	0	0	0	0	0	-500	-141	480	0	-500
1	-141	980	3027923736	1	0	0	0	0	0	0	0	-500	-141	480	0	-500
1	-141	980	3027929776	1	1	0	0	0	0	0	0	-500	-141	480	0	-500
1	-141	980	3027933808	1	2	0	0	0	0	0	0	-500	-141	480	0	-500
1	-141	980	3027935784	2	0	0	0	0	0	0	0	-500	-141	480	0	-500
1	-141	980	3027939828	1	1	0	0	0	0	0	0	-500	-141	480	0	-500
1	-141	980	3027941808	1	0	0	0	0	0	0	0	-500	-141	480	0	-500
1	-141	980	3027943808	0	1	0	0	0	0	0	0	-500	-141	480	0	-500
1	-141	980	3027945808	1	0	0	0	0	0	0	0	-500	-141	480	0	-500
1	-141	980	3027947812	0	1	0	0	0	0	0	0	-500	-141	480	0	-500
1	-141	980	3027949812	2	0	0	0	0	0	0	0	-500	-141	480	0	-500
1	-141	980	3027953816	0	2	0	0	0	0	0	0	-500	-141	480	0	-500
1	-141	980	3027955820	1	0	0	0	0	0	0	0	-500	-141	480	0	-500
1	-141	980	3027987692	0	1	1	0	0	0	0	0	-500	-141	480	0	-500
1	-141	980	3028013676	0	1	0	0	0	0	0	0	-500	-141	480	0	-500
1	-141	980	3028021688	0	1	0	0	0	0	0	0	-500	-141	480	0	-500
1	-141	980	3028023684	0	0	0	2	0	0	0	0	-500	-141	480	0	-500
1	-141	980	3028029680	0	2	0	0	0	0	0	0	-500	-141	480	0	-500
1	-141	980	3028033704	0	0	-1	1	0	0	0	0	-500	-141	480	0	-500
1	-141	980	3028035672	0	1	0	0	0	0	0	0	-500	-141	480	0	-500
1	-141	980	3028037668	0	0	0	1	0	0	0	0	-500	-141	480	0	-500
1	-141	980	3028039692	1	1	0	0	0	0	0	0	-500	-141	480	0	-500
1	-141	980	3028041656	0	1	0	1	0	0	0	0	-500	-141	480	0	-500
1	-141	980	3028043680	0	0	-1	2	0	0	0	0	-500	-141	480	0	-500
1	-141	980	3028045684	1	2	0	1	0	0	0	0	-500	-141	480	0	-500
1	-141	980	3028047656	0	1	0	1	0	0	0	0	-500	-141	480	0	-500
1	-141	980	3028049676	2	1	0	1	0	0	0	0	-500	-141	480	0	-500
1	-141	980	3028051652	0	1	0	2	0	0	0	0	-500	-141	480	0	-500
1	-141	980	3028053672	1	0	0	1	0	0	0	0	-500	-141	480	0	-500
1	-141	980	3028055672	0	2	-1	1	0	0	0	0	-500	-141	480	0	-500
1	-141	980	3028057640	0	1	0	0	0	0	0	0	-500	-141	480	0	-500
1	-141	980	3028059660	1	1	0	1	0	0	0	0	-500	-141	480	0	-500
1	-141	980	3028061636	0	0	0	2	0	0	0	0	-500	-141	480	0	-500
1	-141	980	3028063632	0	1	0	0	0	0	0	0	-500	-141	480	0	-500
1	-141	980	3028065656	1	2	0	0	0	0	0	0	-500	-141	480	0	-500
1	-141	980	3028067640	0	0	0	1	0	0	0	0	-500	-141	480	0	-500
1	-141	980	3028069636	0	1	0	0	0	0	0	0	-500	-141	480	0	-500
1	-141	980	3028073632	0	1	0	0	0	0	0	0	-500	-141	480	0	-500
1	-141	980	3028133660	2	0	0	0	0	0	0	0	-500	-141	480	0	-500
1	-141	980	3028265716	-1	0	0	0	0	0	0	0	-500	-141	480	0	-500
1	-141	980	3028289736	-1	0	0	0	0	0	0	0	-500	-141	480	0	-500
1	-141	980	3028409796	0	0	-2	0	0	0	0	0	-500	-141	480	0	-500
1	-141	980	3028417816	0	0	0	1	0	0	0	0	-500	-141	480	0	-500
1	-141	980	3028419812	0	0	-1	0	0	0	0	0	-500	-141	480	0	-500
1	-141	980	3028425844	0	0	-1	1	0	0	0	0	-500	-141	480	0	-500
1	-141	980	3028427840	2	1	0	0	0	0	0	0	-500	-141	480	0	-500
1	-141	980	3028429840	0	0	-1	2	0	0	0	0	-500	-141	480	0	-500
1	-141	980	3028431804	0	0	-2	0	0	0	0	0	-500	-141	480	0	-500
1	-141	980	3028433804	1	2	-1	1	0	0	0	0	-500	-141	480	0	-500
1	-141	980	3028435836	0	1	-1	0	0	0	0	0	-500	-141	480	0	-500
1	-141	980	3028437804	1	0	-1	1	0	0	0	0	-500	-141	480	0	-500
1	-141	980	3028439832	0	1	-2	1	0	0	0	0	-500	-141	480	0	-500
1	-141	980	3028441800	1	0	-1	2	0	0	0	0	-500	-141	480	0	-500
1	-141	980	3028443828	0	1	-1	0	0	0	0	0	-500	-141	480	0	-500
1	-141	980	3028445824	2	0	-1	1	0	0	0	0	-500	-141	480	0	-500
1	-141	980	3028447820	1	2	-2	0	0	0	0	0	-500	-141	480	0	-500
1	-141	980	3028449816	0	1	-1	1	0	0	0	0	-500	-141	480	0	-500
1	-141	980	3028451788	1	0	-1	1	0	0	0	0	-500	-141	480	0	-500
1	-141	980	3028453788	1	1	-1	0	0	0	0	0	-500	-141	480	0	-500
1	-141	980	3028455820	0	0	-2	2	0	0	0	0	-500	-141	480	0	-500
1	-141	980	3028457824	2	1	-1	1	0	0	0	0	-500	-141	480	0	-500
1	-141	980	3028459808	0	0	-1	0	0	0	0	0	-500	-141	480	0	-500
1	-141	980	3028461808	1	2	-1	1	0	0	0	0	-500	-141	480	0	-500
1	-141	980	3028463812	0	0	-2	0	0	0	0	0	-500	-141	480	0	-500
1	-141	980	3028465816	1	1	-1	0	0	0	0	0	-500	-141	480	0	-500
1	-141	980	3028467820	0	0	-1	0	0	0	0	0	-500	-141	480	0	-500
1	-141	980	3028469812	0	0	0	1	0	0	0	0	-500	-141	480	0	-500
1	-141	980	3028471800	1	1	-1	0	0	0	0	0	-500	-141	480	0	-500
1	-141	980	3028473804	0	0	-2	0	0	0	0	0	-500	-141	480	0	-500
1	-141	980	3028477812	0	0	-1	0	0	0	0	0	-500	-141	480	0	-500
1	-141	980	3028479804	2	0	0	0	0	0	0	0	-500	-141	480	0	-500
1	-141	980	3028481828	0	1	-1	0	0	0	0	0	-500	-141	480	0	-500
1	-141	980	3028483824	0	0	-1	2	0	0	0	0	-500	-141	480	0	-500
1	-141	980	3028487804	0	0	-2	0	0	0	0	0	-500	-141	480	0	-500
1	-141	980	3028489808	0	0	-1	0	0	0	0	0	-500	-141	480	0	-500
1	-141	980	3028491808	1	0	0	0	0	0	0	0	-500	-141	480	0	-500
1	-141	980	3028493804	0	0	-1	0	0	0	0	0	-500	-141	480	0	-500
1	-141	980	3028495808	0	0	-1	0	0	0	0	0	-500	-141	480	0	-500
1	-141	980	3028499812	0	0	-2	0	0	0	0	0	-500	-141	480	0	-500
1	-141	980	3028503816	0	0	-1	0	0	0	0	0	-500	-141	480	0	-500
1	-141	980	3028507820	0	0	-1	0	0	0	0	0	-500	-141	480	0	-500
1	-141	980	3028511824	0	0	-1	0	0	0	0	0	-500	-141	480	0	-500
1	-141	980	3028515824	0	0	-2	0	0	0	0	0	-500	-141	480	0	-500
1	-141	980	3028519828	0	0	-1	0	0	0	0	0	-500	-141	480	0	-500
1	-141	980	3028525836	0	0	-1	0	0	0	0	0	-500	-141	480	0	-500
1	-141	980	3028533844	0	0	-1	0	0	0	0	0	-500	-141	480	0	-500
1	-141	980	3028543852	0	0	-2	0	0	0	0	0	-500	-141	480	0	-500
1	-141	980	3028918068	0	0	-1	0	0	0	0	0	-500	-141	480	0	-500
1	-141	980	3028938044	0	0	-1	0	0	0	0	0	-500	-141	480	0	-500
1	-141	980	3028946040	0	0	-1	0	0	0	0	0	-500	-141	480	0	-500
1	-141	980	3028950056	0	0	-2	0	0	0	0	0	-500	-141	480	0	-500
1	-141	980	3028954020	0	0	-1	0	0	0	0	0	-500	-141	480	0	-500
1	-141	980	3028958036	0	0	-1	0	0	0	0	0	-500	-141	480	0	-500
1	-141	980	3028960012	0	0	-1	0	0	0	0	0	-500	-141	480	0	-500
1	-141	980	3028964036	0	0	-2	0	0	0	0	0	-500	-141	480	0	-500
1	-141	980	3028968052	0	0	-1	0	0	0	0	0	-500	-141	480	0	-500
1	-141	980	3028974028	0	0	-1	0	0	0	0	0	-500	-141	480	0	-500
1	-141	980	3028980016	0	0	-1	0	0	0	0	0	-500	-141	480	0	-500
1	-141	980	3029002024	0	0	-2	0	0	0	0	0	-500	-141	480	0	-500
1	-141	980	3029008012	0	0	0	-1	0	0	0	0	-500	-141	480	0	-500
1	-141	980	3029063964	0	0	0	-1	0	0	0	0	-500	-141	480	0	-500
1	-141	980	3029621700	1	0	0	0	0	0	0	0	-500	-141	480	0	-500
1	-141	980	3029623700	1	0	0	0	0	0	0	0	-500	-141	480	0	-500
1	-141	980	3029625728	2	2	0	0	0	0	0	0	-500	-141	480	0	-500
1	-141	980	3029627732	3	1	0	0	0	0	0	0	-500	-141	480	0	-500
1	-141	980	3029629600	3	1	0	0	0	0	0	0	-500	-141	480	0	-500
1	-141	980	3029631600	4	1	0	0	0	0	0	0	-500	-141	480	0	-500
1	-141	980	3029633600	3	3	0	0	0	0	0	0	-500	-141	480	0	-500
1	-141	980	3029635596	5	2	0	0	0	0	0	0	-500	-141	480	0	-500
1	-141	980	3029637596	7	3	0	2	0	0	0	0	-500	-141	480	0	-500
1	-141	980	3029639596	5	2	0	2	0	0	0	0	-500	-141	480	0	-500
1	-141	980	3029641596	5	4	0	1	0	0	0	0	-500	-141	480	0	-500
1	-141	980	3029643608	5	3	0	3	0	0	0	0	-500	-141	480	0	-500
1	-141	980	3029645608	6	3	0	2	0	0	0	0	-500	-141	480	0	-500
1	-141	980	3029647604	5	3	0	3	0	0	0	0	-500	-141	480	0	-500
1	-141	980	3029649604	5	2	0	4	0	0	0	0	-500	-141	480	0	-500
1	-141	980	3029651604	5	4	0	2	0	0	0	0	-500	-141	480	0	-500
1	-141	980	3029653600	5	3	0	3	0	0	0	0	-500	-141	480	0	-500
1	-141	980	3029655600	5	2	1	3	0	0	0	0	-500	-141	480	0	-500
1	-141	980	3029657596	5	3	0	3	0	0	0	0	-500	-141	480	0	-500
1	-141	980	3029659596	5	3	1	2	0	0	0	0	-500	-141	480	0	-500
1	-141	980	3029661596	5	3	0	3	0	0	0	0	-500	-141	480	0	-500
1	-141	980	3029663596	5	2	1	4	0	0	0	0	-500	-141	480	0	-500
1	-141	980	3029665596	4	3	0	2	0	0	0	0	-500	-141	480	0	-500
1	-141	980	3029667596	3	2	2	3	0	0	0	0	-500	-141	480	0	-500
1	-141	980	3029669596	4	3	0	2	0	0	0	0	-500	-141	480	0	-500
1	-141	980	3029671596	4	2	1	3	0	0	0	0	-500	-141	480	0	-500
1	-141	980	3029673596	4	3	0	2	0	0	0	0	-500	-141	480	0	-500
1	-141	980	3029675596	3	2	1	3	0	0	0	0	-500	-141	480	0	-500
1	-141	980	3029677596	4	3	0	2	0	0	0	0	-500	-141	480	0	-500
1	-141	980	3029679596	4	1	0	1	0	0	0	0	-500	-141	480	0	-500
1	-141	980	3029681596	5	3	0	3	0	0	0	0	-500	-141	480	0	-500
1	-141	980	3029683596	2	2	0	2	0	0	0	0	-500	-141	480	0	-500
1	-141	980	3029685596	4	3	1	2	0	0	0	0	-500	-141	480	0	-500
1	-141	980	3029687596	4	2	0	2	0	0	0	0	-500	-141	480	0	-500
1	-141	980	3029689596	2	3	0	1	0	0	0	0	-500	-141	480	0	-500
1	-141	980	3029691596	4	2	0	3	0	0	0	0	-500	-141	480	0	-500
1	-141	980	3029693596	3	3	0	2	0	0	0	0	-500	-141	480	0	-500
1	-141	980	3029695596	3	1	0	2	0	0	0	0	-500	-141	480	0	-500
1	-141	980	3029697600	3	2	2	1	0	0	0	0	-500	-141	480	0	-500
1	-141	980	3029699596	4	2	0	2	0	0	0	0	-500	-141	480	0	-500
1	-141	980	3029701592	2	1	0	2	0	0	0	0	-500	-141	480	0	-500
1	-141	980	3029703592	1	2	0	1	0	0	0	0	-500	-141	480	0	-500
1	-141	980	3029705596	3	2	0	1	0	0	0	0	-500	-141	480	0	-500
1	-141	980	3029707596	1	0	1	1	0	0	0	0	-500	-141	480	0	-500
1	-141	980	3029709600	1	1	0	2	0	0	0	0	-500	-141	480	0	-500
1	-141	980	3029711600	3	1	0	0	0	0	0	0	-500	-141	480	0	-500
1	-141	980	3029713576	0	0	0	1	0	0	0	0	-500	-141	480	0	-500
1	-141	980	3029715600	1	1	0	0	0	0	0	0	-500	-141	480	0	-500
1	-141	980	3029717576	0	0	0	1	0	0	0	0	-500	-141	480	0	-500
1	-141	980	3029719572	1	0	0	0	0	0	0	0	-500	-141	480	0	-500
1	-141	980	3029729576	0	0	1	0	0	0	0	0	-500	-141	480	0	-500
1	-141	980	3029757588	0	0	1	0	0	0	0	0	-500	-141	480	0	-500
1	-141	980	3029781604	0	0	0	-2	0	0	0	0	-500	-141	480	0	-500
1	-141	980	3029783604	0	-1	0	0	0	0	0	0	-500	-141	480	0	-500
1	-141	980	3029789604	-1	0	0	0	0	0	0	0	-500	-141	480	0	-500
1	-141	980	3029791608	0	0	0	-1	0	0	0	0	-500	-141	480	0	-500
1	-141	980	3029793636	0	-1	2	0	0	0	0	0	-500	-141	480	0	-500
1	-141	980	3029797608	0	-2	0	-1	0	0	0	0	-500	-141	480	0	-500
1	-141	980	3029801636	-1	-1	0	-1	0	0	0	0	-500	-141	480	0	-500
1	-141	980	3029803632	0	-1	1	0	0	0	0	0	-500	-141	480	0	-500
1	-141	980	3029805604	0	-1	0	-2	0	0	0	0	-500	-141	480	0	-500
1	-141	980	3029807628	-2	-2	1	-1	0	0	0	0	-500	-141	480	0	-500
1	-141	980	3029809600	0	-1	0	-2	0	0	0	0	-500	-141	480	0	-500
1	-141	980	3029811624	0	-1	1	-2	0	0	0	0	-500	-141	480	0	-500
1	-141	980	3029813624	-1	-3	2	-1	0	0	0	0	-500	-141	480	0	-500
1	-141	980	3029815604	0	-1	0	-2	0	0	0	0	-500	-141	480	0	-500
1	-141	980	3029817628	0	-2	1	-2	0	0	0	0	-500	-141	480	0	-500
1	-141	980	3029819600	-1	-3	1	-2	0	0	0	0	-500	-141	480	0	-500
1	-141	980	3029821628	0	-2	1	-1	0	0	0	0	-500	-141	480	0	-500
1	-141	980	3029823632	-1	-3	2	-3	0	0	0	0	-500	-141	480	0	-500
1	-141	980	3029825628	0	-1	1	-2	0	0	0	0	-500	-141	480	0	-500
1	-141	980	3029827628	-2	-4	1	-3	0	0	0	0	-500	-141	480	0	-500
1	-141	980	3029829620	0	-2	1	-2	0	0	0	0	-500	-141	480	0	-500
1	-141	980	3029831620	-1	-3	2	-3	0	0	0	0	-500	-141	480	0	-500
1	-141	980	3029833592	-1	-2	1	-1	0	0	0	0	-500	-141	480	0	-500
1	-141	980	3029835612	0	-2	1	-3	0	0	0	0	-500	-141	480	0	-500
1	-141	980	3029837588	0	-2	0	-2	0	0	0	0	-500	-141	480	0	-500
1	-141	980	3029839584	-1	-3	1	-3	0	0	0	0	-500	-141	480	0	-500
1	-141	980	3029841612	0	-2	2	-1	0	0	0	0	-500	-141	480	0	-500
1	-141	980	3029843616	-2	-1	1	-1	0	0	0	0	-500	-141	480	0	-500
1	-141	980	3029845584	0	-2	0	-3	0	0	0	0	-500	-141	480	0	-500
1	-141	980	3029847584	-1	-1	1	-1	0	0	0	0	-500	-141	480	0	-500
1	-141	980	3029849576	0	-1	0	-1	0	0	0	0	-500	-141	480	0	-500
1	-141	980	3029851576	-1	-3	1	-1	0	0	0	0	-500	-141	480	0	-500
1	-141	980	3029853596	0	-1	2	-2	0	0	0	0	-500	-141	480	0	-500
1	-141	980	3029857600	0	-1	1	-1	0	0	0	0	-500	-141	480	0	-500
1	-141	980	3029859600	-1	-1	0	-1	0	0	0	0	-500	-141	480	0	-500
1	-141	980	3029861572	0	0	0	-1	0	0	0	0	-500	-141	480	0	-500
1	-141	980	3029863604	0	-2	1	0	0	0	0	0	-500	-141	480	0	-500
1	-141	980	3029865572	0	-1	0	-2	0	0	0	0	-500	-141	480	0	-500
1	-141	980	3029867572	-2	0	0	0	0	0	0	0	-500	-141	480	0	-500
1	-141	980	3029869600	0	0	1	-1	0	0	0	0	-500	-141	480	0	-500
1	-141	980	3029871564	0	-1	0	0	0	0	0	0	-500	-141	480	0	-500
1	-141	980	3029873556	0	0	0	-1	0	0	0	0	-500	-141	480	0	-500
1	-141	980	3029875560	0	-1	0	0	0	0	0	0	-500	-141	480	0	-500
1	-141	980	3029877592	-1	0	2	-1	0	0	0	0	-500	-141	480	0	-500
1	-141	980	3029879568	0	-2	0	0	0	0	0	0	-500	-141	480	0	-500
1	-141	980	3029881588	-1	-1	0	-2	0	0	0	0	-500	-141	480	0	-500
1	-141	980	3029883588	0	0	1	-1	0	0	0	0	-500	-141	480	0	-500
1	-141	980	3029885556	0	-1	0	0	0	0	0	0	-500	-141	480	0	-500
1	-141	980	3029887588	-1	-1	0	-1	0	0	0	0	-500	-141	480	0	-500
1	-141	980	3029889560	0	0	0	-1	0	0	0	0	-500	-141	480	0	-500
1	-141	980	3029891580	-2	-2	1	-2	0	0	0	0	-500	-141	480	0	-500
1	-141	980	3029893552	0	-1	0	0	0	0	0	0	-500	-141	480	0	-500
1	-141	980	3029895580	-1	-1	0	-1	0	0	0	0	-500	-141	480	0	-500
1	-141	980	3029897576	0	-1	1	-1	0	0	0	0	-500	-141	480	0	-500
1	-141	980	3029899580	-1	-2	0	-1	0	0	0	0	-500	-141	480	0	-500
1	-141	980	3029901576	-1	-1	2	-2	0	0	0	0	-500	-141	480	0	-500
1	-141	980	3029903548	0	-1	0	-1	0	0	0	0	-500	-141	480	0	-500
1	-141	980	3029905572	-2	-1	1	-1	0	0	0	0	-500	-141	480	0	-500
1	-141	980	3029907544	0	-3	0	-1	0	0	0	0	-500	-141	480	0	-500
1	-141	980	3029909568	0	-1	1	-2	0	0	0	0	-500	-141	480	0	-500
1	-141	980	3029911572	-1	-1	0	-1	0	0	0	0	-500	-141	480	0	-500
1	-141	980	3029913564	0	-2	1	-2	0	0	0	0	-500	-141	480	0	-500
1	-141	980	3029915540	0	-1	0	-2	0	0	0	0	-500	-141	480	0	-500
1	-141	980	3029917564	-1	-1	2	-1	0	0	0	0	-500	-141	480	0	-500
1	-141	980	3029919564	0	-3	1	-1	0	0	0	0	-500	-141	480	0	-500
1	-141	980	3029921564	0	-1	1	-1	0	0	0	0	-500	-141	480	0	-500
1	-141	980	3029923540	0	-1	0	-2	0	0	0	0	-500	-141	480	0	-500
1	-141	980	3029925564	0	-1	1	-2	0	0	0	0	-500	-141	480	0	-500
1	-141	980	3029927568	-1	-3	2	-1	0	0	0	0	-500	-141	480	0	-500
1	-141	980	3029929564	0	-1	1	-2	0	0	0	0	-500	-141	480	0	-500
1	-141	980	3029931540	0	-1	0	-1	0	0	0	0	-500	-141	480	0	-500
1	-141	980	3029933564	0	-3	1	-1	0	0	0	0	-500	-141	480	0	-500
1	-141	980	3029935568	0	-1	1	-3	0	0	0	0	-500	-141	480	0	-500
1	-141	980	3029937544	0	-1	0	-1	0	0	0	0	-500	-141	480	0	-500
1	-141	980	3029939568	0	-3	2	-1	0	0	0	0	-500	-141	480	0	-500
1	-141	980	3029941568	0	-1	1	-1	0	0	0	0	-500	-141	480	0	-500
1	-141	980	3029943572	0	-1	1	-3	0	0	0	0	-500	-141	480	0	-500
1	-141	980	3029945548	0	-2	0	-1	0	0	0	0	-500	-141	480	0	-500
1	-141	980	3029947572	0	-1	1	-1	0	0	0	0	-500	-141	480	0	-500
1	-141	980	3029949576	0	-1	2	-2	0	0	0	0	-500	-141	480	0	-500
1	-141	980	3029951580	0	-1	1	-1	0	0	0	0	-500	-141	480	0	-500
1	-141	980	3029953556	0	-2	0	-1	0	0	0	0	-500	-141	480	0	-500
1	-141	980	3029955552	0	-1	0	0	0	0	0	0	-500	-141	480	0	-500
1	-141	980	3029957580	0	-1	1	-1	0	0	0	0	-500	-141	480	0	-500
1	-141	980	3029959556	0	0	0	-2	0	0	0	0	-500	-141	480	0	-500
1	-141	980	3029961588	0	-1	1	0	0	0	0	0	-500	-141	480	0	-500
1	-141	980	3029963560	0	-2	0	-1	0	0	0	0	-500	-141	480	0	-500
1	-141	980	3029967560	0	0	0	-1	0	0	0	0	-500	-141	480	0	-500
1	-141	980	3029969592	0	-1	2	0	0	0	0	0	-500	-141	480	0	-500
1	-141	980	3029985572	0	0	1	0	0	0	0	0	-500	-141	480	0	-500
1	-141	980	3030039604	0	0	1	0	0	0	0	0	-500	-141	480	0	-500
1	-141	980	3030049576	0	0	0	0	0	0	1	0	-500	-141	480	0	-500
2	411	-901	3030063616	0	2	0	0	0	0	1	-141	480	270	-421	-141	480
2	411	-901	3030067616	0	0	1	0	0	0	1	-141	480	270	-421	-141	480
2	411	-901	3030089624	1	0	0	0	0	0	1	-141	480	270	-421	-141	480
2	411	-901	3030109636	1	0	0	0	0	0	1	-141	480	270	-421	-141	480
2	411	-901	3030123620	0	0	0	0	0	0	0	-141	480	270	-421	-141	480
2	411	-901	3030153688	-1	-1	0	0	0	0	0	-141	480	270	-421	-141	480
2	411	-901	3030155692	-1	-1	0	-1	0	0	0	-141	480	270	-421	-141	480
2	411	-901	3030157660	-2	-2	2	-3	0	0	0	-141	480	270	-421	-141	480
2	411	-901	3030159692	-2	-4	1	-2	0	0	0	-141	480	270	-421	-141	480
2	411	-901	3030161688	-3	-4	1	-4	0	0	0	-141	480	270	-421	-141	480
2	411	-901	3030163660	-3	-5	3	-5	0	0	0	-141	480	270	-421	-141	480
2	411	-901	3030165688	-4	-7	2	-8	0	0	0	-141	480	270	-421	-141	480
2	411	-901	3030167688	-4	-8	3	-7	0	0	0	-141	480	270	-421	-141	480
2	411	-901	3030169684	-5	-9	3	-9	0	0	0	-141	480	270	-421	-141	480
2	411	-901	3030171688	-5	-11	4	-9	0	0	0	-141	480	270	-421	-141	480
2	411	-901	3030173684	-6	-11	4	-11	0	0	0	-141	480	270	-421	-141	480
2	411	-901	3030175680	-5	-13	4	-11	0	0	0	-141	480	270	-421	-141	480
2	411	-901	3030177676	-8	-16	3	-14	0	0	0	-141	480	270	-421	-141	480
2	411	-901	3030179672	-6	-15	7	-14	0	0	0	-141	480	270	-421	-141	480
2	411	-901	3030181668	-7	-20	6	-16	0	0	0	-141	480	270	-421	-141	480
2	411	-901	3030183664	-8	-19	6	-19	0	0	0	-141	480	270	-421	-141	480
2	411	-901	3030185632	-9	-20	9	-20	0	0	0	-141	480	270	-421	-141	480
2	411	-901	3030187660	-8	-26	9	-22	0	0	0	-141	480	270	-421	-141	480
2	411	-901	3030189656	-9	-24	10	-24	0	0	0	-141	480	270	-421	-141	480
2	411	-901	3030191656	-10	-30	11	-25	0	0	0	-141	480	270	-421	-141	480
2	411	-901	3030193652	-10	-28	12	-29	0	0	0	-141	480	270	-421	-141	480
2	411	-901	3030195656	-9	-29	13	-28	0	0	0	-141	480	270	-421	-141	480
2	411	-901	3030197656	-11	-36	16	-37	0	0	0	-141	480	270	-421	-141	480
2	411	-901	3030199648	-10	-34	15	-32	0	0	0	-141	480	270	-421	-141	480
2	411	-901	3030201652	-11	-40	16	-35	0	0	0	-141	480	270	-421	-141	480
2	411	-901	3030203648	-12	-36	18	-36	0	0	0	-141	480	270	-421	-141	480
2	411	-901	3030205652	-11	-39	17	-39	0	0	0	-141	480	270	-421	-141	480
2	411	-901	3030207656	-14	-48	20	-41	0	0	0	-141	480	270	-421	-141	480
2	411	-901	3030209652	-12	-42	22	-42	0	0	0	-141	480	270	-421	-141	480
2	411	-901	3030211656	-15	-50	21	-45	0	0	0	-141	480	270	-421	-141	480
2	411	-901	3030213660	-14	-46	22	-45	0	0	0	-141	480	270	-421	-141	480
2	411	-901	3030215660	-14	-48	24	-47	0	0	0	-141	480	270	-421	-141	480
2	411	-901	3030217652	-17	-55	24	-48	0	0	0	-141	480	270	-421	-141	480
2	411	-901	3030219656	-15	-50	25	-48	0	0	0	-141	480	270	-421	-141	480
2	411	-901	3030221652	-18	-57	24	-50	0	0	0	-141	480	270	-421	-141	480
2	411	-901	3030223656	-16	-52	25	-50	0	0	0	-141	480	270	-421	-141	480
2	411	-901	3030225648	-17	-51	23	-52	0	0	0	-141	480	270	-421	-141	480
2	411	-901	3030227652	-19	-59	28	-57	0	0	0	-141	480	270	-421	-141	480
2	411	-901	3030229656	-19	-51	24	-51	0	0	0	-141	480	270	-421	-141	480
2	411	-901	3030231648	-20	-59	22	-52	0	0	0	-141	480	270	-421	-141	480
2	411	-901	3030233656	-19	-52	24	-51	0	0	0	-141	480	270	-421	-141	480
2	411	-901	3030235660	-21	-59	22	-51	0	0	0	-141	480	270	-421	-141	480
2	411	-901	3030237652	-19	-51	23	-51	0	0	0	-141	480	270	-421	-141	480
2	411	-901	3030239656	-18	-51	22	-52	0	0	0	-141	480	270	-421	-141	480
2	411	-901	3030241664	-23	-59	22	-50	0	0	0	-141	480	270	-421	-141	480
2	411	-901	3030243668	-19	-51	21	-51	0	0	0	-141	480	270	-421	-141	480
2	411	-901	3030245672	-22	-58	21	-50	0	0	0	-141	480	270	-421	-141	480
2	411	-901	3030247676	-20	-49	21	-49	0	0	0	-141	480	270	-421	-141	480
2	411	-901	3030249672	-20	-50	22	-48	0	0	0	-141	480	270	-421	-141	480
2	411	-901	3030251676	-23	-55	20	-49	0	0	0	-141	480	270	-421	-141	480
2	411	-901	3030253668	-20	-47	18	-48	0	0	0	-141	480	270	-421	-141	480
2	411	-901	3030255672	-22	-54	23	-53	0	0	0	-141	480	270	-421	-141	480
2	411	-901	3030257664	-20	-46	19	-45	0	0	0	-141	480	270	-421	-141	480
2	411	-901	3030259668	-19	-45	18	-45	0	0	0	-141	480	270	-421	-141	480
2	411	-901	3030261660	-22	-50	19	-44	0	0	0	-141	480	270	-421	-141	480
2	411	-901	3030263668	-18	-43	19	-43	0	0	0	-141	480	270	-421	-141	480
2	411	-901	3030265660	-21	-47	19	-42	0	0	0	-141	480	270	-421	-141	480
2	411	-901	3030267664	-18	-40	17	-40	0	0	0	-141	480	270	-421	-141	480
2	411	-901	3030269644	-18	-45	18	-40	0	0	0	-141	480	270	-421	-141	480
2	411	-901	3030271672	-18	-36	16	-38	0	0	0	-141	480	270	-421	-141	480
2	411	-901	3030273640	-16	-37	16	-36	0	0	0	-141	480	270	-421	-141	480
2	411	-901	3030275668	-18	-37	16	-34	0	0	0	-141	480	270	-421	-141	480
2	411	-901	3030277644	-15	-33	15	-32	0	0	0	-141	480	270	-421	-141	480
2	411	-901	3030279672	-16	-35	14	-31	0	0	0	-141	480	270	-421	-141	480
2	411	-901	3030281664	-12	-28	14	-30	0	0	0	-141	480	270	-421	-141	480
2	411	-901	3030283644	-14	-27	14	-32	0	0	0	-141	480	270	-421	-141	480
2	411	-901	3030285672	-14	-30	12	-26	0	0	0	-141	480	270	-421	-141	480
2	411	-901	3030287648	-11	-23	11	-25	0	0	0	-141	480	270	-421	-141	480
2	411	-901	3030289676	-14	-27	10	-22	0	0	0	-141	480	270	-421	-141	480
2	411	-901	3030291656	-10	-21	10	-23	0	0	0	-141	480	270	-421	-141	480
2	411	-901	3030293684	-11	-20	10	-20	0	0	0	-141	480	270	-421	-141	480
2	411	-901	3030295676	-11	-21	9	-20	0	0	0	-141	480	270	-421	-141	480
2	411	-901	3030297676	-10	-18	8	-17	0	0	0	-141	480	270	-421	-141	480
2	411	-901	3030299676	-10	-18	7	-18	0	0	0	-141	480	270	-421	-141	480
2	411	-901	3030301672	-9	-15	6	-16	0	0	0	-141	480	270	-421	-141	480
2	411	-901	3030303668	-9	-15	7	-15	0	0	0	-141	480	270	-421	-141	480
2	411	-901	3030305664	-10	-15	6	-14	0	0	0	-141	480	270	-421	-141	480
2	411	-901	3030307664	-9	-13	5	-12	0	0	0	-141	480	270	-421	-141	480
2	411	-901	3030309660	-8	-14	4	-13	0	0	0	-141	480	270	-421	-141	480
2	411	-901	3030311656	-9	-10	5	-11	0	0	0	-141	480	270	-421	-141	480
2	411	-901	3030313652	-8	-11	3	-10	0	0	0	-141	480	270	-421	-141	480
2	411	-901	3030315648	-8	-10	3	-10	0	0	0	-141	480	270	-421	-141	480
2	411	-901	3030317644	-7	-9	4	-10	0	0	0	-141	480	270	-421	-141	480
2	411	-901	3030319644	-8	-10	2	-9	0	0	0	-141	480	270	-421	-141	480
2	411	-901	3030321648	-7	-7	3	-7	0	0	0	-141	480	270	-421	-141	480
2	411	-901	3030323644	-7	-6	1	-8	0	0	0	-141	480	270	-421	-141	480
2	411	-901	3030325640	-8	-8	2	-6	0	0	0	-141	480	270	-421	-141	480
2	411	-901	3030327648	-6	-6	2	-6	0	0	0	-141	480	270	-421	-141	480
2	411	-901	3030329656	-6	-6	1	-5	0	0	0	-141	480	270	-421	-141	480
2	411	-901	3030331652	-6	-5	0	-5	0	0	0	-141	480	270	-421	-141	480
2	411	-901	3030333648	-5	-5	1	-5	0	0	0	-141	480	270	-421	-141	480
2	411	-901	3030335648	-7	-5	1	-5	0	0	0	-141	480	270	-421	-141	480
2	411	-901	3030337644	-5	-4	0	-4	0	0	0	-141	480	270	-421	-141	480
2	411	-901	3030339640	-5	-4	2	-3	0	0	0	-141	480	270	-421	-141	480
2	411	-901	3030341640	-3	-2	0	-3	0	0	0	-141	480	270	-421	-141	480
2	411	-901	3030343632	-4	-3	0	-3	0	0	0	-141	480	270	-421	-141	480
2	411	-901	3030345628	-5	-4	1	-2	0	0	0	-141	480	270	-421	-141	480
2	411	-901	3030347628	-3	-1	0	-3	0	0	0	-141	480	270	-421	-141	480
2	411	-901	3030349624	-3	-2	0	-2	0	0	0	-141	480	270	-421	-141	480
2	411	-901	3030351620	-3	-2	0	-2	0	0	0	-141	480	270	-421	-141	480
2	411	-901	3030353620	-2	-1	1	-1	0	0	0	-141	480	270	-421	-141	480
2	411	-901	3030355616	-3	-2	0	-1	0	0	0	-141	480	270	-421	-141	480
2	411	-901	3030357616	-1	-2	0	-1	0	0	0	-141	480	270	-421	-141	480
2	411	-901	3030359616	-3	-1	0	-2	0	0	0	-141	480	270	-421	-141	480
2	411	-901	3030361588	-1	0	1	-1	0	0	0	-141	480	270	-421	-141	480
2	411	-901	3030363616	-1	-1	0	-1	0	0	0	-141	480	270	-421	-141	480
2	411	-901	3030365612	-1	-1	0	0	0	0	0	-141	480	270	-421	-141	480
2	411	-901	3030367580	-2	0	2	-1	0	0	0	-141	480	270	-421	-141	480
2	411	-901	3030369616	-1	-2	0	-2	0	0	0	-141	480	270	-421	-141	480
2	411	-901	3030371564	-1	0	1	0	0	0	0	-141	480	270	-421	-141	480
2	411	-901	3030373616	-3	-1	0	-1	0	0	0	-141	480	270	-421	-141	480
2	411	-901	3030375588	-1	-1	1	-1	0	0	0	-141	480	270	-421	-141	480
2	411	-901	3030377608	-1	-1	0	-1	0	0	0	-141	480	270	-421	-141	480
2	411	-901	3030379608	-3	-2	1	-2	0	0	0	-141	480	270	-421	-141	480
2	411	-901	3030381604	-1	-1	2	-1	0	0	0	-141	480	270	-421	-141	480
2	411	-901	3030383596	-2	-1	0	0	0	0	0	-141	480	270	-421	-141	480
2	411	-901	3030385592	-3	-1	1	-1	0	0	0	-141	480	270	-421	-141	480
2	411	-901	3030387564	-1	-2	1	-1	0	0	0	-141	480	270	-421	-141	480
2	411	-901	3030389592	-3	-1	1	-2	0	0	0	-141	480	270	-421	-141	480
2	411	-901	3030391592	-1	0	0	-1	0	0	0	-141	480	270	-421	-141	480
2	411	-901	3030393568	-2	-1	2	-1	0	0	0	-141	480	270	-421	-141	480
2	411	-901	3030395600	-2	-1	1	-1	0	0	0	-141	480	270	-421	-141	480
2	411	-901	3030397596	-2	-2	1	-2	0	0	1	-141	480	270	-421	-141	480
3	411	-901	3030399596	-1	-1	0	-1	0	0	1	270	-421	270	-421	-141	480
3	411	-901	3030401568	-2	0	1	0	0	0	1	270	-421	270	-421	-141	480
3	411	-901	3030403596	-2	-1	0	-1	0	0	1	270	-421	270	-421	-141	480
3	411	-901	3030405592	-1	-1	2	-1	0	0	1	270	-421	270	-421	-141	480
3	411	-901	3030407564	-2	0	0	0	0	0	1	270	-421	270	-421	-141	480
3	411	-901	3030409540	-1	0	1	0	0	0	1	270	-421	270	-421	-141	480
3	411	-901	3030411600	-1	-2	0	-2	0	0	1	270	-421	270	-421	-141	480
3	-648	748	3030415548	-1	0	1	0	0	0	1	270	-421	-378	327	270	-421
3	-648	748	3030419600	-2	-1	0	-1	0	0	1	270	-421	-378	327	270	-421
3	-648	748	3030423572	-1	0	0	0	0	0	1	270	-421	-378	327	270	-421
3	-648	748	3030427572	-1	0	0	0	0	0	1	270	-421	-378	327	270	-421
3	-648	748	3030433604	-1	-1	0	0	0	0	1	270	-421	-378	327	270	-421
3	-648	748	3030445588	0	0	0	-1	0	0	1	270	-421	-378	327	270	-421
3	-648	748	3030447588	-2	0	0	0	0	0	1	270	-421	-378	327	270	-421
3	-648	748	3030465580	0	0	0	0	0	0	0	270	-421	-378	327	270	-421
3	-648	748	3030469596	1	0	0	0	0	0	0	270	-421	-378	327	270	-421
3	-648	748	3030497612	0	0	-2	0	0	0	0	270	-421	-378	327	270	-421
3	-648	748	3030511624	0	0	-1	0	0	0	0	270	-421	-378	327	270	-421
3	-648	748	3030541628	0	0	1	0	0	0	0	270	-421	-378	327	270	-421
3	-648	748	3030543600	0	0	0	0	0	0	1	270	-421	-378	327	270	-421
4	833	-535	3030553640	0	0	1	0	0	0	1	-378	327	455	-208	-378	327
4	833	-535	3030565636	0	0	1	0	0	0	1	-378	327	455	-208	-378	327
4	833	-535	3030567632	1	0	0	0	0	0	1	-378	327	455	-208	-378	327
4	833	-535	3030577636	1	0	0	0	0	0	1	-378	327	455	-208	-378	327
4	833	-535	3030583636	1	0	0	0	0	0	1	-378	327	455	-208	-378	327
4	833	-535	3030591648	2	0	0	0	0	0	1	-378	327	455	-208	-378	327
4	833	-535	3030601648	1	0	0	0	0	0	1	-378	327	455	-208	-378	327
4	833	-535	3030611624	0	0	0	0	0	0	0	-378	327	455	-208	-378	327
4	833	-535	3030643672	0	0	-2	0	0	0	0	-378	327	455	-208	-378	327
4	833	-535	3030679708	-2	0	0	0	0	0	0	-378	327	455	-208	-378	327
4	833	-535	3030683692	0	0	0	0	0	0	1	-378	327	455	-208	-378	327
5	-950	279	3030689720	0	0	1	0	0	0	1	455	-208	-495	71	455	-208
5	-950	279	3030701724	0	0	1	0	0	0	1	455	-208	-495	71	455	-208
5	-950	279	3030711728	-1	0	0	0	0	0	1	455	-208	-495	71	455	-208
5	-950	279	3030723756	0	0	1	0	0	0	1	455	-208	-495	71	455	-208
5	-950	279	3030725752	-1	0	0	0	0	0	1	455	-208	-495	71	455	-208
5	-950	279	3030729732	0	0	0	0	0	0	0	455	-208	-495	71	455	-208
5	-950	279	3030731756	-1	0	2	0	0	0	0	455	-208	-495	71	455	-208
5	-950	279	3030733760	-2	0	1	0	0	0	0	455	-208	-495	71	455	-208
5	-950	279	3030735764	-2	0	1	0	0	0	0	455	-208	-495	71	455	-208
5	-950	279	3030737792	-1	0	3	-1	0	0	0	455	-208	-495	71	455	-208
5	-950	279	3030739796	-4	-1	2	-2	0	0	0	455	-208	-495	71	455	-208
5	-950	279	3030741764	-3	-2	3	0	0	0	0	455	-208	-495	71	455	-208
5	-950	279	3030743788	-3	-1	2	-1	0	0	0	455	-208	-495	71	455	-208
5	-950	279	3030745760	-3	-1	3	-1	0	0	0	455	-208	-495	71	455	-208
5	-950	279	3030747788	-4	-1	3	-1	0	0	0	455	-208	-495	71	455	-208
5	-950	279	3030749760	-3	-2	3	-2	0	0	0	455	-208	-495	71	455	-208
5	-950	279	3030751764	-4	-1	4	-1	0	0	0	455	-208	-495	71	455	-208
5	-950	279	3030753784	-5	-2	2	-2	0	0	0	455	-208	-495	71	455	-208
5	-950	279	3030755780	-5	-2	4	-2	0	0	0	455	-208	-495	71	455	-208
5	-950	279	3030757752	-4	-2	4	-1	0	0	0	455	-208	-495	71	455	-208
5	-950	279	3030759772	-5	-1	2	-1	0	0	0	455	-208	-495	71	455	-208
5	-950	279	3030761780	-5	-2	4	-3	0	0	0	455	-208	-495	71	455	-208
5	-950	279	3030763776	-5	-2	2	-1	0	0	0	455	-208	-495	71	455	-208
5	-950	279	3030765772	-5	-1	3	-1	0	0	0	455	-208	-495	71	455	-208
5	-950	279	3030767772	-4	-2	2	-1	0	0	0	455	-208	-495	71	455	-208
5	-950	279	3030769744	-3	-1	3	-2	0	0	0	455	-208	-495	71	455	-208
5	-950	279	3030771772	-3	-1	2	-1	0	0	0	455	-208	-495	71	455	-208
5	-950	279	3030773740	-4	0	2	0	0	0	0	455	-208	-495	71	455	-208
5	-950	279	3030775760	-2	-1	1	-1	0	0	0	455	-208	-495	71	455	-208
5	-950	279	3030777732	-1	0	0	0	0	0	0	455	-208	-495	71	455	-208
5	-950	279	3030779760	-3	0	1	-1	0	0	0	455	-208	-495	71	455	-208
5	-950	279	3030781764	-1	-2	0	0	0	0	0	455	-208	-495	71	455	-208
5	-950	279	3030783712	-1	0	1	0	0	0	0	455	-208	-495	71	455	-208
5	-950	279	3030785740	-2	0	0	0	0	0	0	455	-208	-495	71	455	-208
5	-950	279	3030787744	-1	0	0	0	0	0	0	455	-208	-495	71	455	-208
5	-950	279	3030791724	0	0	0	0	0	0	1	455	-208	-495	71	455	-208
6	-950	279	3030793756	-1	0	0	0	0	0	1	-495	71	-495	71	455	-208
6	-950	279	3030795760	0	0	2	0	0	0	1	-495	71	-495	71	455	-208
6	990	0	3030813768	1	0	1	0	0	0	1	-495	71	495	71	-495	71
6	990	0	3030823764	2	0	0	0	0	0	1	-495	71	495	71	-495	71
6	990	0	3030827764	0	0	1	0	0	0	1	-495	71	495	71	-495	71
6	990	0	3030829764	0	0	0	-2	0	0	1	-495	71	495	71	-495	71
6	990	0	3030875772	0	0	0	0	0	0	0	-495	71	495	71	-495	71
6	990	0	3030929800	0	0	0	0	0	0	1	-495	71	495	71	-495	71
7	-950	-279	3030973852	0	0	1	0	0	0	1	495	71	-455	-208	495	71
7	-950	-279	3031013852	0	0	0	0	0	0	0	495	71	-455	-208	495	71
7	-950	-279	3031027880	0	0	0	1	0	0	0	495	71	-455	-208	495	71
7	-950	-279	3031029880	0	0	-1	0	0	0	0	495	71	-455	-208	495	71
7	-950	-279	3031035880	0	1	0	0	0	0	0	495	71	-455	-208	495	71
7	-950	-279	3031071892	0	0	0	0	0	0	1	495	71	-455	-208	495	71
8	833	535	3031097936	0	0	1	0	0	0	1	-455	-208	378	327	-455	-208
8	833	535	3031111940	0	0	2	0	0	0	1	-455	-208	378	327	-455	-208
8	833	535	3031115940	0	0	0	-1	0	0	1	-455	-208	378	327	-455	-208
8	833	535	3031151940	0	0	0	0	0	0	0	-455	-208	378	327	-455	-208
8	833	535	3031155976	0	0	-1	0	0	0	0	-455	-208	378	327	-455	-208
8	833	535	3031165984	0	0	-1	0	0	0	0	-455	-208	378	327	-455	-208
8	833	535	3031169984	0	0	0	1	0	0	0	-455	-208	378	327	-455	-208
8	833	535	3031185992	0	0	-1	0	0	0	0	-455	-208	378	327	-455	-208
8	833	535	3031206008	0	-1	0	0	0	0	0	-455	-208	378	327	-455	-208
8	833	535	3031215984	0	0	0	0	0	0	1	-455	-208	378	327	-455	-208
9	-648	-748	3031220012	1	0	0	0	0	0	1	378	327	-270	-421	378	327
9	-648	-748	3031234032	0	0	0	-1	0	0	1	378	327	-270	-421	378	327
9	-648	-748	3031242064	0	-1	1	0	0	0	1	378	327	-270	-421	378	327
9	-648	-748	3031244032	1	0	0	0	0	0	1	378	327	-270	-421	378	327
9	-648	-748	3031268040	0	0	2	0	0	0	1	378	327	-270	-421	378	327
9	-648	-748	3031270036	1	0	0	0	0	0	1	378	327	-270	-421	378	327
9	-648	-748	3031290024	0	0	0	0	0	0	0	378	327	-270	-421	378	327
9	-648	-748	3031294056	0	0	-1	0	0	0	0	378	327	-270	-421	378	327
9	-648	-748	3031306060	0	0	-1	0	0	0	0	378	327	-270	-421	378	327
9	-648	-748	3031318072	0	0	-1	0	0	0	0	378	327	-270	-421	378	327
9	-648	-748	3031364292	0	0	0	0	0	0	1	378	327	-270	-421	378	327
10	411	901	3031434296	0	0	0	0	0	0	0	-270	-421	141	480	-270	-421
10	411	901	3031506276	0	0	0	0	0	0	1	-270	-421	141	480	-270	-421
11	-141	-980	3031612252	0	0	0	0	0	0	0	141	480	0	-500	141	480
11	-141	-980	3031822184	0	0	0	0	0	0	1	141	480	0	-500	141	480
