1	0	-400	19327664	0	0	1	0	0	0	1	0	-400	0	-400	0	0
1	0	-400	19339656	-1	0	0	0	0	0	1	0	-400	0	-400	0	0
1	0	-400	19341660	0	0	0	1	0	0	1	0	-400	0	-400	0	0
1	0	-400	19345652	0	0	2	0	0	0	1	0	-400	0	-400	0	0
1	-113	784	19361656	-1	0	0	0	0	0	1	0	-400	-113	384	0	-400
1	-113	784	19389668	0	0	0	0	0	0	0	0	-400	-113	384	0	-400
1	-113	784	19391700	-1	0	0	0	0	0	0	0	-400	-113	384	0	-400
1	-113	784	19395712	0	0	0	1	0	0	0	0	-400	-113	384	0	-400
1	-113	784	19397740	-2	1	0	0	0	0	0	0	-400	-113	384	0	-400
1	-113	784	19399736	-1	3	-1	2	0	0	0	0	-400	-113	384	0	-400
1	-113	784	19401744	-1	2	0	2	0	0	0	0	-400	-113	384	0	-400
1	-113	784	19403736	-3	4	-1	3	0	0	0	0	-400	-113	384	0	-400
1	-113	784	19405740	-2	5	0	5	0	0	0	0	-400	-113	384	0	-400
1	-113	784	19407764	-4	6	-1	7	-1	1	0	-1	-399	-113	384	0	-400
1	-113	784	19409744	-4	9	-3	8	0	1	0	-1	-398	-113	384	0	-400
1	-113	784	19411748	-5	13	-1	10	0	2	0	-1	-396	-113	384	0	-400
1	-113	784	19413764	-6	13	-3	12	-1	1	0	-2	-395	-113	384	0	-400
1	-113	784	19415748	-6	18	-3	17	0	2	0	-2	-393	-113	384	0	-400
1	-113	784	19417764	-8	20	-4	18	-1	3	0	-3	-390	-113	384	0	-400
1	-113	784	19419760	-7	24	-4	21	-1	2	0	-4	-388	-113	384	0	-400
1	-113	784	19421760	-9	27	-5	24	-1	3	0	-5	-385	-113	384	0	-400
1	-113	784	19423760	-9	33	-6	28	-1	4	0	-6	-381	-113	384	0	-400
1	-113	784	19425760	-10	36	-9	37	-1	5	0	-7	-376	-113	384	0	-400
1	-113	784	19427760	-8	41	-9	36	-1	4	0	-8	-372	-113	384	0	-400
1	-113	784	19429772	-10	46	-11	41	-1	6	0	-9	-366	-113	384	0	-400
1	-113	784	19431768	-9	53	-11	45	-1	6	0	-10	-360	-113	384	0	-400
1	-113	784	19433772	-9	56	-15	59	-2	7	0	-12	-353	-113	384	0	-400
1	-113	784	19435780	-9	63	-16	56	-1	7	0	-13	-346	-113	384	0	-400
1	-113	784	19437772	-6	60	-18	61	-2	7	0	-15	-339	-113	384	0	-400
1	-113	784	19439776	-7	72	-19	67	-1	9	0	-16	-330	-113	384	0	-400
1	-113	784	19441780	-7	79	-25	81	-2	9	0	-18	-321	-113	384	0	-400
1	-113	784	19443780	-3	84	-23	77	-2	10	0	-20	-311	-113	384	0	-400
1	-113	784	19445788	-4	90	-27	84	-2	11	0	-22	-300	-113	384	0	-400
1	-113	784	19447780	-1	96	-28	89	-1	11	0	-23	-289	-113	384	0	-400
1	-113	784	19449776	0	102	-35	107	-3	13	0	-26	-276	-113	384	0	-400
1	-113	784	19451780	0	109	-34	102	-2	13	0	-28	-263	-113	384	0	-400
1	-113	784	19453780	2	115	-35	106	-2	13	0	-30	-250	-113	384	0	-400
1	-113	784	19455780	5	121	-39	111	-2	14	0	-32	-236	-113	384	0	-400
1	-113	784	19457784	8	128	-46	135	-2	16	0	-34	-220	-113	384	0	-400
1	-113	784	19459784	9	134	-44	125	-2	16	0	-36	-204	-113	384	0	-400
1	-113	784	19461784	11	140	-45	129	-2	17	0	-38	-187	-113	384	0	-400
1	-113	784	19463776	14	146	-47	136	-2	17	0	-40	-170	-113	384	0	-400
1	-113	784	19465784	15	151	-57	161	-3	19	0	-43	-151	-113	384	0	-400
1	-113	784	19467784	16	158	-51	148	-2	19	0	-45	-132	-113	384	0	-400
1	-113	784	19469780	17	163	-52	152	-2	19	0	-47	-113	-113	384	0	-400
1	-113	784	19471788	20	170	-55	159	-2	20	0	-49	-93	-113	384	0	-400
1	-113	784	19473796	22	177	-63	189	-3	22	0	-52	-71	-113	384	0	-400
1	-113	784	19475792	22	182	-57	170	-2	22	0	-54	-49	-113	384	0	-400
1	-113	784	19477788	24	189	-59	176	-2	22	0	-56	-27	-113	384	0	-400
1	-113	784	19479796	25	194	-59	181	-2	23	0	-58	-4	-113	384	0	-400
1	-113	784	19481792	26	200	-61	187	-2	23	0	-60	19	-113	384	0	-400
1	-113	784	19483788	28	205	-70	220	-3	26	0	-63	45	-113	384	0	-400
1	-113	784	19485784	25	183	-64	196	-2	23	0	-65	68	-113	384	0	-400
1	-113	784	19487780	28	214	-64	202	-2	26	0	-67	94	-113	384	0	-400
1	-113	784	19489772	30	218	-65	205	-3	25	0	-70	119	-113	384	0	-400
1	-113	784	19491764	32	222	-73	240	-2	29	0	-72	148	-113	384	0	-400
1	-113	784	19493760	31	226	-67	214	-2	26	0	-74	174	-113	384	0	-400
1	-113	784	19495764	31	230	-66	218	-2	28	0	-76	202	-113	384	0	-400
1	-113	784	19497764	31	232	-67	220	-3	27	0	-79	229	-113	384	0	-400
1	-113	784	19499760	33	235	-67	221	-2	28	0	-81	257	-113	384	0	-400
1	-113	784	19501760	34	235	-77	256	-2	30	0	-83	287	-113	384	0	-400
1	-113	784	19503752	32	236	-66	224	-2	28	0	-85	315	-113	384	0	-400
1	-113	784	19505748	33	235	-67	225	-2	28	0	-87	343	-113	384	0	-400
1	-113	784	19507748	32	235	-66	224	-2	28	0	-89	371	-113	384	0	-400
1	-113	784	19509744	33	231	-74	255	-3	30	0	-92	401	-113	384	0	-400
1	-113	784	19511740	31	229	-63	221	-2	27	0	-94	428	-113	384	0	-400
1	-113	784	19513748	32	225	-63	219	-2	27	0	-96	455	-113	384	0	-400
1	-113	784	19515748	32	221	-61	216	-2	27	0	-98	482	-113	384	0	-400
1	-113	784	19517744	31	218	-60	212	-1	26	0	-99	508	-113	384	0	-400
1	-113	784	19519744	30	212	-66	239	-3	28	0	-102	536	-113	384	0	-400
1	-113	784	19521744	31	208	-54	204	-1	25	0	-103	561	-113	384	0	-400
1	-113	784	19523744	26	177	-53	199	-2	23	0	-105	584	-113	384	0	-400
1	-113	784	19525740	30	198	-48	195	-1	24	0	-106	608	-113	384	0	-400
1	-113	784	19527744	29	191	-54	216	-1	25	0	-107	633	-113	384	0	-400
1	-113	784	19529740	29	186	-44	184	-1	22	0	-108	655	-113	384	0	-400
1	-113	784	19531732	29	180	-40	177	-1	22	0	-109	677	-113	384	0	-400
1	-113	784	19533716	28	174	-39	173	0	21	0	-109	698	-113	384	0	-400
1	-113	784	19535728	28	167	-38	191	-1	22	0	-110	720	-113	384	0	-400
1	-113	784	19537732	26	162	-33	161	-1	20	0	-111	740	-113	384	0	-400
1	-113	784	19539708	28	155	-29	156	0	18	0	-111	758	-113	384	0	-400
1	-113	784	19541712	26	151	-27	150	0	19	0	-111	777	-113	384	0	-400
1	-113	784	19543716	26	145	-25	145	0	18	0	-111	795	-113	384	0	-400
1	-113	784	19545708	25	140	-26	160	0	18	0	-111	813	-113	384	0	-400
1	-113	784	19547704	25	136	-22	134	0	16	0	-111	829	-113	384	0	-400
1	-113	784	19549708	25	131	-20	130	0	16	0	-111	845	-113	384	0	-400
1	-113	784	19551704	24	128	-17	125	0	16	0	-111	861	-113	384	0	-400
1	-113	784	19553708	22	121	-19	139	0	15	0	-111	876	-113	384	0	-400
1	-113	784	19555720	23	118	-16	115	1	15	0	-110	891	-113	384	0	-400
1	-113	784	19557708	20	112	-15	112	0	13	0	-110	904	-113	384	0	-400
1	-113	784	19559724	20	108	-15	108	1	14	0	-109	918	-113	384	0	-400
1	-113	784	19561712	19	103	-16	119	0	13	0	-109	931	-113	384	0	-400
1	-113	784	19563712	16	100	-13	98	0	12	0	-109	943	-113	384	0	-400
1	-113	784	19565716	17	95	-12	95	0	12	0	-109	955	-113	384	0	-400
1	-113	784	19567720	15	93	-13	93	0	11	0	-109	966	-113	384	0	-400
1	-113	784	19569684	14	77	-14	100	0	11	0	-109	977	-113	384	0	-400
1	-113	784	19571728	15	85	-11	85	1	10	0	-108	987	-113	384	0	-400
1	-113	784	19573712	14	83	-11	81	0	10	0	-108	997	-113	384	0	-400
1	-113	784	19575712	14	79	-11	79	0	10	0	-108	1007	-113	384	0	-400
1	-113	784	19577712	13	76	-9	75	0	9	0	-108	1016	-113	384	0	-400
1	-113	784	19579716	14	72	-11	84	0	10	0	-108	1026	-113	384	0	-400
1	-113	784	19581728	13	69	-8	68	1	8	0	-107	1034	-113	384	0	-400
1	-113	784	19583720	12	65	-7	67	0	8	0	-107	1042	-113	384	0	-400
1	-113	784	19585720	13	64	-8	63	0	8	0	-107	1050	-113	384	0	-400
1	-113	784	19587736	12	60	-7	69	1	8	0	-106	1058	-113	384	0	-400
1	-113	784	19589728	13	56	-5	56	0	6	0	-106	1064	-113	384	0	-400
1	-113	784	19591740	12	54	-4	54	1	7	0	-105	1071	-113	384	0	-400
1	-113	784	19593732	13	51	-4	51	0	6	0	-105	1077	-113	384	0	-400
1	-113	784	19595744	12	48	-4	55	1	6	0	-104	1083	-113	384	0	-400
1	-113	784	19597724	13	45	-2	45	0	6	0	-104	1089	-113	384	0	-400
1	-113	784	19599736	12	42	-1	44	1	5	0	-103	1094	-113	384	0	-400
1	-113	784	19601740	13	39	-2	39	1	5	0	-102	1085	-113	384	0	-400
1	-113	784	19603728	11	36	-1	42	0	5	0	-102	1090	-113	384	0	-400
1	-113	784	19605740	11	34	0	35	1	4	1	-101	1094	-113	384	0	-400
2	329	-721	19631724	7	5	2	5	1	0	1	-112	384	216	-337	-113	384
2	329	-721	19633724	5	2	1	5	0	1	1	-112	385	216	-337	-113	384
2	329	-721	19635720	5	3	1	3	1	0	1	-111	385	216	-337	-113	384
2	329	-721	19637704	5	1	1	3	0	0	1	-111	385	216	-337	-113	384
2	329	-721	19639708	5	1	2	1	0	0	1	-111	385	216	-337	-113	384
2	329	-721	19641736	5	0	1	1	1	1	1	-110	386	216	-337	-113	384
2	329	-721	19643672	6	0	2	0	0	0	1	-110	386	216	-337	-113	384
2	329	-721	19645724	6	-1	2	0	1	0	1	-109	386	216	-337	-113	384
2	329	-721	19647712	8	-3	2	-1	0	0	1	-109	386	216	-337	-113	384
2	329	-721	19649728	7	-2	3	-2	1	0	1	-108	386	216	-337	-113	384
2	329	-721	19651732	9	-3	2	-2	1	0	1	-107	386	216	-337	-113	384
2	329	-721	19653744	10	-4	3	-3	1	-1	1	-106	385	216	-337	-113	384
2	329	-721	19655728	11	-3	3	-3	1	0	1	-105	385	216	-337	-113	384
2	329	-721	19657740	13	-4	4	-4	1	-1	1	-104	384	216	-337	-113	384
2	329	-721	19659716	12	-6	5	-5	1	0	1	-103	384	216	-337	-113	384
2	329	-721	19661728	15	-5	5	-5	1	-1	1	-102	383	216	-337	-113	384
2	329	-721	19663732	14	-7	6	-8	1	-1	1	-101	382	216	-337	-113	384
2	329	-721	19665736	16	-7	8	-6	2	-1	1	-99	381	216	-337	-113	384
2	329	-721	19667740	19	-10	7	-9	2	-1	1	-97	380	216	-337	-113	384
2	329	-721	19669740	19	-11	8	-11	1	-1	1	-96	379	216	-337	-113	384
2	329	-721	19671736	20	-13	11	-14	2	-2	1	-94	377	216	-337	-113	384
2	329	-721	19673732	20	-16	11	-13	2	-2	1	-92	375	216	-337	-113	384
2	329	-721	19675724	21	-18	12	-17	2	-2	1	-90	373	216	-337	-113	384
2	329	-721	19677736	21	-20	13	-18	3	-3	1	-87	370	216	-337	-113	384
2	329	-721	19679732	23	-23	17	-25	2	-3	1	-85	367	216	-337	-113	384
2	329	-721	19681736	22	-25	16	-24	3	-3	1	-82	364	216	-337	-113	384
2	329	-721	19683748	21	-29	17	-26	2	-4	1	-80	360	216	-337	-113	384
2	329	-721	19685744	23	-33	19	-28	3	-3	1	-77	357	216	-337	-113	384
2	329	-721	19687740	22	-33	21	-31	2	-5	1	-75	352	216	-337	-113	384
2	329	-721	19689736	23	-38	25	-39	3	-4	0	-72	348	216	-337	-113	384
2	329	-721	19691728	21	-40	25	-36	3	-5	0	-69	343	216	-337	-113	384
2	329	-721	19693736	23	-44	25	-39	4	-6	0	-65	337	216	-337	-113	384
2	329	-721	19695732	22	-46	28	-42	3	-5	0	-62	332	216	-337	-113	384
2	329	-721	19697732	23	-49	34	-52	3	-7	0	-59	325	216	-337	-113	384
2	329	-721	19699728	22	-52	31	-47	4	-6	0	-55	319	216	-337	-113	384
2	329	-721	19701720	21	-55	34	-50	3	-7	0	-52	312	216	-337	-113	384
2	329	-721	19703716	23	-58	35	-53	4	-7	0	-48	305	216	-337	-113	384
2	329	-721	19705712	22	-60	37	-55	4	-7	0	-44	298	216	-337	-113	384
2	329	-721	19707708	20	-53	45	-66	4	-8	0	-40	290	216	-337	-113	384
2	329	-721	19709712	23	-65	41	-60	4	-8	0	-36	282	216	-337	-113	384
2	329	-721	19711716	24	-69	44	-64	4	-8	0	-32	274	216	-337	-113	384
2	329	-721	19713712	23	-70	45	-66	5	-9	0	-27	265	216	-337	-113	384
2	329	-721	19715708	25	-75	55	-79	5	-10	0	-22	255	216	-337	-113	384
2	329	-721	19717708	27	-78	50	-72	5	-10	0	-17	245	216	-337	-113	384
2	329	-721	19719708	25	-82	53	-76	5	-10	0	-12	235	216	-337	-113	384
2	329	-721	19721712	27	-88	53	-79	5	-11	0	-7	224	216	-337	-113	384
2	329	-721	19723712	25	-91	64	-96	6	-12	0	-1	212	216	-337	-113	384
2	329	-721	19725716	25	-95	58	-89	5	-11	0	4	201	216	-337	-113	384
2	329	-721	19727716	25	-101	58	-93	5	-13	0	9	188	216	-337	-113	384
2	329	-721	19729720	23	-105	60	-96	6	-13	0	15	175	216	-337	-113	384
2	329	-721	19731716	21	-109	70	-115	5	-14	0	20	161	216	-337	-113	384
2	329	-721	19733716	20	-114	62	-105	6	-14	0	26	147	216	-337	-113	384
2	329	-721	19735716	19	-117	63	-110	5	-15	0	31	132	216	-337	-113	384
2	329	-721	19737712	16	-123	64	-112	5	-15	0	36	117	216	-337	-113	384
2	329	-721	19739712	16	-125	65	-117	5	-15	0	41	102	216	-337	-113	384
2	329	-721	19741716	14	-130	75	-137	6	-17	0	47	85	216	-337	-113	384
2	329	-721	19743708	11	-132	66	-123	5	-17	0	52	68	216	-337	-113	384
2	329	-721	19745708	11	-135	68	-126	5	-16	0	57	52	216	-337	-113	384
2	329	-721	19747712	9	-139	66	-129	5	-18	0	62	34	216	-337	-113	384
2	329	-721	19749708	8	-140	78	-150	5	-18	0	67	16	216	-337	-113	384
2	329	-721	19751704	5	-142	67	-135	5	-18	0	72	-2	216	-337	-113	384
2	329	-721	19753700	3	-127	68	-135	4	-17	0	76	-19	216	-337	-113	384
2	329	-721	19755696	4	-146	67	-137	5	-18	0	81	-37	216	-337	-113	384
2	329	-721	19757704	3	-147	79	-160	5	-19	0	86	-56	216	-337	-113	384
2	329	-721	19759700	1	-149	69	-140	5	-19	0	91	-75	216	-337	-113	384
2	329	-721	19761696	1	-150	68	-143	4	-19	0	95	-94	216	-337	-113	384
2	329	-721	19763692	1	-151	70	-142	5	-19	0	100	-113	216	-337	-113	384
2	329	-721	19765684	0	-153	70	-144	4	-19	0	104	-132	216	-337	-113	384
2	329	-721	19767696	0	-154	80	-166	5	-20	0	109	-152	216	-337	-113	384
2	329	-721	19769684	0	-155	72	-146	5	-19	0	114	-171	216	-337	-113	384
2	329	-721	19771696	0	-156	70	-147	4	-20	0	118	-191	216	-337	-113	384
2	329	-721	19773692	-2	-156	71	-147	5	-19	0	123	-210	216	-337	-113	384
2	329	-721	19775696	-3	-159	80	-170	5	-21	0	128	-231	216	-337	-113	384
2	329	-721	19777696	-4	-159	70	-150	4	-20	0	132	-251	216	-337	-113	384
2	329	-721	19779700	-5	-160	69	-150	4	-20	0	136	-271	216	-337	-113	384
2	329	-721	19781700	-6	-160	70	-151	4	-20	0	140	-291	216	-337	-113	384
2	329	-721	19783704	-7	-161	78	-174	5	-21	0	145	-312	216	-337	-113	384
2	329	-721	19785700	-8	-162	69	-153	4	-21	0	149	-333	216	-337	-113	384
2	329	-721	19787704	-10	-163	68	-152	3	-20	0	152	-353	216	-337	-113	384
2	329	-721	19789704	-9	-162	67	-154	4	-20	0	156	-373	216	-337	-113	384
2	329	-721	19791704	-11	-163	76	-176	4	-22	0	160	-395	216	-337	-113	384
2	329	-721	19793700	-10	-162	68	-154	4	-20	0	164	-415	216	-337	-113	384
2	329	-721	19795700	-12	-163	66	-155	4	-20	0	168	-435	216	-337	-113	384
2	329	-721	19797696	-12	-162	66	-154	3	-21	0	171	-456	216	-337	-113	384
2	329	-721	19799696	-10	-142	75	-177	4	-20	0	175	-476	216	-337	-113	384
2	329	-721	19801692	-11	-162	67	-154	4	-20	0	179	-496	216	-337	-113	384
2	329	-721	19803684	-12	-161	65	-154	3	-21	0	182	-517	216	-337	-113	384
2	329	-721	19805684	-10	-162	65	-153	4	-20	0	186	-537	216	-337	-113	384
2	329	-721	19807684	-12	-160	66	-153	3	-20	0	189	-557	216	-337	-113	384
2	329	-721	19809700	-8	-158	75	-174	4	-21	0	193	-578	216	-337	-113	384
2	329	-721	19811700	-9	-159	66	-151	4	-20	0	197	-598	216	-337	-113	384
2	329	-721	19813704	-6	-156	66	-150	4	-20	0	201	-618	216	-337	-113	384
2	329	-721	19815712	-5	-155	68	-149	4	-19	0	205	-637	216	-337	-113	384
2	329	-721	19817716	-4	-153	76	-168	5	-21	0	210	-658	216	-337	-113	384
2	329	-721	19819712	0	-150	68	-145	4	-19	0	214	-677	216	-337	-113	384
2	329	-721	19821708	0	-149	67	-144	4	-18	0	218	-695	216	-337	-113	384
2	329	-721	19823708	3	-145	69	-141	5	-19	0	223	-714	216	-337	-113	384
2	329	-721	19825704	6	-143	79	-158	5	-19	0	228	-733	216	-337	-113	384
2	329	-721	19827696	10	-139	68	-135	5	-18	0	233	-751	216	-337	-113	384
2	329	-721	19829696	11	-138	70	-132	5	-17	0	238	-768	216	-337	-113	384
2	329	-721	19831700	15	-133	69	-130	6	-17	0	244	-785	216	-337	-113	384
2	329	-721	19833700	18	-130	79	-145	6	-17	0	250	-802	216	-337	-113	384
2	329	-721	19835700	20	-127	69	-123	6	-16	0	256	-818	216	-337	-113	384
2	329	-721	19837700	22	-122	68	-120	6	-16	0	262	-834	216	-337	-113	384
2	329	-721	19839700	24	-120	68	-116	5	-15	0	267	-849	216	-337	-113	384
2	329	-721	19841700	27	-116	76	-129	7	-16	0	274	-865	216	-337	-113	384
2	329	-721	19843700	28	-112	65	-110	6	-14	0	280	-879	216	-337	-113	384
2	329	-721	19845700	31	-108	64	-105	6	-14	0	286	-893	216	-337	-113	384
2	329	-721	19847700	28	-92	61	-102	6	-12	0	292	-905	216	-337	-113	384
2	329	-721	19849708	32	-100	60	-98	6	-13	0	298	-918	216	-337	-113	384
2	329	-721	19851700	33	-96	65	-107	6	-13	0	304	-931	216	-337	-113	384
2	329	-721	19853708	33	-92	54	-89	6	-11	0	310	-942	216	-337	-113	384
2	329	-721	19855708	34	-88	51	-85	5	-11	0	315	-953	216	-337	-113	384
2	329	-721	19857704	34	-84	48	-81	5	-11	0	320	-964	216	-337	-113	384
2	329	-721	19859704	32	-78	50	-89	6	-11	0	326	-975	216	-337	-113	384
2	329	-721	19861708	33	-74	40	-73	4	-9	0	330	-984	216	-337	-113	384
2	329	-721	19863704	30	-70	37	-68	5	-9	0	335	-993	216	-337	-113	384
2	329	-721	19865704	29	-65	33	-64	3	-8	0	338	-1001	216	-337	-113	384
2	329	-721	19867704	28	-59	33	-68	4	-8	0	342	-1009	216	-337	-113	384
2	329	-721	19869708	25	-55	27	-55	4	-7	0	346	-1016	216	-337	-113	384
2	329	-721	19871712	25	-50	22	-51	3	-7	1	349	-1023	216	-337	-113	384
3	-518	599	19885676	10	-19	6	-23	1	-3	1	217	-340	-302	262	216	-337
3	-518	599	19887672	9	-16	4	-18	1	-2	1	218	-342	-302	262	216	-337
3	-518	599	19889672	6	-13	4	-15	1	-2	1	219	-344	-302	262	216	-337
3	-518	599	19891660	5	-8	2	-11	0	-1	1	219	-345	-302	262	216	-337
3	-518	599	19893680	4	-9	3	-13	1	-2	1	220	-347	-302	262	216	-337
3	-518	599	19895664	3	-6	1	-7	0	0	1	220	-347	-302	262	216	-337
3	-518	599	19897680	4	-4	1	-5	0	-1	1	220	-348	-302	262	216	-337
3	-518	599	19899680	1	-3	0	-5	1	0	1	221	-348	-302	262	216	-337
3	-518	599	19901676	2	-2	0	-4	0	-1	1	221	-349	-302	262	216	-337
3	-518	599	19903664	1	-1	2	-1	0	0	1	221	-349	-302	262	216	-337
3	-518	599	19905672	1	-2	0	-1	0	0	1	221	-349	-302	262	216	-337
3	-518	599	19907636	0	0	0	-2	0	0	1	221	-349	-302	262	216	-337
3	-518	599	19913640	1	0	0	0	0	0	1	221	-349	-302	262	216	-337
3	-518	599	19919644	2	0	0	0	0	0	1	221	-349	-302	262	216	-337
3	-518	599	19925652	1	0	0	0	0	0	1	221	-349	-302	262	216	-337
3	-518	599	19931656	1	0	0	0	0	0	1	221	-349	-302	262	216	-337
3	-518	599	19937680	1	1	0	0	0	0	1	221	-349	-302	262	216	-337
3	-518	599	19939656	0	0	0	1	0	0	1	221	-349	-302	262	216	-337
3	-518	599	19941652	2	0	0	0	0	0	1	221	-349	-302	262	216	-337
3	-518	599	19943652	0	1	0	0	0	0	1	221	-349	-302	262	216	-337
3	-518	599	19945680	1	0	0	1	0	0	1	221	-349	-302	262	216	-337
3	-518	599	19947672	0	1	-1	0	0	0	1	221	-349	-302	262	216	-337
3	-518	599	19949672	1	0	0	1	0	0	1	221	-349	-302	262	216	-337
3	-518	599	19951680	0	3	-1	2	0	0	1	221	-349	-302	262	216	-337
3	-518	599	19953680	1	1	-3	2	0	0	0	221	-349	-302	262	216	-337
3	-518	599	19955672	0	4	-3	4	0	0	0	221	-349	-302	262	216	-337
3	-518	599	19957684	2	3	-4	4	0	1	0	221	-348	-302	262	216	-337
3	-518	599	19959672	0	7	-6	5	0	0	0	221	-348	-302	262	216	-337
3	-518	599	19961684	0	7	-9	7	0	1	0	221	-347	-302	262	216	-337
3	-518	599	19963700	0	9	-10	9	-1	1	0	220	-346	-302	262	216	-337
3	-518	599	19965680	0	12	-13	10	0	2	0	220	-344	-302	262	216	-337
3	-518	599	19967700	-1	14	-13	11	-1	1	0	219	-343	-302	262	216	-337
3	-518	599	19969688	-2	16	-20	16	-2	2	0	217	-341	-302	262	216	-337
3	-518	599	19971696	-3	18	-20	17	-1	3	0	216	-338	-302	262	216	-337
3	-518	599	19973696	-3	22	-24	18	-2	2	0	214	-336	-302	262	216	-337
3	-518	599	19975700	-5	25	-26	22	-2	3	0	212	-333	-302	262	216	-337
3	-518	599	19977704	-5	29	-35	28	-3	4	0	209	-329	-302	262	216	-337
3	-518	599	19979708	-7	31	-33	28	-2	4	0	207	-325	-302	262	216	-337
3	-518	599	19981712	-8	35	-37	30	-3	4	0	204	-321	-302	262	216	-337
3	-518	599	19983708	-9	39	-39	34	-3	5	0	201	-316	-302	262	216	-337
3	-518	599	19985700	-10	43	-44	37	-4	5	0	197	-311	-302	262	216	-337
3	-518	599	19987700	-10	41	-54	46	-4	5	0	193	-306	-302	262	216	-337
3	-518	599	19989700	-13	49	-50	44	-4	6	0	189	-300	-302	262	216	-337
3	-518	599	19991696	-15	52	-52	46	-4	6	0	185	-294	-302	262	216	-337
3	-518	599	19993692	-15	56	-56	50	-5	7	0	180	-287	-302	262	216	-337
3	-518	599	19995680	-16	60	-67	62	-5	8	0	175	-279	-302	262	216	-337
3	-518	599	19997672	-19	63	-61	56	-5	8	0	170	-271	-302	262	216	-337
3	-518	599	19999664	-18	65	-62	60	-5	8	0	165	-263	-302	262	216	-337
3	-518	599	20001676	-20	69	-65	62	-6	8	0	159	-255	-302	262	216	-337
3	-518	599	20003672	-20	71	-78	74	-6	9	0	153	-246	-302	262	216	-337
3	-518	599	20005668	-23	74	-69	68	-6	10	0	147	-236	-302	262	216	-337
3	-518	599	20007668	-24	76	-72	70	-6	9	0	141	-227	-302	262	216	-337
3	-518	599	20009668	-23	79	-74	71	-6	10	0	135	-217	-302	262	216	-337
3	-518	599	20011668	-25	81	-76	75	-7	10	0	128	-207	-302	262	216	-337
3	-518	599	20013668	-28	85	-90	87	-7	11	0	121	-196	-302	262	216	-337
3	-518	599	20015668	-27	87	-81	80	-7	10	0	114	-186	-302	262	216	-337
3	-518	599	20017668	-30	90	-85	83	-7	11	0	107	-175	-302	262	216	-337
3	-518	599	20019664	-30	94	-87	85	-8	12	0	99	-163	-302	262	216	-337
3	-518	599	20021664	-30	96	-103	100	-8	12	0	91	-151	-302	262	216	-337
3	-518	599	20023676	-33	99	-94	90	-9	12	0	82	-139	-302	262	216	-337
3	-518	599	20025676	-32	101	-98	94	-8	13	0	74	-126	-302	262	216	-337
3	-518	599	20027684	-34	105	-101	96	-9	13	0	65	-113	-302	262	216	-337
3	-518	599	20029684	-34	109	-121	112	-10	14	0	55	-99	-302	262	216	-337
3	-518	599	20031684	-31	96	-110	103	-9	13	0	46	-86	-302	262	216	-337
3	-518	599	20033684	-36	115	-114	104	-9	14	0	37	-72	-302	262	216	-337
3	-518	599	20035688	-38	117	-120	107	-10	14	0	27	-58	-302	262	216	-337
3	-518	599	20037684	-37	120	-141	125	-12	16	0	15	-42	-302	262	216	-337
3	-518	599	20039676	-39	123	-128	113	-10	15	0	5	-27	-302	262	216	-337
3	-518	599	20041672	-40	125	-132	115	-11	15	0	-6	-12	-302	262	216	-337
3	-518	599	20043668	-40	128	-136	117	-12	16	0	-18	4	-302	262	216	-337
3	-518	599	20045680	-41	130	-160	136	-13	17	0	-31	21	-302	262	216	-337
3	-518	599	20047680	-42	131	-145	123	-12	16	0	-43	37	-302	262	216	-337
3	-518	599	20049680	-42	134	-148	124	-12	17	0	-55	54	-302	262	216	-337
3	-518	599	20051680	-43	134	-151	123	-12	16	0	-67	70	-302	262	216	-337
3	-518	599	20053680	-43	136	-154	127	-13	17	0	-80	87	-302	262	216	-337
3	-518	599	20055680	-44	135	-180	143	-14	18	0	-94	105	-302	262	216	-337
3	-518	599	20057680	-45	137	-159	128	-13	17	0	-107	122	-302	262	216	-337
3	-518	599	20059676	-44	137	-160	127	-13	17	0	-120	139	-302	262	216	-337
3	-518	599	20061676	-44	135	-161	128	-13	17	0	-133	156	-302	262	216	-337
3	-518	599	20063676	-43	136	-186	145	-15	18	0	-148	174	-302	262	216	-337
3	-518	599	20065680	-43	135	-163	126	-13	17	0	-161	191	-302	262	216	-337
3	-518	599	20067676	-42	135	-162	126	-13	16	0	-174	207	-302	262	216	-337
3	-518	599	20069680	-42	134	-163	125	-14	17	0	-188	224	-302	262	216	-337
3	-518	599	20071680	-41	132	-183	143	-14	18	0	-202	242	-302	262	216	-337
3	-518	599	20073676	-39	131	-160	124	-13	16	0	-215	258	-302	262	216	-337
3	-518	599	20075672	-37	130	-159	122	-12	16	0	-227	274	-302	262	216	-337
3	-518	599	20077672	-33	113	-156	121	-12	15	0	-239	289	-302	262	216	-337
3	-518	599	20079672	-35	127	-177	138	-14	17	0	-253	306	-302	262	216	-337
3	-518	599	20081672	-35	127	-151	117	-12	16	0	-265	322	-302	262	216	-337
3	-518	599	20083664	-33	122	-149	117	-12	15	0	-277	337	-302	262	216	-337
3	-518	599	20085660	-34	121	-145	113	-11	15	0	-288	352	-302	262	216	-337
3	-518	599	20087660	-33	120	-142	113	-11	15	0	-299	367	-302	262	216	-337
3	-518	599	20089664	-32	117	-159	125	-13	16	0	-312	383	-302	262	216	-337
3	-518	599	20091660	-33	115	-135	107	-10	14	0	-322	397	-302	262	216	-337
3	-518	599	20093660	-32	111	-131	105	-11	14	0	-333	411	-302	262	216	-337
3	-518	599	20095656	-33	109	-128	103	-10	13	0	-343	424	-302	262	216	-337
3	-518	599	20097656	-32	105	-141	114	-11	14	0	-354	438	-302	262	216	-337
3	-518	599	20099652	-35	103	-120	97	-10	13	0	-364	451	-302	262	216	-337
3	-518	599	20101656	-34	100	-117	94	-10	12	0	-374	463	-302	262	216	-337
3	-518	599	20103652	-35	98	-112	92	-9	13	0	-383	476	-302	262	216	-337
3	-518	599	20105648	-36	95	-125	102	-10	12	0	-393	488	-302	262	216	-337
3	-518	599	20107652	-36	91	-105	86	-10	12	0	-403	500	-302	262	216	-337
3	-518	599	20109648	-38	90	-101	84	-8	11	0	-411	511	-302	262	216	-337
3	-518	599	20111640	-39	86	-99	80	-9	10	0	-420	521	-302	262	216	-337
3	-518	599	20113640	-38	83	-95	78	-9	11	0	-429	532	-302	262	216	-337
3	-518	599	20115644	-39	81	-105	87	-9	11	0	-438	543	-302	262	216	-337
3	-518	599	20117632	-35	70	-90	72	-8	9	0	-446	552	-302	262	216	-337
3	-518	599	20119640	-41	76	-86	73	-8	9	0	-454	561	-302	262	216	-337
3	-518	599	20121636	-40	75	-85	70	-8	9	0	-462	570	-302	262	216	-337
3	-518	599	20123636	-42	74	-94	77	-9	10	0	-471	580	-302	262	216	-337
3	-518	599	20125636	-41	71	-80	68	-8	9	0	-479	589	-302	262	216	-337
3	-518	599	20127632	-41	72	-77	66	-7	9	0	-486	598	-302	262	216	-337
3	-518	599	20129628	-40	68	-76	65	-8	8	0	-494	606	-302	262	216	-337
3	-518	599	20131624	-40	68	-83	72	-8	9	0	-502	615	-302	262	216	-337
3	-518	599	20133624	-40	66	-71	62	-7	9	1	-509	624	-302	262	216	-337
4	666	-428	20147616	-34	52	-51	50	-6	7	1	-308	269	364	-166	-302	262
4	666	-428	20149616	-30	48	-54	55	-6	7	1	-314	276	364	-166	-302	262
4	666	-428	20151616	-30	45	-44	44	-5	7	1	-319	283	364	-166	-302	262
4	666	-428	20153616	-28	42	-40	42	-5	5	1	-324	288	364	-166	-302	262
4	666	-428	20155612	-26	37	-36	39	-4	6	1	-328	294	364	-166	-302	262
4	666	-428	20157612	-24	34	-37	40	-4	5	1	-332	299	364	-166	-302	262
4	666	-428	20159608	-18	26	-29	31	-4	4	1	-336	303	364	-166	-302	262
4	666	-428	20161612	-20	28	-25	29	-3	4	1	-339	307	364	-166	-302	262
4	666	-428	20163608	-19	22	-23	25	-3	3	1	-342	310	364	-166	-302	262
4	666	-428	20165600	-16	20	-20	22	-2	3	1	-344	313	364	-166	-302	262
4	666	-428	20167600	-14	18	-17	22	-2	3	1	-346	316	364	-166	-302	262
4	666	-428	20169600	-13	13	-14	16	-2	2	1	-348	318	364	-166	-302	262
4	666	-428	20171596	-11	12	-11	14	-2	2	1	-350	320	364	-166	-302	262
4	666	-428	20173596	-9	8	-9	11	-1	1	1	-351	321	364	-166	-302	262
4	666	-428	20175592	-8	7	-7	9	-1	1	1	-352	322	364	-166	-302	262
4	666	-428	20177588	-7	5	-5	7	-1	1	1	-353	323	364	-166	-302	262
4	666	-428	20179580	-5	3	-5	5	-1	0	1	-354	323	364	-166	-302	262
4	666	-428	20181580	-3	3	-3	4	0	1	1	-354	324	364	-166	-302	262
4	666	-428	20183564	-4	0	-2	2	0	0	1	-354	324	364	-166	-302	262
4	666	-428	20185572	-3	1	0	2	-1	0	1	-355	324	364	-166	-302	262
4	666	-428	20187560	-1	0	-2	1	0	0	1	-355	324	364	-166	-302	262
4	666	-428	20189536	-1	0	0	0	0	0	1	-355	324	364	-166	-302	262
4	666	-428	20195548	-1	0	0	0	0	0	1	-355	324	364	-166	-302	262
4	666	-428	20197556	0	-1	0	0	0	0	1	-355	324	364	-166	-302	262
4	666	-428	20199552	0	-2	0	-1	0	0	1	-355	324	364	-166	-302	262
4	666	-428	20201580	0	-1	1	-2	0	0	1	-355	324	364	-166	-302	262
4	666	-428	20203576	0	-4	2	-3	0	0	1	-355	324	364	-166	-302	262
4	666	-428	20205564	0	-3	3	-2	0	0	1	-355	324	364	-166	-302	262
4	666	-428	20207584	0	-4	4	-5	0	-1	1	-355	323	364	-166	-302	262
4	666	-428	20209588	0	-6	5	-6	0	-1	1	-355	322	364	-166	-302	262
4	666	-428	20211592	0	-9	6	-7	0	-1	1	-355	321	364	-166	-302	262
4	666	-428	20213608	-2	-9	7	-8	1	-1	1	-354	320	364	-166	-302	262
4	666	-428	20215596	0	-11	9	-10	0	-1	1	-354	319	364	-166	-302	262
4	666	-428	20217604	0	-13	13	-13	1	-2	1	-353	317	364	-166	-302	262
4	666	-428	20219612	0	-15	12	-14	1	-2	1	-352	315	364	-166	-302	262
4	666	-428	20221604	0	-16	14	-13	1	-2	0	-351	313	364	-166	-302	262
4	666	-428	20223608	0	-17	16	-18	1	-3	0	-350	310	364	-166	-302	262
4	666	-428	20225608	1	-22	21	-21	2	-3	0	-348	307	364	-166	-302	262
4	666	-428	20227612	1	-22	22	-20	1	-2	0	-347	305	364	-166	-302	262
4	666	-428	20229600	2	-25	22	-23	2	-4	0	-345	301	364	-166	-302	262
4	666	-428	20231604	3	-28	25	-25	2	-3	0	-343	298	364	-166	-302	262
4	666	-428	20233608	2	-28	31	-31	2	-5	0	-341	293	364	-166	-302	262
4	666	-428	20235616	4	-33	32	-29	3	-4	0	-338	289	364	-166	-302	262
4	666	-428	20237604	5	-34	32	-31	2	-4	0	-336	285	364	-166	-302	262
4	666	-428	20239608	5	-36	35	-34	3	-5	0	-333	280	364	-166	-302	262
4	666	-428	20241612	8	-37	38	-35	3	-5	0	-330	275	364	-166	-302	262
4	666	-428	20243604	7	-42	46	-42	4	-6	0	-326	269	364	-166	-302	262
4	666	-428	20245608	9	-42	44	-40	4	-6	0	-322	263	364	-166	-302	262
4	666	-428	20247612	10	-46	46	-41	4	-6	0	-318	257	364	-166	-302	262
4	666	-428	20249612	11	-49	50	-44	4	-6	0	-314	251	364	-166	-302	262
4	666	-428	20251600	11	-44	60	-53	5	-7	0	-309	244	364	-166	-302	262
4	666	-428	20253600	14	-54	55	-47	5	-7	0	-304	237	364	-166	-302	262
4	666	-428	20255596	16	-56	59	-51	5	-7	0	-299	230	364	-166	-302	262
4	666	-428	20257592	17	-60	62	-53	5	-8	0	-294	222	364	-166	-302	262
4	666	-428	20259588	20	-61	65	-55	6	-8	0	-288	214	364	-166	-302	262
4	666	-428	20261584	20	-65	79	-66	7	-9	0	-281	205	364	-166	-302	262
4	666	-428	20263584	22	-66	72	-59	7	-9	0	-274	196	364	-166	-302	262
4	666	-428	20265576	25	-69	77	-61	7	-9	0	-267	187	364	-166	-302	262
4	666	-428	20267576	26	-70	81	-63	7	-9	0	-260	178	364	-166	-302	262
4	666	-428	20269572	29	-73	96	-72	9	-10	0	-251	168	364	-166	-302	262
4	666	-428	20271572	33	-73	90	-66	8	-10	0	-243	158	364	-166	-302	262
4	666	-428	20273572	35	-75	94	-67	9	-10	0	-234	148	364	-166	-302	262
4	666	-428	20275580	38	-77	100	-67	10	-10	0	-224	138	364	-166	-302	262
4	666	-428	20277580	43	-76	120	-78	11	-11	0	-213	127	364	-166	-302	262
4	666	-428	20279580	46	-77	110	-70	11	-10	0	-202	117	364	-166	-302	262
4	666	-428	20281580	50	-78	115	-70	11	-10	0	-191	107	364	-166	-302	262
4	666	-428	20283580	55	-77	120	-70	13	-10	0	-178	97	364	-166	-302	262
4	666	-428	20285580	59	-77	144	-81	14	-11	0	-164	86	364	-166	-302	262
4	666	-428	20287580	64	-76	131	-70	13	-10	0	-151	76	364	-166	-302	262
4	666	-428	20289580	67	-76	136	-71	14	-11	0	-137	65	364	-166	-302	262
4	666	-428	20291576	63	-66	141	-70	14	-9	0	-123	56	364	-166	-302	262
4	666	-428	20293572	76	-75	148	-70	16	-10	0	-107	46	364	-166	-302	262
4	666	-428	20295572	81	-75	174	-80	18	-11	0	-89	35	364	-166	-302	262
4	666	-428	20297576	85	-75	158	-70	17	-10	0	-72	25	364	-166	-302	262
4	666	-428	20299580	89	-74	163	-69	17	-10	0	-55	15	364	-166	-302	262
4	666	-428	20301580	94	-75	169	-70	18	-10	0	-37	5	364	-166	-302	262
4	666	-428	20303584	96	-75	197	-80	21	-11	0	-16	-6	364	-166	-302	262
4	666	-428	20305588	99	-74	176	-70	19	-10	0	3	-16	364	-166	-302	262
4	666	-428	20307584	101	-75	179	-69	19	-10	0	22	-26	364	-166	-302	262
4	666	-428	20309584	104	-75	183	-70	20	-10	0	42	-36	364	-166	-302	262
4	666	-428	20311584	105	-75	211	-80	22	-11	0	64	-47	364	-166	-302	262
4	666	-428	20313584	105	-75	186	-70	20	-10	0	84	-57	364	-166	-302	262
4	666	-428	20315584	107	-75	188	-68	21	-10	0	105	-67	364	-166	-302	262
4	666	-428	20317592	108	-76	188	-70	20	-10	0	125	-77	364	-166	-302	262
4	666	-428	20319592	108	-78	217	-80	23	-11	0	148	-88	364	-166	-302	262
4	666	-428	20321588	108	-76	188	-72	21	-10	0	169	-98	364	-166	-302	262
4	666	-428	20323584	107	-77	189	-70	20	-10	0	189	-108	364	-166	-302	262
4	666	-428	20325580	108	-79	188	-71	21	-11	0	210	-119	364	-166	-302	262
4	666	-428	20327576	105	-79	186	-71	20	-10	0	230	-129	364	-166	-302	262
4	666	-428	20329576	105	-79	209	-81	22	-11	0	252	-140	364	-166	-302	262
4	666	-428	20331576	104	-81	182	-72	20	-11	0	272	-151	364	-166	-302	262
4	666	-428	20333568	102	-80	179	-72	19	-10	0	291	-161	364	-166	-302	262
4	666	-428	20335564	89	-71	177	-73	18	-10	0	309	-171	364	-166	-302	262
4	666	-428	20337556	99	-81	199	-82	21	-12	0	330	-183	364	-166	-302	262
4	666	-428	20339560	98	-83	171	-73	19	-10	0	349	-193	364	-166	-302	262
4	666	-428	20341560	98	-82	169	-73	18	-11	0	367	-204	364	-166	-302	262
4	666	-428	20343564	95	-84	166	-73	19	-11	0	386	-215	364	-166	-302	262
4	666	-428	20345556	95	-83	187	-84	19	-12	0	405	-227	364	-166	-302	262
4	666	-428	20347560	92	-83	158	-72	17	-11	0	422	-238	364	-166	-302	262
4	666	-428	20349560	92	-83	157	-74	18	-10	0	440	-248	364	-166	-302	262
4	666	-428	20351564	90	-82	152	-72	17	-11	0	457	-259	364	-166	-302	262
4	666	-428	20353564	88	-83	170	-83	17	-12	0	474	-271	364	-166	-302	262
4	666	-428	20355564	88	-80	144	-72	17	-10	0	491	-281	364	-166	-302	262
4	666	-428	20357568	85	-79	139	-70	15	-11	0	506	-292	364	-166	-302	262
4	666	-428	20359568	85	-77	135	-70	15	-10	0	521	-302	364	-166	-302	262
4	666	-428	20361568	82	-75	147	-77	16	-10	0	537	-312	364	-166	-302	262
4	666	-428	20363568	80	-74	124	-66	15	-10	0	552	-322	364	-166	-302	262
4	666	-428	20365568	78	-70	117	-64	13	-9	0	565	-331	364	-166	-302	262
4	666	-428	20367572	74	-66	113	-62	13	-9	0	578	-340	364	-166	-302	262
4	666	-428	20369568	71	-64	105	-60	12	-9	0	590	-349	364	-166	-302	262
4	666	-428	20371572	67	-61	111	-65	13	-9	0	603	-358	364	-166	-302	262
4	666	-428	20373568	63	-58	91	-55	10	-7	0	613	-365	364	-166	-302	262
4	666	-428	20375560	60	-53	84	-51	10	-8	0	623	-373	364	-166	-302	262
4	666	-428	20377560	56	-52	78	-50	10	-7	0	633	-380	364	-166	-302	262
4	666	-428	20379552	45	-41	80	-53	8	-6	1	641	-386	364	-166	-302	262
5	-760	223	20403708	14	-26	18	-28	3	-4	1	367	-170	-396	57	364	-166
5	-760	223	20405684	10	-22	12	-21	1	-3	1	368	-173	-396	57	364	-166
5	-760	223	20407692	10	-22	13	-23	2	-4	1	370	-177	-396	57	364	-166
5	-760	223	20409696	8	-21	11	-23	1	-3	1	371	-180	-396	57	364	-166
5	-760	223	20411704	7	-22	10	-22	2	-3	1	373	-183	-396	57	364	-166
5	-760	223	20413704	6	-21	9	-20	1	-3	1	374	-186	-396	57	364	-166
5	-760	223	20415688	5	-21	7	-21	0	-3	1	374	-189	-396	57	364	-166
5	-760	223	20417704	4	-20	8	-22	1	-3	1	375	-192	-396	57	364	-166
5	-760	223	20419708	4	-20	6	-20	1	-3	1	376	-195	-396	57	364	-166
5	-760	223	20421708	2	-20	5	-19	1	-3	1	377	-198	-396	57	364	-166
5	-760	223	20423692	3	-19	5	-20	0	-3	1	377	-201	-396	57	364	-166
5	-760	223	20425704	1	-20	5	-21	1	-3	1	378	-204	-396	57	364	-166
5	-760	223	20427688	1	-19	4	-19	0	-3	1	378	-207	-396	57	364	-166
5	-760	223	20429688	2	-18	2	-18	0	-2	1	378	-209	-396	57	364	-166
5	-760	223	20431708	0	-18	3	-18	1	-3	1	379	-212	-396	57	364	-166
5	-760	223	20433688	1	-17	2	-20	0	-3	1	379	-215	-396	57	364	-166
5	-760	223	20435696	0	-17	1	-17	0	-2	1	379	-217	-396	57	364	-166
5	-760	223	20437664	0	-16	0	-16	0	-3	1	379	-220	-396	57	364	-166
5	-760	223	20439688	0	-15	2	-15	0	-2	1	379	-222	-396	57	364	-166
5	-760	223	20441660	0	-14	0	-15	0	-2	1	379	-224	-396	57	364	-166
5	-760	223	20443652	0	-13	0	-15	0	-2	1	379	-226	-396	57	364	-166
5	-760	223	20445660	0	-13	0	-12	0	-2	1	379	-228	-396	57	364	-166
5	-760	223	20447684	0	-11	-1	-12	0	-2	1	379	-230	-396	57	364	-166
5	-760	223	20449700	0	-9	-1	-10	0	-1	1	379	-231	-396	57	364	-166
5	-760	223	20451668	1	-9	-1	-10	0	-1	1	379	-232	-396	57	364	-166
5	-760	223	20453696	0	-7	-2	-8	0	-1	1	379	-233	-396	57	364	-166
5	-760	223	20455692	0	-6	-1	-8	0	-1	0	379	-234	-396	57	364	-166
5	-760	223	20457688	0	-5	-2	-6	0	-1	0	379	-235	-396	57	364	-166
5	-760	223	20459684	1	-5	-3	-6	0	-1	0	379	-236	-396	57	364	-166
5	-760	223	20461680	0	-4	-4	-4	0	-1	0	379	-237	-396	57	364	-166
5	-760	223	20463668	0	-3	-2	-4	0	0	0	379	-237	-396	57	364	-166
5	-760	223	20465680	0	-2	-5	-2	0	-1	0	379	-238	-396	57	364	-166
5	-760	223	20467676	0	-1	-5	-3	-1	0	0	378	-238	-396	57	364	-166
5	-760	223	20469676	-2	0	-8	-1	-1	0	0	377	-238	-396	57	364	-166
5	-760	223	20471636	-3	0	-8	0	0	0	0	377	-238	-396	57	364	-166
5	-760	223	20473648	-5	0	-10	0	-2	0	0	375	-238	-396	57	364	-166
5	-760	223	20475680	-5	4	-13	2	-1	0	0	374	-238	-396	57	364	-166
5	-760	223	20477676	-7	3	-17	3	-2	0	0	372	-238	-396	57	364	-166
5	-760	223	20479684	-10	7	-18	5	-2	1	0	370	-237	-396	57	364	-166
5	-760	223	20481688	-12	7	-21	7	-2	1	0	368	-236	-396	57	364	-166
5	-760	223	20483700	-13	9	-26	7	-3	1	0	365	-235	-396	57	364	-166
5	-760	223	20485688	-18	10	-34	10	-4	2	0	361	-233	-396	57	364	-166
5	-760	223	20487688	-19	12	-34	10	-4	1	0	357	-232	-396	57	364	-166
5	-760	223	20489680	-22	14	-37	13	-4	2	0	353	-230	-396	57	364	-166
5	-760	223	20491688	-25	16	-43	13	-5	2	0	348	-228	-396	57	364	-166
5	-760	223	20493700	-29	18	-55	17	-6	3	0	342	-225	-396	57	364	-166
5	-760	223	20495700	-32	19	-54	17	-7	3	0	335	-222	-396	57	364	-166
5	-760	223	20497692	-35	20	-57	18	-6	2	0	329	-220	-396	57	364	-166
5	-760	223	20499688	-35	20	-64	20	-8	3	0	321	-217	-396	57	364	-166
5	-760	223	20501684	-43	23	-69	21	-8	3	0	313	-214	-396	57	364	-166
5	-760	223	20503676	-46	25	-85	25	-9	4	0	304	-210	-396	57	364	-166
5	-760	223	20505672	-50	28	-80	24	-10	4	0	294	-206	-396	57	364	-166
5	-760	223	20507672	-55	29	-85	25	-10	4	0	284	-202	-396	57	364	-166
5	-760	223	20509664	-58	30	-91	26	-11	4	0	273	-198	-396	57	364	-166
5	-760	223	20511668	-61	31	-111	32	-13	5	0	260	-193	-396	57	364	-166
5	-760	223	20513664	-65	32	-103	30	-12	4	0	248	-189	-396	57	364	-166
5	-760	223	20515652	-69	35	-107	32	-13	5	0	235	-184	-396	57	364	-166
5	-760	223	20517660	-72	37	-114	33	-14	5	0	221	-179	-396	57	364	-166
5	-760	223	20519664	-75	38	-136	40	-15	6	0	206	-173	-396	57	364	-166
5	-760	223	20521660	-79	40	-126	37	-15	6	0	191	-167	-396	57	364	-166
5	-760	223	20523664	-81	42	-130	38	-16	6	0	175	-161	-396	57	364	-166
5	-760	223	20525668	-84	43	-138	40	-16	6	0	159	-155	-396	57	364	-166
5	-760	223	20527676	-86	47	-162	49	-19	7	0	140	-148	-396	57	364	-166
5	-760	223	20529672	-90	47	-149	44	-17	6	0	123	-142	-396	57	364	-166
5	-760	223	20531676	-91	51	-154	46	-18	8	0	105	-134	-396	57	364	-166
5	-760	223	20533672	-93	53	-160	48	-19	7	0	86	-127	-396	57	364	-166
5	-760	223	20535680	-96	55	-166	51	-19	8	0	67	-119	-396	57	364	-166
5	-760	223	20537676	-96	57	-198	59	-22	8	0	45	-111	-396	57	364	-166
5	-760	223	20539672	-99	59	-177	55	-20	9	0	25	-102	-396	57	364	-166
5	-760	223	20541672	-88	54	-183	55	-20	8	0	5	-94	-396	57	364	-166
5	-760	223	20543668	-101	62	-187	56	-21	8	0	-16	-86	-396	57	364	-166
5	-760	223	20545668	-102	63	-219	66	-24	10	0	-40	-76	-396	57	364	-166
5	-760	223	20547664	-105	65	-197	60	-22	9	0	-62	-67	-396	57	364	-166
5	-760	223	20549664	-105	65	-202	60	-22	9	0	-84	-58	-396	57	364	-166
5	-760	223	20551660	-108	66	-203	60	-23	10	0	-107	-48	-396	57	364	-166
5	-760	223	20553660	-107	66	-239	69	-26	9	0	-133	-39	-396	57	364	-166
5	-760	223	20555660	-109	68	-211	60	-23	10	0	-156	-29	-396	57	364	-166
5	-760	223	20557668	-111	66	-215	59	-24	9	0	-180	-20	-396	57	364	-166
5	-760	223	20559668	-112	68	-218	60	-24	10	0	-204	-10	-396	57	364	-166
5	-760	223	20561664	-112	65	-250	66	-27	9	0	-231	-1	-396	57	364	-166
5	-760	223	20563664	-115	65	-220	56	-25	9	0	-256	8	-396	57	364	-166
5	-760	223	20565668	-115	62	-221	56	-24	9	0	-280	17	-396	57	364	-166
5	-760	223	20567672	-116	63	-221	55	-25	8	0	-305	25	-396	57	364	-166
5	-760	223	20569672	-117	60	-222	53	-25	9	0	-330	34	-396	57	364	-166
5	-760	223	20571676	-116	57	-252	59	-27	8	0	-357	42	-396	57	364	-166
5	-760	223	20573676	-117	56	-220	50	-25	8	0	-382	50	-396	57	364	-166
5	-760	223	20575676	-118	54	-220	46	-25	7	0	-407	57	-396	57	364	-166
5	-760	223	20577680	-116	51	-219	46	-24	8	0	-431	65	-396	57	364	-166
5	-760	223	20579680	-116	50	-249	49	-27	7	0	-458	72	-396	57	364	-166
5	-760	223	20581684	-117	47	-213	42	-25	6	0	-483	78	-396	57	364	-166
5	-760	223	20583688	-113	45	-212	39	-23	7	0	-506	85	-396	57	364	-166
5	-760	223	20585684	-114	42	-207	38	-24	5	0	-530	90	-396	57	364	-166
5	-760	223	20587688	-111	39	-231	41	-25	6	0	-555	96	-396	57	364	-166
5	-760	223	20589688	-109	37	-198	34	-23	5	0	-578	101	-396	57	364	-166
5	-760	223	20591688	-94	32	-192	31	-21	5	0	-599	106	-396	57	364	-166
5	-760	223	20593688	-105	32	-188	30	-21	5	0	-620	111	-396	57	364	-166
5	-760	223	20595680	-102	33	-206	31	-23	4	0	-643	115	-396	57	364	-166
5	-760	223	20597680	-99	28	-174	26	-20	4	0	-663	119	-396	57	364	-166
5	-760	223	20599676	-96	28	-167	24	-19	4	0	-682	123	-396	57	364	-166
5	-760	223	20601672	-93	25	-160	23	-19	4	0	-701	127	-396	57	364	-166
5	-760	223	20603676	-89	24	-175	25	-19	3	0	-720	130	-396	57	364	-166
5	-760	223	20605672	-85	22	-147	18	-17	3	0	-737	133	-396	57	364	-166
5	-760	223	20607676	-81	20	-137	19	-16	3	0	-753	136	-396	57	364	-166
5	-760	223	20609684	-77	19	-130	16	-16	3	0	-769	139	-396	57	364	-166
5	-760	223	20611676	-74	17	-123	15	-14	2	0	-783	141	-396	57	364	-166
5	-760	223	20613684	-69	17	-128	17	-15	3	0	-798	144	-396	57	364	-166
5	-760	223	20615680	-65	13	-105	13	-12	1	0	-810	145	-396	57	364	-166
5	-760	223	20617672	-61	14	-97	12	-12	2	0	-822	147	-396	57	364	-166
5	-760	223	20619688	-56	11	-90	10	-11	2	0	-833	149	-396	57	364	-166
5	-760	223	20621688	-53	12	-95	10	-10	2	0	-843	151	-396	57	364	-166
5	-760	223	20623692	-50	8	-75	8	-10	1	0	-853	152	-396	57	364	-166
5	-760	223	20625684	-45	9	-68	8	-8	1	0	-861	153	-396	57	364	-166
5	-760	223	20627684	-42	8	-64	6	-8	1	0	-869	154	-396	57	364	-166
5	-760	223	20629680	-39	7	-66	6	-7	1	1	-876	155	-396	57	364	-166
6	792	0	20655692	-7	1	-11	2	-2	0	1	-398	57	396	57	-396	57
6	792	0	20657712	-6	2	-9	1	-1	1	1	-399	58	396	57	-396	57
6	792	0	20659688	-4	1	-8	0	-1	0	1	-400	58	396	57	-396	57
6	792	0	20661688	-3	1	-5	2	-1	0	1	-401	58	396	57	-396	57
6	792	0	20663648	0	0	-5	0	0	0	1	-401	58	396	57	-396	57
6	792	0	20665684	0	0	-2	1	0	0	1	-401	58	396	57	-396	57
6	792	0	20667628	1	0	-1	0	0	0	1	-401	58	396	57	-396	57
6	792	0	20669652	3	0	0	0	0	0	1	-401	58	396	57	-396	57
6	792	0	20671680	5	-1	0	-1	0	0	1	-401	58	396	57	-396	57
6	792	0	20673676	7	-2	0	-1	0	0	1	-401	58	396	57	-396	57
6	792	0	20675684	6	-2	0	-1	1	0	1	-400	58	396	57	-396	57
6	792	0	20677676	9	-3	3	-1	1	0	1	-399	58	396	57	-396	57
6	792	0	20679688	10	-2	2	-3	1	-1	1	-398	57	396	57	-396	57
6	792	0	20681664	10	-3	3	-4	1	0	1	-397	57	396	57	-396	57
6	792	0	20683676	10	-3	2	-2	1	-1	1	-396	56	396	57	-396	57
6	792	0	20685660	12	-4	4	-3	1	0	1	-395	56	396	57	-396	57
6	792	0	20687672	14	-4	4	-3	2	-1	1	-393	55	396	57	-396	57
6	792	0	20689668	15	-5	5	-5	1	-1	1	-392	54	396	57	-396	57
6	792	0	20691648	15	-5	5	-4	2	0	1	-390	54	396	57	-396	57
6	792	0	20693656	15	-5	5	-5	2	-1	1	-388	53	396	57	-396	57
6	792	0	20695664	16	-6	6	-5	2	-1	1	-386	52	396	57	-396	57
6	792	0	20697656	16	-6	7	-6	2	-1	1	-384	51	396	57	-396	57
6	792	0	20699664	18	-8	8	-7	2	-2	1	-382	49	396	57	-396	57
6	792	0	20701660	16	-7	7	-6	2	-1	1	-380	48	396	57	-396	57
6	792	0	20703656	16	-8	9	-7	2	-1	1	-378	47	396	57	-396	57
6	792	0	20705664	17	-9	11	-9	3	-2	1	-375	45	396	57	-396	57
6	792	0	20707664	15	-8	12	-9	2	-1	1	-373	44	396	57	-396	57
6	792	0	20709664	15	-10	11	-9	2	-2	1	-371	42	396	57	-396	57
6	792	0	20711660	15	-10	14	-8	3	-1	0	-368	41	396	57	-396	57
6	792	0	20713664	15	-10	13	-10	2	-2	0	-366	39	396	57	-396	57
6	792	0	20715664	13	-12	19	-12	3	-2	0	-363	37	396	57	-396	57
6	792	0	20717660	14	-11	19	-10	3	-2	0	-360	35	396	57	-396	57
6	792	0	20719660	14	-12	20	-11	3	-2	0	-357	33	396	57	-396	57
6	792	0	20721656	14	-13	22	-11	3	-2	0	-354	31	396	57	-396	57
6	792	0	20723652	15	-14	30	-13	4	-2	0	-350	29	396	57	-396	57
6	792	0	20725652	12	-11	29	-11	3	-2	0	-347	27	396	57	-396	57
6	792	0	20727648	16	-14	31	-12	4	-2	0	-343	25	396	57	-396	57
6	792	0	20729652	17	-13	37	-13	5	-3	0	-338	22	396	57	-396	57
6	792	0	20731648	18	-14	45	-14	5	-2	0	-333	20	396	57	-396	57
6	792	0	20733648	20	-13	43	-11	6	-2	0	-327	18	396	57	-396	57
6	792	0	20735644	22	-13	49	-12	6	-2	0	-321	16	396	57	-396	57
6	792	0	20737644	25	-14	54	-12	7	-2	0	-314	14	396	57	-396	57
6	792	0	20739640	28	-13	57	-11	7	-2	0	-307	12	396	57	-396	57
6	792	0	20741636	30	-11	73	-11	9	-2	0	-298	10	396	57	-396	57
6	792	0	20743632	35	-11	69	-10	9	-2	0	-289	8	396	57	-396	57
6	792	0	20745640	39	-10	73	-10	9	-2	0	-280	6	396	57	-396	57
6	792	0	20747648	43	-10	79	-8	11	-1	0	-269	5	396	57	-396	57
6	792	0	20749644	46	-8	98	-8	12	-2	0	-257	3	396	57	-396	57
6	792	0	20751648	50	-7	90	-7	12	-1	0	-245	2	396	57	-396	57
6	792	0	20753652	55	-6	96	-5	13	-1	0	-232	1	396	57	-396	57
6	792	0	20755656	59	-4	101	-3	14	-1	0	-218	0	396	57	-396	57
6	792	0	20757640	62	-3	123	-3	16	0	0	-202	0	396	57	-396	57
6	792	0	20759644	68	-1	112	-1	16	0	0	-186	0	396	57	-396	57
6	792	0	20761616	72	0	120	0	16	0	0	-170	0	396	57	-396	57
6	792	0	20763644	78	4	125	4	18	0	0	-152	0	396	57	-396	57
6	792	0	20765656	82	8	151	6	20	1	0	-132	1	396	57	-396	57
6	792	0	20767656	88	10	139	10	19	1	0	-113	2	396	57	-396	57
6	792	0	20769652	92	12	145	12	21	2	0	-92	4	396	57	-396	57
6	792	0	20771648	86	14	151	15	20	3	0	-72	7	396	57	-396	57
6	792	0	20773652	104	20	180	18	25	3	0	-47	10	396	57	-396	57
6	792	0	20775648	110	21	165	22	23	4	0	-24	14	396	57	-396	57
6	792	0	20777640	116	25	172	22	25	4	0	1	18	396	57	-396	57
6	792	0	20779648	122	29	177	26	26	5	0	27	23	396	57	-396	57
6	792	0	20781640	127	32	186	30	27	5	0	54	28	396	57	-396	57
6	792	0	20783644	133	35	220	38	31	6	0	85	34	396	57	-396	57
6	792	0	20785640	140	38	202	36	29	7	0	114	41	396	57	-396	57
6	792	0	20787636	145	41	208	40	30	7	0	144	48	396	57	-396	57
6	792	0	20789636	151	44	215	43	32	7	0	176	55	396	57	-396	57
6	792	0	20791644	157	46	255	51	35	9	0	211	64	396	57	-396	57
6	792	0	20793640	163	48	229	47	34	8	0	245	72	396	57	-396	57
6	792	0	20795644	166	51	236	49	35	8	0	280	80	396	57	-396	57
6	792	0	20797640	171	51	242	53	36	9	0	316	89	396	57	-396	57
6	792	0	20799632	175	53	280	60	39	10	0	355	99	396	57	-396	57
6	792	0	20801636	178	52	250	55	37	9	0	392	108	396	57	-396	57
6	792	0	20803632	180	54	251	55	37	10	0	429	118	396	57	-396	57
6	792	0	20805624	181	52	254	56	37	9	0	466	127	396	57	-396	57
6	792	0	20807620	183	54	256	56	38	9	0	504	136	396	57	-396	57
6	792	0	20809612	182	53	294	65	41	11	0	545	147	396	57	-396	57
6	792	0	20811612	160	46	256	56	36	8	0	581	155	396	57	-396	57
6	792	0	20813604	183	50	256	55	38	9	0	619	164	396	57	-396	57
6	792	0	20815612	182	50	254	54	37	9	0	656	173	396	57	-396	57
6	792	0	20817604	180	49	289	59	41	10	0	697	183	396	57	-396	57
6	792	0	20819604	180	46	250	50	37	8	0	734	191	396	57	-396	57
6	792	0	20821596	176	45	246	49	36	8	0	770	199	396	57	-396	57
6	792	0	20823600	175	44	244	46	36	8	0	806	207	396	57	-396	57
6	792	0	20825604	173	40	238	45	36	7	0	842	214	396	57	-396	57
6	792	0	20827608	169	38	270	47	38	8	0	880	222	396	57	-396	57
6	792	0	20829604	165	37	230	40	34	6	0	914	228	396	57	-396	57
6	792	0	20831612	162	33	225	38	33	6	0	947	234	396	57	-396	57
6	792	0	20833604	159	33	218	35	33	6	0	980	240	396	57	-396	57
6	792	0	20835600	154	30	242	37	34	6	0	1014	246	396	57	-396	57
6	792	0	20837604	150	27	204	30	30	5	0	1044	251	396	57	-396	57
6	792	0	20839600	145	25	195	27	30	4	0	1074	255	396	57	-396	57
6	792	0	20841592	138	23	189	25	28	4	0	1102	259	396	57	-396	57
6	792	0	20843596	134	21	205	26	29	5	0	1131	264	396	57	-396	57
6	792	0	20845596	128	20	171	20	26	3	0	1157	267	396	57	-396	57
6	792	0	20847584	120	16	161	19	24	3	0	1181	270	396	57	-396	57
6	792	0	20849580	113	17	153	16	23	3	0	1204	273	396	57	-396	57
6	792	0	20851572	94	12	142	16	20	2	0	1224	275	396	57	-396	57
6	792	0	20853572	99	11	152	15	22	3	1	1246	278	396	57	-396	57
7	-760	-223	20881624	9	0	14	0	3	0	1	399	57	-364	-166	396	57
7	-760	-223	20883620	5	0	10	0	2	0	1	401	57	-364	-166	396	57
7	-760	-223	20885648	2	-1	6	0	1	0	1	402	57	-364	-166	396	57
7	-760	-223	20887652	0	-1	4	0	1	0	1	403	57	-364	-166	396	57
7	-760	-223	20889640	0	-1	1	0	0	0	1	403	57	-364	-166	396	57
7	-760	-223	20891632	-3	-3	2	-1	0	0	1	403	57	-364	-166	396	57
7	-760	-223	20893644	-2	-1	0	-2	0	-1	1	403	56	-364	-166	396	57
7	-760	-223	20895628	-4	-4	0	-2	0	0	1	403	56	-364	-166	396	57
7	-760	-223	20897656	-4	-2	-1	-4	-1	-1	1	402	55	-364	-166	396	57
7	-760	-223	20899652	-3	-5	-2	-4	-1	-1	1	401	54	-364	-166	396	57
7	-760	-223	20901652	-5	-6	-2	-6	-1	-2	1	400	52	-364	-166	396	57
7	-760	-223	20903640	-4	-8	-2	-6	0	-2	1	400	50	-364	-166	396	57
7	-760	-223	20905652	-5	-9	-3	-8	-1	-2	1	399	48	-364	-166	396	57
7	-760	-223	20907652	-5	-10	-2	-8	-1	-2	1	398	46	-364	-166	396	57
7	-760	-223	20909656	-5	-11	-4	-12	-1	-3	1	397	43	-364	-166	396	57
7	-760	-223	20911652	-5	-12	-4	-11	-2	-3	1	395	40	-364	-166	396	57
7	-760	-223	20913648	-5	-13	-5	-12	-1	-4	1	394	36	-364	-166	396	57
7	-760	-223	20915648	-5	-15	-5	-14	-1	-4	1	393	32	-364	-166	396	57
7	-760	-223	20917656	-5	-16	-5	-16	-2	-4	1	391	28	-364	-166	396	57
7	-760	-223	20919652	-5	-16	-6	-17	-1	-4	1	390	24	-364	-166	396	57
7	-760	-223	20921648	-5	-19	-6	-16	-1	-5	1	389	19	-364	-166	396	57
7	-760	-223	20923644	-5	-19	-6	-17	-2	-4	1	387	15	-364	-166	396	57
7	-760	-223	20925640	-5	-20	-7	-19	-2	-6	1	385	9	-364	-166	396	57
7	-760	-223	20927636	-5	-20	-7	-21	-1	-5	1	384	4	-364	-166	396	57
7	-760	-223	20929636	-5	-21	-8	-20	-2	-5	1	382	-1	-364	-166	396	57
7	-760	-223	20931632	-5	-21	-8	-20	-2	-6	1	380	-7	-364	-166	396	57
7	-760	-223	20933624	-6	-20	-8	-20	-1	-5	1	379	-12	-364	-166	396	57
7	-760	-223	20935620	-5	-22	-10	-24	-2	-6	1	377	-18	-364	-166	396	57
7	-760	-223	20937620	-7	-20	-10	-20	-3	-5	1	374	-23	-364	-166	396	57
7	-760	-223	20939620	-6	-21	-10	-21	-2	-6	1	372	-29	-364	-166	396	57
7	-760	-223	20941624	-6	-20	-10	-20	-2	-5	0	370	-34	-364	-166	396	57
7	-760	-223	20943624	-8	-21	-14	-24	-3	-6	0	367	-40	-364	-166	396	57
7	-760	-223	20945624	-7	-21	-12	-20	-2	-5	0	365	-45	-364	-166	396	57
7	-760	-223	20947624	-8	-22	-14	-21	-3	-6	0	362	-51	-364	-166	396	57
7	-760	-223	20949624	-8	-21	-15	-22	-3	-6	0	359	-57	-364	-166	396	57
7	-760	-223	20951628	-12	-22	-20	-25	-4	-6	0	355	-63	-364	-166	396	57
7	-760	-223	20953624	-11	-24	-19	-22	-4	-6	0	351	-69	-364	-166	396	57
7	-760	-223	20955620	-12	-21	-22	-24	-5	-6	0	346	-75	-364	-166	396	57
7	-760	-223	20957616	-17	-25	-26	-24	-5	-6	0	341	-81	-364	-166	396	57
7	-760	-223	20959620	-18	-27	-29	-26	-7	-7	0	334	-88	-364	-166	396	57
7	-760	-223	20961616	-23	-27	-38	-30	-8	-8	0	326	-96	-364	-166	396	57
7	-760	-223	20963620	-25	-30	-38	-29	-8	-8	0	318	-104	-364	-166	396	57
7	-760	-223	20965620	-30	-30	-43	-30	-9	-8	0	309	-112	-364	-166	396	57
7	-760	-223	20967612	-34	-34	-50	-31	-12	-8	0	297	-120	-364	-166	396	57
7	-760	-223	20969612	-38	-35	-62	-37	-13	-10	0	284	-130	-364	-166	396	57
7	-760	-223	20971608	-44	-37	-63	-37	-14	-9	0	270	-139	-364	-166	396	57
7	-760	-223	20973604	-49	-39	-69	-38	-15	-10	0	255	-149	-364	-166	396	57
7	-760	-223	20975600	-55	-43	-76	-40	-18	-11	0	237	-160	-364	-166	396	57
7	-760	-223	20977604	-61	-46	-97	-50	-20	-13	0	217	-173	-364	-166	396	57
7	-760	-223	20979604	-69	-47	-94	-47	-22	-12	0	195	-185	-364	-166	396	57
7	-760	-223	20981608	-75	-53	-101	-48	-23	-14	0	172	-199	-364	-166	396	57
7	-760	-223	20983608	-82	-55	-110	-53	-25	-14	0	147	-213	-364	-166	396	57
7	-760	-223	20985608	-90	-59	-118	-56	-28	-15	0	119	-228	-364	-166	396	57
7	-760	-223	20987600	-98	-62	-146	-69	-32	-17	0	87	-245	-364	-166	396	57
7	-760	-223	20989596	-106	-65	-136	-62	-32	-17	0	55	-262	-364	-166	396	57
7	-760	-223	20991600	-113	-70	-145	-67	-33	-18	0	22	-280	-364	-166	396	57
7	-760	-223	20993596	-121	-73	-154	-68	-37	-19	0	-15	-299	-364	-166	396	57
7	-760	-223	20995588	-111	-65	-185	-82	-39	-19	0	-54	-318	-364	-166	396	57
7	-760	-223	20997592	-134	-77	-171	-75	-40	-20	0	-94	-338	-364	-166	396	57
7	-760	-223	20999592	-140	-79	-178	-77	-42	-20	0	-136	-358	-364	-166	396	57
7	-760	-223	21001596	-147	-82	-185	-80	-43	-22	0	-179	-380	-364	-166	396	57
7	-760	-223	21003600	-154	-84	-220	-93	-49	-23	0	-228	-403	-364	-166	396	57
7	-760	-223	21005604	-159	-86	-199	-85	-48	-22	0	-276	-425	-364	-166	396	57
7	-760	-223	21007604	-165	-88	-203	-85	-48	-23	0	-324	-448	-364	-166	396	57
7	-760	-223	21009608	-169	-89	-210	-86	-50	-23	0	-374	-471	-364	-166	396	57
7	-760	-223	21011608	-173	-88	-245	-101	-55	-25	0	-429	-496	-364	-166	396	57
7	-760	-223	21013604	-177	-89	-220	-89	-52	-24	0	-481	-520	-364	-166	396	57
7	-760	-223	21015604	-180	-90	-223	-90	-53	-23	0	-534	-543	-364	-166	396	57
7	-760	-223	21017608	-182	-89	-226	-90	-54	-24	0	-588	-567	-364	-166	396	57
7	-760	-223	21019604	-184	-90	-263	-102	-59	-25	0	-647	-592	-364	-166	396	57
7	-760	-223	21021600	-185	-87	-230	-92	-54	-24	0	-701	-616	-364	-166	396	57
7	-760	-223	21023604	-185	-89	-232	-90	-55	-23	0	-756	-639	-364	-166	396	57
7	-760	-223	21025600	-185	-88	-231	-88	-55	-23	0	-811	-662	-364	-166	396	57
7	-760	-223	21027600	-185	-88	-232	-90	-55	-24	0	-866	-686	-364	-166	396	57
7	-760	-223	21029600	-184	-88	-263	-102	-59	-25	0	-925	-711	-364	-166	396	57
7	-760	-223	21031600	-182	-86	-229	-87	-54	-23	0	-979	-734	-364	-166	396	57
7	-760	-223	21033592	-181	-88	-226	-88	-53	-23	0	-1032	-757	-364	-166	396	57
7	-760	-223	21035600	-179	-86	-224	-87	-53	-22	0	-1085	-779	-364	-166	396	57
7	-760	-223	21037604	-176	-85	-251	-99	-56	-25	0	-1141	-804	-364	-166	396	57
7	-760	-223	21039608	-174	-86	-217	-86	-52	-22	0	-1193	-826	-364	-166	396	57
7	-760	-223	21041612	-170	-85	-211	-86	-50	-23	0	-1243	-849	-364	-166	396	57
7	-760	-223	21043616	-166	-85	-206	-85	-49	-22	0	-1292	-871	-364	-166	396	57
7	-760	-223	21045616	-164	-85	-230	-97	-52	-24	0	-1344	-895	-364	-166	396	57
7	-760	-223	21047620	-140	-74	-195	-83	-44	-21	0	-1388	-916	-364	-166	396	57
7	-760	-223	21049628	-155	-84	-189	-84	-45	-22	0	-1433	-938	-364	-166	396	57
7	-760	-223	21051632	-153	-83	-181	-83	-44	-22	0	-1477	-960	-364	-166	396	57
7	-760	-223	21053628	-146	-84	-200	-93	-46	-23	0	-1523	-983	-364	-166	396	57
7	-760	-223	21055628	-142	-81	-169	-80	-40	-21	0	-1563	-1004	-364	-166	396	57
7	-760	-223	21057632	-138	-82	-160	-80	-40	-21	0	-1603	-1025	-364	-166	396	57
7	-760	-223	21059628	-132	-80	-154	-79	-37	-21	0	-1640	-1046	-364	-166	396	57
7	-760	-223	21061624	-128	-78	-167	-89	-39	-22	0	-1679	-1068	-364	-166	396	57
7	-760	-223	21063624	-121	-77	-139	-75	-34	-20	0	-1713	-1088	-364	-166	396	57
7	-760	-223	21065624	-116	-75	-132	-74	-33	-20	0	-1746	-1108	-364	-166	396	57
7	-760	-223	21067628	-110	-71	-125	-71	-31	-19	0	-1777	-1127	-364	-166	396	57
7	-760	-223	21069632	-105	-70	-135	-80	-31	-19	0	-1808	-1146	-364	-166	396	57
7	-760	-223	21071628	-99	-67	-110	-67	-28	-18	0	-1836	-1164	-364	-166	396	57
7	-760	-223	21073632	-93	-65	-105	-65	-26	-17	0	-1862	-1181	-364	-166	396	57
7	-760	-223	21075644	-88	-62	-100	-63	-25	-17	0	-1887	-1198	-364	-166	396	57
7	-760	-223	21077640	-83	-58	-105	-67	-24	-16	0	-1911	-1214	-364	-166	396	57
7	-760	-223	21079644	-79	-55	-88	-57	-22	-15	0	-1933	-1095	-364	-166	396	57
7	-760	-223	21081648	-73	-52	-81	-52	-21	-13	0	-1954	-1108	-364	-166	396	57
7	-760	-223	21083652	-70	-47	-78	-51	-19	-13	0	-1973	-1121	-364	-166	396	57
7	-760	-223	21085652	-65	-45	-81	-54	-19	-13	0	-1992	-1134	-364	-166	396	57
7	-760	-223	21087656	-60	-41	-67	-44	-17	-12	1	-2009	-1146	-364	-166	396	57
8	-760	-223	21089660	-58	-39	-63	-41	-16	-10	1	-380	-176	-364	-166	396	57
8	-760	-223	21091660	-55	-36	-60	-39	-15	-10	1	-395	-186	-364	-166	396	57
8	-760	-223	21093664	-51	-33	-55	-35	-14	-9	1	-409	-195	-364	-166	396	57
8	-760	-223	21095664	-48	-30	-60	-39	-14	-9	1	-423	-204	-364	-166	396	57
8	-760	-223	21097660	-46	-29	-50	-30	-13	-8	1	-436	-212	-364	-166	396	57
8	-760	-223	21099660	-44	-26	-47	-28	-12	-7	1	-448	-219	-364	-166	396	57
8	-760	-223	21101656	-36	-21	-44	-27	-10	-6	1	-458	-225	-364	-166	396	57
8	-760	-223	21103652	-40	-23	-49	-27	-12	-7	1	-470	-232	-364	-166	396	57
8	-760	-223	21105644	-37	-21	-39	-23	-10	-6	1	-480	-238	-364	-166	396	57
8	-760	-223	21107644	-35	-20	-37	-21	-10	-5	1	-490	-243	-364	-166	396	57
8	666	428	21109644	-33	-19	-35	-20	-9	-5	1	-499	-248	302	262	-364	-166
8	666	428	21111636	-31	-17	-38	-21	-9	-5	1	-508	-253	302	262	-364	-166
8	666	428	21113632	-28	-16	-30	-18	-7	-5	1	-515	-258	302	262	-364	-166
8	666	428	21115640	-23	-15	-27	-16	-7	-4	1	-522	-262	302	262	-364	-166
8	666	428	21117636	-23	-14	-26	-15	-6	-3	1	-528	-265	302	262	-364	-166
8	666	428	21119628	-20	-14	-24	-14	-6	-4	1	-534	-269	302	262	-364	-166
8	666	428	21121636	-17	-12	-25	-15	-6	-4	1	-540	-273	302	262	-364	-166
8	666	428	21123640	-14	-12	-20	-11	-4	-3	1	-544	-276	302	262	-364	-166
8	666	428	21125632	-13	-10	-18	-11	-4	-2	1	-548	-278	302	262	-364	-166
8	666	428	21127636	-10	-10	-16	-11	-4	-3	1	-552	-281	302	262	-364	-166
8	666	428	21129644	-7	-8	-15	-10	-3	-3	1	-555	-284	302	262	-364	-166
8	666	428	21131652	-5	-9	-11	-9	-2	-2	1	-557	-286	302	262	-364	-166
8	666	428	21133652	-3	-8	-10	-9	-1	-2	1	-558	-288	302	262	-364	-166
8	666	428	21135652	-1	-7	-9	-7	-2	-2	1	-560	-290	302	262	-364	-166
8	666	428	21137648	0	-8	-9	-9	-1	-2	1	-561	-292	302	262	-364	-166
8	666	428	21139640	0	-6	-5	-6	0	-2	1	-561	-294	302	262	-364	-166
8	666	428	21141648	4	-5	-5	-7	-1	-1	1	-562	-295	302	262	-364	-166
8	666	428	21143632	5	-6	-3	-5	0	-2	1	-562	-297	302	262	-364	-166
8	666	428	21145640	6	-5	-3	-6	0	-1	1	-562	-298	302	262	-364	-166
8	666	428	21147640	5	-4	-2	-5	0	-2	1	-562	-300	302	262	-364	-166
8	666	428	21149648	7	-5	-2	-4	1	-1	1	-561	-301	302	262	-364	-166
8	666	428	21151640	7	-4	0	-5	1	-1	1	-560	-302	302	262	-364	-166
8	666	428	21153644	8	-3	-1	-3	1	-1	1	-559	-303	302	262	-364	-166
8	666	428	21155644	6	-4	0	-4	1	-1	1	-558	-304	302	262	-364	-166
8	666	428	21157648	7	-3	0	-3	1	-1	1	-557	-305	302	262	-364	-166
8	666	428	21159640	7	-2	0	-3	1	0	1	-556	-305	302	262	-364	-166
8	666	428	21161636	6	-3	0	-3	0	-1	0	-556	-306	302	262	-364	-166
8	666	428	21163632	6	-2	0	-2	1	0	0	-555	-306	302	262	-364	-166
8	666	428	21165648	6	-1	0	-3	1	-1	0	-554	-307	302	262	-364	-166
8	666	428	21167632	4	-3	0	-1	0	-1	0	-554	-308	302	262	-364	-166
8	666	428	21169636	5	0	0	-1	1	0	0	-553	-308	302	262	-364	-166
8	666	428	21171632	4	-1	0	-3	1	0	0	-552	-308	302	262	-364	-166
8	666	428	21173620	4	-1	0	0	0	0	0	-552	-308	302	262	-364	-166
8	666	428	21175632	2	0	1	-1	1	0	0	-551	-308	302	262	-364	-166
8	666	428	21177592	3	0	0	0	0	0	0	-551	-308	302	262	-364	-166
8	666	428	21179588	2	0	0	0	0	0	0	-551	-308	302	262	-364	-166
8	666	428	21181596	3	0	0	0	1	0	0	-550	-308	302	262	-364	-166
8	666	428	21183612	2	1	0	0	0	0	0	-550	-308	302	262	-364	-166
8	666	428	21185616	1	1	0	0	0	0	0	-550	-308	302	262	-364	-166
8	666	428	21187628	3	4	1	3	1	0	0	-549	-308	302	262	-364	-166
8	666	428	21189624	4	4	1	4	0	1	0	-549	-307	302	262	-364	-166
8	666	428	21191636	3	5	1	5	1	1	0	-548	-306	302	262	-364	-166
8	666	428	21193640	4	6	3	6	1	2	0	-547	-304	302	262	-364	-166
8	666	428	21195644	5	9	2	9	1	2	0	-546	-302	302	262	-364	-166
8	666	428	21197644	6	10	4	8	1	2	0	-545	-300	302	262	-364	-166
8	666	428	21199644	8	12	5	12	2	4	0	-543	-296	302	262	-364	-166
8	666	428	21201648	9	15	6	13	2	3	0	-541	-293	302	262	-364	-166
8	666	428	21203648	10	18	7	17	2	5	0	-539	-288	302	262	-364	-166
8	666	428	21205652	11	21	10	20	3	5	0	-536	-283	302	262	-364	-166
8	666	428	21207656	14	24	11	21	3	6	0	-533	-277	302	262	-364	-166
8	666	428	21209656	15	26	12	24	3	7	0	-530	-270	302	262	-364	-166
8	666	428	21211652	17	29	15	26	5	7	0	-525	-263	302	262	-364	-166
8	666	428	21213652	19	32	19	34	5	9	0	-520	-254	302	262	-364	-166
8	666	428	21215648	21	37	21	32	5	9	0	-515	-245	302	262	-364	-166
8	666	428	21217648	25	38	23	35	6	9	0	-509	-236	302	262	-364	-166
8	666	428	21219644	26	43	26	39	7	11	0	-502	-225	302	262	-364	-166
8	666	428	21221648	29	45	34	47	9	12	0	-493	-213	302	262	-364	-166
8	666	428	21223640	33	50	32	47	8	13	0	-485	-200	302	262	-364	-166
8	666	428	21225644	35	52	39	48	10	13	0	-475	-187	302	262	-364	-166
8	666	428	21227644	40	57	41	53	11	15	0	-464	-172	302	262	-364	-166
8	666	428	21229640	42	60	54	64	12	16	0	-452	-156	302	262	-364	-166
8	666	428	21231636	48	63	53	60	13	16	0	-439	-140	302	262	-364	-166
8	666	428	21233628	51	67	57	62	15	17	0	-424	-123	302	262	-364	-166
8	666	428	21235624	56	71	63	66	15	18	0	-409	-105	302	262	-364	-166
8	666	428	21237620	53	65	68	70	16	18	0	-393	-87	302	262	-364	-166
8	666	428	21239616	66	77	87	84	20	21	0	-373	-66	302	262	-364	-166
8	666	428	21241612	70	83	82	78	20	21	0	-353	-45	302	262	-364	-166
8	666	428	21243620	76	85	89	80	22	22	0	-331	-23	302	262	-364	-166
8	666	428	21245616	83	89	95	82	24	22	0	-307	-1	302	262	-364	-166
8	666	428	21247612	87	91	117	99	26	25	0	-281	24	302	262	-364	-166
8	666	428	21249616	93	95	109	90	27	25	0	-254	49	302	262	-364	-166
8	666	428	21251616	98	97	116	92	28	25	0	-226	74	302	262	-364	-166
8	666	428	21253620	104	100	122	94	30	25	0	-196	99	302	262	-364	-166
8	666	428	21255620	108	102	147	111	33	28	0	-163	127	302	262	-364	-166
8	666	428	21257628	113	103	134	100	33	27	0	-130	154	302	262	-364	-166
8	666	428	21259636	118	105	140	100	34	27	0	-96	181	302	262	-364	-166
8	666	428	21261636	121	107	144	103	35	28	0	-61	209	302	262	-364	-166
8	666	428	21263632	125	106	170	119	39	29	0	-22	238	302	262	-364	-166
8	666	428	21265628	128	107	152	103	36	28	0	14	266	302	262	-364	-166
8	666	428	21267628	128	109	155	107	38	28	0	52	294	302	262	-364	-166
8	666	428	21269620	133	108	159	105	38	28	0	90	322	302	262	-364	-166
8	666	428	21271620	132	106	160	106	38	28	0	128	350	302	262	-364	-166
8	666	428	21273620	135	106	185	120	43	30	0	171	380	302	262	-364	-166
8	666	428	21275612	134	106	162	105	38	28	0	209	408	302	262	-364	-166
8	666	428	21277608	135	105	163	105	40	27	0	249	435	302	262	-364	-166
8	666	428	21279604	118	92	164	104	37	26	0	286	461	302	262	-364	-166
8	666	428	21281608	135	102	185	117	42	29	0	328	490	302	262	-364	-166
8	666	428	21283604	132	101	162	101	39	26	0	367	516	302	262	-364	-166
8	666	428	21285600	134	100	160	100	38	27	0	405	543	302	262	-364	-166
8	666	428	21287596	131	99	159	99	38	26	0	443	569	302	262	-364	-166
8	666	428	21289600	130	96	157	98	38	25	0	481	594	302	262	-364	-166
8	666	428	21291596	128	94	178	108	40	27	0	521	621	302	262	-364	-166
8	666	428	21293600	127	93	152	94	37	25	0	558	646	302	262	-364	-166
8	666	428	21295600	124	90	152	91	36	23	0	594	669	302	262	-364	-166
8	666	428	21297600	124	88	150	90	37	24	0	631	693	302	262	-364	-166
8	666	428	21299600	121	85	167	100	37	24	0	668	717	302	262	-364	-166
8	666	428	21301600	119	84	145	85	35	22	0	703	739	302	262	-364	-166
8	666	428	21303596	116	81	141	83	34	22	0	737	761	302	262	-364	-166
8	666	428	21305592	115	80	138	81	33	21	0	770	782	302	262	-364	-166
8	666	428	21307588	111	78	152	90	35	22	0	805	804	302	262	-364	-166
8	666	428	21309584	109	74	129	76	31	20	0	836	824	302	262	-364	-166
8	666	428	21311580	105	73	125	74	30	19	0	866	843	302	262	-364	-166
8	666	428	21313580	101	70	121	73	30	19	0	896	862	302	262	-364	-166
8	666	428	21315564	96	68	115	70	27	18	0	923	880	302	262	-364	-166
8	666	428	21317572	94	66	127	77	30	19	1	953	899	302	262	-364	-166
9	666	428	21319564	78	56	105	64	24	16	1	326	278	302	262	-364	-166
9	666	428	21321564	83	62	100	62	24	16	1	350	294	302	262	-364	-166
9	666	428	21323568	80	60	95	62	23	16	1	373	310	302	262	-364	-166
9	666	428	21325564	77	56	102	66	23	16	1	396	326	302	262	-364	-166
9	666	428	21327572	70	55	84	55	21	15	1	417	341	302	262	-364	-166
9	-518	-599	21329568	66	52	79	52	19	13	1	436	354	-216	-337	302	262
9	-518	-599	21331564	61	50	72	52	17	14	1	453	368	-216	-337	302	262
9	-518	-599	21333568	56	48	76	55	17	13	1	470	381	-216	-337	302	262
9	-518	-599	21335564	52	44	62	45	15	12	1	485	393	-216	-337	302	262
9	-518	-599	21337568	47	41	56	42	14	11	1	499	404	-216	-337	302	262
9	-518	-599	21339568	41	39	51	40	12	10	1	511	414	-216	-337	302	262
9	-518	-599	21341576	38	35	53	43	12	11	1	523	425	-216	-337	302	262
9	-518	-599	21343572	34	32	41	33	10	8	1	533	433	-216	-337	302	262
9	-518	-599	21345572	30	30	37	32	9	8	1	542	441	-216	-337	302	262
9	-518	-599	21347572	26	26	34	27	8	7	1	550	448	-216	-337	302	262
9	-518	-599	21349576	22	23	30	25	7	7	1	557	455	-216	-337	302	262
9	-518	-599	21351572	19	20	29	25	6	6	1	563	461	-216	-337	302	262
9	-518	-599	21353572	16	17	22	20	5	5	1	568	466	-216	-337	302	262
9	-518	-599	21355572	14	15	20	16	4	4	1	572	470	-216	-337	302	262
9	-518	-599	21357576	11	13	17	15	4	3	1	576	473	-216	-337	302	262
9	-518	-599	21359568	9	11	16	14	3	4	1	579	477	-216	-337	302	262
9	-518	-599	21361560	8	8	12	11	3	2	1	582	479	-216	-337	302	262
9	-518	-599	21363564	5	6	9	8	2	2	1	584	481	-216	-337	302	262
9	-518	-599	21365564	3	5	8	7	1	1	1	585	482	-216	-337	302	262
9	-518	-599	21367564	2	4	7	7	1	2	1	586	484	-216	-337	302	262
9	-518	-599	21369556	1	1	4	3	1	0	1	587	484	-216	-337	302	262
9	-518	-599	21371560	1	1	2	3	0	1	1	587	485	-216	-337	302	262
9	-518	-599	21373568	0	0	3	1	1	0	1	588	485	-216	-337	302	262
9	-518	-599	21375548	0	0	1	1	0	0	1	588	485	-216	-337	302	262
9	-518	-599	21381524	-1	0	0	0	0	0	1	588	485	-216	-337	302	262
9	-518	-599	21383528	0	-1	0	0	0	0	1	588	485	-216	-337	302	262
9	-518	-599	21385556	-2	-2	0	0	0	0	1	588	485	-216	-337	302	262
9	-518	-599	21387532	0	-1	0	-1	0	0	1	588	485	-216	-337	302	262
9	-518	-599	21389528	0	-2	0	-2	0	0	1	588	485	-216	-337	302	262
9	-518	-599	21391524	0	-2	0	-1	0	0	1	588	485	-216	-337	302	262
9	-518	-599	21393564	2	-2	0	-2	0	-1	1	588	484	-216	-337	302	262
9	-518	-599	21395564	1	-3	0	-2	0	-1	1	588	483	-216	-337	302	262
9	-518	-599	21397568	4	-3	1	-2	1	0	1	589	483	-216	-337	302	262
9	-518	-599	21399560	4	-4	2	-4	0	-1	1	589	482	-216	-337	302	262
9	-518	-599	21401568	3	-4	0	-5	1	-1	1	590	481	-216	-337	302	262
9	-518	-599	21403560	4	-6	1	-4	0	-2	1	590	479	-216	-337	302	262
9	-518	-599	21405572	5	-6	1	-6	1	-1	1	591	478	-216	-337	302	262
9	-518	-599	21407560	4	-8	0	-6	1	-2	1	592	476	-216	-337	302	262
9	-518	-599	21409548	4	-7	1	-8	0	-2	1	592	474	-216	-337	302	262
9	-518	-599	21411556	3	-9	0	-8	1	-2	1	593	472	-216	-337	302	262
9	-518	-599	21413560	4	-9	2	-9	1	-3	1	594	469	-216	-337	302	262
9	-518	-599	21415548	3	-11	0	-10	0	-2	1	594	467	-216	-337	302	262
9	-518	-599	21417544	2	-13	0	-11	0	-4	0	594	463	-216	-337	302	262
9	-518	-599	21419556	3	-12	0	-13	1	-3	0	595	460	-216	-337	302	262
9	-518	-599	21421544	0	-14	-1	-14	0	-4	0	595	456	-216	-337	302	262
9	-518	-599	21423552	0	-15	-1	-12	0	-3	0	595	453	-216	-337	302	262
9	-518	-599	21425556	-1	-16	-1	-15	0	-4	0	595	449	-216	-337	302	262
9	-518	-599	21427568	-2	-16	-4	-19	-1	-5	0	594	444	-216	-337	302	262
9	-518	-599	21429564	-5	-19	-5	-16	-1	-4	0	593	440	-216	-337	302	262
9	-518	-599	21431556	-8	-19	-5	-19	-2	-5	0	591	435	-216	-337	302	262
9	-518	-599	21433568	-8	-20	-6	-19	-2	-6	0	589	429	-216	-337	302	262
9	-518	-599	21435568	-12	-22	-9	-23	-2	-6	0	587	423	-216	-337	302	262
9	-518	-599	21437556	-13	-23	-9	-22	-3	-5	0	584	418	-216	-337	302	262
9	-518	-599	21439556	-17	-24	-11	-22	-4	-6	0	580	412	-216	-337	302	262
9	-518	-599	21441552	-18	-26	-13	-25	-4	-7	0	576	405	-216	-337	302	262
9	-518	-599	21443548	-22	-29	-16	-30	-5	-8	0	571	397	-216	-337	302	262
9	-518	-599	21445552	-25	-30	-17	-28	-5	-8	0	566	389	-216	-337	302	262
9	-518	-599	21447548	-27	-33	-20	-31	-7	-8	0	559	381	-216	-337	302	262
9	-518	-599	21449540	-33	-35	-24	-32	-7	-9	0	552	372	-216	-337	302	262
9	-518	-599	21451544	-36	-39	-25	-35	-8	-10	0	544	362	-216	-337	302	262
9	-518	-599	21453544	-40	-43	-34	-44	-10	-11	0	534	351	-216	-337	302	262
9	-518	-599	21455544	-44	-45	-32	-43	-10	-12	0	524	339	-216	-337	302	262
9	-518	-599	21457548	-43	-41	-38	-43	-11	-11	0	513	328	-216	-337	302	262
9	-518	-599	21459540	-55	-52	-40	-49	-12	-13	0	501	315	-216	-337	302	262
9	-518	-599	21461540	-59	-55	-52	-59	-15	-15	0	486	300	-216	-337	302	262
9	-518	-599	21463548	-66	-60	-50	-55	-15	-15	0	471	285	-216	-337	302	262
9	-518	-599	21465552	-72	-63	-55	-59	-17	-16	0	454	269	-216	-337	302	262
9	-518	-599	21467556	-77	-69	-59	-63	-18	-17	0	436	252	-216	-337	302	262
9	-518	-599	21469556	-84	-71	-74	-78	-20	-20	0	416	232	-216	-337	302	262
9	-518	-599	21471560	-90	-77	-69	-71	-21	-20	0	395	212	-216	-337	302	262
9	-518	-599	21473564	-96	-82	-73	-78	-22	-21	0	373	191	-216	-337	302	262
9	-518	-599	21475568	-104	-86	-79	-80	-25	-21	0	348	170	-216	-337	302	262
9	-518	-599	21477564	-109	-91	-95	-98	-26	-25	0	322	145	-216	-337	302	262
9	-518	-599	21479560	-116	-96	-89	-92	-27	-25	0	295	120	-216	-337	302	262
9	-518	-599	21481556	-122	-100	-94	-95	-29	-26	0	266	94	-216	-337	302	262
9	-518	-599	21483560	-129	-107	-97	-100	-30	-27	0	236	67	-216	-337	302	262
9	-518	-599	21485548	-135	-110	-104	-103	-31	-28	0	205	39	-216	-337	302	262
9	-518	-599	21487556	-141	-115	-124	-125	-35	-32	0	170	7	-216	-337	302	262
9	-518	-599	21489548	-147	-120	-112	-115	-34	-30	0	136	-23	-216	-337	302	262
9	-518	-599	21491544	-153	-126	-119	-119	-36	-33	0	100	-56	-216	-337	302	262
9	-518	-599	21493548	-159	-129	-122	-123	-37	-33	0	63	-89	-216	-337	302	262
9	-518	-599	21495548	-164	-135	-147	-146	-41	-37	0	22	-126	-216	-337	302	262
9	-518	-599	21497540	-167	-138	-132	-131	-39	-35	0	-17	-161	-216	-337	302	262
9	-518	-599	21499540	-174	-143	-139	-136	-41	-37	0	-58	-198	-216	-337	302	262
9	-518	-599	21501532	-156	-127	-142	-140	-39	-35	0	-97	-233	-216	-337	302	262
9	-518	-599	21503532	-183	-150	-170	-165	-47	-42	0	-144	-275	-216	-337	302	262
9	-518	-599	21505532	-186	-154	-154	-148	-45	-39	0	-189	-314	-216	-337	302	262
9	-518	-599	21507528	-190	-155	-158	-151	-45	-41	0	-234	-355	-216	-337	302	262
9	-518	-599	21509532	-194	-159	-163	-153	-47	-41	0	-281	-396	-216	-337	302	262
9	-518	-599	21511528	-199	-161	-169	-156	-49	-41	0	-330	-437	-216	-337	302	262
9	-518	-599	21513532	-200	-164	-198	-181	-52	-46	0	-382	-483	-216	-337	302	262
9	-518	-599	21515536	-203	-164	-178	-160	-50	-42	0	-432	-525	-216	-337	302	262
9	-518	-599	21517540	-207	-167	-182	-163	-51	-44	0	-483	-569	-216	-337	302	262
9	-518	-599	21519536	-208	-168	-186	-163	-52	-43	0	-535	-612	-216	-337	302	262
9	-518	-599	21521544	-210	-168	-215	-189	-56	-47	0	-591	-659	-216	-337	302	262
9	-518	-599	21523536	-212	-169	-191	-165	-53	-44	0	-644	-703	-216	-337	302	262
9	-518	-599	21525532	-211	-170	-193	-166	-53	-44	0	-697	-747	-216	-337	302	262
9	-518	-599	21527532	-211	-169	-195	-167	-54	-45	0	-751	-792	-216	-337	302	262
9	-518	-599	21529520	-211	-169	-222	-190	-57	-47	0	-808	-839	-216	-337	302	262
9	-518	-599	21531524	-210	-168	-196	-165	-53	-44	0	-861	-883	-216	-337	302	262
9	-518	-599	21533532	-209	-168	-197	-165	-54	-44	0	-915	-927	-216	-337	302	262
9	-518	-599	21535524	-206	-165	-193	-163	-52	-43	0	-967	-970	-216	-337	302	262
9	-518	-599	21537528	-204	-165	-222	-185	-56	-46	0	-1023	-1016	-216	-337	302	262
9	-518	-599	21539520	-200	-162	-191	-162	-52	-42	0	-1075	-1058	-216	-337	302	262
9	-518	-599	21541524	-195	-162	-189	-160	-50	-43	0	-1125	-1101	-216	-337	302	262
9	-518	-599	21543532	-193	-158	-186	-156	-50	-41	0	-1175	-1142	-216	-337	302	262
9	-518	-599	21545528	-188	-157	-181	-156	-49	-41	0	-1224	-1183	-216	-337	302	262
9	-518	-599	21547524	-160	-135	-204	-175	-47	-41	0	-1271	-1224	-216	-337	302	262
9	-518	-599	21549532	-178	-151	-172	-150	-46	-40	0	-1317	-1120	-216	-337	302	262
9	-518	-599	21551532	-172	-147	-169	-146	-45	-38	0	-1362	-1158	-216	-337	302	262
9	-518	-599	21553540	-167	-144	-163	-145	-44	-38	0	-1406	-1196	-216	-337	302	262
9	-518	-599	21555540	-160	-140	-180	-160	-45	-40	0	-1451	-1236	-216	-337	302	262
9	-518	-599	21557528	-153	-136	-151	-135	-40	-35	0	-1491	-1271	-216	-337	302	262
9	-518	-599	21559532	-147	-132	-146	-133	-38	-35	0	-1529	-1306	-216	-337	302	262
9	-518	-599	21561536	-138	-126	-140	-126	-37	-33	0	-1566	-1339	-216	-337	302	262
9	-518	-599	21563544	-130	-121	-153	-140	-37	-35	0	-1603	-1374	-216	-337	302	262
9	-518	-599	21565532	-124	-116	-126	-118	-33	-30	0	-1636	-1404	-216	-337	302	262
9	-518	-599	21567536	-115	-112	-120	-111	-31	-30	0	-1667	-1434	-216	-337	302	262
9	-518	-599	21569532	-106	-105	-114	-107	-29	-28	0	-1696	-1462	-216	-337	302	262
9	-518	-599	21571532	-100	-98	-121	-115	-29	-28	0	-1725	-1490	-216	-337	302	262
9	-518	-599	21573528	-92	-93	-100	-95	-25	-24	0	-1750	-1514	-216	-337	302	262
9	-518	-599	21575528	-83	-86	-92	-89	-23	-24	0	-1773	-1538	-216	-337	302	262
9	-518	-599	21577520	-75	-80	-87	-84	-21	-21	0	-1794	-1559	-216	-337	302	262
9	-518	-599	21579520	-69	-74	-80	-77	-20	-20	0	-1814	-1100	-216	-337	302	262
9	-518	-599	21581524	-60	-67	-83	-82	-19	-20	0	-1833	-1120	-216	-337	302	262
9	-518	-599	21583528	-53	-60	-65	-63	-15	-16	1	-1848	-1136	-216	-337	302	262
10	329	721	21613648	2	-3	-3	-4	0	-1	1	-216	-338	113	384	-216	-337
10	329	721	21615640	4	-1	-1	-3	0	0	1	-216	-338	113	384	-216	-337
10	329	721	21617652	5	0	-1	-1	0	-1	1	-216	-339	113	384	-216	-337
10	329	721	21619632	4	-1	0	-1	0	0	1	-216	-339	113	384	-216	-337
10	329	721	21621596	6	0	0	0	0	0	1	-216	-339	113	384	-216	-337
10	329	721	21623604	6	0	1	0	1	0	1	-215	-339	113	384	-216	-337
10	329	721	21625632	6	0	2	-1	1	0	1	-214	-339	113	384	-216	-337
10	329	721	21627600	7	0	2	0	1	0	1	-213	-339	113	384	-216	-337
10	329	721	21629604	7	0	3	0	1	0	1	-212	-339	113	384	-216	-337
10	329	721	21631588	8	0	1	0	0	0	1	-212	-339	113	384	-216	-337
10	329	721	21633596	8	0	2	0	1	0	1	-211	-339	113	384	-216	-337
10	329	721	21635596	8	0	3	0	1	0	1	-210	-339	113	384	-216	-337
10	329	721	21637596	9	0	2	0	1	0	1	-209	-339	113	384	-216	-337
10	329	721	21639592	7	0	3	0	1	0	1	-208	-339	113	384	-216	-337
10	329	721	21641604	9	0	2	0	1	0	1	-207	-339	113	384	-216	-337
10	329	721	21643608	7	0	3	0	1	0	1	-206	-339	113	384	-216	-337
10	329	721	21645616	8	0	2	0	1	0	1	-205	-339	113	384	-216	-337
10	329	721	21647612	7	0	3	0	1	0	1	-204	-339	113	384	-216	-337
10	329	721	21649608	8	0	1	0	1	0	1	-203	-339	113	384	-216	-337
10	329	721	21651636	6	1	3	0	1	0	1	-202	-339	113	384	-216	-337
10	329	721	21653620	8	1	2	0	0	0	1	-202	-339	113	384	-216	-337
10	329	721	21655624	5	2	3	1	1	0	1	-201	-339	113	384	-216	-337
10	329	721	21657628	6	1	1	2	1	0	1	-200	-339	113	384	-216	-337
10	329	721	21659628	6	2	2	2	1	0	1	-199	-339	113	384	-216	-337
10	329	721	21661620	5	3	2	3	0	1	1	-199	-338	113	384	-216	-337
10	329	721	21663624	5	4	2	3	1	0	0	-198	-338	113	384	-216	-337
10	329	721	21665640	5	3	3	4	1	1	0	-197	-337	113	384	-216	-337
10	329	721	21667620	6	7	2	5	0	1	0	-197	-336	113	384	-216	-337
10	329	721	21669636	8	7	4	9	1	2	0	-196	-334	113	384	-216	-337
10	329	721	21671640	6	10	4	7	1	1	0	-195	-333	113	384	-216	-337
10	329	721	21673640	8	11	5	12	1	2	0	-194	-331	113	384	-216	-337
10	329	721	21675640	8	15	5	12	2	3	0	-192	-328	113	384	-216	-337
10	329	721	21677644	10	17	6	18	1	3	0	-191	-325	113	384	-216	-337
10	329	721	21679640	10	20	7	18	2	3	0	-189	-322	113	384	-216	-337
10	329	721	21681636	12	23	8	22	1	4	0	-188	-318	113	384	-216	-337
10	329	721	21683632	13	27	9	23	2	5	0	-186	-313	113	384	-216	-337
10	329	721	21685636	14	31	11	28	3	5	0	-183	-308	113	384	-216	-337
10	329	721	21687636	15	35	12	36	2	7	0	-181	-301	113	384	-216	-337
10	329	721	21689636	18	40	14	35	3	7	0	-178	-294	113	384	-216	-337
10	329	721	21691640	18	44	15	40	3	7	0	-175	-287	113	384	-216	-337
10	329	721	21693640	20	48	16	44	3	9	0	-172	-278	113	384	-216	-337
10	329	721	21695640	23	54	20	55	4	10	0	-168	-268	113	384	-216	-337
10	329	721	21697644	24	58	20	52	4	10	0	-164	-258	113	384	-216	-337
10	329	721	21699636	27	62	22	57	5	10	0	-159	-248	113	384	-216	-337
10	329	721	21701624	28	68	23	61	4	12	0	-155	-236	113	384	-216	-337
10	329	721	21703620	31	72	29	76	6	14	0	-149	-222	113	384	-216	-337
10	329	721	21705620	35	76	28	70	6	13	0	-143	-209	113	384	-216	-337
10	329	721	21707612	31	72	30	75	5	13	0	-138	-196	113	384	-216	-337
10	329	721	21709612	40	85	31	80	7	15	0	-131	-181	113	384	-216	-337
10	329	721	21711612	43	88	34	83	7	16	0	-124	-165	113	384	-216	-337
10	329	721	21713612	46	94	42	100	8	17	0	-116	-148	113	384	-216	-337
10	329	721	21715616	49	99	39	92	8	18	0	-108	-130	113	384	-216	-337
10	329	721	21717612	53	101	42	95	8	18	0	-100	-112	113	384	-216	-337
10	329	721	21719608	57	106	45	100	9	18	0	-91	-94	113	384	-216	-337
10	329	721	21721612	61	110	55	119	11	21	0	-80	-73	113	384	-216	-337
10	329	721	21723608	65	115	53	107	11	20	0	-69	-53	113	384	-216	-337
10	329	721	21725604	69	119	55	113	11	21	0	-58	-32	113	384	-216	-337
10	329	721	21727616	73	123	59	116	12	22	0	-46	-10	113	384	-216	-337
10	329	721	21729616	78	127	71	139	14	24	0	-32	14	113	384	-216	-337
10	329	721	21731616	82	131	66	125	13	24	0	-19	38	113	384	-216	-337
10	329	721	21733616	88	137	71	129	14	24	0	-5	62	113	384	-216	-337
10	329	721	21735620	91	141	75	133	16	25	0	11	87	113	384	-216	-337
10	329	721	21737616	98	145	92	158	17	27	0	28	114	113	384	-216	-337
10	329	721	21739616	102	149	83	142	17	27	0	45	141	113	384	-216	-337
10	329	721	21741612	108	152	89	145	18	27	0	63	168	113	384	-216	-337
10	329	721	21743612	111	158	93	150	18	28	0	81	196	113	384	-216	-337
10	329	721	21745608	117	161	97	154	20	28	0	101	224	113	384	-216	-337
10	329	721	21747604	122	166	115	180	21	32	0	122	256	113	384	-216	-337
10	329	721	21749604	126	169	105	160	21	30	0	143	286	113	384	-216	-337
10	329	721	21751596	114	150	110	164	20	28	0	163	314	113	384	-216	-337
10	329	721	21753600	133	174	111	166	23	31	0	186	345	113	384	-216	-337
10	329	721	21755596	137	177	133	194	24	34	0	210	379	113	384	-216	-337
10	329	721	21757600	140	178	119	170	24	31	0	234	410	113	384	-216	-337
10	329	721	21759604	142	178	121	172	24	32	0	258	442	113	384	-216	-337
10	329	721	21761592	144	180	124	174	24	32	0	282	474	113	384	-216	-337
10	329	721	21763592	146	179	142	198	26	35	0	308	509	113	384	-216	-337
10	329	721	21765596	146	178	126	172	25	32	0	333	541	113	384	-216	-337
10	329	721	21767600	147	177	128	171	25	31	0	358	572	113	384	-216	-337
10	329	721	21769600	146	174	127	172	25	32	0	383	604	113	384	-216	-337
10	329	721	21771596	145	172	147	192	26	33	0	409	637	113	384	-216	-337
10	329	721	21773596	144	169	126	165	25	30	0	434	667	113	384	-216	-337
10	329	721	21775600	142	166	127	164	24	30	0	458	697	113	384	-216	-337
10	329	721	21777600	140	162	125	160	24	29	0	482	726	113	384	-216	-337
10	329	721	21779596	138	157	125	156	24	29	0	506	755	113	384	-216	-337
10	329	721	21781604	135	154	140	174	25	30	0	531	785	113	384	-216	-337
10	329	721	21783588	132	147	122	147	23	26	0	554	811	113	384	-216	-337
10	329	721	21785584	130	144	120	144	23	27	0	577	838	113	384	-216	-337
10	329	721	21787584	125	138	117	139	22	25	0	599	863	113	384	-216	-337
10	329	721	21789580	123	133	131	154	23	26	0	622	889	113	384	-216	-337
10	329	721	21791584	118	128	113	128	21	23	0	643	912	113	384	-216	-337
10	329	721	21793580	100	109	110	125	19	21	0	662	933	113	384	-216	-337
10	329	721	21795576	112	120	107	122	20	22	0	682	955	113	384	-216	-337
10	329	721	21797572	107	116	119	132	21	23	0	703	978	113	384	-216	-337
10	329	721	21799568	103	111	103	114	18	20	0	721	998	113	384	-216	-337
10	329	721	21801564	100	110	98	109	18	20	0	739	1018	113	384	-216	-337
10	329	721	21803568	95	105	97	106	18	19	0	757	1037	113	384	-216	-337
10	329	721	21805564	92	103	92	104	17	19	0	774	1056	113	384	-216	-337
10	329	721	21807560	86	100	104	113	17	20	0	791	1076	113	384	-216	-337
10	329	721	21809564	84	96	86	98	15	17	0	806	1093	113	384	-216	-337
10	329	721	21811560	80	94	84	95	15	17	1	821	1097	113	384	-216	-337
11	329	721	21837692	36	71	43	73	5	10	1	118	394	113	384	-216	-337
11	-113	-784	21839668	28	59	34	58	5	8	1	123	402	0	-400	113	384
11	-113	-784	21841660	25	55	31	57	4	8	1	127	410	0	-400	113	384
11	-113	-784	21843672	22	51	29	53	3	8	1	130	418	0	-400	113	384
11	-113	-784	21845672	19	47	30	55	4	7	1	134	425	0	-400	113	384
11	-113	-784	21847672	15	43	23	45	3	6	1	137	431	0	-400	113	384
11	-113	-784	21849672	14	40	20	42	2	6	1	139	437	0	-400	113	384
11	-113	-784	21851664	11	34	17	37	2	5	1	141	442	0	-400	113	384
11	-113	-784	21853664	10	31	16	33	2	5	1	143	447	0	-400	113	384
11	-113	-784	21855660	6	26	15	33	1	4	1	144	451	0	-400	113	384
11	-113	-784	21857672	6	20	12	27	2	4	1	146	455	0	-400	113	384
11	-113	-784	21859664	4	20	10	22	1	3	1	147	458	0	-400	113	384
11	-113	-784	21861664	4	16	8	19	1	2	1	148	460	0	-400	113	384
11	-113	-784	21863652	2	14	8	19	0	2	1	148	462	0	-400	113	384
11	-113	-784	21865664	2	11	5	12	1	2	1	149	464	0	-400	113	384
11	-113	-784	21867652	1	8	5	11	0	1	1	149	465	0	-400	113	384
11	-113	-784	21869664	0	7	4	9	1	2	1	150	467	0	-400	113	384
11	-113	-784	21871632	0	4	2	8	0	0	1	150	467	0	-400	113	384
11	-113	-784	21873644	0	3	1	5	0	1	1	150	468	0	-400	113	384
11	-113	-784	21875628	0	2	2	3	0	0	1	150	468	0	-400	113	384
11	-113	-784	21877636	0	0	1	2	0	0	1	150	468	0	-400	113	384
11	-113	-784	21879620	0	0	0	1	0	1	1	150	469	0	-400	113	384
11	-113	-784	21887624	1	-3	1	-1	0	0	1	150	469	0	-400	113	384
11	-113	-784	21889620	3	-2	0	-1	0	0	1	150	469	0	-400	113	384
11	-113	-784	21891624	2	-3	0	-2	0	0	1	150	469	0	-400	113	384
11	-113	-784	21893652	4	-2	0	-3	1	-1	1	151	468	0	-400	113	384
11	-113	-784	21895628	4	-5	1	-4	0	0	1	151	468	0	-400	113	384
11	-113	-784	21897648	5	-6	0	-5	0	-1	1	151	467	0	-400	113	384
11	-113	-784	21899652	5	-7	2	-6	1	-1	1	152	466	0	-400	113	384
11	-113	-784	21901640	5	-8	0	-9	0	-1	1	152	465	0	-400	113	384
11	-113	-784	21903652	5	-12	0	-10	1	-2	1	153	463	0	-400	113	384
11	-113	-784	21905640	6	-13	0	-13	0	-2	1	153	461	0	-400	113	384
11	-113	-784	21907640	4	-17	0	-14	0	-2	0	153	459	0	-400	113	384
11	-113	-784	21909648	5	-18	0	-18	1	-2	0	154	457	0	-400	113	384
11	-113	-784	21911636	3	-23	0	-20	0	-4	0	154	453	0	-400	113	384
11	-113	-784	21913612	2	-25	-2	-27	0	-3	0	154	450	0	-400	113	384
11	-113	-784	21915628	1	-30	-3	-26	0	-4	0	154	446	0	-400	113	384
11	-113	-784	21917632	0	-34	-3	-32	0	-5	0	154	441	0	-400	113	384
11	-113	-784	21919632	0	-37	-5	-33	0	-5	0	154	436	0	-400	113	384
11	-113	-784	21921652	-5	-43	-7	-44	-1	-6	0	153	430	0	-400	113	384
11	-113	-784	21923648	-8	-47	-8	-43	-1	-7	0	152	423	0	-400	113	384
11	-113	-784	21925644	-11	-51	-9	-47	-1	-7	0	151	416	0	-400	113	384
11	-113	-784	21927644	-14	-58	-13	-53	-2	-8	0	149	408	0	-400	113	384
11	-113	-784	21929640	-17	-61	-13	-56	-2	-8	0	147	400	0	-400	113	384
11	-113	-784	21931632	-22	-68	-19	-70	-3	-10	0	144	390	0	-400	113	384
11	-113	-784	21933632	-26	-72	-19	-67	-3	-10	0	141	380	0	-400	113	384
11	-113	-784	21935628	-29	-78	-21	-72	-4	-10	0	137	370	0	-400	113	384
11	-113	-784	21937624	-32	-82	-25	-77	-4	-12	0	133	358	0	-400	113	384
11	-113	-784	21939624	-38	-90	-33	-95	-5	-13	0	128	345	0	-400	113	384
11	-113	-784	21941632	-35	-83	-31	-88	-5	-12	0	123	333	0	-400	113	384
11	-113	-784	21943632	-46	-100	-35	-95	-6	-14	0	117	319	0	-400	113	384
11	-113	-784	21945640	-49	-106	-37	-98	-6	-15	0	111	304	0	-400	113	384
11	-113	-784	21947632	-55	-111	-42	-105	-7	-15	0	104	289	0	-400	113	384
11	-113	-784	21949628	-58	-119	-51	-128	-7	-18	0	97	271	0	-400	113	384
11	-113	-784	21951628	-65	-125	-49	-117	-9	-17	0	88	254	0	-400	113	384
11	-113	-784	21953628	-69	-131	-52	-123	-8	-18	0	80	236	0	-400	113	384
11	-113	-784	21955632	-75	-136	-56	-127	-10	-19	0	70	217	0	-400	113	384
11	-113	-784	21957628	-79	-142	-68	-153	-10	-21	0	60	196	0	-400	113	384
11	-113	-784	21959632	-84	-147	-64	-139	-11	-20	0	49	176	0	-400	113	384
11	-113	-784	21961628	-88	-153	-65	-143	-11	-22	0	38	154	0	-400	113	384
11	-113	-784	21963636	-94	-157	-68	-149	-11	-21	0	27	133	0	-400	113	384
11	-113	-784	21965624	-99	-161	-83	-174	-13	-24	0	14	109	0	-400	113	384
11	-113	-784	21967628	-101	-165	-75	-157	-13	-23	0	1	86	0	-400	113	384
11	-113	-784	21969624	-106	-169	-77	-160	-13	-24	0	-12	62	0	-400	113	384
11	-113	-784	21971620	-110	-171	-79	-164	-13	-24	0	-25	38	0	-400	113	384
11	-113	-784	21973616	-114	-174	-94	-190	-15	-26	0	-40	12	0	-400	113	384
11	-113	-784	21975616	-116	-176	-82	-168	-14	-24	0	-54	-12	0	-400	113	384
11	-113	-784	21977616	-119	-178	-85	-170	-15	-25	0	-69	-37	0	-400	113	384
11	-113	-784	21979616	-121	-177	-85	-171	-15	-25	0	-84	-62	0	-400	113	384
11	-113	-784	21981616	-123	-179	-88	-172	-15	-25	0	-99	-87	0	-400	113	384
11	-113	-784	21983628	-124	-178	-99	-198	-16	-27	0	-115	-114	0	-400	113	384
11	-113	-784	21985624	-125	-178	-87	-172	-15	-25	0	-130	-139	0	-400	113	384
11	-113	-784	21987624	-110	-155	-88	-173	-14	-23	0	-144	-162	0	-400	113	384
11	-113	-784	21989620	-125	-178	-86	-172	-15	-25	0	-159	-187	0	-400	113	384
11	-113	-784	21991620	-125	-176	-96	-197	-16	-27	0	-175	-214	0	-400	113	384
11	-113	-784	21993624	-123	-176	-84	-171	-15	-25	0	-190	-239	0	-400	113	384
11	-113	-784	21995624	-123	-175	-82	-170	-14	-25	0	-204	-264	0	-400	113	384
11	-113	-784	21997616	-120	-173	-82	-170	-15	-24	0	-219	-288	0	-400	113	384
11	-113	-784	21999612	-119	-172	-90	-191	-15	-26	0	-234	-314	0	-400	113	384
11	-113	-784	22001608	-117	-170	-75	-166	-13	-24	0	-247	-338	0	-400	113	384
11	-113	-784	22003608	-114	-169	-73	-164	-14	-24	0	-261	-362	0	-400	113	384
11	-113	-784	22005604	-111	-168	-70	-164	-13	-23	0	-274	-385	0	-400	113	384
11	-113	-784	22007604	-109	-165	-78	-184	-13	-25	0	-287	-410	0	-400	113	384
11	-113	-784	22009600	-104	-162	-64	-158	-12	-23	0	-299	-433	0	-400	113	384
11	-113	-784	22011596	-101	-160	-61	-157	-11	-23	0	-310	-456	0	-400	113	384
11	-113	-784	22013592	-97	-159	-57	-155	-11	-22	0	-321	-478	0	-400	113	384
11	-113	-784	22015592	-93	-156	-55	-152	-11	-22	0	-332	-500	0	-400	113	384
11	-113	-784	22017604	-89	-153	-58	-171	-11	-23	0	-343	-523	0	-400	113	384
11	-113	-784	22019596	-83	-151	-47	-148	-9	-22	0	-352	-545	0	-400	113	384
11	-113	-784	22021596	-80	-147	-44	-144	-9	-21	0	-361	-566	0	-400	113	384
11	-113	-784	22023600	-75	-144	-40	-141	-8	-20	0	-369	-586	0	-400	113	384
11	-113	-784	22025596	-72	-140	-43	-157	-8	-21	0	-377	-607	0	-400	113	384
11	-113	-784	22027596	-57	-119	-33	-134	-7	-18	0	-384	-625	0	-400	113	384
11	-113	-784	22029596	-61	-132	-32	-129	-6	-19	0	-390	-644	0	-400	113	384
11	-113	-784	22031592	-57	-127	-30	-125	-6	-18	0	-396	-662	0	-400	113	384
11	-113	-784	22033592	-51	-121	-30	-136	-6	-18	0	-402	-680	0	-400	113	384
11	-113	-784	22035588	-45	-115	-25	-114	-5	-17	0	-407	-697	0	-400	113	384
11	-113	-784	22037600	-41	-109	-21	-109	-5	-15	0	-412	-712	0	-400	113	384
11	-113	-784	22039596	-35	-103	-21	-102	-4	-15	0	-416	-727	0	-400	113	384
11	-113	-784	22041588	-31	-97	-21	-111	-3	-15	0	-419	-742	0	-400	113	384
11	-113	-784	22043596	-27	-90	-18	-90	-4	-13	0	-423	-755	0	-400	113	384
11	-113	-784	22045592	-21	-82	-16	-85	-2	-11	0	-425	-766	0	-400	113	384
11	-113	-784	22047588	-19	-76	-15	-78	-3	-11	0	-428	-777	0	-400	113	384
11	-113	-784	22049588	-15	-69	-13	-72	-2	-11	0	-430	-788	0	-400	113	384
11	-113	-784	22051588	-11	-63	-13	-74	-1	-9	0	-431	-797	0	-400	113	384
11	-113	-784	22053584	-9	-55	-12	-59	-2	-8	1	-433	-805	0	-400	113	384
