1	0	-300	364683800	2	-10	0	-13	0	-2	1	0	-302	0	-300	0	0
1	0	-300	364685816	1	-12	0	-12	1	-1	1	1	-303	0	-300	0	0
1	-85	588	364687804	1	-7	0	-9	0	-2	1	1	-305	-85	288	0	-300
1	-85	588	364689808	1	-9	1	-10	0	-1	1	1	-306	-85	288	0	-300
1	-85	588	364691800	2	-7	0	-8	0	-1	1	1	-307	-85	288	0	-300
1	-85	588	364693804	1	-7	0	-7	0	-1	1	1	-308	-85	288	0	-300
1	-85	588	364695808	1	-6	0	-6	0	-1	1	1	-309	-85	288	0	-300
1	-85	588	364697784	0	-4	0	-5	0	-1	1	1	-310	-85	288	0	-300
1	-85	588	364699796	1	-3	0	-5	0	0	1	1	-310	-85	288	0	-300
1	-85	588	364701780	0	-4	0	-5	0	-1	1	1	-311	-85	288	0	-300
1	-85	588	364703804	2	-4	0	-4	0	-1	1	1	-312	-85	288	0	-300
1	-85	588	364705764	0	-1	0	-3	0	0	1	1	-312	-85	288	0	-300
1	-85	588	364707764	0	-3	0	-2	0	0	1	1	-312	-85	288	0	-300
1	-85	588	364709768	0	0	0	-1	0	0	1	1	-312	-85	288	0	-300
1	-85	588	364711804	1	-1	0	-2	0	-1	1	1	-313	-85	288	0	-300
1	-85	588	364713760	0	-1	0	0	0	0	1	1	-313	-85	288	0	-300
1	-85	588	364715752	0	0	0	-1	0	0	1	1	-313	-85	288	0	-300
1	-85	588	364729756	0	3	0	2	0	0	1	1	-313	-85	288	0	-300
1	-85	588	364731784	-1	4	0	3	0	0	1	1	-313	-85	288	0	-300
1	-85	588	364733796	-1	5	0	4	0	1	1	1	-312	-85	288	0	-300
1	-85	588	364735800	-1	6	0	8	0	1	1	1	-311	-85	288	0	-300
1	-85	588	364737804	-1	9	-2	7	0	1	1	1	-310	-85	288	0	-300
1	-85	588	364739800	-3	10	-1	10	0	2	1	1	-308	-85	288	0	-300
1	-85	588	364741800	-2	12	0	11	0	1	0	1	-307	-85	288	0	-300
1	-85	588	364743792	-3	16	-2	15	0	3	0	1	-304	-85	288	0	-300
1	-85	588	364745784	-4	18	-2	15	0	2	0	1	-302	-85	288	0	-300
1	-85	588	364747800	-3	22	-1	22	-1	3	0	0	-299	-85	288	0	-300
1	-85	588	364749780	-4	23	-2	23	0	4	0	0	-295	-85	288	0	-300
1	-85	588	364751796	-5	26	-4	24	-1	4	0	-1	-291	-85	288	0	-300
1	-85	588	364753788	-5	33	-3	31	0	4	0	-1	-287	-85	288	0	-300
1	-85	588	364755804	-5	33	-3	30	-1	5	0	-2	-282	-85	288	0	-300
1	-85	588	364757804	-6	42	-5	39	-1	6	0	-3	-276	-85	288	0	-300
1	-85	588	364759792	-5	41	-4	39	0	6	0	-3	-270	-85	288	0	-300
1	-85	588	364761808	-7	44	-6	46	-1	7	0	-4	-263	-85	288	0	-300
1	-85	588	364763808	-5	53	-7	53	-1	8	0	-5	-255	-85	288	0	-300
1	-85	588	364765808	-5	53	-6	48	-1	7	0	-6	-248	-85	288	0	-300
1	-85	588	364767808	-5	62	-9	62	-1	10	0	-7	-238	-85	288	0	-300
1	-85	588	364769804	-3	60	-7	56	-1	8	0	-8	-230	-85	288	0	-300
1	-85	588	364771804	-4	63	-9	69	-1	10	0	-9	-220	-85	288	0	-300
1	-85	588	364773800	-4	77	-9	65	-1	11	0	-10	-209	-85	288	0	-300
1	-85	588	364775804	-2	73	-11	78	-1	11	0	-11	-198	-85	288	0	-300
1	-85	588	364777804	-2	76	-11	84	-1	12	0	-12	-186	-85	288	0	-300
1	-85	588	364779804	-1	91	-10	79	-1	13	0	-13	-173	-85	288	0	-300
1	-85	588	364781808	0	87	-13	92	-1	14	0	-14	-159	-85	288	0	-300
1	-85	588	364783788	0	102	-11	88	0	14	0	-14	-145	-85	288	0	-300
1	-85	588	364785808	0	95	-14	104	-2	15	0	-16	-130	-85	288	0	-300
1	-85	588	364787796	0	100	-12	95	0	14	0	-16	-116	-85	288	0	-300
1	-85	588	364789804	1	118	-14	113	-1	18	0	-17	-98	-85	288	0	-300
1	-85	588	364791804	1	108	-12	104	-1	16	0	-18	-82	-85	288	0	-300
1	-85	588	364793792	1	113	-15	124	-1	17	0	-19	-65	-85	288	0	-300
1	-85	588	364795800	0	132	-17	130	-2	20	0	-21	-45	-85	288	0	-300
1	-85	588	364797796	0	122	-13	116	-1	18	0	-22	-27	-85	288	0	-300
1	-85	588	364799796	0	142	-15	139	-1	21	0	-23	-6	-85	288	0	-300
1	-85	588	364801796	0	129	-15	125	-1	19	0	-24	13	-85	288	0	-300
1	-85	588	364803800	-3	134	-17	146	-1	21	0	-25	34	-85	288	0	-300
1	-85	588	364805796	-5	153	-16	133	-2	21	0	-27	55	-85	288	0	-300
1	-85	588	364807796	-6	142	-17	155	-2	23	0	-29	78	-85	288	0	-300
1	-85	588	364809800	-9	161	-18	158	-2	24	0	-31	102	-85	288	0	-300
1	-85	588	364811796	-9	147	-17	144	-2	21	0	-33	123	-85	288	0	-300
1	-85	588	364813796	-10	152	-20	168	-2	24	0	-35	147	-85	288	0	-300
1	-85	588	364815800	-12	172	-18	148	-2	24	0	-37	171	-85	288	0	-300
1	-85	588	364817804	-13	158	-21	175	-3	25	0	-40	196	-85	288	0	-300
1	-85	588	364819808	-13	160	-19	157	-2	24	0	-42	220	-85	288	0	-300
1	-85	588	364821812	-17	182	-22	181	-3	27	0	-45	247	-85	288	0	-300
1	-85	588	364823816	-15	165	-24	184	-3	27	0	-48	274	-85	288	0	-300
1	-85	588	364825808	-18	189	-21	163	-3	26	0	-51	300	-85	288	0	-300
1	-85	588	364827816	-18	169	-27	189	-3	27	0	-54	327	-85	288	0	-300
1	-85	588	364829808	-17	172	-23	169	-3	25	0	-57	352	-85	288	0	-300
1	-85	588	364831812	-22	195	-28	194	-4	30	0	-61	382	-85	288	0	-300
1	-85	588	364833804	-18	175	-25	172	-3	26	0	-64	408	-85	288	0	-300
1	-85	588	364835800	-23	199	-30	198	-4	29	0	-68	437	-85	288	0	-300
1	-85	588	364837804	-21	177	-27	173	-4	27	0	-72	464	-85	288	0	-300
1	-85	588	364839808	-23	178	-32	202	-4	28	0	-76	492	-85	288	0	-300
1	-85	588	364841812	-25	201	-32	201	-4	30	0	-80	522	-85	288	0	-300
1	-85	588	364843816	-23	179	-29	177	-4	27	0	-84	549	-85	288	0	-300
1	-85	588	364845816	-30	201	-34	203	-5	30	0	-89	579	-85	288	0	-300
1	-85	588	364847820	-27	178	-30	177	-4	27	0	-93	606	-85	288	0	-300
1	-85	588	364849816	-28	177	-33	203	-5	28	0	-98	634	-85	288	0	-300
1	-85	588	364851824	-35	199	-32	176	-5	29	0	-103	663	-85	288	0	-300
1	-85	588	364853816	-33	174	-36	200	-5	28	0	-108	691	-85	288	0	-300
1	-85	588	364855820	-34	173	-36	199	-5	27	0	-113	718	-85	288	0	-300
1	-85	588	364857824	-40	193	-31	171	-5	28	0	-118	746	-85	288	0	-300
1	-85	588	364859828	-37	170	-35	195	-6	27	0	-124	773	-85	288	0	-300
1	-85	588	364861836	-44	186	-32	168	-6	27	0	-130	800	-85	288	0	-300
1	-85	588	364863828	-41	164	-36	188	-5	26	0	-135	826	-85	288	0	-300
1	-85	588	364865832	-41	161	-31	162	-6	24	0	-141	850	-85	288	0	-300
1	-85	588	364867836	-48	176	-35	181	-6	27	0	-147	877	-85	288	0	-300
1	-85	588	364869840	-42	154	-34	177	-6	25	0	-153	745	-85	288	0	-300
1	-85	588	364871836	-49	168	-30	152	-6	24	0	-159	769	-85	288	0	-300
1	-85	588	364873840	-44	145	-34	167	-5	23	0	-164	792	-85	288	0	-300
1	-85	588	364875832	-42	140	-30	143	-6	22	0	-170	814	-85	288	0	-300
1	-85	588	364877836	-49	153	-32	157	-6	23	0	-176	837	-85	288	0	-300
1	-85	588	364879836	-41	130	-29	133	-5	20	0	-181	857	-85	288	0	-300
1	-85	588	364881828	-42	127	-32	146	-6	20	0	-187	877	-85	288	0	-300
1	-85	588	364883832	-45	135	-32	140	-5	21	0	-192	898	-85	288	0	-300
1	-85	588	364885832	-38	115	-26	117	-5	17	0	-197	915	-85	288	0	-300
1	-85	588	364887836	-42	121	-30	127	-6	19	0	-203	739	-85	288	0	-300
1	-85	588	364889840	-33	104	-26	106	-4	15	0	-207	754	-85	288	0	-300
1	-85	588	364891844	-33	97	-29	114	-5	16	0	-212	770	-85	288	0	-300
1	-85	588	364893840	-35	103	-24	95	-4	15	0	-216	785	-85	288	0	-300
1	-85	588	364895836	-27	86	-27	101	-4	14	0	-220	799	-85	288	0	-300
1	-85	588	364897832	-30	90	-23	82	-4	13	0	-224	812	-85	288	0	-300
1	-85	588	364899832	-24	74	-25	89	-4	12	0	-228	824	-85	288	0	-300
1	-85	588	364901836	-23	70	-23	83	-3	12	0	-231	836	-85	288	0	-300
1	-85	588	364903840	-21	71	-20	66	-3	10	0	-234	730	-85	288	0	-300
1	-85	588	364905844	-17	57	-23	70	-3	9	0	-237	739	-85	288	0	-300
1	-85	588	364907840	-18	59	-17	56	-3	9	0	-240	748	-85	288	0	-300
1	-85	588	364909836	-14	48	-19	58	-2	8	0	-242	756	-85	288	0	-300
1	-85	588	364911836	-11	42	-15	46	-2	7	0	-244	763	-85	288	0	-300
1	-85	588	364913840	-11	41	-16	47	-2	6	0	-246	769	-85	288	0	-300
1	-85	588	364915836	-9	33	-14	42	-2	6	1	-248	775	-85	288	0	-300
2	-85	588	364917844	-7	30	-11	31	-2	4	1	-87	292	-85	288	0	-300
2	-85	588	364919840	-7	27	-12	31	-1	5	1	-88	297	-85	288	0	-300
2	247	-540	364921828	-5	20	-8	24	-1	3	1	-89	300	162	-252	-85	288
2	247	-540	364923828	-3	20	-9	24	-1	3	1	-90	303	162	-252	-85	288
2	247	-540	364925836	-3	14	-6	16	-1	3	1	-91	306	162	-252	-85	288
2	247	-540	364927812	-2	11	-7	16	0	2	1	-91	308	162	-252	-85	288
2	247	-540	364929824	0	10	-5	13	-1	1	1	-92	309	162	-252	-85	288
2	247	-540	364931804	0	7	-3	10	0	2	1	-92	311	162	-252	-85	288
2	247	-540	364933800	0	5	-3	7	0	1	1	-92	312	162	-252	-85	288
2	247	-540	364935788	3	2	-1	4	0	0	1	-92	312	162	-252	-85	288
2	247	-540	364937788	3	1	0	4	0	0	1	-92	312	162	-252	-85	288
2	247	-540	364939768	7	0	0	0	0	0	1	-92	312	162	-252	-85	288
2	247	-540	364941796	6	-1	0	-1	0	0	1	-92	312	162	-252	-85	288
2	247	-540	364943804	6	-5	0	-2	1	0	1	-91	312	162	-252	-85	288
2	247	-540	364945812	9	-8	3	-6	1	0	1	-90	312	162	-252	-85	288
2	247	-540	364947828	9	-9	3	-9	1	-2	1	-89	310	162	-252	-85	288
2	247	-540	364949832	10	-11	4	-10	1	-1	1	-88	309	162	-252	-85	288
2	247	-540	364951828	10	-12	4	-13	1	-2	1	-87	307	162	-252	-85	288
2	247	-540	364953824	11	-15	4	-13	1	-2	1	-86	305	162	-252	-85	288
2	247	-540	364955816	12	-19	5	-18	1	-3	1	-85	302	162	-252	-85	288
2	247	-540	364957824	12	-19	3	-17	1	-3	1	-84	299	162	-252	-85	288
2	247	-540	364959816	13	-22	7	-23	2	-3	1	-82	296	162	-252	-85	288
2	247	-540	364961824	15	-28	5	-22	1	-4	1	-81	292	162	-252	-85	288
2	247	-540	364963820	13	-27	6	-28	2	-4	1	-79	288	162	-252	-85	288
2	247	-540	364965816	16	-33	6	-31	1	-5	1	-78	283	162	-252	-85	288
2	247	-540	364967820	14	-32	6	-30	2	-4	1	-76	279	162	-252	-85	288
2	247	-540	364969824	14	-35	7	-36	1	-6	1	-75	273	162	-252	-85	288
2	247	-540	364971820	17	-40	6	-34	2	-5	1	-73	268	162	-252	-85	288
2	247	-540	364973824	14	-39	7	-40	2	-6	1	-71	262	162	-252	-85	288
2	247	-540	364975816	15	-39	7	-38	1	-6	1	-70	256	162	-252	-85	288
2	247	-540	364977824	17	-46	6	-43	2	-7	1	-68	249	162	-252	-85	288
2	247	-540	364979820	15	-43	6	-42	2	-6	1	-66	243	162	-252	-85	288
2	247	-540	364981824	18	-48	8	-47	2	-7	1	-64	236	162	-252	-85	288
2	247	-540	364983820	16	-45	7	-49	1	-7	1	-63	229	162	-252	-85	288
2	247	-540	364985824	16	-45	6	-44	2	-7	1	-61	222	162	-252	-85	288
2	247	-540	364987824	18	-53	8	-52	2	-8	1	-59	214	162	-252	-85	288
2	247	-540	364989832	16	-49	7	-46	2	-7	1	-57	207	162	-252	-85	288
2	247	-540	364991828	19	-55	8	-54	2	-8	1	-55	199	162	-252	-85	288
2	247	-540	364993824	16	-50	7	-49	1	-7	1	-54	192	162	-252	-85	288
2	247	-540	364995820	16	-51	10	-57	2	-9	1	-52	183	162	-252	-85	288
2	247	-540	364997820	20	-60	10	-60	3	-9	1	-49	174	162	-252	-85	288
2	247	-540	364999824	18	-55	9	-53	2	-8	1	-47	166	162	-252	-85	288
2	247	-540	365001820	17	-57	13	-62	2	-9	1	-45	157	162	-252	-85	288
2	247	-540	365003820	22	-67	11	-58	2	-9	0	-43	148	162	-252	-85	288
2	247	-540	365005820	20	-60	15	-67	3	-10	0	-40	138	162	-252	-85	288
2	247	-540	365007812	23	-72	15	-62	3	-10	0	-37	128	162	-252	-85	288
2	247	-540	365009804	23	-66	19	-71	3	-10	0	-34	118	162	-252	-85	288
2	247	-540	365011804	22	-68	18	-65	3	-10	0	-31	108	162	-252	-85	288
2	247	-540	365013812	28	-80	25	-77	4	-12	0	-27	96	162	-252	-85	288
2	247	-540	365015816	26	-74	28	-82	4	-11	0	-23	85	162	-252	-85	288
2	247	-540	365017816	30	-86	26	-72	4	-12	0	-19	73	162	-252	-85	288
2	247	-540	365019816	29	-79	35	-85	5	-12	0	-14	61	162	-252	-85	288
2	247	-540	365021824	30	-81	33	-78	5	-12	0	-9	49	162	-252	-85	288
2	247	-540	365023828	36	-94	42	-91	6	-14	0	-3	35	162	-252	-85	288
2	247	-540	365025820	34	-85	40	-82	5	-13	0	2	22	162	-252	-85	288
2	247	-540	365027824	35	-88	50	-97	6	-14	0	8	8	162	-252	-85	288
2	247	-540	365029820	41	-102	54	-98	8	-15	0	16	-7	162	-252	-85	288
2	247	-540	365031828	39	-92	51	-89	6	-13	0	22	-20	162	-252	-85	288
2	247	-540	365033820	45	-106	63	-103	8	-16	0	30	-36	162	-252	-85	288
2	247	-540	365035824	41	-97	58	-93	8	-14	0	38	-50	162	-252	-85	288
2	247	-540	365037828	43	-98	72	-108	8	-16	0	46	-66	162	-252	-85	288
2	247	-540	365039828	50	-113	65	-96	9	-15	0	55	-81	162	-252	-85	288
2	247	-540	365041824	45	-102	80	-114	9	-16	0	64	-97	162	-252	-85	288
2	247	-540	365043828	52	-119	82	-115	11	-18	0	75	-115	162	-252	-85	288
2	247	-540	365045828	49	-108	76	-105	9	-16	0	84	-131	162	-252	-85	288
2	247	-540	365047828	51	-111	90	-121	10	-17	0	94	-148	162	-252	-85	288
2	247	-540	365049816	60	-129	83	-109	11	-18	0	105	-166	162	-252	-85	288
2	247	-540	365051824	55	-117	97	-129	12	-19	0	117	-185	162	-252	-85	288
2	247	-540	365053824	58	-120	89	-115	11	-17	0	128	-202	162	-252	-85	288
2	247	-540	365055824	66	-140	104	-135	12	-21	0	140	-223	162	-252	-85	288
2	247	-540	365057816	61	-126	95	-120	12	-18	0	152	-241	162	-252	-85	288
2	247	-540	365059812	71	-148	111	-142	14	-22	0	166	-263	162	-252	-85	288
2	247	-540	365061816	65	-134	116	-145	13	-21	0	179	-284	162	-252	-85	288
2	247	-540	365063804	67	-136	104	-130	13	-20	0	192	-304	162	-252	-85	288
2	247	-540	365065808	76	-157	121	-153	15	-23	0	207	-327	162	-252	-85	288
2	247	-540	365067808	70	-143	110	-136	13	-21	0	220	-348	162	-252	-85	288
2	247	-540	365069812	71	-145	128	-157	15	-23	0	235	-371	162	-252	-85	288
2	247	-540	365071820	83	-166	114	-142	15	-23	0	250	-394	162	-252	-85	288
2	247	-540	365073820	72	-149	132	-162	15	-23	0	265	-417	162	-252	-85	288
2	247	-540	365075824	84	-169	135	-165	17	-25	0	282	-442	162	-252	-85	288
2	247	-540	365077832	75	-150	120	-146	14	-23	0	296	-465	162	-252	-85	288
2	247	-540	365079824	74	-150	138	-167	16	-23	0	312	-488	162	-252	-85	288
2	247	-540	365081828	82	-168	121	-146	16	-24	0	328	-512	162	-252	-85	288
2	247	-540	365083836	75	-149	139	-167	16	-24	0	344	-536	162	-252	-85	288
2	247	-540	365085828	81	-166	122	-145	15	-23	0	359	-559	162	-252	-85	288
2	247	-540	365087832	73	-147	139	-164	16	-23	0	375	-582	162	-252	-85	288
2	247	-540	365089824	71	-143	121	-143	14	-22	0	389	-604	162	-252	-85	288
2	247	-540	365091824	80	-159	139	-160	17	-24	0	406	-628	162	-252	-85	288
2	247	-540	365093816	70	-139	136	-158	15	-22	0	421	-650	162	-252	-85	288
2	247	-540	365095828	76	-154	118	-135	15	-22	0	436	-672	162	-252	-85	288
2	247	-540	365097824	68	-133	132	-152	15	-21	0	451	-693	162	-252	-85	288
2	247	-540	365099816	66	-130	114	-130	13	-19	0	464	-712	162	-252	-85	288
2	247	-540	365101820	73	-144	129	-146	15	-22	0	479	-734	162	-252	-85	288
2	247	-540	365103824	62	-124	108	-124	13	-19	0	492	-739	162	-252	-85	288
2	247	-540	365105832	63	-121	123	-138	14	-19	0	506	-758	162	-252	-85	288
2	247	-540	365107824	67	-133	120	-135	14	-20	0	520	-778	162	-252	-85	288
2	247	-540	365109828	59	-115	101	-115	12	-18	0	532	-796	162	-252	-85	288
2	247	-540	365111836	64	-126	113	-128	13	-19	0	545	-815	162	-252	-85	288
2	247	-540	365113824	55	-109	96	-109	12	-16	0	557	-831	162	-252	-85	288
2	247	-540	365115824	53	-105	106	-120	11	-17	0	568	-848	162	-252	-85	288
2	247	-540	365117824	58	-115	90	-102	12	-16	0	580	-864	162	-252	-85	288
2	247	-540	365119824	49	-98	99	-114	11	-16	0	591	-880	162	-252	-85	288
2	247	-540	365121816	47	-95	82	-95	9	-14	0	600	-734	162	-252	-85	288
2	247	-540	365123816	50	-104	90	-106	11	-16	0	611	-750	162	-252	-85	288
2	247	-540	365125816	44	-89	85	-101	10	-14	0	621	-764	162	-252	-85	288
2	247	-540	365127816	46	-95	72	-85	8	-14	0	629	-778	162	-252	-85	288
2	247	-540	365129820	39	-80	76	-94	9	-13	0	638	-791	162	-252	-85	288
2	247	-540	365131824	36	-77	62	-79	7	-11	0	645	-802	162	-252	-85	288
2	247	-540	365133808	39	-83	68	-86	8	-13	0	653	-815	162	-252	-85	288
2	247	-540	365135808	31	-69	54	-71	7	-11	0	660	-826	162	-252	-85	288
2	247	-540	365137816	34	-73	57	-77	7	-11	0	667	-731	162	-252	-85	288
2	247	-540	365139820	27	-62	53	-72	6	-10	0	673	-741	162	-252	-85	288
2	247	-540	365141816	25	-57	41	-60	5	-9	0	678	-750	162	-252	-85	288
2	247	-540	365143816	27	-60	42	-64	5	-9	0	683	-759	162	-252	-85	288
2	247	-540	365145816	20	-50	34	-52	4	-8	0	687	-767	162	-252	-85	288
2	247	-540	365147816	20	-48	33	-55	4	-7	0	691	-774	162	-252	-85	288
2	247	-540	365149816	18	-48	26	-45	3	-7	0	694	-781	162	-252	-85	288
2	247	-540	365151812	15	-40	25	-49	3	-7	0	697	-788	162	-252	-85	288
2	247	-540	365153812	15	-42	20	-38	3	-6	0	700	-726	162	-252	-85	288
2	247	-540	365155812	12	-33	17	-41	2	-6	0	702	-732	162	-252	-85	288
2	247	-540	365157812	10	-30	15	-36	2	-5	0	704	-737	162	-252	-85	288
2	247	-540	365159824	8	-32	10	-30	1	-4	0	705	-741	162	-252	-85	288
2	247	-540	365161820	8	-25	10	-30	1	-4	0	706	-745	162	-252	-85	288
2	247	-540	365163812	6	-22	7	-24	1	-4	0	707	-749	162	-252	-85	288
2	247	-540	365165816	5	-23	5	-24	1	-3	0	708	-752	162	-252	-85	288
2	247	-540	365167816	4	-16	3	-18	1	-3	1	709	-755	162	-252	-85	288
3	247	-540	365169804	2	-16	3	-19	0	-2	1	162	-254	162	-252	-85	288
3	-389	448	365171804	3	-13	1	-16	0	-3	1	162	-257	-227	196	162	-252
3	-389	448	365173808	1	-10	0	-13	0	-1	1	162	-258	-227	196	162	-252
3	-389	448	365175804	1	-10	0	-11	0	-2	1	162	-260	-227	196	162	-252
3	-389	448	365177772	0	-6	0	-8	0	-1	1	162	-261	-227	196	162	-252
3	-389	448	365179772	0	-6	0	-7	0	-1	1	162	-262	-227	196	162	-252
3	-389	448	365181796	0	-3	-1	-5	0	-1	1	162	-263	-227	196	162	-252
3	-389	448	365183784	0	-1	-3	-4	0	0	1	162	-263	-227	196	162	-252
3	-389	448	365185780	0	0	-2	-1	0	0	1	162	-263	-227	196	162	-252
3	-389	448	365187772	0	2	-5	0	0	0	1	162	-263	-227	196	162	-252
3	-389	448	365189772	-3	4	-4	3	0	0	1	162	-263	-227	196	162	-252
3	-389	448	365191788	-1	7	-6	6	0	1	1	162	-262	-227	196	162	-252
3	-389	448	365193800	-2	8	-7	7	-1	1	1	161	-261	-227	196	162	-252
3	-389	448	365195800	-3	11	-6	9	-1	1	1	160	-260	-227	196	162	-252
3	-389	448	365197800	-4	11	-9	11	-1	2	1	159	-258	-227	196	162	-252
3	-389	448	365199788	-2	14	-7	12	0	2	1	159	-256	-227	196	162	-252
3	-389	448	365201804	-4	16	-10	16	-1	2	1	158	-254	-227	196	162	-252
3	-389	448	365203808	-2	16	-13	16	-2	3	1	156	-251	-227	196	162	-252
3	-389	448	365205816	-4	22	-11	16	-1	3	1	155	-248	-227	196	162	-252
3	-389	448	365207816	-4	20	-14	22	-1	3	1	154	-245	-227	196	162	-252
3	-389	448	365209808	-4	22	-13	20	-1	3	1	153	-242	-227	196	162	-252
3	-389	448	365211812	-5	28	-17	25	-2	4	1	151	-238	-227	196	162	-252
3	-389	448	365213808	-3	25	-15	22	-1	3	1	150	-235	-227	196	162	-252
3	-389	448	365215812	-5	26	-18	29	-2	4	1	148	-231	-227	196	162	-252
3	-389	448	365217820	-7	31	-22	30	-2	5	1	146	-226	-227	196	162	-252
3	-389	448	365219808	-5	29	-18	27	-2	4	1	144	-222	-227	196	162	-252
3	-389	448	365221812	-6	34	-23	33	-2	5	1	142	-217	-227	196	162	-252
3	-389	448	365223804	-7	31	-20	30	-2	5	1	140	-212	-227	196	162	-252
3	-389	448	365225808	-8	32	-26	35	-3	5	1	137	-207	-227	196	162	-252
3	-389	448	365227812	-10	38	-24	31	-2	5	1	135	-202	-227	196	162	-252
3	-389	448	365229812	-10	35	-29	38	-3	5	1	132	-197	-227	196	162	-252
3	-389	448	365231812	-12	40	-27	35	-3	6	1	129	-191	-227	196	162	-252
3	-389	448	365233812	-14	37	-34	40	-4	6	1	125	-185	-227	196	162	-252
3	-389	448	365235812	-15	38	-37	42	-4	6	1	121	-179	-227	196	162	-252
3	-389	448	365237812	-19	45	-34	38	-4	6	1	117	-173	-227	196	162	-252
3	-389	448	365239812	-19	41	-43	45	-4	7	0	113	-166	-227	196	162	-252
3	-389	448	365241816	-21	41	-40	41	-5	6	0	108	-160	-227	196	162	-252
3	-389	448	365243812	-25	49	-50	47	-5	7	0	103	-153	-227	196	162	-252
3	-389	448	365245812	-26	44	-46	43	-6	6	0	97	-147	-227	196	162	-252
3	-389	448	365247808	-31	52	-57	51	-6	8	0	91	-139	-227	196	162	-252
3	-389	448	365249804	-30	47	-62	53	-7	8	0	84	-131	-227	196	162	-252
3	-389	448	365251804	-33	48	-57	46	-7	7	0	77	-124	-227	196	162	-252
3	-389	448	365253804	-40	55	-70	55	-8	8	0	69	-116	-227	196	162	-252
3	-389	448	365255804	-39	52	-65	50	-8	8	0	61	-108	-227	196	162	-252
3	-389	448	365257804	-40	51	-78	57	-9	8	0	52	-100	-227	196	162	-252
3	-389	448	365259800	-47	60	-72	53	-9	8	0	43	-92	-227	196	162	-252
3	-389	448	365261796	-46	55	-86	60	-10	9	0	33	-83	-227	196	162	-252
3	-389	448	365263800	-54	61	-79	54	-10	8	0	23	-75	-227	196	162	-252
3	-389	448	365265804	-51	58	-95	62	-11	9	0	12	-66	-227	196	162	-252
3	-389	448	365267800	-54	56	-98	65	-11	10	0	1	-56	-227	196	162	-252
3	-389	448	365269796	-64	65	-90	56	-12	9	0	-11	-47	-227	196	162	-252
3	-389	448	365271792	-60	59	-106	67	-12	9	0	-23	-38	-227	196	162	-252
3	-389	448	365273788	-71	67	-96	57	-13	9	0	-36	-29	-227	196	162	-252
3	-389	448	365275792	-66	60	-114	69	-13	10	0	-49	-19	-227	196	162	-252
3	-389	448	365277796	-69	61	-104	60	-13	9	0	-62	-10	-227	196	162	-252
3	-389	448	365279792	-83	70	-121	70	-15	11	0	-77	1	-227	196	162	-252
3	-389	448	365281800	-76	64	-126	72	-16	10	0	-93	11	-227	196	162	-252
3	-389	448	365283800	-89	74	-114	65	-15	10	0	-108	21	-227	196	162	-252
3	-389	448	365285804	-82	66	-135	77	-16	11	0	-124	32	-227	196	162	-252
3	-389	448	365287808	-85	70	-121	70	-16	10	0	-140	42	-227	196	162	-252
3	-389	448	365289804	-99	81	-141	81	-18	13	0	-158	55	-227	196	162	-252
3	-389	448	365291796	-91	75	-129	75	-16	11	0	-174	66	-227	196	162	-252
3	-389	448	365293800	-94	79	-151	89	-18	12	0	-192	78	-227	196	162	-252
3	-389	448	365295804	-107	91	-135	80	-19	13	0	-211	91	-227	196	162	-252
3	-389	448	365297804	-99	87	-159	96	-19	14	0	-230	105	-227	196	162	-252
3	-389	448	365299800	-113	100	-163	99	-21	15	0	-251	120	-227	196	162	-252
3	-389	448	365301796	-101	93	-146	90	-18	14	0	-269	134	-227	196	162	-252
3	-389	448	365303788	-104	97	-170	107	-21	15	0	-290	149	-227	196	162	-252
3	-389	448	365305784	-117	113	-150	98	-20	16	0	-310	165	-227	196	162	-252
3	-389	448	365307780	-105	105	-175	116	-21	16	0	-331	181	-227	196	162	-252
3	-389	448	365309776	-106	109	-154	105	-19	16	0	-350	197	-227	196	162	-252
3	-389	448	365311776	-119	126	-178	124	-22	19	0	-372	216	-227	196	162	-252
3	-389	448	365313776	-106	115	-155	111	-20	17	0	-392	233	-227	196	162	-252
3	-389	448	365315776	-120	133	-179	131	-22	20	0	-414	253	-227	196	162	-252
3	-389	448	365317776	-108	121	-178	135	-22	19	0	-436	272	-227	196	162	-252
3	-389	448	365319776	-106	123	-155	120	-19	18	0	-455	290	-227	196	162	-252
3	-389	448	365321780	-120	140	-175	138	-23	21	0	-478	311	-227	196	162	-252
3	-389	448	365323776	-105	125	-152	123	-19	19	0	-497	330	-227	196	162	-252
3	-389	448	365325780	-105	126	-171	140	-21	20	0	-518	350	-227	196	162	-252
3	-389	448	365327780	-119	142	-148	124	-20	20	0	-538	370	-227	196	162	-252
3	-389	448	365329780	-104	127	-167	141	-20	20	0	-558	390	-227	196	162	-252
3	-389	448	365331784	-116	141	-164	142	-21	21	0	-579	411	-227	196	162	-252
3	-389	448	365333780	-104	124	-141	122	-18	18	0	-597	429	-227	196	162	-252
3	-389	448	365335776	-101	123	-159	140	-20	20	0	-617	449	-227	196	162	-252
3	-389	448	365337776	-114	137	-135	120	-18	19	0	-635	468	-227	196	162	-252
3	-389	448	365339776	-98	118	-153	135	-19	19	0	-654	487	-227	196	162	-252
3	-389	448	365341768	-98	118	-131	118	-17	18	0	-671	505	-227	196	162	-252
3	-389	448	365343776	-109	127	-145	131	-20	19	0	-691	524	-227	196	162	-252
3	-389	448	365345764	-95	113	-125	111	-16	17	0	-707	541	-227	196	162	-252
3	-389	448	365347768	-105	121	-139	126	-18	19	0	-725	560	-227	196	162	-252
3	-389	448	365349764	-92	105	-136	122	-17	17	0	-742	577	-227	196	162	-252
3	-389	448	365351764	-89	103	-117	103	-16	15	0	-758	592	-227	196	162	-252
3	-389	448	365353768	-99	111	-132	115	-17	17	0	-775	609	-227	196	162	-252
3	-389	448	365355768	-85	96	-113	99	-15	15	0	-790	624	-227	196	162	-252
3	-389	448	365357776	-93	106	-127	110	-17	16	0	-807	640	-227	196	162	-252
3	-389	448	365359776	-82	92	-110	94	-14	14	0	-821	654	-227	196	162	-252
3	-389	448	365361784	-78	90	-123	105	-15	15	0	-836	669	-227	196	162	-252
3	-389	448	365363784	-87	100	-120	102	-16	15	0	-852	684	-227	196	162	-252
3	-389	448	365365784	-73	86	-105	88	-13	13	0	-865	697	-227	196	162	-252
3	-389	448	365367784	-82	95	-118	97	-15	14	0	-880	711	-227	196	162	-252
3	-389	448	365369784	-71	84	-101	85	-13	13	0	-893	724	-227	196	162	-252
3	-389	448	365371800	-69	83	-114	95	-14	13	0	-907	733	-227	196	162	-252
3	-389	448	365373788	-76	92	-99	82	-13	13	0	-920	746	-227	196	162	-252
3	-389	448	365375788	-65	80	-110	91	-13	13	0	-933	759	-227	196	162	-252
3	-389	448	365377792	-64	78	-110	90	-13	13	0	-946	772	-227	196	162	-252
3	-389	448	365379796	-70	89	-93	77	-12	12	0	-958	784	-227	196	162	-252
3	-389	448	365381792	-61	78	-107	88	-13	13	0	-971	797	-227	196	162	-252
3	-389	448	365383804	-66	85	-92	75	-12	12	0	-983	809	-227	196	162	-252
3	-389	448	365385808	-58	75	-103	85	-12	12	0	-995	821	-227	196	162	-252
3	-389	448	365387796	-56	72	-88	72	-10	10	0	-1005	730	-227	196	162	-252
3	-389	448	365389788	-60	80	-99	82	-12	13	0	-1017	743	-227	196	162	-252
3	-389	448	365391784	-51	70	-84	68	-10	10	0	-1027	753	-227	196	162	-252
3	-389	448	365393792	-55	76	-94	78	-12	11	0	-1039	764	-227	196	162	-252
3	-389	448	365395788	-48	67	-90	75	-10	11	0	-1049	775	-227	196	162	-252
3	-389	448	365397788	-43	63	-76	64	-9	10	0	-1058	785	-227	196	162	-252
3	-389	448	365399780	-48	69	-82	71	-10	10	0	-1068	795	-227	196	162	-252
3	-389	448	365401780	-39	60	-70	59	-8	9	1	-1076	804	-227	196	162	-252
4	-389	448	365403780	-36	56	-75	66	-8	9	1	-235	205	-227	196	162	-252
4	500	-321	365405776	-37	62	-64	54	-8	9	1	-243	214	273	-125	-227	196
4	500	-321	365407776	-32	51	-66	60	-7	8	1	-250	222	273	-125	-227	196
4	500	-321	365409776	-31	55	-64	56	-7	9	1	-257	231	273	-125	-227	196
4	500	-321	365411776	-25	45	-50	45	-6	6	1	-263	237	273	-125	-227	196
4	500	-321	365413780	-22	41	-54	50	-6	7	1	-269	244	273	-125	-227	196
4	500	-321	365415780	-23	44	-42	39	-4	6	1	-273	250	273	-125	-227	196
4	500	-321	365417776	-16	34	-44	41	-5	6	1	-278	256	273	-125	-227	196
4	500	-321	365419776	-15	31	-34	32	-4	5	1	-282	261	273	-125	-227	196
4	500	-321	365421780	-14	30	-35	34	-3	5	1	-285	266	273	-125	-227	196
4	500	-321	365423780	-10	24	-26	26	-3	3	1	-288	269	273	-125	-227	196
4	500	-321	365425780	-10	22	-25	25	-3	4	1	-291	273	273	-125	-227	196
4	500	-321	365427784	-6	18	-21	23	-2	3	1	-293	276	273	-125	-227	196
4	500	-321	365429780	-5	13	-17	16	-1	2	1	-294	278	273	-125	-227	196
4	500	-321	365431772	-4	13	-13	16	-2	2	1	-296	280	273	-125	-227	196
4	500	-321	365433756	-1	9	-10	12	0	2	1	-296	282	273	-125	-227	196
4	500	-321	365435772	0	7	-9	10	-1	1	1	-297	283	273	-125	-227	196
4	500	-321	365437764	2	4	-5	6	0	1	1	-297	284	273	-125	-227	196
4	500	-321	365439756	3	2	-4	5	0	0	1	-297	284	273	-125	-227	196
4	500	-321	365441760	8	0	-1	2	0	0	1	-297	284	273	-125	-227	196
4	500	-321	365443736	7	0	0	0	0	0	1	-297	284	273	-125	-227	196
4	500	-321	365445748	10	0	1	0	1	0	1	-296	284	273	-125	-227	196
4	500	-321	365447768	14	-4	3	-1	1	0	1	-295	284	273	-125	-227	196
4	500	-321	365449768	14	-5	6	-5	1	0	1	-294	284	273	-125	-227	196
4	500	-321	365451768	17	-6	6	-5	2	0	1	-292	284	273	-125	-227	196
4	500	-321	365453780	17	-8	8	-8	2	-2	1	-290	282	273	-125	-227	196
4	500	-321	365455776	17	-8	7	-7	2	-1	1	-288	281	273	-125	-227	196
4	500	-321	365457792	23	-12	12	-11	2	-2	1	-286	279	273	-125	-227	196
4	500	-321	365459780	20	-12	11	-13	3	-1	1	-283	278	273	-125	-227	196
4	500	-321	365461780	25	-15	12	-12	2	-2	1	-281	276	273	-125	-227	196
4	500	-321	365463780	21	-16	15	-17	3	-3	1	-278	273	273	-125	-227	196
4	500	-321	365465776	24	-18	14	-16	3	-2	1	-275	271	273	-125	-227	196
4	500	-321	365467772	25	-21	19	-19	3	-3	1	-272	268	273	-125	-227	196
4	500	-321	365469768	23	-20	16	-20	3	-3	1	-269	265	273	-125	-227	196
4	500	-321	365471764	24	-24	23	-23	4	-4	1	-265	261	273	-125	-227	196
4	500	-321	365473760	26	-27	20	-23	3	-4	1	-262	257	273	-125	-227	196
4	500	-321	365475756	23	-27	25	-29	4	-4	1	-258	253	273	-125	-227	196
4	500	-321	365477756	27	-31	26	-30	4	-4	1	-254	249	273	-125	-227	196
4	500	-321	365479756	23	-30	26	-27	3	-5	1	-251	244	273	-125	-227	196
4	500	-321	365481756	25	-32	31	-35	5	-5	1	-246	239	273	-125	-227	196
4	500	-321	365483756	27	-37	29	-30	4	-5	1	-242	234	273	-125	-227	196
4	500	-321	365485756	25	-35	35	-38	4	-5	1	-238	229	273	-125	-227	196
4	500	-321	365487752	25	-36	33	-33	5	-5	1	-233	224	273	-125	-227	196
4	500	-321	365489752	32	-41	40	-40	5	-7	1	-228	217	273	-125	-227	196
4	500	-321	365491752	28	-39	43	-43	5	-6	1	-223	211	273	-125	-227	196
4	500	-321	365493752	34	-46	40	-37	6	-6	1	-217	205	273	-125	-227	196
4	500	-321	365495752	31	-43	49	-47	6	-7	1	-211	198	273	-125	-227	196
4	500	-321	365497764	34	-45	46	-41	6	-6	1	-205	192	273	-125	-227	196
4	500	-321	365499772	41	-51	55	-49	7	-8	1	-198	184	273	-125	-227	196
4	500	-321	365501772	38	-49	54	-45	7	-7	0	-191	177	273	-125	-227	196
4	500	-321	365503772	46	-56	64	-55	8	-8	0	-183	169	273	-125	-227	196
4	500	-321	365505768	43	-52	70	-55	9	-8	0	-174	161	273	-125	-227	196
4	500	-321	365507768	45	-55	64	-51	8	-8	0	-166	153	273	-125	-227	196
4	500	-321	365509772	53	-64	80	-61	10	-9	0	-156	144	273	-125	-227	196
4	500	-321	365511764	52	-60	73	-55	9	-9	0	-147	135	273	-125	-227	196
4	500	-321	365513764	53	-61	90	-65	11	-9	0	-136	126	273	-125	-227	196
4	500	-321	365515752	63	-72	84	-60	11	-10	0	-125	116	273	-125	-227	196
4	500	-321	365517756	60	-66	103	-70	12	-11	0	-113	105	273	-125	-227	196
4	500	-321	365519744	71	-77	96	-65	13	-10	0	-100	95	273	-125	-227	196
4	500	-321	365521744	66	-70	115	-75	13	-11	0	-87	84	273	-125	-227	196
4	500	-321	365523736	70	-73	124	-78	15	-11	0	-72	73	273	-125	-227	196
4	500	-321	365525740	82	-84	113	-70	15	-12	0	-57	61	273	-125	-227	196
4	500	-321	365527736	76	-76	138	-82	16	-12	0	-41	49	273	-125	-227	196
4	500	-321	365529736	79	-76	126	-74	15	-11	0	-26	38	273	-125	-227	196
4	500	-321	365531740	92	-89	153	-85	18	-13	0	-8	25	273	-125	-227	196
4	500	-321	365533744	86	-79	138	-75	17	-12	0	9	13	273	-125	-227	196
4	500	-321	365535748	100	-91	167	-89	20	-13	0	29	0	273	-125	-227	196
4	500	-321	365537748	93	-81	152	-77	19	-12	0	48	-12	273	-125	-227	196
4	500	-321	365539752	95	-81	180	-90	20	-13	0	68	-25	273	-125	-227	196
4	500	-321	365541760	111	-94	189	-93	23	-14	0	91	-39	273	-125	-227	196
4	500	-321	365543756	103	-85	170	-81	20	-12	0	111	-51	273	-125	-227	196
4	500	-321	365545756	120	-96	201	-95	24	-15	0	135	-66	273	-125	-227	196
4	500	-321	365547756	108	-87	183	-84	22	-12	0	157	-78	273	-125	-227	196
4	500	-321	365549752	113	-86	212	-96	24	-14	0	181	-92	273	-125	-227	196
4	500	-321	365551752	129	-100	190	-86	24	-14	0	205	-106	273	-125	-227	196
4	500	-321	365553756	117	-89	224	-99	26	-14	0	231	-120	273	-125	-227	196
4	500	-321	365555756	120	-90	227	-99	26	-14	0	257	-134	273	-125	-227	196
4	500	-321	365557752	138	-101	203	-87	26	-14	0	283	-148	273	-125	-227	196
4	500	-321	365559756	123	-90	234	-100	26	-15	0	309	-163	273	-125	-227	196
4	500	-321	365561764	143	-101	207	-88	27	-14	0	336	-177	273	-125	-227	196
4	500	-321	365563756	127	-90	239	-100	27	-14	0	363	-191	273	-125	-227	196
4	500	-321	365565760	129	-90	209	-86	25	-13	0	388	-204	273	-125	-227	196
4	500	-321	365567756	145	-99	241	-99	29	-15	0	417	-219	273	-125	-227	196
4	500	-321	365569760	130	-87	241	-97	28	-14	0	445	-233	273	-125	-227	196
4	500	-321	365571756	148	-98	210	-84	27	-14	0	472	-247	273	-125	-227	196
4	500	-321	365573756	130	-85	240	-95	28	-13	0	500	-260	273	-125	-227	196
4	500	-321	365575756	130	-82	209	-81	25	-12	0	525	-272	273	-125	-227	196
4	500	-321	365577752	145	-92	236	-90	29	-14	0	554	-286	273	-125	-227	196
4	500	-321	365579756	128	-77	206	-78	25	-12	0	579	-298	273	-125	-227	196
4	500	-321	365581756	129	-78	233	-86	27	-12	0	606	-310	273	-125	-227	196
4	500	-321	365583764	144	-82	232	-82	28	-12	0	634	-322	273	-125	-227	196
4	500	-321	365585764	126	-71	200	-70	25	-11	0	659	-333	273	-125	-227	196
4	500	-321	365587764	143	-77	227	-78	27	-11	0	686	-344	273	-125	-227	196
4	500	-321	365589760	125	-66	196	-66	24	-10	0	710	-354	273	-125	-227	196
4	500	-321	365591760	123	-64	221	-73	26	-11	0	736	-365	273	-125	-227	196
4	500	-321	365593760	138	-68	191	-61	25	-9	0	761	-374	273	-125	-227	196
4	500	-321	365595764	121	-59	215	-67	25	-10	0	786	-384	273	-125	-227	196
4	500	-321	365597764	135	-65	187	-58	24	-9	0	810	-393	273	-125	-227	196
4	500	-321	365599756	120	-55	210	-64	25	-9	0	835	-402	273	-125	-227	196
4	500	-321	365601756	118	-54	208	-61	24	-8	0	859	-410	273	-125	-227	196
4	500	-321	365603764	132	-57	180	-52	24	-9	0	883	-419	273	-125	-227	196
4	500	-321	365605760	115	-50	203	-57	24	-8	0	907	-427	273	-125	-227	196
4	500	-321	365607752	115	-48	175	-48	21	-7	0	928	-434	273	-125	-227	196
4	500	-321	365609748	128	-51	197	-54	25	-8	0	953	-442	273	-125	-227	196
4	500	-321	365611752	111	-44	172	-45	21	-6	0	974	-448	273	-125	-227	196
4	500	-321	365613756	124	-47	191	-49	24	-8	0	998	-456	273	-125	-227	196
4	500	-321	365615752	108	-42	165	-42	20	-6	0	1018	-462	273	-125	-227	196
4	500	-321	365617756	107	-38	184	-45	22	-6	0	1040	-468	273	-125	-227	196
4	500	-321	365619760	117	-44	180	-45	22	-7	0	1062	-475	273	-125	-227	196
4	500	-321	365621764	103	-36	153	-37	19	-5	0	1081	-480	273	-125	-227	196
4	500	-321	365623768	113	-40	172	-41	22	-6	0	1103	-486	273	-125	-227	196
4	500	-321	365625768	99	-34	146	-34	18	-5	0	1121	-491	273	-125	-227	196
4	500	-321	365627780	96	-34	161	-38	19	-6	0	1140	-497	273	-125	-227	196
4	500	-321	365629780	105	-35	156	-37	20	-5	0	1160	-502	273	-125	-227	196
4	500	-321	365631780	90	-31	133	-30	17	-5	0	1177	-507	273	-125	-227	196
4	500	-321	365633784	87	-30	144	-33	17	-5	0	1194	-512	273	-125	-227	196
4	500	-321	365635780	93	-31	120	-29	16	-4	0	1210	-516	273	-125	-227	196
4	500	-321	365637780	79	-28	130	-31	16	-4	0	1226	-520	273	-125	-227	196
4	500	-321	365639776	85	-30	107	-27	14	-5	0	1240	-525	273	-125	-227	196
4	500	-321	365641776	71	-26	115	-28	14	-4	0	1254	-529	273	-125	-227	196
4	500	-321	365643764	67	-24	94	-24	12	-3	0	1266	-532	273	-125	-227	196
4	500	-321	365645772	70	-26	99	-28	13	-4	0	1279	-536	273	-125	-227	196
4	500	-321	365647772	57	-23	90	-26	11	-4	0	1290	-540	273	-125	-227	196
4	500	-321	365649776	59	-23	71	-21	10	-3	0	1300	-543	273	-125	-227	196
4	500	-321	365651780	47	-20	72	-23	9	-4	0	1309	-547	273	-125	-227	196
4	500	-321	365653780	43	-19	57	-18	7	-2	0	1287	-549	273	-125	-227	196
4	500	-321	365655780	44	-20	56	-22	8	-4	0	1295	-553	273	-125	-227	196
4	500	-321	365657784	32	-18	44	-16	5	-2	0	1300	-555	273	-125	-227	196
4	500	-321	365659780	33	-16	42	-17	6	-3	0	1306	-558	273	-125	-227	196
4	500	-321	365661784	25	-14	35	-17	4	-2	0	1310	-560	273	-125	-227	196
4	500	-321	365663784	21	-12	25	-13	4	-2	0	1314	-562	273	-125	-227	196
4	500	-321	365665780	20	-14	24	-14	3	-2	1	1317	-564	273	-125	-227	196
5	500	-321	365667780	15	-10	15	-11	2	-1	1	275	-126	273	-125	-227	196
5	-570	168	365669780	11	-10	14	-13	2	-2	1	277	-128	-297	43	273	-125
5	-570	168	365671780	10	-10	7	-10	2	-2	1	279	-130	-297	43	273	-125
5	-570	168	365673776	6	-9	6	-10	0	-1	1	279	-131	-297	43	273	-125
5	-570	168	365675784	7	-7	3	-7	1	-1	1	280	-132	-297	43	273	-125
5	-570	168	365677776	2	-6	0	-9	0	-1	1	280	-133	-297	43	273	-125
5	-570	168	365679788	3	-7	0	-6	1	-1	1	281	-134	-297	43	273	-125
5	-570	168	365681780	1	-5	-4	-7	0	-1	1	281	-135	-297	43	273	-125
5	-570	168	365683780	0	-5	-6	-5	0	-1	1	281	-136	-297	43	273	-125
5	-570	168	365685784	0	-3	-5	-5	0	-1	1	281	-137	-297	43	273	-125
5	-570	168	365687776	0	-5	-8	-5	-1	0	1	280	-137	-297	43	273	-125
5	-570	168	365689788	-2	-3	-7	-3	-1	-1	1	279	-138	-297	43	273	-125
5	-570	168	365691780	-4	-4	-9	-4	-1	0	1	278	-138	-297	43	273	-125
5	-570	168	365693796	-3	-1	-10	-3	-1	-1	1	277	-139	-297	43	273	-125
5	-570	168	365695776	-5	-1	-10	-1	-1	0	1	276	-139	-297	43	273	-125
5	-570	168	365697776	-8	0	-13	-1	-1	0	1	275	-139	-297	43	273	-125
5	-570	168	365699748	-7	0	-11	0	-2	0	1	273	-139	-297	43	273	-125
5	-570	168	365701752	-10	0	-14	0	-2	0	1	271	-139	-297	43	273	-125
5	-570	168	365703776	-10	2	-13	0	-1	0	1	270	-139	-297	43	273	-125
5	-570	168	365705780	-10	2	-15	1	-2	0	1	268	-139	-297	43	273	-125
5	-570	168	365707780	-15	5	-19	4	-3	0	1	265	-139	-297	43	273	-125
5	-570	168	365709792	-14	5	-16	4	-2	1	1	263	-138	-297	43	273	-125
5	-570	168	365711796	-18	6	-22	6	-3	1	1	260	-137	-297	43	273	-125
5	-570	168	365713796	-17	8	-20	6	-3	1	1	257	-136	-297	43	273	-125
5	-570	168	365715796	-20	9	-26	9	-3	1	1	254	-135	-297	43	273	-125
5	-570	168	365717796	-23	10	-25	8	-4	2	1	250	-133	-297	43	273	-125
5	-570	168	365719804	-23	11	-31	11	-4	1	1	246	-132	-297	43	273	-125
5	-570	168	365721804	-24	11	-35	12	-4	2	1	242	-130	-297	43	273	-125
5	-570	168	365723800	-30	15	-34	12	-5	2	1	237	-128	-297	43	273	-125
5	-570	168	365725800	-29	14	-42	15	-5	2	1	232	-126	-297	43	273	-125
5	-570	168	365727796	-34	16	-43	13	-6	2	1	226	-124	-297	43	273	-125
5	-570	168	365729788	-32	16	-52	17	-6	3	1	220	-121	-297	43	273	-125
5	-570	168	365731788	-36	18	-50	16	-7	2	1	213	-119	-297	43	273	-125
5	-570	168	365733788	-43	20	-64	19	-8	3	0	205	-116	-297	43	273	-125
5	-570	168	365735788	-41	17	-61	17	-8	3	0	197	-113	-297	43	273	-125
5	-570	168	365737788	-44	20	-78	21	-9	3	0	188	-110	-297	43	273	-125
5	-570	168	365739788	-54	23	-84	22	-10	3	0	178	-107	-297	43	273	-125
5	-570	168	365741780	-52	20	-81	20	-10	3	0	168	-104	-297	43	273	-125
5	-570	168	365743784	-61	24	-100	22	-12	4	0	156	-100	-297	43	273	-125
5	-570	168	365745780	-60	21	-95	21	-12	3	0	144	-97	-297	43	273	-125
5	-570	168	365747788	-64	22	-117	25	-13	3	0	131	-94	-297	43	273	-125
5	-570	168	365749784	-76	25	-112	22	-14	4	0	117	-90	-297	43	273	-125
5	-570	168	365751780	-73	23	-136	26	-16	4	0	101	-86	-297	43	273	-125
5	-570	168	365753780	-86	26	-126	22	-16	3	0	85	-83	-297	43	273	-125
5	-570	168	365755788	-83	24	-154	28	-18	4	0	67	-79	-297	43	273	-125
5	-570	168	365757788	-87	24	-164	26	-19	4	0	48	-75	-297	43	273	-125
5	-570	168	365759788	-103	27	-151	25	-19	4	0	29	-71	-297	43	273	-125
5	-570	168	365761784	-97	25	-182	28	-21	4	0	8	-67	-297	43	273	-125
5	-570	168	365763784	-100	25	-167	25	-20	3	0	-12	-64	-297	43	273	-125
5	-570	168	365765788	-119	30	-200	28	-24	5	0	-36	-59	-297	43	273	-125
5	-570	168	365767784	-110	26	-182	27	-21	4	0	-57	-55	-297	43	273	-125
5	-570	168	365769788	-129	32	-216	31	-26	4	0	-83	-51	-297	43	273	-125
5	-570	168	365771784	-118	28	-225	32	-26	5	0	-109	-46	-297	43	273	-125
5	-570	168	365773776	-123	30	-203	29	-24	4	0	-133	-42	-297	43	273	-125
5	-570	168	365775776	-142	35	-240	34	-29	6	0	-162	-36	-297	43	273	-125
5	-570	168	365777772	-130	33	-216	31	-26	4	0	-188	-32	-297	43	273	-125
5	-570	168	365779780	-152	37	-253	36	-30	6	0	-218	-26	-297	43	273	-125
5	-570	168	365781772	-136	35	-226	34	-28	5	0	-246	-21	-297	43	273	-125
5	-570	168	365783776	-141	35	-264	39	-30	6	0	-276	-15	-297	43	273	-125
5	-570	168	365785776	-161	43	-235	36	-30	6	0	-306	-9	-297	43	273	-125
5	-570	168	365787768	-148	39	-273	43	-31	6	0	-337	-3	-297	43	273	-125
5	-570	168	365789764	-149	40	-278	43	-32	6	0	-369	3	-297	43	273	-125
5	-570	168	365791768	-171	46	-246	40	-32	6	0	-401	9	-297	43	273	-125
5	-570	168	365793776	-155	41	-285	48	-33	7	0	-434	16	-297	43	273	-125
5	-570	168	365795768	-177	50	-250	42	-32	7	0	-466	23	-297	43	273	-125
5	-570	168	365797768	-160	44	-289	50	-33	7	0	-499	30	-297	43	273	-125
5	-570	168	365799776	-163	46	-254	45	-32	7	0	-531	37	-297	43	273	-125
5	-570	168	365801768	-184	53	-291	54	-35	8	0	-566	45	-297	43	273	-125
5	-570	168	365803776	-165	47	-254	48	-32	7	0	-598	52	-297	43	273	-125
5	-570	168	365805772	-166	48	-290	53	-34	8	0	-632	60	-297	43	273	-125
5	-570	168	365807776	-189	55	-288	57	-36	8	0	-668	68	-297	43	273	-125
5	-570	168	365809768	-167	48	-250	48	-31	7	0	-699	75	-297	43	273	-125
5	-570	168	365811776	-188	55	-285	55	-35	8	0	-734	83	-297	43	273	-125
5	-570	168	365813768	-166	49	-245	50	-31	8	0	-765	91	-297	43	273	-125
5	-570	168	365815768	-166	48	-278	55	-33	8	0	-798	99	-297	43	273	-125
5	-570	168	365817760	-184	55	-239	49	-32	7	0	-830	106	-297	43	273	-125
5	-570	168	365819764	-162	47	-268	55	-32	8	0	-862	114	-297	43	273	-125
5	-570	168	365821768	-180	53	-263	55	-34	8	0	-896	122	-297	43	273	-125
5	-570	168	365823764	-158	46	-224	46	-28	7	0	-924	129	-297	43	273	-125
5	-570	168	365825768	-154	45	-250	53	-31	7	0	-955	136	-297	43	273	-125
5	-570	168	365827772	-170	49	-213	44	-28	7	0	-983	143	-297	43	273	-125
5	-570	168	365829776	-146	42	-237	50	-29	7	0	-1012	150	-297	43	273	-125
5	-570	168	365831780	-160	48	-201	42	-27	7	0	-1039	157	-297	43	273	-125
5	-570	168	365833788	-137	40	-222	46	-27	6	0	-1066	163	-297	43	273	-125
5	-570	168	365835780	-134	37	-215	45	-26	7	0	-1092	170	-297	43	273	-125
5	-570	168	365837788	-145	43	-182	38	-25	6	0	-1117	176	-297	43	273	-125
5	-570	168	365839784	-123	35	-200	42	-24	5	0	-1141	181	-297	43	273	-125
5	-570	168	365841792	-118	33	-168	35	-21	5	0	-1162	186	-297	43	273	-125
5	-570	168	365843792	-129	38	-185	39	-24	6	0	-1186	192	-297	43	273	-125
5	-570	168	365845796	-108	30	-157	31	-20	5	0	-1206	197	-297	43	273	-125
5	-570	168	365847804	-116	34	-171	35	-21	5	0	-1227	202	-297	43	273	-125
5	-570	168	365849800	-97	27	-162	34	-20	5	0	-1247	207	-297	43	273	-125
5	-570	168	365851800	-93	26	-137	28	-17	4	0	-1264	211	-297	43	273	-125
5	-570	168	365853800	-99	29	-150	30	-19	4	0	-1283	215	-297	43	273	-125
5	-570	168	365855800	-82	23	-125	23	-15	4	0	-1298	219	-297	43	273	-125
5	-570	168	365857800	-88	25	-137	28	-17	3	0	-1315	222	-297	43	273	-125
5	-570	168	365859792	-73	21	-115	21	-14	4	0	-1329	226	-297	43	273	-125
5	-570	168	365861792	-69	19	-125	24	-15	3	0	-1344	229	-297	43	273	-125
5	-570	168	365863788	-74	21	-104	20	-13	3	0	-1357	232	-297	43	273	-125
5	-570	168	365865784	-61	17	-115	22	-13	3	0	-1370	235	-297	43	273	-125
5	-570	168	365867784	-58	17	-107	20	-13	3	0	-1383	238	-297	43	273	-125
5	-570	168	365869784	-61	17	-89	17	-11	2	0	-1291	240	-297	43	273	-125
5	-570	168	365871784	-50	15	-96	18	-11	3	0	-1302	243	-297	43	273	-125
5	-570	168	365873792	-54	16	-80	15	-10	2	0	-1312	245	-297	43	273	-125
5	-570	168	365875800	-43	14	-85	17	-10	2	0	-1322	247	-297	43	273	-125
5	-570	168	365877788	-42	13	-70	13	-8	2	0	-1330	249	-297	43	273	-125
5	-570	168	365879788	-42	13	-75	14	-9	2	0	-1339	251	-297	43	273	-125
5	-570	168	365881788	-36	12	-69	14	-8	2	0	-1347	253	-297	43	273	-125
5	-570	168	365883788	-37	12	-55	12	-6	2	0	-1353	255	-297	43	273	-125
5	-570	168	365885788	-28	11	-59	13	-7	2	0	-1360	257	-297	43	273	-125
5	-570	168	365887788	-28	9	-46	10	-6	1	0	-1286	258	-297	43	273	-125
5	-570	168	365889784	-26	11	-48	11	-5	2	0	-1291	260	-297	43	273	-125
5	-570	168	365891780	-21	8	-37	9	-4	1	0	-1295	261	-297	43	273	-125
5	-570	168	365893784	-19	9	-38	9	-5	2	0	-1300	263	-297	43	273	-125
5	-570	168	365895784	-19	7	-28	7	-3	1	0	-1303	264	-297	43	273	-125
5	-570	168	365897788	-14	5	-29	9	-3	1	0	-1306	265	-297	43	273	-125
5	-570	168	365899788	-12	6	-25	6	-3	1	0	-1309	266	-297	43	273	-125
5	-570	168	365901772	-10	4	-18	5	-2	0	1	-1311	266	-297	43	273	-125
6	594	0	365903784	-8	4	-17	6	-2	1	1	-299	44	297	43	-297	43
6	594	0	365905784	-6	4	-11	4	-2	1	1	-301	45	297	43	-297	43
6	594	0	365907772	-4	2	-12	4	-1	0	1	-302	45	297	43	-297	43
6	594	0	365909756	-3	3	-7	2	0	0	1	-302	45	297	43	-297	43
6	594	0	365911776	-3	1	-8	3	-1	1	1	-303	46	297	43	-297	43
6	594	0	365913772	-2	1	-5	1	-1	0	1	-304	46	297	43	-297	43
6	594	0	365915764	-2	1	-2	1	0	0	1	-304	46	297	43	-297	43
6	594	0	365917760	0	0	-3	2	0	0	1	-304	46	297	43	-297	43
6	594	0	365919764	0	0	-1	1	0	0	1	-304	46	297	43	-297	43
6	594	0	365921744	-1	0	-1	0	-1	0	1	-305	46	297	43	-297	43
6	594	0	365927732	1	0	0	0	0	0	1	-305	46	297	43	-297	43
6	594	0	365931732	2	0	0	0	0	0	1	-305	46	297	43	-297	43
6	594	0	365933732	1	0	1	0	0	0	1	-305	46	297	43	-297	43
6	594	0	365935732	4	0	3	0	0	0	1	-305	46	297	43	-297	43
6	594	0	365937780	3	-1	4	-2	1	0	1	-304	46	297	43	-297	43
6	594	0	365939772	5	-2	6	-2	1	0	1	-303	46	297	43	-297	43
6	594	0	365941768	6	-3	6	-3	1	0	1	-302	46	297	43	-297	43
6	594	0	365943772	6	-3	9	-3	1	0	1	-301	46	297	43	-297	43
6	594	0	365945780	8	-5	11	-4	1	-1	1	-300	45	297	43	-297	43
6	594	0	365947776	10	-5	11	-5	2	-1	1	-298	44	297	43	-297	43
6	594	0	365949764	8	-5	15	-5	1	0	1	-297	44	297	43	-297	43
6	594	0	365951776	13	-7	17	-6	3	-1	1	-294	43	297	43	-297	43
6	594	0	365953780	12	-7	20	-8	2	-1	1	-292	42	297	43	-297	43
6	594	0	365955784	14	-7	21	-6	3	-1	1	-289	41	297	43	-297	43
6	594	0	365957784	16	-10	26	-9	3	-2	1	-286	39	297	43	-297	43
6	594	0	365959788	18	-9	30	-9	3	-1	1	-283	38	297	43	-297	43
6	594	0	365961788	20	-10	29	-8	4	-2	1	-279	36	297	43	-297	43
6	594	0	365963796	20	-10	37	-10	4	-1	1	-275	35	297	43	-297	43
6	594	0	365965796	21	-9	37	-9	5	-1	1	-270	34	297	43	-297	43
6	594	0	365967800	26	-11	45	-11	5	-2	0	-265	32	297	43	-297	43
6	594	0	365969812	27	-10	42	-9	5	-2	0	-260	30	297	43	-297	43
6	594	0	365971812	31	-11	54	-10	7	-1	0	-253	29	297	43	-297	43
6	594	0	365973816	30	-9	59	-10	6	-2	0	-247	27	297	43	-297	43
6	594	0	365975816	34	-9	55	-9	7	-1	0	-240	26	297	43	-297	43
6	594	0	365977816	40	-8	68	-9	8	-1	0	-232	25	297	43	-297	43
6	594	0	365979816	38	-8	64	-7	8	-1	0	-224	24	297	43	-297	43
6	594	0	365981820	48	-7	79	-9	9	-1	0	-215	23	297	43	-297	43
6	594	0	365983820	46	-7	75	-6	9	-1	0	-206	22	297	43	-297	43
6	594	0	365985824	49	-6	90	-6	11	-1	0	-195	21	297	43	-297	43
6	594	0	365987812	61	-5	85	-5	11	-1	0	-184	20	297	43	-297	43
6	594	0	365989808	58	-4	102	-4	12	-1	0	-172	19	297	43	-297	43
6	594	0	365991796	62	-2	110	-4	13	0	0	-159	19	297	43	-297	43
6	594	0	365993792	75	-1	103	-2	13	0	0	-146	19	297	43	-297	43
6	594	0	365995816	71	-2	125	0	15	-1	0	-131	18	297	43	-297	43
6	594	0	365997772	85	0	115	0	15	0	0	-116	18	297	43	-297	43
6	594	0	365999800	80	3	139	0	16	0	0	-100	18	297	43	-297	43
6	594	0	366001800	87	5	127	4	16	0	0	-84	18	297	43	-297	43
6	594	0	366003816	101	8	154	6	19	1	0	-65	19	297	43	-297	43
6	594	0	366005816	95	9	162	9	20	2	0	-45	21	297	43	-297	43
6	594	0	366007804	100	11	149	8	18	1	0	-27	22	297	43	-297	43
6	594	0	366009808	119	14	179	14	23	2	0	-4	24	297	43	-297	43
6	594	0	366011808	110	16	162	14	20	3	0	16	27	297	43	-297	43
6	594	0	366013820	130	21	193	19	24	3	0	40	30	297	43	-297	43
6	594	0	366015820	120	21	176	18	22	2	0	62	32	297	43	-297	43
6	594	0	366017816	125	24	209	24	25	4	0	87	36	297	43	-297	43
6	594	0	366019812	146	30	189	25	26	4	0	113	40	297	43	-297	43
6	594	0	366021808	134	29	223	30	26	5	0	139	45	297	43	-297	43
6	594	0	366023808	155	36	232	34	29	5	0	168	50	297	43	-297	43
6	594	0	366025804	142	35	208	32	27	5	0	195	55	297	43	-297	43
6	594	0	366027804	146	36	245	39	29	6	0	224	61	297	43	-297	43
6	594	0	366029796	169	44	220	36	29	6	0	253	67	297	43	-297	43
6	594	0	366031796	154	41	258	45	31	6	0	284	73	297	43	-297	43
6	594	0	366033792	156	43	231	40	29	6	0	313	79	297	43	-297	43
6	594	0	366035792	179	49	269	49	34	8	0	347	87	297	43	-297	43
6	594	0	366037788	161	45	240	43	30	6	0	377	93	297	43	-297	43
6	594	0	366039784	183	52	277	52	34	8	0	411	101	297	43	-297	43
6	594	0	366041784	165	48	283	53	34	8	0	445	109	297	43	-297	43
6	594	0	366043784	166	47	249	46	31	7	0	476	116	297	43	-297	43
6	594	0	366045784	189	54	287	55	36	8	0	512	124	297	43	-297	43
6	594	0	366047780	167	49	254	47	31	7	0	543	131	297	43	-297	43
6	594	0	366049780	169	48	291	54	35	8	0	578	139	297	43	-297	43
6	594	0	366051780	189	54	255	49	33	7	0	611	146	297	43	-297	43
6	594	0	366053780	167	49	293	54	35	8	0	646	154	297	43	-297	43
6	594	0	366055780	188	54	255	47	33	8	0	679	162	297	43	-297	43
6	594	0	366057780	166	47	291	55	34	7	0	713	169	297	43	-297	43
6	594	0	366059776	164	49	289	54	34	8	0	747	177	297	43	-297	43
6	594	0	366061772	182	52	250	46	32	7	0	779	184	297	43	-297	43
6	594	0	366063772	160	48	282	54	34	8	0	813	192	297	43	-297	43
6	594	0	366065768	158	46	244	46	30	7	0	843	199	297	43	-297	43
6	594	0	366067768	173	53	274	53	33	8	0	876	207	297	43	-297	43
6	594	0	366069768	153	46	236	45	29	7	0	905	214	297	43	-297	43
6	594	0	366071760	166	50	265	51	33	7	0	938	221	297	43	-297	43
6	594	0	366073764	145	45	226	44	28	7	0	966	228	297	43	-297	43
6	594	0	366075760	141	45	254	50	29	7	0	995	235	297	43	-297	43
6	594	0	366077756	155	49	245	48	30	7	0	1025	242	297	43	-297	43
6	594	0	366079756	133	41	210	43	26	7	0	1051	249	297	43	-297	43
6	594	0	366081760	130	42	232	47	27	6	0	1078	255	297	43	-297	43
6	594	0	366083756	140	45	198	40	25	7	0	1103	262	297	43	-297	43
6	594	0	366085756	121	40	219	45	26	6	0	1129	268	297	43	-297	43
6	594	0	366087752	131	45	185	39	24	6	0	1153	274	297	43	-297	43
6	594	0	366089748	112	38	205	43	23	6	0	1176	280	297	43	-297	43
6	594	0	366091744	107	36	172	36	21	6	0	1197	286	297	43	-297	43
6	594	0	366093740	116	41	190	40	23	6	0	1220	292	297	43	-297	43
6	594	0	366095744	100	34	183	37	21	5	0	1241	297	297	43	-297	43
6	594	0	366097740	95	33	155	33	19	5	0	1260	302	297	43	-297	43
6	594	0	366099744	103	33	168	34	21	5	0	1281	307	297	43	-297	43
6	594	0	366101740	86	30	142	28	17	4	0	1298	311	297	43	-297	43
6	594	0	366103740	91	30	153	32	18	5	0	1298	316	297	43	-297	43
6	594	0	366105744	79	25	129	25	16	4	0	1314	320	297	43	-297	43
6	594	0	366107740	74	24	140	27	16	4	0	1330	324	297	43	-297	43
6	594	0	366109744	79	24	133	25	15	3	0	1345	327	297	43	-297	43
6	594	0	366111736	66	20	108	20	14	3	0	1359	330	297	43	-297	43
6	594	0	366113736	71	20	118	20	14	3	0	1373	333	297	43	-297	43
6	594	0	366115736	58	16	95	18	11	3	0	1384	336	297	43	-297	43
6	594	0	366117732	55	14	102	16	12	2	0	1396	338	297	43	-297	43
6	594	0	366119732	57	14	83	14	10	2	0	1290	340	297	43	-297	43
6	594	0	366121728	46	11	85	13	10	2	0	1300	342	297	43	-297	43
6	594	0	366123724	43	9	67	10	9	2	0	1309	344	297	43	-297	43
6	594	0	366125724	42	8	69	10	8	1	1	1317	345	297	43	-297	43
7	594	0	366127724	34	7	61	9	7	1	1	304	44	297	43	-297	43
7	594	0	366129720	34	5	47	6	6	1	1	310	45	297	43	-297	43
7	594	0	366131720	25	5	46	5	5	1	1	315	46	297	43	-297	43
7	594	0	366133712	22	2	34	5	5	0	1	320	46	297	43	-297	43
7	594	0	366135732	20	3	33	3	4	1	1	324	47	297	43	-297	43
7	-570	-168	366137728	15	2	24	2	2	0	1	326	47	-273	-125	297	43
7	-570	-168	366139728	14	1	23	3	3	0	1	329	47	-273	-125	297	43
7	-570	-168	366141732	10	2	15	1	2	0	1	331	47	-273	-125	297	43
7	-570	-168	366143752	6	0	10	1	1	1	1	332	48	-273	-125	297	43
7	-570	-168	366145716	4	0	5	0	1	0	1	333	48	-273	-125	297	43
7	-570	-168	366147732	0	0	1	2	0	0	1	333	48	-273	-125	297	43
7	-570	-168	366149700	0	0	-2	0	0	0	1	333	48	-273	-125	297	43
7	-570	-168	366151696	-4	0	-6	0	0	0	1	333	48	-273	-125	297	43
7	-570	-168	366153704	-6	0	-11	0	-1	0	1	332	48	-273	-125	297	43
7	-570	-168	366155736	-10	-1	-13	-1	-2	0	1	330	48	-273	-125	297	43
7	-570	-168	366157728	-10	-1	-17	-1	-2	0	1	328	48	-273	-125	297	43
7	-570	-168	366159732	-12	-1	-21	-2	-2	0	1	326	48	-273	-125	297	43
7	-570	-168	366161732	-15	-3	-22	-2	-3	0	1	323	48	-273	-125	297	43
7	-570	-168	366163748	-16	-2	-27	-2	-3	-1	1	320	47	-273	-125	297	43
7	-570	-168	366165736	-20	-4	-26	-4	-4	0	1	316	47	-273	-125	297	43
7	-570	-168	366167752	-19	-4	-35	-4	-4	-1	1	312	46	-273	-125	297	43
7	-570	-168	366169740	-22	-4	-33	-5	-4	0	1	308	46	-273	-125	297	43
7	-570	-168	366171752	-26	-6	-41	-5	-5	-1	1	303	45	-273	-125	297	43
7	-570	-168	366173752	-27	-6	-45	-6	-5	-1	1	298	44	-273	-125	297	43
7	-570	-168	366175752	-27	-6	-43	-7	-6	-1	1	292	43	-273	-125	297	43
7	-570	-168	366177748	-34	-9	-51	-8	-6	-1	1	286	42	-273	-125	297	43
7	-570	-168	366179748	-30	-9	-47	-9	-6	-2	1	280	40	-273	-125	297	43
7	-570	-168	366181760	-36	-11	-58	-10	-7	-1	1	273	39	-273	-125	297	43
7	-570	-168	366183756	-35	-11	-54	-10	-6	-2	1	267	37	-273	-125	297	43
7	-570	-168	366185760	-35	-12	-63	-12	-8	-2	1	259	35	-273	-125	297	43
7	-570	-168	366187768	-41	-13	-67	-14	-8	-2	1	251	33	-273	-125	297	43
7	-570	-168	366189764	-38	-14	-62	-14	-7	-2	1	244	31	-273	-125	297	43
7	-570	-168	366191760	-45	-16	-73	-16	-9	-2	1	235	29	-273	-125	297	43
7	-570	-168	366193756	-41	-17	-67	-15	-8	-3	1	227	26	-273	-125	297	43
7	-570	-168	366195764	-44	-16	-80	-19	-10	-2	1	217	24	-273	-125	297	43
7	-570	-168	366197764	-50	-20	-74	-16	-9	-3	1	208	21	-273	-125	297	43
7	-570	-168	366199752	-47	-20	-89	-21	-10	-3	1	198	18	-273	-125	297	43
7	-570	-168	366201752	-49	-20	-81	-20	-10	-3	1	188	15	-273	-125	297	43
7	-570	-168	366203756	-59	-25	-97	-24	-12	-4	1	176	11	-273	-125	297	43
7	-570	-168	366205760	-54	-22	-105	-26	-12	-3	1	164	8	-273	-125	297	43
7	-570	-168	366207748	-65	-29	-97	-24	-12	-4	1	152	4	-273	-125	297	43
7	-570	-168	366209752	-60	-28	-116	-30	-13	-5	1	139	-1	-273	-125	297	43
7	-570	-168	366211752	-63	-28	-107	-27	-13	-4	0	126	-5	-273	-125	297	43
7	-570	-168	366213748	-77	-35	-132	-35	-15	-5	0	111	-10	-273	-125	297	43
7	-570	-168	366215740	-70	-34	-121	-33	-15	-5	0	96	-15	-273	-125	297	43
7	-570	-168	366217748	-75	-36	-147	-39	-16	-6	0	80	-21	-273	-125	297	43
7	-570	-168	366219744	-88	-44	-137	-37	-17	-6	0	63	-27	-273	-125	297	43
7	-570	-168	366221740	-83	-43	-165	-46	-19	-6	0	44	-33	-273	-125	297	43
7	-570	-168	366223748	-100	-50	-175	-49	-20	-8	0	24	-41	-273	-125	297	43
7	-570	-168	366225748	-92	-48	-161	-46	-19	-7	0	5	-48	-273	-125	297	43
7	-570	-168	366227748	-99	-52	-195	-57	-22	-8	0	-17	-56	-273	-125	297	43
7	-570	-168	366229748	-116	-61	-177	-52	-22	-9	0	-39	-65	-273	-125	297	43
7	-570	-168	366231744	-109	-59	-214	-64	-25	-9	0	-64	-74	-273	-125	297	43
7	-570	-168	366233736	-115	-61	-195	-60	-23	-9	0	-87	-83	-273	-125	297	43
7	-570	-168	366235736	-134	-74	-233	-72	-27	-11	0	-114	-94	-273	-125	297	43
7	-570	-168	366237736	-126	-70	-211	-67	-26	-10	0	-140	-104	-273	-125	297	43
7	-570	-168	366239724	-146	-81	-250	-80	-29	-12	0	-169	-116	-273	-125	297	43
7	-570	-168	366241720	-138	-77	-259	-85	-30	-12	0	-199	-128	-273	-125	297	43
7	-570	-168	366243728	-141	-82	-233	-77	-28	-12	0	-227	-140	-273	-125	297	43
7	-570	-168	366245724	-166	-95	-273	-94	-33	-14	0	-260	-154	-273	-125	297	43
7	-570	-168	366247716	-154	-88	-245	-85	-30	-13	0	-290	-167	-273	-125	297	43
7	-570	-168	366249716	-159	-92	-285	-101	-33	-15	0	-323	-182	-273	-125	297	43
7	-570	-168	366251716	-184	-106	-255	-93	-33	-15	0	-356	-197	-273	-125	297	43
7	-570	-168	366253720	-168	-97	-295	-107	-35	-15	0	-391	-212	-273	-125	297	43
7	-570	-168	366255724	-194	-113	-300	-111	-37	-17	0	-428	-229	-273	-125	297	43
7	-570	-168	366257720	-175	-102	-266	-99	-33	-15	0	-461	-244	-273	-125	297	43
7	-570	-168	366259724	-179	-104	-308	-116	-37	-16	0	-498	-260	-273	-125	297	43
7	-570	-168	366261720	-204	-118	-271	-102	-35	-17	0	-533	-277	-273	-125	297	43
7	-570	-168	366263720	-183	-103	-312	-117	-37	-16	0	-570	-293	-273	-125	297	43
7	-570	-168	366265728	-210	-119	-275	-103	-37	-17	0	-607	-310	-273	-125	297	43
7	-570	-168	366267732	-188	-104	-315	-116	-38	-17	0	-645	-327	-273	-125	297	43
7	-570	-168	366269724	-189	-102	-275	-101	-34	-15	0	-679	-342	-273	-125	297	43
7	-570	-168	366271732	-211	-114	-315	-115	-40	-17	0	-719	-359	-273	-125	297	43
7	-570	-168	366273732	-189	-99	-315	-114	-38	-16	0	-757	-375	-273	-125	297	43
7	-570	-168	366275724	-210	-109	-274	-96	-36	-15	0	-793	-390	-273	-125	297	43
7	-570	-168	366277728	-186	-93	-311	-109	-37	-15	0	-830	-405	-273	-125	297	43
7	-570	-168	366279728	-182	-92	-270	-91	-34	-14	0	-864	-419	-273	-125	297	43
7	-570	-168	366281720	-204	-97	-307	-103	-38	-15	0	-902	-434	-273	-125	297	43
7	-570	-168	366283712	-178	-85	-265	-86	-34	-13	0	-936	-447	-273	-125	297	43
7	-570	-168	366285720	-173	-81	-298	-95	-35	-13	0	-971	-460	-273	-125	297	43
7	-570	-168	366287716	-192	-88	-258	-80	-34	-13	0	-1005	-473	-273	-125	297	43
7	-570	-168	366289712	-166	-76	-289	-90	-34	-12	0	-1039	-485	-273	-125	297	43
7	-570	-168	366291724	-184	-81	-283	-85	-35	-13	0	-1074	-498	-273	-125	297	43
7	-570	-168	366293728	-157	-72	-243	-72	-30	-11	0	-1104	-509	-273	-125	297	43
7	-570	-168	366295724	-154	-68	-271	-82	-32	-11	0	-1136	-520	-273	-125	297	43
7	-570	-168	366297728	-167	-74	-231	-67	-30	-10	0	-1166	-530	-273	-125	297	43
7	-570	-168	366299724	-145	-65	-258	-76	-30	-11	0	-1196	-541	-273	-125	297	43
7	-570	-168	366301720	-157	-70	-219	-64	-28	-10	0	-1224	-551	-273	-125	297	43
7	-570	-168	366303716	-133	-60	-241	-71	-28	-10	0	-1252	-561	-273	-125	297	43
7	-570	-168	366305720	-129	-60	-232	-69	-27	-9	0	-1279	-570	-273	-125	297	43
7	-570	-168	366307720	-140	-64	-198	-58	-25	-10	0	-1304	-580	-273	-125	297	43
7	-570	-168	366309720	-120	-56	-216	-65	-26	-9	0	-1330	-589	-273	-125	297	43
7	-570	-168	366311724	-115	-54	-181	-55	-22	-8	0	-1352	-597	-273	-125	297	43
7	-570	-168	366313728	-123	-59	-200	-60	-24	-9	0	-1376	-606	-273	-125	297	43
7	-570	-168	366315732	-105	-50	-167	-51	-20	-7	0	-1396	-613	-273	-125	297	43
7	-570	-168	366317732	-111	-55	-182	-57	-22	-9	0	-1418	-622	-273	-125	297	43
7	-570	-168	366319736	-95	-46	-174	-54	-21	-7	0	-1301	-629	-273	-125	297	43
7	-570	-168	366321732	-89	-44	-144	-45	-17	-7	0	-1318	-636	-273	-125	297	43
7	-570	-168	366323732	-93	-47	-156	-48	-19	-7	0	-1337	-643	-273	-125	297	43
7	-570	-168	366325724	-79	-39	-129	-41	-15	-6	0	-1352	-649	-273	-125	297	43
7	-570	-168	366327720	-83	-41	-140	-42	-17	-6	0	-1369	-655	-273	-125	297	43
7	-570	-168	366329716	-67	-34	-113	-35	-14	-5	0	-1383	-660	-273	-125	297	43
7	-570	-168	366331712	-64	-31	-123	-38	-14	-6	0	-1397	-666	-273	-125	297	43
7	-570	-168	366333724	-66	-33	-99	-30	-12	-4	0	-1409	-670	-273	-125	297	43
7	-570	-168	366335716	-53	-25	-105	-31	-12	-5	0	-1421	-675	-273	-125	297	43
7	-570	-168	366337716	-48	-23	-96	-28	-11	-3	0	-1291	-678	-273	-125	297	43
7	-570	-168	366339716	-48	-24	-77	-23	-9	-4	0	-1300	-682	-273	-125	297	43
7	-570	-168	366341716	-37	-19	-80	-23	-9	-3	0	-1309	-685	-273	-125	297	43
7	-570	-168	366343712	-37	-17	-64	-17	-7	-3	0	-1316	-688	-273	-125	297	43
7	-570	-168	366345720	-28	-14	-64	-18	-7	-2	0	-1323	-690	-273	-125	297	43
7	-570	-168	366347716	-24	-11	-50	-14	-6	-2	0	-1329	-692	-273	-125	297	43
7	-570	-168	366349720	-24	-12	-50	-12	-5	-2	0	-1334	-694	-273	-125	297	43
7	-570	-168	366351720	-17	-7	-37	-10	-4	-1	0	-1338	-695	-273	-125	297	43
7	-570	-168	366353724	-14	-6	-37	-9	-4	-1	0	-1284	-696	-273	-125	297	43
7	-570	-168	366355720	-11	-7	-31	-7	-3	-1	0	-1287	-697	-273	-125	297	43
7	-570	-168	366357720	-8	-3	-21	-5	-3	-1	0	-1290	-698	-273	-125	297	43
7	-570	-168	366359716	-5	-3	-19	-4	-1	0	0	-1291	-698	-273	-125	297	43
7	-570	-168	366361728	0	-2	-12	-3	-1	-1	1	-1292	-699	-273	-125	297	43
8	-570	-168	366363712	1	0	-9	-2	-1	0	1	-274	-125	-273	-125	297	43
8	-570	-168	366365672	6	0	-4	0	0	0	1	-274	-125	-273	-125	297	43
8	-570	-168	366367668	7	0	-1	0	0	0	1	-274	-125	-273	-125	297	43
8	-570	-168	366369676	13	0	4	0	1	0	1	-273	-125	-273	-125	297	43
8	500	321	366371708	14	3	7	0	2	0	1	-271	-125	227	196	-273	-125
8	500	321	366373708	15	3	13	3	2	0	1	-269	-125	227	196	-273	-125
8	500	321	366375700	20	4	14	2	2	0	1	-267	-125	227	196	-273	-125
8	500	321	366377716	18	4	17	4	3	1	1	-264	-124	227	196	-273	-125
8	500	321	366379720	25	5	19	4	3	1	1	-261	-123	227	196	-273	-125
8	500	321	366381716	25	5	25	5	4	0	1	-257	-123	227	196	-273	-125
8	500	321	366383732	27	5	29	5	4	1	1	-253	-122	227	196	-273	-125
8	500	321	366385728	32	7	27	5	5	1	1	-248	-121	227	196	-273	-125
8	500	321	366387736	30	7	35	7	4	1	1	-244	-120	227	196	-273	-125
8	500	321	366389728	33	7	34	6	5	1	1	-239	-119	227	196	-273	-125
8	500	321	366391732	37	9	42	8	6	1	1	-233	-118	227	196	-273	-125
8	500	321	366393736	34	7	40	9	6	2	1	-227	-116	227	196	-273	-125
8	500	321	366395744	40	10	50	8	7	1	1	-220	-115	227	196	-273	-125
8	500	321	366397744	37	10	54	10	6	1	1	-214	-114	227	196	-273	-125
8	500	321	366399732	38	9	50	10	7	2	1	-207	-112	227	196	-273	-125
8	500	321	366401736	42	11	61	12	8	2	1	-199	-110	227	196	-273	-125
8	500	321	366403736	39	12	57	10	7	1	1	-192	-109	227	196	-273	-125
8	500	321	366405736	45	12	67	12	8	2	1	-184	-107	227	196	-273	-125
8	500	321	366407736	40	11	63	13	8	2	1	-176	-105	227	196	-273	-125
8	500	321	366409740	41	13	73	13	9	2	1	-167	-103	227	196	-273	-125
8	500	321	366411736	48	15	69	13	8	2	1	-159	-101	227	196	-273	-125
8	500	321	366413740	44	14	80	15	10	2	1	-149	-99	227	196	-273	-125
8	500	321	366415736	43	13	85	16	9	2	1	-140	-97	227	196	-273	-125
8	500	321	366417740	52	17	76	14	10	2	1	-130	-95	227	196	-273	-125
8	500	321	366419732	46	16	90	17	10	3	1	-120	-92	227	196	-273	-125
8	500	321	366421728	54	17	82	17	10	3	1	-110	-89	227	196	-273	-125
8	500	321	366423728	48	18	95	18	11	2	1	-99	-87	227	196	-273	-125
8	500	321	366425720	49	17	86	18	10	3	1	-89	-84	227	196	-273	-125
8	500	321	366427724	58	22	101	20	12	3	1	-77	-81	227	196	-273	-125
8	500	321	366429728	51	18	90	19	11	3	1	-66	-78	227	196	-273	-125
8	500	321	366431724	51	20	106	21	11	3	1	-55	-75	227	196	-273	-125
8	500	321	366433720	60	24	108	24	13	3	1	-42	-72	227	196	-273	-125
8	500	321	366435732	54	23	96	21	11	4	1	-31	-68	227	196	-273	-125
8	500	321	366437728	62	26	113	25	13	4	0	-18	-64	227	196	-273	-125
8	500	321	366439732	55	24	100	22	12	3	0	-6	-61	227	196	-273	-125
8	500	321	366441732	57	25	116	28	13	4	0	7	-57	227	196	-273	-125
8	500	321	366443732	65	30	104	26	13	4	0	20	-53	227	196	-273	-125
8	500	321	366445732	57	27	118	30	13	4	0	33	-49	227	196	-273	-125
8	500	321	366447732	66	33	123	31	14	5	0	47	-44	227	196	-273	-125
8	500	321	366449736	60	30	107	29	13	5	0	60	-39	227	196	-273	-125
8	500	321	366451736	59	31	125	34	13	5	0	73	-34	227	196	-273	-125
8	500	321	366453732	69	36	112	31	14	5	0	87	-29	227	196	-273	-125
8	500	321	366455732	61	35	127	39	14	5	0	101	-24	227	196	-273	-125
8	500	321	366457732	64	35	114	34	13	5	0	114	-19	227	196	-273	-125
8	500	321	366459732	71	44	131	42	16	7	0	130	-12	227	196	-273	-125
8	500	321	366461736	65	40	116	38	13	6	0	143	-6	227	196	-273	-125
8	500	321	366463740	74	46	135	46	16	7	0	159	1	227	196	-273	-125
8	500	321	366465744	67	45	137	47	15	6	0	174	7	227	196	-273	-125
8	500	321	366467740	69	46	121	44	14	7	0	188	14	227	196	-273	-125
8	500	321	366469740	79	55	140	54	17	8	0	205	22	227	196	-273	-125
8	500	321	366471744	72	53	124	49	14	8	0	219	30	227	196	-273	-125
8	500	321	366473744	82	61	142	58	17	9	0	236	39	227	196	-273	-125
8	500	321	366475744	76	58	128	55	16	8	0	252	47	227	196	-273	-125
8	500	321	366477744	76	61	146	65	16	10	0	268	57	227	196	-273	-125
8	500	321	366479748	89	71	147	69	18	10	0	286	67	227	196	-273	-125
8	500	321	366481740	80	68	132	64	16	10	0	302	77	227	196	-273	-125
8	500	321	366483744	81	70	151	76	17	11	0	319	88	227	196	-273	-125
8	500	321	366485752	93	83	134	70	17	12	0	336	100	227	196	-273	-125
8	500	321	366487748	85	78	155	84	18	12	0	354	112	227	196	-273	-125
8	500	321	366489744	96	91	137	76	18	12	0	372	124	227	196	-273	-125
8	500	321	366491748	86	85	158	91	18	14	0	390	138	227	196	-273	-125
8	500	321	366493740	89	90	140	84	17	13	0	407	151	227	196	-273	-125
8	500	321	366495752	101	104	160	100	20	15	0	427	166	227	196	-273	-125
8	500	321	366497744	90	95	162	104	19	15	0	446	181	227	196	-273	-125
8	500	321	366499744	104	112	144	94	18	15	0	464	196	227	196	-273	-125
8	500	321	366501752	92	103	165	112	20	16	0	484	212	227	196	-273	-125
8	500	321	366503744	93	105	146	100	17	16	0	501	228	227	196	-273	-125
8	500	321	366505752	105	122	168	120	21	18	0	522	246	227	196	-273	-125
8	500	321	366507752	95	112	148	106	18	16	0	540	262	227	196	-273	-125
8	500	321	366509760	106	128	172	125	21	19	0	561	281	227	196	-273	-125
8	500	321	366511764	96	118	173	129	20	19	0	581	300	227	196	-273	-125
8	500	321	366513760	98	120	154	115	19	17	0	600	317	227	196	-273	-125
8	500	321	366515760	110	136	178	134	22	21	0	622	338	227	196	-273	-125
8	500	321	366517756	97	123	157	119	19	18	0	641	356	227	196	-273	-125
8	500	321	366519760	99	123	181	137	21	19	0	662	375	227	196	-273	-125
8	500	321	366521756	113	140	160	123	20	20	0	682	395	227	196	-273	-125
8	500	321	366523760	100	125	185	140	22	20	0	704	415	227	196	-273	-125
8	500	321	366525764	112	142	187	141	22	21	0	726	436	227	196	-273	-125
8	500	321	366527768	101	125	163	125	20	19	0	746	455	227	196	-273	-125
8	500	321	366529772	102	126	189	141	22	20	0	768	475	227	196	-273	-125
8	500	321	366531772	113	141	165	125	20	20	0	788	495	227	196	-273	-125
8	500	321	366533776	103	125	189	143	22	20	0	810	515	227	196	-273	-125
8	500	321	366535780	116	140	166	123	22	20	0	832	535	227	196	-273	-125
8	500	321	366537784	103	124	189	142	21	20	0	853	555	227	196	-273	-125
8	500	321	366539784	103	124	187	140	22	19	0	875	574	227	196	-273	-125
8	500	321	366541784	117	140	164	122	21	20	0	896	594	227	196	-273	-125
8	500	321	366543788	103	122	184	140	22	20	0	918	614	227	196	-273	-125
8	500	321	366545796	118	136	160	121	21	19	0	939	633	227	196	-273	-125
8	500	321	366547788	102	122	179	139	21	20	0	960	653	227	196	-273	-125
8	500	321	366549788	102	120	153	119	19	17	0	979	670	227	196	-273	-125
8	500	321	366551796	111	133	172	135	21	21	0	1000	691	227	196	-273	-125
8	500	321	366553788	97	117	166	134	20	18	0	1020	709	227	196	-273	-125
8	500	321	366555784	95	116	140	113	17	18	0	1037	727	227	196	-273	-125
8	500	321	366557780	104	129	156	129	20	19	0	1057	746	227	196	-273	-125
8	500	321	366559780	89	111	130	111	16	17	0	1073	763	227	196	-273	-125
8	500	321	366561776	96	124	144	125	18	18	0	1091	781	227	196	-273	-125
8	500	321	366563780	81	107	120	107	15	16	0	1106	797	227	196	-273	-125
8	500	321	366565784	77	105	131	118	16	17	0	1122	814	227	196	-273	-125
8	500	321	366567792	81	114	109	103	14	16	0	1136	830	227	196	-273	-125
8	500	321	366569792	67	97	119	111	14	16	0	1150	736	227	196	-273	-125
8	500	321	366571796	72	104	110	108	14	16	0	1164	752	227	196	-273	-125
8	500	321	366573800	57	89	91	91	11	13	0	1175	765	227	196	-273	-125
8	500	321	366575800	53	84	97	97	11	14	0	1186	779	227	196	-273	-125
8	500	321	366577800	53	90	80	83	10	13	0	1196	792	227	196	-273	-125
8	500	321	366579800	45	75	84	89	10	12	0	1206	804	227	196	-273	-125
8	500	321	366581800	45	78	69	72	8	11	0	1214	815	227	196	-273	-125
8	500	321	366583792	37	67	71	79	9	11	0	1223	826	227	196	-273	-125
8	500	321	366585784	33	61	66	72	7	10	0	1230	836	227	196	-273	-125
8	500	321	366587796	34	64	53	60	6	10	0	1236	730	227	196	-273	-125
8	500	321	366589792	28	52	54	63	7	8	0	1243	738	227	196	-273	-125
8	500	321	366591800	25	48	43	50	5	8	0	1248	746	227	196	-273	-125
8	500	321	366593792	26	48	45	52	5	7	0	1253	753	227	196	-273	-125
8	500	321	366595792	20	38	35	42	4	6	0	1257	759	227	196	-273	-125
8	500	321	366597792	20	39	35	42	4	6	0	1261	765	227	196	-273	-125
8	500	321	366599792	16	28	28	33	4	5	0	1265	770	227	196	-273	-125
8	500	321	366601796	14	27	27	32	3	4	0	1268	774	227	196	-273	-125
8	500	321	366603796	14	25	23	29	2	4	0	1270	724	227	196	-273	-125
8	500	321	366605796	10	18	17	21	2	3	0	1272	727	227	196	-273	-125
8	500	321	366607800	10	18	17	21	2	3	0	1274	730	227	196	-273	-125
8	500	321	366609800	6	12	11	15	2	2	0	1276	732	227	196	-273	-125
8	500	321	366611800	6	10	11	15	1	2	0	1277	734	227	196	-273	-125
8	500	321	366613800	5	9	8	10	1	1	0	1278	735	227	196	-273	-125
8	500	321	366615800	4	5	6	8	1	1	0	1279	736	227	196	-273	-125
8	500	321	366617784	2	3	5	6	0	1	1	1279	737	227	196	-273	-125
9	-389	-448	366619788	2	0	2	3	1	0	1	228	196	-162	-252	227	196
9	-389	-448	366621744	0	0	3	0	0	0	1	228	196	-162	-252	227	196
9	-389	-448	366623740	0	-5	0	-1	0	0	1	228	196	-162	-252	227	196
9	-389	-448	366625772	-1	-6	0	-5	0	0	1	228	196	-162	-252	227	196
9	-389	-448	366627784	-2	-7	0	-6	0	-1	1	228	195	-162	-252	227	196
9	-389	-448	366629784	-3	-10	-2	-10	0	-1	1	228	194	-162	-252	227	196
9	-389	-448	366631776	-4	-12	-2	-10	0	-2	1	228	192	-162	-252	227	196
9	-389	-448	366633792	-3	-12	-3	-12	-1	-2	1	227	190	-162	-252	227	196
9	-389	-448	366635780	-7	-15	-3	-14	0	-2	1	227	188	-162	-252	227	196
9	-389	-448	366637796	-5	-16	-4	-14	-1	-2	1	226	186	-162	-252	227	196
9	-389	-448	366639796	-6	-19	-5	-17	-1	-3	1	225	183	-162	-252	227	196
9	-389	-448	366641792	-6	-19	-5	-18	-1	-3	1	224	180	-162	-252	227	196
9	-389	-448	366643792	-8	-20	-6	-20	-1	-3	1	223	177	-162	-252	227	196
9	-389	-448	366645796	-8	-24	-7	-19	-1	-3	1	222	174	-162	-252	227	196
9	-389	-448	366647792	-9	-21	-7	-22	-1	-3	1	221	171	-162	-252	227	196
9	-389	-448	366649788	-10	-26	-9	-25	-2	-4	1	219	167	-162	-252	227	196
9	-389	-448	366651796	-10	-24	-9	-23	-1	-4	1	218	163	-162	-252	227	196
9	-389	-448	366653788	-10	-25	-11	-26	-2	-3	1	216	160	-162	-252	227	196
9	-389	-448	366655784	-11	-27	-10	-24	-1	-4	1	215	156	-162	-252	227	196
9	-389	-448	366657784	-12	-25	-12	-26	-2	-4	1	213	152	-162	-252	227	196
9	-389	-448	366659776	-11	-25	-13	-25	-2	-4	1	211	148	-162	-252	227	196
9	-389	-448	366661776	-14	-29	-15	-29	-2	-4	1	209	144	-162	-252	227	196
9	-389	-448	366663772	-11	-26	-14	-25	-2	-4	1	207	140	-162	-252	227	196
9	-389	-448	366665768	-12	-27	-17	-28	-2	-4	1	205	136	-162	-252	227	196
9	-389	-448	366667756	-14	-30	-16	-27	-2	-4	1	203	132	-162	-252	227	196
9	-389	-448	366669756	-14	-26	-20	-30	-3	-5	1	200	127	-162	-252	227	196
9	-389	-448	366671756	-14	-31	-23	-30	-3	-4	1	197	123	-162	-252	227	196
9	-389	-448	366673756	-13	-29	-20	-27	-2	-4	1	195	119	-162	-252	227	196
9	-389	-448	366675752	-14	-29	-25	-33	-3	-5	1	192	114	-162	-252	227	196
9	-389	-448	366677752	-16	-32	-24	-28	-3	-5	1	189	109	-162	-252	227	196
9	-389	-448	366679748	-15	-30	-28	-34	-3	-4	1	186	105	-162	-252	227	196
9	-389	-448	366681744	-15	-31	-28	-30	-3	-5	1	183	100	-162	-252	227	196
9	-389	-448	366683736	-18	-37	-32	-35	-4	-5	1	179	95	-162	-252	227	196
9	-389	-448	366685740	-16	-32	-30	-33	-4	-5	1	175	90	-162	-252	227	196
9	-389	-448	366687748	-19	-38	-37	-37	-4	-6	1	171	84	-162	-252	227	196
9	-389	-448	366689748	-17	-35	-40	-38	-4	-5	0	167	79	-162	-252	227	196
9	-389	-448	366691744	-19	-36	-36	-35	-4	-6	0	163	73	-162	-252	227	196
9	-389	-448	366693752	-23	-42	-44	-41	-5	-6	0	158	67	-162	-252	227	196
9	-389	-448	366695752	-20	-40	-41	-37	-5	-6	0	153	61	-162	-252	227	196
9	-389	-448	366697752	-26	-47	-50	-45	-5	-7	0	148	54	-162	-252	227	196
9	-389	-448	366699748	-24	-42	-46	-42	-6	-6	0	142	48	-162	-252	227	196
9	-389	-448	366701756	-25	-45	-56	-50	-6	-7	0	136	41	-162	-252	227	196
9	-389	-448	366703752	-31	-54	-60	-51	-7	-8	0	129	33	-162	-252	227	196
9	-389	-448	366705752	-29	-50	-55	-47	-6	-7	0	123	26	-162	-252	227	196
9	-389	-448	366707748	-31	-52	-65	-58	-7	-8	0	116	18	-162	-252	227	196
9	-389	-448	366709748	-36	-63	-62	-54	-7	-9	0	109	9	-162	-252	227	196
9	-389	-448	366711752	-35	-59	-72	-63	-9	-9	0	100	0	-162	-252	227	196
9	-389	-448	366713752	-41	-70	-66	-59	-8	-10	0	92	-10	-162	-252	227	196
9	-389	-448	366715740	-40	-65	-79	-71	-8	-10	0	84	-20	-162	-252	227	196
9	-389	-448	366717740	-42	-67	-73	-67	-9	-10	0	75	-30	-162	-252	227	196
9	-389	-448	366719740	-50	-81	-85	-78	-10	-12	0	65	-42	-162	-252	227	196
9	-389	-448	366721736	-45	-77	-88	-83	-10	-12	0	55	-54	-162	-252	227	196
9	-389	-448	366723740	-55	-90	-80	-76	-10	-13	0	45	-67	-162	-252	227	196
9	-389	-448	366725732	-51	-83	-95	-93	-11	-13	0	34	-80	-162	-252	227	196
9	-389	-448	366727740	-52	-88	-85	-85	-11	-13	0	23	-93	-162	-252	227	196
9	-389	-448	366729732	-63	-102	-100	-100	-12	-15	0	11	-108	-162	-252	227	196
9	-389	-448	366731732	-57	-95	-90	-92	-11	-14	0	0	-122	-162	-252	227	196
9	-389	-448	366733728	-59	-100	-104	-109	-12	-16	0	-12	-138	-162	-252	227	196
9	-389	-448	366735728	-70	-115	-95	-99	-12	-16	0	-24	-154	-162	-252	227	196
9	-389	-448	366737732	-64	-107	-109	-116	-13	-16	0	-37	-170	-162	-252	227	196
9	-389	-448	366739728	-65	-110	-112	-120	-14	-18	0	-51	-188	-162	-252	227	196
9	-389	-448	366741728	-76	-126	-100	-109	-13	-17	0	-64	-205	-162	-252	227	196
9	-389	-448	366743728	-70	-115	-118	-127	-14	-18	0	-78	-223	-162	-252	227	196
9	-389	-448	366745728	-81	-134	-105	-115	-14	-19	0	-92	-242	-162	-252	227	196
9	-389	-448	366747736	-74	-121	-121	-134	-15	-19	0	-107	-261	-162	-252	227	196
9	-389	-448	366749736	-76	-125	-110	-119	-13	-18	0	-120	-279	-162	-252	227	196
9	-389	-448	366751732	-87	-141	-128	-140	-17	-22	0	-137	-301	-162	-252	227	196
9	-389	-448	366753724	-80	-129	-113	-125	-14	-19	0	-151	-320	-162	-252	227	196
9	-389	-448	366755720	-90	-146	-134	-143	-17	-21	0	-168	-341	-162	-252	227	196
9	-389	-448	366757724	-82	-131	-138	-145	-16	-21	0	-184	-362	-162	-252	227	196
9	-389	-448	366759728	-83	-133	-122	-130	-16	-20	0	-200	-382	-162	-252	227	196
9	-389	-448	366761732	-96	-151	-141	-149	-18	-22	0	-218	-404	-162	-252	227	196
9	-389	-448	366763724	-85	-135	-128	-131	-15	-20	0	-233	-424	-162	-252	227	196
9	-389	-448	366765728	-89	-138	-147	-153	-18	-22	0	-251	-446	-162	-252	227	196
9	-389	-448	366767732	-98	-155	-133	-136	-18	-22	0	-269	-468	-162	-252	227	196
9	-389	-448	366769728	-90	-141	-152	-156	-18	-22	0	-287	-490	-162	-252	227	196
9	-389	-448	366771736	-103	-159	-157	-159	-19	-24	0	-306	-514	-162	-252	227	196
9	-389	-448	366773732	-92	-143	-137	-140	-17	-21	0	-323	-535	-162	-252	227	196
9	-389	-448	366775736	-93	-145	-160	-161	-19	-23	0	-342	-558	-162	-252	227	196
9	-389	-448	366777740	-106	-165	-141	-144	-19	-23	0	-361	-581	-162	-252	227	196
9	-389	-448	366779740	-95	-149	-162	-165	-19	-24	0	-380	-605	-162	-252	227	196
9	-389	-448	366781744	-106	-168	-142	-146	-19	-23	0	-399	-628	-162	-252	227	196
9	-389	-448	366783744	-97	-151	-163	-168	-19	-24	0	-418	-652	-162	-252	227	196
9	-389	-448	366785736	-96	-151	-162	-170	-20	-24	0	-438	-676	-162	-252	227	196
9	-389	-448	366787736	-107	-171	-143	-150	-18	-24	0	-456	-700	-162	-252	227	196
9	-389	-448	366789748	-98	-154	-161	-171	-20	-25	0	-476	-725	-162	-252	227	196
9	-389	-448	366791740	-95	-154	-140	-150	-17	-23	0	-493	-748	-162	-252	227	196
9	-389	-448	366793740	-107	-174	-159	-173	-20	-26	0	-513	-774	-162	-252	227	196
9	-389	-448	366795732	-95	-153	-137	-150	-18	-22	0	-531	-796	-162	-252	227	196
9	-389	-448	366797740	-105	-172	-155	-171	-19	-26	0	-550	-822	-162	-252	227	196
9	-389	-448	366799736	-93	-151	-133	-149	-17	-23	0	-567	-845	-162	-252	227	196
9	-389	-448	366801736	-90	-150	-150	-168	-18	-23	0	-585	-868	-162	-252	227	196
9	-389	-448	366803740	-99	-165	-147	-168	-19	-25	0	-604	-745	-162	-252	227	196
9	-389	-448	366805740	-85	-145	-126	-144	-15	-22	0	-619	-767	-162	-252	227	196
9	-389	-448	366807740	-93	-160	-142	-162	-18	-24	0	-637	-791	-162	-252	227	196
9	-389	-448	366809744	-82	-140	-121	-139	-15	-21	0	-652	-812	-162	-252	227	196
9	-389	-448	366811740	-80	-136	-136	-156	-16	-22	0	-668	-834	-162	-252	227	196
9	-389	-448	366813744	-86	-150	-118	-134	-16	-21	0	-684	-855	-162	-252	227	196
9	-389	-448	366815748	-74	-130	-130	-149	-15	-21	0	-699	-876	-162	-252	227	196
9	-389	-448	366817752	-81	-143	-127	-145	-16	-22	0	-715	-898	-162	-252	227	196
9	-389	-448	366819752	-69	-122	-109	-123	-13	-18	0	-728	-738	-162	-252	227	196
9	-389	-448	366821752	-67	-120	-121	-138	-14	-20	0	-742	-758	-162	-252	227	196
9	-389	-448	366823752	-73	-130	-104	-116	-13	-18	0	-755	-776	-162	-252	227	196
9	-389	-448	366825752	-62	-113	-115	-130	-14	-18	0	-769	-794	-162	-252	227	196
9	-389	-448	366827756	-60	-108	-99	-111	-12	-17	0	-781	-811	-162	-252	227	196
9	-389	-448	366829752	-64	-119	-107	-123	-12	-18	0	-793	-829	-162	-252	227	196
9	-389	-448	366831748	-54	-101	-105	-117	-12	-16	0	-805	-845	-162	-252	227	196
9	-389	-448	366833748	-57	-110	-88	-99	-11	-16	0	-816	-861	-162	-252	227	196
9	-389	-448	366835748	-49	-94	-96	-109	-11	-15	0	-827	-876	-162	-252	227	196
9	-389	-448	366837744	-45	-89	-80	-91	-9	-14	0	-836	-734	-162	-252	227	196
9	-389	-448	366839744	-46	-95	-87	-100	-10	-14	0	-846	-748	-162	-252	227	196
9	-389	-448	366841744	-38	-80	-72	-83	-9	-12	0	-855	-760	-162	-252	227	196
9	-389	-448	366843744	-37	-85	-75	-88	-8	-13	0	-863	-773	-162	-252	227	196
9	-389	-448	366845744	-30	-70	-62	-74	-7	-11	0	-870	-784	-162	-252	227	196
9	-389	-448	366847744	-26	-66	-65	-79	-7	-11	0	-877	-795	-162	-252	227	196
9	-389	-448	366849748	-24	-68	-59	-74	-6	-11	1	-883	-806	-162	-252	227	196
10	-389	-448	366851748	-18	-55	-46	-58	-5	-8	1	-167	-260	-162	-252	227	196
10	247	540	366853744	-13	-51	-46	-62	-4	-9	1	-171	-269	85	288	-162	-252
10	247	540	366855740	-12	-50	-37	-50	-4	-7	1	-175	-276	85	288	-162	-252
10	247	540	366857736	-6	-40	-35	-50	-3	-7	1	-178	-283	85	288	-162	-252
10	247	540	366859740	-2	-40	-26	-40	-2	-6	1	-180	-289	85	288	-162	-252
10	247	540	366861740	0	-30	-25	-40	-2	-5	1	-182	-294	85	288	-162	-252
10	247	540	366863748	1	-26	-16	-30	-1	-4	1	-183	-298	85	288	-162	-252
10	247	540	366865748	8	-25	-15	-30	-1	-5	1	-184	-303	85	288	-162	-252
10	247	540	366867736	10	-19	-11	-25	0	-3	1	-184	-306	85	288	-162	-252
10	247	540	366869732	12	-15	-5	-18	0	-2	1	-184	-308	85	288	-162	-252
10	247	540	366871744	15	-14	-4	-18	1	-3	1	-183	-311	85	288	-162	-252
10	247	540	366873748	17	-8	0	-11	1	-1	1	-182	-312	85	288	-162	-252
10	247	540	366875748	20	-7	4	-10	2	-1	1	-180	-313	85	288	-162	-252
10	247	540	366877752	18	-3	6	-6	1	-1	1	-179	-314	85	288	-162	-252
10	247	540	366879752	22	-2	11	-4	3	-1	1	-176	-315	85	288	-162	-252
10	247	540	366881736	25	1	14	0	3	0	1	-173	-315	85	288	-162	-252
10	247	540	366883740	22	5	15	0	3	0	1	-170	-315	85	288	-162	-252
10	247	540	366885748	28	7	20	6	3	1	1	-167	-314	85	288	-162	-252
10	247	540	366887752	25	9	20	8	4	1	1	-163	-313	85	288	-162	-252
10	247	540	366889756	25	11	25	11	3	2	1	-160	-311	85	288	-162	-252
10	247	540	366891760	30	17	25	13	5	2	1	-155	-309	85	288	-162	-252
10	247	540	366893768	27	17	31	17	4	3	1	-151	-306	85	288	-162	-252
10	247	540	366895760	31	23	35	20	5	3	1	-146	-303	85	288	-162	-252
10	247	540	366897764	29	23	35	21	5	3	1	-141	-300	85	288	-162	-252
10	247	540	366899764	29	27	42	28	5	4	1	-136	-296	85	288	-162	-252
10	247	540	366901764	34	33	40	26	5	5	1	-131	-291	85	288	-162	-252
10	247	540	366903768	30	34	50	35	6	5	1	-125	-286	85	288	-162	-252
10	247	540	366905768	31	36	46	34	6	5	1	-119	-281	85	288	-162	-252
10	247	540	366907768	35	44	56	41	7	6	1	-112	-275	85	288	-162	-252
10	247	540	366909772	32	43	60	45	7	7	1	-105	-268	85	288	-162	-252
10	247	540	366911772	37	51	56	44	7	7	1	-98	-261	85	288	-162	-252
10	247	540	366913764	32	49	68	51	7	8	1	-91	-253	85	288	-162	-252
10	247	540	366915768	34	52	61	49	8	7	1	-83	-246	85	288	-162	-252
10	247	540	366917772	39	61	74	59	8	9	1	-75	-237	85	288	-162	-252
10	247	540	366919776	33	58	67	53	8	9	1	-67	-228	85	288	-162	-252
10	247	540	366921780	39	67	79	65	8	9	1	-59	-219	85	288	-162	-252
10	247	540	366923784	35	63	71	60	8	10	1	-51	-209	85	288	-162	-252
10	247	540	366925776	36	65	84	70	9	10	1	-42	-199	85	288	-162	-252
10	247	540	366927772	40	76	86	75	10	11	0	-32	-188	85	288	-162	-252
10	247	540	366929772	35	70	77	67	8	10	0	-24	-178	85	288	-162	-252
10	247	540	366931768	37	73	88	80	10	12	0	-14	-166	85	288	-162	-252
10	247	540	366933772	40	83	78	71	8	11	0	-6	-155	85	288	-162	-252
10	247	540	366935768	36	78	90	85	10	13	0	4	-142	85	288	-162	-252
10	247	540	366937772	40	89	79	76	9	12	0	13	-130	85	288	-162	-252
10	247	540	366939768	36	82	91	90	9	13	0	22	-117	85	288	-162	-252
10	247	540	366941768	36	84	90	93	10	13	0	32	-104	85	288	-162	-252
10	247	540	366943772	42	97	77	83	9	14	0	41	-90	85	288	-162	-252
10	247	540	366945772	37	90	89	99	9	14	0	50	-76	85	288	-162	-252
10	247	540	366947764	41	103	76	89	9	14	0	59	-62	85	288	-162	-252
10	247	540	366949768	39	95	87	104	9	15	0	68	-47	85	288	-162	-252
10	247	540	366951772	38	97	73	93	9	14	0	77	-33	85	288	-162	-252
10	247	540	366953772	43	113	84	110	9	17	0	86	-16	85	288	-162	-252
10	247	540	366955768	39	102	71	100	8	15	0	94	-1	85	288	-162	-252
10	247	540	366957764	39	107	80	117	9	17	0	103	16	85	288	-162	-252
10	247	540	366959760	45	122	79	120	10	18	0	113	34	85	288	-162	-252
10	247	540	366961760	39	111	68	106	8	17	0	121	51	85	288	-162	-252
10	247	540	366963760	45	130	73	127	9	19	0	130	70	85	288	-162	-252
10	247	540	366965752	38	118	64	114	7	17	0	137	87	85	288	-162	-252
10	247	540	366967748	39	122	71	134	8	19	0	145	106	85	288	-162	-252
10	247	540	366969748	44	140	60	120	8	20	0	153	126	85	288	-162	-252
10	247	540	366971744	37	130	69	141	8	20	0	161	146	85	288	-162	-252
10	247	540	366973744	38	133	58	128	7	20	0	168	166	85	288	-162	-252
10	247	540	366975740	41	152	66	150	8	23	0	176	189	85	288	-162	-252
10	247	540	366977740	36	142	65	155	8	22	0	184	211	85	288	-162	-252
10	247	540	366979740	39	162	57	140	7	22	0	191	233	85	288	-162	-252
10	247	540	366981740	35	150	65	165	8	24	0	199	257	85	288	-162	-252
10	247	540	366983740	34	154	57	148	7	23	0	206	280	85	288	-162	-252
10	247	540	366985740	37	177	66	174	7	26	0	213	306	85	288	-162	-252
10	247	540	366987740	33	163	57	158	7	24	0	220	330	85	288	-162	-252
10	247	540	366989740	32	167	68	185	8	27	0	228	357	85	288	-162	-252
10	247	540	366991756	37	194	60	166	7	27	0	235	384	85	288	-162	-252
10	247	540	366993752	32	179	70	197	7	28	0	242	412	85	288	-162	-252
10	247	540	366995752	38	206	72	203	9	30	0	251	442	85	288	-162	-252
10	247	540	366997752	35	189	64	182	7	28	0	258	470	85	288	-162	-252
10	247	540	366999748	35	194	76	214	8	31	0	266	501	85	288	-162	-252
10	247	540	367001752	41	223	69	191	9	31	0	275	532	85	288	-162	-252
10	247	540	367003748	37	203	80	224	8	32	0	283	564	85	288	-162	-252
10	247	540	367005748	44	234	71	199	9	32	0	292	596	85	288	-162	-252
10	247	540	367007740	40	211	84	231	9	34	0	301	630	85	288	-162	-252
10	247	540	367009736	40	214	75	206	9	31	0	310	661	85	288	-162	-252
10	247	540	367011744	46	243	85	238	10	36	0	320	697	85	288	-162	-252
10	247	540	367013748	43	219	88	240	10	35	0	330	732	85	288	-162	-252
10	247	540	367015748	42	220	76	212	9	32	0	339	764	85	288	-162	-252
10	247	540	367017744	48	248	87	244	10	37	0	349	801	85	288	-162	-252
10	247	540	367019744	42	221	77	214	9	32	0	358	752	85	288	-162	-252
10	247	540	367021744	47	246	85	244	9	37	0	367	789	85	288	-162	-252
10	247	540	367023740	41	218	73	212	9	32	0	376	821	85	288	-162	-252
10	247	540	367025740	39	215	82	241	9	35	0	385	856	85	288	-162	-252
10	247	540	367027736	42	238	78	238	9	35	0	394	891	85	288	-162	-252
10	247	540	367029732	36	208	65	205	8	31	0	402	922	85	288	-162	-252
10	247	540	367031728	33	202	73	230	8	33	0	410	955	85	288	-162	-252
10	247	540	367033740	36	223	59	197	7	31	0	417	986	85	288	-162	-252
10	247	540	367035736	29	191	62	219	7	31	0	424	1017	85	288	-162	-252
10	247	540	367037740	29	209	50	186	6	30	0	430	750	85	288	-162	-252
10	247	540	367039732	25	177	51	207	5	28	0	435	778	85	288	-162	-252
10	247	540	367041740	21	172	42	173	5	26	0	440	804	85	288	-162	-252
10	247	540	367043744	21	182	40	190	5	28	0	445	832	85	288	-162	-252
10	247	540	367045744	16	154	33	180	3	25	0	448	857	85	288	-162	-252
10	247	540	367047736	15	164	25	152	3	24	0	451	881	85	288	-162	-252
10	247	540	367049744	12	137	22	162	3	22	0	454	903	85	288	-162	-252
10	247	540	367051732	10	129	13	135	1	20	0	455	923	85	288	-162	-252
10	247	540	367053732	7	135	10	144	2	21	0	457	741	85	288	-162	-252
10	247	540	367055716	6	111	4	117	0	17	0	457	758	85	288	-162	-252
10	247	540	367057736	4	103	0	124	1	17	0	458	775	85	288	-162	-252
10	247	540	367059724	1	106	-5	115	0	17	0	458	792	85	288	-162	-252
10	247	540	367061728	0	86	-9	93	0	13	0	458	805	85	288	-162	-252
10	247	540	367063740	0	88	-15	97	-1	14	0	457	819	85	288	-162	-252
10	247	540	367065744	-4	71	-16	78	-2	11	0	455	830	85	288	-162	-252
10	247	540	367067740	-4	65	-21	80	-2	11	0	453	841	85	288	-162	-252
10	247	540	367069740	-7	65	-22	63	-2	10	0	451	851	85	288	-162	-252
10	247	540	367071736	-6	51	-26	65	-2	8	0	449	728	85	288	-162	-252
10	247	540	367073740	-9	53	-29	59	-3	9	0	446	737	85	288	-162	-252
10	247	540	367075744	-10	41	-26	46	-3	6	0	443	743	85	288	-162	-252
10	247	540	367077756	-9	36	-30	48	-3	7	0	440	750	85	288	-162	-252
10	247	540	367079748	-12	38	-27	36	-3	5	0	437	755	85	288	-162	-252
10	247	540	367081744	-12	28	-30	38	-3	5	0	434	760	85	288	-162	-252
10	247	540	367083752	-13	29	-28	28	-3	4	0	431	764	85	288	-162	-252
10	247	540	367085752	-13	23	-30	29	-3	4	0	428	768	85	288	-162	-252
10	247	540	367087744	-12	18	-25	23	-3	3	0	425	723	85	288	-162	-252
10	247	540	367089744	-14	20	-27	21	-3	3	0	422	726	85	288	-162	-252
10	247	540	367091740	-13	14	-27	19	-3	3	0	419	729	85	288	-162	-252
10	247	540	367093732	-11	13	-22	15	-2	2	0	417	731	85	288	-162	-252
10	247	540	367095732	-14	11	-23	12	-3	2	0	414	733	85	288	-162	-252
10	247	540	367097728	-11	9	-18	10	-2	1	0	412	734	85	288	-162	-252
10	247	540	367099732	-10	6	-20	10	-3	1	0	409	735	85	288	-162	-252
10	247	540	367101744	-10	5	-15	6	-2	1	0	407	736	85	288	-162	-252
10	247	540	367103748	-7	2	-15	5	-1	1	0	406	721	85	288	-162	-252
10	247	540	367105736	-8	3	-14	4	-2	0	1	404	721	85	288	-162	-252
11	247	540	367107712	-6	0	-11	0	-1	0	1	84	288	85	288	-162	-252
11	247	540	367109744	-5	-1	-10	0	-1	0	1	83	288	85	288	-162	-252
11	247	540	367111748	-4	-3	-8	0	-1	0	1	82	288	85	288	-162	-252
11	247	540	367113744	-1	-5	-6	-5	-1	0	1	81	288	85	288	-162	-252
11	247	540	367115748	-1	-9	-5	-5	0	-1	1	81	287	85	288	-162	-252
11	247	540	367117748	0	-9	-4	-9	0	-1	1	81	286	85	288	-162	-252
11	247	540	367119772	0	-10	-2	-11	-1	-2	1	80	284	85	288	-162	-252
11	-85	-588	367121752	3	-14	0	-11	0	-2	1	80	282	0	-300	85	288
11	-85	-588	367123724	2	-15	-2	-14	0	-2	1	80	280	0	-300	85	288
11	-85	-588	367125752	3	-18	0	-15	0	-2	1	80	278	0	-300	85	288
11	-85	-588	367127752	3	-19	1	-20	0	-3	1	80	275	0	-300	85	288
11	-85	-588	367129760	3	-21	2	-19	1	-3	1	81	272	0	-300	85	288
11	-85	-588	367131748	4	-27	3	-25	0	-4	1	81	268	0	-300	85	288
11	-85	-588	367133760	3	-26	3	-24	1	-4	1	82	264	0	-300	85	288
11	-85	-588	367135748	3	-29	4	-31	0	-4	1	82	260	0	-300	85	288
11	-85	-588	367137756	2	-36	4	-34	1	-6	1	83	254	0	-300	85	288
11	-85	-588	367139748	3	-35	4	-32	0	-5	1	83	249	0	-300	85	288
11	-85	-588	367141760	4	-42	3	-40	1	-6	1	84	243	0	-300	85	288
11	-85	-588	367143748	1	-40	4	-39	0	-6	1	84	237	0	-300	85	288
11	-85	-588	367145760	4	-45	5	-47	1	-7	1	85	230	0	-300	85	288
11	-85	-588	367147748	2	-53	4	-44	0	-7	1	85	223	0	-300	85	288
11	-85	-588	367149764	3	-50	4	-55	1	-8	1	86	215	0	-300	85	288
11	-85	-588	367151752	3	-61	5	-59	0	-9	1	86	206	0	-300	85	288
11	-85	-588	367153764	4	-58	2	-54	1	-8	1	87	198	0	-300	85	288
11	-85	-588	367155752	4	-62	3	-67	0	-10	1	87	188	0	-300	85	288
11	-85	-588	367157768	6	-74	2	-61	1	-10	1	88	178	0	-300	85	288
11	-85	-588	367159752	5	-69	1	-75	0	-11	1	88	167	0	-300	85	288
11	-85	-588	367161768	5	-82	0	-70	1	-11	1	89	156	0	-300	85	288
11	-85	-588	367163760	6	-78	0	-84	0	-12	1	89	144	0	-300	85	288
11	-85	-588	367165764	5	-81	0	-88	0	-13	1	89	131	0	-300	85	288
11	-85	-588	367167780	7	-96	-2	-81	1	-13	1	90	118	0	-300	85	288
11	-85	-588	367169768	3	-90	-5	-99	0	-14	1	90	104	0	-300	85	288
11	-85	-588	367171740	5	-94	-5	-88	0	-14	1	90	90	0	-300	85	288
11	-85	-588	367173768	4	-111	-8	-108	0	-17	1	90	73	0	-300	85	288
11	-85	-588	367175756	3	-103	-9	-99	0	-15	0	90	58	0	-300	85	288
11	-85	-588	367177776	1	-122	-11	-117	-1	-18	0	89	40	0	-300	85	288
11	-85	-588	367179772	0	-113	-12	-108	-1	-16	0	88	24	0	-300	85	288
11	-85	-588	367181768	0	-117	-15	-128	-1	-19	0	87	5	0	-300	85	288
11	-85	-588	367183772	-1	-136	-19	-133	-1	-20	0	86	-15	0	-300	85	288
11	-85	-588	367185768	-3	-127	-18	-121	-2	-18	0	84	-33	0	-300	85	288
11	-85	-588	367187764	-7	-130	-22	-143	-2	-21	0	82	-54	0	-300	85	288
11	-85	-588	367189764	-7	-151	-23	-128	-2	-21	0	80	-75	0	-300	85	288
11	-85	-588	367191764	-9	-140	-27	-153	-3	-22	0	77	-97	0	-300	85	288
11	-85	-588	367193764	-11	-161	-26	-136	-3	-22	0	74	-119	0	-300	85	288
11	-85	-588	367195764	-13	-146	-33	-161	-3	-23	0	71	-142	0	-300	85	288
11	-85	-588	367197764	-12	-152	-30	-145	-3	-22	0	68	-164	0	-300	85	288
11	-85	-588	367199768	-18	-173	-37	-169	-5	-26	0	63	-190	0	-300	85	288
11	-85	-588	367201764	-17	-158	-40	-173	-4	-25	0	59	-215	0	-300	85	288
11	-85	-588	367203764	-21	-180	-38	-153	-4	-25	0	55	-240	0	-300	85	288
11	-85	-588	367205764	-22	-162	-45	-180	-5	-25	0	50	-265	0	-300	85	288
11	-85	-588	367207764	-22	-165	-41	-159	-5	-25	0	45	-290	0	-300	85	288
11	-85	-588	367209768	-29	-188	-48	-185	-6	-28	0	39	-318	0	-300	85	288
11	-85	-588	367211764	-25	-169	-43	-164	-5	-25	0	34	-343	0	-300	85	288
11	-85	-588	367213764	-27	-171	-53	-189	-6	-27	0	28	-370	0	-300	85	288
11	-85	-588	367215764	-32	-194	-46	-167	-6	-27	0	22	-397	0	-300	85	288
11	-85	-588	367217764	-28	-173	-54	-195	-6	-27	0	16	-424	0	-300	85	288
11	-85	-588	367219768	-33	-199	-55	-196	-6	-30	0	10	-454	0	-300	85	288
11	-85	-588	367221768	-30	-178	-49	-174	-6	-26	0	4	-480	0	-300	85	288
11	-85	-588	367223764	-30	-180	-57	-201	-7	-29	0	-3	-509	0	-300	85	288
11	-85	-588	367225764	-32	-203	-50	-178	-6	-28	0	-9	-537	0	-300	85	288
11	-85	-588	367227768	-30	-183	-56	-204	-7	-29	0	-16	-566	0	-300	85	288
11	-85	-588	367229772	-33	-207	-50	-180	-6	-30	0	-22	-596	0	-300	85	288
11	-85	-588	367231764	-29	-185	-57	-207	-6	-29	0	-28	-625	0	-300	85	288
11	-85	-588	367233764	-27	-185	-56	-208	-6	-29	0	-34	-654	0	-300	85	288
11	-85	-588	367235764	-30	-210	-47	-182	-6	-30	0	-40	-684	0	-300	85	288
11	-85	-588	367237768	-26	-187	-54	-209	-6	-29	0	-46	-713	0	-300	85	288
11	-85	-588	367239768	-25	-186	-46	-184	-6	-28	0	-52	-741	0	-300	85	288
11	-85	-588	367241772	-28	-210	-52	-208	-6	-32	0	-58	-773	0	-300	85	288
11	-85	-588	367243768	-25	-185	-43	-183	-5	-27	0	-63	-800	0	-300	85	288
11	-85	-588	367245772	-27	-207	-50	-207	-5	-31	0	-68	-831	0	-300	85	288
11	-85	-588	367247772	-24	-183	-48	-208	-6	-30	0	-74	-861	0	-300	85	288
11	-85	-588	367249776	-24	-181	-40	-179	-5	-27	0	-79	-888	0	-300	85	288
11	-85	-588	367251776	-27	-201	-44	-202	-5	-30	0	-84	-918	0	-300	85	288
11	-85	-588	367253780	-24	-178	-36	-175	-4	-26	0	-88	-746	0	-300	85	288
11	-85	-588	367255780	-26	-195	-41	-199	-5	-30	0	-93	-776	0	-300	85	288
11	-85	-588	367257780	-24	-171	-34	-170	-5	-25	0	-98	-801	0	-300	85	288
11	-85	-588	367259780	-24	-168	-36	-191	-4	-27	0	-102	-828	0	-300	85	288
11	-85	-588	367261784	-25	-185	-30	-165	-4	-27	0	-106	-855	0	-300	85	288
11	-85	-588	367263788	-22	-162	-33	-185	-5	-26	0	-111	-881	0	-300	85	288
11	-85	-588	367265784	-25	-178	-30	-180	-4	-26	0	-115	-907	0	-300	85	288
11	-85	-588	367267784	-20	-155	-25	-156	-3	-24	0	-118	-931	0	-300	85	288
11	-85	-588	367269776	-20	-152	-25	-173	-3	-24	0	-121	-744	0	-300	85	288
11	-85	-588	367271780	-22	-168	-21	-149	-4	-24	0	-125	-768	0	-300	85	288
11	-85	-588	367273780	-16	-145	-21	-166	-2	-23	0	-127	-791	0	-300	85	288
11	-85	-588	367275780	-16	-142	-16	-141	-3	-21	0	-130	-812	0	-300	85	288
11	-85	-588	367277784	-16	-155	-17	-159	-2	-24	0	-132	-836	0	-300	85	288
11	-85	-588	367279784	-13	-134	-13	-152	-2	-21	0	-134	-857	0	-300	85	288
11	-85	-588	367281788	-14	-145	-10	-129	-2	-21	0	-136	-878	0	-300	85	288
11	-85	-588	367283788	-10	-125	-9	-143	-1	-20	0	-137	-898	0	-300	85	288
11	-85	-588	367285784	-8	-120	-6	-120	-2	-18	0	-139	-916	0	-300	85	288
11	-85	-588	367287792	-9	-129	-5	-132	-1	-20	0	-140	-740	0	-300	85	288
11	-85	-588	367289768	-5	-110	-4	-111	0	-16	0	-140	-756	0	-300	85	288
11	-85	-588	367291784	-5	-117	-3	-122	-1	-18	0	-141	-774	0	-300	85	288
11	-85	-588	367293772	-4	-99	0	-116	0	-16	0	-141	-790	0	-300	85	288
11	-85	-588	367295780	-1	-94	0	-95	0	-14	0	-141	-804	0	-300	85	288
11	-85	-588	367297756	0	-100	0	-105	0	-16	0	-141	-820	0	-300	85	288
11	-85	-588	367299780	0	-82	2	-85	0	-12	0	-141	-832	0	-300	85	288
11	-85	-588	367301784	0	-78	4	-92	0	-13	0	-141	-845	0	-300	85	288
11	-85	-588	367303788	4	-81	2	-75	0	-12	0	-141	-732	0	-300	85	288
11	-85	-588	367305792	4	-66	4	-80	0	-11	0	-141	-743	0	-300	85	288
11	-85	-588	367307812	6	-70	5	-75	1	-11	0	-140	-754	0	-300	85	288
11	-85	-588	367309804	5	-56	2	-59	1	-8	0	-139	-762	0	-300	85	288
11	-85	-588	367311804	8	-52	5	-63	1	-9	0	-138	-771	0	-300	85	288
11	-85	-588	367313796	8	-52	3	-50	0	-8	0	-138	-779	0	-300	85	288
11	-85	-588	367315808	8	-43	4	-52	1	-7	0	-137	-786	0	-300	85	288
11	-85	-588	367317808	10	-42	3	-41	1	-6	0	-136	-792	0	-300	85	288
11	-85	-588	367319816	10	-34	4	-42	1	-6	0	-135	-798	0	-300	85	288
11	-85	-588	367321812	10	-29	4	-37	1	-5	0	-134	-725	0	-300	85	288
11	-85	-588	367323808	11	-30	2	-28	1	-4	0	-133	-729	0	-300	85	288
11	-85	-588	367325804	9	-21	3	-28	1	-4	0	-132	-733	0	-300	85	288
11	-85	-588	367327808	11	-21	2	-22	1	-3	1	-131	-736	0	-300	85	288
