1	0	-100	152187756	0	1	0	0	0	0	1	0	-100	0	-100	0	0
1	0	-100	152191756	-1	0	0	0	0	0	1	0	-100	0	-100	0	0
1	0	-100	152193764	-1	0	0	0	0	0	1	0	-100	0	-100	0	0
1	-28	196	152199756	-1	0	0	0	0	0	1	0	-100	-28	96	0	-100
1	-28	196	152203748	0	0	0	1	0	0	1	0	-100	-28	96	0	-100
1	-28	196	152205740	0	1	0	1	0	0	1	0	-100	-28	96	0	-100
1	-28	196	152211744	0	0	1	1	0	0	1	0	-100	-28	96	0	-100
1	-28	196	152219728	0	0	0	1	0	0	1	0	-100	-28	96	0	-100
1	-28	196	152221732	0	0	1	0	0	0	1	0	-100	-28	96	0	-100
1	-28	196	152239748	0	1	0	0	0	0	1	0	-100	-28	96	0	-100
1	-28	196	152241752	0	0	0	1	0	0	1	0	-100	-28	96	0	-100
1	-28	196	152245764	0	1	0	0	0	0	1	0	-100	-28	96	0	-100
1	-28	196	152247768	1	1	0	1	0	0	1	0	-100	-28	96	0	-100
1	-28	196	152249772	1	1	0	1	0	0	1	0	-100	-28	96	0	-100
1	-28	196	152251772	1	3	1	3	0	0	1	0	-100	-28	96	0	-100
1	-28	196	152253760	1	2	0	3	0	0	1	0	-100	-28	96	0	-100
1	-28	196	152255772	2	4	2	4	0	0	1	0	-100	-28	96	0	-100
1	-28	196	152257768	2	4	1	5	0	0	1	0	-100	-28	96	0	-100
1	-28	196	152259768	1	6	3	6	0	1	1	0	-99	-28	96	0	-100
1	-28	196	152261764	2	7	2	7	0	0	1	0	-99	-28	96	0	-100
1	-28	196	152263764	2	8	3	7	0	0	1	0	-99	-28	96	0	-100
1	-28	196	152265768	2	8	1	8	0	1	1	0	-98	-28	96	0	-100
1	-28	196	152267772	2	11	3	11	0	1	1	0	-97	-28	96	0	-100
1	-28	196	152269756	2	11	3	11	0	0	1	0	-97	-28	96	0	-100
1	-28	196	152271784	2	12	4	14	1	1	0	1	-96	-28	96	0	-100
1	-28	196	152273768	2	14	3	13	0	1	0	1	-95	-28	96	0	-100
1	-28	196	152275760	2	15	3	14	0	1	0	1	-94	-28	96	0	-100
1	-28	196	152277760	4	19	3	18	0	1	0	1	-93	-28	96	0	-100
1	-28	196	152279760	2	18	4	16	0	2	0	1	-91	-28	96	0	-100
1	-28	196	152281768	2	18	4	19	0	1	0	1	-90	-28	96	0	-100
1	-28	196	152283772	1	18	3	18	1	1	0	2	-89	-28	96	0	-100
1	-28	196	152285748	0	20	5	19	0	1	0	2	-88	-28	96	0	-100
1	-28	196	152287752	0	22	4	23	0	2	0	2	-86	-28	96	0	-100
1	-28	196	152289752	0	22	5	21	0	1	0	2	-85	-28	96	0	-100
1	-28	196	152291756	-1	24	4	26	0	2	0	2	-83	-28	96	0	-100
1	-28	196	152293752	-4	25	5	25	0	2	0	2	-81	-28	96	0	-100
1	-28	196	152295748	-5	28	5	26	0	1	0	2	-80	-28	96	0	-100
1	-28	196	152297744	-7	30	4	34	0	3	0	2	-77	-28	96	0	-100
1	-28	196	152299752	-9	33	5	31	0	2	0	2	-75	-28	96	0	-100
1	-28	196	152301752	-13	34	4	37	0	2	0	2	-73	-28	96	0	-100
1	-28	196	152303752	-13	35	3	35	0	2	0	2	-71	-28	96	0	-100
1	-28	196	152305772	-13	38	4	40	-1	3	0	1	-68	-28	96	0	-100
1	-28	196	152307760	-15	37	3	37	0	2	0	1	-66	-28	96	0	-100
1	-28	196	152309776	-16	39	3	37	-1	3	0	0	-63	-28	96	0	-100
1	-28	196	152311760	-17	38	3	43	0	3	0	0	-60	-28	96	0	-100
1	-28	196	152313768	-18	40	2	39	-1	2	0	-1	-58	-28	96	0	-100
1	-28	196	152315768	-21	47	1	45	-1	3	0	-2	-55	-28	96	0	-100
1	-28	196	152317768	-21	43	2	41	-1	3	0	-3	-52	-28	96	0	-100
1	-28	196	152319776	-22	44	2	48	-1	3	0	-4	-49	-28	96	0	-100
1	-28	196	152321760	-24	45	0	43	0	3	0	-4	-46	-28	96	0	-100
1	-28	196	152323772	-23	46	1	44	-1	3	0	-5	-43	-28	96	0	-100
1	-28	196	152325764	-24	46	0	51	-1	3	0	-6	-40	-28	96	0	-100
1	-28	196	152327760	-25	47	0	45	-1	3	0	-7	-37	-28	96	0	-100
1	-28	196	152329764	-24	46	0	51	-1	4	0	-8	-33	-28	96	0	-100
1	-28	196	152331768	-25	47	0	45	-1	3	0	-9	-30	-28	96	0	-100
1	-28	196	152333760	-24	45	0	45	-1	3	0	-10	-27	-28	96	0	-100
1	-28	196	152335764	-23	46	-1	50	-1	3	0	-11	-24	-28	96	0	-100
1	-28	196	152337756	-24	44	0	43	-1	3	0	-12	-21	-28	96	0	-100
1	-28	196	152339768	-22	42	-1	48	-1	3	0	-13	-18	-28	96	0	-100
1	-28	196	152341764	-22	42	0	40	-1	3	0	-14	-15	-28	96	0	-100
1	-28	196	152343764	-21	41	0	40	-1	2	0	-15	-13	-28	96	0	-100
1	-28	196	152345768	-18	38	0	43	-1	3	0	-16	-10	-28	96	0	-100
1	-28	196	152347752	-19	39	0	37	0	3	0	-16	-7	-28	96	0	-100
1	-28	196	152349780	-19	43	2	42	-1	2	0	-17	-5	-28	96	0	-100
1	-28	196	152351780	-15	37	1	35	-1	3	0	-18	-2	-28	96	0	-100
1	-28	196	152353772	-14	38	2	41	0	2	0	-18	0	-28	96	0	-100
1	-28	196	152355776	-14	36	3	36	-1	3	0	-19	3	-28	96	0	-100
1	-28	196	152357764	-11	38	2	37	0	2	0	-19	5	-28	96	0	-100
1	-28	196	152359764	-11	37	3	40	0	3	0	-19	8	-28	96	0	-100
1	-28	196	152361784	-10	38	3	36	-1	2	0	-20	10	-28	96	0	-100
1	-28	196	152363772	-9	36	4	39	0	3	0	-20	13	-28	96	0	-100
1	-28	196	152365772	-9	37	4	35	0	2	0	-20	15	-28	96	0	-100
1	-28	196	152367768	-7	36	4	34	0	3	0	-20	18	-28	96	0	-100
1	-28	196	152369768	-8	36	6	38	0	2	0	-20	20	-28	96	0	-100
1	-28	196	152371784	-5	36	5	33	-1	2	0	-21	22	-28	96	0	-100
1	-28	196	152373764	-7	33	6	35	0	3	0	-21	25	-28	96	0	-100
1	-28	196	152375768	-4	34	5	32	0	2	0	-21	27	-28	96	0	-100
1	-28	196	152377764	-5	33	6	31	0	2	0	-21	29	-28	96	0	-100
1	-28	196	152379756	-4	32	5	33	0	2	0	-21	31	-28	96	0	-100
1	-28	196	152381756	-3	31	5	29	0	2	0	-21	33	-28	96	0	-100
1	-28	196	152383748	-2	29	5	31	0	2	0	-21	35	-28	96	0	-100
1	-28	196	152385752	-1	28	3	26	0	2	0	-21	37	-28	96	0	-100
1	-28	196	152387752	-1	27	5	25	0	2	0	-21	39	-28	96	0	-100
1	-28	196	152389744	0	28	4	28	0	1	0	-21	40	-28	96	0	-100
1	-28	196	152391756	-1	25	3	22	0	2	0	-21	42	-28	96	0	-100
1	-28	196	152393744	0	22	4	24	0	2	0	-21	44	-28	96	0	-100
1	-28	196	152395744	0	22	3	20	0	1	0	-21	45	-28	96	0	-100
1	-28	196	152397744	0	20	4	22	0	1	0	-21	46	-28	96	0	-100
1	-28	196	152399748	0	20	3	19	0	2	0	-21	48	-28	96	0	-100
1	-28	196	152401748	0	19	2	16	0	1	0	-21	49	-28	96	0	-100
1	-28	196	152403744	0	17	3	18	0	1	0	-21	50	-28	96	0	-100
1	-28	196	152405760	1	17	3	15	0	1	0	-21	51	-28	96	0	-100
1	-28	196	152407760	1	14	3	16	0	1	0	-21	52	-28	96	0	-100
1	-28	196	152409756	0	14	3	13	0	1	0	-21	53	-28	96	0	-100
1	-28	196	152411776	2	11	2	12	1	1	0	-20	54	-28	96	0	-100
1	-28	196	152413748	1	10	2	11	0	0	0	-20	54	-28	96	0	-100
1	-28	196	152415756	2	10	2	7	0	1	0	-20	55	-28	96	0	-100
1	-28	196	152417756	1	7	2	8	0	1	0	-20	56	-28	96	0	-100
1	-28	196	152419748	2	6	2	4	0	0	0	-20	56	-28	96	0	-100
1	-28	196	152421748	1	4	1	4	0	0	0	-20	56	-28	96	0	-100
1	-28	196	152423744	1	3	0	3	0	0	0	-20	56	-28	96	0	-100
1	-28	196	152425744	1	2	0	1	0	0	0	-20	56	-28	96	0	-100
1	-28	196	152427748	0	1	1	1	0	0	0	-20	56	-28	96	0	-100
1	-28	196	152449732	0	0	0	-1	0	0	0	-20	56	-28	96	0	-100
1	-28	196	152457732	0	0	1	0	0	0	0	-20	56	-28	96	0	-100
1	-28	196	152459740	0	0	0	-1	0	0	0	-20	56	-28	96	0	-100
1	-28	196	152461744	0	-1	1	0	0	0	0	-20	56	-28	96	0	-100
1	-28	196	152463728	0	-1	0	0	0	0	0	-20	56	-28	96	0	-100
1	-28	196	152467732	-1	0	1	0	0	0	0	-20	56	-28	96	0	-100
1	-28	196	152471732	-1	0	1	0	0	0	0	-20	56	-28	96	0	-100
1	-28	196	152473724	0	0	0	-1	0	0	0	-20	56	-28	96	0	-100
1	-28	196	152483724	-1	0	0	0	0	0	0	-20	56	-28	96	0	-100
1	-28	196	152487728	0	0	1	0	0	0	0	-20	56	-28	96	0	-100
1	-28	196	152497740	0	0	2	1	0	0	0	-20	56	-28	96	0	-100
1	-28	196	152499744	0	1	1	1	0	0	0	-20	56	-28	96	0	-100
1	-28	196	152501748	0	1	2	2	0	1	0	-20	57	-28	96	0	-100
1	-28	196	152503748	-1	1	2	1	0	0	0	-20	57	-28	96	0	-100
1	-28	196	152505736	0	1	3	2	0	0	0	-20	57	-28	96	0	-100
1	-28	196	152507736	0	3	2	2	0	0	0	-20	57	-28	96	0	-100
1	-28	196	152509744	0	2	3	3	1	0	0	-19	57	-28	96	0	-100
1	-28	196	152511732	0	2	2	3	0	0	0	-19	57	-28	96	0	-100
1	-28	196	152513732	0	3	3	3	0	0	0	-19	57	-28	96	0	-100
1	-28	196	152515748	0	4	3	3	0	1	0	-19	58	-28	96	0	-100
1	-28	196	152517732	0	3	2	3	0	0	0	-19	58	-28	96	0	-100
1	-28	196	152519732	0	4	2	3	0	0	0	-19	58	-28	96	0	-100
1	-28	196	152521732	0	3	3	4	0	0	0	-19	58	-28	96	0	-100
1	-28	196	152523744	0	4	2	5	0	1	0	-19	59	-28	96	0	-100
1	-28	196	152525736	1	5	2	3	0	0	0	-19	59	-28	96	0	-100
1	-28	196	152527744	1	3	3	4	0	0	0	-19	59	-28	96	0	-100
1	-28	196	152529740	1	4	3	4	0	0	0	-19	59	-28	96	0	-100
1	-28	196	152531748	1	4	3	3	0	1	0	-19	60	-28	96	0	-100
1	-28	196	152533756	1	4	3	4	1	0	0	-18	60	-28	96	0	-100
1	-28	196	152535740	1	3	3	3	0	0	0	-18	60	-28	96	0	-100
1	-28	196	152537748	2	3	3	3	0	0	0	-18	60	-28	96	0	-100
1	-28	196	152539736	0	3	2	3	0	0	0	-18	60	-28	96	0	-100
1	-28	196	152541756	0	4	2	3	0	1	0	-18	61	-28	96	0	-100
1	-28	196	152543756	1	2	2	3	0	0	0	-18	61	-28	96	0	-100
1	-28	196	152545752	1	3	2	2	0	0	0	-18	61	-28	96	0	-100
1	-28	196	152547748	1	3	2	4	0	0	0	-18	61	-28	96	0	-100
1	-28	196	152549740	1	3	2	4	0	0	1	-18	61	-28	96	0	-100
2	-28	196	152551748	1	4	2	5	0	1	1	-28	97	-28	96	0	-100
2	-28	196	152553752	0	4	2	2	1	0	1	-27	97	-28	96	0	-100
2	82	-180	152555736	1	2	2	3	0	0	1	-27	97	54	-84	-28	96
2	82	-180	152557732	0	3	1	2	0	0	1	-27	97	54	-84	-28	96
2	82	-180	152559744	1	2	1	1	0	0	1	-27	97	54	-84	-28	96
2	82	-180	152561736	0	2	0	2	0	1	1	-27	98	54	-84	-28	96
2	82	-180	152563740	0	2	1	2	0	0	1	-27	98	54	-84	-28	96
2	82	-180	152565736	0	2	1	2	0	0	1	-27	98	54	-84	-28	96
2	82	-180	152567736	1	2	0	1	0	0	1	-27	98	54	-84	-28	96
2	82	-180	152569728	0	1	0	2	0	0	1	-27	98	54	-84	-28	96
2	82	-180	152571736	1	2	0	2	0	0	1	-27	98	54	-84	-28	96
2	82	-180	152573732	1	3	0	2	0	0	1	-27	98	54	-84	-28	96
2	82	-180	152575736	0	1	0	2	0	0	1	-27	98	54	-84	-28	96
2	82	-180	152577740	0	2	0	1	0	1	1	-27	99	54	-84	-28	96
2	82	-180	152579736	1	1	0	1	0	0	1	-27	99	54	-84	-28	96
2	82	-180	152583724	0	1	0	1	0	0	1	-27	99	54	-84	-28	96
2	82	-180	152587732	0	1	0	0	0	0	1	-27	99	54	-84	-28	96
2	82	-180	152593728	0	0	-1	0	0	0	1	-27	99	54	-84	-28	96
2	82	-180	152603724	1	0	0	0	0	0	1	-27	99	54	-84	-28	96
2	82	-180	152609728	0	0	-1	0	0	0	1	-27	99	54	-84	-28	96
2	82	-180	152611732	1	-1	0	0	0	0	1	-27	99	54	-84	-28	96
2	82	-180	152613736	1	0	-1	0	0	0	1	-27	99	54	-84	-28	96
2	82	-180	152615724	0	0	-1	0	0	0	1	-27	99	54	-84	-28	96
2	82	-180	152617752	1	-1	-2	-1	0	0	1	-27	99	54	-84	-28	96
2	82	-180	152619732	1	-1	-2	-1	0	0	1	-27	99	54	-84	-28	96
2	82	-180	152621752	2	-1	-2	-2	0	0	1	-27	99	54	-84	-28	96
2	82	-180	152623756	5	-2	-2	-2	0	0	1	-27	99	54	-84	-28	96
2	82	-180	152625748	6	-3	-3	-3	0	0	1	-27	99	54	-84	-28	96
2	82	-180	152627752	6	-3	-3	-4	0	0	1	-27	99	54	-84	-28	96
2	82	-180	152629772	10	-6	-3	-5	1	-1	1	-26	98	54	-84	-28	96
2	82	-180	152631752	9	-7	-3	-7	0	0	1	-26	98	54	-84	-28	96
2	82	-180	152633756	10	-6	-2	-7	0	0	1	-26	98	54	-84	-28	96
2	82	-180	152635768	11	-8	-2	-9	1	-1	1	-25	97	54	-84	-28	96
2	82	-180	152637748	10	-8	0	-8	0	-1	0	-25	96	54	-84	-28	96
2	82	-180	152639748	10	-9	0	-10	1	0	0	-24	96	54	-84	-28	96
2	82	-180	152641748	11	-12	0	-12	0	-1	0	-24	95	54	-84	-28	96
2	82	-180	152643744	13	-12	0	-12	0	-1	0	-24	94	54	-84	-28	96
2	82	-180	152645760	14	-15	0	-16	1	-1	0	-23	93	54	-84	-28	96
2	82	-180	152647768	14	-15	2	-15	1	-1	0	-22	92	54	-84	-28	96
2	82	-180	152649752	16	-17	3	-18	0	-1	0	-22	91	54	-84	-28	96
2	82	-180	152651760	16	-19	2	-19	1	-1	0	-21	90	54	-84	-28	96
2	82	-180	152653764	18	-21	3	-22	1	-2	0	-20	88	54	-84	-28	96
2	82	-180	152655756	21	-23	3	-25	1	-1	0	-19	87	54	-84	-28	96
2	82	-180	152657768	22	-25	1	-24	1	-2	0	-18	85	54	-84	-28	96
2	82	-180	152659768	26	-26	2	-29	1	-2	0	-17	83	54	-84	-28	96
2	82	-180	152661768	28	-28	3	-29	1	-2	0	-16	81	54	-84	-28	96
2	82	-180	152663764	29	-29	2	-29	1	-2	0	-15	79	54	-84	-28	96
2	82	-180	152665772	32	-31	3	-34	2	-2	0	-13	77	54	-84	-28	96
2	82	-180	152667772	32	-31	3	-31	1	-2	0	-12	75	54	-84	-28	96
2	82	-180	152669764	33	-33	2	-36	1	-2	0	-11	73	54	-84	-28	96
2	82	-180	152671768	31	-33	4	-32	2	-2	0	-9	71	54	-84	-28	96
2	82	-180	152673764	32	-34	5	-37	1	-3	0	-8	68	54	-84	-28	96
2	82	-180	152675772	31	-34	4	-34	1	-2	0	-7	66	54	-84	-28	96
2	82	-180	152677768	31	-35	2	-35	2	-2	0	-5	64	54	-84	-28	96
2	82	-180	152679768	31	-36	4	-39	1	-3	0	-4	61	54	-84	-28	96
2	82	-180	152681760	31	-36	4	-37	1	-2	0	-3	59	54	-84	-28	96
2	82	-180	152683756	35	-41	5	-40	2	-3	0	-1	56	54	-84	-28	96
2	82	-180	152685756	32	-38	3	-37	1	-2	0	0	54	54	-84	-28	96
2	82	-180	152687760	31	-36	4	-37	2	-3	0	2	51	54	-84	-28	96
2	82	-180	152689764	32	-39	6	-42	1	-3	0	3	48	54	-84	-28	96
2	82	-180	152691764	31	-37	5	-38	1	-2	0	4	46	54	-84	-28	96
2	82	-180	152693764	29	-38	7	-41	2	-3	0	6	43	54	-84	-28	96
2	82	-180	152695768	29	-37	7	-36	1	-2	0	7	41	54	-84	-28	96
2	82	-180	152697772	29	-38	8	-40	2	-3	0	9	38	54	-84	-28	96
2	82	-180	152699768	27	-36	7	-35	1	-2	0	10	36	54	-84	-28	96
2	82	-180	152701768	27	-35	8	-33	1	-2	0	11	34	54	-84	-28	96
2	82	-180	152703772	26	-36	8	-38	1	-3	0	12	31	54	-84	-28	96
2	82	-180	152705776	25	-34	8	-33	2	-2	0	14	29	54	-84	-28	96
2	82	-180	152707784	24	-32	8	-35	1	-2	0	15	27	54	-84	-28	96
2	82	-180	152709788	21	-33	7	-31	1	-2	0	16	25	54	-84	-28	96
2	82	-180	152711784	22	-32	6	-31	1	-2	0	17	23	54	-84	-28	96
2	82	-180	152713776	21	-31	7	-34	1	-3	0	18	20	54	-84	-28	96
2	82	-180	152715788	23	-34	6	-29	1	-2	0	19	18	54	-84	-28	96
2	82	-180	152717788	19	-30	5	-33	1	-2	0	20	16	54	-84	-28	96
2	82	-180	152719788	20	-30	4	-29	1	-2	0	21	14	54	-84	-28	96
2	82	-180	152721776	18	-29	5	-29	1	-2	0	22	12	54	-84	-28	96
2	82	-180	152723764	18	-30	3	-33	0	-2	0	22	10	54	-84	-28	96
2	82	-180	152725776	19	-29	4	-28	1	-2	0	23	8	54	-84	-28	96
2	82	-180	152727772	19	-30	4	-33	1	-2	0	24	6	54	-84	-28	96
2	82	-180	152729772	17	-29	3	-28	1	-2	0	25	4	54	-84	-28	96
2	82	-180	152731768	17	-29	3	-31	1	-2	0	26	2	54	-84	-28	96
2	82	-180	152733748	16	-28	1	-27	0	-2	0	26	0	54	-84	-28	96
2	82	-180	152735760	16	-28	1	-27	1	-1	0	27	-1	54	-84	-28	96
2	82	-180	152737756	16	-28	2	-30	1	-2	0	28	-3	54	-84	-28	96
2	82	-180	152739752	16	-28	1	-26	0	-2	0	28	-5	54	-84	-28	96
2	82	-180	152741764	15	-27	1	-30	1	-2	0	29	-7	54	-84	-28	96
2	82	-180	152743764	17	-27	1	-27	1	-2	0	30	-9	54	-84	-28	96
2	82	-180	152745748	16	-27	0	-27	0	-2	0	30	-11	54	-84	-28	96
2	82	-180	152747768	17	-28	0	-30	1	-2	0	31	-13	54	-84	-28	96
2	82	-180	152749776	18	-27	0	-26	1	-1	0	32	-14	54	-84	-28	96
2	82	-180	152751764	19	-31	0	-30	0	-2	0	32	-16	54	-84	-28	96
2	82	-180	152753772	18	-28	0	-26	1	-2	0	33	-18	54	-84	-28	96
2	82	-180	152755772	19	-28	0	-30	1	-2	0	34	-20	54	-84	-28	96
2	82	-180	152757788	17	-26	-1	-27	1	-2	0	35	-22	54	-84	-28	96
2	82	-180	152759780	17	-26	-1	-25	0	-2	0	35	-24	54	-84	-28	96
2	82	-180	152761788	17	-26	-1	-29	1	-1	0	36	-25	54	-84	-28	96
2	82	-180	152763768	16	-26	-2	-24	0	-2	0	36	-27	54	-84	-28	96
2	82	-180	152765788	16	-25	-1	-27	1	-2	0	37	-29	54	-84	-28	96
2	82	-180	152767792	15	-23	-1	-22	1	-1	0	38	-30	54	-84	-28	96
2	82	-180	152769776	15	-24	-1	-23	0	-2	0	38	-32	54	-84	-28	96
2	82	-180	152771792	15	-21	-1	-24	1	-1	0	39	-33	54	-84	-28	96
2	82	-180	152773776	13	-22	-1	-21	0	-2	0	39	-35	54	-84	-28	96
2	82	-180	152775792	14	-20	-1	-21	1	-1	0	40	-36	54	-84	-28	96
2	82	-180	152777776	14	-19	-2	-19	0	-1	0	40	-37	54	-84	-28	96
2	82	-180	152779780	13	-19	0	-21	1	-2	0	41	-39	54	-84	-28	96
2	82	-180	152781772	13	-18	-1	-18	0	-1	0	41	-40	54	-84	-28	96
2	82	-180	152783780	13	-18	0	-18	1	-1	0	42	-41	54	-84	-28	96
2	82	-180	152785764	13	-17	0	-18	0	-1	0	42	-42	54	-84	-28	96
2	82	-180	152787772	13	-16	0	-16	1	-1	0	43	-43	54	-84	-28	96
2	82	-180	152789760	14	-17	0	-16	0	-2	0	43	-45	54	-84	-28	96
2	82	-180	152791768	12	-14	0	-14	1	0	0	44	-45	54	-84	-28	96
2	82	-180	152793772	12	-14	0	-13	0	-1	0	44	-46	54	-84	-28	96
2	82	-180	152795784	10	-13	0	-14	1	-1	0	45	-47	54	-84	-28	96
2	82	-180	152797788	9	-11	1	-11	0	-1	0	45	-48	54	-84	-28	96
2	82	-180	152799792	9	-11	0	-11	1	-1	0	46	-49	54	-84	-28	96
2	82	-180	152801764	7	-11	0	-11	0	0	0	46	-49	54	-84	-28	96
2	82	-180	152803784	8	-8	1	-8	0	-1	0	46	-50	54	-84	-28	96
2	82	-180	152805768	5	-8	0	-9	0	-1	0	46	-51	54	-84	-28	96
2	82	-180	152807772	4	-8	1	-7	1	0	0	47	-51	54	-84	-28	96
2	82	-180	152809748	4	-6	0	-7	0	0	0	47	-51	54	-84	-28	96
2	82	-180	152811760	3	-6	0	-5	0	-1	0	47	-52	54	-84	-28	96
2	82	-180	152813748	2	-5	0	-5	0	0	0	47	-52	54	-84	-28	96
2	82	-180	152815752	1	-4	0	-5	0	0	0	47	-52	54	-84	-28	96
2	82	-180	152817764	1	-3	0	-3	0	-1	0	47	-53	54	-84	-28	96
2	82	-180	152819748	1	-4	0	-3	0	0	0	47	-53	54	-84	-28	96
2	82	-180	152821748	1	-2	0	-2	0	0	0	47	-53	54	-84	-28	96
2	82	-180	152823740	0	-3	0	-3	0	0	0	47	-53	54	-84	-28	96
2	82	-180	152825748	0	-2	0	-2	0	0	0	47	-53	54	-84	-28	96
2	82	-180	152827752	0	-1	0	-1	0	0	0	47	-53	54	-84	-28	96
2	82	-180	152829772	1	-2	0	-2	0	-1	0	47	-54	54	-84	-28	96
2	82	-180	152831756	1	-1	0	-1	0	0	0	47	-54	54	-84	-28	96
2	82	-180	152833772	1	-1	-1	-1	0	0	0	47	-54	54	-84	-28	96
2	82	-180	152835756	1	-2	0	-2	0	0	0	47	-54	54	-84	-28	96
2	82	-180	152837764	2	-2	-1	-2	0	0	0	47	-54	54	-84	-28	96
2	82	-180	152839756	2	-2	-1	-3	0	0	0	47	-54	54	-84	-28	96
2	82	-180	152841752	2	-2	0	-2	0	0	0	47	-54	54	-84	-28	96
2	82	-180	152843764	2	-3	-1	-3	0	0	0	47	-54	54	-84	-28	96
2	82	-180	152845780	1	-1	-1	-2	0	-1	0	47	-55	54	-84	-28	96
2	82	-180	152847784	2	-2	-1	-1	1	0	0	48	-55	54	-84	-28	96
2	82	-180	152849748	2	-2	0	-1	0	0	0	48	-55	54	-84	-28	96
2	82	-180	152851756	2	-2	-1	-3	0	0	0	48	-55	54	-84	-28	96
2	82	-180	152853756	3	-2	-1	-2	0	0	0	48	-55	54	-84	-28	96
2	82	-180	152855752	3	-3	0	-3	0	0	0	48	-55	54	-84	-28	96
2	82	-180	152857760	2	-3	0	-4	0	-1	0	48	-56	54	-84	-28	96
2	82	-180	152859764	2	-2	-1	-2	0	0	0	48	-56	54	-84	-28	96
2	82	-180	152861752	4	-3	0	-2	0	0	0	48	-56	54	-84	-28	96
2	82	-180	152863760	3	-3	-1	-4	0	0	0	48	-56	54	-84	-28	96
2	82	-180	152865760	3	-3	0	-3	0	0	0	48	-56	54	-84	-28	96
2	82	-180	152867760	3	-3	0	-3	0	0	0	48	-56	54	-84	-28	96
2	82	-180	152869784	1	-2	0	-2	1	-1	0	49	-57	54	-84	-28	96
2	82	-180	152871756	2	-1	0	-1	0	0	0	49	-57	54	-84	-28	96
2	82	-180	152873752	1	-2	0	-2	0	0	0	49	-57	54	-84	-28	96
2	82	-180	152875764	2	-1	0	-2	0	0	0	49	-57	54	-84	-28	96
2	82	-180	152877768	2	-1	-1	-3	0	0	0	49	-57	54	-84	-28	96
2	82	-180	152879760	1	-2	0	-2	0	0	0	49	-57	54	-84	-28	96
2	82	-180	152881760	2	-2	0	-2	0	0	0	49	-57	54	-84	-28	96
2	82	-180	152883760	1	-2	0	-2	0	0	0	49	-57	54	-84	-28	96
2	82	-180	152885772	1	-1	0	-1	0	0	0	49	-57	54	-84	-28	96
2	82	-180	152887784	1	-2	0	-1	0	-1	0	49	-58	54	-84	-28	96
2	82	-180	152889772	1	0	0	-1	0	0	0	49	-58	54	-84	-28	96
2	82	-180	152893764	0	0	0	-1	0	0	1	49	-58	54	-84	-28	96
3	82	-180	152895772	0	-1	1	0	0	0	1	54	-84	54	-84	-28	96
3	-130	149	152905764	-1	0	0	0	0	0	1	54	-84	-76	65	54	-84
3	-130	149	152911748	-1	0	0	0	0	0	1	54	-84	-76	65	54	-84
3	-130	149	152917756	-1	0	0	0	0	0	1	54	-84	-76	65	54	-84
3	-130	149	152927744	-1	0	0	0	0	0	1	54	-84	-76	65	54	-84
3	-130	149	152937728	0	0	0	1	0	0	1	54	-84	-76	65	54	-84
3	-130	149	152947736	0	0	0	1	0	0	1	54	-84	-76	65	54	-84
3	-130	149	152951744	0	1	-1	0	0	0	1	54	-84	-76	65	54	-84
3	-130	149	152953740	1	0	0	0	0	0	1	54	-84	-76	65	54	-84
3	-130	149	152955728	0	1	-1	1	0	0	1	54	-84	-76	65	54	-84
3	-130	149	152957744	0	2	-1	2	0	0	1	54	-84	-76	65	54	-84
3	-130	149	152959752	0	1	-2	2	0	0	1	54	-84	-76	65	54	-84
3	-130	149	152961760	0	3	-3	3	0	0	1	54	-84	-76	65	54	-84
3	-130	149	152963756	-2	3	-3	3	0	0	1	54	-84	-76	65	54	-84
3	-130	149	152965752	-2	5	-3	5	0	0	1	54	-84	-76	65	54	-84
3	-130	149	152967764	-4	4	-3	4	0	1	1	54	-83	-76	65	54	-84
3	-130	149	152969744	-4	5	-4	6	0	0	1	54	-83	-76	65	54	-84
3	-130	149	152971752	-7	6	-3	5	0	0	1	54	-83	-76	65	54	-84
3	-130	149	152973768	-8	8	-3	8	-1	1	1	53	-82	-76	65	54	-84
3	-130	149	152975760	-13	9	-3	9	0	1	1	53	-81	-76	65	54	-84
3	-130	149	152977752	-12	10	-2	10	-1	0	0	52	-81	-76	65	54	-84
3	-130	149	152979760	-14	10	-4	12	-1	1	0	51	-80	-76	65	54	-84
3	-130	149	152981748	-15	11	-4	11	0	1	0	51	-79	-76	65	54	-84
3	-130	149	152983756	-16	12	-4	11	-1	1	0	50	-78	-76	65	54	-84
3	-130	149	152985744	-17	13	-5	15	-1	0	0	49	-78	-76	65	54	-84
3	-130	149	152987764	-18	14	-6	13	-1	1	0	48	-77	-76	65	54	-84
3	-130	149	152989756	-21	14	-6	17	-1	1	0	47	-76	-76	65	54	-84
3	-130	149	152991756	-22	16	-6	16	-1	1	0	46	-75	-76	65	54	-84
3	-130	149	152993756	-22	17	-8	19	-1	2	0	45	-73	-76	65	54	-84
3	-130	149	152995752	-25	17	-9	18	-1	1	0	44	-72	-76	65	54	-84
3	-130	149	152997760	-26	19	-8	19	-1	1	0	43	-71	-76	65	54	-84
3	-130	149	152999760	-27	21	-12	22	-2	2	0	41	-69	-76	65	54	-84
3	-130	149	153001764	-28	22	-10	22	-1	1	0	40	-68	-76	65	54	-84
3	-130	149	153003776	-30	24	-13	25	-2	2	0	38	-66	-76	65	54	-84
3	-130	149	153005776	-32	24	-13	24	-1	1	0	37	-65	-76	65	54	-84
3	-130	149	153007776	-35	25	-13	26	-2	2	0	35	-63	-76	65	54	-84
3	-130	149	153009784	-39	31	-15	30	-2	2	0	33	-61	-76	65	54	-84
3	-130	149	153011788	-38	29	-14	29	-2	2	0	31	-59	-76	65	54	-84
3	-130	149	153013784	-41	31	-16	33	-2	2	0	29	-57	-76	65	54	-84
3	-130	149	153015784	-42	32	-16	32	-2	2	0	27	-55	-76	65	54	-84
3	-130	149	153017788	-44	34	-18	38	-2	3	0	25	-52	-76	65	54	-84
3	-130	149	153019792	-47	35	-17	35	-3	2	0	22	-50	-76	65	54	-84
3	-130	149	153021788	-49	36	-18	37	-2	2	0	20	-48	-76	65	54	-84
3	-130	149	153023784	-51	39	-19	42	-3	3	0	17	-45	-76	65	54	-84
3	-130	149	153025784	-54	38	-19	40	-2	3	0	15	-42	-76	65	54	-84
3	-130	149	153027776	-56	41	-22	46	-3	3	0	12	-39	-76	65	54	-84
3	-130	149	153029780	-58	42	-20	41	-3	2	0	9	-37	-76	65	54	-84
3	-130	149	153031776	-60	41	-21	41	-3	3	0	6	-34	-76	65	54	-84
3	-130	149	153033776	-60	42	-24	48	-3	3	0	3	-31	-76	65	54	-84
3	-130	149	153035772	-62	42	-22	42	-3	3	0	0	-28	-76	65	54	-84
3	-130	149	153037768	-61	42	-24	47	-3	3	0	-3	-25	-76	65	54	-84
3	-130	149	153039772	-60	42	-22	41	-3	3	0	-6	-22	-76	65	54	-84
3	-130	149	153041776	-60	41	-23	45	-3	2	0	-9	-20	-76	65	54	-84
3	-130	149	153043772	-58	41	-21	40	-3	3	0	-12	-17	-76	65	54	-84
3	-130	149	153045780	-64	44	-21	39	-3	3	0	-15	-14	-76	65	54	-84
3	-130	149	153047776	-55	40	-21	42	-3	3	0	-18	-11	-76	65	54	-84
3	-130	149	153049784	-53	36	-18	36	-3	2	0	-21	-9	-76	65	54	-84
3	-130	149	153051780	-50	36	-19	39	-2	3	0	-23	-6	-76	65	54	-84
3	-130	149	153053776	-47	34	-16	34	-2	2	0	-25	-4	-76	65	54	-84
3	-130	149	153055780	-44	33	-14	32	-2	2	0	-27	-2	-76	65	54	-84
3	-130	149	153057772	-42	32	-15	34	-3	2	0	-30	0	-76	65	54	-84
3	-130	149	153059772	-39	30	-11	29	-1	2	0	-31	2	-76	65	54	-84
3	-130	149	153061768	-34	28	-12	32	-2	2	0	-33	4	-76	65	54	-84
3	-130	149	153063768	-32	27	-9	27	-2	2	0	-35	6	-76	65	54	-84
3	-130	149	153065772	-28	26	-7	25	-1	2	0	-36	8	-76	65	54	-84
3	-130	149	153067768	-26	24	-8	27	-1	1	0	-37	9	-76	65	54	-84
3	-130	149	153069760	-22	24	-5	24	-1	2	0	-38	11	-76	65	54	-84
3	-130	149	153071756	-20	23	-6	24	-1	1	0	-39	12	-76	65	54	-84
3	-130	149	153073760	-19	22	-4	21	-1	2	0	-40	14	-76	65	54	-84
3	-130	149	153075764	-16	20	-2	20	-1	1	0	-41	15	-76	65	54	-84
3	-130	149	153077744	-14	19	-4	21	0	2	0	-41	17	-76	65	54	-84
3	-130	149	153079760	-13	19	-3	17	-1	1	0	-42	18	-76	65	54	-84
3	-130	149	153081756	-11	17	-3	17	-1	1	0	-43	19	-76	65	54	-84
3	-130	149	153083744	-10	16	-1	16	0	1	0	-43	20	-76	65	54	-84
3	-130	149	153085744	-10	16	-2	16	0	1	0	-43	21	-76	65	54	-84
3	-130	149	153087760	-8	15	0	13	-1	1	0	-44	22	-76	65	54	-84
3	-130	149	153089748	-7	14	0	13	0	1	0	-44	23	-76	65	54	-84
3	-130	149	153091760	-6	12	-1	13	0	1	0	-44	24	-76	65	54	-84
3	-130	149	153093736	-6	11	0	11	0	0	0	-44	24	-76	65	54	-84
3	-130	149	153095764	-6	10	0	11	-1	1	0	-45	25	-76	65	54	-84
3	-130	149	153097748	-4	11	0	10	0	1	0	-45	26	-76	65	54	-84
3	-130	149	153099748	-5	9	-1	9	0	0	0	-45	26	-76	65	54	-84
3	-130	149	153101748	-4	9	0	9	0	1	0	-45	27	-76	65	54	-84
3	-130	149	153103748	-4	9	0	9	0	1	0	-45	28	-76	65	54	-84
3	-130	149	153105760	-3	8	-1	9	-1	0	0	-46	28	-76	65	54	-84
3	-130	149	153107744	-3	10	0	9	0	1	0	-46	29	-76	65	54	-84
3	-130	149	153109740	-3	8	-1	9	0	0	0	-46	29	-76	65	54	-84
3	-130	149	153111752	-3	9	-1	8	0	1	0	-46	30	-76	65	54	-84
3	-130	149	153113744	-2	8	-1	9	0	1	0	-46	31	-76	65	54	-84
3	-130	149	153115732	-2	8	-1	8	0	0	0	-46	31	-76	65	54	-84
3	-130	149	153117752	-1	8	-1	8	0	1	0	-46	32	-76	65	54	-84
3	-130	149	153119740	-2	7	-1	8	0	0	0	-46	32	-76	65	54	-84
3	-130	149	153121744	-1	8	0	7	0	1	0	-46	33	-76	65	54	-84
3	-130	149	153123732	-1	6	-1	6	0	0	0	-46	33	-76	65	54	-84
3	-130	149	153125748	-1	6	-2	6	-1	0	0	-47	33	-76	65	54	-84
3	-130	149	153127752	-1	6	-1	6	0	1	0	-47	34	-76	65	54	-84
3	-130	149	153129744	-1	4	-1	4	0	0	0	-47	34	-76	65	54	-84
3	-130	149	153131744	0	4	-1	4	0	0	0	-47	34	-76	65	54	-84
3	-130	149	153133756	-1	4	0	4	0	1	0	-47	35	-76	65	54	-84
3	-130	149	153135740	0	3	-1	2	0	0	0	-47	35	-76	65	54	-84
3	-130	149	153137736	0	2	0	2	0	0	0	-47	35	-76	65	54	-84
3	-130	149	153139752	0	1	-1	1	0	0	0	-47	35	-76	65	54	-84
3	-130	149	153141748	0	1	-1	1	0	0	0	-47	35	-76	65	54	-84
3	-130	149	153143748	-1	0	0	1	0	0	0	-47	35	-76	65	54	-84
3	-130	149	153145736	0	1	0	0	0	0	0	-47	35	-76	65	54	-84
3	-130	149	153171724	-1	0	0	0	0	0	0	-47	35	-76	65	54	-84
3	-130	149	153203724	-1	0	0	0	0	0	0	-47	35	-76	65	54	-84
3	-130	149	153205728	0	1	1	1	0	0	0	-47	35	-76	65	54	-84
3	-130	149	153207728	-2	2	0	3	0	0	0	-47	35	-76	65	54	-84
3	-130	149	153209744	-2	3	1	2	0	1	0	-47	36	-76	65	54	-84
3	-130	149	153211724	-2	4	0	5	0	0	0	-47	36	-76	65	54	-84
3	-130	149	153213732	-3	3	1	3	0	0	0	-47	36	-76	65	54	-84
3	-130	149	153215728	-2	5	0	5	0	0	0	-47	36	-76	65	54	-84
3	-130	149	153217760	-2	5	1	6	0	1	0	-47	37	-76	65	54	-84
3	-130	149	153219740	-2	5	1	5	0	0	0	-47	37	-76	65	54	-84
3	-130	149	153221732	0	7	1	6	0	0	0	-47	37	-76	65	54	-84
3	-130	149	153223752	-2	6	1	7	0	1	0	-47	38	-76	65	54	-84
3	-130	149	153225744	-1	7	1	6	0	0	0	-47	38	-76	65	54	-84
3	-130	149	153227776	-2	8	1	8	-1	1	0	-48	39	-76	65	54	-84
3	-130	149	153229748	-1	7	1	7	0	0	0	-48	39	-76	65	54	-84
3	-130	149	153231764	-1	9	1	9	0	1	0	-48	40	-76	65	54	-84
3	-130	149	153233740	-1	9	1	7	0	0	0	-48	40	-76	65	54	-84
3	-130	149	153235756	-1	8	1	9	0	1	0	-48	41	-76	65	54	-84
3	-130	149	153237752	-1	8	2	8	0	1	0	-48	42	-76	65	54	-84
3	-130	149	153239736	-2	8	1	7	0	0	0	-48	42	-76	65	54	-84
3	-130	149	153241752	-1	8	2	9	0	1	0	-48	43	-76	65	54	-84
3	-130	149	153243732	-1	6	0	5	0	0	0	-48	43	-76	65	54	-84
3	-130	149	153245748	-1	7	2	8	0	1	0	-48	44	-76	65	54	-84
3	-130	149	153247732	0	6	1	5	0	0	0	-48	44	-76	65	54	-84
3	-130	149	153249732	0	4	1	4	0	0	0	-48	44	-76	65	54	-84
3	-130	149	153251744	-1	4	1	4	0	0	0	-48	44	-76	65	54	-84
3	-130	149	153253740	0	3	0	2	0	1	0	-48	45	-76	65	54	-84
3	-130	149	153255720	0	1	0	2	0	0	0	-48	45	-76	65	54	-84
3	-130	149	153257736	-1	1	0	0	0	0	0	-48	45	-76	65	54	-84
3	-130	149	153259724	0	0	1	0	0	0	0	-48	45	-76	65	54	-84
3	-130	149	153261720	0	0	0	0	0	0	1	-48	45	-76	65	54	-84
4	167	-107	153265740	0	0	1	1	0	0	1	-76	65	91	-42	-76	65
4	167	-107	153267748	-1	0	1	0	0	0	1	-76	65	91	-42	-76	65
4	167	-107	153269732	0	0	1	0	0	0	1	-76	65	91	-42	-76	65
4	167	-107	153271728	-1	0	0	0	0	0	1	-76	65	91	-42	-76	65
4	167	-107	153275720	0	0	1	0	0	0	1	-76	65	91	-42	-76	65
4	167	-107	153281724	0	0	1	0	0	0	1	-76	65	91	-42	-76	65
4	167	-107	153285736	0	0	1	0	0	0	1	-76	65	91	-42	-76	65
4	167	-107	153289736	0	0	1	-1	0	0	1	-76	65	91	-42	-76	65
4	167	-107	153299720	0	0	0	-1	0	0	1	-76	65	91	-42	-76	65
4	167	-107	153303724	0	-1	0	0	0	0	1	-76	65	91	-42	-76	65
4	167	-107	153305732	2	0	0	-1	0	0	1	-76	65	91	-42	-76	65
4	167	-107	153307732	5	-2	0	-2	0	0	1	-76	65	91	-42	-76	65
4	167	-107	153309744	7	-2	1	-2	0	0	1	-76	65	91	-42	-76	65
4	167	-107	153311740	9	-2	1	-2	0	0	1	-76	65	91	-42	-76	65
4	167	-107	153313752	12	-3	3	-2	1	0	1	-75	65	91	-42	-76	65
4	167	-107	153315752	14	-3	4	-3	1	0	1	-74	65	91	-42	-76	65
4	167	-107	153317728	17	-2	4	-4	0	0	1	-74	65	91	-42	-76	65
4	167	-107	153319756	18	-3	5	-3	1	-1	1	-73	64	91	-42	-76	65
4	167	-107	153321740	21	-3	6	-4	1	0	1	-72	64	91	-42	-76	65
4	167	-107	153323744	23	-4	8	-4	1	0	1	-71	64	91	-42	-76	65
4	167	-107	153325748	26	-4	7	-4	2	0	1	-69	64	91	-42	-76	65
4	167	-107	153327764	28	-6	10	-6	1	-1	1	-68	63	91	-42	-76	65
4	167	-107	153329748	32	-6	10	-6	2	0	1	-66	63	91	-42	-76	65
4	167	-107	153331764	35	-6	11	-7	1	-1	1	-65	62	91	-42	-76	65
4	167	-107	153333752	39	-7	15	-8	2	0	1	-63	62	91	-42	-76	65
4	167	-107	153335772	42	-8	15	-9	2	-1	1	-61	61	91	-42	-76	65
4	167	-107	153337760	46	-10	19	-10	3	0	1	-58	61	91	-42	-76	65
4	167	-107	153339772	49	-10	18	-12	2	-1	0	-56	60	91	-42	-76	65
4	167	-107	153341772	62	-15	21	-13	3	-1	0	-53	59	91	-42	-76	65
4	167	-107	153343768	60	-15	26	-18	3	-1	0	-50	58	91	-42	-76	65
4	167	-107	153345772	65	-19	27	-20	4	-1	0	-46	57	91	-42	-76	65
4	167	-107	153347764	68	-19	31	-24	3	-2	0	-43	55	91	-42	-76	65
4	167	-107	153349764	73	-24	30	-24	4	-1	0	-39	54	91	-42	-76	65
4	167	-107	153351764	76	-25	32	-26	4	-2	0	-35	52	91	-42	-76	65
4	167	-107	153353760	79	-26	38	-31	4	-2	0	-31	50	91	-42	-76	65
4	167	-107	153355760	81	-28	34	-30	4	-2	0	-27	48	91	-42	-76	65
4	167	-107	153357756	81	-30	38	-34	4	-2	0	-23	46	91	-42	-76	65
4	167	-107	153359752	82	-30	34	-32	5	-2	0	-18	44	91	-42	-76	65
4	167	-107	153361752	82	-31	37	-38	4	-2	0	-14	42	91	-42	-76	65
4	167	-107	153363756	83	-34	33	-35	4	-3	0	-10	39	91	-42	-76	65
4	167	-107	153365756	81	-35	33	-34	4	-2	0	-6	37	91	-42	-76	65
4	167	-107	153367756	80	-35	36	-41	4	-3	0	-2	34	91	-42	-76	65
4	167	-107	153369752	79	-36	30	-37	4	-2	0	2	32	91	-42	-76	65
4	167	-107	153371756	77	-38	34	-42	4	-3	0	6	29	91	-42	-76	65
4	167	-107	153373756	75	-37	29	-39	4	-2	0	10	27	91	-42	-76	65
4	167	-107	153375756	74	-38	28	-38	4	-3	0	14	24	91	-42	-76	65
4	167	-107	153377760	71	-38	30	-43	3	-2	0	17	22	91	-42	-76	65
4	167	-107	153379760	70	-38	28	-39	4	-3	0	21	19	91	-42	-76	65
4	167	-107	153381760	75	-43	29	-43	4	-3	0	25	16	91	-42	-76	65
4	167	-107	153383756	62	-36	25	-37	3	-2	0	28	14	91	-42	-76	65
4	167	-107	153385768	60	-37	28	-42	3	-3	0	31	11	91	-42	-76	65
4	167	-107	153387772	58	-34	24	-34	3	-2	0	34	9	91	-42	-76	65
4	167	-107	153389768	54	-34	23	-34	3	-2	0	37	7	91	-42	-76	65
4	167	-107	153391768	51	-32	24	-37	2	-3	0	39	4	91	-42	-76	65
4	167	-107	153393768	48	-30	22	-30	3	-2	0	42	2	91	-42	-76	65
4	167	-107	153395772	47	-28	22	-32	2	-2	0	44	0	91	-42	-76	65
4	167	-107	153397772	43	-26	19	-28	3	-2	0	47	-2	91	-42	-76	65
4	167	-107	153399776	42	-24	18	-25	2	-1	0	49	-3	91	-42	-76	65
4	167	-107	153401776	38	-22	20	-26	2	-2	0	51	-5	91	-42	-76	65
4	167	-107	153403764	37	-21	17	-21	2	-1	0	53	-6	91	-42	-76	65
4	167	-107	153405764	35	-18	20	-22	2	-2	0	55	-8	91	-42	-76	65
4	167	-107	153407764	35	-17	17	-17	1	-1	0	56	-9	91	-42	-76	65
4	167	-107	153409756	33	-15	17	-17	2	-1	0	58	-10	91	-42	-76	65
4	167	-107	153411752	31	-13	17	-17	2	-1	0	60	-11	91	-42	-76	65
4	167	-107	153413756	27	-13	13	-14	1	-1	0	61	-12	91	-42	-76	65
4	167	-107	153415756	22	-12	12	-15	2	-1	0	63	-13	91	-42	-76	65
4	167	-107	153417748	18	-12	9	-13	1	0	0	64	-13	91	-42	-76	65
4	167	-107	153419744	15	-13	9	-13	0	-1	0	64	-14	91	-42	-76	65
4	167	-107	153421752	9	-11	6	-10	1	-1	0	65	-15	91	-42	-76	65
4	167	-107	153423744	3	-9	4	-11	0	-1	0	65	-16	91	-42	-76	65
4	167	-107	153425728	1	-10	4	-10	0	0	0	65	-16	91	-42	-76	65
4	167	-107	153427740	0	-9	3	-9	0	-1	0	65	-17	91	-42	-76	65
4	167	-107	153429756	-4	-10	2	-11	0	-1	0	65	-18	91	-42	-76	65
4	167	-107	153431744	-4	-9	1	-9	0	0	0	65	-18	91	-42	-76	65
4	167	-107	153433748	-7	-10	1	-10	0	-1	0	65	-19	91	-42	-76	65
4	167	-107	153435736	-7	-8	0	-10	0	0	0	65	-19	91	-42	-76	65
4	167	-107	153437748	-8	-9	0	-8	0	-1	0	65	-20	91	-42	-76	65
4	167	-107	153439748	-6	-7	0	-10	0	-1	0	65	-21	91	-42	-76	65
4	167	-107	153441744	-6	-8	-1	-6	0	0	0	65	-21	91	-42	-76	65
4	167	-107	153443752	-5	-7	-1	-8	0	-1	0	65	-22	91	-42	-76	65
4	167	-107	153445740	-4	-8	-1	-7	-1	0	0	64	-22	91	-42	-76	65
4	167	-107	153447736	-4	-5	-1	-5	0	0	0	64	-22	91	-42	-76	65
4	167	-107	153449748	-4	-5	-1	-6	0	-1	0	64	-23	91	-42	-76	65
4	167	-107	153451740	-3	-4	-1	-2	0	0	0	64	-23	91	-42	-76	65
4	167	-107	153453740	-2	-4	-1	-4	0	0	0	64	-23	91	-42	-76	65
4	167	-107	153455732	0	-2	-1	-2	0	0	0	64	-23	91	-42	-76	65
4	167	-107	153457736	-1	0	0	-1	0	0	0	64	-23	91	-42	-76	65
4	167	-107	153459736	-1	-1	0	-1	0	0	0	64	-23	91	-42	-76	65
4	167	-107	153463724	0	0	-1	0	0	0	0	64	-23	91	-42	-76	65
4	167	-107	153485728	0	0	0	1	0	0	0	64	-23	91	-42	-76	65
4	167	-107	153487716	-1	0	0	0	0	0	0	64	-23	91	-42	-76	65
4	167	-107	153491748	-1	1	0	0	-1	0	0	63	-23	91	-42	-76	65
4	167	-107	153493728	-1	0	0	1	0	0	0	63	-23	91	-42	-76	65
4	167	-107	153501716	-1	0	0	0	0	0	0	63	-23	91	-42	-76	65
4	167	-107	153505720	0	0	0	1	0	0	0	63	-23	91	-42	-76	65
4	167	-107	153507724	-1	0	0	0	0	0	0	63	-23	91	-42	-76	65
4	167	-107	153511728	0	0	0	1	0	0	0	63	-23	91	-42	-76	65
4	167	-107	153513744	-1	1	0	0	0	0	0	63	-23	91	-42	-76	65
4	167	-107	153517740	0	0	0	1	0	0	0	63	-23	91	-42	-76	65
4	167	-107	153519752	-1	1	0	0	0	0	0	63	-23	91	-42	-76	65
4	167	-107	153523740	-1	0	0	0	0	0	0	63	-23	91	-42	-76	65
4	167	-107	153531728	-1	0	0	0	0	0	0	63	-23	91	-42	-76	65
4	167	-107	153533736	0	1	1	0	0	0	0	63	-23	91	-42	-76	65
4	167	-107	153537740	-1	0	1	0	0	0	0	63	-23	91	-42	-76	65
4	167	-107	153543736	-1	0	0	1	0	0	1	63	-23	91	-42	-76	65
5	167	-107	153545728	0	0	1	0	0	0	1	91	-42	91	-42	-76	65
5	167	-107	153547724	0	1	0	0	0	0	1	91	-42	91	-42	-76	65
5	167	-107	153549716	-1	0	0	0	0	0	1	91	-42	91	-42	-76	65
5	167	-107	153551732	0	0	1	1	0	0	1	91	-42	91	-42	-76	65
5	167	-107	153553724	-1	0	0	0	0	0	1	91	-42	91	-42	-76	65
5	-190	56	153555736	0	1	1	0	0	0	1	91	-42	-99	14	91	-42
5	-190	56	153563732	0	0	1	0	0	0	1	91	-42	-99	14	91	-42
5	-190	56	153567744	-1	0	1	0	0	0	1	91	-42	-99	14	91	-42
5	-190	56	153573732	0	0	1	0	0	0	1	91	-42	-99	14	91	-42
5	-190	56	153577732	-1	0	0	0	0	0	1	91	-42	-99	14	91	-42
5	-190	56	153597728	1	0	0	0	0	0	1	91	-42	-99	14	91	-42
5	-190	56	153601740	1	0	0	0	0	0	1	91	-42	-99	14	91	-42
5	-190	56	153607736	0	0	0	1	0	0	1	91	-42	-99	14	91	-42
5	-190	56	153611756	-2	1	-2	1	0	0	1	91	-42	-99	14	91	-42
5	-190	56	153613752	-5	2	-4	1	0	0	1	91	-42	-99	14	91	-42
5	-190	56	153615772	-7	2	-4	1	-1	0	1	90	-42	-99	14	91	-42
5	-190	56	153617744	-8	2	-4	3	0	0	1	90	-42	-99	14	91	-42
5	-190	56	153619756	-10	3	-6	4	-1	0	1	89	-42	-99	14	91	-42
5	-190	56	153621740	-13	3	-7	4	0	0	1	89	-42	-99	14	91	-42
5	-190	56	153623752	-12	4	-7	3	-1	0	1	88	-42	-99	14	91	-42
5	-190	56	153625760	-12	3	-7	4	-1	0	1	87	-42	-99	14	91	-42
5	-190	56	153627760	-13	2	-8	2	0	1	0	87	-41	-99	14	91	-42
5	-190	56	153629760	-13	2	-7	3	-1	0	0	86	-41	-99	14	91	-42
5	-190	56	153631752	-12	1	-7	1	-1	0	0	85	-41	-99	14	91	-42
5	-190	56	153633736	-13	0	-10	2	0	0	0	85	-41	-99	14	91	-42
5	-190	56	153635748	-14	1	-8	2	-1	0	0	84	-41	-99	14	91	-42
5	-190	56	153637744	-14	2	-10	1	-1	0	0	83	-41	-99	14	91	-42
5	-190	56	153639744	-14	1	-10	3	-1	0	0	82	-41	-99	14	91	-42
5	-190	56	153641744	-16	3	-10	3	-1	0	0	81	-41	-99	14	91	-42
5	-190	56	153643760	-18	4	-11	6	-1	1	0	80	-40	-99	14	91	-42
5	-190	56	153645748	-19	5	-10	5	-1	0	0	79	-40	-99	14	91	-42
5	-190	56	153647756	-22	7	-12	9	-1	1	0	78	-39	-99	14	91	-42
5	-190	56	153649744	-25	8	-11	9	-1	0	0	77	-39	-99	14	91	-42
5	-190	56	153651760	-28	10	-12	10	-2	1	0	75	-38	-99	14	91	-42
5	-190	56	153653760	-31	11	-16	15	-1	1	0	74	-37	-99	14	91	-42
5	-190	56	153655752	-36	12	-16	13	-2	1	0	72	-36	-99	14	91	-42
5	-190	56	153657748	-38	13	-20	15	-2	0	0	70	-36	-99	14	91	-42
5	-190	56	153659756	-40	13	-19	14	-2	1	0	68	-35	-99	14	91	-42
5	-190	56	153661756	-45	14	-19	14	-3	1	0	65	-34	-99	14	91	-42
5	-190	56	153663752	-45	13	-24	15	-2	1	0	63	-33	-99	14	91	-42
5	-190	56	153665748	-48	12	-20	13	-3	1	0	60	-32	-99	14	91	-42
5	-190	56	153667756	-50	13	-25	14	-2	1	0	58	-31	-99	14	91	-42
5	-190	56	153669752	-52	13	-22	13	-3	1	0	55	-30	-99	14	91	-42
5	-190	56	153671748	-56	12	-26	15	-3	1	0	52	-29	-99	14	91	-42
5	-190	56	153673748	-56	13	-24	13	-3	1	0	49	-28	-99	14	91	-42
5	-190	56	153675740	-60	13	-23	13	-3	0	0	46	-28	-99	14	91	-42
5	-190	56	153677748	-62	13	-28	15	-3	1	0	43	-27	-99	14	91	-42
5	-190	56	153679744	-64	12	-24	14	-3	1	0	40	-26	-99	14	91	-42
5	-190	56	153681752	-75	16	-29	16	-4	1	0	36	-25	-99	14	91	-42
5	-190	56	153683752	-67	14	-26	15	-3	1	0	33	-24	-99	14	91	-42
5	-190	56	153685760	-69	14	-27	14	-4	1	0	29	-23	-99	14	91	-42
5	-190	56	153687760	-70	13	-31	17	-4	1	0	25	-22	-99	14	91	-42
5	-190	56	153689756	-70	13	-28	14	-3	1	0	22	-21	-99	14	91	-42
5	-190	56	153691756	-71	13	-31	17	-4	1	0	18	-20	-99	14	91	-42
5	-190	56	153693756	-74	14	-29	15	-3	1	0	15	-19	-99	14	91	-42
5	-190	56	153695748	-74	15	-30	15	-4	1	0	11	-18	-99	14	91	-42
5	-190	56	153697760	-75	15	-33	19	-4	1	0	7	-17	-99	14	91	-42
5	-190	56	153699760	-76	15	-30	17	-4	1	0	3	-16	-99	14	91	-42
5	-190	56	153701748	-75	17	-36	20	-4	2	0	-1	-14	-99	14	91	-42
5	-190	56	153703744	-74	19	-32	19	-4	1	0	-5	-13	-99	14	91	-42
5	-190	56	153705752	-74	19	-35	22	-4	1	0	-9	-12	-99	14	91	-42
5	-190	56	153707760	-72	20	-33	20	-3	1	0	-12	-11	-99	14	91	-42
5	-190	56	153709756	-69	19	-33	20	-4	2	0	-16	-9	-99	14	91	-42
5	-190	56	153711752	-68	21	-36	23	-4	1	0	-20	-8	-99	14	91	-42
5	-190	56	153713752	-64	20	-30	20	-3	2	0	-23	-6	-99	14	91	-42
5	-190	56	153715756	-62	19	-33	23	-3	1	0	-26	-5	-99	14	91	-42
5	-190	56	153717752	-67	22	-28	18	-4	1	0	-30	-4	-99	14	91	-42
5	-190	56	153719748	-55	19	-27	20	-3	2	0	-33	-2	-99	14	91	-42
5	-190	56	153721752	-52	17	-30	21	-3	1	0	-36	-1	-99	14	91	-42
5	-190	56	153723756	-49	18	-24	18	-2	1	0	-38	0	-99	14	91	-42
5	-190	56	153725752	-46	17	-26	18	-3	1	0	-41	1	-99	14	91	-42
5	-190	56	153727760	-44	16	-24	16	-2	1	0	-43	2	-99	14	91	-42
5	-190	56	153729760	-41	15	-26	17	-3	1	0	-46	3	-99	14	91	-42
5	-190	56	153731756	-40	15	-23	13	-2	1	0	-48	4	-99	14	91	-42
5	-190	56	153733752	-39	13	-23	13	-2	1	0	-50	5	-99	14	91	-42
5	-190	56	153735748	-36	12	-25	14	-2	1	0	-52	6	-99	14	91	-42
5	-190	56	153737760	-37	11	-22	10	-2	1	0	-54	7	-99	14	91	-42
5	-190	56	153739752	-35	10	-24	11	-2	0	0	-56	7	-99	14	91	-42
5	-190	56	153741756	-35	8	-20	9	-2	1	0	-58	8	-99	14	91	-42
5	-190	56	153743740	-35	7	-20	7	-2	0	0	-60	8	-99	14	91	-42
5	-190	56	153745752	-34	7	-22	8	-2	1	0	-62	9	-99	14	91	-42
5	-190	56	153747740	-33	6	-19	6	-2	0	0	-64	9	-99	14	91	-42
5	-190	56	153749752	-34	5	-21	7	-2	1	0	-66	10	-99	14	91	-42
5	-190	56	153751740	-32	4	-20	4	-1	0	0	-67	10	-99	14	91	-42
5	-190	56	153753740	-32	4	-19	4	-2	0	0	-69	10	-99	14	91	-42
5	-190	56	153755756	-35	4	-21	5	-2	1	0	-71	11	-99	14	91	-42
5	-190	56	153757744	-31	2	-18	3	-2	0	0	-73	11	-99	14	91	-42
5	-190	56	153759744	-30	2	-21	2	-2	0	0	-75	11	-99	14	91	-42
5	-190	56	153761748	-29	1	-19	2	-1	0	0	-76	11	-99	14	91	-42
5	-190	56	153763740	-27	1	-20	1	-2	0	0	-78	11	-99	14	91	-42
5	-190	56	153765740	-28	1	-19	2	-2	0	0	-80	11	-99	14	91	-42
5	-190	56	153767744	-25	1	-17	1	-1	0	0	-81	11	-99	14	91	-42
5	-190	56	153769744	-24	1	-20	0	-2	0	0	-83	11	-99	14	91	-42
5	-190	56	153771756	-25	0	-16	1	-1	0	0	-84	11	-99	14	91	-42
5	-190	56	153773748	-21	0	-18	0	-1	0	0	-85	11	-99	14	91	-42
5	-190	56	153775752	-22	0	-15	0	-2	0	0	-87	11	-99	14	91	-42
5	-190	56	153777760	-19	0	-14	0	-1	0	0	-88	11	-99	14	91	-42
5	-190	56	153779768	-16	0	-16	1	-1	0	0	-89	11	-99	14	91	-42
5	-190	56	153781760	-15	0	-12	0	-1	0	0	-90	11	-99	14	91	-42
5	-190	56	153783764	-14	0	-13	0	-1	0	0	-91	11	-99	14	91	-42
5	-190	56	153785756	-11	0	-10	0	0	0	0	-91	11	-99	14	91	-42
5	-190	56	153787768	-8	-1	-9	1	-1	0	0	-92	11	-99	14	91	-42
5	-190	56	153789756	-7	0	-7	0	0	0	0	-92	11	-99	14	91	-42
5	-190	56	153791764	-4	0	-6	0	-1	0	0	-93	11	-99	14	91	-42
5	-190	56	153793752	-1	0	-3	0	0	0	0	-93	11	-99	14	91	-42
5	-190	56	153795748	-1	0	-3	0	0	0	0	-93	11	-99	14	91	-42
5	-190	56	153797748	-1	0	-1	0	0	0	0	-93	11	-99	14	91	-42
5	-190	56	153807736	-1	0	0	0	0	0	0	-93	11	-99	14	91	-42
5	-190	56	153809732	-1	0	0	0	0	0	0	-93	11	-99	14	91	-42
5	-190	56	153813756	-1	-1	0	0	0	0	0	-93	11	-99	14	91	-42
5	-190	56	153821752	0	-1	1	-1	0	0	0	-93	11	-99	14	91	-42
5	-190	56	153823736	0	0	1	0	0	0	0	-93	11	-99	14	91	-42
5	-190	56	153825732	0	0	0	-1	0	0	0	-93	11	-99	14	91	-42
5	-190	56	153827736	0	0	2	0	0	0	0	-93	11	-99	14	91	-42
5	-190	56	153829736	0	0	1	0	0	0	0	-93	11	-99	14	91	-42
5	-190	56	153831740	-1	0	2	0	0	0	0	-93	11	-99	14	91	-42
5	-190	56	153833728	0	0	1	0	0	0	0	-93	11	-99	14	91	-42
5	-190	56	153835740	0	0	1	-1	0	0	0	-93	11	-99	14	91	-42
5	-190	56	153837744	-1	-1	2	-1	0	0	0	-93	11	-99	14	91	-42
5	-190	56	153839740	-1	-1	1	-1	0	0	0	-93	11	-99	14	91	-42
5	-190	56	153841740	0	0	1	-1	0	0	0	-93	11	-99	14	91	-42
5	-190	56	153843756	-1	-1	2	0	0	0	0	-93	11	-99	14	91	-42
5	-190	56	153845756	-1	0	1	-1	0	0	0	-93	11	-99	14	91	-42
5	-190	56	153847752	0	-1	2	0	0	0	0	-93	11	-99	14	91	-42
5	-190	56	153849760	-1	0	2	-1	0	0	0	-93	11	-99	14	91	-42
5	-190	56	153851748	0	-1	2	0	0	0	1	-93	11	-99	14	91	-42
6	-190	56	153853744	-1	0	1	0	0	0	1	-99	14	-99	14	91	-42
6	-190	56	153855764	-1	0	2	-1	0	0	1	-99	14	-99	14	91	-42
6	-190	56	153857756	-1	0	2	0	0	0	1	-99	14	-99	14	91	-42
6	-190	56	153859748	0	0	1	0	0	0	1	-99	14	-99	14	91	-42
6	-190	56	153861760	-1	0	1	0	0	0	1	-99	14	-99	14	91	-42
6	198	0	153863756	0	-1	1	0	0	0	1	-99	14	99	14	-99	14
6	198	0	153865740	0	0	2	0	0	0	1	-99	14	99	14	-99	14
6	198	0	153867748	-1	0	1	0	0	0	1	-99	14	99	14	-99	14
6	198	0	153869736	0	0	1	0	0	0	1	-99	14	99	14	-99	14
6	198	0	153871732	0	0	1	0	0	0	1	-99	14	99	14	-99	14
6	198	0	153873736	0	0	1	0	0	0	1	-99	14	99	14	-99	14
6	198	0	153875732	-1	0	0	0	0	0	1	-99	14	99	14	-99	14
6	198	0	153877728	0	0	1	0	0	0	1	-99	14	99	14	-99	14
6	198	0	153881740	0	0	1	0	0	0	1	-99	14	99	14	-99	14
6	198	0	153883736	0	0	1	0	0	0	1	-99	14	99	14	-99	14
6	198	0	153885740	0	0	1	0	0	0	1	-99	14	99	14	-99	14
6	198	0	153887740	0	0	1	0	0	0	1	-99	14	99	14	-99	14
6	198	0	153889744	0	0	1	0	0	0	1	-99	14	99	14	-99	14
6	198	0	153891740	0	0	2	0	0	0	1	-99	14	99	14	-99	14
6	198	0	153893744	0	0	1	0	0	0	1	-99	14	99	14	-99	14
6	198	0	153895760	0	0	1	-1	0	0	1	-99	14	99	14	-99	14
6	198	0	153897748	0	0	2	0	0	0	1	-99	14	99	14	-99	14
6	198	0	153899756	0	-1	1	0	0	0	1	-99	14	99	14	-99	14
6	198	0	153901744	0	0	2	0	0	0	1	-99	14	99	14	-99	14
6	198	0	153903748	0	-1	1	0	0	0	1	-99	14	99	14	-99	14
6	198	0	153905752	1	-1	2	-1	0	0	1	-99	14	99	14	-99	14
6	198	0	153907756	1	0	1	-1	0	0	1	-99	14	99	14	-99	14
6	198	0	153909752	0	-1	3	0	0	0	1	-99	14	99	14	-99	14
6	198	0	153911752	2	-1	3	-1	0	0	1	-99	14	99	14	-99	14
6	198	0	153913756	2	-1	3	-1	0	0	1	-99	14	99	14	-99	14
6	198	0	153915768	3	-2	3	-2	1	0	1	-98	14	99	14	-99	14
6	198	0	153917752	5	-1	4	-2	0	0	1	-98	14	99	14	-99	14
6	198	0	153919748	5	-3	5	-3	0	0	1	-98	14	99	14	-99	14
6	198	0	153921768	8	-3	4	-3	1	0	1	-97	14	99	14	-99	14
6	198	0	153923756	9	-3	4	-2	0	0	1	-97	14	99	14	-99	14
6	198	0	153925780	11	-3	5	-3	1	-1	1	-96	13	99	14	-99	14
6	198	0	153927752	11	-3	5	-4	0	0	1	-96	13	99	14	-99	14
6	198	0	153929760	13	-3	5	-4	1	0	1	-95	13	99	14	-99	14
6	198	0	153931764	15	-2	6	-2	1	0	1	-94	13	99	14	-99	14
6	198	0	153933756	16	-2	7	-2	0	0	1	-94	13	99	14	-99	14
6	198	0	153935768	18	-2	7	-2	1	0	1	-93	13	99	14	-99	14
6	198	0	153937780	18	-1	8	-1	1	-1	1	-92	12	99	14	-99	14
6	198	0	153939760	21	-1	9	-2	1	0	0	-91	12	99	14	-99	14
6	198	0	153941772	24	-1	9	-1	2	0	0	-89	12	99	14	-99	14
6	198	0	153943772	24	-1	12	-1	1	0	0	-88	12	99	14	-99	14
6	198	0	153945776	23	0	12	-1	1	0	0	-87	12	99	14	-99	14
6	198	0	153947764	27	0	14	0	2	0	0	-85	12	99	14	-99	14
6	198	0	153949760	27	0	14	0	1	0	0	-84	12	99	14	-99	14
6	198	0	153951764	28	2	15	0	2	0	0	-82	12	99	14	-99	14
6	198	0	153953756	30	3	18	2	1	0	0	-81	12	99	14	-99	14
6	198	0	153955756	33	3	17	2	2	0	0	-79	12	99	14	-99	14
6	198	0	153957744	33	4	20	4	2	0	0	-77	12	99	14	-99	14
6	198	0	153959748	37	3	19	2	2	0	0	-75	12	99	14	-99	14
6	198	0	153961752	38	6	21	5	2	0	0	-73	12	99	14	-99	14
6	198	0	153963760	42	6	24	5	2	1	0	-71	13	99	14	-99	14
6	198	0	153965752	43	5	24	4	3	0	0	-68	13	99	14	-99	14
6	198	0	153967768	47	7	30	7	2	1	0	-66	14	99	14	-99	14
6	198	0	153969760	48	6	27	6	3	0	0	-63	14	99	14	-99	14
6	198	0	153971756	53	7	33	5	3	0	0	-60	14	99	14	-99	14
6	198	0	153973772	54	6	31	5	3	1	0	-57	15	99	14	-99	14
6	198	0	153975760	58	6	31	5	3	0	0	-54	15	99	14	-99	14
6	198	0	153977760	60	6	37	4	3	0	0	-51	15	99	14	-99	14
6	198	0	153979772	70	5	33	3	4	1	0	-47	16	99	14	-99	14
6	198	0	153981752	64	4	37	3	4	0	0	-43	16	99	14	-99	14
6	198	0	153983756	64	4	34	2	3	0	0	-40	16	99	14	-99	14
6	198	0	153985764	66	3	39	2	4	0	0	-36	16	99	14	-99	14
6	198	0	153987760	66	1	35	1	3	0	0	-33	16	99	14	-99	14
6	198	0	153989768	67	1	34	1	4	0	0	-29	16	99	14	-99	14
6	198	0	153991764	67	0	39	0	4	0	0	-25	16	99	14	-99	14
6	198	0	153993760	66	0	34	0	3	0	0	-22	16	99	14	-99	14
6	198	0	153995772	67	0	39	-1	4	0	0	-18	16	99	14	-99	14
6	198	0	153997772	66	0	36	-2	4	0	0	-14	16	99	14	-99	14
6	198	0	153999776	68	0	36	-2	3	0	0	-11	16	99	14	-99	14
6	198	0	154001768	69	0	42	-2	4	0	0	-7	16	99	14	-99	14
6	198	0	154003776	70	0	38	-2	4	0	0	-3	16	99	14	-99	14
6	198	0	154005772	71	0	43	-3	4	0	0	1	16	99	14	-99	14
6	198	0	154007772	70	-2	38	-2	4	0	0	5	16	99	14	-99	14
6	198	0	154009776	68	-1	41	-2	4	0	0	9	16	99	14	-99	14
6	198	0	154011772	69	-1	36	-3	3	0	0	12	16	99	14	-99	14
6	198	0	154013772	74	-2	35	-3	4	0	0	16	16	99	14	-99	14
6	198	0	154015776	64	-2	39	-3	4	0	0	20	16	99	14	-99	14
6	198	0	154017776	62	-3	32	-3	3	0	0	23	16	99	14	-99	14
6	198	0	154019772	59	-2	36	-2	3	0	0	26	16	99	14	-99	14
6	198	0	154021776	55	-2	30	-4	3	0	0	29	16	99	14	-99	14
6	198	0	154023776	52	-4	28	-3	3	0	0	32	16	99	14	-99	14
6	198	0	154025788	48	-4	30	-5	3	-1	0	35	15	99	14	-99	14
6	198	0	154027780	45	-4	24	-3	2	0	0	37	15	99	14	-99	14
6	198	0	154029784	42	-3	26	-6	3	0	0	40	15	99	14	-99	14
6	198	0	154031800	39	-4	21	-5	2	-1	0	42	14	99	14	-99	14
6	198	0	154033784	35	-4	22	-5	2	0	0	44	14	99	14	-99	14
6	198	0	154035784	31	-5	18	-6	2	0	0	46	14	99	14	-99	14
6	198	0	154037800	28	-5	16	-5	1	-1	0	47	13	99	14	-99	14
6	198	0	154039788	24	-5	17	-6	2	0	0	49	13	99	14	-99	14
6	198	0	154041784	21	-6	13	-6	1	0	0	50	13	99	14	-99	14
6	198	0	154043800	18	-4	14	-6	1	-1	0	51	12	99	14	-99	14
6	198	0	154045780	15	-6	10	-6	1	0	0	52	12	99	14	-99	14
6	198	0	154047784	14	-6	9	-5	1	0	0	53	12	99	14	-99	14
6	198	0	154049788	14	-5	11	-5	0	-1	0	53	11	99	14	-99	14
6	198	0	154051780	9	-6	8	-5	1	0	0	54	11	99	14	-99	14
6	198	0	154053788	8	-5	10	-7	1	-1	0	55	10	99	14	-99	14
6	198	0	154055768	8	-6	6	-4	0	0	0	55	10	99	14	-99	14
6	198	0	154057772	6	-5	7	-6	0	0	0	55	10	99	14	-99	14
6	198	0	154059796	6	-5	7	-6	1	-1	0	56	9	99	14	-99	14
6	198	0	154061772	5	-5	7	-4	0	0	0	56	9	99	14	-99	14
6	198	0	154063792	4	-6	7	-7	1	0	0	57	9	99	14	-99	14
6	198	0	154065788	2	-4	6	-4	0	-1	0	57	8	99	14	-99	14
6	198	0	154067768	3	-6	6	-5	0	0	0	57	8	99	14	-99	14
6	198	0	154069776	3	-6	7	-5	0	0	0	57	8	99	14	-99	14
6	198	0	154071808	2	-4	7	-5	1	-1	0	58	7	99	14	-99	14
6	198	0	154073772	3	-6	7	-5	0	0	0	58	7	99	14	-99	14
6	198	0	154075772	2	-5	7	-6	0	0	0	58	7	99	14	-99	14
6	198	0	154077796	2	-4	8	-5	1	-1	0	59	6	99	14	-99	14
6	198	0	154079764	2	-6	8	-5	0	0	0	59	6	99	14	-99	14
6	198	0	154081772	3	-6	8	-5	0	0	0	59	6	99	14	-99	14
6	198	0	154083796	3	-4	8	-6	1	-1	0	60	5	99	14	-99	14
6	198	0	154085764	4	-6	10	-5	0	0	0	60	5	99	14	-99	14
6	198	0	154087780	3	-6	9	-6	0	-1	0	60	4	99	14	-99	14
6	198	0	154089780	4	-7	9	-4	1	0	0	61	4	99	14	-99	14
6	198	0	154091768	4	-6	10	-6	0	0	0	61	4	99	14	-99	14
6	198	0	154093796	4	-6	9	-6	1	-1	0	62	3	99	14	-99	14
6	198	0	154095760	3	-6	11	-5	0	0	0	62	3	99	14	-99	14
6	198	0	154097760	5	-6	10	-6	0	0	0	62	3	99	14	-99	14
6	198	0	154099792	6	-6	9	-5	1	-1	0	63	2	99	14	-99	14
6	198	0	154101768	5	-5	12	-5	0	0	0	63	2	99	14	-99	14
6	198	0	154103792	7	-5	9	-6	1	-1	0	64	1	99	14	-99	14
6	198	0	154105768	6	-5	9	-4	0	0	0	64	1	99	14	-99	14
6	198	0	154107780	8	-5	12	-5	1	0	0	65	1	99	14	-99	14
6	198	0	154109784	7	-3	9	-5	1	0	0	66	1	99	14	-99	14
6	198	0	154111780	9	-4	11	-4	0	-1	0	66	0	99	14	-99	14
6	198	0	154113784	8	-4	10	-2	1	0	0	67	0	99	14	-99	14
6	198	0	154115776	9	-3	10	-4	0	0	0	67	0	99	14	-99	14
6	198	0	154117784	9	-3	10	-3	1	0	0	68	0	99	14	-99	14
6	198	0	154119792	10	-2	10	-3	1	-1	0	69	-1	99	14	-99	14
6	198	0	154121768	11	-3	11	-3	0	0	0	69	-1	99	14	-99	14
6	198	0	154123776	11	-2	10	-2	1	0	0	70	-1	99	14	-99	14
6	198	0	154125768	11	-2	10	-2	1	0	0	71	-1	99	14	-99	14
6	198	0	154127772	12	-2	13	-3	1	0	0	72	-1	99	14	-99	14
6	198	0	154129764	13	-2	11	-1	1	0	0	73	-1	99	14	-99	14
6	198	0	154131752	13	-1	12	-2	0	0	0	73	-1	99	14	-99	14
6	198	0	154133748	12	0	10	0	1	0	0	74	-1	99	14	-99	14
6	198	0	154135756	13	-1	12	0	1	0	0	75	-1	99	14	-99	14
6	198	0	154137756	13	0	12	-1	1	0	0	76	-1	99	14	-99	14
6	198	0	154139744	13	0	11	0	1	0	0	77	-1	99	14	-99	14
6	198	0	154141728	13	0	11	0	0	0	0	77	-1	99	14	-99	14
6	198	0	154143744	14	0	11	0	1	0	0	78	-1	99	14	-99	14
6	198	0	154145752	14	1	10	0	1	0	0	79	-1	99	14	-99	14
6	198	0	154147748	13	2	11	1	1	0	0	80	-1	99	14	-99	14
6	198	0	154149752	13	1	10	2	1	0	0	81	-1	99	14	-99	14
6	198	0	154151748	13	3	11	2	1	0	0	82	-1	99	14	-99	14
6	198	0	154153744	12	2	9	2	0	0	0	82	-1	99	14	-99	14
6	198	0	154155760	13	3	11	3	1	0	0	83	-1	99	14	-99	14
6	198	0	154157760	13	3	10	1	1	0	0	84	-1	99	14	-99	14
6	198	0	154159760	14	2	10	3	1	0	0	85	-1	99	14	-99	14
6	198	0	154161752	13	4	11	4	0	0	0	85	-1	99	14	-99	14
6	198	0	154163764	13	4	11	4	1	0	0	86	-1	99	14	-99	14
6	198	0	154165764	15	5	12	4	1	0	0	87	-1	99	14	-99	14
6	198	0	154167776	14	5	11	4	1	1	0	88	0	99	14	-99	14
6	198	0	154169768	13	5	14	6	1	0	0	89	0	99	14	-99	14
6	198	0	154171768	13	5	12	4	1	0	0	90	0	99	14	-99	14
6	198	0	154173784	13	5	13	6	1	1	0	91	1	99	14	-99	14
6	198	0	154175776	12	5	15	6	1	0	0	92	1	99	14	-99	14
6	198	0	154177772	14	5	14	4	0	0	0	92	1	99	14	-99	14
6	198	0	154179792	11	5	16	6	1	1	0	93	2	99	14	-99	14
6	198	0	154181780	12	6	15	5	1	0	0	94	2	99	14	-99	14
6	198	0	154183796	11	5	15	5	1	1	0	95	3	99	14	-99	14
6	198	0	154185788	11	6	16	6	1	0	0	96	3	99	14	-99	14
6	198	0	154187784	11	5	14	5	1	0	0	97	3	99	14	-99	14
6	198	0	154189804	10	5	16	5	1	1	0	98	4	99	14	-99	14
6	198	0	154191772	9	5	14	5	0	0	0	98	4	99	14	-99	14
6	198	0	154193780	10	5	14	5	1	0	0	99	4	99	14	-99	14
6	198	0	154195792	7	4	13	4	1	1	0	100	5	99	14	-99	14
6	198	0	154197776	7	4	12	3	0	0	0	100	5	99	14	-99	14
6	198	0	154199796	6	3	13	4	1	0	0	101	5	99	14	-99	14
6	198	0	154201784	4	3	11	2	0	0	0	101	5	99	14	-99	14
6	198	0	154203792	2	2	12	2	1	0	0	102	5	99	14	-99	14
6	198	0	154205784	1	2	9	2	0	0	0	102	5	99	14	-99	14
6	198	0	154207784	1	0	8	1	0	0	0	102	5	99	14	-99	14
6	198	0	154209800	0	1	9	2	1	1	0	103	6	99	14	-99	14
6	198	0	154211772	0	1	5	1	0	0	0	103	6	99	14	-99	14
6	198	0	154213764	0	1	6	1	0	0	0	103	6	99	14	-99	14
6	198	0	154215764	-1	0	5	0	0	0	0	103	6	99	14	-99	14
6	198	0	154217764	-1	1	3	1	0	0	0	103	6	99	14	-99	14
6	198	0	154219756	-1	0	2	0	0	0	0	103	6	99	14	-99	14
6	198	0	154221760	-1	1	2	0	0	0	0	103	6	99	14	-99	14
6	198	0	154223748	-1	0	1	0	0	0	0	103	6	99	14	-99	14
6	198	0	154225756	-1	1	1	1	0	0	0	103	6	99	14	-99	14
6	198	0	154227748	-1	0	1	0	0	0	0	103	6	99	14	-99	14
6	198	0	154229736	-1	0	0	0	0	0	0	103	6	99	14	-99	14
6	198	0	154231748	0	0	1	1	0	0	0	103	6	99	14	-99	14
6	198	0	154233740	-1	0	0	0	0	0	0	103	6	99	14	-99	14
6	198	0	154235744	-2	0	1	0	0	0	1	103	6	99	14	-99	14
7	198	0	154237732	-1	0	0	0	0	0	1	99	14	99	14	-99	14
7	198	0	154239764	-2	1	1	0	0	0	1	99	14	99	14	-99	14
7	198	0	154241768	-2	0	1	1	0	0	1	99	14	99	14	-99	14
7	198	0	154243756	-1	1	0	1	0	0	1	99	14	99	14	-99	14
7	198	0	154245752	-2	0	0	0	0	0	1	99	14	99	14	-99	14
7	-190	-56	154247768	-1	1	1	0	0	0	1	99	14	-91	-42	99	14
7	-190	-56	154249752	-1	0	0	0	0	0	1	99	14	-91	-42	99	14
7	-190	-56	154253748	-1	0	0	0	0	0	1	99	14	-91	-42	99	14
7	-190	-56	154255740	-1	0	0	0	0	0	1	99	14	-91	-42	99	14
7	-190	-56	154257736	0	1	0	1	0	0	1	99	14	-91	-42	99	14
7	-190	-56	154259732	0	0	1	0	0	0	1	99	14	-91	-42	99	14
7	-190	-56	154261732	-1	0	0	0	0	0	1	99	14	-91	-42	99	14
7	-190	-56	154267736	-1	0	0	0	0	0	1	99	14	-91	-42	99	14
7	-190	-56	154285736	0	0	-2	0	0	0	1	99	14	-91	-42	99	14
7	-190	-56	154287748	-1	1	-3	1	0	0	1	99	14	-91	-42	99	14
7	-190	-56	154289744	-1	1	-3	0	0	0	1	99	14	-91	-42	99	14
7	-190	-56	154291744	-2	1	-4	1	0	0	1	99	14	-91	-42	99	14
7	-190	-56	154293744	-3	1	-3	1	0	0	1	99	14	-91	-42	99	14
7	-190	-56	154295756	-3	1	-6	1	-1	0	1	98	14	-91	-42	99	14
7	-190	-56	154297728	-4	0	-7	1	0	0	1	98	14	-91	-42	99	14
7	-190	-56	154299736	-5	1	-7	1	0	1	1	98	15	-91	-42	99	14
7	-190	-56	154301732	-6	0	-9	1	-1	0	1	97	15	-91	-42	99	14
7	-190	-56	154303720	-6	1	-10	0	0	0	1	97	15	-91	-42	99	14
7	-190	-56	154305740	-7	0	-11	1	-1	0	1	96	15	-91	-42	99	14
7	-190	-56	154307716	-7	0	-10	0	0	0	1	96	15	-91	-42	99	14
7	-190	-56	154309728	-9	0	-13	0	-1	0	1	95	15	-91	-42	99	14
7	-190	-56	154311736	-9	-1	-14	-2	-1	0	1	94	15	-91	-42	99	14
7	-190	-56	154313744	-12	-2	-13	-2	-1	0	1	93	15	-91	-42	99	14
7	-190	-56	154315748	-14	-3	-16	-1	-1	0	1	92	15	-91	-42	99	14
7	-190	-56	154317752	-19	-2	-15	-2	-1	0	1	91	15	-91	-42	99	14
7	-190	-56	154319752	-20	-3	-16	-3	-1	0	1	90	15	-91	-42	99	14
7	-190	-56	154321752	-20	-3	-19	-2	-1	0	0	89	15	-91	-42	99	14
7	-190	-56	154323756	-23	-3	-18	-4	-2	0	0	87	15	-91	-42	99	14
7	-190	-56	154325768	-24	-3	-21	-3	-1	-1	0	86	14	-91	-42	99	14
7	-190	-56	154327756	-28	-5	-19	-4	-2	0	0	84	14	-91	-42	99	14
7	-190	-56	154329748	-29	-5	-23	-4	-2	0	0	82	14	-91	-42	99	14
7	-190	-56	154331768	-31	-5	-21	-4	-2	-1	0	80	13	-91	-42	99	14
7	-190	-56	154333752	-33	-5	-22	-3	-1	0	0	79	13	-91	-42	99	14
7	-190	-56	154335752	-35	-6	-25	-5	-2	0	0	77	13	-91	-42	99	14
7	-190	-56	154337752	-37	-4	-25	-4	-3	0	0	74	13	-91	-42	99	14
7	-190	-56	154339764	-39	-5	-26	-4	-2	-1	0	72	12	-91	-42	99	14
7	-190	-56	154341744	-40	-5	-24	-3	-2	0	0	70	12	-91	-42	99	14
7	-190	-56	154343744	-42	-3	-25	-3	-2	0	0	68	12	-91	-42	99	14
7	-190	-56	154345740	-44	-3	-27	-3	-3	0	0	65	12	-91	-42	99	14
7	-190	-56	154347756	-45	-3	-24	-2	-2	-1	0	63	11	-91	-42	99	14
7	-190	-56	154349740	-46	-2	-28	-2	-3	0	0	60	11	-91	-42	99	14
7	-190	-56	154351744	-48	-2	-26	-2	-3	0	0	57	11	-91	-42	99	14
7	-190	-56	154353744	-49	-2	-24	-1	-2	0	0	55	11	-91	-42	99	14
7	-190	-56	154355744	-56	-2	-28	-1	-3	0	0	52	11	-91	-42	99	14
7	-190	-56	154357744	-50	-4	-26	-2	-3	0	0	49	11	-91	-42	99	14
7	-190	-56	154359744	-51	-3	-29	-3	-3	0	0	46	11	-91	-42	99	14
7	-190	-56	154361756	-53	-3	-25	-2	-2	-1	0	44	10	-91	-42	99	14
7	-190	-56	154363740	-54	-4	-29	-3	-3	0	0	41	10	-91	-42	99	14
7	-190	-56	154365740	-56	-2	-27	-3	-3	0	0	38	10	-91	-42	99	14
7	-190	-56	154367740	-56	-5	-27	-3	-3	0	0	35	10	-91	-42	99	14
7	-190	-56	154369756	-57	-6	-32	-4	-3	-1	0	32	9	-91	-42	99	14
7	-190	-56	154371744	-57	-5	-29	-4	-4	0	0	28	9	-91	-42	99	14
7	-190	-56	154373744	-57	-6	-33	-6	-3	0	0	25	9	-91	-42	99	14
7	-190	-56	154375760	-59	-7	-30	-4	-3	-1	0	22	8	-91	-42	99	14
7	-190	-56	154377736	-58	-6	-29	-5	-3	0	0	19	8	-91	-42	99	14
7	-190	-56	154379748	-58	-8	-33	-6	-3	-1	0	16	7	-91	-42	99	14
7	-190	-56	154381744	-59	-6	-30	-6	-3	0	0	13	7	-91	-42	99	14
7	-190	-56	154383736	-58	-9	-32	-7	-3	0	0	10	7	-91	-42	99	14
7	-190	-56	154385748	-57	-8	-29	-6	-4	-1	0	6	6	-91	-42	99	14
7	-190	-56	154387748	-56	-10	-29	-8	-3	-1	0	3	5	-91	-42	99	14
7	-190	-56	154389736	-55	-10	-32	-8	-3	0	0	0	5	-91	-42	99	14
7	-190	-56	154391756	-52	-10	-29	-9	-2	-1	0	-2	4	-91	-42	99	14
7	-190	-56	154393740	-58	-11	-32	-9	-4	0	0	-6	4	-91	-42	99	14
7	-190	-56	154395756	-51	-11	-29	-9	-2	-1	0	-8	3	-91	-42	99	14
7	-190	-56	154397756	-50	-11	-33	-11	-3	-1	0	-11	2	-91	-42	99	14
7	-190	-56	154399748	-47	-10	-27	-10	-3	-1	0	-14	1	-91	-42	99	14
7	-190	-56	154401740	-46	-11	-26	-9	-2	0	0	-16	1	-91	-42	99	14
7	-190	-56	154403756	-42	-12	-28	-12	-3	-1	0	-19	0	-91	-42	99	14
7	-190	-56	154405752	-40	-10	-24	-9	-2	-1	0	-21	-1	-91	-42	99	14
7	-190	-56	154407744	-38	-11	-25	-10	-2	0	0	-23	-1	-91	-42	99	14
7	-190	-56	154409764	-34	-10	-21	-10	-2	-1	0	-25	-2	-91	-42	99	14
7	-190	-56	154411760	-32	-10	-19	-8	-2	-1	0	-27	-3	-91	-42	99	14
7	-190	-56	154413748	-28	-9	-21	-10	-2	0	0	-29	-3	-91	-42	99	14
7	-190	-56	154415756	-27	-10	-18	-9	-1	-1	0	-30	-4	-91	-42	99	14
7	-190	-56	154417744	-23	-10	-18	-9	-2	0	0	-32	-4	-91	-42	99	14
7	-190	-56	154419752	-22	-8	-15	-9	-1	-1	0	-33	-5	-91	-42	99	14
7	-190	-56	154421748	-19	-10	-15	-8	-1	-1	0	-34	-6	-91	-42	99	14
7	-190	-56	154423736	-18	-9	-17	-9	-1	0	0	-35	-6	-91	-42	99	14
7	-190	-56	154425756	-17	-9	-13	-8	-1	-1	0	-36	-7	-91	-42	99	14
7	-190	-56	154427732	-15	-9	-16	-9	-1	0	0	-37	-7	-91	-42	99	14
7	-190	-56	154429740	-15	-9	-14	-9	-1	-1	0	-38	-8	-91	-42	99	14
7	-190	-56	154431744	-15	-11	-15	-9	-1	-1	0	-39	-9	-91	-42	99	14
7	-190	-56	154433732	-13	-8	-13	-9	-1	0	0	-40	-9	-91	-42	99	14
7	-190	-56	154435744	-12	-9	-13	-9	-1	-1	0	-41	-10	-91	-42	99	14
7	-190	-56	154437728	-12	-10	-13	-9	-1	0	0	-42	-10	-91	-42	99	14
7	-190	-56	154439748	-12	-9	-11	-9	-1	-1	0	-43	-11	-91	-42	99	14
7	-190	-56	154441740	-10	-9	-12	-10	0	-1	0	-43	-12	-91	-42	99	14
7	-190	-56	154443732	-11	-9	-11	-8	-1	0	0	-44	-12	-91	-42	99	14
7	-190	-56	154445748	-11	-8	-10	-8	-1	-1	0	-45	-13	-91	-42	99	14
7	-190	-56	154447720	-11	-9	-10	-8	0	0	0	-45	-13	-91	-42	99	14
7	-190	-56	154449744	-10	-7	-10	-8	-1	-1	0	-46	-14	-91	-42	99	14
7	-190	-56	154451740	-10	-8	-10	-8	-1	0	0	-47	-14	-91	-42	99	14
7	-190	-56	154453756	-11	-7	-9	-7	0	-1	0	-47	-15	-91	-42	99	14
7	-190	-56	154455752	-9	-8	-10	-7	-1	0	0	-48	-15	-91	-42	99	14
7	-190	-56	154457772	-9	-7	-9	-7	-1	-1	0	-49	-16	-91	-42	99	14
7	-190	-56	154459740	-10	-7	-8	-6	0	0	0	-49	-16	-91	-42	99	14
7	-190	-56	154461768	-8	-6	-9	-6	-1	-1	0	-50	-17	-91	-42	99	14
7	-190	-56	154463740	-9	-5	-7	-6	0	0	0	-50	-17	-91	-42	99	14
7	-190	-56	154465756	-7	-6	-9	-5	-1	0	0	-51	-17	-91	-42	99	14
7	-190	-56	154467748	-8	-5	-6	-4	0	-1	0	-51	-18	-91	-42	99	14
7	-190	-56	154469744	-6	-5	-7	-4	-1	0	0	-52	-18	-91	-42	99	14
7	-190	-56	154471732	-7	-4	-8	-5	0	0	0	-52	-18	-91	-42	99	14
7	-190	-56	154473760	-6	-4	-6	-3	-1	-1	0	-53	-19	-91	-42	99	14
7	-190	-56	154475732	-6	-3	-8	-5	0	0	0	-53	-19	-91	-42	99	14
7	-190	-56	154477740	-7	-4	-6	-4	-1	0	0	-54	-19	-91	-42	99	14
7	-190	-56	154479736	-5	-5	-8	-4	0	0	0	-54	-19	-91	-42	99	14
7	-190	-56	154481752	-7	-5	-6	-4	0	-1	0	-54	-20	-91	-42	99	14
7	-190	-56	154483756	-6	-4	-8	-4	-1	0	0	-55	-20	-91	-42	99	14
7	-190	-56	154485744	-7	-5	-8	-5	0	0	0	-55	-20	-91	-42	99	14
7	-190	-56	154487776	-7	-5	-9	-4	-1	-1	0	-56	-21	-91	-42	99	14
7	-190	-56	154489748	-8	-4	-9	-6	0	0	0	-56	-21	-91	-42	99	14
7	-190	-56	154491756	-7	-6	-8	-5	-1	0	0	-57	-21	-91	-42	99	14
7	-190	-56	154493772	-8	-5	-9	-4	-1	-1	0	-58	-22	-91	-42	99	14
7	-190	-56	154495748	-8	-4	-9	-6	0	0	0	-58	-22	-91	-42	99	14
7	-190	-56	154497768	-9	-5	-10	-5	-1	0	0	-59	-22	-91	-42	99	14
7	-190	-56	154499764	-9	-6	-11	-4	0	-1	0	-59	-23	-91	-42	99	14
7	-190	-56	154501760	-10	-4	-9	-5	-1	0	0	-60	-23	-91	-42	99	14
7	-190	-56	154503760	-11	-5	-11	-6	-1	0	0	-61	-23	-91	-42	99	14
7	-190	-56	154505756	-9	-6	-12	-4	0	-1	0	-61	-24	-91	-42	99	14
7	-190	-56	154507752	-10	-5	-12	-6	-1	0	0	-62	-24	-91	-42	99	14
7	-190	-56	154509756	-11	-5	-13	-6	-1	0	0	-63	-24	-91	-42	99	14
7	-190	-56	154511772	-10	-6	-13	-4	-1	-1	0	-64	-25	-91	-42	99	14
7	-190	-56	154513732	-11	-6	-14	-7	0	0	0	-64	-25	-91	-42	99	14
7	-190	-56	154515748	-13	-6	-14	-5	-1	0	0	-65	-25	-91	-42	99	14
7	-190	-56	154517764	-11	-6	-14	-5	-1	-1	0	-66	-26	-91	-42	99	14
7	-190	-56	154519748	-12	-5	-16	-7	-1	0	0	-67	-26	-91	-42	99	14
7	-190	-56	154521756	-13	-6	-15	-4	-1	-1	0	-68	-27	-91	-42	99	14
7	-190	-56	154523744	-12	-6	-18	-7	-1	0	0	-69	-27	-91	-42	99	14
7	-190	-56	154525744	-13	-6	-15	-5	-1	0	0	-70	-27	-91	-42	99	14
7	-190	-56	154527760	-14	-5	-16	-3	-1	-1	0	-71	-28	-91	-42	99	14
7	-190	-56	154529744	-12	-5	-18	-6	-1	0	0	-72	-28	-91	-42	99	14
7	-190	-56	154531744	-14	-6	-16	-4	-1	0	0	-73	-28	-91	-42	99	14
7	-190	-56	154533760	-14	-4	-19	-4	-1	-1	0	-74	-29	-91	-42	99	14
7	-190	-56	154535744	-14	-5	-16	-4	-1	0	0	-75	-29	-91	-42	99	14
7	-190	-56	154537752	-14	-5	-20	-5	-1	0	0	-76	-29	-91	-42	99	14
7	-190	-56	154539756	-15	-4	-17	-4	-1	0	0	-77	-29	-91	-42	99	14
7	-190	-56	154541772	-17	-4	-17	-3	-1	-1	0	-78	-30	-91	-42	99	14
7	-190	-56	154543752	-14	-5	-20	-4	-1	0	0	-79	-30	-91	-42	99	14
7	-190	-56	154545760	-15	-5	-16	-4	-1	0	0	-80	-30	-91	-42	99	14
7	-190	-56	154547776	-14	-4	-19	-5	-1	-1	0	-81	-31	-91	-42	99	14
7	-190	-56	154549760	-14	-4	-17	-3	-1	0	0	-82	-31	-91	-42	99	14
7	-190	-56	154551760	-13	-5	-16	-4	-1	0	0	-83	-31	-91	-42	99	14
7	-190	-56	154553756	-13	-3	-18	-4	-1	0	0	-84	-31	-91	-42	99	14
7	-190	-56	154555768	-12	-3	-14	-3	-1	-1	0	-85	-32	-91	-42	99	14
7	-190	-56	154557752	-11	-4	-13	-3	-1	0	0	-86	-32	-91	-42	99	14
7	-190	-56	154559756	-8	-3	-10	-4	-1	0	0	-87	-32	-91	-42	99	14
7	-190	-56	154561748	-8	-2	-10	-3	0	0	0	-87	-32	-91	-42	99	14
7	-190	-56	154563752	-4	-2	-7	-1	0	0	0	-87	-32	-91	-42	99	14
7	-190	-56	154565764	-4	-1	-6	-1	-1	0	0	-88	-32	-91	-42	99	14
7	-190	-56	154567744	-2	0	-4	-1	0	0	0	-88	-32	-91	-42	99	14
7	-190	-56	154569740	-1	0	-2	0	0	0	0	-88	-32	-91	-42	99	14
7	-190	-56	154571740	-1	0	-1	0	0	0	0	-88	-32	-91	-42	99	14
7	-190	-56	154577732	-1	0	0	0	0	0	0	-88	-32	-91	-42	99	14
7	-190	-56	154583744	-1	0	0	0	0	0	0	-88	-32	-91	-42	99	14
7	-190	-56	154585732	0	0	0	0	0	0	1	-88	-32	-91	-42	99	14
8	-190	-56	154587744	-1	0	2	0	0	0	1	-91	-42	-91	-42	99	14
8	-190	-56	154589736	0	0	1	0	0	0	1	-91	-42	-91	-42	99	14
8	-190	-56	154591756	-1	0	4	2	0	0	1	-91	-42	-91	-42	99	14
8	-190	-56	154593756	-1	0	3	1	0	0	1	-91	-42	-91	-42	99	14
8	167	107	154595744	0	1	5	1	0	0	1	-91	-42	76	65	-91	-42
8	167	107	154597740	0	0	3	2	0	0	1	-91	-42	76	65	-91	-42
8	167	107	154599740	0	1	5	2	0	0	1	-91	-42	76	65	-91	-42
8	167	107	154601736	0	2	6	2	0	0	1	-91	-42	76	65	-91	-42
8	167	107	154603736	0	2	5	1	0	0	1	-91	-42	76	65	-91	-42
8	167	107	154605740	-1	3	7	2	0	0	1	-91	-42	76	65	-91	-42
8	167	107	154607736	0	2	6	2	0	0	1	-91	-42	76	65	-91	-42
8	167	107	154609728	0	2	6	1	0	0	1	-91	-42	76	65	-91	-42
8	167	107	154611728	0	1	7	2	0	0	1	-91	-42	76	65	-91	-42
8	167	107	154613724	0	1	5	2	0	0	1	-91	-42	76	65	-91	-42
8	167	107	154615740	0	1	6	2	1	0	1	-90	-42	76	65	-91	-42
8	167	107	154617736	1	1	6	2	0	0	1	-90	-42	76	65	-91	-42
8	167	107	154619732	1	2	5	1	0	0	1	-90	-42	76	65	-91	-42
8	167	107	154621732	1	2	6	1	0	0	1	-90	-42	76	65	-91	-42
8	167	107	154623728	1	2	5	1	0	0	1	-90	-42	76	65	-91	-42
8	167	107	154625732	1	2	6	2	0	0	1	-90	-42	76	65	-91	-42
8	167	107	154627752	2	1	6	1	1	0	1	-89	-42	76	65	-91	-42
8	167	107	154629752	2	2	4	2	0	1	1	-89	-41	76	65	-91	-42
8	167	107	154631732	2	1	6	1	0	0	1	-89	-41	76	65	-91	-42
8	167	107	154633736	3	1	6	2	0	0	1	-89	-41	76	65	-91	-42
8	167	107	154635744	2	1	5	3	1	0	1	-88	-41	76	65	-91	-42
8	167	107	154637724	5	3	6	2	0	0	1	-88	-41	76	65	-91	-42
8	167	107	154639724	5	3	6	2	0	0	1	-88	-41	76	65	-91	-42
8	167	107	154641740	6	4	6	3	1	0	1	-87	-41	76	65	-91	-42
8	167	107	154643736	8	3	7	3	0	1	1	-87	-40	76	65	-91	-42
8	167	107	154645732	9	4	7	5	1	0	1	-86	-40	76	65	-91	-42
8	167	107	154647724	11	5	8	3	0	0	1	-86	-40	76	65	-91	-42
8	167	107	154649752	12	5	8	6	1	1	1	-85	-39	76	65	-91	-42
8	167	107	154651744	14	5	9	5	1	0	1	-84	-39	76	65	-91	-42
8	167	107	154653740	18	7	8	4	1	0	1	-83	-39	76	65	-91	-42
8	167	107	154655752	18	7	11	7	1	1	1	-82	-38	76	65	-91	-42
8	167	107	154657740	22	8	11	7	1	0	1	-81	-38	76	65	-91	-42
8	167	107	154659752	24	8	12	9	1	1	1	-80	-37	76	65	-91	-42
8	167	107	154661736	27	9	13	8	2	0	1	-78	-37	76	65	-91	-42
8	167	107	154663752	30	10	14	11	1	1	1	-77	-36	76	65	-91	-42
8	167	107	154665760	32	11	14	9	2	1	1	-75	-35	76	65	-91	-42
8	167	107	154667768	36	12	15	11	2	1	1	-73	-34	76	65	-91	-42
8	167	107	154669756	37	13	18	12	2	0	1	-71	-34	76	65	-91	-42
8	167	107	154671768	40	14	17	13	2	1	1	-69	-33	76	65	-91	-42
8	167	107	154673768	41	14	20	15	2	1	1	-67	-32	76	65	-91	-42
8	167	107	154675768	43	16	19	13	2	1	1	-65	-31	76	65	-91	-42
8	167	107	154677772	44	16	21	14	3	1	1	-62	-30	76	65	-91	-42
8	167	107	154679772	46	16	24	16	2	1	1	-60	-29	76	65	-91	-42
8	167	107	154681764	47	16	23	14	3	1	1	-57	-28	76	65	-91	-42
8	167	107	154683760	49	18	25	18	2	1	1	-55	-27	76	65	-91	-42
8	167	107	154685760	50	19	24	17	3	2	1	-52	-25	76	65	-91	-42
8	167	107	154687764	50	20	29	19	3	1	1	-49	-24	76	65	-91	-42
8	167	107	154689764	58	23	27	19	3	1	0	-46	-23	76	65	-91	-42
8	167	107	154691764	53	22	28	20	2	2	0	-44	-21	76	65	-91	-42
8	167	107	154693764	53	21	31	21	3	1	0	-41	-20	76	65	-91	-42
8	167	107	154695760	53	22	28	20	3	2	0	-38	-18	76	65	-91	-42
8	167	107	154697756	53	22	33	22	3	1	0	-35	-17	76	65	-91	-42
8	167	107	154699752	54	23	29	21	3	2	0	-32	-15	76	65	-91	-42
8	167	107	154701752	53	23	29	21	3	1	0	-29	-14	76	65	-91	-42
8	167	107	154703748	53	23	32	23	3	2	0	-26	-12	76	65	-91	-42
8	167	107	154705752	53	23	30	21	3	1	0	-23	-11	76	65	-91	-42
8	167	107	154707756	54	24	33	23	3	2	0	-20	-9	76	65	-91	-42
8	167	107	154709756	54	23	31	23	3	1	0	-17	-8	76	65	-91	-42
8	167	107	154711756	54	25	32	22	3	2	0	-14	-6	76	65	-91	-42
8	167	107	154713752	55	27	38	26	3	1	0	-11	-5	76	65	-91	-42
8	167	107	154715748	56	26	33	25	3	2	0	-8	-3	76	65	-91	-42
8	167	107	154717752	56	27	40	27	4	2	0	-4	-1	76	65	-91	-42
8	167	107	154719752	55	28	34	25	3	2	0	-1	1	76	65	-91	-42
8	167	107	154721752	55	27	34	26	3	1	0	2	2	76	65	-91	-42
8	167	107	154723752	52	29	38	29	3	2	0	5	4	76	65	-91	-42
8	167	107	154725748	51	29	32	26	3	2	0	8	6	76	65	-91	-42
8	167	107	154727748	49	28	35	29	3	2	0	11	8	76	65	-91	-42
8	167	107	154729748	51	31	30	25	3	2	0	14	10	76	65	-91	-42
8	167	107	154731748	41	28	32	28	2	2	0	16	12	76	65	-91	-42
8	167	107	154733752	39	26	26	25	2	2	0	18	14	76	65	-91	-42
8	167	107	154735752	35	26	25	23	2	1	0	20	15	76	65	-91	-42
8	167	107	154737748	32	26	25	26	2	2	0	22	17	76	65	-91	-42
8	167	107	154739748	28	23	21	22	2	1	0	24	18	76	65	-91	-42
8	167	107	154741748	24	23	20	24	2	2	0	26	20	76	65	-91	-42
8	167	107	154743756	21	22	16	20	1	1	0	27	21	76	65	-91	-42
8	167	107	154745752	17	22	14	20	1	2	0	28	23	76	65	-91	-42
8	167	107	154747752	14	19	14	20	1	1	0	29	24	76	65	-91	-42
8	167	107	154749756	13	20	11	18	1	1	0	30	25	76	65	-91	-42
8	167	107	154751748	9	19	9	21	0	2	0	30	27	76	65	-91	-42
8	167	107	154753760	8	18	8	17	1	1	0	31	28	76	65	-91	-42
8	167	107	154755740	7	17	8	18	0	1	0	31	29	76	65	-91	-42
8	167	107	154757752	6	18	6	17	1	1	0	32	30	76	65	-91	-42
8	167	107	154759744	4	18	5	17	0	1	0	32	31	76	65	-91	-42
8	167	107	154761740	4	19	5	20	0	2	0	32	33	76	65	-91	-42
8	167	107	154763756	4	18	5	18	1	1	0	33	34	76	65	-91	-42
8	167	107	154765740	2	21	3	21	0	1	0	33	35	76	65	-91	-42
8	167	107	154767728	3	24	5	20	0	2	0	33	37	76	65	-91	-42
8	167	107	154769724	3	21	4	20	0	1	0	33	38	76	65	-91	-42
8	167	107	154771728	3	22	4	22	0	2	0	33	40	76	65	-91	-42
8	167	107	154773748	5	22	4	22	1	1	0	34	41	76	65	-91	-42
8	167	107	154775728	4	24	5	24	0	2	0	34	43	76	65	-91	-42
8	167	107	154777724	7	22	5	22	0	1	0	34	44	76	65	-91	-42
8	167	107	154779740	7	23	3	21	1	2	0	35	46	76	65	-91	-42
8	167	107	154781732	6	21	6	24	0	1	0	35	47	76	65	-91	-42
8	167	107	154783748	7	22	5	19	1	1	0	36	48	76	65	-91	-42
8	167	107	154785732	7	20	5	21	0	2	0	36	50	76	65	-91	-42
8	167	107	154787732	7	19	5	18	0	1	0	36	51	76	65	-91	-42
8	167	107	154789752	7	18	6	19	1	1	0	37	52	76	65	-91	-42
8	167	107	154791732	7	16	5	15	0	1	0	37	53	76	65	-91	-42
8	167	107	154793752	6	16	6	14	1	1	0	38	54	76	65	-91	-42
8	167	107	154795732	7	14	5	15	0	1	0	38	55	76	65	-91	-42
8	167	107	154797736	6	14	6	13	0	1	0	38	56	76	65	-91	-42
8	167	107	154799752	5	12	6	12	1	1	0	39	57	76	65	-91	-42
8	167	107	154801740	5	12	5	11	0	1	0	39	58	76	65	-91	-42
8	167	107	154803748	5	13	5	10	1	0	0	40	58	76	65	-91	-42
8	167	107	154805752	4	10	6	12	0	1	0	40	59	76	65	-91	-42
8	167	107	154807756	5	9	4	8	0	1	0	40	60	76	65	-91	-42
8	167	107	154809744	4	9	5	9	0	0	0	40	60	76	65	-91	-42
8	167	107	154811760	2	6	4	6	1	1	0	41	61	76	65	-91	-42
8	167	107	154813732	3	7	4	6	0	0	0	41	61	76	65	-91	-42
8	167	107	154815728	3	4	5	4	0	0	0	41	61	76	65	-91	-42
8	167	107	154817740	3	5	4	4	0	1	0	41	62	76	65	-91	-42
8	167	107	154819736	2	4	4	4	1	0	0	42	62	76	65	-91	-42
8	167	107	154821720	2	4	2	4	0	0	0	42	62	76	65	-91	-42
8	167	107	154823716	2	2	4	3	0	0	0	42	62	76	65	-91	-42
8	167	107	154825724	0	3	4	3	0	1	0	42	63	76	65	-91	-42
8	167	107	154827720	2	3	4	3	0	0	0	42	63	76	65	-91	-42
8	167	107	154829720	1	3	3	3	0	0	0	42	63	76	65	-91	-42
8	167	107	154831724	2	2	3	2	0	0	0	42	63	76	65	-91	-42
8	167	107	154833740	1	3	5	3	1	0	0	43	63	76	65	-91	-42
8	167	107	154835732	2	1	3	1	0	0	0	43	63	76	65	-91	-42
8	167	107	154837752	1	3	4	2	0	1	0	43	64	76	65	-91	-42
8	167	107	154839736	2	2	4	2	0	0	0	43	64	76	65	-91	-42
8	167	107	154841740	2	1	4	2	0	0	0	43	64	76	65	-91	-42
8	167	107	154843732	2	3	5	3	0	0	0	43	64	76	65	-91	-42
8	167	107	154845752	2	2	3	2	1	0	0	44	64	76	65	-91	-42
8	167	107	154847736	3	3	5	3	0	0	0	44	64	76	65	-91	-42
8	167	107	154849748	3	2	4	1	0	1	0	44	65	76	65	-91	-42
8	167	107	154851740	4	3	4	2	0	0	0	44	65	76	65	-91	-42
8	167	107	154853752	5	3	4	3	1	0	0	45	65	76	65	-91	-42
8	167	107	154855736	5	4	5	3	0	0	0	45	65	76	65	-91	-42
8	167	107	154857736	7	3	6	4	0	0	0	45	65	76	65	-91	-42
8	167	107	154859756	6	4	4	3	1	1	0	46	66	76	65	-91	-42
8	167	107	154861724	8	4	6	3	0	0	0	46	66	76	65	-91	-42
8	167	107	154863740	8	5	6	5	1	0	0	47	66	76	65	-91	-42
8	167	107	154865732	9	3	7	4	0	0	0	47	66	76	65	-91	-42
8	167	107	154867752	8	5	7	4	1	1	0	48	67	76	65	-91	-42
8	167	107	154869720	9	4	7	4	0	0	0	48	67	76	65	-91	-42
8	167	107	154871728	11	5	8	4	1	0	0	49	67	76	65	-91	-42
8	167	107	154873744	9	4	7	5	1	1	0	50	68	76	65	-91	-42
8	167	107	154875716	10	5	8	3	0	0	0	50	68	76	65	-91	-42
8	167	107	154877728	10	5	9	5	1	0	0	51	68	76	65	-91	-42
8	167	107	154879728	11	4	9	5	0	0	0	51	68	76	65	-91	-42
8	167	107	154881748	9	6	11	4	1	1	0	52	69	76	65	-91	-42
8	167	107	154883732	11	5	8	4	1	0	0	53	69	76	65	-91	-42
8	167	107	154885724	9	4	10	5	0	0	0	53	69	76	65	-91	-42
8	167	107	154887748	9	5	12	5	1	1	0	54	70	76	65	-91	-42
8	167	107	154889740	9	6	10	5	1	0	0	55	70	76	65	-91	-42
8	167	107	154891724	8	4	12	6	0	0	0	55	70	76	65	-91	-42
8	167	107	154893744	8	6	12	4	1	1	0	56	71	76	65	-91	-42
8	167	107	154895724	6	5	11	4	1	0	0	57	71	76	65	-91	-42
8	167	107	154897720	6	3	13	5	0	0	0	57	71	76	65	-91	-42
8	167	107	154899744	6	4	10	4	1	1	0	58	72	76	65	-91	-42
8	167	107	154901720	4	4	11	3	0	0	0	58	72	76	65	-91	-42
8	167	107	154903728	4	3	11	3	1	0	0	59	72	76	65	-91	-42
8	167	107	154905724	2	2	9	3	0	0	1	59	72	76	65	-91	-42
9	167	107	154907716	3	2	10	3	0	0	1	76	65	76	65	-91	-42
9	167	107	154909740	2	3	10	2	1	1	1	77	66	76	65	-91	-42
9	167	107	154911716	1	1	9	2	0	0	1	77	66	76	65	-91	-42
9	167	107	154913720	1	2	8	1	0	0	1	77	66	76	65	-91	-42
9	-130	-149	154915724	1	1	6	1	0	0	1	77	66	-54	-84	76	65
9	-130	-149	154917732	1	1	7	1	1	0	1	78	66	-54	-84	76	65
9	-130	-149	154919720	1	1	5	1	0	0	1	78	66	-54	-84	76	65
9	-130	-149	154921712	0	1	6	2	0	0	1	78	66	-54	-84	76	65
9	-130	-149	154923720	0	1	5	1	0	0	1	78	66	-54	-84	76	65
9	-130	-149	154925716	0	1	4	1	0	0	1	78	66	-54	-84	76	65
9	-130	-149	154927728	1	1	4	0	0	0	1	78	66	-54	-84	76	65
9	-130	-149	154929716	0	0	4	0	0	0	1	78	66	-54	-84	76	65
9	-130	-149	154931728	0	0	3	1	0	0	1	78	66	-54	-84	76	65
9	-130	-149	154933724	0	0	1	0	0	0	1	78	66	-54	-84	76	65
9	-130	-149	154935732	0	0	2	0	1	0	1	79	66	-54	-84	76	65
9	-130	-149	154937712	0	0	2	0	0	0	1	79	66	-54	-84	76	65
9	-130	-149	154939716	0	0	2	0	0	0	1	79	66	-54	-84	76	65
9	-130	-149	154941720	0	0	1	0	0	0	1	79	66	-54	-84	76	65
9	-130	-149	154943716	0	0	2	0	0	0	1	79	66	-54	-84	76	65
9	-130	-149	154945724	0	0	1	-1	0	0	1	79	66	-54	-84	76	65
9	-130	-149	154947712	0	0	1	0	0	0	1	79	66	-54	-84	76	65
9	-130	-149	154949728	0	0	1	-1	0	0	1	79	66	-54	-84	76	65
9	-130	-149	154951724	0	-1	2	0	0	0	1	79	66	-54	-84	76	65
9	-130	-149	154953728	0	0	2	-1	0	0	1	79	66	-54	-84	76	65
9	-130	-149	154955720	0	-1	3	-1	0	0	1	79	66	-54	-84	76	65
9	-130	-149	154957724	0	-1	3	-1	0	0	1	79	66	-54	-84	76	65
9	-130	-149	154959724	0	-1	3	-1	0	0	1	79	66	-54	-84	76	65
9	-130	-149	154961720	0	-2	3	-1	0	0	1	79	66	-54	-84	76	65
9	-130	-149	154963732	-1	-2	2	-1	0	0	1	79	66	-54	-84	76	65
9	-130	-149	154965736	-1	-3	5	-3	0	0	1	79	66	-54	-84	76	65
9	-130	-149	154967744	-3	-3	4	-3	0	0	1	79	66	-54	-84	76	65
9	-130	-149	154969744	-3	-3	5	-3	0	0	1	79	66	-54	-84	76	65
9	-130	-149	154971744	-5	-5	2	-5	0	0	1	79	66	-54	-84	76	65
9	-130	-149	154973764	-7	-6	4	-4	0	-1	1	79	65	-54	-84	76	65
9	-130	-149	154975748	-8	-6	2	-7	0	0	1	79	65	-54	-84	76	65
9	-130	-149	154977760	-9	-8	2	-7	0	-1	1	79	64	-54	-84	76	65
9	-130	-149	154979740	-11	-8	0	-9	0	0	1	79	64	-54	-84	76	65
9	-130	-149	154981744	-12	-10	0	-9	0	-1	1	79	63	-54	-84	76	65
9	-130	-149	154983768	-15	-14	-2	-13	-1	-1	1	78	62	-54	-84	76	65
9	-130	-149	154985760	-15	-14	-5	-12	-1	-1	1	77	61	-54	-84	76	65
9	-130	-149	154987764	-17	-16	-7	-15	-1	-1	1	76	60	-54	-84	76	65
9	-130	-149	154989768	-20	-16	-10	-17	-1	-1	1	75	59	-54	-84	76	65
9	-130	-149	154991764	-23	-17	-13	-16	-1	-1	1	74	58	-54	-84	76	65
9	-130	-149	154993756	-24	-18	-15	-20	-1	-1	0	73	57	-54	-84	76	65
9	-130	-149	154995752	-27	-19	-16	-18	-2	-1	0	71	56	-54	-84	76	65
9	-130	-149	154997748	-29	-21	-17	-19	-2	-2	0	69	54	-54	-84	76	65
9	-130	-149	154999744	-30	-21	-22	-24	-1	-1	0	68	53	-54	-84	76	65
9	-130	-149	155001744	-34	-24	-22	-21	-2	-2	0	66	51	-54	-84	76	65
9	-130	-149	155003740	-36	-25	-27	-26	-2	-1	0	64	50	-54	-84	76	65
9	-130	-149	155005748	-38	-26	-24	-24	-3	-2	0	61	48	-54	-84	76	65
9	-130	-149	155007756	-41	-27	-30	-29	-2	-2	0	59	46	-54	-84	76	65
9	-130	-149	155009760	-43	-28	-27	-26	-2	-2	0	57	44	-54	-84	76	65
9	-130	-149	155011752	-45	-30	-29	-28	-3	-2	0	54	42	-54	-84	76	65
9	-130	-149	155013760	-48	-30	-35	-32	-3	-2	0	51	40	-54	-84	76	65
9	-130	-149	155015756	-48	-32	-32	-29	-3	-2	0	48	38	-54	-84	76	65
9	-130	-149	155017760	-50	-32	-36	-33	-3	-2	0	45	36	-54	-84	76	65
9	-130	-149	155019756	-52	-33	-35	-31	-3	-2	0	42	34	-54	-84	76	65
9	-130	-149	155021752	-52	-33	-35	-31	-3	-2	0	39	32	-54	-84	76	65
9	-130	-149	155023740	-53	-34	-40	-36	-3	-2	0	36	30	-54	-84	76	65
9	-130	-149	155025740	-61	-39	-36	-32	-3	-3	0	33	27	-54	-84	76	65
9	-130	-149	155027748	-55	-36	-42	-36	-4	-2	0	29	25	-54	-84	76	65
9	-130	-149	155029756	-54	-35	-37	-33	-3	-2	0	26	23	-54	-84	76	65
9	-130	-149	155031752	-54	-37	-44	-38	-3	-3	0	23	20	-54	-84	76	65
9	-130	-149	155033752	-53	-36	-40	-33	-3	-2	0	20	18	-54	-84	76	65
9	-130	-149	155035744	-52	-37	-40	-34	-3	-3	0	17	15	-54	-84	76	65
9	-130	-149	155037752	-50	-36	-46	-39	-4	-2	0	13	13	-54	-84	76	65
9	-130	-149	155039756	-49	-38	-42	-36	-3	-3	0	10	10	-54	-84	76	65
9	-130	-149	155041760	-49	-38	-47	-40	-3	-2	0	7	8	-54	-84	76	65
9	-130	-149	155043764	-48	-39	-42	-37	-3	-3	0	4	5	-54	-84	76	65
9	-130	-149	155045768	-45	-38	-41	-37	-3	-2	0	1	3	-54	-84	76	65
9	-130	-149	155047772	-45	-39	-45	-41	-3	-3	0	-2	0	-54	-84	76	65
9	-130	-149	155049772	-45	-39	-39	-37	-3	-2	0	-5	-2	-54	-84	76	65
9	-130	-149	155051776	-42	-39	-43	-42	-2	-3	0	-7	-5	-54	-84	76	65
9	-130	-149	155053780	-41	-41	-37	-38	-3	-3	0	-10	-8	-54	-84	76	65
9	-130	-149	155055788	-45	-45	-40	-43	-3	-3	0	-13	-11	-54	-84	76	65
9	-130	-149	155057788	-37	-40	-36	-38	-2	-2	0	-15	-13	-54	-84	76	65
9	-130	-149	155059780	-35	-39	-33	-37	-3	-3	0	-18	-16	-54	-84	76	65
9	-130	-149	155061788	-33	-39	-38	-41	-2	-2	0	-20	-18	-54	-84	76	65
9	-130	-149	155063784	-30	-37	-32	-36	-2	-3	0	-22	-21	-54	-84	76	65
9	-130	-149	155065784	-28	-37	-35	-38	-2	-2	0	-24	-23	-54	-84	76	65
9	-130	-149	155067784	-26	-36	-28	-34	-2	-3	0	-26	-26	-54	-84	76	65
9	-130	-149	155069784	-24	-33	-27	-32	-2	-2	0	-28	-28	-54	-84	76	65
9	-130	-149	155071780	-21	-32	-28	-34	-1	-2	0	-29	-30	-54	-84	76	65
9	-130	-149	155073784	-20	-31	-23	-29	-2	-2	0	-31	-32	-54	-84	76	65
9	-130	-149	155075780	-19	-30	-26	-32	-1	-2	0	-32	-34	-54	-84	76	65
9	-130	-149	155077772	-17	-29	-20	-28	-1	-2	0	-33	-36	-54	-84	76	65
9	-130	-149	155079776	-16	-28	-23	-30	-2	-2	0	-35	-38	-54	-84	76	65
9	-130	-149	155081780	-14	-27	-20	-26	-1	-2	0	-36	-40	-54	-84	76	65
9	-130	-149	155083776	-13	-28	-18	-26	-1	-2	0	-37	-42	-54	-84	76	65
9	-130	-149	155085776	-12	-26	-20	-28	-1	-1	0	-38	-43	-54	-84	76	65
9	-130	-149	155087772	-11	-25	-18	-24	-1	-2	0	-39	-45	-54	-84	76	65
9	-130	-149	155089784	-11	-26	-19	-25	-1	-2	0	-40	-47	-54	-84	76	65
9	-130	-149	155091768	-10	-25	-16	-23	0	-1	0	-40	-48	-54	-84	76	65
9	-130	-149	155093780	-10	-28	-16	-22	-1	-2	0	-41	-50	-54	-84	76	65
9	-130	-149	155095780	-10	-24	-18	-26	-1	-2	0	-42	-52	-54	-84	76	65
9	-130	-149	155097784	-10	-24	-16	-24	-1	-1	0	-43	-53	-54	-84	76	65
9	-130	-149	155099784	-10	-24	-18	-26	-1	-2	0	-44	-55	-54	-84	76	65
9	-130	-149	155101776	-11	-24	-16	-24	-1	-2	0	-45	-57	-54	-84	76	65
9	-130	-149	155103760	-12	-23	-15	-23	0	-1	0	-45	-58	-54	-84	76	65
9	-130	-149	155105780	-12	-23	-18	-25	-1	-2	0	-46	-60	-54	-84	76	65
9	-130	-149	155107776	-12	-24	-15	-22	-1	-1	0	-47	-61	-54	-84	76	65
9	-130	-149	155109768	-12	-22	-17	-23	-1	-2	0	-48	-63	-54	-84	76	65
9	-130	-149	155111764	-13	-22	-14	-21	-1	-1	0	-49	-64	-54	-84	76	65
9	-130	-149	155113764	-13	-22	-14	-22	-1	-2	0	-50	-66	-54	-84	76	65
9	-130	-149	155115772	-11	-20	-11	-19	-1	-1	0	-51	-67	-54	-84	76	65
9	-130	-149	155117768	-12	-19	-11	-19	-1	-1	0	-52	-68	-54	-84	76	65
9	-130	-149	155119756	-10	-18	-11	-19	0	-1	0	-52	-69	-54	-84	76	65
9	-130	-149	155121764	-11	-17	-10	-16	-1	-1	0	-53	-70	-54	-84	76	65
9	-130	-149	155123760	-9	-16	-10	-17	-1	-2	0	-54	-72	-54	-84	76	65
9	-130	-149	155125752	-8	-15	-9	-14	0	-1	0	-54	-73	-54	-84	76	65
9	-130	-149	155127748	-8	-14	-7	-13	-1	0	0	-55	-73	-54	-84	76	65
9	-130	-149	155129748	-6	-13	-8	-13	0	-1	0	-55	-74	-54	-84	76	65
9	-130	-149	155131748	-4	-12	-6	-11	0	-1	0	-55	-75	-54	-84	76	65
9	-130	-149	155133764	-4	-11	-5	-11	-1	-1	0	-56	-76	-54	-84	76	65
9	-130	-149	155135740	-2	-10	-4	-8	0	0	0	-56	-76	-54	-84	76	65
9	-130	-149	155137744	0	-8	-2	-7	0	-1	0	-56	-77	-54	-84	76	65
9	-130	-149	155139732	0	-6	-3	-6	0	0	0	-56	-77	-54	-84	76	65
9	-130	-149	155141744	0	-4	-1	-5	0	-1	0	-56	-78	-54	-84	76	65
9	-130	-149	155143728	0	-4	-1	-2	0	0	0	-56	-78	-54	-84	76	65
9	-130	-149	155145732	0	-2	-1	-2	0	0	0	-56	-78	-54	-84	76	65
9	-130	-149	155147716	0	-1	0	-1	0	0	0	-56	-78	-54	-84	76	65
9	-130	-149	155149724	0	0	0	-1	0	0	0	-56	-78	-54	-84	76	65
9	-130	-149	155163712	0	0	0	1	0	0	0	-56	-78	-54	-84	76	65
9	-130	-149	155167716	0	0	0	1	0	0	0	-56	-78	-54	-84	76	65
9	-130	-149	155169724	0	1	0	0	0	0	0	-56	-78	-54	-84	76	65
9	-130	-149	155171716	0	1	0	1	0	0	0	-56	-78	-54	-84	76	65
9	-130	-149	155175732	0	1	1	1	0	0	0	-56	-78	-54	-84	76	65
9	-130	-149	155177724	0	1	0	0	0	0	0	-56	-78	-54	-84	76	65
9	-130	-149	155179736	1	0	1	0	0	0	0	-56	-78	-54	-84	76	65
9	-130	-149	155181732	0	1	0	2	0	0	0	-56	-78	-54	-84	76	65
9	-130	-149	155183728	0	1	0	1	0	0	0	-56	-78	-54	-84	76	65
9	-130	-149	155185740	1	1	0	1	0	0	0	-56	-78	-54	-84	76	65
9	-130	-149	155187740	0	2	1	1	0	0	0	-56	-78	-54	-84	76	65
9	-130	-149	155189732	0	1	0	1	0	0	0	-56	-78	-54	-84	76	65
9	-130	-149	155191744	1	1	1	1	0	0	1	-56	-78	-54	-84	76	65
10	-130	-149	155193732	0	2	1	2	0	0	1	-54	-84	-54	-84	76	65
10	82	180	155195732	0	1	1	1	0	0	1	-54	-84	28	96	-54	-84
10	82	180	155197736	0	2	1	2	0	0	1	-54	-84	28	96	-54	-84
10	82	180	155199732	0	1	1	0	0	0	1	-54	-84	28	96	-54	-84
10	82	180	155203716	0	0	0	1	0	0	1	-54	-84	28	96	-54	-84
10	82	180	155217704	0	1	0	0	0	0	1	-54	-84	28	96	-54	-84
10	82	180	155219708	0	0	1	0	0	0	1	-54	-84	28	96	-54	-84
10	82	180	155221716	-1	0	0	1	0	0	1	-54	-84	28	96	-54	-84
10	82	180	155225712	0	0	1	0	0	0	1	-54	-84	28	96	-54	-84
10	82	180	155227720	0	0	1	0	0	0	1	-54	-84	28	96	-54	-84
10	82	180	155229720	0	0	1	0	0	0	1	-54	-84	28	96	-54	-84
10	82	180	155231732	-1	0	0	1	0	0	1	-54	-84	28	96	-54	-84
10	82	180	155233724	0	0	1	0	0	0	1	-54	-84	28	96	-54	-84
10	82	180	155235720	0	0	2	0	0	0	1	-54	-84	28	96	-54	-84
10	82	180	155237732	0	1	1	0	0	0	1	-54	-84	28	96	-54	-84
10	82	180	155239724	0	0	2	1	0	0	1	-54	-84	28	96	-54	-84
10	82	180	155241724	0	1	1	1	0	0	1	-54	-84	28	96	-54	-84
10	82	180	155243728	0	1	2	0	0	0	1	-54	-84	28	96	-54	-84
10	82	180	155245724	0	1	2	2	0	0	1	-54	-84	28	96	-54	-84
10	82	180	155247740	0	2	2	1	0	1	1	-54	-83	28	96	-54	-84
10	82	180	155249724	0	1	3	1	0	0	1	-54	-83	28	96	-54	-84
10	82	180	155251720	0	2	2	2	0	0	1	-54	-83	28	96	-54	-84
10	82	180	155253732	2	2	2	2	0	0	1	-54	-83	28	96	-54	-84
10	82	180	155255728	1	4	3	4	0	0	1	-54	-83	28	96	-54	-84
10	82	180	155257724	2	3	3	3	0	0	1	-54	-83	28	96	-54	-84
10	82	180	155259744	3	4	2	5	0	1	1	-54	-82	28	96	-54	-84
10	82	180	155261732	2	5	3	5	0	0	1	-54	-82	28	96	-54	-84
10	82	180	155263752	4	6	3	5	1	0	1	-53	-82	28	96	-54	-84
10	82	180	155265748	5	6	3	7	0	1	1	-53	-81	28	96	-54	-84
10	82	180	155267732	5	8	4	7	0	0	1	-53	-81	28	96	-54	-84
10	82	180	155269760	7	8	2	9	1	1	1	-52	-80	28	96	-54	-84
10	82	180	155271736	8	10	3	9	0	1	1	-52	-79	28	96	-54	-84
10	82	180	155273732	7	10	4	10	0	0	1	-52	-79	28	96	-54	-84
10	82	180	155275764	9	11	4	12	1	1	1	-51	-78	28	96	-54	-84
10	82	180	155277752	10	12	3	11	0	1	1	-51	-77	28	96	-54	-84
10	82	180	155279764	11	14	4	13	1	1	1	-50	-76	28	96	-54	-84
10	82	180	155281760	14	15	5	13	1	1	1	-49	-75	28	96	-54	-84
10	82	180	155283748	14	15	5	16	0	1	1	-49	-74	28	96	-54	-84
10	82	180	155285752	14	16	3	14	1	1	1	-48	-73	28	96	-54	-84
10	82	180	155287756	16	18	5	16	1	1	1	-47	-72	28	96	-54	-84
10	82	180	155289752	17	19	7	20	1	1	1	-46	-71	28	96	-54	-84
10	82	180	155291740	18	21	6	19	0	1	1	-46	-70	28	96	-54	-84
10	82	180	155293756	20	21	8	22	1	2	0	-45	-68	28	96	-54	-84
10	82	180	155295752	20	24	8	23	1	1	0	-44	-67	28	96	-54	-84
10	82	180	155297752	22	24	8	23	2	2	0	-42	-65	28	96	-54	-84
10	82	180	155299752	22	25	10	27	1	2	0	-41	-63	28	96	-54	-84
10	82	180	155301756	24	27	9	27	1	1	0	-40	-62	28	96	-54	-84
10	82	180	155303752	24	28	11	29	1	2	0	-39	-60	28	96	-54	-84
10	82	180	155305756	25	28	11	27	1	2	0	-38	-58	28	96	-54	-84
10	82	180	155307760	27	30	12	31	2	2	0	-36	-56	28	96	-54	-84
10	82	180	155309756	27	30	11	28	1	2	0	-35	-54	28	96	-54	-84
10	82	180	155311756	26	31	12	29	2	2	0	-33	-52	28	96	-54	-84
10	82	180	155313760	27	32	14	34	1	2	0	-32	-50	28	96	-54	-84
10	82	180	155315764	27	32	13	31	1	2	0	-31	-48	28	96	-54	-84
10	82	180	155317760	30	39	15	35	2	3	0	-29	-45	28	96	-54	-84
10	82	180	155319764	26	35	14	34	1	2	0	-28	-43	28	96	-54	-84
10	82	180	155321756	25	36	15	34	2	3	0	-26	-40	28	96	-54	-84
10	82	180	155323752	23	37	18	39	1	2	0	-25	-38	28	96	-54	-84
10	82	180	155325748	25	37	18	37	2	3	0	-23	-35	28	96	-54	-84
10	82	180	155327752	23	39	20	41	1	2	0	-22	-33	28	96	-54	-84
10	82	180	155329756	24	38	19	36	2	3	0	-20	-30	28	96	-54	-84
10	82	180	155331760	22	39	18	38	1	2	0	-19	-28	28	96	-54	-84
10	82	180	155333756	24	40	23	41	2	3	0	-17	-25	28	96	-54	-84
10	82	180	155335752	22	39	21	38	1	3	0	-16	-22	28	96	-54	-84
10	82	180	155337756	24	40	23	42	2	2	0	-14	-20	28	96	-54	-84
10	82	180	155339756	23	42	22	38	1	3	0	-13	-17	28	96	-54	-84
10	82	180	155341756	23	41	24	44	2	3	0	-11	-14	28	96	-54	-84
10	82	180	155343756	21	41	22	39	1	2	0	-10	-12	28	96	-54	-84
10	82	180	155345756	21	41	22	40	2	3	0	-8	-9	28	96	-54	-84
10	82	180	155347756	20	43	24	45	1	3	0	-7	-6	28	96	-54	-84
10	82	180	155349764	19	41	22	40	1	3	0	-6	-3	28	96	-54	-84
10	82	180	155351764	18	42	24	45	2	3	0	-4	0	28	96	-54	-84
10	82	180	155353768	16	49	22	42	1	3	0	-3	3	28	96	-54	-84
10	82	180	155355764	11	44	21	41	1	3	0	-2	6	28	96	-54	-84
10	82	180	155357772	8	44	24	48	1	3	0	-1	9	28	96	-54	-84
10	82	180	155359772	6	45	20	42	1	2	0	0	11	28	96	-54	-84
10	82	180	155361760	6	44	20	48	0	4	0	0	15	28	96	-54	-84
10	82	180	155363772	4	44	17	41	1	2	0	1	17	28	96	-54	-84
10	82	180	155365760	5	43	16	41	1	3	0	2	20	28	96	-54	-84
10	82	180	155367744	5	42	17	45	0	3	0	2	23	28	96	-54	-84
10	82	180	155369752	5	42	15	40	1	3	0	3	26	28	96	-54	-84
10	82	180	155371752	6	39	16	43	1	3	0	4	29	28	96	-54	-84
10	82	180	155373744	7	39	15	36	0	2	0	4	31	28	96	-54	-84
10	82	180	155375756	5	39	17	41	1	3	0	5	34	28	96	-54	-84
10	82	180	155377752	8	37	15	34	1	2	0	6	36	28	96	-54	-84
10	82	180	155379740	6	36	16	34	0	2	0	6	38	28	96	-54	-84
10	82	180	155381752	9	35	18	38	1	3	0	7	41	28	96	-54	-84
10	82	180	155383748	7	34	16	31	1	2	0	8	43	28	96	-54	-84
10	82	180	155385748	10	33	19	35	1	2	0	9	45	28	96	-54	-84
10	82	180	155387752	9	33	17	31	1	2	0	10	47	28	96	-54	-84
10	82	180	155389740	10	32	17	30	0	2	0	10	49	28	96	-54	-84
10	82	180	155391752	13	35	20	33	1	3	0	11	52	28	96	-54	-84
10	82	180	155393760	12	30	16	29	1	2	0	12	54	28	96	-54	-84
10	82	180	155395764	13	29	20	31	1	2	0	13	56	28	96	-54	-84
10	82	180	155397760	13	29	17	27	1	2	0	14	58	28	96	-54	-84
10	82	180	155399760	14	27	17	26	1	1	0	15	59	28	96	-54	-84
10	82	180	155401764	14	28	20	29	2	2	0	17	61	28	96	-54	-84
10	82	180	155403756	14	26	15	25	0	2	0	17	63	28	96	-54	-84
10	82	180	155405764	13	26	19	27	2	2	0	19	65	28	96	-54	-84
10	82	180	155407752	14	25	16	22	1	1	0	20	66	28	96	-54	-84
10	82	180	155409756	14	24	18	25	1	2	0	21	68	28	96	-54	-84
10	82	180	155411752	14	22	16	20	1	1	0	22	69	28	96	-54	-84
10	82	180	155413740	14	21	15	21	0	2	0	22	71	28	96	-54	-84
10	82	180	155415752	12	21	16	22	1	1	0	23	72	28	96	-54	-84
10	82	180	155417756	12	20	13	17	1	1	0	24	73	28	96	-54	-84
10	82	180	155419756	11	17	13	20	1	2	0	25	75	28	96	-54	-84
10	82	180	155421756	11	18	11	17	1	1	0	26	76	28	96	-54	-84
10	82	180	155423740	11	17	10	15	0	1	0	26	77	28	96	-54	-84
10	82	180	155425756	9	15	11	16	1	1	0	27	78	28	96	-54	-84
10	82	180	155427756	10	16	9	14	1	1	0	28	79	28	96	-54	-84
10	82	180	155429740	9	14	9	14	0	1	0	28	80	28	96	-54	-84
10	82	180	155431744	7	11	7	11	1	1	0	29	81	28	96	-54	-84
10	82	180	155433724	8	12	7	11	0	0	0	29	81	28	96	-54	-84
10	82	180	155435752	6	9	5	9	1	1	0	30	82	28	96	-54	-84
10	82	180	155437732	3	8	4	8	0	0	0	30	82	28	96	-54	-84
10	82	180	155439740	4	6	4	6	0	1	0	30	83	28	96	-54	-84
10	82	180	155441728	1	6	2	5	0	0	0	30	83	28	96	-54	-84
10	82	180	155443728	1	3	2	3	0	0	0	30	83	28	96	-54	-84
10	82	180	155445716	0	1	1	1	0	0	0	30	83	28	96	-54	-84
10	82	180	155447728	0	1	1	0	0	1	0	30	84	28	96	-54	-84
10	82	180	155449700	0	1	0	0	0	0	0	30	84	28	96	-54	-84
10	82	180	155453704	0	0	0	1	0	0	0	30	84	28	96	-54	-84
10	82	180	155455708	0	0	0	1	0	0	0	30	84	28	96	-54	-84
10	82	180	155465716	0	1	-1	0	0	0	0	30	84	28	96	-54	-84
10	82	180	155495700	-1	0	0	0	0	0	0	30	84	28	96	-54	-84
10	82	180	155503700	-1	0	0	0	0	0	0	30	84	28	96	-54	-84
10	82	180	155509696	-1	0	0	0	0	0	0	30	84	28	96	-54	-84
10	82	180	155513696	-1	0	0	0	0	0	1	30	84	28	96	-54	-84
11	-28	-196	155515696	-1	0	0	0	0	0	1	28	96	0	-100	28	96
11	-28	-196	155519724	-1	1	0	0	0	0	1	28	96	0	-100	28	96
11	-28	-196	155521708	0	0	1	0	0	0	1	28	96	0	-100	28	96
11	-28	-196	155527704	-1	0	0	0	0	0	1	28	96	0	-100	28	96
11	-28	-196	155539708	-1	0	0	0	0	0	1	28	96	0	-100	28	96
11	-28	-196	155543704	0	0	-2	0	0	0	1	28	96	0	-100	28	96
11	-28	-196	155545700	0	0	-2	0	0	0	1	28	96	0	-100	28	96
11	-28	-196	155547700	0	0	-2	0	0	0	1	28	96	0	-100	28	96
11	-28	-196	155549708	0	-1	-2	0	0	0	1	28	96	0	-100	28	96
11	-28	-196	155551700	0	0	-2	0	0	0	1	28	96	0	-100	28	96
11	-28	-196	155553716	0	0	-2	-1	0	0	1	28	96	0	-100	28	96
11	-28	-196	155555700	0	0	-2	0	0	0	1	28	96	0	-100	28	96
11	-28	-196	155557708	0	-1	-1	-1	0	0	1	28	96	0	-100	28	96
11	-28	-196	155559696	0	0	-2	0	0	0	1	28	96	0	-100	28	96
11	-28	-196	155561684	0	-1	-2	0	0	0	1	28	96	0	-100	28	96
11	-28	-196	155563708	0	0	-3	-1	0	0	1	28	96	0	-100	28	96
11	-28	-196	155565708	0	-2	-2	-2	0	0	1	28	96	0	-100	28	96
11	-28	-196	155567716	0	0	-3	-1	0	0	1	28	96	0	-100	28	96
11	-28	-196	155569712	0	-2	-3	-2	0	0	1	28	96	0	-100	28	96
11	-28	-196	155571724	1	-3	-4	-3	0	0	1	28	96	0	-100	28	96
11	-28	-196	155573724	0	-4	-4	-4	0	0	1	28	96	0	-100	28	96
11	-28	-196	155575740	1	-5	-6	-4	0	-1	1	28	95	0	-100	28	96
11	-28	-196	155577716	1	-7	-4	-7	0	0	1	28	95	0	-100	28	96
11	-28	-196	155579732	1	-8	-7	-8	0	-1	1	28	94	0	-100	28	96
11	-28	-196	155581720	1	-8	-5	-10	0	0	1	28	94	0	-100	28	96
11	-28	-196	155583732	1	-11	-7	-10	0	-1	1	28	93	0	-100	28	96
11	-28	-196	155585740	1	-13	-7	-14	-1	-1	1	27	92	0	-100	28	96
11	-28	-196	155587724	2	-15	-7	-13	0	-1	1	27	91	0	-100	28	96
11	-28	-196	155589720	2	-15	-8	-17	0	-1	1	27	90	0	-100	28	96
11	-28	-196	155591732	2	-17	-6	-16	0	-1	1	27	89	0	-100	28	96
11	-28	-196	155593736	1	-17	-8	-19	0	-1	0	27	88	0	-100	28	96
11	-28	-196	155595736	1	-17	-5	-17	0	-1	0	27	87	0	-100	28	96
11	-28	-196	155597732	2	-19	-8	-17	0	-1	0	27	86	0	-100	28	96
11	-28	-196	155599732	2	-20	-7	-23	0	-2	0	27	84	0	-100	28	96
11	-28	-196	155601740	2	-22	-8	-21	-1	-1	0	26	83	0	-100	28	96
11	-28	-196	155603732	3	-23	-9	-25	0	-2	0	26	81	0	-100	28	96
11	-28	-196	155605728	4	-27	-9	-25	0	-2	0	26	79	0	-100	28	96
11	-28	-196	155607728	4	-27	-8	-26	0	-1	0	26	78	0	-100	28	96
11	-28	-196	155609732	6	-31	-11	-34	0	-3	0	26	75	0	-100	28	96
11	-28	-196	155611736	6	-32	-11	-32	0	-2	0	26	73	0	-100	28	96
11	-28	-196	155613728	7	-35	-13	-39	0	-2	0	26	71	0	-100	28	96
11	-28	-196	155615728	9	-42	-11	-37	0	-3	0	26	68	0	-100	28	96
11	-28	-196	155617728	9	-40	-12	-39	0	-2	0	26	66	0	-100	28	96
11	-28	-196	155619732	8	-43	-14	-47	0	-3	0	26	63	0	-100	28	96
11	-28	-196	155621728	10	-45	-13	-44	0	-3	0	26	60	0	-100	28	96
11	-28	-196	155623724	8	-47	-13	-52	0	-4	0	26	56	0	-100	28	96
11	-28	-196	155625720	7	-48	-13	-47	0	-3	0	26	53	0	-100	28	96
11	-28	-196	155627724	3	-49	-13	-54	0	-3	0	26	50	0	-100	28	96
11	-28	-196	155629724	1	-51	-12	-49	0	-4	0	26	46	0	-100	28	96
11	-28	-196	155631732	0	-51	-12	-50	-1	-3	0	25	43	0	-100	28	96
11	-28	-196	155633724	-2	-51	-15	-56	0	-4	0	25	39	0	-100	28	96
11	-28	-196	155635736	-6	-52	-14	-50	-1	-3	0	24	36	0	-100	28	96
11	-28	-196	155637732	-6	-51	-18	-58	-1	-4	0	23	32	0	-100	28	96
11	-28	-196	155639724	-5	-53	-16	-51	0	-3	0	23	29	0	-100	28	96
11	-28	-196	155641744	-6	-53	-16	-53	-1	-4	0	22	25	0	-100	28	96
11	-28	-196	155643748	-6	-55	-19	-59	-1	-3	0	21	22	0	-100	28	96
11	-28	-196	155645728	-5	-55	-16	-53	0	-4	0	21	18	0	-100	28	96
11	-28	-196	155647752	-5	-55	-18	-60	-1	-4	0	20	14	0	-100	28	96
11	-28	-196	155649744	-6	-57	-16	-55	-1	-4	0	19	10	0	-100	28	96
11	-28	-196	155651736	-5	-64	-17	-62	0	-4	0	19	6	0	-100	28	96
11	-28	-196	155653740	-7	-58	-15	-56	-1	-4	0	18	2	0	-100	28	96
11	-28	-196	155655744	-7	-57	-15	-56	-1	-3	0	17	-1	0	-100	28	96
11	-28	-196	155657728	-9	-58	-17	-64	0	-4	0	17	-5	0	-100	28	96
11	-28	-196	155659744	-10	-57	-16	-55	-1	-4	0	16	-9	0	-100	28	96
11	-28	-196	155661748	-13	-57	-19	-63	-1	-4	0	15	-13	0	-100	28	96
11	-28	-196	155663752	-15	-57	-17	-55	-1	-4	0	14	-17	0	-100	28	96
11	-28	-196	155665752	-15	-56	-19	-61	-1	-4	0	13	-21	0	-100	28	96
11	-28	-196	155667748	-17	-56	-17	-53	-2	-3	0	11	-24	0	-100	28	96
11	-28	-196	155669748	-16	-54	-16	-52	-1	-4	0	10	-28	0	-100	28	96
11	-28	-196	155671744	-17	-53	-18	-57	-1	-4	0	9	-32	0	-100	28	96
11	-28	-196	155673732	-17	-52	-15	-50	-1	-3	0	8	-35	0	-100	28	96
11	-28	-196	155675740	-15	-50	-15	-53	-1	-3	0	7	-38	0	-100	28	96
11	-28	-196	155677744	-15	-49	-13	-46	-1	-4	0	6	-42	0	-100	28	96
11	-28	-196	155679740	-14	-46	-12	-45	-1	-3	0	5	-45	0	-100	28	96
11	-28	-196	155681748	-11	-45	-13	-48	-1	-3	0	4	-48	0	-100	28	96
11	-28	-196	155683724	-10	-43	-12	-40	0	-3	0	4	-51	0	-100	28	96
11	-28	-196	155685736	-8	-41	-11	-45	-1	-2	0	3	-53	0	-100	28	96
11	-28	-196	155687724	-6	-38	-10	-36	0	-3	0	3	-56	0	-100	28	96
11	-28	-196	155689740	-6	-43	-9	-36	-1	-2	0	2	-58	0	-100	28	96
11	-28	-196	155691720	-4	-34	-11	-37	0	-3	0	2	-61	0	-100	28	96
11	-28	-196	155693744	-3	-34	-8	-32	-1	-2	0	1	-63	0	-100	28	96
11	-28	-196	155695720	0	-31	-10	-34	0	-2	0	1	-65	0	-100	28	96
11	-28	-196	155697720	0	-30	-6	-29	0	-2	0	1	-67	0	-100	28	96
11	-28	-196	155699720	0	-29	-7	-27	0	-2	0	1	-69	0	-100	28	96
11	-28	-196	155701728	2	-27	-6	-29	0	-2	0	1	-71	0	-100	28	96
11	-28	-196	155703736	4	-26	-5	-25	0	-2	0	1	-73	0	-100	28	96
11	-28	-196	155705720	6	-25	-6	-27	0	-1	0	1	-74	0	-100	28	96
11	-28	-196	155707728	5	-23	-4	-22	0	-2	0	1	-76	0	-100	28	96
11	-28	-196	155709724	7	-23	-5	-25	0	-1	0	1	-77	0	-100	28	96
11	-28	-196	155711720	7	-22	-3	-20	0	-2	0	1	-79	0	-100	28	96
11	-28	-196	155713724	8	-21	-3	-20	0	-1	0	1	-80	0	-100	28	96
11	-28	-196	155715720	8	-20	-2	-21	0	-2	0	1	-82	0	-100	28	96
11	-28	-196	155717732	8	-20	-2	-19	0	-1	0	1	-83	0	-100	28	96
11	-28	-196	155719728	7	-19	-2	-20	0	-1	0	1	-84	0	-100	28	96
11	-28	-196	155721744	9	-18	-1	-17	1	-1	0	2	-85	0	-100	28	96
11	-28	-196	155723724	7	-18	-2	-17	0	-2	0	2	-87	0	-100	28	96
11	-28	-196	155725724	9	-18	0	-17	0	-1	0	2	-88	0	-100	28	96
11	-28	-196	155727728	7	-15	0	-15	0	-1	0	2	-89	0	-100	28	96
11	-28	-196	155729744	8	-16	0	-17	1	-1	0	3	-90	0	-100	28	96
11	-28	-196	155731736	8	-14	0	-14	0	-1	0	3	-91	0	-100	28	96
11	-28	-196	155733740	8	-15	0	-15	0	-1	0	3	-92	0	-100	28	96
11	-28	-196	155735760	9	-13	2	-14	1	-1	0	4	-93	0	-100	28	96
11	-28	-196	155737740	8	-14	2	-13	0	-1	0	4	-94	0	-100	28	96
11	-28	-196	155739740	10	-12	2	-13	1	0	0	5	-94	0	-100	28	96
11	-28	-196	155741744	9	-11	2	-10	0	-1	0	5	-95	0	-100	28	96
11	-28	-196	155743744	9	-11	2	-12	0	-1	0	5	-96	0	-100	28	96
11	-28	-196	155745752	8	-11	3	-11	1	-1	0	6	-97	0	-100	28	96
11	-28	-196	155747732	8	-9	2	-9	0	0	0	6	-97	0	-100	28	96
11	-28	-196	155749760	6	-8	2	-9	1	-1	0	7	-98	0	-100	28	96
11	-28	-196	155751728	6	-8	1	-8	0	0	0	7	-98	0	-100	28	96
11	-28	-196	155753748	4	-7	1	-7	0	-1	0	7	-99	0	-100	28	96
11	-28	-196	155755728	4	-7	1	-6	0	0	0	7	-99	0	-100	28	96
11	-28	-196	155757728	3	-6	0	-6	0	-1	0	7	-100	0	-100	28	96
11	-28	-196	155759712	3	-4	0	-3	0	0	0	7	-100	0	-100	28	96
11	-28	-196	155761704	2	-5	0	-4	0	0	0	7	-100	0	-100	28	96
11	-28	-196	155763724	2	-3	1	-4	1	0	0	8	-100	0	-100	28	96
11	-28	-196	155765704	1	-2	0	-2	0	0	0	8	-100	0	-100	28	96
11	-28	-196	155767712	0	-1	0	-2	0	-1	0	8	-101	0	-100	28	96
11	-28	-196	155769696	0	-2	0	-1	0	0	0	8	-101	0	-100	28	96
11	-28	-196	155773704	0	-1	0	0	0	0	0	8	-101	0	-100	28	96
11	-28	-196	155789704	0	0	1	0	0	0	0	8	-101	0	-100	28	96
11	-28	-196	155797696	0	1	0	0	0	0	0	8	-101	0	-100	28	96
11	-28	-196	155799696	-1	0	0	0	0	0	0	8	-101	0	-100	28	96
11	-28	-196	155801696	0	1	0	0	0	0	0	8	-101	0	-100	28	96
11	-28	-196	155803696	-1	0	0	0	0	0	0	8	-101	0	-100	28	96
11	-28	-196	155807696	0	1	0	0	0	0	0	8	-101	0	-100	28	96
11	-28	-196	155809700	-1	0	0	0	0	0	0	8	-101	0	-100	28	96
11	-28	-196	155811696	0	0	0	1	0	0	0	8	-101	0	-100	28	96
11	-28	-196	155815692	0	0	0	0	0	0	1	8	-101	0	-100	28	96
