1	-141	980	190707300	0	0	2	0	0	0	1	0	-500	-141	480	0	-500
1	-141	980	190767336	0	0	0	0	0	0	0	0	-500	-141	480	0	-500
1	-141	980	190779360	0	0	0	1	0	0	0	0	-500	-141	480	0	-500
1	-141	980	190781360	0	1	0	0	0	0	0	0	-500	-141	480	0	-500
1	-141	980	190783360	-1	1	1	2	0	0	0	0	-500	-141	480	0	-500
1	-141	980	190785356	0	3	0	1	0	0	0	0	-500	-141	480	0	-500
1	-141	980	190787392	-1	3	2	4	0	1	0	0	-499	-141	480	0	-500
1	-141	980	190789388	-1	5	2	5	0	1	0	0	-498	-141	480	0	-500
1	-141	980	190791368	-2	7	2	6	0	1	0	0	-497	-141	480	0	-500
1	-141	980	190793364	-1	8	3	7	0	1	0	0	-496	-141	480	0	-500
1	-141	980	190795392	-1	8	5	8	0	2	0	0	-494	-141	480	0	-500
1	-141	980	190797392	0	10	3	9	0	2	0	0	-492	-141	480	0	-500
1	-141	980	190799404	-1	11	5	10	1	2	0	1	-490	-141	480	0	-500
1	-141	980	190801388	-2	13	5	11	0	2	0	1	-488	-141	480	0	-500
1	-141	980	190803396	0	13	7	14	1	3	0	2	-485	-141	480	0	-500
1	-141	980	190805400	-1	15	6	14	0	3	0	2	-482	-141	480	0	-500
1	-141	980	190807416	0	19	7	17	1	4	0	3	-478	-141	480	0	-500
1	-141	980	190809416	0	19	9	19	1	3	0	4	-475	-141	480	0	-500
1	-141	980	190811416	0	20	8	18	1	4	0	5	-471	-141	480	0	-500
1	-141	980	190813404	0	24	8	22	0	5	0	5	-466	-141	480	0	-500
1	-141	980	190815420	0	21	8	21	1	4	0	6	-462	-141	480	0	-500
1	-141	980	190817416	2	24	7	27	1	5	0	7	-457	-141	480	0	-500
1	-141	980	190819416	2	26	8	23	1	5	0	8	-452	-141	480	0	-500
1	-141	980	190821416	3	30	6	30	1	6	0	9	-446	-141	480	0	-500
1	-141	980	190823416	3	29	6	29	1	6	0	10	-440	-141	480	0	-500
1	-141	980	190825416	5	32	5	35	1	6	0	11	-434	-141	480	0	-500
1	-141	980	190827420	7	40	4	34	1	8	0	12	-426	-141	480	0	-500
1	-141	980	190829424	7	40	3	44	1	8	0	13	-418	-141	480	0	-500
1	-141	980	190831424	9	44	2	41	1	9	0	14	-409	-141	480	0	-500
1	-141	980	190833424	14	55	0	52	1	10	0	15	-399	-141	480	0	-500
1	-141	980	190835424	13	54	0	52	2	11	0	17	-388	-141	480	0	-500
1	-141	980	190837420	18	60	0	63	2	12	0	19	-376	-141	480	0	-500
1	-141	980	190839420	19	66	-3	63	1	13	0	20	-363	-141	480	0	-500
1	-141	980	190841416	26	81	-5	77	2	16	0	22	-347	-141	480	0	-500
1	-141	980	190843412	27	80	-5	74	2	15	0	24	-332	-141	480	0	-500
1	-141	980	190845420	30	88	-6	94	3	19	0	27	-313	-141	480	0	-500
1	-141	980	190847420	38	106	-8	87	3	19	0	30	-294	-141	480	0	-500
1	-141	980	190849420	37	102	-10	108	3	21	0	33	-273	-141	480	0	-500
1	-141	980	190851420	42	110	-8	102	3	21	0	36	-252	-141	480	0	-500
1	-141	980	190853428	50	133	-13	124	4	26	0	40	-226	-141	480	0	-500
1	-141	980	190855428	47	125	-10	115	3	24	0	43	-202	-141	480	0	-500
1	-141	980	190857432	50	131	-15	139	4	27	0	47	-175	-141	480	0	-500
1	-141	980	190859436	50	138	-12	127	4	26	0	51	-149	-141	480	0	-500
1	-141	980	190861440	60	162	-17	153	4	32	0	55	-117	-141	480	0	-500
1	-141	980	190863444	53	149	-16	139	4	29	0	59	-88	-141	480	0	-500
1	-141	980	190865444	52	155	-19	165	3	32	0	62	-56	-141	480	0	-500
1	-141	980	190867432	59	179	-18	150	4	33	0	66	-23	-141	480	0	-500
1	-141	980	190869444	50	163	-22	176	3	33	0	69	10	-141	480	0	-500
1	-141	980	190871448	50	167	-25	181	2	35	0	71	45	-141	480	0	-500
1	-141	980	190873452	52	191	-22	164	3	36	0	74	81	-141	480	0	-500
1	-141	980	190875456	45	172	-29	189	2	36	0	76	117	-141	480	0	-500
1	-141	980	190877460	42	175	-27	168	1	34	0	77	151	-141	480	0	-500
1	-141	980	190879452	43	199	-34	195	1	40	0	78	191	-141	480	0	-500
1	-141	980	190881444	35	178	-33	172	1	35	0	79	226	-141	480	0	-500
1	-141	980	190883440	33	178	-38	198	0	37	0	79	263	-141	480	0	-500
1	-141	980	190885448	29	179	-38	175	-1	36	0	78	299	-141	480	0	-500
1	-141	980	190887456	27	201	-45	202	-2	40	0	76	339	-141	480	0	-500
1	-141	980	190889452	21	179	-41	176	-2	35	0	74	374	-141	480	0	-500
1	-141	980	190891452	19	179	-51	202	-3	38	0	71	412	-141	480	0	-500
1	-141	980	190893452	18	200	-48	177	-3	38	0	68	450	-141	480	0	-500
1	-141	980	190895452	13	177	-55	201	-4	38	0	64	488	-141	480	0	-500
1	-141	980	190897448	10	175	-51	175	-4	35	0	60	523	-141	480	0	-500
1	-141	980	190899448	8	175	-60	197	-5	37	0	55	560	-141	480	0	-500
1	-141	980	190901452	5	194	-55	173	-5	37	0	50	597	-141	480	0	-500
1	-141	980	190903456	2	171	-65	195	-7	36	0	43	633	-141	480	0	-500
1	-141	980	190905448	2	169	-59	167	-5	34	0	38	667	-141	480	0	-500
1	-141	980	190907452	-1	189	-67	192	-7	38	0	31	705	-141	480	0	-500
1	-141	980	190909452	-2	166	-62	165	-7	33	0	24	738	-141	480	0	-500
1	-141	980	190911444	-5	165	-68	186	-7	35	0	17	773	-141	480	0	-500
1	-141	980	190913444	-9	184	-63	161	-7	35	0	10	808	-141	480	0	-500
1	-141	980	190915444	-9	162	-71	184	-8	34	0	2	842	-141	480	0	-500
1	-141	980	190917444	-10	160	-61	159	-7	32	0	-5	874	-141	480	0	-500
1	-141	980	190919448	-12	160	-72	180	-9	34	0	-14	754	-141	480	0	-500
1	-141	980	190921440	-14	178	-62	156	-7	34	0	-21	788	-141	480	0	-500
1	-141	980	190923444	-12	157	-70	177	-8	33	0	-29	821	-141	480	0	-500
1	-141	980	190925448	-15	158	-61	154	-8	31	0	-37	852	-141	480	0	-500
1	-141	980	190927452	-17	176	-70	178	-9	36	0	-46	888	-141	480	0	-500
1	-141	980	190929448	-15	158	-60	153	-7	31	0	-53	919	-141	480	0	-500
1	-141	980	190931436	-15	156	-68	177	-9	33	0	-62	753	-141	480	0	-500
1	-141	980	190933436	-16	177	-59	153	-7	33	0	-69	786	-141	480	0	-500
1	-141	980	190935440	-16	157	-65	175	-8	33	0	-77	819	-141	480	0	-500
1	-141	980	190937444	-15	157	-55	154	-7	31	0	-84	850	-141	480	0	-500
1	-141	980	190939452	-15	158	-62	176	-8	34	0	-92	884	-141	480	0	-500
1	-141	980	190941444	-18	177	-53	155	-7	33	0	-99	917	-141	480	0	-500
1	-141	980	190943448	-13	156	-58	175	-7	33	0	-106	950	-141	480	0	-500
1	-141	980	190945452	-14	158	-50	154	-6	31	0	-112	751	-141	480	0	-500
1	-141	980	190947460	-15	176	-57	175	-8	35	0	-120	786	-141	480	0	-500
1	-141	980	190949452	-14	156	-55	175	-7	34	0	-127	820	-141	480	0	-500
1	-141	980	190951456	-12	155	-46	151	-5	30	0	-132	850	-141	480	0	-500
1	-141	980	190953456	-14	174	-51	173	-7	35	0	-139	885	-141	480	0	-500
1	-141	980	190955452	-13	153	-43	150	-5	30	0	-144	915	-141	480	0	-500
1	-141	980	190957444	-11	151	-47	169	-6	32	0	-150	947	-141	480	0	-500
1	-141	980	190959448	-12	147	-40	146	-5	29	0	-155	976	-141	480	0	-500
1	-141	980	190961452	-13	165	-44	164	-6	33	0	-161	1009	-141	480	0	-500
1	-141	980	190963460	-11	143	-36	141	-5	29	0	-166	1038	-141	480	0	-500
1	-141	980	190965456	-10	141	-40	159	-5	30	0	-171	1068	-141	480	0	-500
1	-141	980	190967452	-11	155	-33	135	-4	29	0	-175	749	-141	480	0	-500
1	-141	980	190969444	-9	134	-35	152	-5	28	0	-180	777	-141	480	0	-500
1	-141	980	190971448	-8	131	-30	130	-3	26	0	-183	803	-141	480	0	-500
1	-141	980	190973444	-7	128	-31	145	-4	28	0	-187	831	-141	480	0	-500
1	-141	980	190975448	-6	140	-25	124	-3	26	0	-190	857	-141	480	0	-500
1	-141	980	190977444	-5	121	-27	137	-4	26	0	-194	883	-141	480	0	-500
1	-141	980	190979448	-4	119	-22	118	-2	24	0	-196	744	-141	480	0	-500
1	-141	980	190981440	-3	130	-21	131	-3	26	0	-199	770	-141	480	0	-500
1	-141	980	190983448	-1	111	-16	111	-1	22	0	-200	792	-141	480	0	-500
1	-141	980	190985448	0	109	-16	124	-2	23	0	-202	815	-141	480	0	-500
1	-141	980	190987452	0	120	-13	105	-1	23	0	-203	838	-141	480	0	-500
1	-141	980	190989448	2	102	-11	116	-1	22	0	-204	860	-141	480	0	-500
1	-141	980	190991440	3	100	-9	100	-1	20	0	-205	880	-141	480	0	-500
1	-141	980	190993432	5	98	-7	110	0	20	0	-205	900	-141	480	0	-500
1	-141	980	190995408	7	105	-4	93	0	20	0	-205	920	-141	480	0	-500
1	-141	980	190997440	6	91	-4	104	0	20	0	-205	740	-141	480	0	-500
1	-141	980	190999436	7	89	-2	87	0	17	0	-205	757	-141	480	0	-500
1	-141	980	191001448	9	95	0	96	1	19	0	-204	776	-141	480	0	-500
1	-141	980	191003444	8	82	0	82	1	17	0	-203	793	-141	480	0	-500
1	-141	980	191005436	8	78	0	90	1	17	0	-202	810	-141	480	0	-500
1	-141	980	191007436	9	85	1	75	1	16	0	-201	826	-141	480	0	-500
1	-141	980	191009440	9	71	4	81	1	15	0	-200	841	-141	480	0	-500
1	-141	980	191011448	9	69	3	70	1	14	0	-199	855	-141	480	0	-500
1	-141	980	191013448	7	65	5	75	1	14	0	-198	734	-141	480	0	-500
1	-141	980	191015444	9	68	3	62	2	13	0	-196	747	-141	480	0	-500
1	-141	980	191017444	9	58	4	69	1	12	0	-195	759	-141	480	0	-500
1	-141	980	191019440	7	55	4	55	1	11	0	-194	770	-141	480	0	-500
1	-141	980	191021448	8	57	5	61	1	12	0	-193	782	-141	480	0	-500
1	-141	980	191023440	7	49	2	50	1	10	0	-192	792	-141	480	0	-500
1	-141	980	191025448	6	45	5	53	1	10	0	-191	802	-141	480	0	-500
1	-141	980	191027448	7	46	3	45	1	9	0	-190	811	-141	480	0	-500
1	-141	980	191029448	5	39	4	46	1	8	0	-189	819	-141	480	0	-500
1	-141	980	191031448	5	36	2	39	1	8	0	-188	827	-141	480	0	-500
1	-141	980	191033452	5	34	3	40	1	7	0	-187	834	-141	480	0	-500
1	-141	980	191035444	5	34	2	36	0	7	0	-187	841	-141	480	0	-500
1	-141	980	191037456	2	27	3	30	1	6	0	-186	847	-141	480	0	-500
1	-141	980	191039440	4	27	1	31	0	6	0	-186	853	-141	480	0	-500
1	-141	980	191041456	2	25	1	24	1	5	0	-185	858	-141	480	0	-500
1	-141	980	191043448	3	21	1	26	0	4	0	-185	724	-141	480	0	-500
1	-141	980	191045452	2	17	2	19	1	4	0	-184	728	-141	480	0	-500
1	-141	980	191047444	2	18	0	20	0	4	0	-184	732	-141	480	0	-500
1	-141	980	191049448	1	14	1	15	0	3	0	-184	723	-141	480	0	-500
1	-141	980	191051444	1	12	0	16	0	3	0	-184	726	-141	480	0	-500
1	-141	980	191053448	1	10	0	12	0	2	0	-184	728	-141	480	0	-500
1	-141	980	191055448	2	10	0	11	0	2	0	-184	730	-141	480	0	-500
1	-141	980	191057428	0	8	0	7	0	1	0	-184	731	-141	480	0	-500
1	-141	980	191059428	0	5	0	9	0	2	0	-184	733	-141	480	0	-500
1	-141	980	191061452	1	5	0	5	0	1	0	-184	734	-141	480	0	-500
1	-141	980	191063416	0	3	0	5	0	1	0	-184	735	-141	480	0	-500
1	-141	980	191065416	0	3	0	4	0	0	0	-184	735	-141	480	0	-500
1	-141	980	191067428	0	2	0	4	0	1	0	-184	736	-141	480	0	-500
1	-141	980	191069416	0	2	0	1	0	0	0	-184	736	-141	480	0	-500
1	-141	980	191071420	0	0	0	1	0	0	0	-184	720	-141	480	0	-500
1	-141	980	191073424	0	0	0	1	0	0	0	-184	720	-141	480	0	-500
1	-141	980	191075424	0	1	0	0	0	0	1	-184	720	-141	480	0	-500
2	411	-901	191129460	0	0	1	0	1	0	1	-140	480	270	-421	-141	480
2	411	-901	191147412	0	-1	0	0	0	0	1	-140	480	270	-421	-141	480
2	411	-901	191165372	0	0	0	0	0	0	0	-140	480	270	-421	-141	480
2	411	-901	191179444	0	-1	1	0	0	0	0	-140	480	270	-421	-141	480
2	411	-901	191181444	0	-2	2	-3	0	0	0	-140	480	270	-421	-141	480
2	411	-901	191183436	0	-3	2	-2	0	0	0	-140	480	270	-421	-141	480
2	411	-901	191185464	1	-4	4	-4	1	-1	0	-139	479	270	-421	-141	480
2	411	-901	191187456	0	-6	6	-6	0	-1	0	-139	478	270	-421	-141	480
2	411	-901	191189468	0	-9	6	-6	1	-1	0	-138	477	270	-421	-141	480
2	411	-901	191191472	1	-10	8	-10	1	-2	0	-137	475	270	-421	-141	480
2	411	-901	191193480	0	-11	9	-12	1	-3	0	-136	472	270	-421	-141	480
2	411	-901	191195480	2	-17	11	-15	1	-3	0	-135	469	270	-421	-141	480
2	411	-901	191197480	0	-19	10	-16	1	-3	0	-134	466	270	-421	-141	480
2	411	-901	191199468	1	-21	14	-21	1	-5	0	-133	461	270	-421	-141	480
2	411	-901	191201468	0	-29	13	-21	2	-5	0	-131	456	270	-421	-141	480
2	411	-901	191203472	1	-29	17	-29	1	-5	0	-130	451	270	-421	-141	480
2	411	-901	191205476	1	-32	16	-29	2	-6	0	-128	445	270	-421	-141	480
2	411	-901	191207480	0	-37	20	-36	2	-8	0	-126	437	270	-421	-141	480
2	411	-901	191209484	3	-45	20	-35	2	-8	0	-124	429	270	-421	-141	480
2	411	-901	191211476	1	-43	25	-45	3	-9	0	-121	420	270	-421	-141	480
2	411	-901	191213480	1	-48	22	-44	2	-9	0	-119	411	270	-421	-141	480
2	411	-901	191215484	3	-59	28	-52	3	-11	0	-116	400	270	-421	-141	480
2	411	-901	191217484	4	-55	26	-50	3	-10	0	-113	390	270	-421	-141	480
2	411	-901	191219484	2	-58	31	-62	4	-12	0	-109	378	270	-421	-141	480
2	411	-901	191221480	5	-72	29	-57	3	-13	0	-106	365	270	-421	-141	480
2	411	-901	191223480	4	-65	35	-70	4	-14	0	-102	351	270	-421	-141	480
2	411	-901	191225476	6	-70	33	-65	4	-13	0	-98	338	270	-421	-141	480
2	411	-901	191227476	6	-73	37	-79	4	-15	0	-94	323	270	-421	-141	480
2	411	-901	191229476	9	-88	36	-72	5	-16	0	-89	307	270	-421	-141	480
2	411	-901	191231472	9	-81	44	-88	5	-17	0	-84	290	270	-421	-141	480
2	411	-901	191233472	10	-86	41	-80	5	-17	0	-79	273	270	-421	-141	480
2	411	-901	191235468	12	-103	52	-96	7	-20	0	-72	253	270	-421	-141	480
2	411	-901	191237476	13	-94	46	-89	5	-18	0	-67	235	270	-421	-141	480
2	411	-901	191239480	14	-98	56	-107	7	-21	0	-60	214	270	-421	-141	480
2	411	-901	191241476	16	-117	51	-98	7	-21	0	-53	193	270	-421	-141	480
2	411	-901	191243468	16	-108	63	-116	8	-23	0	-45	170	270	-421	-141	480
2	411	-901	191245480	18	-113	56	-108	7	-22	0	-38	148	270	-421	-141	480
2	411	-901	191247480	18	-117	68	-127	9	-24	0	-29	124	270	-421	-141	480
2	411	-901	191249476	23	-139	62	-115	9	-25	0	-20	99	270	-421	-141	480
2	411	-901	191251480	20	-128	74	-139	9	-27	0	-11	72	270	-421	-141	480
2	411	-901	191253480	22	-132	67	-124	9	-26	0	-2	46	270	-421	-141	480
2	411	-901	191255476	27	-154	82	-148	11	-30	0	9	16	270	-421	-141	480
2	411	-901	191257464	25	-142	73	-134	10	-28	0	19	-12	270	-421	-141	480
2	411	-901	191259472	25	-145	88	-158	11	-30	0	30	-42	270	-421	-141	480
2	411	-901	191261476	28	-169	91	-162	12	-33	0	42	-75	270	-421	-141	480
2	411	-901	191263476	27	-154	83	-148	11	-30	0	53	-105	270	-421	-141	480
2	411	-901	191265476	26	-157	98	-172	12	-33	0	65	-138	270	-421	-141	480
2	411	-901	191267476	29	-162	89	-155	12	-32	0	77	-170	270	-421	-141	480
2	411	-901	191269468	32	-186	104	-183	14	-37	0	91	-207	270	-421	-141	480
2	411	-901	191271468	30	-170	95	-163	12	-33	0	103	-240	270	-421	-141	480
2	411	-901	191273468	31	-172	111	-192	14	-36	0	117	-276	270	-421	-141	480
2	411	-901	191275472	35	-200	100	-171	14	-37	0	131	-313	270	-421	-141	480
2	411	-901	191277480	32	-180	119	-200	15	-38	0	146	-351	270	-421	-141	480
2	411	-901	191279488	33	-184	107	-179	14	-37	0	160	-388	270	-421	-141	480
2	411	-901	191281480	38	-210	125	-207	16	-41	0	176	-429	270	-421	-141	480
2	411	-901	191283476	34	-188	113	-184	15	-38	0	191	-467	270	-421	-141	480
2	411	-901	191285476	33	-190	130	-215	16	-40	0	207	-507	270	-421	-141	480
2	411	-901	191287480	34	-192	116	-190	15	-38	0	222	-545	270	-421	-141	480
2	411	-901	191289488	40	-219	135	-220	18	-44	0	240	-589	270	-421	-141	480
2	411	-901	191291492	36	-197	120	-195	15	-39	0	255	-628	270	-421	-141	480
2	411	-901	191293488	35	-198	139	-225	18	-43	0	273	-671	270	-421	-141	480
2	411	-901	191295476	42	-225	122	-197	16	-42	0	289	-713	270	-421	-141	480
2	411	-901	191297480	35	-200	142	-229	18	-43	0	307	-756	270	-421	-141	480
2	411	-901	191299484	33	-201	123	-201	15	-40	0	322	-796	270	-421	-141	480
2	411	-901	191301484	39	-226	143	-232	19	-46	0	341	-842	270	-421	-141	480
2	411	-901	191303484	34	-202	125	-203	15	-40	0	356	-882	270	-421	-141	480
2	411	-901	191305488	32	-201	144	-232	18	-44	0	374	-926	270	-421	-141	480
2	411	-901	191307492	32	-200	125	-203	16	-40	0	390	-760	270	-421	-141	480
2	411	-901	191309500	33	-225	142	-232	17	-46	0	407	-806	270	-421	-141	480
2	411	-901	191311492	30	-199	124	-202	16	-40	0	423	-846	270	-421	-141	480
2	411	-901	191313496	29	-198	141	-230	17	-43	0	440	-889	270	-421	-141	480
2	411	-901	191315496	31	-223	123	-203	15	-42	0	455	-931	270	-421	-141	480
2	411	-901	191317504	28	-197	138	-228	17	-43	0	472	-974	270	-421	-141	480
2	411	-901	191319496	25	-197	122	-200	14	-39	0	486	-1013	270	-421	-141	480
2	411	-901	191321500	29	-218	136	-228	17	-45	0	503	-1058	270	-421	-141	480
2	411	-901	191323496	23	-194	119	-199	14	-39	0	517	-1097	270	-421	-141	480
2	411	-901	191325500	24	-191	135	-225	16	-42	0	533	-762	270	-421	-141	480
2	411	-901	191327492	25	-190	116	-195	14	-38	0	547	-800	270	-421	-141	480
2	411	-901	191329500	26	-213	131	-222	16	-44	0	563	-844	270	-421	-141	480
2	411	-901	191331492	24	-186	129	-219	15	-40	0	578	-884	270	-421	-141	480
2	411	-901	191333492	24	-185	111	-189	14	-38	0	592	-922	270	-421	-141	480
2	411	-901	191335496	27	-206	124	-213	15	-42	0	607	-964	270	-421	-141	480
2	411	-901	191337488	25	-182	107	-184	13	-36	0	620	-1000	270	-421	-141	480
2	411	-901	191339488	25	-178	119	-208	14	-39	0	634	-1039	270	-421	-141	480
2	411	-901	191341492	28	-198	103	-178	13	-37	0	647	-757	270	-421	-141	480
2	411	-901	191343488	26	-172	113	-200	14	-38	0	661	-795	270	-421	-141	480
2	411	-901	191345492	28	-172	98	-172	13	-34	0	674	-829	270	-421	-141	480
2	411	-901	191347492	26	-166	107	-193	13	-36	0	687	-865	270	-421	-141	480
2	411	-901	191349480	31	-185	93	-164	13	-35	0	700	-900	270	-421	-141	480
2	411	-901	191351472	29	-160	101	-185	13	-34	0	713	-934	270	-421	-141	480
2	411	-901	191353472	27	-157	88	-158	11	-32	0	724	-966	270	-421	-141	480
2	411	-901	191355472	30	-172	96	-175	13	-35	0	737	-1001	270	-421	-141	480
2	411	-901	191357464	28	-148	81	-148	11	-29	0	748	-749	270	-421	-141	480
2	411	-901	191359472	26	-145	89	-165	11	-31	0	759	-780	270	-421	-141	480
2	411	-901	191361472	26	-140	75	-139	10	-28	0	769	-808	270	-421	-141	480
2	411	-901	191363484	30	-153	82	-154	11	-31	0	780	-839	270	-421	-141	480
2	411	-901	191365484	27	-131	69	-130	10	-26	0	790	-865	270	-421	-141	480
2	411	-901	191367472	26	-125	75	-142	10	-27	0	800	-892	270	-421	-141	480
2	411	-901	191369480	30	-136	64	-120	9	-25	0	809	-917	270	-421	-141	480
2	411	-901	191371484	25	-114	69	-132	10	-25	0	819	-942	270	-421	-141	480
2	411	-901	191373480	25	-110	56	-110	8	-22	0	827	-742	270	-421	-141	480
2	411	-901	191375484	27	-116	62	-120	9	-23	0	836	-765	270	-421	-141	480
2	411	-901	191377484	24	-99	52	-100	7	-20	0	843	-785	270	-421	-141	480
2	411	-901	191379480	24	-93	56	-107	8	-20	0	851	-805	270	-421	-141	480
2	411	-901	191381464	24	-86	47	-89	8	-18	0	859	-823	270	-421	-141	480
2	411	-901	191383468	26	-92	50	-95	7	-18	0	866	-841	270	-421	-141	480
2	411	-901	191385468	24	-78	43	-79	7	-16	0	873	-857	270	-421	-141	480
2	411	-901	191387464	22	-71	45	-83	7	-16	0	880	-873	270	-421	-141	480
2	411	-901	191389472	26	-75	36	-69	6	-14	0	886	-887	270	-421	-141	480
2	411	-901	191391476	22	-61	39	-73	6	-13	0	892	-733	270	-421	-141	480
2	411	-901	191393476	21	-58	31	-60	5	-12	0	897	-745	270	-421	-141	480
2	411	-901	191395480	22	-59	34	-62	6	-12	0	903	-757	270	-421	-141	480
2	411	-901	191397476	20	-47	27	-50	4	-10	0	907	-767	270	-421	-141	480
2	411	-901	191399476	18	-44	29	-54	5	-10	0	912	-777	270	-421	-141	480
2	411	-901	191401476	17	-40	23	-41	4	-8	0	916	-785	270	-421	-141	480
2	411	-901	191403476	18	-41	25	-44	4	-8	0	920	-793	270	-421	-141	480
2	411	-901	191405472	14	-33	20	-35	4	-7	0	924	-727	270	-421	-141	480
2	411	-901	191407484	12	-30	20	-35	3	-7	0	927	-734	270	-421	-141	480
2	411	-901	191409476	14	-28	17	-31	3	-6	0	930	-740	270	-421	-141	480
2	411	-901	191411484	9	-23	15	-24	2	-4	0	932	-744	270	-421	-141	480
2	411	-901	191413488	8	-20	14	-24	3	-5	0	935	-749	270	-421	-141	480
2	411	-901	191415488	9	-17	10	-17	2	-3	0	937	-752	270	-421	-141	480
2	411	-901	191417492	6	-14	10	-19	1	-3	0	938	-755	270	-421	-141	480
2	411	-901	191419500	5	-13	7	-12	1	-3	0	939	-758	270	-421	-141	480
2	411	-901	191421496	5	-10	7	-13	2	-2	0	941	-760	270	-421	-141	480
2	411	-901	191423476	3	-7	5	-9	0	-2	0	941	-762	270	-421	-141	480
2	411	-901	191425484	2	-6	5	-7	1	-1	0	942	-763	270	-421	-141	480
2	411	-901	191427480	3	-4	2	-6	1	-1	1	943	-764	270	-421	-141	480
3	411	-901	191429480	1	-4	3	-5	0	-1	1	270	-422	270	-421	-141	480
3	411	-901	191431468	1	-2	1	-3	0	0	1	270	-422	270	-421	-141	480
3	411	-901	191433476	0	-2	1	-2	0	-1	1	270	-423	270	-421	-141	480
3	411	-901	191435476	2	0	1	-2	1	0	1	271	-423	270	-421	-141	480
3	-648	748	191437464	0	-1	2	-1	0	0	1	271	-423	-378	327	270	-421
3	-648	748	191459464	0	1	0	0	0	0	1	271	-423	-378	327	270	-421
3	-648	748	191461468	-1	0	0	0	0	0	1	271	-423	-378	327	270	-421
3	-648	748	191479472	0	1	0	0	0	0	1	271	-423	-378	327	270	-421
3	-648	748	191491444	0	0	0	0	0	0	0	271	-423	-378	327	270	-421
3	-648	748	191501476	0	1	0	0	0	0	0	271	-423	-378	327	270	-421
3	-648	748	191503476	-1	1	0	1	0	0	0	271	-423	-378	327	270	-421
3	-648	748	191505448	0	2	0	2	0	0	0	271	-423	-378	327	270	-421
3	-648	748	191507492	-2	3	0	3	0	0	0	271	-423	-378	327	270	-421
3	-648	748	191509496	-3	5	-1	5	0	1	0	271	-422	-378	327	270	-421
3	-648	748	191511492	-2	5	-1	6	0	1	0	271	-421	-378	327	270	-421
3	-648	748	191513500	-4	8	-1	6	-1	2	0	270	-419	-378	327	270	-421
3	-648	748	191515500	-6	11	-2	10	-1	2	0	269	-417	-378	327	270	-421
3	-648	748	191517504	-7	10	-2	10	-1	2	0	268	-415	-378	327	270	-421
3	-648	748	191519504	-6	14	-4	13	-1	3	0	267	-412	-378	327	270	-421
3	-648	748	191521504	-10	15	-4	13	-1	2	0	266	-410	-378	327	270	-421
3	-648	748	191523504	-10	16	-5	17	-2	4	0	264	-406	-378	327	270	-421
3	-648	748	191525508	-12	18	-5	15	-1	3	0	263	-403	-378	327	270	-421
3	-648	748	191527512	-13	18	-8	20	-2	4	0	261	-399	-378	327	270	-421
3	-648	748	191529520	-17	23	-8	17	-3	4	0	258	-395	-378	327	270	-421
3	-648	748	191531528	-18	21	-11	23	-3	4	0	255	-391	-378	327	270	-421
3	-648	748	191533528	-20	23	-11	21	-3	5	0	252	-386	-378	327	270	-421
3	-648	748	191535528	-24	26	-15	26	-4	5	0	248	-381	-378	327	270	-421
3	-648	748	191537524	-22	25	-18	28	-4	5	0	244	-376	-378	327	270	-421
3	-648	748	191539524	-25	26	-17	25	-4	5	0	240	-371	-378	327	270	-421
3	-648	748	191541524	-29	31	-24	31	-5	6	0	235	-365	-378	327	270	-421
3	-648	748	191543516	-29	30	-24	29	-6	6	0	229	-359	-378	327	270	-421
3	-648	748	191545512	-28	33	-31	35	-5	7	0	224	-352	-378	327	270	-421
3	-648	748	191547512	-32	34	-30	32	-7	7	0	217	-345	-378	327	270	-421
3	-648	748	191549508	-35	42	-39	41	-7	8	0	210	-337	-378	327	270	-421
3	-648	748	191551504	-33	43	-37	40	-7	8	0	203	-329	-378	327	270	-421
3	-648	748	191553496	-34	45	-48	49	-8	10	0	195	-319	-378	327	270	-421
3	-648	748	191555500	-38	57	-46	49	-9	10	0	186	-309	-378	327	270	-421
3	-648	748	191557492	-33	58	-59	59	-9	12	0	177	-297	-378	327	270	-421
3	-648	748	191559496	-34	62	-55	58	-9	12	0	168	-285	-378	327	270	-421
3	-648	748	191561500	-34	69	-70	73	-10	14	0	158	-271	-378	327	270	-421
3	-648	748	191563500	-37	85	-66	69	-10	16	0	148	-255	-378	327	270	-421
3	-648	748	191565492	-32	82	-81	87	-12	17	0	136	-238	-378	327	270	-421
3	-648	748	191567500	-31	90	-79	83	-11	17	0	125	-221	-378	327	270	-421
3	-648	748	191569492	-32	110	-96	102	-13	21	0	112	-200	-378	327	270	-421
3	-648	748	191571496	-29	104	-90	96	-11	20	0	101	-180	-378	327	270	-421
3	-648	748	191573496	-29	113	-110	118	-14	23	0	87	-157	-378	327	270	-421
3	-648	748	191575496	-31	132	-103	110	-14	24	0	73	-133	-378	327	270	-421
3	-648	748	191577500	-28	125	-124	132	-15	26	0	58	-107	-378	327	270	-421
3	-648	748	191579504	-27	130	-116	122	-14	25	0	44	-82	-378	327	270	-421
3	-648	748	191581500	-26	138	-140	147	-17	29	0	27	-53	-378	327	270	-421
3	-648	748	191583504	-33	160	-130	133	-16	29	0	11	-24	-378	327	270	-421
3	-648	748	191585500	-29	146	-157	158	-19	30	0	-8	6	-378	327	270	-421
3	-648	748	191587504	-31	151	-145	143	-17	30	0	-25	36	-378	327	270	-421
3	-648	748	191589496	-37	175	-174	169	-21	34	0	-46	70	-378	327	270	-421
3	-648	748	191591500	-37	158	-159	150	-20	31	0	-66	101	-378	327	270	-421
3	-648	748	191593504	-40	161	-190	176	-23	34	0	-89	135	-378	327	270	-421
3	-648	748	191595504	-48	185	-171	155	-22	34	0	-111	169	-378	327	270	-421
3	-648	748	191597500	-48	165	-204	181	-25	34	0	-136	203	-378	327	270	-421
3	-648	748	191599496	-51	165	-184	159	-24	33	0	-160	236	-378	327	270	-421
3	-648	748	191601484	-55	166	-215	182	-27	35	0	-187	271	-378	327	270	-421
3	-648	748	191603480	-66	186	-193	160	-26	34	0	-213	305	-378	327	270	-421
3	-648	748	191605484	-64	165	-227	184	-29	35	0	-242	340	-378	327	270	-421
3	-648	748	191607488	-66	165	-202	159	-26	32	0	-268	372	-378	327	270	-421
3	-648	748	191609496	-79	183	-236	181	-32	37	0	-300	409	-378	327	270	-421
3	-648	748	191611492	-75	160	-209	156	-28	31	0	-328	440	-378	327	270	-421
3	-648	748	191613488	-78	157	-243	177	-32	34	0	-360	474	-378	327	270	-421
3	-648	748	191615480	-80	155	-213	152	-30	31	0	-390	505	-378	327	270	-421
3	-648	748	191617476	-92	170	-244	170	-33	34	0	-423	539	-378	327	270	-421
3	-648	748	191619492	-85	148	-215	146	-30	29	0	-453	568	-378	327	270	-421
3	-648	748	191621500	-88	144	-245	163	-34	31	0	-487	599	-378	327	270	-421
3	-648	748	191623488	-100	157	-214	140	-31	29	0	-518	628	-378	327	270	-421
3	-648	748	191625484	-91	138	-244	155	-34	30	0	-552	658	-378	327	270	-421
3	-648	748	191627488	-92	132	-213	131	-30	26	0	-582	684	-378	327	270	-421
3	-648	748	191629492	-105	145	-242	146	-35	29	0	-617	713	-378	327	270	-421
3	-648	748	191631488	-97	125	-240	140	-33	27	0	-650	740	-378	327	270	-421
3	-648	748	191633492	-96	121	-207	120	-31	24	0	-681	764	-378	327	270	-421
3	-648	748	191635488	-97	118	-235	132	-33	25	0	-714	789	-378	327	270	-421
3	-648	748	191637480	-112	127	-203	110	-31	23	0	-745	812	-378	327	270	-421
3	-648	748	191639476	-100	110	-227	121	-33	23	0	-778	835	-378	327	270	-421
3	-648	748	191641476	-101	107	-196	102	-30	21	0	-808	856	-378	327	270	-421
3	-648	748	191643468	-115	115	-222	113	-34	23	0	-842	743	-378	327	270	-421
3	-648	748	191645464	-102	98	-190	95	-29	19	0	-871	762	-378	327	270	-421
3	-648	748	191647456	-105	95	-213	105	-32	20	0	-903	782	-378	327	270	-421
3	-648	748	191649452	-105	93	-185	87	-29	18	0	-932	800	-378	327	270	-421
3	-648	748	191651460	-119	99	-207	98	-32	20	0	-964	820	-378	327	270	-421
3	-648	748	191653452	-106	85	-178	81	-29	17	0	-993	837	-378	327	270	-421
3	-648	748	191655448	-107	82	-200	91	-30	17	0	-1023	854	-378	327	270	-421
3	-648	748	191657448	-118	89	-172	78	-29	17	0	-1052	871	-378	327	270	-421
3	-648	748	191659448	-107	76	-192	85	-30	16	0	-1082	887	-378	327	270	-421
3	-648	748	191661464	-106	74	-165	74	-27	15	0	-1109	735	-378	327	270	-421
3	-648	748	191663464	-105	72	-185	81	-29	15	0	-1138	750	-378	327	270	-421
3	-648	748	191665464	-117	78	-158	70	-28	15	0	-1166	765	-378	327	270	-421
3	-648	748	191667464	-104	67	-177	79	-28	14	0	-1194	779	-378	327	270	-421
3	-648	748	191669464	-101	67	-153	67	-25	14	0	-1219	793	-378	327	270	-421
3	-648	748	191671460	-113	72	-170	78	-29	15	0	-1248	808	-378	327	270	-421
3	-648	748	191673456	-99	64	-146	67	-24	13	0	-1272	821	-378	327	270	-421
3	-648	748	191675460	-96	64	-162	75	-26	14	0	-1298	835	-378	327	270	-421
3	-648	748	191677456	-105	70	-139	66	-24	13	0	-1322	848	-378	327	270	-421
3	-648	748	191679448	-90	62	-154	77	-25	14	0	-1347	862	-378	327	270	-421
3	-648	748	191681452	-89	63	-132	65	-22	13	0	-1369	875	-378	327	270	-421
3	-648	748	191683452	-85	62	-145	72	-23	13	0	-1392	888	-378	327	270	-421
3	-648	748	191685456	-92	70	-124	64	-21	14	0	-1413	902	-378	327	270	-421
3	-648	748	191687460	-79	61	-136	72	-22	13	0	-1302	733	-378	327	270	-421
3	-648	748	191689460	-75	62	-115	62	-19	13	0	-1321	746	-378	327	270	-421
3	-648	748	191691460	-81	68	-127	68	-21	13	0	-1342	759	-378	327	270	-421
3	-648	748	191693468	-69	59	-106	59	-17	12	0	-1297	732	-378	327	270	-421
3	-648	748	191695468	-65	59	-116	66	-18	12	0	-1315	744	-378	327	270	-421
3	-648	748	191697472	-70	65	-96	57	-17	13	0	-1332	757	-378	327	270	-421
3	-648	748	191699468	-59	55	-105	62	-16	11	0	-1348	768	-378	327	270	-421
3	-648	748	191701464	-55	55	-88	53	-15	11	0	-1363	779	-378	327	270	-421
3	-648	748	191703468	-52	51	-92	58	-14	11	0	-1377	790	-378	327	270	-421
3	-648	748	191705476	-56	55	-87	54	-14	11	0	-1391	801	-378	327	270	-421
3	-648	748	191707476	-45	48	-70	46	-12	9	0	-1403	810	-378	327	270	-421
3	-648	748	191709476	-44	43	-75	49	-12	10	0	-1415	820	-378	327	270	-421
3	-648	748	191711480	-44	45	-58	40	-10	8	0	-1290	728	-378	327	270	-421
3	-648	748	191713484	-36	38	-63	43	-10	8	0	-1300	736	-378	327	270	-421
3	-648	748	191715484	-34	34	-49	33	-8	7	0	-1308	743	-378	327	270	-421
3	-648	748	191717480	-32	33	-48	35	-8	7	0	-1316	750	-378	327	270	-421
3	-648	748	191719480	-27	28	-39	28	-7	5	0	-1323	755	-378	327	270	-421
3	-648	748	191721480	-23	22	-38	29	-6	5	0	-1329	760	-378	327	270	-421
3	-648	748	191723472	-22	22	-28	22	-5	5	0	-1334	765	-378	327	270	-421
3	-648	748	191725468	-20	18	-28	23	-5	4	0	-1339	769	-378	327	270	-421
3	-648	748	191727476	-15	15	-21	16	-3	3	0	-1342	772	-378	327	270	-421
3	-648	748	191729476	-12	12	-20	17	-3	3	0	-1345	775	-378	327	270	-421
3	-648	748	191731476	-11	11	-14	12	-3	2	0	-1348	777	-378	327	270	-421
3	-648	748	191733476	-9	7	-12	11	-2	2	0	-1350	779	-378	327	270	-421
3	-648	748	191735472	-6	7	-9	9	-1	2	0	-1281	722	-378	327	270	-421
3	-648	748	191737476	-7	5	-8	7	-2	1	1	-1283	723	-378	327	270	-421
4	-648	748	191739452	-2	2	-3	4	0	0	1	-378	327	-378	327	270	-421
4	-648	748	191741472	-3	1	-4	5	-1	1	1	-379	328	-378	327	270	-421
4	-648	748	191743464	-2	2	-3	1	-1	0	1	-380	328	-378	327	270	-421
4	-648	748	191745468	-1	1	-1	3	0	1	1	-380	329	-378	327	270	-421
4	-648	748	191747440	0	0	-1	0	0	0	1	-380	329	-378	327	270	-421
4	833	-535	191749444	0	0	0	1	0	0	1	-380	329	455	-208	-378	327
4	833	-535	191777464	1	0	0	0	0	0	1	-380	329	455	-208	-378	327
4	833	-535	191779464	1	0	0	0	0	0	1	-380	329	455	-208	-378	327
4	833	-535	191781492	2	0	2	-1	0	0	1	-380	329	455	-208	-378	327
4	833	-535	191783460	3	-1	0	0	0	0	1	-380	329	455	-208	-378	327
4	833	-535	191785480	3	-1	1	-1	0	0	1	-380	329	455	-208	-378	327
4	833	-535	191787500	4	0	1	-1	1	0	1	-379	329	455	-208	-378	327
4	833	-535	191789496	5	-1	1	-1	1	0	1	-378	329	455	-208	-378	327
4	833	-535	191791488	5	-1	3	-2	0	0	1	-378	329	455	-208	-378	327
4	833	-535	191793520	6	-2	1	-1	1	-1	1	-377	328	455	-208	-378	327
4	833	-535	191795508	6	-1	3	-1	1	0	1	-376	328	455	-208	-378	327
4	833	-535	191797512	8	-1	2	-1	1	0	1	-375	328	455	-208	-378	327
4	833	-535	191799528	7	-3	3	-3	1	-1	1	-374	327	455	-208	-378	327
4	833	-535	191801520	8	-1	2	-2	1	0	0	-373	327	455	-208	-378	327
4	833	-535	191803524	10	-2	4	-3	1	0	0	-372	327	455	-208	-378	327
4	833	-535	191805532	8	-4	4	-2	2	-1	0	-370	326	455	-208	-378	327
4	833	-535	191807540	10	-3	5	-4	1	-1	0	-369	325	455	-208	-378	327
4	833	-535	191809520	12	-3	5	-4	2	0	0	-367	325	455	-208	-378	327
4	833	-535	191811528	11	-4	6	-5	1	-1	0	-366	324	455	-208	-378	327
4	833	-535	191813524	11	-5	7	-4	2	-1	0	-364	323	455	-208	-378	327
4	833	-535	191815520	11	-5	9	-6	2	-1	0	-362	322	455	-208	-378	327
4	833	-535	191817512	14	-6	9	-5	3	-1	0	-359	321	455	-208	-378	327
4	833	-535	191819516	14	-7	11	-7	2	-2	0	-357	319	455	-208	-378	327
4	833	-535	191821520	14	-6	13	-7	3	-1	0	-354	318	455	-208	-378	327
4	833	-535	191823520	17	-9	15	-8	3	-2	0	-351	316	455	-208	-378	327
4	833	-535	191825520	16	-7	16	-8	3	-1	0	-348	315	455	-208	-378	327
4	833	-535	191827516	19	-10	20	-11	4	-2	0	-344	313	455	-208	-378	327
4	833	-535	191829516	23	-11	24	-11	5	-3	0	-339	310	455	-208	-378	327
4	833	-535	191831516	22	-12	22	-12	4	-2	0	-335	308	455	-208	-378	327
4	833	-535	191833508	25	-12	29	-13	6	-3	0	-329	305	455	-208	-378	327
4	833	-535	191835512	26	-15	29	-14	5	-2	0	-324	303	455	-208	-378	327
4	833	-535	191837508	34	-18	36	-18	7	-4	0	-317	299	455	-208	-378	327
4	833	-535	191839504	31	-17	34	-16	7	-3	0	-310	296	455	-208	-378	327
4	833	-535	191841508	35	-19	42	-21	7	-4	0	-303	292	455	-208	-378	327
4	833	-535	191843504	42	-24	41	-20	9	-5	0	-294	287	455	-208	-378	327
4	833	-535	191845512	41	-23	52	-26	9	-5	0	-285	282	455	-208	-378	327
4	833	-535	191847508	42	-25	48	-24	9	-5	0	-276	277	455	-208	-378	327
4	833	-535	191849504	47	-28	60	-30	11	-5	0	-265	272	455	-208	-378	327
4	833	-535	191851500	55	-32	57	-28	11	-6	0	-254	266	455	-208	-378	327
4	833	-535	191853492	51	-32	70	-35	12	-7	0	-242	259	455	-208	-378	327
4	833	-535	191855492	55	-33	66	-32	12	-7	0	-230	252	455	-208	-378	327
4	833	-535	191857488	64	-40	80	-40	14	-8	0	-216	244	455	-208	-378	327
4	833	-535	191859488	60	-38	75	-36	14	-7	0	-202	237	455	-208	-378	327
4	833	-535	191861492	62	-40	91	-45	15	-8	0	-187	229	455	-208	-378	327
4	833	-535	191863496	73	-46	85	-42	16	-9	0	-171	220	455	-208	-378	327
4	833	-535	191865496	67	-44	104	-51	17	-10	0	-154	210	455	-208	-378	327
4	833	-535	191867496	69	-45	96	-45	17	-9	0	-137	201	455	-208	-378	327
4	833	-535	191869492	72	-47	118	-55	19	-10	0	-118	191	455	-208	-378	327
4	833	-535	191871492	84	-54	110	-50	19	-10	0	-99	181	455	-208	-378	327
4	833	-535	191873496	78	-50	132	-60	21	-11	0	-78	170	455	-208	-378	327
4	833	-535	191875500	78	-51	124	-54	20	-11	0	-58	159	455	-208	-378	327
4	833	-535	191877504	94	-60	147	-62	24	-12	0	-34	147	455	-208	-378	327
4	833	-535	191879500	84	-57	138	-58	22	-12	0	-12	135	455	-208	-378	327
4	833	-535	191881504	87	-57	165	-67	26	-12	0	14	123	455	-208	-378	327
4	833	-535	191883504	103	-68	151	-60	25	-13	0	39	110	455	-208	-378	327
4	833	-535	191885504	92	-62	181	-73	27	-13	0	66	97	455	-208	-378	327
4	833	-535	191887512	94	-64	167	-63	26	-13	0	92	84	455	-208	-378	327
4	833	-535	191889516	98	-67	197	-77	30	-14	0	122	70	455	-208	-378	327
4	833	-535	191891508	111	-80	181	-67	29	-15	0	151	55	455	-208	-378	327
4	833	-535	191893500	101	-74	217	-80	32	-15	0	183	40	455	-208	-378	327
4	833	-535	191895500	103	-76	196	-73	30	-15	0	213	25	455	-208	-378	327
4	833	-535	191897504	117	-90	231	-85	35	-18	0	248	7	455	-208	-378	327
4	833	-535	191899496	105	-84	210	-76	31	-16	0	279	-9	455	-208	-378	327
4	833	-535	191901488	105	-86	246	-91	35	-18	0	314	-27	455	-208	-378	327
4	833	-535	191903488	106	-90	224	-81	33	-17	0	347	-44	455	-208	-378	327
4	833	-535	191905488	120	-104	261	-98	38	-20	0	385	-64	455	-208	-378	327
4	833	-535	191907476	108	-96	234	-87	35	-18	0	420	-82	455	-208	-378	327
4	833	-535	191909468	107	-99	273	-103	38	-20	0	458	-102	455	-208	-378	327
4	833	-535	191911468	122	-113	243	-94	36	-21	0	494	-123	455	-208	-378	327
4	833	-535	191913472	107	-103	283	-110	39	-21	0	533	-144	455	-208	-378	327
4	833	-535	191915464	106	-105	251	-97	36	-21	0	569	-165	455	-208	-378	327
4	833	-535	191917468	108	-108	291	-116	40	-22	0	609	-187	455	-208	-378	327
4	833	-535	191919468	121	-122	258	-104	38	-23	0	647	-210	455	-208	-378	327
4	833	-535	191921464	109	-110	296	-120	40	-23	0	687	-233	455	-208	-378	327
4	833	-535	191923476	107	-113	260	-108	37	-22	0	724	-255	455	-208	-378	327
4	833	-535	191925476	122	-126	299	-125	42	-25	0	766	-280	455	-208	-378	327
4	833	-535	191927480	107	-114	261	-111	37	-22	0	803	-302	455	-208	-378	327
4	833	-535	191929476	109	-114	299	-127	40	-24	0	843	-326	455	-208	-378	327
4	833	-535	191931476	121	-127	296	-129	42	-26	0	885	-352	455	-208	-378	327
4	833	-535	191933476	109	-114	259	-113	37	-23	0	922	-375	455	-208	-378	327
4	833	-535	191935472	109	-114	292	-128	40	-24	0	962	-399	455	-208	-378	327
4	833	-535	191937472	108	-113	255	-113	36	-22	0	998	-421	455	-208	-378	327
4	833	-535	191939468	124	-128	288	-129	42	-26	0	1040	-447	455	-208	-378	327
4	833	-535	191941464	110	-114	247	-112	35	-23	0	1075	-470	455	-208	-378	327
4	833	-535	191943464	110	-112	280	-128	39	-24	0	1114	-494	455	-208	-378	327
4	833	-535	191945464	125	-126	242	-111	37	-23	0	1151	-517	455	-208	-378	327
4	833	-535	191947464	110	-112	270	-125	38	-24	0	1189	-541	455	-208	-378	327
4	833	-535	191949464	111	-111	233	-109	34	-22	0	1223	-563	455	-208	-378	327
4	833	-535	191951460	125	-122	262	-121	39	-24	0	1262	-587	455	-208	-378	327
4	833	-535	191953456	110	-108	225	-105	34	-22	0	1296	-609	455	-208	-378	327
4	833	-535	191955464	112	-107	251	-119	36	-22	0	1332	-631	455	-208	-378	327
4	833	-535	191957464	110	-105	215	-101	32	-21	0	1364	-652	455	-208	-378	327
4	833	-535	191959464	123	-118	240	-114	37	-23	0	1401	-675	455	-208	-378	327
4	833	-535	191961460	109	-102	204	-97	31	-20	0	1432	-695	455	-208	-378	327
4	833	-535	191963464	109	-100	228	-110	34	-21	0	1466	-716	455	-208	-378	327
4	833	-535	191965460	120	-112	194	-94	31	-21	0	1497	-737	455	-208	-378	327
4	833	-535	191967464	105	-97	215	-105	32	-20	0	1312	-740	455	-208	-378	327
4	833	-535	191969472	104	-95	183	-90	29	-18	0	1341	-758	455	-208	-378	327
4	833	-535	191971472	113	-105	202	-100	31	-21	0	1372	-779	455	-208	-378	327
4	833	-535	191973472	98	-90	170	-84	27	-17	0	1399	-796	455	-208	-378	327
4	833	-535	191975464	96	-89	189	-95	29	-19	0	1428	-815	455	-208	-378	327
4	833	-535	191977452	93	-86	157	-80	25	-16	0	1453	-831	455	-208	-378	327
4	833	-535	191979456	101	-94	174	-88	27	-18	0	1480	-849	455	-208	-378	327
4	833	-535	191981448	85	-81	145	-75	23	-16	0	1503	-865	455	-208	-378	327
4	833	-535	191983452	82	-78	156	-84	24	-16	0	1304	-736	455	-208	-378	327
4	833	-535	191985460	88	-86	130	-70	22	-16	0	1326	-752	455	-208	-378	327
4	833	-535	191987464	74	-72	140	-78	21	-15	0	1347	-767	455	-208	-378	327
4	833	-535	191989456	68	-70	115	-66	18	-13	0	1365	-780	455	-208	-378	327
4	833	-535	191991460	73	-77	123	-72	20	-15	0	1385	-795	455	-208	-378	327
4	833	-535	191993464	60	-63	100	-62	16	-13	0	1401	-808	455	-208	-378	327
4	833	-535	191995456	55	-62	106	-67	16	-13	0	1417	-821	455	-208	-378	327
4	833	-535	191997452	51	-58	84	-55	14	-11	0	1431	-832	455	-208	-378	327
4	833	-535	191999448	51	-62	89	-61	14	-12	0	1445	-844	455	-208	-378	327
4	833	-535	192001456	43	-51	70	-50	11	-10	0	1291	-730	455	-208	-378	327
4	833	-535	192003456	36	-47	72	-54	11	-11	0	1302	-741	455	-208	-378	327
4	833	-535	192005456	38	-50	63	-50	10	-10	0	1312	-751	455	-208	-378	327
4	833	-535	192007464	28	-40	48	-41	7	-8	0	1319	-759	455	-208	-378	327
4	833	-535	192009472	25	-37	49	-43	8	-8	0	1327	-767	455	-208	-378	327
4	833	-535	192011468	24	-37	36	-34	6	-7	0	1333	-774	455	-208	-378	327
4	833	-535	192013468	19	-29	37	-35	5	-6	0	1338	-780	455	-208	-378	327
4	833	-535	192015460	15	-26	26	-27	4	-5	0	1342	-785	455	-208	-378	327
4	833	-535	192017456	11	-23	25	-29	4	-6	0	1346	-791	455	-208	-378	327
4	833	-535	192019444	11	-21	19	-21	3	-4	0	1349	-795	455	-208	-378	327
4	833	-535	192021444	8	-15	16	-21	2	-3	0	1351	-798	455	-208	-378	327
4	833	-535	192023440	6	-14	11	-17	2	-4	0	1353	-802	455	-208	-378	327
4	833	-535	192025436	5	-11	9	-15	2	-2	0	1355	-804	455	-208	-378	327
4	833	-535	192027428	4	-9	6	-10	1	-2	0	1356	-806	455	-208	-378	327
4	833	-535	192029420	2	-6	5	-10	0	-2	0	1356	-808	455	-208	-378	327
4	833	-535	192031436	2	-5	4	-7	1	-1	0	1281	-721	455	-208	-378	327
4	833	-535	192033424	1	-5	2	-5	0	-1	0	1281	-722	455	-208	-378	327
4	833	-535	192035420	1	-2	2	-5	0	-1	0	1281	-723	455	-208	-378	327
4	833	-535	192037416	0	-2	1	-3	1	0	0	1281	-720	455	-208	-378	327
4	833	-535	192039360	0	-1	0	-2	0	0	0	1281	-720	455	-208	-378	327
4	833	-535	192041364	0	-1	0	-1	0	-1	0	1281	-721	455	-208	-378	327
4	833	-535	192043304	0	0	0	0	0	0	1	1281	-721	455	-208	-378	327
5	833	-535	192045364	0	0	0	-2	0	0	1	455	-208	455	-208	-378	327
5	833	-535	192053364	0	-1	0	0	0	0	1	455	-208	455	-208	-378	327
5	-950	279	192101312	0	0	0	0	0	0	0	455	-208	-495	71	455	-208
5	-950	279	192139376	-1	0	-1	1	0	0	0	455	-208	-495	71	455	-208
5	-950	279	192141352	-3	1	-1	1	0	0	0	455	-208	-495	71	455	-208
5	-950	279	192143388	-4	2	-4	1	-1	0	0	454	-208	-495	71	455	-208
5	-950	279	192145380	-3	2	-3	2	-1	0	0	453	-208	-495	71	455	-208
5	-950	279	192147400	-7	3	-5	2	-1	1	0	452	-207	-495	71	455	-208
5	-950	279	192149392	-7	2	-8	3	-1	0	0	451	-207	-495	71	455	-208
5	-950	279	192151404	-9	4	-11	2	-2	1	0	449	-206	-495	71	455	-208
5	-950	279	192153404	-12	4	-11	4	-3	1	0	446	-205	-495	71	455	-208
5	-950	279	192155404	-13	5	-18	5	-3	1	0	443	-204	-495	71	455	-208
5	-950	279	192157408	-15	5	-17	5	-3	1	0	440	-203	-495	71	455	-208
5	-950	279	192159408	-19	7	-27	6	-4	1	0	436	-202	-495	71	455	-208
5	-950	279	192161404	-23	9	-26	8	-5	2	0	431	-200	-495	71	455	-208
5	-950	279	192163404	-24	9	-36	8	-6	1	0	425	-199	-495	71	455	-208
5	-950	279	192165400	-29	11	-36	10	-7	2	0	418	-197	-495	71	455	-208
5	-950	279	192167408	-35	14	-50	13	-8	3	0	410	-194	-495	71	455	-208
5	-950	279	192169404	-36	15	-50	14	-9	3	0	401	-191	-495	71	455	-208
5	-950	279	192171412	-40	17	-65	16	-10	3	0	391	-188	-495	71	455	-208
5	-950	279	192173412	-49	21	-74	20	-13	4	0	378	-184	-495	71	455	-208
5	-950	279	192175412	-47	22	-73	19	-12	5	0	366	-179	-495	71	455	-208
5	-950	279	192177412	-53	23	-91	25	-14	4	0	352	-175	-495	71	455	-208
5	-950	279	192179408	-55	27	-90	25	-15	6	0	337	-169	-495	71	455	-208
5	-950	279	192181412	-67	33	-111	31	-17	6	0	320	-163	-495	71	455	-208
5	-950	279	192183408	-64	34	-108	31	-18	6	0	302	-157	-495	71	455	-208
5	-950	279	192185404	-68	35	-132	40	-20	8	0	282	-149	-495	71	455	-208
5	-950	279	192187400	-81	45	-126	36	-20	8	0	262	-141	-495	71	455	-208
5	-950	279	192189392	-75	43	-154	48	-23	9	0	239	-132	-495	71	455	-208
5	-950	279	192191388	-79	47	-145	44	-23	9	0	216	-123	-495	71	455	-208
5	-950	279	192193376	-83	50	-176	53	-26	11	0	190	-112	-495	71	455	-208
5	-950	279	192195384	-97	61	-164	52	-26	11	0	164	-101	-495	71	455	-208
5	-950	279	192197384	-88	58	-196	61	-28	12	0	136	-89	-495	71	455	-208
5	-950	279	192199384	-93	61	-183	57	-28	12	0	108	-77	-495	71	455	-208
5	-950	279	192201384	-107	73	-217	70	-32	14	0	76	-63	-495	71	455	-208
5	-950	279	192203392	-98	67	-199	64	-30	13	0	46	-50	-495	71	455	-208
5	-950	279	192205400	-101	71	-236	76	-33	15	0	13	-35	-495	71	455	-208
5	-950	279	192207396	-116	84	-217	70	-34	15	0	-21	-20	-495	71	455	-208
5	-950	279	192209396	-107	78	-253	83	-36	16	0	-57	-4	-495	71	455	-208
5	-950	279	192211396	-108	80	-229	75	-33	16	0	-90	12	-495	71	455	-208
5	-950	279	192213404	-112	81	-270	86	-39	16	0	-129	28	-495	71	455	-208
5	-950	279	192215404	-127	94	-243	79	-37	18	0	-166	46	-495	71	455	-208
5	-950	279	192217400	-116	85	-282	90	-39	17	0	-205	63	-495	71	455	-208
5	-950	279	192219400	-119	86	-253	81	-38	17	0	-243	80	-495	71	455	-208
5	-950	279	192221396	-135	97	-293	93	-42	19	0	-285	99	-495	71	455	-208
5	-950	279	192223396	-124	87	-262	82	-39	17	0	-324	116	-495	71	455	-208
5	-950	279	192225396	-125	86	-302	95	-43	18	0	-367	134	-495	71	455	-208
5	-950	279	192227396	-144	97	-266	83	-41	18	0	-408	152	-495	71	455	-208
5	-950	279	192229396	-130	87	-309	93	-44	18	0	-452	170	-495	71	455	-208
5	-950	279	192231388	-132	85	-271	83	-40	17	0	-492	187	-495	71	455	-208
5	-950	279	192233380	-134	83	-312	92	-45	17	0	-537	204	-495	71	455	-208
5	-950	279	192235376	-154	92	-273	80	-42	17	0	-579	221	-495	71	455	-208
5	-950	279	192237376	-138	78	-313	90	-45	17	0	-624	238	-495	71	455	-208
5	-950	279	192239368	-142	77	-272	77	-42	16	0	-666	254	-495	71	455	-208
5	-950	279	192241368	-160	83	-312	85	-47	16	0	-713	270	-495	71	455	-208
5	-950	279	192243360	-143	70	-271	72	-41	15	0	-754	285	-495	71	455	-208
5	-950	279	192245364	-147	69	-310	79	-46	14	0	-800	299	-495	71	455	-208
5	-950	279	192247368	-147	65	-269	67	-42	14	0	-842	313	-495	71	455	-208
5	-950	279	192249372	-168	70	-306	73	-47	14	0	-889	327	-495	71	455	-208
5	-950	279	192251380	-150	58	-265	60	-42	12	0	-931	339	-495	71	455	-208
5	-950	279	192253376	-152	56	-300	65	-45	12	0	-976	351	-495	71	455	-208
5	-950	279	192255388	-171	59	-260	54	-43	11	0	-1019	362	-495	71	455	-208
5	-950	279	192257392	-154	48	-294	58	-45	11	0	-1064	373	-495	71	455	-208
5	-950	279	192259388	-154	45	-288	55	-44	10	0	-1108	383	-495	71	455	-208
5	-950	279	192261388	-174	48	-250	45	-42	9	0	-1150	392	-495	71	455	-208
5	-950	279	192263392	-155	40	-283	48	-44	9	0	-1194	401	-495	71	455	-208
5	-950	279	192265396	-155	36	-242	39	-40	7	0	-1234	408	-495	71	455	-208
5	-950	279	192267396	-173	39	-275	41	-45	8	0	-1279	416	-495	71	455	-208
5	-950	279	192269396	-154	32	-237	32	-39	7	0	-1318	423	-495	71	455	-208
5	-950	279	192271404	-154	30	-266	35	-42	6	0	-1360	429	-495	71	455	-208
5	-950	279	192273400	-151	29	-230	29	-38	6	0	-1398	435	-495	71	455	-208
5	-950	279	192275400	-169	29	-259	29	-43	6	0	-1441	441	-495	71	455	-208
5	-950	279	192277400	-147	25	-221	24	-36	5	0	-1477	446	-495	71	455	-208
5	-950	279	192279400	-145	22	-247	25	-40	4	0	-1320	450	-495	71	455	-208
5	-950	279	192281400	-162	24	-213	21	-37	5	0	-1357	455	-495	71	455	-208
5	-950	279	192283404	-138	20	-235	21	-37	4	0	-1394	459	-495	71	455	-208
5	-950	279	192285404	-137	18	-201	18	-34	4	0	-1428	463	-495	71	455	-208
5	-950	279	192287400	-150	18	-224	17	-38	3	0	-1466	466	-495	71	455	-208
5	-950	279	192289404	-127	15	-190	15	-31	3	0	-1497	469	-495	71	455	-208
5	-950	279	192291408	-125	14	-211	15	-34	3	0	-1531	472	-495	71	455	-208
5	-950	279	192293404	-120	11	-179	11	-30	2	0	-1561	474	-495	71	455	-208
5	-950	279	192295396	-130	13	-199	12	-33	3	0	-1313	477	-495	71	455	-208
5	-950	279	192297400	-111	9	-166	8	-27	1	0	-1340	478	-495	71	455	-208
5	-950	279	192299404	-108	8	-182	9	-29	2	0	-1369	480	-495	71	455	-208
5	-950	279	192301408	-114	8	-154	8	-27	2	0	-1396	482	-495	71	455	-208
5	-950	279	192303404	-97	6	-166	6	-26	1	0	-1422	483	-495	71	455	-208
5	-950	279	192305404	-93	5	-139	6	-24	1	0	-1446	484	-495	71	455	-208
5	-950	279	192307400	-97	5	-150	5	-24	1	0	-1470	485	-495	71	455	-208
5	-950	279	192309400	-83	5	-123	4	-21	1	0	-1491	486	-495	71	455	-208
5	-950	279	192311396	-77	4	-132	5	-21	1	0	-1301	487	-495	71	455	-208
5	-950	279	192313384	-71	2	-108	4	-18	0	0	-1319	487	-495	71	455	-208
5	-950	279	192315388	-77	4	-116	2	-19	1	0	-1338	488	-495	71	455	-208
5	-950	279	192317388	-61	3	-95	4	-16	1	0	-1354	489	-495	71	455	-208
5	-950	279	192319372	-57	2	-100	2	-15	0	0	-1369	489	-495	71	455	-208
5	-950	279	192321380	-58	4	-80	3	-14	1	0	-1383	490	-495	71	455	-208
5	-950	279	192323372	-47	2	-85	4	-13	0	0	-1396	490	-495	71	455	-208
5	-950	279	192325384	-43	3	-66	2	-11	1	0	-1407	491	-495	71	455	-208
5	-950	279	192327376	-37	4	-69	3	-11	1	1	-1418	492	-495	71	455	-208
6	990	0	192329368	-38	3	-54	3	-9	0	1	-504	71	495	71	-495	71
6	990	0	192331376	-29	4	-55	4	-8	1	1	-512	72	495	71	-495	71
6	990	0	192333376	-26	3	-41	4	-7	1	1	-519	73	495	71	-495	71
6	990	0	192335364	-24	3	-41	4	-7	0	1	-526	73	495	71	-495	71
6	990	0	192337372	-18	4	-36	3	-5	1	1	-531	74	495	71	-495	71
6	990	0	192339372	-15	3	-27	3	-4	1	1	-535	75	495	71	-495	71
6	990	0	192341368	-15	3	-26	2	-4	0	1	-539	75	495	71	-495	71
6	990	0	192343380	-10	3	-19	3	-3	1	1	-542	76	495	71	-495	71
6	990	0	192345368	-9	2	-17	2	-3	0	1	-545	76	495	71	-495	71
6	990	0	192347376	-6	2	-13	3	-2	1	1	-547	77	495	71	-495	71
6	990	0	192349356	-7	2	-11	2	-2	0	1	-549	77	495	71	-495	71
6	990	0	192351368	-5	3	-7	2	-1	1	1	-550	78	495	71	-495	71
6	990	0	192353356	-2	1	-7	2	-1	0	1	-551	78	495	71	-495	71
6	990	0	192355344	-3	1	-3	1	0	0	1	-551	78	495	71	-495	71
6	990	0	192357356	-1	0	-4	2	-1	0	1	-552	78	495	71	-495	71
6	990	0	192359344	-1	1	-1	0	0	0	1	-552	78	495	71	-495	71
6	990	0	192361340	-1	0	-2	1	0	0	1	-552	78	495	71	-495	71
6	990	0	192363320	0	0	-1	0	0	0	1	-552	78	495	71	-495	71
6	990	0	192411324	0	0	0	0	0	0	0	-552	78	495	71	-495	71
6	990	0	192427356	0	0	1	0	0	0	0	-552	78	495	71	-495	71
6	990	0	192431356	0	0	2	0	0	0	0	-552	78	495	71	-495	71
6	990	0	192433356	1	0	3	0	0	0	0	-552	78	495	71	-495	71
6	990	0	192435356	3	0	6	0	0	0	0	-552	78	495	71	-495	71
6	990	0	192437392	3	0	6	-1	1	0	0	-551	78	495	71	-495	71
6	990	0	192439396	5	-1	10	0	2	0	0	-549	78	495	71	-495	71
6	990	0	192441388	8	-2	13	-1	2	0	0	-547	78	495	71	-495	71
6	990	0	192443384	9	-1	17	-1	2	0	0	-545	78	495	71	-495	71
6	990	0	192445356	11	-1	19	-1	3	0	0	-542	78	495	71	-495	71
6	990	0	192447380	14	-1	25	-3	4	0	0	-538	78	495	71	-495	71
6	990	0	192449380	18	-3	27	-1	5	0	0	-533	78	495	71	-495	71
6	990	0	192451392	20	-2	37	-3	6	-1	0	-527	77	495	71	-495	71
6	990	0	192453376	24	-2	36	-2	6	0	0	-521	77	495	71	-495	71
6	990	0	192455384	31	-3	49	-3	8	-1	0	-513	76	495	71	-495	71
6	990	0	192457376	33	-3	47	-2	8	0	0	-505	76	495	71	-495	71
6	990	0	192459388	36	-4	60	-4	9	-1	0	-496	75	495	71	-495	71
6	990	0	192461388	48	-3	60	-4	11	-1	0	-485	74	495	71	-495	71
6	990	0	192463380	46	-3	76	-3	12	0	0	-473	74	495	71	-495	71
6	990	0	192465392	50	-4	72	-4	12	-1	0	-461	73	495	71	-495	71
6	990	0	192467384	56	-2	90	-4	15	-1	0	-446	72	495	71	-495	71
6	990	0	192469388	70	-4	85	-4	15	-1	0	-431	71	495	71	-495	71
6	990	0	192471364	66	-2	105	-2	18	0	0	-413	71	495	71	-495	71
6	990	0	192473388	72	-3	97	-3	16	-1	0	-397	70	495	71	-495	71
6	990	0	192475380	87	-1	118	-2	21	0	0	-376	70	495	71	-495	71
6	990	0	192477384	83	-1	126	-1	21	0	0	-355	70	495	71	-495	71
6	990	0	192479360	87	0	116	0	20	0	0	-335	70	495	71	-495	71
6	990	0	192481360	105	0	141	0	25	0	0	-310	70	495	71	-495	71
6	990	0	192483360	98	0	129	0	22	0	0	-288	70	495	71	-495	71
6	990	0	192485384	101	3	155	0	26	0	0	-262	70	495	71	-495	71
6	990	0	192487376	106	3	141	4	25	0	0	-237	70	495	71	-495	71
6	990	0	192489384	125	5	170	4	29	1	0	-208	71	495	71	-495	71
6	990	0	192491380	115	7	155	5	27	1	0	-181	72	495	71	-495	71
6	990	0	192493380	119	7	185	6	31	1	0	-150	73	495	71	-495	71
6	990	0	192495376	137	9	169	7	30	2	0	-120	75	495	71	-495	71
6	990	0	192497384	127	9	200	9	33	2	0	-87	77	495	71	-495	71
6	990	0	192499384	130	10	183	9	31	2	0	-56	79	495	71	-495	71
6	990	0	192501388	132	10	216	11	35	2	0	-21	81	495	71	-495	71
6	990	0	192503388	154	11	195	10	35	2	0	14	83	495	71	-495	71
6	990	0	192505384	140	11	231	13	37	2	0	51	85	495	71	-495	71
6	990	0	192507380	141	11	209	11	35	2	0	86	87	495	71	-495	71
6	990	0	192509380	165	14	246	14	41	3	0	127	90	495	71	-495	71
6	990	0	192511388	149	13	221	12	37	3	0	164	93	495	71	-495	71
6	990	0	192513388	151	12	260	15	41	2	0	205	95	495	71	-495	71
6	990	0	192515384	174	15	233	13	41	3	0	246	98	495	71	-495	71
6	990	0	192517380	156	14	272	16	43	3	0	289	101	495	71	-495	71
6	990	0	192519376	160	14	244	14	40	3	0	329	104	495	71	-495	71
6	990	0	192521364	161	13	283	17	45	3	0	374	107	495	71	-495	71
6	990	0	192523368	185	17	252	14	43	3	0	417	110	495	71	-495	71
6	990	0	192525376	167	15	293	17	46	3	0	463	113	495	71	-495	71
6	990	0	192527372	168	15	258	15	43	3	0	506	116	495	71	-495	71
6	990	0	192529368	192	18	299	18	49	4	0	555	120	495	71	-495	71
6	990	0	192531360	172	17	264	15	44	3	0	599	123	495	71	-495	71
6	990	0	192533364	173	16	304	19	47	4	0	646	127	495	71	-495	71
6	990	0	192535360	175	16	266	16	44	3	0	690	130	495	71	-495	71
6	990	0	192537352	197	20	305	19	51	4	0	741	134	495	71	-495	71
6	990	0	192539356	176	16	266	17	44	3	0	785	137	495	71	-495	71
6	990	0	192541364	177	18	305	19	48	4	0	833	141	495	71	-495	71
6	990	0	192543360	197	19	265	17	46	3	0	879	144	495	71	-495	71
6	990	0	192545356	175	17	301	19	48	4	0	927	148	495	71	-495	71
6	990	0	192547344	175	18	263	16	44	3	0	971	151	495	71	-495	71
6	990	0	192549352	175	16	297	19	47	4	0	1018	155	495	71	-495	71
6	990	0	192551356	195	17	259	15	45	3	0	1063	158	495	71	-495	71
6	990	0	192553356	173	17	291	18	47	4	0	1110	162	495	71	-495	71
6	990	0	192555360	170	15	253	16	42	3	0	1152	165	495	71	-495	71
6	990	0	192557368	190	17	285	16	47	3	0	1199	168	495	71	-495	71
6	990	0	192559364	166	14	245	15	41	3	0	1240	171	495	71	-495	71
6	990	0	192561356	164	14	277	16	45	3	0	1285	174	495	71	-495	71
6	990	0	192563360	182	13	239	13	42	2	0	1327	176	495	71	-495	71
6	990	0	192565364	159	13	268	15	42	3	0	1369	179	495	71	-495	71
6	990	0	192567368	157	11	262	12	42	3	0	1411	182	495	71	-495	71
6	990	0	192569372	173	11	226	12	40	2	0	1451	184	495	71	-495	71
6	990	0	192571364	150	10	253	11	40	2	0	1491	186	495	71	-495	71
6	990	0	192573360	147	9	217	10	37	2	0	1528	188	495	71	-495	71
6	990	0	192575364	145	9	245	10	39	2	0	1567	190	495	71	-495	71
6	990	0	192577356	160	9	209	7	37	1	0	1604	191	495	71	-495	71
6	990	0	192579356	139	6	236	8	37	2	0	1317	193	495	71	-495	71
6	990	0	192581352	135	6	202	6	34	1	0	1351	194	495	71	-495	71
6	990	0	192583348	150	5	225	6	37	1	0	1388	195	495	71	-495	71
6	990	0	192585344	129	5	193	5	33	1	0	1421	196	495	71	-495	71
6	990	0	192587336	127	4	217	5	34	1	0	1455	197	495	71	-495	71
6	990	0	192589332	124	2	185	3	31	0	0	1486	197	495	71	-495	71
6	990	0	192591340	136	3	205	2	34	1	0	1520	198	495	71	-495	71
6	990	0	192593328	118	2	176	3	29	0	0	1549	198	495	71	-495	71
6	990	0	192595344	115	2	196	1	32	1	0	1581	199	495	71	-495	71
6	990	0	192597336	125	1	168	0	29	0	0	1309	199	495	71	-495	71
6	990	0	192599336	109	1	186	0	29	0	0	1338	199	495	71	-495	71
6	990	0	192601300	103	0	159	0	27	0	0	1365	199	495	71	-495	71
6	990	0	192603300	103	0	176	0	27	0	0	1392	199	495	71	-495	71
6	990	0	192605304	110	0	150	0	26	0	0	1418	199	495	71	-495	71
6	990	0	192607336	94	0	165	-2	26	0	0	1444	199	495	71	-495	71
6	990	0	192609328	90	-2	140	-2	23	0	0	1467	199	495	71	-495	71
6	990	0	192611328	97	-1	152	-3	25	0	0	1492	199	495	71	-495	71
6	990	0	192613320	83	-1	129	-2	21	0	0	1301	199	495	71	-495	71
6	990	0	192615332	77	-3	140	-3	22	-1	0	1323	198	495	71	-495	71
6	990	0	192617320	84	-1	116	-2	20	0	0	1343	198	495	71	-495	71
6	990	0	192619332	70	-2	127	-3	20	-1	0	1363	197	495	71	-495	71
6	990	0	192621320	65	-3	103	-2	17	0	0	1380	197	495	71	-495	71
6	990	0	192623336	60	-2	112	-4	17	-1	0	1397	196	495	71	-495	71
6	990	0	192625320	62	-3	90	-2	15	0	0	1412	196	495	71	-495	71
6	990	0	192627328	50	-2	96	-4	15	-1	0	1427	195	495	71	-495	71
6	990	0	192629332	47	-3	77	-3	12	-1	0	1292	194	495	71	-495	71
6	990	0	192631312	46	-2	82	-2	13	0	0	1305	194	495	71	-495	71
6	990	0	192633324	36	-3	65	-3	10	-1	0	1315	193	495	71	-495	71
6	990	0	192635312	34	-2	67	-2	10	0	0	1325	193	495	71	-495	71
6	990	0	192637332	31	-3	53	-3	8	-1	0	1333	192	495	71	-495	71
6	990	0	192639320	25	-1	53	-2	8	0	0	1341	192	495	71	-495	71
6	990	0	192641320	21	-3	42	-1	7	0	0	1348	192	495	71	-495	71
6	990	0	192643332	18	-1	41	-2	5	-1	1	1353	191	495	71	-495	71
7	990	0	192645320	16	-1	31	-1	5	0	1	500	71	495	71	-495	71
7	-950	-279	192647320	11	-1	30	-1	4	0	1	504	71	-455	-208	495	71
7	-950	-279	192649324	9	-2	23	-1	3	0	1	507	71	-455	-208	495	71
7	-950	-279	192651332	9	0	21	-2	3	-1	1	510	70	-455	-208	495	71
7	-950	-279	192653260	5	0	15	0	2	0	1	512	70	-455	-208	495	71
7	-950	-279	192655308	4	-1	15	-1	2	0	1	514	70	-455	-208	495	71
7	-950	-279	192657280	2	0	11	0	2	0	1	516	70	-455	-208	495	71
7	-950	-279	192659284	3	0	9	0	1	0	1	517	70	-455	-208	495	71
7	-950	-279	192661284	1	0	7	0	1	0	1	518	70	-455	-208	495	71
7	-950	-279	192663272	1	0	7	0	0	0	1	518	70	-455	-208	495	71
7	-950	-279	192665284	0	0	3	0	1	0	1	519	70	-455	-208	495	71
7	-950	-279	192667272	0	0	3	0	0	0	1	519	70	-455	-208	495	71
7	-950	-279	192669300	0	1	2	0	0	0	1	519	70	-455	-208	495	71
7	-950	-279	192671264	0	0	2	1	0	0	1	519	70	-455	-208	495	71
7	-950	-279	192673292	-3	1	1	0	0	0	1	519	70	-455	-208	495	71
7	-950	-279	192675288	-2	0	0	1	0	0	1	519	70	-455	-208	495	71
7	-950	-279	192677288	-4	1	0	1	0	0	1	519	70	-455	-208	495	71
7	-950	-279	192679292	-5	1	0	0	0	0	1	519	70	-455	-208	495	71
7	-950	-279	192681292	-4	0	-1	1	0	0	1	519	70	-455	-208	495	71
7	-950	-279	192683312	-5	2	-1	2	-1	1	1	518	71	-455	-208	495	71
7	-950	-279	192685300	-6	1	-1	1	-1	0	1	517	71	-455	-208	495	71
7	-950	-279	192687296	-5	1	-3	1	-1	0	1	516	71	-455	-208	495	71
7	-950	-279	192689284	-6	1	-1	1	0	0	1	516	71	-455	-208	495	71
7	-950	-279	192691308	-6	2	-1	2	-1	1	1	515	72	-455	-208	495	71
7	-950	-279	192693292	-7	1	-3	1	-1	0	1	514	72	-455	-208	495	71
7	-950	-279	192695288	-6	1	-1	1	-1	0	1	513	72	-455	-208	495	71
7	-950	-279	192697276	-5	1	-1	1	0	0	1	513	72	-455	-208	495	71
7	-950	-279	192699300	-6	2	-1	2	-1	1	1	512	73	-455	-208	495	71
7	-950	-279	192701288	-4	1	-3	0	-1	0	1	511	73	-455	-208	495	71
7	-950	-279	192703280	-5	1	-1	1	0	0	1	511	73	-455	-208	495	71
7	-950	-279	192705288	-4	0	-1	1	-1	0	1	510	73	-455	-208	495	71
7	-950	-279	192707272	-2	1	-2	0	0	0	1	510	73	-455	-208	495	71
7	-950	-279	192709288	-3	0	-1	1	-1	0	1	509	73	-455	-208	495	71
7	-950	-279	192711276	-2	2	0	0	0	0	1	509	73	-455	-208	495	71
7	-950	-279	192713248	-1	0	-1	0	0	0	1	509	73	-455	-208	495	71
7	-950	-279	192715284	-2	0	-1	2	0	1	1	509	74	-455	-208	495	71
7	-950	-279	192719224	0	0	-2	0	0	0	1	509	74	-455	-208	495	71
7	-950	-279	192723200	0	0	0	0	0	0	0	509	74	-455	-208	495	71
7	-950	-279	192727236	0	0	-1	0	-1	0	0	508	74	-455	-208	495	71
7	-950	-279	192729272	-1	0	0	-1	0	0	0	508	74	-455	-208	495	71
7	-950	-279	192731276	0	-1	-1	0	0	0	0	508	74	-455	-208	495	71
7	-950	-279	192733280	-2	-2	-3	-2	0	0	0	508	74	-455	-208	495	71
7	-950	-279	192735312	-2	-3	-3	-3	-1	-1	0	507	73	-455	-208	495	71
7	-950	-279	192737300	-2	-5	-5	-5	0	-1	0	507	72	-455	-208	495	71
7	-950	-279	192739304	-5	-6	-8	-5	-2	-1	0	505	71	-455	-208	495	71
7	-950	-279	192741304	-5	-8	-10	-7	-1	-1	0	504	70	-455	-208	495	71
7	-950	-279	192743304	-8	-10	-14	-10	-2	-2	0	502	68	-455	-208	495	71
7	-950	-279	192745300	-11	-12	-15	-10	-3	-3	0	499	65	-455	-208	495	71
7	-950	-279	192747304	-11	-14	-22	-15	-3	-2	0	496	63	-455	-208	495	71
7	-950	-279	192749296	-14	-16	-23	-14	-4	-3	0	492	60	-455	-208	495	71
7	-950	-279	192751300	-17	-20	-31	-20	-5	-4	0	487	56	-455	-208	495	71
7	-950	-279	192753308	-24	-25	-32	-20	-5	-5	0	482	51	-455	-208	495	71
7	-950	-279	192755300	-25	-26	-43	-28	-7	-5	0	475	46	-455	-208	495	71
7	-950	-279	192757300	-29	-30	-44	-26	-8	-6	0	467	40	-455	-208	495	71
7	-950	-279	192759304	-39	-38	-57	-35	-9	-7	0	458	33	-455	-208	495	71
7	-950	-279	192761312	-40	-39	-56	-35	-10	-8	0	448	25	-455	-208	495	71
7	-950	-279	192763308	-45	-41	-73	-44	-12	-8	0	436	17	-455	-208	495	71
7	-950	-279	192765316	-57	-51	-71	-42	-12	-9	0	424	8	-455	-208	495	71
7	-950	-279	192767316	-59	-50	-90	-53	-15	-11	0	409	-3	-455	-208	495	71
7	-950	-279	192769312	-64	-53	-88	-48	-15	-10	0	394	-13	-455	-208	495	71
7	-950	-279	192771316	-80	-62	-107	-62	-19	-12	0	375	-25	-455	-208	495	71
7	-950	-279	192773316	-78	-60	-103	-56	-18	-12	0	357	-37	-455	-208	495	71
7	-950	-279	192775316	-85	-64	-126	-67	-21	-13	0	336	-50	-455	-208	495	71
7	-950	-279	192777312	-93	-66	-120	-64	-22	-13	0	314	-63	-455	-208	495	71
7	-950	-279	192779312	-111	-79	-145	-75	-25	-15	0	289	-78	-455	-208	495	71
7	-950	-279	192781288	-108	-72	-135	-70	-25	-15	0	264	-93	-455	-208	495	71
7	-950	-279	192783300	-113	-75	-165	-83	-27	-15	0	237	-108	-455	-208	495	71
7	-950	-279	192785308	-137	-88	-151	-75	-29	-17	0	208	-125	-455	-208	495	71
7	-950	-279	192787300	-130	-80	-183	-88	-31	-16	0	177	-141	-455	-208	495	71
7	-950	-279	192789292	-136	-82	-167	-79	-31	-17	0	146	-158	-455	-208	495	71
7	-950	-279	192791296	-144	-83	-200	-93	-34	-17	0	112	-175	-455	-208	495	71
7	-950	-279	192793300	-168	-95	-184	-82	-35	-18	0	77	-193	-455	-208	495	71
7	-950	-279	192795296	-158	-86	-219	-96	-38	-18	0	39	-211	-455	-208	495	71
7	-950	-279	192797300	-164	-88	-197	-85	-36	-17	0	3	-228	-455	-208	495	71
7	-950	-279	192799308	-191	-98	-234	-98	-43	-20	0	-40	-248	-455	-208	495	71
7	-950	-279	192801304	-175	-89	-211	-86	-38	-17	0	-78	-265	-455	-208	495	71
7	-950	-279	192803308	-181	-89	-249	-98	-43	-19	0	-121	-284	-455	-208	495	71
7	-950	-279	192805296	-209	-99	-224	-87	-44	-19	0	-165	-303	-455	-208	495	71
7	-950	-279	192807296	-189	-87	-261	-98	-45	-18	0	-210	-321	-455	-208	495	71
7	-950	-279	192809292	-193	-88	-234	-85	-42	-18	0	-252	-339	-455	-208	495	71
7	-950	-279	192811296	-197	-85	-272	-96	-47	-18	0	-299	-357	-455	-208	495	71
7	-950	-279	192813296	-222	-95	-243	-82	-47	-17	0	-346	-374	-455	-208	495	71
7	-950	-279	192815288	-201	-81	-280	-92	-48	-18	0	-394	-392	-455	-208	495	71
7	-950	-279	192817280	-200	-80	-248	-80	-45	-16	0	-439	-408	-455	-208	495	71
7	-950	-279	192819280	-228	-87	-287	-87	-51	-17	0	-490	-425	-455	-208	495	71
7	-950	-279	192821288	-201	-75	-253	-74	-45	-15	0	-535	-440	-455	-208	495	71
7	-950	-279	192823276	-200	-73	-293	-84	-50	-16	0	-585	-456	-455	-208	495	71
7	-950	-279	192825276	-200	-70	-256	-70	-45	-14	0	-630	-470	-455	-208	495	71
7	-950	-279	192827272	-221	-76	-294	-77	-52	-15	0	-682	-485	-455	-208	495	71
7	-950	-279	192829268	-195	-65	-256	-65	-45	-13	0	-727	-498	-455	-208	495	71
7	-950	-279	192831252	-192	-63	-294	-73	-49	-14	0	-776	-512	-455	-208	495	71
7	-950	-279	192833252	-213	-67	-256	-61	-46	-12	0	-822	-524	-455	-208	495	71
7	-950	-279	192835260	-187	-58	-293	-67	-48	-13	0	-870	-537	-455	-208	495	71
7	-950	-279	192837252	-185	-55	-252	-57	-44	-11	0	-914	-548	-455	-208	495	71
7	-950	-279	192839256	-181	-53	-288	-62	-47	-12	0	-961	-560	-455	-208	495	71
7	-950	-279	192841256	-200	-59	-285	-60	-49	-11	0	-1010	-571	-455	-208	495	71
7	-950	-279	192843252	-175	-51	-246	-50	-42	-11	0	-1052	-582	-455	-208	495	71
7	-950	-279	192845256	-172	-49	-279	-58	-45	-10	0	-1097	-592	-455	-208	495	71
7	-950	-279	192847260	-190	-55	-240	-47	-43	-10	0	-1140	-602	-455	-208	495	71
7	-950	-279	192849272	-168	-48	-271	-54	-44	-11	0	-1184	-613	-455	-208	495	71
7	-950	-279	192851260	-164	-46	-235	-46	-40	-9	0	-1224	-622	-455	-208	495	71
7	-950	-279	192853256	-180	-51	-262	-53	-44	-10	0	-1268	-632	-455	-208	495	71
7	-950	-279	192855264	-158	-45	-225	-45	-38	-9	0	-1306	-641	-455	-208	495	71
7	-950	-279	192857268	-155	-45	-254	-50	-41	-10	0	-1347	-651	-455	-208	495	71
7	-950	-279	192859264	-153	-44	-216	-42	-37	-8	0	-1384	-659	-455	-208	495	71
7	-950	-279	192861264	-167	-50	-242	-50	-41	-10	0	-1425	-669	-455	-208	495	71
7	-950	-279	192863260	-147	-44	-207	-41	-35	-9	0	-1460	-678	-455	-208	495	71
7	-950	-279	192865248	-143	-43	-231	-49	-38	-9	0	-1498	-687	-455	-208	495	71
7	-950	-279	192867256	-157	-49	-197	-41	-35	-9	0	-1315	-696	-455	-208	495	71
7	-950	-279	192869260	-137	-43	-218	-48	-35	-9	0	-1350	-705	-455	-208	495	71
7	-950	-279	192871256	-134	-42	-187	-41	-33	-8	0	-1383	-713	-455	-208	495	71
7	-950	-279	192873264	-145	-49	-206	-48	-35	-10	0	-1418	-723	-455	-208	495	71
7	-950	-279	192875268	-126	-42	-175	-41	-30	-8	0	-1448	-731	-455	-208	495	71
7	-950	-279	192877272	-123	-43	-192	-47	-31	-9	0	-1479	-740	-455	-208	495	71
7	-950	-279	192879272	-132	-49	-164	-40	-30	-9	0	-1509	-749	-455	-208	495	71
7	-950	-279	192881272	-114	-42	-179	-48	-29	-9	0	-1538	-758	-455	-208	495	71
7	-950	-279	192883272	-110	-43	-151	-41	-26	-9	0	-1306	-729	-455	-208	495	71
7	-950	-279	192885272	-105	-42	-165	-46	-27	-9	0	-1333	-738	-455	-208	495	71
7	-950	-279	192887264	-114	-48	-138	-42	-25	-9	0	-1358	-747	-455	-208	495	71
7	-950	-279	192889268	-96	-43	-151	-47	-25	-9	0	-1383	-756	-455	-208	495	71
7	-950	-279	192891272	-92	-43	-125	-43	-22	-8	0	-1405	-764	-455	-208	495	71
7	-950	-279	192893276	-100	-49	-135	-47	-23	-10	0	-1428	-774	-455	-208	495	71
7	-950	-279	192895268	-84	-42	-112	-43	-20	-8	0	-1448	-782	-455	-208	495	71
7	-950	-279	192897276	-79	-44	-120	-48	-20	-9	0	-1468	-791	-455	-208	495	71
7	-950	-279	192899280	-84	-49	-99	-43	-18	-10	0	-1298	-730	-455	-208	495	71
7	-950	-279	192901276	-70	-42	-105	-49	-18	-9	0	-1316	-739	-455	-208	495	71
7	-950	-279	192903272	-65	-44	-86	-42	-15	-8	0	-1331	-747	-455	-208	495	71
7	-950	-279	192905272	-61	-44	-90	-49	-15	-10	0	-1346	-757	-455	-208	495	71
7	-950	-279	192907268	-65	-47	-83	-49	-15	-9	0	-1361	-766	-455	-208	495	71
7	-950	-279	192909264	-52	-44	-65	-41	-11	-9	0	-1372	-775	-455	-208	495	71
7	-950	-279	192911264	-49	-42	-69	-47	-12	-9	0	-1384	-784	-455	-208	495	71
7	-950	-279	192913260	-50	-47	-53	-42	-10	-9	0	-1394	-793	-455	-208	495	71
7	-950	-279	192915260	-41	-41	-57	-46	-10	-8	0	-1404	-801	-455	-208	495	71
7	-950	-279	192917260	-38	-40	-43	-39	-8	-8	0	-1412	-809	-455	-208	495	71
7	-950	-279	192919264	-34	-39	-44	-43	-8	-8	0	-1420	-817	-455	-208	495	71
7	-950	-279	192921260	-33	-41	-35	-37	-7	-8	0	-1427	-825	-455	-208	495	71
7	-950	-279	192923248	-28	-34	-36	-40	-6	-8	0	-1433	-833	-455	-208	495	71
7	-950	-279	192925248	-25	-33	-27	-32	-6	-6	0	-1439	-839	-455	-208	495	71
7	-950	-279	192927260	-24	-34	-27	-36	-5	-7	0	-1285	-727	-455	-208	495	71
7	-950	-279	192929268	-20	-28	-20	-29	-4	-6	0	-1289	-733	-455	-208	495	71
7	-950	-279	192931264	-16	-26	-21	-30	-3	-5	0	-1292	-738	-455	-208	495	71
7	-950	-279	192933268	-16	-26	-15	-24	-3	-5	0	-1283	-725	-455	-208	495	71
7	-950	-279	192935264	-13	-20	-17	-25	-3	-5	0	-1286	-730	-455	-208	495	71
7	-950	-279	192937268	-11	-19	-11	-19	-3	-4	0	-1289	-734	-455	-208	495	71
7	-950	-279	192939268	-9	-15	-11	-20	-2	-3	0	-1291	-737	-455	-208	495	71
7	-950	-279	192941272	-8	-15	-8	-15	-1	-3	0	-1292	-740	-455	-208	495	71
7	-950	-279	192943268	-7	-10	-8	-13	-2	-2	0	-1294	-742	-455	-208	495	71
7	-950	-279	192945264	-5	-10	-7	-12	-1	-3	0	-1295	-745	-455	-208	495	71
7	-950	-279	192947264	-5	-7	-5	-10	-1	-1	1	-1296	-746	-455	-208	495	71
8	-950	-279	192949256	-3	-5	-3	-7	-1	-2	1	-456	-210	-455	-208	495	71
8	-950	-279	192951248	-3	-5	-5	-6	0	-1	1	-456	-211	-455	-208	495	71
8	833	535	192953248	-2	-4	-3	-4	-1	0	1	-457	-211	378	327	-455	-208
8	833	535	192955252	-2	-1	-2	-4	0	-1	1	-457	-212	378	327	-455	-208
8	833	535	192957252	-1	-3	-2	-2	-1	0	1	-458	-212	378	327	-455	-208
8	833	535	192959256	-1	-1	-1	-2	0	-1	1	-458	-213	378	327	-455	-208
8	833	535	192961212	0	0	0	-1	0	0	1	-458	-213	378	327	-455	-208
8	833	535	192963208	0	0	-1	0	0	0	1	-458	-213	378	327	-455	-208
8	833	535	192965212	0	0	0	-1	0	0	1	-458	-213	378	327	-455	-208
8	833	535	193033272	0	2	2	2	0	0	0	-458	-213	378	327	-455	-208
8	833	535	193035272	0	1	1	1	0	0	0	-458	-213	378	327	-455	-208
8	833	535	193037284	3	2	2	1	0	0	0	-458	-213	378	327	-455	-208
8	833	535	193039308	2	4	4	4	1	1	0	-457	-212	378	327	-455	-208
8	833	535	193041292	3	4	5	4	0	1	0	-457	-211	378	327	-455	-208
8	833	535	193043304	5	5	8	5	2	1	0	-455	-210	378	327	-455	-208
8	833	535	193045308	5	6	7	5	1	1	0	-454	-209	378	327	-455	-208
8	833	535	193047308	6	8	10	7	2	1	0	-452	-208	378	327	-455	-208
8	833	535	193049304	7	8	11	6	1	2	0	-451	-206	378	327	-455	-208
8	833	535	193051300	10	9	15	10	3	2	0	-448	-204	378	327	-455	-208
8	833	535	193053304	12	11	15	8	3	1	0	-445	-203	378	327	-455	-208
8	833	535	193055304	12	10	22	11	3	3	0	-442	-200	378	327	-455	-208
8	833	535	193057312	14	13	20	11	3	2	0	-439	-198	378	327	-455	-208
8	833	535	193059316	19	15	26	13	5	3	0	-434	-195	378	327	-455	-208
8	833	535	193061312	18	14	27	14	4	3	0	-430	-192	378	327	-455	-208
8	833	535	193063324	20	16	34	15	6	3	0	-424	-189	378	327	-455	-208
8	833	535	193065324	27	19	34	15	6	3	0	-418	-186	378	327	-455	-208
8	833	535	193067328	25	16	41	18	6	3	0	-412	-183	378	327	-455	-208
8	833	535	193069324	27	19	40	17	7	4	0	-405	-179	378	327	-455	-208
8	833	535	193071320	29	18	50	20	8	4	0	-397	-175	378	327	-455	-208
8	833	535	193073320	37	23	48	17	9	4	0	-388	-171	378	327	-455	-208
8	833	535	193075316	35	20	57	23	9	4	0	-379	-167	378	327	-455	-208
8	833	535	193077320	39	22	55	20	9	4	0	-370	-163	378	327	-455	-208
8	833	535	193079316	48	27	68	25	12	6	0	-358	-157	378	327	-455	-208
8	833	535	193081308	45	23	63	21	11	4	0	-347	-153	378	327	-455	-208
8	833	535	193083312	50	25	78	27	12	5	0	-335	-148	378	327	-455	-208
8	833	535	193085316	52	27	74	24	13	5	0	-322	-143	378	327	-455	-208
8	833	535	193087312	65	32	88	30	15	6	0	-307	-137	378	327	-455	-208
8	833	535	193089308	64	29	83	28	15	6	0	-292	-131	378	327	-455	-208
8	833	535	193091316	67	32	100	33	17	7	0	-275	-124	378	327	-455	-208
8	833	535	193093312	84	39	95	33	18	7	0	-257	-117	378	327	-455	-208
8	833	535	193095316	80	38	114	40	19	8	0	-238	-109	378	327	-455	-208
8	833	535	193097316	89	40	106	37	19	7	0	-219	-102	378	327	-455	-208
8	833	535	193099316	109	50	129	48	24	10	0	-195	-92	378	327	-455	-208
8	833	535	193101316	106	50	138	52	25	10	0	-170	-82	378	327	-455	-208
8	833	535	193103316	115	53	128	52	24	11	0	-146	-71	378	327	-455	-208
8	833	535	193105320	124	60	155	63	28	12	0	-118	-59	378	327	-455	-208
8	833	535	193107316	152	74	144	60	29	14	0	-89	-45	378	327	-455	-208
8	833	535	193109316	145	73	173	78	32	15	0	-57	-30	378	327	-455	-208
8	833	535	193111316	155	80	162	74	32	15	0	-25	-15	378	327	-455	-208
8	833	535	193113320	188	97	196	91	38	19	0	13	4	378	327	-455	-208
8	833	535	193115324	178	96	180	89	36	18	0	49	22	378	327	-455	-208
8	833	535	193117324	189	103	217	108	41	21	0	90	43	378	327	-455	-208
8	833	535	193119324	224	126	199	104	42	23	0	132	66	378	327	-455	-208
8	833	535	193121324	210	120	240	128	45	25	0	177	91	378	327	-455	-208
8	833	535	193123324	219	129	219	120	44	25	0	221	116	378	327	-455	-208
8	833	535	193125328	227	135	261	143	49	28	0	270	144	378	327	-455	-208
8	833	535	193127324	263	160	236	134	50	29	0	320	173	378	327	-455	-208
8	833	535	193129320	240	150	282	161	52	31	0	372	204	378	327	-455	-208
8	833	535	193131320	245	156	253	148	50	31	0	422	235	378	327	-455	-208
8	833	535	193133320	280	183	298	175	57	36	0	479	271	378	327	-455	-208
8	833	535	193135320	251	166	266	159	52	32	0	531	303	378	327	-455	-208
8	833	535	193137316	254	171	311	186	57	36	0	588	339	378	327	-455	-208
8	833	535	193139316	286	196	277	167	56	36	0	644	375	378	327	-455	-208
8	833	535	193141320	255	178	321	195	57	37	0	701	412	378	327	-455	-208
8	833	535	193143320	252	179	281	173	54	36	0	755	448	378	327	-455	-208
8	833	535	193145320	252	181	324	200	57	38	0	812	486	378	327	-455	-208
8	833	535	193147320	280	204	282	175	57	38	0	869	524	378	327	-455	-208
8	833	535	193149320	245	182	322	200	56	38	0	925	562	378	327	-455	-208
8	833	535	193151324	241	180	278	175	52	35	0	977	597	378	327	-455	-208
8	833	535	193153316	266	200	315	197	58	40	0	1035	637	378	327	-455	-208
8	833	535	193155312	231	176	272	173	51	35	0	1086	672	378	327	-455	-208
8	833	535	193157312	225	174	303	194	52	37	0	1138	709	378	327	-455	-208
8	833	535	193159316	248	190	259	166	51	35	0	1189	744	378	327	-455	-208
8	833	535	193161324	214	166	290	187	50	36	0	1239	780	378	327	-455	-208
8	833	535	193163324	207	162	245	160	46	32	0	1285	752	378	327	-455	-208
8	833	535	193165324	201	157	273	178	47	33	0	1332	785	378	327	-455	-208
8	833	535	193167316	219	171	230	151	45	33	0	1377	818	378	327	-455	-208
8	833	535	193169316	189	147	252	168	44	31	0	1421	849	378	327	-455	-208
8	833	535	193171312	182	142	213	142	40	28	0	1320	748	378	327	-455	-208
8	833	535	193173312	198	154	233	156	43	31	0	1363	779	378	327	-455	-208
8	833	535	193175316	169	131	197	132	36	27	0	1399	806	378	327	-455	-208
8	833	535	193177324	162	126	213	143	38	27	0	1437	833	378	327	-455	-208
8	833	535	193179312	175	137	178	123	35	26	0	1472	859	378	327	-455	-208
8	833	535	193181316	149	116	195	134	34	25	0	1506	884	378	327	-455	-208
8	833	535	193183320	142	112	185	128	33	24	0	1539	908	378	327	-455	-208
8	833	535	193185320	135	107	152	108	29	21	0	1568	929	378	327	-455	-208
8	833	535	193187324	147	116	168	117	31	23	0	1599	952	378	327	-455	-208
8	833	535	193189320	123	97	137	99	26	20	0	1625	972	378	327	-455	-208
8	833	535	193191332	118	95	150	108	27	20	0	1307	740	378	327	-455	-208
8	833	535	193193336	126	102	125	91	25	20	0	1332	760	378	327	-455	-208
8	833	535	193195332	105	86	135	99	24	18	0	1356	778	378	327	-455	-208
8	833	535	193197324	100	82	112	82	21	17	0	1377	795	378	327	-455	-208
8	833	535	193199332	105	88	121	90	23	17	0	1400	812	378	327	-455	-208
8	833	535	193201332	86	74	100	75	19	15	0	1419	827	378	327	-455	-208
8	833	535	193203340	83	71	107	81	19	15	0	1438	842	378	327	-455	-208
8	833	535	193205332	75	66	90	68	16	14	0	1296	734	378	327	-455	-208
8	833	535	193207332	79	71	97	75	18	14	0	1314	748	378	327	-455	-208
8	833	535	193209328	65	59	80	60	14	12	0	1328	760	378	327	-455	-208
8	833	535	193211328	60	55	86	66	15	12	0	1343	772	378	327	-455	-208
8	833	535	193213328	60	58	70	55	13	12	0	1356	784	378	327	-455	-208
8	833	535	193215332	50	48	76	58	12	10	0	1368	794	378	327	-455	-208
8	833	535	193217332	43	44	61	47	11	9	0	1379	803	378	327	-455	-208
8	833	535	193219336	45	46	67	49	11	10	0	1390	813	378	327	-455	-208
8	833	535	193221332	37	37	53	40	9	8	0	1399	821	378	327	-455	-208
8	833	535	193223336	31	33	58	42	9	7	0	1408	828	378	327	-455	-208
8	833	535	193225328	31	35	45	34	8	7	0	1416	835	378	327	-455	-208
8	833	535	193227344	24	28	47	35	7	6	0	1287	726	378	327	-455	-208
8	833	535	193229348	21	25	39	28	6	6	0	1293	732	378	327	-455	-208
8	833	535	193231348	18	21	39	27	5	4	0	1298	736	378	327	-455	-208
8	833	535	193233344	16	23	31	23	5	5	0	1303	741	378	327	-455	-208
8	833	535	193235356	12	17	31	21	4	4	0	1307	745	378	327	-455	-208
8	833	535	193237360	10	15	28	20	4	3	0	1311	748	378	327	-455	-208
8	833	535	193239360	9	15	20	15	3	3	0	1314	751	378	327	-455	-208
8	833	535	193241360	6	11	21	15	3	3	0	1283	723	378	327	-455	-208
8	833	535	193243352	5	10	15	11	2	2	0	1285	725	378	327	-455	-208
8	833	535	193245356	3	10	15	11	2	2	0	1287	727	378	327	-455	-208
8	833	535	193247364	2	7	10	9	1	2	0	1288	729	378	327	-455	-208
8	833	535	193249364	2	6	10	8	1	1	1	1289	730	378	327	-455	-208
9	833	535	193251360	0	5	6	6	1	1	1	379	328	378	327	-455	-208
9	833	535	193253348	0	4	7	6	0	1	1	379	329	378	327	-455	-208
9	833	535	193255364	0	3	5	4	1	1	1	380	330	378	327	-455	-208
9	-648	-748	193257348	-1	3	2	4	0	1	1	380	331	-270	-421	378	327
9	-648	-748	193259332	-1	2	3	2	0	0	1	380	331	-270	-421	378	327
9	-648	-748	193261344	-1	3	2	3	0	1	1	380	332	-270	-421	378	327
9	-648	-748	193263332	-1	1	0	2	0	0	1	380	332	-270	-421	378	327
9	-648	-748	193265336	-3	1	1	1	0	0	1	380	332	-270	-421	378	327
9	-648	-748	193267344	-1	2	0	2	0	1	1	380	333	-270	-421	378	327
9	-648	-748	193269332	-1	1	2	1	0	0	1	380	333	-270	-421	378	327
9	-648	-748	193271308	-3	1	0	0	0	0	1	380	333	-270	-421	378	327
9	-648	-748	193273304	-1	0	0	0	0	0	1	380	333	-270	-421	378	327
9	-648	-748	193275324	-1	1	0	1	0	0	1	380	333	-270	-421	378	327
9	-648	-748	193277296	-2	0	0	0	0	0	1	380	333	-270	-421	378	327
9	-648	-748	193279300	-1	0	0	0	0	0	1	380	333	-270	-421	378	327
9	-648	-748	193281308	-1	0	0	0	0	0	1	380	333	-270	-421	378	327
9	-648	-748	193283312	-1	0	-1	0	0	0	1	380	333	-270	-421	378	327
9	-648	-748	193287320	-2	0	0	0	-1	0	1	379	333	-270	-421	378	327
9	-648	-748	193301256	0	-1	0	0	0	0	1	379	333	-270	-421	378	327
9	-648	-748	193303260	0	-3	0	-2	0	0	1	379	333	-270	-421	378	327
9	-648	-748	193305256	0	-2	0	-2	0	0	1	379	333	-270	-421	378	327
9	-648	-748	193307268	0	-5	0	-4	0	-1	1	379	332	-270	-421	378	327
9	-648	-748	193309324	-1	-5	0	-5	0	-1	1	379	331	-270	-421	378	327
9	-648	-748	193311320	-2	-8	1	-6	0	-1	1	379	330	-270	-421	378	327
9	-648	-748	193313316	-2	-10	1	-9	0	-2	1	379	328	-270	-421	378	327
9	-648	-748	193315320	-3	-10	2	-9	0	-2	1	379	326	-270	-421	378	327
9	-648	-748	193317292	-3	-11	3	-11	0	-2	0	379	324	-270	-421	378	327
9	-648	-748	193319324	-4	-14	1	-11	0	-3	0	379	321	-270	-421	378	327
9	-648	-748	193321332	-5	-15	4	-15	0	-3	0	379	318	-270	-421	378	327
9	-648	-748	193323332	-3	-16	2	-18	0	-3	0	379	315	-270	-421	378	327
9	-648	-748	193325340	-7	-19	4	-16	-1	-4	0	378	311	-270	-421	378	327
9	-648	-748	193327320	-6	-22	4	-21	0	-4	0	378	307	-270	-421	378	327
9	-648	-748	193329324	-5	-24	2	-21	0	-5	0	378	302	-270	-421	378	327
9	-648	-748	193331328	-7	-25	5	-27	0	-5	0	378	297	-270	-421	378	327
9	-648	-748	193333344	-9	-30	4	-25	-1	-5	0	377	292	-270	-421	378	327
9	-648	-748	193335332	-9	-29	5	-30	0	-6	0	377	286	-270	-421	378	327
9	-648	-748	193337352	-10	-31	4	-30	-1	-6	0	376	280	-270	-421	378	327
9	-648	-748	193339340	-12	-36	4	-35	-1	-7	0	375	273	-270	-421	378	327
9	-648	-748	193341336	-13	-35	2	-33	-1	-7	0	374	266	-270	-421	378	327
9	-648	-748	193343332	-14	-37	3	-40	-1	-8	0	373	258	-270	-421	378	327
9	-648	-748	193345328	-15	-40	0	-38	-1	-8	0	372	250	-270	-421	378	327
9	-648	-748	193347324	-20	-47	0	-46	-2	-9	0	370	241	-270	-421	378	327
9	-648	-748	193349324	-20	-46	-1	-44	-3	-9	0	367	232	-270	-421	378	327
9	-648	-748	193351324	-21	-52	-5	-55	-2	-11	0	365	221	-270	-421	378	327
9	-648	-748	193353328	-29	-62	-7	-52	-4	-11	0	361	210	-270	-421	378	327
9	-648	-748	193355336	-28	-60	-12	-64	-4	-12	0	357	198	-270	-421	378	327
9	-648	-748	193357332	-33	-65	-12	-61	-4	-13	0	353	185	-270	-421	378	327
9	-648	-748	193359336	-41	-80	-19	-77	-6	-16	0	347	169	-270	-421	378	327
9	-648	-748	193361332	-41	-76	-20	-72	-6	-15	0	341	154	-270	-421	378	327
9	-648	-748	193363340	-47	-83	-27	-89	-8	-17	0	333	137	-270	-421	378	327
9	-648	-748	193365340	-51	-87	-30	-82	-8	-17	0	325	120	-270	-421	378	327
9	-648	-748	193367336	-62	-107	-39	-102	-10	-21	0	315	99	-270	-421	378	327
9	-648	-748	193369336	-63	-100	-39	-93	-10	-19	0	305	80	-270	-421	378	327
9	-648	-748	193371336	-66	-106	-50	-114	-12	-22	0	293	58	-270	-421	378	327
9	-648	-748	193373328	-83	-127	-49	-105	-13	-23	0	280	35	-270	-421	378	327
9	-648	-748	193375328	-78	-119	-62	-126	-14	-25	0	266	10	-270	-421	378	327
9	-648	-748	193377328	-84	-124	-60	-117	-14	-24	0	252	-14	-270	-421	378	327
9	-648	-748	193379324	-90	-129	-75	-137	-17	-26	0	235	-40	-270	-421	378	327
9	-648	-748	193381320	-109	-151	-71	-126	-18	-28	0	217	-68	-270	-421	378	327
9	-648	-748	193383320	-101	-137	-89	-149	-19	-29	0	198	-97	-270	-421	378	327
9	-648	-748	193385316	-106	-143	-83	-134	-19	-27	0	179	-124	-270	-421	378	327
9	-648	-748	193387316	-127	-164	-100	-157	-22	-32	0	157	-156	-270	-421	378	327
9	-648	-748	193389316	-116	-150	-93	-142	-21	-30	0	136	-186	-270	-421	378	327
9	-648	-748	193391324	-121	-152	-113	-165	-24	-31	0	112	-217	-270	-421	378	327
9	-648	-748	193393320	-141	-174	-104	-146	-24	-32	0	88	-249	-270	-421	378	327
9	-648	-748	193395328	-129	-157	-123	-171	-25	-33	0	63	-282	-270	-421	378	327
9	-648	-748	193397320	-133	-159	-114	-151	-25	-31	0	38	-313	-270	-421	378	327
9	-648	-748	193399320	-135	-161	-135	-177	-27	-34	0	11	-347	-270	-421	378	327
9	-648	-748	193401316	-156	-183	-123	-155	-28	-34	0	-17	-381	-270	-421	378	327
9	-648	-748	193403312	-142	-164	-146	-180	-29	-34	0	-46	-415	-270	-421	378	327
9	-648	-748	193405316	-145	-166	-132	-158	-28	-32	0	-74	-447	-270	-421	378	327
9	-648	-748	193407312	-167	-187	-158	-184	-32	-38	0	-106	-485	-270	-421	378	327
9	-648	-748	193409320	-151	-168	-140	-163	-29	-33	0	-135	-518	-270	-421	378	327
9	-648	-748	193411328	-152	-167	-166	-186	-32	-35	0	-167	-553	-270	-421	378	327
9	-648	-748	193413324	-175	-192	-170	-186	-34	-38	0	-201	-591	-270	-421	378	327
9	-648	-748	193415312	-158	-168	-153	-165	-32	-33	0	-233	-624	-270	-421	378	327
9	-648	-748	193417320	-160	-170	-177	-189	-33	-36	0	-266	-660	-270	-421	378	327
9	-648	-748	193419328	-161	-170	-159	-165	-32	-33	0	-298	-693	-270	-421	378	327
9	-648	-748	193421320	-183	-192	-184	-189	-37	-39	0	-335	-732	-270	-421	378	327
9	-648	-748	193423308	-165	-168	-162	-166	-33	-33	0	-368	-765	-270	-421	378	327
9	-648	-748	193425316	-165	-170	-189	-190	-35	-36	0	-403	-756	-270	-421	378	327
9	-648	-748	193427312	-187	-189	-166	-165	-35	-35	0	-438	-791	-270	-421	378	327
9	-648	-748	193429308	-168	-169	-193	-187	-36	-36	0	-474	-827	-270	-421	378	327
9	-648	-748	193431304	-167	-166	-168	-164	-34	-33	0	-508	-860	-270	-421	378	327
9	-648	-748	193433300	-168	-166	-193	-185	-36	-35	0	-544	-895	-270	-421	378	327
9	-648	-748	193435292	-187	-184	-170	-161	-36	-35	0	-580	-930	-270	-421	378	327
9	-648	-748	193437296	-166	-163	-194	-182	-36	-34	0	-616	-964	-270	-421	378	327
9	-648	-748	193439300	-165	-158	-168	-157	-33	-32	0	-649	-996	-270	-421	378	327
9	-648	-748	193441304	-184	-178	-192	-178	-38	-35	0	-687	-755	-270	-421	378	327
9	-648	-748	193443312	-160	-154	-166	-152	-32	-31	0	-719	-786	-270	-421	378	327
9	-648	-748	193445312	-159	-152	-187	-173	-35	-32	0	-754	-818	-270	-421	378	327
9	-648	-748	193447320	-176	-168	-163	-148	-34	-32	0	-788	-850	-270	-421	378	327
9	-648	-748	193449312	-154	-146	-184	-167	-34	-31	0	-822	-881	-270	-421	378	327
9	-648	-748	193451312	-150	-142	-158	-142	-30	-29	0	-852	-910	-270	-421	378	327
9	-648	-748	193453320	-146	-142	-178	-160	-33	-30	0	-885	-940	-270	-421	378	327
9	-648	-748	193455328	-161	-153	-152	-136	-31	-29	0	-916	-969	-270	-421	378	327
9	-648	-748	193457324	-138	-133	-172	-153	-31	-28	0	-947	-997	-270	-421	378	327
9	-648	-748	193459332	-134	-130	-145	-130	-28	-26	0	-975	-746	-270	-421	378	327
9	-648	-748	193461332	-145	-141	-162	-144	-31	-29	0	-1006	-775	-270	-421	378	327
9	-648	-748	193463324	-125	-123	-139	-123	-26	-24	0	-1032	-799	-270	-421	378	327
9	-648	-748	193465316	-121	-120	-154	-138	-28	-26	0	-1060	-825	-270	-421	378	327
9	-648	-748	193467316	-130	-130	-130	-116	-26	-25	0	-1086	-850	-270	-421	378	327
9	-648	-748	193469316	-110	-113	-142	-130	-25	-24	0	-1111	-874	-270	-421	378	327
9	-648	-748	193471324	-106	-110	-121	-111	-22	-22	0	-1133	-896	-270	-421	378	327
9	-648	-748	193473312	-103	-108	-133	-124	-24	-23	0	-1157	-919	-270	-421	378	327
9	-648	-748	193475316	-108	-117	-111	-104	-22	-22	0	-1179	-742	-270	-421	378	327
9	-648	-748	193477320	-93	-102	-121	-116	-21	-22	0	-1200	-764	-270	-421	378	327
9	-648	-748	193479316	-87	-97	-103	-99	-19	-20	0	-1219	-784	-270	-421	378	327
9	-648	-748	193481320	-94	-108	-110	-110	-21	-22	0	-1240	-806	-270	-421	378	327
9	-648	-748	193483316	-79	-92	-105	-106	-18	-19	0	-1258	-825	-270	-421	378	327
9	-648	-748	193485312	-74	-89	-86	-89	-16	-18	0	-1274	-843	-270	-421	378	327
9	-648	-748	193487312	-80	-97	-94	-100	-18	-20	0	-1292	-863	-270	-421	378	327
9	-648	-748	193489308	-65	-84	-76	-85	-14	-17	0	-1306	-880	-270	-421	378	327
9	-648	-748	193491316	-62	-81	-83	-92	-14	-17	0	-1320	-897	-270	-421	378	327
9	-648	-748	193493304	-58	-79	-66	-79	-13	-16	0	-1293	-736	-270	-421	378	327
9	-648	-748	193495308	-60	-85	-71	-88	-13	-17	0	-1306	-753	-270	-421	378	327
9	-648	-748	193497316	-48	-73	-58	-73	-10	-15	0	-1316	-768	-270	-421	378	327
9	-648	-748	193499308	-45	-70	-60	-82	-11	-15	0	-1327	-783	-270	-421	378	327
9	-648	-748	193501304	-47	-75	-48	-67	-9	-14	0	-1336	-797	-270	-421	378	327
9	-648	-748	193503304	-37	-63	-50	-74	-9	-14	0	-1345	-811	-270	-421	378	327
9	-648	-748	193505308	-33	-62	-40	-62	-7	-12	0	-1352	-823	-270	-421	378	327
9	-648	-748	193507296	-32	-65	-42	-67	-8	-14	0	-1360	-837	-270	-421	378	327
9	-648	-748	193509292	-25	-53	-31	-56	-5	-10	0	-1285	-730	-270	-421	378	327
9	-648	-748	193511296	-23	-52	-32	-60	-6	-12	0	-1291	-742	-270	-421	378	327
9	-648	-748	193513296	-18	-47	-25	-49	-4	-9	0	-1295	-751	-270	-421	378	327
9	-648	-748	193515288	-18	-50	-25	-52	-4	-10	0	-1299	-761	-270	-421	378	327
9	-648	-748	193517288	-14	-41	-20	-43	-4	-9	0	-1303	-770	-270	-421	378	327
9	-648	-748	193519292	-10	-38	-18	-45	-3	-8	0	-1306	-778	-270	-421	378	327
9	-648	-748	193521296	-10	-37	-15	-35	-2	-7	0	-1308	-785	-270	-421	378	327
9	-648	-748	193523300	-6	-29	-14	-37	-2	-7	0	-1310	-792	-270	-421	378	327
9	-648	-748	193525296	-5	-26	-10	-29	-2	-5	0	-1282	-725	-270	-421	378	327
9	-648	-748	193527296	-4	-24	-8	-29	-1	-6	0	-1283	-731	-270	-421	378	327
9	-648	-748	193529296	-2	-23	-7	-22	-1	-4	0	-1284	-735	-270	-421	378	327
9	-648	-748	193531284	-1	-16	-6	-21	0	-4	0	-1284	-739	-270	-421	378	327
9	-648	-748	193533296	-2	-14	-4	-18	-1	-3	0	-1285	-742	-270	-421	378	327
9	-648	-748	193535284	0	-13	-3	-15	0	-3	0	-1285	-745	-270	-421	378	327
9	-648	-748	193537292	0	-9	-3	-11	-1	-2	0	-1286	-747	-270	-421	378	327
9	-648	-748	193539284	0	-8	-2	-11	0	-2	0	-1286	-749	-270	-421	378	327
9	-648	-748	193541284	0	-6	-2	-8	0	-1	0	-1280	-721	-270	-421	378	327
9	-648	-748	193543280	0	-4	-1	-6	0	-1	0	-1280	-722	-270	-421	378	327
9	-648	-748	193545280	0	-2	-1	-5	0	-1	1	-1280	-723	-270	-421	378	327
10	-648	-748	193547228	0	-1	0	-3	0	0	1	-270	-421	-270	-421	378	327
10	-648	-748	193549272	0	-2	-1	-2	0	-1	1	-270	-422	-270	-421	378	327
10	-648	-748	193551232	0	0	0	-1	0	0	1	-270	-422	-270	-421	378	327
10	-648	-748	193559236	1	0	0	0	0	0	1	-270	-422	-270	-421	378	327
10	411	901	193579256	1	0	0	0	0	0	1	-270	-422	141	480	-270	-421
10	411	901	193597248	0	0	0	-2	0	0	1	-270	-422	141	480	-270	-421
10	411	901	193623208	0	0	0	0	0	0	0	-270	-422	141	480	-270	-421
10	411	901	193625236	1	0	0	0	0	0	0	-270	-422	141	480	-270	-421
10	411	901	193629240	0	1	0	1	0	0	0	-270	-422	141	480	-270	-421
10	411	901	193631268	0	1	1	0	0	0	0	-270	-422	141	480	-270	-421
10	411	901	193633252	3	1	2	2	0	0	0	-270	-422	141	480	-270	-421
10	411	901	193635264	2	5	1	4	0	1	0	-270	-421	141	480	-270	-421
10	411	901	193637276	4	5	4	6	1	1	0	-269	-420	141	480	-270	-421
10	411	901	193639284	4	8	5	7	1	1	0	-268	-419	141	480	-270	-421
10	411	901	193641288	7	11	7	10	1	2	0	-267	-417	141	480	-270	-421
10	411	901	193643284	8	11	8	12	2	3	0	-265	-414	141	480	-270	-421
10	411	901	193645280	8	15	10	13	2	2	0	-263	-412	141	480	-270	-421
10	411	901	193647284	12	17	12	17	2	4	0	-261	-408	141	480	-270	-421
10	411	901	193649284	13	22	14	18	3	4	0	-258	-404	141	480	-270	-421
10	411	901	193651288	14	23	17	23	3	4	0	-255	-400	141	480	-270	-421
10	411	901	193653284	15	25	18	24	3	5	0	-252	-395	141	480	-270	-421
10	411	901	193655288	20	32	24	30	4	6	0	-248	-389	141	480	-270	-421
10	411	901	193657288	20	33	22	29	5	7	0	-243	-382	141	480	-270	-421
10	411	901	193659292	21	35	29	37	5	7	0	-238	-375	141	480	-270	-421
10	411	901	193661292	23	38	27	37	5	7	0	-233	-368	141	480	-270	-421
10	411	901	193663292	29	48	35	45	6	10	0	-227	-358	141	480	-270	-421
10	411	901	193665288	27	45	34	42	6	8	0	-221	-350	141	480	-270	-421
10	411	901	193667280	29	49	40	53	7	11	0	-214	-339	141	480	-270	-421
10	411	901	193669280	36	56	38	48	7	10	0	-207	-329	141	480	-270	-421
10	411	901	193671284	34	55	46	60	8	11	0	-199	-318	141	480	-270	-421
10	411	901	193673288	37	56	41	54	8	11	0	-191	-307	141	480	-270	-421
10	411	901	193675292	45	68	50	66	10	14	0	-181	-293	141	480	-270	-421
10	411	901	193677288	44	63	46	62	9	12	0	-172	-281	141	480	-270	-421
10	411	901	193679284	46	67	55	72	10	14	0	-162	-267	141	480	-270	-421
10	411	901	193681280	52	70	49	68	10	14	0	-152	-253	141	480	-270	-421
10	411	901	193683280	63	81	59	80	12	16	0	-140	-237	141	480	-270	-421
10	411	901	193685276	62	77	54	75	12	15	0	-128	-222	141	480	-270	-421
10	411	901	193687268	66	82	62	88	13	17	0	-115	-205	141	480	-270	-421
10	411	901	193689276	81	96	56	83	13	18	0	-102	-187	141	480	-270	-421
10	411	901	193691276	78	91	68	100	15	19	0	-87	-168	141	480	-270	-421
10	411	901	193693280	83	95	61	91	14	19	0	-73	-149	141	480	-270	-421
10	411	901	193695268	102	115	71	111	18	23	0	-55	-126	141	480	-270	-421
10	411	901	193697264	96	109	64	103	16	21	0	-39	-105	141	480	-270	-421
10	411	901	193699272	102	114	76	125	17	24	0	-22	-81	141	480	-270	-421
10	411	901	193701288	109	121	69	115	18	23	0	-4	-58	141	480	-270	-421
10	411	901	193703292	129	144	80	140	21	29	0	17	-29	141	480	-270	-421
10	411	901	193705280	120	135	73	129	19	26	0	36	-3	141	480	-270	-421
10	411	901	193707288	125	143	86	155	21	30	0	57	27	141	480	-270	-421
10	411	901	193709284	146	169	77	143	23	31	0	80	58	141	480	-270	-421
10	411	901	193711288	135	160	92	173	22	33	0	102	91	141	480	-270	-421
10	411	901	193713284	138	168	82	157	22	33	0	124	124	141	480	-270	-421
10	411	901	193715284	157	197	96	190	26	39	0	150	163	141	480	-270	-421
10	411	901	193717288	143	184	100	199	24	38	0	174	201	141	480	-270	-421
10	411	901	193719284	143	190	89	181	23	37	0	197	238	141	480	-270	-421
10	411	901	193721280	147	197	91	188	24	38	0	221	276	141	480	-270	-421
10	411	901	193723280	165	230	105	221	27	46	0	248	322	141	480	-270	-421
10	411	901	193725280	146	212	108	230	25	44	0	273	366	141	480	-270	-421
10	411	901	193727280	145	216	95	206	24	42	0	297	408	141	480	-270	-421
10	411	901	193729280	161	250	111	243	28	49	0	325	457	141	480	-270	-421
10	411	901	193731276	141	225	98	216	24	44	0	349	501	141	480	-270	-421
10	411	901	193733276	139	231	112	251	25	49	0	374	550	141	480	-270	-421
10	411	901	193735276	153	261	99	224	25	48	0	399	598	141	480	-270	-421
10	411	901	193737284	132	237	114	259	24	50	0	423	648	141	480	-270	-421
10	411	901	193739284	130	237	98	229	23	46	0	446	694	141	480	-270	-421
10	411	901	193741280	126	239	113	263	24	50	0	470	744	141	480	-270	-421
10	411	901	193743280	139	267	99	230	24	50	0	494	794	141	480	-270	-421
10	411	901	193745280	120	239	111	265	23	51	0	517	845	141	480	-270	-421
10	411	901	193747288	116	238	96	230	21	46	0	538	891	141	480	-270	-421
10	411	901	193749292	127	265	109	263	24	53	0	562	944	141	480	-270	-421
10	411	901	193751292	110	232	94	227	20	46	0	582	990	141	480	-270	-421
10	411	901	193753288	106	229	105	258	21	49	0	603	1039	141	480	-270	-421
10	411	901	193755288	116	254	91	221	21	47	0	624	1086	141	480	-270	-421
10	411	901	193757288	100	221	101	249	20	47	0	644	1133	141	480	-270	-421
10	411	901	193759280	98	216	86	215	19	43	0	663	763	141	480	-270	-421
10	411	901	193761268	96	213	97	239	19	46	0	682	809	141	480	-270	-421
10	411	901	193763276	105	231	82	205	19	43	0	701	852	141	480	-270	-421
10	411	901	193765280	91	200	93	228	18	43	0	719	763	141	480	-270	-421
10	411	901	193767280	89	195	78	194	17	39	0	736	802	141	480	-270	-421
10	411	901	193769284	96	212	88	216	18	43	0	754	845	141	480	-270	-421
10	411	901	193771280	85	183	74	183	16	36	0	770	881	141	480	-270	-421
10	411	901	193773280	81	176	81	202	16	38	0	786	919	141	480	-270	-421
10	411	901	193775280	90	191	70	170	16	36	0	802	955	141	480	-270	-421
10	411	901	193777276	77	165	76	189	15	36	0	817	991	141	480	-270	-421
10	411	901	193779276	75	159	65	160	14	31	0	831	1022	141	480	-270	-421
10	411	901	193781276	72	153	71	176	15	33	0	846	1055	141	480	-270	-421
10	411	901	193783272	78	167	60	148	14	32	0	860	1087	141	480	-270	-421
10	411	901	193785276	65	143	67	164	13	31	0	873	1118	141	480	-270	-421
10	411	901	193787284	63	137	55	137	12	27	0	885	1145	141	480	-270	-421
10	411	901	193789284	67	150	60	153	12	30	0	897	1175	141	480	-270	-421
10	411	901	193791288	56	129	56	146	11	28	0	908	748	141	480	-270	-421
10	411	901	193793280	52	124	47	124	10	25	0	918	773	141	480	-270	-421
10	411	901	193795288	57	135	50	137	11	27	0	929	800	141	480	-270	-421
10	411	901	193797288	45	115	42	115	9	23	0	938	823	141	480	-270	-421
10	411	901	193799292	43	112	43	128	8	24	0	946	847	141	480	-270	-421
10	411	901	193801296	39	109	37	107	8	21	0	954	741	141	480	-270	-421
10	411	901	193803296	41	117	37	120	8	24	0	962	765	141	480	-270	-421
10	411	901	193805296	34	102	30	101	6	20	0	968	785	141	480	-270	-421
10	411	901	193807288	31	98	31	112	6	21	0	974	806	141	480	-270	-421
10	411	901	193809288	32	108	25	95	6	21	0	980	827	141	480	-270	-421
10	411	901	193811288	25	91	24	105	5	19	0	985	846	141	480	-270	-421
10	411	901	193813284	22	90	19	88	4	18	0	989	864	141	480	-270	-421
10	411	901	193815284	24	96	17	99	4	20	0	993	884	141	480	-270	-421
10	411	901	193817284	19	84	14	84	3	16	0	996	736	141	480	-270	-421
10	411	901	193819288	17	81	13	91	3	18	0	999	754	141	480	-270	-421
10	411	901	193821292	15	78	8	79	3	15	0	1002	769	141	480	-270	-421
10	411	901	193823292	15	86	8	86	2	17	0	1004	786	141	480	-270	-421
10	411	901	193825288	13	73	5	73	2	15	0	1006	801	141	480	-270	-421
10	411	901	193827292	10	71	4	81	1	15	0	1007	816	141	480	-270	-421
10	411	901	193829284	11	76	1	67	1	15	0	1008	831	141	480	-270	-421
10	411	901	193831296	9	66	0	77	1	14	0	1009	845	141	480	-270	-421
10	411	901	193833292	6	63	0	62	1	12	0	1010	732	141	480	-270	-421
10	411	901	193835276	7	69	-2	70	0	14	0	1010	746	141	480	-270	-421
10	411	901	193837288	5	57	-4	59	1	12	0	1011	758	141	480	-270	-421
10	411	901	193839232	5	56	-5	64	0	12	0	1011	770	141	480	-270	-421
10	411	901	193841280	4	54	-5	55	0	11	0	1011	781	141	480	-270	-421
10	411	901	193843280	4	58	-6	58	0	11	0	1011	792	141	480	-270	-421
10	411	901	193845280	1	48	-6	49	0	10	0	1011	802	141	480	-270	-421
10	411	901	193847288	3	47	-8	55	-1	10	0	1010	812	141	480	-270	-421
10	411	901	193849272	1	50	-6	45	0	10	0	1010	822	141	480	-270	-421
10	411	901	193851280	0	42	-9	49	-1	9	0	1009	831	141	480	-270	-421
10	411	901	193853284	0	40	-6	41	-1	8	0	1008	728	141	480	-270	-421
10	411	901	193855276	0	43	-7	44	-1	9	0	1007	737	141	480	-270	-421
10	411	901	193857268	0	35	-8	37	0	7	0	1007	744	141	480	-270	-421
10	411	901	193859280	0	33	-9	39	-1	7	0	1006	751	141	480	-270	-421
10	411	901	193861280	0	33	-7	38	-1	7	0	1005	758	141	480	-270	-421
10	411	901	193863276	0	34	-6	30	-1	7	0	1004	765	141	480	-270	-421
10	411	901	193865264	0	27	-8	33	0	6	0	1004	771	141	480	-270	-421
10	411	901	193867284	0	26	-6	28	-1	5	0	1003	725	141	480	-270	-421
10	411	901	193869288	-2	29	-6	29	-1	6	0	1002	731	141	480	-270	-421
10	411	901	193871276	0	23	-5	23	0	4	1	1002	735	141	480	-270	-421
11	411	901	193873296	0	22	-7	27	-1	5	1	140	485	141	480	-270	-421
11	411	901	193875284	0	23	-3	20	0	5	1	140	490	141	480	-270	-421
11	411	901	193877304	0	17	-5	21	-1	3	1	139	493	141	480	-270	-421
11	411	901	193879284	0	18	-3	17	0	4	1	139	497	141	480	-270	-421
11	411	901	193881296	1	16	-4	18	0	3	1	139	500	141	480	-270	-421
11	411	901	193883308	0	14	-2	15	-1	3	1	138	503	141	480	-270	-421
11	-141	-980	193885288	1	11	-3	14	0	3	1	138	506	0	-500	141	480
11	-141	-980	193887288	1	10	-2	11	0	2	1	138	508	0	-500	141	480
11	-141	-980	193889256	1	11	-1	10	0	2	1	138	510	0	-500	141	480
11	-141	-980	193891268	0	8	-2	9	0	2	1	138	512	0	-500	141	480
11	-141	-980	193893280	2	6	-1	8	0	1	1	138	513	0	-500	141	480
11	-141	-980	193895256	1	6	-1	7	0	1	1	138	514	0	-500	141	480
11	-141	-980	193897252	0	5	0	6	0	1	1	138	515	0	-500	141	480
11	-141	-980	193899252	1	4	-1	4	0	1	1	138	516	0	-500	141	480
11	-141	-980	193901248	0	2	0	3	0	1	1	138	517	0	-500	141	480
11	-141	-980	193903236	0	2	0	3	0	0	1	138	517	0	-500	141	480
11	-141	-980	193905268	1	1	0	2	0	0	1	138	517	0	-500	141	480
11	-141	-980	193909252	0	0	0	2	0	1	1	138	518	0	-500	141	480
11	-141	-980	193927236	0	-1	0	0	0	0	1	138	518	0	-500	141	480
11	-141	-980	193929264	0	0	0	-1	0	0	1	138	518	0	-500	141	480
11	-141	-980	193931252	0	-2	0	-1	0	0	1	138	518	0	-500	141	480
11	-141	-980	193933252	0	-1	0	-3	0	0	1	138	518	0	-500	141	480
11	-141	-980	193935268	0	-4	0	-2	0	-1	1	138	517	0	-500	141	480
11	-141	-980	193937268	0	-5	0	-4	0	-1	1	138	516	0	-500	141	480
11	-141	-980	193939292	0	-5	1	-5	0	-1	1	138	515	0	-500	141	480
11	-141	-980	193941268	0	-8	2	-6	0	-1	1	138	514	0	-500	141	480
11	-141	-980	193943292	0	-7	2	-8	0	-2	0	138	512	0	-500	141	480
11	-141	-980	193945292	0	-9	3	-7	0	-1	0	138	511	0	-500	141	480
11	-141	-980	193947292	0	-10	2	-10	0	-2	0	138	509	0	-500	141	480
11	-141	-980	193949300	0	-12	4	-10	1	-3	0	139	506	0	-500	141	480
11	-141	-980	193951288	2	-13	5	-13	0	-2	0	139	504	0	-500	141	480
11	-141	-980	193953300	1	-14	5	-12	1	-3	0	140	501	0	-500	141	480
11	-141	-980	193955300	2	-17	7	-15	1	-3	0	141	498	0	-500	141	480
11	-141	-980	193957300	3	-16	8	-15	1	-3	0	142	495	0	-500	141	480
11	-141	-980	193959300	4	-19	9	-19	1	-4	0	143	491	0	-500	141	480
11	-141	-980	193961296	3	-23	10	-19	2	-4	0	145	487	0	-500	141	480
11	-141	-980	193963300	5	-21	11	-22	1	-4	0	146	483	0	-500	141	480
11	-141	-980	193965284	7	-21	12	-21	2	-5	0	148	478	0	-500	141	480
11	-141	-980	193967284	6	-24	14	-25	2	-4	0	150	474	0	-500	141	480
11	-141	-980	193969288	9	-29	14	-25	2	-6	0	152	468	0	-500	141	480
11	-141	-980	193971292	8	-27	17	-29	3	-5	0	155	463	0	-500	141	480
11	-141	-980	193973296	9	-29	15	-28	2	-6	0	157	457	0	-500	141	480
11	-141	-980	193975288	11	-35	19	-33	3	-7	0	160	450	0	-500	141	480
11	-141	-980	193977280	12	-34	16	-32	3	-7	0	163	443	0	-500	141	480
11	-141	-980	193979288	11	-36	20	-37	3	-7	0	166	436	0	-500	141	480
11	-141	-980	193981288	11	-39	18	-36	3	-7	0	169	429	0	-500	141	480
11	-141	-980	193983284	13	-46	19	-45	3	-9	0	172	420	0	-500	141	480
11	-141	-980	193985284	11	-45	17	-42	3	-9	0	175	411	0	-500	141	480
11	-141	-980	193987284	12	-47	20	-50	3	-10	0	178	401	0	-500	141	480
11	-141	-980	193989284	14	-58	16	-47	3	-10	0	181	391	0	-500	141	480
11	-141	-980	193991288	11	-55	19	-58	3	-12	0	184	379	0	-500	141	480
11	-141	-980	193993292	13	-57	19	-61	3	-11	0	187	368	0	-500	141	480
11	-141	-980	193995292	12	-69	16	-57	3	-13	0	190	355	0	-500	141	480
11	-141	-980	193997296	13	-65	18	-69	3	-13	0	193	342	0	-500	141	480
11	-141	-980	193999300	10	-69	15	-64	3	-14	0	196	328	0	-500	141	480
11	-141	-980	194001304	12	-81	17	-76	3	-15	0	199	313	0	-500	141	480
11	-141	-980	194003296	10	-76	16	-71	2	-15	0	201	298	0	-500	141	480
11	-141	-980	194005292	10	-79	17	-85	3	-17	0	204	281	0	-500	141	480
11	-141	-980	194007292	10	-83	16	-78	3	-16	0	207	265	0	-500	141	480
11	-141	-980	194009288	10	-97	17	-92	2	-19	0	209	246	0	-500	141	480
11	-141	-980	194011292	8	-90	17	-84	3	-17	0	212	229	0	-500	141	480
11	-141	-980	194013288	9	-94	17	-101	2	-19	0	214	210	0	-500	141	480
11	-141	-980	194015284	7	-109	18	-92	3	-21	0	217	189	0	-500	141	480
11	-141	-980	194017276	6	-101	20	-107	3	-20	0	220	169	0	-500	141	480
11	-141	-980	194019284	7	-104	17	-99	2	-21	0	222	148	0	-500	141	480
11	-141	-980	194021284	3	-107	21	-116	2	-22	0	224	126	0	-500	141	480
11	-141	-980	194023280	4	-125	19	-106	3	-23	0	227	103	0	-500	141	480
11	-141	-980	194025288	3	-114	21	-124	2	-24	0	229	79	0	-500	141	480
11	-141	-980	194027280	0	-116	19	-111	2	-23	0	231	56	0	-500	141	480
11	-141	-980	194029284	0	-135	21	-132	2	-26	0	233	30	0	-500	141	480
11	-141	-980	194031280	-3	-124	19	-117	2	-24	0	235	6	0	-500	141	480
11	-141	-980	194033288	-4	-126	21	-139	1	-27	0	236	-21	0	-500	141	480
11	-141	-980	194035288	-7	-145	19	-124	2	-27	0	238	-48	0	-500	141	480
11	-141	-980	194037288	-9	-133	21	-145	1	-28	0	239	-76	0	-500	141	480
11	-141	-980	194039280	-10	-136	17	-130	0	-26	0	239	-102	0	-500	141	480
11	-141	-980	194041292	-14	-156	18	-152	1	-31	0	240	-133	0	-500	141	480
11	-141	-980	194043260	-15	-141	15	-136	0	-28	0	240	-161	0	-500	141	480
11	-141	-980	194045280	-17	-145	15	-160	0	-30	0	240	-191	0	-500	141	480
11	-141	-980	194047292	-20	-148	13	-143	0	-29	0	240	-220	0	-500	141	480
11	-141	-980	194049304	-25	-170	12	-166	-1	-34	0	239	-254	0	-500	141	480
11	-141	-980	194051300	-25	-152	10	-148	-2	-30	0	237	-284	0	-500	141	480
11	-141	-980	194053296	-28	-158	8	-172	-2	-33	0	235	-317	0	-500	141	480
11	-141	-980	194055300	-34	-180	6	-154	-3	-33	0	232	-350	0	-500	141	480
11	-141	-980	194057296	-33	-162	5	-180	-3	-34	0	229	-384	0	-500	141	480
11	-141	-980	194059296	-35	-167	1	-159	-3	-33	0	226	-417	0	-500	141	480
11	-141	-980	194061292	-39	-167	0	-185	-4	-35	0	222	-452	0	-500	141	480
11	-141	-980	194063292	-48	-191	0	-187	-5	-38	0	217	-490	0	-500	141	480
11	-141	-980	194065296	-43	-173	-5	-166	-4	-34	0	213	-524	0	-500	141	480
11	-141	-980	194067288	-47	-174	-8	-192	-6	-37	0	207	-561	0	-500	141	480
11	-141	-980	194069288	-56	-197	-10	-170	-7	-36	0	200	-597	0	-500	141	480
11	-141	-980	194071300	-51	-179	-12	-196	-6	-38	0	194	-635	0	-500	141	480
11	-141	-980	194073300	-54	-179	-13	-172	-7	-35	0	187	-670	0	-500	141	480
11	-141	-980	194075300	-62	-201	-17	-199	-7	-40	0	180	-710	0	-500	141	480
11	-141	-980	194077300	-58	-179	-18	-174	-8	-35	0	172	-745	0	-500	141	480
11	-141	-980	194079296	-59	-180	-21	-200	-8	-38	0	164	-783	0	-500	141	480
11	-141	-980	194081300	-68	-202	-20	-175	-9	-38	0	155	-821	0	-500	141	480
11	-141	-980	194083304	-62	-179	-24	-199	-8	-38	0	147	-859	0	-500	141	480
11	-141	-980	194085304	-62	-177	-22	-175	-9	-35	0	138	-894	0	-500	141	480
11	-141	-980	194087304	-64	-178	-26	-198	-9	-37	0	129	-931	0	-500	141	480
11	-141	-980	194089308	-71	-199	-24	-173	-9	-38	0	120	-758	0	-500	141	480
11	-141	-980	194091304	-63	-175	-29	-196	-10	-37	0	110	-795	0	-500	141	480
11	-141	-980	194093308	-63	-175	-24	-171	-8	-34	0	102	-829	0	-500	141	480
11	-141	-980	194095308	-73	-193	-27	-193	-10	-39	0	92	-868	0	-500	141	480
11	-141	-980	194097308	-62	-170	-24	-167	-9	-34	0	83	-902	0	-500	141	480
11	-141	-980	194099300	-64	-169	-26	-190	-9	-36	0	74	-938	0	-500	141	480
11	-141	-980	194101312	-70	-188	-21	-165	-9	-35	0	65	-973	0	-500	141	480
11	-141	-980	194103308	-61	-163	-25	-185	-9	-35	0	56	-755	0	-500	141	480
11	-141	-980	194105300	-62	-163	-20	-162	-8	-32	0	48	-787	0	-500	141	480
11	-141	-980	194107300	-60	-161	-22	-181	-8	-34	0	40	-821	0	-500	141	480
11	-141	-980	194109300	-66	-180	-17	-157	-8	-34	0	32	-855	0	-500	141	480
11	-141	-980	194111304	-57	-156	-19	-178	-8	-33	0	24	-888	0	-500	141	480
11	-141	-980	194113308	-58	-157	-15	-152	-7	-31	0	17	-919	0	-500	141	480
11	-141	-980	194115308	-61	-171	-15	-173	-8	-35	0	9	-954	0	-500	141	480
11	-141	-980	194117312	-55	-150	-11	-149	-6	-30	0	3	-984	0	-500	141	480
11	-141	-980	194119312	-53	-147	-11	-168	-7	-31	0	-4	-751	0	-500	141	480
11	-141	-980	194121312	-56	-163	-12	-164	-7	-33	0	-11	-784	0	-500	141	480
11	-141	-980	194123312	-50	-142	-7	-143	-5	-28	0	-16	-812	0	-500	141	480
11	-141	-980	194125308	-47	-140	-8	-158	-6	-30	0	-22	-842	0	-500	141	480
11	-141	-980	194127308	-47	-139	-5	-138	-5	-28	0	-27	-870	0	-500	141	480
11	-141	-980	194129316	-48	-153	-5	-155	-5	-31	0	-32	-901	0	-500	141	480
11	-141	-980	194131312	-43	-133	-3	-132	-5	-26	0	-37	-927	0	-500	141	480
11	-141	-980	194133320	-41	-130	-4	-149	-4	-28	0	-41	-955	0	-500	141	480
11	-141	-980	194135316	-44	-144	-1	-128	-5	-27	0	-46	-982	0	-500	141	480
11	-141	-980	194137316	-37	-125	-3	-143	-4	-27	0	-50	-1009	0	-500	141	480
11	-141	-980	194139308	-37	-123	0	-123	-4	-25	0	-54	-1034	0	-500	141	480
11	-141	-980	194141300	-37	-133	0	-136	-3	-27	0	-57	-1061	0	-500	141	480
11	-141	-980	194143292	-33	-114	0	-115	-4	-22	0	-61	-1083	0	-500	141	480
11	-141	-980	194145304	-28	-111	0	-128	-2	-24	0	-63	-1107	0	-500	141	480
11	-141	-980	194147296	-28	-108	0	-107	-3	-22	0	-66	-1129	0	-500	141	480
11	-141	-980	194149300	-27	-114	0	-116	-3	-23	0	-69	-1152	0	-500	141	480
11	-141	-980	194151300	-23	-96	0	-98	-2	-19	0	-71	-739	0	-500	141	480
11	-141	-980	194153300	-20	-91	0	-105	-2	-20	0	-73	-759	0	-500	141	480
11	-141	-980	194155304	-19	-95	0	-85	-2	-18	0	-75	-777	0	-500	141	480
11	-141	-980	194157296	-15	-76	0	-91	-2	-17	0	-77	-737	0	-500	141	480
11	-141	-980	194159300	-12	-72	0	-73	-1	-14	0	-78	-751	0	-500	141	480
11	-141	-980	194161300	-13	-71	0	-76	-1	-15	0	-79	-766	0	-500	141	480
11	-141	-980	194163300	-8	-56	0	-60	-1	-11	0	-80	-777	0	-500	141	480
11	-141	-980	194165296	-8	-49	0	-61	-1	-11	0	-81	-788	0	-500	141	480
11	-141	-980	194167288	-6	-44	1	-46	0	-9	0	-81	-797	0	-500	141	480
11	-141	-980	194169288	-4	-40	0	-47	-1	-9	0	-82	-806	0	-500	141	480
11	-141	-980	194171284	-2	-30	0	-35	0	-7	0	-82	-813	0	-500	141	480
11	-141	-980	194173296	-3	-23	0	-33	0	-5	0	-82	-818	0	-500	141	480
11	-141	-980	194175304	-1	-22	0	-24	0	-5	1	-82	-725	0	-500	141	480
