1	0	-200	171280664	0	0	0	-1	0	0	1	0	-200	0	-200	0	0
1	0	-200	171282680	0	0	1	0	1	0	1	1	-200	0	-200	0	0
1	0	-200	171286644	0	0	0	-1	0	0	1	1	-200	0	-200	0	0
1	-56	392	171338588	0	0	0	0	0	0	0	1	-200	-56	192	0	-200
1	-56	392	171360612	0	0	0	2	0	0	0	1	-200	-56	192	0	-200
1	-56	392	171362672	0	2	1	1	0	0	0	1	-200	-56	192	0	-200
1	-56	392	171364648	0	2	0	2	0	0	0	1	-200	-56	192	0	-200
1	-56	392	171366676	1	4	1	3	0	0	0	1	-200	-56	192	0	-200
1	-56	392	171368684	0	5	2	5	0	1	0	1	-199	-56	192	0	-200
1	-56	392	171370688	1	5	2	5	0	1	0	1	-198	-56	192	0	-200
1	-56	392	171372692	0	7	1	6	0	2	0	1	-196	-56	192	0	-200
1	-56	392	171374696	1	9	3	9	1	1	0	2	-195	-56	192	0	-200
1	-56	392	171376692	0	10	1	9	0	2	0	2	-193	-56	192	0	-200
1	-56	392	171378672	1	11	3	11	0	3	0	2	-190	-56	192	0	-200
1	-56	392	171380684	2	14	1	11	1	2	0	3	-188	-56	192	0	-200
1	-56	392	171382676	0	14	1	15	0	3	0	3	-185	-56	192	0	-200
1	-56	392	171384676	1	16	1	15	0	3	0	3	-182	-56	192	0	-200
1	-56	392	171386676	0	19	2	19	0	4	0	3	-178	-56	192	0	-200
1	-56	392	171388680	1	24	0	19	0	4	0	3	-174	-56	192	0	-200
1	-56	392	171390684	1	25	0	26	0	5	0	3	-169	-56	192	0	-200
1	-56	392	171392660	0	27	0	25	0	5	0	3	-164	-56	192	0	-200
1	-56	392	171394656	2	36	-2	32	0	7	0	3	-157	-56	192	0	-200
1	-56	392	171396684	1	34	-4	33	0	7	0	3	-150	-56	192	0	-200
1	-56	392	171398680	1	40	-5	41	0	8	0	3	-142	-56	192	0	-200
1	-56	392	171400676	3	48	-6	40	0	9	0	3	-133	-56	192	0	-200
1	-56	392	171402684	1	48	-10	50	-1	10	0	2	-123	-56	192	0	-200
1	-56	392	171404676	2	53	-10	49	0	10	0	2	-113	-56	192	0	-200
1	-56	392	171406696	2	59	-14	62	-2	12	0	0	-101	-56	192	0	-200
1	-56	392	171408700	2	73	-15	59	-1	13	0	-1	-88	-56	192	0	-200
1	-56	392	171410700	4	72	-19	75	-1	15	0	-2	-73	-56	192	0	-200
1	-56	392	171412704	4	78	-22	83	-2	16	0	-4	-57	-56	192	0	-200
1	-56	392	171414704	3	97	-21	78	-2	17	0	-6	-40	-56	192	0	-200
1	-56	392	171416704	5	93	-27	98	-2	20	0	-8	-20	-56	192	0	-200
1	-56	392	171418700	7	100	-25	92	-2	19	0	-10	-1	-56	192	0	-200
1	-56	392	171420704	6	120	-31	113	-3	23	0	-13	22	-56	192	0	-200
1	-56	392	171422696	7	115	-29	106	-2	22	0	-15	44	-56	192	0	-200
1	-56	392	171424700	8	120	-35	128	-2	25	0	-17	69	-56	192	0	-200
1	-56	392	171426704	9	143	-31	117	-3	26	0	-20	95	-56	192	0	-200
1	-56	392	171428696	8	131	-36	141	-2	27	0	-22	122	-56	192	0	-200
1	-56	392	171430696	9	136	-31	128	-3	27	0	-25	149	-56	192	0	-200
1	-56	392	171432696	10	142	-38	152	-2	29	0	-27	178	-56	192	0	-200
1	-56	392	171434688	11	162	-32	137	-3	30	0	-30	208	-56	192	0	-200
1	-56	392	171436688	10	146	-37	158	-2	30	0	-32	238	-56	192	0	-200
1	-56	392	171438680	10	150	-30	143	-2	30	0	-34	268	-56	192	0	-200
1	-56	392	171440684	12	170	-35	164	-3	33	0	-37	301	-56	192	0	-200
1	-56	392	171442688	8	153	-28	146	-2	30	0	-39	331	-56	192	0	-200
1	-56	392	171444692	9	152	-32	166	-2	32	0	-41	363	-56	192	0	-200
1	-56	392	171446692	9	172	-26	146	-2	31	0	-43	394	-56	192	0	-200
1	-56	392	171448704	6	150	-29	167	-2	32	0	-45	426	-56	192	0	-200
1	-56	392	171450708	5	148	-25	143	-2	29	0	-47	455	-56	192	0	-200
1	-56	392	171452704	3	148	-28	164	-2	31	0	-49	486	-56	192	0	-200
1	-56	392	171454708	1	162	-24	141	-3	31	0	-52	517	-56	192	0	-200
1	-56	392	171456704	0	142	-26	160	-2	30	0	-54	547	-56	192	0	-200
1	-56	392	171458700	-3	138	-24	137	-3	27	0	-57	574	-56	192	0	-200
1	-56	392	171460700	-7	154	-28	153	-3	31	0	-60	605	-56	192	0	-200
1	-56	392	171462692	-8	135	-23	133	-4	27	0	-64	632	-56	192	0	-200
1	-56	392	171464696	-11	131	-30	149	-4	28	0	-68	660	-56	192	0	-200
1	-56	392	171466700	-15	147	-27	128	-4	27	0	-72	687	-56	192	0	-200
1	-56	392	171468704	-15	126	-31	144	-4	27	0	-76	714	-56	192	0	-200
1	-56	392	171470700	-16	126	-29	125	-5	26	0	-81	740	-56	192	0	-200
1	-56	392	171472696	-20	123	-36	140	-6	26	0	-87	766	-56	192	0	-200
1	-56	392	171474700	-24	137	-32	121	-5	26	0	-92	792	-56	192	0	-200
1	-56	392	171476704	-24	120	-42	138	-7	25	0	-99	817	-56	192	0	-200
1	-56	392	171478708	-25	118	-42	135	-6	26	0	-105	843	-56	192	0	-200
1	-56	392	171480700	-29	133	-39	117	-7	25	0	-112	868	-56	192	0	-200
1	-56	392	171482700	-26	117	-46	133	-7	25	0	-119	893	-56	192	0	-200
1	-56	392	171484704	-29	116	-43	116	-8	23	0	-127	916	-56	192	0	-200
1	-56	392	171486700	-31	131	-48	130	-8	26	0	-135	746	-56	192	0	-200
1	-56	392	171488700	-30	115	-45	115	-7	23	0	-142	769	-56	192	0	-200
1	-56	392	171490712	-30	115	-52	129	-8	24	0	-150	793	-56	192	0	-200
1	-56	392	171492708	-34	129	-46	112	-8	25	0	-158	745	-56	192	0	-200
1	-56	392	171494704	-31	114	-52	129	-9	24	0	-167	769	-56	192	0	-200
1	-56	392	171496704	-30	112	-47	111	-7	22	0	-174	791	-56	192	0	-200
1	-56	392	171498704	-29	111	-53	125	-8	24	0	-182	815	-56	192	0	-200
1	-56	392	171500704	-32	124	-48	109	-8	23	0	-190	838	-56	192	0	-200
1	-56	392	171502708	-29	109	-54	123	-9	23	0	-199	861	-56	192	0	-200
1	-56	392	171504708	-27	109	-46	105	-7	22	0	-206	883	-56	192	0	-200
1	-56	392	171506712	-32	118	-52	120	-8	23	0	-214	906	-56	192	0	-200
1	-56	392	171508708	-27	104	-45	101	-8	21	0	-222	927	-56	192	0	-200
1	-56	392	171510712	-28	100	-50	115	-7	21	0	-229	948	-56	192	0	-200
1	-56	392	171512712	-31	111	-43	97	-8	21	0	-237	741	-56	192	0	-200
1	-56	392	171514712	-27	97	-49	109	-7	21	0	-244	762	-56	192	0	-200
1	-56	392	171516708	-28	92	-41	93	-7	18	0	-251	780	-56	192	0	-200
1	-56	392	171518700	-27	90	-45	102	-8	20	0	-259	800	-56	192	0	-200
1	-56	392	171520708	-32	98	-39	86	-7	18	0	-266	818	-56	192	0	-200
1	-56	392	171522708	-27	83	-43	95	-7	18	0	-273	836	-56	192	0	-200
1	-56	392	171524712	-29	80	-38	80	-6	16	0	-279	852	-56	192	0	-200
1	-56	392	171526708	-31	87	-41	89	-8	17	0	-287	737	-56	192	0	-200
1	-56	392	171528716	-29	72	-35	73	-6	15	0	-293	752	-56	192	0	-200
1	-56	392	171530720	-29	70	-38	80	-7	15	0	-300	767	-56	192	0	-200
1	-56	392	171532720	-32	74	-37	76	-7	15	0	-307	782	-56	192	0	-200
1	-56	392	171534716	-30	62	-30	62	-6	12	0	-313	794	-56	192	0	-200
1	-56	392	171536720	-29	59	-34	68	-6	13	0	-319	807	-56	192	0	-200
1	-56	392	171538724	-34	63	-29	56	-6	12	0	-325	819	-56	192	0	-200
1	-56	392	171540728	-28	51	-31	59	-6	11	0	-331	830	-56	192	0	-200
1	-56	392	171542728	-29	49	-25	49	-5	10	0	-336	840	-56	192	0	-200
1	-56	392	171544732	-28	45	-27	51	-6	9	0	-342	729	-56	192	0	-200
1	-56	392	171546728	-30	47	-24	44	-5	9	0	-347	738	-56	192	0	-200
1	-56	392	171548720	-27	39	-25	45	-6	9	0	-353	747	-56	192	0	-200
1	-56	392	171550716	-25	36	-20	36	-4	7	0	-357	754	-56	192	0	-200
1	-56	392	171552712	-28	36	-23	39	-5	7	0	-362	761	-56	192	0	-200
1	-56	392	171554704	-23	30	-17	31	-4	7	1	-366	768	-56	192	0	-200
2	-56	392	171556708	-23	28	-18	32	-4	6	1	-60	198	-56	192	0	-200
2	-56	392	171558716	-24	27	-15	27	-4	5	1	-64	203	-56	192	0	-200
2	164	-360	171560712	-20	22	-15	26	-4	5	1	-68	208	108	-168	-56	192
2	164	-360	171562708	-18	18	-12	20	-3	4	1	-71	212	108	-168	-56	192
2	164	-360	171564716	-18	17	-13	20	-3	3	1	-74	215	108	-168	-56	192
2	164	-360	171566716	-19	16	-8	16	-2	3	1	-76	218	108	-168	-56	192
2	164	-360	171568720	-13	12	-10	15	-3	3	1	-79	221	108	-168	-56	192
2	164	-360	171570720	-13	10	-8	13	-2	2	1	-81	223	108	-168	-56	192
2	164	-360	171572720	-12	10	-7	11	-2	3	1	-83	226	108	-168	-56	192
2	164	-360	171574724	-9	8	-5	9	-1	1	1	-84	227	108	-168	-56	192
2	164	-360	171576736	-8	5	-5	7	-1	1	1	-85	228	108	-168	-56	192
2	164	-360	171578736	-7	5	-4	6	-2	2	1	-87	230	108	-168	-56	192
2	164	-360	171580724	-4	4	-4	5	0	0	1	-87	230	108	-168	-56	192
2	164	-360	171582752	-4	1	-1	4	-1	1	1	-88	231	108	-168	-56	192
2	164	-360	171584728	-3	1	-3	3	0	0	1	-88	231	108	-168	-56	192
2	164	-360	171586756	-2	1	-1	2	-1	1	1	-89	232	108	-168	-56	192
2	164	-360	171588708	-1	0	0	0	0	0	1	-89	232	108	-168	-56	192
2	164	-360	171590704	0	0	0	1	0	0	1	-89	232	108	-168	-56	192
2	164	-360	171594700	0	-3	0	-1	0	0	1	-89	232	108	-168	-56	192
2	164	-360	171596700	2	-2	1	-4	0	0	1	-89	232	108	-168	-56	192
2	164	-360	171598740	1	-5	3	-4	0	-1	1	-89	231	108	-168	-56	192
2	164	-360	171600740	2	-5	3	-5	0	-1	1	-89	230	108	-168	-56	192
2	164	-360	171602756	3	-6	4	-6	1	-1	1	-88	229	108	-168	-56	192
2	164	-360	171604752	2	-9	5	-8	1	-2	1	-87	227	108	-168	-56	192
2	164	-360	171606756	4	-8	5	-7	1	-2	0	-86	225	108	-168	-56	192
2	164	-360	171608756	3	-8	6	-9	1	-1	0	-85	224	108	-168	-56	192
2	164	-360	171610756	5	-12	7	-10	1	-3	0	-84	221	108	-168	-56	192
2	164	-360	171612752	3	-11	8	-10	1	-2	0	-83	219	108	-168	-56	192
2	164	-360	171614752	4	-12	9	-12	1	-2	0	-82	217	108	-168	-56	192
2	164	-360	171616748	5	-13	8	-13	2	-3	0	-80	214	108	-168	-56	192
2	164	-360	171618748	6	-16	13	-14	1	-3	0	-79	211	108	-168	-56	192
2	164	-360	171620752	7	-14	10	-13	2	-2	0	-77	209	108	-168	-56	192
2	164	-360	171622736	5	-15	14	-17	2	-4	0	-75	205	108	-168	-56	192
2	164	-360	171624748	7	-19	11	-15	2	-3	0	-73	202	108	-168	-56	192
2	164	-360	171626748	6	-15	15	-16	2	-3	0	-71	199	108	-168	-56	192
2	164	-360	171628752	8	-16	14	-16	2	-3	0	-69	196	108	-168	-56	192
2	164	-360	171630752	9	-17	15	-18	3	-4	0	-66	192	108	-168	-56	192
2	164	-360	171632752	7	-17	13	-15	2	-3	0	-64	189	108	-168	-56	192
2	164	-360	171634752	8	-15	17	-18	2	-3	0	-62	186	108	-168	-56	192
2	164	-360	171636752	8	-17	15	-15	2	-3	0	-60	183	108	-168	-56	192
2	164	-360	171638752	12	-19	16	-19	3	-4	0	-57	179	108	-168	-56	192
2	164	-360	171640748	8	-16	15	-16	2	-3	0	-55	176	108	-168	-56	192
2	164	-360	171642748	10	-18	16	-19	3	-4	0	-52	172	108	-168	-56	192
2	164	-360	171644740	12	-18	14	-16	3	-4	0	-49	168	108	-168	-56	192
2	164	-360	171646752	10	-18	16	-19	2	-3	0	-47	165	108	-168	-56	192
2	164	-360	171648740	10	-17	13	-16	3	-4	0	-44	161	108	-168	-56	192
2	164	-360	171650740	10	-20	16	-20	2	-4	0	-42	157	108	-168	-56	192
2	164	-360	171652744	10	-19	15	-19	3	-3	0	-39	154	108	-168	-56	192
2	164	-360	171654744	10	-18	12	-16	2	-4	0	-37	150	108	-168	-56	192
2	164	-360	171656740	10	-17	15	-20	2	-3	0	-35	147	108	-168	-56	192
2	164	-360	171658736	11	-20	13	-17	3	-4	0	-32	143	108	-168	-56	192
2	164	-360	171660736	10	-18	15	-18	2	-4	0	-30	139	108	-168	-56	192
2	164	-360	171662744	10	-16	12	-17	2	-3	0	-28	136	108	-168	-56	192
2	164	-360	171664740	10	-19	14	-17	3	-4	0	-25	132	108	-168	-56	192
2	164	-360	171666740	9	-16	11	-15	2	-3	0	-23	129	108	-168	-56	192
2	164	-360	171668728	8	-15	14	-18	2	-3	0	-21	126	108	-168	-56	192
2	164	-360	171670732	10	-17	11	-13	2	-3	0	-19	123	108	-168	-56	192
2	164	-360	171672732	9	-14	14	-17	2	-3	0	-17	120	108	-168	-56	192
2	164	-360	171674736	9	-14	11	-12	2	-3	0	-15	117	108	-168	-56	192
2	164	-360	171676740	9	-14	14	-15	3	-3	0	-12	114	108	-168	-56	192
2	164	-360	171678736	11	-13	11	-13	2	-2	0	-10	112	108	-168	-56	192
2	164	-360	171680728	9	-13	14	-13	2	-3	0	-8	109	108	-168	-56	192
2	164	-360	171682728	10	-11	13	-12	3	-2	0	-5	107	108	-168	-56	192
2	164	-360	171684736	10	-13	13	-12	2	-3	0	-3	104	108	-168	-56	192
2	164	-360	171686732	10	-11	13	-11	2	-2	0	-1	102	108	-168	-56	192
2	164	-360	171688732	11	-11	15	-13	3	-2	0	2	100	108	-168	-56	192
2	164	-360	171690728	11	-14	14	-11	2	-3	0	4	97	108	-168	-56	192
2	164	-360	171692728	11	-11	15	-14	3	-2	0	7	95	108	-168	-56	192
2	164	-360	171694728	12	-11	13	-11	2	-2	0	9	93	108	-168	-56	192
2	164	-360	171696724	11	-13	15	-13	3	-3	0	12	90	108	-168	-56	192
2	164	-360	171698724	14	-14	15	-12	3	-3	0	15	87	108	-168	-56	192
2	164	-360	171700724	12	-13	17	-14	3	-2	0	18	85	108	-168	-56	192
2	164	-360	171702724	13	-13	16	-12	3	-3	0	21	82	108	-168	-56	192
2	164	-360	171704720	15	-16	19	-17	3	-3	0	24	79	108	-168	-56	192
2	164	-360	171706720	13	-15	16	-13	3	-3	0	27	76	108	-168	-56	192
2	164	-360	171708716	15	-16	20	-18	3	-3	0	30	73	108	-168	-56	192
2	164	-360	171710708	17	-19	19	-15	4	-4	0	34	69	108	-168	-56	192
2	164	-360	171712704	16	-18	22	-20	4	-4	0	38	65	108	-168	-56	192
2	164	-360	171714708	15	-18	21	-17	3	-3	0	41	62	108	-168	-56	192
2	164	-360	171716704	17	-20	25	-22	5	-4	0	46	58	108	-168	-56	192
2	164	-360	171718704	19	-25	24	-21	4	-5	0	50	53	108	-168	-56	192
2	164	-360	171720696	18	-23	29	-25	5	-5	0	55	48	108	-168	-56	192
2	164	-360	171722696	18	-25	27	-22	4	-4	0	59	44	108	-168	-56	192
2	164	-360	171724692	22	-30	34	-29	6	-6	0	65	38	108	-168	-56	192
2	164	-360	171726692	20	-29	30	-26	5	-6	0	70	32	108	-168	-56	192
2	164	-360	171728688	21	-30	38	-33	6	-6	0	76	26	108	-168	-56	192
2	164	-360	171730700	25	-37	35	-30	6	-7	0	82	19	108	-168	-56	192
2	164	-360	171732696	22	-35	42	-36	6	-7	0	88	12	108	-168	-56	192
2	164	-360	171734692	23	-38	40	-34	6	-7	0	94	5	108	-168	-56	192
2	164	-360	171736692	25	-40	48	-42	8	-8	0	102	-3	108	-168	-56	192
2	164	-360	171738700	27	-48	45	-39	7	-9	0	109	-12	108	-168	-56	192
2	164	-360	171740696	27	-47	52	-48	8	-9	0	117	-21	108	-168	-56	192
2	164	-360	171742692	27	-47	56	-50	8	-10	0	125	-31	108	-168	-56	192
2	164	-360	171744688	31	-58	52	-46	8	-11	0	133	-42	108	-168	-56	192
2	164	-360	171746700	29	-53	62	-56	9	-10	0	142	-52	108	-168	-56	192
2	164	-360	171748696	30	-58	56	-51	9	-11	0	151	-63	108	-168	-56	192
2	164	-360	171750700	35	-66	67	-63	10	-13	0	161	-76	108	-168	-56	192
2	164	-360	171752696	33	-63	61	-56	10	-12	0	171	-88	108	-168	-56	192
2	164	-360	171754704	33	-65	71	-68	10	-13	0	181	-101	108	-168	-56	192
2	164	-360	171756700	34	-66	65	-61	10	-13	0	191	-114	108	-168	-56	192
2	164	-360	171758696	39	-79	76	-74	11	-15	0	202	-129	108	-168	-56	192
2	164	-360	171760704	36	-71	68	-67	11	-14	0	213	-143	108	-168	-56	192
2	164	-360	171762696	36	-75	81	-79	12	-16	0	225	-159	108	-168	-56	192
2	164	-360	171764696	43	-86	71	-72	11	-15	0	236	-174	108	-168	-56	192
2	164	-360	171766700	37	-80	84	-85	12	-17	0	248	-191	108	-168	-56	192
2	164	-360	171768700	37	-81	74	-78	11	-16	0	259	-207	108	-168	-56	192
2	164	-360	171770696	42	-94	86	-90	13	-18	0	272	-225	108	-168	-56	192
2	164	-360	171772692	38	-88	75	-81	11	-17	0	283	-242	108	-168	-56	192
2	164	-360	171774700	36	-88	88	-95	13	-18	0	296	-260	108	-168	-56	192
2	164	-360	171776700	39	-102	76	-85	11	-19	0	307	-279	108	-168	-56	192
2	164	-360	171778700	33	-92	87	-100	12	-19	0	319	-298	108	-168	-56	192
2	164	-360	171780700	33	-94	78	-90	11	-19	0	330	-317	108	-168	-56	192
2	164	-360	171782700	30	-96	87	-104	12	-20	0	342	-337	108	-168	-56	192
2	164	-360	171784700	32	-110	75	-92	11	-20	0	353	-357	108	-168	-56	192
2	164	-360	171786704	27	-99	87	-109	11	-21	0	364	-378	108	-168	-56	192
2	164	-360	171788704	25	-100	75	-95	10	-19	0	374	-397	108	-168	-56	192
2	164	-360	171790704	23	-115	83	-110	11	-23	0	385	-420	108	-168	-56	192
2	164	-360	171792704	19	-104	74	-96	9	-20	0	394	-440	108	-168	-56	192
2	164	-360	171794700	18	-103	81	-112	10	-21	0	404	-461	108	-168	-56	192
2	164	-360	171796688	13	-105	69	-98	8	-21	0	412	-482	108	-168	-56	192
2	164	-360	171798696	14	-118	79	-113	9	-23	0	421	-505	108	-168	-56	192
2	164	-360	171800696	10	-106	66	-99	8	-20	0	429	-525	108	-168	-56	192
2	164	-360	171802704	8	-105	74	-112	8	-22	0	437	-547	108	-168	-56	192
2	164	-360	171804700	7	-120	62	-100	7	-22	0	444	-569	108	-168	-56	192
2	164	-360	171806692	4	-105	69	-113	7	-22	0	451	-591	108	-168	-56	192
2	164	-360	171808700	2	-106	69	-112	7	-21	0	458	-612	108	-168	-56	192
2	164	-360	171810696	2	-119	57	-99	6	-22	0	464	-634	108	-168	-56	192
2	164	-360	171812700	0	-105	64	-112	7	-22	0	471	-656	108	-168	-56	192
2	164	-360	171814696	0	-105	54	-98	5	-20	0	476	-676	108	-168	-56	192
2	164	-360	171816696	-2	-118	61	-110	6	-23	0	482	-699	108	-168	-56	192
2	164	-360	171818700	-4	-103	51	-96	5	-20	0	487	-719	108	-168	-56	192
2	164	-360	171820700	-3	-102	58	-109	5	-21	0	492	-740	108	-168	-56	192
2	164	-360	171822696	-5	-101	47	-94	4	-20	0	496	-760	108	-168	-56	192
2	164	-360	171824700	-5	-111	54	-107	5	-21	0	501	-781	108	-168	-56	192
2	164	-360	171826704	-5	-96	46	-93	4	-19	0	505	-800	108	-168	-56	192
2	164	-360	171828696	-7	-95	50	-102	5	-20	0	510	-740	108	-168	-56	192
2	164	-360	171830692	-6	-104	44	-89	4	-19	0	514	-759	108	-168	-56	192
2	164	-360	171832700	-5	-90	48	-99	4	-19	0	518	-778	108	-168	-56	192
2	164	-360	171834704	-5	-86	41	-85	3	-17	0	521	-795	108	-168	-56	192
2	164	-360	171836704	-6	-95	46	-93	4	-19	0	525	-814	108	-168	-56	192
2	164	-360	171838708	-4	-80	39	-79	4	-16	0	529	-830	108	-168	-56	192
2	164	-360	171840712	-2	-77	42	-88	4	-16	0	533	-846	108	-168	-56	192
2	164	-360	171842716	-4	-81	37	-72	3	-16	0	536	-862	108	-168	-56	192
2	164	-360	171844720	-1	-69	40	-80	4	-15	0	540	-735	108	-168	-56	192
2	164	-360	171846716	0	-63	33	-66	3	-13	0	543	-748	108	-168	-56	192
2	164	-360	171848712	0	-62	37	-72	4	-13	0	547	-761	108	-168	-56	192
2	164	-360	171850716	0	-63	31	-58	3	-12	0	550	-773	108	-168	-56	192
2	164	-360	171852712	2	-53	34	-64	4	-12	0	554	-785	108	-168	-56	192
2	164	-360	171854716	4	-49	27	-51	3	-10	0	557	-795	108	-168	-56	192
2	164	-360	171856712	5	-51	30	-54	3	-10	0	560	-805	108	-168	-56	192
2	164	-360	171858712	5	-41	24	-44	3	-9	0	563	-814	108	-168	-56	192
2	164	-360	171860716	5	-39	26	-45	3	-8	0	566	-728	108	-168	-56	192
2	164	-360	171862720	8	-39	24	-42	4	-8	0	570	-736	108	-168	-56	192
2	164	-360	171864720	6	-30	20	-33	2	-7	0	572	-743	108	-168	-56	192
2	164	-360	171866724	7	-27	20	-34	3	-6	0	575	-749	108	-168	-56	192
2	164	-360	171868728	7	-28	15	-26	2	-5	0	577	-754	108	-168	-56	192
2	164	-360	171870728	6	-20	16	-27	2	-5	0	579	-759	108	-168	-56	192
2	164	-360	171872728	6	-18	13	-20	2	-4	0	581	-763	108	-168	-56	192
2	164	-360	171874724	6	-15	12	-20	2	-3	0	583	-766	108	-168	-56	192
2	164	-360	171876740	5	-15	9	-15	1	-3	0	584	-723	108	-168	-56	192
2	164	-360	171878736	5	-12	10	-14	2	-3	0	586	-726	108	-168	-56	192
2	164	-360	171880736	4	-8	6	-11	1	-2	0	587	-728	108	-168	-56	192
2	164	-360	171882740	4	-9	6	-10	1	-1	0	588	-729	108	-168	-56	192
2	164	-360	171884744	2	-5	5	-8	1	-2	0	589	-731	108	-168	-56	192
2	164	-360	171886736	3	-5	4	-7	0	-1	0	589	-732	108	-168	-56	192
2	164	-360	171888748	2	-4	3	-5	1	-1	0	590	-733	108	-168	-56	192
2	164	-360	171890724	2	-1	2	-4	0	0	0	590	-733	108	-168	-56	192
2	164	-360	171892744	0	-1	1	-3	0	-1	0	590	-734	108	-168	-56	192
2	164	-360	171894740	1	0	2	-1	1	0	0	591	-720	108	-168	-56	192
2	164	-360	171896704	0	0	0	-1	0	0	1	591	-720	108	-168	-56	192
3	-259	299	171930724	1	0	0	0	0	0	1	108	-168	-151	131	108	-168
3	-259	299	171974740	0	0	0	0	0	0	0	108	-168	-151	131	108	-168
3	-259	299	171986768	-1	1	-1	2	0	0	0	108	-168	-151	131	108	-168
3	-259	299	171988792	-2	3	-1	2	0	0	0	108	-168	-151	131	108	-168
3	-259	299	171990800	-1	4	-3	4	0	1	0	108	-167	-151	131	108	-168
3	-259	299	171992820	-1	6	-3	5	-1	1	0	107	-166	-151	131	108	-168
3	-259	299	171994804	-3	6	-5	6	0	1	0	107	-165	-151	131	108	-168
3	-259	299	171996824	-1	8	-7	8	-1	2	0	106	-163	-151	131	108	-168
3	-259	299	171998824	-2	10	-7	8	-1	1	0	105	-162	-151	131	108	-168
3	-259	299	172000816	-3	11	-10	10	-1	3	0	104	-159	-151	131	108	-168
3	-259	299	172002816	-2	14	-11	14	-2	2	0	102	-157	-151	131	108	-168
3	-259	299	172004820	-3	16	-13	13	-1	3	0	101	-154	-151	131	108	-168
3	-259	299	172006812	-4	17	-17	17	-2	4	0	99	-150	-151	131	108	-168
3	-259	299	172008816	-2	19	-18	16	-2	3	0	97	-147	-151	131	108	-168
3	-259	299	172010820	-4	21	-22	22	-3	4	0	94	-143	-151	131	108	-168
3	-259	299	172012824	-5	28	-28	25	-3	6	0	91	-137	-151	131	108	-168
3	-259	299	172014820	-5	26	-26	22	-3	5	0	88	-132	-151	131	108	-168
3	-259	299	172016824	-5	28	-35	29	-4	5	0	84	-127	-151	131	108	-168
3	-259	299	172018824	-6	33	-33	27	-4	6	0	80	-121	-151	131	108	-168
3	-259	299	172020820	-8	33	-43	34	-5	7	0	75	-114	-151	131	108	-168
3	-259	299	172022824	-7	35	-40	30	-5	6	0	70	-108	-151	131	108	-168
3	-259	299	172024808	-10	41	-52	38	-6	8	0	64	-100	-151	131	108	-168
3	-259	299	172026808	-10	39	-48	35	-6	8	0	58	-92	-151	131	108	-168
3	-259	299	172028804	-11	41	-59	42	-7	8	0	51	-84	-151	131	108	-168
3	-259	299	172030800	-13	44	-56	39	-7	8	0	44	-76	-151	131	108	-168
3	-259	299	172032796	-15	52	-69	46	-8	10	0	36	-66	-151	131	108	-168
3	-259	299	172034792	-16	49	-64	44	-8	9	0	28	-57	-151	131	108	-168
3	-259	299	172036800	-18	51	-77	51	-10	11	0	18	-46	-151	131	108	-168
3	-259	299	172038796	-22	62	-72	49	-9	11	0	9	-35	-151	131	108	-168
3	-259	299	172040796	-21	57	-86	57	-11	11	0	-2	-24	-151	131	108	-168
3	-259	299	172042800	-23	60	-79	53	-10	11	0	-12	-13	-151	131	108	-168
3	-259	299	172044792	-24	61	-93	62	-12	13	0	-24	0	-151	131	108	-168
3	-259	299	172046800	-30	74	-87	58	-12	13	0	-36	13	-151	131	108	-168
3	-259	299	172048808	-26	68	-101	67	-12	13	0	-48	26	-151	131	108	-168
3	-259	299	172050816	-29	71	-91	63	-12	14	0	-60	40	-151	131	108	-168
3	-259	299	172052812	-33	82	-108	72	-14	15	0	-74	55	-151	131	108	-168
3	-259	299	172054808	-32	75	-96	67	-13	14	0	-87	69	-151	131	108	-168
3	-259	299	172056800	-32	78	-114	78	-15	16	0	-102	85	-151	131	108	-168
3	-259	299	172058800	-38	91	-100	72	-14	16	0	-116	101	-151	131	108	-168
3	-259	299	172060804	-33	83	-117	83	-15	17	0	-131	118	-151	131	108	-168
3	-259	299	172062800	-37	85	-105	75	-14	16	0	-145	134	-151	131	108	-168
3	-259	299	172064800	-40	97	-120	87	-16	18	0	-161	152	-151	131	108	-168
3	-259	299	172066788	-36	89	-106	78	-14	17	0	-175	169	-151	131	108	-168
3	-259	299	172068788	-37	90	-123	92	-16	18	0	-191	187	-151	131	108	-168
3	-259	299	172070788	-39	91	-107	80	-15	17	0	-206	204	-151	131	108	-168
3	-259	299	172072788	-43	104	-124	92	-16	20	0	-222	224	-151	131	108	-168
3	-259	299	172074780	-38	94	-108	83	-15	18	0	-237	242	-151	131	108	-168
3	-259	299	172076784	-39	95	-123	96	-16	19	0	-253	261	-151	131	108	-168
3	-259	299	172078788	-45	106	-107	84	-15	19	0	-268	280	-151	131	108	-168
3	-259	299	172080788	-40	96	-121	97	-16	19	0	-284	299	-151	131	108	-168
3	-259	299	172082784	-40	95	-106	86	-15	18	0	-299	317	-151	131	108	-168
3	-259	299	172084784	-45	108	-119	99	-16	21	0	-315	338	-151	131	108	-168
3	-259	299	172086788	-41	95	-104	86	-15	18	0	-330	356	-151	131	108	-168
3	-259	299	172088784	-40	93	-116	99	-16	19	0	-346	375	-151	131	108	-168
3	-259	299	172090792	-42	93	-115	98	-15	19	0	-361	394	-151	131	108	-168
3	-259	299	172092808	-46	104	-99	86	-15	19	0	-376	413	-151	131	108	-168
3	-259	299	172094808	-40	90	-111	96	-15	19	0	-391	432	-151	131	108	-168
3	-259	299	172096808	-40	90	-95	85	-13	17	0	-404	449	-151	131	108	-168
3	-259	299	172098788	-45	98	-107	94	-16	20	0	-420	469	-151	131	108	-168
3	-259	299	172100796	-39	85	-92	82	-13	16	0	-433	485	-151	131	108	-168
3	-259	299	172102804	-38	84	-102	92	-14	18	0	-447	503	-151	131	108	-168
3	-259	299	172104804	-44	93	-88	77	-13	17	0	-460	520	-151	131	108	-168
3	-259	299	172106796	-38	78	-96	89	-13	17	0	-473	537	-151	131	108	-168
3	-259	299	172108796	-37	78	-84	75	-12	15	0	-485	552	-151	131	108	-168
3	-259	299	172110792	-36	74	-92	84	-13	16	0	-498	568	-151	131	108	-168
3	-259	299	172112788	-40	80	-79	71	-12	15	0	-510	583	-151	131	108	-168
3	-259	299	172114784	-35	70	-87	77	-12	14	0	-522	597	-151	131	108	-168
3	-259	299	172116776	-34	66	-74	67	-11	14	0	-533	611	-151	131	108	-168
3	-259	299	172118776	-38	72	-83	72	-12	14	0	-545	625	-151	131	108	-168
3	-259	299	172120772	-32	62	-68	61	-10	12	0	-555	637	-151	131	108	-168
3	-259	299	172122768	-33	57	-75	68	-11	13	0	-566	650	-151	131	108	-168
3	-259	299	172124764	-35	64	-63	55	-10	12	0	-576	662	-151	131	108	-168
3	-259	299	172126756	-31	52	-67	61	-10	11	0	-586	673	-151	131	108	-168
3	-259	299	172128760	-31	52	-58	51	-8	10	0	-594	683	-151	131	108	-168
3	-259	299	172130756	-30	47	-61	55	-10	11	0	-604	694	-151	131	108	-168
3	-259	299	172132760	-34	53	-51	48	-8	10	0	-612	704	-151	131	108	-168
3	-259	299	172134760	-29	43	-55	50	-8	9	0	-620	713	-151	131	108	-168
3	-259	299	172136768	-30	42	-45	44	-8	9	0	-628	722	-151	131	108	-168
3	-259	299	172138764	-31	45	-50	46	-8	9	0	-636	731	-151	131	108	-168
3	-259	299	172140760	-29	37	-40	39	-7	7	0	-643	738	-151	131	108	-168
3	-259	299	172142756	-26	35	-43	41	-7	8	0	-650	746	-151	131	108	-168
3	-259	299	172144756	-26	34	-35	34	-6	7	0	-656	753	-151	131	108	-168
3	-259	299	172146744	-29	35	-37	37	-7	7	0	-663	760	-151	131	108	-168
3	-259	299	172148752	-25	29	-30	30	-5	6	0	-668	766	-151	131	108	-168
3	-259	299	172150740	-24	26	-33	31	-6	6	0	-674	772	-151	131	108	-168
3	-259	299	172152740	-23	29	-25	27	-5	5	0	-679	725	-151	131	108	-168
3	-259	299	172154748	-22	22	-26	27	-4	5	1	-683	730	-151	131	108	-168
4	-259	299	172156752	-18	21	-21	21	-4	4	1	-155	135	-151	131	108	-168
4	-259	299	172158752	-19	22	-23	24	-4	5	1	-159	140	-151	131	108	-168
4	-259	299	172160748	-15	17	-17	18	-4	3	1	-163	143	-151	131	108	-168
4	-259	299	172162744	-14	15	-18	18	-3	4	1	-166	147	-151	131	108	-168
4	-259	299	172164740	-12	13	-14	15	-2	2	1	-168	149	-151	131	108	-168
4	-259	299	172166740	-12	12	-13	15	-3	3	1	-171	152	-151	131	108	-168
4	-259	299	172168736	-8	9	-10	12	-2	2	1	-173	154	-151	131	108	-168
4	333	-214	172170732	-8	7	-9	10	-1	2	1	-174	156	182	-83	-151	131
4	333	-214	172172728	-6	8	-8	7	-2	1	1	-176	157	182	-83	-151	131
4	333	-214	172174736	-5	5	-7	8	-1	2	1	-177	159	182	-83	-151	131
4	333	-214	172176732	-4	4	-5	6	-1	1	1	-178	160	182	-83	-151	131
4	333	-214	172178716	-2	2	-4	4	-1	0	1	-179	160	182	-83	-151	131
4	333	-214	172180716	-3	3	-2	3	0	1	1	-179	161	182	-83	-151	131
4	333	-214	172182704	-1	1	-3	3	0	0	1	-179	161	182	-83	-151	131
4	333	-214	172184728	0	1	-1	1	-1	1	1	-180	162	182	-83	-151	131
4	333	-214	172186708	-1	0	-1	1	0	0	1	-180	162	182	-83	-151	131
4	333	-214	172188688	0	0	0	2	0	0	1	-180	162	182	-83	-151	131
4	333	-214	172210704	0	0	0	-1	0	0	1	-180	162	182	-83	-151	131
4	333	-214	172212708	0	0	0	-1	0	0	1	-180	162	182	-83	-151	131
4	333	-214	172214732	0	-2	1	-1	0	0	1	-180	162	182	-83	-151	131
4	333	-214	172216724	0	-2	3	-3	0	0	1	-180	162	182	-83	-151	131
4	333	-214	172218736	0	-4	2	-4	0	-1	1	-180	161	182	-83	-151	131
4	333	-214	172220732	-2	-5	4	-5	0	-1	1	-180	160	182	-83	-151	131
4	333	-214	172222744	-1	-5	5	-5	1	-1	1	-179	159	182	-83	-151	131
4	333	-214	172224740	-1	-7	8	-7	0	-1	0	-179	158	182	-83	-151	131
4	333	-214	172226744	0	-8	6	-6	1	-2	0	-178	156	182	-83	-151	131
4	333	-214	172228744	-1	-9	10	-10	1	-2	0	-177	154	182	-83	-151	131
4	333	-214	172230748	-2	-10	10	-9	1	-2	0	-176	152	182	-83	-151	131
4	333	-214	172232752	-1	-13	14	-13	1	-2	0	-175	150	182	-83	-151	131
4	333	-214	172234748	0	-13	16	-12	1	-3	0	-174	147	182	-83	-151	131
4	333	-214	172236736	-1	-14	16	-14	2	-3	0	-172	144	182	-83	-151	131
4	333	-214	172238732	0	-17	21	-15	2	-3	0	-170	141	182	-83	-151	131
4	333	-214	172240732	0	-18	20	-16	2	-3	0	-168	138	182	-83	-151	131
4	333	-214	172242736	1	-18	27	-19	3	-4	0	-165	134	182	-83	-151	131
4	333	-214	172244740	3	-24	25	-19	3	-4	0	-162	130	182	-83	-151	131
4	333	-214	172246740	5	-21	30	-23	3	-5	0	-159	125	182	-83	-151	131
4	333	-214	172248740	5	-24	30	-22	4	-4	0	-155	121	182	-83	-151	131
4	333	-214	172250748	7	-29	35	-26	4	-6	0	-151	115	182	-83	-151	131
4	333	-214	172252736	9	-26	33	-25	4	-5	0	-147	110	182	-83	-151	131
4	333	-214	172254736	10	-29	42	-29	5	-6	0	-142	104	182	-83	-151	131
4	333	-214	172256740	11	-30	38	-27	5	-5	0	-137	99	182	-83	-151	131
4	333	-214	172258740	15	-36	48	-33	6	-7	0	-131	92	182	-83	-151	131
4	333	-214	172260748	15	-33	45	-28	6	-6	0	-125	86	182	-83	-151	131
4	333	-214	172262744	18	-35	55	-35	8	-7	0	-117	79	182	-83	-151	131
4	333	-214	172264740	21	-41	52	-33	7	-8	0	-110	71	182	-83	-151	131
4	333	-214	172266736	20	-39	63	-39	8	-7	0	-102	64	182	-83	-151	131
4	333	-214	172268732	23	-40	60	-35	9	-8	0	-93	56	182	-83	-151	131
4	333	-214	172270728	23	-40	72	-41	9	-8	0	-84	48	182	-83	-151	131
4	333	-214	172272724	30	-47	68	-37	10	-8	0	-74	40	182	-83	-151	131
4	333	-214	172274724	29	-43	82	-45	11	-9	0	-63	31	182	-83	-151	131
4	333	-214	172276716	31	-43	77	-40	11	-9	0	-52	22	182	-83	-151	131
4	333	-214	172278712	38	-52	93	-48	13	-10	0	-39	12	182	-83	-151	131
4	333	-214	172280716	36	-45	87	-42	12	-8	0	-27	4	182	-83	-151	131
4	333	-214	172282720	38	-47	106	-50	15	-10	0	-12	-6	182	-83	-151	131
4	333	-214	172284720	46	-53	97	-45	14	-10	0	2	-16	182	-83	-151	131
4	333	-214	172286716	44	-48	117	-53	16	-10	0	18	-26	182	-83	-151	131
4	333	-214	172288716	46	-49	107	-47	15	-9	0	33	-35	182	-83	-151	131
4	333	-214	172290720	55	-55	130	-55	19	-11	0	52	-46	182	-83	-151	131
4	333	-214	172292716	51	-51	118	-50	17	-11	0	69	-57	182	-83	-151	131
4	333	-214	172294712	53	-52	140	-58	19	-11	0	88	-68	182	-83	-151	131
4	333	-214	172296724	56	-52	126	-51	18	-10	0	106	-78	182	-83	-151	131
4	333	-214	172298724	65	-60	150	-60	22	-12	0	128	-90	182	-83	-151	131
4	333	-214	172300724	60	-54	135	-53	19	-11	0	147	-101	182	-83	-151	131
4	333	-214	172302736	61	-55	159	-62	22	-11	0	169	-112	182	-83	-151	131
4	333	-214	172304736	71	-62	161	-63	23	-13	0	192	-125	182	-83	-151	131
4	333	-214	172306736	65	-57	145	-55	21	-11	0	213	-136	182	-83	-151	131
4	333	-214	172308736	67	-56	167	-65	24	-12	0	237	-148	182	-83	-151	131
4	333	-214	172310736	75	-65	149	-56	22	-12	0	259	-160	182	-83	-151	131
4	333	-214	172312736	67	-57	171	-66	24	-12	0	283	-172	182	-83	-151	131
4	333	-214	172314740	69	-57	150	-56	22	-12	0	305	-184	182	-83	-151	131
4	333	-214	172316740	77	-65	173	-67	25	-13	0	330	-197	182	-83	-151	131
4	333	-214	172318744	69	-57	152	-57	22	-11	0	352	-208	182	-83	-151	131
4	333	-214	172320740	69	-58	173	-65	24	-13	0	376	-221	182	-83	-151	131
4	333	-214	172322740	70	-57	150	-58	22	-11	0	398	-232	182	-83	-151	131
4	333	-214	172324740	77	-64	171	-66	25	-13	0	423	-245	182	-83	-151	131
4	333	-214	172326740	69	-56	148	-57	22	-11	0	445	-256	182	-83	-151	131
4	333	-214	172328744	68	-55	166	-67	23	-13	0	468	-269	182	-83	-151	131
4	333	-214	172330748	76	-63	145	-57	22	-12	0	490	-281	182	-83	-151	131
4	333	-214	172332752	67	-55	161	-66	23	-12	0	513	-293	182	-83	-151	131
4	333	-214	172334752	68	-55	138	-58	21	-11	0	534	-304	182	-83	-151	131
4	333	-214	172336752	74	-62	155	-66	23	-13	0	557	-317	182	-83	-151	131
4	333	-214	172338752	65	-55	131	-56	19	-11	0	576	-328	182	-83	-151	131
4	333	-214	172340752	63	-55	149	-67	21	-12	0	597	-340	182	-83	-151	131
4	333	-214	172342756	72	-61	126	-56	20	-12	0	617	-352	182	-83	-151	131
4	333	-214	172344756	62	-54	140	-64	20	-12	0	637	-364	182	-83	-151	131
4	333	-214	172346760	61	-55	120	-55	18	-11	0	655	-375	182	-83	-151	131
4	333	-214	172348760	60	-54	134	-63	20	-11	0	675	-386	182	-83	-151	131
4	333	-214	172350764	65	-61	130	-62	19	-13	0	694	-399	182	-83	-151	131
4	333	-214	172352764	57	-54	110	-53	17	-10	0	711	-409	182	-83	-151	131
4	333	-214	172354764	55	-54	122	-62	18	-12	0	729	-421	182	-83	-151	131
4	333	-214	172356764	60	-61	104	-52	16	-11	0	745	-432	182	-83	-151	131
4	333	-214	172358764	51	-54	115	-59	17	-12	0	762	-444	182	-83	-151	131
4	333	-214	172360764	49	-53	97	-50	14	-10	0	776	-454	182	-83	-151	131
4	333	-214	172362768	53	-59	107	-56	16	-11	0	792	-465	182	-83	-151	131
4	333	-214	172364764	45	-51	88	-48	14	-10	0	806	-475	182	-83	-151	131
4	333	-214	172366760	44	-49	98	-52	14	-10	0	820	-485	182	-83	-151	131
4	333	-214	172368756	46	-54	80	-45	12	-10	0	832	-495	182	-83	-151	131
4	333	-214	172370744	40	-45	87	-48	13	-10	0	845	-505	182	-83	-151	131
4	333	-214	172372752	37	-42	73	-41	11	-8	0	856	-513	182	-83	-151	131
4	333	-214	172374752	35	-42	76	-44	11	-8	0	867	-521	182	-83	-151	131
4	333	-214	172376756	36	-42	61	-35	10	-8	0	877	-529	182	-83	-151	131
4	333	-214	172378752	30	-36	65	-38	9	-8	0	886	-537	182	-83	-151	131
4	333	-214	172380756	27	-33	52	-32	8	-6	0	894	-543	182	-83	-151	131
4	333	-214	172382748	28	-32	52	-33	8	-7	0	902	-550	182	-83	-151	131
4	333	-214	172384748	21	-27	41	-27	7	-5	0	909	-555	182	-83	-151	131
4	333	-214	172386756	20	-22	42	-26	6	-5	0	915	-560	182	-83	-151	131
4	333	-214	172388764	20	-23	31	-21	5	-4	0	920	-564	182	-83	-151	131
4	333	-214	172390764	15	-16	30	-20	4	-4	1	924	-568	182	-83	-151	131
5	333	-214	172392760	13	-14	22	-15	4	-3	1	186	-86	182	-83	-151	131
5	333	-214	172394760	11	-11	20	-15	3	-2	1	189	-88	182	-83	-151	131
5	333	-214	172396756	10	-10	15	-11	2	-2	1	191	-90	182	-83	-151	131
5	333	-214	172398748	7	-7	14	-10	3	-2	1	194	-92	182	-83	-151	131
5	333	-214	172400756	5	-5	9	-8	1	-1	1	195	-93	182	-83	-151	131
5	333	-214	172402752	4	-5	7	-6	1	-1	1	196	-94	182	-83	-151	131
5	333	-214	172404752	3	-3	5	-5	1	-1	1	197	-95	182	-83	-151	131
5	333	-214	172406736	1	-2	4	-4	0	-1	1	197	-96	182	-83	-151	131
5	-380	111	172408736	1	-2	3	-2	1	0	1	198	-96	-198	28	182	-83
5	-380	111	172410732	0	0	1	-2	0	0	1	198	-96	-198	28	182	-83
5	-380	111	172412744	0	0	1	-1	0	-1	1	198	-97	-198	28	182	-83
5	-380	111	172440664	-1	0	0	0	0	0	1	198	-97	-198	28	182	-83
5	-380	111	172452656	-2	0	0	0	0	0	1	198	-97	-198	28	182	-83
5	-380	111	172470620	0	0	0	0	0	0	0	198	-97	-198	28	182	-83
5	-380	111	172480692	-1	0	-2	1	0	0	0	198	-97	-198	28	182	-83
5	-380	111	172482692	-2	1	-2	1	0	0	0	198	-97	-198	28	182	-83
5	-380	111	172484708	-2	2	-4	1	-1	0	0	197	-97	-198	28	182	-83
5	-380	111	172486720	-3	3	-6	3	-1	1	0	196	-96	-198	28	182	-83
5	-380	111	172488700	-4	2	-8	2	-1	0	0	195	-96	-198	28	182	-83
5	-380	111	172490716	-5	4	-8	3	-1	1	0	194	-95	-198	28	182	-83
5	-380	111	172492716	-6	4	-14	5	-2	1	0	192	-94	-198	28	182	-83
5	-380	111	172494704	-9	4	-15	3	-3	0	0	189	-94	-198	28	182	-83
5	-380	111	172496716	-9	5	-21	4	-3	1	0	186	-93	-198	28	182	-83
5	-380	111	172498716	-11	5	-25	5	-3	1	0	183	-92	-198	28	182	-83
5	-380	111	172500716	-14	5	-27	5	-4	1	0	179	-91	-198	28	182	-83
5	-380	111	172502716	-19	5	-35	5	-6	1	0	173	-90	-198	28	182	-83
5	-380	111	172504716	-18	5	-35	5	-5	1	0	168	-89	-198	28	182	-83
5	-380	111	172506712	-23	5	-46	5	-7	1	0	161	-88	-198	28	182	-83
5	-380	111	172508712	-29	6	-46	5	-7	1	0	154	-87	-198	28	182	-83
5	-380	111	172510708	-30	5	-58	5	-9	1	0	145	-86	-198	28	182	-83
5	-380	111	172512712	-33	4	-57	4	-9	1	0	136	-85	-198	28	182	-83
5	-380	111	172514724	-43	5	-73	5	-12	1	0	124	-84	-198	28	182	-83
5	-380	111	172516724	-41	3	-68	5	-11	1	0	113	-83	-198	28	182	-83
5	-380	111	172518728	-46	4	-87	5	-13	1	0	100	-82	-198	28	182	-83
5	-380	111	172520728	-49	5	-82	5	-13	1	0	87	-81	-198	28	182	-83
5	-380	111	172522732	-61	4	-100	4	-16	1	0	71	-80	-198	28	182	-83
5	-380	111	172524724	-59	4	-95	5	-16	1	0	55	-79	-198	28	182	-83
5	-380	111	172526728	-61	5	-114	5	-17	1	0	38	-78	-198	28	182	-83
5	-380	111	172528724	-75	5	-106	5	-18	1	0	20	-77	-198	28	182	-83
5	-380	111	172530724	-73	5	-129	6	-20	1	0	0	-76	-198	28	182	-83
5	-380	111	172532708	-75	5	-117	5	-20	1	0	-20	-75	-198	28	182	-83
5	-380	111	172534716	-89	6	-142	7	-23	1	0	-43	-74	-198	28	182	-83
5	-380	111	172536716	-83	6	-128	7	-21	1	0	-64	-73	-198	28	182	-83
5	-380	111	172538712	-88	8	-154	8	-24	2	0	-88	-71	-198	28	182	-83
5	-380	111	172540712	-90	8	-140	9	-23	2	0	-111	-69	-198	28	182	-83
5	-380	111	172542716	-104	12	-165	11	-27	2	0	-138	-67	-198	28	182	-83
5	-380	111	172544720	-96	10	-149	12	-24	2	0	-162	-65	-198	28	182	-83
5	-380	111	172546716	-97	12	-176	13	-28	3	0	-190	-62	-198	28	182	-83
5	-380	111	172548712	-113	15	-158	13	-27	2	0	-217	-60	-198	28	182	-83
5	-380	111	172550712	-102	15	-185	16	-28	4	0	-245	-56	-198	28	182	-83
5	-380	111	172552716	-105	16	-163	16	-27	3	0	-272	-53	-198	28	182	-83
5	-380	111	172554720	-120	20	-192	19	-31	4	0	-303	-49	-198	28	182	-83
5	-380	111	172556712	-109	19	-167	18	-28	3	0	-331	-46	-198	28	182	-83
5	-380	111	172558720	-110	20	-195	21	-31	4	0	-362	-42	-198	28	182	-83
5	-380	111	172560720	-109	23	-195	22	-30	5	0	-392	-37	-198	28	182	-83
5	-380	111	172562716	-124	26	-170	20	-29	5	0	-421	-32	-198	28	182	-83
5	-380	111	172564716	-108	25	-195	25	-31	5	0	-452	-27	-198	28	182	-83
5	-380	111	172566708	-109	25	-170	23	-28	4	0	-480	-23	-198	28	182	-83
5	-380	111	172568720	-120	30	-194	26	-31	6	0	-511	-17	-198	28	182	-83
5	-380	111	172570724	-106	29	-169	24	-27	5	0	-538	-12	-198	28	182	-83
5	-380	111	172572728	-104	27	-188	29	-30	6	0	-568	-6	-198	28	182	-83
5	-380	111	172574732	-116	33	-164	26	-28	6	0	-596	0	-198	28	182	-83
5	-380	111	172576728	-100	30	-183	29	-28	6	0	-624	6	-198	28	182	-83
5	-380	111	172578724	-100	28	-156	27	-26	5	0	-650	11	-198	28	182	-83
5	-380	111	172580728	-108	33	-174	30	-28	6	0	-678	17	-198	28	182	-83
5	-380	111	172582732	-94	29	-147	26	-24	6	0	-702	23	-198	28	182	-83
5	-380	111	172584728	-91	28	-163	30	-25	6	0	-727	29	-198	28	182	-83
5	-380	111	172586728	-87	28	-137	27	-23	5	0	-750	34	-198	28	182	-83
5	-380	111	172588728	-95	31	-151	31	-24	6	0	-774	40	-198	28	182	-83
5	-380	111	172590724	-82	28	-127	27	-21	6	0	-795	46	-198	28	182	-83
5	-380	111	172592716	-78	26	-140	30	-22	6	0	-817	52	-198	28	182	-83
5	-380	111	172594724	-84	29	-115	27	-20	5	0	-837	57	-198	28	182	-83
5	-380	111	172596736	-73	25	-126	30	-20	6	0	-857	63	-198	28	182	-83
5	-380	111	172598732	-67	25	-104	26	-17	5	0	-874	68	-198	28	182	-83
5	-380	111	172600740	-73	26	-111	29	-18	5	0	-892	73	-198	28	182	-83
5	-380	111	172602748	-61	24	-91	25	-15	5	0	-907	78	-198	28	182	-83
5	-380	111	172604748	-57	22	-98	27	-16	5	0	-923	83	-198	28	182	-83
5	-380	111	172606752	-60	24	-77	24	-14	5	0	-937	88	-198	28	182	-83
5	-380	111	172608756	-50	20	-83	25	-13	4	0	-950	92	-198	28	182	-83
5	-380	111	172610756	-45	20	-73	24	-12	5	0	-962	97	-198	28	182	-83
5	-380	111	172612760	-45	20	-59	20	-10	4	0	-972	101	-198	28	182	-83
5	-380	111	172614756	-37	17	-61	21	-10	4	0	-982	105	-198	28	182	-83
5	-380	111	172616760	-32	17	-47	17	-8	3	0	-990	108	-198	28	182	-83
5	-380	111	172618752	-29	13	-47	19	-7	3	0	-997	111	-198	28	182	-83
5	-380	111	172620748	-29	15	-36	14	-7	3	0	-1004	114	-198	28	182	-83
5	-380	111	172622748	-21	12	-37	15	-6	3	0	-1010	117	-198	28	182	-83
5	-380	111	172624744	-17	11	-26	11	-4	2	0	-1014	119	-198	28	182	-83
5	-380	111	172626740	-18	10	-26	13	-4	2	0	-1018	121	-198	28	182	-83
5	-380	111	172628736	-12	7	-19	8	-4	2	0	-1022	123	-198	28	182	-83
5	-380	111	172630740	-9	7	-16	9	-2	1	0	-1024	124	-198	28	182	-83
5	-380	111	172632740	-9	6	-13	6	-2	2	0	-1026	126	-198	28	182	-83
5	-380	111	172634748	-6	5	-11	7	-2	1	0	-1028	127	-198	28	182	-83
5	-380	111	172636732	-4	4	-6	3	-1	0	1	-1029	127	-198	28	182	-83
6	-380	111	172638740	-2	2	-6	4	-1	1	1	-199	29	-198	28	182	-83
6	-380	111	172640732	-3	3	-4	3	0	1	1	-199	30	-198	28	182	-83
6	-380	111	172642736	-1	1	-4	2	-1	0	1	-200	30	-198	28	182	-83
6	-380	111	172644724	0	1	-1	1	0	0	1	-200	30	-198	28	182	-83
6	396	0	172646724	-1	0	-1	2	0	0	1	-200	30	198	28	-198	28
6	396	0	172648692	0	1	0	0	0	0	1	-200	30	198	28	-198	28
6	396	0	172652732	0	0	-2	1	0	1	1	-200	31	198	28	-198	28
6	396	0	172678640	0	0	1	0	0	0	1	-200	31	198	28	-198	28
6	396	0	172714652	0	0	1	0	0	0	1	-200	31	198	28	-198	28
6	396	0	172718644	1	0	1	0	0	0	0	-200	31	198	28	-198	28
6	396	0	172720612	3	0	2	0	0	0	0	-200	31	198	28	-198	28
6	396	0	172722640	2	0	3	0	0	0	0	-200	31	198	28	-198	28
6	396	0	172724656	5	0	7	0	1	0	0	-199	31	198	28	-198	28
6	396	0	172726648	6	0	7	0	2	0	0	-197	31	198	28	-198	28
6	396	0	172728664	8	0	11	0	1	0	0	-196	31	198	28	-198	28
6	396	0	172730716	10	0	13	1	3	0	0	-193	31	198	28	-198	28
6	396	0	172732720	15	2	19	1	3	0	0	-190	31	198	28	-198	28
6	396	0	172734724	16	2	20	3	4	0	0	-186	31	198	28	-198	28
6	396	0	172736736	19	4	27	4	4	1	0	-182	32	198	28	-198	28
6	396	0	172738740	26	4	28	2	6	1	0	-176	33	198	28	-198	28
6	396	0	172740740	28	5	37	5	6	1	0	-170	34	198	28	-198	28
6	396	0	172742736	30	5	43	5	8	1	0	-162	35	198	28	-198	28
6	396	0	172744740	35	5	42	4	7	1	0	-155	36	198	28	-198	28
6	396	0	172746732	45	7	54	6	10	1	0	-145	37	198	28	-198	28
6	396	0	172748732	43	6	52	6	10	1	0	-135	38	198	28	-198	28
6	396	0	172750732	48	8	65	7	11	2	0	-124	40	198	28	-198	28
6	396	0	172752724	59	9	63	7	12	1	0	-112	41	198	28	-198	28
6	396	0	172754720	56	8	76	8	13	2	0	-99	43	198	28	-198	28
6	396	0	172756724	60	10	70	8	13	2	0	-86	45	198	28	-198	28
6	396	0	172758728	72	10	86	10	16	2	0	-70	47	198	28	-198	28
6	396	0	172760724	67	10	79	9	15	2	0	-55	49	198	28	-198	28
6	396	0	172762724	71	12	95	11	16	2	0	-39	51	198	28	-198	28
6	396	0	172764716	72	11	86	10	16	2	0	-23	53	198	28	-198	28
6	396	0	172766724	87	14	103	13	19	3	0	-4	56	198	28	-198	28
6	396	0	172768724	80	12	92	11	17	2	0	13	58	198	28	-198	28
6	396	0	172770724	82	14	110	14	20	3	0	33	61	198	28	-198	28
6	396	0	172772732	95	16	100	14	19	3	0	52	64	198	28	-198	28
6	396	0	172774736	89	15	118	16	21	3	0	73	67	198	28	-198	28
6	396	0	172776736	90	18	107	15	19	3	0	92	70	198	28	-198	28
6	396	0	172778732	104	20	125	19	23	4	0	115	74	198	28	-198	28
6	396	0	172780736	95	20	114	16	21	4	0	136	78	198	28	-198	28
6	396	0	172782740	96	20	134	21	23	4	0	159	82	198	28	-198	28
6	396	0	172784740	112	25	120	20	23	4	0	182	86	198	28	-198	28
6	396	0	172786744	102	22	142	24	25	5	0	207	91	198	28	-198	28
6	396	0	172788748	102	24	127	21	23	4	0	230	95	198	28	-198	28
6	396	0	172790732	105	25	148	26	25	6	0	255	101	198	28	-198	28
6	396	0	172792736	120	30	134	24	25	5	0	280	106	198	28	-198	28
6	396	0	172794744	109	26	156	29	27	5	0	307	111	198	28	-198	28
6	396	0	172796740	109	28	140	25	25	6	0	332	117	198	28	-198	28
6	396	0	172798740	123	31	163	30	28	6	0	360	123	198	28	-198	28
6	396	0	172800736	112	27	145	26	26	5	0	386	128	198	28	-198	28
6	396	0	172802740	110	28	169	31	28	6	0	414	134	198	28	-198	28
6	396	0	172804744	125	31	171	32	30	6	0	444	140	198	28	-198	28
6	396	0	172806740	111	28	150	26	26	6	0	470	146	198	28	-198	28
6	396	0	172808740	110	27	174	31	28	6	0	498	152	198	28	-198	28
6	396	0	172810744	124	30	152	26	28	5	0	526	157	198	28	-198	28
6	396	0	172812752	108	26	176	30	28	6	0	554	163	198	28	-198	28
6	396	0	172814760	108	27	153	27	26	5	0	580	168	198	28	-198	28
6	396	0	172816760	120	27	175	27	30	6	0	610	174	198	28	-198	28
6	396	0	172818764	105	24	152	24	25	4	0	635	178	198	28	-198	28
6	396	0	172820768	102	22	174	26	28	5	0	663	183	198	28	-198	28
6	396	0	172822772	102	22	151	21	25	4	0	688	187	198	28	-198	28
6	396	0	172824760	111	22	170	24	28	5	0	716	192	198	28	-198	28
6	396	0	172826764	96	19	148	19	25	4	0	741	196	198	28	-198	28
6	396	0	172828764	94	17	166	20	26	4	0	767	200	198	28	-198	28
6	396	0	172830764	104	18	144	15	25	3	0	792	203	198	28	-198	28
6	396	0	172832752	90	14	161	17	25	3	0	817	206	198	28	-198	28
6	396	0	172834752	86	12	138	13	22	2	0	839	208	198	28	-198	28
6	396	0	172836752	96	13	155	12	25	3	0	864	211	198	28	-198	28
6	396	0	172838748	81	8	132	10	22	2	0	886	213	198	28	-198	28
6	396	0	172840744	80	8	149	10	22	2	0	908	215	198	28	-198	28
6	396	0	172842748	77	6	126	7	21	1	0	929	216	198	28	-198	28
6	396	0	172844748	83	6	140	6	22	1	0	951	217	198	28	-198	28
6	396	0	172846748	72	4	120	4	19	1	0	970	218	198	28	-198	28
6	396	0	172848736	68	3	134	3	20	0	0	990	218	198	28	-198	28
6	396	0	172850748	74	0	112	2	19	1	0	1009	219	198	28	-198	28
6	396	0	172852740	64	0	125	1	19	0	0	1028	219	198	28	-198	28
6	396	0	172854712	62	0	107	0	17	0	0	1045	219	198	28	-198	28
6	396	0	172856732	67	-2	117	-1	18	0	0	1063	219	198	28	-198	28
6	396	0	172858732	56	-3	99	-1	16	0	0	1079	219	198	28	-198	28
6	396	0	172860740	55	-3	109	-4	16	-1	0	1095	218	198	28	-198	28
6	396	0	172862724	51	-4	92	-3	14	0	0	1109	218	198	28	-198	28
6	396	0	172864728	56	-5	100	-4	16	-1	0	1125	217	198	28	-198	28
6	396	0	172866736	47	-4	95	-5	14	-1	0	1139	216	198	28	-198	28
6	396	0	172868740	45	-5	79	-4	13	-1	0	1152	215	198	28	-198	28
6	396	0	172870736	46	-5	84	-5	13	-1	0	1165	214	198	28	-198	28
6	396	0	172872736	40	-5	68	-4	10	-1	0	1175	213	198	28	-198	28
6	396	0	172874728	36	-4	74	-5	11	-1	0	1186	212	198	28	-198	28
6	396	0	172876732	33	-5	59	-3	10	-1	0	1196	211	198	28	-198	28
6	396	0	172878724	33	-5	61	-5	9	-1	0	1205	210	198	28	-198	28
6	396	0	172880712	28	-3	48	-4	8	0	0	1213	210	198	28	-198	28
6	396	0	172882728	24	-4	48	-4	7	-1	0	1220	209	198	28	-198	28
6	396	0	172884728	22	-3	38	-2	6	-1	0	1226	208	198	28	-198	28
6	396	0	172886708	18	-2	39	-4	6	0	1	1232	208	198	28	-198	28
7	396	0	172888724	15	-3	27	-1	4	-1	1	202	27	198	28	-198	28
7	396	0	172890708	13	-1	29	-3	4	0	1	206	27	198	28	-198	28
7	396	0	172892716	10	-1	20	-1	3	0	1	209	27	198	28	-198	28
7	396	0	172894728	9	-1	19	-1	3	-1	1	212	26	198	28	-198	28
7	396	0	172896716	6	0	12	-2	2	0	1	214	26	198	28	-198	28
7	396	0	172898712	4	-2	11	0	1	0	1	215	26	198	28	-198	28
7	-380	-111	172900688	1	0	8	0	1	0	1	216	26	-182	-83	198	28
7	-380	-111	172902716	2	0	5	-1	1	0	1	217	26	-182	-83	198	28
7	-380	-111	172904684	0	0	2	0	0	0	1	217	26	-182	-83	198	28
7	-380	-111	172906676	-1	0	3	0	0	0	1	217	26	-182	-83	198	28
7	-380	-111	172908680	-2	0	0	0	0	0	1	217	26	-182	-83	198	28
7	-380	-111	172910712	-4	1	0	0	0	0	1	217	26	-182	-83	198	28
7	-380	-111	172912712	-4	1	-1	1	0	0	1	217	26	-182	-83	198	28
7	-380	-111	172914720	-5	0	-1	1	-1	0	1	216	26	-182	-83	198	28
7	-380	-111	172916676	-5	1	-1	0	0	0	1	216	26	-182	-83	198	28
7	-380	-111	172918712	-5	2	-3	1	-1	0	1	215	26	-182	-83	198	28
7	-380	-111	172920712	-5	1	-1	1	-1	0	1	214	26	-182	-83	198	28
7	-380	-111	172922700	-6	1	-1	2	0	0	1	214	26	-182	-83	198	28
7	-380	-111	172924728	-6	1	-1	1	-1	1	1	213	27	-182	-83	198	28
7	-380	-111	172926716	-6	2	-3	1	-1	0	1	212	27	-182	-83	198	28
7	-380	-111	172928712	-7	1	-1	1	-1	0	1	211	27	-182	-83	198	28
7	-380	-111	172930716	-6	1	-3	2	-1	0	1	210	27	-182	-83	198	28
7	-380	-111	172932712	-5	1	-1	1	0	1	1	210	28	-182	-83	198	28
7	-380	-111	172934716	-6	0	-2	1	-1	0	1	209	28	-182	-83	198	28
7	-380	-111	172936716	-5	2	-2	1	-1	0	1	208	28	-182	-83	198	28
7	-380	-111	172938704	-4	0	-1	2	0	0	1	208	28	-182	-83	198	28
7	-380	-111	172940724	-4	1	-1	1	-1	0	1	207	28	-182	-83	198	28
7	-380	-111	172942684	-2	0	-1	0	0	0	1	207	28	-182	-83	198	28
7	-380	-111	172944732	-3	1	-2	1	-1	1	1	206	29	-182	-83	198	28
7	-380	-111	172946660	-2	0	0	0	0	0	1	206	29	-182	-83	198	28
7	-380	-111	172948708	-1	1	-1	1	0	0	1	206	29	-182	-83	198	28
7	-380	-111	172950688	-2	0	0	0	0	0	1	206	29	-182	-83	198	28
7	-380	-111	172952696	-1	0	0	0	0	0	1	206	29	-182	-83	198	28
7	-380	-111	172954688	0	0	0	2	0	0	1	206	29	-182	-83	198	28
7	-380	-111	172956696	-1	0	-1	0	-1	0	1	205	29	-182	-83	198	28
7	-380	-111	172976624	0	0	0	0	0	0	0	205	29	-182	-83	198	28
7	-380	-111	172984684	0	0	-1	0	0	0	0	205	29	-182	-83	198	28
7	-380	-111	172986688	-1	0	-2	0	0	0	0	205	29	-182	-83	198	28
7	-380	-111	172988716	0	0	-1	-1	0	0	0	205	29	-182	-83	198	28
7	-380	-111	172990712	-2	0	-2	-1	0	0	0	205	29	-182	-83	198	28
7	-380	-111	172992724	-2	-3	-5	-1	-1	0	0	204	29	-182	-83	198	28
7	-380	-111	172994728	-4	-2	-8	-4	-1	0	0	203	29	-182	-83	198	28
7	-380	-111	172996740	-5	-5	-9	-5	-2	-1	0	201	28	-182	-83	198	28
7	-380	-111	172998732	-7	-6	-12	-6	-2	-2	0	199	26	-182	-83	198	28
7	-380	-111	173000732	-9	-8	-15	-7	-2	-1	0	197	25	-182	-83	198	28
7	-380	-111	173002724	-13	-10	-20	-10	-3	-2	0	194	23	-182	-83	198	28
7	-380	-111	173004728	-13	-11	-20	-10	-4	-2	0	190	21	-182	-83	198	28
7	-380	-111	173006728	-17	-14	-28	-13	-4	-3	0	186	18	-182	-83	198	28
7	-380	-111	173008732	-22	-19	-27	-15	-5	-3	0	181	15	-182	-83	198	28
7	-380	-111	173010736	-24	-18	-38	-19	-6	-4	0	175	11	-182	-83	198	28
7	-380	-111	173012732	-26	-22	-36	-19	-6	-4	0	169	7	-182	-83	198	28
7	-380	-111	173014728	-31	-23	-47	-25	-8	-5	0	161	2	-182	-83	198	28
7	-380	-111	173016732	-39	-30	-48	-24	-9	-5	0	152	-3	-182	-83	198	28
7	-380	-111	173018728	-39	-29	-61	-30	-10	-6	0	142	-9	-182	-83	198	28
7	-380	-111	173020728	-44	-31	-58	-27	-10	-6	0	132	-15	-182	-83	198	28
7	-380	-111	173022728	-53	-38	-73	-34	-13	-7	0	119	-22	-182	-83	198	28
7	-380	-111	173024728	-52	-35	-70	-32	-12	-7	0	107	-29	-182	-83	198	28
7	-380	-111	173026724	-56	-37	-87	-39	-14	-7	0	93	-36	-182	-83	198	28
7	-380	-111	173028736	-67	-43	-82	-36	-15	-8	0	78	-44	-182	-83	198	28
7	-380	-111	173030728	-64	-40	-100	-43	-17	-9	0	61	-53	-182	-83	198	28
7	-380	-111	173032732	-68	-42	-94	-40	-16	-8	0	45	-61	-182	-83	198	28
7	-380	-111	173034740	-81	-49	-114	-46	-19	-9	0	26	-70	-182	-83	198	28
7	-380	-111	173036744	-76	-44	-105	-41	-18	-9	0	8	-79	-182	-83	198	28
7	-380	-111	173038748	-80	-45	-127	-49	-21	-9	0	-13	-88	-182	-83	198	28
7	-380	-111	173040752	-85	-46	-119	-44	-20	-9	0	-33	-97	-182	-83	198	28
7	-380	-111	173042756	-100	-53	-142	-52	-25	-11	0	-58	-108	-182	-83	198	28
7	-380	-111	173044752	-94	-47	-132	-45	-22	-9	0	-80	-117	-182	-83	198	28
7	-380	-111	173046740	-97	-49	-157	-54	-26	-10	0	-106	-127	-182	-83	198	28
7	-380	-111	173048736	-115	-55	-143	-48	-25	-11	0	-131	-138	-182	-83	198	28
7	-380	-111	173050732	-105	-50	-171	-55	-28	-10	0	-159	-148	-182	-83	198	28
7	-380	-111	173052740	-110	-51	-179	-56	-29	-11	0	-188	-159	-182	-83	198	28
7	-380	-111	173054732	-129	-58	-161	-50	-29	-11	0	-217	-170	-182	-83	198	28
7	-380	-111	173056736	-118	-51	-192	-57	-31	-10	0	-248	-180	-182	-83	198	28
7	-380	-111	173058740	-122	-52	-173	-52	-29	-11	0	-277	-191	-182	-83	198	28
7	-380	-111	173060744	-125	-53	-202	-57	-33	-11	0	-310	-202	-182	-83	198	28
7	-380	-111	173062740	-145	-59	-183	-51	-33	-11	0	-343	-213	-182	-83	198	28
7	-380	-111	173064736	-131	-52	-212	-59	-34	-11	0	-377	-224	-182	-83	198	28
7	-380	-111	173066728	-135	-51	-190	-51	-33	-10	0	-410	-234	-182	-83	198	28
7	-380	-111	173068736	-154	-58	-222	-58	-37	-12	0	-447	-246	-182	-83	198	28
7	-380	-111	173070740	-139	-50	-197	-51	-34	-10	0	-481	-256	-182	-83	198	28
7	-380	-111	173072736	-141	-50	-228	-56	-37	-10	0	-518	-266	-182	-83	198	28
7	-380	-111	173074744	-160	-56	-201	-50	-36	-11	0	-554	-277	-182	-83	198	28
7	-380	-111	173076728	-144	-48	-232	-57	-38	-10	0	-592	-287	-182	-83	198	28
7	-380	-111	173078732	-144	-47	-205	-47	-34	-10	0	-626	-297	-182	-83	198	28
7	-380	-111	173080736	-145	-46	-234	-54	-38	-10	0	-664	-307	-182	-83	198	28
7	-380	-111	173082744	-163	-52	-206	-46	-37	-10	0	-701	-317	-182	-83	198	28
7	-380	-111	173084736	-144	-43	-234	-51	-38	-9	0	-739	-326	-182	-83	198	28
7	-380	-111	173086736	-145	-44	-205	-44	-35	-9	0	-774	-335	-182	-83	198	28
7	-380	-111	173088732	-161	-48	-231	-48	-39	-9	0	-813	-344	-182	-83	198	28
7	-380	-111	173090732	-142	-41	-202	-41	-35	-9	0	-848	-353	-182	-83	198	28
7	-380	-111	173092732	-140	-40	-227	-46	-36	-8	0	-884	-361	-182	-83	198	28
7	-380	-111	173094724	-156	-42	-196	-39	-36	-8	0	-920	-369	-182	-83	198	28
7	-380	-111	173096732	-136	-38	-220	-42	-35	-8	0	-955	-377	-182	-83	198	28
7	-380	-111	173098732	-134	-36	-189	-37	-32	-8	0	-987	-385	-182	-83	198	28
7	-380	-111	173100732	-146	-40	-211	-41	-36	-8	0	-1023	-393	-182	-83	198	28
7	-380	-111	173102736	-128	-35	-180	-34	-31	-7	0	-1054	-400	-182	-83	198	28
7	-380	-111	173104736	-123	-33	-199	-37	-32	-7	0	-1086	-407	-182	-83	198	28
7	-380	-111	173106740	-120	-32	-168	-31	-29	-6	0	-1115	-413	-182	-83	198	28
7	-380	-111	173108740	-130	-34	-185	-34	-31	-7	0	-1146	-420	-182	-83	198	28
7	-380	-111	173110740	-110	-30	-176	-34	-29	-6	0	-1175	-426	-182	-83	198	28
7	-380	-111	173112740	-105	-27	-146	-26	-25	-5	0	-1200	-431	-182	-83	198	28
7	-380	-111	173114752	-113	-30	-159	-30	-27	-6	0	-1227	-437	-182	-83	198	28
7	-380	-111	173116752	-94	-25	-131	-25	-23	-5	0	-1250	-442	-182	-83	198	28
7	-380	-111	173118740	-87	-24	-140	-26	-23	-5	0	-1273	-447	-182	-83	198	28
7	-380	-111	173120740	-90	-25	-113	-23	-20	-5	0	-1293	-452	-182	-83	198	28
7	-380	-111	173122744	-74	-20	-120	-22	-19	-4	0	-1312	-456	-182	-83	198	28
7	-380	-111	173124744	-66	-19	-95	-19	-16	-4	0	-1328	-460	-182	-83	198	28
7	-380	-111	173126740	-59	-16	-97	-19	-16	-4	0	-1344	-464	-182	-83	198	28
7	-380	-111	173128740	-59	-16	-75	-14	-13	-3	0	-1357	-467	-182	-83	198	28
7	-380	-111	173130732	-45	-13	-76	-15	-12	-3	0	-1369	-470	-182	-83	198	28
7	-380	-111	173132740	-38	-10	-59	-11	-10	-2	0	-1379	-472	-182	-83	198	28
7	-380	-111	173134740	-35	-11	-58	-12	-9	-2	0	-1289	-474	-182	-83	198	28
7	-380	-111	173136728	-27	-8	-42	-8	-7	-2	0	-1296	-476	-182	-83	198	28
7	-380	-111	173138728	-21	-6	-41	-9	-7	-1	0	-1303	-477	-182	-83	198	28
7	-380	-111	173140732	-19	-5	-29	-6	-4	-1	0	-1307	-478	-182	-83	198	28
7	-380	-111	173142732	-12	-4	-28	-5	-4	-1	0	-1311	-479	-182	-83	198	28
7	-380	-111	173144740	-9	-2	-18	-4	-3	-1	1	-1314	-480	-182	-83	198	28
8	-380	-111	173146728	-6	-3	-17	-3	-2	0	1	-184	-83	-182	-83	198	28
8	-380	-111	173148736	-3	-1	-10	-2	-2	-1	1	-186	-84	-182	-83	198	28
8	333	214	173150716	0	0	-7	-1	0	0	1	-186	-84	151	131	-182	-83
8	333	214	173152716	1	0	-3	-1	-1	0	1	-187	-84	151	131	-182	-83
8	333	214	173154680	3	0	0	0	0	0	1	-187	-84	151	131	-182	-83
8	333	214	173156688	5	0	1	0	0	0	1	-187	-84	151	131	-182	-83
8	333	214	173158724	8	1	4	0	2	0	1	-185	-84	151	131	-182	-83
8	333	214	173160700	9	0	5	0	1	0	1	-184	-84	151	131	-182	-83
8	333	214	173162696	8	1	6	0	1	0	1	-183	-84	151	131	-182	-83
8	333	214	173164720	9	1	6	2	2	0	1	-181	-84	151	131	-182	-83
8	333	214	173166720	13	1	8	1	2	0	1	-179	-84	151	131	-182	-83
8	333	214	173168724	11	2	8	0	2	0	1	-177	-84	151	131	-182	-83
8	333	214	173170720	12	1	9	1	2	0	1	-175	-84	151	131	-182	-83
8	333	214	173172728	14	1	11	1	3	1	1	-172	-83	151	131	-182	-83
8	333	214	173174716	15	1	10	2	2	0	1	-170	-83	151	131	-182	-83
8	333	214	173176720	14	3	13	1	3	0	1	-167	-83	151	131	-182	-83
8	333	214	173178728	12	1	11	1	2	1	1	-165	-82	151	131	-182	-83
8	333	214	173180720	15	1	14	0	3	0	1	-162	-82	151	131	-182	-83
8	333	214	173182716	14	0	12	1	3	0	1	-159	-82	151	131	-182	-83
8	333	214	173184716	11	2	14	2	2	0	1	-157	-82	151	131	-182	-83
8	333	214	173186728	13	1	13	0	3	0	1	-154	-82	151	131	-182	-83
8	333	214	173188732	10	0	13	1	2	0	1	-152	-82	151	131	-182	-83
8	333	214	173190732	9	1	12	0	2	0	1	-150	-82	151	131	-182	-83
8	333	214	173192700	8	0	13	0	2	0	1	-148	-82	151	131	-182	-83
8	333	214	173194736	7	0	12	1	2	1	1	-146	-81	151	131	-182	-83
8	333	214	173196680	6	0	11	0	2	0	1	-144	-81	151	131	-182	-83
8	333	214	173198684	5	0	10	0	1	0	1	-143	-81	151	131	-182	-83
8	333	214	173200684	5	0	11	0	2	0	1	-141	-81	151	131	-182	-83
8	333	214	173202680	2	0	8	0	1	0	1	-140	-81	151	131	-182	-83
8	333	214	173204684	4	0	8	0	1	0	1	-139	-81	151	131	-182	-83
8	333	214	173206740	3	-2	8	-2	1	0	1	-138	-81	151	131	-182	-83
8	333	214	173208716	1	0	7	0	1	0	1	-137	-81	151	131	-182	-83
8	333	214	173210744	1	-1	7	-1	1	0	1	-136	-81	151	131	-182	-83
8	333	214	173212744	3	-1	5	-1	1	0	1	-135	-81	151	131	-182	-83
8	333	214	173214740	0	-1	6	0	0	0	1	-135	-81	151	131	-182	-83
8	333	214	173216752	1	0	4	-1	1	-1	1	-134	-82	151	131	-182	-83
8	333	214	173218720	1	-2	3	-2	0	0	1	-134	-82	151	131	-182	-83
8	333	214	173220724	0	-1	4	0	0	0	1	-134	-82	151	131	-182	-83
8	333	214	173222732	1	0	4	-1	1	0	1	-133	-82	151	131	-182	-83
8	333	214	173224720	0	-1	2	-1	0	0	1	-133	-82	151	131	-182	-83
8	333	214	173226724	2	0	4	-1	1	0	1	-132	-82	151	131	-182	-83
8	333	214	173228720	0	-1	3	0	0	-1	1	-132	-83	151	131	-182	-83
8	333	214	173230716	1	-2	2	-2	0	0	1	-132	-83	151	131	-182	-83
8	333	214	173232732	0	0	3	-1	1	0	1	-131	-83	151	131	-182	-83
8	333	214	173234720	1	-1	2	0	0	0	1	-131	-83	151	131	-182	-83
8	333	214	173236724	0	0	3	-1	0	0	1	-131	-83	151	131	-182	-83
8	333	214	173238736	1	-1	3	0	1	0	0	-130	-83	151	131	-182	-83
8	333	214	173240724	0	0	3	-1	0	0	0	-130	-83	151	131	-182	-83
8	333	214	173242740	2	-1	4	0	1	-1	0	-129	-84	151	131	-182	-83
8	333	214	173244720	1	0	3	-2	0	0	0	-129	-84	151	131	-182	-83
8	333	214	173246728	2	-2	5	0	1	0	0	-128	-84	151	131	-182	-83
8	333	214	173248716	2	0	4	-1	0	0	0	-128	-84	151	131	-182	-83
8	333	214	173250728	3	0	6	-1	1	0	0	-127	-84	151	131	-182	-83
8	333	214	173252728	4	-1	7	0	1	0	0	-126	-84	151	131	-182	-83
8	333	214	173254728	4	0	7	-1	1	0	0	-125	-84	151	131	-182	-83
8	333	214	173256724	5	-1	8	0	2	0	0	-123	-84	151	131	-182	-83
8	333	214	173258732	6	0	8	-2	1	-1	0	-122	-85	151	131	-182	-83
8	333	214	173260724	8	-1	9	0	2	0	0	-120	-85	151	131	-182	-83
8	333	214	173262724	7	0	13	-1	2	0	0	-118	-85	151	131	-182	-83
8	333	214	173264700	9	0	11	0	2	0	0	-116	-85	151	131	-182	-83
8	333	214	173266728	10	-2	14	-1	2	0	0	-114	-85	151	131	-182	-83
8	333	214	173268732	10	-1	13	-1	2	0	0	-112	-85	151	131	-182	-83
8	333	214	173270744	10	0	17	-2	3	-1	0	-109	-86	151	131	-182	-83
8	333	214	173272732	14	-1	15	-1	3	0	0	-106	-86	151	131	-182	-83
8	333	214	173274736	11	-1	20	-1	3	0	0	-103	-86	151	131	-182	-83
8	333	214	173276740	12	-2	20	-1	3	0	0	-100	-86	151	131	-182	-83
8	333	214	173278756	14	-2	20	-3	4	-1	0	-96	-87	151	131	-182	-83
8	333	214	173280740	14	-1	22	-2	3	0	0	-93	-87	151	131	-182	-83
8	333	214	173282748	14	-3	21	-2	4	-1	0	-89	-88	151	131	-182	-83
8	333	214	173284744	15	-2	27	-2	4	0	0	-85	-88	151	131	-182	-83
8	333	214	173286748	13	-3	22	-3	4	-1	0	-81	-89	151	131	-182	-83
8	333	214	173288740	14	-2	28	-2	4	0	0	-77	-89	151	131	-182	-83
8	333	214	173290752	15	-3	25	-3	4	-1	0	-73	-90	151	131	-182	-83
8	333	214	173292748	16	-2	30	-3	4	0	0	-69	-90	151	131	-182	-83
8	333	214	173294748	14	-2	26	-2	4	0	0	-65	-90	151	131	-182	-83
8	333	214	173296760	16	-1	31	-2	5	-1	0	-60	-91	151	131	-182	-83
8	333	214	173298748	18	-2	29	-1	5	0	0	-55	-91	151	131	-182	-83
8	333	214	173300744	16	0	32	-2	5	0	0	-50	-91	151	131	-182	-83
8	333	214	173302720	16	0	30	0	4	0	0	-46	-91	151	131	-182	-83
8	333	214	173304744	19	0	34	-1	5	0	0	-41	-91	151	131	-182	-83
8	333	214	173306712	18	0	31	0	5	0	0	-36	-91	151	131	-182	-83
8	333	214	173308740	18	1	37	1	6	0	0	-30	-91	151	131	-182	-83
8	333	214	173310732	19	3	32	2	5	0	0	-25	-91	151	131	-182	-83
8	333	214	173312736	21	5	39	4	6	0	0	-19	-91	151	131	-182	-83
8	333	214	173314748	22	5	35	4	6	1	0	-13	-90	151	131	-182	-83
8	333	214	173316752	21	6	40	6	6	1	0	-7	-89	151	131	-182	-83
8	333	214	173318752	25	8	36	5	6	2	0	-1	-87	151	131	-182	-83
8	333	214	173320756	22	8	44	9	6	1	0	5	-86	151	131	-182	-83
8	333	214	173322752	25	9	40	7	7	2	0	12	-84	151	131	-182	-83
8	333	214	173324752	29	11	46	10	7	2	0	19	-82	151	131	-182	-83
8	333	214	173326744	28	10	43	10	8	2	0	27	-80	151	131	-182	-83
8	333	214	173328756	30	13	51	13	8	3	0	35	-77	151	131	-182	-83
8	333	214	173330756	35	14	52	13	8	2	0	43	-75	151	131	-182	-83
8	333	214	173332756	32	13	49	14	8	3	0	51	-72	151	131	-182	-83
8	333	214	173334756	35	17	58	16	10	3	0	61	-69	151	131	-182	-83
8	333	214	173336748	36	16	53	15	9	4	0	70	-65	151	131	-182	-83
8	333	214	173338748	44	20	63	19	10	3	0	80	-62	151	131	-182	-83
8	333	214	173340740	43	19	57	19	10	4	0	90	-58	151	131	-182	-83
8	333	214	173342740	43	20	69	21	12	4	0	102	-54	151	131	-182	-83
8	333	214	173344736	54	25	63	21	11	5	0	113	-49	151	131	-182	-83
8	333	214	173346740	51	22	73	27	13	5	0	126	-44	151	131	-182	-83
8	333	214	173348736	54	25	69	23	12	5	0	138	-39	151	131	-182	-83
8	333	214	173350736	63	30	80	29	14	6	0	152	-33	151	131	-182	-83
8	333	214	173352740	60	29	74	28	14	5	0	166	-28	151	131	-182	-83
8	333	214	173354748	62	31	89	33	15	7	0	181	-21	151	131	-182	-83
8	333	214	173356740	66	34	78	30	14	6	0	195	-15	151	131	-182	-83
8	333	214	173358736	78	39	95	38	17	8	0	212	-7	151	131	-182	-83
8	333	214	173360744	72	37	85	34	16	7	0	228	0	151	131	-182	-83
8	333	214	173362736	75	39	102	41	18	8	0	246	8	151	131	-182	-83
8	333	214	173364736	88	46	91	39	18	8	0	264	16	151	131	-182	-83
8	333	214	173366736	81	44	107	45	19	9	0	283	25	151	131	-182	-83
8	333	214	173368744	83	44	98	41	18	9	0	301	34	151	131	-182	-83
8	333	214	173370748	96	52	112	50	20	10	0	321	44	151	131	-182	-83
8	333	214	173372752	87	48	103	44	19	9	0	340	53	151	131	-182	-83
8	333	214	173374748	90	50	119	53	21	10	0	361	63	151	131	-182	-83
8	333	214	173376752	103	56	106	47	21	11	0	382	74	151	131	-182	-83
8	333	214	173378748	91	52	125	56	22	11	0	404	85	151	131	-182	-83
8	333	214	173380748	94	54	110	49	20	10	0	424	95	151	131	-182	-83
8	333	214	173382744	95	54	127	57	22	11	0	446	106	151	131	-182	-83
8	333	214	173384740	107	61	114	53	23	11	0	469	117	151	131	-182	-83
8	333	214	173386740	95	55	130	60	22	12	0	491	129	151	131	-182	-83
8	333	214	173388744	97	56	115	52	21	11	0	512	140	151	131	-182	-83
8	333	214	173390740	107	63	133	61	24	12	0	536	152	151	131	-182	-83
8	333	214	173392736	96	56	131	62	23	12	0	559	164	151	131	-182	-83
8	333	214	173394744	97	56	116	55	21	11	0	580	175	151	131	-182	-83
8	333	214	173396728	107	64	131	62	24	13	0	604	188	151	131	-182	-83
8	333	214	173398736	95	56	115	56	21	11	0	625	199	151	131	-182	-83
8	333	214	173400744	95	57	132	64	23	12	0	648	211	151	131	-182	-83
8	333	214	173402736	94	57	113	55	20	11	0	668	222	151	131	-182	-83
8	333	214	173404740	105	64	129	65	24	13	0	692	235	151	131	-182	-83
8	333	214	173406732	94	57	113	56	21	11	0	713	246	151	131	-182	-83
8	333	214	173408736	91	58	126	64	21	12	0	734	258	151	131	-182	-83
8	333	214	173410736	104	66	109	58	22	13	0	756	271	151	131	-182	-83
8	333	214	173412744	91	58	122	65	21	12	0	777	283	151	131	-182	-83
8	333	214	173414748	90	58	106	57	19	12	0	796	295	151	131	-182	-83
8	333	214	173416748	101	68	119	66	22	13	0	818	308	151	131	-182	-83
8	333	214	173418744	88	59	103	58	20	12	0	838	320	151	131	-182	-83
8	333	214	173420748	86	60	116	66	20	12	0	858	332	151	131	-182	-83
8	333	214	173422752	96	67	99	58	19	13	0	877	345	151	131	-182	-83
8	333	214	173424748	84	61	111	66	20	13	0	897	358	151	131	-182	-83
8	333	214	173426748	81	60	95	59	17	11	0	914	369	151	131	-182	-83
8	333	214	173428748	80	62	106	66	19	13	0	933	382	151	131	-182	-83
8	333	214	173430748	89	66	90	56	18	12	0	951	394	151	131	-182	-83
8	333	214	173432740	76	60	101	65	18	13	0	969	407	151	131	-182	-83
8	333	214	173434744	74	57	87	56	16	11	0	985	418	151	131	-182	-83
8	333	214	173436744	80	65	95	65	17	13	0	1002	431	151	131	-182	-83
8	333	214	173438744	69	57	81	55	15	11	0	1017	442	151	131	-182	-83
8	333	214	173440744	66	55	89	62	16	12	0	1033	454	151	131	-182	-83
8	333	214	173442744	70	58	76	52	14	11	0	1047	465	151	131	-182	-83
8	333	214	173444740	60	52	82	60	14	11	0	1061	476	151	131	-182	-83
8	333	214	173446736	57	50	79	56	14	11	0	1075	487	151	131	-182	-83
8	333	214	173448744	54	48	66	49	12	10	0	1087	497	151	131	-182	-83
8	333	214	173450744	58	52	72	53	13	10	0	1100	507	151	131	-182	-83
8	333	214	173452740	48	43	60	45	11	9	0	1111	516	151	131	-182	-83
8	333	214	173454744	45	43	66	48	11	9	0	1122	525	151	131	-182	-83
8	333	214	173456748	48	44	54	40	10	8	0	1132	533	151	131	-182	-83
8	333	214	173458752	40	37	58	45	10	9	0	1142	542	151	131	-182	-83
8	333	214	173460748	37	36	48	37	8	7	0	1150	549	151	131	-182	-83
8	333	214	173462744	39	38	52	40	10	8	0	1160	557	151	131	-182	-83
8	333	214	173464748	33	31	44	32	7	6	0	1167	563	151	131	-182	-83
8	333	214	173466748	31	30	46	36	8	7	0	1175	570	151	131	-182	-83
8	333	214	173468748	31	31	39	29	7	6	0	1182	576	151	131	-182	-83
8	333	214	173470744	26	27	40	31	7	5	0	1189	581	151	131	-182	-83
8	333	214	173472732	25	25	34	25	5	5	0	1194	586	151	131	-182	-83
8	333	214	173474744	23	22	35	28	6	5	0	1200	591	151	131	-182	-83
8	333	214	173476740	22	25	30	21	5	5	0	1205	596	151	131	-182	-83
8	333	214	173478740	19	20	30	24	5	4	0	1210	600	151	131	-182	-83
8	333	214	173480736	16	18	24	19	4	4	0	1214	604	151	131	-182	-83
8	333	214	173482732	18	18	26	21	5	4	0	1219	608	151	131	-182	-83
8	333	214	173484744	12	17	20	16	3	3	0	1222	611	151	131	-182	-83
8	333	214	173486748	13	15	20	18	3	4	0	1225	615	151	131	-182	-83
8	333	214	173488748	11	15	16	15	3	3	0	1228	618	151	131	-182	-83
8	333	214	173490748	9	13	18	16	3	3	1	1231	621	151	131	-182	-83
9	333	214	173492748	7	13	12	14	2	2	1	153	133	151	131	-182	-83
9	-259	-299	173494756	8	15	14	15	2	3	1	155	136	-108	-168	151	131
9	-259	-299	173496756	5	14	10	13	1	3	1	156	139	-108	-168	151	131
9	-259	-299	173498764	4	12	10	15	2	3	1	158	142	-108	-168	151	131
9	-259	-299	173500760	3	13	10	15	1	2	1	159	144	-108	-168	151	131
9	-259	-299	173502756	4	15	6	14	1	3	1	160	147	-108	-168	151	131
9	-259	-299	173504756	3	12	8	14	1	3	1	161	150	-108	-168	151	131
9	-259	-299	173506760	2	13	5	14	1	3	1	162	153	-108	-168	151	131
9	-259	-299	173508760	3	15	5	13	1	2	1	163	155	-108	-168	151	131
9	-259	-299	173510748	2	12	5	13	0	3	1	163	158	-108	-168	151	131
9	-259	-299	173512760	3	14	5	15	1	3	1	164	161	-108	-168	151	131
9	-259	-299	173514748	2	15	3	12	1	3	1	165	164	-108	-168	151	131
9	-259	-299	173516736	3	12	5	15	0	2	1	165	166	-108	-168	151	131
9	-259	-299	173518752	2	14	5	13	1	3	1	166	169	-108	-168	151	131
9	-259	-299	173520752	3	13	5	14	1	3	1	167	172	-108	-168	151	131
9	-259	-299	173522748	3	13	4	11	1	2	1	168	174	-108	-168	151	131
9	-259	-299	173524736	3	10	5	14	0	2	1	168	176	-108	-168	151	131
9	-259	-299	173526752	4	12	4	10	1	3	1	169	179	-108	-168	151	131
9	-259	-299	173528752	3	10	5	11	1	2	1	170	181	-108	-168	151	131
9	-259	-299	173530752	3	8	4	10	1	2	1	171	183	-108	-168	151	131
9	-259	-299	173532740	2	8	3	9	0	1	1	171	184	-108	-168	151	131
9	-259	-299	173534752	3	7	3	7	1	2	1	172	186	-108	-168	151	131
9	-259	-299	173536748	2	5	4	6	0	1	1	172	187	-108	-168	151	131
9	-259	-299	173538764	2	5	2	7	1	1	1	173	188	-108	-168	151	131
9	-259	-299	173540752	2	5	3	5	0	1	1	173	189	-108	-168	151	131
9	-259	-299	173542768	1	4	2	5	1	1	1	174	190	-108	-168	151	131
9	-259	-299	173544752	2	4	3	3	0	1	1	174	191	-108	-168	151	131
9	-259	-299	173546744	0	2	1	3	0	0	1	174	191	-108	-168	151	131
9	-259	-299	173548748	1	2	2	2	0	0	1	174	191	-108	-168	151	131
9	-259	-299	173550776	1	2	2	3	1	1	1	175	192	-108	-168	151	131
9	-259	-299	173552748	0	1	1	1	0	0	1	175	192	-108	-168	151	131
9	-259	-299	173554752	1	0	0	1	0	0	1	175	192	-108	-168	151	131
9	-259	-299	173556760	0	2	1	2	0	1	1	175	193	-108	-168	151	131
9	-259	-299	173558708	0	0	0	1	0	0	1	175	193	-108	-168	151	131
9	-259	-299	173560704	0	1	0	0	0	0	1	175	193	-108	-168	151	131
9	-259	-299	173562708	0	0	1	0	0	0	1	175	193	-108	-168	151	131
9	-259	-299	173586704	0	0	0	0	0	0	0	175	193	-108	-168	151	131
9	-259	-299	173594732	2	0	0	0	0	0	0	175	193	-108	-168	151	131
9	-259	-299	173596732	0	-1	0	0	0	0	0	175	193	-108	-168	151	131
9	-259	-299	173602752	1	-2	0	-1	0	0	0	175	193	-108	-168	151	131
9	-259	-299	173604764	1	-3	0	-2	1	0	0	176	193	-108	-168	151	131
9	-259	-299	173606772	1	-3	2	-4	0	-1	0	176	192	-108	-168	151	131
9	-259	-299	173608744	0	-5	0	-5	0	-1	0	176	191	-108	-168	151	131
9	-259	-299	173610768	2	-8	0	-7	0	-1	0	176	190	-108	-168	151	131
9	-259	-299	173612736	0	-11	0	-9	0	-2	0	176	188	-108	-168	151	131
9	-259	-299	173614760	1	-11	0	-11	0	-3	0	176	185	-108	-168	151	131
9	-259	-299	173616760	0	-14	-1	-14	0	-2	0	176	183	-108	-168	151	131
9	-259	-299	173618764	0	-16	-1	-15	0	-3	0	176	180	-108	-168	151	131
9	-259	-299	173620760	-3	-23	-3	-20	0	-5	0	176	175	-108	-168	151	131
9	-259	-299	173622760	-4	-22	-3	-20	0	-4	0	176	171	-108	-168	151	131
9	-259	-299	173624772	-5	-27	-5	-26	-1	-5	0	175	166	-108	-168	151	131
9	-259	-299	173626780	-7	-33	-7	-28	-2	-6	0	173	160	-108	-168	151	131
9	-259	-299	173628776	-8	-35	-8	-34	-1	-7	0	172	153	-108	-168	151	131
9	-259	-299	173630768	-11	-38	-10	-33	-3	-7	0	169	146	-108	-168	151	131
9	-259	-299	173632768	-14	-46	-14	-43	-2	-9	0	167	137	-108	-168	151	131
9	-259	-299	173634776	-16	-45	-14	-41	-3	-9	0	164	128	-108	-168	151	131
9	-259	-299	173636768	-19	-49	-19	-51	-4	-10	0	160	118	-108	-168	151	131
9	-259	-299	173638768	-21	-51	-20	-48	-4	-10	0	156	108	-108	-168	151	131
9	-259	-299	173640768	-27	-63	-25	-60	-5	-12	0	151	96	-108	-168	151	131
9	-259	-299	173642768	-28	-58	-26	-55	-6	-11	0	145	85	-108	-168	151	131
9	-259	-299	173644764	-31	-63	-32	-66	-6	-13	0	139	72	-108	-168	151	131
9	-259	-299	173646764	-38	-74	-33	-61	-7	-14	0	132	58	-108	-168	151	131
9	-259	-299	173648764	-38	-68	-41	-74	-8	-14	0	124	44	-108	-168	151	131
9	-259	-299	173650760	-40	-73	-39	-68	-8	-14	0	116	30	-108	-168	151	131
9	-259	-299	173652760	-52	-85	-50	-81	-10	-17	0	106	13	-108	-168	151	131
9	-259	-299	173654756	-48	-77	-46	-74	-10	-15	0	96	-2	-108	-168	151	131
9	-259	-299	173656752	-52	-82	-56	-88	-10	-17	0	86	-19	-108	-168	151	131
9	-259	-299	173658748	-56	-83	-54	-79	-11	-16	0	75	-35	-108	-168	151	131
9	-259	-299	173660752	-67	-98	-66	-95	-14	-19	0	61	-54	-108	-168	151	131
9	-259	-299	173662748	-63	-90	-60	-85	-12	-18	0	49	-72	-108	-168	151	131
9	-259	-299	173664752	-67	-92	-74	-101	-14	-19	0	35	-91	-108	-168	151	131
9	-259	-299	173666748	-80	-108	-68	-92	-15	-20	0	20	-111	-108	-168	151	131
9	-259	-299	173668752	-74	-99	-81	-106	-15	-21	0	5	-132	-108	-168	151	131
9	-259	-299	173670748	-78	-100	-72	-95	-15	-19	0	-10	-151	-108	-168	151	131
9	-259	-299	173672756	-91	-115	-88	-112	-18	-23	0	-28	-174	-108	-168	151	131
9	-259	-299	173674760	-84	-105	-89	-114	-18	-22	0	-46	-196	-108	-168	151	131
9	-259	-299	173676752	-87	-106	-80	-101	-16	-20	0	-62	-216	-108	-168	151	131
9	-259	-299	173678756	-89	-107	-92	-118	-18	-23	0	-80	-239	-108	-168	151	131
9	-259	-299	173680752	-104	-123	-81	-104	-19	-23	0	-99	-262	-108	-168	151	131
9	-259	-299	173682760	-93	-109	-94	-120	-19	-22	0	-118	-284	-108	-168	151	131
9	-259	-299	173684760	-95	-111	-83	-106	-17	-22	0	-135	-306	-108	-168	151	131
9	-259	-299	173686760	-109	-125	-95	-122	-21	-25	0	-156	-331	-108	-168	151	131
9	-259	-299	173688756	-98	-111	-82	-107	-18	-22	0	-174	-353	-108	-168	151	131
9	-259	-299	173690764	-97	-111	-93	-121	-19	-23	0	-193	-376	-108	-168	151	131
9	-259	-299	173692756	-110	-124	-80	-106	-19	-23	0	-212	-399	-108	-168	151	131
9	-259	-299	173694752	-99	-110	-88	-121	-19	-23	0	-231	-422	-108	-168	151	131
9	-259	-299	173696752	-96	-109	-78	-105	-17	-21	0	-248	-443	-108	-168	151	131
9	-259	-299	173698752	-96	-109	-85	-120	-18	-23	0	-266	-466	-108	-168	151	131
9	-259	-299	173700756	-107	-120	-71	-104	-18	-23	0	-284	-489	-108	-168	151	131
9	-259	-299	173702756	-93	-105	-80	-118	-17	-22	0	-301	-511	-108	-168	151	131
9	-259	-299	173704748	-93	-105	-68	-102	-16	-21	0	-317	-532	-108	-168	151	131
9	-259	-299	173706752	-101	-117	-75	-115	-18	-23	0	-335	-555	-108	-168	151	131
9	-259	-299	173708752	-89	-103	-62	-101	-15	-20	0	-350	-575	-108	-168	151	131
9	-259	-299	173710752	-87	-102	-69	-113	-16	-22	0	-366	-597	-108	-168	151	131
9	-259	-299	173712764	-97	-114	-59	-99	-15	-21	0	-381	-618	-108	-168	151	131
9	-259	-299	173714760	-82	-100	-63	-112	-15	-21	0	-396	-639	-108	-168	151	131
9	-259	-299	173716764	-81	-99	-55	-96	-13	-20	0	-409	-659	-108	-168	151	131
9	-259	-299	173718772	-90	-111	-60	-110	-15	-22	0	-424	-681	-108	-168	151	131
9	-259	-299	173720760	-78	-97	-50	-95	-13	-19	0	-437	-700	-108	-168	151	131
9	-259	-299	173722764	-76	-98	-57	-109	-13	-21	0	-450	-721	-108	-168	151	131
9	-259	-299	173724760	-75	-96	-47	-94	-13	-19	0	-463	-740	-108	-168	151	131
9	-259	-299	173726760	-83	-109	-53	-107	-13	-21	0	-476	-761	-108	-168	151	131
9	-259	-299	173728760	-72	-96	-51	-107	-12	-21	0	-488	-782	-108	-168	151	131
9	-259	-299	173730756	-73	-95	-44	-91	-12	-18	0	-500	-800	-108	-168	151	131
9	-259	-299	173732752	-78	-105	-48	-105	-13	-21	0	-513	-741	-108	-168	151	131
9	-259	-299	173734752	-69	-93	-43	-90	-11	-19	0	-524	-760	-108	-168	151	131
9	-259	-299	173736748	-69	-91	-47	-101	-12	-19	0	-536	-779	-108	-168	151	131
9	-259	-299	173738756	-75	-101	-42	-89	-11	-19	0	-547	-798	-108	-168	151	131
9	-259	-299	173740752	-66	-89	-46	-99	-11	-19	0	-558	-817	-108	-168	151	131
9	-259	-299	173742756	-64	-87	-39	-85	-11	-17	0	-569	-834	-108	-168	151	131
9	-259	-299	173744760	-64	-85	-45	-95	-11	-18	0	-580	-852	-108	-168	151	131
9	-259	-299	173746756	-68	-94	-40	-82	-10	-17	0	-590	-869	-108	-168	151	131
9	-259	-299	173748760	-62	-80	-43	-90	-11	-17	0	-601	-737	-108	-168	151	131
9	-259	-299	173750764	-58	-80	-39	-78	-10	-16	0	-611	-753	-108	-168	151	131
9	-259	-299	173752764	-65	-85	-44	-86	-11	-17	0	-622	-770	-108	-168	151	131
9	-259	-299	173754764	-57	-74	-37	-74	-9	-15	0	-631	-785	-108	-168	151	131
9	-259	-299	173756764	-55	-71	-43	-81	-10	-15	0	-641	-800	-108	-168	151	131
9	-259	-299	173758768	-60	-78	-36	-67	-9	-15	0	-650	-815	-108	-168	151	131
9	-259	-299	173760768	-50	-65	-41	-75	-9	-14	0	-659	-829	-108	-168	151	131
9	-259	-299	173762768	-50	-62	-35	-63	-9	-12	0	-668	-841	-108	-168	151	131
9	-259	-299	173764768	-52	-66	-40	-69	-9	-14	0	-677	-734	-108	-168	151	131
9	-259	-299	173766768	-45	-57	-33	-57	-8	-11	0	-685	-745	-108	-168	151	131
9	-259	-299	173768760	-43	-53	-37	-61	-8	-12	0	-693	-757	-108	-168	151	131
9	-259	-299	173770768	-41	-49	-32	-52	-7	-10	0	-700	-767	-108	-168	151	131
9	-259	-299	173772756	-42	-54	-33	-55	-8	-11	0	-708	-778	-108	-168	151	131
9	-259	-299	173774756	-37	-42	-28	-45	-6	-8	0	-714	-786	-108	-168	151	131
9	-259	-299	173776764	-33	-42	-31	-47	-7	-9	0	-721	-795	-108	-168	151	131
9	-259	-299	173778768	-35	-42	-25	-39	-6	-8	0	-727	-803	-108	-168	151	131
9	-259	-299	173780764	-29	-34	-26	-41	-5	-8	0	-732	-811	-108	-168	151	131
9	-259	-299	173782768	-26	-31	-24	-39	-5	-7	0	-737	-818	-108	-168	151	131
9	-259	-299	173784764	-27	-33	-20	-30	-5	-6	0	-742	-824	-108	-168	151	131
9	-259	-299	173786756	-21	-25	-20	-30	-4	-6	0	-746	-830	-108	-168	151	131
9	-259	-299	173788760	-19	-22	-15	-25	-3	-4	0	-749	-834	-108	-168	151	131
9	-259	-299	173790760	-15	-19	-16	-24	-3	-5	0	-752	-839	-108	-168	151	131
9	-259	-299	173792764	-16	-20	-13	-18	-3	-3	0	-755	-842	-108	-168	151	131
9	-259	-299	173794764	-11	-14	-11	-20	-3	-4	0	-758	-724	-108	-168	151	131
9	-259	-299	173796768	-10	-12	-9	-14	-1	-2	0	-759	-726	-108	-168	151	131
9	-259	-299	173798780	-9	-11	-9	-14	-2	-3	0	-761	-729	-108	-168	151	131
9	-259	-299	173800776	-6	-9	-6	-10	-1	-2	0	-762	-722	-108	-168	151	131
9	-259	-299	173802780	-5	-6	-5	-10	-1	-1	0	-763	-723	-108	-168	151	131
9	-259	-299	173804784	-4	-7	-4	-7	-1	-2	0	-764	-725	-108	-168	151	131
9	-259	-299	173806780	-4	-3	-3	-7	-1	-1	0	-765	-726	-108	-168	151	131
9	-259	-299	173808752	-1	-3	-3	-3	0	0	0	-765	-726	-108	-168	151	131
9	-259	-299	173810780	-1	-2	-1	-4	-1	-1	0	-766	-727	-108	-168	151	131
9	-259	-299	173812752	-1	-2	-1	-3	0	0	0	-766	-727	-108	-168	151	131
9	-259	-299	173814764	0	0	-2	-1	0	-1	0	-766	-728	-108	-168	151	131
9	-259	-299	173816728	0	0	0	-1	0	0	0	-766	-728	-108	-168	151	131
9	-259	-299	173822700	0	0	0	0	0	0	1	-766	-728	-108	-168	151	131
10	164	360	173902756	0	0	0	0	0	0	0	-108	-168	56	192	-108	-168
10	164	360	173912796	0	0	0	2	0	0	0	-108	-168	56	192	-108	-168
10	164	360	173914824	1	2	1	1	0	0	0	-108	-168	56	192	-108	-168
10	164	360	173916788	1	3	1	2	0	0	0	-108	-168	56	192	-108	-168
10	164	360	173918820	2	3	3	5	0	1	0	-108	-167	56	192	-108	-168
10	164	360	173920832	3	5	2	5	1	1	0	-107	-166	56	192	-108	-168
10	164	360	173922824	4	8	4	7	0	2	0	-107	-164	56	192	-108	-168
10	164	360	173924840	4	7	4	7	1	1	0	-106	-163	56	192	-108	-168
10	164	360	173926840	5	10	5	9	1	2	0	-105	-161	56	192	-108	-168
10	164	360	173928844	6	12	6	11	1	2	0	-104	-159	56	192	-108	-168
10	164	360	173930848	8	12	7	11	2	3	0	-102	-156	56	192	-108	-168
10	164	360	173932848	7	14	8	14	1	2	0	-101	-154	56	192	-108	-168
10	164	360	173934844	10	17	9	14	2	4	0	-99	-150	56	192	-108	-168
10	164	360	173936848	9	18	11	17	2	3	0	-97	-147	56	192	-108	-168
10	164	360	173938852	11	19	10	18	2	4	0	-95	-143	56	192	-108	-168
10	164	360	173940852	14	23	12	21	3	4	0	-92	-139	56	192	-108	-168
10	164	360	173942856	14	24	13	21	3	5	0	-89	-134	56	192	-108	-168
10	164	360	173944860	15	25	16	27	3	5	0	-86	-129	56	192	-108	-168
10	164	360	173946856	16	26	14	25	3	5	0	-83	-124	56	192	-108	-168
10	164	360	173948860	20	33	17	30	3	6	0	-80	-118	56	192	-108	-168
10	164	360	173950860	19	30	17	27	4	6	0	-76	-112	56	192	-108	-168
10	164	360	173952860	20	32	18	35	4	7	0	-72	-105	56	192	-108	-168
10	164	360	173954864	25	39	18	33	4	7	0	-68	-98	56	192	-108	-168
10	164	360	173956864	23	38	20	38	4	7	0	-64	-91	56	192	-108	-168
10	164	360	173958864	25	40	17	38	5	8	0	-59	-83	56	192	-108	-168
10	164	360	173960860	32	47	22	45	5	9	0	-54	-74	56	192	-108	-168
10	164	360	173962856	28	46	22	49	5	10	0	-49	-64	56	192	-108	-168
10	164	360	173964864	33	49	19	46	5	9	0	-44	-55	56	192	-108	-168
10	164	360	173966856	39	59	24	56	7	12	0	-37	-43	56	192	-108	-168
10	164	360	173968864	37	56	20	53	5	11	0	-32	-32	56	192	-108	-168
10	164	360	173970856	41	60	23	63	7	12	0	-25	-20	56	192	-108	-168
10	164	360	173972860	43	64	23	60	6	13	0	-19	-7	56	192	-108	-168
10	164	360	173974864	51	77	26	74	8	15	0	-11	8	56	192	-108	-168
10	164	360	173976860	49	73	24	68	7	14	0	-4	22	56	192	-108	-168
10	164	360	173978856	52	79	27	83	8	16	0	4	38	56	192	-108	-168
10	164	360	173980860	63	93	27	78	9	17	0	13	55	56	192	-108	-168
10	164	360	173982864	59	88	30	94	9	18	0	22	73	56	192	-108	-168
10	164	360	173984864	62	94	28	87	9	18	0	31	91	56	192	-108	-168
10	164	360	173986872	74	110	34	104	11	22	0	42	113	56	192	-108	-168
10	164	360	173988872	69	103	31	96	10	20	0	52	133	56	192	-108	-168
10	164	360	173990856	73	109	39	115	11	22	0	63	155	56	192	-108	-168
10	164	360	173992856	75	111	35	106	11	22	0	74	177	56	192	-108	-168
10	164	360	173994856	90	132	43	124	13	25	0	87	202	56	192	-108	-168
10	164	360	173996860	83	121	40	114	13	24	0	100	226	56	192	-108	-168
10	164	360	173998860	85	124	47	132	13	25	0	113	251	56	192	-108	-168
10	164	360	174000864	99	143	44	120	14	27	0	127	278	56	192	-108	-168
10	164	360	174002864	91	130	52	140	14	27	0	141	305	56	192	-108	-168
10	164	360	174004852	92	133	49	125	15	26	0	156	331	56	192	-108	-168
10	164	360	174006856	107	151	58	145	16	29	0	172	360	56	192	-108	-168
10	164	360	174008864	97	136	52	129	15	27	0	187	387	56	192	-108	-168
10	164	360	174010860	98	138	61	149	16	28	0	203	415	56	192	-108	-168
10	164	360	174012864	112	154	57	131	17	29	0	220	444	56	192	-108	-168
10	164	360	174014872	99	137	63	151	16	29	0	236	473	56	192	-108	-168
10	164	360	174016872	100	138	67	152	17	29	0	253	502	56	192	-108	-168
10	164	360	174018864	100	136	58	131	15	26	0	268	528	56	192	-108	-168
10	164	360	174020864	111	152	69	150	18	31	0	286	559	56	192	-108	-168
10	164	360	174022864	98	134	59	130	16	26	0	302	585	56	192	-108	-168
10	164	360	174024868	96	133	69	147	17	28	0	319	613	56	192	-108	-168
10	164	360	174026868	106	147	60	127	16	27	0	335	640	56	192	-108	-168
10	164	360	174028864	93	129	67	142	16	27	0	351	667	56	192	-108	-168
10	164	360	174030860	90	126	59	124	15	25	0	366	692	56	192	-108	-168
10	164	360	174032852	97	139	66	137	16	28	0	382	720	56	192	-108	-168
10	164	360	174034848	84	121	58	119	15	24	0	397	744	56	192	-108	-168
10	164	360	174036848	81	118	63	133	14	25	0	411	769	56	192	-108	-168
10	164	360	174038848	79	115	54	112	13	23	0	424	743	56	192	-108	-168
10	164	360	174040848	84	125	59	126	15	25	0	439	768	56	192	-108	-168
10	164	360	174042848	71	107	51	108	12	21	0	451	789	56	192	-108	-168
10	164	360	174044848	69	105	55	119	12	23	0	463	812	56	192	-108	-168
10	164	360	174046844	72	115	46	101	12	21	0	475	833	56	192	-108	-168
10	164	360	174048840	61	98	52	112	11	21	0	486	854	56	192	-108	-168
10	164	360	174050836	59	96	42	95	10	20	0	496	874	56	192	-108	-168
10	164	360	174052848	63	105	46	107	11	21	0	507	895	56	192	-108	-168
10	164	360	174054844	52	90	39	90	9	18	0	516	913	56	192	-108	-168
10	164	360	174056840	50	87	41	101	10	19	0	526	932	56	192	-108	-168
10	164	360	174058852	49	87	35	86	8	17	0	534	737	56	192	-108	-168
10	164	360	174060860	51	93	39	95	9	19	0	543	756	56	192	-108	-168
10	164	360	174062852	44	83	31	83	7	16	0	550	772	56	192	-108	-168
10	164	360	174064844	42	81	34	91	8	17	0	558	789	56	192	-108	-168
10	164	360	174066844	47	89	28	79	8	17	0	566	806	56	192	-108	-168
10	164	360	174068848	40	77	31	87	7	17	0	573	823	56	192	-108	-168
10	164	360	174070856	37	77	25	76	6	15	0	579	838	56	192	-108	-168
10	164	360	174072856	41	83	27	84	7	17	0	586	737	56	192	-108	-168
10	164	360	174074848	37	74	24	74	6	14	0	592	751	56	192	-108	-168
10	164	360	174076840	33	71	25	81	6	16	0	598	767	56	192	-108	-168
10	164	360	174078844	34	70	21	70	5	14	0	603	781	56	192	-108	-168
10	164	360	174080840	36	78	24	78	6	15	0	609	796	56	192	-108	-168
10	164	360	174082844	33	67	23	75	6	14	0	615	810	56	192	-108	-168
10	164	360	174084844	30	65	18	65	4	13	0	619	823	56	192	-108	-168
10	164	360	174086840	34	70	20	71	6	15	0	625	838	56	192	-108	-168
10	164	360	174088844	28	62	18	61	4	12	0	629	732	56	192	-108	-168
10	164	360	174090844	27	58	19	66	5	12	0	634	744	56	192	-108	-168
10	164	360	174092844	28	63	15	57	4	12	0	638	756	56	192	-108	-168
10	164	360	174094848	24	54	17	61	4	12	0	642	768	56	192	-108	-168
10	164	360	174096848	23	50	13	51	4	10	0	646	778	56	192	-108	-168
10	164	360	174098852	22	55	15	55	4	11	0	650	789	56	192	-108	-168
10	164	360	174100860	19	45	11	45	3	9	0	653	798	56	192	-108	-168
10	164	360	174102860	17	41	12	49	3	9	0	656	807	56	192	-108	-168
10	164	360	174104860	15	40	10	40	2	8	0	658	728	56	192	-108	-168
10	164	360	174106860	15	41	10	42	3	8	0	661	736	56	192	-108	-168
10	164	360	174108856	12	34	8	34	2	7	0	663	743	56	192	-108	-168
10	164	360	174110852	11	31	7	38	1	7	0	664	750	56	192	-108	-168
10	164	360	174112848	10	33	7	28	2	6	0	666	756	56	192	-108	-168
10	164	360	174114852	7	26	6	33	1	6	0	667	762	56	192	-108	-168
10	164	360	174116844	7	26	4	26	2	5	1	669	767	56	192	-108	-168
11	164	360	174118852	6	26	5	28	1	5	1	57	197	56	192	-108	-168
11	164	360	174120844	5	22	2	22	0	5	1	57	202	56	192	-108	-168
11	164	360	174122856	4	20	4	24	1	4	1	58	206	56	192	-108	-168
11	164	360	174124856	3	20	2	20	1	4	1	59	210	56	192	-108	-168
11	164	360	174126844	3	20	2	20	0	4	1	59	214	56	192	-108	-168
11	164	360	174128852	4	16	1	17	1	4	1	60	218	56	192	-108	-168
11	164	360	174130840	2	16	1	18	0	3	1	60	221	56	192	-108	-168
11	164	360	174132844	3	16	0	17	0	3	1	60	224	56	192	-108	-168
11	-56	-392	174134852	2	14	1	14	1	3	1	61	227	0	-200	56	192
11	-56	-392	174136844	3	13	0	15	0	3	1	61	230	0	-200	56	192
11	-56	-392	174138840	2	13	2	13	0	2	1	61	232	0	-200	56	192
11	-56	-392	174140852	3	12	0	12	1	3	1	62	235	0	-200	56	192
11	-56	-392	174142852	2	10	0	10	0	2	1	62	237	0	-200	56	192
11	-56	-392	174144852	3	8	0	10	0	2	1	62	239	0	-200	56	192
11	-56	-392	174146860	2	8	1	9	0	1	1	62	240	0	-200	56	192
11	-56	-392	174148864	1	6	0	7	0	2	1	62	242	0	-200	56	192
11	-56	-392	174150880	2	6	0	7	1	1	1	63	243	0	-200	56	192
11	-56	-392	174152868	2	4	0	6	0	1	1	63	244	0	-200	56	192
11	-56	-392	174154872	1	4	0	4	0	1	1	63	245	0	-200	56	192
11	-56	-392	174156828	0	2	0	5	0	0	1	63	245	0	-200	56	192
11	-56	-392	174158864	2	3	0	2	0	1	1	63	246	0	-200	56	192
11	-56	-392	174160824	0	1	0	1	0	0	1	63	246	0	-200	56	192
11	-56	-392	174162848	1	0	0	2	0	0	1	63	246	0	-200	56	192
11	-56	-392	174164832	0	1	0	1	0	1	1	63	247	0	-200	56	192
11	-56	-392	174168820	0	0	0	1	0	0	1	63	247	0	-200	56	192
11	-56	-392	174180832	0	0	1	0	0	0	1	63	247	0	-200	56	192
11	-56	-392	174198816	0	0	0	0	0	0	0	63	247	0	-200	56	192
11	-56	-392	174200856	1	0	1	0	1	0	0	64	247	0	-200	56	192
11	-56	-392	174202812	0	-3	0	-3	0	0	0	64	247	0	-200	56	192
11	-56	-392	174204868	0	-3	2	-2	0	-1	0	64	246	0	-200	56	192
11	-56	-392	174206872	1	-5	2	-5	0	-1	0	64	245	0	-200	56	192
11	-56	-392	174208876	2	-7	3	-7	1	-1	0	65	244	0	-200	56	192
11	-56	-392	174210876	0	-8	3	-7	0	-1	0	65	243	0	-200	56	192
11	-56	-392	174212872	1	-10	5	-9	0	-2	0	65	241	0	-200	56	192
11	-56	-392	174214888	1	-12	5	-12	1	-3	0	66	238	0	-200	56	192
11	-56	-392	174216888	1	-16	7	-13	1	-3	0	67	235	0	-200	56	192
11	-56	-392	174218884	0	-17	8	-17	1	-3	0	68	232	0	-200	56	192
11	-56	-392	174220884	2	-19	8	-18	1	-4	0	69	228	0	-200	56	192
11	-56	-392	174222880	0	-23	9	-22	1	-4	0	70	224	0	-200	56	192
11	-56	-392	174224864	0	-28	8	-24	0	-5	0	70	219	0	-200	56	192
11	-56	-392	174226884	0	-30	10	-30	1	-6	0	71	213	0	-200	56	192
11	-56	-392	174228880	0	-35	12	-36	2	-8	0	73	205	0	-200	56	192
11	-56	-392	174230884	0	-44	10	-35	1	-7	0	74	198	0	-200	56	192
11	-56	-392	174232880	-2	-44	12	-47	1	-10	0	75	188	0	-200	56	192
11	-56	-392	174234872	-2	-47	10	-43	0	-9	0	75	179	0	-200	56	192
11	-56	-392	174236892	-5	-60	11	-57	1	-11	0	76	168	0	-200	56	192
11	-56	-392	174238884	-5	-57	10	-52	0	-11	0	76	157	0	-200	56	192
11	-56	-392	174240900	-7	-61	12	-65	1	-13	0	77	144	0	-200	56	192
11	-56	-392	174242856	-8	-65	8	-61	0	-12	0	77	132	0	-200	56	192
11	-56	-392	174244844	-10	-77	10	-74	0	-15	0	77	117	0	-200	56	192
11	-56	-392	174246876	-12	-74	9	-69	0	-15	0	77	102	0	-200	56	192
11	-56	-392	174248868	-12	-78	9	-82	0	-16	0	77	86	0	-200	56	192
11	-56	-392	174250880	-16	-91	7	-77	-1	-17	0	76	69	0	-200	56	192
11	-56	-392	174252884	-17	-86	8	-91	-1	-17	0	75	52	0	-200	56	192
11	-56	-392	174254888	-18	-89	6	-84	-1	-18	0	74	34	0	-200	56	192
11	-56	-392	174256884	-23	-105	8	-100	-1	-20	0	73	14	0	-200	56	192
11	-56	-392	174258896	-21	-95	6	-91	-2	-19	0	71	-5	0	-200	56	192
11	-56	-392	174260892	-24	-99	6	-107	-2	-20	0	69	-25	0	-200	56	192
11	-56	-392	174262896	-29	-113	6	-98	-2	-21	0	67	-46	0	-200	56	192
11	-56	-392	174264900	-27	-105	8	-114	-2	-22	0	65	-68	0	-200	56	192
11	-56	-392	174266896	-29	-108	6	-103	-2	-21	0	63	-89	0	-200	56	192
11	-56	-392	174268896	-30	-109	8	-120	-2	-23	0	61	-112	0	-200	56	192
11	-56	-392	174270896	-36	-127	6	-108	-3	-24	0	58	-136	0	-200	56	192
11	-56	-392	174272896	-34	-115	9	-126	-3	-24	0	55	-160	0	-200	56	192
11	-56	-392	174274892	-35	-119	7	-114	-3	-23	0	52	-183	0	-200	56	192
11	-56	-392	174276892	-40	-135	9	-131	-3	-27	0	49	-210	0	-200	56	192
11	-56	-392	174278896	-37	-124	7	-118	-3	-24	0	46	-234	0	-200	56	192
11	-56	-392	174280896	-39	-126	9	-137	-3	-26	0	43	-260	0	-200	56	192
11	-56	-392	174282892	-44	-144	10	-139	-3	-29	0	40	-289	0	-200	56	192
11	-56	-392	174284892	-41	-130	9	-125	-3	-25	0	37	-314	0	-200	56	192
11	-56	-392	174286900	-41	-131	10	-144	-3	-28	0	34	-342	0	-200	56	192
11	-56	-392	174288888	-42	-132	10	-126	-4	-25	0	30	-367	0	-200	56	192
11	-56	-392	174290892	-46	-150	11	-146	-3	-30	0	27	-397	0	-200	56	192
11	-56	-392	174292896	-42	-135	10	-130	-3	-26	0	24	-423	0	-200	56	192
11	-56	-392	174294904	-42	-134	11	-148	-3	-29	0	21	-452	0	-200	56	192
11	-56	-392	174296896	-47	-151	12	-130	-4	-28	0	17	-480	0	-200	56	192
11	-56	-392	174298908	-41	-134	12	-148	-3	-28	0	14	-508	0	-200	56	192
11	-56	-392	174300900	-43	-134	11	-130	-3	-26	0	11	-534	0	-200	56	192
11	-56	-392	174302908	-46	-150	13	-148	-3	-30	0	8	-564	0	-200	56	192
11	-56	-392	174304904	-41	-131	12	-129	-3	-26	0	5	-590	0	-200	56	192
11	-56	-392	174306900	-42	-131	13	-145	-3	-28	0	2	-618	0	-200	56	192
11	-56	-392	174308896	-45	-145	11	-126	-3	-27	0	-1	-645	0	-200	56	192
11	-56	-392	174310892	-40	-128	13	-142	-3	-27	0	-4	-672	0	-200	56	192
11	-56	-392	174312888	-38	-125	11	-123	-3	-25	0	-7	-697	0	-200	56	192
11	-56	-392	174314892	-38	-124	12	-139	-2	-26	0	-9	-723	0	-200	56	192
11	-56	-392	174316888	-42	-136	12	-118	-3	-25	0	-12	-748	0	-200	56	192
11	-56	-392	174318892	-37	-119	12	-135	-3	-26	0	-15	-774	0	-200	56	192
11	-56	-392	174320884	-36	-116	10	-114	-3	-23	0	-18	-797	0	-200	56	192
11	-56	-392	174322888	-40	-127	13	-129	-2	-25	0	-20	-822	0	-200	56	192
11	-56	-392	174324880	-34	-110	8	-111	-3	-22	0	-23	-844	0	-200	56	192
11	-56	-392	174326880	-33	-109	12	-123	-2	-24	0	-25	-868	0	-200	56	192
11	-56	-392	174328884	-33	-105	8	-103	-2	-20	0	-27	-888	0	-200	56	192
11	-56	-392	174330876	-35	-115	10	-117	-3	-24	0	-30	-912	0	-200	56	192
11	-56	-392	174332880	-30	-99	9	-98	-2	-19	0	-32	-739	0	-200	56	192
11	-56	-392	174334876	-29	-96	9	-109	-2	-21	0	-34	-760	0	-200	56	192
11	-56	-392	174336880	-31	-105	7	-93	-2	-20	0	-36	-780	0	-200	56	192
11	-56	-392	174338884	-27	-90	8	-102	-2	-19	0	-38	-799	0	-200	56	192
11	-56	-392	174340884	-27	-86	7	-100	-2	-18	0	-40	-817	0	-200	56	192
11	-56	-392	174342884	-27	-94	7	-84	-2	-18	0	-42	-835	0	-200	56	192
11	-56	-392	174344880	-24	-81	7	-94	-2	-18	0	-44	-853	0	-200	56	192
11	-56	-392	174346880	-22	-79	5	-78	-2	-15	0	-46	-868	0	-200	56	192
11	-56	-392	174348880	-25	-85	5	-87	-2	-18	0	-48	-738	0	-200	56	192
11	-56	-392	174350880	-22	-74	5	-73	-1	-14	0	-49	-752	0	-200	56	192
11	-56	-392	174352876	-20	-70	5	-83	-2	-16	0	-51	-768	0	-200	56	192
11	-56	-392	174354868	-20	-70	4	-69	-2	-14	0	-53	-782	0	-200	56	192
11	-56	-392	174356876	-22	-75	4	-76	-1	-15	0	-54	-797	0	-200	56	192
11	-56	-392	174358868	-19	-64	2	-65	-2	-13	0	-56	-810	0	-200	56	192
11	-56	-392	174360876	-19	-62	3	-72	-2	-13	0	-58	-823	0	-200	56	192
11	-56	-392	174362872	-20	-69	2	-62	-1	-13	0	-59	-836	0	-200	56	192
11	-56	-392	174364872	-17	-59	3	-67	-2	-13	0	-61	-733	0	-200	56	192
11	-56	-392	174366872	-18	-57	1	-58	-2	-11	0	-63	-744	0	-200	56	192
11	-56	-392	174368868	-17	-63	2	-63	-1	-13	0	-64	-757	0	-200	56	192
11	-56	-392	174370868	-16	-53	2	-54	-1	-10	0	-65	-767	0	-200	56	192
11	-56	-392	174372860	-15	-52	1	-60	-2	-12	0	-67	-779	0	-200	56	192
11	-56	-392	174374856	-15	-50	2	-49	-1	-10	0	-68	-789	0	-200	56	192
11	-56	-392	174376856	-15	-52	2	-55	-1	-10	0	-69	-799	0	-200	56	192
11	-56	-392	174378852	-13	-44	1	-44	-2	-9	0	-71	-808	0	-200	56	192
11	-56	-392	174380860	-11	-41	1	-48	-1	-9	0	-72	-729	0	-200	56	192
11	-56	-392	174382852	-11	-44	3	-40	0	-8	0	-72	-737	0	-200	56	192
11	-56	-392	174384864	-9	-36	1	-43	-1	-8	0	-73	-745	0	-200	56	192
11	-56	-392	174386860	-9	-34	2	-34	-1	-7	0	-74	-752	0	-200	56	192
11	-56	-392	174388848	-7	-34	2	-36	0	-7	0	-74	-759	0	-200	56	192
11	-56	-392	174390868	-5	-27	2	-29	-1	-6	0	-75	-765	0	-200	56	192
11	-56	-392	174392856	-5	-25	1	-30	0	-5	0	-75	-770	0	-200	56	192
11	-56	-392	174394864	-5	-24	2	-22	0	-5	0	-75	-775	0	-200	56	192
11	-56	-392	174396868	-3	-19	2	-23	-1	-4	0	-76	-779	0	-200	56	192
11	-56	-392	174398868	-2	-15	1	-20	0	-3	0	-76	-723	0	-200	56	192
11	-56	-392	174400848	-2	-13	2	-15	0	-3	0	-76	-726	0	-200	56	192
11	-56	-392	174402848	-1	-12	1	-13	0	-3	0	-76	-729	0	-200	56	192
11	-56	-392	174404844	-1	-8	1	-10	0	-2	0	-76	-731	0	-200	56	192
11	-56	-392	174406848	0	-8	1	-10	0	-1	0	-76	-732	0	-200	56	192
11	-56	-392	174408872	0	-6	2	-7	0	-2	0	-76	-734	0	-200	56	192
11	-56	-392	174410848	0	-4	0	-6	0	-1	1	-76	-735	0	-200	56	192
