1	-28	196	821701792	0	0	0	0	0	0	0	0	-100	-28	96	0	-100
1	-28	196	821711816	0	2	0	1	0	0	0	0	-100	-28	96	0	-100
1	-28	196	821713828	0	1	0	2	0	1	0	0	-99	-28	96	0	-100
1	-28	196	821715856	-2	2	0	2	0	2	0	0	-97	-28	96	0	-100
1	-28	196	821717868	-1	4	0	4	-1	2	0	-1	-95	-28	96	0	-100
1	-28	196	821719852	0	5	-1	5	0	4	0	-1	-91	-28	96	0	-100
1	-28	196	821721848	-1	6	0	5	0	3	0	-1	-88	-28	96	0	-100
1	-28	196	821723872	0	8	-1	7	-1	5	0	-2	-83	-28	96	0	-100
1	-28	196	821725852	-1	9	-1	8	0	6	0	-2	-77	-28	96	0	-100
1	-28	196	821727872	0	11	-3	11	-1	7	0	-3	-70	-28	96	0	-100
1	-28	196	821729868	0	12	-2	13	-1	9	0	-4	-61	-28	96	0	-100
1	-28	196	821731872	0	14	-3	12	-1	8	0	-5	-53	-28	96	0	-100
1	-28	196	821733864	1	19	-5	16	-1	12	0	-6	-41	-28	96	0	-100
1	-28	196	821735848	4	19	-3	18	0	12	0	-6	-29	-28	96	0	-100
1	-28	196	821737876	4	21	-7	22	-1	15	0	-7	-14	-28	96	0	-100
1	-28	196	821739864	7	26	-6	22	0	16	0	-7	2	-28	96	0	-100
1	-28	196	821741828	9	28	-9	28	0	18	0	-7	20	-28	96	0	-100
1	-28	196	821743860	10	28	-7	28	0	19	0	-7	39	-28	96	0	-100
1	-28	196	821745868	14	38	-11	35	1	24	0	-6	63	-28	96	0	-100
1	-28	196	821747872	15	35	-12	34	1	23	0	-5	86	-28	96	0	-100
1	-28	196	821749872	19	40	-15	41	2	27	0	-3	113	-28	96	0	-100
1	-28	196	821751872	22	47	-15	40	2	29	0	-1	142	-28	96	0	-100
1	-28	196	821753872	23	45	-18	49	2	32	0	1	174	-28	96	0	-100
1	-28	196	821755860	25	50	-23	52	0	34	0	1	208	-28	96	0	-100
1	-28	196	821757868	31	60	-20	49	4	36	0	5	244	-28	96	0	-100
1	-28	196	821759872	30	57	-26	60	1	39	0	6	283	-28	96	0	-100
1	-28	196	821761876	30	58	-24	56	2	38	0	8	321	-28	96	0	-100
1	-28	196	821763872	37	72	-31	66	2	46	0	10	367	-28	96	0	-100
1	-28	196	821765872	34	65	-28	62	2	42	0	12	409	-28	96	0	-100
1	-28	196	821767872	35	67	-33	72	1	47	0	13	456	-28	96	0	-100
1	-28	196	821769872	40	79	-32	66	3	48	0	16	504	-28	96	0	-100
1	-28	196	821771864	35	74	-38	79	0	51	0	16	555	-28	96	0	-100
1	-28	196	821773864	36	73	-35	71	0	48	0	16	603	-28	96	0	-100
1	-28	196	821775832	42	87	-42	83	0	57	0	16	660	-28	96	0	-100
1	-28	196	821777876	35	78	-42	86	-2	54	0	14	714	-28	96	0	-100
1	-28	196	821779880	35	79	-40	76	-2	52	0	12	766	-28	96	0	-100
1	-28	196	821781884	37	90	-45	89	-3	60	0	9	826	-28	96	0	-100
1	-28	196	821783884	33	81	-40	78	-2	53	0	7	879	-28	96	0	-100
1	-28	196	821785880	31	82	-46	90	-5	57	0	2	936	-28	96	0	-100
1	-28	196	821787872	32	90	-40	78	-3	56	0	-1	992	-28	96	0	-100
1	-28	196	821789880	29	80	-47	89	-6	56	0	-7	1048	-28	96	0	-100
1	-28	196	821791876	28	80	-40	78	-4	53	0	-11	773	-28	96	0	-100
1	-28	196	821793868	25	77	-45	86	-6	54	0	-17	827	-28	96	0	-100
1	-28	196	821795872	27	86	-38	75	-4	54	0	-21	881	-28	96	0	-100
1	-28	196	821797872	23	75	-44	84	-7	53	0	-28	934	-28	96	0	-100
1	-28	196	821799868	20	73	-38	71	-6	48	0	-34	982	-28	96	0	-100
1	-28	196	821801864	20	79	-41	80	-7	53	0	-41	1035	-28	96	0	-100
1	-28	196	821803868	17	66	-40	76	-8	47	0	-49	1082	-28	96	0	-100
1	-28	196	821805868	14	65	-32	64	-6	43	0	-55	1125	-28	96	0	-100
1	-28	196	821807864	15	67	-37	70	-7	46	0	-62	766	-28	96	0	-100
1	-28	196	821809872	10	58	-28	57	-6	38	0	-68	804	-28	96	0	-100
1	-28	196	821811868	10	52	-32	62	-7	38	0	-75	842	-28	96	0	-100
1	-28	196	821813864	9	55	-26	51	-6	36	0	-81	878	-28	96	0	-100
1	-28	196	821815872	7	45	-26	54	-6	33	0	-87	911	-28	96	0	-100
1	-28	196	821817864	4	42	-21	42	-6	28	0	-93	939	-28	96	0	-100
1	-28	196	821819868	4	42	-23	46	-6	29	0	-99	968	-28	96	0	-100
1	-28	196	821821868	2	35	-17	35	-5	23	0	-104	991	-28	96	0	-100
1	-28	196	821823872	1	30	-19	39	-6	23	0	-110	1014	-28	96	0	-100
1	-28	196	821825876	0	30	-15	33	-5	21	0	-115	1035	-28	96	0	-100
1	-28	196	821827876	0	25	-13	26	-5	17	0	-120	737	-28	96	0	-100
1	-28	196	821829884	0	20	-12	26	-4	16	0	-124	753	-28	96	0	-100
1	-28	196	821831876	-3	20	-9	21	-4	13	0	-128	766	-28	96	0	-100
1	-28	196	821833880	-2	16	-10	20	-4	12	0	-132	778	-28	96	0	-100
1	-28	196	821835880	-4	13	-6	15	-3	10	0	-135	788	-28	96	0	-100
1	-28	196	821837884	-4	12	-6	14	-3	8	0	-138	796	-28	96	0	-100
1	-28	196	821839880	-2	9	-5	11	-3	7	0	-141	803	-28	96	0	-100
1	-28	196	821841876	-4	6	-4	10	-2	5	0	-143	725	-28	96	0	-100
1	-28	196	821843880	-4	7	-4	7	-3	5	0	-146	730	-28	96	0	-100
1	-28	196	821845880	-2	5	-2	6	-1	4	0	-147	734	-28	96	0	-100
1	-28	196	821847880	-3	2	-3	5	-2	2	0	-149	736	-28	96	0	-100
1	-28	196	821849876	-3	3	-2	4	-2	2	0	-151	738	-28	96	0	-100
1	-28	196	821851880	-3	1	-2	2	-2	1	0	-153	739	-28	96	0	-100
1	-28	196	821853864	-2	1	0	1	0	1	0	-153	740	-28	96	0	-100
1	-28	196	821855880	-3	0	-1	2	-2	1	0	-155	741	-28	96	0	-100
1	-28	196	821857816	-1	0	-1	0	0	0	0	-155	720	-28	96	0	-100
1	-28	196	821859836	-1	0	0	0	-1	0	0	-156	720	-28	96	0	-100
1	-28	196	821861836	-3	0	0	0	-1	0	0	-157	720	-28	96	0	-100
1	-28	196	821863820	-2	0	0	0	0	0	0	-157	720	-28	96	0	-100
1	-28	196	821865832	-2	0	0	0	-1	0	0	-158	720	-28	96	0	-100
1	-28	196	821867860	-2	-1	0	-2	-1	0	0	-159	720	-28	96	0	-100
1	-28	196	821869884	-3	-2	0	-1	-1	-1	0	-160	719	-28	96	0	-100
1	-28	196	821871860	-2	-2	0	-2	0	-2	0	-160	717	-28	96	0	-100
1	-28	196	821873880	-3	-3	0	-2	-1	-1	0	-161	716	-28	96	0	-100
1	-28	196	821875884	-3	-3	0	-4	-1	-3	0	-162	713	-28	96	0	-100
1	-28	196	821877888	-3	-3	0	-2	-1	-1	0	-163	712	-28	96	0	-100
1	-28	196	821879892	-4	-5	1	-4	-1	-3	0	-164	709	-28	96	0	-100
1	-28	196	821881844	-2	-5	2	-5	0	-4	0	-164	705	-28	96	0	-100
1	-28	196	821883884	-4	-4	1	-4	-1	-2	0	-165	703	-28	96	0	-100
1	-28	196	821885884	-4	-6	1	-5	-1	-4	0	-166	699	-28	96	0	-100
1	-28	196	821887884	-3	-5	1	-5	-1	-3	0	-167	696	-28	96	0	-100
1	-28	196	821889876	-4	-6	3	-6	0	-4	0	-167	692	-28	96	0	-100
1	-28	196	821891892	-4	-6	1	-5	-1	-4	0	-168	688	-28	96	0	-100
1	-28	196	821893896	-4	-7	1	-6	-1	-4	0	-169	684	-28	96	0	-100
1	-28	196	821895852	-3	-6	3	-7	0	-5	0	-169	679	-28	96	0	-100
1	-28	196	821897896	-3	-6	1	-6	-1	-4	0	-170	675	-28	96	0	-100
1	-28	196	821899884	-4	-6	3	-6	0	-4	0	-170	671	-28	96	0	-100
1	-28	196	821901892	-2	-7	1	-6	-1	-4	0	-171	667	-28	96	0	-100
1	-28	196	821903880	-4	-5	2	-7	0	-4	0	-171	663	-28	96	0	-100
1	-28	196	821905848	-2	-6	2	-6	0	-4	0	-171	659	-28	96	0	-100
1	-28	196	821907888	-3	-6	2	-6	-1	-4	0	-172	655	-28	96	0	-100
1	-28	196	821909876	-2	-5	1	-6	0	-4	0	-172	651	-28	96	0	-100
1	-28	196	821911884	-4	-6	2	-7	-1	-4	0	-173	647	-28	96	0	-100
1	-28	196	821913872	-3	-7	1	-5	0	-4	0	-173	643	-28	96	0	-100
1	-28	196	821915880	-2	-5	1	-6	-1	-4	0	-174	639	-28	96	0	-100
1	-28	196	821917884	-4	-6	1	-5	-1	-3	0	-175	636	-28	96	0	-100
1	-28	196	821919836	-2	-6	2	-6	0	-4	0	-175	632	-28	96	0	-100
1	-28	196	821921860	-4	-5	2	-6	0	-4	0	-175	628	-28	96	0	-100
1	-28	196	821923876	-3	-8	1	-7	-1	-5	0	-176	623	-28	96	0	-100
1	-28	196	821925856	-3	-6	2	-6	0	-4	0	-176	619	-28	96	0	-100
1	-28	196	821927876	-4	-6	1	-6	-1	-4	0	-177	615	-28	96	0	-100
1	-28	196	821929880	-4	-8	2	-6	-1	-5	0	-178	610	-28	96	0	-100
1	-28	196	821931880	-4	-6	2	-7	-1	-4	0	-179	606	-28	96	0	-100
1	-28	196	821933868	-3	-6	1	-6	0	-4	0	-179	602	-28	96	0	-100
1	-28	196	821935884	-4	-8	2	-6	-1	-5	0	-180	597	-28	96	0	-100
1	-28	196	821937888	-4	-6	2	-8	-1	-4	0	-181	593	-28	96	0	-100
1	-28	196	821939872	-4	-6	2	-5	0	-4	0	-181	589	-28	96	0	-100
1	-28	196	821941888	-3	-8	1	-7	-1	-5	0	-182	584	-28	96	0	-100
1	-28	196	821943892	-4	-6	2	-5	-1	-4	0	-183	580	-28	96	0	-100
1	-28	196	821945880	-3	-5	2	-6	0	-3	0	-183	577	-28	96	0	-100
1	-28	196	821947900	-3	-5	1	-5	-1	-4	0	-184	573	-28	96	0	-100
1	-28	196	821949860	-2	-5	2	-5	0	-3	0	-184	570	-28	96	0	-100
1	-28	196	821951868	-2	-4	2	-4	0	-3	0	-184	567	-28	96	0	-100
1	-28	196	821953900	-3	-5	1	-4	0	-3	0	-184	564	-28	96	0	-100
1	-28	196	821955864	-2	-2	2	-5	0	-2	0	-184	562	-28	96	0	-100
1	-28	196	821957860	-1	-3	1	-2	0	-2	0	-184	560	-28	96	0	-100
1	-28	196	821959900	-2	-2	0	-3	-1	-1	0	-185	559	-28	96	0	-100
1	-28	196	821961892	0	-1	1	-2	0	-1	0	-185	558	-28	96	0	-100
1	-28	196	821963864	-1	-2	1	-2	0	-2	0	-185	556	-28	96	0	-100
1	-28	196	821965852	0	-1	0	-1	0	0	0	-185	556	-28	96	0	-100
1	-28	196	821967888	-1	-1	0	-1	0	-1	0	-185	555	-28	96	0	-100
1	-28	196	821969864	0	0	2	-1	0	0	0	-185	555	-28	96	0	-100
1	-28	196	821973844	0	0	0	-2	0	-1	0	-185	554	-28	96	0	-100
1	-28	196	821981796	0	0	0	0	0	0	1	-185	554	-28	96	0	-100
2	-28	196	821991832	0	0	1	0	0	0	1	-28	96	-28	96	0	-100
2	82	-180	821997860	2	0	0	0	1	0	1	-27	96	54	-84	-28	96
2	82	-180	822009840	1	0	0	0	0	0	1	-27	96	54	-84	-28	96
2	82	-180	822011844	0	1	0	0	0	0	1	-27	96	54	-84	-28	96
2	82	-180	822019844	0	0	1	0	0	0	1	-27	96	54	-84	-28	96
2	82	-180	822035888	1	0	0	0	1	0	1	-26	96	54	-84	-28	96
2	82	-180	822039888	1	0	0	0	0	0	1	-26	96	54	-84	-28	96
2	82	-180	822043888	2	0	1	0	1	0	1	-25	96	54	-84	-28	96
2	82	-180	822045884	2	0	0	0	1	0	1	-24	96	54	-84	-28	96
2	82	-180	822047880	1	0	0	0	0	0	1	-24	96	54	-84	-28	96
2	82	-180	822049912	3	-1	2	0	2	0	1	-22	96	54	-84	-28	96
2	82	-180	822051900	2	0	0	-1	0	0	1	-22	96	54	-84	-28	96
2	82	-180	822053920	3	-1	1	0	2	-1	1	-20	95	54	-84	-28	96
2	82	-180	822055900	2	0	1	-1	1	0	1	-19	95	54	-84	-28	96
2	82	-180	822057912	4	-2	0	-1	1	-1	0	-18	94	54	-84	-28	96
2	82	-180	822059900	4	-1	1	0	2	0	0	-16	94	54	-84	-28	96
2	82	-180	822061916	4	-1	2	-2	2	-1	0	-14	93	54	-84	-28	96
2	82	-180	822063916	3	-3	2	-1	1	-2	0	-13	91	54	-84	-28	96
2	82	-180	822065920	5	-1	1	-2	2	-1	0	-11	90	54	-84	-28	96
2	82	-180	822067920	4	-2	3	-3	3	-1	0	-8	89	54	-84	-28	96
2	82	-180	822069920	5	-4	4	-4	3	-3	0	-5	86	54	-84	-28	96
2	82	-180	822071920	4	-5	3	-3	2	-3	0	-3	83	54	-84	-28	96
2	82	-180	822073924	5	-5	5	-7	3	-4	0	0	79	54	-84	-28	96
2	82	-180	822075920	5	-8	5	-5	4	-4	0	4	75	54	-84	-28	96
2	82	-180	822077920	5	-7	8	-8	4	-5	0	8	70	54	-84	-28	96
2	82	-180	822079916	5	-9	6	-8	4	-6	0	12	64	54	-84	-28	96
2	82	-180	822081932	5	-11	10	-10	5	-7	0	17	57	54	-84	-28	96
2	82	-180	822083924	5	-11	10	-10	5	-7	0	22	50	54	-84	-28	96
2	82	-180	822085928	6	-13	13	-14	6	-9	0	28	41	54	-84	-28	96
2	82	-180	822087932	6	-16	15	-15	7	-10	0	35	31	54	-84	-28	96
2	82	-180	822089928	5	-16	13	-13	6	-10	0	41	21	54	-84	-28	96
2	82	-180	822091920	7	-18	18	-19	8	-12	0	49	9	54	-84	-28	96
2	82	-180	822093924	7	-22	17	-18	8	-13	0	57	-4	54	-84	-28	96
2	82	-180	822095920	6	-22	22	-21	10	-15	0	67	-19	54	-84	-28	96
2	82	-180	822097916	7	-22	20	-21	9	-14	0	76	-33	54	-84	-28	96
2	82	-180	822099912	6	-25	25	-26	10	-17	0	86	-50	54	-84	-28	96
2	82	-180	822101916	7	-30	23	-24	10	-18	0	96	-68	54	-84	-28	96
2	82	-180	822103920	7	-28	29	-29	12	-19	0	108	-87	54	-84	-28	96
2	82	-180	822105920	6	-30	28	-27	11	-19	0	119	-106	54	-84	-28	96
2	82	-180	822107920	6	-35	32	-34	13	-23	0	132	-129	54	-84	-28	96
2	82	-180	822109920	6	-32	29	-30	12	-21	0	144	-150	54	-84	-28	96
2	82	-180	822111924	7	-35	35	-36	14	-23	0	158	-173	54	-84	-28	96
2	82	-180	822113912	6	-41	37	-39	14	-27	0	172	-200	54	-84	-28	96
2	82	-180	822115916	5	-38	33	-35	13	-24	0	185	-224	54	-84	-28	96
2	82	-180	822117920	5	-40	40	-43	15	-28	0	200	-252	54	-84	-28	96
2	82	-180	822119920	5	-46	35	-37	13	-28	0	213	-280	54	-84	-28	96
2	82	-180	822121916	4	-43	42	-45	15	-29	0	228	-309	54	-84	-28	96
2	82	-180	822123928	2	-43	37	-41	13	-28	0	241	-337	54	-84	-28	96
2	82	-180	822125928	4	-52	43	-48	16	-33	0	257	-370	54	-84	-28	96
2	82	-180	822127928	1	-46	39	-44	13	-30	0	270	-400	54	-84	-28	96
2	82	-180	822129928	1	-46	44	-51	15	-33	0	285	-433	54	-84	-28	96
2	82	-180	822131928	0	-54	39	-45	13	-33	0	298	-466	54	-84	-28	96
2	82	-180	822133928	0	-47	45	-51	15	-32	0	313	-498	54	-84	-28	96
2	82	-180	822135932	0	-49	45	-54	15	-35	0	328	-533	54	-84	-28	96
2	82	-180	822137932	-1	-55	40	-46	13	-33	0	341	-566	54	-84	-28	96
2	82	-180	822139928	-4	-49	43	-55	13	-35	0	354	-601	54	-84	-28	96
2	82	-180	822141928	-4	-50	39	-48	12	-33	0	366	-634	54	-84	-28	96
2	82	-180	822143924	-6	-55	44	-53	13	-36	0	379	-670	54	-84	-28	96
2	82	-180	822145924	-5	-49	37	-49	10	-32	0	389	-702	54	-84	-28	96
2	82	-180	822147916	-6	-47	43	-54	13	-34	0	402	-736	54	-84	-28	96
2	82	-180	822149916	-8	-55	36	-47	9	-34	0	411	-770	54	-84	-28	96
2	82	-180	822151916	-7	-48	41	-53	11	-34	0	422	-804	54	-84	-28	96
2	82	-180	822153920	-8	-46	34	-45	9	-30	0	431	-834	54	-84	-28	96
2	82	-180	822155928	-9	-51	39	-51	10	-34	0	441	-754	54	-84	-28	96
2	82	-180	822157924	-8	-44	32	-45	8	-30	0	449	-784	54	-84	-28	96
2	82	-180	822159928	-8	-44	37	-49	10	-31	0	459	-815	54	-84	-28	96
2	82	-180	822161924	-10	-47	33	-49	7	-32	0	466	-847	54	-84	-28	96
2	82	-180	822163920	-7	-41	29	-40	8	-27	0	474	-747	54	-84	-28	96
2	82	-180	822165924	-8	-40	31	-46	7	-28	0	481	-775	54	-84	-28	96
2	82	-180	822167924	-9	-43	27	-37	6	-27	0	487	-802	54	-84	-28	96
2	82	-180	822169924	-7	-36	27	-43	7	-26	0	494	-828	54	-84	-28	96
2	82	-180	822171924	-6	-35	24	-35	6	-24	0	500	-852	54	-84	-28	96
2	82	-180	822173928	-8	-36	25	-37	6	-24	0	506	-876	54	-84	-28	96
2	82	-180	822175932	-5	-30	20	-32	5	-21	0	511	-897	54	-84	-28	96
2	82	-180	822177936	-6	-29	21	-33	5	-20	0	516	-917	54	-84	-28	96
2	82	-180	822179936	-5	-30	18	-28	4	-20	0	520	-937	54	-84	-28	96
2	82	-180	822181940	-5	-25	18	-29	4	-18	0	524	-955	54	-84	-28	96
2	82	-180	822183940	-4	-23	17	-27	5	-16	0	529	-971	54	-84	-28	96
2	82	-180	822185936	-4	-23	12	-21	2	-15	0	531	-735	54	-84	-28	96
2	82	-180	822187936	-3	-19	14	-24	4	-14	0	535	-749	54	-84	-28	96
2	82	-180	822189936	-3	-18	10	-19	2	-13	0	537	-762	54	-84	-28	96
2	82	-180	822191940	-4	-17	11	-19	3	-12	0	540	-774	54	-84	-28	96
2	82	-180	822193948	-2	-13	8	-15	2	-9	0	542	-783	54	-84	-28	96
2	82	-180	822195944	-1	-12	8	-15	2	-9	0	544	-792	54	-84	-28	96
2	82	-180	822197932	-3	-11	7	-12	1	-8	0	545	-728	54	-84	-28	96
2	82	-180	822199936	-1	-12	6	-13	2	-8	0	547	-736	54	-84	-28	96
2	82	-180	822201944	-1	-8	5	-10	1	-6	0	548	-742	54	-84	-28	96
2	82	-180	822203944	-2	-8	5	-8	1	-5	0	549	-747	54	-84	-28	96
2	82	-180	822205936	-1	-7	4	-9	1	-6	0	550	-753	54	-84	-28	96
2	82	-180	822207932	-1	-7	3	-8	1	-5	0	551	-758	54	-84	-28	96
2	82	-180	822209944	-1	-6	3	-6	1	-4	0	552	-762	54	-84	-28	96
2	82	-180	822211928	-2	-6	4	-6	0	-4	0	552	-766	54	-84	-28	96
2	82	-180	822213944	-1	-5	2	-6	1	-3	0	553	-769	54	-84	-28	96
2	82	-180	822215928	-1	-4	3	-5	0	-3	0	553	-723	54	-84	-28	96
2	82	-180	822217944	-1	-6	3	-5	1	-4	0	554	-727	54	-84	-28	96
2	82	-180	822219952	0	-5	3	-5	1	-3	0	555	-730	54	-84	-28	96
2	82	-180	822221956	-2	-4	4	-5	1	-3	0	556	-733	54	-84	-28	96
2	82	-180	822223952	0	-6	3	-5	1	-4	0	557	-737	54	-84	-28	96
2	82	-180	822225952	-1	-5	5	-7	1	-4	0	558	-741	54	-84	-28	96
2	82	-180	822227940	0	-6	4	-5	1	-4	0	559	-745	54	-84	-28	96
2	82	-180	822229940	0	-7	6	-6	2	-4	0	561	-749	54	-84	-28	96
2	82	-180	822231944	0	-6	7	-6	3	-4	0	564	-724	54	-84	-28	96
2	82	-180	822233944	0	-6	7	-6	2	-4	0	566	-728	54	-84	-28	96
2	82	-180	822235948	0	-8	8	-7	3	-5	0	569	-733	54	-84	-28	96
2	82	-180	822237944	0	-7	8	-7	2	-5	0	571	-738	54	-84	-28	96
2	82	-180	822239944	0	-8	9	-8	3	-5	0	574	-743	54	-84	-28	96
2	82	-180	822241948	0	-8	10	-7	4	-5	0	578	-748	54	-84	-28	96
2	82	-180	822243944	1	-9	11	-9	4	-6	0	582	-754	54	-84	-28	96
2	82	-180	822245936	1	-9	10	-7	3	-5	0	585	-759	54	-84	-28	96
2	82	-180	822247936	1	-10	13	-10	5	-7	0	590	-727	54	-84	-28	96
2	82	-180	822249944	1	-9	11	-9	4	-6	0	594	-733	54	-84	-28	96
2	82	-180	822251948	2	-10	13	-10	5	-7	0	599	-740	54	-84	-28	96
2	82	-180	822253952	2	-10	13	-10	5	-6	0	604	-746	54	-84	-28	96
2	82	-180	822255944	1	-10	13	-10	5	-7	0	609	-753	54	-84	-28	96
2	82	-180	822257944	2	-11	15	-11	5	-7	0	614	-760	54	-84	-28	96
2	82	-180	822259948	2	-11	12	-9	5	-7	0	619	-767	54	-84	-28	96
2	82	-180	822261944	1	-10	14	-13	5	-8	0	624	-775	54	-84	-28	96
2	82	-180	822263952	2	-11	13	-10	5	-7	0	629	-727	54	-84	-28	96
2	82	-180	822265948	2	-13	13	-11	5	-8	0	634	-735	54	-84	-28	96
2	82	-180	822267940	1	-11	13	-10	5	-7	0	639	-742	54	-84	-28	96
2	82	-180	822269928	2	-10	14	-12	5	-7	0	644	-749	54	-84	-28	96
2	82	-180	822271928	2	-13	12	-10	5	-8	0	649	-757	54	-84	-28	96
2	82	-180	822273936	1	-11	13	-13	4	-8	0	653	-765	54	-84	-28	96
2	82	-180	822275936	2	-11	11	-11	5	-7	0	658	-772	54	-84	-28	96
2	82	-180	822277940	1	-13	14	-11	5	-8	0	663	-780	54	-84	-28	96
2	82	-180	822279936	1	-11	11	-13	4	-8	0	667	-728	54	-84	-28	96
2	82	-180	822281928	1	-11	11	-11	4	-7	0	671	-735	54	-84	-28	96
2	82	-180	822283932	2	-10	11	-11	4	-7	0	675	-742	54	-84	-28	96
2	82	-180	822285932	0	-13	10	-10	3	-8	0	678	-750	54	-84	-28	96
2	82	-180	822287932	1	-10	10	-13	4	-8	0	682	-758	54	-84	-28	96
2	82	-180	822289940	0	-10	9	-9	3	-6	0	685	-764	54	-84	-28	96
2	82	-180	822291928	1	-11	10	-11	4	-7	0	689	-771	54	-84	-28	96
2	82	-180	822293928	0	-10	8	-9	2	-7	0	691	-778	54	-84	-28	96
2	82	-180	822295936	0	-9	8	-10	3	-6	0	694	-784	54	-84	-28	96
2	82	-180	822297928	0	-8	7	-8	2	-5	0	696	-725	54	-84	-28	96
2	82	-180	822299928	0	-8	7	-9	3	-6	0	699	-731	54	-84	-28	96
2	82	-180	822301924	0	-7	5	-6	1	-4	0	700	-735	54	-84	-28	96
2	82	-180	822303928	1	-7	6	-8	3	-5	0	703	-740	54	-84	-28	96
2	82	-180	822305928	0	-5	4	-6	1	-4	0	704	-744	54	-84	-28	96
2	82	-180	822307928	0	-5	5	-5	2	-3	0	706	-747	54	-84	-28	96
2	82	-180	822309924	0	-5	4	-5	1	-4	0	707	-751	54	-84	-28	96
2	82	-180	822311920	0	-3	2	-4	1	-2	0	708	-753	54	-84	-28	96
2	82	-180	822313920	0	-3	3	-4	1	-2	0	709	-722	54	-84	-28	96
2	82	-180	822315908	0	-2	2	-3	0	-2	0	709	-724	54	-84	-28	96
2	82	-180	822317916	0	-2	2	-3	1	-2	0	710	-726	54	-84	-28	96
2	82	-180	822319908	0	-2	1	-1	0	-1	1	710	-727	54	-84	-28	96
3	82	-180	822321912	0	0	1	-1	1	0	1	55	-84	54	-84	-28	96
3	82	-180	822323912	0	-1	1	-2	0	-1	1	55	-85	54	-84	-28	96
3	82	-180	822325872	0	0	0	-1	0	0	1	55	-85	54	-84	-28	96
3	82	-180	822327888	0	0	2	0	1	0	1	56	-85	54	-84	-28	96
3	-130	149	822373900	0	0	0	1	0	0	1	56	-85	-76	65	54	-84
3	-130	149	822379928	0	0	-1	1	0	0	1	56	-85	-76	65	54	-84
3	-130	149	822381908	0	1	0	0	0	0	1	56	-85	-76	65	54	-84
3	-130	149	822383936	0	1	-1	1	0	0	1	56	-85	-76	65	54	-84
3	-130	149	822385952	2	2	-1	1	0	1	1	56	-84	-76	65	54	-84
3	-130	149	822387940	0	2	-1	3	0	2	1	56	-82	-76	65	54	-84
3	-130	149	822389956	0	3	-2	2	-1	2	1	55	-80	-76	65	54	-84
3	-130	149	822391936	1	2	-2	3	0	1	1	55	-79	-76	65	54	-84
3	-130	149	822393952	0	4	-3	4	-1	3	1	54	-76	-76	65	54	-84
3	-130	149	822395952	0	6	-2	5	-1	4	0	53	-72	-76	65	54	-84
3	-130	149	822397940	0	5	-4	5	-1	3	0	52	-69	-76	65	54	-84
3	-130	149	822399936	1	6	-4	6	-1	4	0	51	-65	-76	65	54	-84
3	-130	149	822401936	0	8	-5	6	-2	5	0	49	-60	-76	65	54	-84
3	-130	149	822403932	0	9	-6	8	-2	5	0	47	-55	-76	65	54	-84
3	-130	149	822405932	0	8	-6	7	-2	5	0	45	-50	-76	65	54	-84
3	-130	149	822407928	0	12	-9	11	-3	8	0	42	-42	-76	65	54	-84
3	-130	149	822409932	0	11	-10	12	-3	8	0	39	-34	-76	65	54	-84
3	-130	149	822411936	-2	11	-10	10	-4	7	0	35	-27	-76	65	54	-84
3	-130	149	822413924	-1	15	-12	13	-4	9	0	31	-18	-76	65	54	-84
3	-130	149	822415928	-1	15	-13	14	-5	10	0	26	-8	-76	65	54	-84
3	-130	149	822417932	-3	15	-16	15	-6	10	0	20	2	-76	65	54	-84
3	-130	149	822419932	-3	18	-16	15	-7	11	0	13	13	-76	65	54	-84
3	-130	149	822421928	-3	17	-20	18	-7	11	0	6	24	-76	65	54	-84
3	-130	149	822423936	-4	19	-20	17	-8	12	0	-2	36	-76	65	54	-84
3	-130	149	822425932	-5	21	-24	20	-10	14	0	-12	50	-76	65	54	-84
3	-130	149	822427932	-5	20	-24	19	-10	13	0	-22	63	-76	65	54	-84
3	-130	149	822429936	-5	21	-29	21	-11	14	0	-33	77	-76	65	54	-84
3	-130	149	822431936	-6	25	-31	24	-12	16	0	-45	93	-76	65	54	-84
3	-130	149	822433936	-6	24	-29	21	-12	15	0	-57	108	-76	65	54	-84
3	-130	149	822435936	-8	24	-35	26	-14	17	0	-71	125	-76	65	54	-84
3	-130	149	822437940	-7	29	-33	24	-14	18	0	-85	143	-76	65	54	-84
3	-130	149	822439940	-8	27	-42	29	-16	18	0	-101	161	-76	65	54	-84
3	-130	149	822441940	-8	28	-37	26	-15	18	0	-116	179	-76	65	54	-84
3	-130	149	822443944	-9	33	-45	31	-18	22	0	-134	201	-76	65	54	-84
3	-130	149	822445944	-9	32	-41	30	-17	20	0	-151	221	-76	65	54	-84
3	-130	149	822447948	-9	32	-50	35	-20	23	0	-171	244	-76	65	54	-84
3	-130	149	822449948	-10	39	-47	33	-19	24	0	-190	268	-76	65	54	-84
3	-130	149	822451944	-10	36	-55	39	-21	25	0	-211	293	-76	65	54	-84
3	-130	149	822453944	-10	39	-50	36	-20	25	0	-231	318	-76	65	54	-84
3	-130	149	822455944	-12	45	-58	44	-24	29	0	-255	347	-76	65	54	-84
3	-130	149	822457944	-10	42	-62	45	-24	29	0	-279	376	-76	65	54	-84
3	-130	149	822459936	-11	45	-56	42	-22	29	0	-301	405	-76	65	54	-84
3	-130	149	822461936	-10	47	-66	50	-25	33	0	-326	438	-76	65	54	-84
3	-130	149	822463932	-13	53	-59	45	-24	32	0	-350	470	-76	65	54	-84
3	-130	149	822465940	-10	50	-69	55	-27	35	0	-377	505	-76	65	54	-84
3	-130	149	822467940	-10	53	-62	49	-24	34	0	-401	539	-76	65	54	-84
3	-130	149	822469932	-12	60	-74	59	-28	40	0	-429	579	-76	65	54	-84
3	-130	149	822471944	-10	55	-65	51	-25	35	0	-454	614	-76	65	54	-84
3	-130	149	822473936	-10	57	-76	62	-29	40	0	-483	654	-76	65	54	-84
3	-130	149	822475936	-13	65	-68	55	-27	40	0	-510	694	-76	65	54	-84
3	-130	149	822477932	-11	59	-80	64	-30	41	0	-540	735	-76	65	54	-84
3	-130	149	822479936	-11	60	-70	58	-27	39	0	-567	759	-76	65	54	-84
3	-130	149	822481944	-13	68	-81	66	-32	45	0	-599	804	-76	65	54	-84
3	-130	149	822483940	-11	61	-82	66	-31	42	0	-630	846	-76	65	54	-84
3	-130	149	822485932	-10	60	-72	59	-27	40	0	-657	886	-76	65	54	-84
3	-130	149	822487936	-14	66	-82	66	-32	44	0	-689	930	-76	65	54	-84
3	-130	149	822489932	-11	60	-73	58	-28	39	0	-717	969	-76	65	54	-84
3	-130	149	822491928	-13	59	-80	65	-31	42	0	-748	1011	-76	65	54	-84
3	-130	149	822493924	-15	65	-70	56	-28	40	0	-776	1051	-76	65	54	-84
3	-130	149	822495920	-12	56	-80	64	-31	40	0	-807	1091	-76	65	54	-84
3	-130	149	822497916	-15	55	-67	53	-27	36	0	-834	1127	-76	65	54	-84
3	-130	149	822499912	-16	60	-78	60	-32	40	0	-866	1167	-76	65	54	-84
3	-130	149	822501904	-15	51	-65	52	-26	34	0	-892	754	-76	65	54	-84
3	-130	149	822503912	-17	49	-72	56	-30	35	0	-922	789	-76	65	54	-84
3	-130	149	822505908	-17	54	-61	49	-26	35	0	-948	824	-76	65	54	-84
3	-130	149	822507920	-16	45	-68	51	-28	32	0	-976	856	-76	65	54	-84
3	-130	149	822509912	-18	42	-65	50	-28	30	0	-1004	886	-76	65	54	-84
3	-130	149	822511908	-16	39	-52	40	-22	27	0	-1026	913	-76	65	54	-84
3	-130	149	822513912	-20	43	-59	44	-27	29	0	-1053	749	-76	65	54	-84
3	-130	149	822515908	-16	33	-46	36	-20	23	0	-1073	772	-76	65	54	-84
3	-130	149	822517904	-18	33	-52	37	-24	23	0	-1097	795	-76	65	54	-84
3	-130	149	822519916	-20	32	-41	30	-20	21	0	-1117	816	-76	65	54	-84
3	-130	149	822521908	-17	27	-44	32	-20	19	0	-1137	835	-76	65	54	-84
3	-130	149	822523900	-18	25	-36	25	-18	17	0	-1155	852	-76	65	54	-84
3	-130	149	822525896	-19	23	-36	26	-19	16	0	-1174	868	-76	65	54	-84
3	-130	149	822527892	-16	20	-30	20	-15	14	0	-1189	882	-76	65	54	-84
3	-130	149	822529888	-16	17	-31	21	-16	12	0	-1205	894	-76	65	54	-84
3	-130	149	822531884	-18	17	-25	16	-14	11	0	-1219	731	-76	65	54	-84
3	-130	149	822533888	-15	13	-25	17	-13	10	0	-1232	741	-76	65	54	-84
3	-130	149	822535884	-13	11	-20	12	-11	8	0	-1243	749	-76	65	54	-84
3	-130	149	822537884	-15	10	-20	13	-12	8	0	-1255	757	-76	65	54	-84
3	-130	149	822539884	-13	7	-17	10	-10	5	0	-1265	762	-76	65	54	-84
3	-130	149	822541892	-11	7	-13	7	-8	5	0	-1273	767	-76	65	54	-84
3	-130	149	822543892	-13	6	-13	6	-9	4	0	-1282	771	-76	65	54	-84
3	-130	149	822545896	-10	4	-10	5	-6	3	0	-1286	723	-76	65	54	-84
3	-130	149	822547896	-8	3	-9	5	-6	3	0	-1292	726	-76	65	54	-84
3	-130	149	822549892	-9	4	-7	3	-5	2	0	-1297	728	-76	65	54	-84
3	-130	149	822551896	-6	1	-6	4	-4	2	0	-1301	730	-76	65	54	-84
3	-130	149	822553896	-7	3	-5	1	-4	1	0	-1305	731	-76	65	54	-84
3	-130	149	822555900	-5	1	-4	2	-3	1	0	-1308	732	-76	65	54	-84
3	-130	149	822557904	-5	1	-4	2	-3	1	0	-1311	733	-76	65	54	-84
3	-130	149	822559908	-2	2	-2	1	-2	1	0	-1313	734	-76	65	54	-84
3	-130	149	822561896	-3	0	-2	1	-1	0	0	-1314	734	-76	65	54	-84
3	-130	149	822563908	-2	1	-2	1	-2	1	0	-1282	721	-76	65	54	-84
3	-130	149	822565848	-1	0	0	0	0	0	0	-1282	721	-76	65	54	-84
3	-130	149	822567860	-3	0	-1	0	-1	0	0	-1283	721	-76	65	54	-84
3	-130	149	822569864	0	0	-2	0	-1	0	0	-1284	721	-76	65	54	-84
3	-130	149	822571848	-1	0	0	0	0	0	0	-1284	721	-76	65	54	-84
3	-130	149	822575840	0	1	0	0	0	0	0	-1284	721	-76	65	54	-84
3	-130	149	822589868	0	-1	1	0	0	0	0	-1280	720	-76	65	54	-84
3	-130	149	822591880	0	-2	1	-1	0	0	0	-1280	720	-76	65	54	-84
3	-130	149	822593856	0	-1	0	-2	0	-1	0	-1280	719	-76	65	54	-84
3	-130	149	822595888	0	-2	1	-1	0	-1	0	-1280	718	-76	65	54	-84
3	-130	149	822597860	-1	-2	1	-1	0	-1	0	-1280	717	-76	65	54	-84
3	-130	149	822599884	0	-2	2	-3	0	-2	0	-1280	715	-76	65	54	-84
3	-130	149	822601896	0	-4	1	-2	1	-2	0	-1279	713	-76	65	54	-84
3	-130	149	822603884	0	-2	2	-3	0	-1	0	-1279	712	-76	65	54	-84
3	-130	149	822605896	0	-4	2	-2	1	-2	0	-1278	710	-76	65	54	-84
3	-130	149	822607848	-2	-4	2	-4	0	-3	0	-1278	707	-76	65	54	-84
3	-130	149	822609876	0	-4	1	-4	0	-3	0	-1278	704	-76	65	54	-84
3	-130	149	822611888	0	-3	3	-3	1	-2	0	-1277	702	-76	65	54	-84
3	-130	149	822613888	0	-4	2	-4	1	-2	0	-1276	700	-76	65	54	-84
3	-130	149	822615884	-1	-4	3	-4	1	-3	0	-1275	697	-76	65	54	-84
3	-130	149	822617880	0	-5	2	-5	0	-3	0	-1275	694	-76	65	54	-84
3	-130	149	822619892	0	-4	3	-4	1	-3	0	-1274	691	-76	65	54	-84
3	-130	149	822621892	0	-5	2	-3	1	-3	0	-1273	688	-76	65	54	-84
3	-130	149	822623892	0	-3	3	-5	1	-2	0	-1272	686	-76	65	54	-84
3	-130	149	822625892	0	-4	2	-4	1	-3	0	-1271	683	-76	65	54	-84
3	-130	149	822627892	0	-4	3	-4	1	-3	0	-1270	680	-76	65	54	-84
3	-130	149	822629880	0	-4	2	-4	0	-2	0	-1270	678	-76	65	54	-84
3	-130	149	822631896	0	-3	3	-3	1	-2	0	-1269	676	-76	65	54	-84
3	-130	149	822633892	0	-4	2	-4	1	-3	0	-1268	673	-76	65	54	-84
3	-130	149	822635896	0	-3	3	-4	1	-2	0	-1267	671	-76	65	54	-84
3	-130	149	822637880	0	-2	1	-2	0	-2	0	-1267	669	-76	65	54	-84
3	-130	149	822639888	1	-4	3	-3	2	-2	0	-1265	667	-76	65	54	-84
3	-130	149	822641892	0	-2	1	-4	0	-2	0	-1265	665	-76	65	54	-84
3	-130	149	822643900	0	-3	2	-2	1	-2	0	-1264	663	-76	65	54	-84
3	-130	149	822645888	0	-2	2	-3	0	-1	0	-1264	662	-76	65	54	-84
3	-130	149	822647892	1	-3	1	-2	1	-2	0	-1263	660	-76	65	54	-84
3	-130	149	822649892	0	-2	2	-3	1	-2	0	-1262	658	-76	65	54	-84
3	-130	149	822651876	0	-2	2	-2	0	-1	0	-1262	657	-76	65	54	-84
3	-130	149	822653888	0	-2	1	-1	1	-1	0	-1261	656	-76	65	54	-84
3	-130	149	822655876	1	-3	1	-3	0	-2	0	-1261	654	-76	65	54	-84
3	-130	149	822657892	0	-1	1	-2	1	-1	0	-1260	653	-76	65	54	-84
3	-130	149	822659892	0	-2	3	-3	1	-2	0	-1259	651	-76	65	54	-84
3	-130	149	822661880	0	-3	1	-2	0	-1	0	-1259	650	-76	65	54	-84
3	-130	149	822663880	0	-2	1	-3	0	-2	0	-1259	648	-76	65	54	-84
3	-130	149	822665888	1	-3	3	-2	2	-2	0	-1257	646	-76	65	54	-84
3	-130	149	822667876	0	-4	1	-3	0	-2	0	-1257	644	-76	65	54	-84
3	-130	149	822669888	0	-2	3	-4	1	-2	0	-1256	642	-76	65	54	-84
3	-130	149	822671876	0	-3	1	-2	0	-2	0	-1256	640	-76	65	54	-84
3	-130	149	822673888	0	-5	2	-4	1	-3	0	-1255	637	-76	65	54	-84
3	-130	149	822675892	0	-2	3	-4	1	-2	0	-1254	635	-76	65	54	-84
3	-130	149	822677892	0	-4	2	-3	1	-2	0	-1253	633	-76	65	54	-84
3	-130	149	822679892	0	-5	4	-4	1	-3	0	-1252	630	-76	65	54	-84
3	-130	149	822681896	0	-5	4	-5	1	-3	0	-1251	627	-76	65	54	-84
3	-130	149	822683892	0	-5	4	-4	2	-3	0	-1249	624	-76	65	54	-84
3	-130	149	822685892	0	-5	3	-6	1	-4	0	-1248	620	-76	65	54	-84
3	-130	149	822687892	0	-5	5	-4	1	-3	0	-1247	617	-76	65	54	-84
3	-130	149	822689892	-1	-6	5	-6	2	-4	0	-1245	613	-76	65	54	-84
3	-130	149	822691896	0	-6	7	-6	2	-4	0	-1243	609	-76	65	54	-84
3	-130	149	822693896	0	-7	6	-7	2	-5	0	-1241	604	-76	65	54	-84
3	-130	149	822695892	-2	-6	6	-6	1	-4	0	-1240	600	-76	65	54	-84
3	-130	149	822697896	0	-7	6	-6	2	-4	0	-1238	596	-76	65	54	-84
3	-130	149	822699896	0	-8	9	-8	3	-5	0	-1235	591	-76	65	54	-84
3	-130	149	822701892	0	-7	6	-6	2	-5	0	-1233	586	-76	65	54	-84
3	-130	149	822703896	-1	-8	9	-7	3	-5	0	-1230	581	-76	65	54	-84
3	-130	149	822705896	0	-7	9	-8	3	-5	0	-1227	576	-76	65	54	-84
3	-130	149	822707896	0	-8	10	-7	3	-5	0	-1224	571	-76	65	54	-84
3	-130	149	822709900	0	-9	9	-8	3	-5	0	-1221	566	-76	65	54	-84
3	-130	149	822711900	0	-8	10	-9	4	-6	0	-1217	560	-76	65	54	-84
3	-130	149	822713904	0	-8	10	-8	3	-5	0	-1214	555	-76	65	54	-84
3	-130	149	822715908	0	-10	10	-8	3	-6	0	-1211	549	-76	65	54	-84
3	-130	149	822717904	0	-7	11	-9	4	-6	0	-1207	543	-76	65	54	-84
3	-130	149	822719912	0	-9	9	-8	3	-5	0	-1204	538	-76	65	54	-84
3	-130	149	822721912	0	-9	11	-9	4	-6	0	-1200	532	-76	65	54	-84
3	-130	149	822723924	0	-7	9	-8	3	-5	0	-1197	527	-76	65	54	-84
3	-130	149	822725920	1	-9	11	-8	4	-6	0	-1193	521	-76	65	54	-84
3	-130	149	822727928	0	-9	9	-8	3	-6	0	-1190	515	-76	65	54	-84
3	-130	149	822729928	0	-7	10	-9	3	-5	0	-1187	510	-76	65	54	-84
3	-130	149	822731928	1	-8	10	-6	4	-5	0	-1183	505	-76	65	54	-84
3	-130	149	822733932	0	-7	8	-9	2	-5	0	-1181	500	-76	65	54	-84
3	-130	149	822735928	1	-8	10	-7	4	-5	0	-1177	495	-76	65	54	-84
3	-130	149	822737936	0	-6	8	-6	3	-4	0	-1174	491	-76	65	54	-84
3	-130	149	822739928	1	-8	9	-8	3	-5	0	-1171	486	-76	65	54	-84
3	-130	149	822741928	0	-5	6	-6	2	-4	0	-1169	482	-76	65	54	-84
3	-130	149	822743928	2	-5	7	-6	3	-4	0	-1166	478	-76	65	54	-84
3	-130	149	822745928	0	-6	7	-5	2	-3	0	-1164	475	-76	65	54	-84
3	-130	149	822747928	1	-4	6	-5	3	-3	0	-1161	472	-76	65	54	-84
3	-130	149	822749928	0	-3	5	-4	1	-3	0	-1160	469	-76	65	54	-84
3	-130	149	822751928	1	-5	5	-5	2	-3	0	-1158	466	-76	65	54	-84
3	-130	149	822753928	0	-3	4	-3	2	-2	0	-1156	464	-76	65	54	-84
3	-130	149	822755924	1	-2	3	-3	1	-2	0	-1155	462	-76	65	54	-84
3	-130	149	822757928	0	-3	4	-3	1	-2	0	-1154	460	-76	65	54	-84
3	-130	149	822759924	2	-2	3	-2	2	-1	0	-1152	459	-76	65	54	-84
3	-130	149	822761924	0	-2	2	-3	1	-2	0	-1151	457	-76	65	54	-84
3	-130	149	822763916	0	-1	3	-1	1	0	1	-1150	457	-76	65	54	-84
4	-130	149	822765920	0	-1	1	-1	0	-1	1	-76	64	-76	65	54	-84
4	-130	149	822767932	1	0	1	-2	1	-1	1	-75	63	-76	65	54	-84
4	-130	149	822769904	0	-1	1	-1	0	0	1	-75	63	-76	65	54	-84
4	-130	149	822771888	0	0	2	0	1	0	1	-74	63	-76	65	54	-84
4	-130	149	822773888	0	0	0	-1	0	-1	1	-74	62	-76	65	54	-84
4	-130	149	822775876	0	0	1	0	0	0	1	-74	62	-76	65	54	-84
4	167	-107	822825876	1	0	0	0	0	0	1	-74	62	91	-42	-76	65
4	167	-107	822833948	1	-2	1	-1	1	-1	0	-73	61	91	-42	-76	65
4	167	-107	822835904	2	0	0	0	1	0	0	-72	61	91	-42	-76	65
4	167	-107	822837944	1	-1	1	-2	0	-1	0	-72	60	91	-42	-76	65
4	167	-107	822839940	1	-1	3	-1	2	0	0	-70	60	91	-42	-76	65
4	167	-107	822841948	3	-3	2	-1	1	-2	0	-69	58	91	-42	-76	65
4	167	-107	822843948	3	-2	5	-4	3	-2	0	-66	56	91	-42	-76	65
4	167	-107	822845948	3	-4	5	-2	3	-2	0	-63	54	91	-42	-76	65
4	167	-107	822847952	5	-4	7	-4	4	-2	0	-59	52	91	-42	-76	65
4	167	-107	822849952	5	-5	8	-5	4	-4	0	-55	48	91	-42	-76	65
4	167	-107	822851952	6	-6	12	-5	6	-3	0	-49	45	91	-42	-76	65
4	167	-107	822853944	6	-6	11	-6	6	-4	0	-43	41	91	-42	-76	65
4	167	-107	822855948	10	-9	16	-9	8	-6	0	-35	35	91	-42	-76	65
4	167	-107	822857948	12	-9	19	-9	11	-6	0	-24	29	91	-42	-76	65
4	167	-107	822859948	12	-10	20	-9	10	-7	0	-14	22	91	-42	-76	65
4	167	-107	822861944	15	-12	26	-12	14	-8	0	0	14	91	-42	-76	65
4	167	-107	822863948	16	-11	26	-13	14	-8	0	14	6	91	-42	-76	65
4	167	-107	822865940	19	-14	34	-15	18	-9	0	32	-3	91	-42	-76	65
4	167	-107	822867932	19	-15	33	-13	17	-10	0	49	-13	91	-42	-76	65
4	167	-107	822869928	24	-18	41	-19	22	-12	0	71	-25	91	-42	-76	65
4	167	-107	822871924	23	-16	40	-16	21	-11	0	92	-36	91	-42	-76	65
4	167	-107	822873920	24	-19	50	-20	24	-13	0	116	-49	91	-42	-76	65
4	167	-107	822875912	30	-21	47	-20	26	-13	0	142	-62	91	-42	-76	65
4	167	-107	822877916	29	-21	58	-23	29	-15	0	171	-77	91	-42	-76	65
4	167	-107	822879924	30	-21	54	-21	28	-14	0	199	-91	91	-42	-76	65
4	167	-107	822881920	35	-27	66	-25	34	-17	0	233	-108	91	-42	-76	65
4	167	-107	822883924	32	-23	69	-26	33	-17	0	266	-125	91	-42	-76	65
4	167	-107	822885932	34	-25	63	-25	33	-16	0	299	-141	91	-42	-76	65
4	167	-107	822887928	40	-30	77	-29	39	-20	0	338	-161	91	-42	-76	65
4	167	-107	822889924	35	-29	68	-28	34	-19	0	372	-180	91	-42	-76	65
4	167	-107	822891928	36	-29	82	-31	39	-20	0	411	-200	91	-42	-76	65
4	167	-107	822893932	40	-35	75	-29	39	-21	0	450	-221	91	-42	-76	65
4	167	-107	822895940	37	-31	86	-33	41	-22	0	491	-243	91	-42	-76	65
4	167	-107	822897936	37	-34	79	-32	38	-22	0	529	-265	91	-42	-76	65
4	167	-107	822899928	41	-39	91	-36	44	-25	0	573	-290	91	-42	-76	65
4	167	-107	822901924	37	-35	81	-32	40	-22	0	613	-312	91	-42	-76	65
4	167	-107	822903928	36	-36	95	-39	43	-25	0	656	-337	91	-42	-76	65
4	167	-107	822905924	41	-42	84	-34	42	-25	0	698	-362	91	-42	-76	65
4	167	-107	822907928	35	-38	97	-41	44	-27	0	742	-389	91	-42	-76	65
4	167	-107	822909920	36	-39	87	-35	41	-24	0	783	-413	91	-42	-76	65
4	167	-107	822911924	38	-43	98	-43	45	-29	0	828	-442	91	-42	-76	65
4	167	-107	822913916	34	-40	102	-43	46	-28	0	874	-470	91	-42	-76	65
4	167	-107	822915920	33	-42	87	-38	40	-26	0	914	-496	91	-42	-76	65
4	167	-107	822917916	37	-45	101	-44	46	-30	0	960	-526	91	-42	-76	65
4	167	-107	822919916	31	-41	88	-40	39	-27	0	999	-553	91	-42	-76	65
4	167	-107	822921912	30	-41	100	-43	44	-28	0	1043	-581	91	-42	-76	65
4	167	-107	822923908	34	-46	87	-39	40	-28	0	1083	-609	91	-42	-76	65
4	167	-107	822925916	30	-40	98	-45	43	-29	0	1126	-638	91	-42	-76	65
4	167	-107	822927912	28	-40	86	-38	38	-26	0	1164	-664	91	-42	-76	65
4	167	-107	822929908	33	-44	95	-43	42	-29	0	1206	-693	91	-42	-76	65
4	167	-107	822931908	27	-39	83	-37	37	-25	0	1243	-718	91	-42	-76	65
4	167	-107	822933912	27	-37	91	-41	39	-26	0	1282	-744	91	-42	-76	65
4	167	-107	822935908	27	-37	77	-35	35	-24	0	1317	-768	91	-42	-76	65
4	167	-107	822937904	29	-38	87	-39	39	-26	0	1356	-794	91	-42	-76	65
4	167	-107	822939908	25	-34	82	-37	35	-23	0	1391	-817	91	-42	-76	65
4	167	-107	822941904	25	-33	69	-33	32	-22	0	1423	-839	91	-42	-76	65
4	167	-107	822943908	26	-35	75	-33	33	-23	0	1456	-862	91	-42	-76	65
4	167	-107	822945908	24	-28	62	-29	29	-19	0	1485	-881	91	-42	-76	65
4	167	-107	822947904	21	-29	68	-31	30	-20	0	1515	-901	91	-42	-76	65
4	167	-107	822949896	24	-29	55	-27	26	-19	0	1306	-739	91	-42	-76	65
4	167	-107	822951900	19	-24	59	-27	26	-17	0	1332	-756	91	-42	-76	65
4	167	-107	822953896	18	-22	47	-23	22	-15	0	1354	-771	91	-42	-76	65
4	167	-107	822955904	19	-24	50	-25	23	-16	0	1377	-787	91	-42	-76	65
4	167	-107	822957900	16	-20	41	-20	19	-13	0	1396	-800	91	-42	-76	65
4	167	-107	822959900	14	-19	43	-21	19	-14	0	1415	-814	91	-42	-76	65
4	167	-107	822961896	15	-18	34	-17	16	-11	0	1431	-825	91	-42	-76	65
4	167	-107	822963900	11	-15	35	-19	15	-12	0	1295	-732	91	-42	-76	65
4	167	-107	822965904	10	-14	31	-16	14	-10	0	1309	-742	91	-42	-76	65
4	167	-107	822967900	12	-15	24	-14	12	-9	0	1321	-751	91	-42	-76	65
4	167	-107	822969904	7	-11	23	-14	10	-9	0	1331	-760	91	-42	-76	65
4	167	-107	822971896	6	-12	19	-11	8	-7	0	1339	-767	91	-42	-76	65
4	167	-107	822973896	7	-10	19	-13	9	-8	0	1348	-775	91	-42	-76	65
4	167	-107	822975904	5	-8	14	-10	6	-6	0	1354	-781	91	-42	-76	65
4	167	-107	822977904	3	-9	13	-10	6	-6	0	1360	-787	91	-42	-76	65
4	167	-107	822979900	4	-8	10	-7	4	-5	0	1284	-725	91	-42	-76	65
4	167	-107	822981900	3	-6	10	-8	5	-5	0	1289	-730	91	-42	-76	65
4	167	-107	822983908	2	-6	8	-6	3	-4	0	1292	-734	91	-42	-76	65
4	167	-107	822985908	1	-5	7	-6	3	-4	0	1295	-738	91	-42	-76	65
4	167	-107	822987912	2	-4	4	-5	2	-3	0	1297	-741	91	-42	-76	65
4	167	-107	822989920	1	-4	5	-5	2	-3	0	1299	-744	91	-42	-76	65
4	167	-107	822991920	0	-2	4	-4	1	-2	0	1300	-746	91	-42	-76	65
4	167	-107	822993916	1	-3	1	-2	1	-1	0	1301	-747	91	-42	-76	65
4	167	-107	822995916	0	-2	3	-3	1	-2	0	1302	-749	91	-42	-76	65
4	167	-107	822997904	0	-1	1	-1	0	-1	0	1280	-721	91	-42	-76	65
4	167	-107	822999876	0	-2	0	-3	0	-1	0	1280	-722	91	-42	-76	65
4	167	-107	823001912	0	-1	1	-1	0	-1	0	1280	-723	91	-42	-76	65
4	167	-107	823003880	0	-1	0	-1	0	-1	0	1280	-724	91	-42	-76	65
4	167	-107	823007868	0	-1	0	-1	0	0	0	1280	-724	91	-42	-76	65
4	167	-107	823011876	0	0	1	0	1	0	0	1281	-724	91	-42	-76	65
4	167	-107	823017880	0	-2	0	-2	0	-2	0	1280	-722	91	-42	-76	65
4	167	-107	823101916	0	0	0	0	0	0	1	1280	-720	91	-42	-76	65
5	167	-107	823105952	0	1	0	0	0	0	1	91	-42	91	-42	-76	65
5	-190	56	823121964	0	1	0	0	0	0	1	91	-42	-99	14	91	-42
5	-190	56	823143968	1	0	0	0	0	0	1	91	-42	-99	14	91	-42
5	-190	56	823159988	0	0	0	1	0	0	1	91	-42	-99	14	91	-42
5	-190	56	823173948	0	0	0	0	0	0	0	91	-42	-99	14	91	-42
5	-190	56	823181976	0	1	0	1	0	1	0	91	-41	-99	14	91	-42
5	-190	56	823184016	0	1	-1	1	0	1	0	91	-40	-99	14	91	-42
5	-190	56	823186016	0	3	-3	2	0	1	0	91	-39	-99	14	91	-42
5	-190	56	823188028	-1	2	-5	3	-2	2	0	89	-37	-99	14	91	-42
5	-190	56	823190028	-2	4	-6	3	-3	2	0	86	-35	-99	14	91	-42
5	-190	56	823192028	-2	5	-9	5	-4	4	0	82	-31	-99	14	91	-42
5	-190	56	823194036	-4	5	-8	4	-4	3	0	78	-28	-99	14	91	-42
5	-190	56	823196036	-2	5	-14	6	-5	3	0	73	-25	-99	14	91	-42
5	-190	56	823198032	-5	8	-16	7	-7	5	0	66	-20	-99	14	91	-42
5	-190	56	823200028	-7	8	-17	7	-8	5	0	58	-15	-99	14	91	-42
5	-190	56	823202028	-6	9	-22	8	-9	6	0	49	-9	-99	14	91	-42
5	-190	56	823204032	-9	10	-21	9	-10	6	0	39	-3	-99	14	91	-42
5	-190	56	823206036	-10	13	-29	11	-13	8	0	26	5	-99	14	91	-42
5	-190	56	823208036	-12	11	-29	12	-14	8	0	12	13	-99	14	91	-42
5	-190	56	823210036	-13	12	-36	13	-16	8	0	-4	21	-99	14	91	-42
5	-190	56	823212040	-17	17	-35	13	-18	10	0	-22	31	-99	14	91	-42
5	-190	56	823214032	-18	13	-45	15	-21	10	0	-43	41	-99	14	91	-42
5	-190	56	823216028	-18	15	-43	14	-20	9	0	-63	50	-99	14	91	-42
5	-190	56	823218032	-24	19	-51	17	-25	12	0	-88	62	-99	14	91	-42
5	-190	56	823220028	-23	15	-49	15	-24	10	0	-112	72	-99	14	91	-42
5	-190	56	823222020	-25	18	-60	18	-28	12	0	-140	84	-99	14	91	-42
5	-190	56	823224016	-31	18	-62	18	-31	12	0	-171	96	-99	14	91	-42
5	-190	56	823226008	-30	18	-59	17	-30	12	0	-201	108	-99	14	91	-42
5	-190	56	823228020	-32	17	-70	18	-34	12	0	-235	120	-99	14	91	-42
5	-190	56	823230016	-39	19	-65	18	-35	12	0	-270	132	-99	14	91	-42
5	-190	56	823232012	-38	19	-76	19	-38	13	0	-308	145	-99	14	91	-42
5	-190	56	823234008	-40	17	-71	17	-37	11	0	-345	156	-99	14	91	-42
5	-190	56	823236012	-46	20	-83	20	-43	13	0	-388	169	-99	14	91	-42
5	-190	56	823238016	-42	19	-76	18	-39	13	0	-427	182	-99	14	91	-42
5	-190	56	823240012	-44	19	-90	21	-45	13	0	-472	195	-99	14	91	-42
5	-190	56	823242016	-53	21	-80	19	-44	13	0	-516	208	-99	14	91	-42
5	-190	56	823244024	-46	19	-94	21	-47	14	0	-563	222	-99	14	91	-42
5	-190	56	823246020	-49	20	-84	19	-44	13	0	-607	235	-99	14	91	-42
5	-190	56	823248016	-55	22	-97	22	-51	14	0	-658	249	-99	14	91	-42
5	-190	56	823250008	-50	22	-88	20	-46	14	0	-704	263	-99	14	91	-42
5	-190	56	823252004	-50	21	-100	24	-50	15	0	-754	278	-99	14	91	-42
5	-190	56	823253996	-50	21	-101	24	-50	15	0	-804	293	-99	14	91	-42
5	-190	56	823255996	-56	24	-87	20	-48	15	0	-852	308	-99	14	91	-42
5	-190	56	823258004	-50	22	-102	23	-50	15	0	-902	323	-99	14	91	-42
5	-190	56	823260004	-49	23	-88	22	-46	15	0	-948	338	-99	14	91	-42
5	-190	56	823262012	-53	25	-100	23	-51	16	0	-999	354	-99	14	91	-42
5	-190	56	823264012	-48	22	-87	23	-45	15	0	-1044	369	-99	14	91	-42
5	-190	56	823266012	-45	23	-96	24	-47	16	0	-1091	385	-99	14	91	-42
5	-190	56	823268008	-50	25	-84	21	-45	15	0	-1136	400	-99	14	91	-42
5	-190	56	823270000	-44	22	-92	25	-45	16	0	-1181	416	-99	14	91	-42
5	-190	56	823271996	-41	22	-79	21	-40	14	0	-1221	430	-99	14	91	-42
5	-190	56	823273992	-46	23	-87	24	-44	16	0	-1265	446	-99	14	91	-42
5	-190	56	823275992	-38	22	-75	20	-38	14	0	-1303	460	-99	14	91	-42
5	-190	56	823277996	-37	20	-82	22	-40	14	0	-1343	474	-99	14	91	-42
5	-190	56	823279988	-40	21	-78	22	-39	14	0	-1319	488	-99	14	91	-42
5	-190	56	823281996	-34	17	-65	17	-33	11	0	-1352	499	-99	14	91	-42
5	-190	56	823283992	-32	18	-72	20	-35	13	0	-1387	512	-99	14	91	-42
5	-190	56	823285988	-35	19	-60	18	-31	12	0	-1418	524	-99	14	91	-42
5	-190	56	823287992	-32	15	-65	17	-33	11	0	-1451	535	-99	14	91	-42
5	-190	56	823289988	-27	15	-53	15	-26	10	0	-1477	545	-99	14	91	-42
5	-190	56	823291992	-31	15	-58	16	-30	10	0	-1507	555	-99	14	91	-42
5	-190	56	823293992	-25	13	-49	14	-25	9	0	-1532	564	-99	14	91	-42
5	-190	56	823295980	-25	12	-51	14	-25	9	0	-1557	573	-99	14	91	-42
5	-190	56	823297984	-25	12	-41	12	-22	8	0	-1579	581	-99	14	91	-42
5	-190	56	823299984	-22	11	-45	13	-22	8	0	-1601	589	-99	14	91	-42
5	-190	56	823301984	-20	9	-36	10	-19	6	0	-1299	595	-99	14	91	-42
5	-190	56	823303984	-20	10	-39	11	-20	7	0	-1319	602	-99	14	91	-42
5	-190	56	823305984	-17	9	-35	10	-17	7	0	-1336	609	-99	14	91	-42
5	-190	56	823307980	-15	7	-29	9	-15	5	0	-1351	614	-99	14	91	-42
5	-190	56	823309984	-15	7	-29	7	-14	5	0	-1365	619	-99	14	91	-42
5	-190	56	823311988	-14	6	-23	8	-13	4	0	-1378	623	-99	14	91	-42
5	-190	56	823313992	-12	6	-25	6	-12	4	0	-1292	627	-99	14	91	-42
5	-190	56	823315992	-10	5	-19	6	-10	4	0	-1302	631	-99	14	91	-42
5	-190	56	823318000	-10	5	-20	5	-10	3	0	-1312	634	-99	14	91	-42
5	-190	56	823319996	-8	4	-16	5	-8	3	0	-1320	637	-99	14	91	-42
5	-190	56	823322004	-7	4	-17	5	-8	3	0	-1328	640	-99	14	91	-42
5	-190	56	823324000	-7	3	-12	4	-6	3	0	-1334	643	-99	14	91	-42
5	-190	56	823326004	-5	4	-14	4	-6	2	0	-1340	645	-99	14	91	-42
5	-190	56	823328008	-3	3	-11	4	-5	3	0	-1345	648	-99	14	91	-42
5	-190	56	823330008	-5	2	-9	2	-5	1	0	-1350	649	-99	14	91	-42
5	-190	56	823332012	-3	3	-10	3	-4	2	0	-1284	651	-99	14	91	-42
5	-190	56	823334004	-2	2	-7	2	-3	1	0	-1287	652	-99	14	91	-42
5	-190	56	823336008	-3	3	-7	3	-3	2	0	-1290	654	-99	14	91	-42
5	-190	56	823338008	-2	1	-6	2	-3	1	0	-1293	655	-99	14	91	-42
5	-190	56	823340000	-2	2	-6	3	-3	2	0	-1296	657	-99	14	91	-42
5	-190	56	823342004	-1	2	-5	1	-2	1	0	-1298	658	-99	14	91	-42
5	-190	56	823344008	-1	1	-5	2	-2	1	0	-1300	659	-99	14	91	-42
5	-190	56	823346008	-1	2	-4	2	-1	1	0	-1301	660	-99	14	91	-42
5	-190	56	823348008	-2	2	-4	2	-2	2	0	-1282	662	-99	14	91	-42
5	-190	56	823350016	0	2	-3	1	-1	1	0	-1283	663	-99	14	91	-42
5	-190	56	823352012	0	1	-3	3	-1	1	0	-1284	664	-99	14	91	-42
5	-190	56	823354004	-1	3	-4	2	-2	2	0	-1286	666	-99	14	91	-42
5	-190	56	823355996	0	1	-1	2	0	1	0	-1286	667	-99	14	91	-42
5	-190	56	823358004	0	3	-2	1	-1	1	0	-1287	668	-99	14	91	-42
5	-190	56	823360004	0	1	-3	2	-1	1	0	-1288	669	-99	14	91	-42
5	-190	56	823361992	0	2	-1	2	0	1	0	-1288	670	-99	14	91	-42
5	-190	56	823364020	0	2	-1	1	-1	1	0	-1289	671	-99	14	91	-42
5	-190	56	823366008	0	1	-2	1	0	1	0	-1280	672	-99	14	91	-42
5	-190	56	823368024	0	1	-1	1	-1	1	0	-1281	673	-99	14	91	-42
5	-190	56	823369968	0	0	0	2	0	0	0	-1281	673	-99	14	91	-42
5	-190	56	823372000	0	1	-1	1	0	1	0	-1281	674	-99	14	91	-42
5	-190	56	823373968	0	2	0	1	0	1	0	-1281	675	-99	14	91	-42
5	-190	56	823375996	0	1	-1	1	0	1	0	-1281	676	-99	14	91	-42
5	-190	56	823379948	0	0	0	2	0	0	0	-1280	676	-99	14	91	-42
5	-190	56	823383996	0	1	-2	0	-1	1	0	-1281	677	-99	14	91	-42
5	-190	56	823385936	0	0	0	1	0	0	0	-1281	677	-99	14	91	-42
5	-190	56	823449968	0	0	0	0	0	0	1	-1280	677	-99	14	91	-42
6	198	0	823520000	0	0	0	0	0	0	0	-99	14	99	14	-99	14
6	198	0	823538052	0	0	1	0	0	0	0	-99	14	99	14	-99	14
6	198	0	823540056	1	0	2	0	0	0	0	-99	14	99	14	-99	14
6	198	0	823542096	1	0	3	-1	2	0	0	-97	14	99	14	-99	14
6	198	0	823544096	1	-1	5	-1	2	0	0	-95	14	99	14	-99	14
6	198	0	823546100	1	-3	6	-2	2	-2	0	-93	12	99	14	-99	14
6	198	0	823548100	3	-2	6	-3	3	-1	0	-90	11	99	14	-99	14
6	198	0	823550100	2	-4	10	-4	4	-3	0	-86	8	99	14	-99	14
6	198	0	823552092	5	-4	11	-3	5	-2	0	-81	6	99	14	-99	14
6	198	0	823554096	4	-5	15	-4	7	-3	0	-74	3	99	14	-99	14
6	198	0	823556092	8	-6	17	-5	8	-4	0	-66	-1	99	14	-99	14
6	198	0	823558092	6	-6	20	-8	9	-5	0	-57	-6	99	14	-99	14
6	198	0	823560096	9	-8	23	-7	10	-5	0	-47	-11	99	14	-99	14
6	198	0	823562092	12	-9	25	-8	13	-5	0	-34	-16	99	14	-99	14
6	198	0	823564092	11	-8	30	-8	13	-6	0	-21	-22	99	14	-99	14
6	198	0	823566092	15	-10	32	-9	16	-6	0	-5	-28	99	14	-99	14
6	198	0	823568088	19	-12	38	-10	19	-7	0	14	-35	99	14	-99	14
6	198	0	823570092	19	-11	38	-10	19	-7	0	33	-42	99	14	-99	14
6	198	0	823572092	20	-11	46	-13	22	-8	0	55	-50	99	14	-99	14
6	198	0	823574092	26	-14	44	-11	23	-9	0	78	-59	99	14	-99	14
6	198	0	823576092	25	-11	55	-12	27	-7	0	105	-66	99	14	-99	14
6	198	0	823578092	28	-13	50	-13	26	-9	0	131	-75	99	14	-99	14
6	198	0	823580092	33	-13	61	-12	31	-8	0	162	-83	99	14	-99	14
6	198	0	823582092	32	-13	55	-13	29	-9	0	191	-92	99	14	-99	14
6	198	0	823584096	33	-12	66	-12	33	-8	0	224	-100	99	14	-99	14
6	198	0	823586096	42	-14	60	-13	34	-9	0	258	-109	99	14	-99	14
6	198	0	823588096	37	-11	73	-12	37	-8	0	295	-117	99	14	-99	14
6	198	0	823590096	40	-12	74	-14	38	-8	0	333	-125	99	14	-99	14
6	198	0	823592100	46	-11	65	-10	37	-7	0	370	-132	99	14	-99	14
6	198	0	823594100	43	-10	78	-11	40	-7	0	410	-139	99	14	-99	14
6	198	0	823596104	45	-10	69	-10	38	-7	0	448	-146	99	14	-99	14
6	198	0	823598104	51	-10	81	-10	44	-7	0	492	-153	99	14	-99	14
6	198	0	823600100	46	-7	72	-9	40	-5	0	532	-158	99	14	-99	14
6	198	0	823602100	48	-8	82	-10	43	-6	0	575	-164	99	14	-99	14
6	198	0	823604100	55	-9	74	-6	43	-5	0	618	-169	99	14	-99	14
6	198	0	823606104	49	-6	85	-8	45	-5	0	663	-174	99	14	-99	14
6	198	0	823608104	50	-5	75	-6	41	-3	0	704	-177	99	14	-99	14
6	198	0	823610108	57	-6	85	-6	48	-4	0	752	-181	99	14	-99	14
6	198	0	823612108	53	-4	86	-5	46	-3	0	798	-184	99	14	-99	14
6	198	0	823614112	52	-4	75	-5	42	-3	0	840	-187	99	14	-99	14
6	198	0	823616116	59	-2	86	-4	49	-2	0	889	-189	99	14	-99	14
6	198	0	823618116	54	-3	77	-3	43	-2	0	932	-191	99	14	-99	14
6	198	0	823620116	52	-2	86	-2	46	-2	0	978	-193	99	14	-99	14
6	198	0	823622108	60	-1	75	-1	45	0	0	1023	-193	99	14	-99	14
6	198	0	823624116	54	0	85	-2	47	-1	0	1070	-194	99	14	-99	14
6	198	0	823626124	54	-2	72	0	42	-1	0	1112	-195	99	14	-99	14
6	198	0	823628080	60	0	83	0	47	0	0	1159	-195	99	14	-99	14
6	198	0	823630108	52	1	71	0	41	0	0	1200	-195	99	14	-99	14
6	198	0	823632116	54	2	79	1	45	1	0	1245	-194	99	14	-99	14
6	198	0	823634116	59	4	67	2	42	2	0	1287	-192	99	14	-99	14
6	198	0	823636112	52	4	75	3	42	2	0	1329	-190	99	14	-99	14
6	198	0	823638116	51	5	70	5	40	3	0	1369	-187	99	14	-99	14
6	198	0	823640112	50	6	60	5	37	4	0	1406	-183	99	14	-99	14
6	198	0	823642116	54	7	64	7	39	5	0	1445	-178	99	14	-99	14
6	198	0	823644108	46	8	54	7	34	5	0	1479	-173	99	14	-99	14
6	198	0	823646104	44	9	56	7	33	5	0	1512	-168	99	14	-99	14
6	198	0	823648108	48	10	46	8	31	6	0	1311	-162	99	14	-99	14
6	198	0	823650108	40	8	48	8	30	5	0	1341	-157	99	14	-99	14
6	198	0	823652104	37	9	39	9	25	6	0	1366	-151	99	14	-99	14
6	198	0	823654096	39	11	40	9	26	7	0	1392	-144	99	14	-99	14
6	198	0	823656096	32	10	31	9	21	6	0	1413	-138	99	14	-99	14
6	198	0	823658096	30	9	32	10	21	7	0	1434	-131	99	14	-99	14
6	198	0	823660100	30	11	25	10	18	7	0	1452	-124	99	14	-99	14
6	198	0	823662092	24	10	25	10	17	6	0	1469	-118	99	14	-99	14
6	198	0	823664100	23	9	22	11	15	7	0	1484	-111	99	14	-99	14
6	198	0	823666100	22	11	16	9	12	7	0	1496	-104	99	14	-99	14
6	198	0	823668100	18	9	17	10	12	6	0	1508	-98	99	14	-99	14
6	198	0	823670100	16	9	13	8	10	6	0	1290	-92	99	14	-99	14
6	198	0	823672092	17	9	11	10	9	6	0	1299	-86	99	14	-99	14
6	198	0	823674092	13	8	10	9	8	6	0	1307	-80	99	14	-99	14
6	198	0	823676088	14	8	9	9	7	5	0	1314	-75	99	14	-99	14
6	198	0	823678096	13	9	7	7	7	6	0	1321	-69	99	14	-99	14
6	198	0	823680092	12	7	7	9	6	5	0	1286	-64	99	14	-99	14
6	198	0	823682096	11	8	6	8	6	5	0	1292	-59	99	14	-99	14
6	198	0	823684104	12	8	5	7	6	5	0	1298	-54	99	14	-99	14
6	198	0	823686096	10	7	5	8	5	5	0	1303	-49	99	14	-99	14
6	198	0	823688088	10	7	4	7	4	5	0	1307	-44	99	14	-99	14
6	198	0	823690092	12	8	5	8	6	5	0	1313	-39	99	14	-99	14
6	198	0	823692100	10	7	3	6	4	5	0	1317	-34	99	14	-99	14
6	198	0	823694096	8	6	4	7	4	4	0	1321	-30	99	14	-99	14
6	198	0	823696100	9	7	4	5	5	4	0	1326	-26	99	14	-99	14
6	198	0	823698100	9	5	4	7	4	4	0	1284	-22	99	14	-99	14
6	198	0	823700104	7	5	3	5	3	3	0	1287	-19	99	14	-99	14
6	198	0	823702104	8	5	3	5	4	4	0	1291	-15	99	14	-99	14
6	198	0	823704112	6	2	2	3	3	1	0	1294	-14	99	14	-99	14
6	198	0	823706104	5	4	3	5	2	3	0	1296	-11	99	14	-99	14
6	198	0	823708104	6	2	2	3	3	2	0	1299	-9	99	14	-99	14
6	198	0	823710108	5	3	3	2	3	2	0	1302	-7	99	14	-99	14
6	198	0	823712108	5	2	2	3	2	1	0	1304	-6	99	14	-99	14
6	198	0	823714112	4	2	2	2	2	2	0	1282	-4	99	14	-99	14
6	198	0	823716108	5	1	2	2	2	1	0	1284	-3	99	14	-99	14
6	198	0	823718100	4	1	1	1	2	0	0	1286	-3	99	14	-99	14
6	198	0	823720112	5	1	2	1	2	1	0	1288	-2	99	14	-99	14
6	198	0	823722072	4	0	2	0	2	0	0	1290	-2	99	14	-99	14
6	198	0	823724120	3	2	1	1	2	1	0	1292	-1	99	14	-99	14
6	198	0	823726124	5	0	3	2	2	1	0	1294	0	99	14	-99	14
6	198	0	823728080	5	0	1	0	2	0	0	1296	0	99	14	-99	14
6	198	0	823730112	4	0	1	1	2	0	0	1282	0	99	14	-99	14
6	198	0	823732116	5	1	3	0	3	0	0	1285	0	99	14	-99	14
6	198	0	823734132	6	0	2	1	2	1	0	1287	1	99	14	-99	14
6	198	0	823736080	5	0	3	0	3	0	0	1290	1	99	14	-99	14
6	198	0	823738116	5	1	2	1	2	0	0	1292	1	99	14	-99	14
6	198	0	823740092	7	0	2	0	3	0	0	1295	1	99	14	-99	14
6	198	0	823742132	6	1	2	2	3	1	0	1298	2	99	14	-99	14
6	198	0	823744124	5	2	3	0	3	1	0	1301	3	99	14	-99	14
6	198	0	823746116	7	0	3	1	3	0	0	1304	3	99	14	-99	14
6	198	0	823748128	5	1	3	1	3	1	0	1307	4	99	14	-99	14
6	198	0	823750140	7	1	2	1	3	1	0	1310	5	99	14	-99	14
6	198	0	823752124	6	1	3	0	3	0	0	1313	5	99	14	-99	14
6	198	0	823754144	5	0	4	2	3	1	0	1283	6	99	14	-99	14
6	198	0	823756128	5	2	2	0	2	0	0	1285	6	99	14	-99	14
6	198	0	823758132	5	1	1	1	2	1	0	1287	7	99	14	-99	14
6	198	0	823760092	5	0	3	0	3	0	0	1290	7	99	14	-99	14
6	198	0	823762144	4	1	2	1	2	1	0	1282	8	99	14	-99	14
6	198	0	823764096	3	0	3	0	2	0	0	1284	8	99	14	-99	14
6	198	0	823766120	4	0	1	1	1	0	0	1285	8	99	14	-99	14
6	198	0	823768124	3	1	1	0	2	0	0	1287	8	99	14	-99	14
6	198	0	823770092	2	0	2	0	1	0	0	1288	8	99	14	-99	14
6	198	0	823772088	3	0	1	0	1	0	0	1289	8	99	14	-99	14
6	198	0	823774084	1	0	1	0	1	0	0	1290	8	99	14	-99	14
6	198	0	823776080	1	0	1	0	1	0	0	1291	8	99	14	-99	14
6	198	0	823778128	1	2	2	2	1	2	0	1292	10	99	14	-99	14
6	198	0	823780068	2	0	0	0	0	0	0	1292	10	99	14	-99	14
6	198	0	823782076	1	0	0	0	1	0	0	1281	10	99	14	-99	14
6	198	0	823784060	0	0	1	0	0	0	0	1281	10	99	14	-99	14
6	198	0	823788060	1	0	0	0	0	0	0	1281	10	99	14	-99	14
6	198	0	823792032	0	0	0	0	0	0	1	1281	10	99	14	-99	14
7	-190	-56	823826100	0	1	0	0	0	0	1	99	14	-91	-42	99	14
7	-190	-56	823832104	-2	0	0	0	0	0	1	99	14	-91	-42	99	14
7	-190	-56	823834104	-1	0	0	0	0	0	1	99	14	-91	-42	99	14
7	-190	-56	823836104	0	1	0	0	0	0	1	99	14	-91	-42	99	14
7	-190	-56	823838144	-1	0	0	1	0	1	1	99	15	-91	-42	99	14
7	-190	-56	823840104	-1	0	0	0	0	0	1	99	15	-91	-42	99	14
7	-190	-56	823842116	-2	0	0	0	-1	0	1	98	15	-91	-42	99	14
7	-190	-56	823844100	-1	0	0	0	0	0	1	98	15	-91	-42	99	14
7	-190	-56	823846148	-1	1	0	0	-1	0	1	97	15	-91	-42	99	14
7	-190	-56	823848128	-1	0	0	1	0	0	1	97	15	-91	-42	99	14
7	-190	-56	823850112	-3	0	-2	0	-2	0	1	95	15	-91	-42	99	14
7	-190	-56	823852104	-1	0	0	0	0	0	1	95	15	-91	-42	99	14
7	-190	-56	823854160	-3	2	-1	1	-1	1	1	94	16	-91	-42	99	14
7	-190	-56	823856116	-2	0	-1	0	-1	0	1	93	16	-91	-42	99	14
7	-190	-56	823858148	-3	0	-1	2	-2	1	1	91	17	-91	-42	99	14
7	-190	-56	823860108	-3	0	-2	0	-1	0	1	90	17	-91	-42	99	14
7	-190	-56	823862156	-4	1	-1	1	-2	1	0	88	18	-91	-42	99	14
7	-190	-56	823864112	-4	0	-1	0	-2	0	0	86	18	-91	-42	99	14
7	-190	-56	823866148	-4	0	-1	1	-1	0	0	85	18	-91	-42	99	14
7	-190	-56	823868148	-5	1	-2	0	-3	0	0	82	18	-91	-42	99	14
7	-190	-56	823870164	-5	0	-2	1	-2	1	0	80	19	-91	-42	99	14
7	-190	-56	823872120	-5	0	-3	0	-3	0	0	77	19	-91	-42	99	14
7	-190	-56	823874120	-6	0	-2	0	-2	0	0	75	19	-91	-42	99	14
7	-190	-56	823876124	-7	0	-4	0	-4	0	0	71	19	-91	-42	99	14
7	-190	-56	823878124	-7	0	-4	0	-4	0	0	67	19	-91	-42	99	14
7	-190	-56	823880128	-10	0	-3	0	-4	0	0	63	19	-91	-42	99	14
7	-190	-56	823882164	-8	-3	-7	-1	-5	-1	0	58	18	-91	-42	99	14
7	-190	-56	823884172	-10	-3	-6	-4	-5	-2	0	53	16	-91	-42	99	14
7	-190	-56	823886172	-13	-4	-9	-4	-8	-3	0	45	13	-91	-42	99	14
7	-190	-56	823888180	-11	-5	-10	-4	-7	-3	0	38	10	-91	-42	99	14
7	-190	-56	823890176	-14	-6	-12	-6	-8	-4	0	30	6	-91	-42	99	14
7	-190	-56	823892172	-16	-8	-13	-6	-10	-4	0	20	2	-91	-42	99	14
7	-190	-56	823894168	-16	-7	-16	-9	-11	-6	0	9	-4	-91	-42	99	14
7	-190	-56	823896172	-19	-10	-17	-7	-12	-5	0	-3	-9	-91	-42	99	14
7	-190	-56	823898168	-20	-12	-23	-12	-14	-8	0	-17	-17	-91	-42	99	14
7	-190	-56	823900156	-25	-12	-21	-11	-15	-8	0	-32	-25	-91	-42	99	14
7	-190	-56	823902156	-25	-14	-28	-14	-18	-9	0	-50	-34	-91	-42	99	14
7	-190	-56	823904160	-26	-15	-31	-15	-19	-10	0	-69	-44	-91	-42	99	14
7	-190	-56	823906164	-33	-17	-30	-13	-21	-10	0	-90	-54	-91	-42	99	14
7	-190	-56	823908156	-32	-18	-37	-19	-23	-13	0	-113	-67	-91	-42	99	14
7	-190	-56	823910160	-34	-20	-38	-18	-24	-12	0	-137	-79	-91	-42	99	14
7	-190	-56	823912152	-43	-22	-45	-21	-29	-15	0	-166	-94	-91	-42	99	14
7	-190	-56	823914160	-40	-22	-42	-20	-28	-14	0	-194	-108	-91	-42	99	14
7	-190	-56	823916156	-43	-23	-54	-24	-32	-15	0	-226	-123	-91	-42	99	14
7	-190	-56	823918164	-53	-27	-49	-22	-34	-17	0	-260	-140	-91	-42	99	14
7	-190	-56	823920168	-49	-25	-61	-28	-37	-17	0	-297	-157	-91	-42	99	14
7	-190	-56	823922168	-52	-26	-56	-23	-36	-17	0	-333	-174	-91	-42	99	14
7	-190	-56	823924172	-63	-30	-69	-29	-44	-19	0	-377	-193	-91	-42	99	14
7	-190	-56	823926172	-57	-26	-71	-29	-42	-19	0	-419	-212	-91	-42	99	14
7	-190	-56	823928176	-60	-28	-65	-26	-42	-18	0	-461	-230	-91	-42	99	14
7	-190	-56	823930168	-70	-30	-78	-29	-49	-19	0	-510	-249	-91	-42	99	14
7	-190	-56	823932172	-64	-27	-70	-26	-45	-18	0	-555	-267	-91	-42	99	14
7	-190	-56	823934176	-65	-26	-82	-30	-49	-19	0	-604	-286	-91	-42	99	14
7	-190	-56	823936180	-74	-30	-74	-25	-49	-18	0	-653	-304	-91	-42	99	14
7	-190	-56	823938184	-67	-25	-85	-29	-51	-18	0	-704	-322	-91	-42	99	14
7	-190	-56	823940176	-68	-25	-75	-24	-48	-16	0	-752	-338	-91	-42	99	14
7	-190	-56	823942176	-76	-27	-88	-27	-54	-18	0	-806	-356	-91	-42	99	14
7	-190	-56	823944176	-66	-22	-76	-23	-48	-15	0	-854	-371	-91	-42	99	14
7	-190	-56	823946176	-66	-20	-86	-25	-50	-15	0	-904	-386	-91	-42	99	14
7	-190	-56	823948180	-73	-23	-75	-20	-50	-15	0	-954	-401	-91	-42	99	14
7	-190	-56	823950172	-62	-18	-84	-21	-48	-13	0	-1002	-414	-91	-42	99	14
7	-190	-56	823952176	-60	-17	-81	-20	-47	-12	0	-1049	-426	-91	-42	99	14
7	-190	-56	823954180	-67	-18	-70	-17	-46	-12	0	-1095	-438	-91	-42	99	14
7	-190	-56	823956184	-56	-15	-78	-18	-45	-11	0	-1140	-449	-91	-42	99	14
7	-190	-56	823958176	-55	-15	-63	-14	-39	-9	0	-1179	-458	-91	-42	99	14
7	-190	-56	823960172	-59	-15	-73	-16	-44	-11	0	-1223	-469	-91	-42	99	14
7	-190	-56	823962180	-50	-14	-60	-12	-37	-8	0	-1260	-477	-91	-42	99	14
7	-190	-56	823964176	-48	-13	-65	-14	-37	-9	0	-1297	-486	-91	-42	99	14
7	-190	-56	823966172	-53	-13	-55	-13	-36	-9	0	-1333	-495	-91	-42	99	14
7	-190	-56	823968172	-44	-12	-60	-13	-35	-8	0	-1368	-503	-91	-42	99	14
7	-190	-56	823970180	-42	-11	-50	-12	-31	-8	0	-1399	-511	-91	-42	99	14
7	-190	-56	823972176	-46	-14	-54	-12	-33	-9	0	-1432	-520	-91	-42	99	14
7	-190	-56	823974176	-40	-11	-45	-10	-28	-7	0	-1460	-527	-91	-42	99	14
7	-190	-56	823976176	-39	-11	-48	-13	-29	-8	0	-1489	-535	-91	-42	99	14
7	-190	-56	823978176	-43	-13	-47	-12	-30	-8	0	-1519	-543	-91	-42	99	14
7	-190	-56	823980176	-36	-11	-38	-10	-25	-7	0	-1544	-550	-91	-42	99	14
7	-190	-56	823982176	-35	-10	-40	-13	-25	-8	0	-1569	-558	-91	-42	99	14
7	-190	-56	823984176	-32	-11	-34	-10	-22	-7	0	-1302	-565	-91	-42	99	14
7	-190	-56	823986168	-37	-11	-36	-12	-24	-7	0	-1326	-572	-91	-42	99	14
7	-190	-56	823988164	-31	-12	-30	-10	-21	-8	0	-1347	-580	-91	-42	99	14
7	-190	-56	823990168	-29	-8	-32	-11	-20	-6	0	-1367	-586	-91	-42	99	14
7	-190	-56	823992164	-30	-12	-26	-10	-19	-7	0	-1386	-593	-91	-42	99	14
7	-190	-56	823994164	-26	-8	-27	-10	-17	-6	0	-1403	-599	-91	-42	99	14
7	-190	-56	823996160	-24	-9	-23	-9	-16	-6	0	-1296	-605	-91	-42	99	14
7	-190	-56	823998160	-25	-9	-22	-10	-16	-7	0	-1312	-612	-91	-42	99	14
7	-190	-56	824000156	-20	-7	-19	-8	-13	-5	0	-1325	-617	-91	-42	99	14
7	-190	-56	824002156	-18	-8	-19	-8	-12	-5	0	-1337	-622	-91	-42	99	14
7	-190	-56	824004156	-18	-6	-15	-8	-11	-5	0	-1348	-627	-91	-42	99	14
7	-190	-56	824006156	-15	-6	-15	-7	-10	-4	0	-1358	-631	-91	-42	99	14
7	-190	-56	824008152	-14	-5	-14	-8	-9	-4	0	-1367	-635	-91	-42	99	14
7	-190	-56	824010156	-13	-7	-10	-5	-8	-4	0	-1375	-639	-91	-42	99	14
7	-190	-56	824012164	-12	-3	-10	-6	-7	-3	0	-1287	-642	-91	-42	99	14
7	-190	-56	824014156	-10	-5	-7	-5	-6	-4	0	-1293	-646	-91	-42	99	14
7	-190	-56	824016160	-10	-4	-8	-4	-6	-2	0	-1299	-648	-91	-42	99	14
7	-190	-56	824018160	-8	-4	-6	-4	-5	-3	0	-1304	-651	-91	-42	99	14
7	-190	-56	824020160	-8	-4	-5	-5	-4	-3	0	-1308	-654	-91	-42	99	14
7	-190	-56	824022156	-9	-2	-4	-2	-4	-1	0	-1312	-655	-91	-42	99	14
7	-190	-56	824024152	-7	-3	-3	-4	-4	-3	0	-1316	-658	-91	-42	99	14
7	-190	-56	824026152	-6	-3	-4	-2	-3	-1	0	-1319	-659	-91	-42	99	14
7	-190	-56	824028140	-5	-2	-3	-3	-3	-2	0	-1322	-661	-91	-42	99	14
7	-190	-56	824030140	-7	-2	-2	-2	-3	-1	0	-1283	-662	-91	-42	99	14
7	-190	-56	824032140	-5	-3	-3	-3	-2	-2	0	-1285	-664	-91	-42	99	14
7	-190	-56	824034140	-5	-1	-1	-2	-2	-1	0	-1287	-665	-91	-42	99	14
7	-190	-56	824036136	-3	-2	-1	-2	-2	-2	0	-1289	-667	-91	-42	99	14
7	-190	-56	824038132	-4	-2	-3	-2	-2	-1	0	-1291	-668	-91	-42	99	14
7	-190	-56	824040132	-4	-1	-1	-1	-2	-1	0	-1293	-669	-91	-42	99	14
7	-190	-56	824042132	-4	-1	-1	-2	-1	-1	0	-1294	-670	-91	-42	99	14
7	-190	-56	824044120	-2	0	-1	-1	-1	0	0	-1295	-670	-91	-42	99	14
7	-190	-56	824046124	-3	-1	-2	-1	-2	-1	0	-1297	-671	-91	-42	99	14
7	-190	-56	824048132	-3	-2	0	-1	-1	-1	0	-1281	-672	-91	-42	99	14
7	-190	-56	824050112	-3	0	-1	-2	-1	0	0	-1282	-672	-91	-42	99	14
7	-190	-56	824052132	-4	-1	-1	-1	-2	-1	0	-1284	-673	-91	-42	99	14
7	-190	-56	824054128	-3	-1	-1	-1	-1	-1	0	-1285	-674	-91	-42	99	14
7	-190	-56	824056116	-3	-1	0	-1	-1	0	0	-1286	-674	-91	-42	99	14
7	-190	-56	824058128	-4	0	-2	-2	-2	-1	0	-1288	-675	-91	-42	99	14
7	-190	-56	824060132	-3	-2	-1	-1	-2	-1	0	-1290	-676	-91	-42	99	14
7	-190	-56	824062132	-5	-1	-1	-1	-2	-1	0	-1292	-677	-91	-42	99	14
7	-190	-56	824064132	-4	-1	-1	-3	-1	-1	0	-1293	-678	-91	-42	99	14
7	-190	-56	824066128	-5	-1	-2	-1	-3	-1	0	-1283	-679	-91	-42	99	14
7	-190	-56	824068128	-5	-3	-1	-1	-2	-1	0	-1285	-680	-91	-42	99	14
7	-190	-56	824070120	-4	-1	-1	-1	-1	-1	0	-1286	-681	-91	-42	99	14
7	-190	-56	824072120	-6	-1	-1	-2	-3	-1	0	-1289	-682	-91	-42	99	14
7	-190	-56	824074116	-5	-3	-2	-2	-2	-1	0	-1291	-683	-91	-42	99	14
7	-190	-56	824076116	-5	-1	-2	-1	-2	-1	0	-1293	-684	-91	-42	99	14
7	-190	-56	824078116	-5	-1	-1	-2	-2	-1	0	-1295	-685	-91	-42	99	14
7	-190	-56	824080116	-6	-3	-3	-2	-3	-2	0	-1283	-687	-91	-42	99	14
7	-190	-56	824082100	-7	-1	-1	-1	-3	0	0	-1286	-687	-91	-42	99	14
7	-190	-56	824084112	-5	-3	-1	-2	-2	-2	0	-1288	-689	-91	-42	99	14
7	-190	-56	824086112	-6	-1	-3	-2	-3	-1	0	-1291	-690	-91	-42	99	14
7	-190	-56	824088112	-6	-2	-1	-1	-2	-1	0	-1293	-691	-91	-42	99	14
7	-190	-56	824090112	-5	-2	-1	-3	-2	-2	0	-1295	-693	-91	-42	99	14
7	-190	-56	824092108	-8	-2	-2	-1	-4	-1	0	-1299	-694	-91	-42	99	14
7	-190	-56	824094108	-6	-3	-2	-3	-2	-2	0	-1301	-696	-91	-42	99	14
7	-190	-56	824096096	-6	-1	-1	-1	-3	0	0	-1304	-696	-91	-42	99	14
7	-190	-56	824098108	-6	-2	-3	-2	-3	-2	0	-1283	-698	-91	-42	99	14
7	-190	-56	824100104	-7	-2	-1	-2	-2	-1	0	-1285	-699	-91	-42	99	14
7	-190	-56	824102104	-6	-2	-3	-2	-3	-1	0	-1288	-700	-91	-42	99	14
7	-190	-56	824104104	-5	-1	-2	-1	-3	-1	0	-1291	-701	-91	-42	99	14
7	-190	-56	824106100	-6	-2	-1	-3	-2	-2	0	-1293	-703	-91	-42	99	14
7	-190	-56	824108084	-5	-1	-2	-1	-2	0	0	-1295	-703	-91	-42	99	14
7	-190	-56	824110100	-5	-1	-2	-1	-3	-1	0	-1298	-704	-91	-42	99	14
7	-190	-56	824112096	-4	-1	-1	-2	-1	-1	0	-1299	-705	-91	-42	99	14
7	-190	-56	824114096	-4	-2	-2	-1	-2	-1	0	-1301	-706	-91	-42	99	14
7	-190	-56	824116096	-3	-1	-1	-1	-2	-1	0	-1303	-707	-91	-42	99	14
7	-190	-56	824118076	-3	0	-1	-1	-1	0	0	-1304	-707	-91	-42	99	14
7	-190	-56	824120056	-2	0	0	0	-1	0	0	-1281	-707	-91	-42	99	14
7	-190	-56	824122092	-3	0	-1	-2	-1	-1	0	-1282	-708	-91	-42	99	14
7	-190	-56	824124052	-1	0	-2	0	-1	0	0	-1283	-708	-91	-42	99	14
7	-190	-56	824126084	-3	0	-1	-1	-1	0	0	-1284	-708	-91	-42	99	14
7	-190	-56	824130056	-1	0	-1	0	-1	0	1	-1281	-708	-91	-42	99	14
8	-190	-56	824132048	-1	0	0	0	0	0	1	-91	-42	-91	-42	99	14
8	-190	-56	824134064	-1	0	0	0	-1	0	1	-92	-42	-91	-42	99	14
8	-190	-56	824138056	-2	0	0	0	0	0	1	-92	-42	-91	-42	99	14
8	-190	-56	824144064	-1	0	0	0	-1	0	1	-93	-42	-91	-42	99	14
8	167	107	824152040	-1	0	0	0	0	0	1	-93	-42	76	65	-91	-42
8	167	107	824156036	0	0	0	1	0	0	1	-93	-42	76	65	-91	-42
8	167	107	824196072	2	0	0	0	0	0	1	-93	-42	76	65	-91	-42
8	167	107	824200084	1	0	0	0	0	0	1	-93	-42	76	65	-91	-42
8	167	107	824204092	1	0	0	0	0	0	1	-93	-42	76	65	-91	-42
8	167	107	824206100	1	0	0	0	1	0	1	-92	-42	76	65	-91	-42
8	167	107	824208112	2	0	0	1	0	0	0	-92	-42	76	65	-91	-42
8	167	107	824210096	2	0	1	0	1	0	0	-91	-42	76	65	-91	-42
8	167	107	824212120	4	0	2	1	2	0	0	-89	-42	76	65	-91	-42
8	167	107	824214136	4	2	1	0	2	1	0	-87	-41	76	65	-91	-42
8	167	107	824216128	3	0	1	1	1	0	0	-86	-41	76	65	-91	-42
8	167	107	824218140	4	1	1	2	2	1	0	-84	-40	76	65	-91	-42
8	167	107	824220148	6	1	3	1	3	1	0	-81	-39	76	65	-91	-42
8	167	107	824222132	5	1	1	1	2	0	0	-79	-39	76	65	-91	-42
8	167	107	824224148	7	3	3	3	3	2	0	-76	-37	76	65	-91	-42
8	167	107	824226152	7	1	2	2	3	1	0	-73	-36	76	65	-91	-42
8	167	107	824228144	8	3	3	3	4	2	0	-69	-34	76	65	-91	-42
8	167	107	824230144	7	3	3	2	3	2	0	-66	-32	76	65	-91	-42
8	167	107	824232144	10	4	4	3	5	2	0	-61	-30	76	65	-91	-42
8	167	107	824234144	9	4	4	3	4	3	0	-57	-27	76	65	-91	-42
8	167	107	824236148	9	4	4	5	5	3	0	-52	-24	76	65	-91	-42
8	167	107	824238140	11	6	5	4	5	3	0	-47	-21	76	65	-91	-42
8	167	107	824240136	10	5	6	6	5	4	0	-42	-17	76	65	-91	-42
8	167	107	824242124	11	6	6	7	6	4	0	-36	-13	76	65	-91	-42
8	167	107	824244132	11	6	6	5	6	4	0	-30	-9	76	65	-91	-42
8	167	107	824246128	14	9	9	8	7	5	0	-23	-4	76	65	-91	-42
8	167	107	824248124	14	8	8	8	8	6	0	-15	2	76	65	-91	-42
8	167	107	824250116	14	8	11	9	8	5	0	-7	7	76	65	-91	-42
8	167	107	824252120	17	12	10	8	9	7	0	2	14	76	65	-91	-42
8	167	107	824254124	16	10	12	13	9	8	0	11	22	76	65	-91	-42
8	167	107	824256124	19	12	13	10	11	7	0	22	29	76	65	-91	-42
8	167	107	824258128	21	14	16	14	12	9	0	34	38	76	65	-91	-42
8	167	107	824260132	22	14	15	13	13	9	0	47	47	76	65	-91	-42
8	167	107	824262132	22	15	19	17	13	11	0	60	58	76	65	-91	-42
8	167	107	824264132	28	18	17	15	15	11	0	75	69	76	65	-91	-42
8	167	107	824266144	26	18	23	20	17	13	0	92	82	76	65	-91	-42
8	167	107	824268148	27	19	24	20	17	13	0	109	95	76	65	-91	-42
8	167	107	824270136	33	22	22	18	18	13	0	127	108	76	65	-91	-42
8	167	107	824272136	32	21	28	24	20	15	0	147	123	76	65	-91	-42
8	167	107	824274136	34	23	26	21	20	15	0	167	138	76	65	-91	-42
8	167	107	824276136	40	27	31	28	24	18	0	191	156	76	65	-91	-42
8	167	107	824278136	39	27	29	24	22	17	0	213	173	76	65	-91	-42
8	167	107	824280136	41	28	35	31	26	20	0	239	193	76	65	-91	-42
8	167	107	824282136	50	34	34	27	28	20	0	267	213	76	65	-91	-42
8	167	107	824284128	48	31	40	34	29	22	0	296	235	76	65	-91	-42
8	167	107	824286128	50	34	36	31	29	21	0	325	256	76	65	-91	-42
8	167	107	824288128	58	40	44	38	34	26	0	359	282	76	65	-91	-42
8	167	107	824290128	55	36	40	34	31	24	0	390	306	76	65	-91	-42
8	167	107	824292128	58	38	48	40	36	26	0	426	332	76	65	-91	-42
8	167	107	824294128	67	44	50	41	39	28	0	465	360	76	65	-91	-42
8	167	107	824296132	63	41	45	36	36	26	0	501	386	76	65	-91	-42
8	167	107	824298136	64	40	54	44	39	28	0	540	414	76	65	-91	-42
8	167	107	824300132	72	46	49	39	40	28	0	580	442	76	65	-91	-42
8	167	107	824302132	66	41	56	45	41	29	0	621	471	76	65	-91	-42
8	167	107	824304132	68	43	51	40	40	27	0	661	498	76	65	-91	-42
8	167	107	824306136	75	46	60	45	45	31	0	706	529	76	65	-91	-42
8	167	107	824308136	67	41	53	38	40	26	0	746	555	76	65	-91	-42
8	167	107	824310148	68	40	61	45	43	28	0	789	583	76	65	-91	-42
8	167	107	824312144	75	44	55	38	43	28	0	832	611	76	65	-91	-42
8	167	107	824314144	66	38	61	42	42	26	0	874	637	76	65	-91	-42
8	167	107	824316144	64	36	63	42	43	26	0	917	663	76	65	-91	-42
8	167	107	824318144	64	35	55	35	39	24	0	956	687	76	65	-91	-42
8	167	107	824320144	68	37	62	37	44	24	0	1000	711	76	65	-91	-42
8	167	107	824322144	60	33	54	33	38	22	0	1038	733	76	65	-91	-42
8	167	107	824324140	58	31	61	36	39	23	0	1077	756	76	65	-91	-42
8	167	107	824326132	64	33	53	29	39	20	0	1116	776	76	65	-91	-42
8	167	107	824328128	53	27	60	32	38	20	0	1154	796	76	65	-91	-42
8	167	107	824330128	53	26	51	28	35	18	0	1189	814	76	65	-91	-42
8	167	107	824332128	57	29	56	28	37	19	0	1226	739	76	65	-91	-42
8	167	107	824334128	48	24	48	24	32	16	0	1258	755	76	65	-91	-42
8	167	107	824336120	46	21	52	25	33	15	0	1291	770	76	65	-91	-42
8	167	107	824338120	50	24	45	21	32	15	0	1323	785	76	65	-91	-42
8	167	107	824340120	41	20	49	24	30	15	0	1353	800	76	65	-91	-42
8	167	107	824342116	40	19	40	19	26	13	0	1379	813	76	65	-91	-42
8	167	107	824344112	42	20	44	20	29	13	0	1408	826	76	65	-91	-42
8	167	107	824346112	35	16	41	19	25	12	0	1305	732	76	65	-91	-42
8	167	107	824348108	31	16	34	16	22	10	0	1327	742	76	65	-91	-42
8	167	107	824350112	34	16	36	16	23	11	0	1350	753	76	65	-91	-42
8	167	107	824352124	27	13	29	14	19	9	0	1369	762	76	65	-91	-42
8	167	107	824354120	26	12	30	15	19	9	0	1388	771	76	65	-91	-42
8	167	107	824356124	27	13	25	11	17	8	0	1405	779	76	65	-91	-42
8	167	107	824358116	21	11	25	13	15	8	0	1420	787	76	65	-91	-42
8	167	107	824360120	19	9	21	10	14	6	0	1434	793	76	65	-91	-42
8	167	107	824362120	20	10	21	10	13	7	0	1447	800	76	65	-91	-42
8	167	107	824364124	16	9	17	8	11	6	0	1291	726	76	65	-91	-42
8	167	107	824366112	15	7	17	10	11	5	0	1302	731	76	65	-91	-42
8	167	107	824368108	14	8	13	8	9	6	0	1311	737	76	65	-91	-42
8	167	107	824370108	13	7	15	7	9	4	0	1320	741	76	65	-91	-42
8	167	107	824372108	12	6	12	7	8	5	0	1328	746	76	65	-91	-42
8	167	107	824374108	11	5	10	6	7	3	0	1335	749	76	65	-91	-42
8	167	107	824376112	11	7	10	6	7	5	0	1342	754	76	65	-91	-42
8	167	107	824378112	9	5	9	5	6	3	0	1348	757	76	65	-91	-42
8	167	107	824380116	9	5	9	6	6	4	0	1286	724	76	65	-91	-42
8	167	107	824382120	10	6	7	5	6	3	0	1292	727	76	65	-91	-42
8	167	107	824384116	8	4	8	5	5	3	0	1297	730	76	65	-91	-42
8	167	107	824386116	9	5	6	5	5	4	0	1302	734	76	65	-91	-42
8	167	107	824388120	9	5	7	5	6	3	0	1308	737	76	65	-91	-42
8	167	107	824390120	7	5	7	4	4	3	0	1312	740	76	65	-91	-42
8	167	107	824392124	8	5	6	5	5	3	0	1317	743	76	65	-91	-42
8	167	107	824394124	10	5	6	5	5	4	0	1322	747	76	65	-91	-42
8	167	107	824396124	7	5	6	4	5	3	0	1327	750	76	65	-91	-42
8	167	107	824398128	8	3	7	5	5	2	0	1285	722	76	65	-91	-42
8	167	107	824400132	9	5	5	4	4	3	0	1289	725	76	65	-91	-42
8	167	107	824402132	8	5	6	5	5	4	0	1294	729	76	65	-91	-42
8	167	107	824404132	8	4	5	3	4	2	0	1298	731	76	65	-91	-42
8	167	107	824406132	9	5	5	5	5	3	0	1303	734	76	65	-91	-42
8	167	107	824408136	8	5	6	4	5	3	0	1308	737	76	65	-91	-42
8	167	107	824410140	8	4	5	5	4	3	0	1312	740	76	65	-91	-42
8	167	107	824412136	9	5	5	4	5	3	0	1317	743	76	65	-91	-42
8	167	107	824414140	8	4	6	4	4	3	0	1321	746	76	65	-91	-42
8	167	107	824416144	8	3	5	3	5	2	0	1326	748	76	65	-91	-42
8	167	107	824418152	10	4	5	4	5	3	0	1331	751	76	65	-91	-42
8	167	107	824420148	7	4	5	4	4	2	0	1284	722	76	65	-91	-42
8	167	107	824422152	8	4	4	4	4	3	0	1288	725	76	65	-91	-42
8	167	107	824424148	7	2	5	2	4	1	0	1292	726	76	65	-91	-42
8	167	107	824426152	8	4	4	4	4	3	0	1296	729	76	65	-91	-42
8	167	107	824428156	6	2	5	2	3	1	0	1299	730	76	65	-91	-42
8	167	107	824430160	8	3	4	3	4	2	0	1284	722	76	65	-91	-42
8	167	107	824432164	5	2	3	2	3	2	0	1287	724	76	65	-91	-42
8	167	107	824434168	5	2	3	3	3	1	0	1290	725	76	65	-91	-42
8	167	107	824436176	5	2	4	2	3	2	0	1293	727	76	65	-91	-42
8	167	107	824438180	5	1	2	2	2	1	0	1295	728	76	65	-91	-42
8	167	107	824440188	3	2	3	1	2	1	0	1297	729	76	65	-91	-42
8	167	107	824442184	4	1	2	2	2	1	0	1299	730	76	65	-91	-42
8	167	107	824444180	3	1	3	2	2	1	0	1301	731	76	65	-91	-42
8	167	107	824446160	2	1	1	0	1	0	0	1281	720	76	65	-91	-42
8	167	107	824448176	3	2	2	1	2	1	0	1283	721	76	65	-91	-42
8	167	107	824450168	1	0	2	1	1	0	0	1284	721	76	65	-91	-42
8	167	107	824452172	1	1	1	0	0	1	0	1284	722	76	65	-91	-42
8	167	107	824454176	1	0	0	1	1	0	0	1285	722	76	65	-91	-42
8	167	107	824456164	2	1	1	0	1	0	0	1286	722	76	65	-91	-42
8	167	107	824458160	1	0	1	2	0	1	0	1286	723	76	65	-91	-42
8	167	107	824464176	1	0	2	1	1	0	1	1281	720	76	65	-91	-42
9	167	107	824466148	0	1	0	0	0	1	1	76	66	76	65	-91	-42
9	167	107	824476152	0	0	1	0	1	0	1	77	66	76	65	-91	-42
9	-130	-149	824482140	0	0	0	1	0	0	1	77	66	-54	-84	76	65
9	-130	-149	824522044	0	0	0	0	0	0	0	77	66	-54	-84	76	65
9	-130	-149	824536052	-2	0	0	0	0	0	0	77	66	-54	-84	76	65
9	-130	-149	824538068	-1	0	-2	0	-1	0	0	76	66	-54	-84	76	65
9	-130	-149	824540048	-1	0	0	0	0	0	0	76	66	-54	-84	76	65
9	-130	-149	824542104	-1	2	-1	0	-1	1	0	75	67	-54	-84	76	65
9	-130	-149	824544064	-2	0	0	0	-1	0	0	74	67	-54	-84	76	65
9	-130	-149	824546064	-2	0	-1	0	-1	0	0	73	67	-54	-84	76	65
9	-130	-149	824548056	-4	0	-1	0	-1	0	0	72	67	-54	-84	76	65
9	-130	-149	824550092	-4	-1	-2	0	-2	0	0	70	67	-54	-84	76	65
9	-130	-149	824552096	-5	-2	-1	-2	-2	-1	0	68	66	-54	-84	76	65
9	-130	-149	824554092	-6	-3	-2	-2	-3	-2	0	65	64	-54	-84	76	65
9	-130	-149	824556088	-6	-3	-2	-4	-3	-2	0	62	62	-54	-84	76	65
9	-130	-149	824558088	-9	-5	-2	-5	-3	-3	0	59	59	-54	-84	76	65
9	-130	-149	824560084	-9	-7	-4	-6	-5	-5	0	54	54	-54	-84	76	65
9	-130	-149	824562092	-11	-8	-4	-8	-5	-5	0	49	49	-54	-84	76	65
9	-130	-149	824564092	-12	-10	-2	-8	-4	-6	0	45	43	-54	-84	76	65
9	-130	-149	824566088	-14	-12	-5	-12	-7	-8	0	38	35	-54	-84	76	65
9	-130	-149	824568092	-16	-13	-5	-12	-7	-8	0	31	27	-54	-84	76	65
9	-130	-149	824570088	-18	-15	-5	-15	-7	-10	0	24	17	-54	-84	76	65
9	-130	-149	824572096	-17	-18	-5	-15	-8	-11	0	16	6	-54	-84	76	65
9	-130	-149	824574096	-24	-21	-8	-20	-10	-14	0	6	-8	-54	-84	76	65
9	-130	-149	824576096	-21	-21	-6	-19	-9	-13	0	-3	-21	-54	-84	76	65
9	-130	-149	824578096	-24	-23	-9	-24	-11	-16	0	-14	-37	-54	-84	76	65
9	-130	-149	824580084	-29	-29	-8	-27	-13	-19	0	-27	-56	-54	-84	76	65
9	-130	-149	824582084	-27	-27	-9	-25	-12	-17	0	-39	-73	-54	-84	76	65
9	-130	-149	824584088	-29	-29	-10	-31	-13	-20	0	-52	-93	-54	-84	76	65
9	-130	-149	824586092	-35	-35	-10	-29	-15	-21	0	-67	-114	-54	-84	76	65
9	-130	-149	824588084	-33	-32	-13	-35	-15	-23	0	-82	-137	-54	-84	76	65
9	-130	-149	824590084	-33	-35	-11	-33	-15	-22	0	-97	-159	-54	-84	76	65
9	-130	-149	824592088	-42	-40	-14	-38	-18	-26	0	-115	-185	-54	-84	76	65
9	-130	-149	824594096	-37	-38	-12	-37	-17	-25	0	-132	-210	-54	-84	76	65
9	-130	-149	824596100	-39	-39	-15	-41	-18	-27	0	-150	-237	-54	-84	76	65
9	-130	-149	824598096	-46	-45	-14	-37	-20	-27	0	-170	-264	-54	-84	76	65
9	-130	-149	824600100	-41	-41	-16	-45	-19	-29	0	-189	-293	-54	-84	76	65
9	-130	-149	824602096	-44	-42	-19	-47	-21	-30	0	-210	-323	-54	-84	76	65
9	-130	-149	824604100	-50	-49	-15	-41	-21	-30	0	-231	-353	-54	-84	76	65
9	-130	-149	824606104	-45	-44	-20	-49	-22	-31	0	-253	-384	-54	-84	76	65
9	-130	-149	824608108	-46	-45	-17	-42	-21	-29	0	-274	-413	-54	-84	76	65
9	-130	-149	824610112	-53	-51	-22	-50	-25	-33	0	-299	-446	-54	-84	76	65
9	-130	-149	824612112	-46	-45	-18	-45	-21	-30	0	-320	-476	-54	-84	76	65
9	-130	-149	824614116	-46	-45	-23	-50	-23	-32	0	-343	-508	-54	-84	76	65
9	-130	-149	824616120	-52	-51	-20	-45	-24	-32	0	-367	-540	-54	-84	76	65
9	-130	-149	824618124	-46	-47	-24	-51	-24	-33	0	-391	-573	-54	-84	76	65
9	-130	-149	824620128	-46	-45	-21	-44	-22	-29	0	-413	-602	-54	-84	76	65
9	-130	-149	824622128	-51	-50	-25	-51	-25	-34	0	-438	-636	-54	-84	76	65
9	-130	-149	824624124	-45	-43	-26	-52	-24	-32	0	-462	-668	-54	-84	76	65
9	-130	-149	824626128	-45	-44	-24	-43	-23	-29	0	-485	-697	-54	-84	76	65
9	-130	-149	824628132	-50	-49	-27	-50	-26	-33	0	-511	-730	-54	-84	76	65
9	-130	-149	824630140	-44	-44	-25	-43	-23	-29	0	-534	-749	-54	-84	76	65
9	-130	-149	824632132	-44	-41	-30	-50	-24	-30	0	-558	-779	-54	-84	76	65
9	-130	-149	824634136	-49	-46	-27	-41	-26	-29	0	-584	-808	-54	-84	76	65
9	-130	-149	824636140	-43	-41	-31	-48	-24	-30	0	-608	-838	-54	-84	76	65
9	-130	-149	824638144	-44	-40	-27	-41	-24	-27	0	-632	-865	-54	-84	76	65
9	-130	-149	824640148	-49	-44	-32	-46	-27	-30	0	-659	-895	-54	-84	76	65
9	-130	-149	824642140	-44	-39	-28	-39	-24	-26	0	-683	-921	-54	-84	76	65
9	-130	-149	824644144	-43	-39	-33	-44	-25	-27	0	-708	-948	-54	-84	76	65
9	-130	-149	824646148	-49	-41	-32	-43	-27	-28	0	-735	-976	-54	-84	76	65
9	-130	-149	824648140	-43	-36	-30	-37	-25	-25	0	-760	-745	-54	-84	76	65
9	-130	-149	824650144	-42	-36	-33	-41	-25	-25	0	-785	-770	-54	-84	76	65
9	-130	-149	824652144	-48	-38	-29	-34	-25	-24	0	-810	-794	-54	-84	76	65
9	-130	-149	824654148	-41	-34	-33	-38	-25	-24	0	-835	-818	-54	-84	76	65
9	-130	-149	824656148	-41	-31	-29	-33	-23	-22	0	-858	-840	-54	-84	76	65
9	-130	-149	824658152	-45	-35	-33	-36	-26	-23	0	-884	-863	-54	-84	76	65
9	-130	-149	824660156	-39	-30	-27	-30	-22	-20	0	-906	-883	-54	-84	76	65
9	-130	-149	824662160	-39	-29	-33	-34	-24	-21	0	-930	-904	-54	-84	76	65
9	-130	-149	824664160	-42	-30	-26	-29	-23	-20	0	-953	-924	-54	-84	76	65
9	-130	-149	824666160	-38	-26	-30	-30	-23	-19	0	-976	-943	-54	-84	76	65
9	-130	-149	824668164	-36	-25	-29	-30	-21	-18	0	-997	-961	-54	-84	76	65
9	-130	-149	824670160	-39	-27	-25	-23	-22	-17	0	-1019	-737	-54	-84	76	65
9	-130	-149	824672168	-33	-23	-27	-27	-20	-16	0	-1039	-753	-54	-84	76	65
9	-130	-149	824674168	-34	-21	-24	-22	-19	-15	0	-1058	-768	-54	-84	76	65
9	-130	-149	824676172	-36	-23	-25	-24	-20	-15	0	-1078	-783	-54	-84	76	65
9	-130	-149	824678172	-32	-18	-22	-19	-18	-13	0	-1096	-796	-54	-84	76	65
9	-130	-149	824680180	-30	-19	-25	-21	-19	-13	0	-1115	-733	-54	-84	76	65
9	-130	-149	824682180	-33	-19	-20	-17	-17	-12	0	-1132	-745	-54	-84	76	65
9	-130	-149	824684184	-29	-16	-24	-19	-18	-12	0	-1150	-757	-54	-84	76	65
9	-130	-149	824686184	-28	-15	-21	-18	-16	-11	0	-1166	-768	-54	-84	76	65
9	-130	-149	824688188	-30	-16	-19	-15	-17	-10	0	-1183	-778	-54	-84	76	65
9	-130	-149	824690196	-25	-13	-20	-15	-15	-9	0	-1198	-787	-54	-84	76	65
9	-130	-149	824692192	-23	-11	-18	-11	-13	-8	0	-1211	-795	-54	-84	76	65
9	-130	-149	824694188	-25	-13	-18	-12	-15	-8	0	-1226	-803	-54	-84	76	65
9	-130	-149	824696196	-22	-10	-15	-10	-12	-7	0	-1238	-727	-54	-84	76	65
9	-130	-149	824698192	-20	-7	-17	-10	-12	-5	0	-1250	-732	-54	-84	76	65
9	-130	-149	824700196	-20	-9	-12	-8	-11	-6	0	-1261	-738	-54	-84	76	65
9	-130	-149	824702196	-16	-6	-14	-7	-10	-4	0	-1271	-742	-54	-84	76	65
9	-130	-149	824704200	-15	-5	-11	-7	-9	-4	0	-1280	-746	-54	-84	76	65
9	-130	-149	824706192	-12	-5	-11	-6	-7	-4	0	-1287	-750	-54	-84	76	65
9	-130	-149	824708196	-14	-4	-9	-4	-8	-3	0	-1295	-753	-54	-84	76	65
9	-130	-149	824710200	-10	-4	-9	-3	-6	-2	0	-1301	-755	-54	-84	76	65
9	-130	-149	824712200	-10	-1	-7	-4	-6	-2	0	-1307	-757	-54	-84	76	65
9	-130	-149	824714196	-9	-2	-7	-1	-5	-1	0	-1312	-758	-54	-84	76	65
9	-130	-149	824716192	-7	-2	-6	-3	-5	-1	0	-1317	-759	-54	-84	76	65
9	-130	-149	824718152	-7	0	-4	0	-3	0	0	-1283	-720	-54	-84	76	65
9	-130	-149	824720188	-6	-1	-3	-1	-3	-1	0	-1286	-721	-54	-84	76	65
9	-130	-149	824722144	-5	0	-4	0	-3	0	0	-1289	-721	-54	-84	76	65
9	-130	-149	824724148	-5	0	-3	0	-3	0	0	-1292	-721	-54	-84	76	65
9	-130	-149	824726152	-5	0	-2	0	-2	0	0	-1294	-721	-54	-84	76	65
9	-130	-149	824728156	-4	0	-1	0	-2	0	0	-1296	-721	-54	-84	76	65
9	-130	-149	824730152	-5	0	-3	0	-3	0	0	-1283	-720	-54	-84	76	65
9	-130	-149	824732156	-3	0	-1	0	-1	0	0	-1284	-720	-54	-84	76	65
9	-130	-149	824734160	-4	0	-1	0	-2	0	0	-1286	-720	-54	-84	76	65
9	-130	-149	824736168	-4	0	-2	0	-2	0	0	-1288	-720	-54	-84	76	65
9	-130	-149	824738200	-5	2	-2	2	-2	0	0	-1290	-720	-54	-84	76	65
9	-130	-149	824740216	-4	0	-1	1	-2	1	0	-1292	-719	-54	-84	76	65
9	-130	-149	824742204	-3	1	-2	0	-1	0	0	-1293	-719	-54	-84	76	65
9	-130	-149	824744204	-5	0	-1	1	-2	0	0	-1295	-719	-54	-84	76	65
9	-130	-149	824746216	-5	1	-1	1	-2	1	0	-1297	-718	-54	-84	76	65
9	-130	-149	824748176	-5	0	-3	0	-3	0	0	-1300	-718	-54	-84	76	65
9	-130	-149	824750220	-7	1	-1	2	-3	1	0	-1283	-717	-54	-84	76	65
9	-130	-149	824752216	-5	0	-1	1	-2	0	0	-1285	-717	-54	-84	76	65
9	-130	-149	824754228	-6	2	-3	0	-3	1	0	-1288	-716	-54	-84	76	65
9	-130	-149	824756232	-6	1	-2	1	-2	1	0	-1290	-715	-54	-84	76	65
9	-130	-149	824758216	-6	1	-3	1	-3	0	0	-1293	-715	-54	-84	76	65
9	-130	-149	824760228	-8	0	-2	2	-4	1	0	-1297	-714	-54	-84	76	65
9	-130	-149	824762220	-7	1	-3	0	-3	0	0	-1300	-714	-54	-84	76	65
9	-130	-149	824764232	-9	2	-2	1	-4	1	0	-1284	-713	-54	-84	76	65
9	-130	-149	824766236	-8	1	-3	1	-3	1	0	-1287	-712	-54	-84	76	65
9	-130	-149	824768224	-8	0	-2	1	-4	0	0	-1291	-712	-54	-84	76	65
9	-130	-149	824770244	-9	1	-3	0	-4	1	0	-1295	-711	-54	-84	76	65
9	-130	-149	824772240	-9	1	-3	2	-4	1	0	-1299	-710	-54	-84	76	65
9	-130	-149	824774232	-10	2	-3	1	-4	1	0	-1303	-709	-54	-84	76	65
9	-130	-149	824776216	-9	0	-2	1	-4	0	0	-1307	-709	-54	-84	76	65
9	-130	-149	824778216	-7	1	-3	0	-3	0	0	-1310	-709	-54	-84	76	65
9	-130	-149	824780228	-10	1	-4	1	-5	1	0	-1285	-708	-54	-84	76	65
9	-130	-149	824782236	-8	1	-2	2	-3	1	0	-1288	-707	-54	-84	76	65
9	-130	-149	824784224	-7	0	-3	1	-3	0	0	-1291	-707	-54	-84	76	65
9	-130	-149	824786236	-8	2	-2	0	-4	1	0	-1295	-706	-54	-84	76	65
9	-130	-149	824788240	-6	1	-3	1	-3	1	0	-1298	-705	-54	-84	76	65
9	-130	-149	824790188	-6	0	-2	0	-2	0	0	-1300	-705	-54	-84	76	65
9	-130	-149	824792228	-6	1	-1	1	-3	0	0	-1303	-705	-54	-84	76	65
9	-130	-149	824794236	-5	0	-3	2	-2	1	0	-1305	-704	-54	-84	76	65
9	-130	-149	824796224	-4	1	-1	0	-2	0	0	-1307	-704	-54	-84	76	65
9	-130	-149	824798240	-5	0	-1	1	-2	1	0	-1282	-703	-54	-84	76	65
9	-130	-149	824800212	-4	2	-3	0	-2	0	0	-1284	-703	-54	-84	76	65
9	-130	-149	824802224	-4	0	-1	1	-2	1	0	-1286	-702	-54	-84	76	65
9	-130	-149	824804216	-2	1	0	0	-1	0	0	-1287	-702	-54	-84	76	65
9	-130	-149	824806212	-4	0	-1	1	-1	0	0	-1288	-702	-54	-84	76	65
9	-130	-149	824808184	-1	0	-2	0	-1	0	1	-1289	-702	-54	-84	76	65
10	-130	-149	824810220	-3	1	-1	2	-2	1	1	-56	-83	-54	-84	76	65
10	-130	-149	824812168	-2	0	0	0	0	0	1	-56	-83	-54	-84	76	65
10	82	180	824814184	-1	0	-1	0	-1	0	1	-57	-83	28	96	-54	-84
10	82	180	824816220	-2	0	0	1	-1	1	1	-58	-82	28	96	-54	-84
10	82	180	824818160	-1	0	-1	0	0	0	1	-58	-82	28	96	-54	-84
10	82	180	824820204	-1	1	0	0	-1	0	1	-59	-82	28	96	-54	-84
10	82	180	824822156	-1	0	0	0	0	0	1	-59	-82	28	96	-54	-84
10	82	180	824824196	-2	0	-2	1	-1	0	1	-60	-82	28	96	-54	-84
10	82	180	824828164	-1	0	0	0	-1	0	1	-61	-82	28	96	-54	-84
10	82	180	824862132	0	2	0	0	0	1	1	-61	-81	28	96	-54	-84
10	82	180	824872128	0	0	0	1	0	0	1	-61	-81	28	96	-54	-84
10	82	180	824884080	0	0	0	0	0	0	0	-61	-81	28	96	-54	-84
10	82	180	824886104	1	0	0	0	0	0	0	-61	-81	28	96	-54	-84
10	82	180	824888100	1	0	0	0	0	0	0	-61	-81	28	96	-54	-84
10	82	180	824890140	1	1	0	0	0	1	0	-61	-80	28	96	-54	-84
10	82	180	824892132	3	0	1	2	2	0	0	-59	-80	28	96	-54	-84
10	82	180	824894144	3	1	1	1	1	1	0	-58	-79	28	96	-54	-84
10	82	180	824896148	4	3	1	1	2	1	0	-56	-78	28	96	-54	-84
10	82	180	824898156	5	1	1	3	2	2	0	-54	-76	28	96	-54	-84
10	82	180	824900152	8	4	3	2	3	2	0	-51	-74	28	96	-54	-84
10	82	180	824902144	7	2	2	3	3	1	0	-48	-73	28	96	-54	-84
10	82	180	824904148	8	5	4	3	4	3	0	-44	-70	28	96	-54	-84
10	82	180	824906148	11	5	4	7	5	4	0	-39	-66	28	96	-54	-84
10	82	180	824908156	11	6	4	5	5	4	0	-34	-62	28	96	-54	-84
10	82	180	824910160	13	8	5	7	6	5	0	-28	-57	28	96	-54	-84
10	82	180	824912160	17	10	5	8	8	6	0	-20	-51	28	96	-54	-84
10	82	180	824914152	16	10	7	11	7	7	0	-13	-44	28	96	-54	-84
10	82	180	824916144	19	12	6	10	9	7	0	-4	-37	28	96	-54	-84
10	82	180	824918144	24	15	9	14	11	10	0	7	-27	28	96	-54	-84
10	82	180	824920140	22	15	8	13	10	9	0	17	-18	28	96	-54	-84
10	82	180	824922140	25	17	10	17	11	11	0	28	-7	28	96	-54	-84
10	82	180	824924128	32	21	10	17	14	13	0	42	6	28	96	-54	-84
10	82	180	824926128	28	21	10	21	13	14	0	55	20	28	96	-54	-84
10	82	180	824928132	33	24	12	23	15	16	0	70	36	28	96	-54	-84
10	82	180	824930128	35	25	11	24	15	16	0	85	52	28	96	-54	-84
10	82	180	824932128	44	30	13	28	19	19	0	104	71	28	96	-54	-84
10	82	180	824934124	41	31	12	28	18	20	0	122	91	28	96	-54	-84
10	82	180	824936120	44	33	14	34	19	22	0	141	113	28	96	-54	-84
10	82	180	824938116	52	40	13	32	22	24	0	163	137	28	96	-54	-84
10	82	180	824940112	49	37	13	40	21	26	0	184	163	28	96	-54	-84
10	82	180	824942112	51	40	13	38	21	26	0	205	189	28	96	-54	-84
10	82	180	824944108	60	49	14	45	25	31	0	230	220	28	96	-54	-84
10	82	180	824946104	55	45	12	41	22	29	0	252	249	28	96	-54	-84
10	82	180	824948112	55	47	14	50	23	32	0	275	281	28	96	-54	-84
10	82	180	824950112	65	57	11	46	25	35	0	300	316	28	96	-54	-84
10	82	180	824952112	58	52	13	55	24	35	0	324	351	28	96	-54	-84
10	82	180	824954108	58	54	10	50	23	35	0	347	386	28	96	-54	-84
10	82	180	824956108	67	64	12	60	26	41	0	373	427	28	96	-54	-84
10	82	180	824958108	57	57	11	61	23	40	0	396	467	28	96	-54	-84
10	82	180	824960104	59	59	9	57	22	38	0	418	505	28	96	-54	-84
10	82	180	824962108	64	67	10	65	25	44	0	443	549	28	96	-54	-84
10	82	180	824964096	56	62	8	57	21	40	0	464	589	28	96	-54	-84
10	82	180	824966096	55	61	8	68	21	43	0	485	632	28	96	-54	-84
10	82	180	824968100	60	69	8	58	23	42	0	508	674	28	96	-54	-84
10	82	180	824970104	52	62	7	68	20	44	0	528	718	28	96	-54	-84
10	82	180	824972096	52	61	7	60	19	40	0	547	758	28	96	-54	-84
10	82	180	824974100	50	62	7	67	19	43	0	566	763	28	96	-54	-84
10	82	180	824976104	53	68	5	60	20	43	0	586	806	28	96	-54	-84
10	82	180	824978100	48	62	6	68	18	43	0	604	849	28	96	-54	-84
10	82	180	824980104	46	60	7	66	17	42	0	621	762	28	96	-54	-84
10	82	180	824982108	49	67	5	58	18	42	0	639	804	28	96	-54	-84
10	82	180	824984104	42	58	5	65	16	41	0	655	845	28	96	-54	-84
10	82	180	824986100	42	56	6	56	16	37	0	671	882	28	96	-54	-84
10	82	180	824988104	43	62	5	62	16	41	0	687	923	28	96	-54	-84
10	82	180	824990108	38	54	5	53	14	36	0	701	959	28	96	-54	-84
10	82	180	824992112	36	53	6	60	14	38	0	715	997	28	96	-54	-84
10	82	180	824994116	40	57	5	50	15	35	0	730	1032	28	96	-54	-84
10	82	180	824996120	34	50	5	56	13	36	0	743	1068	28	96	-54	-84
10	82	180	824998124	31	49	5	48	12	32	0	755	752	28	96	-54	-84
10	82	180	825000132	34	52	5	52	13	35	0	768	787	28	96	-54	-84
10	82	180	825002124	30	45	5	50	12	31	0	780	818	28	96	-54	-84
10	82	180	825004128	27	44	4	43	10	29	0	790	847	28	96	-54	-84
10	82	180	825006132	29	46	4	47	11	31	0	801	878	28	96	-54	-84
10	82	180	825008136	25	40	3	40	10	27	0	811	905	28	96	-54	-84
10	82	180	825010136	24	39	4	44	9	28	0	820	933	28	96	-54	-84
10	82	180	825012132	25	43	3	36	9	26	0	829	959	28	96	-54	-84
10	82	180	825014132	21	35	3	41	8	25	0	837	745	28	96	-54	-84
10	82	180	825016132	20	35	2	34	8	23	0	845	768	28	96	-54	-84
10	82	180	825018132	21	37	2	38	7	25	0	852	793	28	96	-54	-84
10	82	180	825020132	18	31	1	31	7	21	0	859	814	28	96	-54	-84
10	82	180	825022136	16	30	0	35	5	22	0	864	836	28	96	-54	-84
10	82	180	825024140	18	34	0	32	6	22	0	870	858	28	96	-54	-84
10	82	180	825026136	13	28	0	28	4	18	0	874	876	28	96	-54	-84
10	82	180	825028136	14	27	0	31	5	20	0	879	896	28	96	-54	-84
10	82	180	825030140	13	29	0	25	4	18	0	883	914	28	96	-54	-84
10	82	180	825032140	11	24	-1	29	4	17	0	887	737	28	96	-54	-84
10	82	180	825034144	10	23	-3	22	2	15	0	889	752	28	96	-54	-84
10	82	180	825036144	11	25	-2	27	3	18	0	892	770	28	96	-54	-84
10	82	180	825038140	8	22	-3	21	2	14	0	894	784	28	96	-54	-84
10	82	180	825040144	7	20	-2	22	1	14	0	895	798	28	96	-54	-84
10	82	180	825042144	9	21	-3	19	2	13	0	897	811	28	96	-54	-84
10	82	180	825044144	6	17	-2	21	2	13	0	899	824	28	96	-54	-84
10	82	180	825046136	5	17	-4	19	0	12	0	899	836	28	96	-54	-84
10	82	180	825048148	6	17	-2	15	1	11	0	900	847	28	96	-54	-84
10	82	180	825050156	4	14	-3	16	1	10	0	901	730	28	96	-54	-84
10	82	180	825052144	4	14	-1	13	1	9	0	902	739	28	96	-54	-84
10	82	180	825054136	4	12	-3	15	0	9	0	902	748	28	96	-54	-84
10	82	180	825056100	2	11	-2	11	0	7	0	902	755	28	96	-54	-84
10	82	180	825058144	3	9	-1	11	1	7	0	903	762	28	96	-54	-84
10	82	180	825060104	2	10	-2	9	0	6	0	903	768	28	96	-54	-84
10	82	180	825062112	1	8	-1	10	0	6	0	903	774	28	96	-54	-84
10	82	180	825064140	3	7	-1	8	0	5	0	903	779	28	96	-54	-84
10	82	180	825066140	0	6	-1	7	0	4	0	903	724	28	96	-54	-84
10	82	180	825068140	1	7	-2	6	0	5	0	903	729	28	96	-54	-84
10	82	180	825070112	0	5	0	7	0	4	0	903	733	28	96	-54	-84
10	82	180	825072144	0	6	-1	6	0	4	0	903	737	28	96	-54	-84
10	82	180	825074116	0	4	0	5	0	3	0	903	740	28	96	-54	-84
10	82	180	825076144	0	5	-1	5	0	3	0	903	743	28	96	-54	-84
10	82	180	825078112	0	5	0	5	0	3	0	903	746	28	96	-54	-84
10	82	180	825080112	0	3	0	5	0	3	0	903	723	28	96	-54	-84
10	82	180	825082140	0	4	-1	4	0	3	0	903	726	28	96	-54	-84
10	82	180	825084112	0	4	0	5	0	3	0	903	729	28	96	-54	-84
10	82	180	825086148	0	5	-2	3	-1	2	1	902	731	28	96	-54	-84
11	82	180	825088156	-2	4	0	4	-1	3	1	27	99	28	96	-54	-84
11	82	180	825090136	-1	3	-1	4	0	2	1	27	101	28	96	-54	-84
11	82	180	825092156	-1	4	-1	5	-1	3	1	26	104	28	96	-54	-84
11	82	180	825094140	-1	4	0	4	0	3	1	26	107	28	96	-54	-84
11	82	180	825096152	-2	4	-1	3	-1	2	1	25	109	28	96	-54	-84
11	82	180	825098152	-1	2	-2	3	-1	2	1	24	111	28	96	-54	-84
11	82	180	825100160	-1	4	0	4	-1	3	1	23	114	28	96	-54	-84
11	-28	-196	825102140	-1	2	-1	2	0	1	1	23	115	0	-100	28	96
11	-28	-196	825104156	-2	3	0	3	-1	2	1	22	117	0	-100	28	96
11	-28	-196	825106144	0	1	-1	2	0	1	1	22	118	0	-100	28	96
11	-28	-196	825108156	-1	3	0	3	-1	2	1	21	120	0	-100	28	96
11	-28	-196	825110140	-1	1	-1	1	0	1	1	21	121	0	-100	28	96
11	-28	-196	825112096	0	1	0	1	0	0	1	21	121	0	-100	28	96
11	-28	-196	825114152	-1	0	-2	1	-1	1	1	20	122	0	-100	28	96
11	-28	-196	825116144	-2	1	0	2	-1	1	1	19	123	0	-100	28	96
11	-28	-196	825118088	0	0	0	1	0	0	1	19	123	0	-100	28	96
11	-28	-196	825120112	0	2	0	0	0	1	1	19	124	0	-100	28	96
11	-28	-196	825122108	-1	0	-1	0	-1	0	1	18	124	0	-100	28	96
11	-28	-196	825124100	0	0	0	1	0	0	1	18	124	0	-100	28	96
11	-28	-196	825128088	-1	0	0	0	0	0	1	18	124	0	-100	28	96
11	-28	-196	825144088	0	-1	0	0	0	0	1	18	124	0	-100	28	96
11	-28	-196	825146064	0	0	0	0	0	0	0	18	124	0	-100	28	96
11	-28	-196	825148120	-1	-1	0	-2	0	0	0	18	124	0	-100	28	96
11	-28	-196	825150104	0	-2	0	-1	0	-1	0	18	123	0	-100	28	96
11	-28	-196	825152136	-2	-3	0	-2	-1	-2	0	17	121	0	-100	28	96
11	-28	-196	825154128	-1	-5	0	-4	0	-3	0	17	118	0	-100	28	96
11	-28	-196	825156136	-1	-4	0	-5	-1	-3	0	16	115	0	-100	28	96
11	-28	-196	825158132	-3	-6	0	-6	-1	-4	0	15	111	0	-100	28	96
11	-28	-196	825160112	-1	-7	2	-7	0	-5	0	15	106	0	-100	28	96
11	-28	-196	825162088	-2	-9	2	-7	0	-5	0	15	101	0	-100	28	96
11	-28	-196	825164116	-3	-9	1	-9	0	-6	0	15	95	0	-100	28	96
11	-28	-196	825166112	-2	-12	3	-11	0	-8	0	15	87	0	-100	28	96
11	-28	-196	825168116	-4	-13	2	-11	0	-8	0	15	79	0	-100	28	96
11	-28	-196	825170124	-3	-15	4	-15	0	-10	0	15	69	0	-100	28	96
11	-28	-196	825172120	-5	-17	4	-15	0	-10	0	15	59	0	-100	28	96
11	-28	-196	825174116	-3	-19	5	-18	0	-13	0	15	46	0	-100	28	96
11	-28	-196	825176116	-4	-20	6	-21	0	-13	0	15	33	0	-100	28	96
11	-28	-196	825178104	-5	-24	6	-20	0	-15	0	15	18	0	-100	28	96
11	-28	-196	825180116	-5	-24	8	-24	1	-16	0	16	2	0	-100	28	96
11	-28	-196	825182116	-5	-26	7	-24	1	-17	0	17	-15	0	-100	28	96
11	-28	-196	825184112	-6	-30	10	-28	1	-19	0	18	-34	0	-100	28	96
11	-28	-196	825186116	-5	-29	9	-28	2	-19	0	20	-53	0	-100	28	96
11	-28	-196	825188116	-7	-31	13	-32	2	-21	0	22	-74	0	-100	28	96
11	-28	-196	825190108	-7	-37	11	-30	1	-22	0	23	-96	0	-100	28	96
11	-28	-196	825192112	-8	-34	14	-37	2	-24	0	25	-120	0	-100	28	96
11	-28	-196	825194112	-8	-38	13	-33	2	-24	0	27	-144	0	-100	28	96
11	-28	-196	825196124	-12	-42	15	-42	1	-28	0	28	-172	0	-100	28	96
11	-28	-196	825198120	-10	-41	15	-37	1	-26	0	29	-198	0	-100	28	96
11	-28	-196	825200116	-11	-43	18	-45	3	-29	0	32	-227	0	-100	28	96
11	-28	-196	825202112	-11	-44	19	-48	2	-31	0	34	-258	0	-100	28	96
11	-28	-196	825204124	-15	-51	17	-42	1	-31	0	35	-289	0	-100	28	96
11	-28	-196	825206116	-14	-49	21	-51	2	-33	0	37	-322	0	-100	28	96
11	-28	-196	825208116	-16	-48	19	-48	1	-32	0	38	-354	0	-100	28	96
11	-28	-196	825210116	-18	-58	21	-55	1	-38	0	39	-392	0	-100	28	96
11	-28	-196	825212116	-18	-52	20	-50	1	-34	0	40	-426	0	-100	28	96
11	-28	-196	825214116	-19	-55	23	-59	1	-38	0	41	-464	0	-100	28	96
11	-28	-196	825216100	-24	-63	20	-52	0	-38	0	41	-502	0	-100	28	96
11	-28	-196	825218096	-21	-56	22	-63	0	-40	0	41	-542	0	-100	28	96
11	-28	-196	825220108	-24	-58	20	-55	-1	-37	0	40	-579	0	-100	28	96
11	-28	-196	825222096	-26	-66	23	-63	-1	-43	0	39	-622	0	-100	28	96
11	-28	-196	825224100	-25	-60	19	-58	-2	-40	0	37	-662	0	-100	28	96
11	-28	-196	825226108	-26	-60	22	-66	-1	-42	0	36	-704	0	-100	28	96
11	-28	-196	825228100	-30	-69	19	-59	-4	-42	0	32	-746	0	-100	28	96
11	-28	-196	825230108	-29	-62	20	-67	-3	-43	0	29	-789	0	-100	28	96
11	-28	-196	825232100	-29	-63	20	-68	-3	-44	0	26	-833	0	-100	28	96
11	-28	-196	825234104	-32	-70	17	-61	-5	-44	0	21	-877	0	-100	28	96
11	-28	-196	825236108	-32	-63	19	-69	-4	-44	0	17	-764	0	-100	28	96
11	-28	-196	825238104	-30	-64	15	-61	-5	-41	0	12	-805	0	-100	28	96
11	-28	-196	825240108	-36	-71	16	-70	-7	-47	0	5	-852	0	-100	28	96
11	-28	-196	825242104	-32	-64	14	-61	-6	-42	0	-1	-894	0	-100	28	96
11	-28	-196	825244108	-34	-63	14	-70	-7	-44	0	-8	-938	0	-100	28	96
11	-28	-196	825246116	-38	-72	11	-62	-9	-45	0	-17	-983	0	-100	28	96
11	-28	-196	825248108	-35	-63	13	-68	-7	-44	0	-24	-764	0	-100	28	96
11	-28	-196	825250112	-33	-63	8	-62	-8	-41	0	-32	-805	0	-100	28	96
11	-28	-196	825252112	-40	-70	10	-68	-10	-46	0	-42	-851	0	-100	28	96
11	-28	-196	825254108	-35	-63	9	-69	-9	-44	0	-51	-895	0	-100	28	96
11	-28	-196	825256108	-35	-61	6	-59	-10	-40	0	-61	-935	0	-100	28	96
11	-28	-196	825258104	-37	-61	7	-67	-10	-43	0	-71	-978	0	-100	28	96
11	-28	-196	825260104	-38	-67	5	-58	-11	-42	0	-82	-1020	0	-100	28	96
11	-28	-196	825262096	-37	-57	5	-64	-10	-40	0	-92	-1060	0	-100	28	96
11	-28	-196	825264084	-33	-56	2	-55	-11	-37	0	-103	-1097	0	-100	28	96
11	-28	-196	825266092	-39	-62	3	-61	-12	-41	0	-115	-1138	0	-100	28	96
11	-28	-196	825268088	-34	-51	1	-52	-11	-34	0	-126	-754	0	-100	28	96
11	-28	-196	825270096	-32	-51	1	-57	-10	-36	0	-136	-790	0	-100	28	96
11	-28	-196	825272088	-35	-54	0	-48	-12	-34	0	-148	-824	0	-100	28	96
11	-28	-196	825274088	-30	-46	0	-53	-10	-33	0	-158	-857	0	-100	28	96
11	-28	-196	825276084	-29	-44	-1	-45	-10	-30	0	-168	-887	0	-100	28	96
11	-28	-196	825278084	-31	-46	-3	-47	-11	-31	0	-179	-918	0	-100	28	96
11	-28	-196	825280084	-27	-40	-2	-42	-10	-27	0	-189	-945	0	-100	28	96
11	-28	-196	825282080	-25	-36	-4	-42	-9	-26	0	-198	-746	0	-100	28	96
11	-28	-196	825284088	-26	-40	-5	-41	-11	-27	0	-209	-773	0	-100	28	96
11	-28	-196	825286084	-21	-33	-5	-34	-8	-23	0	-217	-796	0	-100	28	96
11	-28	-196	825288088	-21	-30	-5	-36	-9	-22	0	-226	-818	0	-100	28	96
11	-28	-196	825290092	-23	-31	-5	-30	-9	-20	0	-235	-838	0	-100	28	96
11	-28	-196	825292096	-17	-26	-6	-32	-8	-19	0	-243	-857	0	-100	28	96
11	-28	-196	825294104	-17	-23	-7	-25	-8	-16	0	-251	-873	0	-100	28	96
11	-28	-196	825296100	-17	-25	-7	-26	-8	-17	0	-259	-890	0	-100	28	96
11	-28	-196	825298096	-15	-19	-5	-20	-7	-13	0	-266	-733	0	-100	28	96
11	-28	-196	825300104	-13	-17	-8	-21	-7	-13	0	-273	-746	0	-100	28	96
11	-28	-196	825302100	-12	-18	-6	-18	-6	-12	0	-279	-758	0	-100	28	96
11	-28	-196	825304096	-10	-13	-6	-17	-5	-10	0	-284	-768	0	-100	28	96
11	-28	-196	825306084	-9	-12	-5	-13	-5	-8	0	-289	-776	0	-100	28	96
11	-28	-196	825308084	-9	-11	-6	-13	-5	-8	0	-294	-784	0	-100	28	96
11	-28	-196	825310080	-6	-7	-5	-12	-3	-7	0	-297	-791	0	-100	28	96
11	-28	-196	825312084	-5	-7	-4	-7	-3	-4	0	-300	-795	0	-100	28	96
11	-28	-196	825314080	-5	-6	-4	-8	-3	-5	0	-303	-725	0	-100	28	96
11	-28	-196	825316080	-4	-4	-4	-6	-3	-3	0	-306	-728	0	-100	28	96
11	-28	-196	825318076	-2	-2	-2	-5	-1	-3	0	-307	-731	0	-100	28	96
11	-28	-196	825320076	-3	-3	-3	-2	-2	-1	0	-309	-732	0	-100	28	96
11	-28	-196	825322076	-1	-1	-2	-3	-1	-2	0	-310	-734	0	-100	28	96
11	-28	-196	825324064	0	-1	-1	-1	-1	0	0	-311	-734	0	-100	28	96
11	-28	-196	825326076	-1	0	-2	-1	-1	-1	0	-312	-735	0	-100	28	96
11	-28	-196	825328016	0	0	0	-2	0	0	0	-312	-735	0	-100	28	96
11	-28	-196	825330064	0	-1	-1	0	0	-1	0	-312	-736	0	-100	28	96
11	-28	-196	825342008	0	0	0	0	0	0	1	-312	-720	0	-100	28	96
