1	-56	392	1787775200	1	0	0	0	0	0	1	0	-200	-56	192	0	-200
1	-56	392	1787831240	0	0	0	1	0	0	1	0	-200	-56	192	0	-200
1	-56	392	1787847252	0	0	0	1	0	0	1	0	-200	-56	192	0	-200
1	-56	392	1787849248	0	2	0	0	0	0	1	0	-200	-56	192	0	-200
1	-56	392	1787851248	0	1	0	1	0	0	1	0	-200	-56	192	0	-200
1	-56	392	1787853268	1	1	0	1	0	0	0	0	-200	-56	192	0	-200
1	-56	392	1787855240	0	3	0	3	0	0	0	0	-200	-56	192	0	-200
1	-56	392	1787857248	0	3	0	4	0	0	0	0	-200	-56	192	0	-200
1	-56	392	1787859280	1	7	0	5	0	1	0	0	-199	-56	192	0	-200
1	-56	392	1787861256	0	6	0	6	0	1	0	0	-198	-56	192	0	-200
1	-56	392	1787863280	2	6	0	6	0	1	0	0	-197	-56	192	0	-200
1	-56	392	1787865280	1	10	0	9	0	1	0	0	-196	-56	192	0	-200
1	-56	392	1787867284	1	10	0	9	0	2	0	0	-194	-56	192	0	-200
1	-56	392	1787869288	1	11	0	12	0	1	0	0	-193	-56	192	0	-200
1	-56	392	1787871288	2	14	0	14	0	3	0	0	-190	-56	192	0	-200
1	-56	392	1787873288	2	15	0	14	0	2	0	0	-188	-56	192	0	-200
1	-56	392	1787875256	1	16	-1	17	0	2	0	0	-186	-56	192	0	-200
1	-56	392	1787877280	3	22	-2	18	0	3	0	0	-183	-56	192	0	-200
1	-56	392	1787879260	2	20	-2	21	0	3	0	0	-180	-56	192	0	-200
1	-56	392	1787881284	4	23	-1	21	0	4	0	0	-176	-56	192	0	-200
1	-56	392	1787883264	4	28	-4	28	0	4	0	0	-172	-56	192	0	-200
1	-56	392	1787885312	5	27	-3	26	1	4	0	1	-168	-56	192	0	-200
1	-56	392	1787887268	5	30	-5	32	0	4	0	1	-164	-56	192	0	-200
1	-56	392	1787889296	7	37	-5	32	0	6	0	1	-158	-56	192	0	-200
1	-56	392	1787891304	8	36	-6	38	0	5	0	1	-153	-56	192	0	-200
1	-56	392	1787893296	10	37	-7	42	0	6	0	1	-147	-56	192	0	-200
1	-56	392	1787895296	12	47	-9	40	0	7	0	1	-140	-56	192	0	-200
1	-56	392	1787897296	13	45	-10	47	0	6	0	1	-134	-56	192	0	-200
1	-56	392	1787899316	15	48	-10	46	1	7	0	2	-127	-56	192	0	-200
1	-56	392	1787901308	19	58	-13	55	0	9	0	2	-118	-56	192	0	-200
1	-56	392	1787903324	18	56	-12	53	1	8	0	3	-110	-56	192	0	-200
1	-56	392	1787905308	20	59	-15	64	0	9	0	3	-101	-56	192	0	-200
1	-56	392	1787907320	25	71	-15	58	1	10	0	4	-91	-56	192	0	-200
1	-56	392	1787909316	23	66	-19	70	0	10	0	4	-81	-56	192	0	-200
1	-56	392	1787911320	25	69	-19	65	1	10	0	5	-71	-56	192	0	-200
1	-56	392	1787913304	30	83	-22	79	0	12	0	5	-59	-56	192	0	-200
1	-56	392	1787915312	27	75	-21	71	1	11	0	6	-48	-56	192	0	-200
1	-56	392	1787917268	28	78	-28	85	0	13	0	6	-35	-56	192	0	-200
1	-56	392	1787919296	34	93	-25	78	0	12	0	6	-23	-56	192	0	-200
1	-56	392	1787921272	30	84	-30	91	0	14	0	6	-9	-56	192	0	-200
1	-56	392	1787923300	28	86	-32	95	0	13	0	6	4	-56	192	0	-200
1	-56	392	1787925304	34	100	-30	85	0	14	0	6	18	-56	192	0	-200
1	-56	392	1787927304	30	91	-37	100	0	14	0	6	32	-56	192	0	-200
1	-56	392	1787929308	29	93	-32	90	0	14	0	6	46	-56	192	0	-200
1	-56	392	1787931308	32	106	-40	104	0	16	0	6	62	-56	192	0	-200
1	-56	392	1787933300	29	96	-35	94	0	14	0	6	76	-56	192	0	-200
1	-56	392	1787935312	29	98	-43	108	-1	16	0	5	92	-56	192	0	-200
1	-56	392	1787937312	30	112	-38	97	-1	15	0	4	107	-56	192	0	-200
1	-56	392	1787939312	26	101	-45	111	-2	16	0	2	123	-56	192	0	-200
1	-56	392	1787941312	26	103	-42	99	-1	15	0	1	138	-56	192	0	-200
1	-56	392	1787943320	28	115	-47	115	-1	18	0	0	156	-56	192	0	-200
1	-56	392	1787945320	25	104	-43	100	-1	15	0	-1	171	-56	192	0	-200
1	-56	392	1787947324	22	103	-50	116	-3	16	0	-4	187	-56	192	0	-200
1	-56	392	1787949328	25	117	-50	116	-1	18	0	-5	205	-56	192	0	-200
1	-56	392	1787951332	23	105	-45	103	-2	15	0	-7	220	-56	192	0	-200
1	-56	392	1787953336	20	105	-52	117	-3	17	0	-10	237	-56	192	0	-200
1	-56	392	1787955344	24	118	-45	103	-1	17	0	-11	254	-56	192	0	-200
1	-56	392	1787957336	18	105	-54	117	-3	16	0	-14	270	-56	192	0	-200
1	-56	392	1787959336	19	104	-46	103	-2	16	0	-16	286	-56	192	0	-200
1	-56	392	1787961332	21	118	-54	116	-2	17	0	-18	303	-56	192	0	-200
1	-56	392	1787963336	18	102	-47	102	-2	16	0	-20	319	-56	192	0	-200
1	-56	392	1787965336	17	103	-55	115	-3	16	0	-23	335	-56	192	0	-200
1	-56	392	1787967340	18	113	-49	100	-3	16	0	-26	351	-56	192	0	-200
1	-56	392	1787969344	16	100	-55	113	-3	16	0	-29	367	-56	192	0	-200
1	-56	392	1787971352	16	99	-55	112	-2	16	0	-31	383	-56	192	0	-200
1	-56	392	1787973352	19	110	-49	97	-3	15	0	-34	398	-56	192	0	-200
1	-56	392	1787975348	15	96	-55	107	-3	15	0	-37	413	-56	192	0	-200
1	-56	392	1787977348	15	95	-47	94	-2	15	0	-39	428	-56	192	0	-200
1	-56	392	1787979344	18	105	-55	105	-3	15	0	-42	443	-56	192	0	-200
1	-56	392	1787981348	13	92	-48	91	-3	14	0	-45	457	-56	192	0	-200
1	-56	392	1787983356	15	90	-52	101	-2	14	0	-47	471	-56	192	0	-200
1	-56	392	1787985356	17	98	-48	88	-3	14	0	-50	485	-56	192	0	-200
1	-56	392	1787987360	13	85	-51	97	-2	14	0	-52	499	-56	192	0	-200
1	-56	392	1787989360	14	85	-46	84	-3	13	0	-55	512	-56	192	0	-200
1	-56	392	1787991368	16	92	-50	93	-2	14	0	-57	526	-56	192	0	-200
1	-56	392	1787993360	14	80	-43	80	-3	12	0	-60	538	-56	192	0	-200
1	-56	392	1787995352	14	78	-47	88	-2	12	0	-62	550	-56	192	0	-200
1	-56	392	1787997352	16	85	-40	75	-2	12	0	-64	562	-56	192	0	-200
1	-56	392	1787999360	14	74	-45	84	-2	12	0	-66	574	-56	192	0	-200
1	-56	392	1788001356	14	73	-44	83	-2	12	0	-68	586	-56	192	0	-200
1	-56	392	1788003360	16	78	-36	70	-2	11	0	-70	597	-56	192	0	-200
1	-56	392	1788005356	14	69	-40	77	-2	11	0	-72	608	-56	192	0	-200
1	-56	392	1788007364	13	66	-34	68	-1	10	0	-73	618	-56	192	0	-200
1	-56	392	1788009368	17	73	-38	73	-2	11	0	-75	629	-56	192	0	-200
1	-56	392	1788011360	15	62	-31	63	-1	9	0	-76	638	-56	192	0	-200
1	-56	392	1788013360	13	62	-35	69	-2	10	0	-78	648	-56	192	0	-200
1	-56	392	1788015364	15	66	-29	60	-1	9	0	-79	657	-56	192	0	-200
1	-56	392	1788017364	14	57	-31	65	-1	9	0	-80	666	-56	192	0	-200
1	-56	392	1788019364	14	55	-26	55	-1	9	0	-81	675	-56	192	0	-200
1	-56	392	1788021364	15	60	-28	61	-1	9	0	-82	684	-56	192	0	-200
1	-56	392	1788023364	12	52	-23	51	-1	7	0	-83	691	-56	192	0	-200
1	-56	392	1788025368	13	50	-27	58	-1	9	0	-84	700	-56	192	0	-200
1	-56	392	1788027368	14	52	-25	55	-1	8	0	-85	708	-56	192	0	-200
1	-56	392	1788029356	12	46	-21	46	0	6	0	-85	714	-56	192	0	-200
1	-56	392	1788031372	11	45	-22	51	-1	8	0	-86	722	-56	192	0	-200
1	-56	392	1788033380	13	48	-19	43	-1	7	0	-87	729	-56	192	0	-200
1	-56	392	1788035368	10	41	-21	47	-1	6	0	-88	726	-56	192	0	-200
1	-56	392	1788037352	10	40	-18	40	0	6	0	-88	732	-56	192	0	-200
1	-56	392	1788039368	11	43	-19	45	-1	7	0	-89	739	-56	192	0	-200
1	-56	392	1788041356	10	37	-16	36	0	5	0	-89	744	-56	192	0	-200
1	-56	392	1788043372	10	36	-17	42	-1	6	0	-90	750	-56	192	0	-200
1	-56	392	1788045360	10	39	-15	35	0	6	0	-90	756	-56	192	0	-200
1	-56	392	1788047376	10	35	-17	38	-1	5	0	-91	761	-56	192	0	-200
1	-56	392	1788049352	9	33	-13	33	0	5	0	-91	766	-56	192	0	-200
1	-56	392	1788051352	10	36	-15	36	0	5	0	-91	771	-56	192	0	-200
1	-56	392	1788053368	7	31	-14	35	-1	5	0	-92	725	-56	192	0	-200
1	-56	392	1788055348	9	30	-13	29	0	5	0	-92	730	-56	192	0	-200
1	-56	392	1788057348	9	33	-12	34	0	5	0	-92	735	-56	192	0	-200
1	-56	392	1788059360	7	28	-11	27	-1	4	0	-93	739	-56	192	0	-200
1	-56	392	1788061356	7	28	-13	31	0	4	0	-93	743	-56	192	0	-200
1	-56	392	1788063352	8	31	-10	27	0	5	0	-93	748	-56	192	0	-200
1	-56	392	1788065368	7	26	-11	30	-1	4	0	-94	752	-56	192	0	-200
1	-56	392	1788067348	6	25	-10	25	0	4	0	-94	756	-56	192	0	-200
1	-56	392	1788069348	6	28	-10	28	0	4	0	-94	724	-56	192	0	-200
1	-56	392	1788071344	6	24	-9	24	0	3	0	-94	727	-56	192	0	-200
1	-56	392	1788073364	5	22	-10	26	-1	4	0	-95	731	-56	192	0	-200
1	-56	392	1788075356	5	25	-9	23	0	4	0	-95	735	-56	192	0	-200
1	-56	392	1788077352	5	21	-8	24	0	3	0	-95	738	-56	192	0	-200
1	-56	392	1788079360	5	20	-8	21	-1	3	0	-96	741	-56	192	0	-200
1	-56	392	1788081348	5	24	-9	24	0	4	0	-96	745	-56	192	0	-200
1	-56	392	1788083352	5	19	-7	22	0	3	0	-96	748	-56	192	0	-200
1	-56	392	1788085348	5	20	-6	20	0	3	0	-96	751	-56	192	0	-200
1	-56	392	1788087344	7	21	-8	21	0	3	0	-96	754	-56	192	0	-200
1	-56	392	1788089348	5	18	-6	19	0	3	0	-96	757	-56	192	0	-200
1	-56	392	1788091312	6	18	-6	21	0	3	0	-96	760	-56	192	0	-200
1	-56	392	1788093340	6	19	-5	18	0	2	0	-96	762	-56	192	0	-200
1	-56	392	1788095336	6	18	-7	20	0	3	0	-96	765	-56	192	0	-200
1	-56	392	1788097328	7	17	-3	17	0	3	0	-96	768	-56	192	0	-200
1	-56	392	1788099336	7	19	-5	19	0	3	0	-96	723	-56	192	0	-200
1	-56	392	1788101340	8	16	-5	18	0	2	0	-96	725	-56	192	0	-200
1	-56	392	1788103332	6	16	-4	18	0	3	0	-96	728	-56	192	0	-200
1	-56	392	1788105340	9	19	-4	15	0	2	0	-96	722	-56	192	0	-200
1	-56	392	1788107332	7	15	-4	18	0	3	0	-96	725	-56	192	0	-200
1	-56	392	1788109340	9	16	-2	16	1	2	0	-95	727	-56	192	0	-200
1	-56	392	1788111324	9	17	-3	16	0	3	0	-95	730	-56	192	0	-200
1	-56	392	1788113344	7	15	-2	15	1	2	0	-94	732	-56	192	0	-200
1	-56	392	1788115340	8	15	-3	15	0	2	0	-94	734	-56	192	0	-200
1	-56	392	1788117332	8	15	-2	17	0	3	0	-94	737	-56	192	0	-200
1	-56	392	1788119352	8	13	-3	12	1	1	0	-93	738	-56	192	0	-200
1	-56	392	1788121332	6	13	-1	14	0	2	0	-93	740	-56	192	0	-200
1	-56	392	1788123352	9	14	-1	12	1	2	0	-92	742	-56	192	0	-200
1	-56	392	1788125332	6	12	-1	13	0	2	0	-92	744	-56	192	0	-200
1	-56	392	1788127336	6	10	-2	11	0	2	0	-92	746	-56	192	0	-200
1	-56	392	1788129356	7	13	-1	11	1	2	0	-91	748	-56	192	0	-200
1	-56	392	1788131348	5	10	-1	10	0	1	0	-91	721	-56	192	0	-200
1	-56	392	1788133364	6	8	-1	10	1	2	0	-90	723	-56	192	0	-200
1	-56	392	1788135344	5	10	0	9	0	1	0	-90	724	-56	192	0	-200
1	-56	392	1788137340	5	9	-2	9	0	1	0	-90	725	-56	192	0	-200
1	-56	392	1788139352	5	8	0	7	1	1	0	-89	726	-56	192	0	-200
1	-56	392	1788141332	6	8	0	9	0	2	0	-89	722	-56	192	0	-200
1	-56	392	1788143332	5	8	0	8	0	1	0	-89	723	-56	192	0	-200
1	-56	392	1788145348	5	6	0	7	1	1	0	-88	724	-56	192	0	-200
1	-56	392	1788147336	5	8	0	8	0	1	0	-88	725	-56	192	0	-200
1	-56	392	1788149340	5	7	0	6	0	1	0	-88	726	-56	192	0	-200
1	-56	392	1788151352	6	6	0	6	1	1	0	-87	727	-56	192	0	-200
1	-56	392	1788153360	7	7	1	6	1	1	0	-86	728	-56	192	0	-200
1	-56	392	1788155336	5	6	0	7	0	1	0	-86	729	-56	192	0	-200
1	-56	392	1788157336	6	6	1	6	0	1	0	-86	721	-56	192	0	-200
1	-56	392	1788159352	6	6	0	6	1	1	0	-85	722	-56	192	0	-200
1	-56	392	1788161344	5	7	1	6	0	1	0	-85	723	-56	192	0	-200
1	-56	392	1788163352	6	6	2	7	1	1	0	-84	724	-56	192	0	-200
1	-56	392	1788165356	7	6	1	6	1	1	0	-83	725	-56	192	0	-200
1	-56	392	1788167332	5	6	0	6	0	0	0	-83	725	-56	192	0	-200
1	-56	392	1788169344	5	5	1	8	0	1	0	-83	726	-56	192	0	-200
1	-56	392	1788171352	6	7	0	5	1	1	0	-82	727	-56	192	0	-200
1	-56	392	1788173340	5	6	1	7	0	1	0	-82	721	-56	192	0	-200
1	-56	392	1788175348	5	6	0	5	1	1	1	-81	722	-56	192	0	-200
2	-56	392	1788177336	5	6	2	6	0	1	1	-56	193	-56	192	0	-200
2	-56	392	1788179336	4	5	0	7	0	1	1	-56	194	-56	192	0	-200
2	-56	392	1788181348	3	7	0	6	1	1	1	-55	195	-56	192	0	-200
2	-56	392	1788183336	4	6	0	5	0	1	1	-55	196	-56	192	0	-200
2	-56	392	1788185336	4	5	0	6	0	1	1	-55	197	-56	192	0	-200
2	-56	392	1788187340	4	5	0	5	1	0	1	-54	197	-56	192	0	-200
2	-56	392	1788189340	2	5	0	5	0	1	1	-54	198	-56	192	0	-200
2	164	-360	1788191340	3	5	0	5	0	1	1	-54	199	108	-168	-56	192
2	164	-360	1788193332	2	4	0	5	0	0	1	-54	199	108	-168	-56	192
2	164	-360	1788195344	3	3	0	3	0	1	1	-54	200	108	-168	-56	192
2	164	-360	1788197332	1	4	0	3	0	0	1	-54	200	108	-168	-56	192
2	164	-360	1788199360	2	3	0	4	1	1	1	-53	201	108	-168	-56	192
2	164	-360	1788201336	2	2	0	3	0	0	1	-53	201	108	-168	-56	192
2	164	-360	1788203352	0	3	-1	2	0	1	1	-53	202	108	-168	-56	192
2	164	-360	1788205336	1	1	0	3	0	0	1	-53	202	108	-168	-56	192
2	164	-360	1788207336	1	1	0	1	0	0	1	-53	202	108	-168	-56	192
2	164	-360	1788209308	0	1	0	1	0	0	1	-53	202	108	-168	-56	192
2	164	-360	1788211316	0	0	0	1	0	0	1	-53	202	108	-168	-56	192
2	164	-360	1788213352	1	2	0	0	0	1	1	-53	203	108	-168	-56	192
2	164	-360	1788215316	0	0	0	2	0	0	1	-53	203	108	-168	-56	192
2	164	-360	1788249308	0	0	0	0	0	0	0	-53	203	108	-168	-56	192
2	164	-360	1788255368	2	-1	0	0	0	0	0	-53	203	108	-168	-56	192
2	164	-360	1788257340	0	-1	0	-1	0	0	0	-53	203	108	-168	-56	192
2	164	-360	1788259360	0	-3	2	-4	0	0	0	-53	203	108	-168	-56	192
2	164	-360	1788261368	1	-5	1	-2	0	-1	0	-53	202	108	-168	-56	192
2	164	-360	1788263368	1	-5	3	-6	1	0	0	-52	202	108	-168	-56	192
2	164	-360	1788265368	1	-7	3	-7	0	-1	0	-52	201	108	-168	-56	192
2	164	-360	1788267376	2	-11	7	-10	1	-2	0	-51	199	108	-168	-56	192
2	164	-360	1788269364	1	-13	6	-11	0	-2	0	-51	197	108	-168	-56	192
2	164	-360	1788271372	1	-15	9	-15	1	-2	0	-50	195	108	-168	-56	192
2	164	-360	1788273372	1	-20	8	-16	1	-3	0	-49	192	108	-168	-56	192
2	164	-360	1788275372	3	-20	14	-20	1	-3	0	-48	189	108	-168	-56	192
2	164	-360	1788277372	1	-25	14	-23	1	-3	0	-47	186	108	-168	-56	192
2	164	-360	1788279376	3	-31	19	-27	2	-5	0	-45	181	108	-168	-56	192
2	164	-360	1788281376	2	-31	21	-31	1	-4	0	-44	177	108	-168	-56	192
2	164	-360	1788283376	3	-35	21	-32	2	-5	0	-42	172	108	-168	-56	192
2	164	-360	1788285380	3	-45	29	-40	2	-7	0	-40	165	108	-168	-56	192
2	164	-360	1788287380	4	-43	29	-38	3	-6	0	-37	159	108	-168	-56	192
2	164	-360	1788289380	4	-46	35	-48	3	-7	0	-34	152	108	-168	-56	192
2	164	-360	1788291380	4	-56	33	-45	3	-7	0	-31	145	108	-168	-56	192
2	164	-360	1788293380	5	-53	44	-56	3	-9	0	-28	136	108	-168	-56	192
2	164	-360	1788295380	5	-56	41	-51	4	-8	0	-24	128	108	-168	-56	192
2	164	-360	1788297380	6	-68	50	-64	4	-10	0	-20	118	108	-168	-56	192
2	164	-360	1788299376	5	-63	48	-58	4	-9	0	-16	109	108	-168	-56	192
2	164	-360	1788301380	6	-67	57	-71	5	-10	0	-11	99	108	-168	-56	192
2	164	-360	1788303376	6	-68	54	-65	4	-10	0	-7	89	108	-168	-56	192
2	164	-360	1788305364	8	-82	65	-77	6	-12	0	-1	77	108	-168	-56	192
2	164	-360	1788307368	7	-76	70	-82	5	-12	0	4	65	108	-168	-56	192
2	164	-360	1788309364	7	-79	63	-73	6	-11	0	10	54	108	-168	-56	192
2	164	-360	1788311360	7	-92	75	-89	6	-14	0	16	40	108	-168	-56	192
2	164	-360	1788313356	6	-86	68	-81	5	-12	0	21	28	108	-168	-56	192
2	164	-360	1788315352	7	-89	82	-97	7	-14	0	28	14	108	-168	-56	192
2	164	-360	1788317356	7	-104	73	-86	6	-14	0	34	0	108	-168	-56	192
2	164	-360	1788319356	5	-95	85	-102	7	-15	0	41	-15	108	-168	-56	192
2	164	-360	1788321352	6	-97	78	-92	6	-14	0	47	-29	108	-168	-56	192
2	164	-360	1788323356	5	-113	91	-107	7	-17	0	54	-46	108	-168	-56	192
2	164	-360	1788325360	4	-102	81	-96	7	-15	0	61	-61	108	-168	-56	192
2	164	-360	1788327360	4	-103	95	-112	7	-16	0	68	-77	108	-168	-56	192
2	164	-360	1788329364	4	-117	84	-98	7	-16	0	75	-93	108	-168	-56	192
2	164	-360	1788331360	2	-105	98	-114	7	-16	0	82	-109	108	-168	-56	192
2	164	-360	1788333364	3	-105	87	-99	7	-16	0	89	-125	108	-168	-56	192
2	164	-360	1788335364	2	-119	99	-115	8	-17	0	97	-142	108	-168	-56	192
2	164	-360	1788337364	3	-106	100	-114	7	-17	0	104	-159	108	-168	-56	192
2	164	-360	1788339360	1	-105	87	-100	7	-15	0	111	-174	108	-168	-56	192
2	164	-360	1788341368	2	-117	100	-113	8	-17	0	119	-191	108	-168	-56	192
2	164	-360	1788343368	2	-102	88	-99	6	-15	0	125	-206	108	-168	-56	192
2	164	-360	1788345364	1	-101	99	-111	8	-16	0	133	-222	108	-168	-56	192
2	164	-360	1788347360	1	-112	86	-97	6	-16	0	139	-238	108	-168	-56	192
2	164	-360	1788349364	0	-98	97	-108	8	-16	0	147	-254	108	-168	-56	192
2	164	-360	1788351364	0	-95	84	-93	6	-14	0	153	-268	108	-168	-56	192
2	164	-360	1788353364	0	-107	95	-105	7	-16	0	160	-284	108	-168	-56	192
2	164	-360	1788355356	0	-92	83	-89	6	-13	0	166	-297	108	-168	-56	192
2	164	-360	1788357360	0	-90	91	-100	7	-14	0	173	-311	108	-168	-56	192
2	164	-360	1788359356	0	-100	79	-86	6	-14	0	179	-325	108	-168	-56	192
2	164	-360	1788361356	0	-88	87	-96	6	-14	0	185	-339	108	-168	-56	192
2	164	-360	1788363352	-3	-85	74	-83	6	-13	0	191	-352	108	-168	-56	192
2	164	-360	1788365352	-2	-93	82	-93	6	-14	0	197	-366	108	-168	-56	192
2	164	-360	1788367356	-2	-82	80	-90	6	-13	0	203	-379	108	-168	-56	192
2	164	-360	1788369352	-2	-78	69	-78	5	-11	0	208	-390	108	-168	-56	192
2	164	-360	1788371364	-4	-87	75	-86	5	-13	0	213	-403	108	-168	-56	192
2	164	-360	1788373376	-2	-75	65	-73	5	-11	0	218	-414	108	-168	-56	192
2	164	-360	1788375372	-4	-73	70	-81	5	-12	0	223	-426	108	-168	-56	192
2	164	-360	1788377372	-4	-79	60	-70	4	-11	0	227	-437	108	-168	-56	192
2	164	-360	1788379372	-2	-69	66	-76	5	-11	0	232	-448	108	-168	-56	192
2	164	-360	1788381376	-4	-66	57	-64	4	-10	0	236	-458	108	-168	-56	192
2	164	-360	1788383376	-3	-71	61	-72	4	-10	0	240	-468	108	-168	-56	192
2	164	-360	1788385376	-2	-62	51	-60	4	-10	0	244	-478	108	-168	-56	192
2	164	-360	1788387376	-3	-58	58	-68	4	-9	0	248	-487	108	-168	-56	192
2	164	-360	1788389368	-2	-65	47	-56	3	-9	0	251	-496	108	-168	-56	192
2	164	-360	1788391360	-3	-55	53	-64	4	-9	0	255	-505	108	-168	-56	192
2	164	-360	1788393368	-1	-54	51	-60	4	-9	0	259	-514	108	-168	-56	192
2	164	-360	1788395368	-2	-59	42	-52	3	-8	0	262	-522	108	-168	-56	192
2	164	-360	1788397364	-3	-51	48	-57	3	-8	0	265	-530	108	-168	-56	192
2	164	-360	1788399356	-1	-49	40	-48	3	-7	0	268	-537	108	-168	-56	192
2	164	-360	1788401364	-3	-54	44	-55	3	-8	0	271	-545	108	-168	-56	192
2	164	-360	1788403360	-2	-47	37	-47	3	-7	0	274	-552	108	-168	-56	192
2	164	-360	1788405364	-3	-45	41	-52	3	-8	0	277	-560	108	-168	-56	192
2	164	-360	1788407360	-3	-51	34	-44	2	-7	0	279	-567	108	-168	-56	192
2	164	-360	1788409356	-3	-44	39	-50	3	-7	0	282	-574	108	-168	-56	192
2	164	-360	1788411352	-4	-44	32	-42	2	-6	0	284	-580	108	-168	-56	192
2	164	-360	1788413352	-3	-49	37	-49	2	-8	0	286	-588	108	-168	-56	192
2	164	-360	1788415356	-4	-43	30	-43	2	-6	0	288	-594	108	-168	-56	192
2	164	-360	1788417356	-5	-43	35	-47	2	-7	0	290	-601	108	-168	-56	192
2	164	-360	1788419348	-5	-46	28	-41	2	-6	0	292	-607	108	-168	-56	192
2	164	-360	1788421352	-5	-43	33	-47	2	-7	0	294	-614	108	-168	-56	192
2	164	-360	1788423360	-5	-40	31	-46	2	-7	0	296	-621	108	-168	-56	192
2	164	-360	1788425352	-6	-46	26	-40	2	-6	0	298	-627	108	-168	-56	192
2	164	-360	1788427360	-5	-40	30	-45	2	-6	0	300	-633	108	-168	-56	192
2	164	-360	1788429356	-5	-39	25	-39	1	-6	0	301	-639	108	-168	-56	192
2	164	-360	1788431344	-7	-43	29	-43	2	-7	0	303	-646	108	-168	-56	192
2	164	-360	1788433344	-5	-39	24	-39	1	-6	0	304	-652	108	-168	-56	192
2	164	-360	1788435340	-6	-38	26	-43	2	-6	0	306	-658	108	-168	-56	192
2	164	-360	1788437336	-5	-41	24	-36	1	-5	0	307	-663	108	-168	-56	192
2	164	-360	1788439332	-6	-36	25	-41	1	-6	0	308	-669	108	-168	-56	192
2	164	-360	1788441336	-5	-35	22	-36	2	-6	0	310	-675	108	-168	-56	192
2	164	-360	1788443332	-5	-35	24	-40	1	-5	0	311	-680	108	-168	-56	192
2	164	-360	1788445328	-5	-39	21	-34	1	-6	0	312	-686	108	-168	-56	192
2	164	-360	1788447332	-5	-34	23	-39	2	-5	0	314	-691	108	-168	-56	192
2	164	-360	1788449328	-4	-32	20	-32	1	-5	0	315	-696	108	-168	-56	192
2	164	-360	1788451332	-5	-36	22	-38	1	-6	0	316	-702	108	-168	-56	192
2	164	-360	1788453328	-5	-32	18	-31	1	-4	0	317	-706	108	-168	-56	192
2	164	-360	1788455336	-4	-31	21	-36	1	-5	0	318	-711	108	-168	-56	192
2	164	-360	1788457340	-5	-34	20	-35	2	-5	0	320	-716	108	-168	-56	192
2	164	-360	1788459352	-3	-30	18	-30	1	-5	0	321	-721	108	-168	-56	192
2	164	-360	1788461348	-4	-28	18	-34	1	-5	0	322	-726	108	-168	-56	192
2	164	-360	1788463348	-4	-33	17	-29	1	-4	0	323	-730	108	-168	-56	192
2	164	-360	1788465348	-4	-29	17	-32	1	-5	0	324	-735	108	-168	-56	192
2	164	-360	1788467344	-3	-27	15	-28	1	-4	0	325	-739	108	-168	-56	192
2	164	-360	1788469348	-5	-30	18	-31	1	-5	0	326	-744	108	-168	-56	192
2	164	-360	1788471324	-4	-28	13	-28	0	-4	0	326	-748	108	-168	-56	192
2	164	-360	1788473328	-4	-26	15	-30	1	-4	0	327	-752	108	-168	-56	192
2	164	-360	1788475324	-4	-29	13	-26	1	-4	0	328	-724	108	-168	-56	192
2	164	-360	1788477308	-3	-26	12	-29	0	-4	0	328	-728	108	-168	-56	192
2	164	-360	1788479320	-5	-25	12	-25	1	-4	0	329	-732	108	-168	-56	192
2	164	-360	1788481316	-4	-27	12	-27	1	-4	0	330	-736	108	-168	-56	192
2	164	-360	1788483312	-4	-24	10	-24	0	-4	0	330	-740	108	-168	-56	192
2	164	-360	1788485304	-5	-24	10	-27	0	-3	0	330	-743	108	-168	-56	192
2	164	-360	1788487320	-4	-25	10	-25	1	-4	0	331	-747	108	-168	-56	192
2	164	-360	1788489312	-5	-22	8	-22	0	-3	0	331	-750	108	-168	-56	192
2	164	-360	1788491312	-3	-22	7	-25	0	-4	0	331	-724	108	-168	-56	192
2	164	-360	1788493316	-5	-22	6	-20	0	-3	0	331	-727	108	-168	-56	192
2	164	-360	1788495328	-4	-20	8	-22	1	-3	0	332	-730	108	-168	-56	192
2	164	-360	1788497320	-4	-20	5	-19	0	-3	0	332	-733	108	-168	-56	192
2	164	-360	1788499292	-5	-20	5	-20	0	-3	0	332	-736	108	-168	-56	192
2	164	-360	1788501288	-4	-18	4	-17	0	-3	0	332	-739	108	-168	-56	192
2	164	-360	1788503284	-3	-16	3	-19	0	-2	0	332	-741	108	-168	-56	192
2	164	-360	1788505308	-5	-16	4	-16	0	-3	0	332	-744	108	-168	-56	192
2	164	-360	1788507312	-4	-15	3	-17	0	-2	0	332	-746	108	-168	-56	192
2	164	-360	1788509316	-4	-13	2	-13	0	-2	0	332	-722	108	-168	-56	192
2	164	-360	1788511312	-4	-13	3	-14	0	-2	0	332	-724	108	-168	-56	192
2	164	-360	1788513304	-2	-12	1	-11	0	-2	0	332	-726	108	-168	-56	192
2	164	-360	1788515300	-3	-10	1	-13	0	-2	0	332	-728	108	-168	-56	192
2	164	-360	1788517304	-3	-10	1	-10	0	-1	0	332	-729	108	-168	-56	192
2	164	-360	1788519304	-2	-7	0	-9	0	-1	0	332	-730	108	-168	-56	192
2	164	-360	1788521280	-2	-8	2	-8	0	-2	0	332	-732	108	-168	-56	192
2	164	-360	1788523308	-3	-6	0	-7	0	-1	0	332	-733	108	-168	-56	192
2	164	-360	1788525292	-1	-5	0	-6	0	0	0	332	-720	108	-168	-56	192
2	164	-360	1788527304	-1	-4	0	-5	0	-1	0	332	-721	108	-168	-56	192
2	164	-360	1788529308	-1	-3	0	-5	-1	-1	0	331	-722	108	-168	-56	192
2	164	-360	1788531284	-2	-3	0	-4	0	0	0	331	-722	108	-168	-56	192
2	164	-360	1788533252	0	-2	0	-2	0	0	0	331	-722	108	-168	-56	192
2	164	-360	1788535292	-1	-2	0	-3	0	-1	0	331	-723	108	-168	-56	192
2	164	-360	1788537248	0	-1	0	-1	0	0	0	331	-723	108	-168	-56	192
2	164	-360	1788539256	0	-1	0	-1	0	0	0	331	-723	108	-168	-56	192
2	164	-360	1788541264	0	0	0	-1	0	0	0	331	-720	108	-168	-56	192
2	164	-360	1788543232	0	0	0	0	0	0	1	331	-720	108	-168	-56	192
3	164	-360	1788545264	0	0	0	-2	0	0	1	108	-168	108	-168	-56	192
3	164	-360	1788547296	-1	-1	0	0	0	0	1	108	-168	108	-168	-56	192
3	-259	299	1788607328	0	0	0	1	0	0	1	108	-168	-151	131	108	-168
3	-259	299	1788617332	0	1	0	0	0	0	1	108	-168	-151	131	108	-168
3	-259	299	1788619332	0	0	0	1	0	0	1	108	-168	-151	131	108	-168
3	-259	299	1788623360	-1	2	0	1	0	0	0	108	-168	-151	131	108	-168
3	-259	299	1788625328	0	1	0	2	0	0	0	108	-168	-151	131	108	-168
3	-259	299	1788627352	-2	2	-1	2	0	0	0	108	-168	-151	131	108	-168
3	-259	299	1788629356	-2	3	-1	3	0	0	0	108	-168	-151	131	108	-168
3	-259	299	1788631376	-3	5	-3	5	-1	1	0	107	-167	-151	131	108	-168
3	-259	299	1788633364	-2	6	-3	6	0	1	0	107	-166	-151	131	108	-168
3	-259	299	1788635380	-4	8	-4	6	-1	1	0	106	-165	-151	131	108	-168
3	-259	299	1788637376	-5	10	-6	10	-1	1	0	105	-164	-151	131	108	-168
3	-259	299	1788639376	-5	11	-8	9	-1	2	0	104	-162	-151	131	108	-168
3	-259	299	1788641384	-5	12	-9	12	-1	1	0	103	-161	-151	131	108	-168
3	-259	299	1788643380	-7	15	-10	13	-1	3	0	102	-158	-151	131	108	-168
3	-259	299	1788645380	-8	17	-13	16	-1	2	0	101	-156	-151	131	108	-168
3	-259	299	1788647376	-7	18	-15	19	-2	3	0	99	-153	-151	131	108	-168
3	-259	299	1788649376	-9	23	-17	17	-2	3	0	97	-150	-151	131	108	-168
3	-259	299	1788651376	-9	22	-21	23	-2	3	0	95	-147	-151	131	108	-168
3	-259	299	1788653380	-10	25	-21	22	-3	4	0	92	-143	-151	131	108	-168
3	-259	299	1788655380	-11	32	-28	29	-3	4	0	89	-139	-151	131	108	-168
3	-259	299	1788657372	-10	31	-26	26	-2	5	0	87	-134	-151	131	108	-168
3	-259	299	1788659368	-11	31	-35	34	-4	4	0	83	-130	-151	131	108	-168
3	-259	299	1788661364	-12	39	-34	33	-3	6	0	80	-124	-151	131	108	-168
3	-259	299	1788663360	-10	37	-42	38	-4	5	0	76	-119	-151	131	108	-168
3	-259	299	1788665364	-11	39	-40	37	-4	6	0	72	-113	-151	131	108	-168
3	-259	299	1788667360	-12	48	-50	43	-5	7	0	67	-106	-151	131	108	-168
3	-259	299	1788669368	-10	45	-49	42	-4	7	0	63	-99	-151	131	108	-168
3	-259	299	1788671376	-12	47	-57	50	-5	7	0	58	-92	-151	131	108	-168
3	-259	299	1788673368	-12	58	-55	47	-5	8	0	53	-84	-151	131	108	-168
3	-259	299	1788675372	-13	53	-68	58	-6	8	0	47	-76	-151	131	108	-168
3	-259	299	1788677376	-11	58	-71	60	-6	9	0	41	-67	-151	131	108	-168
3	-259	299	1788679380	-14	67	-66	56	-6	9	0	35	-58	-151	131	108	-168
3	-259	299	1788681384	-13	64	-80	67	-7	10	0	28	-48	-151	131	108	-168
3	-259	299	1788683384	-14	66	-74	63	-7	10	0	21	-38	-151	131	108	-168
3	-259	299	1788685388	-16	78	-88	74	-8	11	0	13	-27	-151	131	108	-168
3	-259	299	1788687384	-15	71	-80	68	-7	10	0	6	-17	-151	131	108	-168
3	-259	299	1788689376	-17	75	-96	80	-8	12	0	-2	-5	-151	131	108	-168
3	-259	299	1788691376	-20	86	-86	74	-8	12	0	-10	7	-151	131	108	-168
3	-259	299	1788693376	-18	80	-103	86	-9	12	0	-19	19	-151	131	108	-168
3	-259	299	1788695384	-20	83	-91	79	-9	13	0	-28	32	-151	131	108	-168
3	-259	299	1788697384	-23	94	-109	91	-10	14	0	-38	46	-151	131	108	-168
3	-259	299	1788699384	-22	86	-96	82	-8	12	0	-46	58	-151	131	108	-168
3	-259	299	1788701384	-24	89	-114	96	-11	14	0	-57	72	-151	131	108	-168
3	-259	299	1788703384	-26	101	-116	99	-10	15	0	-67	87	-151	131	108	-168
3	-259	299	1788705388	-25	91	-104	88	-10	13	0	-77	100	-151	131	108	-168
3	-259	299	1788707384	-27	94	-120	103	-11	15	0	-88	115	-151	131	108	-168
3	-259	299	1788709384	-30	106	-107	91	-10	15	0	-98	130	-151	131	108	-168
3	-259	299	1788711392	-27	96	-125	106	-12	15	0	-110	145	-151	131	108	-168
3	-259	299	1788713384	-29	98	-111	95	-10	15	0	-120	160	-151	131	108	-168
3	-259	299	1788715396	-34	110	-128	109	-13	16	0	-133	176	-151	131	108	-168
3	-259	299	1788717392	-30	99	-114	96	-10	15	0	-143	191	-151	131	108	-168
3	-259	299	1788719392	-31	100	-131	110	-12	15	0	-155	206	-151	131	108	-168
3	-259	299	1788721392	-35	111	-115	97	-12	16	0	-167	222	-151	131	108	-168
3	-259	299	1788723388	-31	99	-132	111	-12	16	0	-179	238	-151	131	108	-168
3	-259	299	1788725388	-33	97	-115	96	-11	14	0	-190	252	-151	131	108	-168
3	-259	299	1788727388	-35	110	-133	109	-13	17	0	-203	269	-151	131	108	-168
3	-259	299	1788729388	-32	96	-115	94	-11	14	0	-214	283	-151	131	108	-168
3	-259	299	1788731384	-33	95	-131	107	-12	15	0	-226	298	-151	131	108	-168
3	-259	299	1788733372	-36	105	-130	106	-12	16	0	-238	314	-151	131	108	-168
3	-259	299	1788735372	-31	92	-113	92	-11	14	0	-249	328	-151	131	108	-168
3	-259	299	1788737372	-31	87	-126	101	-12	14	0	-261	342	-151	131	108	-168
3	-259	299	1788739364	-35	98	-109	87	-11	14	0	-272	356	-151	131	108	-168
3	-259	299	1788741360	-29	83	-121	97	-11	13	0	-283	369	-151	131	108	-168
3	-259	299	1788743360	-29	80	-102	81	-10	12	0	-293	381	-151	131	108	-168
3	-259	299	1788745356	-31	88	-115	90	-11	14	0	-304	395	-151	131	108	-168
3	-259	299	1788747356	-26	76	-97	76	-9	11	0	-313	406	-151	131	108	-168
3	-259	299	1788749356	-24	73	-106	84	-10	12	0	-323	418	-151	131	108	-168
3	-259	299	1788751356	-26	77	-90	71	-8	11	0	-331	429	-151	131	108	-168
3	-259	299	1788753360	-23	68	-96	76	-9	11	0	-340	440	-151	131	108	-168
3	-259	299	1788755360	-20	63	-81	65	-8	9	0	-348	449	-151	131	108	-168
3	-259	299	1788757352	-21	70	-88	72	-8	11	0	-356	460	-151	131	108	-168
3	-259	299	1788759352	-19	58	-72	58	-7	9	0	-363	469	-151	131	108	-168
3	-259	299	1788761352	-16	56	-78	65	-7	9	0	-370	478	-151	131	108	-168
3	-259	299	1788763348	-15	54	-64	54	-6	8	0	-376	486	-151	131	108	-168
3	-259	299	1788765344	-16	56	-68	59	-6	8	0	-382	494	-151	131	108	-168
3	-259	299	1788767348	-13	48	-63	55	-6	8	0	-388	502	-151	131	108	-168
3	-259	299	1788769356	-11	45	-50	46	-5	7	0	-393	509	-151	131	108	-168
3	-259	299	1788771352	-13	48	-52	49	-4	7	0	-397	516	-151	131	108	-168
3	-259	299	1788773340	-10	40	-43	40	-4	6	0	-401	522	-151	131	108	-168
3	-259	299	1788775332	-7	38	-45	44	-4	6	0	-405	528	-151	131	108	-168
3	-259	299	1788777332	-9	40	-36	36	-4	6	0	-409	534	-151	131	108	-168
3	-259	299	1788779332	-6	32	-36	37	-3	5	0	-412	539	-151	131	108	-168
3	-259	299	1788781336	-6	30	-30	32	-3	5	0	-415	544	-151	131	108	-168
3	-259	299	1788783340	-5	33	-30	33	-2	5	0	-417	549	-151	131	108	-168
3	-259	299	1788785340	-3	26	-24	27	-2	4	0	-419	553	-151	131	108	-168
3	-259	299	1788787344	-2	25	-25	28	-2	4	0	-421	557	-151	131	108	-168
3	-259	299	1788789344	-2	25	-19	24	-2	3	0	-423	560	-151	131	108	-168
3	-259	299	1788791344	-1	21	-20	25	-1	4	0	-424	564	-151	131	108	-168
3	-259	299	1788793348	0	19	-19	23	-2	3	0	-426	567	-151	131	108	-168
3	-259	299	1788795344	1	20	-13	17	-1	3	0	-427	570	-151	131	108	-168
3	-259	299	1788797356	2	16	-14	19	-1	2	0	-428	572	-151	131	108	-168
3	-259	299	1788799348	3	17	-11	15	0	3	0	-428	575	-151	131	108	-168
3	-259	299	1788801364	3	15	-13	16	-1	2	0	-429	577	-151	131	108	-168
3	-259	299	1788803344	4	12	-9	13	0	2	0	-429	579	-151	131	108	-168
3	-259	299	1788805348	4	11	-8	13	-1	2	0	-430	581	-151	131	108	-168
3	-259	299	1788807336	6	13	-8	10	0	2	0	-430	583	-151	131	108	-168
3	-259	299	1788809332	5	9	-7	12	0	1	0	-430	584	-151	131	108	-168
3	-259	299	1788811332	5	8	-7	10	0	2	0	-430	586	-151	131	108	-168
3	-259	299	1788813336	8	10	-6	8	0	1	0	-430	587	-151	131	108	-168
3	-259	299	1788815300	5	7	-5	8	0	1	0	-430	588	-151	131	108	-168
3	-259	299	1788817332	6	7	-5	9	0	1	0	-430	589	-151	131	108	-168
3	-259	299	1788819328	7	6	-4	6	0	1	0	-430	590	-151	131	108	-168
3	-259	299	1788821320	7	5	-3	6	0	1	0	-430	591	-151	131	108	-168
3	-259	299	1788823316	6	7	-4	5	0	1	0	-430	592	-151	131	108	-168
3	-259	299	1788825312	6	5	-3	6	0	1	0	-430	593	-151	131	108	-168
3	-259	299	1788827296	6	5	-2	4	0	0	0	-430	593	-151	131	108	-168
3	-259	299	1788829328	5	3	-3	5	1	1	0	-429	594	-151	131	108	-168
3	-259	299	1788831312	7	4	-2	4	0	1	0	-429	595	-151	131	108	-168
3	-259	299	1788833296	5	4	-3	2	0	0	0	-429	595	-151	131	108	-168
3	-259	299	1788835292	3	2	-2	4	0	0	0	-429	595	-151	131	108	-168
3	-259	299	1788837300	4	4	-1	3	0	1	0	-429	596	-151	131	108	-168
3	-259	299	1788839312	4	3	-2	3	1	0	0	-428	596	-151	131	108	-168
3	-259	299	1788841280	2	2	-2	3	0	1	0	-428	597	-151	131	108	-168
3	-259	299	1788843296	3	3	-1	2	0	0	0	-428	597	-151	131	108	-168
3	-259	299	1788845276	2	2	-2	2	0	0	0	-428	597	-151	131	108	-168
3	-259	299	1788847316	2	1	-1	2	0	1	0	-428	598	-151	131	108	-168
3	-259	299	1788849300	1	3	0	1	0	0	0	-428	598	-151	131	108	-168
3	-259	299	1788851276	1	1	-1	2	0	0	0	-428	598	-151	131	108	-168
3	-259	299	1788853304	0	1	-1	1	0	0	0	-428	598	-151	131	108	-168
3	-259	299	1788857308	1	2	-2	1	0	1	1	-428	599	-151	131	108	-168
4	-259	299	1788861296	0	1	-1	1	0	0	1	-151	131	-151	131	108	-168
4	333	-214	1788865268	0	1	0	0	0	0	1	-151	131	182	-83	-151	131
4	333	-214	1788867268	0	0	0	2	0	0	1	-151	131	182	-83	-151	131
4	333	-214	1788877272	0	1	0	0	0	0	1	-151	131	182	-83	-151	131
4	333	-214	1788919300	2	0	0	0	0	0	1	-151	131	182	-83	-151	131
4	333	-214	1788931280	0	0	0	0	0	0	0	-151	131	182	-83	-151	131
4	333	-214	1788945308	1	0	0	0	0	0	0	-151	131	182	-83	-151	131
4	333	-214	1788949304	1	0	0	0	0	0	0	-151	131	182	-83	-151	131
4	333	-214	1788951312	1	0	1	0	0	0	0	-151	131	182	-83	-151	131
4	333	-214	1788953336	3	-3	1	-1	0	0	0	-151	131	182	-83	-151	131
4	333	-214	1788955356	5	-1	4	-2	1	0	0	-150	131	182	-83	-151	131
4	333	-214	1788957348	5	-4	3	-3	1	0	0	-149	131	182	-83	-151	131
4	333	-214	1788959352	6	-5	7	-4	1	-1	0	-148	130	182	-83	-151	131
4	333	-214	1788961352	8	-6	8	-6	1	-1	0	-147	129	182	-83	-151	131
4	333	-214	1788963352	10	-9	10	-6	1	-1	0	-146	128	182	-83	-151	131
4	333	-214	1788965352	10	-8	17	-10	2	-1	0	-144	127	182	-83	-151	131
4	333	-214	1788967352	11	-13	16	-10	2	-2	0	-142	125	182	-83	-151	131
4	333	-214	1788969360	15	-15	24	-14	3	-2	0	-139	123	182	-83	-151	131
4	333	-214	1788971364	16	-16	23	-14	3	-2	0	-136	121	182	-83	-151	131
4	333	-214	1788973356	16	-19	34	-17	4	-3	0	-132	118	182	-83	-151	131
4	333	-214	1788975360	23	-25	34	-19	4	-3	0	-128	115	182	-83	-151	131
4	333	-214	1788977360	21	-24	44	-24	5	-4	0	-123	111	182	-83	-151	131
4	333	-214	1788979368	24	-27	43	-22	5	-3	0	-118	108	182	-83	-151	131
4	333	-214	1788981372	29	-33	57	-30	7	-5	0	-111	103	182	-83	-151	131
4	333	-214	1788983368	28	-33	56	-29	6	-5	0	-105	98	182	-83	-151	131
4	333	-214	1788985360	30	-35	69	-35	7	-5	0	-98	93	182	-83	-151	131
4	333	-214	1788987356	35	-42	67	-34	8	-6	0	-90	87	182	-83	-151	131
4	333	-214	1788989364	34	-40	83	-41	9	-6	0	-81	81	182	-83	-151	131
4	333	-214	1788991360	36	-41	88	-44	9	-6	0	-72	75	182	-83	-151	131
4	333	-214	1788993364	43	-49	83	-40	9	-7	0	-63	68	182	-83	-151	131
4	333	-214	1788995356	40	-45	101	-48	11	-7	0	-52	61	182	-83	-151	131
4	333	-214	1788997364	41	-47	93	-44	10	-7	0	-42	54	182	-83	-151	131
4	333	-214	1788999360	49	-55	111	-53	12	-8	0	-30	46	182	-83	-151	131
4	333	-214	1789001352	46	-50	100	-47	11	-7	0	-19	39	182	-83	-151	131
4	333	-214	1789003356	46	-51	119	-55	12	-8	0	-7	31	182	-83	-151	131
4	333	-214	1789005360	54	-59	107	-50	12	-8	0	5	23	182	-83	-151	131
4	333	-214	1789007368	50	-54	126	-58	14	-9	0	19	14	182	-83	-151	131
4	333	-214	1789009364	50	-54	114	-51	12	-8	0	31	6	182	-83	-151	131
4	333	-214	1789011368	58	-61	133	-60	14	-9	0	45	-3	182	-83	-151	131
4	333	-214	1789013372	51	-56	118	-52	13	-8	0	58	-11	182	-83	-151	131
4	333	-214	1789015368	51	-56	138	-62	14	-9	0	72	-20	182	-83	-151	131
4	333	-214	1789017364	59	-64	140	-61	15	-9	0	87	-29	182	-83	-151	131
4	333	-214	1789019356	52	-56	125	-54	13	-8	0	100	-37	182	-83	-151	131
4	333	-214	1789021360	53	-57	142	-62	15	-9	0	115	-46	182	-83	-151	131
4	333	-214	1789023368	59	-65	127	-54	14	-9	0	129	-55	182	-83	-151	131
4	333	-214	1789025364	51	-56	145	-62	15	-9	0	144	-64	182	-83	-151	131
4	333	-214	1789027360	51	-56	127	-54	13	-8	0	157	-72	182	-83	-151	131
4	333	-214	1789029360	58	-64	145	-61	15	-9	0	172	-81	182	-83	-151	131
4	333	-214	1789031356	51	-56	128	-54	14	-9	0	186	-90	182	-83	-151	131
4	333	-214	1789033352	51	-56	143	-61	14	-9	0	200	-99	182	-83	-151	131
4	333	-214	1789035344	50	-57	127	-54	13	-8	0	213	-107	182	-83	-151	131
4	333	-214	1789037352	55	-62	142	-61	15	-9	0	228	-116	182	-83	-151	131
4	333	-214	1789039344	50	-55	124	-54	13	-8	0	241	-124	182	-83	-151	131
4	333	-214	1789041340	49	-56	140	-60	14	-9	0	255	-133	182	-83	-151	131
4	333	-214	1789043348	54	-62	120	-54	14	-9	0	269	-142	182	-83	-151	131
4	333	-214	1789045344	46	-55	135	-60	13	-8	0	282	-150	182	-83	-151	131
4	333	-214	1789047336	46	-53	115	-51	12	-8	0	294	-158	182	-83	-151	131
4	333	-214	1789049332	50	-62	130	-59	14	-9	0	308	-167	182	-83	-151	131
4	333	-214	1789051336	44	-52	126	-57	12	-8	0	320	-175	182	-83	-151	131
4	333	-214	1789053340	42	-51	108	-50	12	-8	0	332	-183	182	-83	-151	131
4	333	-214	1789055344	45	-58	118	-55	12	-8	0	344	-191	182	-83	-151	131
4	333	-214	1789057352	40	-50	102	-49	11	-8	0	355	-199	182	-83	-151	131
4	333	-214	1789059348	39	-49	111	-54	11	-8	0	366	-207	182	-83	-151	131
4	333	-214	1789061348	41	-53	96	-46	10	-7	0	376	-214	182	-83	-151	131
4	333	-214	1789063348	35	-47	105	-51	11	-7	0	387	-221	182	-83	-151	131
4	333	-214	1789065344	34	-45	90	-44	9	-7	0	396	-228	182	-83	-151	131
4	333	-214	1789067336	36	-50	100	-50	10	-7	0	406	-235	182	-83	-151	131
4	333	-214	1789069344	30	-42	84	-41	9	-7	0	415	-242	182	-83	-151	131
4	333	-214	1789071332	30	-41	94	-47	9	-6	0	424	-248	182	-83	-151	131
4	333	-214	1789073332	32	-45	80	-38	8	-7	0	432	-255	182	-83	-151	131
4	333	-214	1789075324	26	-39	90	-44	9	-6	0	441	-261	182	-83	-151	131
4	333	-214	1789077320	26	-38	75	-36	8	-5	0	449	-266	182	-83	-151	131
4	333	-214	1789079316	29	-41	85	-42	8	-7	0	457	-273	182	-83	-151	131
4	333	-214	1789081308	25	-36	71	-36	7	-5	0	464	-278	182	-83	-151	131
4	333	-214	1789083316	24	-35	81	-39	8	-5	0	472	-283	182	-83	-151	131
4	333	-214	1789085320	26	-39	79	-38	8	-6	0	480	-289	182	-83	-151	131
4	333	-214	1789087316	22	-34	67	-34	7	-5	0	487	-294	182	-83	-151	131
4	333	-214	1789089324	22	-33	77	-36	7	-6	0	494	-300	182	-83	-151	131
4	333	-214	1789091316	25	-38	66	-33	7	-5	0	501	-305	182	-83	-151	131
4	333	-214	1789093312	21	-34	74	-36	7	-5	0	508	-310	182	-83	-151	131
4	333	-214	1789095316	21	-32	62	-31	6	-5	0	514	-315	182	-83	-151	131
4	333	-214	1789097312	24	-35	73	-35	8	-5	0	522	-320	182	-83	-151	131
4	333	-214	1789099308	20	-31	61	-30	6	-5	0	528	-325	182	-83	-151	131
4	333	-214	1789101304	20	-32	69	-35	6	-5	0	534	-330	182	-83	-151	131
4	333	-214	1789103300	20	-31	58	-30	6	-4	0	540	-334	182	-83	-151	131
4	333	-214	1789105292	22	-34	67	-34	7	-5	0	547	-339	182	-83	-151	131
4	333	-214	1789107300	20	-30	56	-30	6	-5	0	553	-344	182	-83	-151	131
4	333	-214	1789109296	19	-30	64	-34	6	-5	0	559	-349	182	-83	-151	131
4	333	-214	1789111284	21	-32	53	-29	5	-4	0	564	-353	182	-83	-151	131
4	333	-214	1789113276	19	-30	60	-32	6	-5	0	570	-358	182	-83	-151	131
4	333	-214	1789115284	18	-29	52	-29	6	-4	0	576	-362	182	-83	-151	131
4	333	-214	1789117280	18	-31	56	-31	5	-5	0	581	-367	182	-83	-151	131
4	333	-214	1789119276	17	-28	54	-31	5	-4	0	586	-371	182	-83	-151	131
4	333	-214	1789121272	15	-27	45	-27	5	-4	0	591	-375	182	-83	-151	131
4	333	-214	1789123276	16	-29	48	-30	5	-5	0	596	-380	182	-83	-151	131
4	333	-214	1789125272	14	-26	42	-26	4	-4	0	600	-384	182	-83	-151	131
4	333	-214	1789127268	13	-26	45	-29	4	-4	0	604	-388	182	-83	-151	131
4	333	-214	1789129272	14	-28	36	-23	4	-4	0	608	-392	182	-83	-151	131
4	333	-214	1789131268	11	-25	40	-28	4	-4	0	612	-396	182	-83	-151	131
4	333	-214	1789133264	10	-24	31	-24	3	-3	0	615	-399	182	-83	-151	131
4	333	-214	1789135268	12	-25	35	-26	3	-4	0	618	-403	182	-83	-151	131
4	333	-214	1789137268	8	-22	28	-22	3	-3	0	621	-406	182	-83	-151	131
4	333	-214	1789139268	9	-23	30	-24	3	-4	0	624	-410	182	-83	-151	131
4	333	-214	1789141268	9	-22	22	-21	2	-3	0	626	-413	182	-83	-151	131
4	333	-214	1789143264	7	-21	25	-23	3	-3	0	629	-416	182	-83	-151	131
4	333	-214	1789145264	7	-19	20	-20	2	-3	0	631	-419	182	-83	-151	131
4	333	-214	1789147264	7	-23	20	-21	2	-4	0	633	-423	182	-83	-151	131
4	333	-214	1789149264	5	-17	16	-19	1	-2	0	634	-425	182	-83	-151	131
4	333	-214	1789151264	6	-19	18	-20	2	-3	0	636	-428	182	-83	-151	131
4	333	-214	1789153256	5	-19	15	-19	2	-3	0	638	-431	182	-83	-151	131
4	333	-214	1789155256	5	-16	11	-16	1	-2	0	639	-433	182	-83	-151	131
4	333	-214	1789157252	4	-15	13	-17	1	-3	0	640	-436	182	-83	-151	131
4	333	-214	1789159256	4	-16	10	-15	1	-2	0	641	-438	182	-83	-151	131
4	333	-214	1789161256	4	-14	8	-17	1	-3	0	642	-441	182	-83	-151	131
4	333	-214	1789163256	2	-12	8	-12	1	-1	0	643	-442	182	-83	-151	131
4	333	-214	1789165252	4	-14	7	-14	1	-2	0	644	-444	182	-83	-151	131
4	333	-214	1789167236	2	-10	5	-11	0	-2	0	644	-446	182	-83	-151	131
4	333	-214	1789169256	3	-10	7	-11	1	-2	0	645	-448	182	-83	-151	131
4	333	-214	1789171236	1	-10	3	-9	0	-1	0	645	-449	182	-83	-151	131
4	333	-214	1789173252	3	-8	5	-10	1	-1	0	646	-450	182	-83	-151	131
4	333	-214	1789175240	1	-6	3	-6	0	-1	0	646	-451	182	-83	-151	131
4	333	-214	1789177252	1	-6	2	-8	0	-1	0	646	-452	182	-83	-151	131
4	333	-214	1789179272	0	-5	3	-6	1	-1	0	647	-453	182	-83	-151	131
4	333	-214	1789181256	1	-4	1	-5	0	-1	0	647	-454	182	-83	-151	131
4	333	-214	1789183240	0	-4	3	-5	0	0	0	647	-454	182	-83	-151	131
4	333	-214	1789185260	2	-2	1	-3	0	-1	0	647	-455	182	-83	-151	131
4	333	-214	1789187216	0	-3	0	-2	0	0	0	647	-455	182	-83	-151	131
4	333	-214	1789189264	0	-1	1	-3	0	-1	0	647	-456	182	-83	-151	131
4	333	-214	1789191224	0	-1	0	-1	0	0	0	647	-456	182	-83	-151	131
4	333	-214	1789193216	0	0	0	-1	0	0	0	647	-456	182	-83	-151	131
4	333	-214	1789195216	0	-1	0	-1	0	0	0	647	-456	182	-83	-151	131
4	333	-214	1789201192	0	0	0	0	0	0	1	647	-456	182	-83	-151	131
5	333	-214	1789213228	0	0	1	0	0	0	1	182	-83	182	-83	-151	131
5	-380	111	1789269260	1	0	0	0	0	0	1	182	-83	-198	28	182	-83
5	-380	111	1789285232	0	0	0	0	0	0	0	182	-83	-198	28	182	-83
5	-380	111	1789287264	0	1	0	0	0	0	0	182	-83	-198	28	182	-83
5	-380	111	1789295264	0	2	0	0	0	0	0	182	-83	-198	28	182	-83
5	-380	111	1789297292	0	1	-1	1	0	0	0	182	-83	-198	28	182	-83
5	-380	111	1789299284	-1	2	-3	4	0	0	0	182	-83	-198	28	182	-83
5	-380	111	1789301288	-1	4	-4	3	0	0	0	182	-83	-198	28	182	-83
5	-380	111	1789303300	-2	5	-6	5	0	1	0	182	-82	-198	28	182	-83
5	-380	111	1789305312	-3	6	-7	6	-1	1	0	181	-81	-198	28	182	-83
5	-380	111	1789307312	-2	8	-12	7	-1	1	0	180	-80	-198	28	182	-83
5	-380	111	1789309316	-5	10	-12	8	-1	2	0	179	-78	-198	28	182	-83
5	-380	111	1789311316	-5	10	-18	10	-2	1	0	177	-77	-198	28	182	-83
5	-380	111	1789313320	-7	12	-20	12	-2	2	0	175	-75	-198	28	182	-83
5	-380	111	1789315320	-7	15	-21	13	-2	2	0	173	-73	-198	28	182	-83
5	-380	111	1789317324	-10	15	-29	15	-3	2	0	170	-71	-198	28	182	-83
5	-380	111	1789319320	-10	17	-28	15	-3	3	0	167	-68	-198	28	182	-83
5	-380	111	1789321316	-14	21	-38	20	-3	3	0	164	-65	-198	28	182	-83
5	-380	111	1789323312	-14	21	-37	17	-4	3	0	160	-62	-198	28	182	-83
5	-380	111	1789325300	-16	24	-48	24	-5	3	0	155	-59	-198	28	182	-83
5	-380	111	1789327296	-17	24	-47	23	-5	4	0	150	-55	-198	28	182	-83
5	-380	111	1789329300	-24	28	-59	27	-6	4	0	144	-51	-198	28	182	-83
5	-380	111	1789331304	-23	28	-56	25	-6	4	0	138	-47	-198	28	182	-83
5	-380	111	1789333300	-25	27	-70	30	-7	4	0	131	-43	-198	28	182	-83
5	-380	111	1789335304	-31	34	-65	29	-7	5	0	124	-38	-198	28	182	-83
5	-380	111	1789337300	-30	30	-82	32	-9	4	0	115	-34	-198	28	182	-83
5	-380	111	1789339296	-34	31	-75	30	-8	5	0	107	-29	-198	28	182	-83
5	-380	111	1789341292	-41	37	-91	35	-10	5	0	97	-24	-198	28	182	-83
5	-380	111	1789343288	-39	32	-84	33	-9	5	0	88	-19	-198	28	182	-83
5	-380	111	1789345292	-42	35	-101	37	-11	6	0	77	-13	-198	28	182	-83
5	-380	111	1789347300	-51	40	-107	39	-12	6	0	65	-7	-198	28	182	-83
5	-380	111	1789349296	-48	36	-99	35	-11	5	0	54	-2	-198	28	182	-83
5	-380	111	1789351296	-52	38	-118	41	-12	6	0	42	4	-198	28	182	-83
5	-380	111	1789353288	-62	41	-107	37	-13	6	0	29	10	-198	28	182	-83
5	-380	111	1789355296	-57	39	-128	41	-14	6	0	15	16	-198	28	182	-83
5	-380	111	1789357300	-61	39	-116	37	-13	5	0	2	21	-198	28	182	-83
5	-380	111	1789359304	-72	45	-136	44	-16	7	0	-14	28	-198	28	182	-83
5	-380	111	1789361296	-66	38	-124	39	-14	6	0	-28	34	-198	28	182	-83
5	-380	111	1789363300	-69	42	-147	44	-16	6	0	-44	40	-198	28	182	-83
5	-380	111	1789365304	-81	46	-132	40	-16	7	0	-60	47	-198	28	182	-83
5	-380	111	1789367292	-74	41	-155	45	-17	6	0	-77	53	-198	28	182	-83
5	-380	111	1789369296	-77	43	-140	40	-17	6	0	-94	59	-198	28	182	-83
5	-380	111	1789371300	-88	46	-162	46	-18	7	0	-112	66	-198	28	182	-83
5	-380	111	1789373304	-81	42	-166	46	-19	7	0	-131	73	-198	28	182	-83
5	-380	111	1789375300	-82	43	-149	41	-17	6	0	-148	79	-198	28	182	-83
5	-380	111	1789377304	-95	49	-173	47	-20	7	0	-168	86	-198	28	182	-83
5	-380	111	1789379308	-85	41	-152	41	-18	7	0	-186	93	-198	28	182	-83
5	-380	111	1789381316	-87	42	-176	46	-20	6	0	-206	99	-198	28	182	-83
5	-380	111	1789383308	-97	48	-157	40	-19	7	0	-225	106	-198	28	182	-83
5	-380	111	1789385308	-88	41	-180	46	-20	6	0	-245	112	-198	28	182	-83
5	-380	111	1789387296	-86	41	-157	39	-18	6	0	-263	118	-198	28	182	-83
5	-380	111	1789389300	-99	45	-181	46	-21	7	0	-284	125	-198	28	182	-83
5	-380	111	1789391308	-87	40	-159	39	-19	6	0	-303	131	-198	28	182	-83
5	-380	111	1789393316	-88	40	-180	44	-20	6	0	-323	137	-198	28	182	-83
5	-380	111	1789395320	-96	44	-158	37	-19	6	0	-342	143	-198	28	182	-83
5	-380	111	1789397320	-85	38	-177	44	-20	7	0	-362	150	-198	28	182	-83
5	-380	111	1789399312	-84	36	-154	36	-17	5	0	-379	155	-198	28	182	-83
5	-380	111	1789401316	-93	40	-172	40	-20	6	0	-399	161	-198	28	182	-83
5	-380	111	1789403324	-80	35	-170	40	-19	6	0	-418	167	-198	28	182	-83
5	-380	111	1789405320	-79	32	-147	33	-17	4	0	-435	171	-198	28	182	-83
5	-380	111	1789407320	-88	37	-162	36	-19	6	0	-454	177	-198	28	182	-83
5	-380	111	1789409316	-75	31	-140	31	-16	5	0	-470	182	-198	28	182	-83
5	-380	111	1789411304	-72	30	-155	34	-17	4	0	-487	186	-198	28	182	-83
5	-380	111	1789413300	-80	31	-133	29	-16	5	0	-503	191	-198	28	182	-83
5	-380	111	1789415304	-69	28	-147	31	-16	4	0	-519	195	-198	28	182	-83
5	-380	111	1789417296	-66	26	-124	26	-14	4	0	-533	199	-198	28	182	-83
5	-380	111	1789419304	-73	27	-136	28	-16	4	0	-549	203	-198	28	182	-83
5	-380	111	1789421292	-62	23	-116	24	-13	4	0	-562	207	-198	28	182	-83
5	-380	111	1789423296	-59	21	-127	25	-14	3	0	-576	210	-198	28	182	-83
5	-380	111	1789425288	-65	23	-107	21	-13	4	0	-589	214	-198	28	182	-83
5	-380	111	1789427296	-55	18	-118	21	-13	3	0	-602	217	-198	28	182	-83
5	-380	111	1789429288	-52	19	-97	19	-11	2	0	-613	219	-198	28	182	-83
5	-380	111	1789431288	-57	19	-108	20	-13	3	0	-626	222	-198	28	182	-83
5	-380	111	1789433284	-48	15	-90	15	-10	3	0	-636	225	-198	28	182	-83
5	-380	111	1789435296	-47	15	-97	17	-11	2	0	-647	227	-198	28	182	-83
5	-380	111	1789437296	-51	15	-93	15	-11	2	0	-658	229	-198	28	182	-83
5	-380	111	1789439300	-41	14	-77	14	-8	2	0	-666	231	-198	28	182	-83
5	-380	111	1789441300	-41	11	-84	14	-10	2	0	-676	233	-198	28	182	-83
5	-380	111	1789443292	-43	11	-69	10	-8	2	0	-684	235	-198	28	182	-83
5	-380	111	1789445300	-37	10	-73	12	-9	1	0	-693	236	-198	28	182	-83
5	-380	111	1789447292	-34	10	-62	9	-7	2	0	-700	238	-198	28	182	-83
5	-380	111	1789449292	-36	9	-66	10	-7	1	0	-707	239	-198	28	182	-83
5	-380	111	1789451292	-32	9	-54	9	-7	2	0	-714	241	-198	28	182	-83
5	-380	111	1789453292	-28	6	-58	7	-6	1	0	-720	242	-198	28	182	-83
5	-380	111	1789455300	-30	7	-47	8	-6	1	0	-726	243	-198	28	182	-83
5	-380	111	1789457300	-25	7	-50	6	-6	1	0	-732	244	-198	28	182	-83
5	-380	111	1789459296	-24	5	-46	6	-5	1	0	-737	245	-198	28	182	-83
5	-380	111	1789461280	-24	6	-36	5	-4	0	0	-741	245	-198	28	182	-83
5	-380	111	1789463288	-19	4	-39	7	-5	1	0	-746	246	-198	28	182	-83
5	-380	111	1789465284	-18	3	-31	3	-3	1	0	-749	247	-198	28	182	-83
5	-380	111	1789467264	-18	5	-33	4	-4	0	0	-753	247	-198	28	182	-83
5	-380	111	1789469280	-15	3	-25	4	-3	1	0	-756	248	-198	28	182	-83
5	-380	111	1789471264	-12	2	-26	2	-3	0	0	-759	248	-198	28	182	-83
5	-380	111	1789473280	-14	3	-20	3	-3	1	0	-762	249	-198	28	182	-83
5	-380	111	1789475264	-10	2	-20	2	-2	0	0	-764	249	-198	28	182	-83
5	-380	111	1789477272	-9	2	-16	2	-2	0	0	-766	249	-198	28	182	-83
5	-380	111	1789479272	-7	1	-15	1	-1	0	0	-767	249	-198	28	182	-83
5	-380	111	1789481276	-8	1	-11	1	-2	0	0	-769	249	-198	28	182	-83
5	-380	111	1789483288	-5	1	-12	1	-1	1	0	-770	250	-198	28	182	-83
5	-380	111	1789485280	-5	2	-7	2	-1	0	0	-771	250	-198	28	182	-83
5	-380	111	1789487276	-4	1	-9	1	-1	0	0	-772	250	-198	28	182	-83
5	-380	111	1789489248	-2	0	-5	0	-1	0	0	-773	250	-198	28	182	-83
5	-380	111	1789491256	-3	1	-5	1	0	0	0	-773	250	-198	28	182	-83
5	-380	111	1789493240	-1	0	-4	0	-1	0	0	-774	250	-198	28	182	-83
5	-380	111	1789495244	-1	1	-2	1	0	0	0	-774	250	-198	28	182	-83
5	-380	111	1789497220	-1	0	-3	0	0	0	0	-774	250	-198	28	182	-83
5	-380	111	1789499216	0	0	-1	0	0	0	0	-774	250	-198	28	182	-83
5	-380	111	1789501216	-2	0	0	0	0	0	0	-774	250	-198	28	182	-83
5	-380	111	1789503224	0	0	-1	0	0	0	0	-774	250	-198	28	182	-83
5	-380	111	1789543232	0	0	0	0	0	0	1	-774	250	-198	28	182	-83
6	396	0	1789613332	0	0	0	2	0	1	1	-198	29	198	28	-198	28
6	396	0	1789617316	1	0	0	0	0	0	0	-198	29	198	28	-198	28
6	396	0	1789627312	1	0	0	0	0	0	0	-198	29	198	28	-198	28
6	396	0	1789631312	1	0	0	0	0	0	0	-198	29	198	28	-198	28
6	396	0	1789633308	2	0	3	0	0	0	0	-198	29	198	28	-198	28
6	396	0	1789635328	3	2	2	1	0	0	0	-198	29	198	28	-198	28
6	396	0	1789637328	4	1	4	0	0	0	0	-198	29	198	28	-198	28
6	396	0	1789639340	6	1	8	1	1	0	0	-197	29	198	28	-198	28
6	396	0	1789641340	8	1	7	1	1	0	0	-196	29	198	28	-198	28
6	396	0	1789643340	9	2	11	2	2	0	0	-194	29	198	28	-198	28
6	396	0	1789645356	11	1	14	1	2	1	0	-192	30	198	28	-198	28
6	396	0	1789647344	15	2	19	2	2	0	0	-190	30	198	28	-198	28
6	396	0	1789649340	16	2	22	2	3	0	0	-187	30	198	28	-198	28
6	396	0	1789651348	18	1	24	2	3	0	0	-184	30	198	28	-198	28
6	396	0	1789653360	23	2	33	1	5	1	0	-179	31	198	28	-198	28
6	396	0	1789655348	25	3	31	3	4	0	0	-175	31	198	28	-198	28
6	396	0	1789657348	28	1	42	1	5	0	0	-170	31	198	28	-198	28
6	396	0	1789659360	34	3	43	1	6	1	0	-164	32	198	28	-198	28
6	396	0	1789661348	35	1	52	3	6	0	0	-158	32	198	28	-198	28
6	396	0	1789663348	37	1	53	1	7	0	0	-151	32	198	28	-198	28
6	396	0	1789665344	46	1	66	1	8	0	0	-143	32	198	28	-198	28
6	396	0	1789667344	45	0	64	2	9	0	0	-134	32	198	28	-198	28
6	396	0	1789669312	48	0	77	0	9	0	0	-125	32	198	28	-198	28
6	396	0	1789671336	57	0	74	1	10	0	0	-115	32	198	28	-198	28
6	396	0	1789673304	55	0	90	0	11	0	0	-104	32	198	28	-198	28
6	396	0	1789675304	59	0	83	0	10	0	0	-94	32	198	28	-198	28
6	396	0	1789677304	61	0	101	0	12	0	0	-82	32	198	28	-198	28
6	396	0	1789679332	73	-3	106	-1	14	0	0	-68	32	198	28	-198	28
6	396	0	1789681332	69	-1	98	-1	12	0	0	-56	32	198	28	-198	28
6	396	0	1789683328	71	-2	117	-1	15	0	0	-41	32	198	28	-198	28
6	396	0	1789685328	85	-3	106	-1	14	0	0	-27	32	198	28	-198	28
6	396	0	1789687328	79	-1	127	-2	15	0	0	-12	32	198	28	-198	28
6	396	0	1789689328	82	-3	113	-1	15	0	0	3	32	198	28	-198	28
6	396	0	1789691328	96	-2	135	-1	17	0	0	20	32	198	28	-198	28
6	396	0	1789693340	89	-1	123	-1	16	-1	0	36	31	198	28	-198	28
6	396	0	1789695296	93	0	144	0	18	0	0	54	31	198	28	-198	28
6	396	0	1789697332	107	-2	128	-2	18	0	0	72	31	198	28	-198	28
6	396	0	1789699292	99	0	152	0	18	0	0	90	31	198	28	-198	28
6	396	0	1789701296	101	0	135	0	18	0	0	108	31	198	28	-198	28
6	396	0	1789703324	116	1	156	1	20	0	0	128	31	198	28	-198	28
6	396	0	1789705320	107	1	140	1	19	0	0	147	31	198	28	-198	28
6	396	0	1789707324	107	3	161	3	20	0	0	167	31	198	28	-198	28
6	396	0	1789709328	121	3	143	2	20	0	0	187	31	198	28	-198	28
6	396	0	1789711336	109	4	163	4	20	1	0	207	32	198	28	-198	28
6	396	0	1789713336	110	4	165	4	21	1	0	228	33	198	28	-198	28
6	396	0	1789715320	124	5	145	5	20	0	0	248	33	198	28	-198	28
6	396	0	1789717336	109	6	164	6	21	1	0	269	34	198	28	-198	28
6	396	0	1789719328	108	5	143	5	18	1	0	287	35	198	28	-198	28
6	396	0	1789721336	122	8	162	6	22	1	0	309	36	198	28	-198	28
6	396	0	1789723328	106	6	140	6	18	1	0	327	37	198	28	-198	28
6	396	0	1789725336	104	7	159	9	20	1	0	347	38	198	28	-198	28
6	396	0	1789727328	115	8	135	8	19	1	0	366	39	198	28	-198	28
6	396	0	1789729332	100	7	152	7	19	1	0	385	40	198	28	-198	28
6	396	0	1789731336	98	8	130	9	17	2	0	402	42	198	28	-198	28
6	396	0	1789733340	107	9	145	9	19	1	0	421	43	198	28	-198	28
6	396	0	1789735328	92	8	124	8	16	1	0	437	44	198	28	-198	28
6	396	0	1789737340	90	9	138	9	17	1	0	454	45	198	28	-198	28
6	396	0	1789739336	99	9	132	10	17	2	0	471	47	198	28	-198	28
6	396	0	1789741340	84	10	113	9	15	1	0	486	48	198	28	-198	28
6	396	0	1789743344	81	9	123	10	15	2	0	501	50	198	28	-198	28
6	396	0	1789745348	89	10	105	7	15	1	0	516	51	198	28	-198	28
6	396	0	1789747352	76	8	115	10	14	1	0	530	52	198	28	-198	28
6	396	0	1789749352	74	9	97	9	13	2	0	543	54	198	28	-198	28
6	396	0	1789751356	78	10	106	9	14	1	0	557	55	198	28	-198	28
6	396	0	1789753352	68	9	89	7	12	1	0	569	56	198	28	-198	28
6	396	0	1789755344	64	9	97	9	12	2	0	581	58	198	28	-198	28
6	396	0	1789757336	68	8	81	9	11	1	0	592	59	198	28	-198	28
6	396	0	1789759332	58	9	89	7	11	1	0	603	60	198	28	-198	28
6	396	0	1789761336	55	8	74	8	9	1	0	612	61	198	28	-198	28
6	396	0	1789763336	57	7	80	7	11	1	0	623	62	198	28	-198	28
6	396	0	1789765336	48	6	66	7	8	1	0	631	63	198	28	-198	28
6	396	0	1789767340	45	5	73	7	9	1	0	640	64	198	28	-198	28
6	396	0	1789769340	47	5	66	5	9	1	0	649	65	198	28	-198	28
6	396	0	1789771340	40	5	56	5	7	1	0	656	66	198	28	-198	28
6	396	0	1789773324	37	3	59	5	7	0	0	663	66	198	28	-198	28
6	396	0	1789775336	36	4	49	3	6	1	0	669	67	198	28	-198	28
6	396	0	1789777324	31	2	51	3	7	0	0	676	67	198	28	-198	28
6	396	0	1789779348	28	1	41	2	5	1	0	681	68	198	28	-198	28
6	396	0	1789781336	27	2	44	2	5	0	0	686	68	198	28	-198	28
6	396	0	1789783308	23	0	35	0	4	0	0	690	68	198	28	-198	28
6	396	0	1789785332	18	0	35	1	4	0	0	694	68	198	28	-198	28
6	396	0	1789787304	20	0	29	0	4	0	0	698	68	198	28	-198	28
6	396	0	1789789336	15	-1	28	0	3	0	0	701	68	198	28	-198	28
6	396	0	1789791328	13	-1	24	0	3	0	0	704	68	198	28	-198	28
6	396	0	1789793336	14	-3	23	0	3	0	0	707	68	198	28	-198	28
6	396	0	1789795340	10	-2	20	-3	2	0	0	709	68	198	28	-198	28
6	396	0	1789797336	7	-1	16	-1	2	0	0	711	68	198	28	-198	28
6	396	0	1789799332	9	-4	16	-2	2	0	0	713	68	198	28	-198	28
6	396	0	1789801340	6	-3	11	-3	1	-1	0	714	67	198	28	-198	28
6	396	0	1789803320	5	-2	13	-2	1	0	0	715	67	198	28	-198	28
6	396	0	1789805328	4	-4	9	-3	1	-1	0	716	66	198	28	-198	28
6	396	0	1789807312	4	-2	8	-4	1	0	0	717	66	198	28	-198	28
6	396	0	1789809332	3	-3	8	-2	1	-1	0	718	65	198	28	-198	28
6	396	0	1789811316	4	-4	6	-4	1	0	0	719	65	198	28	-198	28
6	396	0	1789813320	3	-3	6	-2	0	-1	0	719	64	198	28	-198	28
6	396	0	1789815320	2	-3	7	-4	1	0	0	720	64	198	28	-198	28
6	396	0	1789817324	3	-5	5	-4	1	-1	0	721	63	198	28	-198	28
6	396	0	1789819300	1	-4	6	-4	0	0	0	721	63	198	28	-198	28
6	396	0	1789821328	2	-2	5	-3	1	-1	0	722	62	198	28	-198	28
6	396	0	1789823300	3	-5	6	-4	0	0	0	722	62	198	28	-198	28
6	396	0	1789825328	2	-4	6	-4	1	-1	0	723	61	198	28	-198	28
6	396	0	1789827324	3	-4	5	-4	1	-1	0	724	60	198	28	-198	28
6	396	0	1789829300	2	-3	7	-5	0	0	0	724	60	198	28	-198	28
6	396	0	1789831324	3	-4	5	-2	1	-1	0	725	59	198	28	-198	28
6	396	0	1789833300	2	-5	6	-5	0	0	0	725	59	198	28	-198	28
6	396	0	1789835324	3	-4	5	-4	1	-1	0	726	58	198	28	-198	28
6	396	0	1789837324	2	-4	6	-4	1	-1	0	727	57	198	28	-198	28
6	396	0	1789839292	2	-3	4	-3	0	0	0	727	57	198	28	-198	28
6	396	0	1789841320	2	-4	5	-3	1	-1	0	728	56	198	28	-198	28
6	396	0	1789843292	1	-3	5	-4	0	0	0	728	56	198	28	-198	28
6	396	0	1789845308	3	-2	4	-2	1	0	0	729	56	198	28	-198	28
6	396	0	1789847312	1	-3	3	-3	0	-1	0	729	55	198	28	-198	28
6	396	0	1789849296	1	-2	4	-2	0	0	0	729	55	198	28	-198	28
6	396	0	1789851312	2	-1	3	-1	1	0	0	730	55	198	28	-198	28
6	396	0	1789853316	1	-2	2	-3	0	-1	0	730	54	198	28	-198	28
6	396	0	1789855300	0	-1	1	-1	0	0	0	730	54	198	28	-198	28
6	396	0	1789857304	1	-1	3	-1	0	0	0	730	54	198	28	-198	28
6	396	0	1789859308	0	-1	1	0	0	0	0	730	54	198	28	-198	28
6	396	0	1789861276	0	0	0	-2	0	0	0	730	54	198	28	-198	28
6	396	0	1789863308	0	-2	1	0	0	0	0	730	54	198	28	-198	28
6	396	0	1789865320	0	0	2	-1	1	0	0	731	54	198	28	-198	28
6	396	0	1789867280	1	0	0	0	0	0	0	731	54	198	28	-198	28
6	396	0	1789869252	0	0	0	0	0	0	1	731	54	198	28	-198	28
7	-380	-111	1789933336	0	1	0	0	0	0	1	198	28	-182	-83	198	28
7	-380	-111	1789953352	0	0	0	1	0	0	1	198	28	-182	-83	198	28
7	-380	-111	1789955320	0	0	0	0	0	0	0	198	28	-182	-83	198	28
7	-380	-111	1789983376	-1	0	0	0	0	0	0	198	28	-182	-83	198	28
7	-380	-111	1789987388	0	0	-1	0	0	0	0	198	28	-182	-83	198	28
7	-380	-111	1789989384	0	0	-1	0	0	0	0	198	28	-182	-83	198	28
7	-380	-111	1789991388	0	0	-3	0	0	0	0	198	28	-182	-83	198	28
7	-380	-111	1789993388	-2	0	-3	0	0	0	0	198	28	-182	-83	198	28
7	-380	-111	1789995428	-1	-1	-5	-1	-1	0	0	197	28	-182	-83	198	28
7	-380	-111	1789997428	-2	-1	-9	-2	0	-1	0	197	27	-182	-83	198	28
7	-380	-111	1789999428	-5	-2	-10	-2	-2	0	0	195	27	-182	-83	198	28
7	-380	-111	1790001436	-7	-3	-14	-2	-1	0	0	194	27	-182	-83	198	28
7	-380	-111	1790003440	-8	-4	-17	-4	-2	-1	0	192	26	-182	-83	198	28
7	-380	-111	1790005440	-12	-5	-19	-4	-2	-1	0	190	25	-182	-83	198	28
7	-380	-111	1790007432	-13	-5	-25	-6	-3	0	0	187	25	-182	-83	198	28
7	-380	-111	1790009440	-20	-6	-28	-5	-4	-1	0	183	24	-182	-83	198	28
7	-380	-111	1790011444	-22	-7	-35	-7	-4	-1	0	179	23	-182	-83	198	28
7	-380	-111	1790013432	-25	-9	-36	-8	-5	-2	0	174	21	-182	-83	198	28
7	-380	-111	1790015444	-32	-10	-46	-11	-5	-1	0	169	20	-182	-83	198	28
7	-380	-111	1790017436	-35	-11	-46	-10	-7	-2	0	162	18	-182	-83	198	28
7	-380	-111	1790019440	-38	-14	-59	-14	-7	-2	0	155	16	-182	-83	198	28
7	-380	-111	1790021444	-50	-16	-56	-14	-8	-2	0	147	14	-182	-83	198	28
7	-380	-111	1790023448	-48	-17	-72	-16	-9	-3	0	138	11	-182	-83	198	28
7	-380	-111	1790025444	-54	-17	-68	-16	-9	-2	0	129	9	-182	-83	198	28
7	-380	-111	1790027436	-66	-21	-84	-20	-11	-3	0	118	6	-182	-83	198	28
7	-380	-111	1790029436	-64	-20	-90	-21	-12	-3	0	106	3	-182	-83	198	28
7	-380	-111	1790031428	-68	-22	-84	-20	-11	-3	0	95	0	-182	-83	198	28
7	-380	-111	1790033436	-81	-26	-102	-25	-14	-4	0	81	-4	-182	-83	198	28
7	-380	-111	1790035440	-76	-25	-94	-23	-13	-4	0	68	-8	-182	-83	198	28
7	-380	-111	1790037440	-81	-25	-114	-27	-14	-4	0	54	-12	-182	-83	198	28
7	-380	-111	1790039440	-95	-30	-102	-24	-15	-4	0	39	-16	-182	-83	198	28
7	-380	-111	1790041444	-89	-27	-124	-30	-16	-4	0	23	-20	-182	-83	198	28
7	-380	-111	1790043444	-91	-29	-111	-26	-15	-4	0	8	-24	-182	-83	198	28
7	-380	-111	1790045444	-108	-33	-133	-33	-18	-5	0	-10	-29	-182	-83	198	28
7	-380	-111	1790047452	-97	-30	-120	-27	-16	-4	0	-26	-33	-182	-83	198	28
7	-380	-111	1790049456	-102	-31	-141	-34	-19	-5	0	-45	-38	-182	-83	198	28
7	-380	-111	1790051452	-116	-34	-128	-30	-18	-5	0	-63	-43	-182	-83	198	28
7	-380	-111	1790053448	-106	-31	-148	-34	-19	-5	0	-82	-48	-182	-83	198	28
7	-380	-111	1790055448	-108	-31	-133	-30	-18	-4	0	-100	-52	-182	-83	198	28
7	-380	-111	1790057440	-122	-36	-155	-34	-21	-6	0	-121	-58	-182	-83	198	28
7	-380	-111	1790059436	-111	-32	-156	-35	-20	-5	0	-141	-63	-182	-83	198	28
7	-380	-111	1790061436	-113	-31	-140	-31	-19	-4	0	-160	-67	-182	-83	198	28
7	-380	-111	1790063440	-127	-35	-161	-34	-22	-6	0	-182	-73	-182	-83	198	28
7	-380	-111	1790065440	-113	-31	-143	-30	-19	-4	0	-201	-77	-182	-83	198	28
7	-380	-111	1790067440	-112	-31	-162	-35	-20	-5	0	-221	-82	-182	-83	198	28
7	-380	-111	1790069436	-128	-34	-144	-30	-21	-5	0	-242	-87	-182	-83	198	28
7	-380	-111	1790071436	-112	-29	-163	-33	-20	-4	0	-262	-91	-182	-83	198	28
7	-380	-111	1790073436	-112	-29	-142	-29	-19	-5	0	-281	-96	-182	-83	198	28
7	-380	-111	1790075436	-123	-32	-161	-33	-22	-5	0	-303	-101	-182	-83	198	28
7	-380	-111	1790077432	-110	-26	-139	-27	-18	-4	0	-321	-105	-182	-83	198	28
7	-380	-111	1790079432	-108	-28	-158	-31	-20	-4	0	-341	-109	-182	-83	198	28
7	-380	-111	1790081444	-119	-29	-135	-27	-19	-4	0	-360	-113	-182	-83	198	28
7	-380	-111	1790083436	-103	-25	-152	-28	-19	-4	0	-379	-117	-182	-83	198	28
7	-380	-111	1790085432	-103	-25	-130	-25	-18	-4	0	-397	-121	-182	-83	198	28
7	-380	-111	1790087428	-112	-27	-145	-28	-19	-4	0	-416	-125	-182	-83	198	28
7	-380	-111	1790089424	-98	-23	-125	-24	-17	-4	0	-433	-129	-182	-83	198	28
7	-380	-111	1790091424	-95	-22	-139	-26	-17	-3	0	-450	-132	-182	-83	198	28
7	-380	-111	1790093428	-105	-25	-135	-26	-18	-4	0	-468	-136	-182	-83	198	28
7	-380	-111	1790095424	-90	-21	-115	-23	-16	-3	0	-484	-139	-182	-83	198	28
7	-380	-111	1790097424	-89	-20	-126	-23	-16	-4	0	-500	-143	-182	-83	198	28
7	-380	-111	1790099420	-97	-24	-109	-22	-15	-3	0	-515	-146	-182	-83	198	28
7	-380	-111	1790101424	-84	-20	-119	-22	-16	-3	0	-531	-149	-182	-83	198	28
7	-380	-111	1790103428	-81	-20	-101	-20	-13	-3	0	-544	-152	-182	-83	198	28
7	-380	-111	1790105428	-89	-23	-112	-23	-15	-4	0	-559	-156	-182	-83	198	28
7	-380	-111	1790107432	-77	-18	-95	-18	-13	-2	0	-572	-158	-182	-83	198	28
7	-380	-111	1790109428	-74	-20	-105	-22	-14	-4	0	-586	-162	-182	-83	198	28
7	-380	-111	1790111436	-81	-20	-90	-17	-13	-2	0	-599	-164	-182	-83	198	28
7	-380	-111	1790113428	-70	-18	-99	-20	-12	-3	0	-611	-167	-182	-83	198	28
7	-380	-111	1790115428	-67	-17	-83	-18	-11	-3	0	-622	-170	-182	-83	198	28
7	-380	-111	1790117424	-72	-18	-92	-18	-13	-2	0	-635	-172	-182	-83	198	28
7	-380	-111	1790119424	-63	-16	-89	-19	-11	-3	0	-646	-175	-182	-83	198	28
7	-380	-111	1790121416	-60	-16	-75	-15	-10	-2	0	-656	-177	-182	-83	198	28
7	-380	-111	1790123424	-63	-17	-81	-16	-11	-3	0	-667	-180	-182	-83	198	28
7	-380	-111	1790125424	-55	-13	-69	-14	-9	-2	0	-676	-182	-182	-83	198	28
7	-380	-111	1790127416	-53	-13	-75	-15	-10	-2	0	-686	-184	-182	-83	198	28
7	-380	-111	1790129412	-57	-15	-62	-13	-9	-2	0	-695	-186	-182	-83	198	28
7	-380	-111	1790131416	-48	-11	-69	-13	-9	-2	0	-704	-188	-182	-83	198	28
7	-380	-111	1790133424	-47	-11	-58	-13	-8	-2	0	-712	-190	-182	-83	198	28
7	-380	-111	1790135420	-49	-13	-61	-12	-8	-2	0	-720	-192	-182	-83	198	28
7	-380	-111	1790137412	-43	-11	-50	-10	-7	-1	0	-727	-193	-182	-83	198	28
7	-380	-111	1790139408	-40	-10	-55	-13	-7	-2	0	-734	-195	-182	-83	198	28
7	-380	-111	1790141404	-38	-10	-45	-9	-6	-1	0	-740	-196	-182	-83	198	28
7	-380	-111	1790143404	-42	-10	-47	-11	-7	-2	0	-747	-198	-182	-83	198	28
7	-380	-111	1790145404	-33	-10	-39	-9	-5	-1	0	-752	-199	-182	-83	198	28
7	-380	-111	1790147404	-33	-9	-41	-8	-6	-2	0	-758	-201	-182	-83	198	28
7	-380	-111	1790149400	-34	-9	-33	-9	-5	-1	0	-763	-202	-182	-83	198	28
7	-380	-111	1790151396	-28	-8	-35	-9	-4	-1	0	-767	-203	-182	-83	198	28
7	-380	-111	1790153392	-27	-9	-29	-7	-5	-1	0	-772	-204	-182	-83	198	28
7	-380	-111	1790155384	-28	-9	-28	-9	-4	-2	0	-776	-206	-182	-83	198	28
7	-380	-111	1790157392	-23	-7	-27	-8	-4	-1	0	-780	-207	-182	-83	198	28
7	-380	-111	1790159388	-21	-8	-20	-6	-3	-1	0	-783	-208	-182	-83	198	28
7	-380	-111	1790161392	-23	-7	-21	-7	-3	-1	0	-786	-209	-182	-83	198	28
7	-380	-111	1790163396	-18	-7	-16	-7	-3	-1	0	-789	-210	-182	-83	198	28
7	-380	-111	1790165404	-17	-6	-18	-7	-2	-1	0	-791	-211	-182	-83	198	28
7	-380	-111	1790167400	-18	-6	-12	-5	-2	-1	0	-793	-212	-182	-83	198	28
7	-380	-111	1790169392	-14	-6	-14	-8	-3	-1	0	-796	-213	-182	-83	198	28
7	-380	-111	1790171388	-14	-7	-11	-5	-1	-1	0	-797	-214	-182	-83	198	28
7	-380	-111	1790173384	-15	-5	-10	-6	-2	-1	0	-799	-215	-182	-83	198	28
7	-380	-111	1790175376	-12	-5	-9	-6	-2	0	0	-801	-215	-182	-83	198	28
7	-380	-111	1790177396	-13	-5	-7	-5	-1	-1	0	-802	-216	-182	-83	198	28
7	-380	-111	1790179396	-12	-6	-8	-6	-2	-1	0	-804	-217	-182	-83	198	28
7	-380	-111	1790181396	-12	-5	-6	-5	-1	-1	0	-805	-218	-182	-83	198	28
7	-380	-111	1790183392	-10	-5	-6	-7	-1	-1	0	-806	-219	-182	-83	198	28
7	-380	-111	1790185392	-12	-5	-5	-5	-2	-1	0	-808	-220	-182	-83	198	28
7	-380	-111	1790187384	-9	-5	-5	-6	-1	0	0	-809	-220	-182	-83	198	28
7	-380	-111	1790189396	-10	-5	-4	-5	-1	-1	0	-810	-221	-182	-83	198	28
7	-380	-111	1790191400	-10	-5	-4	-5	-1	-1	0	-811	-222	-182	-83	198	28
7	-380	-111	1790193400	-9	-5	-4	-5	-1	-1	0	-812	-223	-182	-83	198	28
7	-380	-111	1790195384	-7	-4	-3	-5	-1	0	0	-813	-223	-182	-83	198	28
7	-380	-111	1790197384	-9	-5	-3	-5	0	-1	0	-813	-224	-182	-83	198	28
7	-380	-111	1790199400	-6	-3	-2	-4	-1	-1	0	-814	-225	-182	-83	198	28
7	-380	-111	1790201384	-6	-4	-3	-3	-1	0	0	-815	-225	-182	-83	198	28
7	-380	-111	1790203384	-7	-3	-2	-4	0	-1	0	-815	-226	-182	-83	198	28
7	-380	-111	1790205388	-5	-3	-3	-4	-1	0	0	-816	-226	-182	-83	198	28
7	-380	-111	1790207376	-3	-3	-1	-2	0	0	0	-816	-226	-182	-83	198	28
7	-380	-111	1790209408	-4	-1	-3	-4	-1	-1	0	-817	-227	-182	-83	198	28
7	-380	-111	1790211380	-3	-3	0	-1	0	0	0	-817	-227	-182	-83	198	28
7	-380	-111	1790213376	-2	-1	-1	-3	0	0	0	-817	-227	-182	-83	198	28
7	-380	-111	1790215396	-1	-1	-1	-1	0	-1	0	-817	-228	-182	-83	198	28
7	-380	-111	1790217400	-2	0	0	-1	-1	0	0	-818	-228	-182	-83	198	28
7	-380	-111	1790219384	-1	-1	-1	-2	0	0	0	-818	-228	-182	-83	198	28
7	-380	-111	1790221360	-1	0	0	0	0	0	0	-818	-228	-182	-83	198	28
7	-380	-111	1790223364	0	0	0	-1	0	0	0	-818	-228	-182	-83	198	28
7	-380	-111	1790225352	0	-2	0	0	0	0	0	-818	-228	-182	-83	198	28
7	-380	-111	1790227356	0	0	-2	0	0	0	0	-818	-228	-182	-83	198	28
7	-380	-111	1790229320	0	0	0	0	0	0	1	-818	-228	-182	-83	198	28
8	333	214	1790255376	0	0	1	0	0	0	1	-182	-83	151	131	-182	-83
8	333	214	1790269380	0	1	0	0	0	0	1	-182	-83	151	131	-182	-83
8	333	214	1790289400	0	1	0	0	0	0	1	-182	-83	151	131	-182	-83
8	333	214	1790295396	2	0	0	0	0	0	1	-182	-83	151	131	-182	-83
8	333	214	1790299400	0	0	1	0	0	0	1	-182	-83	151	131	-182	-83
8	333	214	1790301400	0	1	0	0	0	0	1	-182	-83	151	131	-182	-83
8	333	214	1790307428	1	0	0	1	0	0	1	-182	-83	151	131	-182	-83
8	333	214	1790309428	1	2	1	0	0	0	1	-182	-83	151	131	-182	-83
8	333	214	1790311432	3	1	0	2	0	0	0	-182	-83	151	131	-182	-83
8	333	214	1790313428	2	1	3	1	0	0	0	-182	-83	151	131	-182	-83
8	333	214	1790315428	3	3	1	3	0	0	0	-182	-83	151	131	-182	-83
8	333	214	1790317452	5	3	4	4	1	1	0	-181	-82	151	131	-182	-83
8	333	214	1790319444	5	4	2	3	1	0	0	-180	-82	151	131	-182	-83
8	333	214	1790321460	7	5	5	5	1	1	0	-179	-81	151	131	-182	-83
8	333	214	1790323464	8	6	5	7	1	1	0	-178	-80	151	131	-182	-83
8	333	214	1790325468	8	7	8	6	1	1	0	-177	-79	151	131	-182	-83
8	333	214	1790327468	10	8	6	7	1	1	0	-176	-78	151	131	-182	-83
8	333	214	1790329464	12	8	10	9	2	1	0	-174	-77	151	131	-182	-83
8	333	214	1790331468	11	10	10	9	1	2	0	-173	-75	151	131	-182	-83
8	333	214	1790333460	15	11	14	11	2	1	0	-171	-74	151	131	-182	-83
8	333	214	1790335460	15	13	12	10	2	2	0	-169	-72	151	131	-182	-83
8	333	214	1790337460	16	12	18	14	3	2	0	-166	-70	151	131	-182	-83
8	333	214	1790339468	20	16	20	14	3	2	0	-163	-68	151	131	-182	-83
8	333	214	1790341468	19	15	20	13	3	2	0	-160	-66	151	131	-182	-83
8	333	214	1790343464	21	15	24	18	3	3	0	-157	-63	151	131	-182	-83
8	333	214	1790345464	21	18	23	15	4	2	0	-153	-61	151	131	-182	-83
8	333	214	1790347460	28	20	30	19	4	3	0	-149	-58	151	131	-182	-83
8	333	214	1790349460	26	19	28	18	4	3	0	-145	-55	151	131	-182	-83
8	333	214	1790351460	29	20	36	22	5	3	0	-140	-52	151	131	-182	-83
8	333	214	1790353456	35	23	34	20	5	3	0	-135	-49	151	131	-182	-83
8	333	214	1790355448	35	24	41	23	6	4	0	-129	-45	151	131	-182	-83
8	333	214	1790357448	37	25	40	23	5	4	0	-124	-41	151	131	-182	-83
8	333	214	1790359448	47	30	49	29	8	4	0	-116	-37	151	131	-182	-83
8	333	214	1790361448	46	29	45	26	6	4	0	-110	-33	151	131	-182	-83
8	333	214	1790363448	50	30	57	31	8	5	0	-102	-28	151	131	-182	-83
8	333	214	1790365444	60	36	53	30	9	5	0	-93	-23	151	131	-182	-83
8	333	214	1790367444	59	35	64	36	9	5	0	-84	-18	151	131	-182	-83
8	333	214	1790369444	62	38	60	34	9	5	0	-75	-13	151	131	-182	-83
8	333	214	1790371440	78	43	72	41	12	7	0	-63	-6	151	131	-182	-83
8	333	214	1790373444	72	42	76	44	11	6	0	-52	0	151	131	-182	-83
8	333	214	1790375448	78	43	72	40	11	6	0	-41	6	151	131	-182	-83
8	333	214	1790377448	93	52	86	49	13	8	0	-28	14	151	131	-182	-83
8	333	214	1790379452	88	48	79	45	13	7	0	-15	21	151	131	-182	-83
8	333	214	1790381460	91	50	95	52	14	8	0	-1	29	151	131	-182	-83
8	333	214	1790383456	109	58	86	50	14	8	0	13	37	151	131	-182	-83
8	333	214	1790385452	100	55	102	58	16	8	0	29	45	151	131	-182	-83
8	333	214	1790387452	105	55	93	54	14	8	0	43	53	151	131	-182	-83
8	333	214	1790389460	121	65	110	62	18	10	0	61	63	151	131	-182	-83
8	333	214	1790391460	111	60	100	58	16	9	0	77	72	151	131	-182	-83
8	333	214	1790393456	114	61	116	67	17	9	0	94	81	151	131	-182	-83
8	333	214	1790395460	131	71	105	60	18	10	0	112	91	151	131	-182	-83
8	333	214	1790397452	119	64	123	70	18	10	0	130	101	151	131	-182	-83
8	333	214	1790399444	121	66	108	63	17	10	0	147	111	151	131	-182	-83
8	333	214	1790401444	137	75	127	72	20	11	0	167	122	151	131	-182	-83
8	333	214	1790403444	123	68	128	75	19	11	0	186	133	151	131	-182	-83
8	333	214	1790405440	123	67	113	65	17	9	0	203	142	151	131	-182	-83
8	333	214	1790407444	140	78	130	76	20	12	0	223	154	151	131	-182	-83
8	333	214	1790409436	124	69	114	67	18	10	0	241	164	151	131	-182	-83
8	333	214	1790411444	122	67	130	75	19	11	0	260	175	151	131	-182	-83
8	333	214	1790413440	139	78	112	66	19	11	0	279	186	151	131	-182	-83
8	333	214	1790415440	121	67	128	75	19	10	0	298	196	151	131	-182	-83
8	333	214	1790417432	121	66	111	64	17	10	0	315	206	151	131	-182	-83
8	333	214	1790419444	134	74	125	72	20	11	0	335	217	151	131	-182	-83
8	333	214	1790421444	118	64	107	63	16	10	0	351	227	151	131	-182	-83
8	333	214	1790423452	116	62	120	70	18	9	0	369	236	151	131	-182	-83
8	333	214	1790425452	127	69	104	60	17	10	0	386	246	151	131	-182	-83
8	333	214	1790427460	112	59	115	66	17	9	0	403	255	151	131	-182	-83
8	333	214	1790429460	107	57	113	65	17	10	0	420	265	151	131	-182	-83
8	333	214	1790431456	119	62	95	56	16	8	0	436	273	151	131	-182	-83
8	333	214	1790433452	102	53	105	61	16	9	0	452	282	151	131	-182	-83
8	333	214	1790435456	99	53	88	52	14	8	0	466	290	151	131	-182	-83
8	333	214	1790437456	109	56	98	57	15	8	0	481	298	151	131	-182	-83
8	333	214	1790439452	92	48	82	49	13	8	0	494	306	151	131	-182	-83
8	333	214	1790441448	90	47	90	52	14	7	0	508	313	151	131	-182	-83
8	333	214	1790443452	97	50	77	45	13	7	0	521	320	151	131	-182	-83
8	333	214	1790445448	82	44	82	49	12	7	0	533	327	151	131	-182	-83
8	333	214	1790447444	79	41	68	41	11	6	0	544	333	151	131	-182	-83
8	333	214	1790449444	84	45	73	47	12	7	0	556	340	151	131	-182	-83
8	333	214	1790451448	70	39	62	38	10	6	0	566	346	151	131	-182	-83
8	333	214	1790453448	67	37	66	44	10	6	0	576	352	151	131	-182	-83
8	333	214	1790455452	71	40	54	35	9	6	0	585	358	151	131	-182	-83
8	333	214	1790457448	59	34	57	40	9	5	0	594	363	151	131	-182	-83
8	333	214	1790459444	55	33	54	36	8	5	0	602	368	151	131	-182	-83
8	333	214	1790461440	59	35	42	32	7	5	0	609	373	151	131	-182	-83
8	333	214	1790463436	47	28	45	32	7	5	0	616	378	151	131	-182	-83
8	333	214	1790465448	44	27	35	28	6	4	0	622	382	151	131	-182	-83
8	333	214	1790467456	45	28	38	30	7	4	0	629	386	151	131	-182	-83
8	333	214	1790469448	36	24	29	25	4	4	0	633	390	151	131	-182	-83
8	333	214	1790471444	33	23	30	25	5	4	0	638	394	151	131	-182	-83
8	333	214	1790473440	32	22	22	21	4	3	0	642	397	151	131	-182	-83
8	333	214	1790475432	25	19	24	24	4	3	0	646	400	151	131	-182	-83
8	333	214	1790477440	23	17	17	17	3	3	0	649	403	151	131	-182	-83
8	333	214	1790479436	22	19	18	20	3	3	0	652	406	151	131	-182	-83
8	333	214	1790481436	17	14	14	16	2	2	0	654	408	151	131	-182	-83
8	333	214	1790483428	13	14	12	17	2	2	0	656	410	151	131	-182	-83
8	333	214	1790485428	14	13	10	12	2	2	0	658	412	151	131	-182	-83
8	333	214	1790487424	9	12	9	14	1	2	0	659	414	151	131	-182	-83
8	333	214	1790489420	7	10	6	11	1	2	0	660	416	151	131	-182	-83
8	333	214	1790491420	7	10	6	11	1	1	0	661	417	151	131	-182	-83
8	333	214	1790493428	5	8	5	10	1	2	0	662	419	151	131	-182	-83
8	333	214	1790495408	3	9	3	9	0	1	0	662	420	151	131	-182	-83
8	333	214	1790497424	3	8	2	9	1	1	0	663	421	151	131	-182	-83
8	333	214	1790499412	2	7	3	7	0	1	0	663	422	151	131	-182	-83
8	333	214	1790501412	2	6	1	8	0	1	0	663	423	151	131	-182	-83
8	333	214	1790503416	0	5	1	6	0	1	0	663	424	151	131	-182	-83
8	333	214	1790505388	0	7	0	6	0	1	0	663	425	151	131	-182	-83
8	333	214	1790507440	0	5	2	5	1	1	0	664	426	151	131	-182	-83
8	333	214	1790509432	-2	5	0	5	0	1	0	664	427	151	131	-182	-83
8	333	214	1790511416	-1	3	0	5	0	0	0	664	427	151	131	-182	-83
8	333	214	1790513424	-3	4	0	4	0	1	0	664	428	151	131	-182	-83
8	333	214	1790515408	-2	3	0	4	0	0	0	664	428	151	131	-182	-83
8	333	214	1790517424	-3	3	0	4	0	1	0	664	429	151	131	-182	-83
8	333	214	1790519412	-2	3	0	2	0	0	0	664	429	151	131	-182	-83
8	333	214	1790521432	-3	2	0	4	-1	1	0	663	430	151	131	-182	-83
8	333	214	1790523400	-2	2	0	2	0	0	0	663	430	151	131	-182	-83
8	333	214	1790525404	-3	2	0	2	0	0	0	663	430	151	131	-182	-83
8	333	214	1790527372	-1	1	1	2	0	0	0	663	430	151	131	-182	-83
8	333	214	1790529416	-3	2	0	1	0	1	0	663	431	151	131	-182	-83
8	333	214	1790531400	-1	1	0	3	0	0	0	663	431	151	131	-182	-83
8	333	214	1790533396	-2	0	0	1	0	0	0	663	431	151	131	-182	-83
8	333	214	1790535408	-2	1	0	1	-1	0	0	662	431	151	131	-182	-83
8	333	214	1790537364	-1	0	0	0	0	0	1	662	431	151	131	-182	-83
9	333	214	1790539364	0	1	0	2	0	0	1	151	131	151	131	-182	-83
9	333	214	1790541364	0	0	0	1	0	0	1	151	131	151	131	-182	-83
9	333	214	1790551380	0	0	0	1	0	1	1	151	132	151	131	-182	-83
9	-259	-299	1790571376	-1	0	0	0	0	0	1	151	132	-108	-168	151	131
9	-259	-299	1790603404	-1	0	0	0	0	0	1	151	132	-108	-168	151	131
9	-259	-299	1790605408	-2	0	0	0	0	0	1	151	132	-108	-168	151	131
9	-259	-299	1790607436	-1	2	0	0	0	0	1	151	132	-108	-168	151	131
9	-259	-299	1790609400	-1	0	0	0	0	0	1	151	132	-108	-168	151	131
9	-259	-299	1790611400	-3	0	-1	0	0	0	1	151	132	-108	-168	151	131
9	-259	-299	1790613412	-2	0	0	0	-1	0	1	150	132	-108	-168	151	131
9	-259	-299	1790615424	-3	0	-1	1	0	0	0	150	132	-108	-168	151	131
9	-259	-299	1790617428	-2	1	-1	0	0	0	0	150	132	-108	-168	151	131
9	-259	-299	1790619396	-4	0	-1	0	0	0	0	150	132	-108	-168	151	131
9	-259	-299	1790621408	-4	0	-2	0	-1	0	0	149	132	-108	-168	151	131
9	-259	-299	1790623388	-5	0	-1	0	0	0	0	149	132	-108	-168	151	131
9	-259	-299	1790625400	-6	0	-1	0	-1	0	0	148	132	-108	-168	151	131
9	-259	-299	1790627420	-7	-2	-3	0	-1	0	0	147	132	-108	-168	151	131
9	-259	-299	1790629416	-9	-2	-3	-4	-1	0	0	146	132	-108	-168	151	131
9	-259	-299	1790631432	-10	-7	-4	-4	-1	-1	0	145	131	-108	-168	151	131
9	-259	-299	1790633432	-11	-6	-5	-7	-1	-1	0	144	130	-108	-168	151	131
9	-259	-299	1790635436	-14	-10	-6	-10	-1	-1	0	143	129	-108	-168	151	131
9	-259	-299	1790637436	-16	-12	-7	-10	-2	-2	0	141	127	-108	-168	151	131
9	-259	-299	1790639440	-18	-14	-8	-15	-2	-2	0	139	125	-108	-168	151	131
9	-259	-299	1790641440	-19	-18	-10	-15	-2	-2	0	137	123	-108	-168	151	131
9	-259	-299	1790643432	-23	-23	-12	-21	-3	-4	0	134	119	-108	-168	151	131
9	-259	-299	1790645436	-24	-24	-12	-22	-2	-3	0	132	116	-108	-168	151	131
9	-259	-299	1790647428	-28	-29	-16	-28	-4	-4	0	128	112	-108	-168	151	131
9	-259	-299	1790649432	-33	-35	-17	-29	-4	-5	0	124	107	-108	-168	151	131
9	-259	-299	1790651440	-33	-36	-21	-36	-4	-6	0	120	101	-108	-168	151	131
9	-259	-299	1790653428	-37	-40	-20	-35	-4	-5	0	116	96	-108	-168	151	131
9	-259	-299	1790655420	-44	-51	-27	-47	-5	-8	0	111	88	-108	-168	151	131
9	-259	-299	1790657428	-44	-48	-27	-43	-6	-6	0	105	82	-108	-168	151	131
9	-259	-299	1790659416	-46	-52	-32	-55	-5	-8	0	100	74	-108	-168	151	131
9	-259	-299	1790661420	-56	-64	-31	-52	-7	-9	0	93	65	-108	-168	151	131
9	-259	-299	1790663428	-54	-60	-39	-62	-7	-9	0	86	56	-108	-168	151	131
9	-259	-299	1790665420	-56	-63	-43	-68	-7	-10	0	79	46	-108	-168	151	131
9	-259	-299	1790667412	-68	-75	-40	-61	-8	-10	0	71	36	-108	-168	151	131
9	-259	-299	1790669412	-64	-70	-48	-75	-9	-11	0	62	25	-108	-168	151	131
9	-259	-299	1790671408	-67	-72	-47	-69	-8	-11	0	54	14	-108	-168	151	131
9	-259	-299	1790673408	-71	-76	-56	-81	-10	-11	0	44	3	-108	-168	151	131
9	-259	-299	1790675400	-84	-89	-51	-75	-10	-13	0	34	-10	-108	-168	151	131
9	-259	-299	1790677408	-78	-83	-63	-87	-11	-13	0	23	-23	-108	-168	151	131
9	-259	-299	1790679396	-81	-83	-56	-80	-10	-12	0	13	-35	-108	-168	151	131
9	-259	-299	1790681396	-96	-98	-67	-93	-12	-14	0	1	-49	-108	-168	151	131
9	-259	-299	1790683400	-88	-87	-62	-84	-11	-13	0	-10	-62	-108	-168	151	131
9	-259	-299	1790685400	-91	-89	-72	-96	-13	-14	0	-23	-76	-108	-168	151	131
9	-259	-299	1790687392	-105	-101	-65	-86	-12	-14	0	-35	-90	-108	-168	151	131
9	-259	-299	1790689392	-95	-92	-76	-100	-13	-14	0	-48	-104	-108	-168	151	131
9	-259	-299	1790691400	-97	-90	-68	-88	-12	-14	0	-60	-118	-108	-168	151	131
9	-259	-299	1790693404	-112	-101	-77	-100	-15	-15	0	-75	-133	-108	-168	151	131
9	-259	-299	1790695392	-100	-90	-69	-87	-12	-13	0	-87	-146	-108	-168	151	131
9	-259	-299	1790697392	-100	-90	-79	-99	-14	-14	0	-101	-160	-108	-168	151	131
9	-259	-299	1790699388	-113	-99	-70	-87	-13	-14	0	-114	-174	-108	-168	151	131
9	-259	-299	1790701384	-100	-87	-79	-98	-14	-14	0	-128	-188	-108	-168	151	131
9	-259	-299	1790703380	-100	-86	-77	-97	-13	-14	0	-141	-202	-108	-168	151	131
9	-259	-299	1790705380	-112	-95	-68	-84	-14	-13	0	-155	-215	-108	-168	151	131
9	-259	-299	1790707380	-97	-83	-75	-94	-13	-13	0	-168	-228	-108	-168	151	131
9	-259	-299	1790709380	-98	-81	-65	-81	-12	-12	0	-180	-240	-108	-168	151	131
9	-259	-299	1790711384	-106	-89	-72	-91	-13	-14	0	-193	-254	-108	-168	151	131
9	-259	-299	1790713384	-92	-79	-61	-78	-12	-12	0	-205	-266	-108	-168	151	131
9	-259	-299	1790715380	-92	-76	-69	-89	-12	-12	0	-217	-278	-108	-168	151	131
9	-259	-299	1790717384	-100	-85	-59	-75	-12	-12	0	-229	-290	-108	-168	151	131
9	-259	-299	1790719392	-87	-74	-64	-83	-11	-12	0	-240	-302	-108	-168	151	131
9	-259	-299	1790721384	-85	-72	-53	-73	-10	-11	0	-250	-313	-108	-168	151	131
9	-259	-299	1790723388	-94	-81	-60	-82	-12	-12	0	-262	-325	-108	-168	151	131
9	-259	-299	1790725388	-80	-70	-50	-70	-10	-11	0	-272	-336	-108	-168	151	131
9	-259	-299	1790727392	-79	-69	-57	-79	-10	-11	0	-282	-347	-108	-168	151	131
9	-259	-299	1790729392	-86	-76	-52	-78	-10	-11	0	-292	-358	-108	-168	151	131
9	-259	-299	1790731396	-74	-67	-45	-66	-9	-10	0	-301	-368	-108	-168	151	131
9	-259	-299	1790733392	-72	-66	-49	-75	-9	-11	0	-310	-379	-108	-168	151	131
9	-259	-299	1790735392	-79	-71	-41	-64	-9	-10	0	-319	-389	-108	-168	151	131
9	-259	-299	1790737384	-69	-63	-44	-72	-9	-10	0	-328	-399	-108	-168	151	131
9	-259	-299	1790739384	-66	-62	-37	-61	-7	-9	0	-335	-408	-108	-168	151	131
9	-259	-299	1790741384	-71	-68	-43	-69	-9	-10	0	-344	-418	-108	-168	151	131
9	-259	-299	1790743384	-63	-58	-34	-60	-7	-9	0	-351	-427	-108	-168	151	131
9	-259	-299	1790745388	-60	-57	-38	-65	-8	-9	0	-359	-436	-108	-168	151	131
9	-259	-299	1790747384	-65	-63	-32	-58	-7	-10	0	-366	-446	-108	-168	151	131
9	-259	-299	1790749380	-57	-54	-35	-62	-7	-8	0	-373	-454	-108	-168	151	131
9	-259	-299	1790751384	-54	-54	-30	-54	-6	-8	0	-379	-462	-108	-168	151	131
9	-259	-299	1790753388	-60	-57	-33	-60	-7	-9	0	-386	-471	-108	-168	151	131
9	-259	-299	1790755380	-51	-52	-28	-50	-6	-8	0	-392	-479	-108	-168	151	131
9	-259	-299	1790757384	-50	-50	-31	-57	-6	-8	0	-398	-487	-108	-168	151	131
9	-259	-299	1790759376	-54	-53	-28	-48	-6	-7	0	-404	-494	-108	-168	151	131
9	-259	-299	1790761376	-47	-48	-28	-54	-6	-8	0	-410	-502	-108	-168	151	131
9	-259	-299	1790763380	-47	-46	-30	-52	-6	-7	0	-416	-509	-108	-168	151	131
9	-259	-299	1790765380	-50	-51	-25	-44	-5	-8	0	-421	-517	-108	-168	151	131
9	-259	-299	1790767376	-43	-44	-29	-50	-6	-7	0	-427	-524	-108	-168	151	131
9	-259	-299	1790769372	-43	-43	-25	-42	-5	-6	0	-432	-530	-108	-168	151	131
9	-259	-299	1790771376	-47	-47	-29	-48	-5	-7	0	-437	-537	-108	-168	151	131
9	-259	-299	1790773376	-40	-41	-24	-40	-5	-6	0	-442	-543	-108	-168	151	131
9	-259	-299	1790775380	-40	-40	-28	-45	-5	-7	0	-447	-550	-108	-168	151	131
9	-259	-299	1790777372	-40	-39	-25	-39	-5	-5	0	-452	-555	-108	-168	151	131
9	-259	-299	1790779368	-43	-43	-29	-43	-6	-7	0	-458	-562	-108	-168	151	131
9	-259	-299	1790781368	-39	-37	-25	-37	-4	-5	0	-462	-567	-108	-168	151	131
9	-259	-299	1790783380	-41	-41	-29	-41	-6	-7	0	-468	-574	-108	-168	151	131
9	-259	-299	1790785372	-37	-35	-25	-35	-4	-5	0	-472	-579	-108	-168	151	131
9	-259	-299	1790787360	-37	-35	-30	-40	-5	-5	0	-477	-584	-108	-168	151	131
9	-259	-299	1790789364	-35	-34	-26	-32	-5	-5	0	-482	-589	-108	-168	151	131
9	-259	-299	1790791364	-40	-36	-29	-38	-5	-6	0	-487	-595	-108	-168	151	131
9	-259	-299	1790793364	-33	-32	-30	-36	-5	-5	0	-492	-600	-108	-168	151	131
9	-259	-299	1790795372	-34	-31	-26	-30	-4	-5	0	-496	-605	-108	-168	151	131
9	-259	-299	1790797380	-38	-32	-30	-34	-5	-5	0	-501	-610	-108	-168	151	131
9	-259	-299	1790799376	-31	-29	-25	-29	-5	-4	0	-506	-614	-108	-168	151	131
9	-259	-299	1790801388	-35	-30	-29	-32	-4	-5	0	-510	-619	-108	-168	151	131
9	-259	-299	1790803380	-29	-26	-24	-26	-4	-3	0	-514	-622	-108	-168	151	131
9	-259	-299	1790805384	-27	-25	-27	-29	-4	-4	0	-518	-626	-108	-168	151	131
9	-259	-299	1790807388	-31	-27	-24	-25	-4	-4	0	-522	-630	-108	-168	151	131
9	-259	-299	1790809388	-25	-22	-26	-26	-4	-4	0	-526	-634	-108	-168	151	131
9	-259	-299	1790811388	-25	-21	-21	-23	-4	-3	0	-530	-637	-108	-168	151	131
9	-259	-299	1790813392	-25	-23	-24	-24	-3	-4	0	-533	-641	-108	-168	151	131
9	-259	-299	1790815396	-22	-19	-19	-20	-4	-3	0	-537	-644	-108	-168	151	131
9	-259	-299	1790817404	-20	-17	-21	-21	-3	-3	0	-540	-647	-108	-168	151	131
9	-259	-299	1790819400	-21	-19	-20	-20	-3	-2	0	-543	-649	-108	-168	151	131
9	-259	-299	1790821396	-16	-15	-15	-15	-2	-3	0	-545	-652	-108	-168	151	131
9	-259	-299	1790823384	-15	-12	-16	-17	-2	-2	0	-547	-654	-108	-168	151	131
9	-259	-299	1790825388	-16	-14	-13	-13	-2	-2	0	-549	-656	-108	-168	151	131
9	-259	-299	1790827392	-12	-11	-12	-14	-2	-2	0	-551	-658	-108	-168	151	131
9	-259	-299	1790829392	-11	-10	-10	-10	-2	-1	0	-553	-659	-108	-168	151	131
9	-259	-299	1790831396	-11	-9	-10	-11	-1	-2	0	-554	-661	-108	-168	151	131
9	-259	-299	1790833396	-8	-8	-8	-7	-2	-1	0	-556	-662	-108	-168	151	131
9	-259	-299	1790835392	-7	-6	-6	-9	-1	-1	0	-557	-663	-108	-168	151	131
9	-259	-299	1790837392	-6	-5	-6	-6	-1	-1	0	-558	-664	-108	-168	151	131
9	-259	-299	1790839376	-5	-4	-5	-7	0	-1	0	-558	-665	-108	-168	151	131
9	-259	-299	1790841376	-4	-3	-3	-3	-1	0	0	-559	-665	-108	-168	151	131
9	-259	-299	1790843376	-4	-3	-4	-4	0	-1	0	-559	-666	-108	-168	151	131
9	-259	-299	1790845380	-1	-2	-2	-3	-1	0	0	-560	-666	-108	-168	151	131
9	-259	-299	1790847368	-3	-2	-1	-2	0	0	0	-560	-666	-108	-168	151	131
9	-259	-299	1790849372	0	0	-2	-1	0	0	0	-560	-666	-108	-168	151	131
9	-259	-299	1790851388	-1	0	-1	-2	0	-1	0	-560	-667	-108	-168	151	131
9	-259	-299	1790855344	0	0	0	0	0	0	1	-560	-667	-108	-168	151	131
10	164	360	1790897396	1	0	0	0	0	0	1	-108	-168	56	192	-108	-168
10	164	360	1790913396	1	0	0	0	0	0	1	-108	-168	56	192	-108	-168
10	164	360	1790925404	1	0	0	0	0	0	1	-108	-168	56	192	-108	-168
10	164	360	1790933408	1	0	0	0	0	0	1	-108	-168	56	192	-108	-168
10	164	360	1790937392	0	0	0	0	0	0	0	-108	-168	56	192	-108	-168
10	164	360	1790939456	2	0	1	1	0	0	0	-108	-168	56	192	-108	-168
10	164	360	1790941452	1	1	0	1	0	0	0	-108	-168	56	192	-108	-168
10	164	360	1790943440	2	2	2	3	0	0	0	-108	-168	56	192	-108	-168
10	164	360	1790945452	3	5	1	2	0	1	0	-108	-167	56	192	-108	-168
10	164	360	1790947456	4	4	3	5	1	0	0	-107	-167	56	192	-108	-168
10	164	360	1790949448	3	6	4	6	0	1	0	-107	-166	56	192	-108	-168
10	164	360	1790951460	7	8	3	5	1	1	0	-106	-165	56	192	-108	-168
10	164	360	1790953460	5	7	5	9	1	1	0	-105	-164	56	192	-108	-168
10	164	360	1790955448	6	10	5	9	0	2	0	-105	-162	56	192	-108	-168
10	164	360	1790957456	9	13	7	11	2	2	0	-103	-160	56	192	-108	-168
10	164	360	1790959460	8	12	6	10	1	1	0	-102	-159	56	192	-108	-168
10	164	360	1790961464	9	14	9	15	1	2	0	-101	-157	56	192	-108	-168
10	164	360	1790963464	13	18	7	14	1	3	0	-100	-154	56	192	-108	-168
10	164	360	1790965456	11	17	10	19	2	2	0	-98	-152	56	192	-108	-168
10	164	360	1790967452	14	20	10	17	2	3	0	-96	-149	56	192	-108	-168
10	164	360	1790969452	16	24	13	23	2	4	0	-94	-145	56	192	-108	-168
10	164	360	1790971456	16	24	11	21	2	3	0	-92	-142	56	192	-108	-168
10	164	360	1790973456	19	25	14	26	3	4	0	-89	-138	56	192	-108	-168
10	164	360	1790975456	22	31	15	30	2	5	0	-87	-133	56	192	-108	-168
10	164	360	1790977456	22	29	13	28	3	4	0	-84	-129	56	192	-108	-168
10	164	360	1790979464	23	31	18	33	3	5	0	-81	-124	56	192	-108	-168
10	164	360	1790981464	30	39	15	33	3	5	0	-78	-119	56	192	-108	-168
10	164	360	1790983460	29	37	19	40	4	6	0	-74	-113	56	192	-108	-168
10	164	360	1790985460	33	40	16	37	4	6	0	-70	-107	56	192	-108	-168
10	164	360	1790987460	38	49	21	47	4	7	0	-66	-100	56	192	-108	-168
10	164	360	1790989456	39	46	19	43	4	6	0	-62	-94	56	192	-108	-168
10	164	360	1790991448	43	50	22	54	5	8	0	-57	-86	56	192	-108	-168
10	164	360	1790993460	51	61	20	50	6	9	0	-51	-77	56	192	-108	-168
10	164	360	1790995452	50	58	25	61	5	8	0	-46	-69	56	192	-108	-168
10	164	360	1790997452	52	60	23	57	6	9	0	-40	-60	56	192	-108	-168
10	164	360	1790999448	65	74	27	70	7	11	0	-33	-49	56	192	-108	-168
10	164	360	1791001452	60	68	25	63	6	10	0	-27	-39	56	192	-108	-168
10	164	360	1791003456	64	73	29	78	7	11	0	-20	-28	56	192	-108	-168
10	164	360	1791005456	75	86	33	81	8	13	0	-12	-15	56	192	-108	-168
10	164	360	1791007460	70	80	28	76	8	11	0	-4	-4	56	192	-108	-168
10	164	360	1791009464	73	84	34	90	8	13	0	4	9	56	192	-108	-168
10	164	360	1791011456	85	99	31	83	8	14	0	12	23	56	192	-108	-168
10	164	360	1791013456	78	91	37	97	9	14	0	21	37	56	192	-108	-168
10	164	360	1791015456	80	94	33	89	8	14	0	29	51	56	192	-108	-168
10	164	360	1791017460	93	108	39	106	10	16	0	39	67	56	192	-108	-168
10	164	360	1791019456	84	100	36	95	9	15	0	48	82	56	192	-108	-168
10	164	360	1791021468	85	103	42	112	10	16	0	58	98	56	192	-108	-168
10	164	360	1791023464	96	119	36	101	10	16	0	68	114	56	192	-108	-168
10	164	360	1791025468	86	107	42	119	9	17	0	77	131	56	192	-108	-168
10	164	360	1791027472	89	110	38	106	10	16	0	87	147	56	192	-108	-168
10	164	360	1791029476	100	126	44	124	11	19	0	98	166	56	192	-108	-168
10	164	360	1791031480	90	115	42	125	10	18	0	108	184	56	192	-108	-168
10	164	360	1791033472	90	115	39	112	9	17	0	117	201	56	192	-108	-168
10	164	360	1791035476	102	133	44	130	11	20	0	128	221	56	192	-108	-168
10	164	360	1791037476	92	117	38	115	10	17	0	138	238	56	192	-108	-168
10	164	360	1791039476	92	120	43	133	10	19	0	148	257	56	192	-108	-168
10	164	360	1791041472	104	134	39	116	11	19	0	159	276	56	192	-108	-168
10	164	360	1791043476	92	120	42	134	10	19	0	169	295	56	192	-108	-168
10	164	360	1791045472	93	120	36	116	9	18	0	178	313	56	192	-108	-168
10	164	360	1791047476	104	133	42	132	11	20	0	189	333	56	192	-108	-168
10	164	360	1791049476	91	117	36	117	10	17	0	199	350	56	192	-108	-168
10	164	360	1791051484	91	118	40	131	10	19	0	209	369	56	192	-108	-168
10	164	360	1791053480	101	128	35	114	10	18	0	219	387	56	192	-108	-168
10	164	360	1791055480	90	114	39	127	10	18	0	229	405	56	192	-108	-168
10	164	360	1791057488	89	111	38	126	9	18	0	238	423	56	192	-108	-168
10	164	360	1791059488	98	123	34	107	10	17	0	248	440	56	192	-108	-168
10	164	360	1791061492	83	105	38	120	9	17	0	257	457	56	192	-108	-168
10	164	360	1791063492	84	104	32	101	9	15	0	266	472	56	192	-108	-168
10	164	360	1791065492	90	110	38	112	9	17	0	275	489	56	192	-108	-168
10	164	360	1791067496	79	95	32	95	9	14	0	284	503	56	192	-108	-168
10	164	360	1791069500	75	92	36	104	8	15	0	292	518	56	192	-108	-168
10	164	360	1791071496	82	99	32	88	9	14	0	301	532	56	192	-108	-168
10	164	360	1791073508	70	84	36	96	8	14	0	309	546	56	192	-108	-168
10	164	360	1791075508	69	80	31	80	7	12	0	316	558	56	192	-108	-168
10	164	360	1791077500	74	86	34	89	8	13	0	324	571	56	192	-108	-168
10	164	360	1791079504	62	72	30	72	7	10	0	331	581	56	192	-108	-168
10	164	360	1791081504	60	69	34	80	7	12	0	338	593	56	192	-108	-168
10	164	360	1791083508	65	73	33	74	8	11	0	346	604	56	192	-108	-168
10	164	360	1791085504	55	60	28	62	6	9	0	352	613	56	192	-108	-168
10	164	360	1791087504	52	56	31	67	6	9	0	358	622	56	192	-108	-168
10	164	360	1791089500	55	60	26	53	6	8	0	364	630	56	192	-108	-168
10	164	360	1791091500	46	50	30	59	6	9	0	370	639	56	192	-108	-168
10	164	360	1791093500	44	46	24	49	5	7	0	375	646	56	192	-108	-168
10	164	360	1791095496	46	50	26	51	5	7	0	380	653	56	192	-108	-168
10	164	360	1791097492	37	40	22	43	5	7	0	385	660	56	192	-108	-168
10	164	360	1791099492	37	39	23	45	4	6	0	389	666	56	192	-108	-168
10	164	360	1791101496	37	39	19	36	4	6	0	393	672	56	192	-108	-168
10	164	360	1791103492	30	32	19	39	4	5	0	397	677	56	192	-108	-168
10	164	360	1791105492	28	30	15	31	3	4	0	400	681	56	192	-108	-168
10	164	360	1791107488	27	31	15	34	3	5	0	403	686	56	192	-108	-168
10	164	360	1791109492	23	27	12	26	3	4	0	406	690	56	192	-108	-168
10	164	360	1791111504	21	23	12	27	3	4	0	409	694	56	192	-108	-168
10	164	360	1791113504	20	24	11	27	2	4	0	411	698	56	192	-108	-168
10	164	360	1791115500	16	20	6	20	1	3	0	412	701	56	192	-108	-168
10	164	360	1791117504	15	18	8	21	2	3	0	414	704	56	192	-108	-168
10	164	360	1791119508	14	18	5	17	2	2	0	416	706	56	192	-108	-168
10	164	360	1791121512	11	15	5	18	1	3	0	417	709	56	192	-108	-168
10	164	360	1791123508	10	14	2	14	1	2	0	418	711	56	192	-108	-168
10	164	360	1791125496	9	14	3	15	1	2	0	419	713	56	192	-108	-168
10	164	360	1791127484	7	11	1	11	0	2	0	419	715	56	192	-108	-168
10	164	360	1791129496	7	10	0	12	1	1	0	420	716	56	192	-108	-168
10	164	360	1791131484	5	10	1	9	0	2	0	420	718	56	192	-108	-168
10	164	360	1791133500	5	8	0	10	1	1	0	421	719	56	192	-108	-168
10	164	360	1791135484	3	7	0	8	0	1	0	421	720	56	192	-108	-168
10	164	360	1791137484	3	8	0	8	0	2	0	421	722	56	192	-108	-168
10	164	360	1791139488	2	7	0	7	0	1	0	421	723	56	192	-108	-168
10	164	360	1791141468	2	5	0	7	0	0	0	421	720	56	192	-108	-168
10	164	360	1791143456	2	5	-2	6	0	1	0	421	721	56	192	-108	-168
10	164	360	1791145460	0	5	0	5	0	1	0	421	722	56	192	-108	-168
10	164	360	1791147460	1	5	-1	5	0	1	0	421	723	56	192	-108	-168
10	164	360	1791149468	0	4	-1	5	0	0	0	421	723	56	192	-108	-168
10	164	360	1791151460	0	4	0	4	0	1	0	421	724	56	192	-108	-168
10	164	360	1791153472	0	2	-1	3	0	0	0	421	724	56	192	-108	-168
10	164	360	1791155456	0	4	0	3	0	1	0	421	725	56	192	-108	-168
10	164	360	1791157444	0	2	0	3	0	0	0	421	720	56	192	-108	-168
10	164	360	1791159480	0	3	-2	4	0	1	0	421	721	56	192	-108	-168
10	164	360	1791161436	0	1	0	1	0	0	0	421	721	56	192	-108	-168
10	164	360	1791163436	0	3	0	2	0	0	1	421	721	56	192	-108	-168
11	164	360	1791165436	0	1	0	2	0	1	1	56	193	56	192	-108	-168
11	164	360	1791167452	0	1	-1	2	0	0	1	56	193	56	192	-108	-168
11	164	360	1791169424	0	1	0	1	0	0	1	56	193	56	192	-108	-168
11	164	360	1791171420	0	0	0	2	0	0	1	56	193	56	192	-108	-168
11	164	360	1791173420	0	2	0	0	0	0	1	56	193	56	192	-108	-168
11	164	360	1791175420	0	1	0	1	0	0	1	56	193	56	192	-108	-168
11	164	360	1791179436	0	0	0	1	0	1	1	56	194	56	192	-108	-168
11	164	360	1791181424	0	1	0	0	0	0	1	56	194	56	192	-108	-168
11	-56	-392	1791219444	-1	0	0	0	0	0	1	56	194	0	-200	56	192
11	-56	-392	1791235452	-2	0	0	0	0	0	0	56	194	0	-200	56	192
11	-56	-392	1791239456	-1	0	0	0	0	0	0	56	194	0	-200	56	192
11	-56	-392	1791241492	-2	-3	0	-3	0	0	0	56	194	0	-200	56	192
11	-56	-392	1791243488	-3	-4	0	-2	0	0	0	56	194	0	-200	56	192
11	-56	-392	1791245500	-4	-5	0	-5	0	-1	0	56	193	0	-200	56	192
11	-56	-392	1791247504	-6	-7	0	-7	0	-1	0	56	192	0	-200	56	192
11	-56	-392	1791249512	-6	-10	1	-8	-1	-1	0	55	191	0	-200	56	192
11	-56	-392	1791251496	-9	-11	1	-12	0	-2	0	55	189	0	-200	56	192
11	-56	-392	1791253512	-11	-17	1	-13	-1	-2	0	54	187	0	-200	56	192
11	-56	-392	1791255496	-11	-17	1	-15	-1	-3	0	53	184	0	-200	56	192
11	-56	-392	1791257504	-13	-20	4	-22	-1	-3	0	52	181	0	-200	56	192
11	-56	-392	1791259496	-16	-28	3	-25	-1	-4	0	51	177	0	-200	56	192
11	-56	-392	1791261488	-15	-27	3	-23	0	-4	0	51	173	0	-200	56	192
11	-56	-392	1791263500	-18	-31	4	-32	-2	-4	0	49	169	0	-200	56	192
11	-56	-392	1791265496	-21	-40	5	-32	-1	-6	0	48	163	0	-200	56	192
11	-56	-392	1791267492	-21	-39	5	-40	-1	-6	0	47	157	0	-200	56	192
11	-56	-392	1791269496	-23	-43	5	-39	-1	-6	0	46	151	0	-200	56	192
11	-56	-392	1791271500	-26	-53	8	-49	-2	-8	0	44	143	0	-200	56	192
11	-56	-392	1791273496	-25	-50	6	-47	-1	-7	0	43	136	0	-200	56	192
11	-56	-392	1791275488	-25	-54	7	-58	-1	-8	0	42	128	0	-200	56	192
11	-56	-392	1791277492	-31	-65	8	-53	-2	-9	0	40	119	0	-200	56	192
11	-56	-392	1791279496	-28	-61	7	-67	-2	-10	0	38	109	0	-200	56	192
11	-56	-392	1791281496	-30	-65	8	-61	-1	-9	0	37	100	0	-200	56	192
11	-56	-392	1791283488	-33	-77	9	-74	-2	-11	0	35	89	0	-200	56	192
11	-56	-392	1791285488	-33	-71	7	-67	-2	-11	0	33	78	0	-200	56	192
11	-56	-392	1791287488	-34	-75	9	-81	-2	-11	0	31	67	0	-200	56	192
11	-56	-392	1791289488	-38	-89	7	-75	-2	-13	0	29	54	0	-200	56	192
11	-56	-392	1791291488	-38	-82	9	-89	-2	-13	0	27	41	0	-200	56	192
11	-56	-392	1791293488	-39	-85	6	-93	-3	-13	0	24	28	0	-200	56	192
11	-56	-392	1791295480	-41	-90	7	-85	-3	-13	0	21	15	0	-200	56	192
11	-56	-392	1791297480	-49	-104	5	-101	-3	-15	0	18	0	0	-200	56	192
11	-56	-392	1791299476	-46	-96	2	-91	-3	-14	0	15	-14	0	-200	56	192
11	-56	-392	1791301472	-47	-99	4	-106	-3	-16	0	12	-30	0	-200	56	192
11	-56	-392	1791303476	-57	-114	1	-98	-5	-16	0	7	-46	0	-200	56	192
11	-56	-392	1791305472	-52	-103	1	-112	-3	-16	0	4	-62	0	-200	56	192
11	-56	-392	1791307468	-55	-105	0	-102	-4	-15	0	0	-77	0	-200	56	192
11	-56	-392	1791309464	-64	-120	-1	-117	-5	-18	0	-5	-95	0	-200	56	192
11	-56	-392	1791311468	-57	-109	-3	-105	-5	-16	0	-10	-111	0	-200	56	192
11	-56	-392	1791313468	-62	-110	-4	-120	-5	-17	0	-15	-128	0	-200	56	192
11	-56	-392	1791315472	-70	-124	-5	-106	-5	-18	0	-20	-146	0	-200	56	192
11	-56	-392	1791317464	-63	-110	-6	-123	-6	-17	0	-26	-163	0	-200	56	192
11	-56	-392	1791319468	-65	-109	-7	-106	-5	-16	0	-31	-179	0	-200	56	192
11	-56	-392	1791321472	-75	-123	-9	-123	-6	-19	0	-37	-198	0	-200	56	192
11	-56	-392	1791323476	-68	-108	-10	-121	-6	-17	0	-43	-215	0	-200	56	192
11	-56	-392	1791325476	-69	-107	-10	-105	-6	-16	0	-49	-231	0	-200	56	192
11	-56	-392	1791327472	-77	-119	-11	-119	-7	-18	0	-56	-249	0	-200	56	192
11	-56	-392	1791329472	-69	-103	-9	-102	-6	-15	0	-62	-264	0	-200	56	192
11	-56	-392	1791331476	-67	-101	-13	-115	-6	-16	0	-68	-280	0	-200	56	192
11	-56	-392	1791333476	-77	-112	-10	-98	-6	-16	0	-74	-296	0	-200	56	192
11	-56	-392	1791335480	-67	-98	-11	-111	-6	-16	0	-80	-312	0	-200	56	192
11	-56	-392	1791337484	-66	-95	-10	-94	-6	-14	0	-86	-326	0	-200	56	192
11	-56	-392	1791339480	-74	-104	-11	-105	-6	-16	0	-92	-342	0	-200	56	192
11	-56	-392	1791341476	-64	-90	-10	-90	-6	-13	0	-98	-355	0	-200	56	192
11	-56	-392	1791343476	-62	-88	-11	-98	-5	-14	0	-103	-369	0	-200	56	192
11	-56	-392	1791345476	-68	-97	-9	-85	-6	-14	0	-109	-383	0	-200	56	192
11	-56	-392	1791347480	-59	-82	-11	-95	-5	-13	0	-114	-396	0	-200	56	192
11	-56	-392	1791349476	-57	-81	-8	-82	-5	-12	0	-119	-408	0	-200	56	192
11	-56	-392	1791351476	-63	-89	-10	-88	-5	-13	0	-124	-421	0	-200	56	192
11	-56	-392	1791353472	-52	-76	-9	-88	-5	-13	0	-129	-434	0	-200	56	192
11	-56	-392	1791355468	-51	-75	-7	-74	-4	-11	0	-133	-445	0	-200	56	192
11	-56	-392	1791357476	-55	-82	-8	-82	-5	-12	0	-138	-457	0	-200	56	192
11	-56	-392	1791359468	-48	-68	-6	-70	-4	-11	0	-142	-468	0	-200	56	192
11	-56	-392	1791361476	-44	-69	-6	-78	-4	-11	0	-146	-479	0	-200	56	192
11	-56	-392	1791363476	-47	-74	-6	-66	-4	-10	0	-150	-489	0	-200	56	192
11	-56	-392	1791365480	-41	-64	-5	-72	-3	-10	0	-153	-499	0	-200	56	192
11	-56	-392	1791367484	-39	-61	-5	-63	-4	-10	0	-157	-509	0	-200	56	192
11	-56	-392	1791369476	-41	-67	-4	-69	-3	-10	0	-160	-519	0	-200	56	192
11	-56	-392	1791371484	-35	-59	-4	-58	-3	-9	0	-163	-528	0	-200	56	192
11	-56	-392	1791373484	-34	-58	-4	-67	-3	-9	0	-166	-537	0	-200	56	192
11	-56	-392	1791375488	-35	-62	-2	-55	-2	-9	0	-168	-546	0	-200	56	192
11	-56	-392	1791377484	-30	-54	-1	-62	-3	-8	0	-171	-554	0	-200	56	192
11	-56	-392	1791379484	-29	-52	-2	-53	-2	-8	0	-173	-562	0	-200	56	192
11	-56	-392	1791381476	-30	-58	-1	-58	-2	-9	0	-175	-571	0	-200	56	192
11	-56	-392	1791383476	-25	-50	0	-58	-2	-8	0	-177	-579	0	-200	56	192
11	-56	-392	1791385480	-24	-47	0	-49	-2	-7	0	-179	-586	0	-200	56	192
11	-56	-392	1791387484	-25	-54	0	-53	-2	-8	0	-181	-594	0	-200	56	192
11	-56	-392	1791389488	-21	-46	1	-47	-2	-7	0	-183	-601	0	-200	56	192
11	-56	-392	1791391500	-19	-45	2	-51	-1	-8	0	-184	-609	0	-200	56	192
11	-56	-392	1791393496	-21	-49	4	-44	-1	-6	0	-185	-615	0	-200	56	192
11	-56	-392	1791395492	-17	-44	4	-50	-1	-8	0	-186	-623	0	-200	56	192
11	-56	-392	1791397484	-15	-42	3	-41	-1	-6	0	-187	-629	0	-200	56	192
11	-56	-392	1791399488	-17	-47	5	-47	-1	-7	0	-188	-636	0	-200	56	192
11	-56	-392	1791401468	-13	-40	5	-40	0	-6	0	-188	-642	0	-200	56	192
11	-56	-392	1791403488	-13	-40	8	-45	-1	-6	0	-189	-648	0	-200	56	192
11	-56	-392	1791405464	-12	-42	6	-39	0	-6	0	-189	-654	0	-200	56	192
11	-56	-392	1791407484	-10	-38	6	-43	-1	-6	0	-190	-660	0	-200	56	192
11	-56	-392	1791409440	-9	-37	9	-41	0	-6	0	-190	-666	0	-200	56	192
11	-56	-392	1791411464	-10	-40	6	-35	0	-6	0	-190	-672	0	-200	56	192
11	-56	-392	1791413460	-8	-35	9	-40	0	-5	0	-190	-677	0	-200	56	192
11	-56	-392	1791415464	-7	-35	8	-34	0	-6	0	-190	-683	0	-200	56	192
11	-56	-392	1791417468	-6	-38	8	-37	0	-5	0	-190	-688	0	-200	56	192
11	-56	-392	1791419472	-7	-32	8	-33	0	-5	0	-190	-693	0	-200	56	192
11	-56	-392	1791421464	-5	-31	9	-36	0	-5	0	-190	-698	0	-200	56	192
11	-56	-392	1791423460	-5	-35	8	-31	0	-5	0	-190	-703	0	-200	56	192
11	-56	-392	1791425464	-3	-32	9	-35	0	-5	0	-190	-708	0	-200	56	192
11	-56	-392	1791427480	-5	-28	8	-29	1	-4	0	-189	-712	0	-200	56	192
11	-56	-392	1791429456	-4	-33	8	-32	0	-5	0	-189	-717	0	-200	56	192
11	-56	-392	1791431460	-4	-27	8	-29	0	-4	0	-189	-721	0	-200	56	192
11	-56	-392	1791433464	-2	-28	7	-31	1	-5	0	-188	-726	0	-200	56	192
11	-56	-392	1791435456	-4	-29	8	-27	0	-4	0	-188	-730	0	-200	56	192
11	-56	-392	1791437456	-3	-25	7	-28	0	-4	0	-188	-734	0	-200	56	192
11	-56	-392	1791439472	-2	-23	8	-28	1	-4	0	-187	-738	0	-200	56	192
11	-56	-392	1791441452	-3	-27	6	-24	0	-4	0	-187	-724	0	-200	56	192
11	-56	-392	1791443456	-2	-22	8	-26	0	-3	0	-187	-727	0	-200	56	192
11	-56	-392	1791445472	-1	-21	6	-22	1	-4	0	-186	-731	0	-200	56	192
11	-56	-392	1791447456	-3	-23	6	-24	0	-3	0	-186	-734	0	-200	56	192
11	-56	-392	1791449456	-1	-20	6	-20	0	-3	0	-186	-737	0	-200	56	192
11	-56	-392	1791451472	-1	-19	7	-23	1	-3	0	-185	-740	0	-200	56	192
11	-56	-392	1791453464	-2	-21	5	-20	0	-3	0	-185	-743	0	-200	56	192
11	-56	-392	1791455468	0	-16	5	-20	0	-3	0	-185	-746	0	-200	56	192
11	-56	-392	1791457476	-1	-16	5	-17	1	-2	0	-184	-722	0	-200	56	192
11	-56	-392	1791459456	0	-18	6	-19	0	-3	0	-184	-725	0	-200	56	192
11	-56	-392	1791461464	-1	-15	4	-15	0	-2	0	-184	-727	0	-200	56	192
11	-56	-392	1791463484	0	-14	5	-17	1	-3	0	-183	-730	0	-200	56	192
11	-56	-392	1791465464	0	-15	3	-14	0	-2	0	-183	-732	0	-200	56	192
11	-56	-392	1791467464	0	-12	4	-15	0	-2	0	-183	-734	0	-200	56	192
11	-56	-392	1791469472	-1	-11	4	-14	1	-2	0	-182	-736	0	-200	56	192
11	-56	-392	1791471456	0	-13	4	-11	0	-2	0	-182	-738	0	-200	56	192
11	-56	-392	1791473452	0	-10	3	-13	0	-1	0	-182	-739	0	-200	56	192
11	-56	-392	1791475452	0	-10	3	-10	0	-2	0	-182	-722	0	-200	56	192
11	-56	-392	1791477448	0	-9	2	-10	0	-1	0	-182	-723	0	-200	56	192
11	-56	-392	1791479456	0	-7	3	-7	1	-1	0	-181	-724	0	-200	56	192
11	-56	-392	1791481444	0	-6	1	-8	0	-1	0	-181	-725	0	-200	56	192
11	-56	-392	1791483444	0	-7	1	-6	0	-1	0	-181	-726	0	-200	56	192
11	-56	-392	1791485444	0	-5	3	-6	0	-1	0	-181	-727	0	-200	56	192
11	-56	-392	1791487444	0	-3	1	-5	0	-1	0	-181	-728	0	-200	56	192
11	-56	-392	1791489452	0	-4	1	-5	0	-1	0	-181	-729	0	-200	56	192
11	-56	-392	1791491416	0	-4	0	-3	0	0	0	-181	-720	0	-200	56	192
11	-56	-392	1791493440	0	-1	2	-2	0	0	0	-181	-720	0	-200	56	192
11	-56	-392	1791495432	0	-3	0	-3	0	-1	0	-181	-721	0	-200	56	192
11	-56	-392	1791497412	0	-1	0	-2	0	0	0	-181	-721	0	-200	56	192
11	-56	-392	1791499440	0	-1	1	-1	0	0	0	-181	-721	0	-200	56	192
11	-56	-392	1791503408	0	0	0	-2	0	0	0	-181	-721	0	-200	56	192
11	-56	-392	1791509400	0	-1	0	0	0	0	1	-181	-720	0	-200	56	192
