1	0	-500	3248278576	0	0	1	0	0	0	1	0	-500	0	-500	0	0
1	-141	980	3248298584	-1	0	0	0	0	0	1	0	-500	-141	480	0	-500
1	-141	980	3248306596	0	0	0	-1	0	0	1	0	-500	-141	480	0	-500
1	-141	980	3248308600	-1	0	0	0	0	0	1	0	-500	-141	480	0	-500
1	-141	980	3248318624	-2	0	0	0	-1	0	1	-1	-500	-141	480	0	-500
1	-141	980	3248320612	0	-1	0	0	0	0	1	-1	-500	-141	480	0	-500
1	-141	980	3248326604	0	0	0	-1	0	0	1	-1	-500	-141	480	0	-500
1	-141	980	3248330608	-1	0	0	0	0	0	1	-1	-500	-141	480	0	-500
1	-141	980	3248332612	0	-2	0	0	0	0	1	-1	-500	-141	480	0	-500
1	-141	980	3248338632	0	0	0	-2	0	-1	1	-1	-501	-141	480	0	-500
1	-141	980	3248340620	0	-1	0	0	0	0	1	-1	-501	-141	480	0	-500
1	-141	980	3248346624	0	-1	0	0	0	0	1	-1	-501	-141	480	0	-500
1	-141	980	3248348628	0	0	0	-1	0	0	1	-1	-501	-141	480	0	-500
1	-141	980	3248354632	1	0	0	0	0	0	1	-1	-501	-141	480	0	-500
1	-141	980	3248356632	0	-1	0	0	0	0	1	-1	-501	-141	480	0	-500
1	-141	980	3248360652	0	0	0	-1	0	-1	1	-1	-502	-141	480	0	-500
1	-141	980	3248366644	1	0	0	0	0	0	1	-1	-502	-141	480	0	-500
1	-141	980	3248370636	0	-2	0	0	0	0	1	-1	-502	-141	480	0	-500
1	-141	980	3248378620	0	0	0	0	0	0	0	-1	-502	-141	480	0	-500
1	-141	980	3248388652	1	0	0	0	0	0	0	-1	-502	-141	480	0	-500
1	-141	980	3248408668	1	0	0	0	0	0	0	-1	-502	-141	480	0	-500
1	-141	980	3248410704	0	0	1	-1	0	0	0	-1	-502	-141	480	0	-500
1	-141	980	3248416676	0	0	0	-2	0	0	0	-1	-502	-141	480	0	-500
1	-141	980	3248418692	0	-1	1	0	0	0	0	-1	-502	-141	480	0	-500
1	-141	980	3248420716	0	-1	2	-1	1	-1	0	0	-503	-141	480	0	-500
1	-141	980	3248422696	0	0	1	-1	0	0	0	0	-503	-141	480	0	-500
1	-141	980	3248424664	0	-1	0	-1	0	0	0	0	-503	-141	480	0	-500
1	-141	980	3248426700	0	-2	1	-2	0	-1	0	0	-504	-141	480	0	-500
1	-141	980	3248428688	0	-1	1	-1	0	0	0	0	-504	-141	480	0	-500
1	-141	980	3248430692	0	-1	2	-1	0	0	0	0	-504	-141	480	0	-500
1	-141	980	3248432708	0	-1	1	-1	0	-1	0	0	-505	-141	480	0	-500
1	-141	980	3248434712	0	-2	1	-2	1	0	0	1	-505	-141	480	0	-500
1	-141	980	3248436704	0	-1	1	-1	0	-1	0	1	-506	-141	480	0	-500
1	-141	980	3248438692	0	-1	2	-1	0	0	0	1	-506	-141	480	0	-500
1	-141	980	3248440692	0	-1	1	-1	0	0	0	1	-506	-141	480	0	-500
1	-141	980	3248442684	0	-2	0	-2	0	-1	0	1	-507	-141	480	0	-500
1	-141	980	3248444692	0	-1	1	-1	0	0	0	1	-507	-141	480	0	-500
1	-141	980	3248446672	0	0	1	0	0	0	0	1	-507	-141	480	0	-500
1	-141	980	3248448708	0	-1	2	-1	1	0	0	2	-507	-141	480	0	-500
1	-141	980	3248450688	0	-1	0	-1	0	-1	0	2	-508	-141	480	0	-500
1	-141	980	3248452696	0	0	1	-2	0	0	0	2	-508	-141	480	0	-500
1	-141	980	3248454664	0	-2	0	0	0	0	0	2	-508	-141	480	0	-500
1	-141	980	3248456664	0	0	0	-1	0	0	0	2	-508	-141	480	0	-500
1	-141	980	3248468692	0	-1	0	0	0	-1	0	2	-509	-141	480	0	-500
1	-141	980	3248472680	0	0	0	-1	0	0	0	2	-509	-141	480	0	-500
1	-141	980	3248478688	0	0	-1	0	0	0	0	2	-509	-141	480	0	-500
1	-141	980	3248480680	-1	0	0	0	0	0	0	2	-509	-141	480	0	-500
1	-141	980	3248486712	-2	-1	-1	-1	0	0	0	2	-509	-141	480	0	-500
1	-141	980	3248490692	-1	0	-1	0	0	0	0	2	-509	-141	480	0	-500
1	-141	980	3248492692	0	-1	0	-2	0	0	0	2	-509	-141	480	0	-500
1	-141	980	3248494688	-1	0	-1	0	0	0	0	2	-509	-141	480	0	-500
1	-141	980	3248496740	-1	-2	-3	-1	-1	-1	0	1	-510	-141	480	0	-500
1	-141	980	3248498700	-3	0	-1	0	-1	0	0	0	-510	-141	480	0	-500
1	-141	980	3248500704	-2	-1	-3	-1	0	0	0	0	-510	-141	480	0	-500
1	-141	980	3248502720	-3	-1	-3	-1	-1	-1	0	-1	-511	-141	480	0	-500
1	-141	980	3248504708	-2	-1	-3	-2	-1	0	0	-2	-511	-141	480	0	-500
1	-141	980	3248506708	-3	-2	-4	-1	-1	0	0	-3	-511	-141	480	0	-500
1	-141	980	3248508724	-4	-1	-5	-1	-1	-1	0	-4	-512	-141	480	0	-500
1	-141	980	3248510712	-3	-1	-3	-1	-1	0	0	-5	-512	-141	480	0	-500
1	-141	980	3248512712	-5	-1	-7	-2	-2	0	0	-7	-512	-141	480	0	-500
1	-141	980	3248514728	-4	-2	-6	-1	-2	-1	0	-9	-513	-141	480	0	-500
1	-141	980	3248516712	-5	-1	-6	-1	-1	0	0	-10	-513	-141	480	0	-500
1	-141	980	3248518728	-5	-1	-8	-1	-2	-1	0	-12	-514	-141	480	0	-500
1	-141	980	3248520712	-6	-1	-7	-2	-2	0	0	-14	-514	-141	480	0	-500
1	-141	980	3248522712	-7	0	-10	-1	-3	0	0	-17	-514	-141	480	0	-500
1	-141	980	3248524712	-6	-2	-9	0	-2	0	0	-19	-514	-141	480	0	-500
1	-141	980	3248526732	-6	0	-10	-1	-2	-1	0	-21	-515	-141	480	0	-500
1	-141	980	3248528716	-8	-1	-11	0	-3	0	0	-24	-515	-141	480	0	-500
1	-141	980	3248530712	-7	0	-11	-1	-3	0	0	-27	-515	-141	480	0	-500
1	-141	980	3248532688	-6	0	-12	0	-3	0	0	-30	-515	-141	480	0	-500
1	-141	980	3248534688	-9	0	-12	0	-3	0	0	-33	-515	-141	480	0	-500
1	-141	980	3248536716	-6	1	-13	0	-3	0	0	-36	-515	-141	480	0	-500
1	-141	980	3248538712	-9	1	-12	0	-3	0	0	-39	-515	-141	480	0	-500
1	-141	980	3248540716	-8	1	-13	0	-3	0	0	-42	-515	-141	480	0	-500
1	-141	980	3248542712	-7	3	-13	3	-3	0	0	-45	-515	-141	480	0	-500
1	-141	980	3248544732	-9	1	-14	1	-3	1	0	-48	-514	-141	480	0	-500
1	-141	980	3248546712	-7	2	-16	1	-4	0	0	-52	-514	-141	480	0	-500
1	-141	980	3248548724	-9	3	-14	3	-3	1	0	-55	-513	-141	480	0	-500
1	-141	980	3248550728	-9	2	-14	2	-4	1	0	-59	-512	-141	480	0	-500
1	-141	980	3248552732	-9	4	-15	3	-3	1	0	-62	-511	-141	480	0	-500
1	-141	980	3248554740	-7	3	-14	2	-3	1	0	-65	-510	-141	480	0	-500
1	-141	980	3248556720	-9	3	-13	3	-4	0	0	-69	-510	-141	480	0	-500
1	-141	980	3248558736	-6	4	-14	3	-3	1	0	-72	-509	-141	480	0	-500
1	-141	980	3248560744	-9	4	-14	3	-3	2	0	-75	-507	-141	480	0	-500
1	-141	980	3248562736	-7	4	-14	4	-3	1	0	-78	-506	-141	480	0	-500
1	-141	980	3248564732	-8	2	-13	3	-4	0	0	-82	-506	-141	480	0	-500
1	-141	980	3248566748	-7	5	-13	4	-3	2	0	-85	-504	-141	480	0	-500
1	-141	980	3248568744	-8	4	-14	4	-3	1	0	-88	-503	-141	480	0	-500
1	-141	980	3248570744	-7	4	-13	4	-3	1	0	-91	-502	-141	480	0	-500
1	-141	980	3248572748	-7	3	-13	3	-3	1	0	-94	-501	-141	480	0	-500
1	-141	980	3248574756	-7	4	-11	4	-3	1	0	-97	-500	-141	480	0	-500
1	-141	980	3248576752	-6	4	-13	4	-2	2	0	-99	-498	-141	480	0	-500
1	-141	980	3248578756	-8	5	-11	4	-3	1	0	-102	-497	-141	480	0	-500
1	-141	980	3248580752	-5	4	-11	3	-3	1	0	-105	-496	-141	480	0	-500
1	-141	980	3248582756	-6	2	-11	4	-2	1	0	-107	-495	-141	480	0	-500
1	-141	980	3248584748	-8	5	-12	4	-3	1	0	-110	-494	-141	480	0	-500
1	-141	980	3248586748	-5	4	-11	4	-3	1	0	-113	-493	-141	480	0	-500
1	-141	980	3248588740	-7	4	-11	3	-2	1	0	-115	-492	-141	480	0	-500
1	-141	980	3248590736	-5	3	-11	4	-3	1	0	-118	-491	-141	480	0	-500
1	-141	980	3248592740	-8	4	-12	4	-3	2	0	-121	-489	-141	480	0	-500
1	-141	980	3248594744	-5	4	-12	5	-2	1	0	-123	-488	-141	480	0	-500
1	-141	980	3248596736	-7	4	-11	4	-3	1	0	-126	-487	-141	480	0	-500
1	-141	980	3248598740	-5	3	-10	2	-2	1	0	-128	-486	-141	480	0	-500
1	-141	980	3248600736	-6	4	-12	4	-3	1	0	-131	-485	-141	480	0	-500
1	-141	980	3248602740	-7	4	-11	4	-3	1	0	-134	-484	-141	480	0	-500
1	-141	980	3248604744	-6	2	-11	3	-2	1	0	-136	-483	-141	480	0	-500
1	-141	980	3248606740	-6	5	-11	4	-3	1	0	-139	-482	-141	480	0	-500
1	-141	980	3248608744	-5	3	-12	3	-2	1	0	-141	-481	-141	480	0	-500
1	-141	980	3248610748	-8	4	-11	3	-3	1	0	-144	-480	-141	480	0	-500
1	-141	980	3248612752	-5	3	-11	4	-2	1	0	-146	-479	-141	480	0	-500
1	-141	980	3248614744	-6	4	-11	3	-3	2	0	-149	-477	-141	480	0	-500
1	-141	980	3248616740	-5	3	-12	3	-3	0	0	-152	-477	-141	480	0	-500
1	-141	980	3248618748	-6	3	-12	4	-2	1	0	-154	-476	-141	480	0	-500
1	-141	980	3248620752	-5	4	-11	4	-3	2	0	-157	-474	-141	480	0	-500
1	-141	980	3248622736	-5	3	-10	2	-2	0	0	-159	-474	-141	480	0	-500
1	-141	980	3248624748	-6	3	-10	4	-2	1	0	-161	-473	-141	480	0	-500
1	-141	980	3248626756	-5	4	-12	3	-3	2	0	-164	-471	-141	480	0	-500
1	-141	980	3248628764	-5	4	-8	3	-2	1	0	-166	-470	-141	480	0	-500
1	-141	980	3248630748	-5	2	-10	3	-2	0	0	-168	-470	-141	480	0	-500
1	-141	980	3248632752	-5	4	-10	4	-2	2	0	-170	-468	-141	480	0	-500
1	-141	980	3248634748	-4	4	-9	2	-2	0	0	-172	-468	-141	480	0	-500
1	-141	980	3248636760	-5	2	-9	4	-2	1	0	-174	-467	-141	480	0	-500
1	-141	980	3248638760	-4	4	-9	2	-2	1	0	-176	-466	-141	480	0	-500
1	-141	980	3248640760	-4	4	-8	4	-2	1	0	-178	-465	-141	480	0	-500
1	-141	980	3248642756	-5	4	-8	4	-2	2	0	-180	-463	-141	480	0	-500
1	-141	980	3248644744	-3	2	-7	2	-2	0	0	-182	-463	-141	480	0	-500
1	-141	980	3248646752	-4	4	-8	4	-1	1	0	-183	-462	-141	480	0	-500
1	-141	980	3248648748	-3	4	-7	3	-2	1	0	-185	-461	-141	480	0	-500
1	-141	980	3248650748	-3	3	-7	3	-1	1	0	-186	-460	-141	480	0	-500
1	-141	980	3248652748	-4	4	-7	4	-2	2	0	-188	-458	-141	480	0	-500
1	-141	980	3248654748	-4	4	-6	4	-2	1	0	-190	-457	-141	480	0	-500
1	-141	980	3248656736	-2	2	-7	2	-1	0	0	-191	-457	-141	480	0	-500
1	-141	980	3248658748	-3	4	-7	4	-1	2	0	-192	-455	-141	480	0	-500
1	-141	980	3248660744	-4	5	-6	4	-2	1	0	-194	-454	-141	480	0	-500
1	-141	980	3248662744	-2	4	-7	4	-1	1	0	-195	-453	-141	480	0	-500
1	-141	980	3248664740	-4	4	-6	3	-2	1	0	-197	-452	-141	480	0	-500
1	-141	980	3248666736	-2	5	-7	5	-1	2	0	-198	-450	-141	480	0	-500
1	-141	980	3248668736	-3	5	-7	4	-2	1	0	-200	-449	-141	480	0	-500
1	-141	980	3248670736	-4	3	-6	5	-1	1	0	-201	-448	-141	480	0	-500
1	-141	980	3248672728	-2	5	-7	5	-1	2	0	-202	-446	-141	480	0	-500
1	-141	980	3248674728	-4	5	-7	4	-2	1	0	-204	-445	-141	480	0	-500
1	-141	980	3248676724	-4	5	-7	6	-2	2	0	-206	-443	-141	480	0	-500
1	-141	980	3248678724	-3	7	-8	5	-1	2	0	-207	-441	-141	480	0	-500
1	-141	980	3248680728	-4	6	-7	6	-2	1	0	-209	-440	-141	480	0	-500
1	-141	980	3248682724	-4	6	-8	7	-2	2	0	-211	-438	-141	480	0	-500
1	-141	980	3248684724	-4	8	-8	6	-2	2	0	-213	-436	-141	480	0	-500
1	-141	980	3248686724	-5	7	-8	6	-2	2	0	-215	-434	-141	480	0	-500
1	-141	980	3248688724	-3	6	-9	8	-1	2	0	-216	-432	-141	480	0	-500
1	-141	980	3248690724	-5	8	-8	7	-2	3	0	-218	-429	-141	480	0	-500
1	-141	980	3248692724	-5	9	-10	9	-3	2	0	-221	-427	-141	480	0	-500
1	-141	980	3248694716	-5	8	-10	9	-2	3	0	-223	-424	-141	480	0	-500
1	-141	980	3248696720	-5	10	-9	7	-2	2	0	-225	-422	-141	480	0	-500
1	-141	980	3248698724	-5	9	-10	9	-2	3	0	-227	-419	-141	480	0	-500
1	-141	980	3248700724	-7	10	-10	10	-3	3	0	-230	-416	-141	480	0	-500
1	-141	980	3248702724	-5	9	-10	9	-2	3	0	-232	-413	-141	480	0	-500
1	-141	980	3248704728	-7	11	-10	10	-3	3	0	-235	-410	-141	480	0	-500
1	-141	980	3248706728	-5	11	-10	10	-2	3	0	-237	-407	-141	480	0	-500
1	-141	980	3248708732	-6	10	-11	11	-2	3	0	-239	-404	-141	480	0	-500
1	-141	980	3248710732	-8	13	-10	10	-3	4	0	-242	-400	-141	480	0	-500
1	-141	980	3248712732	-6	10	-12	11	-3	3	0	-245	-397	-141	480	0	-500
1	-141	980	3248714728	-6	14	-10	11	-2	4	0	-247	-393	-141	480	0	-500
1	-141	980	3248716728	-8	11	-12	13	-3	3	0	-250	-390	-141	480	0	-500
1	-141	980	3248718728	-7	14	-10	12	-3	4	0	-253	-386	-141	480	0	-500
1	-141	980	3248720732	-7	11	-11	12	-2	4	0	-255	-382	-141	480	0	-500
1	-141	980	3248722732	-7	15	-12	12	-3	4	0	-258	-378	-141	480	0	-500
1	-141	980	3248724732	-8	12	-10	13	-3	3	0	-261	-375	-141	480	0	-500
1	-141	980	3248726736	-7	15	-11	12	-3	4	0	-264	-371	-141	480	0	-500
1	-141	980	3248728728	-8	13	-11	13	-2	4	0	-266	-367	-141	480	0	-500
1	-141	980	3248730728	-7	14	-10	13	-3	4	0	-269	-363	-141	480	0	-500
1	-141	980	3248732732	-8	15	-11	14	-3	5	0	-272	-358	-141	480	0	-500
1	-141	980	3248734732	-7	13	-12	14	-3	4	0	-275	-354	-141	480	0	-500
1	-141	980	3248736740	-8	17	-11	14	-3	4	0	-278	-350	-141	480	0	-500
1	-141	980	3248738732	-7	13	-10	13	-2	4	0	-280	-346	-141	480	0	-500
1	-141	980	3248740732	-8	18	-14	17	-3	6	0	-283	-340	-141	480	0	-500
1	-141	980	3248742736	-7	14	-10	15	-3	4	0	-286	-336	-141	480	0	-500
1	-141	980	3248744736	-8	17	-11	15	-3	5	0	-289	-331	-141	480	0	-500
1	-141	980	3248746740	-7	15	-11	15	-3	4	0	-292	-327	-141	480	0	-500
1	-141	980	3248748744	-8	16	-11	15	-2	5	0	-294	-322	-141	480	0	-500
1	-141	980	3248750732	-7	18	-12	15	-3	5	0	-297	-317	-141	480	0	-500
1	-141	980	3248752732	-8	16	-11	16	-3	5	0	-300	-312	-141	480	0	-500
1	-141	980	3248754732	-8	18	-11	16	-3	5	0	-303	-307	-141	480	0	-500
1	-141	980	3248756728	-7	16	-13	15	-3	4	0	-306	-303	-141	480	0	-500
1	-141	980	3248758732	-8	19	-11	18	-3	6	0	-309	-297	-141	480	0	-500
1	-141	980	3248760732	-7	17	-11	16	-2	5	0	-311	-292	-141	480	0	-500
1	-141	980	3248762732	-8	19	-11	16	-3	5	0	-314	-287	-141	480	0	-500
1	-141	980	3248764736	-8	17	-14	20	-4	6	0	-318	-281	-141	480	0	-500
1	-141	980	3248766740	-6	18	-11	16	-2	5	0	-320	-276	-141	480	0	-500
1	-141	980	3248768740	-9	19	-12	18	-3	5	0	-323	-271	-141	480	0	-500
1	-141	980	3248770740	-6	17	-12	17	-3	5	0	-326	-266	-141	480	0	-500
1	-141	980	3248772740	-8	21	-11	18	-3	6	0	-329	-260	-141	480	0	-500
1	-141	980	3248774744	-7	18	-12	17	-3	6	0	-332	-254	-141	480	0	-500
1	-141	980	3248776736	-8	20	-11	18	-3	5	0	-335	-249	-141	480	0	-500
1	-141	980	3248778736	-6	17	-11	17	-2	5	0	-337	-244	-141	480	0	-500
1	-141	980	3248780740	-6	20	-10	18	-3	6	0	-340	-238	-141	480	0	-500
1	-141	980	3248782748	-6	18	-11	17	-2	5	0	-342	-233	-141	480	0	-500
1	-141	980	3248784748	-7	20	-10	18	-3	6	0	-345	-227	-141	480	0	-500
1	-141	980	3248786752	-5	17	-12	21	-2	6	0	-347	-221	-141	480	0	-500
1	-141	980	3248788752	-6	19	-10	18	-3	5	0	-350	-216	-141	480	0	-500
1	-141	980	3248790760	-5	20	-8	17	-2	6	0	-352	-210	-141	480	0	-500
1	-141	980	3248792760	-5	19	-10	19	-2	6	0	-354	-204	-141	480	0	-500
1	-141	980	3248794752	-5	20	-9	17	-2	5	0	-356	-199	-141	480	0	-500
1	-141	980	3248796748	-4	19	-9	19	-2	6	0	-358	-193	-141	480	0	-500
1	-141	980	3248798748	-5	20	-9	19	-2	6	0	-360	-187	-141	480	0	-500
1	-141	980	3248800736	-2	18	-7	19	-1	5	0	-361	-182	-141	480	0	-500
1	-141	980	3248802744	-4	22	-8	18	-2	6	0	-363	-176	-141	480	0	-500
1	-141	980	3248804740	-4	18	-7	19	-2	6	0	-365	-170	-141	480	0	-500
1	-141	980	3248806736	-2	20	-8	20	-1	6	0	-366	-164	-141	480	0	-500
1	-141	980	3248808732	-4	22	-7	20	-2	6	0	-368	-158	-141	480	0	-500
1	-141	980	3248810728	-2	20	-6	19	-1	6	0	-369	-152	-141	480	0	-500
1	-141	980	3248812728	-3	22	-8	24	-2	7	0	-371	-145	-141	480	0	-500
1	-141	980	3248814724	-2	21	-7	20	-1	6	0	-372	-139	-141	480	0	-500
1	-141	980	3248816724	-3	24	-7	21	-2	7	0	-374	-132	-141	480	0	-500
1	-141	980	3248818720	-1	21	-6	21	-1	6	0	-375	-126	-141	480	0	-500
1	-141	980	3248820720	-3	22	-6	21	-1	6	0	-376	-120	-141	480	0	-500
1	-141	980	3248822716	-2	25	-6	23	-1	8	0	-377	-112	-141	480	0	-500
1	-141	980	3248824724	-3	21	-7	21	-2	6	0	-379	-106	-141	480	0	-500
1	-141	980	3248826720	-2	26	-6	23	-1	7	0	-380	-99	-141	480	0	-500
1	-141	980	3248828716	-3	23	-7	23	-1	7	0	-381	-92	-141	480	0	-500
1	-141	980	3248830716	-2	26	-7	23	-2	8	0	-383	-84	-141	480	0	-500
1	-141	980	3248832712	-3	24	-6	24	-1	7	0	-384	-77	-141	480	0	-500
1	-141	980	3248834712	-2	26	-6	23	-1	7	0	-385	-70	-141	480	0	-500
1	-141	980	3248836708	-4	25	-6	24	-2	7	0	-387	-63	-141	480	0	-500
1	-141	980	3248838712	-2	24	-8	29	-1	8	0	-388	-55	-141	480	0	-500
1	-141	980	3248840712	-4	28	-7	25	-2	8	0	-390	-47	-141	480	0	-500
1	-141	980	3248842704	-4	25	-7	25	-2	8	0	-392	-39	-141	480	0	-500
1	-141	980	3248844704	-4	30	-6	25	-1	8	0	-393	-31	-141	480	0	-500
1	-141	980	3248846704	-3	25	-7	26	-2	8	0	-395	-23	-141	480	0	-500
1	-141	980	3248848700	-5	30	-7	26	-1	8	0	-396	-15	-141	480	0	-500
1	-141	980	3248850696	-5	28	-7	28	-2	9	0	-398	-6	-141	480	0	-500
1	-141	980	3248852696	-4	26	-8	27	-2	7	0	-400	1	-141	480	0	-500
1	-141	980	3248854692	-5	33	-6	28	-2	10	0	-402	11	-141	480	0	-500
1	-141	980	3248856696	-5	27	-7	27	-1	8	0	-403	19	-141	480	0	-500
1	-141	980	3248858700	-6	31	-8	28	-3	9	0	-406	28	-141	480	0	-500
1	-141	980	3248860700	-5	29	-7	29	-1	8	0	-407	36	-141	480	0	-500
1	-141	980	3248862696	-7	33	-9	28	-3	9	0	-410	45	-141	480	0	-500
1	-141	980	3248864696	-6	28	-9	34	-2	10	0	-412	55	-141	480	0	-500
1	-141	980	3248866700	-6	33	-7	29	-2	9	0	-414	64	-141	480	0	-500
1	-141	980	3248868700	-6	29	-9	29	-2	9	0	-416	73	-141	480	0	-500
1	-141	980	3248870696	-7	28	-9	30	-3	8	0	-419	81	-141	480	0	-500
1	-141	980	3248872696	-7	34	-7	30	-2	10	0	-421	91	-141	480	0	-500
1	-141	980	3248874700	-6	30	-9	28	-2	9	0	-423	100	-141	480	0	-500
1	-141	980	3248876700	-8	34	-9	30	-2	9	0	-425	109	-141	480	0	-500
1	-141	980	3248878696	-6	29	-9	30	-3	9	0	-428	118	-141	480	0	-500
1	-141	980	3248880696	-6	33	-10	30	-2	10	0	-430	128	-141	480	0	-500
1	-141	980	3248882696	-8	30	-8	30	-3	9	0	-433	137	-141	480	0	-500
1	-141	980	3248884688	-7	34	-9	30	-2	9	0	-435	146	-141	480	0	-500
1	-141	980	3248886688	-7	29	-10	32	-2	9	0	-437	155	-141	480	0	-500
1	-141	980	3248888688	-6	30	-10	33	-3	10	0	-440	165	-141	480	0	-500
1	-141	980	3248890684	-7	32	-9	30	-2	9	0	-442	174	-141	480	0	-500
1	-141	980	3248892684	-7	30	-10	29	-3	9	0	-445	183	-141	480	0	-500
1	-141	980	3248894688	-7	33	-9	29	-2	9	0	-447	192	-141	480	0	-500
1	-141	980	3248896684	-6	29	-8	30	-2	9	0	-449	201	-141	480	0	-500
1	-141	980	3248898684	-7	32	-10	29	-3	9	0	-452	210	-141	480	0	-500
1	-141	980	3248900684	-6	29	-9	27	-2	9	0	-454	219	-141	480	0	-500
1	-141	980	3248902684	-7	31	-9	29	-3	9	0	-457	228	-141	480	0	-500
1	-141	980	3248904684	-5	28	-9	29	-2	8	0	-459	236	-141	480	0	-500
1	-141	980	3248906684	-7	27	-8	27	-2	8	0	-461	244	-141	480	0	-500
1	-141	980	3248908692	-6	31	-9	28	-2	9	0	-463	253	-141	480	0	-500
1	-141	980	3248910688	-6	27	-9	27	-2	8	0	-465	261	-141	480	0	-500
1	-141	980	3248912688	-6	30	-9	26	-3	9	0	-468	270	-141	480	0	-500
1	-141	980	3248914684	-7	26	-10	30	-2	8	0	-470	278	-141	480	0	-500
1	-141	980	3248916688	-6	30	-8	27	-2	9	0	-472	287	-141	480	0	-500
1	-141	980	3248918688	-6	25	-8	25	-2	7	0	-474	294	-141	480	0	-500
1	-141	980	3248920684	-6	29	-9	25	-3	8	0	-477	302	-141	480	0	-500
1	-141	980	3248922680	-5	23	-7	25	-1	7	0	-478	309	-141	480	0	-500
1	-141	980	3248924680	-7	25	-8	23	-3	8	0	-481	317	-141	480	0	-500
1	-141	980	3248926672	-6	27	-8	25	-2	7	0	-483	324	-141	480	0	-500
1	-141	980	3248928668	-5	23	-8	24	-2	7	0	-485	331	-141	480	0	-500
1	-141	980	3248930664	-7	27	-7	24	-2	8	0	-487	339	-141	480	0	-500
1	-141	980	3248932660	-5	23	-8	22	-2	7	0	-489	346	-141	480	0	-500
1	-141	980	3248934656	-7	25	-7	23	-2	7	0	-491	353	-141	480	0	-500
1	-141	980	3248936656	-6	23	-8	22	-2	7	0	-493	360	-141	480	0	-500
1	-141	980	3248938652	-5	21	-7	23	-2	6	0	-495	366	-141	480	0	-500
1	-141	980	3248940648	-6	25	-8	25	-2	8	0	-497	374	-141	480	0	-500
1	-141	980	3248942644	-6	21	-7	22	-2	6	0	-499	380	-141	480	0	-500
1	-141	980	3248944644	-7	24	-8	22	-2	7	0	-501	387	-141	480	0	-500
1	-141	980	3248946644	-6	21	-7	21	-2	7	0	-503	394	-141	480	0	-500
1	-141	980	3248948644	-6	24	-7	20	-2	6	0	-505	400	-141	480	0	-500
1	-141	980	3248950648	-5	20	-7	21	-2	6	0	-507	406	-141	480	0	-500
1	-141	980	3248952656	-6	23	-6	21	-2	7	0	-509	413	-141	480	0	-500
1	-141	980	3248954652	-7	20	-8	20	-2	6	0	-511	419	-141	480	0	-500
1	-141	980	3248956648	-5	20	-6	22	-1	6	0	-512	425	-141	480	0	-500
1	-141	980	3248958648	-6	22	-8	20	-3	7	0	-515	432	-141	480	0	-500
1	-141	980	3248960648	-5	20	-6	20	-1	6	0	-516	438	-141	480	0	-500
1	-141	980	3248962640	-6	23	-6	21	-2	6	0	-518	444	-141	480	0	-500
1	-141	980	3248964644	-5	20	-8	20	-2	6	0	-520	450	-141	480	0	-500
1	-141	980	3248966644	-6	23	-7	22	-2	7	0	-522	457	-141	480	0	-500
1	-141	980	3248968640	-5	20	-6	22	-2	6	0	-524	463	-141	480	0	-500
1	-141	980	3248970636	-7	23	-7	20	-2	7	0	-526	470	-141	480	0	-500
1	-141	980	3248972636	-3	20	-7	20	-1	6	0	-527	476	-141	480	0	-500
1	-141	980	3248974632	-5	21	-6	21	-2	6	0	-529	482	-141	480	0	-500
1	-141	980	3248976632	-7	23	-7	21	-2	7	0	-531	489	-141	480	0	-500
1	-141	980	3248978628	-5	21	-7	20	-2	6	0	-533	495	-141	480	0	-500
1	-141	980	3248980636	-5	24	-6	21	-1	6	0	-534	501	-141	480	0	-500
1	-141	980	3248982632	-5	20	-7	22	-2	7	0	-536	508	-141	480	0	-500
1	-141	980	3248984632	-5	23	-7	20	-2	6	0	-538	514	-141	480	0	-500
1	-141	980	3248986628	-5	22	-6	21	-2	7	0	-540	521	-141	480	0	-500
1	-141	980	3248988628	-5	23	-8	21	-2	6	0	-542	527	-141	480	0	-500
1	-141	980	3248990624	-5	22	-9	25	-2	7	0	-544	534	-141	480	0	-500
1	-141	980	3248992636	-5	21	-7	21	-1	7	0	-545	541	-141	480	0	-500
1	-141	980	3248994636	-5	25	-6	22	-2	7	0	-547	548	-141	480	0	-500
1	-141	980	3248996632	-5	21	-8	22	-2	6	0	-549	554	-141	480	0	-500
1	-141	980	3248998632	-6	25	-7	21	-2	7	0	-551	561	-141	480	0	-500
1	-141	980	3249000632	-5	21	-8	23	-2	7	0	-553	568	-141	480	0	-500
1	-141	980	3249002632	-6	24	-7	21	-2	6	0	-555	574	-141	480	0	-500
1	-141	980	3249004628	-5	23	-9	23	-2	7	0	-557	581	-141	480	0	-500
1	-141	980	3249006624	-8	25	-8	21	-2	7	0	-559	588	-141	480	0	-500
1	-141	980	3249008624	-5	21	-7	22	-2	7	0	-561	595	-141	480	0	-500
1	-141	980	3249010624	-6	21	-8	23	-2	6	0	-563	601	-141	480	0	-500
1	-141	980	3249012620	-7	25	-8	21	-3	7	0	-566	608	-141	480	0	-500
1	-141	980	3249014620	-7	23	-8	23	-2	7	0	-568	615	-141	480	0	-500
1	-141	980	3249016616	-7	25	-9	25	-2	7	0	-570	622	-141	480	0	-500
1	-141	980	3249018612	-6	22	-7	22	-2	7	0	-572	629	-141	480	0	-500
1	-141	980	3249020612	-9	25	-9	23	-3	7	0	-575	636	-141	480	0	-500
1	-141	980	3249022612	-8	23	-7	22	-2	7	0	-577	643	-141	480	0	-500
1	-141	980	3249024608	-7	21	-9	21	-3	6	0	-580	649	-141	480	0	-500
1	-141	980	3249026608	-9	26	-8	23	-2	8	0	-582	657	-141	480	0	-500
1	-141	980	3249028604	-7	21	-8	22	-2	6	0	-584	663	-141	480	0	-500
1	-141	980	3249030604	-9	27	-8	23	-3	8	0	-587	671	-141	480	0	-500
1	-141	980	3249032612	-9	22	-9	22	-3	6	0	-590	677	-141	480	0	-500
1	-141	980	3249034608	-9	25	-7	23	-2	7	0	-592	684	-141	480	0	-500
1	-141	980	3249036604	-8	23	-9	22	-3	7	0	-595	691	-141	480	0	-500
1	-141	980	3249038608	-10	26	-9	23	-2	8	0	-597	699	-141	480	0	-500
1	-141	980	3249040596	-9	22	-7	22	-3	6	0	-600	705	-141	480	0	-500
1	-141	980	3249042596	-9	23	-10	27	-3	8	0	-603	713	-141	480	0	-500
1	-141	980	3249044600	-11	26	-9	23	-3	7	0	-606	720	-141	480	0	-500
1	-141	980	3249046600	-9	23	-9	23	-2	7	0	-608	727	-141	480	0	-500
1	-141	980	3249048596	-11	26	-8	24	-3	7	0	-611	734	-141	480	0	-500
1	-141	980	3249050592	-10	24	-9	23	-3	7	0	-614	741	-141	480	0	-500
1	-141	980	3249052592	-11	26	-10	23	-3	8	0	-617	728	-141	480	0	-500
1	-141	980	3249054584	-10	24	-9	25	-3	7	0	-620	735	-141	480	0	-500
1	-141	980	3249056584	-12	27	-10	24	-3	8	0	-623	743	-141	480	0	-500
1	-141	980	3249058592	-10	24	-9	23	-3	7	0	-626	750	-141	480	0	-500
1	-141	980	3249060592	-11	25	-10	25	-3	7	0	-629	757	-141	480	0	-500
1	-141	980	3249062596	-11	27	-10	24	-3	8	0	-632	765	-141	480	0	-500
1	-141	980	3249064604	-11	25	-11	25	-4	7	0	-636	772	-141	480	0	-500
1	-141	980	3249066600	-13	29	-11	29	-3	9	0	-639	781	-141	480	0	-500
1	-141	980	3249068596	-11	25	-11	25	-4	8	0	-643	789	-141	480	0	-500
1	-141	980	3249070592	-13	29	-10	25	-3	8	0	-646	797	-141	480	0	-500
1	-141	980	3249072588	-12	25	-12	25	-4	7	0	-650	804	-141	480	0	-500
1	-141	980	3249074596	-13	29	-11	26	-3	9	0	-653	813	-141	480	0	-500
1	-141	980	3249076600	-12	25	-11	25	-4	7	0	-657	727	-141	480	0	-500
1	-141	980	3249078596	-11	26	-11	26	-3	8	0	-660	735	-141	480	0	-500
1	-141	980	3249080592	-15	30	-12	27	-4	8	0	-664	743	-141	480	0	-500
1	-141	980	3249082596	-13	25	-12	25	-4	8	0	-668	751	-141	480	0	-500
1	-141	980	3249084592	-14	30	-11	26	-4	8	0	-672	759	-141	480	0	-500
1	-141	980	3249086592	-12	26	-13	26	-3	8	0	-675	728	-141	480	0	-500
1	-141	980	3249088588	-15	30	-12	26	-4	8	0	-679	736	-141	480	0	-500
1	-141	980	3249090580	-14	25	-13	27	-4	8	0	-683	744	-141	480	0	-500
1	-141	980	3249092572	-15	30	-14	30	-5	9	0	-688	753	-141	480	0	-500
1	-141	980	3249094568	-14	26	-12	27	-4	8	0	-692	761	-141	480	0	-500
1	-141	980	3249096560	-13	27	-13	26	-4	8	0	-696	769	-141	480	0	-500
1	-141	980	3249098568	-15	30	-13	27	-4	9	0	-700	778	-141	480	0	-500
1	-141	980	3249100568	-14	26	-13	26	-4	8	0	-704	786	-141	480	0	-500
1	-141	980	3249102564	-16	29	-14	26	-4	8	0	-708	794	-141	480	0	-500
1	-141	980	3249104560	-15	26	-12	28	-4	8	0	-712	802	-141	480	0	-500
1	-141	980	3249106556	-17	30	-14	26	-5	8	0	-717	728	-141	480	0	-500
1	-141	980	3249108552	-13	25	-14	26	-4	8	0	-721	736	-141	480	0	-500
1	-141	980	3249110548	-15	26	-13	26	-4	8	0	-725	744	-141	480	0	-500
1	-141	980	3249112544	-18	30	-14	25	-5	8	0	-730	752	-141	480	0	-500
1	-141	980	3249114552	-14	25	-14	27	-4	8	0	-734	760	-141	480	0	-500
1	-141	980	3249116560	-17	29	-14	26	-5	8	0	-739	768	-141	480	0	-500
1	-141	980	3249118552	-15	26	-17	29	-5	8	0	-744	776	-141	480	0	-500
1	-141	980	3249120552	-18	29	-15	26	-5	9	0	-749	729	-141	480	0	-500
1	-141	980	3249122548	-15	24	-14	25	-4	7	0	-753	736	-141	480	0	-500
1	-141	980	3249124544	-15	25	-15	25	-5	7	0	-758	743	-141	480	0	-500
1	-141	980	3249126540	-17	28	-15	25	-4	8	0	-762	751	-141	480	0	-500
1	-141	980	3249128536	-15	24	-15	25	-5	8	0	-767	759	-141	480	0	-500
1	-141	980	3249130544	-18	28	-15	25	-5	8	0	-772	767	-141	480	0	-500
1	-141	980	3249132536	-15	23	-16	24	-4	7	0	-776	774	-141	480	0	-500
1	-141	980	3249134532	-17	28	-15	23	-5	7	0	-781	781	-141	480	0	-500
1	-141	980	3249136528	-15	24	-15	25	-5	8	0	-786	728	-141	480	0	-500
1	-141	980	3249138520	-18	26	-16	23	-5	7	0	-791	735	-141	480	0	-500
1	-141	980	3249140520	-15	24	-15	24	-4	7	0	-795	742	-141	480	0	-500
1	-141	980	3249142512	-15	22	-17	23	-5	7	0	-800	749	-141	480	0	-500
1	-141	980	3249144516	-16	26	-15	24	-5	7	0	-805	756	-141	480	0	-500
1	-141	980	3249146512	-15	23	-17	26	-5	8	0	-810	764	-141	480	0	-500
1	-141	980	3249148512	-16	25	-16	23	-4	7	0	-814	771	-141	480	0	-500
1	-141	980	3249150508	-15	22	-15	22	-5	7	0	-819	778	-141	480	0	-500
1	-141	980	3249152508	-16	25	-15	23	-5	7	0	-824	785	-141	480	0	-500
1	-141	980	3249154504	-15	22	-15	22	-4	6	0	-828	726	-141	480	0	-500
1	-141	980	3249156512	-15	25	-15	23	-5	8	0	-833	734	-141	480	0	-500
1	-141	980	3249158520	-15	21	-15	21	-4	6	0	-837	740	-141	480	0	-500
1	-141	980	3249160516	-14	20	-15	21	-4	6	0	-841	746	-141	480	0	-500
1	-141	980	3249162512	-15	25	-14	22	-5	7	0	-846	753	-141	480	0	-500
1	-141	980	3249164504	-14	20	-15	21	-4	6	0	-850	759	-141	480	0	-500
1	-141	980	3249166500	-16	24	-14	21	-5	7	0	-855	766	-141	480	0	-500
1	-141	980	3249168496	-13	20	-14	20	-4	6	0	-859	772	-141	480	0	-500
1	-141	980	3249170504	-15	22	-12	21	-4	6	0	-863	726	-141	480	0	-500
1	-141	980	3249172496	-13	19	-15	23	-4	7	0	-867	733	-141	480	0	-500
1	-141	980	3249174496	-13	20	-13	19	-4	6	0	-871	739	-141	480	0	-500
1	-141	980	3249176492	-14	21	-12	20	-4	6	0	-875	745	-141	480	0	-500
1	-141	980	3249178488	-12	19	-13	18	-3	5	0	-878	750	-141	480	0	-500
1	-141	980	3249180484	-14	21	-12	19	-4	6	0	-882	756	-141	480	0	-500
1	-141	980	3249182476	-12	18	-11	19	-4	6	0	-886	762	-141	480	0	-500
1	-141	980	3249184476	-13	20	-12	17	-4	5	0	-890	767	-141	480	0	-500
1	-141	980	3249186472	-11	17	-11	18	-3	6	0	-893	773	-141	480	0	-500
1	-141	980	3249188468	-11	18	-10	17	-3	5	0	-896	725	-141	480	0	-500
1	-141	980	3249190464	-13	18	-10	18	-3	5	0	-899	730	-141	480	0	-500
1	-141	980	3249192456	-10	17	-10	16	-3	5	0	-902	735	-141	480	0	-500
1	-141	980	3249194452	-12	18	-9	16	-4	5	0	-906	740	-141	480	0	-500
1	-141	980	3249196456	-9	15	-10	15	-2	5	0	-908	745	-141	480	0	-500
1	-141	980	3249198456	-11	18	-10	18	-4	5	0	-912	750	-141	480	0	-500
1	-141	980	3249200452	-9	15	-7	16	-2	5	0	-914	755	-141	480	0	-500
1	-141	980	3249202452	-11	16	-9	14	-3	4	0	-917	759	-141	480	0	-500
1	-141	980	3249204452	-8	14	-7	15	-2	5	0	-919	725	-141	480	0	-500
1	-141	980	3249206448	-9	14	-9	14	-3	4	0	-922	729	-141	480	0	-500
1	-141	980	3249208444	-8	13	-8	12	-2	4	0	-924	733	-141	480	0	-500
1	-141	980	3249210444	-8	13	-6	14	-2	4	0	-926	737	-141	480	0	-500
1	-141	980	3249212440	-9	15	-7	12	-3	4	0	-929	741	-141	480	0	-500
1	-141	980	3249214432	-6	11	-7	13	-2	3	0	-931	744	-141	480	0	-500
1	-141	980	3249216428	-7	13	-6	11	-2	4	0	-933	748	-141	480	0	-500
1	-141	980	3249218424	-8	11	-6	11	-2	3	0	-935	751	-141	480	0	-500
1	-141	980	3249220420	-5	10	-5	12	-1	4	0	-936	724	-141	480	0	-500
1	-141	980	3249222420	-7	11	-6	10	-2	3	0	-938	727	-141	480	0	-500
1	-141	980	3249224416	-5	10	-5	10	-2	3	0	-940	730	-141	480	0	-500
1	-141	980	3249226416	-7	10	-7	10	-2	3	0	-942	733	-141	480	0	-500
1	-141	980	3249228416	-5	9	-5	8	-1	2	0	-943	735	-141	480	0	-500
1	-141	980	3249230412	-5	9	-3	9	-2	3	0	-945	738	-141	480	0	-500
1	-141	980	3249232412	-5	7	-5	8	-1	2	0	-946	740	-141	480	0	-500
1	-141	980	3249234412	-3	9	-4	7	-1	3	0	-947	743	-141	480	0	-500
1	-141	980	3249236412	-4	6	-4	8	-1	2	0	-948	722	-141	480	0	-500
1	-141	980	3249238424	-4	6	-4	6	-2	2	0	-950	724	-141	480	0	-500
1	-141	980	3249240428	-4	7	-3	6	-1	2	0	-951	726	-141	480	0	-500
1	-141	980	3249242420	-2	5	-3	5	0	1	0	-951	727	-141	480	0	-500
1	-141	980	3249244424	-4	6	-2	5	-1	2	0	-952	729	-141	480	0	-500
1	-141	980	3249246424	-2	4	-3	5	-1	1	0	-953	730	-141	480	0	-500
1	-141	980	3249248424	-3	5	-2	4	-1	1	0	-954	731	-141	480	0	-500
1	-141	980	3249250428	-2	3	-3	5	-1	2	0	-955	733	-141	480	0	-500
1	-141	980	3249252404	-2	3	-1	2	0	0	0	-955	733	-141	480	0	-500
1	-141	980	3249254420	-2	2	-1	3	0	1	0	-955	734	-141	480	0	-500
1	-141	980	3249256432	-1	3	-2	2	-1	1	0	-956	735	-141	480	0	-500
1	-141	980	3249258416	-2	2	-1	3	0	1	0	-956	736	-141	480	0	-500
1	-141	980	3249260412	0	2	-1	2	0	0	0	-956	736	-141	480	0	-500
1	-141	980	3249262436	-1	2	0	2	-1	1	0	-957	721	-141	480	0	-500
1	-141	980	3249264404	-1	1	-1	1	0	0	0	-957	721	-141	480	0	-500
1	-141	980	3249266384	0	0	0	1	0	0	0	-957	721	-141	480	0	-500
1	-141	980	3249268420	-1	2	0	1	0	1	0	-957	722	-141	480	0	-500
1	-141	980	3249270408	0	1	-2	0	0	0	0	-957	720	-141	480	0	-500
1	-141	980	3249272380	0	0	0	2	0	0	0	-957	720	-141	480	0	-500
1	-141	980	3249278380	0	1	0	0	0	0	0	-957	720	-141	480	0	-500
1	-141	980	3249280380	0	0	0	1	0	0	0	-957	720	-141	480	0	-500
1	-141	980	3249360472	-2	0	0	0	-1	0	0	-958	720	-141	480	0	-500
1	-141	980	3249506544	-1	0	0	0	0	0	0	-958	720	-141	480	0	-500
1	-141	980	3249552600	-1	0	0	0	0	0	0	-958	720	-141	480	0	-500
1	-141	980	3249570600	-1	0	0	0	0	0	0	-958	720	-141	480	0	-500
1	-141	980	3249576608	-2	0	0	0	0	0	0	-958	720	-141	480	0	-500
1	-141	980	3249580660	-1	1	0	0	-1	1	0	-959	721	-141	480	0	-500
1	-141	980	3249582604	0	2	0	1	0	0	0	-959	721	-141	480	0	-500
1	-141	980	3249584604	-1	0	0	0	0	0	0	-959	721	-141	480	0	-500
1	-141	980	3249586632	-3	1	-1	1	0	0	0	-959	721	-141	480	0	-500
1	-141	980	3249588652	-1	1	0	2	0	1	0	-959	722	-141	480	0	-500
1	-141	980	3249590652	-2	1	-1	1	-1	0	0	-960	722	-141	480	0	-500
1	-141	980	3249592652	-2	2	-1	1	0	1	0	-960	723	-141	480	0	-500
1	-141	980	3249594648	-2	2	-2	3	-1	0	0	-961	720	-141	480	0	-500
1	-141	980	3249596660	-3	3	-1	1	-1	1	0	-962	721	-141	480	0	-500
1	-141	980	3249598636	-3	2	-1	2	0	0	0	-962	721	-141	480	0	-500
1	-141	980	3249600664	-4	3	-1	3	-1	1	0	-963	722	-141	480	0	-500
1	-141	980	3249602664	-3	2	-2	2	-1	1	0	-964	723	-141	480	0	-500
1	-141	980	3249604648	-3	4	-1	4	0	1	0	-964	724	-141	480	0	-500
1	-141	980	3249606664	-4	4	-2	3	-1	1	0	-965	725	-141	480	0	-500
1	-141	980	3249608656	-5	3	-3	3	-1	1	0	-966	726	-141	480	0	-500
1	-141	980	3249610656	-5	4	-1	5	-1	1	0	-967	721	-141	480	0	-500
1	-141	980	3249612652	-4	5	-3	4	-1	2	0	-968	723	-141	480	0	-500
1	-141	980	3249614652	-5	5	-2	5	-1	1	0	-969	724	-141	480	0	-500
1	-141	980	3249616652	-5	5	-3	4	-2	2	0	-971	726	-141	480	0	-500
1	-141	980	3249618652	-5	5	-3	6	-1	1	0	-972	727	-141	480	0	-500
1	-141	980	3249620652	-5	5	-3	5	-1	2	0	-973	729	-141	480	0	-500
1	-141	980	3249622648	-6	6	-2	6	-1	2	0	-974	731	-141	480	0	-500
1	-141	980	3249624652	-5	7	-4	5	-2	1	0	-976	732	-141	480	0	-500
1	-141	980	3249626652	-5	6	-3	7	-1	2	0	-977	734	-141	480	0	-500
1	-141	980	3249628652	-5	6	-3	6	-1	2	0	-978	736	-141	480	0	-500
1	-141	980	3249630652	-6	8	-3	6	-1	2	0	-979	722	-141	480	0	-500
1	-141	980	3249632664	-7	7	-4	8	-2	3	0	-981	725	-141	480	0	-500
1	-141	980	3249634668	-6	8	-3	6	-1	2	0	-982	727	-141	480	0	-500
1	-141	980	3249636668	-5	6	-4	7	-2	2	0	-984	729	-141	480	0	-500
1	-141	980	3249638668	-5	7	-4	8	-1	2	0	-985	731	-141	480	0	-500
1	-141	980	3249640668	-6	9	-4	6	-1	2	0	-986	733	-141	480	0	-500
1	-141	980	3249642668	-6	8	-3	9	-2	3	0	-988	736	-141	480	0	-500
1	-141	980	3249644668	-7	8	-5	7	-2	2	0	-990	722	-141	480	0	-500
1	-141	980	3249646668	-5	8	-4	8	-1	2	0	-991	724	-141	480	0	-500
1	-141	980	3249648668	-6	9	-4	9	-1	3	0	-992	727	-141	480	0	-500
1	-141	980	3249650660	-5	7	-4	7	-2	2	0	-994	729	-141	480	0	-500
1	-141	980	3249652660	-6	9	-5	8	-1	3	0	-995	732	-141	480	0	-500
1	-141	980	3249654660	-5	7	-3	7	-2	2	0	-997	734	-141	480	0	-500
1	-141	980	3249656660	-6	9	-4	9	-1	2	0	-998	736	-141	480	0	-500
1	-141	980	3249658660	-5	9	-4	7	-2	3	0	-1000	739	-141	480	0	-500
1	-141	980	3249660664	-5	7	-5	8	-1	2	0	-1001	741	-141	480	0	-500
1	-141	980	3249662664	-7	9	-4	7	-2	2	0	-1003	722	-141	480	0	-500
1	-141	980	3249664664	-5	8	-3	8	-1	3	0	-1004	725	-141	480	0	-500
1	-141	980	3249666660	-5	7	-5	9	-1	2	0	-1005	727	-141	480	0	-500
1	-141	980	3249668664	-5	8	-4	7	-2	3	0	-1007	730	-141	480	0	-500
1	-141	980	3249670664	-5	8	-5	6	-1	2	0	-1008	732	-141	480	0	-500
1	-141	980	3249672664	-3	7	-4	8	-1	2	0	-1009	734	-141	480	0	-500
1	-141	980	3249674660	-4	7	-4	7	-1	2	0	-1010	736	-141	480	0	-500
1	-141	980	3249676660	-5	8	-3	7	-2	2	0	-1012	738	-141	480	0	-500
1	-141	980	3249678660	-4	6	-4	7	-1	2	0	-1013	740	-141	480	0	-500
1	-141	980	3249680660	-5	6	-4	6	-1	2	0	-1014	742	-141	480	0	-500
1	-141	980	3249682660	-4	6	-4	7	-1	2	0	-1015	744	-141	480	0	-500
1	-141	980	3249684660	-3	8	-3	6	-1	2	0	-1016	746	-141	480	0	-500
1	-141	980	3249686660	-4	5	-4	6	-2	2	0	-1018	748	-141	480	0	-500
1	-141	980	3249688664	-4	6	-3	5	-1	1	0	-1019	749	-141	480	0	-500
1	-141	980	3249690652	-2	6	-3	6	0	2	0	-1019	751	-141	480	0	-500
1	-141	980	3249692660	-3	5	-4	7	-1	2	0	-1020	722	-141	480	0	-500
1	-141	980	3249694660	-4	7	-3	5	-1	2	0	-1021	724	-141	480	0	-500
1	-141	980	3249696660	-2	5	-3	5	-1	1	0	-1022	725	-141	480	0	-500
1	-141	980	3249698660	-3	5	-3	5	-1	2	0	-1023	722	-141	480	0	-500
1	-141	980	3249700660	-2	5	-4	5	-1	1	0	-1024	723	-141	480	0	-500
1	-141	980	3249702660	-4	5	-2	3	-1	1	0	-1025	724	-141	480	0	-500
1	-141	980	3249704644	-1	3	-3	5	0	2	0	-1025	726	-141	480	0	-500
1	-141	980	3249706660	-3	5	-2	4	-1	1	0	-1026	727	-141	480	0	-500
1	-141	980	3249708664	-2	4	-3	4	-1	1	0	-1027	728	-141	480	0	-500
1	-141	980	3249710652	-1	4	-1	5	0	2	0	-1027	730	-141	480	0	-500
1	-141	980	3249712660	-3	5	-2	2	-1	1	0	-1028	731	-141	480	0	-500
1	-141	980	3249714664	-1	4	-3	5	-1	1	0	-1029	732	-141	480	0	-500
1	-141	980	3249716652	-3	3	-2	3	0	1	0	-1029	721	-141	480	0	-500
1	-141	980	3249718672	-1	3	-2	4	-1	1	0	-1030	722	-141	480	0	-500
1	-141	980	3249720660	-1	4	-2	2	0	1	0	-1030	723	-141	480	0	-500
1	-141	980	3249722680	-1	3	-1	4	-1	1	0	-1031	724	-141	480	0	-500
1	-141	980	3249724668	-3	3	-3	2	0	1	0	-1031	725	-141	480	0	-500
1	-141	980	3249726664	0	2	-1	3	-1	0	0	-1032	725	-141	480	0	-500
1	-141	980	3249728660	-1	3	-1	2	0	1	0	-1032	726	-141	480	0	-500
1	-141	980	3249730664	-1	2	-2	3	0	1	0	-1032	727	-141	480	0	-500
1	-141	980	3249732684	-2	3	-1	2	-1	1	0	-1033	728	-141	480	0	-500
1	-141	980	3249734652	-1	2	-1	3	0	0	0	-1033	728	-141	480	0	-500
1	-141	980	3249736672	0	3	-1	1	0	1	0	-1033	721	-141	480	0	-500
1	-141	980	3249738684	-1	1	-2	3	-1	1	0	-1034	722	-141	480	0	-500
1	-141	980	3249740660	-1	3	-1	2	0	0	0	-1034	722	-141	480	0	-500
1	-141	980	3249742680	0	1	-1	1	0	1	0	-1034	723	-141	480	0	-500
1	-141	980	3249744680	-2	1	-1	2	-1	0	0	-1035	723	-141	480	0	-500
1	-141	980	3249746652	0	3	0	2	0	1	0	-1035	724	-141	480	0	-500
1	-141	980	3249748668	-1	1	-2	1	0	0	0	-1035	724	-141	480	0	-500
1	-141	980	3249750672	0	1	-1	2	0	1	0	-1035	721	-141	480	0	-500
1	-141	980	3249752664	-1	1	0	1	0	0	0	-1035	721	-141	480	0	-500
1	-141	980	3249754676	0	2	-1	1	-1	0	0	-1036	721	-141	480	0	-500
1	-141	980	3249756672	0	1	-1	1	0	1	0	-1036	722	-141	480	0	-500
1	-141	980	3249758660	-1	1	0	2	0	0	0	-1036	722	-141	480	0	-500
1	-141	980	3249760660	0	1	-2	1	0	0	0	-1036	722	-141	480	0	-500
1	-141	980	3249762680	0	2	-1	1	0	1	0	-1036	723	-141	480	0	-500
1	-141	980	3249764684	-2	1	0	1	-1	0	0	-1037	723	-141	480	0	-500
1	-141	980	3249766680	0	1	-1	2	0	1	0	-1037	724	-141	480	0	-500
1	-141	980	3249768664	0	1	-1	1	0	0	0	-1037	720	-141	480	0	-500
1	-141	980	3249770660	-1	2	0	1	0	0	0	-1037	720	-141	480	0	-500
1	-141	980	3249772672	0	1	-2	1	0	1	0	-1037	721	-141	480	0	-500
1	-141	980	3249774632	0	2	0	2	0	0	0	-1037	721	-141	480	0	-500
1	-141	980	3249776668	0	2	-1	2	0	1	0	-1037	722	-141	480	0	-500
1	-141	980	3249778664	0	2	-1	1	-1	0	0	-1038	722	-141	480	0	-500
1	-141	980	3249780668	-1	1	-1	3	0	1	0	-1038	723	-141	480	0	-500
1	-141	980	3249782672	0	4	-2	2	0	1	0	-1038	724	-141	480	0	-500
1	-141	980	3249784660	0	1	-1	2	0	0	0	-1038	720	-141	480	0	-500
1	-141	980	3249786680	0	3	-1	3	-1	1	0	-1039	721	-141	480	0	-500
1	-141	980	3249788664	0	4	-1	3	0	1	0	-1039	722	-141	480	0	-500
1	-141	980	3249790664	0	2	-3	2	0	1	0	-1039	723	-141	480	0	-500
1	-141	980	3249792664	-1	4	-1	3	0	1	0	-1039	724	-141	480	0	-500
1	-141	980	3249794680	0	2	-1	4	-1	1	0	-1040	725	-141	480	0	-500
1	-141	980	3249796664	0	4	-2	2	0	1	0	-1040	726	-141	480	0	-500
1	-141	980	3249798664	0	4	-2	4	0	1	0	-1040	727	-141	480	0	-500
1	-141	980	3249800672	-2	5	-1	4	-1	1	0	-1041	721	-141	480	0	-500
1	-141	980	3249802660	0	2	-3	3	0	1	0	-1041	722	-141	480	0	-500
1	-141	980	3249804672	0	4	-1	4	0	1	0	-1041	723	-141	480	0	-500
1	-141	980	3249806680	-1	5	-3	4	-1	1	0	-1042	724	-141	480	0	-500
1	-141	980	3249808668	0	4	-2	4	0	2	0	-1042	726	-141	480	0	-500
1	-141	980	3249810668	0	5	-1	3	0	1	0	-1042	727	-141	480	0	-500
1	-141	980	3249812680	-1	4	-3	5	-1	1	0	-1043	728	-141	480	0	-500
1	-141	980	3249814668	0	5	-2	4	0	2	0	-1043	730	-141	480	0	-500
1	-141	980	3249816684	-1	3	-2	5	-1	1	0	-1044	731	-141	480	0	-500
1	-141	980	3249818672	0	5	-2	4	0	1	0	-1044	732	-141	480	0	-500
1	-141	980	3249820680	-2	4	-3	5	-1	1	0	-1045	733	-141	480	0	-500
1	-141	980	3249822664	0	5	-1	4	0	2	0	-1045	735	-141	480	0	-500
1	-141	980	3249824660	-1	4	-2	3	0	1	0	-1045	736	-141	480	0	-500
1	-141	980	3249826676	0	4	-2	5	-1	1	0	-1046	737	-141	480	0	-500
1	-141	980	3249828660	-1	5	-2	4	0	2	0	-1046	739	-141	480	0	-500
1	-141	980	3249830668	0	3	-3	4	0	1	0	-1046	721	-141	480	0	-500
1	-141	980	3249832680	-1	5	-1	4	-1	1	0	-1047	722	-141	480	0	-500
1	-141	980	3249834672	0	4	-1	3	0	1	0	-1047	723	-141	480	0	-500
1	-141	980	3249836684	-2	4	-3	5	-1	1	0	-1048	721	-141	480	0	-500
1	-141	980	3249838672	-1	4	-2	4	0	2	0	-1048	723	-141	480	0	-500
1	-141	980	3249840680	0	5	-1	4	0	1	0	-1048	724	-141	480	0	-500
1	-141	980	3249842692	-1	2	-2	4	-1	1	0	-1049	725	-141	480	0	-500
1	-141	980	3249844684	0	4	-2	3	0	1	0	-1049	726	-141	480	0	-500
1	-141	980	3249846684	0	4	-1	3	0	1	0	-1049	727	-141	480	0	-500
1	-141	980	3249848704	-1	3	-2	4	-1	1	0	-1050	728	-141	480	0	-500
1	-141	980	3249850692	0	4	-1	3	0	1	0	-1050	729	-141	480	0	-500
1	-141	980	3249852692	-2	4	-2	4	0	1	0	-1050	730	-141	480	0	-500
1	-141	980	3249854708	0	4	-2	3	-1	1	0	-1051	721	-141	480	0	-500
1	-141	980	3249856692	0	3	-1	3	0	1	0	-1051	722	-141	480	0	-500
1	-141	980	3249858688	-1	4	-2	4	0	1	0	-1051	723	-141	480	0	-500
1	-141	980	3249860708	0	3	-2	4	-1	1	0	-1052	724	-141	480	0	-500
1	-141	980	3249862688	0	3	-1	2	0	1	0	-1052	725	-141	480	0	-500
1	-141	980	3249864680	-1	4	-1	4	0	1	0	-1052	726	-141	480	0	-500
1	-141	980	3249866684	0	3	-3	4	0	1	0	-1052	727	-141	480	0	-500
1	-141	980	3249868696	0	3	-1	4	-1	1	0	-1053	728	-141	480	0	-500
1	-141	980	3249870680	0	4	-1	2	0	1	0	-1053	729	-141	480	0	-500
1	-141	980	3249872676	-1	4	-3	4	0	2	0	-1053	722	-141	480	0	-500
1	-141	980	3249874700	0	4	-1	4	-1	1	0	-1054	723	-141	480	0	-500
1	-141	980	3249876680	0	3	-1	3	0	1	0	-1054	724	-141	480	0	-500
1	-141	980	3249878680	0	4	-3	4	0	1	0	-1054	725	-141	480	0	-500
1	-141	980	3249880692	-2	4	-1	4	-1	1	0	-1055	726	-141	480	0	-500
1	-141	980	3249882684	0	4	-2	4	0	1	0	-1055	727	-141	480	0	-500
1	-141	980	3249884680	0	3	-2	5	0	1	0	-1055	728	-141	480	0	-500
1	-141	980	3249886692	-1	5	-2	3	-1	2	0	-1056	730	-141	480	0	-500
1	-141	980	3249888680	0	4	-3	4	0	1	0	-1056	721	-141	480	0	-500
1	-141	980	3249890692	0	5	-1	5	0	1	0	-1056	722	-141	480	0	-500
1	-141	980	3249892700	-1	5	-2	5	-1	2	0	-1057	724	-141	480	0	-500
1	-141	980	3249894688	0	5	-2	4	0	1	0	-1057	725	-141	480	0	-500
1	-141	980	3249896684	-1	5	-2	5	0	2	0	-1057	727	-141	480	0	-500
1	-141	980	3249898704	0	4	-3	5	-1	1	0	-1058	728	-141	480	0	-500
1	-141	980	3249900684	0	6	-2	5	0	2	0	-1058	730	-141	480	0	-500
1	-141	980	3249902696	-2	5	-1	5	-1	1	0	-1059	731	-141	480	0	-500
1	-141	980	3249904688	0	5	-3	5	0	2	0	-1059	733	-141	480	0	-500
1	-141	980	3249906700	-1	6	-2	5	-1	1	0	-1060	721	-141	480	0	-500
1	-141	980	3249908672	0	5	-3	6	0	2	0	-1060	723	-141	480	0	-500
1	-141	980	3249910672	-1	7	-2	5	0	2	0	-1060	725	-141	480	0	-500
1	-141	980	3249912692	0	6	-3	6	-1	2	0	-1061	727	-141	480	0	-500
1	-141	980	3249914676	-1	5	-2	5	0	1	0	-1061	728	-141	480	0	-500
1	-141	980	3249916684	0	5	-3	7	-1	2	0	-1062	730	-141	480	0	-500
1	-141	980	3249918668	-2	6	-1	5	0	2	0	-1062	732	-141	480	0	-500
1	-141	980	3249920680	0	6	-3	5	-1	1	0	-1063	733	-141	480	0	-500
1	-141	980	3249922660	-1	5	-2	6	0	2	0	-1063	722	-141	480	0	-500
1	-141	980	3249924676	0	7	-3	5	-1	2	0	-1064	724	-141	480	0	-500
1	-141	980	3249926660	0	6	-2	6	0	1	0	-1064	725	-141	480	0	-500
1	-141	980	3249928656	-1	5	-3	5	0	2	0	-1064	727	-141	480	0	-500
1	-141	980	3249930676	0	6	-2	5	-1	2	0	-1065	729	-141	480	0	-500
1	-141	980	3249932668	0	5	-1	6	0	1	0	-1065	730	-141	480	0	-500
1	-141	980	3249934676	-1	5	-4	5	-1	2	0	-1066	732	-141	480	0	-500
1	-141	980	3249936664	0	5	-1	5	0	1	0	-1066	733	-141	480	0	-500
1	-141	980	3249938660	0	5	-3	5	0	2	0	-1066	722	-141	480	0	-500
1	-141	980	3249940668	-2	6	-2	5	-1	1	0	-1067	723	-141	480	0	-500
1	-141	980	3249942656	0	5	-3	5	0	2	0	-1067	725	-141	480	0	-500
1	-141	980	3249944664	0	5	-2	5	-1	1	0	-1068	726	-141	480	0	-500
1	-141	980	3249946644	0	5	-3	5	0	2	0	-1068	728	-141	480	0	-500
1	-141	980	3249948636	-1	4	-1	5	0	1	0	-1068	729	-141	480	0	-500
1	-141	980	3249950652	0	5	-3	5	-1	2	0	-1069	731	-141	480	0	-500
1	-141	980	3249952636	0	5	-2	4	0	1	0	-1069	732	-141	480	0	-500
1	-141	980	3249954652	0	5	-3	5	-1	2	0	-1070	734	-141	480	0	-500
1	-141	980	3249956636	-1	4	-1	4	0	1	0	-1070	721	-141	480	0	-500
1	-141	980	3249958628	0	5	-2	5	0	1	0	-1070	722	-141	480	0	-500
1	-141	980	3249960640	0	4	-3	4	-1	1	0	-1071	723	-141	480	0	-500
1	-141	980	3249962620	0	5	-2	5	0	2	0	-1071	725	-141	480	0	-500
1	-141	980	3249964616	-1	5	-2	5	0	1	0	-1071	726	-141	480	0	-500
1	-141	980	3249966632	0	3	-2	3	-1	1	0	-1072	727	-141	480	0	-500
1	-141	980	3249968616	0	4	-1	4	0	2	0	-1072	729	-141	480	0	-500
1	-141	980	3249970632	-2	5	-3	5	-1	1	0	-1073	730	-141	480	0	-500
1	-141	980	3249972620	0	4	-1	4	0	1	0	-1073	721	-141	480	0	-500
1	-141	980	3249974616	0	4	-3	4	0	1	0	-1073	722	-141	480	0	-500
1	-141	980	3249976612	-1	5	-1	3	0	2	0	-1073	724	-141	480	0	-500
1	-141	980	3249978628	0	3	-2	4	-1	1	0	-1074	725	-141	480	0	-500
1	-141	980	3249980612	0	4	-2	4	0	1	0	-1074	726	-141	480	0	-500
1	-141	980	3249982608	-1	4	-1	4	0	1	0	-1074	727	-141	480	0	-500
1	-141	980	3249984624	0	4	-2	3	-1	1	0	-1075	728	-141	480	0	-500
1	-141	980	3249986616	0	3	-2	4	0	1	0	-1075	729	-141	480	0	-500
1	-141	980	3249988616	-1	4	-2	5	0	2	0	-1075	722	-141	480	0	-500
1	-141	980	3249990628	0	4	-1	3	-1	1	0	-1076	723	-141	480	0	-500
1	-141	980	3249992612	0	4	-2	3	0	1	0	-1076	724	-141	480	0	-500
1	-141	980	3249994612	-2	2	-1	4	0	1	0	-1076	725	-141	480	0	-500
1	-141	980	3249996608	0	4	-1	3	0	1	0	-1076	726	-141	480	0	-500
1	-141	980	3249998608	0	2	-1	2	-1	0	0	-1077	726	-141	480	0	-500
1	-141	980	3250000600	0	4	-2	4	0	1	0	-1077	727	-141	480	0	-500
1	-141	980	3250002596	-1	3	-1	2	0	1	0	-1077	728	-141	480	0	-500
1	-141	980	3250004600	0	2	-1	3	0	1	0	-1077	729	-141	480	0	-500
1	-141	980	3250006612	0	3	-1	2	-1	1	0	-1078	730	-141	480	0	-500
1	-141	980	3250008584	0	1	-2	2	0	0	0	-1078	730	-141	480	0	-500
1	-141	980	3250010596	-1	2	-1	2	0	1	0	-1078	731	-141	480	0	-500
1	-141	980	3250012548	0	2	0	1	0	0	0	-1078	731	-141	480	0	-500
1	-141	980	3250014596	0	2	-1	3	0	1	0	-1078	732	-141	480	0	-500
1	-141	980	3250016584	0	1	-1	1	0	0	0	-1078	732	-141	480	0	-500
1	-141	980	3250018564	0	2	0	1	0	1	0	-1078	721	-141	480	0	-500
1	-141	980	3250020592	0	0	-2	2	-1	0	0	-1079	721	-141	480	0	-500
1	-141	980	3250022548	0	1	0	0	0	0	0	-1079	721	-141	480	0	-500
1	-141	980	3250024572	-1	1	-1	1	0	0	0	-1079	720	-141	480	0	-500
1	-141	980	3250026560	0	0	0	1	0	1	0	-1079	721	-141	480	0	-500
1	-141	980	3250028548	0	1	0	0	0	0	0	-1079	721	-141	480	0	-500
1	-141	980	3250030544	0	0	-1	0	0	0	0	-1079	721	-141	480	0	-500
1	-141	980	3250032536	0	0	0	1	0	0	0	-1079	721	-141	480	0	-500
1	-141	980	3250034532	0	2	0	0	0	0	0	-1079	721	-141	480	0	-500
1	-141	980	3250046536	0	0	-1	0	0	0	0	-1079	720	-141	480	0	-500
1	-141	980	3250108604	-2	0	0	0	-1	0	0	-1080	720	-141	480	0	-500
1	-141	980	3250266652	0	0	0	2	0	0	0	-1080	720	-141	480	0	-500
1	-141	980	3250272668	0	1	0	0	0	1	0	-1080	721	-141	480	0	-500
1	-141	980	3250292668	0	1	0	0	0	0	0	-1080	720	-141	480	0	-500
1	-141	980	3250294692	0	0	-2	1	0	0	0	-1080	720	-141	480	0	-500
1	-141	980	3250296660	0	1	0	1	0	0	0	-1080	720	-141	480	0	-500
1	-141	980	3250298672	0	2	0	0	0	1	0	-1080	721	-141	480	0	-500
1	-141	980	3250300688	0	1	-1	3	0	0	0	-1080	721	-141	480	0	-500
1	-141	980	3250302688	0	1	-1	1	0	0	0	-1080	721	-141	480	0	-500
1	-141	980	3250304700	-1	3	0	1	0	1	0	-1080	722	-141	480	0	-500
1	-141	980	3250306712	0	1	-1	3	-1	1	0	-1081	723	-141	480	0	-500
1	-141	980	3250308684	0	2	-2	1	0	0	0	-1081	723	-141	480	0	-500
1	-141	980	3250310696	0	3	-1	2	0	1	0	-1081	721	-141	480	0	-500
1	-141	980	3250312692	-1	4	-1	3	0	1	0	-1081	722	-141	480	0	-500
1	-141	980	3250314684	0	2	-1	2	0	0	0	-1081	722	-141	480	0	-500
1	-141	980	3250316708	-1	4	-3	4	-1	2	0	-1082	724	-141	480	0	-500
1	-141	980	3250318696	0	4	-1	4	0	1	0	-1082	725	-141	480	0	-500
1	-141	980	3250320708	-2	3	-3	4	-1	1	0	-1083	726	-141	480	0	-500
1	-141	980	3250322696	-1	5	-1	3	0	1	0	-1083	727	-141	480	0	-500
1	-141	980	3250324712	0	4	-2	5	-1	1	0	-1084	728	-141	480	0	-500
1	-141	980	3250326696	-1	5	-3	5	0	2	0	-1084	722	-141	480	0	-500
1	-141	980	3250328704	-1	5	-2	5	-1	1	0	-1085	723	-141	480	0	-500
1	-141	980	3250330696	-2	5	-3	5	0	2	0	-1085	725	-141	480	0	-500
1	-141	980	3250332712	-1	6	-2	7	-1	2	0	-1086	727	-141	480	0	-500
1	-141	980	3250334708	-1	7	-4	5	-1	2	0	-1087	729	-141	480	0	-500
1	-141	980	3250336700	-1	5	-3	6	0	1	0	-1087	730	-141	480	0	-500
1	-141	980	3250338716	-2	6	-2	6	-1	2	0	-1088	732	-141	480	0	-500
1	-141	980	3250340704	-1	7	-4	6	0	2	0	-1088	734	-141	480	0	-500
1	-141	980	3250342712	-1	7	-2	7	-1	2	0	-1089	736	-141	480	0	-500
1	-141	980	3250344712	-1	7	-4	7	-1	2	0	-1090	738	-141	480	0	-500
1	-141	980	3250346716	-2	8	-4	8	-1	3	0	-1091	741	-141	480	0	-500
1	-141	980	3250348704	-1	7	-2	7	0	2	0	-1091	743	-141	480	0	-500
1	-141	980	3250350720	-1	8	-5	9	-1	2	0	-1092	745	-141	480	0	-500
1	-141	980	3250352720	-1	8	-4	7	-1	3	0	-1093	748	-141	480	0	-500
1	-141	980	3250354724	-2	9	-4	9	-1	2	0	-1094	750	-141	480	0	-500
1	-141	980	3250356704	-2	9	-4	8	0	3	0	-1094	723	-141	480	0	-500
1	-141	980	3250358720	-1	9	-3	8	-1	2	0	-1095	725	-141	480	0	-500
1	-141	980	3250360720	-2	7	-5	9	-1	3	0	-1096	728	-141	480	0	-500
1	-141	980	3250362724	-1	10	-4	9	-1	3	0	-1097	723	-141	480	0	-500
1	-141	980	3250364728	-1	9	-5	9	-1	2	0	-1098	725	-141	480	0	-500
1	-141	980	3250366732	-1	10	-4	8	-1	3	0	-1099	728	-141	480	0	-500
1	-141	980	3250368728	-2	9	-5	9	-1	3	0	-1100	731	-141	480	0	-500
1	-141	980	3250370720	-1	10	-4	9	0	3	0	-1100	734	-141	480	0	-500
1	-141	980	3250372728	-1	8	-5	9	-1	2	0	-1101	736	-141	480	0	-500
1	-141	980	3250374728	-1	10	-5	11	-1	3	0	-1102	739	-141	480	0	-500
1	-141	980	3250376728	-2	9	-3	9	-1	3	0	-1103	742	-141	480	0	-500
1	-141	980	3250378724	-1	9	-5	8	-1	3	0	-1104	745	-141	480	0	-500
1	-141	980	3250380728	-1	10	-5	9	-1	2	0	-1105	722	-141	480	0	-500
1	-141	980	3250382712	-1	9	-4	8	0	3	0	-1105	725	-141	480	0	-500
1	-141	980	3250384728	-2	8	-4	8	-1	2	0	-1106	727	-141	480	0	-500
1	-141	980	3250386728	-1	8	-4	8	-1	3	0	-1107	730	-141	480	0	-500
1	-141	980	3250388728	-1	9	-3	9	-1	2	0	-1108	732	-141	480	0	-500
1	-141	980	3250390720	-1	7	-4	7	0	3	0	-1108	735	-141	480	0	-500
1	-141	980	3250392728	-2	9	-4	8	-1	2	0	-1109	737	-141	480	0	-500
1	-141	980	3250394732	-1	6	-4	6	-1	2	0	-1110	739	-141	480	0	-500
1	-141	980	3250396732	-1	6	-3	7	-1	2	0	-1111	741	-141	480	0	-500
1	-141	980	3250398720	-1	8	-4	7	0	2	0	-1111	722	-141	480	0	-500
1	-141	980	3250400740	0	6	-3	6	-1	2	0	-1112	724	-141	480	0	-500
1	-141	980	3250402720	-2	5	-2	6	0	2	0	-1112	726	-141	480	0	-500
1	-141	980	3250404740	-1	6	-3	5	-1	1	0	-1113	727	-141	480	0	-500
1	-141	980	3250406744	-1	5	-2	5	-1	2	0	-1114	729	-141	480	0	-500
1	-141	980	3250408732	-1	4	-3	5	0	1	0	-1114	730	-141	480	0	-500
1	-141	980	3250410736	0	5	-2	4	0	1	0	-1114	731	-141	480	0	-500
1	-141	980	3250412748	-2	4	-1	4	-1	2	0	-1115	733	-141	480	0	-500
1	-141	980	3250414736	-1	4	-3	3	0	1	0	-1115	721	-141	480	0	-500
1	-141	980	3250416732	-1	2	-1	3	-1	0	0	-1116	721	-141	480	0	-500
1	-141	980	3250418732	0	3	-1	2	0	1	0	-1116	722	-141	480	0	-500
1	-141	980	3250420724	-1	3	-2	3	0	1	0	-1116	723	-141	480	0	-500
1	-141	980	3250422732	0	2	-1	2	-1	1	0	-1117	724	-141	480	0	-500
1	-141	980	3250424704	-2	2	-1	3	0	0	0	-1117	724	-141	480	0	-500
1	-141	980	3250426724	0	1	-1	1	0	1	0	-1117	725	-141	480	0	-500
1	-141	980	3250428712	-1	3	0	1	0	0	0	-1117	725	-141	480	0	-500
1	-141	980	3250430736	0	1	-2	3	-1	1	0	-1118	726	-141	480	0	-500
1	-141	980	3250434708	-1	1	-1	1	0	0	0	-1118	720	-141	480	0	-500
1	-141	980	3250436700	0	2	0	1	0	1	0	-1118	721	-141	480	0	-500
1	-141	980	3250440712	0	1	-1	2	0	0	0	-1118	721	-141	480	0	-500
1	-141	980	3250442684	-1	0	0	0	0	0	0	-1118	721	-141	480	0	-500
1	-141	980	3250446688	0	1	0	0	0	0	0	-1118	721	-141	480	0	-500
1	-141	980	3250448688	0	0	0	1	0	0	0	-1118	720	-141	480	0	-500
1	-141	980	3250452688	0	0	-1	0	0	0	0	-1118	720	-141	480	0	-500
1	-141	980	3250456696	-2	0	0	0	-1	0	0	-1119	720	-141	480	0	-500
1	-141	980	3250458700	0	1	0	0	0	1	0	-1119	721	-141	480	0	-500
1	-141	980	3250460688	0	0	0	1	0	0	0	-1119	721	-141	480	0	-500
1	-141	980	3250464684	0	0	-2	0	0	0	0	-1119	720	-141	480	0	-500
1	-141	980	3250466684	0	2	0	0	0	0	0	-1119	720	-141	480	0	-500
1	-141	980	3250468712	-1	0	0	1	0	0	0	-1119	720	-141	480	0	-500
1	-141	980	3250470688	0	1	0	0	0	0	0	-1119	720	-141	480	0	-500
1	-141	980	3250472724	0	0	-1	2	0	1	0	-1119	721	-141	480	0	-500
1	-141	980	3250476688	0	1	0	1	0	0	0	-1119	721	-141	480	0	-500
1	-141	980	3250478700	-1	0	-1	0	-1	0	0	-1120	721	-141	480	0	-500
1	-141	980	3250480684	0	1	0	1	0	0	0	-1120	720	-141	480	0	-500
1	-141	980	3250482696	0	2	0	0	0	1	0	-1120	721	-141	480	0	-500
1	-141	980	3250484712	-1	0	-1	1	0	0	0	-1120	721	-141	480	0	-500
1	-141	980	3250486680	0	1	0	0	0	0	0	-1120	721	-141	480	0	-500
1	-141	980	3250488716	0	1	-2	2	0	0	0	-1120	721	-141	480	0	-500
1	-141	980	3250490724	-2	0	0	1	0	0	0	-1120	721	-141	480	0	-500
1	-141	980	3250492752	0	1	-1	0	-1	1	0	-1121	722	-141	480	0	-500
1	-141	980	3250494700	0	0	0	1	0	0	0	-1121	722	-141	480	0	-500
1	-141	980	3250496700	0	2	0	1	0	0	0	-1121	722	-141	480	0	-500
1	-141	980	3250498736	-1	1	-1	2	0	1	0	-1121	721	-141	480	0	-500
1	-141	980	3250500692	0	1	0	0	0	0	0	-1121	721	-141	480	0	-500
1	-141	980	3250502716	0	0	-1	1	0	0	0	-1121	721	-141	480	0	-500
1	-141	980	3250504684	0	1	0	1	0	0	0	-1121	721	-141	480	0	-500
1	-141	980	3250506684	-1	0	0	0	0	0	0	-1121	721	-141	480	0	-500
1	-141	980	3250508728	0	2	-2	1	0	1	0	-1121	722	-141	480	0	-500
1	-141	980	3250510728	-1	1	0	2	-1	0	0	-1122	722	-141	480	0	-500
1	-141	980	3250512684	0	1	0	0	0	0	0	-1122	722	-141	480	0	-500
1	-141	980	3250514712	-2	0	-1	1	0	0	0	-1122	720	-141	480	0	-500
1	-141	980	3250516692	0	1	0	1	0	1	0	-1122	721	-141	480	0	-500
1	-141	980	3250518708	-1	2	0	1	0	0	0	-1122	721	-141	480	0	-500
1	-141	980	3250520720	0	1	-1	2	0	1	0	-1122	722	-141	480	0	-500
1	-141	980	3250522720	-1	1	0	1	-1	0	0	-1123	722	-141	480	0	-500
1	-141	980	3250524708	-1	1	-1	0	0	0	0	-1123	722	-141	480	0	-500
1	-141	980	3250526716	0	2	-2	1	0	1	0	-1123	723	-141	480	0	-500
1	-141	980	3250528704	-2	1	0	1	0	0	0	-1123	723	-141	480	0	-500
1	-141	980	3250530716	-1	1	-1	2	-1	0	0	-1124	723	-141	480	0	-500
1	-141	980	3250532716	-1	1	-1	1	0	1	0	-1124	724	-141	480	0	-500
1	-141	980	3250534704	-1	2	-1	1	0	0	0	-1124	724	-141	480	0	-500
1	-141	980	3250536720	-2	1	0	3	-1	1	0	-1125	725	-141	480	0	-500
1	-141	980	3250538692	-1	1	-2	1	0	0	0	-1125	725	-141	480	0	-500
1	-141	980	3250540700	-1	3	-1	1	0	1	0	-1125	726	-141	480	0	-500
1	-141	980	3250542696	-1	1	-1	1	-1	0	0	-1126	726	-141	480	0	-500
1	-141	980	3250544684	-2	1	-1	3	0	0	0	-1126	720	-141	480	0	-500
1	-141	980	3250546712	-1	3	-2	1	-1	1	0	-1127	721	-141	480	0	-500
1	-141	980	3250548696	-2	1	-1	3	0	1	0	-1127	722	-141	480	0	-500
1	-141	980	3250550680	-2	2	-1	1	0	0	0	-1127	720	-141	480	0	-500
1	-141	980	3250552712	-1	2	-1	1	-1	1	0	-1128	721	-141	480	0	-500
1	-141	980	3250554684	-2	2	-2	1	0	0	0	-1128	721	-141	480	0	-500
1	-141	980	3250556704	-2	1	0	3	-1	1	0	-1129	722	-141	480	0	-500
1	-141	980	3250558676	-2	3	-1	1	0	0	0	-1129	722	-141	480	0	-500
1	-141	980	3250560684	-1	2	-1	3	0	1	0	-1129	723	-141	480	0	-500
1	-141	980	3250562700	-3	2	-1	2	-1	1	0	-1130	724	-141	480	0	-500
1	-141	980	3250564692	-2	2	-2	1	-1	0	0	-1131	724	-141	480	0	-500
1	-141	980	3250566692	-2	3	-1	3	0	1	0	-1131	725	-141	480	0	-500
1	-141	980	3250568684	-2	2	-2	2	-1	0	0	-1132	720	-141	480	0	-500
1	-141	980	3250570684	-3	1	-2	2	0	1	0	-1132	721	-141	480	0	-500
1	-141	980	3250572700	-2	3	-1	2	-1	1	0	-1133	722	-141	480	0	-500
1	-141	980	3250574680	-3	2	-1	3	0	0	0	-1133	722	-141	480	0	-500
1	-141	980	3250576708	-2	3	-1	2	-1	1	0	-1134	723	-141	480	0	-500
1	-141	980	3250578708	-3	2	-2	3	-1	1	0	-1135	724	-141	480	0	-500
1	-141	980	3250580700	-2	3	-1	1	0	1	0	-1135	725	-141	480	0	-500
1	-141	980	3250582696	-3	4	-2	2	-1	0	0	-1136	725	-141	480	0	-500
1	-141	980	3250584696	-2	2	-2	3	0	1	0	-1136	721	-141	480	0	-500
1	-141	980	3250586704	-4	3	-2	4	-1	1	0	-1137	722	-141	480	0	-500
1	-141	980	3250588704	-2	2	-1	2	-1	1	0	-1138	723	-141	480	0	-500
1	-141	980	3250590696	-4	4	-3	3	-1	1	0	-1139	724	-141	480	0	-500
1	-141	980	3250592696	-4	2	-2	3	-1	1	0	-1140	725	-141	480	0	-500
1	-141	980	3250594692	-4	4	-2	3	-1	1	0	-1141	726	-141	480	0	-500
1	-141	980	3250596680	-3	4	-2	2	0	1	0	-1141	727	-141	480	0	-500
1	-141	980	3250598680	-4	2	-3	4	-1	0	0	-1142	727	-141	480	0	-500
1	-141	980	3250600692	-4	4	-2	4	-1	2	0	-1143	729	-141	480	0	-500
1	-141	980	3250602688	-4	4	-3	2	-1	1	0	-1144	730	-141	480	0	-500
1	-141	980	3250604688	-5	4	-2	4	-1	1	0	-1145	731	-141	480	0	-500
1	-141	980	3250606692	-3	3	-3	4	-1	1	0	-1146	721	-141	480	0	-500
1	-141	980	3250608688	-5	4	-2	4	-1	1	0	-1147	722	-141	480	0	-500
1	-141	980	3250610688	-4	4	-3	3	-1	1	0	-1148	723	-141	480	0	-500
1	-141	980	3250612688	-4	4	-3	3	-2	1	0	-1150	724	-141	480	0	-500
1	-141	980	3250614696	-5	3	-3	4	-1	1	0	-1151	725	-141	480	0	-500
1	-141	980	3250616708	-4	4	-2	3	-1	1	0	-1152	726	-141	480	0	-500
1	-141	980	3250618708	-5	5	-4	4	-1	2	0	-1153	722	-141	480	0	-500
1	-141	980	3250620708	-3	4	-3	4	-1	1	0	-1154	723	-141	480	0	-500
1	-141	980	3250622708	-5	4	-3	5	-1	1	0	-1155	724	-141	480	0	-500
1	-141	980	3250624708	-4	3	-4	4	-1	1	0	-1156	725	-141	480	0	-500
1	-141	980	3250626704	-5	5	-3	3	-1	1	0	-1157	726	-141	480	0	-500
1	-141	980	3250628700	-4	4	-2	4	-1	2	0	-1158	728	-141	480	0	-500
1	-141	980	3250630700	-5	4	-4	4	-2	1	0	-1160	729	-141	480	0	-500
1	-141	980	3250632692	-4	5	-2	4	-1	1	0	-1161	730	-141	480	0	-500
1	-141	980	3250634692	-3	4	-4	3	-1	1	0	-1162	721	-141	480	0	-500
1	-141	980	3250636692	-5	3	-3	4	-1	1	0	-1163	722	-141	480	0	-500
1	-141	980	3250638692	-4	4	-3	4	-1	1	0	-1164	723	-141	480	0	-500
1	-141	980	3250640692	-5	5	-3	4	-1	2	0	-1165	725	-141	480	0	-500
1	-141	980	3250642688	-4	4	-2	3	-1	1	0	-1166	726	-141	480	0	-500
1	-141	980	3250644688	-5	4	-4	4	-1	1	0	-1167	727	-141	480	0	-500
1	-141	980	3250646688	-4	3	-3	4	-1	1	0	-1168	728	-141	480	0	-500
1	-141	980	3250648684	-3	4	-3	4	-1	1	0	-1169	729	-141	480	0	-500
1	-141	980	3250650684	-4	4	-3	3	-1	1	0	-1170	730	-141	480	0	-500
1	-141	980	3250652680	-5	4	-4	4	-2	2	0	-1172	732	-141	480	0	-500
1	-141	980	3250654684	-4	3	-2	4	-1	1	0	-1173	721	-141	480	0	-500
1	-141	980	3250656672	-4	4	-3	2	-1	0	0	-1174	721	-141	480	0	-500
1	-141	980	3250658692	-5	4	-3	4	-1	2	0	-1175	723	-141	480	0	-500
1	-141	980	3250660696	-3	4	-3	4	-1	1	0	-1176	724	-141	480	0	-500
1	-141	980	3250662680	-4	2	-2	2	-1	0	0	-1177	724	-141	480	0	-500
1	-141	980	3250664688	-4	4	-4	4	-1	2	0	-1178	726	-141	480	0	-500
1	-141	980	3250666688	-4	2	-3	4	-1	1	0	-1179	727	-141	480	0	-500
1	-141	980	3250668676	-3	4	-2	2	-1	0	0	-1180	720	-141	480	0	-500
1	-141	980	3250670688	-4	4	-3	4	-1	2	0	-1181	722	-141	480	0	-500
1	-141	980	3250672676	-4	2	-2	3	-1	0	0	-1182	722	-141	480	0	-500
1	-141	980	3250674668	-2	4	-3	3	0	1	0	-1182	723	-141	480	0	-500
1	-141	980	3250676680	-4	4	-2	4	-1	2	0	-1183	725	-141	480	0	-500
1	-141	980	3250678668	-4	2	-3	3	-1	0	0	-1184	725	-141	480	0	-500
1	-141	980	3250680676	-4	3	-2	3	-1	1	0	-1185	726	-141	480	0	-500
1	-141	980	3250682676	-3	4	-3	3	-1	1	0	-1186	727	-141	480	0	-500
1	-141	980	3250684676	-3	3	-2	4	-1	1	0	-1187	728	-141	480	0	-500
1	-141	980	3250686676	-4	3	-3	2	-1	1	0	-1188	721	-141	480	0	-500
1	-141	980	3250688680	-2	4	-2	4	-1	1	0	-1189	722	-141	480	0	-500
1	-141	980	3250690680	-4	3	-3	2	-1	1	0	-1190	723	-141	480	0	-500
1	-141	980	3250692664	-4	3	-2	4	0	1	0	-1190	724	-141	480	0	-500
1	-141	980	3250694676	-2	4	-3	3	-1	1	0	-1191	725	-141	480	0	-500
1	-141	980	3250696676	-4	3	-2	3	-1	1	0	-1192	726	-141	480	0	-500
1	-141	980	3250698672	-2	3	-3	4	-1	1	0	-1193	727	-141	480	0	-500
1	-141	980	3250700684	-4	5	-3	3	-1	1	0	-1194	728	-141	480	0	-500
1	-141	980	3250702684	-3	2	-3	3	-1	1	0	-1195	721	-141	480	0	-500
1	-141	980	3250704680	-3	4	-2	4	-1	1	0	-1196	722	-141	480	0	-500
1	-141	980	3250706668	-3	4	-3	3	0	1	0	-1196	723	-141	480	0	-500
1	-141	980	3250708680	-4	4	-4	3	-2	1	0	-1198	724	-141	480	0	-500
1	-141	980	3250710664	-2	3	-2	4	0	1	0	-1198	725	-141	480	0	-500
1	-141	980	3250712680	-4	5	-3	4	-1	2	0	-1199	727	-141	480	0	-500
1	-141	980	3250714676	-4	4	-3	4	-1	1	0	-1200	728	-141	480	0	-500
1	-141	980	3250716676	-3	4	-3	3	-1	1	0	-1201	729	-141	480	0	-500
1	-141	980	3250718668	-4	5	-2	4	-1	1	0	-1202	721	-141	480	0	-500
1	-141	980	3250720668	-3	4	-4	4	-1	2	0	-1203	723	-141	480	0	-500
1	-141	980	3250722668	-3	3	-4	5	-1	1	0	-1204	724	-141	480	0	-500
1	-141	980	3250724664	-4	5	-2	4	-1	1	0	-1205	725	-141	480	0	-500
1	-141	980	3250726664	-4	5	-4	3	-1	1	0	-1206	726	-141	480	0	-500
1	-141	980	3250728660	-4	4	-4	5	-2	2	0	-1208	728	-141	480	0	-500
1	-141	980	3250730660	-5	5	-2	4	-1	1	0	-1209	729	-141	480	0	-500
1	-141	980	3250732660	-3	4	-4	5	-1	1	0	-1210	730	-141	480	0	-500
1	-141	980	3250734660	-4	5	-4	4	-1	2	0	-1211	722	-141	480	0	-500
1	-141	980	3250736660	-4	5	-4	4	-1	1	0	-1212	723	-141	480	0	-500
1	-141	980	3250738656	-4	4	-2	5	-1	1	0	-1213	724	-141	480	0	-500
1	-141	980	3250740656	-5	5	-4	5	-1	2	0	-1214	726	-141	480	0	-500
1	-141	980	3250742668	-3	5	-4	3	-1	1	0	-1215	727	-141	480	0	-500
1	-141	980	3250744664	-5	5	-3	5	-2	2	0	-1217	729	-141	480	0	-500
1	-141	980	3250746664	-4	3	-3	4	-1	1	0	-1218	730	-141	480	0	-500
1	-141	980	3250748668	-4	5	-5	5	-1	1	0	-1219	731	-141	480	0	-500
1	-141	980	3250750668	-5	5	-2	5	-1	2	0	-1220	733	-141	480	0	-500
1	-141	980	3250752664	-4	5	-4	4	-1	1	0	-1221	734	-141	480	0	-500
1	-141	980	3250754664	-3	4	-4	5	-1	1	0	-1222	735	-141	480	0	-500
1	-141	980	3250756660	-4	5	-4	4	-1	2	0	-1223	737	-141	480	0	-500
1	-141	980	3250758652	-5	5	-3	3	-2	1	0	-1225	738	-141	480	0	-500
1	-141	980	3250760652	-4	4	-3	5	-1	1	0	-1226	739	-141	480	0	-500
1	-141	980	3250762652	-4	5	-4	4	-1	2	0	-1227	741	-141	480	0	-500
1	-141	980	3250764648	-3	4	-3	4	-1	1	0	-1228	742	-141	480	0	-500
1	-141	980	3250766648	-5	5	-3	5	-1	1	0	-1229	721	-141	480	0	-500
1	-141	980	3250768648	-3	3	-4	4	-1	1	0	-1230	722	-141	480	0	-500
1	-141	980	3250770648	-4	4	-2	3	-1	1	0	-1231	723	-141	480	0	-500
1	-141	980	3250772648	-3	4	-4	4	-1	2	0	-1232	722	-141	480	0	-500
1	-141	980	3250774644	-4	4	-4	4	-1	1	0	-1233	723	-141	480	0	-500
1	-141	980	3250776644	-4	5	-2	4	-1	1	0	-1234	724	-141	480	0	-500
1	-141	980	3250778644	-2	2	-3	3	-1	1	0	-1235	725	-141	480	0	-500
1	-141	980	3250780644	-4	4	-2	3	-1	1	0	-1236	726	-141	480	0	-500
1	-141	980	3250782640	-3	4	-3	4	-1	1	0	-1237	727	-141	480	0	-500
1	-141	980	3250784636	-2	3	-2	3	0	1	0	-1237	728	-141	480	0	-500
1	-141	980	3250786652	-4	3	-3	3	-1	1	0	-1238	729	-141	480	0	-500
1	-141	980	3250788652	-2	2	-2	4	-1	1	0	-1239	730	-141	480	0	-500
1	-141	980	3250790652	-3	4	-3	2	-1	1	0	-1240	721	-141	480	0	-500
1	-141	980	3250792636	-2	3	-2	3	0	1	0	-1240	722	-141	480	0	-500
1	-141	980	3250794640	-3	3	-1	2	-1	0	0	-1241	722	-141	480	0	-500
1	-141	980	3250796652	-2	3	-3	3	-1	1	0	-1242	723	-141	480	0	-500
1	-141	980	3250798652	-3	2	-2	3	-1	1	0	-1243	724	-141	480	0	-500
1	-141	980	3250800632	-2	3	-2	2	0	1	0	-1243	725	-141	480	0	-500
1	-141	980	3250802636	-3	2	-2	2	-1	0	0	-1244	725	-141	480	0	-500
1	-141	980	3250804636	-2	2	-1	3	0	1	0	-1244	726	-141	480	0	-500
1	-141	980	3250806652	-2	2	-3	2	-1	1	0	-1245	727	-141	480	0	-500
1	-141	980	3250808652	-2	3	-1	3	-1	1	0	-1246	721	-141	480	0	-500
1	-141	980	3250810628	-3	1	-1	1	0	0	0	-1246	721	-141	480	0	-500
1	-141	980	3250812656	-1	2	-2	2	-1	1	0	-1247	722	-141	480	0	-500
1	-141	980	3250814644	-2	3	-2	3	0	1	0	-1247	723	-141	480	0	-500
1	-141	980	3250816640	-3	1	-1	1	-1	0	0	-1248	723	-141	480	0	-500
1	-141	980	3250818636	-2	3	-2	3	0	1	0	-1248	724	-141	480	0	-500
1	-141	980	3250820640	-2	1	-1	1	-1	0	0	-1249	724	-141	480	0	-500
1	-141	980	3250822636	-2	2	-2	2	0	1	0	-1249	721	-141	480	0	-500
1	-141	980	3250824640	-1	2	-2	2	-1	0	0	-1250	721	-141	480	0	-500
1	-141	980	3250826636	-3	2	-1	2	0	1	0	-1250	722	-141	480	0	-500
1	-141	980	3250828644	-1	1	-1	1	-1	0	0	-1251	722	-141	480	0	-500
1	-141	980	3250830652	-3	3	-3	3	-1	1	0	-1252	723	-141	480	0	-500
1	-141	980	3250832628	-1	1	-1	1	0	0	0	-1252	723	-141	480	0	-500
1	-141	980	3250834640	-2	3	-1	3	0	1	0	-1252	724	-141	480	0	-500
1	-141	980	3250836656	-3	1	-1	1	-1	1	0	-1253	725	-141	480	0	-500
1	-141	980	3250838648	-2	2	-3	2	-1	0	0	-1254	725	-141	480	0	-500
1	-141	980	3250840644	-3	3	-1	3	0	1	0	-1254	726	-141	480	0	-500
1	-141	980	3250842648	-1	1	-1	1	-1	0	0	-1255	726	-141	480	0	-500
1	-141	980	3250844652	-4	3	-2	3	-1	1	0	-1256	721	-141	480	0	-500
1	-141	980	3250846640	-2	2	-2	2	0	1	0	-1256	722	-141	480	0	-500
1	-141	980	3250848632	-3	3	-1	1	-1	0	0	-1257	722	-141	480	0	-500
1	-141	980	3250850644	-2	1	-3	3	-1	1	0	-1258	723	-141	480	0	-500
1	-141	980	3250852632	-3	4	-1	2	0	1	0	-1258	724	-141	480	0	-500
1	-141	980	3250854636	-2	1	-3	3	-1	1	0	-1259	725	-141	480	0	-500
1	-141	980	3250856628	-4	4	-1	1	-1	0	0	-1260	720	-141	480	0	-500
1	-141	980	3250858640	-4	1	-2	3	-1	1	0	-1261	721	-141	480	0	-500
1	-141	980	3250860628	-2	4	-2	2	0	1	0	-1261	722	-141	480	0	-500
1	-141	980	3250862636	-4	2	-2	3	-1	1	0	-1262	723	-141	480	0	-500
1	-141	980	3250864628	-4	3	-1	2	-1	0	0	-1263	723	-141	480	0	-500
1	-141	980	3250866640	-4	2	-3	3	-1	1	0	-1264	724	-141	480	0	-500
1	-141	980	3250868640	-3	4	-2	2	-1	1	0	-1265	725	-141	480	0	-500
1	-141	980	3250870628	-4	2	-2	3	0	1	0	-1265	726	-141	480	0	-500
1	-141	980	3250872644	-4	3	-3	3	-2	1	0	-1267	727	-141	480	0	-500
1	-141	980	3250874632	-4	4	-2	3	0	1	0	-1267	721	-141	480	0	-500
1	-141	980	3250876628	-3	2	-2	2	-1	0	0	-1268	721	-141	480	0	-500
1	-141	980	3250878636	-4	3	-3	3	-1	1	0	-1269	722	-141	480	0	-500
1	-141	980	3250880636	-4	3	-1	2	-1	1	0	-1270	723	-141	480	0	-500
1	-141	980	3250882636	-2	3	-2	3	-1	1	0	-1271	724	-141	480	0	-500
1	-141	980	3250884636	-4	2	-3	4	-1	1	0	-1272	725	-141	480	0	-500
1	-141	980	3250886604	-4	3	-1	2	0	0	0	-1272	725	-141	480	0	-500
1	-141	980	3250888628	-4	4	-3	3	-1	1	0	-1273	726	-141	480	0	-500
1	-141	980	3250890632	-2	2	-2	2	-1	1	0	-1274	721	-141	480	0	-500
1	-141	980	3250892632	-4	3	-1	3	-1	1	0	-1275	722	-141	480	0	-500
1	-141	980	3250894636	-2	2	-3	2	-1	1	0	-1276	723	-141	480	0	-500
1	-141	980	3250896612	-4	3	-2	3	0	0	0	-1276	723	-141	480	0	-500
1	-141	980	3250898640	-3	2	-2	2	-1	1	0	-1277	724	-141	480	0	-500
1	-141	980	3250900640	-2	3	-1	3	-1	1	0	-1278	725	-141	480	0	-500
1	-141	980	3250902612	-3	2	-2	1	0	0	0	-1278	725	-141	480	0	-500
1	-141	980	3250904640	-2	3	-2	2	-1	1	0	-1279	726	-141	480	0	-500
1	-141	980	3250906640	-3	1	-1	3	-1	1	0	-1280	727	-141	480	0	-500
1	-141	980	3250908616	-1	2	-1	1	0	0	0	-1280	720	-141	480	0	-500
1	-141	980	3250910632	-2	2	-1	3	0	1	0	-1280	721	-141	480	0	-500
1	-141	980	3250912636	-2	1	-2	1	-1	0	0	-1281	721	-141	480	0	-500
1	-141	980	3250914636	-2	2	-1	1	0	1	0	-1281	722	-141	480	0	-500
1	-141	980	3250916640	-1	2	-1	3	-1	0	0	-1282	722	-141	480	0	-500
1	-141	980	3250918640	-2	1	-1	1	0	1	0	-1282	723	-141	480	0	-500
1	-141	980	3250920644	-2	1	-2	1	-1	0	0	-1283	723	-141	480	0	-500
1	-141	980	3250922628	-1	1	-1	1	0	0	0	-1283	723	-141	480	0	-500
1	-141	980	3250924644	-2	2	-1	2	0	1	0	-1280	721	-141	480	0	-500
1	-141	980	3250926648	-1	1	0	1	-1	0	0	-1281	721	-141	480	0	-500
1	-141	980	3250928636	-1	1	-1	1	0	1	0	-1281	722	-141	480	0	-500
1	-141	980	3250930628	-1	1	-2	1	0	0	0	-1281	722	-141	480	0	-500
1	-141	980	3250932640	-2	0	0	2	-1	0	0	-1282	722	-141	480	0	-500
1	-141	980	3250934632	-1	2	-1	0	0	0	0	-1282	722	-141	480	0	-500
1	-141	980	3250936648	0	1	-1	1	0	1	0	-1282	723	-141	480	0	-500
1	-141	980	3250938632	-1	0	0	1	0	0	0	-1282	723	-141	480	0	-500
1	-141	980	3250940644	-1	1	-1	0	-1	0	0	-1281	720	-141	480	0	-500
1	-141	980	3250942632	-2	1	0	1	0	0	0	-1281	720	-141	480	0	-500
1	-141	980	3250944604	0	0	-2	0	0	0	0	-1281	720	-141	480	0	-500
1	-141	980	3250946644	-1	2	0	2	0	1	0	-1281	721	-141	480	0	-500
1	-141	980	3250948644	-1	1	-1	0	-1	0	0	-1282	721	-141	480	0	-500
1	-141	980	3250950632	-1	0	0	1	0	0	0	-1282	721	-141	480	0	-500
1	-141	980	3250952616	0	1	0	1	0	1	0	-1282	722	-141	480	0	-500
1	-141	980	3250954628	-2	1	-1	0	0	0	0	-1282	722	-141	480	0	-500
1	-141	980	3250956604	0	0	0	1	0	0	0	-1282	722	-141	480	0	-500
1	-141	980	3250958640	-1	2	-1	2	-1	0	0	-1283	722	-141	480	0	-500
1	-141	980	3250960616	0	1	0	0	0	1	0	-1283	723	-141	480	0	-500
1	-141	980	3250962628	-1	0	-2	1	0	0	0	-1283	723	-141	480	0	-500
1	-141	980	3250964628	-1	1	0	1	0	0	0	-1283	723	-141	480	0	-500
1	-141	980	3250966600	0	1	0	0	0	0	0	-1283	723	-141	480	0	-500
1	-141	980	3250968636	-2	0	-1	1	-1	0	0	-1281	720	-141	480	0	-500
1	-141	980	3250970636	-1	2	0	2	0	1	0	-1281	721	-141	480	0	-500
1	-141	980	3250972616	-1	0	-1	1	0	0	0	-1281	721	-141	480	0	-500
1	-141	980	3250974592	0	1	0	0	0	0	0	-1280	720	-141	480	0	-500
1	-141	980	3250976632	-1	1	-1	1	0	1	0	-1280	721	-141	480	0	-500
1	-141	980	3250978624	-2	0	0	1	-1	0	0	-1281	721	-141	480	0	-500
1	-141	980	3250980616	0	1	-2	2	0	0	0	-1281	721	-141	480	0	-500
1	-141	980	3250982584	-1	0	0	0	0	0	0	-1281	721	-141	480	0	-500
1	-141	980	3250984600	0	2	0	1	0	1	0	-1281	722	-141	480	0	-500
1	-141	980	3250986588	-1	0	-1	0	0	0	0	-1281	722	-141	480	0	-500
1	-141	980	3250988584	0	1	0	1	0	0	0	-1281	722	-141	480	0	-500
1	-141	980	3250990596	-1	0	0	0	-1	0	0	-1282	722	-141	480	0	-500
1	-141	980	3250992584	0	1	0	0	0	0	0	-1280	720	-141	480	0	-500
1	-141	980	3250994612	-2	0	-1	1	0	0	0	-1280	720	-141	480	0	-500
1	-141	980	3250998592	0	1	0	0	0	0	0	-1280	720	-141	480	0	-500
1	-141	980	3251000604	0	0	0	2	0	1	0	-1280	721	-141	480	0	-500
1	-141	980	3251002588	-1	0	0	0	0	0	0	-1280	721	-141	480	0	-500
1	-141	980	3251004588	0	2	0	0	0	0	0	-1280	721	-141	480	0	-500
1	-141	980	3251018592	0	0	0	1	0	0	0	-1280	720	-141	480	0	-500
1	-141	980	3251116608	0	1	0	0	0	0	0	-1280	720	-141	480	0	-500
1	-141	980	3251134632	1	0	0	0	0	0	0	-1280	720	-141	480	0	-500
1	-141	980	3251172664	1	0	0	0	0	0	0	-1280	720	-141	480	0	-500
1	-141	980	3251182668	1	0	0	0	0	0	0	-1280	720	-141	480	0	-500
1	-141	980	3251190664	1	0	0	0	0	0	0	-1280	720	-141	480	0	-500
1	-141	980	3251196668	2	0	0	0	0	0	0	-1280	720	-141	480	0	-500
1	-141	980	3251202668	1	0	0	0	0	0	0	-1280	720	-141	480	0	-500
1	-141	980	3251206676	1	0	0	0	0	0	0	-1280	720	-141	480	0	-500
1	-141	980	3251208672	0	0	2	0	0	0	0	-1280	720	-141	480	0	-500
1	-141	980	3251210680	1	0	0	0	1	0	0	-1279	720	-141	480	0	-500
1	-141	980	3251214664	2	0	1	0	0	0	0	-1279	720	-141	480	0	-500
1	-141	980	3251216660	1	0	0	0	0	0	0	-1279	720	-141	480	0	-500
1	-141	980	3251220680	2	0	1	0	1	0	0	-1278	720	-141	480	0	-500
1	-141	980	3251222664	2	0	1	0	0	0	0	-1278	720	-141	480	0	-500
1	-141	980	3251224696	1	-1	0	0	0	0	0	-1278	720	-141	480	0	-500
1	-141	980	3251226704	1	0	2	-1	1	0	0	-1277	720	-141	480	0	-500
1	-141	980	3251228656	1	0	1	0	0	0	0	-1277	720	-141	480	0	-500
1	-141	980	3251230692	3	-1	1	0	1	0	0	-1276	720	-141	480	0	-500
1	-141	980	3251232652	1	0	1	0	0	0	0	-1276	720	-141	480	0	-500
1	-141	980	3251234672	1	0	2	-1	0	0	0	-1276	720	-141	480	0	-500
1	-141	980	3251236692	2	-1	1	0	1	0	0	-1275	720	-141	480	0	-500
1	-141	980	3251238648	2	0	1	0	0	0	0	-1275	720	-141	480	0	-500
1	-141	980	3251240672	1	0	1	-1	0	0	0	-1275	720	-141	480	0	-500
1	-141	980	3251242680	3	-1	2	0	1	0	0	-1274	720	-141	480	0	-500
1	-141	980	3251244688	1	0	1	-1	1	0	0	-1273	720	-141	480	0	-500
1	-141	980	3251246672	1	-2	2	0	0	0	0	-1273	720	-141	480	0	-500
1	-141	980	3251248652	3	0	2	0	1	0	0	-1272	720	-141	480	0	-500
1	-141	980	3251250672	1	-1	1	-2	0	-1	0	-1272	719	-141	480	0	-500
1	-141	980	3251252668	3	-1	2	-1	1	0	0	-1271	719	-141	480	0	-500
1	-141	980	3251254640	1	0	2	0	0	0	0	-1271	719	-141	480	0	-500
1	-141	980	3251256684	1	-1	2	-1	1	0	0	-1270	719	-141	480	0	-500
1	-141	980	3251258672	1	0	1	-1	0	0	0	-1270	719	-141	480	0	-500
1	-141	980	3251260692	2	-2	2	0	1	-1	0	-1269	718	-141	480	0	-500
1	-141	980	3251262660	1	0	2	-2	0	0	0	-1269	718	-141	480	0	-500
1	-141	980	3251264668	1	-1	1	-1	0	0	0	-1269	718	-141	480	0	-500
1	-141	980	3251266696	1	-1	2	-1	1	-1	0	-1268	717	-141	480	0	-500
1	-141	980	3251268668	2	-1	2	0	0	0	0	-1268	717	-141	480	0	-500
1	-141	980	3251270684	2	-2	1	-1	1	0	0	-1267	717	-141	480	0	-500
1	-141	980	3251272680	1	0	3	-2	0	-1	0	-1267	716	-141	480	0	-500
1	-141	980	3251274684	2	-1	1	-1	1	0	0	-1266	716	-141	480	0	-500
1	-141	980	3251276684	2	-1	3	-1	1	0	0	-1265	716	-141	480	0	-500
1	-141	980	3251278676	1	-1	2	-1	0	0	0	-1265	716	-141	480	0	-500
1	-141	980	3251280704	2	-2	1	-2	1	-1	0	-1264	715	-141	480	0	-500
1	-141	980	3251282676	2	-1	3	-1	0	0	0	-1264	715	-141	480	0	-500
1	-141	980	3251284704	1	-2	2	-1	1	-1	0	-1263	714	-141	480	0	-500
1	-141	980	3251286704	3	-2	3	-3	1	-1	0	-1262	713	-141	480	0	-500
1	-141	980	3251288680	1	-1	2	-1	0	0	0	-1262	713	-141	480	0	-500
1	-141	980	3251290692	3	-1	3	-1	1	0	0	-1261	713	-141	480	0	-500
1	-141	980	3251292704	2	-3	2	-1	1	-1	0	-1260	712	-141	480	0	-500
1	-141	980	3251294680	3	-1	3	-3	0	0	0	-1260	712	-141	480	0	-500
1	-141	980	3251296708	2	-2	4	-1	1	-1	0	-1259	711	-141	480	0	-500
1	-141	980	3251298716	3	-3	2	-3	1	-1	0	-1258	710	-141	480	0	-500
1	-141	980	3251300700	2	-2	4	-1	1	0	0	-1257	710	-141	480	0	-500
1	-141	980	3251302720	3	-2	4	-2	1	-1	0	-1256	709	-141	480	0	-500
1	-141	980	3251304704	3	-2	2	-3	1	0	0	-1255	709	-141	480	0	-500
1	-141	980	3251306716	3	-3	5	-2	1	-1	0	-1254	708	-141	480	0	-500
1	-141	980	3251308716	2	-2	4	-3	1	-1	0	-1253	707	-141	480	0	-500
1	-141	980	3251310716	4	-3	4	-2	1	-1	0	-1252	706	-141	480	0	-500
1	-141	980	3251312704	3	-2	3	-3	1	0	0	-1251	706	-141	480	0	-500
1	-141	980	3251314716	3	-4	4	-2	1	-1	0	-1250	705	-141	480	0	-500
1	-141	980	3251316712	3	-2	4	-3	1	-1	0	-1249	704	-141	480	0	-500
1	-141	980	3251318708	4	-4	5	-2	1	-1	0	-1248	703	-141	480	0	-500
1	-141	980	3251320708	3	-3	4	-3	2	-1	0	-1246	702	-141	480	0	-500
1	-141	980	3251322708	3	-2	5	-2	1	-1	0	-1245	701	-141	480	0	-500
1	-141	980	3251324712	4	-4	3	-4	1	-1	0	-1244	700	-141	480	0	-500
1	-141	980	3251326700	3	-2	5	-3	1	0	0	-1243	700	-141	480	0	-500
1	-141	980	3251328716	3	-4	4	-2	1	-1	0	-1242	699	-141	480	0	-500
1	-141	980	3251330716	4	-4	5	-4	1	-2	0	-1241	697	-141	480	0	-500
1	-141	980	3251332712	3	-4	5	-4	2	-1	0	-1239	696	-141	480	0	-500
1	-141	980	3251334700	4	-2	4	-2	1	0	0	-1238	696	-141	480	0	-500
1	-141	980	3251336716	4	-4	5	-4	1	-2	0	-1237	694	-141	480	0	-500
1	-141	980	3251338704	2	-4	4	-2	1	0	0	-1236	694	-141	480	0	-500
1	-141	980	3251340716	4	-3	5	-4	1	-2	0	-1235	692	-141	480	0	-500
1	-141	980	3251342728	4	-3	3	-4	1	-1	0	-1234	691	-141	480	0	-500
1	-141	980	3251344716	4	-4	4	-2	2	0	0	-1232	691	-141	480	0	-500
1	-141	980	3251346728	2	-3	5	-4	1	-2	0	-1231	689	-141	480	0	-500
1	-141	980	3251348728	4	-4	4	-4	1	-1	0	-1230	688	-141	480	0	-500
1	-141	980	3251350728	4	-4	4	-2	1	-1	0	-1229	687	-141	480	0	-500
1	-141	980	3251352728	2	-2	5	-4	1	-1	0	-1228	686	-141	480	0	-500
1	-141	980	3251354728	4	-4	3	-4	1	-1	0	-1227	685	-141	480	0	-500
1	-141	980	3251356728	4	-4	5	-4	2	-1	0	-1225	684	-141	480	0	-500
1	-141	980	3251358728	3	-4	4	-2	1	-1	0	-1224	683	-141	480	0	-500
1	-141	980	3251360724	3	-3	4	-4	1	-1	0	-1223	682	-141	480	0	-500
1	-141	980	3251362720	4	-3	4	-4	1	-1	0	-1222	681	-141	480	0	-500
1	-141	980	3251364720	2	-4	3	-2	1	-1	0	-1221	680	-141	480	0	-500
1	-141	980	3251366720	4	-2	4	-4	1	-1	0	-1220	679	-141	480	0	-500
1	-141	980	3251368720	2	-4	3	-2	1	-1	0	-1219	678	-141	480	0	-500
1	-141	980	3251370708	4	-2	3	-3	1	0	0	-1218	678	-141	480	0	-500
1	-141	980	3251372712	4	-4	4	-4	1	-2	0	-1217	676	-141	480	0	-500
1	-141	980	3251374704	2	-3	3	-2	1	0	0	-1216	676	-141	480	0	-500
1	-141	980	3251376720	4	-2	3	-3	1	-1	0	-1215	675	-141	480	0	-500
1	-141	980	3251378708	3	-3	3	-2	0	-1	0	-1215	674	-141	480	0	-500
1	-141	980	3251380720	2	-3	4	-4	1	-1	0	-1214	673	-141	480	0	-500
1	-141	980	3251382704	3	-2	2	-1	1	0	0	-1213	673	-141	480	0	-500
1	-141	980	3251384720	3	-2	3	-3	1	-1	0	-1212	672	-141	480	0	-500
1	-141	980	3251386720	3	-3	2	-2	1	-1	0	-1211	671	-141	480	0	-500
1	-141	980	3251388716	2	-2	3	-3	1	-1	0	-1210	670	-141	480	0	-500
1	-141	980	3251390696	3	-1	2	-1	0	0	0	-1210	670	-141	480	0	-500
1	-141	980	3251392712	2	-3	1	-2	1	-1	0	-1209	669	-141	480	0	-500
1	-141	980	3251394700	3	-1	3	-2	1	0	0	-1208	669	-141	480	0	-500
1	-141	980	3251396692	2	-1	1	-1	0	0	0	-1208	669	-141	480	0	-500
1	-141	980	3251398720	3	-2	3	-1	1	-1	0	-1207	668	-141	480	0	-500
1	-141	980	3251400700	2	-2	1	-3	0	-1	0	-1207	667	-141	480	0	-500
1	-141	980	3251402700	3	-1	1	-1	1	0	0	-1206	667	-141	480	0	-500
1	-141	980	3251404688	2	-2	1	0	0	0	0	-1206	667	-141	480	0	-500
1	-141	980	3251406700	3	-1	2	-1	1	0	0	-1205	667	-141	480	0	-500
1	-141	980	3251408716	2	0	1	-1	1	-1	0	-1204	666	-141	480	0	-500
1	-141	980	3251410692	2	-1	1	-2	0	0	0	-1204	666	-141	480	0	-500
1	-141	980	3251412708	2	-1	1	-1	1	0	0	-1203	666	-141	480	0	-500
1	-141	980	3251414708	3	-2	2	0	0	-1	0	-1203	665	-141	480	0	-500
1	-141	980	3251416712	2	0	1	-1	1	0	0	-1202	665	-141	480	0	-500
1	-141	980	3251418696	3	-1	1	-1	0	0	0	-1202	665	-141	480	0	-500
1	-141	980	3251420712	2	-1	1	0	1	0	0	-1201	665	-141	480	0	-500
1	-141	980	3251422720	3	0	2	-2	1	-1	0	-1200	664	-141	480	0	-500
1	-141	980	3251424700	2	-1	1	-1	0	0	0	-1200	664	-141	480	0	-500
1	-141	980	3251426712	4	-2	1	-1	1	0	0	-1199	664	-141	480	0	-500
1	-141	980	3251428676	2	0	0	0	0	0	0	-1199	664	-141	480	0	-500
1	-141	980	3251430724	3	-1	3	-1	1	-1	0	-1198	663	-141	480	0	-500
1	-141	980	3251432696	2	-1	0	-2	0	0	0	-1198	663	-141	480	0	-500
1	-141	980	3251434712	3	-1	1	0	1	0	0	-1197	663	-141	480	0	-500
1	-141	980	3251436720	4	-2	1	-1	1	-1	0	-1196	662	-141	480	0	-500
1	-141	980	3251438696	2	0	1	-1	0	0	0	-1196	662	-141	480	0	-500
1	-141	980	3251440704	3	-1	2	0	1	0	0	-1195	662	-141	480	0	-500
1	-141	980	3251442680	2	-1	1	-1	0	0	0	-1195	662	-141	480	0	-500
1	-141	980	3251444708	3	-1	1	-2	1	-1	0	-1194	661	-141	480	0	-500
1	-141	980	3251446680	2	-2	1	-1	0	0	0	-1194	661	-141	480	0	-500
1	-141	980	3251448696	3	-1	2	0	1	0	0	-1193	661	-141	480	0	-500
1	-141	980	3251450696	2	0	1	-1	1	0	0	-1192	661	-141	480	0	-500
1	-141	980	3251452692	1	-1	1	-1	0	-1	0	-1192	660	-141	480	0	-500
1	-141	980	3251454680	3	-1	1	0	0	0	0	-1192	660	-141	480	0	-500
1	-141	980	3251456708	2	-2	2	-2	1	-1	0	-1191	659	-141	480	0	-500
1	-141	980	3251458696	3	0	2	-1	1	0	0	-1190	659	-141	480	0	-500
1	-141	980	3251460676	1	-1	1	-1	0	0	0	-1190	659	-141	480	0	-500
1	-141	980	3251462692	3	-1	2	0	1	0	0	-1189	659	-141	480	0	-500
1	-141	980	3251464676	2	-1	1	-1	0	0	0	-1189	659	-141	480	0	-500
1	-141	980	3251466704	3	-2	0	-2	1	-1	0	-1188	658	-141	480	0	-500
1	-141	980	3251468688	1	-1	1	0	0	0	0	-1188	658	-141	480	0	-500
1	-141	980	3251470696	2	0	1	-1	0	0	0	-1188	658	-141	480	0	-500
1	-141	980	3251472716	2	-1	2	-1	1	-1	0	-1187	657	-141	480	0	-500
1	-141	980	3251474704	2	-1	1	0	1	0	0	-1186	657	-141	480	0	-500
1	-141	980	3251476688	1	-2	1	-1	0	0	0	-1186	657	-141	480	0	-500
1	-141	980	3251478700	3	-1	1	-2	0	-1	0	-1186	656	-141	480	0	-500
1	-141	980	3251480700	1	-1	2	0	1	0	0	-1185	656	-141	480	0	-500
1	-141	980	3251482684	3	0	1	-1	0	0	0	-1185	656	-141	480	0	-500
1	-141	980	3251484692	1	-1	1	-1	1	0	0	-1184	656	-141	480	0	-500
1	-141	980	3251486692	2	-2	1	-1	0	-1	0	-1184	655	-141	480	0	-500
1	-141	980	3251488692	2	-1	2	0	1	0	0	-1183	655	-141	480	0	-500
1	-141	980	3251490672	2	-1	1	-2	0	0	0	-1183	655	-141	480	0	-500
1	-141	980	3251492688	1	0	1	-1	1	0	0	-1182	655	-141	480	0	-500
1	-141	980	3251494688	2	-1	1	0	0	-1	0	-1182	654	-141	480	0	-500
1	-141	980	3251496688	2	-2	2	-1	1	0	0	-1181	654	-141	480	0	-500
1	-141	980	3251498680	1	-1	0	-1	0	0	0	-1181	654	-141	480	0	-500
1	-141	980	3251500656	2	0	1	0	0	0	0	-1181	654	-141	480	0	-500
1	-141	980	3251502704	1	-1	1	-2	1	-1	0	-1180	653	-141	480	0	-500
1	-141	980	3251504680	1	-1	1	0	0	0	0	-1180	653	-141	480	0	-500
1	-141	980	3251506676	1	0	2	-1	0	0	0	-1180	653	-141	480	0	-500
1	-141	980	3251508688	2	-2	1	0	1	0	0	-1179	653	-141	480	0	-500
1	-141	980	3251510684	1	-1	0	-1	0	-1	0	-1179	652	-141	480	0	-500
1	-141	980	3251512672	1	0	1	-1	0	0	0	-1179	652	-141	480	0	-500
1	-141	980	3251514668	1	-1	1	0	0	0	0	-1179	652	-141	480	0	-500
1	-141	980	3251516676	2	-1	2	-2	1	0	0	-1178	652	-141	480	0	-500
1	-141	980	3251518644	1	0	0	0	0	0	0	-1178	652	-141	480	0	-500
1	-141	980	3251520680	0	-2	1	-1	0	-1	0	-1178	651	-141	480	0	-500
1	-141	980	3251522652	1	0	0	0	1	0	0	-1177	651	-141	480	0	-500
1	-141	980	3251524664	1	-1	1	-1	0	0	0	-1177	651	-141	480	0	-500
1	-141	980	3251528660	2	-1	1	0	0	0	0	-1177	651	-141	480	0	-500
1	-141	980	3251532688	1	0	2	-1	1	-1	0	-1176	650	-141	480	0	-500
1	-141	980	3251534628	0	-1	0	0	0	0	0	-1176	650	-141	480	0	-500
1	-141	980	3251538628	1	0	1	0	0	0	0	-1176	650	-141	480	0	-500
1	-141	980	3251540628	0	0	0	-2	0	0	0	-1176	650	-141	480	0	-500
1	-141	980	3251542628	0	-2	0	0	0	0	0	-1176	650	-141	480	0	-500
1	-141	980	3251544620	1	0	0	0	0	0	0	-1176	650	-141	480	0	-500
1	-141	980	3251546620	0	0	1	0	0	0	0	-1176	650	-141	480	0	-500
1	-141	980	3251550616	0	-1	0	0	0	0	0	-1176	650	-141	480	0	-500
1	-141	980	3251554636	0	0	0	-1	0	-1	0	-1176	649	-141	480	0	-500
1	-141	980	3251558652	0	-1	1	0	0	0	0	-1176	649	-141	480	0	-500
1	-141	980	3251560632	2	0	0	0	1	0	0	-1175	649	-141	480	0	-500
1	-141	980	3251564624	0	0	0	-1	0	0	0	-1175	649	-141	480	0	-500
1	-141	980	3251566616	0	0	2	0	0	0	0	-1175	649	-141	480	0	-500
1	-141	980	3251568608	0	-1	0	0	0	0	0	-1175	649	-141	480	0	-500
1	-141	980	3251570636	1	0	1	-1	0	0	0	-1175	649	-141	480	0	-500
1	-141	980	3251572620	0	-2	0	-2	0	-1	0	-1175	648	-141	480	0	-500
1	-141	980	3251574628	0	0	1	0	1	0	0	-1174	648	-141	480	0	-500
1	-141	980	3251576640	1	-1	0	-1	0	0	0	-1174	648	-141	480	0	-500
1	-141	980	3251578612	0	0	1	0	0	0	0	-1174	648	-141	480	0	-500
1	-141	980	3251580636	1	-1	2	-1	0	0	0	-1174	648	-141	480	0	-500
1	-141	980	3251582664	2	-1	0	-1	1	-1	0	-1173	647	-141	480	0	-500
1	-141	980	3251584636	1	-2	1	-2	0	0	0	-1173	647	-141	480	0	-500
1	-141	980	3251586652	0	-1	1	-1	0	-1	0	-1173	646	-141	480	0	-500
1	-141	980	3251588612	1	0	1	0	0	0	0	-1173	646	-141	480	0	-500
1	-141	980	3251590648	1	-1	2	-1	1	0	0	-1172	646	-141	480	0	-500
1	-141	980	3251592628	2	-1	1	-1	0	0	0	-1172	646	-141	480	0	-500
1	-141	980	3251594668	1	-2	1	-2	1	-1	0	-1171	645	-141	480	0	-500
1	-141	980	3251596640	1	-1	1	-1	0	0	0	-1171	645	-141	480	0	-500
1	-141	980	3251598644	1	-1	2	-1	0	0	0	-1171	645	-141	480	0	-500
1	-141	980	3251600668	2	-1	1	-1	1	-1	0	-1170	644	-141	480	0	-500
1	-141	980	3251602644	1	-2	1	-2	0	0	0	-1170	644	-141	480	0	-500
1	-141	980	3251604656	0	-1	1	-1	0	-1	0	-1170	643	-141	480	0	-500
1	-141	980	3251606656	1	-1	2	-1	1	0	0	-1169	643	-141	480	0	-500
1	-141	980	3251608648	1	-1	1	-1	0	0	0	-1169	643	-141	480	0	-500
1	-141	980	3251610648	2	-2	1	0	0	0	0	-1169	643	-141	480	0	-500
1	-141	980	3251612660	1	-1	1	-2	1	-1	0	-1168	642	-141	480	0	-500
1	-141	980	3251614612	0	0	0	-1	0	0	0	-1168	642	-141	480	0	-500
1	-141	980	3251616640	1	-1	2	-1	0	0	0	-1168	642	-141	480	0	-500
1	-141	980	3251618656	0	-1	1	0	0	-1	0	-1168	641	-141	480	0	-500
1	-141	980	3251620644	1	0	0	-1	0	0	0	-1168	641	-141	480	0	-500
1	-141	980	3251622652	0	-2	1	-2	1	0	0	-1167	641	-141	480	0	-500
1	-141	980	3251624616	2	0	0	0	0	0	0	-1167	641	-141	480	0	-500
1	-141	980	3251626624	0	-1	0	-1	0	-1	0	-1167	640	-141	480	0	-500
1	-141	980	3251628608	0	0	1	0	0	0	0	-1167	640	-141	480	0	-500
1	-141	980	3251630632	1	0	0	-1	0	0	0	-1167	640	-141	480	0	-500
1	-141	980	3251632600	0	-1	0	0	0	0	0	-1167	640	-141	480	0	-500
1	-141	980	3251634604	0	0	2	0	0	0	0	-1167	640	-141	480	0	-500
1	-141	980	3251636640	1	0	0	-1	1	0	0	-1166	640	-141	480	0	-500
1	-141	980	3251638608	0	-1	0	0	0	0	0	-1166	640	-141	480	0	-500
1	-141	980	3251656612	0	0	1	0	0	0	0	-1166	640	-141	480	0	-500
1	-141	980	3251666616	1	0	0	0	0	0	0	-1166	640	-141	480	0	-500
1	-141	980	3251736656	2	0	0	0	0	0	0	-1166	640	-141	480	0	-500
1	-141	980	3251852688	1	0	0	0	0	0	0	-1166	640	-141	480	0	-500
1	-141	980	3251958716	-1	0	0	0	0	0	0	-1166	640	-141	480	0	-500
1	-141	980	3252052756	-1	0	0	0	0	0	0	-1166	640	-141	480	0	-500
1	-141	980	3252078760	-1	0	0	0	0	0	0	-1166	640	-141	480	0	-500
1	-141	980	3252092768	-1	0	0	0	0	0	0	-1166	640	-141	480	0	-500
1	-141	980	3252104780	-2	0	0	0	0	0	0	-1166	640	-141	480	0	-500
1	-141	980	3252116792	-1	0	0	0	0	0	0	-1166	640	-141	480	0	-500
1	-141	980	3252120796	0	0	0	-2	0	0	0	-1166	640	-141	480	0	-500
1	-141	980	3252126804	-1	0	0	0	0	0	0	-1166	640	-141	480	0	-500
1	-141	980	3252132816	0	-2	0	0	0	-1	0	-1166	639	-141	480	0	-500
1	-141	980	3252136804	-1	0	0	0	0	0	0	-1166	639	-141	480	0	-500
1	-141	980	3252138808	0	-1	0	0	0	0	0	-1166	639	-141	480	0	-500
1	-141	980	3252140840	-2	0	1	-1	0	0	0	-1166	639	-141	480	0	-500
1	-141	980	3252142816	-1	0	0	0	0	0	0	-1166	639	-141	480	0	-500
1	-141	980	3252144820	-1	-1	1	-1	0	0	0	-1166	639	-141	480	0	-500
1	-141	980	3252146864	-1	-1	0	0	0	-1	0	-1166	638	-141	480	0	-500
1	-141	980	3252148824	-2	-2	2	-1	0	0	0	-1166	638	-141	480	0	-500
1	-141	980	3252150816	-1	-1	1	-2	0	0	0	-1166	638	-141	480	0	-500
1	-141	980	3252152876	-2	-2	0	-2	-1	-1	0	-1167	637	-141	480	0	-500
1	-141	980	3252154852	-2	-2	1	-1	0	0	0	-1167	637	-141	480	0	-500
1	-141	980	3252156836	-1	-1	1	-3	0	-1	0	-1167	636	-141	480	0	-500
1	-141	980	3252158996	0	0	3	-1	0	0	0	-1167	636	-141	480	0	-500
1	-141	980	3252161012	0	0	1	-3	0	-1	0	-1167	635	-141	480	0	-500
1	-141	980	3252162996	0	0	1	-2	0	0	0	-1167	635	-141	480	0	-500
1	-141	980	3252164996	0	0	3	-3	0	0	0	-1167	635	-141	480	0	-500
1	-141	980	3252167012	0	0	1	-2	0	-1	0	-1167	634	-141	480	0	-500
1	-141	980	3252169024	-2	-2	3	-4	1	-1	0	-1166	633	-141	480	0	-500
1	-141	980	3252170868	-4	-4	2	-2	0	-1	0	-1166	632	-141	480	0	-500
1	-141	980	3252172864	-5	-4	1	-4	0	-1	0	-1166	631	-141	480	0	-500
1	-141	980	3252174860	-4	-5	3	-4	0	-1	0	-1166	630	-141	480	0	-500
1	-141	980	3252176864	-5	-5	2	-2	-1	-1	0	-1167	629	-141	480	0	-500
1	-141	980	3252178852	-4	-4	3	-4	0	-1	0	-1167	628	-141	480	0	-500
1	-141	980	3252180856	-5	-5	2	-4	0	-2	0	-1167	626	-141	480	0	-500
1	-141	980	3252182836	-3	-5	3	-4	0	-1	0	-1167	625	-141	480	0	-500
1	-141	980	3252184880	-4	-3	1	-3	-1	-1	0	-1168	624	-141	480	0	-500
1	-141	980	3252186832	-3	-4	3	-4	0	-1	0	-1168	623	-141	480	0	-500
1	-141	980	3252188832	-2	-5	2	-4	0	-1	0	-1168	622	-141	480	0	-500
1	-141	980	3252190856	-4	-4	3	-4	0	-2	0	-1168	620	-141	480	0	-500
1	-141	980	3252192848	-2	-2	1	-3	0	0	0	-1168	620	-141	480	0	-500
1	-141	980	3252194860	-3	-4	2	-3	0	-1	0	-1168	619	-141	480	0	-500
1	-141	980	3252196828	-2	-3	2	-4	0	-2	0	-1168	617	-141	480	0	-500
1	-141	980	3252198860	-3	-3	2	-3	-1	0	0	-1169	617	-141	480	0	-500
1	-141	980	3252200856	-2	-3	1	-3	0	-1	0	-1169	616	-141	480	0	-500
1	-141	980	3252202836	-3	-2	3	-4	0	-1	0	-1169	615	-141	480	0	-500
1	-141	980	3252204836	-1	-2	1	-2	0	-1	0	-1169	614	-141	480	0	-500
1	-141	980	3252206864	-3	-2	1	-3	0	-1	0	-1169	613	-141	480	0	-500
1	-141	980	3252208856	-1	-3	2	-2	0	0	0	-1169	613	-141	480	0	-500
1	-141	980	3252210836	-1	-1	1	-3	0	-1	0	-1169	612	-141	480	0	-500
1	-141	980	3252212828	-1	-1	1	-2	0	0	0	-1169	612	-141	480	0	-500
1	-141	980	3252214860	-2	-1	1	-3	0	-1	0	-1169	611	-141	480	0	-500
1	-141	980	3252216852	-1	-2	2	-2	0	-1	0	-1169	610	-141	480	0	-500
1	-141	980	3252218816	0	-1	0	-1	0	0	0	-1169	610	-141	480	0	-500
1	-141	980	3252220812	-1	0	1	-2	0	0	0	-1169	610	-141	480	0	-500
1	-141	980	3252222812	0	-1	0	-1	0	0	0	-1169	610	-141	480	0	-500
1	-141	980	3252224824	-1	0	1	-1	0	-1	0	-1169	609	-141	480	0	-500
1	-141	980	3252226812	0	0	0	-1	0	0	0	-1169	609	-141	480	0	-500
1	-141	980	3252228840	0	-1	1	-2	0	0	0	-1169	609	-141	480	0	-500
1	-141	980	3252230816	-2	0	0	0	0	0	0	-1169	609	-141	480	0	-500
1	-141	980	3252232816	0	0	0	-1	0	0	0	-1169	609	-141	480	0	-500
1	-141	980	3252234860	0	0	2	-1	0	-1	0	-1169	608	-141	480	0	-500
1	-141	980	3252238828	0	-2	0	0	0	0	0	-1169	608	-141	480	0	-500
1	-141	980	3252240832	0	0	0	-1	0	0	0	-1169	608	-141	480	0	-500
1	-141	980	3252342932	-1	0	0	0	0	0	0	-1169	608	-141	480	0	-500
1	-141	980	3252346936	-1	0	0	0	0	0	0	-1169	608	-141	480	0	-500
1	-141	980	3252348940	-1	0	0	0	0	0	0	-1169	608	-141	480	0	-500
1	-141	980	3252350936	-2	0	0	0	0	0	0	-1169	608	-141	480	0	-500
1	-141	980	3252352960	-1	0	0	0	-1	0	0	-1170	608	-141	480	0	-500
1	-141	980	3252354940	-2	0	0	0	0	0	0	-1170	608	-141	480	0	-500
1	-141	980	3252356972	-3	0	0	-2	0	0	0	-1170	608	-141	480	0	-500
1	-141	980	3252358964	-2	0	0	0	-1	0	0	-1171	608	-141	480	0	-500
1	-141	980	3252360976	-4	-1	0	0	0	0	0	-1171	608	-141	480	0	-500
1	-141	980	3252362964	-4	0	0	0	-1	0	0	-1172	608	-141	480	0	-500
1	-141	980	3252364988	-4	0	0	-1	0	-1	0	-1172	607	-141	480	0	-500
1	-141	980	3252366988	-3	-1	0	0	-1	0	0	-1173	607	-141	480	0	-500
1	-141	980	3252368940	-4	0	0	0	0	0	0	-1173	607	-141	480	0	-500
1	-141	980	3252370988	-5	-1	0	-1	-1	0	0	-1174	607	-141	480	0	-500
1	-141	980	3252372964	-5	0	-1	0	-1	0	0	-1175	607	-141	480	0	-500
1	-141	980	3252374988	-5	-2	0	-1	-1	0	0	-1176	607	-141	480	0	-500
1	-141	980	3252377008	-6	-1	0	0	-1	-1	0	-1177	606	-141	480	0	-500
1	-141	980	3252379000	-5	0	0	-2	-1	0	0	-1178	606	-141	480	0	-500
1	-141	980	3252381004	-7	-1	0	-1	-1	0	0	-1179	606	-141	480	0	-500
1	-141	980	3252383000	-5	-1	0	-1	0	-1	0	-1179	605	-141	480	0	-500
1	-141	980	3252384992	-6	-2	-1	0	-1	0	0	-1180	605	-141	480	0	-500
1	-141	980	3252386996	-6	0	0	-1	-1	0	0	-1181	605	-141	480	0	-500
1	-141	980	3252388996	-5	-1	0	-2	-1	0	0	-1182	605	-141	480	0	-500
1	-141	980	3252391016	-6	-1	-1	0	-1	-1	0	-1183	604	-141	480	0	-500
1	-141	980	3252393008	-5	-1	0	-1	-1	0	0	-1184	604	-141	480	0	-500
1	-141	980	3252395004	-7	-2	0	-1	-1	0	0	-1185	604	-141	480	0	-500
1	-141	980	3252396972	-3	0	-2	0	-1	0	0	-1186	604	-141	480	0	-500
1	-141	980	3252399020	-7	-1	0	-1	-1	-1	0	-1187	603	-141	480	0	-500
1	-141	980	3252400996	-3	-1	0	-2	0	0	0	-1187	603	-141	480	0	-500
1	-141	980	3252402976	-5	0	-1	0	-1	0	0	-1188	603	-141	480	0	-500
1	-141	980	3252405000	-4	-1	0	-1	-1	0	0	-1189	603	-141	480	0	-500
1	-141	980	3252406964	-4	0	0	0	0	0	0	-1189	603	-141	480	0	-500
1	-141	980	3252409020	-4	-2	-1	-1	-1	-1	0	-1190	602	-141	480	0	-500
1	-141	980	3252410964	-3	0	0	0	0	0	0	-1190	602	-141	480	0	-500
1	-141	980	3252413008	-3	-1	0	-1	-1	0	0	-1191	602	-141	480	0	-500
1	-141	980	3252414964	-2	0	-1	0	0	0	0	-1191	602	-141	480	0	-500
1	-141	980	3252416976	-3	0	0	0	-1	0	0	-1192	602	-141	480	0	-500
1	-141	980	3252418964	-2	0	0	0	0	0	0	-1192	602	-141	480	0	-500
1	-141	980	3252421020	-3	-1	-2	-2	-1	-1	0	-1193	601	-141	480	0	-500
1	-141	980	3252422964	-1	0	0	0	0	0	0	-1193	601	-141	480	0	-500
1	-141	980	3252424968	-1	0	0	0	0	0	0	-1193	601	-141	480	0	-500
1	-141	980	3252426968	-2	0	0	0	0	0	0	-1193	601	-141	480	0	-500
1	-141	980	3252430988	-1	0	0	0	-1	0	0	-1194	601	-141	480	0	-500
1	-141	980	3252432976	-1	0	0	0	0	0	0	-1194	601	-141	480	0	-500
1	-141	980	3252436976	-1	0	0	0	0	0	0	-1194	601	-141	480	0	-500
1	-141	980	3252438976	0	0	-1	0	0	0	0	-1194	601	-141	480	0	-500
1	-141	980	3252440980	-2	0	0	0	0	0	0	-1194	601	-141	480	0	-500
1	-141	980	3252442984	-1	0	0	0	0	0	0	-1194	601	-141	480	0	-500
1	-141	980	3252447004	-1	0	0	0	-1	0	0	-1195	601	-141	480	0	-500
1	-141	980	3252450996	-1	0	0	0	0	0	0	-1195	601	-141	480	0	-500
1	-141	980	3252452996	-2	0	0	0	0	0	0	-1195	601	-141	480	0	-500
1	-141	980	3252455000	-1	0	0	0	0	0	0	-1195	601	-141	480	0	-500
1	-141	980	3252457004	-1	0	0	0	0	0	0	-1195	601	-141	480	0	-500
1	-141	980	3252459020	-1	0	-1	0	-1	0	0	-1196	601	-141	480	0	-500
1	-141	980	3252461004	-2	0	0	0	0	0	0	-1196	601	-141	480	0	-500
1	-141	980	3252463004	-1	0	0	0	0	0	0	-1196	601	-141	480	0	-500
1	-141	980	3252465012	-1	0	0	0	0	0	0	-1196	601	-141	480	0	-500
1	-141	980	3252467016	-1	0	0	0	0	0	0	-1196	601	-141	480	0	-500
1	-141	980	3252469060	-2	0	0	1	-1	0	0	-1197	601	-141	480	0	-500
1	-141	980	3252471016	-1	0	-1	0	0	0	0	-1197	601	-141	480	0	-500
1	-141	980	3252473012	-2	0	0	0	0	0	0	-1197	601	-141	480	0	-500
1	-141	980	3252475032	-2	0	0	0	-1	0	0	-1198	601	-141	480	0	-500
1	-141	980	3252477044	-1	2	-2	1	0	0	0	-1198	601	-141	480	0	-500
1	-141	980	3252479024	-2	0	0	0	0	0	0	-1198	601	-141	480	0	-500
1	-141	980	3252481040	-2	0	0	0	-1	0	0	-1199	601	-141	480	0	-500
1	-141	980	3252483016	-2	0	0	0	0	0	0	-1199	601	-141	480	0	-500
1	-141	980	3252485020	-1	0	-1	0	0	0	0	-1199	601	-141	480	0	-500
1	-141	980	3252487028	-3	0	0	0	-1	0	0	-1200	601	-141	480	0	-500
1	-141	980	3252489016	-2	0	-1	0	0	0	0	-1200	601	-141	480	0	-500
1	-141	980	3252491024	-4	0	0	0	-1	0	0	-1201	601	-141	480	0	-500
1	-141	980	3252493024	-4	0	-1	0	-1	0	0	-1202	601	-141	480	0	-500
1	-141	980	3252495004	-4	0	0	0	0	0	0	-1202	601	-141	480	0	-500
1	-141	980	3252497020	-5	0	-2	0	-1	0	0	-1203	601	-141	480	0	-500
1	-141	980	3252499048	-5	-1	-1	0	-1	0	0	-1204	601	-141	480	0	-500
1	-141	980	3252501056	-6	-1	-1	-2	-1	0	0	-1205	601	-141	480	0	-500
1	-141	980	3252503056	-7	-3	-1	-2	-1	0	0	-1206	601	-141	480	0	-500
1	-141	980	3252505068	-7	-1	-2	-1	-2	-1	0	-1208	600	-141	480	0	-500
1	-141	980	3252507052	-8	-2	-1	-3	-1	0	0	-1209	600	-141	480	0	-500
1	-141	980	3252509068	-8	-3	-1	-2	-1	-1	0	-1210	599	-141	480	0	-500
1	-141	980	3252511064	-10	-2	-1	-3	-2	-1	0	-1212	598	-141	480	0	-500
1	-141	980	3252513064	-9	-4	-2	-2	-2	-1	0	-1214	597	-141	480	0	-500
1	-141	980	3252515060	-10	-3	-1	-3	-1	-1	0	-1215	596	-141	480	0	-500
1	-141	980	3252517064	-8	-3	-1	-4	-2	-1	0	-1217	595	-141	480	0	-500
1	-141	980	3252519048	-10	-3	-3	-2	-2	0	0	-1219	595	-141	480	0	-500
1	-141	980	3252521052	-12	-4	-1	-4	-2	-2	0	-1221	593	-141	480	0	-500
1	-141	980	3252523056	-8	-3	-1	-4	-1	-1	0	-1222	592	-141	480	0	-500
1	-141	980	3252525048	-12	-5	-1	-3	-2	-1	0	-1224	591	-141	480	0	-500
1	-141	980	3252527044	-10	-4	-2	-4	-2	-1	0	-1226	590	-141	480	0	-500
1	-141	980	3252529048	-11	-4	-2	-4	-2	-1	0	-1228	589	-141	480	0	-500
1	-141	980	3252531048	-9	-4	-1	-4	-1	-2	0	-1229	587	-141	480	0	-500
1	-141	980	3252533032	-10	-3	0	-3	-2	0	0	-1231	587	-141	480	0	-500
1	-141	980	3252535044	-11	-5	-2	-4	-2	-2	0	-1233	585	-141	480	0	-500
1	-141	980	3252537048	-9	-4	-1	-4	-1	-1	0	-1234	584	-141	480	0	-500
1	-141	980	3252539044	-11	-4	0	-5	-2	-1	0	-1236	583	-141	480	0	-500
1	-141	980	3252541048	-10	-5	-1	-4	-1	-2	0	-1237	581	-141	480	0	-500
1	-141	980	3252543052	-11	-4	0	-3	-2	-1	0	-1239	580	-141	480	0	-500
1	-141	980	3252545048	-11	-3	0	-5	-2	-1	0	-1241	579	-141	480	0	-500
1	-141	980	3252547052	-14	-5	-1	-4	-2	-1	0	-1243	578	-141	480	0	-500
1	-141	980	3252549052	-14	-4	0	-5	-2	-2	0	-1245	576	-141	480	0	-500
1	-141	980	3252551060	-15	-5	0	-4	-2	-1	0	-1247	575	-141	480	0	-500
1	-141	980	3252553060	-15	-4	0	-5	-3	-1	0	-1250	574	-141	480	0	-500
1	-141	980	3252555052	-16	-5	0	-4	-2	-2	0	-1252	572	-141	480	0	-500
1	-141	980	3252557060	-19	-5	0	-5	-3	-1	0	-1255	571	-141	480	0	-500
1	-141	980	3252559052	-16	-5	0	-5	-2	-2	0	-1257	569	-141	480	0	-500
1	-141	980	3252561056	-21	-5	0	-5	-3	-1	0	-1260	568	-141	480	0	-500
1	-141	980	3252563056	-19	-5	0	-5	-3	-2	0	-1263	566	-141	480	0	-500
1	-141	980	3252565060	-21	-6	1	-5	-3	-1	0	-1266	565	-141	480	0	-500
1	-141	980	3252567064	-20	-5	0	-6	-3	-2	0	-1269	563	-141	480	0	-500
1	-141	980	3252569060	-23	-6	3	-6	-3	-2	0	-1272	561	-141	480	0	-500
1	-141	980	3252571064	-21	-5	1	-5	-3	-1	0	-1275	560	-141	480	0	-500
1	-141	980	3252573068	-21	-7	1	-6	-3	-2	0	-1278	558	-141	480	0	-500
1	-141	980	3252575072	-24	-6	2	-5	-3	-2	0	-1281	556	-141	480	0	-500
1	-141	980	3252577076	-21	-5	1	-5	-3	-1	0	-1284	555	-141	480	0	-500
1	-141	980	3252579080	-24	-6	2	-7	-4	-2	0	-1288	553	-141	480	0	-500
1	-141	980	3252581072	-20	-5	2	-5	-2	-2	0	-1290	551	-141	480	0	-500
1	-141	980	3252583080	-23	-6	2	-6	-4	-2	0	-1294	549	-141	480	0	-500
1	-141	980	3252585084	-20	-5	3	-5	-2	-1	0	-1296	548	-141	480	0	-500
1	-141	980	3252587088	-21	-5	2	-5	-3	-2	0	-1283	546	-141	480	0	-500
1	-141	980	3252589080	-19	-5	3	-5	-2	-1	0	-1285	545	-141	480	0	-500
1	-141	980	3252591084	-21	-5	3	-5	-3	-2	0	-1288	543	-141	480	0	-500
1	-141	980	3252593092	-19	-4	3	-4	-3	-1	0	-1291	542	-141	480	0	-500
1	-141	980	3252595104	-17	-3	4	-3	-1	-1	0	-1292	541	-141	480	0	-500
1	-141	980	3252597100	-21	-3	3	-4	-3	-1	0	-1295	540	-141	480	0	-500
1	-141	980	3252599092	-18	-3	4	-3	-2	-1	0	-1297	539	-141	480	0	-500
1	-141	980	3252601084	-21	-2	5	-2	-3	0	0	-1300	539	-141	480	0	-500
1	-141	980	3252603096	-18	-2	5	-1	-2	-1	0	-1282	538	-141	480	0	-500
1	-141	980	3252605080	-21	0	5	-2	-2	0	0	-1284	538	-141	480	0	-500
1	-141	980	3252607084	-19	-1	5	-1	-2	0	0	-1286	538	-141	480	0	-500
1	-141	980	3252609056	-22	0	5	0	-3	0	0	-1289	538	-141	480	0	-500
1	-141	980	3252611088	-19	0	5	-1	-2	0	0	-1291	538	-141	480	0	-500
1	-141	980	3252613048	-20	0	6	0	-2	0	0	-1293	538	-141	480	0	-500
1	-141	980	3252615052	-22	0	7	0	-2	0	0	-1295	538	-141	480	0	-500
1	-141	980	3252617056	-20	0	6	0	-2	0	0	-1297	538	-141	480	0	-500
1	-141	980	3252619060	-23	0	6	0	-3	0	0	-1283	538	-141	480	0	-500
1	-141	980	3252621104	-20	-1	5	-1	-2	-1	0	-1285	537	-141	480	0	-500
1	-141	980	3252623064	-22	0	6	0	-2	0	0	-1287	537	-141	480	0	-500
1	-141	980	3252625056	-20	0	7	0	-2	0	0	-1289	537	-141	480	0	-500
1	-141	980	3252627060	-22	0	5	0	-3	0	0	-1292	537	-141	480	0	-500
1	-141	980	3252629088	-20	-1	5	0	-2	0	0	-1294	537	-141	480	0	-500
1	-141	980	3252631092	-17	0	6	-2	-2	0	0	-1296	537	-141	480	0	-500
1	-141	980	3252633112	-21	-2	5	0	-2	-1	0	-1298	536	-141	480	0	-500
1	-141	980	3252635100	-18	0	4	-1	-2	0	0	-1282	536	-141	480	0	-500
1	-141	980	3252637100	-19	-1	3	-1	-3	0	0	-1285	536	-141	480	0	-500
1	-141	980	3252639108	-15	-1	5	-1	-1	0	0	-1286	536	-141	480	0	-500
1	-141	980	3252641120	-17	-3	3	-2	-2	-1	0	-1288	535	-141	480	0	-500
1	-141	980	3252643112	-13	-1	4	-1	-2	0	0	-1290	535	-141	480	0	-500
1	-141	980	3252645124	-13	-1	2	-2	-1	-1	0	-1291	534	-141	480	0	-500
1	-141	980	3252647108	-13	-1	3	-2	-2	0	0	-1293	534	-141	480	0	-500
1	-141	980	3252649116	-10	-2	1	-1	-1	-1	0	-1294	533	-141	480	0	-500
1	-141	980	3252651108	-11	-1	2	-1	-2	0	0	-1282	533	-141	480	0	-500
1	-141	980	3252653096	-8	-1	2	-1	0	0	0	-1282	533	-141	480	0	-500
1	-141	980	3252655100	-8	-1	1	0	-1	0	0	-1283	533	-141	480	0	-500
1	-141	980	3252657116	-7	0	0	-2	-2	-1	0	-1285	532	-141	480	0	-500
1	-141	980	3252659088	-6	-2	1	-1	0	0	0	-1285	532	-141	480	0	-500
1	-141	980	3252661068	-5	0	1	0	-1	0	0	-1286	532	-141	480	0	-500
1	-141	980	3252663096	-5	-1	0	-1	-1	0	0	-1287	532	-141	480	0	-500
1	-141	980	3252665036	-2	0	2	0	0	0	0	-1287	532	-141	480	0	-500
1	-141	980	3252667100	-3	0	0	-1	0	-1	0	-1287	531	-141	480	0	-500
1	-141	980	3252669088	-2	-1	0	0	0	0	0	-1287	531	-141	480	0	-500
1	-141	980	3252671076	-3	0	0	0	-1	0	0	-1288	531	-141	480	0	-500
1	-141	980	3252673064	-1	0	0	0	0	0	0	-1288	531	-141	480	0	-500
1	-141	980	3252677072	-1	0	0	0	0	0	0	-1288	531	-141	480	0	-500
