1	-56	392	265678096	0	0	0	0	0	0	0	0	-200	-56	192	0	-200
1	-56	392	265694124	0	2	0	0	0	0	0	0	-200	-56	192	0	-200
1	-56	392	265696140	0	0	0	2	0	1	0	0	-199	-56	192	0	-200
1	-56	392	265698128	0	1	0	1	0	0	0	0	-199	-56	192	0	-200
1	-56	392	265700124	0	2	0	2	0	0	0	0	-199	-56	192	0	-200
1	-56	392	265702132	0	4	0	4	0	1	0	0	-198	-56	192	0	-200
1	-56	392	265704160	0	5	1	4	0	1	0	0	-197	-56	192	0	-200
1	-56	392	265706140	0	6	0	7	0	1	0	0	-196	-56	192	0	-200
1	-56	392	265708164	0	9	2	7	0	2	0	0	-194	-56	192	0	-200
1	-56	392	265710164	0	9	1	10	0	2	0	0	-192	-56	192	0	-200
1	-56	392	265712168	0	11	1	8	0	2	0	0	-190	-56	192	0	-200
1	-56	392	265714164	0	13	1	13	0	2	0	0	-188	-56	192	0	-200
1	-56	392	265716136	0	13	0	12	0	3	0	0	-185	-56	192	0	-200
1	-56	392	265718160	0	15	2	15	0	3	0	0	-182	-56	192	0	-200
1	-56	392	265720176	0	20	1	17	0	3	0	0	-179	-56	192	0	-200
1	-56	392	265722168	0	20	1	20	0	4	0	0	-175	-56	192	0	-200
1	-56	392	265724172	0	22	1	20	0	5	0	0	-170	-56	192	0	-200
1	-56	392	265726136	0	26	0	25	0	5	0	0	-165	-56	192	0	-200
1	-56	392	265728180	0	26	2	23	1	5	0	1	-160	-56	192	0	-200
1	-56	392	265730128	0	29	0	29	0	5	0	1	-155	-56	192	0	-200
1	-56	392	265732132	0	29	0	29	0	6	0	1	-149	-56	192	0	-200
1	-56	392	265734120	0	36	0	35	0	7	0	1	-142	-56	192	0	-200
1	-56	392	265736156	-2	35	0	31	0	7	0	1	-135	-56	192	0	-200
1	-56	392	265738156	0	36	-2	40	0	7	0	1	-128	-56	192	0	-200
1	-56	392	265740152	-1	40	-2	36	0	8	0	1	-120	-56	192	0	-200
1	-56	392	265742168	-1	48	-3	45	-1	9	0	0	-111	-56	192	0	-200
1	-56	392	265744152	0	45	-4	42	0	9	0	0	-102	-56	192	0	-200
1	-56	392	265746172	-1	47	-5	51	-1	10	0	-1	-92	-56	192	0	-200
1	-56	392	265748164	0	59	-5	47	0	10	0	-1	-82	-56	192	0	-200
1	-56	392	265750176	0	54	-7	58	-1	12	0	-2	-70	-56	192	0	-200
1	-56	392	265752164	0	58	-6	54	0	11	0	-2	-59	-56	192	0	-200
1	-56	392	265754180	0	60	-9	65	-1	12	0	-3	-47	-56	192	0	-200
1	-56	392	265756180	3	74	-9	60	-1	14	0	-4	-33	-56	192	0	-200
1	-56	392	265758176	3	69	-11	72	-1	14	0	-5	-19	-56	192	0	-200
1	-56	392	265760168	5	72	-11	68	0	14	0	-5	-5	-56	192	0	-200
1	-56	392	265762188	8	87	-14	81	-1	17	0	-6	12	-56	192	0	-200
1	-56	392	265764176	7	80	-13	75	0	15	0	-6	27	-56	192	0	-200
1	-56	392	265766196	10	85	-17	90	-1	18	0	-7	45	-56	192	0	-200
1	-56	392	265768196	12	87	-16	82	-1	17	0	-8	62	-56	192	0	-200
1	-56	392	265770176	13	105	-22	99	0	20	0	-8	82	-56	192	0	-200
1	-56	392	265772196	14	96	-20	90	-1	19	0	-9	101	-56	192	0	-200
1	-56	392	265774192	15	102	-25	109	-1	21	0	-10	122	-56	192	0	-200
1	-56	392	265776192	20	120	-23	99	0	22	0	-10	144	-56	192	0	-200
1	-56	392	265778196	19	110	-29	117	-1	22	0	-11	166	-56	192	0	-200
1	-56	392	265780188	20	113	-26	108	-1	22	0	-12	188	-56	192	0	-200
1	-56	392	265782192	21	118	-34	126	-1	25	0	-13	213	-56	192	0	-200
1	-56	392	265784188	24	137	-31	115	-1	25	0	-14	238	-56	192	0	-200
1	-56	392	265786184	22	127	-37	135	-1	26	0	-15	264	-56	192	0	-200
1	-56	392	265788180	24	128	-35	122	-2	25	0	-17	289	-56	192	0	-200
1	-56	392	265790180	23	132	-41	143	-1	28	0	-18	317	-56	192	0	-200
1	-56	392	265792172	26	151	-37	127	-1	27	0	-19	344	-56	192	0	-200
1	-56	392	265794180	22	136	-45	149	-3	29	0	-22	373	-56	192	0	-200
1	-56	392	265796180	23	139	-42	131	-2	27	0	-24	400	-56	192	0	-200
1	-56	392	265798180	25	157	-47	154	-2	31	0	-26	431	-56	192	0	-200
1	-56	392	265800180	21	142	-44	135	-2	28	0	-28	459	-56	192	0	-200
1	-56	392	265802176	20	141	-50	155	-3	29	0	-31	488	-56	192	0	-200
1	-56	392	265804176	20	141	-44	136	-3	28	0	-34	516	-56	192	0	-200
1	-56	392	265806176	21	159	-52	157	-3	32	0	-37	548	-56	192	0	-200
1	-56	392	265808172	19	141	-45	136	-2	27	0	-39	575	-56	192	0	-200
1	-56	392	265810168	16	140	-53	156	-4	30	0	-43	605	-56	192	0	-200
1	-56	392	265812176	19	155	-46	135	-3	29	0	-46	634	-56	192	0	-200
1	-56	392	265814176	15	136	-52	153	-3	29	0	-49	663	-56	192	0	-200
1	-56	392	265816176	14	135	-47	131	-4	26	0	-53	689	-56	192	0	-200
1	-56	392	265818172	12	133	-53	149	-4	29	0	-57	718	-56	192	0	-200
1	-56	392	265820172	13	145	-47	127	-3	27	0	-60	745	-56	192	0	-200
1	-56	392	265822164	11	127	-51	144	-4	27	0	-64	772	-56	192	0	-200
1	-56	392	265824160	10	124	-46	122	-4	25	0	-68	745	-56	192	0	-200
1	-56	392	265826156	8	123	-51	138	-4	26	0	-72	771	-56	192	0	-200
1	-56	392	265828160	8	133	-44	117	-4	25	0	-76	796	-56	192	0	-200
1	-56	392	265830168	8	117	-50	132	-4	25	0	-80	821	-56	192	0	-200
1	-56	392	265832160	6	113	-43	112	-4	22	0	-84	843	-56	192	0	-200
1	-56	392	265834164	5	125	-47	126	-4	25	0	-88	868	-56	192	0	-200
1	-56	392	265836168	4	107	-39	107	-3	22	0	-91	890	-56	192	0	-200
1	-56	392	265838160	2	103	-44	117	-4	22	0	-95	912	-56	192	0	-200
1	-56	392	265840160	3	100	-36	101	-4	20	0	-99	932	-56	192	0	-200
1	-56	392	265842160	0	110	-40	110	-4	22	0	-103	742	-56	192	0	-200
1	-56	392	265844164	0	94	-34	94	-3	18	0	-106	760	-56	192	0	-200
1	-56	392	265846164	0	91	-36	104	-4	20	0	-110	780	-56	192	0	-200
1	-56	392	265848164	-1	89	-30	87	-3	18	0	-113	798	-56	192	0	-200
1	-56	392	265850164	-2	95	-31	95	-3	19	0	-116	817	-56	192	0	-200
1	-56	392	265852164	-4	81	-26	82	-3	16	0	-119	833	-56	192	0	-200
1	-56	392	265854164	-4	78	-28	87	-3	16	0	-122	849	-56	192	0	-200
1	-56	392	265856160	-5	82	-22	74	-3	16	0	-125	736	-56	192	0	-200
1	-56	392	265858168	-5	69	-24	80	-3	15	0	-128	751	-56	192	0	-200
1	-56	392	265860164	-6	65	-18	65	-2	13	0	-130	764	-56	192	0	-200
1	-56	392	265862160	-5	61	-20	71	-3	13	0	-133	777	-56	192	0	-200
1	-56	392	265864152	-7	65	-15	59	-2	12	0	-135	789	-56	192	0	-200
1	-56	392	265866148	-7	53	-16	62	-2	12	0	-137	801	-56	192	0	-200
1	-56	392	265868144	-7	50	-12	50	-2	10	0	-139	811	-56	192	0	-200
1	-56	392	265870144	-6	45	-14	54	-2	10	0	-141	821	-56	192	0	-200
1	-56	392	265872140	-8	47	-10	44	-2	9	0	-143	830	-56	192	0	-200
1	-56	392	265874140	-6	39	-11	46	-2	8	0	-145	838	-56	192	0	-200
1	-56	392	265876148	-6	35	-9	36	-1	8	0	-146	728	-56	192	0	-200
1	-56	392	265878148	-7	36	-8	39	-2	7	0	-148	735	-56	192	0	-200
1	-56	392	265880148	-5	29	-6	31	-1	6	0	-149	741	-56	192	0	-200
1	-56	392	265882148	-5	25	-7	32	-1	6	0	-150	747	-56	192	0	-200
1	-56	392	265884148	-3	24	-5	25	-1	5	0	-151	752	-56	192	0	-200
1	-56	392	265886144	-5	22	-4	26	-1	4	0	-152	756	-56	192	0	-200
1	-56	392	265888140	-3	19	-4	19	0	4	0	-152	760	-56	192	0	-200
1	-56	392	265890156	-4	15	-4	20	-1	4	0	-153	724	-56	192	0	-200
1	-56	392	265892160	-2	16	-2	15	-1	3	0	-154	727	-56	192	0	-200
1	-56	392	265894148	-1	12	-3	15	0	3	0	-154	730	-56	192	0	-200
1	-56	392	265896140	-3	10	-1	12	0	2	0	-154	732	-56	192	0	-200
1	-56	392	265898156	-1	8	-1	11	-1	2	0	-155	734	-56	192	0	-200
1	-56	392	265900116	0	8	0	9	0	1	0	-155	735	-56	192	0	-200
1	-56	392	265902144	-1	6	0	9	0	2	0	-155	737	-56	192	0	-200
1	-56	392	265904112	0	5	0	5	0	1	0	-155	738	-56	192	0	-200
1	-56	392	265906112	0	4	0	6	0	1	0	-155	739	-56	192	0	-200
1	-56	392	265908112	0	4	0	4	0	1	0	-155	721	-56	192	0	-200
1	-56	392	265910100	0	1	0	4	0	0	0	-155	721	-56	192	0	-200
1	-56	392	265912100	0	1	0	2	0	0	0	-155	721	-56	192	0	-200
1	-56	392	265914112	0	1	0	1	0	1	0	-155	722	-56	192	0	-200
1	-56	392	265916100	0	2	0	2	0	0	0	-155	722	-56	192	0	-200
1	-56	392	265918100	0	0	0	1	0	0	1	-155	722	-56	192	0	-200
2	-56	392	265924104	0	0	0	1	0	0	1	-56	192	-56	192	0	-200
2	164	-360	265958140	-2	0	0	0	0	0	1	-56	192	108	-168	-56	192
2	164	-360	265978144	0	0	1	0	0	0	1	-56	192	108	-168	-56	192
2	164	-360	265982148	0	-1	0	0	0	0	1	-56	192	108	-168	-56	192
2	164	-360	265990176	0	-1	2	0	0	0	1	-56	192	108	-168	-56	192
2	164	-360	265992172	1	-1	1	-1	0	0	0	-56	192	108	-168	-56	192
2	164	-360	265994164	1	-3	4	-3	0	0	0	-56	192	108	-168	-56	192
2	164	-360	265996192	3	-4	5	-4	1	-1	0	-55	191	108	-168	-56	192
2	164	-360	265998180	2	-3	7	-5	1	0	0	-54	191	108	-168	-56	192
2	164	-360	266000196	4	-8	10	-5	1	-2	0	-53	189	108	-168	-56	192
2	164	-360	266002192	5	-7	13	-7	2	-1	0	-51	188	108	-168	-56	192
2	164	-360	266004184	6	-8	13	-8	2	-2	0	-49	186	108	-168	-56	192
2	164	-360	266006192	8	-12	20	-10	3	-2	0	-46	184	108	-168	-56	192
2	164	-360	266008196	8	-12	19	-10	2	-2	0	-44	182	108	-168	-56	192
2	164	-360	266010200	10	-13	25	-13	4	-3	0	-40	179	108	-168	-56	192
2	164	-360	266012200	13	-17	25	-14	4	-3	0	-36	176	108	-168	-56	192
2	164	-360	266014200	14	-21	31	-19	4	-4	0	-32	172	108	-168	-56	192
2	164	-360	266016200	15	-21	30	-17	5	-4	0	-27	168	108	-168	-56	192
2	164	-360	266018208	16	-25	38	-24	5	-4	0	-22	164	108	-168	-56	192
2	164	-360	266020216	20	-30	36	-24	6	-6	0	-16	158	108	-168	-56	192
2	164	-360	266022216	19	-31	44	-30	6	-6	0	-10	152	108	-168	-56	192
2	164	-360	266024216	18	-33	41	-30	6	-6	0	-4	146	108	-168	-56	192
2	164	-360	266026216	22	-36	49	-37	7	-8	0	3	138	108	-168	-56	192
2	164	-360	266028216	23	-45	45	-35	7	-8	0	10	130	108	-168	-56	192
2	164	-360	266030216	23	-45	52	-47	7	-9	0	17	121	108	-168	-56	192
2	164	-360	266032216	24	-48	48	-42	7	-9	0	24	112	108	-168	-56	192
2	164	-360	266034212	25	-52	56	-55	9	-10	0	33	102	108	-168	-56	192
2	164	-360	266036208	27	-65	50	-51	7	-12	0	40	90	108	-168	-56	192
2	164	-360	266038212	26	-61	60	-64	9	-13	0	49	77	108	-168	-56	192
2	164	-360	266040204	25	-68	53	-61	8	-12	0	57	65	108	-168	-56	192
2	164	-360	266042208	29	-80	62	-74	9	-16	0	66	49	108	-168	-56	192
2	164	-360	266044212	26	-76	56	-70	8	-14	0	74	35	108	-168	-56	192
2	164	-360	266046216	25	-81	67	-84	9	-17	0	83	18	108	-168	-56	192
2	164	-360	266048216	24	-85	58	-79	8	-16	0	91	2	108	-168	-56	192
2	164	-360	266050212	28	-100	69	-93	10	-20	0	101	-18	108	-168	-56	192
2	164	-360	266052216	22	-93	63	-85	9	-17	0	110	-35	108	-168	-56	192
2	164	-360	266054216	23	-97	71	-103	9	-20	0	119	-55	108	-168	-56	192
2	164	-360	266056216	23	-113	64	-92	9	-21	0	128	-76	108	-168	-56	192
2	164	-360	266058212	20	-102	75	-109	9	-21	0	137	-97	108	-168	-56	192
2	164	-360	266060204	18	-105	66	-98	9	-20	0	146	-117	108	-168	-56	192
2	164	-360	266062208	17	-107	77	-113	9	-22	0	155	-139	108	-168	-56	192
2	164	-360	266064212	17	-122	68	-103	8	-23	0	163	-162	108	-168	-56	192
2	164	-360	266066216	12	-110	80	-117	10	-23	0	173	-185	108	-168	-56	192
2	164	-360	266068208	11	-111	70	-105	8	-21	0	181	-206	108	-168	-56	192
2	164	-360	266070212	9	-113	80	-120	9	-23	0	190	-229	108	-168	-56	192
2	164	-360	266072212	9	-126	70	-108	8	-24	0	198	-253	108	-168	-56	192
2	164	-360	266074208	6	-113	79	-122	8	-23	0	206	-276	108	-168	-56	192
2	164	-360	266076200	4	-112	70	-108	7	-22	0	213	-298	108	-168	-56	192
2	164	-360	266078204	4	-126	80	-122	9	-25	0	222	-323	108	-168	-56	192
2	164	-360	266080200	1	-113	68	-109	7	-22	0	229	-345	108	-168	-56	192
2	164	-360	266082196	0	-112	79	-124	8	-24	0	237	-369	108	-168	-56	192
2	164	-360	266084192	0	-112	69	-107	7	-22	0	244	-391	108	-168	-56	192
2	164	-360	266086188	0	-125	76	-123	7	-25	0	251	-416	108	-168	-56	192
2	164	-360	266088188	-2	-111	68	-107	7	-21	0	258	-437	108	-168	-56	192
2	164	-360	266090188	-2	-110	75	-122	7	-24	0	265	-461	108	-168	-56	192
2	164	-360	266092192	-5	-109	63	-106	6	-21	0	271	-482	108	-168	-56	192
2	164	-360	266094192	-4	-122	72	-119	7	-24	0	278	-506	108	-168	-56	192
2	164	-360	266096196	-5	-108	61	-103	5	-21	0	283	-527	108	-168	-56	192
2	164	-360	266098200	-5	-106	69	-118	7	-23	0	290	-550	108	-168	-56	192
2	164	-360	266100204	-8	-117	58	-101	5	-22	0	295	-572	108	-168	-56	192
2	164	-360	266102196	-6	-103	64	-115	5	-21	0	300	-593	108	-168	-56	192
2	164	-360	266104196	-6	-100	55	-98	5	-20	0	305	-613	108	-168	-56	192
2	164	-360	266106192	-6	-99	60	-110	6	-21	0	311	-634	108	-168	-56	192
2	164	-360	266108188	-8	-108	51	-93	4	-20	0	315	-654	108	-168	-56	192
2	164	-360	266110188	-6	-94	49	-93	4	-19	0	319	-673	108	-168	-56	192
2	164	-360	266112192	-8	-91	54	-102	5	-19	0	324	-692	108	-168	-56	192
2	164	-360	266114188	-7	-100	45	-88	4	-19	0	328	-711	108	-168	-56	192
2	164	-360	266116184	-6	-87	49	-97	4	-18	0	332	-729	108	-168	-56	192
2	164	-360	266118188	-7	-83	40	-83	3	-17	0	335	-746	108	-168	-56	192
2	164	-360	266120180	-6	-80	43	-91	4	-17	0	339	-763	108	-168	-56	192
2	164	-360	266122188	-7	-87	38	-78	3	-17	0	342	-780	108	-168	-56	192
2	164	-360	266124176	-5	-73	39	-85	4	-15	0	346	-735	108	-168	-56	192
2	164	-360	266126184	-5	-70	32	-71	2	-14	0	348	-749	108	-168	-56	192
2	164	-360	266128176	-7	-67	36	-79	3	-15	0	351	-764	108	-168	-56	192
2	164	-360	266130180	-5	-72	29	-66	3	-14	0	354	-778	108	-168	-56	192
2	164	-360	266132184	-5	-60	31	-71	2	-13	0	356	-791	108	-168	-56	192
2	164	-360	266134180	-3	-58	25	-59	2	-12	0	358	-803	108	-168	-56	192
2	164	-360	266136184	-5	-60	27	-64	3	-12	0	361	-815	108	-168	-56	192
2	164	-360	266138188	-4	-50	20	-52	1	-10	0	362	-825	108	-168	-56	192
2	164	-360	266140184	-4	-46	21	-56	2	-10	0	364	-835	108	-168	-56	192
2	164	-360	266142184	-4	-42	17	-45	1	-9	0	365	-844	108	-168	-56	192
2	164	-360	266144184	-2	-43	17	-48	2	-9	0	367	-729	108	-168	-56	192
2	164	-360	266146196	-3	-35	13	-37	1	-7	0	368	-736	108	-168	-56	192
2	164	-360	266148196	-2	-31	13	-39	1	-7	0	369	-743	108	-168	-56	192
2	164	-360	266150184	-3	-30	10	-30	0	-6	0	369	-749	108	-168	-56	192
2	164	-360	266152196	-1	-24	9	-30	1	-6	0	370	-755	108	-168	-56	192
2	164	-360	266154192	-1	-20	6	-24	1	-4	0	371	-759	108	-168	-56	192
2	164	-360	266156172	-1	-17	6	-22	0	-4	0	371	-763	108	-168	-56	192
2	164	-360	266158192	-2	-17	5	-18	1	-4	0	372	-724	108	-168	-56	192
2	164	-360	266160176	0	-11	4	-17	0	-2	0	372	-726	108	-168	-56	192
2	164	-360	266162168	-1	-9	2	-12	0	-3	0	372	-729	108	-168	-56	192
2	164	-360	266164172	0	-7	3	-11	0	-1	0	372	-730	108	-168	-56	192
2	164	-360	266166140	0	-6	0	-7	0	-2	1	372	-732	108	-168	-56	192
3	164	-360	266168136	-1	-4	1	-7	0	-1	1	108	-169	108	-168	-56	192
3	164	-360	266170140	0	-3	0	-5	0	-1	1	108	-170	108	-168	-56	192
3	164	-360	266172128	0	-2	0	-2	0	0	1	108	-170	108	-168	-56	192
3	164	-360	266174128	0	0	0	-3	0	0	1	108	-170	108	-168	-56	192
3	-259	299	266176128	0	-1	0	-1	0	0	1	108	-170	-151	131	108	-168
3	-259	299	266178144	0	0	0	-1	0	-1	1	108	-171	-151	131	108	-168
3	-259	299	266242172	0	0	0	0	0	0	0	108	-171	-151	131	108	-168
3	-259	299	266252232	-1	1	0	1	0	0	0	108	-171	-151	131	108	-168
3	-259	299	266254228	-2	4	-1	4	0	0	0	108	-171	-151	131	108	-168
3	-259	299	266256240	-2	5	-3	5	0	1	0	108	-170	-151	131	108	-168
3	-259	299	266258240	-4	8	-5	8	0	2	0	108	-168	-151	131	108	-168
3	-259	299	266260252	-4	10	-5	8	-1	2	0	107	-166	-151	131	108	-168
3	-259	299	266262248	-5	11	-7	13	-2	2	0	105	-164	-151	131	108	-168
3	-259	299	266264244	-7	15	-9	12	-1	3	0	104	-161	-151	131	108	-168
3	-259	299	266266244	-6	16	-10	14	-2	3	0	102	-158	-151	131	108	-168
3	-259	299	266268244	-9	20	-15	20	-2	4	0	100	-154	-151	131	108	-168
3	-259	299	266270244	-10	21	-18	23	-3	4	0	97	-150	-151	131	108	-168
3	-259	299	266272236	-14	28	-18	22	-3	5	0	94	-145	-151	131	108	-168
3	-259	299	266274244	-12	29	-24	29	-4	6	0	90	-139	-151	131	108	-168
3	-259	299	266276248	-15	31	-25	29	-4	6	0	86	-133	-151	131	108	-168
3	-259	299	266278244	-19	39	-29	31	-5	7	0	81	-126	-151	131	108	-168
3	-259	299	266280244	-19	37	-36	39	-5	8	0	76	-118	-151	131	108	-168
3	-259	299	266282240	-20	41	-36	38	-6	8	0	70	-110	-151	131	108	-168
3	-259	299	266284236	-21	44	-47	47	-6	9	0	64	-101	-151	131	108	-168
3	-259	299	266286232	-26	53	-45	43	-8	9	0	56	-92	-151	131	108	-168
3	-259	299	266288228	-25	48	-55	53	-8	10	0	48	-82	-151	131	108	-168
3	-259	299	266290228	-27	53	-53	49	-8	11	0	40	-71	-151	131	108	-168
3	-259	299	266292232	-27	55	-67	58	-9	11	0	31	-60	-151	131	108	-168
3	-259	299	266294228	-33	65	-62	54	-9	12	0	22	-48	-151	131	108	-168
3	-259	299	266296228	-31	61	-76	65	-11	12	0	11	-36	-151	131	108	-168
3	-259	299	266298228	-32	64	-72	59	-11	13	0	0	-23	-151	131	108	-168
3	-259	299	266300224	-39	75	-87	71	-12	14	0	-12	-9	-151	131	108	-168
3	-259	299	266302220	-36	71	-81	66	-12	14	0	-24	5	-151	131	108	-168
3	-259	299	266304216	-38	74	-100	78	-14	15	0	-38	20	-151	131	108	-168
3	-259	299	266306216	-39	79	-92	71	-13	15	0	-51	35	-151	131	108	-168
3	-259	299	266308212	-45	91	-110	86	-15	18	0	-66	53	-151	131	108	-168
3	-259	299	266310212	-42	86	-102	79	-15	16	0	-81	69	-151	131	108	-168
3	-259	299	266312212	-43	89	-123	94	-16	19	0	-97	88	-151	131	108	-168
3	-259	299	266314216	-43	94	-111	87	-16	18	0	-113	106	-151	131	108	-168
3	-259	299	266316216	-49	110	-134	103	-18	21	0	-131	127	-151	131	108	-168
3	-259	299	266318216	-45	101	-122	95	-17	20	0	-148	147	-151	131	108	-168
3	-259	299	266320216	-46	106	-144	112	-19	22	0	-167	169	-151	131	108	-168
3	-259	299	266322216	-52	123	-131	102	-18	22	0	-185	191	-151	131	108	-168
3	-259	299	266324216	-45	113	-154	121	-20	23	0	-205	214	-151	131	108	-168
3	-259	299	266326216	-46	118	-139	110	-18	23	0	-223	237	-151	131	108	-168
3	-259	299	266328212	-45	120	-161	127	-21	25	0	-244	262	-151	131	108	-168
3	-259	299	266330216	-50	139	-145	117	-19	26	0	-263	288	-151	131	108	-168
3	-259	299	266332216	-45	125	-169	133	-22	25	0	-285	313	-151	131	108	-168
3	-259	299	266334216	-44	126	-148	120	-19	25	0	-304	338	-151	131	108	-168
3	-259	299	266336216	-43	129	-172	140	-22	27	0	-326	365	-151	131	108	-168
3	-259	299	266338204	-49	143	-151	123	-20	26	0	-346	391	-151	131	108	-168
3	-259	299	266340204	-43	129	-172	140	-21	27	0	-367	418	-151	131	108	-168
3	-259	299	266342204	-42	126	-150	122	-19	25	0	-386	443	-151	131	108	-168
3	-259	299	266344204	-48	143	-170	139	-22	28	0	-408	471	-151	131	108	-168
3	-259	299	266346204	-41	124	-147	120	-19	25	0	-427	496	-151	131	108	-168
3	-259	299	266348208	-40	121	-163	133	-20	25	0	-447	521	-151	131	108	-168
3	-259	299	266350204	-40	117	-140	113	-18	23	0	-465	544	-151	131	108	-168
3	-259	299	266352204	-46	128	-155	127	-20	26	0	-485	570	-151	131	108	-168
3	-259	299	266354204	-39	110	-132	107	-17	21	0	-502	591	-151	131	108	-168
3	-259	299	266356204	-40	104	-145	116	-19	22	0	-521	613	-151	131	108	-168
3	-259	299	266358204	-39	100	-121	99	-16	20	0	-537	633	-151	131	108	-168
3	-259	299	266360212	-42	105	-131	106	-17	21	0	-554	654	-151	131	108	-168
3	-259	299	266362208	-38	88	-109	88	-15	18	0	-569	672	-151	131	108	-168
3	-259	299	266364212	-36	84	-117	95	-15	18	0	-584	690	-151	131	108	-168
3	-259	299	266366212	-39	86	-97	77	-14	16	0	-598	706	-151	131	108	-168
3	-259	299	266368220	-33	73	-102	83	-13	16	0	-611	722	-151	131	108	-168
3	-259	299	266370216	-32	67	-83	66	-12	13	0	-623	735	-151	131	108	-168
3	-259	299	266372212	-30	62	-87	71	-11	13	0	-634	748	-151	131	108	-168
3	-259	299	266374220	-32	63	-70	57	-11	12	0	-645	732	-151	131	108	-168
3	-259	299	266376220	-26	52	-73	60	-10	12	0	-655	744	-151	131	108	-168
3	-259	299	266378208	-25	47	-58	47	-8	9	0	-663	753	-151	131	108	-168
3	-259	299	266380204	-27	49	-59	50	-8	10	0	-671	763	-151	131	108	-168
3	-259	299	266382208	-20	37	-48	40	-7	8	0	-678	771	-151	131	108	-168
3	-259	299	266384204	-18	35	-48	41	-7	7	0	-685	778	-151	131	108	-168
3	-259	299	266386212	-17	30	-37	33	-5	6	0	-690	784	-151	131	108	-168
3	-259	299	266388212	-16	32	-37	32	-6	7	0	-696	791	-151	131	108	-168
3	-259	299	266390208	-12	23	-29	25	-4	5	0	-700	796	-151	131	108	-168
3	-259	299	266392208	-12	20	-29	25	-4	4	0	-704	800	-151	131	108	-168
3	-259	299	266394204	-8	18	-21	20	-3	4	0	-707	724	-151	131	108	-168
3	-259	299	266396212	-9	17	-21	19	-3	4	0	-710	728	-151	131	108	-168
3	-259	299	266398204	-6	13	-15	15	-2	2	0	-712	730	-151	131	108	-168
3	-259	299	266400208	-5	11	-15	14	-2	3	0	-714	733	-151	131	108	-168
3	-259	299	266402212	-5	10	-10	10	-1	2	0	-715	735	-151	131	108	-168
3	-259	299	266404216	-4	8	-10	10	-2	2	0	-717	737	-151	131	108	-168
3	-259	299	266406216	-3	6	-8	7	-1	1	0	-718	721	-151	131	108	-168
3	-259	299	266408200	-1	4	-6	7	0	1	0	-718	722	-151	131	108	-168
3	-259	299	266410216	-2	3	-5	5	-1	1	0	-719	723	-151	131	108	-168
3	-259	299	266412220	0	4	-4	3	-1	1	1	-720	724	-151	131	108	-168
4	-259	299	266414188	-2	1	-2	3	0	0	1	-151	131	-151	131	108	-168
4	-259	299	266416192	0	2	-3	2	0	0	1	-151	131	-151	131	108	-168
4	-259	299	266418192	0	1	-1	0	0	0	1	-151	131	-151	131	108	-168
4	-259	299	266420172	0	0	0	2	0	1	1	-151	132	-151	131	108	-168
4	-259	299	266422184	0	1	-1	1	0	0	1	-151	132	-151	131	108	-168
4	333	-214	266434160	1	0	0	0	0	0	1	-151	132	182	-83	-151	131
4	333	-214	266442168	1	0	0	0	0	0	1	-151	132	182	-83	-151	131
4	333	-214	266446168	1	0	0	0	0	0	1	-151	132	182	-83	-151	131
4	333	-214	266450168	2	0	0	0	0	0	1	-151	132	182	-83	-151	131
4	333	-214	266452168	1	0	0	0	0	0	1	-151	132	182	-83	-151	131
4	333	-214	266454164	1	0	0	0	0	0	1	-151	132	182	-83	-151	131
4	333	-214	266458168	1	0	0	0	0	0	1	-151	132	182	-83	-151	131
4	333	-214	266460192	3	-2	1	0	0	0	1	-151	132	182	-83	-151	131
4	333	-214	266462184	1	0	0	-2	0	0	1	-151	132	182	-83	-151	131
4	333	-214	266464180	3	-1	2	0	0	0	1	-151	132	182	-83	-151	131
4	333	-214	266466176	1	-1	0	-1	0	0	1	-151	132	182	-83	-151	131
4	333	-214	266468192	4	-1	1	-1	1	0	1	-150	132	182	-83	-151	131
4	333	-214	266470184	2	-2	1	-1	0	0	1	-150	132	182	-83	-151	131
4	333	-214	266472204	4	-1	1	-2	1	-1	1	-149	131	182	-83	-151	131
4	333	-214	266474180	4	-4	3	-3	0	0	1	-149	131	182	-83	-151	131
4	333	-214	266476208	3	-3	4	-4	1	-1	1	-148	130	182	-83	-151	131
4	333	-214	266478208	5	-5	3	-5	1	-1	1	-147	129	182	-83	-151	131
4	333	-214	266480208	5	-7	7	-6	1	-1	1	-146	128	182	-83	-151	131
4	333	-214	266482204	5	-8	7	-7	1	-2	1	-145	126	182	-83	-151	131
4	333	-214	266484204	7	-8	9	-8	2	-1	1	-143	125	182	-83	-151	131
4	333	-214	266486200	6	-10	11	-9	2	-2	1	-141	123	182	-83	-151	131
4	333	-214	266488212	9	-11	14	-10	2	-2	1	-139	121	182	-83	-151	131
4	333	-214	266490212	8	-13	16	-11	2	-3	1	-137	118	182	-83	-151	131
4	333	-214	266492216	10	-12	20	-13	3	-2	0	-134	116	182	-83	-151	131
4	333	-214	266494212	12	-14	21	-12	4	-3	0	-130	113	182	-83	-151	131
4	333	-214	266496208	15	-17	28	-17	4	-3	0	-126	110	182	-83	-151	131
4	333	-214	266498200	15	-18	27	-15	4	-4	0	-122	106	182	-83	-151	131
4	333	-214	266500196	17	-17	32	-15	5	-3	0	-117	103	182	-83	-151	131
4	333	-214	266502204	20	-18	41	-20	6	-4	0	-111	99	182	-83	-151	131
4	333	-214	266504200	25	-22	41	-18	7	-4	0	-104	95	182	-83	-151	131
4	333	-214	266506192	26	-20	51	-22	7	-4	0	-97	91	182	-83	-151	131
4	333	-214	266508188	30	-22	52	-20	9	-4	0	-88	87	182	-83	-151	131
4	333	-214	266510184	35	-21	65	-23	10	-4	0	-78	83	182	-83	-151	131
4	333	-214	266512184	43	-26	61	-22	10	-5	0	-68	78	182	-83	-151	131
4	333	-214	266514184	42	-24	77	-25	12	-5	0	-56	73	182	-83	-151	131
4	333	-214	266516188	45	-25	74	-22	12	-5	0	-44	68	182	-83	-151	131
4	333	-214	266518192	58	-30	91	-28	15	-6	0	-29	62	182	-83	-151	131
4	333	-214	266520196	55	-27	85	-25	14	-5	0	-15	57	182	-83	-151	131
4	333	-214	266522196	59	-29	104	-30	16	-6	0	1	51	182	-83	-151	131
4	333	-214	266524192	62	-31	98	-28	16	-6	0	17	45	182	-83	-151	131
4	333	-214	266526192	76	-37	117	-34	19	-7	0	36	38	182	-83	-151	131
4	333	-214	266528188	73	-35	109	-31	19	-6	0	55	32	182	-83	-151	131
4	333	-214	266530192	75	-37	131	-39	20	-8	0	75	24	182	-83	-151	131
4	333	-214	266532200	89	-44	119	-36	21	-8	0	96	16	182	-83	-151	131
4	333	-214	266534192	82	-40	142	-44	22	-8	0	118	8	182	-83	-151	131
4	333	-214	266536200	84	-44	128	-40	22	-9	0	140	-1	182	-83	-151	131
4	333	-214	266538208	86	-45	151	-50	23	-9	0	163	-10	182	-83	-151	131
4	333	-214	266540204	98	-55	136	-45	24	-10	0	187	-20	182	-83	-151	131
4	333	-214	266542204	87	-50	158	-55	24	-11	0	211	-31	182	-83	-151	131
4	333	-214	266544204	88	-53	141	-50	23	-10	0	234	-41	182	-83	-151	131
4	333	-214	266546208	98	-63	164	-60	26	-12	0	260	-53	182	-83	-151	131
4	333	-214	266548196	88	-57	145	-54	24	-11	0	284	-64	182	-83	-151	131
4	333	-214	266550196	86	-59	166	-64	25	-13	0	309	-77	182	-83	-151	131
4	333	-214	266552196	86	-61	148	-58	23	-12	0	332	-89	182	-83	-151	131
4	333	-214	266554200	95	-69	168	-68	26	-13	0	358	-102	182	-83	-151	131
4	333	-214	266556200	83	-63	149	-60	24	-13	0	382	-115	182	-83	-151	131
4	333	-214	266558208	81	-63	169	-70	25	-13	0	407	-128	182	-83	-151	131
4	333	-214	266560208	89	-72	149	-62	23	-13	0	430	-141	182	-83	-151	131
4	333	-214	266562204	77	-63	167	-72	25	-14	0	455	-155	182	-83	-151	131
4	333	-214	266564208	75	-65	146	-62	22	-13	0	477	-168	182	-83	-151	131
4	333	-214	266566208	73	-64	165	-73	24	-13	0	501	-181	182	-83	-151	131
4	333	-214	266568208	80	-71	144	-61	22	-13	0	523	-194	182	-83	-151	131
4	333	-214	266570208	70	-64	163	-71	23	-14	0	546	-208	182	-83	-151	131
4	333	-214	266572208	69	-61	141	-61	21	-12	0	567	-220	182	-83	-151	131
4	333	-214	266574220	75	-69	159	-70	24	-14	0	591	-234	182	-83	-151	131
4	333	-214	266576220	65	-60	156	-70	22	-13	0	613	-247	182	-83	-151	131
4	333	-214	266578224	63	-59	135	-60	20	-12	0	633	-259	182	-83	-151	131
4	333	-214	266580224	63	-59	131	-59	19	-12	0	652	-271	182	-83	-151	131
4	333	-214	266582224	69	-65	149	-68	22	-13	0	674	-284	182	-83	-151	131
4	333	-214	266584228	58	-57	129	-58	19	-12	0	693	-296	182	-83	-151	131
4	333	-214	266586224	58	-56	142	-67	20	-12	0	713	-308	182	-83	-151	131
4	333	-214	266588224	54	-55	123	-57	17	-11	0	730	-319	182	-83	-151	131
4	333	-214	266590224	60	-62	137	-64	20	-13	0	750	-332	182	-83	-151	131
4	333	-214	266592220	48	-55	118	-56	17	-11	0	767	-343	182	-83	-151	131
4	333	-214	266594224	49	-53	131	-64	18	-11	0	785	-354	182	-83	-151	131
4	333	-214	266596212	50	-60	112	-55	16	-12	0	801	-366	182	-83	-151	131
4	333	-214	266598216	44	-53	125	-61	17	-11	0	818	-377	182	-83	-151	131
4	333	-214	266600216	41	-52	107	-53	15	-11	0	833	-388	182	-83	-151	131
4	333	-214	266602216	38	-52	117	-60	15	-11	0	848	-399	182	-83	-151	131
4	333	-214	266604216	41	-57	100	-51	14	-11	0	862	-410	182	-83	-151	131
4	333	-214	266606216	34	-51	111	-57	15	-11	0	877	-421	182	-83	-151	131
4	333	-214	266608224	32	-50	93	-49	12	-10	0	889	-431	182	-83	-151	131
4	333	-214	266610220	34	-57	104	-55	14	-11	0	903	-442	182	-83	-151	131
4	333	-214	266612224	27	-50	86	-48	11	-10	0	914	-452	182	-83	-151	131
4	333	-214	266614220	25	-47	94	-52	12	-9	0	926	-461	182	-83	-151	131
4	333	-214	266616220	24	-48	78	-45	10	-10	0	936	-471	182	-83	-151	131
4	333	-214	266618228	25	-52	85	-51	11	-10	0	947	-481	182	-83	-151	131
4	333	-214	266620224	20	-46	70	-43	9	-9	0	956	-490	182	-83	-151	131
4	333	-214	266622220	18	-45	75	-49	10	-9	0	966	-499	182	-83	-151	131
4	333	-214	266624224	16	-44	62	-40	7	-9	0	973	-508	182	-83	-151	131
4	333	-214	266626220	16	-49	66	-46	9	-9	0	982	-517	182	-83	-151	131
4	333	-214	266628216	13	-41	52	-39	6	-8	0	988	-525	182	-83	-151	131
4	333	-214	266630212	10	-40	55	-42	7	-8	0	995	-533	182	-83	-151	131
4	333	-214	266632208	10	-44	44	-38	5	-9	0	1000	-542	182	-83	-151	131
4	333	-214	266634200	7	-36	45	-40	5	-7	0	1005	-549	182	-83	-151	131
4	333	-214	266636204	6	-35	36	-33	4	-7	0	1009	-556	182	-83	-151	131
4	333	-214	266638204	5	-33	35	-37	4	-7	0	1013	-563	182	-83	-151	131
4	333	-214	266640208	4	-35	29	-30	4	-7	0	1017	-570	182	-83	-151	131
4	333	-214	266642216	3	-28	28	-31	3	-5	0	1020	-575	182	-83	-151	131
4	333	-214	266644204	2	-27	20	-27	2	-6	0	1022	-581	182	-83	-151	131
4	333	-214	266646208	1	-23	20	-28	2	-5	0	1024	-586	182	-83	-151	131
4	333	-214	266648212	0	-24	15	-22	2	-5	0	1026	-591	182	-83	-151	131
4	333	-214	266650208	2	-20	15	-24	1	-4	0	1027	-595	182	-83	-151	131
4	333	-214	266652212	0	-18	10	-18	1	-4	0	1028	-599	182	-83	-151	131
4	333	-214	266654216	0	-16	10	-17	1	-3	0	1029	-602	182	-83	-151	131
4	333	-214	266656220	0	-12	6	-14	1	-2	0	1030	-604	182	-83	-151	131
4	333	-214	266658216	0	-10	6	-14	1	-3	0	1031	-607	182	-83	-151	131
4	333	-214	266660216	0	-9	4	-10	0	-2	0	1031	-609	182	-83	-151	131
4	333	-214	266662212	-1	-8	4	-10	0	-2	0	1031	-611	182	-83	-151	131
4	333	-214	266664216	0	-5	2	-6	0	-1	1	1031	-612	182	-83	-151	131
5	333	-214	266666228	0	-5	1	-6	1	-1	1	183	-84	182	-83	-151	131
5	333	-214	266668208	0	-3	2	-4	0	0	1	183	-84	182	-83	-151	131
5	333	-214	266670196	0	-2	0	-4	0	-1	1	183	-85	182	-83	-151	131
5	333	-214	266672180	0	-1	0	-2	0	0	1	183	-85	182	-83	-151	131
5	333	-214	266674196	0	-1	0	-1	0	-1	1	183	-86	182	-83	-151	131
5	333	-214	266676176	0	0	0	-2	0	0	1	183	-86	182	-83	-151	131
5	-380	111	266680172	0	0	0	-1	0	0	1	183	-86	-198	28	182	-83
5	-380	111	266702188	0	-1	0	0	0	0	1	183	-86	-198	28	182	-83
5	-380	111	266744196	0	0	0	0	0	0	0	183	-86	-198	28	182	-83
5	-380	111	266754236	-1	0	0	0	0	0	0	183	-86	-198	28	182	-83
5	-380	111	266756228	0	0	-2	0	0	0	0	183	-86	-198	28	182	-83
5	-380	111	266758236	-1	0	-4	0	0	0	0	183	-86	-198	28	182	-83
5	-380	111	266760276	-2	3	-6	2	-1	0	0	182	-86	-198	28	182	-83
5	-380	111	266762276	-3	2	-9	2	-1	0	0	181	-86	-198	28	182	-83
5	-380	111	266764276	-4	4	-13	4	-2	1	0	179	-85	-198	28	182	-83
5	-380	111	266766284	-5	4	-14	4	-2	1	0	177	-84	-198	28	182	-83
5	-380	111	266768280	-10	6	-23	5	-3	1	0	174	-83	-198	28	182	-83
5	-380	111	266770280	-10	7	-22	6	-3	1	0	171	-82	-198	28	182	-83
5	-380	111	266772280	-14	8	-31	7	-5	1	0	166	-81	-198	28	182	-83
5	-380	111	266774276	-17	10	-33	8	-5	2	0	161	-79	-198	28	182	-83
5	-380	111	266776268	-20	10	-37	9	-5	2	0	156	-77	-198	28	182	-83
5	-380	111	266778272	-23	11	-49	12	-8	2	0	148	-75	-198	28	182	-83
5	-380	111	266780268	-26	14	-49	11	-7	3	0	141	-72	-198	28	182	-83
5	-380	111	266782268	-34	15	-62	14	-10	3	0	131	-69	-198	28	182	-83
5	-380	111	266784260	-35	16	-62	14	-9	3	0	122	-66	-198	28	182	-83
5	-380	111	266786260	-37	16	-76	16	-12	3	0	110	-63	-198	28	182	-83
5	-380	111	266788260	-43	19	-74	15	-11	3	0	99	-60	-198	28	182	-83
5	-380	111	266790260	-54	21	-91	19	-15	4	0	84	-56	-198	28	182	-83
5	-380	111	266792264	-51	19	-87	17	-14	4	0	70	-52	-198	28	182	-83
5	-380	111	266794264	-56	20	-107	20	-16	4	0	54	-48	-198	28	182	-83
5	-380	111	266796256	-68	23	-100	18	-17	4	0	37	-44	-198	28	182	-83
5	-380	111	266798264	-65	21	-121	21	-18	4	0	19	-40	-198	28	182	-83
5	-380	111	266800256	-68	21	-112	20	-18	4	0	1	-36	-198	28	182	-83
5	-380	111	266802264	-74	23	-135	23	-21	5	0	-20	-31	-198	28	182	-83
5	-380	111	266804272	-88	26	-127	21	-22	5	0	-42	-26	-198	28	182	-83
5	-380	111	266806260	-81	26	-151	25	-23	5	0	-65	-21	-198	28	182	-83
5	-380	111	266808260	-86	26	-140	22	-23	5	0	-88	-16	-198	28	182	-83
5	-380	111	266810256	-90	28	-167	29	-25	5	0	-113	-11	-198	28	182	-83
5	-380	111	266812252	-105	32	-153	25	-26	6	0	-139	-5	-198	28	182	-83
5	-380	111	266814260	-98	32	-184	31	-28	6	0	-167	1	-198	28	182	-83
5	-380	111	266816260	-100	31	-166	28	-27	6	0	-194	7	-198	28	182	-83
5	-380	111	266818264	-117	39	-197	34	-31	8	0	-225	15	-198	28	182	-83
5	-380	111	266820256	-106	36	-180	32	-29	6	0	-254	21	-198	28	182	-83
5	-380	111	266822260	-110	37	-212	38	-32	8	0	-286	29	-198	28	182	-83
5	-380	111	266824264	-113	42	-191	35	-30	8	0	-316	37	-198	28	182	-83
5	-380	111	266826268	-127	47	-224	42	-36	8	0	-352	45	-198	28	182	-83
5	-380	111	266828272	-117	44	-200	39	-31	9	0	-383	54	-198	28	182	-83
5	-380	111	266830276	-116	46	-233	46	-35	9	0	-418	63	-198	28	182	-83
5	-380	111	266832280	-132	55	-207	43	-34	10	0	-452	73	-198	28	182	-83
5	-380	111	266834280	-117	49	-238	50	-36	10	0	-488	83	-198	28	182	-83
5	-380	111	266836276	-117	50	-212	43	-32	9	0	-520	92	-198	28	182	-83
5	-380	111	266838280	-116	51	-242	53	-36	10	0	-556	102	-198	28	182	-83
5	-380	111	266840280	-132	59	-211	46	-35	11	0	-591	113	-198	28	182	-83
5	-380	111	266842276	-116	51	-242	54	-35	10	0	-626	123	-198	28	182	-83
5	-380	111	266844272	-114	53	-208	47	-33	10	0	-659	133	-198	28	182	-83
5	-380	111	266846272	-128	58	-237	54	-36	12	0	-695	145	-198	28	182	-83
5	-380	111	266848272	-113	52	-202	46	-32	9	0	-727	154	-198	28	182	-83
5	-380	111	266850256	-110	51	-228	54	-33	11	0	-760	165	-198	28	182	-83
5	-380	111	266852256	-110	50	-195	48	-31	10	0	-791	175	-198	28	182	-83
5	-380	111	266854256	-121	55	-217	52	-34	10	0	-825	185	-198	28	182	-83
5	-380	111	266856256	-105	49	-185	45	-29	10	0	-854	195	-198	28	182	-83
5	-380	111	266858248	-103	47	-205	51	-30	10	0	-884	205	-198	28	182	-83
5	-380	111	266860248	-98	45	-173	43	-28	8	0	-912	213	-198	28	182	-83
5	-380	111	266862240	-109	50	-190	49	-29	10	0	-941	223	-198	28	182	-83
5	-380	111	266864252	-94	43	-158	40	-26	9	0	-967	232	-198	28	182	-83
5	-380	111	266866248	-90	40	-175	43	-26	8	0	-993	240	-198	28	182	-83
5	-380	111	266868244	-96	42	-145	38	-24	8	0	-1017	248	-198	28	182	-83
5	-380	111	266870240	-83	35	-158	40	-24	7	0	-1041	255	-198	28	182	-83
5	-380	111	266872232	-78	34	-130	34	-21	7	0	-1062	262	-198	28	182	-83
5	-380	111	266874244	-75	32	-139	37	-22	7	0	-1084	269	-198	28	182	-83
5	-380	111	266876236	-79	34	-113	30	-19	6	0	-1103	275	-198	28	182	-83
5	-380	111	266878248	-65	28	-123	33	-19	7	0	-1122	282	-198	28	182	-83
5	-380	111	266880244	-61	25	-97	26	-15	5	0	-1137	287	-198	28	182	-83
5	-380	111	266882244	-55	23	-105	27	-16	5	0	-1153	292	-198	28	182	-83
5	-380	111	266884248	-57	23	-84	23	-14	4	0	-1167	296	-198	28	182	-83
5	-380	111	266886248	-46	19	-86	22	-14	4	0	-1181	300	-198	28	182	-83
5	-380	111	266888252	-40	16	-69	18	-11	4	0	-1192	304	-198	28	182	-83
5	-380	111	266890256	-40	16	-70	19	-11	3	0	-1203	307	-198	28	182	-83
5	-380	111	266892256	-31	13	-54	13	-8	3	0	-1211	310	-198	28	182	-83
5	-380	111	266894252	-28	10	-54	14	-8	2	0	-1219	312	-198	28	182	-83
5	-380	111	266896252	-23	10	-40	10	-7	2	0	-1226	314	-198	28	182	-83
5	-380	111	266898248	-22	8	-40	11	-6	2	0	-1232	316	-198	28	182	-83
5	-380	111	266900248	-16	7	-30	8	-4	2	0	-1236	318	-198	28	182	-83
5	-380	111	266902244	-14	5	-27	7	-4	1	0	-1240	319	-198	28	182	-83
5	-380	111	266904244	-11	5	-21	5	-4	1	0	-1244	320	-198	28	182	-83
5	-380	111	266906244	-9	3	-18	5	-2	1	0	-1246	321	-198	28	182	-83
5	-380	111	266908232	-5	3	-12	3	-2	0	0	-1248	321	-198	28	182	-83
5	-380	111	266910252	-3	1	-12	4	-2	1	0	-1250	322	-198	28	182	-83
5	-380	111	266912236	-4	1	-6	1	-1	0	0	-1251	322	-198	28	182	-83
5	-380	111	266914224	0	2	-5	1	0	0	0	-1251	322	-198	28	182	-83
5	-380	111	266916236	0	0	-2	1	0	0	0	-1251	322	-198	28	182	-83
5	-380	111	266918184	2	0	-2	0	0	0	0	-1251	322	-198	28	182	-83
5	-380	111	266920208	3	0	0	0	0	0	1	-1251	322	-198	28	182	-83
6	-380	111	266922204	5	0	0	0	0	0	1	-198	28	-198	28	182	-83
6	396	0	266924236	7	-1	1	0	0	0	1	-198	28	198	28	-198	28
6	396	0	266926244	7	-1	2	-1	1	0	1	-197	28	198	28	-198	28
6	396	0	266928236	8	0	3	-1	1	0	1	-196	28	198	28	-198	28
6	396	0	266930236	8	-1	3	-2	1	0	1	-195	28	198	28	-198	28
6	396	0	266932228	9	-2	3	-1	2	0	1	-193	28	198	28	-198	28
6	396	0	266934228	11	-2	4	-1	1	0	1	-192	28	198	28	-198	28
6	396	0	266936228	10	-1	2	-1	1	0	1	-191	28	198	28	-198	28
6	396	0	266938240	10	-2	4	-3	2	-1	1	-189	27	198	28	-198	28
6	396	0	266940232	13	-2	4	-1	1	0	1	-188	27	198	28	-198	28
6	396	0	266942232	10	-1	3	-3	2	0	1	-186	27	198	28	-198	28
6	396	0	266944244	10	-2	4	-1	1	-1	1	-185	26	198	28	-198	28
6	396	0	266946228	10	-1	3	-2	1	0	1	-184	26	198	28	-198	28
6	396	0	266948224	11	-1	3	-2	2	0	1	-182	26	198	28	-198	28
6	396	0	266950240	9	-1	4	-2	1	-1	1	-181	25	198	28	-198	28
6	396	0	266952228	7	-2	3	-1	1	0	1	-180	25	198	28	-198	28
6	396	0	266954228	7	-1	2	-3	1	0	1	-179	25	198	28	-198	28
6	396	0	266956236	6	-1	3	-1	1	0	1	-178	25	198	28	-198	28
6	396	0	266958252	5	-1	1	-1	1	-1	1	-177	24	198	28	-198	28
6	396	0	266960232	4	0	2	-2	0	0	1	-177	24	198	28	-198	28
6	396	0	266962240	3	-2	2	-1	1	0	1	-176	24	198	28	-198	28
6	396	0	266964220	3	-1	1	0	0	0	1	-176	24	198	28	-198	28
6	396	0	266966220	2	0	1	-1	0	0	1	-176	24	198	28	-198	28
6	396	0	266968232	2	0	0	-1	1	0	1	-175	24	198	28	-198	28
6	396	0	266970236	2	-1	1	0	0	-1	1	-175	23	198	28	-198	28
6	396	0	266972220	1	0	0	-2	0	0	1	-175	23	198	28	-198	28
6	396	0	266974220	2	-1	2	0	0	0	1	-175	23	198	28	-198	28
6	396	0	266976224	2	0	0	-1	1	0	1	-174	23	198	28	-198	28
6	396	0	266978212	1	-2	0	0	0	0	1	-174	23	198	28	-198	28
6	396	0	266980212	2	0	1	-1	0	0	1	-174	23	198	28	-198	28
6	396	0	266982212	2	0	0	-1	0	0	1	-174	23	198	28	-198	28
6	396	0	266984224	3	-1	1	0	1	0	1	-173	23	198	28	-198	28
6	396	0	266986224	2	-1	1	-2	0	-1	1	-173	22	198	28	-198	28
6	396	0	266988188	3	0	0	0	0	0	1	-173	22	198	28	-198	28
6	396	0	266990224	2	-1	2	-1	1	0	1	-172	22	198	28	-198	28
6	396	0	266992208	4	-2	1	-1	0	0	1	-172	22	198	28	-198	28
6	396	0	266994224	4	-1	2	-1	1	0	1	-171	22	198	28	-198	28
6	396	0	266996220	5	-1	3	-2	0	-1	1	-171	21	198	28	-198	28
6	396	0	266998220	5	-3	4	-2	1	0	1	-170	21	198	28	-198	28
6	396	0	267000228	3	-2	3	-3	1	-1	0	-169	20	198	28	-198	28
6	396	0	267002228	7	-4	8	-3	1	0	0	-168	20	198	28	-198	28
6	396	0	267004236	5	-2	7	-3	2	-1	0	-166	19	198	28	-198	28
6	396	0	267006236	7	-5	12	-4	2	-1	0	-164	18	198	28	-198	28
6	396	0	267008236	8	-4	11	-3	1	-1	0	-163	17	198	28	-198	28
6	396	0	267010232	7	-5	16	-5	3	-1	0	-160	16	198	28	-198	28
6	396	0	267012232	9	-5	16	-5	2	-1	0	-158	15	198	28	-198	28
6	396	0	267014228	11	-6	19	-4	3	-1	0	-155	14	198	28	-198	28
6	396	0	267016232	11	-5	24	-6	4	-1	0	-151	13	198	28	-198	28
6	396	0	267018224	14	-7	29	-7	4	-1	0	-147	12	198	28	-198	28
6	396	0	267020220	16	-7	26	-6	4	-1	0	-143	11	198	28	-198	28
6	396	0	267022220	17	-6	36	-7	6	-2	0	-137	9	198	28	-198	28
6	396	0	267024224	18	-8	34	-7	5	-1	0	-132	8	198	28	-198	28
6	396	0	267026224	20	-7	44	-8	6	-2	0	-126	6	198	28	-198	28
6	396	0	267028220	27	-10	42	-8	7	-1	0	-119	5	198	28	-198	28
6	396	0	267030224	25	-8	53	-10	8	-2	0	-111	3	198	28	-198	28
6	396	0	267032228	27	-10	50	-9	8	-2	0	-103	1	198	28	-198	28
6	396	0	267034232	35	-10	61	-11	9	-2	0	-94	-1	198	28	-198	28
6	396	0	267036228	34	-10	57	-9	9	-2	0	-85	-3	198	28	-198	28
6	396	0	267038236	35	-11	70	-12	11	-2	0	-74	-5	198	28	-198	28
6	396	0	267040240	39	-10	67	-11	10	-3	0	-64	-8	198	28	-198	28
6	396	0	267042244	46	-14	78	-13	13	-2	0	-51	-10	198	28	-198	28
6	396	0	267044244	44	-12	73	-12	11	-3	0	-40	-13	198	28	-198	28
6	396	0	267046252	46	-14	86	-15	14	-3	0	-26	-16	198	28	-198	28
6	396	0	267048252	55	-16	79	-13	13	-2	0	-13	-18	198	28	-198	28
6	396	0	267050256	51	-14	92	-16	14	-3	0	1	-21	198	28	-198	28
6	396	0	267052256	53	-15	85	-14	14	-3	0	15	-24	198	28	-198	28
6	396	0	267054264	55	-15	100	-16	16	-3	0	31	-27	198	28	-198	28
6	396	0	267056260	63	-18	90	-15	15	-4	0	46	-31	198	28	-198	28
6	396	0	267058252	60	-15	105	-16	16	-3	0	62	-34	198	28	-198	28
6	396	0	267060252	60	-13	94	-14	16	-3	0	78	-37	198	28	-198	28
6	396	0	267062248	72	-17	111	-16	18	-3	0	96	-40	198	28	-198	28
6	396	0	267064244	63	-13	100	-13	16	-2	0	112	-42	198	28	-198	28
6	396	0	267066240	67	-13	117	-15	19	-3	0	131	-45	198	28	-198	28
6	396	0	267068236	68	-12	105	-12	17	-3	0	148	-48	198	28	-198	28
6	396	0	267070232	78	-13	106	-12	19	-2	0	167	-50	198	28	-198	28
6	396	0	267072224	72	-11	125	-11	19	-2	0	186	-52	198	28	-198	28
6	396	0	267074232	73	-10	112	-10	19	-2	0	205	-54	198	28	-198	28
6	396	0	267076228	75	-9	132	-10	20	-2	0	225	-56	198	28	-198	28
6	396	0	267078228	87	-9	117	-9	21	-2	0	246	-58	198	28	-198	28
6	396	0	267080228	79	-8	139	-8	22	-2	0	268	-60	198	28	-198	28
6	396	0	267082228	81	-7	124	-7	20	-1	0	288	-61	198	28	-198	28
6	396	0	267084220	83	-6	146	-7	23	-1	0	311	-62	198	28	-198	28
6	396	0	267086232	96	-6	131	-6	23	-2	0	334	-64	198	28	-198	28
6	396	0	267088228	89	-6	154	-7	24	-1	0	358	-65	198	28	-198	28
6	396	0	267090224	90	-5	140	-6	23	-1	0	381	-66	198	28	-198	28
6	396	0	267092228	104	-7	162	-6	27	-1	0	408	-67	198	28	-198	28
6	396	0	267094220	95	-5	145	-5	24	-1	0	432	-68	198	28	-198	28
6	396	0	267096216	97	-5	170	-6	26	-1	0	458	-69	198	28	-198	28
6	396	0	267098216	99	-3	152	-5	25	-1	0	483	-70	198	28	-198	28
6	396	0	267100216	114	-5	176	-7	29	-1	0	512	-71	198	28	-198	28
6	396	0	267102220	102	-4	155	-5	26	-1	0	538	-72	198	28	-198	28
6	396	0	267104220	105	-4	179	-6	29	-1	0	567	-73	198	28	-198	28
6	396	0	267106212	105	-4	157	-5	26	-1	0	593	-74	198	28	-198	28
6	396	0	267108220	119	-3	180	-5	30	-1	0	623	-75	198	28	-198	28
6	396	0	267110212	106	-2	156	-4	26	-1	0	649	-76	198	28	-198	28
6	396	0	267112200	105	-2	179	-3	28	0	0	677	-76	198	28	-198	28
6	396	0	267114212	119	-1	155	-4	28	-1	0	705	-77	198	28	-198	28
6	396	0	267116196	104	-2	175	-3	28	0	0	733	-77	198	28	-198	28
6	396	0	267118192	102	0	149	-2	25	0	0	758	-77	198	28	-198	28
6	396	0	267120208	100	0	167	-3	26	-1	0	784	-78	198	28	-198	28
6	396	0	267122192	111	0	143	-1	26	0	0	810	-78	198	28	-198	28
6	396	0	267124196	95	0	157	-1	25	0	0	835	-78	198	28	-198	28
6	396	0	267126192	92	2	135	0	23	0	0	858	-78	198	28	-198	28
6	396	0	267128200	101	1	148	0	25	0	0	883	-78	198	28	-198	28
6	396	0	267130192	85	3	124	0	20	0	0	903	-78	198	28	-198	28
6	396	0	267132192	81	1	135	0	22	0	0	925	-78	198	28	-198	28
6	396	0	267134196	79	3	113	0	19	0	0	944	-78	198	28	-198	28
6	396	0	267136196	84	1	124	0	21	0	0	965	-78	198	28	-198	28
6	396	0	267138208	70	2	103	1	17	1	0	982	-77	198	28	-198	28
6	396	0	267140196	66	2	111	2	18	0	0	1000	-77	198	28	-198	28
6	396	0	267142196	64	1	91	0	16	0	0	1016	-77	198	28	-198	28
6	396	0	267144184	66	1	99	1	16	0	0	1032	-77	198	28	-198	28
6	396	0	267146152	55	0	82	0	14	0	0	1046	-77	198	28	-198	28
6	396	0	267148184	52	1	89	0	14	0	0	1060	-77	198	28	-198	28
6	396	0	267150152	55	0	73	0	13	0	0	1073	-77	198	28	-198	28
6	396	0	267152156	45	0	78	0	12	0	0	1085	-77	198	28	-198	28
6	396	0	267154160	42	0	67	0	11	0	0	1096	-77	198	28	-198	28
6	396	0	267156164	38	0	70	0	11	0	0	1107	-77	198	28	-198	28
6	396	0	267158156	40	0	58	0	9	0	0	1116	-77	198	28	-198	28
6	396	0	267160152	33	0	64	0	10	0	0	1126	-77	198	28	-198	28
6	396	0	267162156	30	0	51	0	8	0	0	1134	-77	198	28	-198	28
6	396	0	267164184	27	-1	57	0	9	0	0	1143	-77	198	28	-198	28
6	396	0	267166180	28	-2	45	-2	7	0	0	1150	-77	198	28	-198	28
6	396	0	267168184	22	0	47	-1	7	0	0	1157	-77	198	28	-198	28
6	396	0	267170192	19	-1	39	-1	6	0	0	1163	-77	198	28	-198	28
6	396	0	267172200	19	-1	40	0	6	0	0	1169	-77	198	28	-198	28
6	396	0	267174200	15	-1	31	-1	4	0	0	1173	-77	198	28	-198	28
6	396	0	267176192	12	0	31	-2	4	0	0	1177	-77	198	28	-198	28
6	396	0	267178188	12	-2	25	0	4	0	0	1181	-77	198	28	-198	28
6	396	0	267180184	10	-1	25	-1	4	0	0	1185	-77	198	28	-198	28
6	396	0	267182164	7	0	20	0	2	0	0	1187	-77	198	28	-198	28
6	396	0	267184196	5	-1	19	-1	3	0	0	1190	-77	198	28	-198	28
6	396	0	267186160	6	0	14	0	2	0	0	1192	-77	198	28	-198	28
6	396	0	267188204	4	-1	12	-1	1	-1	0	1193	-78	198	28	-198	28
6	396	0	267190160	3	0	10	0	2	0	0	1195	-78	198	28	-198	28
6	396	0	267192192	2	0	9	-2	1	0	0	1196	-78	198	28	-198	28
6	396	0	267194152	1	0	5	0	0	0	1	1196	-78	198	28	-198	28
7	396	0	267196164	0	0	4	0	1	0	1	199	28	198	28	-198	28
7	396	0	267198152	2	0	2	0	0	0	1	199	28	198	28	-198	28
7	396	0	267200152	0	0	2	0	0	0	1	199	28	198	28	-198	28
7	-380	-111	267260216	-1	-2	0	0	0	0	1	199	28	-182	-83	198	28
7	-380	-111	267264152	0	0	0	0	0	0	0	199	28	-182	-83	198	28
7	-380	-111	267270188	0	0	0	-1	0	0	0	199	28	-182	-83	198	28
7	-380	-111	267272176	0	0	-1	0	0	0	0	199	28	-182	-83	198	28
7	-380	-111	267274172	0	-1	0	0	0	0	0	199	28	-182	-83	198	28
7	-380	-111	267276192	0	0	-1	-1	0	0	0	199	28	-182	-83	198	28
7	-380	-111	267278212	-1	-1	-1	-1	0	-1	0	199	27	-182	-83	198	28
7	-380	-111	267280192	-3	-3	-4	-3	0	0	0	199	27	-182	-83	198	28
7	-380	-111	267282224	-3	-3	-4	-2	-1	-1	0	198	26	-182	-83	198	28
7	-380	-111	267284224	-4	-5	-7	-5	-1	-1	0	197	25	-182	-83	198	28
7	-380	-111	267286224	-6	-7	-9	-4	-1	-1	0	196	24	-182	-83	198	28
7	-380	-111	267288220	-9	-6	-11	-8	-2	-1	0	194	23	-182	-83	198	28
7	-380	-111	267290224	-10	-7	-14	-7	-3	-2	0	191	21	-182	-83	198	28
7	-380	-111	267292224	-11	-10	-20	-9	-3	-1	0	188	20	-182	-83	198	28
7	-380	-111	267294216	-17	-13	-20	-10	-3	-3	0	185	17	-182	-83	198	28
7	-380	-111	267296212	-17	-12	-27	-12	-5	-2	0	180	15	-182	-83	198	28
7	-380	-111	267298220	-20	-14	-28	-13	-5	-3	0	175	12	-182	-83	198	28
7	-380	-111	267300228	-23	-16	-37	-15	-6	-3	0	169	9	-182	-83	198	28
7	-380	-111	267302224	-30	-20	-38	-16	-6	-4	0	163	5	-182	-83	198	28
7	-380	-111	267304224	-30	-19	-49	-20	-8	-3	0	155	2	-182	-83	198	28
7	-380	-111	267306216	-33	-21	-47	-19	-8	-4	0	147	-2	-182	-83	198	28
7	-380	-111	267308224	-43	-27	-61	-24	-11	-6	0	136	-8	-182	-83	198	28
7	-380	-111	267310224	-41	-25	-60	-22	-10	-4	0	126	-12	-182	-83	198	28
7	-380	-111	267312224	-46	-26	-74	-29	-12	-6	0	114	-18	-182	-83	198	28
7	-380	-111	267314224	-49	-27	-71	-26	-12	-5	0	102	-23	-182	-83	198	28
7	-380	-111	267316224	-61	-34	-88	-31	-15	-7	0	87	-30	-182	-83	198	28
7	-380	-111	267318224	-59	-31	-82	-30	-14	-6	0	73	-36	-182	-83	198	28
7	-380	-111	267320216	-63	-34	-102	-35	-16	-7	0	57	-43	-182	-83	198	28
7	-380	-111	267322212	-76	-40	-93	-33	-17	-7	0	40	-50	-182	-83	198	28
7	-380	-111	267324212	-72	-38	-115	-40	-19	-8	0	21	-58	-182	-83	198	28
7	-380	-111	267326208	-78	-38	-105	-36	-18	-7	0	3	-65	-182	-83	198	28
7	-380	-111	267328204	-82	-40	-128	-44	-21	-8	0	-18	-73	-182	-83	198	28
7	-380	-111	267330204	-99	-49	-119	-40	-22	-9	0	-40	-82	-182	-83	198	28
7	-380	-111	267332208	-93	-44	-141	-46	-23	-9	0	-63	-91	-182	-83	198	28
7	-380	-111	267334208	-97	-45	-129	-44	-23	-9	0	-86	-100	-182	-83	198	28
7	-380	-111	267336216	-101	-47	-153	-50	-25	-10	0	-111	-110	-182	-83	198	28
7	-380	-111	267338208	-119	-54	-140	-45	-26	-10	0	-137	-120	-182	-83	198	28
7	-380	-111	267340212	-110	-50	-167	-54	-28	-10	0	-165	-130	-182	-83	198	28
7	-380	-111	267342220	-114	-50	-150	-47	-26	-10	0	-191	-140	-182	-83	198	28
7	-380	-111	267344212	-131	-58	-176	-56	-31	-11	0	-222	-151	-182	-83	198	28
7	-380	-111	267346220	-121	-52	-159	-49	-28	-10	0	-250	-161	-182	-83	198	28
7	-380	-111	267348224	-123	-51	-185	-58	-31	-11	0	-281	-172	-182	-83	198	28
7	-380	-111	267350220	-126	-53	-166	-50	-29	-11	0	-310	-183	-182	-83	198	28
7	-380	-111	267352216	-143	-59	-191	-58	-33	-11	0	-343	-194	-182	-83	198	28
7	-380	-111	267354212	-128	-52	-171	-50	-30	-11	0	-373	-205	-182	-83	198	28
7	-380	-111	267356208	-130	-53	-197	-59	-33	-11	0	-406	-216	-182	-83	198	28
7	-380	-111	267358200	-130	-52	-172	-51	-30	-10	0	-436	-226	-182	-83	198	28
7	-380	-111	267360192	-148	-58	-174	-52	-32	-11	0	-468	-237	-182	-83	198	28
7	-380	-111	267362188	-131	-51	-199	-57	-33	-11	0	-501	-248	-182	-83	198	28
7	-380	-111	267364196	-131	-51	-173	-51	-31	-10	0	-532	-258	-182	-83	198	28
7	-380	-111	267366188	-148	-58	-198	-58	-34	-12	0	-566	-270	-182	-83	198	28
7	-380	-111	267368188	-130	-50	-170	-50	-30	-10	0	-596	-280	-182	-83	198	28
7	-380	-111	267370180	-129	-50	-194	-57	-33	-10	0	-629	-290	-182	-83	198	28
7	-380	-111	267372184	-128	-50	-165	-50	-29	-10	0	-658	-300	-182	-83	198	28
7	-380	-111	267374192	-142	-55	-186	-57	-33	-12	0	-691	-312	-182	-83	198	28
7	-380	-111	267376188	-125	-48	-159	-48	-28	-9	0	-719	-321	-182	-83	198	28
7	-380	-111	267378192	-121	-48	-176	-55	-30	-10	0	-749	-331	-182	-83	198	28
7	-380	-111	267380188	-119	-47	-149	-48	-27	-10	0	-776	-341	-182	-83	198	28
7	-380	-111	267382184	-130	-53	-165	-52	-29	-10	0	-805	-351	-182	-83	198	28
7	-380	-111	267384188	-112	-46	-137	-47	-25	-10	0	-830	-361	-182	-83	198	28
7	-380	-111	267386184	-108	-45	-151	-52	-26	-9	0	-856	-370	-182	-83	198	28
7	-380	-111	267388184	-116	-50	-127	-44	-24	-10	0	-880	-380	-182	-83	198	28
7	-380	-111	267390184	-99	-43	-136	-49	-24	-9	0	-904	-389	-182	-83	198	28
7	-380	-111	267392192	-92	-42	-111	-42	-20	-8	0	-924	-397	-182	-83	198	28
7	-380	-111	267394196	-88	-40	-119	-45	-21	-9	0	-945	-406	-182	-83	198	28
7	-380	-111	267396200	-91	-44	-96	-39	-19	-8	0	-964	-414	-182	-83	198	28
7	-380	-111	267398196	-75	-37	-101	-44	-17	-8	0	-981	-422	-182	-83	198	28
7	-380	-111	267400192	-69	-35	-80	-35	-15	-7	0	-996	-429	-182	-83	198	28
7	-380	-111	267402188	-70	-37	-83	-38	-15	-8	0	-1011	-437	-182	-83	198	28
7	-380	-111	267404188	-55	-31	-64	-32	-12	-6	0	-1023	-443	-182	-83	198	28
7	-380	-111	267406188	-50	-29	-65	-33	-12	-6	0	-1035	-449	-182	-83	198	28
7	-380	-111	267408188	-42	-26	-48	-27	-9	-6	0	-1044	-455	-182	-83	198	28
7	-380	-111	267410196	-41	-25	-48	-28	-9	-5	0	-1053	-460	-182	-83	198	28
7	-380	-111	267412188	-32	-21	-36	-22	-6	-4	0	-1059	-464	-182	-83	198	28
7	-380	-111	267414184	-25	-18	-34	-22	-6	-4	0	-1065	-468	-182	-83	198	28
7	-380	-111	267416188	-23	-17	-25	-18	-5	-4	0	-1070	-472	-182	-83	198	28
7	-380	-111	267418192	-18	-14	-22	-17	-4	-3	0	-1074	-475	-182	-83	198	28
7	-380	-111	267420188	-12	-11	-17	-14	-3	-2	0	-1077	-477	-182	-83	198	28
7	-380	-111	267422192	-10	-10	-12	-12	-2	-3	0	-1079	-480	-182	-83	198	28
7	-380	-111	267424188	-9	-9	-9	-9	-2	-1	0	-1081	-481	-182	-83	198	28
7	-380	-111	267426192	-5	-5	-7	-10	-1	-2	0	-1082	-483	-182	-83	198	28
7	-380	-111	267428192	-4	-5	-4	-5	-1	-1	0	-1083	-484	-182	-83	198	28
7	-380	-111	267430176	-1	-2	-3	-6	0	-1	1	-1083	-485	-182	-83	198	28
8	-380	-111	267432180	-1	-3	-1	-4	-1	0	1	-183	-83	-182	-83	198	28
8	-380	-111	267434156	0	-1	0	-3	0	-1	1	-183	-84	-182	-83	198	28
8	-380	-111	267436144	0	-1	0	-1	0	0	1	-183	-84	-182	-83	198	28
8	-380	-111	267438172	3	0	0	-1	0	0	1	-183	-84	-182	-83	198	28
8	-380	-111	267440144	3	0	2	0	0	0	1	-183	-84	-182	-83	198	28
8	-380	-111	267442148	4	0	2	0	1	0	1	-182	-84	-182	-83	198	28
8	333	214	267444148	6	0	3	0	1	0	1	-181	-84	151	131	-182	-83
8	333	214	267446176	8	1	3	0	1	0	1	-180	-84	151	131	-182	-83
8	333	214	267448168	7	2	4	1	1	0	1	-179	-84	151	131	-182	-83
8	333	214	267450172	9	1	4	3	1	0	1	-178	-84	151	131	-182	-83
8	333	214	267452176	10	2	5	1	2	0	1	-176	-84	151	131	-182	-83
8	333	214	267454184	11	3	6	3	1	1	1	-175	-83	151	131	-182	-83
8	333	214	267456168	10	4	5	2	2	0	1	-173	-83	151	131	-182	-83
8	333	214	267458180	13	2	6	4	2	1	1	-171	-82	151	131	-182	-83
8	333	214	267460164	12	3	7	2	2	0	1	-169	-82	151	131	-182	-83
8	333	214	267462172	13	3	7	3	2	1	1	-167	-81	151	131	-182	-83
8	333	214	267464160	11	3	6	2	1	0	1	-166	-81	151	131	-182	-83
8	333	214	267466164	13	2	8	4	2	1	1	-164	-80	151	131	-182	-83
8	333	214	267468172	11	4	6	3	2	1	1	-162	-79	151	131	-182	-83
8	333	214	267470160	10	3	6	3	2	0	1	-160	-79	151	131	-182	-83
8	333	214	267472168	10	2	7	3	1	1	1	-159	-78	151	131	-182	-83
8	333	214	267474152	7	3	6	2	2	0	1	-157	-78	151	131	-182	-83
8	333	214	267476164	8	2	5	3	1	1	1	-156	-77	151	131	-182	-83
8	333	214	267478152	6	1	4	2	1	0	1	-155	-77	151	131	-182	-83
8	333	214	267480168	4	2	3	3	1	1	1	-154	-76	151	131	-182	-83
8	333	214	267482156	4	1	4	1	1	0	1	-153	-76	151	131	-182	-83
8	333	214	267484144	3	1	3	1	0	0	1	-153	-76	151	131	-182	-83
8	333	214	267486160	2	0	2	2	1	0	1	-152	-76	151	131	-182	-83
8	333	214	267488152	1	1	3	1	0	0	1	-152	-76	151	131	-182	-83
8	333	214	267490128	1	0	1	0	0	0	1	-152	-76	151	131	-182	-83
8	333	214	267492172	1	0	0	1	0	1	1	-152	-75	151	131	-182	-83
8	333	214	267494128	0	0	1	0	0	0	1	-152	-75	151	131	-182	-83
8	333	214	267504148	2	0	1	0	1	0	1	-151	-75	151	131	-182	-83
8	333	214	267506140	0	2	0	0	0	0	1	-151	-75	151	131	-182	-83
8	333	214	267508164	1	0	2	1	0	0	1	-151	-75	151	131	-182	-83
8	333	214	267510160	2	1	3	0	0	0	0	-151	-75	151	131	-182	-83
8	333	214	267512172	4	2	4	3	1	0	0	-150	-75	151	131	-182	-83
8	333	214	267514188	5	3	6	1	1	1	0	-149	-74	151	131	-182	-83
8	333	214	267516180	6	2	9	4	2	0	0	-147	-74	151	131	-182	-83
8	333	214	267518196	9	5	11	4	2	1	0	-145	-73	151	131	-182	-83
8	333	214	267520192	10	5	14	3	2	1	0	-143	-72	151	131	-182	-83
8	333	214	267522196	13	7	19	7	3	2	0	-140	-70	151	131	-182	-83
8	333	214	267524196	16	8	19	7	4	1	0	-136	-69	151	131	-182	-83
8	333	214	267526196	19	9	26	9	4	2	0	-132	-67	151	131	-182	-83
8	333	214	267528196	20	10	27	9	5	2	0	-127	-65	151	131	-182	-83
8	333	214	267530188	22	13	35	12	6	2	0	-121	-63	151	131	-182	-83
8	333	214	267532188	30	16	35	13	6	3	0	-115	-60	151	131	-182	-83
8	333	214	267534188	30	16	45	16	8	3	0	-107	-57	151	131	-182	-83
8	333	214	267536184	34	19	45	16	8	4	0	-99	-53	151	131	-182	-83
8	333	214	267538184	41	22	57	21	10	4	0	-89	-49	151	131	-182	-83
8	333	214	267540184	40	23	55	20	9	4	0	-80	-45	151	131	-182	-83
8	333	214	267542184	44	24	67	25	11	5	0	-69	-40	151	131	-182	-83
8	333	214	267544188	47	26	65	24	11	5	0	-58	-35	151	131	-182	-83
8	333	214	267546192	58	32	79	30	14	7	0	-44	-28	151	131	-182	-83
8	333	214	267548188	54	32	75	28	13	6	0	-31	-22	151	131	-182	-83
8	333	214	267550184	58	32	89	35	15	6	0	-16	-16	151	131	-182	-83
8	333	214	267552180	62	35	83	31	14	7	0	-2	-9	151	131	-182	-83
8	333	214	267554180	73	43	100	40	17	8	0	15	-1	151	131	-182	-83
8	333	214	267556180	70	38	93	36	17	8	0	32	7	151	131	-182	-83
8	333	214	267558176	74	43	110	44	18	8	0	50	15	151	131	-182	-83
8	333	214	267560176	79	45	101	41	18	9	0	68	24	151	131	-182	-83
8	333	214	267562172	92	52	120	50	21	10	0	89	34	151	131	-182	-83
8	333	214	267564172	88	50	110	46	20	10	0	109	44	151	131	-182	-83
8	333	214	267566176	91	53	129	57	22	11	0	131	55	151	131	-182	-83
8	333	214	267568172	108	64	116	51	23	11	0	154	66	151	131	-182	-83
8	333	214	267570160	100	58	138	62	23	12	0	177	78	151	131	-182	-83
8	333	214	267572156	103	62	122	57	23	12	0	200	90	151	131	-182	-83
8	333	214	267574156	109	65	145	68	25	13	0	225	103	151	131	-182	-83
8	333	214	267576156	126	76	129	63	26	14	0	251	117	151	131	-182	-83
8	333	214	267578156	115	72	150	76	26	15	0	277	132	151	131	-182	-83
8	333	214	267580156	119	75	134	69	26	14	0	303	146	151	131	-182	-83
8	333	214	267582156	138	89	153	84	29	18	0	332	164	151	131	-182	-83
8	333	214	267584156	125	83	137	75	26	16	0	358	180	151	131	-182	-83
8	333	214	267586156	127	85	157	91	28	17	0	386	197	151	131	-182	-83
8	333	214	267588156	130	88	136	82	27	17	0	413	214	151	131	-182	-83
8	333	214	267590156	148	105	158	98	30	20	0	443	234	151	131	-182	-83
8	333	214	267592152	132	97	136	89	27	19	0	470	253	151	131	-182	-83
8	333	214	267594148	134	98	154	105	29	20	0	499	273	151	131	-182	-83
8	333	214	267596152	134	103	134	95	27	20	0	526	293	151	131	-182	-83
8	333	214	267598160	151	116	151	111	30	23	0	556	316	151	131	-182	-83
8	333	214	267600160	134	106	130	99	26	20	0	582	336	151	131	-182	-83
8	333	214	267602164	132	109	145	116	28	23	0	610	359	151	131	-182	-83
8	333	214	267604164	149	123	125	104	28	23	0	638	382	151	131	-182	-83
8	333	214	267606164	130	111	140	120	27	23	0	665	405	151	131	-182	-83
8	333	214	267608160	129	111	119	105	24	21	0	689	426	151	131	-182	-83
8	333	214	267610156	126	110	131	121	26	23	0	715	449	151	131	-182	-83
8	333	214	267612148	139	125	111	105	25	23	0	740	472	151	131	-182	-83
8	333	214	267614144	121	109	124	120	25	23	0	765	495	151	131	-182	-83
8	333	214	267616144	117	107	105	104	22	21	0	787	516	151	131	-182	-83
8	333	214	267618140	114	105	115	116	23	22	0	810	538	151	131	-182	-83
8	333	214	267620140	123	115	96	99	22	22	0	832	560	151	131	-182	-83
8	333	214	267622140	103	99	108	111	21	21	0	853	581	151	131	-182	-83
8	333	214	267624144	100	95	88	94	18	19	0	871	600	151	131	-182	-83
8	333	214	267626136	107	103	99	103	21	20	0	892	620	151	131	-182	-83
8	333	214	267628140	88	86	83	87	17	18	0	909	638	151	131	-182	-83
8	333	214	267630140	84	82	90	95	18	17	0	927	655	151	131	-182	-83
8	333	214	267632136	79	78	75	78	15	16	0	942	671	151	131	-182	-83
8	333	214	267634136	81	82	82	85	16	17	0	958	688	151	131	-182	-83
8	333	214	267636136	68	69	69	70	14	14	0	972	702	151	131	-182	-83
8	333	214	267638136	62	64	74	75	14	13	0	986	715	151	131	-182	-83
8	333	214	267640132	58	60	61	62	11	13	0	997	728	151	131	-182	-83
8	333	214	267642132	58	61	66	65	13	12	0	1010	740	151	131	-182	-83
8	333	214	267644132	47	50	55	52	10	10	0	1020	730	151	131	-182	-83
8	333	214	267646132	42	46	59	55	10	11	0	1030	741	151	131	-182	-83
8	333	214	267648132	41	48	47	44	9	9	0	1039	750	151	131	-182	-83
8	333	214	267650128	34	37	50	46	8	8	0	1047	758	151	131	-182	-83
8	333	214	267652128	30	34	42	36	8	7	0	1055	765	151	131	-182	-83
8	333	214	267654120	25	31	41	38	6	7	0	1061	772	151	131	-182	-83
8	333	214	267656120	25	30	34	30	6	6	0	1067	778	151	131	-182	-83
8	333	214	267658120	19	24	35	29	5	5	0	1072	783	151	131	-182	-83
8	333	214	267660124	16	20	26	23	5	5	0	1077	788	151	131	-182	-83
8	333	214	267662124	15	20	26	23	4	4	0	1081	792	151	131	-182	-83
8	333	214	267664128	11	15	20	17	3	3	0	1084	795	151	131	-182	-83
8	333	214	267666128	8	11	20	18	3	3	0	1087	723	151	131	-182	-83
8	333	214	267668124	7	12	15	12	2	2	0	1089	725	151	131	-182	-83
8	333	214	267670120	5	8	14	12	2	2	0	1091	727	151	131	-182	-83
8	333	214	267672120	3	8	10	8	1	2	0	1092	729	151	131	-182	-83
8	333	214	267674116	1	5	7	8	1	1	0	1093	730	151	131	-182	-83
8	333	214	267676120	0	4	8	6	1	1	0	1094	721	151	131	-182	-83
8	333	214	267678100	0	3	4	5	0	1	0	1094	722	151	131	-182	-83
8	333	214	267680116	-2	3	3	4	0	1	0	1094	723	151	131	-182	-83
8	333	214	267682100	-3	1	2	2	0	0	0	1094	723	151	131	-182	-83
8	333	214	267684096	-4	1	1	3	0	0	0	1094	723	151	131	-182	-83
8	333	214	267686108	-4	2	0	1	0	1	0	1094	724	151	131	-182	-83
8	333	214	267688096	-5	1	0	1	0	0	0	1094	724	151	131	-182	-83
8	333	214	267690108	-4	1	0	0	-1	0	0	1093	724	151	131	-182	-83
8	333	214	267692092	-5	0	-2	2	0	0	1	1093	724	151	131	-182	-83
9	-259	-299	267694112	-5	1	-1	0	-1	0	1	150	131	-108	-168	151	131
9	-259	-299	267696104	-3	2	-1	1	0	1	1	150	132	-108	-168	151	131
9	-259	-299	267698108	-5	1	-1	0	-1	0	1	149	132	-108	-168	151	131
9	-259	-299	267700096	-4	0	-2	1	0	0	1	149	132	-108	-168	151	131
9	-259	-299	267702088	-4	0	-1	0	-1	0	1	148	132	-108	-168	151	131
9	-259	-299	267704096	-2	1	-1	0	0	0	1	148	132	-108	-168	151	131
9	-259	-299	267706080	-3	0	-1	0	-1	0	1	147	132	-108	-168	151	131
9	-259	-299	267708088	-2	0	0	1	0	0	1	147	132	-108	-168	151	131
9	-259	-299	267710060	-2	0	-2	0	0	0	1	147	132	-108	-168	151	131
9	-259	-299	267712060	-2	0	0	0	0	0	1	147	132	-108	-168	151	131
9	-259	-299	267714080	0	0	-1	0	-1	0	1	146	132	-108	-168	151	131
9	-259	-299	267716072	-1	0	0	0	0	0	1	146	132	-108	-168	151	131
9	-259	-299	267720080	0	0	-1	0	0	0	1	146	132	-108	-168	151	131
9	-259	-299	267726088	0	-2	0	-1	0	0	1	146	132	-108	-168	151	131
9	-259	-299	267728116	0	-3	-1	-4	0	0	1	146	132	-108	-168	151	131
9	-259	-299	267730124	-2	-4	0	-4	0	-1	1	146	131	-108	-168	151	131
9	-259	-299	267732132	-1	-6	-2	-6	0	-1	1	146	130	-108	-168	151	131
9	-259	-299	267734148	-1	-8	-1	-5	-1	-1	1	145	129	-108	-168	151	131
9	-259	-299	267736132	-3	-7	-1	-9	0	-2	1	145	127	-108	-168	151	131
9	-259	-299	267738136	-2	-10	-1	-8	0	-2	1	145	125	-108	-168	151	131
9	-259	-299	267740136	-4	-10	-3	-10	-1	-2	1	144	123	-108	-168	151	131
9	-259	-299	267742136	-4	-14	-2	-12	-1	-2	1	143	121	-108	-168	151	131
9	-259	-299	267744120	-5	-14	-3	-13	0	-3	1	143	118	-108	-168	151	131
9	-259	-299	267746136	-6	-16	-2	-14	-1	-3	1	142	115	-108	-168	151	131
9	-259	-299	267748132	-7	-20	-4	-18	-1	-4	0	141	111	-108	-168	151	131
9	-259	-299	267750128	-8	-19	-4	-17	-1	-3	0	140	108	-108	-168	151	131
9	-259	-299	267752124	-9	-22	-4	-23	-2	-5	0	138	103	-108	-168	151	131
9	-259	-299	267754120	-11	-24	-5	-21	-1	-4	0	137	99	-108	-168	151	131
9	-259	-299	267756120	-14	-29	-6	-27	-2	-6	0	135	93	-108	-168	151	131
9	-259	-299	267758120	-13	-27	-5	-25	-2	-5	0	133	88	-108	-168	151	131
9	-259	-299	267760124	-15	-30	-7	-33	-2	-6	0	131	82	-108	-168	151	131
9	-259	-299	267762124	-18	-33	-8	-30	-3	-7	0	128	75	-108	-168	151	131
9	-259	-299	267764136	-21	-37	-10	-36	-3	-7	0	125	68	-108	-168	151	131
9	-259	-299	267766140	-21	-38	-10	-35	-3	-7	0	122	61	-108	-168	151	131
9	-259	-299	267768136	-24	-39	-14	-43	-4	-9	0	118	52	-108	-168	151	131
9	-259	-299	267770144	-30	-47	-12	-38	-4	-8	0	114	44	-108	-168	151	131
9	-259	-299	267772140	-28	-46	-16	-49	-5	-10	0	109	34	-108	-168	151	131
9	-259	-299	267774144	-31	-49	-17	-45	-4	-9	0	105	25	-108	-168	151	131
9	-259	-299	267776140	-32	-51	-21	-56	-6	-11	0	99	14	-108	-168	151	131
9	-259	-299	267778144	-40	-63	-20	-53	-6	-11	0	93	3	-108	-168	151	131
9	-259	-299	267780144	-39	-59	-26	-62	-6	-12	0	87	-9	-108	-168	151	131
9	-259	-299	267782136	-41	-62	-26	-59	-7	-12	0	80	-21	-108	-168	151	131
9	-259	-299	267784136	-50	-75	-33	-71	-8	-15	0	72	-36	-108	-168	151	131
9	-259	-299	267786136	-48	-70	-31	-67	-8	-14	0	64	-50	-108	-168	151	131
9	-259	-299	267788136	-50	-74	-40	-78	-9	-15	0	55	-65	-108	-168	151	131
9	-259	-299	267790136	-52	-76	-39	-74	-9	-15	0	46	-80	-108	-168	151	131
9	-259	-299	267792136	-64	-93	-49	-88	-11	-18	0	35	-98	-108	-168	151	131
9	-259	-299	267794140	-60	-85	-45	-80	-11	-17	0	24	-115	-108	-168	151	131
9	-259	-299	267796132	-63	-88	-57	-96	-12	-18	0	12	-133	-108	-168	151	131
9	-259	-299	267798140	-75	-104	-54	-87	-13	-19	0	-1	-152	-108	-168	151	131
9	-259	-299	267800136	-71	-95	-65	-104	-13	-20	0	-14	-172	-108	-168	151	131
9	-259	-299	267802132	-74	-99	-61	-94	-14	-19	0	-28	-191	-108	-168	151	131
9	-259	-299	267804136	-76	-101	-74	-110	-15	-21	0	-43	-212	-108	-168	151	131
9	-259	-299	267806140	-91	-116	-67	-99	-16	-22	0	-59	-234	-108	-168	151	131
9	-259	-299	267808148	-84	-108	-82	-115	-16	-22	0	-75	-256	-108	-168	151	131
9	-259	-299	267810152	-86	-107	-73	-102	-16	-21	0	-91	-277	-108	-168	151	131
9	-259	-299	267812156	-100	-124	-88	-120	-19	-24	0	-110	-301	-108	-168	151	131
9	-259	-299	267814152	-91	-111	-80	-106	-17	-22	0	-127	-323	-108	-168	151	131
9	-259	-299	267816156	-94	-112	-94	-123	-19	-24	0	-146	-347	-108	-168	151	131
9	-259	-299	267818164	-95	-112	-83	-109	-18	-22	0	-164	-369	-108	-168	151	131
9	-259	-299	267820168	-109	-128	-97	-123	-20	-25	0	-184	-394	-108	-168	151	131
9	-259	-299	267822168	-97	-111	-86	-109	-19	-22	0	-203	-416	-108	-168	151	131
9	-259	-299	267824172	-99	-112	-99	-125	-19	-24	0	-222	-440	-108	-168	151	131
9	-259	-299	267826156	-110	-125	-86	-108	-20	-23	0	-242	-463	-108	-168	151	131
9	-259	-299	267828156	-98	-110	-99	-123	-20	-23	0	-262	-486	-108	-168	151	131
9	-259	-299	267830160	-96	-109	-85	-107	-18	-22	0	-280	-508	-108	-168	151	131
9	-259	-299	267832156	-95	-108	-96	-121	-19	-23	0	-299	-531	-108	-168	151	131
9	-259	-299	267834164	-105	-118	-81	-104	-19	-22	0	-318	-553	-108	-168	151	131
9	-259	-299	267836160	-91	-103	-91	-116	-18	-22	0	-336	-575	-108	-168	151	131
9	-259	-299	267838164	-89	-101	-78	-100	-16	-20	0	-352	-595	-108	-168	151	131
9	-259	-299	267840168	-86	-100	-86	-112	-18	-21	0	-370	-616	-108	-168	151	131
9	-259	-299	267842172	-94	-109	-73	-97	-16	-21	0	-386	-637	-108	-168	151	131
9	-259	-299	267844172	-80	-94	-78	-106	-16	-20	0	-402	-657	-108	-168	151	131
9	-259	-299	267846168	-77	-92	-75	-105	-15	-19	0	-417	-676	-108	-168	151	131
9	-259	-299	267848168	-83	-100	-62	-89	-15	-19	0	-432	-695	-108	-168	151	131
9	-259	-299	267850164	-71	-85	-57	-86	-13	-17	0	-445	-712	-108	-168	151	131
9	-259	-299	267852172	-66	-84	-63	-95	-13	-18	0	-458	-730	-108	-168	151	131
9	-259	-299	267854164	-63	-80	-51	-80	-11	-16	0	-469	-746	-108	-168	151	131
9	-259	-299	267856168	-66	-86	-54	-89	-12	-18	0	-481	-764	-108	-168	151	131
9	-259	-299	267858172	-54	-75	-43	-75	-10	-15	0	-491	-779	-108	-168	151	131
9	-259	-299	267860168	-51	-71	-45	-82	-9	-15	0	-500	-794	-108	-168	151	131
9	-259	-299	267862168	-54	-77	-37	-69	-9	-15	0	-509	-809	-108	-168	151	131
9	-259	-299	267864168	-42	-66	-37	-75	-8	-14	0	-517	-823	-108	-168	151	131
9	-259	-299	267866168	-40	-62	-30	-64	-7	-12	0	-524	-732	-108	-168	151	131
9	-259	-299	267868164	-37	-60	-30	-67	-7	-13	0	-531	-745	-108	-168	151	131
9	-259	-299	267870160	-37	-64	-24	-58	-6	-12	0	-537	-757	-108	-168	151	131
9	-259	-299	267872160	-30	-54	-24	-62	-5	-12	0	-542	-769	-108	-168	151	131
9	-259	-299	267874160	-26	-51	-18	-53	-5	-10	0	-547	-779	-108	-168	151	131
9	-259	-299	267876160	-25	-48	-19	-55	-4	-11	0	-551	-731	-108	-168	151	131
9	-259	-299	267878160	-24	-51	-15	-46	-4	-9	0	-555	-740	-108	-168	151	131
9	-259	-299	267880160	-20	-41	-15	-49	-4	-9	0	-559	-749	-108	-168	151	131
9	-259	-299	267882152	-16	-40	-11	-40	-2	-8	0	-561	-757	-108	-168	151	131
9	-259	-299	267884156	-17	-40	-12	-42	-3	-8	0	-564	-765	-108	-168	151	131
9	-259	-299	267886160	-13	-34	-8	-34	-2	-7	0	-566	-772	-108	-168	151	131
9	-259	-299	267888156	-10	-30	-10	-36	-2	-7	0	-568	-779	-108	-168	151	131
9	-259	-299	267890160	-10	-26	-7	-29	-2	-5	0	-570	-784	-108	-168	151	131
9	-259	-299	267892164	-9	-28	-7	-29	-2	-6	0	-572	-790	-108	-168	151	131
9	-259	-299	267894168	-6	-21	-5	-22	-1	-4	0	-573	-724	-108	-168	151	131
9	-259	-299	267896176	-7	-19	-6	-24	-1	-5	0	-574	-729	-108	-168	151	131
9	-259	-299	267898172	-5	-17	-4	-17	-1	-3	0	-575	-732	-108	-168	151	131
9	-259	-299	267900168	-2	-14	-4	-17	-1	-3	0	-576	-735	-108	-168	151	131
9	-259	-299	267902156	-4	-11	-4	-13	0	-3	0	-576	-738	-108	-168	151	131
9	-259	-299	267904172	-2	-10	-2	-12	-1	-2	1	-577	-740	-108	-168	151	131
10	-259	-299	267906156	-2	-8	-3	-10	0	-2	1	-108	-170	-108	-168	151	131
10	-259	-299	267908164	-1	-6	-2	-7	-1	-1	1	-109	-171	-108	-168	151	131
10	164	360	267910152	0	-4	-3	-6	0	-1	1	-109	-172	56	192	-108	-168
10	164	360	267912140	-1	-3	-1	-5	0	-1	1	-109	-173	56	192	-108	-168
10	164	360	267914132	0	-3	-1	-3	0	0	1	-109	-173	56	192	-108	-168
10	164	360	267916152	0	-1	-1	-2	0	-1	1	-109	-174	56	192	-108	-168
10	164	360	267918108	0	-1	0	-3	0	0	1	-109	-174	56	192	-108	-168
10	164	360	267920140	0	0	-2	-1	0	0	1	-109	-174	56	192	-108	-168
10	164	360	267982084	0	0	0	0	0	0	0	-109	-174	56	192	-108	-168
10	164	360	267984120	0	0	1	0	0	0	0	-109	-174	56	192	-108	-168
10	164	360	267986144	2	3	1	1	0	0	0	-109	-174	56	192	-108	-168
10	164	360	267988136	1	3	1	4	0	0	0	-109	-174	56	192	-108	-168
10	164	360	267990152	1	5	4	5	0	1	0	-109	-173	56	192	-108	-168
10	164	360	267992172	4	9	5	6	1	2	0	-108	-171	56	192	-108	-168
10	164	360	267994152	4	9	5	9	0	1	0	-108	-170	56	192	-108	-168
10	164	360	267996168	5	12	9	11	2	3	0	-106	-167	56	192	-108	-168
10	164	360	267998160	6	13	10	12	1	2	0	-105	-165	56	192	-108	-168
10	164	360	268000156	9	19	13	16	3	4	0	-102	-161	56	192	-108	-168
10	164	360	268002164	10	18	15	16	2	3	0	-100	-158	56	192	-108	-168
10	164	360	268004168	11	22	19	23	3	5	0	-97	-153	56	192	-108	-168
10	164	360	268006168	15	27	20	21	4	4	0	-93	-149	56	192	-108	-168
10	164	360	268008168	16	28	26	26	4	6	0	-89	-143	56	192	-108	-168
10	164	360	268010168	18	30	27	26	4	5	0	-85	-138	56	192	-108	-168
10	164	360	268012168	21	32	33	34	6	7	0	-79	-131	56	192	-108	-168
10	164	360	268014168	26	41	33	33	6	7	0	-73	-124	56	192	-108	-168
10	164	360	268016168	26	40	42	41	6	8	0	-67	-116	56	192	-108	-168
10	164	360	268018164	29	43	40	39	7	9	0	-60	-107	56	192	-108	-168
10	164	360	268020164	38	50	49	47	9	9	0	-51	-98	56	192	-108	-168
10	164	360	268022172	36	49	46	45	8	10	0	-43	-88	56	192	-108	-168
10	164	360	268024180	40	51	57	55	10	10	0	-33	-78	56	192	-108	-168
10	164	360	268026176	44	55	51	51	9	11	0	-24	-67	56	192	-108	-168
10	164	360	268028184	53	65	61	62	12	13	0	-12	-54	56	192	-108	-168
10	164	360	268030184	52	61	56	57	11	11	0	-1	-43	56	192	-108	-168
10	164	360	268032188	56	65	67	69	12	14	0	11	-29	56	192	-108	-168
10	164	360	268034188	67	76	58	64	12	14	0	23	-15	56	192	-108	-168
10	164	360	268036184	65	74	69	77	14	15	0	37	0	56	192	-108	-168
10	164	360	268038184	68	76	63	73	13	15	0	50	15	56	192	-108	-168
10	164	360	268040180	74	80	71	86	14	16	0	64	31	56	192	-108	-168
10	164	360	268042176	86	95	62	80	15	18	0	79	49	56	192	-108	-168
10	164	360	268044176	80	89	72	96	15	18	0	94	67	56	192	-108	-168
10	164	360	268046172	84	94	62	89	15	19	0	109	86	56	192	-108	-168
10	164	360	268048168	87	97	73	106	16	20	0	125	106	56	192	-108	-168
10	164	360	268050168	101	115	61	98	16	21	0	141	127	56	192	-108	-168
10	164	360	268052168	94	107	70	117	17	23	0	158	150	56	192	-108	-168
10	164	360	268054168	95	111	60	105	15	21	0	173	171	56	192	-108	-168
10	164	360	268056168	109	130	67	126	18	26	0	191	197	56	192	-108	-168
10	164	360	268058168	100	120	58	115	16	23	0	207	220	56	192	-108	-168
10	164	360	268060168	101	125	64	135	16	26	0	223	246	56	192	-108	-168
10	164	360	268062172	103	127	53	122	16	25	0	239	271	56	192	-108	-168
10	164	360	268064172	115	149	60	143	17	30	0	256	301	56	192	-108	-168
10	164	360	268066176	103	135	50	129	15	26	0	271	327	56	192	-108	-168
10	164	360	268068168	104	139	55	150	16	29	0	287	356	56	192	-108	-168
10	164	360	268070172	118	157	47	135	17	29	0	304	385	56	192	-108	-168
10	164	360	268072168	102	144	51	155	15	30	0	319	415	56	192	-108	-168
10	164	360	268074176	103	144	42	138	15	28	0	334	443	56	192	-108	-168
10	164	360	268076172	102	145	47	157	15	30	0	349	473	56	192	-108	-168
10	164	360	268078168	113	165	40	139	15	31	0	364	504	56	192	-108	-168
10	164	360	268080160	97	145	41	159	14	30	0	378	534	56	192	-108	-168
10	164	360	268082156	96	144	36	137	13	28	0	391	562	56	192	-108	-168
10	164	360	268084160	93	142	38	156	13	30	0	404	592	56	192	-108	-168
10	164	360	268086156	101	156	32	134	13	29	0	417	621	56	192	-108	-168
10	164	360	268088152	86	135	35	151	12	29	0	429	650	56	192	-108	-168
10	164	360	268090152	83	132	29	129	12	26	0	441	676	56	192	-108	-168
10	164	360	268092152	87	142	32	143	11	28	0	452	704	56	192	-108	-168
10	164	360	268094152	74	123	28	121	11	25	0	463	729	56	192	-108	-168
10	164	360	268096156	69	117	31	132	10	25	0	473	754	56	192	-108	-168
10	164	360	268098152	66	113	26	113	9	22	0	482	776	56	192	-108	-168
10	164	360	268100148	68	120	30	121	10	24	0	492	800	56	192	-108	-168
10	164	360	268102144	56	100	25	101	8	20	0	500	820	56	192	-108	-168
10	164	360	268104152	51	95	29	109	8	21	0	508	841	56	192	-108	-168
10	164	360	268106152	53	100	24	90	7	19	0	515	860	56	192	-108	-168
10	164	360	268108152	42	82	26	96	7	18	0	522	878	56	192	-108	-168
10	164	360	268110148	39	75	23	79	6	15	0	528	735	56	192	-108	-168
10	164	360	268112144	35	71	25	83	6	15	0	534	750	56	192	-108	-168
10	164	360	268114148	34	73	21	67	6	14	0	540	764	56	192	-108	-168
10	164	360	268116144	27	59	22	70	5	13	0	545	777	56	192	-108	-168
10	164	360	268118136	25	53	19	56	4	11	0	549	788	56	192	-108	-168
10	164	360	268120144	20	49	19	59	4	11	0	553	799	56	192	-108	-168
10	164	360	268122148	21	49	16	46	4	9	0	557	808	56	192	-108	-168
10	164	360	268124144	15	39	16	47	3	9	0	560	817	56	192	-108	-168
10	164	360	268126144	13	32	13	36	3	7	0	563	824	56	192	-108	-168
10	164	360	268128148	11	34	12	37	2	7	0	565	727	56	192	-108	-168
10	164	360	268130148	8	25	10	28	2	5	0	567	732	56	192	-108	-168
10	164	360	268132144	6	21	9	29	1	5	0	568	737	56	192	-108	-168
10	164	360	268134136	2	20	6	21	1	4	0	569	741	56	192	-108	-168
10	164	360	268136136	3	18	7	21	1	4	0	570	745	56	192	-108	-168
10	164	360	268138128	0	13	2	16	0	3	0	570	748	56	192	-108	-168
10	164	360	268140144	0	12	4	17	1	3	1	571	751	56	192	-108	-168
11	-56	-392	268142108	-1	11	1	11	0	2	1	56	194	0	-200	56	192
11	-56	-392	268144136	-3	7	0	10	0	2	1	56	196	0	-200	56	192
11	-56	-392	268146140	-3	7	0	7	0	1	1	56	197	0	-200	56	192
11	-56	-392	268148136	-4	5	0	8	0	2	1	56	199	0	-200	56	192
11	-56	-392	268150156	-5	5	0	5	-1	1	1	55	200	0	-200	56	192
11	-56	-392	268152132	-3	2	-1	5	0	0	1	55	200	0	-200	56	192
11	-56	-392	268154156	-4	4	-2	4	-1	1	1	54	201	0	-200	56	192
11	-56	-392	268156164	-4	2	-2	2	-1	1	1	53	202	0	-200	56	192
11	-56	-392	268158132	-4	3	-1	3	0	0	1	53	202	0	-200	56	192
11	-56	-392	268160140	-3	1	-2	2	-1	0	1	52	202	0	-200	56	192
11	-56	-392	268162136	-3	1	-1	3	0	1	1	52	203	0	-200	56	192
11	-56	-392	268164132	-2	2	-1	1	0	0	1	52	203	0	-200	56	192
11	-56	-392	268166148	-3	1	-1	1	-1	0	1	51	203	0	-200	56	192
11	-56	-392	268168104	-1	0	0	0	0	0	1	51	203	0	-200	56	192
11	-56	-392	268170136	-1	0	-2	1	0	0	1	51	203	0	-200	56	192
11	-56	-392	268172120	0	1	0	0	0	1	1	51	204	0	-200	56	192
11	-56	-392	268174112	-2	0	0	0	0	0	1	51	204	0	-200	56	192
11	-56	-392	268176108	0	0	0	2	0	0	1	51	204	0	-200	56	192
11	-56	-392	268190116	0	0	0	-1	0	0	1	51	204	0	-200	56	192
11	-56	-392	268192124	0	-3	0	-2	0	0	1	51	204	0	-200	56	192
11	-56	-392	268194164	-1	-4	-1	-3	0	-1	1	51	203	0	-200	56	192
11	-56	-392	268196180	-1	-6	0	-6	-1	-1	1	50	202	0	-200	56	192
11	-56	-392	268198160	-1	-6	-1	-6	0	-1	1	50	201	0	-200	56	192
11	-56	-392	268200164	-4	-11	0	-10	0	-2	1	50	199	0	-200	56	192
11	-56	-392	268202180	-4	-12	-1	-10	-1	-2	1	49	197	0	-200	56	192
11	-56	-392	268204168	-4	-13	-2	-14	0	-3	1	49	194	0	-200	56	192
11	-56	-392	268206180	-5	-18	-1	-14	-1	-3	1	48	191	0	-200	56	192
11	-56	-392	268208176	-6	-17	-2	-18	-1	-4	1	47	187	0	-200	56	192
11	-56	-392	268210156	-6	-20	-2	-18	0	-3	1	47	184	0	-200	56	192
11	-56	-392	268212164	-8	-23	-2	-22	-1	-5	1	46	179	0	-200	56	192
11	-56	-392	268214172	-10	-27	-1	-22	-2	-5	1	44	174	0	-200	56	192
11	-56	-392	268216176	-8	-27	-3	-27	-1	-5	0	43	169	0	-200	56	192
11	-56	-392	268218176	-10	-28	-1	-25	-1	-6	0	42	163	0	-200	56	192
11	-56	-392	268220176	-13	-35	-3	-33	-1	-6	0	41	157	0	-200	56	192
11	-56	-392	268222180	-12	-33	-2	-30	-2	-7	0	39	150	0	-200	56	192
11	-56	-392	268224180	-14	-34	-3	-36	-1	-7	0	38	143	0	-200	56	192
11	-56	-392	268226180	-14	-36	-1	-35	-2	-7	0	36	136	0	-200	56	192
11	-56	-392	268228184	-17	-42	-2	-40	-2	-8	0	34	128	0	-200	56	192
11	-56	-392	268230188	-17	-39	-3	-37	-2	-8	0	32	120	0	-200	56	192
11	-56	-392	268232192	-18	-41	-2	-45	-2	-8	0	30	112	0	-200	56	192
11	-56	-392	268234188	-22	-50	-2	-42	-2	-9	0	28	103	0	-200	56	192
11	-56	-392	268236188	-20	-47	-2	-50	-2	-10	0	26	93	0	-200	56	192
11	-56	-392	268238196	-21	-48	-4	-46	-3	-9	0	23	84	0	-200	56	192
11	-56	-392	268240196	-24	-52	-4	-56	-3	-11	0	20	73	0	-200	56	192
11	-56	-392	268242192	-27	-62	-3	-53	-3	-12	0	17	61	0	-200	56	192
11	-56	-392	268244188	-28	-59	-7	-63	-3	-12	0	14	49	0	-200	56	192
11	-56	-392	268246184	-30	-64	-6	-59	-4	-12	0	10	37	0	-200	56	192
11	-56	-392	268248180	-31	-66	-9	-71	-4	-14	0	6	23	0	-200	56	192
11	-56	-392	268250180	-37	-79	-8	-67	-4	-15	0	2	8	0	-200	56	192
11	-56	-392	268252172	-35	-73	-12	-78	-5	-15	0	-3	-7	0	-200	56	192
11	-56	-392	268254164	-38	-78	-11	-74	-5	-15	0	-8	-22	0	-200	56	192
11	-56	-392	268256168	-45	-92	-14	-89	-6	-18	0	-14	-40	0	-200	56	192
11	-56	-392	268258168	-41	-85	-15	-81	-5	-17	0	-19	-57	0	-200	56	192
11	-56	-392	268260168	-44	-89	-17	-96	-7	-18	0	-26	-75	0	-200	56	192
11	-56	-392	268262168	-45	-94	-16	-88	-6	-18	0	-32	-93	0	-200	56	192
11	-56	-392	268264172	-52	-107	-20	-105	-7	-21	0	-39	-114	0	-200	56	192
11	-56	-392	268266168	-50	-99	-19	-94	-7	-20	0	-46	-134	0	-200	56	192
11	-56	-392	268268172	-50	-101	-21	-111	-7	-21	0	-53	-155	0	-200	56	192
11	-56	-392	268270172	-53	-104	-20	-99	-7	-20	0	-60	-175	0	-200	56	192
11	-56	-392	268272180	-61	-119	-23	-115	-9	-24	0	-69	-199	0	-200	56	192
11	-56	-392	268274180	-55	-107	-20	-102	-7	-21	0	-76	-220	0	-200	56	192
11	-56	-392	268276168	-56	-109	-22	-119	-8	-22	0	-84	-242	0	-200	56	192
11	-56	-392	268278176	-65	-123	-20	-105	-8	-23	0	-92	-265	0	-200	56	192
11	-56	-392	268280188	-58	-110	-22	-120	-8	-23	0	-100	-288	0	-200	56	192
11	-56	-392	268282184	-59	-111	-17	-106	-8	-22	0	-108	-310	0	-200	56	192
11	-56	-392	268284184	-58	-111	-20	-123	-8	-23	0	-116	-333	0	-200	56	192
11	-56	-392	268286184	-67	-125	-15	-106	-8	-23	0	-124	-356	0	-200	56	192
11	-56	-392	268288184	-58	-111	-18	-121	-8	-24	0	-132	-380	0	-200	56	192
11	-56	-392	268290180	-59	-110	-13	-106	-7	-21	0	-139	-401	0	-200	56	192
11	-56	-392	268292180	-65	-123	-14	-120	-8	-24	0	-147	-425	0	-200	56	192
11	-56	-392	268294180	-56	-107	-10	-105	-6	-22	0	-153	-447	0	-200	56	192
11	-56	-392	268296172	-55	-107	-11	-118	-7	-22	0	-160	-469	0	-200	56	192
11	-56	-392	268298172	-55	-103	-8	-102	-6	-21	0	-166	-490	0	-200	56	192
11	-56	-392	268300168	-59	-117	-7	-115	-7	-23	0	-173	-513	0	-200	56	192
11	-56	-392	268302160	-50	-101	-5	-99	-5	-20	0	-178	-533	0	-200	56	192
11	-56	-392	268304160	-49	-99	-4	-111	-6	-21	0	-184	-554	0	-200	56	192
11	-56	-392	268306164	-47	-97	-3	-97	-5	-19	0	-189	-573	0	-200	56	192
11	-56	-392	268308160	-50	-108	-1	-107	-5	-22	0	-194	-595	0	-200	56	192
11	-56	-392	268310152	-43	-92	0	-93	-4	-18	0	-198	-613	0	-200	56	192
11	-56	-392	268312152	-40	-91	0	-102	-4	-20	0	-202	-633	0	-200	56	192
11	-56	-392	268314144	-44	-100	0	-89	-4	-18	0	-206	-651	0	-200	56	192
11	-56	-392	268316152	-36	-87	4	-99	-4	-19	0	-210	-670	0	-200	56	192
11	-56	-392	268318152	-35	-85	4	-83	-3	-17	0	-213	-687	0	-200	56	192
11	-56	-392	268320156	-32	-81	5	-95	-2	-17	0	-215	-704	0	-200	56	192
11	-56	-392	268322156	-35	-91	5	-80	-3	-18	0	-218	-722	0	-200	56	192
11	-56	-392	268324152	-29	-78	6	-90	-3	-16	0	-221	-738	0	-200	56	192
11	-56	-392	268326152	-28	-76	5	-77	-2	-16	0	-223	-754	0	-200	56	192
11	-56	-392	268328152	-26	-75	8	-75	-2	-15	0	-225	-735	0	-200	56	192
11	-56	-392	268330156	-27	-81	7	-82	-2	-16	0	-227	-751	0	-200	56	192
11	-56	-392	268332156	-24	-71	8	-80	-1	-15	0	-228	-766	0	-200	56	192
11	-56	-392	268334152	-23	-69	7	-68	-2	-14	0	-230	-780	0	-200	56	192
11	-56	-392	268336152	-23	-75	8	-67	-1	-14	0	-231	-794	0	-200	56	192
11	-56	-392	268338144	-20	-65	7	-74	-2	-14	0	-233	-808	0	-200	56	192
11	-56	-392	268340148	-20	-64	8	-62	-1	-12	0	-234	-820	0	-200	56	192
11	-56	-392	268342148	-19	-61	8	-70	-1	-14	0	-235	-734	0	-200	56	192
11	-56	-392	268344144	-20	-68	8	-60	-1	-12	0	-236	-746	0	-200	56	192
11	-56	-392	268346144	-16	-58	7	-67	-1	-13	0	-237	-759	0	-200	56	192
11	-56	-392	268348144	-17	-57	8	-55	-1	-11	0	-238	-770	0	-200	56	192
11	-56	-392	268350148	-17	-60	7	-61	-1	-12	0	-239	-782	0	-200	56	192
11	-56	-392	268352144	-14	-50	5	-50	-1	-10	0	-240	-792	0	-200	56	192
11	-56	-392	268354128	-12	-47	7	-55	0	-10	0	-240	-802	0	-200	56	192
11	-56	-392	268356144	-13	-45	5	-45	-1	-9	0	-241	-811	0	-200	56	192
11	-56	-392	268358148	-11	-46	5	-49	-1	-10	0	-242	-821	0	-200	56	192
11	-56	-392	268360152	-10	-39	3	-38	-1	-8	0	-243	-728	0	-200	56	192
11	-56	-392	268362140	-9	-34	4	-40	0	-7	0	-243	-735	0	-200	56	192
11	-56	-392	268364144	-7	-35	3	-33	0	-7	0	-243	-742	0	-200	56	192
11	-56	-392	268366152	-7	-26	3	-34	-1	-6	0	-244	-748	0	-200	56	192
11	-56	-392	268368140	-6	-24	2	-26	0	-5	0	-244	-753	0	-200	56	192
11	-56	-392	268370160	-5	-20	2	-26	-1	-4	1	-245	-757	0	-200	56	192
