1	0	-200	162493280	-1	-1	2	-4	0	0	1	0	-200	0	-200	0	0
1	-56	392	162495268	0	-3	0	-1	0	-1	1	0	-201	-56	192	0	-200
1	-56	392	162497256	-1	0	1	-1	0	0	1	0	-201	-56	192	0	-200
1	-56	392	162499272	0	-1	0	-2	0	-1	1	0	-202	-56	192	0	-200
1	-56	392	162501260	0	0	0	-1	0	0	1	0	-202	-56	192	0	-200
1	-56	392	162519276	-2	0	0	0	0	0	1	0	-202	-56	192	0	-200
1	-56	392	162533280	0	0	1	0	0	0	1	0	-202	-56	192	0	-200
1	-56	392	162577264	0	0	0	0	0	0	0	0	-202	-56	192	0	-200
1	-56	392	162587288	0	0	0	1	0	0	0	0	-202	-56	192	0	-200
1	-56	392	162597296	0	0	0	1	0	0	0	0	-202	-56	192	0	-200
1	-56	392	162599284	0	1	0	1	0	0	0	0	-202	-56	192	0	-200
1	-56	392	162601312	0	2	-2	1	0	0	0	0	-202	-56	192	0	-200
1	-56	392	162603324	0	3	-1	3	0	1	0	0	-201	-56	192	0	-200
1	-56	392	162605320	0	3	-1	4	0	1	0	0	-200	-56	192	0	-200
1	-56	392	162607324	0	4	-3	3	0	1	0	0	-199	-56	192	0	-200
1	-56	392	162609340	0	5	-2	5	-1	2	0	-1	-197	-56	192	0	-200
1	-56	392	162611324	0	6	-4	7	0	2	0	-1	-195	-56	192	0	-200
1	-56	392	162613332	0	8	-4	6	-1	2	0	-2	-193	-56	192	0	-200
1	-56	392	162615316	0	7	-3	7	0	2	0	-2	-191	-56	192	0	-200
1	-56	392	162617324	0	10	-5	8	-1	3	0	-3	-188	-56	192	0	-200
1	-56	392	162619324	0	10	-7	10	-1	3	0	-4	-185	-56	192	0	-200
1	-56	392	162621328	1	13	-8	11	-1	3	0	-5	-182	-56	192	0	-200
1	-56	392	162623320	0	11	-8	13	-1	4	0	-6	-178	-56	192	0	-200
1	-56	392	162625328	1	16	-9	12	-2	4	0	-8	-174	-56	192	0	-200
1	-56	392	162627332	1	14	-10	15	-1	4	0	-9	-170	-56	192	0	-200
1	-56	392	162629332	0	19	-12	16	-2	6	0	-11	-164	-56	192	0	-200
1	-56	392	162631328	2	19	-13	18	-1	5	0	-12	-159	-56	192	0	-200
1	-56	392	162633328	2	21	-13	19	-2	6	0	-14	-153	-56	192	0	-200
1	-56	392	162635324	1	20	-15	20	-2	6	0	-16	-147	-56	192	0	-200
1	-56	392	162637320	3	25	-19	25	-3	8	0	-19	-139	-56	192	0	-200
1	-56	392	162639320	2	24	-18	22	-2	7	0	-21	-132	-56	192	0	-200
1	-56	392	162641320	3	27	-20	25	-3	7	0	-24	-125	-56	192	0	-200
1	-56	392	162643332	4	26	-20	26	-2	8	0	-26	-117	-56	192	0	-200
1	-56	392	162645332	3	33	-21	28	-3	9	0	-29	-108	-56	192	0	-200
1	-56	392	162647328	4	30	-22	29	-2	9	0	-31	-99	-56	192	0	-200
1	-56	392	162649324	5	35	-24	31	-3	10	0	-34	-89	-56	192	0	-200
1	-56	392	162651328	5	34	-25	32	-3	10	0	-37	-79	-56	192	0	-200
1	-56	392	162653332	6	40	-29	39	-4	12	0	-41	-67	-56	192	0	-200
1	-56	392	162655336	5	36	-27	36	-3	11	0	-44	-56	-56	192	0	-200
1	-56	392	162657328	8	45	-28	39	-3	12	0	-47	-44	-56	192	0	-200
1	-56	392	162659324	7	41	-27	40	-3	12	0	-50	-32	-56	192	0	-200
1	-56	392	162661324	9	49	-29	43	-3	14	0	-53	-18	-56	192	0	-200
1	-56	392	162663324	9	44	-29	43	-3	13	0	-56	-5	-56	192	0	-200
1	-56	392	162665332	9	52	-29	45	-3	15	0	-59	10	-56	192	0	-200
1	-56	392	162667324	10	48	-30	47	-3	14	0	-62	24	-56	192	0	-200
1	-56	392	162669320	11	56	-33	56	-3	17	0	-65	41	-56	192	0	-200
1	-56	392	162671316	9	51	-29	50	-3	15	0	-68	56	-56	192	0	-200
1	-56	392	162673320	12	59	-30	51	-3	16	0	-71	72	-56	192	0	-200
1	-56	392	162675316	10	52	-30	54	-3	16	0	-74	88	-56	192	0	-200
1	-56	392	162677312	13	63	-29	54	-2	18	0	-76	106	-56	192	0	-200
1	-56	392	162679308	10	55	-29	55	-3	16	0	-79	122	-56	192	0	-200
1	-56	392	162681308	12	65	-28	56	-3	19	0	-82	141	-56	192	0	-200
1	-56	392	162683312	10	56	-28	57	-2	17	0	-84	158	-56	192	0	-200
1	-56	392	162685312	11	65	-32	67	-3	19	0	-87	177	-56	192	0	-200
1	-56	392	162687312	10	59	-27	57	-3	18	0	-90	195	-56	192	0	-200
1	-56	392	162689312	12	66	-27	59	-2	18	0	-92	213	-56	192	0	-200
1	-56	392	162691304	8	58	-26	59	-3	18	0	-95	231	-56	192	0	-200
1	-56	392	162693316	10	66	-27	58	-3	19	0	-98	250	-56	192	0	-200
1	-56	392	162695316	8	57	-25	59	-2	17	0	-100	267	-56	192	0	-200
1	-56	392	162697308	9	65	-25	58	-2	18	0	-102	285	-56	192	0	-200
1	-56	392	162699312	6	57	-26	57	-3	18	0	-105	303	-56	192	0	-200
1	-56	392	162701308	7	65	-27	65	-3	19	0	-108	322	-56	192	0	-200
1	-56	392	162703308	5	55	-25	58	-3	17	0	-111	339	-56	192	0	-200
1	-56	392	162705308	5	61	-24	55	-3	17	0	-114	356	-56	192	0	-200
1	-56	392	162707308	4	54	-24	55	-3	17	0	-117	373	-56	192	0	-200
1	-56	392	162709312	4	60	-24	53	-3	17	0	-120	390	-56	192	0	-200
1	-56	392	162711316	2	51	-22	53	-3	15	0	-123	405	-56	192	0	-200
1	-56	392	162713316	3	57	-24	52	-3	17	0	-126	422	-56	192	0	-200
1	-56	392	162715324	1	50	-22	50	-4	15	0	-130	437	-56	192	0	-200
1	-56	392	162717328	1	54	-25	57	-3	16	0	-133	453	-56	192	0	-200
1	-56	392	162719332	2	48	-23	47	-3	15	0	-136	468	-56	192	0	-200
1	-56	392	162721336	0	51	-21	46	-4	14	0	-140	482	-56	192	0	-200
1	-56	392	162723340	0	44	-21	47	-3	14	0	-143	496	-56	192	0	-200
1	-56	392	162725344	0	48	-20	43	-3	13	0	-146	509	-56	192	0	-200
1	-56	392	162727348	-1	42	-22	43	-3	13	0	-149	522	-56	192	0	-200
1	-56	392	162729352	-1	45	-20	41	-3	13	0	-152	535	-56	192	0	-200
1	-56	392	162731348	-3	40	-22	48	-4	13	0	-156	548	-56	192	0	-200
1	-56	392	162733344	-1	42	-20	38	-3	12	0	-159	560	-56	192	0	-200
1	-56	392	162735340	-2	38	-19	39	-3	12	0	-162	572	-56	192	0	-200
1	-56	392	162737340	-3	41	-20	38	-4	12	0	-166	584	-56	192	0	-200
1	-56	392	162739340	-2	35	-19	36	-3	10	0	-169	594	-56	192	0	-200
1	-56	392	162741336	-3	39	-18	35	-3	11	0	-172	605	-56	192	0	-200
1	-56	392	162743332	-2	33	-19	35	-3	11	0	-175	616	-56	192	0	-200
1	-56	392	162745332	-3	37	-19	32	-4	10	0	-179	626	-56	192	0	-200
1	-56	392	162747324	-4	31	-17	33	-3	10	0	-182	636	-56	192	0	-200
1	-56	392	162749320	-3	35	-22	36	-3	10	0	-185	646	-56	192	0	-200
1	-56	392	162751316	-3	29	-17	31	-3	9	0	-188	655	-56	192	0	-200
1	-56	392	162753324	-4	32	-18	29	-4	9	0	-192	664	-56	192	0	-200
1	-56	392	162755328	-3	28	-17	29	-3	9	0	-195	673	-56	192	0	-200
1	-56	392	162757336	-5	31	-18	27	-3	9	0	-198	682	-56	192	0	-200
1	-56	392	162759328	-4	25	-17	28	-3	8	0	-201	690	-56	192	0	-200
1	-56	392	162761324	-5	29	-16	25	-3	8	0	-204	698	-56	192	0	-200
1	-56	392	162763320	-4	23	-17	25	-4	7	0	-208	705	-56	192	0	-200
1	-56	392	162765324	-5	27	-18	26	-3	8	0	-211	713	-56	192	0	-200
1	-56	392	162767328	-5	21	-15	23	-3	6	0	-214	719	-56	192	0	-200
1	-56	392	162769320	-5	24	-15	22	-3	7	0	-217	726	-56	192	0	-200
1	-56	392	162771324	-4	20	-15	20	-3	6	0	-220	732	-56	192	0	-200
1	-56	392	162773328	-6	21	-14	19	-3	6	0	-223	738	-56	192	0	-200
1	-56	392	162775332	-5	17	-14	19	-3	6	0	-226	744	-56	192	0	-200
1	-56	392	162777336	-5	19	-12	17	-2	5	0	-228	725	-56	192	0	-200
1	-56	392	162779340	-6	15	-14	19	-3	5	0	-231	730	-56	192	0	-200
1	-56	392	162781344	-5	16	-13	15	-3	5	0	-234	735	-56	192	0	-200
1	-56	392	162783348	-6	14	-11	14	-3	4	0	-237	739	-56	192	0	-200
1	-56	392	162785344	-7	14	-10	13	-2	4	0	-239	743	-56	192	0	-200
1	-56	392	162787340	-6	12	-10	13	-3	4	0	-242	747	-56	192	0	-200
1	-56	392	162789332	-6	13	-10	12	-2	4	0	-244	751	-56	192	0	-200
1	-56	392	162791328	-6	10	-9	12	-2	3	0	-246	754	-56	192	0	-200
1	-56	392	162793328	-8	11	-10	11	-3	3	0	-249	757	-56	192	0	-200
1	-56	392	162795336	-6	10	-8	11	-2	3	0	-251	723	-56	192	0	-200
1	-56	392	162797340	-8	10	-9	10	-3	3	0	-254	726	-56	192	0	-200
1	-56	392	162799332	-7	8	-9	10	-2	3	0	-256	729	-56	192	0	-200
1	-56	392	162801332	-8	10	-7	9	-2	3	1	-258	732	-56	192	0	-200
2	-56	392	162803328	-7	7	-8	9	-2	2	1	-58	194	-56	192	0	-200
2	-56	392	162805328	-8	9	-7	7	-3	3	1	-61	197	-56	192	0	-200
2	-56	392	162807332	-7	6	-8	8	-2	2	1	-63	199	-56	192	0	-200
2	-56	392	162809336	-9	8	-7	7	-2	2	1	-65	201	-56	192	0	-200
2	164	-360	162811340	-6	7	-8	9	-2	2	1	-67	203	108	-168	-56	192
2	164	-360	162813348	-8	8	-6	6	-3	3	1	-70	206	108	-168	-56	192
2	164	-360	162815364	-7	5	-6	8	-1	2	1	-71	208	108	-168	-56	192
2	164	-360	162817356	-8	7	-7	6	-3	1	1	-74	209	108	-168	-56	192
2	164	-360	162819360	-6	6	-6	6	-2	2	1	-76	211	108	-168	-56	192
2	164	-360	162821352	-6	7	-5	5	-1	2	1	-77	213	108	-168	-56	192
2	164	-360	162823352	-6	5	-6	6	-2	2	1	-79	215	108	-168	-56	192
2	164	-360	162825352	-7	6	-5	5	-2	1	1	-81	216	108	-168	-56	192
2	164	-360	162827356	-5	5	-6	7	-1	2	1	-82	218	108	-168	-56	192
2	164	-360	162829360	-6	5	-5	5	-2	2	1	-84	220	108	-168	-56	192
2	164	-360	162831356	-5	5	-4	5	-1	1	1	-85	221	108	-168	-56	192
2	164	-360	162833356	-4	5	-5	3	-2	1	1	-87	222	108	-168	-56	192
2	164	-360	162835360	-5	4	-4	4	-1	2	1	-88	224	108	-168	-56	192
2	164	-360	162837360	-3	3	-4	4	-1	1	1	-89	225	108	-168	-56	192
2	164	-360	162839364	-4	4	-3	4	-1	1	1	-90	226	108	-168	-56	192
2	164	-360	162841368	-3	4	-4	3	-1	1	1	-91	227	108	-168	-56	192
2	164	-360	162843372	-2	2	-3	3	-1	1	1	-92	228	108	-168	-56	192
2	164	-360	162845372	-4	3	-2	4	-1	1	1	-93	229	108	-168	-56	192
2	164	-360	162847352	-1	2	-1	2	0	0	1	-93	229	108	-168	-56	192
2	164	-360	162849380	-3	3	-3	1	-1	1	1	-94	230	108	-168	-56	192
2	164	-360	162851360	-1	1	-1	3	0	0	1	-94	230	108	-168	-56	192
2	164	-360	162853380	-1	1	-3	1	-1	1	1	-95	231	108	-168	-56	192
2	164	-360	162855360	-1	2	-1	1	0	0	1	-95	231	108	-168	-56	192
2	164	-360	162857380	-2	1	-1	2	-1	1	1	-96	232	108	-168	-56	192
2	164	-360	162859356	-1	1	0	1	0	0	1	-96	232	108	-168	-56	192
2	164	-360	162861360	0	1	-1	0	0	0	1	-96	232	108	-168	-56	192
2	164	-360	162863376	-1	0	-2	1	-1	0	1	-97	232	108	-168	-56	192
2	164	-360	162869368	0	0	-1	1	0	0	1	-97	232	108	-168	-56	192
2	164	-360	162877340	-1	0	0	0	0	0	1	-97	232	108	-168	-56	192
2	164	-360	162879336	-2	0	0	0	0	0	1	-97	232	108	-168	-56	192
2	164	-360	162883336	-1	0	0	0	0	0	1	-97	232	108	-168	-56	192
2	164	-360	162885344	-1	0	-1	0	-1	0	1	-98	232	108	-168	-56	192
2	164	-360	162887356	-3	0	0	-1	0	0	1	-98	232	108	-168	-56	192
2	164	-360	162889348	-2	-1	0	-2	0	0	1	-98	232	108	-168	-56	192
2	164	-360	162891364	-3	-2	0	-1	-1	0	1	-99	232	108	-168	-56	192
2	164	-360	162893348	-3	-2	0	-2	0	0	1	-99	232	108	-168	-56	192
2	164	-360	162895376	-3	-4	0	-4	-1	-1	1	-100	231	108	-168	-56	192
2	164	-360	162897364	-5	-4	0	-4	0	-2	1	-100	229	108	-168	-56	192
2	164	-360	162899376	-4	-3	0	-4	-1	-1	1	-101	228	108	-168	-56	192
2	164	-360	162901380	-5	-7	0	-5	-1	-1	1	-102	227	108	-168	-56	192
2	164	-360	162903364	-3	-6	0	-6	0	-2	1	-102	225	108	-168	-56	192
2	164	-360	162905372	-7	-7	2	-6	-1	-2	1	-103	223	108	-168	-56	192
2	164	-360	162907376	-5	-8	1	-9	-1	-3	1	-104	220	108	-168	-56	192
2	164	-360	162909360	-5	-10	1	-7	0	-2	1	-104	218	108	-168	-56	192
2	164	-360	162911360	-5	-9	3	-10	0	-3	0	-104	215	108	-168	-56	192
2	164	-360	162913376	-6	-12	1	-10	-1	-3	0	-105	212	108	-168	-56	192
2	164	-360	162915376	-6	-11	2	-12	-1	-4	0	-106	208	108	-168	-56	192
2	164	-360	162917360	-6	-14	3	-12	0	-4	0	-106	204	108	-168	-56	192
2	164	-360	162919356	-5	-14	4	-13	0	-4	0	-106	200	108	-168	-56	192
2	164	-360	162921364	-7	-15	3	-13	-1	-4	0	-107	196	108	-168	-56	192
2	164	-360	162923356	-5	-15	4	-18	0	-5	0	-107	191	108	-168	-56	192
2	164	-360	162925320	-5	-19	5	-16	0	-5	0	-107	186	108	-168	-56	192
2	164	-360	162927348	-5	-16	4	-16	0	-5	0	-107	181	108	-168	-56	192
2	164	-360	162929344	-5	-19	6	-18	0	-6	0	-107	175	108	-168	-56	192
2	164	-360	162931340	-5	-17	6	-19	0	-5	0	-107	170	108	-168	-56	192
2	164	-360	162933336	-5	-23	8	-18	0	-6	0	-107	164	108	-168	-56	192
2	164	-360	162935332	-3	-18	7	-20	0	-6	0	-107	158	108	-168	-56	192
2	164	-360	162937340	-4	-24	9	-20	1	-6	0	-106	152	108	-168	-56	192
2	164	-360	162939340	-3	-21	11	-22	1	-7	0	-105	145	108	-168	-56	192
2	164	-360	162941340	-2	-25	14	-26	2	-8	0	-103	137	108	-168	-56	192
2	164	-360	162943340	-3	-23	14	-22	1	-6	0	-102	131	108	-168	-56	192
2	164	-360	162945344	-2	-27	15	-24	2	-8	0	-100	123	108	-168	-56	192
2	164	-360	162947344	-1	-25	17	-25	3	-7	0	-97	116	108	-168	-56	192
2	164	-360	162949344	0	-29	20	-26	3	-9	0	-94	107	108	-168	-56	192
2	164	-360	162951340	0	-28	20	-28	3	-8	0	-91	99	108	-168	-56	192
2	164	-360	162953332	0	-32	24	-29	3	-9	0	-88	90	108	-168	-56	192
2	164	-360	162955328	0	-29	25	-28	4	-9	0	-84	81	108	-168	-56	192
2	164	-360	162957332	1	-36	33	-35	5	-10	0	-79	71	108	-168	-56	192
2	164	-360	162959320	2	-33	30	-33	5	-10	0	-74	61	108	-168	-56	192
2	164	-360	162961320	3	-37	33	-32	5	-11	0	-69	50	108	-168	-56	192
2	164	-360	162963320	4	-35	35	-35	6	-10	0	-63	40	108	-168	-56	192
2	164	-360	162965320	4	-41	39	-37	7	-12	0	-56	28	108	-168	-56	192
2	164	-360	162967316	5	-38	40	-37	6	-11	0	-50	17	108	-168	-56	192
2	164	-360	162969316	6	-45	43	-39	8	-13	0	-42	4	108	-168	-56	192
2	164	-360	162971312	5	-41	45	-39	7	-12	0	-35	-8	108	-168	-56	192
2	164	-360	162973316	8	-48	53	-47	9	-14	0	-26	-22	108	-168	-56	192
2	164	-360	162975312	6	-42	50	-43	9	-13	0	-17	-35	108	-168	-56	192
2	164	-360	162977316	7	-50	52	-43	9	-14	0	-8	-49	108	-168	-56	192
2	164	-360	162979316	8	-46	53	-45	9	-13	0	1	-62	108	-168	-56	192
2	164	-360	162981316	9	-53	55	-45	9	-15	0	10	-77	108	-168	-56	192
2	164	-360	162983324	8	-47	58	-48	10	-14	0	20	-91	108	-168	-56	192
2	164	-360	162985324	10	-55	60	-46	11	-15	0	31	-106	108	-168	-56	192
2	164	-360	162987320	10	-49	60	-49	10	-15	0	41	-121	108	-168	-56	192
2	164	-360	162989320	12	-56	71	-55	13	-17	0	54	-138	108	-168	-56	192
2	164	-360	162991316	11	-50	63	-49	11	-15	0	65	-153	108	-168	-56	192
2	164	-360	162993316	12	-57	63	-50	11	-16	0	76	-169	108	-168	-56	192
2	164	-360	162995312	13	-48	65	-48	12	-14	0	88	-183	108	-168	-56	192
2	164	-360	162997312	14	-57	65	-49	12	-16	0	100	-199	108	-168	-56	192
2	164	-360	162999308	13	-48	67	-48	12	-14	0	112	-213	108	-168	-56	192
2	164	-360	163001304	17	-55	65	-47	12	-16	0	124	-229	108	-168	-56	192
2	164	-360	163003300	13	-48	66	-48	12	-14	0	136	-243	108	-168	-56	192
2	164	-360	163005300	18	-52	66	-46	12	-15	0	148	-258	108	-168	-56	192
2	164	-360	163007300	15	-47	75	-51	14	-15	0	162	-273	108	-168	-56	192
2	164	-360	163009296	19	-50	65	-45	13	-14	0	175	-287	108	-168	-56	192
2	164	-360	163011296	16	-43	65	-43	12	-13	0	187	-300	108	-168	-56	192
2	164	-360	163013292	19	-48	64	-42	12	-13	0	199	-313	108	-168	-56	192
2	164	-360	163015292	16	-41	64	-41	12	-12	0	211	-325	108	-168	-56	192
2	164	-360	163017288	20	-45	62	-40	12	-13	0	223	-338	108	-168	-56	192
2	164	-360	163019288	16	-38	61	-39	12	-12	0	235	-350	108	-168	-56	192
2	164	-360	163021284	20	-42	60	-38	12	-12	0	247	-362	108	-168	-56	192
2	164	-360	163023280	18	-35	68	-41	13	-11	0	260	-373	108	-168	-56	192
2	164	-360	163025288	18	-40	57	-35	11	-11	0	271	-384	108	-168	-56	192
2	164	-360	163027284	17	-33	58	-34	11	-10	0	282	-394	108	-168	-56	192
2	164	-360	163029288	20	-37	55	-33	12	-11	0	294	-405	108	-168	-56	192
2	164	-360	163031288	16	-31	55	-32	10	-9	0	304	-414	108	-168	-56	192
2	164	-360	163033280	19	-35	52	-31	11	-10	0	315	-424	108	-168	-56	192
2	164	-360	163035276	15	-30	53	-31	10	-9	0	325	-433	108	-168	-56	192
2	164	-360	163037280	17	-34	50	-29	10	-10	0	335	-443	108	-168	-56	192
2	164	-360	163039276	15	-28	50	-30	10	-9	0	345	-452	108	-168	-56	192
2	164	-360	163041280	16	-32	55	-31	11	-9	0	356	-461	108	-168	-56	192
2	164	-360	163043272	14	-26	46	-28	9	-8	0	365	-469	108	-168	-56	192
2	164	-360	163045272	15	-32	45	-27	9	-9	0	374	-478	108	-168	-56	192
2	164	-360	163047272	13	-26	44	-26	8	-8	0	382	-486	108	-168	-56	192
2	164	-360	163049268	13	-29	42	-27	8	-8	0	390	-494	108	-168	-56	192
2	164	-360	163051264	12	-25	40	-25	8	-8	0	398	-502	108	-168	-56	192
2	164	-360	163053264	12	-28	40	-25	8	-8	0	406	-510	108	-168	-56	192
2	164	-360	163055264	10	-24	38	-25	7	-7	0	413	-517	108	-168	-56	192
2	164	-360	163057260	11	-26	40	-26	8	-8	0	421	-525	108	-168	-56	192
2	164	-360	163059260	9	-23	35	-24	6	-7	0	427	-532	108	-168	-56	192
2	164	-360	163061256	9	-25	31	-22	6	-7	0	433	-539	108	-168	-56	192
2	164	-360	163063256	7	-20	31	-21	6	-6	0	439	-545	108	-168	-56	192
2	164	-360	163065264	8	-24	29	-20	6	-7	0	445	-552	108	-168	-56	192
2	164	-360	163067268	5	-18	26	-20	4	-5	0	449	-557	108	-168	-56	192
2	164	-360	163069276	6	-22	25	-20	5	-7	0	454	-564	108	-168	-56	192
2	164	-360	163071268	4	-17	24	-18	4	-5	0	458	-569	108	-168	-56	192
2	164	-360	163073264	5	-19	25	-20	5	-6	0	463	-575	108	-168	-56	192
2	164	-360	163075268	4	-15	19	-15	3	-4	0	466	-579	108	-168	-56	192
2	164	-360	163077272	2	-16	17	-15	3	-5	0	469	-584	108	-168	-56	192
2	164	-360	163079276	3	-14	15	-14	3	-4	0	472	-588	108	-168	-56	192
2	164	-360	163081280	2	-12	14	-12	2	-4	0	474	-592	108	-168	-56	192
2	164	-360	163083284	3	-12	13	-11	3	-3	0	477	-595	108	-168	-56	192
2	164	-360	163085284	1	-10	10	-10	1	-3	0	478	-598	108	-168	-56	192
2	164	-360	163087288	1	-8	10	-10	2	-3	0	480	-601	108	-168	-56	192
2	164	-360	163089288	1	-8	7	-8	1	-2	0	481	-603	108	-168	-56	192
2	164	-360	163091292	0	-6	6	-6	1	-2	0	482	-605	108	-168	-56	192
2	164	-360	163093292	0	-6	5	-6	1	-2	0	483	-607	108	-168	-56	192
2	164	-360	163095296	2	-4	5	-4	1	-1	0	484	-608	108	-168	-56	192
2	164	-360	163097276	0	-5	4	-5	0	-2	0	484	-610	108	-168	-56	192
2	164	-360	163099300	0	-3	3	-3	1	-1	0	485	-611	108	-168	-56	192
2	164	-360	163101268	0	-2	1	-2	0	0	0	485	-611	108	-168	-56	192
2	164	-360	163103280	0	-1	2	-3	0	-1	0	485	-612	108	-168	-56	192
2	164	-360	163105284	0	-2	2	-1	1	0	0	486	-612	108	-168	-56	192
2	164	-360	163107240	0	-1	0	-1	0	0	0	486	-612	108	-168	-56	192
2	164	-360	163109216	0	0	0	0	0	0	1	486	-612	108	-168	-56	192
3	164	-360	163111248	0	0	1	0	0	0	1	108	-168	108	-168	-56	192
3	164	-360	163113264	0	-1	0	0	0	-1	1	108	-169	108	-168	-56	192
3	-259	299	163117244	0	0	0	-1	0	0	1	108	-169	-151	131	108	-168
3	-259	299	163123240	0	0	1	0	0	0	1	108	-169	-151	131	108	-168
3	-259	299	163135232	1	0	0	0	0	0	1	108	-169	-151	131	108	-168
3	-259	299	163151248	0	0	1	0	0	0	1	108	-169	-151	131	108	-168
3	-259	299	163157252	0	2	0	0	0	0	1	108	-169	-151	131	108	-168
3	-259	299	163167260	0	1	0	0	0	0	1	108	-169	-151	131	108	-168
3	-259	299	163169256	1	0	0	0	0	0	1	108	-169	-151	131	108	-168
3	-259	299	163173260	0	1	0	0	0	0	1	108	-169	-151	131	108	-168
3	-259	299	163175264	0	1	0	0	0	0	1	108	-169	-151	131	108	-168
3	-259	299	163177276	1	3	-1	3	0	1	1	108	-168	-151	131	108	-168
3	-259	299	163179292	0	1	-2	1	0	0	1	108	-168	-151	131	108	-168
3	-259	299	163181304	2	4	-1	2	0	1	1	108	-167	-151	131	108	-168
3	-259	299	163183312	1	2	-2	4	0	1	0	108	-166	-151	131	108	-168
3	-259	299	163185300	1	4	-2	4	0	1	0	108	-165	-151	131	108	-168
3	-259	299	163187304	0	4	-2	4	0	1	0	108	-164	-151	131	108	-168
3	-259	299	163189304	1	5	-3	3	0	2	0	108	-162	-151	131	108	-168
3	-259	299	163191304	2	5	-3	5	0	1	0	108	-161	-151	131	108	-168
3	-259	299	163193304	1	5	-4	5	0	2	0	108	-159	-151	131	108	-168
3	-259	299	163195320	1	6	-4	7	-1	2	0	107	-157	-151	131	108	-168
3	-259	299	163197320	3	8	-5	6	0	2	0	107	-155	-151	131	108	-168
3	-259	299	163199336	1	6	-5	7	-1	2	0	106	-153	-151	131	108	-168
3	-259	299	163201320	1	7	-5	7	0	2	0	106	-151	-151	131	108	-168
3	-259	299	163203332	1	8	-5	7	-1	2	0	105	-149	-151	131	108	-168
3	-259	299	163205316	3	10	-6	9	0	3	0	105	-146	-151	131	108	-168
3	-259	299	163207332	1	7	-6	7	-1	2	0	104	-144	-151	131	108	-168
3	-259	299	163209328	3	10	-8	9	-1	3	0	103	-141	-151	131	108	-168
3	-259	299	163211332	1	9	-7	9	-1	2	0	102	-139	-151	131	108	-168
3	-259	299	163213328	1	10	-9	11	-1	4	0	101	-135	-151	131	108	-168
3	-259	299	163215328	3	9	-9	9	-1	2	0	100	-133	-151	131	108	-168
3	-259	299	163217324	1	11	-9	10	-1	3	0	99	-130	-151	131	108	-168
3	-259	299	163219328	2	11	-8	9	-1	3	0	98	-127	-151	131	108	-168
3	-259	299	163221328	2	10	-10	11	-1	4	0	97	-123	-151	131	108	-168
3	-259	299	163223328	2	12	-12	10	-2	3	0	95	-120	-151	131	108	-168
3	-259	299	163225324	1	11	-11	11	-1	3	0	94	-117	-151	131	108	-168
3	-259	299	163227332	3	12	-12	10	-2	3	0	92	-114	-151	131	108	-168
3	-259	299	163229332	1	12	-15	14	-2	4	0	90	-110	-151	131	108	-168
3	-259	299	163231332	1	13	-15	11	-2	4	0	88	-106	-151	131	108	-168
3	-259	299	163233328	2	13	-15	13	-2	4	0	86	-102	-151	131	108	-168
3	-259	299	163235328	2	14	-17	12	-2	4	0	84	-98	-151	131	108	-168
3	-259	299	163237324	0	13	-17	14	-2	4	0	82	-94	-151	131	108	-168
3	-259	299	163239332	1	15	-19	14	-3	4	0	79	-90	-151	131	108	-168
3	-259	299	163241340	0	15	-20	13	-3	4	0	76	-86	-151	131	108	-168
3	-259	299	163243340	0	17	-21	14	-3	5	0	73	-81	-151	131	108	-168
3	-259	299	163245336	0	16	-26	19	-4	5	0	69	-76	-151	131	108	-168
3	-259	299	163247336	0	19	-25	16	-4	6	0	65	-70	-151	131	108	-168
3	-259	299	163249336	0	17	-28	16	-4	4	0	61	-66	-151	131	108	-168
3	-259	299	163251340	0	20	-29	19	-5	6	0	56	-60	-151	131	108	-168
3	-259	299	163253340	-1	20	-30	19	-4	6	0	52	-54	-151	131	108	-168
3	-259	299	163255332	-3	23	-32	20	-5	7	0	47	-47	-151	131	108	-168
3	-259	299	163257328	-2	21	-34	20	-6	6	0	41	-41	-151	131	108	-168
3	-259	299	163259320	-4	26	-37	22	-6	7	0	35	-34	-151	131	108	-168
3	-259	299	163261324	-4	24	-44	27	-7	8	0	28	-26	-151	131	108	-168
3	-259	299	163263316	-5	27	-43	23	-7	7	0	21	-19	-151	131	108	-168
3	-259	299	163265324	-6	25	-42	25	-8	8	0	13	-11	-151	131	108	-168
3	-259	299	163267336	-6	32	-46	27	-7	9	0	6	-2	-151	131	108	-168
3	-259	299	163269332	-8	27	-49	27	-9	8	0	-3	6	-151	131	108	-168
3	-259	299	163271328	-7	34	-50	29	-8	9	0	-11	15	-151	131	108	-168
3	-259	299	163273332	-9	30	-53	29	-10	9	0	-21	24	-151	131	108	-168
3	-259	299	163275328	-11	35	-55	31	-10	10	0	-31	34	-151	131	108	-168
3	-259	299	163277324	-10	32	-63	36	-11	10	0	-42	44	-151	131	108	-168
3	-259	299	163279324	-13	38	-59	33	-10	11	0	-52	55	-151	131	108	-168
3	-259	299	163281316	-12	35	-60	35	-11	10	0	-63	65	-151	131	108	-168
3	-259	299	163283324	-15	40	-61	35	-12	11	0	-75	76	-151	131	108	-168
3	-259	299	163285320	-14	35	-63	35	-11	11	0	-86	87	-151	131	108	-168
3	-259	299	163287316	-16	42	-64	36	-12	12	0	-98	99	-151	131	108	-168
3	-259	299	163289312	-17	38	-65	37	-12	11	0	-110	110	-151	131	108	-168
3	-259	299	163291312	-17	39	-66	39	-13	12	0	-123	122	-151	131	108	-168
3	-259	299	163293308	-20	45	-66	39	-13	12	0	-136	134	-151	131	108	-168
3	-259	299	163295304	-18	38	-76	44	-14	12	0	-150	146	-151	131	108	-168
3	-259	299	163297304	-22	45	-69	40	-14	13	0	-164	159	-151	131	108	-168
3	-259	299	163299300	-19	42	-68	40	-13	13	0	-177	172	-151	131	108	-168
3	-259	299	163301300	-22	46	-67	40	-13	12	0	-190	184	-151	131	108	-168
3	-259	299	163303296	-20	40	-68	40	-13	12	0	-203	196	-151	131	108	-168
3	-259	299	163305292	-24	46	-67	40	-14	13	0	-217	209	-151	131	108	-168
3	-259	299	163307288	-20	40	-66	40	-13	12	0	-230	221	-151	131	108	-168
3	-259	299	163309284	-24	46	-67	38	-13	13	0	-243	234	-151	131	108	-168
3	-259	299	163311280	-20	39	-65	40	-13	12	0	-256	246	-151	131	108	-168
3	-259	299	163313276	-24	45	-73	44	-15	13	0	-271	259	-151	131	108	-168
3	-259	299	163315272	-20	39	-63	39	-12	12	0	-283	271	-151	131	108	-168
3	-259	299	163317272	-22	42	-61	37	-13	12	0	-296	283	-151	131	108	-168
3	-259	299	163319268	-19	38	-60	38	-11	11	0	-307	294	-151	131	108	-168
3	-259	299	163321268	-21	41	-59	36	-12	12	0	-319	306	-151	131	108	-168
3	-259	299	163323276	-19	34	-57	35	-12	10	0	-331	316	-151	131	108	-168
3	-259	299	163325272	-19	39	-57	35	-11	11	0	-342	327	-151	131	108	-168
3	-259	299	163327272	-17	32	-53	33	-11	10	0	-353	337	-151	131	108	-168
3	-259	299	163329268	-18	36	-60	37	-11	11	0	-364	348	-151	131	108	-168
3	-259	299	163331264	-15	30	-50	30	-10	9	0	-374	357	-151	131	108	-168
3	-259	299	163333268	-17	33	-49	30	-10	9	0	-384	366	-151	131	108	-168
3	-259	299	163335260	-14	27	-46	29	-9	9	0	-393	375	-151	131	108	-168
3	-259	299	163337260	-15	32	-47	27	-9	8	0	-402	383	-151	131	108	-168
3	-259	299	163339252	-14	25	-43	28	-9	8	0	-411	391	-151	131	108	-168
3	-259	299	163341248	-13	27	-43	25	-8	8	0	-419	399	-151	131	108	-168
3	-259	299	163343244	-13	24	-41	24	-8	7	0	-427	406	-151	131	108	-168
3	-259	299	163345240	-12	25	-40	23	-8	8	0	-435	414	-151	131	108	-168
3	-259	299	163347248	-12	21	-45	25	-9	7	0	-444	421	-151	131	108	-168
3	-259	299	163349236	-11	24	-38	22	-7	6	0	-451	427	-151	131	108	-168
3	-259	299	163351232	-11	19	-36	20	-7	6	0	-458	433	-151	131	108	-168
3	-259	299	163353236	-11	21	-36	20	-7	6	0	-465	439	-151	131	108	-168
3	-259	299	163355240	-9	17	-35	17	-7	6	0	-472	445	-151	131	108	-168
3	-259	299	163357236	-11	20	-35	18	-7	5	0	-479	450	-151	131	108	-168
3	-259	299	163359232	-9	17	-34	17	-6	5	0	-485	455	-151	131	108	-168
3	-259	299	163361236	-10	17	-34	16	-7	5	0	-492	460	-151	131	108	-168
3	-259	299	163363248	-8	15	-37	18	-7	5	0	-499	465	-151	131	108	-168
3	-259	299	163365256	-8	16	-33	15	-6	5	0	-505	470	-151	131	108	-168
3	-259	299	163367256	-8	15	-31	15	-6	4	0	-511	474	-151	131	108	-168
3	-259	299	163369256	-9	17	-31	14	-6	5	0	-517	479	-151	131	108	-168
3	-259	299	163371248	-6	12	-30	13	-5	4	0	-522	483	-151	131	108	-168
3	-259	299	163373252	-7	15	-30	14	-5	4	0	-527	487	-151	131	108	-168
3	-259	299	163375256	-7	14	-29	14	-6	4	0	-533	491	-151	131	108	-168
3	-259	299	163377272	-6	14	-32	14	-6	5	0	-539	496	-151	131	108	-168
3	-259	299	163379268	-5	12	-27	13	-4	3	0	-543	499	-151	131	108	-168
3	-259	299	163381268	-5	14	-26	13	-5	4	0	-548	503	-151	131	108	-168
3	-259	299	163383268	-5	12	-26	11	-5	4	0	-553	507	-151	131	108	-168
3	-259	299	163385272	-5	13	-24	13	-4	4	0	-557	511	-151	131	108	-168
3	-259	299	163387268	-4	11	-22	11	-4	3	0	-561	514	-151	131	108	-168
3	-259	299	163389268	-5	11	-23	11	-4	3	0	-565	517	-151	131	108	-168
3	-259	299	163391272	-3	12	-21	10	-4	4	0	-569	521	-151	131	108	-168
3	-259	299	163393280	-4	10	-21	11	-3	3	0	-572	524	-151	131	108	-168
3	-259	299	163395284	-3	10	-19	10	-4	3	0	-576	527	-151	131	108	-168
3	-259	299	163397292	-3	10	-16	9	-3	3	0	-579	530	-151	131	108	-168
3	-259	299	163399292	-3	8	-17	9	-3	2	0	-582	532	-151	131	108	-168
3	-259	299	163401292	-2	8	-13	7	-2	2	0	-584	534	-151	131	108	-168
3	-259	299	163403284	-3	7	-13	8	-2	3	0	-586	537	-151	131	108	-168
3	-259	299	163405284	-2	8	-12	7	-2	2	0	-588	539	-151	131	108	-168
3	-259	299	163407276	-2	5	-12	5	-2	1	0	-590	540	-151	131	108	-168
3	-259	299	163409284	-2	6	-11	7	-2	2	1	-592	542	-151	131	108	-168
4	333	-214	163411280	-1	4	-7	5	-2	2	1	-153	133	182	-83	-151	131
4	333	-214	163413280	-2	5	-8	3	-1	1	1	-154	134	182	-83	-151	131
4	333	-214	163415284	-1	2	-6	4	-1	1	1	-155	135	182	-83	-151	131
4	333	-214	163417288	-1	4	-5	4	-1	1	1	-156	136	182	-83	-151	131
4	333	-214	163419292	-1	3	-5	2	-1	1	1	-157	137	182	-83	-151	131
4	333	-214	163421284	-2	2	-4	2	-1	0	1	-158	137	182	-83	-151	131
4	333	-214	163423284	0	1	-4	2	0	1	1	-158	138	182	-83	-151	131
4	333	-214	163425288	0	2	-2	1	-1	0	1	-159	138	182	-83	-151	131
4	333	-214	163427284	-1	0	-3	2	0	1	1	-159	139	182	-83	-151	131
4	333	-214	163429288	0	1	-1	0	-1	0	1	-160	139	182	-83	-151	131
4	333	-214	163431264	0	0	-1	1	0	0	1	-160	139	182	-83	-151	131
4	333	-214	163433236	0	0	-1	0	0	0	1	-160	139	182	-83	-151	131
4	333	-214	163437236	0	0	-2	0	0	0	1	-160	139	182	-83	-151	131
4	333	-214	163441236	-1	0	0	0	0	0	1	-160	139	182	-83	-151	131
4	333	-214	163445232	-1	0	0	0	0	0	1	-160	139	182	-83	-151	131
4	333	-214	163449236	-2	0	0	0	-1	0	1	-161	139	182	-83	-151	131
4	333	-214	163451228	-1	0	0	0	0	0	1	-161	139	182	-83	-151	131
4	333	-214	163453220	-1	0	0	0	0	0	1	-161	139	182	-83	-151	131
4	333	-214	163455244	-3	-1	0	0	0	0	1	-161	139	182	-83	-151	131
4	333	-214	163457260	-2	0	0	-1	-1	0	1	-162	139	182	-83	-151	131
4	333	-214	163459244	-3	-1	0	-1	0	0	1	-162	139	182	-83	-151	131
4	333	-214	163461260	-2	-1	0	0	-1	0	1	-163	139	182	-83	-151	131
4	333	-214	163463240	-3	-1	0	-1	0	0	1	-163	139	182	-83	-151	131
4	333	-214	163465252	-3	-2	1	-1	0	-1	1	-163	138	182	-83	-151	131
4	333	-214	163467244	-4	-1	0	-2	-1	0	1	-164	138	182	-83	-151	131
4	333	-214	163469256	-5	-1	0	-2	-1	-1	1	-165	137	182	-83	-151	131
4	333	-214	163471224	-4	-1	0	-1	0	0	1	-165	137	182	-83	-151	131
4	333	-214	163473252	-5	-3	1	-3	-1	-1	1	-166	136	182	-83	-151	131
4	333	-214	163475220	-4	-2	0	-2	0	0	1	-166	136	182	-83	-151	131
4	333	-214	163477248	-6	-4	1	-3	-1	-1	1	-167	135	182	-83	-151	131
4	333	-214	163479244	-5	-3	2	-4	-1	-1	1	-168	134	182	-83	-151	131
4	333	-214	163481224	-5	-5	1	-3	0	-2	1	-168	132	182	-83	-151	131
4	333	-214	163483236	-5	-5	1	-5	-1	-1	1	-169	131	182	-83	-151	131
4	333	-214	163485216	-6	-5	3	-5	0	-2	1	-169	129	182	-83	-151	131
4	333	-214	163487228	-5	-6	2	-5	-1	-1	1	-170	128	182	-83	-151	131
4	333	-214	163489208	-5	-6	3	-7	0	-2	0	-170	126	182	-83	-151	131
4	333	-214	163491188	-5	-8	5	-7	0	-3	0	-170	123	182	-83	-151	131
4	333	-214	163493184	-5	-8	5	-8	0	-2	0	-170	121	182	-83	-151	131
4	333	-214	163495212	-4	-8	5	-8	0	-2	0	-170	119	182	-83	-151	131
4	333	-214	163497212	-5	-10	6	-8	0	-3	0	-170	116	182	-83	-151	131
4	333	-214	163499216	-4	-9	7	-10	0	-3	0	-170	113	182	-83	-151	131
4	333	-214	163501216	-3	-11	8	-10	0	-3	0	-170	110	182	-83	-151	131
4	333	-214	163503224	-3	-10	9	-10	1	-3	0	-169	107	182	-83	-151	131
4	333	-214	163505224	-4	-14	10	-11	1	-4	0	-168	103	182	-83	-151	131
4	333	-214	163507224	-1	-11	12	-13	2	-3	0	-166	100	182	-83	-151	131
4	333	-214	163509216	-2	-14	11	-12	1	-4	0	-165	96	182	-83	-151	131
4	333	-214	163511220	-2	-12	13	-13	2	-4	0	-163	92	182	-83	-151	131
4	333	-214	163513220	-1	-15	14	-12	2	-4	0	-161	88	182	-83	-151	131
4	333	-214	163515220	0	-14	15	-14	2	-4	0	-159	84	182	-83	-151	131
4	333	-214	163517216	0	-15	16	-14	3	-5	0	-156	79	182	-83	-151	131
4	333	-214	163519212	0	-15	17	-13	2	-4	0	-154	75	182	-83	-151	131
4	333	-214	163521212	1	-16	19	-15	3	-4	0	-151	71	182	-83	-151	131
4	333	-214	163523204	2	-15	24	-17	4	-5	0	-147	66	182	-83	-151	131
4	333	-214	163525204	3	-18	21	-16	4	-5	0	-143	61	182	-83	-151	131
4	333	-214	163527208	3	-16	23	-15	3	-5	0	-140	56	182	-83	-151	131
4	333	-214	163529200	4	-19	25	-16	5	-5	0	-135	51	182	-83	-151	131
4	333	-214	163531208	5	-17	26	-16	4	-5	0	-131	46	182	-83	-151	131
4	333	-214	163533212	6	-20	29	-18	6	-6	0	-125	40	182	-83	-151	131
4	333	-214	163535216	5	-18	30	-17	5	-5	0	-120	35	182	-83	-151	131
4	333	-214	163537220	8	-22	31	-19	6	-6	0	-114	29	182	-83	-151	131
4	333	-214	163539224	7	-20	37	-21	6	-6	0	-108	23	182	-83	-151	131
4	333	-214	163541228	9	-24	37	-20	7	-7	0	-101	16	182	-83	-151	131
4	333	-214	163543232	8	-21	37	-22	7	-7	0	-94	9	182	-83	-151	131
4	333	-214	163545228	10	-25	40	-21	8	-6	0	-86	3	182	-83	-151	131
4	333	-214	163547228	10	-23	41	-22	7	-7	0	-79	-4	182	-83	-151	131
4	333	-214	163549224	11	-27	44	-23	8	-8	0	-71	-12	182	-83	-151	131
4	333	-214	163551216	10	-25	46	-24	9	-7	0	-62	-19	182	-83	-151	131
4	333	-214	163553216	14	-29	48	-25	9	-8	0	-53	-27	182	-83	-151	131
4	333	-214	163555216	11	-26	57	-30	10	-9	0	-43	-36	182	-83	-151	131
4	333	-214	163557216	14	-31	53	-26	10	-8	0	-33	-44	182	-83	-151	131
4	333	-214	163559220	12	-29	55	-29	10	-9	0	-23	-53	182	-83	-151	131
4	333	-214	163561224	16	-33	56	-27	11	-9	0	-12	-62	182	-83	-151	131
4	333	-214	163563228	13	-28	59	-29	11	-8	0	-1	-70	182	-83	-151	131
4	333	-214	163565232	16	-35	61	-30	12	-10	0	11	-80	182	-83	-151	131
4	333	-214	163567232	15	-30	61	-31	11	-9	0	22	-89	182	-83	-151	131
4	333	-214	163569228	18	-35	64	-30	12	-10	0	34	-99	182	-83	-151	131
4	333	-214	163571224	16	-33	76	-36	14	-10	0	48	-109	182	-83	-151	131
4	333	-214	163573216	19	-35	68	-32	13	-10	0	61	-119	182	-83	-151	131
4	333	-214	163575216	17	-32	69	-32	13	-10	0	74	-129	182	-83	-151	131
4	333	-214	163577224	21	-37	70	-31	14	-10	0	88	-139	182	-83	-151	131
4	333	-214	163579224	19	-31	72	-32	13	-10	0	101	-149	182	-83	-151	131
4	333	-214	163581224	23	-36	73	-31	15	-10	0	116	-159	182	-83	-151	131
4	333	-214	163583228	20	-31	73	-31	14	-9	0	130	-168	182	-83	-151	131
4	333	-214	163585220	23	-35	74	-30	14	-10	0	144	-178	182	-83	-151	131
4	333	-214	163587220	22	-30	86	-34	16	-9	0	160	-187	182	-83	-151	131
4	333	-214	163589220	26	-34	75	-30	16	-10	0	176	-197	182	-83	-151	131
4	333	-214	163591220	22	-29	77	-27	14	-8	0	190	-205	182	-83	-151	131
4	333	-214	163593208	28	-31	76	-28	16	-9	0	206	-214	182	-83	-151	131
4	333	-214	163595212	24	-26	75	-26	15	-8	0	221	-222	182	-83	-151	131
4	333	-214	163597204	28	-30	76	-26	16	-8	0	237	-230	182	-83	-151	131
4	333	-214	163599208	25	-25	75	-25	15	-8	0	252	-238	182	-83	-151	131
4	333	-214	163601200	29	-28	76	-24	15	-8	0	267	-246	182	-83	-151	131
4	333	-214	163603204	26	-22	85	-26	17	-7	0	284	-253	182	-83	-151	131
4	333	-214	163605208	30	-25	74	-22	16	-7	0	300	-260	182	-83	-151	131
4	333	-214	163607208	25	-22	74	-21	14	-6	0	314	-266	182	-83	-151	131
4	333	-214	163609212	30	-22	71	-20	16	-7	0	330	-273	182	-83	-151	131
4	333	-214	163611204	27	-19	71	-19	14	-5	0	344	-278	182	-83	-151	131
4	333	-214	163613208	28	-21	70	-18	15	-6	0	359	-284	182	-83	-151	131
4	333	-214	163615208	25	-16	69	-18	14	-5	0	373	-289	182	-83	-151	131
4	333	-214	163617216	29	-19	68	-16	15	-6	0	388	-295	182	-83	-151	131
4	333	-214	163619220	25	-16	75	-19	15	-5	0	403	-300	182	-83	-151	131
4	333	-214	163621212	26	-18	63	-15	13	-5	0	416	-305	182	-83	-151	131
4	333	-214	163623216	24	-14	63	-15	13	-4	0	429	-309	182	-83	-151	131
4	333	-214	163625224	25	-16	60	-14	13	-5	0	442	-314	182	-83	-151	131
4	333	-214	163627216	23	-12	59	-13	12	-3	0	454	-317	182	-83	-151	131
4	333	-214	163629224	23	-15	56	-13	12	-5	0	466	-322	182	-83	-151	131
4	333	-214	163631228	19	-13	55	-12	11	-3	0	477	-325	182	-83	-151	131
4	333	-214	163633220	23	-12	52	-12	11	-4	0	488	-329	182	-83	-151	131
4	333	-214	163635224	17	-12	58	-12	11	-4	0	499	-333	182	-83	-151	131
4	333	-214	163637224	19	-12	47	-11	10	-3	0	509	-336	182	-83	-151	131
4	333	-214	163639216	16	-9	47	-10	10	-3	0	519	-339	182	-83	-151	131
4	333	-214	163641216	18	-11	43	-10	9	-3	0	528	-342	182	-83	-151	131
4	333	-214	163643216	13	-9	42	-9	8	-3	0	536	-345	182	-83	-151	131
4	333	-214	163645216	15	-10	38	-9	8	-3	0	544	-348	182	-83	-151	131
4	333	-214	163647212	12	-7	38	-7	8	-2	0	552	-350	182	-83	-151	131
4	333	-214	163649216	12	-9	35	-8	7	-2	0	559	-352	182	-83	-151	131
4	333	-214	163651216	10	-6	36	-7	7	-2	0	566	-354	182	-83	-151	131
4	333	-214	163653220	11	-8	30	-7	6	-2	0	572	-356	182	-83	-151	131
4	333	-214	163655220	8	-6	28	-6	5	-2	0	577	-358	182	-83	-151	131
4	333	-214	163657212	9	-6	26	-5	5	-2	0	582	-360	182	-83	-151	131
4	333	-214	163659220	6	-5	22	-5	5	-1	0	587	-361	182	-83	-151	131
4	333	-214	163661216	6	-5	22	-4	4	-2	0	591	-363	182	-83	-151	131
4	333	-214	163663224	5	-4	18	-5	3	-1	0	594	-364	182	-83	-151	131
4	333	-214	163665224	5	-4	18	-2	4	-1	0	598	-365	182	-83	-151	131
4	333	-214	163667220	4	-4	16	-4	3	-1	0	601	-366	182	-83	-151	131
4	333	-214	163669224	2	-2	13	-2	2	-1	0	603	-367	182	-83	-151	131
4	333	-214	163671220	3	-3	11	-3	2	-1	0	605	-368	182	-83	-151	131
4	333	-214	163673204	2	-1	10	-1	2	0	0	607	-368	182	-83	-151	131
4	333	-214	163675204	2	-2	7	-1	1	0	0	608	-368	182	-83	-151	131
4	333	-214	163677216	1	-2	8	-2	2	-1	0	610	-369	182	-83	-151	131
4	333	-214	163679192	1	0	5	-1	0	0	0	610	-369	182	-83	-151	131
4	333	-214	163681204	0	-1	5	-1	1	0	0	611	-369	182	-83	-151	131
4	333	-214	163683172	1	0	4	0	1	0	0	612	-369	182	-83	-151	131
4	333	-214	163685208	0	-1	2	-1	0	-1	1	612	-370	182	-83	-151	131
5	333	-214	163687172	0	0	1	0	0	0	1	182	-83	182	-83	-151	131
5	333	-214	163689188	0	0	2	0	1	0	1	183	-83	182	-83	-151	131
5	333	-214	163691168	0	0	1	0	0	0	1	183	-83	182	-83	-151	131
5	-380	111	163695176	0	0	1	0	0	0	1	183	-83	-198	28	182	-83
5	-380	111	163769232	0	0	-2	0	0	0	0	183	-83	-198	28	182	-83
5	-380	111	163771232	0	0	-2	0	0	0	0	183	-83	-198	28	182	-83
5	-380	111	163773228	0	0	-3	0	0	0	0	183	-83	-198	28	182	-83
5	-380	111	163775240	0	0	-5	0	-1	0	0	182	-83	-198	28	182	-83
5	-380	111	163777244	0	0	-6	0	-1	0	0	181	-83	-198	28	182	-83
5	-380	111	163779240	0	0	-7	0	-1	0	0	180	-83	-198	28	182	-83
5	-380	111	163781260	0	2	-9	0	-1	0	0	179	-83	-198	28	182	-83
5	-380	111	163783236	0	0	-10	0	-2	0	0	177	-83	-198	28	182	-83
5	-380	111	163785260	-1	0	-11	1	-1	0	0	176	-83	-198	28	182	-83
5	-380	111	163787256	-2	1	-14	0	-3	0	0	173	-83	-198	28	182	-83
5	-380	111	163789252	-2	1	-15	2	-2	0	0	171	-83	-198	28	182	-83
5	-380	111	163791232	-3	0	-18	0	-3	0	0	168	-83	-198	28	182	-83
5	-380	111	163793272	-3	1	-22	1	-4	1	0	164	-82	-198	28	182	-83
5	-380	111	163795260	-4	2	-21	0	-4	0	0	160	-82	-198	28	182	-83
5	-380	111	163797256	-5	1	-24	1	-4	0	0	156	-82	-198	28	182	-83
5	-380	111	163799264	-5	2	-25	1	-5	1	0	151	-81	-198	28	182	-83
5	-380	111	163801248	-6	2	-28	2	-5	0	0	146	-81	-198	28	182	-83
5	-380	111	163803268	-8	1	-30	1	-6	1	0	140	-80	-198	28	182	-83
5	-380	111	163805256	-7	2	-31	2	-5	0	0	135	-80	-198	28	182	-83
5	-380	111	163807264	-10	3	-32	2	-7	1	0	128	-79	-198	28	182	-83
5	-380	111	163809248	-9	2	-40	1	-7	0	0	121	-79	-198	28	182	-83
5	-380	111	163811256	-11	3	-38	2	-7	1	0	114	-78	-198	28	182	-83
5	-380	111	163813260	-12	2	-39	2	-8	1	0	106	-77	-198	28	182	-83
5	-380	111	163815248	-15	3	-40	1	-8	0	0	98	-77	-198	28	182	-83
5	-380	111	163817260	-12	2	-42	2	-8	1	0	90	-76	-198	28	182	-83
5	-380	111	163819264	-16	3	-44	2	-9	1	0	81	-75	-198	28	182	-83
5	-380	111	163821256	-15	2	-46	2	-9	0	0	72	-75	-198	28	182	-83
5	-380	111	163823272	-19	3	-48	3	-11	1	0	61	-74	-198	28	182	-83
5	-380	111	163825268	-18	2	-57	2	-11	1	0	50	-73	-198	28	182	-83
5	-380	111	163827264	-20	4	-51	3	-10	1	0	40	-72	-198	28	182	-83
5	-380	111	163829260	-20	3	-55	2	-12	1	0	28	-71	-198	28	182	-83
5	-380	111	163831244	-22	2	-58	1	-12	0	0	16	-71	-198	28	182	-83
5	-380	111	163833252	-23	3	-59	3	-12	1	0	4	-70	-198	28	182	-83
5	-380	111	163835248	-25	2	-61	1	-13	0	0	-9	-70	-198	28	182	-83
5	-380	111	163837256	-23	3	-64	3	-13	1	0	-22	-69	-198	28	182	-83
5	-380	111	163839256	-29	2	-66	2	-14	1	0	-36	-68	-198	28	182	-83
5	-380	111	163841252	-26	3	-79	3	-16	1	0	-52	-67	-198	28	182	-83
5	-380	111	163843264	-30	3	-71	2	-15	1	0	-67	-66	-198	28	182	-83
5	-380	111	163845240	-29	3	-72	1	-15	0	0	-82	-66	-198	28	182	-83
5	-380	111	163847252	-34	4	-77	3	-17	1	0	-99	-65	-198	28	182	-83
5	-380	111	163849252	-30	2	-78	2	-16	1	0	-115	-64	-198	28	182	-83
5	-380	111	163851252	-36	4	-82	4	-18	1	0	-133	-63	-198	28	182	-83
5	-380	111	163853252	-33	4	-82	3	-17	1	0	-150	-62	-198	28	182	-83
5	-380	111	163855252	-37	5	-85	3	-18	1	0	-168	-61	-198	28	182	-83
5	-380	111	163857256	-35	5	-100	4	-21	2	0	-189	-59	-198	28	182	-83
5	-380	111	163859256	-40	6	-90	5	-19	1	0	-208	-58	-198	28	182	-83
5	-380	111	163861256	-38	5	-91	5	-19	2	0	-227	-56	-198	28	182	-83
5	-380	111	163863264	-42	7	-94	5	-21	2	0	-248	-54	-198	28	182	-83
5	-380	111	163865256	-39	8	-96	6	-20	2	0	-268	-52	-198	28	182	-83
5	-380	111	163867260	-44	9	-98	7	-21	2	0	-289	-50	-198	28	182	-83
5	-380	111	163869268	-41	7	-100	7	-22	2	0	-311	-48	-198	28	182	-83
5	-380	111	163871260	-46	11	-100	8	-21	3	0	-332	-45	-198	28	182	-83
5	-380	111	163873264	-41	9	-116	10	-24	3	0	-356	-42	-198	28	182	-83
5	-380	111	163875264	-49	13	-104	8	-23	3	0	-379	-39	-198	28	182	-83
5	-380	111	163877272	-43	11	-105	10	-22	3	0	-401	-36	-198	28	182	-83
5	-380	111	163879276	-50	12	-105	10	-23	3	0	-424	-33	-198	28	182	-83
5	-380	111	163881280	-43	13	-105	12	-23	4	0	-447	-29	-198	28	182	-83
5	-380	111	163883284	-50	14	-105	11	-23	4	0	-470	-25	-198	28	182	-83
5	-380	111	163885288	-44	13	-106	12	-22	4	0	-492	-21	-198	28	182	-83
5	-380	111	163887292	-51	17	-119	15	-26	4	0	-518	-17	-198	28	182	-83
5	-380	111	163889288	-44	13	-105	13	-22	4	0	-540	-13	-198	28	182	-83
5	-380	111	163891292	-50	18	-102	14	-23	5	0	-563	-8	-198	28	182	-83
5	-380	111	163893296	-44	15	-103	13	-22	4	0	-585	-4	-198	28	182	-83
5	-380	111	163895292	-50	17	-101	14	-23	5	0	-608	1	-198	28	182	-83
5	-380	111	163897296	-42	17	-99	15	-21	5	0	-629	6	-198	28	182	-83
5	-380	111	163899300	-49	17	-97	14	-22	4	0	-651	10	-198	28	182	-83
5	-380	111	163901300	-43	16	-97	15	-21	5	0	-672	15	-198	28	182	-83
5	-380	111	163903300	-47	18	-106	16	-23	5	0	-695	20	-198	28	182	-83
5	-380	111	163905300	-41	15	-90	14	-19	5	0	-714	25	-198	28	182	-83
5	-380	111	163907300	-47	17	-89	14	-21	4	0	-735	29	-198	28	182	-83
5	-380	111	163909300	-40	15	-85	15	-18	5	0	-753	34	-198	28	182	-83
5	-380	111	163911300	-43	17	-83	12	-19	4	0	-772	38	-198	28	182	-83
5	-380	111	163913308	-43	16	-80	14	-19	5	0	-791	43	-198	28	182	-83
5	-380	111	163915308	-36	12	-78	12	-17	3	0	-808	46	-198	28	182	-83
5	-380	111	163917320	-41	15	-85	14	-19	5	0	-827	51	-198	28	182	-83
5	-380	111	163919312	-34	13	-71	13	-16	3	0	-843	54	-198	28	182	-83
5	-380	111	163921312	-38	14	-68	11	-15	4	0	-858	58	-198	28	182	-83
5	-380	111	163923320	-31	10	-65	10	-15	3	0	-873	61	-198	28	182	-83
5	-380	111	163925320	-34	12	-62	10	-14	3	0	-887	64	-198	28	182	-83
5	-380	111	163927320	-28	9	-59	10	-13	3	0	-900	67	-198	28	182	-83
5	-380	111	163929324	-30	10	-55	9	-13	3	0	-913	70	-198	28	182	-83
5	-380	111	163931324	-27	9	-52	7	-12	3	0	-925	73	-198	28	182	-83
5	-380	111	163933328	-26	7	-57	9	-12	2	0	-937	75	-198	28	182	-83
5	-380	111	163935328	-22	8	-45	7	-10	2	0	-947	77	-198	28	182	-83
5	-380	111	163937332	-23	6	-42	7	-10	2	0	-957	79	-198	28	182	-83
5	-380	111	163939332	-19	6	-39	6	-9	2	0	-966	81	-198	28	182	-83
5	-380	111	163941324	-20	5	-36	5	-8	1	0	-974	82	-198	28	182	-83
5	-380	111	163943320	-15	5	-34	6	-8	2	0	-982	84	-198	28	182	-83
5	-380	111	163945324	-16	5	-30	4	-7	1	0	-989	85	-198	28	182	-83
5	-380	111	163947324	-12	4	-29	5	-6	2	0	-995	87	-198	28	182	-83
5	-380	111	163949320	-14	5	-27	5	-6	1	0	-1001	88	-198	28	182	-83
5	-380	111	163951320	-9	2	-23	4	-5	1	0	-1006	89	-198	28	182	-83
5	-380	111	163953324	-11	4	-20	2	-4	1	0	-1010	90	-198	28	182	-83
5	-380	111	163955316	-8	3	-17	4	-4	1	0	-1014	91	-198	28	182	-83
5	-380	111	163957324	-7	2	-15	2	-3	1	0	-1017	92	-198	28	182	-83
5	-380	111	163959316	-6	3	-14	3	-3	1	0	-1020	93	-198	28	182	-83
5	-380	111	163961308	-7	1	-11	1	-3	0	0	-1023	93	-198	28	182	-83
5	-380	111	163963324	-3	2	-10	3	-2	1	0	-1025	94	-198	28	182	-83
5	-380	111	163965320	-5	2	-10	1	-2	0	0	-1027	94	-198	28	182	-83
5	-380	111	163967324	-3	1	-8	1	-2	0	0	-1029	94	-198	28	182	-83
5	-380	111	163969336	-4	1	-6	1	-1	1	0	-1030	95	-198	28	182	-83
5	-380	111	163971324	-1	1	-5	2	-1	0	0	-1031	95	-198	28	182	-83
5	-380	111	163973296	-2	0	-5	0	-1	0	0	-1032	95	-198	28	182	-83
5	-380	111	163975328	-2	2	-4	1	-1	1	0	-1033	96	-198	28	182	-83
5	-380	111	163977292	-1	0	-2	0	-1	0	0	-1034	96	-198	28	182	-83
5	-380	111	163979300	-1	0	-3	1	0	0	0	-1034	96	-198	28	182	-83
5	-380	111	163981316	0	1	-2	0	-1	0	0	-1035	96	-198	28	182	-83
5	-380	111	163983268	-1	0	-1	0	0	0	0	-1035	96	-198	28	182	-83
5	-380	111	163985268	0	0	-2	0	0	0	0	-1035	96	-198	28	182	-83
5	-380	111	163987264	-2	0	0	0	0	0	0	-1035	96	-198	28	182	-83
5	-380	111	163989280	0	0	-1	0	-1	0	0	-1036	96	-198	28	182	-83
5	-380	111	163995272	0	0	-1	0	0	0	1	-1036	96	-198	28	182	-83
6	-380	111	163999280	0	0	0	1	0	0	1	-198	28	-198	28	182	-83
6	396	0	164059292	-1	0	0	0	0	0	1	-198	28	198	28	-198	28
6	396	0	164061292	-1	0	0	0	0	0	1	-198	28	198	28	-198	28
6	396	0	164063296	-1	0	0	0	0	0	1	-198	28	198	28	-198	28
6	396	0	164065320	-2	0	0	0	-1	0	1	-199	28	198	28	-198	28
6	396	0	164067300	-2	0	0	0	0	0	1	-199	28	198	28	-198	28
6	396	0	164069320	-3	-1	0	-1	0	0	1	-199	28	198	28	-198	28
6	396	0	164071320	-3	-1	2	0	0	0	1	-199	28	198	28	-198	28
6	396	0	164073324	-4	-1	0	-2	-1	0	1	-200	28	198	28	-198	28
6	396	0	164075320	-4	-1	1	-1	0	0	1	-200	28	198	28	-198	28
6	396	0	164077344	-4	-2	1	-2	-1	-1	1	-201	27	198	28	-198	28
6	396	0	164079320	-3	-2	1	-2	0	0	1	-201	27	198	28	-198	28
6	396	0	164081352	-5	-3	3	-2	-1	-1	0	-202	26	198	28	-198	28
6	396	0	164083332	-4	-2	2	-3	0	-1	0	-202	25	198	28	-198	28
6	396	0	164085328	-5	-4	3	-2	0	-1	0	-202	24	198	28	-198	28
6	396	0	164087284	-4	-2	4	-3	0	0	0	-202	24	198	28	-198	28
6	396	0	164089300	-5	-4	5	-3	0	-1	0	-202	23	198	28	-198	28
6	396	0	164091328	-4	-4	5	-4	0	-2	0	-202	21	198	28	-198	28
6	396	0	164093336	-3	-5	7	-5	0	-1	0	-202	20	198	28	-198	28
6	396	0	164095340	-3	-5	6	-4	0	-2	0	-202	18	198	28	-198	28
6	396	0	164097352	-2	-5	9	-5	1	-1	0	-201	17	198	28	-198	28
6	396	0	164099344	-2	-4	10	-4	1	-1	0	-200	16	198	28	-198	28
6	396	0	164101344	-1	-6	11	-5	2	-2	0	-198	14	198	28	-198	28
6	396	0	164103344	0	-5	13	-5	2	-1	0	-196	13	198	28	-198	28
6	396	0	164105348	0	-5	15	-5	2	-2	0	-194	11	198	28	-198	28
6	396	0	164107344	1	-5	15	-6	2	-2	0	-192	9	198	28	-198	28
6	396	0	164109348	3	-6	20	-6	4	-1	0	-188	8	198	28	-198	28
6	396	0	164111344	4	-5	20	-5	3	-2	0	-185	6	198	28	-198	28
6	396	0	164113340	6	-6	22	-5	5	-1	0	-180	5	198	28	-198	28
6	396	0	164115344	5	-5	23	-6	4	-2	0	-176	3	198	28	-198	28
6	396	0	164117348	9	-7	26	-5	5	-2	0	-171	1	198	28	-198	28
6	396	0	164119352	9	-5	29	-5	6	-1	0	-165	0	198	28	-198	28
6	396	0	164121356	12	-5	30	-5	6	-2	0	-159	-2	198	28	-198	28
6	396	0	164123356	12	-5	39	-7	8	-2	0	-151	-4	198	28	-198	28
6	396	0	164125352	15	-5	36	-3	7	-1	0	-144	-5	198	28	-198	28
6	396	0	164127352	15	-3	39	-5	9	-1	0	-135	-6	198	28	-198	28
6	396	0	164129356	18	-4	42	-4	9	-1	0	-126	-7	198	28	-198	28
6	396	0	164131352	19	-4	45	-4	9	-2	0	-117	-9	198	28	-198	28
6	396	0	164133348	23	-5	49	-4	11	-1	0	-106	-10	198	28	-198	28
6	396	0	164135340	22	-2	51	-2	11	0	0	-95	-10	198	28	-198	28
6	396	0	164137360	29	-4	55	-3	12	-2	0	-83	-12	198	28	-198	28
6	396	0	164139344	27	-3	68	-2	15	0	0	-68	-12	198	28	-198	28
6	396	0	164141356	33	-1	62	-3	14	-1	0	-54	-13	198	28	-198	28
6	396	0	164143348	31	-2	66	-1	15	0	0	-39	-13	198	28	-198	28
6	396	0	164145356	39	-2	70	0	16	-1	0	-23	-14	198	28	-198	28
6	396	0	164147344	36	0	75	-1	17	0	0	-6	-14	198	28	-198	28
6	396	0	164149316	44	0	78	0	18	0	0	12	-14	198	28	-198	28
6	396	0	164151316	41	0	81	0	18	0	0	30	-14	198	28	-198	28
6	396	0	164153352	49	0	84	2	20	0	0	50	-14	198	28	-198	28
6	396	0	164155340	44	1	101	2	22	0	0	72	-14	198	28	-198	28
6	396	0	164157352	53	1	91	3	21	1	0	93	-13	198	28	-198	28
6	396	0	164159336	49	1	95	2	22	0	0	115	-13	198	28	-198	28
6	396	0	164161356	58	3	98	4	23	1	0	138	-12	198	28	-198	28
6	396	0	164163348	53	2	100	4	23	1	0	161	-11	198	28	-198	28
6	396	0	164165352	62	4	102	5	25	1	0	186	-10	198	28	-198	28
6	396	0	164167348	56	4	105	5	24	2	0	210	-8	198	28	-198	28
6	396	0	164169348	66	4	108	5	26	1	0	236	-7	198	28	-198	28
6	396	0	164171348	59	3	124	6	28	1	0	264	-6	198	28	-198	28
6	396	0	164173348	69	5	111	5	27	2	0	291	-4	198	28	-198	28
6	396	0	164175356	60	5	111	6	25	2	0	316	-2	198	28	-198	28
6	396	0	164177344	71	5	113	6	28	1	0	344	-1	198	28	-198	28
6	396	0	164179344	62	5	112	8	26	2	0	370	1	198	28	-198	28
6	396	0	164181344	72	7	113	6	28	2	0	398	3	198	28	-198	28
6	396	0	164183344	62	6	113	8	26	2	0	424	5	198	28	-198	28
6	396	0	164185344	73	6	112	7	28	2	0	452	7	198	28	-198	28
6	396	0	164187348	63	6	112	8	26	2	0	478	9	198	28	-198	28
6	396	0	164189348	73	8	126	8	30	3	0	508	12	198	28	-198	28
6	396	0	164191348	62	7	110	9	26	2	0	534	14	198	28	-198	28
6	396	0	164193352	73	8	109	9	27	3	0	561	17	198	28	-198	28
6	396	0	164195352	61	7	106	9	25	2	0	586	19	198	28	-198	28
6	396	0	164197344	71	9	105	7	26	2	0	612	21	198	28	-198	28
6	396	0	164199344	60	8	104	10	25	3	0	637	24	198	28	-198	28
6	396	0	164201352	69	8	101	9	26	3	0	663	27	198	28	-198	28
6	396	0	164203352	58	9	112	11	25	3	0	688	30	198	28	-198	28
6	396	0	164205344	65	9	95	9	24	2	0	712	32	198	28	-198	28
6	396	0	164207348	56	9	92	11	22	3	0	734	35	198	28	-198	28
6	396	0	164209348	61	10	90	10	23	3	0	757	38	198	28	-198	28
6	396	0	164211352	53	8	86	10	21	3	0	778	41	198	28	-198	28
6	396	0	164213352	58	12	83	11	21	3	0	799	44	198	28	-198	28
6	396	0	164215356	49	8	80	12	19	3	0	818	47	198	28	-198	28
6	396	0	164217356	54	12	76	11	20	4	0	838	51	198	28	-198	28
6	396	0	164219352	45	10	83	12	19	3	0	857	54	198	28	-198	28
6	396	0	164221352	49	10	67	10	17	3	0	874	57	198	28	-198	28
6	396	0	164223364	41	10	65	12	16	4	0	890	61	198	28	-198	28
6	396	0	164225360	44	11	60	11	16	3	0	906	64	198	28	-198	28
6	396	0	164227352	35	9	56	10	13	3	0	919	67	198	28	-198	28
6	396	0	164229352	38	11	53	10	14	3	0	933	70	198	28	-198	28
6	396	0	164231356	32	9	49	10	12	3	0	945	73	198	28	-198	28
6	396	0	164233360	32	10	43	10	12	3	0	957	76	198	28	-198	28
6	396	0	164235348	26	8	47	10	10	2	0	967	78	198	28	-198	28
6	396	0	164237348	27	9	36	10	10	3	0	977	81	198	28	-198	28
6	396	0	164239344	21	8	31	7	8	2	0	985	83	198	28	-198	28
6	396	0	164241344	22	8	29	8	7	3	0	992	86	198	28	-198	28
6	396	0	164243348	17	7	26	7	7	2	0	999	88	198	28	-198	28
6	396	0	164245352	17	6	21	7	6	2	0	1005	90	198	28	-198	28
6	396	0	164247356	13	5	19	6	4	2	0	1009	92	198	28	-198	28
6	396	0	164249348	11	6	16	5	4	1	0	1013	93	198	28	-198	28
6	396	0	164251348	9	4	17	5	4	2	0	1017	95	198	28	-198	28
6	396	0	164253352	8	4	11	4	3	1	0	1020	96	198	28	-198	28
6	396	0	164255360	7	2	9	3	3	1	0	1023	97	198	28	-198	28
6	396	0	164257352	5	4	7	4	1	1	0	1024	98	198	28	-198	28
6	396	0	164259328	3	1	6	1	2	0	0	1026	98	198	28	-198	28
6	396	0	164261344	4	3	4	3	1	1	0	1027	99	198	28	-198	28
6	396	0	164263336	1	1	4	1	1	0	0	1028	99	198	28	-198	28
6	396	0	164265328	3	0	2	1	0	0	0	1028	99	198	28	-198	28
6	396	0	164267356	1	1	3	2	1	1	0	1029	100	198	28	-198	28
6	396	0	164269328	0	0	1	1	0	0	0	1029	100	198	28	-198	28
6	396	0	164271292	0	0	1	0	0	0	0	1029	100	198	28	-198	28
6	396	0	164273292	0	1	0	1	0	0	0	1029	100	198	28	-198	28
6	396	0	164277300	0	0	2	0	1	0	0	1030	100	198	28	-198	28
6	396	0	164289284	0	0	0	1	0	0	0	1030	100	198	28	-198	28
6	396	0	164291284	0	0	1	0	0	0	1	1030	100	198	28	-198	28
7	-380	-111	164383380	0	0	-1	-1	0	0	1	198	28	-182	-83	198	28
7	-380	-111	164387376	0	-1	-1	-2	0	0	1	198	28	-182	-83	198	28
7	-380	-111	164389376	0	-2	-1	-2	0	0	1	198	28	-182	-83	198	28
7	-380	-111	164391388	0	-2	-3	-3	0	-1	1	198	27	-182	-83	198	28
7	-380	-111	164393372	0	-4	-2	-2	0	0	1	198	27	-182	-83	198	28
7	-380	-111	164395400	-3	-4	-3	-4	-1	-2	0	197	25	-182	-83	198	28
7	-380	-111	164397396	-2	-5	-5	-5	-1	-1	0	196	24	-182	-83	198	28
7	-380	-111	164399396	-4	-6	-5	-5	-2	-2	0	194	22	-182	-83	198	28
7	-380	-111	164401392	-4	-6	-6	-6	-1	-2	0	193	20	-182	-83	198	28
7	-380	-111	164403392	-5	-8	-7	-8	-2	-2	0	191	18	-182	-83	198	28
7	-380	-111	164405388	-6	-8	-9	-8	-2	-2	0	189	16	-182	-83	198	28
7	-380	-111	164407384	-8	-10	-11	-9	-3	-3	0	186	13	-182	-83	198	28
7	-380	-111	164409392	-7	-12	-15	-13	-3	-4	0	183	9	-182	-83	198	28
7	-380	-111	164411384	-10	-12	-15	-11	-4	-3	0	179	6	-182	-83	198	28
7	-380	-111	164413388	-11	-13	-17	-12	-4	-4	0	175	2	-182	-83	198	28
7	-380	-111	164415380	-13	-16	-20	-15	-5	-5	0	170	-3	-182	-83	198	28
7	-380	-111	164417388	-14	-15	-21	-15	-6	-4	0	164	-7	-182	-83	198	28
7	-380	-111	164419380	-17	-19	-25	-17	-6	-6	0	158	-13	-182	-83	198	28
7	-380	-111	164421372	-16	-17	-27	-17	-6	-5	0	152	-18	-182	-83	198	28
7	-380	-111	164423376	-22	-21	-29	-19	-8	-6	0	144	-24	-182	-83	198	28
7	-380	-111	164425384	-20	-19	-38	-22	-9	-6	0	135	-30	-182	-83	198	28
7	-380	-111	164427380	-25	-23	-36	-22	-9	-7	0	126	-37	-182	-83	198	28
7	-380	-111	164429376	-22	-21	-39	-22	-9	-6	0	117	-43	-182	-83	198	28
7	-380	-111	164431384	-29	-25	-41	-23	-11	-7	0	106	-50	-182	-83	198	28
7	-380	-111	164433380	-27	-22	-45	-23	-10	-7	0	96	-57	-182	-83	198	28
7	-380	-111	164435376	-33	-28	-47	-25	-12	-8	0	84	-65	-182	-83	198	28
7	-380	-111	164437384	-31	-25	-52	-27	-13	-8	0	71	-73	-182	-83	198	28
7	-380	-111	164439388	-36	-30	-61	-30	-14	-9	0	57	-82	-182	-83	198	28
7	-380	-111	164441388	-35	-26	-56	-28	-14	-8	0	43	-90	-182	-83	198	28
7	-380	-111	164443388	-40	-31	-60	-29	-15	-9	0	28	-99	-182	-83	198	28
7	-380	-111	164445388	-38	-29	-63	-30	-15	-9	0	13	-108	-182	-83	198	28
7	-380	-111	164447388	-45	-34	-65	-30	-17	-9	0	-4	-117	-182	-83	198	28
7	-380	-111	164449388	-41	-30	-67	-31	-16	-10	0	-20	-127	-182	-83	198	28
7	-380	-111	164451384	-49	-35	-71	-33	-18	-10	0	-38	-137	-182	-83	198	28
7	-380	-111	164453372	-44	-32	-73	-34	-17	-10	0	-55	-147	-182	-83	198	28
7	-380	-111	164455376	-52	-37	-75	-32	-19	-10	0	-74	-157	-182	-83	198	28
7	-380	-111	164457372	-46	-32	-89	-40	-21	-11	0	-95	-168	-182	-83	198	28
7	-380	-111	164459372	-55	-39	-80	-35	-20	-11	0	-115	-179	-182	-83	198	28
7	-380	-111	164461364	-50	-34	-82	-35	-20	-10	0	-135	-189	-182	-83	198	28
7	-380	-111	164463372	-58	-40	-84	-35	-21	-12	0	-156	-201	-182	-83	198	28
7	-380	-111	164465360	-52	-35	-86	-36	-21	-10	0	-177	-211	-182	-83	198	28
7	-380	-111	164467364	-62	-40	-88	-37	-22	-12	0	-199	-223	-182	-83	198	28
7	-380	-111	164469368	-53	-35	-90	-36	-22	-10	0	-221	-233	-182	-83	198	28
7	-380	-111	164471364	-64	-40	-91	-36	-23	-12	0	-244	-245	-182	-83	198	28
7	-380	-111	164473368	-56	-36	-106	-44	-24	-12	0	-268	-257	-182	-83	198	28
7	-380	-111	164475368	-67	-41	-94	-37	-24	-11	0	-292	-268	-182	-83	198	28
7	-380	-111	164477372	-58	-36	-95	-38	-23	-12	0	-315	-280	-182	-83	198	28
7	-380	-111	164479380	-68	-42	-95	-39	-25	-12	0	-340	-292	-182	-83	198	28
7	-380	-111	164481372	-61	-35	-97	-37	-23	-11	0	-363	-303	-182	-83	198	28
7	-380	-111	164483380	-70	-41	-97	-39	-26	-12	0	-389	-315	-182	-83	198	28
7	-380	-111	164485376	-63	-36	-97	-37	-24	-10	0	-413	-325	-182	-83	198	28
7	-380	-111	164487376	-71	-43	-98	-39	-25	-13	0	-438	-338	-182	-83	198	28
7	-380	-111	164489380	-62	-35	-112	-44	-26	-12	0	-464	-350	-182	-83	198	28
7	-380	-111	164491380	-72	-41	-96	-37	-25	-11	0	-489	-361	-182	-83	198	28
7	-380	-111	164493372	-63	-35	-98	-38	-24	-11	0	-513	-372	-182	-83	198	28
7	-380	-111	164495372	-72	-40	-95	-36	-25	-12	0	-538	-384	-182	-83	198	28
7	-380	-111	164497372	-62	-35	-95	-38	-24	-11	0	-562	-395	-182	-83	198	28
7	-380	-111	164499380	-70	-37	-94	-36	-25	-11	0	-587	-406	-182	-83	198	28
7	-380	-111	164501372	-63	-34	-91	-35	-23	-10	0	-610	-416	-182	-83	198	28
7	-380	-111	164503376	-68	-38	-104	-41	-25	-12	0	-635	-428	-182	-83	198	28
7	-380	-111	164505372	-60	-32	-88	-34	-23	-10	0	-658	-438	-182	-83	198	28
7	-380	-111	164507372	-68	-35	-88	-34	-23	-10	0	-681	-448	-182	-83	198	28
7	-380	-111	164509376	-57	-31	-84	-33	-21	-10	0	-702	-458	-182	-83	198	28
7	-380	-111	164511380	-64	-34	-82	-32	-22	-10	0	-724	-468	-182	-83	198	28
7	-380	-111	164513388	-54	-29	-81	-31	-20	-9	0	-744	-477	-182	-83	198	28
7	-380	-111	164515384	-60	-31	-78	-30	-21	-9	0	-765	-486	-182	-83	198	28
7	-380	-111	164517388	-50	-26	-76	-29	-19	-8	0	-784	-494	-182	-83	198	28
7	-380	-111	164519388	-56	-30	-84	-32	-21	-9	0	-805	-503	-182	-83	198	28
7	-380	-111	164521388	-48	-25	-70	-26	-18	-8	0	-823	-511	-182	-83	198	28
7	-380	-111	164523384	-52	-27	-69	-27	-18	-8	0	-841	-519	-182	-83	198	28
7	-380	-111	164525384	-44	-22	-65	-23	-16	-7	0	-857	-526	-182	-83	198	28
7	-380	-111	164527380	-49	-26	-63	-25	-17	-7	0	-874	-533	-182	-83	198	28
7	-380	-111	164529380	-41	-20	-60	-23	-15	-7	0	-889	-540	-182	-83	198	28
7	-380	-111	164531380	-44	-24	-58	-22	-15	-7	0	-904	-547	-182	-83	198	28
7	-380	-111	164533376	-37	-20	-56	-23	-14	-6	0	-918	-553	-182	-83	198	28
7	-380	-111	164535372	-40	-21	-53	-20	-14	-6	0	-932	-559	-182	-83	198	28
7	-380	-111	164537380	-34	-18	-58	-22	-14	-6	0	-946	-565	-182	-83	198	28
7	-380	-111	164539376	-36	-20	-48	-19	-13	-6	0	-959	-571	-182	-83	198	28
7	-380	-111	164541372	-30	-16	-45	-19	-11	-5	0	-970	-576	-182	-83	198	28
7	-380	-111	164543372	-34	-18	-44	-16	-12	-6	0	-982	-582	-182	-83	198	28
7	-380	-111	164545380	-27	-15	-41	-18	-10	-5	0	-992	-587	-182	-83	198	28
7	-380	-111	164547368	-29	-16	-37	-15	-10	-4	0	-1002	-591	-182	-83	198	28
7	-380	-111	164549376	-25	-14	-37	-15	-9	-5	0	-1011	-596	-182	-83	198	28
7	-380	-111	164551372	-26	-15	-35	-13	-9	-4	0	-1020	-600	-182	-83	198	28
7	-380	-111	164553368	-22	-11	-35	-15	-9	-4	0	-1029	-604	-182	-83	198	28
7	-380	-111	164555368	-22	-14	-30	-13	-8	-4	0	-1037	-608	-182	-83	198	28
7	-380	-111	164557368	-19	-10	-26	-12	-6	-3	0	-1043	-611	-182	-83	198	28
7	-380	-111	164559360	-20	-11	-26	-12	-7	-3	0	-1050	-614	-182	-83	198	28
7	-380	-111	164561364	-16	-10	-23	-10	-6	-3	0	-1056	-617	-182	-83	198	28
7	-380	-111	164563368	-16	-10	-21	-8	-6	-3	0	-1062	-620	-182	-83	198	28
7	-380	-111	164565392	-14	-7	-19	-9	-5	-3	0	-1067	-623	-182	-83	198	28
7	-380	-111	164567380	-14	-8	-20	-9	-5	-2	0	-1072	-625	-182	-83	198	28
7	-380	-111	164569380	-11	-6	-15	-7	-4	-2	0	-1076	-627	-182	-83	198	28
7	-380	-111	164571380	-11	-6	-12	-7	-3	-2	0	-1079	-629	-182	-83	198	28
7	-380	-111	164573376	-9	-5	-13	-5	-3	-1	0	-1082	-630	-182	-83	198	28
7	-380	-111	164575376	-9	-5	-10	-5	-3	-2	0	-1085	-632	-182	-83	198	28
7	-380	-111	164577380	-6	-4	-8	-3	-2	-1	0	-1087	-633	-182	-83	198	28
7	-380	-111	164579376	-6	-4	-8	-4	-2	-1	0	-1089	-634	-182	-83	198	28
7	-380	-111	164581368	-5	-2	-6	-4	-2	-1	0	-1091	-635	-182	-83	198	28
7	-380	-111	164583364	-4	-3	-5	-2	-1	-1	0	-1092	-636	-182	-83	198	28
7	-380	-111	164585348	-4	-1	-5	-3	-2	0	0	-1094	-636	-182	-83	198	28
7	-380	-111	164587364	-2	-3	-4	-1	-1	-1	0	-1095	-637	-182	-83	198	28
7	-380	-111	164589340	-3	0	-2	-1	0	0	0	-1095	-637	-182	-83	198	28
7	-380	-111	164591368	-1	-1	-2	-2	-1	-1	0	-1096	-638	-182	-83	198	28
7	-380	-111	164593340	-1	-1	-2	-1	0	0	0	-1096	-638	-182	-83	198	28
7	-380	-111	164595336	-2	0	0	0	-1	0	0	-1097	-638	-182	-83	198	28
7	-380	-111	164597344	-1	0	-1	-1	0	0	0	-1097	-638	-182	-83	198	28
7	-380	-111	164617300	0	0	0	0	0	0	1	-1097	-638	-182	-83	198	28
8	333	214	164651340	0	0	-2	0	0	0	1	-182	-83	151	131	-182	-83
8	333	214	164655312	0	0	0	0	0	0	0	-182	-83	151	131	-182	-83
8	333	214	164663336	0	0	1	0	0	0	0	-182	-83	151	131	-182	-83
8	333	214	164665328	0	0	1	0	0	0	0	-182	-83	151	131	-182	-83
8	333	214	164667356	0	0	1	2	0	0	0	-182	-83	151	131	-182	-83
8	333	214	164669356	0	2	3	1	0	0	0	-182	-83	151	131	-182	-83
8	333	214	164671360	0	2	2	1	0	0	0	-182	-83	151	131	-182	-83
8	333	214	164673384	0	1	3	3	1	1	0	-181	-82	151	131	-182	-83
8	333	214	164675368	0	3	4	2	0	0	0	-181	-82	151	131	-182	-83
8	333	214	164677396	1	4	3	3	1	1	0	-180	-81	151	131	-182	-83
8	333	214	164679392	0	3	7	3	1	1	0	-179	-80	151	131	-182	-83
8	333	214	164681384	0	4	5	4	1	2	0	-178	-78	151	131	-182	-83
8	333	214	164683388	1	5	6	4	1	1	0	-177	-77	151	131	-182	-83
8	333	214	164685392	1	4	6	5	1	1	0	-176	-76	151	131	-182	-83
8	333	214	164687400	0	6	8	5	1	2	0	-175	-74	151	131	-182	-83
8	333	214	164689400	1	5	8	5	1	1	0	-174	-73	151	131	-182	-83
8	333	214	164691404	3	8	9	6	2	3	0	-172	-70	151	131	-182	-83
8	333	214	164693408	1	7	11	8	2	2	0	-170	-68	151	131	-182	-83
8	333	214	164695420	3	6	10	6	2	2	0	-168	-66	151	131	-182	-83
8	333	214	164697416	2	9	12	7	2	2	0	-166	-64	151	131	-182	-83
8	333	214	164699416	3	6	11	8	2	2	0	-164	-62	151	131	-182	-83
8	333	214	164701416	3	9	11	7	2	2	0	-162	-60	151	131	-182	-83
8	333	214	164703412	4	9	13	9	3	3	0	-159	-57	151	131	-182	-83
8	333	214	164705412	5	9	13	8	2	3	0	-157	-54	151	131	-182	-83
8	333	214	164707408	5	8	14	8	3	2	0	-154	-52	151	131	-182	-83
8	333	214	164709404	5	9	14	9	3	3	0	-151	-49	151	131	-182	-83
8	333	214	164711392	8	10	16	10	4	3	0	-147	-46	151	131	-182	-83
8	333	214	164713392	7	9	15	10	3	3	0	-144	-43	151	131	-182	-83
8	333	214	164715392	9	11	16	10	4	3	0	-140	-40	151	131	-182	-83
8	333	214	164717392	9	10	17	10	4	3	0	-136	-37	151	131	-182	-83
8	333	214	164719388	11	13	17	11	4	3	0	-132	-34	151	131	-182	-83
8	333	214	164721388	11	11	19	12	4	4	0	-128	-30	151	131	-182	-83
8	333	214	164723388	14	14	19	11	5	4	0	-123	-26	151	131	-182	-83
8	333	214	164725388	14	12	20	14	5	4	0	-118	-22	151	131	-182	-83
8	333	214	164727388	16	16	23	15	6	4	0	-112	-18	151	131	-182	-83
8	333	214	164729388	16	14	23	15	6	5	0	-106	-13	151	131	-182	-83
8	333	214	164731392	20	19	24	16	7	5	0	-99	-8	151	131	-182	-83
8	333	214	164733392	19	16	25	17	6	5	0	-93	-3	151	131	-182	-83
8	333	214	164735392	22	20	26	18	7	5	0	-86	2	151	131	-182	-83
8	333	214	164737404	25	23	29	20	8	7	0	-78	9	151	131	-182	-83
8	333	214	164739404	24	20	30	21	9	6	0	-69	15	151	131	-182	-83
8	333	214	164741404	29	23	35	25	9	7	0	-60	22	151	131	-182	-83
8	333	214	164743404	26	23	33	24	9	7	0	-51	29	151	131	-182	-83
8	333	214	164745400	33	27	35	25	10	8	0	-41	37	151	131	-182	-83
8	333	214	164747408	30	25	38	26	10	8	0	-31	45	151	131	-182	-83
8	333	214	164749416	36	32	39	28	12	9	0	-19	54	151	131	-182	-83
8	333	214	164751412	34	27	40	28	11	8	0	-8	62	151	131	-182	-83
8	333	214	164753400	40	34	42	32	12	10	0	4	72	151	131	-182	-83
8	333	214	164755400	37	31	44	32	12	9	0	16	81	151	131	-182	-83
8	333	214	164757392	44	38	46	34	14	11	0	30	92	151	131	-182	-83
8	333	214	164759396	40	35	55	41	14	12	0	44	104	151	131	-182	-83
8	333	214	164761396	47	41	50	38	15	11	0	59	115	151	131	-182	-83
8	333	214	164763392	44	39	51	38	14	12	0	73	127	151	131	-182	-83
8	333	214	164765396	50	45	54	42	15	13	0	88	140	151	131	-182	-83
8	333	214	164767392	46	41	55	41	16	12	0	104	152	151	131	-182	-83
8	333	214	164769392	54	49	56	44	16	14	0	120	166	151	131	-182	-83
8	333	214	164771388	48	43	59	45	16	13	0	136	179	151	131	-182	-83
8	333	214	164773388	50	47	60	46	17	14	0	153	193	151	131	-182	-83
8	333	214	164775384	57	53	71	55	19	17	0	172	210	151	131	-182	-83
8	333	214	164777388	60	57	64	50	18	16	0	190	226	151	131	-182	-83
8	333	214	164779388	53	51	65	51	18	15	0	208	241	151	131	-182	-83
8	333	214	164781388	62	59	66	54	19	17	0	227	258	151	131	-182	-83
8	333	214	164783392	55	53	68	54	19	16	0	246	274	151	131	-182	-83
8	333	214	164785396	65	63	67	56	20	18	0	266	292	151	131	-182	-83
8	333	214	164787396	58	56	70	56	19	17	0	285	309	151	131	-182	-83
8	333	214	164789396	66	66	72	58	20	18	0	305	327	151	131	-182	-83
8	333	214	164791396	60	58	82	68	22	19	0	327	346	151	131	-182	-83
8	333	214	164793400	67	66	73	59	21	19	0	348	365	151	131	-182	-83
8	333	214	164795400	60	60	73	61	20	18	0	368	383	151	131	-182	-83
8	333	214	164797400	69	68	74	62	21	20	0	389	403	151	131	-182	-83
8	333	214	164799392	61	60	75	61	21	18	0	410	421	151	131	-182	-83
8	333	214	164801392	69	67	75	61	21	19	0	431	440	151	131	-182	-83
8	333	214	164803392	60	60	76	63	21	18	0	452	458	151	131	-182	-83
8	333	214	164805388	69	68	75	61	21	20	0	473	478	151	131	-182	-83
8	333	214	164807388	60	57	85	69	22	19	0	495	497	151	131	-182	-83
8	333	214	164809388	67	66	75	60	21	18	0	516	515	151	131	-182	-83
8	333	214	164811384	58	58	74	60	20	18	0	536	533	151	131	-182	-83
8	333	214	164813384	66	64	74	57	21	18	0	557	551	151	131	-182	-83
8	333	214	164815384	58	53	72	58	19	17	0	576	568	151	131	-182	-83
8	333	214	164817384	63	60	73	55	21	17	0	597	585	151	131	-182	-83
8	333	214	164819380	54	52	70	55	18	16	0	615	601	151	131	-182	-83
8	333	214	164821388	61	57	70	52	20	17	0	635	618	151	131	-182	-83
8	333	214	164823396	52	48	77	58	19	16	0	654	634	151	131	-182	-83
8	333	214	164825388	57	52	67	50	19	15	0	673	649	151	131	-182	-83
8	333	214	164827384	49	44	65	47	17	13	0	690	662	151	131	-182	-83
8	333	214	164829384	54	49	63	46	18	15	0	708	677	151	131	-182	-83
8	333	214	164831384	46	41	63	44	16	12	0	724	689	151	131	-182	-83
8	333	214	164833384	51	45	60	43	17	14	0	741	703	151	131	-182	-83
8	333	214	164835380	44	37	57	41	15	11	0	756	714	151	131	-182	-83
8	333	214	164837376	49	42	57	40	16	13	0	772	727	151	131	-182	-83
8	333	214	164839376	40	36	61	44	15	12	0	787	739	151	131	-182	-83
8	333	214	164841376	46	39	51	36	14	11	0	801	750	151	131	-182	-83
8	333	214	164843372	37	32	49	36	13	10	0	814	760	151	131	-182	-83
8	333	214	164845372	42	36	47	34	14	11	0	828	731	151	131	-182	-83
8	333	214	164847376	35	32	45	34	12	10	0	840	741	151	131	-182	-83
8	333	214	164849368	37	33	44	32	12	9	0	852	750	151	131	-182	-83
8	333	214	164851372	31	29	41	31	11	9	0	863	759	151	131	-182	-83
8	333	214	164853376	34	33	39	30	11	10	0	874	769	151	131	-182	-83
8	333	214	164855380	28	26	41	34	10	9	0	884	778	151	131	-182	-83
8	333	214	164857384	30	30	35	29	10	9	0	894	787	151	131	-182	-83
8	333	214	164859388	25	26	33	27	8	8	0	902	795	151	131	-182	-83
8	333	214	164861376	26	28	30	27	9	8	0	911	728	151	131	-182	-83
8	333	214	164863388	21	23	29	25	7	7	0	918	735	151	131	-182	-83
8	333	214	164865400	23	27	27	23	8	7	0	926	742	151	131	-182	-83
8	333	214	164867396	18	21	25	24	6	7	0	932	749	151	131	-182	-83
8	333	214	164869392	19	24	24	23	7	7	0	939	756	151	131	-182	-83
8	333	214	164871388	16	20	25	23	6	7	0	945	763	151	131	-182	-83
8	333	214	164873388	17	21	20	20	5	6	0	950	769	151	131	-182	-83
8	333	214	164875388	12	17	19	20	5	5	0	955	774	151	131	-182	-83
8	333	214	164877384	13	18	16	18	4	6	0	959	780	151	131	-182	-83
8	333	214	164879384	11	16	16	16	4	5	0	963	725	151	131	-182	-83
8	333	214	164881376	10	15	15	16	4	4	0	967	729	151	131	-182	-83
8	333	214	164883376	9	14	14	14	4	4	0	971	733	151	131	-182	-83
8	333	214	164885372	8	14	11	14	3	5	0	974	738	151	131	-182	-83
8	333	214	164887368	8	10	13	12	3	3	0	977	741	151	131	-182	-83
8	333	214	164889364	7	11	11	13	2	4	0	979	745	151	131	-182	-83
8	333	214	164891360	5	9	9	10	2	2	0	981	747	151	131	-182	-83
8	333	214	164893356	7	8	8	9	3	3	0	984	750	151	131	-182	-83
8	333	214	164895360	3	8	8	8	1	2	0	985	722	151	131	-182	-83
8	333	214	164897364	5	6	6	8	2	2	1	987	724	151	131	-182	-83
9	333	214	164899368	4	6	6	6	2	2	1	153	133	151	131	-182	-83
9	333	214	164901368	3	5	5	5	1	2	1	154	135	151	131	-182	-83
9	333	214	164903376	2	4	5	5	1	1	1	155	136	151	131	-182	-83
9	333	214	164905380	3	4	4	4	1	1	1	156	137	151	131	-182	-83
9	333	214	164907384	2	2	4	4	1	1	1	157	138	151	131	-182	-83
9	333	214	164909368	1	3	2	2	0	1	1	157	139	151	131	-182	-83
9	333	214	164911384	2	2	3	3	1	1	1	158	140	151	131	-182	-83
9	333	214	164913364	1	2	2	1	0	0	1	158	140	151	131	-182	-83
9	333	214	164915376	0	1	2	1	1	0	1	159	140	151	131	-182	-83
9	-259	-299	164917380	1	1	1	1	0	1	1	159	141	-108	-168	151	131
9	-259	-299	164919360	0	0	1	2	0	0	1	159	141	-108	-168	151	131
9	-259	-299	164929336	-2	0	0	0	0	0	1	159	141	-108	-168	151	131
9	-259	-299	164931344	-1	0	0	0	0	0	1	159	141	-108	-168	151	131
9	-259	-299	164933348	-1	0	0	0	0	0	1	159	141	-108	-168	151	131
9	-259	-299	164935340	-3	0	0	0	0	0	1	159	141	-108	-168	151	131
9	-259	-299	164937348	-2	0	0	0	0	0	1	159	141	-108	-168	151	131
9	-259	-299	164939380	-1	0	-2	-1	-1	0	1	158	141	-108	-168	151	131
9	-259	-299	164941364	-4	0	0	-1	0	0	1	158	141	-108	-168	151	131
9	-259	-299	164943384	-3	-2	-1	0	-1	0	1	157	141	-108	-168	151	131
9	-259	-299	164945368	-2	-1	-1	-1	0	0	1	157	141	-108	-168	151	131
9	-259	-299	164947376	-3	-1	-1	-2	-1	0	1	156	141	-108	-168	151	131
9	-259	-299	164949388	-3	-3	-2	-2	-1	-1	1	155	140	-108	-168	151	131
9	-259	-299	164951360	-3	-1	-1	-1	0	0	1	155	140	-108	-168	151	131
9	-259	-299	164953392	-4	-2	-1	-3	-1	-1	1	154	139	-108	-168	151	131
9	-259	-299	164955392	-3	-3	-1	-2	-1	-1	1	153	138	-108	-168	151	131
9	-259	-299	164957380	-3	-4	-2	-3	0	-1	1	153	137	-108	-168	151	131
9	-259	-299	164959396	-4	-2	-2	-4	-1	-1	1	152	136	-108	-168	151	131
9	-259	-299	164961396	-3	-4	-1	-2	-1	-1	1	151	135	-108	-168	151	131
9	-259	-299	164963392	-3	-2	-2	-4	-1	-1	1	150	134	-108	-168	151	131
9	-259	-299	164965372	-4	-5	-1	-4	0	-1	1	150	133	-108	-168	151	131
9	-259	-299	164967392	-2	-4	-1	-5	-1	-1	1	149	132	-108	-168	151	131
9	-259	-299	164969388	-4	-4	-3	-3	-1	-1	1	148	131	-108	-168	151	131
9	-259	-299	164971372	-2	-4	-1	-4	0	-2	1	148	129	-108	-168	151	131
9	-259	-299	164973392	-4	-5	-1	-5	-1	-1	1	147	128	-108	-168	151	131
9	-259	-299	164975388	-3	-5	-1	-4	-1	-1	1	146	127	-108	-168	151	131
9	-259	-299	164977388	-3	-5	-3	-5	-1	-2	1	145	125	-108	-168	151	131
9	-259	-299	164979372	-3	-5	-1	-5	0	-1	1	145	124	-108	-168	151	131
9	-259	-299	164981388	-4	-6	-1	-6	-1	-2	1	144	122	-108	-168	151	131
9	-259	-299	164983384	-3	-5	-3	-6	-1	-2	1	143	120	-108	-168	151	131
9	-259	-299	164985384	-5	-6	-1	-7	-1	-2	1	142	118	-108	-168	151	131
9	-259	-299	164987372	-4	-6	-1	-6	0	-2	1	142	116	-108	-168	151	131
9	-259	-299	164989388	-5	-8	-3	-6	-2	-2	1	140	114	-108	-168	151	131
9	-259	-299	164991384	-4	-6	-1	-8	0	-2	1	140	112	-108	-168	151	131
9	-259	-299	164993396	-6	-9	-3	-7	-2	-2	1	138	110	-108	-168	151	131
9	-259	-299	164995396	-5	-7	-2	-8	-1	-2	1	137	108	-108	-168	151	131
9	-259	-299	164997396	-6	-9	-1	-8	-1	-3	1	136	105	-108	-168	151	131
9	-259	-299	164999396	-7	-9	-3	-10	-1	-3	1	135	102	-108	-168	151	131
9	-259	-299	165001396	-6	-11	-2	-10	-2	-3	1	133	99	-108	-168	151	131
9	-259	-299	165003396	-6	-10	-3	-10	-1	-3	1	132	96	-108	-168	151	131
9	-259	-299	165005396	-8	-13	-4	-12	-2	-4	1	130	92	-108	-168	151	131
9	-259	-299	165007392	-7	-11	-2	-11	-1	-3	1	129	89	-108	-168	151	131
9	-259	-299	165009384	-9	-15	-4	-14	-2	-4	1	127	85	-108	-168	151	131
9	-259	-299	165011380	-7	-14	-2	-13	-1	-4	1	126	81	-108	-168	151	131
9	-259	-299	165013376	-10	-16	-4	-15	-2	-5	1	124	76	-108	-168	151	131
9	-259	-299	165015380	-9	-16	-5	-17	-3	-5	0	121	71	-108	-168	151	131
9	-259	-299	165017376	-11	-19	-5	-20	-2	-6	0	119	65	-108	-168	151	131
9	-259	-299	165019376	-9	-19	-5	-18	-2	-5	0	117	60	-108	-168	151	131
9	-259	-299	165021376	-13	-22	-5	-19	-3	-7	0	114	53	-108	-168	151	131
9	-259	-299	165023380	-11	-20	-5	-21	-2	-6	0	112	47	-108	-168	151	131
9	-259	-299	165025380	-14	-25	-6	-23	-3	-7	0	109	40	-108	-168	151	131
9	-259	-299	165027376	-12	-24	-7	-22	-3	-7	0	106	33	-108	-168	151	131
9	-259	-299	165029380	-15	-27	-7	-25	-3	-8	0	103	25	-108	-168	151	131
9	-259	-299	165031380	-14	-27	-9	-30	-4	-8	0	99	17	-108	-168	151	131
9	-259	-299	165033380	-17	-31	-9	-28	-4	-9	0	95	8	-108	-168	151	131
9	-259	-299	165035384	-17	-29	-10	-30	-4	-9	0	91	-1	-108	-168	151	131
9	-259	-299	165037380	-20	-35	-10	-30	-4	-10	0	87	-11	-108	-168	151	131
9	-259	-299	165039384	-18	-32	-11	-32	-5	-9	0	82	-20	-108	-168	151	131
9	-259	-299	165041376	-23	-39	-12	-35	-5	-11	0	77	-31	-108	-168	151	131
9	-259	-299	165043376	-22	-36	-14	-35	-5	-11	0	72	-42	-108	-168	151	131
9	-259	-299	165045376	-25	-43	-14	-38	-6	-12	0	66	-54	-108	-168	151	131
9	-259	-299	165047376	-24	-38	-15	-39	-6	-12	0	60	-66	-108	-168	151	131
9	-259	-299	165049376	-28	-47	-19	-45	-7	-13	0	53	-79	-108	-168	151	131
9	-259	-299	165051372	-26	-41	-18	-42	-7	-13	0	46	-92	-108	-168	151	131
9	-259	-299	165053372	-31	-50	-20	-43	-7	-14	0	39	-106	-108	-168	151	131
9	-259	-299	165055372	-29	-44	-22	-45	-8	-13	0	31	-119	-108	-168	151	131
9	-259	-299	165057372	-34	-52	-22	-46	-8	-15	0	23	-134	-108	-168	151	131
9	-259	-299	165059376	-31	-48	-24	-47	-9	-14	0	14	-148	-108	-168	151	131
9	-259	-299	165061368	-36	-56	-26	-49	-9	-16	0	5	-164	-108	-168	151	131
9	-259	-299	165063368	-34	-50	-28	-50	-9	-15	0	-4	-179	-108	-168	151	131
9	-259	-299	165065368	-40	-59	-33	-60	-11	-18	0	-15	-197	-108	-168	151	131
9	-259	-299	165067364	-35	-53	-32	-54	-10	-16	0	-25	-213	-108	-168	151	131
9	-259	-299	165069368	-44	-62	-33	-55	-12	-17	0	-37	-230	-108	-168	151	131
9	-259	-299	165071372	-37	-56	-35	-56	-10	-17	0	-47	-247	-108	-168	151	131
9	-259	-299	165073376	-45	-65	-37	-58	-13	-19	0	-60	-266	-108	-168	151	131
9	-259	-299	165075384	-41	-57	-38	-58	-12	-17	0	-72	-283	-108	-168	151	131
9	-259	-299	165077392	-47	-68	-40	-60	-13	-19	0	-85	-302	-108	-168	151	131
9	-259	-299	165079388	-42	-59	-49	-70	-13	-19	0	-98	-321	-108	-168	151	131
9	-259	-299	165081392	-50	-70	-45	-63	-15	-20	0	-113	-341	-108	-168	151	131
9	-259	-299	165083388	-45	-61	-46	-62	-13	-19	0	-126	-360	-108	-168	151	131
9	-259	-299	165085388	-51	-70	-48	-64	-15	-20	0	-141	-380	-108	-168	151	131
9	-259	-299	165087396	-48	-62	-50	-64	-15	-19	0	-156	-399	-108	-168	151	131
9	-259	-299	165089400	-55	-73	-50	-65	-16	-21	0	-172	-420	-108	-168	151	131
9	-259	-299	165091392	-49	-62	-52	-65	-15	-19	0	-187	-439	-108	-168	151	131
9	-259	-299	165093384	-56	-73	-54	-65	-16	-20	0	-203	-459	-108	-168	151	131
9	-259	-299	165095380	-51	-64	-61	-75	-17	-21	0	-220	-480	-108	-168	151	131
9	-259	-299	165097384	-58	-72	-57	-65	-17	-21	0	-237	-501	-108	-168	151	131
9	-259	-299	165099392	-52	-64	-55	-65	-16	-19	0	-253	-520	-108	-168	151	131
9	-259	-299	165101400	-59	-71	-56	-64	-18	-20	0	-271	-540	-108	-168	151	131
9	-259	-299	165103396	-51	-63	-57	-63	-16	-19	0	-287	-559	-108	-168	151	131
9	-259	-299	165105388	-59	-68	-57	-63	-17	-20	0	-304	-579	-108	-168	151	131
9	-259	-299	165107396	-51	-60	-56	-62	-16	-18	0	-320	-597	-108	-168	151	131
9	-259	-299	165109400	-59	-68	-56	-60	-17	-19	0	-337	-616	-108	-168	151	131
9	-259	-299	165111396	-51	-56	-64	-68	-18	-19	0	-355	-635	-108	-168	151	131
9	-259	-299	165113392	-58	-64	-55	-57	-17	-18	0	-372	-653	-108	-168	151	131
9	-259	-299	165115388	-50	-55	-54	-57	-15	-17	0	-387	-670	-108	-168	151	131
9	-259	-299	165117384	-57	-60	-52	-55	-17	-17	0	-404	-687	-108	-168	151	131
9	-259	-299	165119388	-49	-50	-50	-53	-14	-16	0	-418	-703	-108	-168	151	131
9	-259	-299	165121396	-55	-56	-50	-52	-16	-16	0	-434	-719	-108	-168	151	131
9	-259	-299	165123408	-47	-48	-48	-50	-14	-15	0	-448	-734	-108	-168	151	131
9	-259	-299	165125400	-52	-51	-45	-47	-15	-14	0	-463	-748	-108	-168	151	131
9	-259	-299	165127396	-45	-42	-50	-53	-14	-14	0	-477	-734	-108	-168	151	131
9	-259	-299	165129396	-50	-48	-41	-43	-14	-14	0	-491	-748	-108	-168	151	131
9	-259	-299	165131400	-42	-39	-39	-42	-12	-12	0	-503	-760	-108	-168	151	131
9	-259	-299	165133404	-46	-42	-37	-40	-12	-13	0	-515	-773	-108	-168	151	131
9	-259	-299	165135404	-39	-35	-34	-37	-11	-10	0	-526	-783	-108	-168	151	131
9	-259	-299	165137400	-43	-38	-32	-35	-12	-11	0	-538	-794	-108	-168	151	131
9	-259	-299	165139404	-41	-33	-30	-33	-10	-10	0	-548	-804	-108	-168	151	131
9	-259	-299	165141408	-34	-29	-28	-31	-10	-9	0	-558	-813	-108	-168	151	131
9	-259	-299	165143408	-36	-30	-29	-34	-9	-10	0	-567	-823	-108	-168	151	131
9	-259	-299	165145408	-30	-25	-22	-26	-8	-7	0	-575	-727	-108	-168	151	131
9	-259	-299	165147412	-31	-25	-20	-25	-8	-8	0	-583	-735	-108	-168	151	131
9	-259	-299	165149416	-26	-20	-19	-22	-7	-6	0	-590	-741	-108	-168	151	131
9	-259	-299	165151412	-28	-21	-16	-20	-6	-6	0	-596	-747	-108	-168	151	131
9	-259	-299	165153416	-21	-17	-14	-18	-5	-6	0	-601	-753	-108	-168	151	131
9	-259	-299	165155420	-23	-17	-12	-17	-6	-5	0	-607	-758	-108	-168	151	131
9	-259	-299	165157424	-17	-13	-14	-17	-4	-4	0	-611	-762	-108	-168	151	131
9	-259	-299	165159432	-19	-13	-9	-12	-5	-4	0	-616	-766	-108	-168	151	131
9	-259	-299	165161432	-14	-10	-9	-11	-3	-3	0	-619	-769	-108	-168	151	131
9	-259	-299	165163432	-13	-10	-6	-10	-3	-3	0	-622	-772	-108	-168	151	131
9	-259	-299	165165436	-10	-7	-6	-9	-2	-3	0	-624	-775	-108	-168	151	131
9	-259	-299	165167436	-12	-7	-5	-8	-3	-2	0	-627	-722	-108	-168	151	131
9	-259	-299	165169440	-7	-6	-4	-6	-1	-2	0	-628	-724	-108	-168	151	131
9	-259	-299	165171440	-9	-5	-2	-5	-2	-1	0	-630	-725	-108	-168	151	131
9	-259	-299	165173436	-6	-4	-4	-5	-2	-1	0	-632	-726	-108	-168	151	131
9	-259	-299	165175436	-6	-4	-1	-4	-1	-2	0	-633	-728	-108	-168	151	131
9	-259	-299	165177420	-4	-2	-3	-3	-1	0	0	-634	-728	-108	-168	151	131
9	-259	-299	165179436	-5	-3	-1	-3	-1	-1	0	-635	-721	-108	-168	151	131
9	-259	-299	165181420	-4	-2	0	-2	0	-1	0	-635	-722	-108	-168	151	131
9	-259	-299	165183428	-2	-3	-1	-3	-1	-1	0	-636	-723	-108	-168	151	131
9	-259	-299	165185404	-3	-1	-2	-1	0	0	0	-636	-723	-108	-168	151	131
9	-259	-299	165187408	-2	-1	0	-1	-1	0	0	-637	-723	-108	-168	151	131
9	-259	-299	165189404	-3	-2	0	-2	0	-1	0	-637	-724	-108	-168	151	131
9	-259	-299	165191412	-2	-1	-1	-1	-1	0	0	-638	-724	-108	-168	151	131
9	-259	-299	165193416	-2	-1	0	-1	0	-1	0	-638	-725	-108	-168	151	131
9	-259	-299	165195396	-1	-1	0	-1	0	0	0	-638	-725	-108	-168	151	131
9	-259	-299	165197372	-1	0	0	0	0	0	1	-638	-725	-108	-168	151	131
10	-259	-299	165199412	-1	-2	0	-2	0	-1	1	-108	-169	-108	-168	151	131
10	164	360	165201384	-2	0	0	0	-1	0	1	-109	-169	56	192	-108	-168
10	164	360	165203368	-1	0	0	0	0	0	1	-109	-169	56	192	-108	-168
10	164	360	165205372	0	-1	0	-1	0	0	1	-109	-169	56	192	-108	-168
10	164	360	165207384	-1	0	0	0	0	0	1	-109	-169	56	192	-108	-168
10	164	360	165211388	-1	0	0	0	0	0	1	-109	-169	56	192	-108	-168
10	164	360	165215388	0	-1	0	0	0	0	1	-109	-169	56	192	-108	-168
10	164	360	165261452	0	2	1	1	0	0	0	-109	-169	56	192	-108	-168
10	164	360	165263444	0	2	1	2	0	0	0	-109	-169	56	192	-108	-168
10	164	360	165265460	0	3	2	3	0	1	0	-109	-168	56	192	-108	-168
10	164	360	165267448	1	3	4	3	0	1	0	-109	-167	56	192	-108	-168
10	164	360	165269460	2	4	4	4	1	1	0	-108	-166	56	192	-108	-168
10	164	360	165271468	1	6	4	5	1	2	0	-107	-164	56	192	-108	-168
10	164	360	165273464	2	5	5	6	1	1	0	-106	-163	56	192	-108	-168
10	164	360	165275456	3	8	6	7	1	3	0	-105	-160	56	192	-108	-168
10	164	360	165277460	4	7	6	7	2	2	0	-103	-158	56	192	-108	-168
10	164	360	165279464	3	10	8	8	1	2	0	-102	-156	56	192	-108	-168
10	164	360	165281464	5	9	7	8	2	3	0	-100	-153	56	192	-108	-168
10	164	360	165283464	7	11	10	13	3	4	0	-97	-149	56	192	-108	-168
10	164	360	165285460	6	13	10	11	2	3	0	-95	-146	56	192	-108	-168
10	164	360	165287452	9	14	10	13	3	4	0	-92	-142	56	192	-108	-168
10	164	360	165289460	10	13	11	13	3	4	0	-89	-138	56	192	-108	-168
10	164	360	165291456	11	18	13	15	4	5	0	-85	-133	56	192	-108	-168
10	164	360	165293468	12	19	12	17	3	5	0	-82	-128	56	192	-108	-168
10	164	360	165295468	13	18	13	18	4	6	0	-78	-122	56	192	-108	-168
10	164	360	165297468	15	19	14	19	5	6	0	-73	-116	56	192	-108	-168
10	164	360	165299468	17	23	17	24	5	7	0	-68	-109	56	192	-108	-168
10	164	360	165301472	17	22	14	21	4	6	0	-64	-103	56	192	-108	-168
10	164	360	165303472	21	26	16	24	6	8	0	-58	-95	56	192	-108	-168
10	164	360	165305472	20	25	15	26	5	7	0	-53	-88	56	192	-108	-168
10	164	360	165307472	25	30	18	26	7	9	0	-46	-79	56	192	-108	-168
10	164	360	165309476	26	34	16	30	6	9	0	-40	-70	56	192	-108	-168
10	164	360	165311472	26	31	17	32	6	10	0	-34	-60	56	192	-108	-168
10	164	360	165313468	30	39	19	33	8	10	0	-26	-50	56	192	-108	-168
10	164	360	165315460	29	35	21	40	7	12	0	-19	-38	56	192	-108	-168
10	164	360	165317464	34	44	19	39	8	12	0	-11	-26	56	192	-108	-168
10	164	360	165319468	31	41	20	40	8	12	0	-3	-14	56	192	-108	-168
10	164	360	165321472	38	49	20	44	9	14	0	6	0	56	192	-108	-168
10	164	360	165323480	35	45	21	45	8	14	0	14	14	56	192	-108	-168
10	164	360	165325472	42	55	22	49	10	15	0	24	29	56	192	-108	-168
10	164	360	165327472	38	51	22	50	9	16	0	33	45	56	192	-108	-168
10	164	360	165329468	46	61	23	53	10	17	0	43	62	56	192	-108	-168
10	164	360	165331480	41	55	25	64	10	18	0	53	80	56	192	-108	-168
10	164	360	165333472	49	68	23	59	11	19	0	64	99	56	192	-108	-168
10	164	360	165335472	45	60	24	61	10	18	0	74	117	56	192	-108	-168
10	164	360	165337480	51	72	24	64	11	20	0	85	137	56	192	-108	-168
10	164	360	165339476	46	65	24	66	11	20	0	96	157	56	192	-108	-168
10	164	360	165341480	54	78	25	68	12	22	0	108	179	56	192	-108	-168
10	164	360	165343488	46	69	23	70	10	21	0	118	200	56	192	-108	-168
10	164	360	165345476	55	80	25	70	12	22	0	130	222	56	192	-108	-168
10	164	360	165347472	48	71	28	83	11	23	0	141	245	56	192	-108	-168
10	164	360	165349468	55	84	26	74	12	24	0	153	269	56	192	-108	-168
10	164	360	165351468	49	73	25	75	12	22	0	165	291	56	192	-108	-168
10	164	360	165353464	55	87	26	76	12	24	0	177	315	56	192	-108	-168
10	164	360	165355464	48	75	27	78	11	23	0	188	338	56	192	-108	-168
10	164	360	165357460	54	87	26	77	12	25	0	200	363	56	192	-108	-168
10	164	360	165359460	48	76	27	78	11	23	0	211	386	56	192	-108	-168
10	164	360	165361456	52	88	27	79	12	25	0	223	411	56	192	-108	-168
10	164	360	165363452	45	76	31	88	11	25	0	234	436	56	192	-108	-168
10	164	360	165365452	51	86	29	78	12	24	0	246	460	56	192	-108	-168
10	164	360	165367448	44	75	27	77	11	23	0	257	483	56	192	-108	-168
10	164	360	165369448	48	84	28	77	12	24	0	269	507	56	192	-108	-168
10	164	360	165371444	42	74	27	75	10	23	0	279	530	56	192	-108	-168
10	164	360	165373444	46	81	28	73	11	23	0	290	553	56	192	-108	-168
10	164	360	165375444	39	70	27	73	10	21	0	300	574	56	192	-108	-168
10	164	360	165377444	45	78	28	71	11	23	0	311	597	56	192	-108	-168
10	164	360	165379452	36	66	30	79	10	21	0	321	618	56	192	-108	-168
10	164	360	165381452	42	75	26	67	10	22	0	331	640	56	192	-108	-168
10	164	360	165383452	35	62	25	65	9	19	0	340	659	56	192	-108	-168
10	164	360	165385448	37	69	25	64	9	20	0	349	679	56	192	-108	-168
10	164	360	165387444	31	58	22	61	8	17	0	357	696	56	192	-108	-168
10	164	360	165389448	34	63	23	59	9	19	0	366	715	56	192	-108	-168
10	164	360	165391444	28	54	21	56	7	16	0	373	731	56	192	-108	-168
10	164	360	165393448	30	59	20	55	8	17	0	381	748	56	192	-108	-168
10	164	360	165395452	25	49	19	52	6	16	0	387	736	56	192	-108	-168
10	164	360	165397448	26	52	20	56	7	16	0	394	752	56	192	-108	-168
10	164	360	165399452	21	44	16	47	6	13	0	400	765	56	192	-108	-168
10	164	360	165401444	23	47	15	44	5	14	0	405	779	56	192	-108	-168
10	164	360	165403448	18	39	14	43	5	12	0	410	791	56	192	-108	-168
10	164	360	165405452	19	44	12	40	5	13	0	415	804	56	192	-108	-168
10	164	360	165407444	15	35	12	37	4	11	0	419	815	56	192	-108	-168
10	164	360	165409452	15	39	10	36	4	11	0	423	826	56	192	-108	-168
10	164	360	165411456	13	32	11	39	3	11	0	426	731	56	192	-108	-168
10	164	360	165413448	13	34	9	33	3	10	0	429	741	56	192	-108	-168
10	164	360	165415460	10	29	7	30	3	9	0	432	750	56	192	-108	-168
10	164	360	165417456	10	31	6	30	2	9	0	434	759	56	192	-108	-168
10	164	360	165419452	9	26	7	27	3	8	0	437	767	56	192	-108	-168
10	164	360	165421456	9	29	6	26	2	8	0	439	775	56	192	-108	-168
10	164	360	165423456	6	24	5	25	2	7	0	441	782	56	192	-108	-168
10	164	360	165425460	8	26	4	25	2	8	0	443	790	56	192	-108	-168
10	164	360	165427464	5	21	3	27	1	7	0	444	727	56	192	-108	-168
10	164	360	165429464	6	24	4	21	1	7	0	445	734	56	192	-108	-168
10	164	360	165431468	4	19	3	21	1	6	0	446	740	56	192	-108	-168
10	164	360	165433468	5	22	2	20	1	6	0	447	746	56	192	-108	-168
10	164	360	165435472	3	18	1	19	1	6	0	448	752	56	192	-108	-168
10	164	360	165437476	3	18	3	19	1	5	0	449	757	56	192	-108	-168
10	164	360	165439456	2	17	1	16	0	5	0	449	762	56	192	-108	-168
10	164	360	165441468	3	17	1	17	1	5	0	450	767	56	192	-108	-168
10	164	360	165443456	2	14	0	18	0	5	0	450	772	56	192	-108	-168
10	164	360	165445472	3	16	2	14	1	5	0	451	725	56	192	-108	-168
10	164	360	165447464	1	13	0	13	0	3	0	451	728	56	192	-108	-168
10	164	360	165449464	1	13	0	13	0	4	0	451	732	56	192	-108	-168
10	164	360	165451480	2	12	1	12	1	4	0	452	736	56	192	-108	-168
10	164	360	165453468	1	11	0	12	0	3	0	452	739	56	192	-108	-168
10	164	360	165455444	0	10	0	10	0	3	0	452	742	56	192	-108	-168
10	164	360	165457464	1	10	0	8	0	3	0	452	745	56	192	-108	-168
10	164	360	165459460	1	7	0	10	0	3	0	452	748	56	192	-108	-168
10	164	360	165461460	2	9	0	9	0	2	0	452	722	56	192	-108	-168
10	164	360	165463476	1	6	0	6	1	2	0	453	724	56	192	-108	-168
10	164	360	165465440	0	7	0	7	0	2	0	453	726	56	192	-108	-168
10	164	360	165467468	1	5	0	6	0	2	0	453	728	56	192	-108	-168
10	164	360	165469472	1	6	0	5	0	2	0	453	730	56	192	-108	-168
10	164	360	165471440	0	4	0	4	0	1	0	453	731	56	192	-108	-168
10	164	360	165473468	2	3	0	3	0	1	1	453	732	56	192	-108	-168
11	164	360	165475472	1	3	0	5	0	1	1	56	193	56	192	-108	-168
11	164	360	165477440	0	2	0	3	0	1	1	56	194	56	192	-108	-168
11	-56	-392	165479456	1	3	0	2	0	0	1	56	194	0	-200	56	192
11	-56	-392	165481436	0	2	0	2	0	1	1	56	195	0	-200	56	192
11	-56	-392	165483476	1	2	0	2	1	1	1	57	196	0	-200	56	192
11	-56	-392	165485456	2	1	1	1	0	0	1	57	196	0	-200	56	192
11	-56	-392	165487432	0	1	0	2	0	0	1	57	196	0	-200	56	192
11	-56	-392	165489432	1	0	0	0	0	0	1	57	196	0	-200	56	192
11	-56	-392	165491468	1	1	0	1	0	1	1	57	197	0	-200	56	192
11	-56	-392	165495452	0	0	1	0	1	0	1	58	197	0	-200	56	192
11	-56	-392	165497464	1	2	0	1	0	0	1	58	197	0	-200	56	192
11	-56	-392	165501444	2	0	0	0	0	0	1	58	197	0	-200	56	192
11	-56	-392	165505448	0	1	0	0	0	0	1	58	197	0	-200	56	192
11	-56	-392	165507444	1	0	2	0	0	0	1	58	197	0	-200	56	192
11	-56	-392	165513456	0	0	0	1	0	0	1	58	197	0	-200	56	192
11	-56	-392	165515476	0	1	0	0	0	1	1	58	198	0	-200	56	192
11	-56	-392	165529444	-1	0	0	0	0	0	1	58	198	0	-200	56	192
11	-56	-392	165531448	-1	0	0	0	0	0	1	58	198	0	-200	56	192
11	-56	-392	165533456	-1	0	0	0	0	0	1	58	198	0	-200	56	192
11	-56	-392	165535456	-1	0	-1	0	0	0	1	58	198	0	-200	56	192
11	-56	-392	165537456	-3	0	0	0	0	0	1	58	198	0	-200	56	192
11	-56	-392	165539492	-1	-2	-1	0	0	0	1	58	198	0	-200	56	192
11	-56	-392	165541492	-4	-1	-1	-1	-1	0	1	57	198	0	-200	56	192
11	-56	-392	165543456	-2	0	0	0	0	0	1	57	198	0	-200	56	192
11	-56	-392	165545500	-4	-2	-2	-3	-1	-1	1	56	197	0	-200	56	192
11	-56	-392	165547488	-3	-2	-1	-1	-1	0	1	55	197	0	-200	56	192
11	-56	-392	165549512	-5	-2	-1	-1	-1	-1	1	54	196	0	-200	56	192
11	-56	-392	165551488	-3	-1	-1	-3	0	0	1	54	196	0	-200	56	192
11	-56	-392	165553504	-7	-4	-2	-4	-1	-2	1	53	194	0	-200	56	192
11	-56	-392	165555508	-3	-4	-2	-3	-1	-1	1	52	193	0	-200	56	192
11	-56	-392	165557504	-7	-5	-1	-4	-1	-1	1	51	192	0	-200	56	192
11	-56	-392	165559504	-6	-4	-3	-5	-2	-1	1	49	191	0	-200	56	192
11	-56	-392	165561504	-6	-6	-1	-5	-1	-2	1	48	189	0	-200	56	192
11	-56	-392	165563504	-8	-6	-3	-6	-1	-2	1	47	187	0	-200	56	192
11	-56	-392	165565504	-7	-8	-2	-7	-2	-2	1	45	185	0	-200	56	192
11	-56	-392	165567504	-8	-7	-3	-8	-1	-2	1	44	183	0	-200	56	192
11	-56	-392	165569496	-8	-10	-2	-9	-2	-3	1	42	180	0	-200	56	192
11	-56	-392	165571496	-8	-10	-3	-10	-2	-3	1	40	177	0	-200	56	192
11	-56	-392	165573496	-10	-11	-2	-11	-1	-3	1	39	174	0	-200	56	192
11	-56	-392	165575496	-10	-12	-3	-12	-2	-4	1	37	170	0	-200	56	192
11	-56	-392	165577500	-11	-13	-3	-12	-2	-4	1	35	166	0	-200	56	192
11	-56	-392	165579500	-10	-13	-3	-13	-2	-4	1	33	162	0	-200	56	192
11	-56	-392	165581504	-13	-16	-4	-13	-3	-4	1	30	158	0	-200	56	192
11	-56	-392	165583508	-12	-16	-2	-15	-2	-5	1	28	153	0	-200	56	192
11	-56	-392	165585512	-13	-15	-4	-19	-3	-5	1	25	148	0	-200	56	192
11	-56	-392	165587516	-13	-19	-4	-16	-2	-5	1	23	143	0	-200	56	192
11	-56	-392	165589516	-13	-18	-3	-18	-3	-5	1	20	138	0	-200	56	192
11	-56	-392	165591520	-15	-20	-4	-19	-2	-6	1	18	132	0	-200	56	192
11	-56	-392	165593508	-14	-18	-4	-18	-3	-6	0	15	126	0	-200	56	192
11	-56	-392	165595524	-16	-23	-4	-20	-3	-6	0	12	120	0	-200	56	192
11	-56	-392	165597524	-15	-21	-3	-22	-3	-7	0	9	113	0	-200	56	192
11	-56	-392	165599528	-17	-24	-4	-21	-3	-6	0	6	107	0	-200	56	192
11	-56	-392	165601528	-17	-22	-4	-26	-3	-7	0	3	100	0	-200	56	192
11	-56	-392	165603528	-18	-27	-5	-25	-4	-8	0	-1	92	0	-200	56	192
11	-56	-392	165605528	-17	-25	-4	-24	-3	-8	0	-4	84	0	-200	56	192
11	-56	-392	165607532	-20	-28	-5	-26	-3	-8	0	-7	76	0	-200	56	192
11	-56	-392	165609532	-16	-27	-3	-28	-3	-8	0	-10	68	0	-200	56	192
11	-56	-392	165611532	-21	-31	-5	-27	-4	-9	0	-14	59	0	-200	56	192
11	-56	-392	165613528	-18	-29	-5	-30	-4	-9	0	-18	50	0	-200	56	192
11	-56	-392	165615532	-21	-33	-5	-34	-4	-10	0	-22	40	0	-200	56	192
11	-56	-392	165617528	-19	-32	-5	-32	-3	-9	0	-25	31	0	-200	56	192
11	-56	-392	165619516	-22	-36	-5	-33	-4	-11	0	-29	20	0	-200	56	192
11	-56	-392	165621524	-20	-34	-5	-34	-4	-10	0	-33	10	0	-200	56	192
11	-56	-392	165623528	-24	-38	-7	-36	-5	-11	0	-38	-1	0	-200	56	192
11	-56	-392	165625532	-21	-37	-5	-36	-4	-11	0	-42	-12	0	-200	56	192
11	-56	-392	165627528	-25	-42	-6	-39	-4	-12	0	-46	-24	0	-200	56	192
11	-56	-392	165629524	-21	-39	-5	-39	-4	-12	0	-50	-36	0	-200	56	192
11	-56	-392	165631520	-25	-46	-6	-41	-5	-13	0	-55	-49	0	-200	56	192
11	-56	-392	165633520	-23	-41	-6	-49	-4	-13	0	-59	-62	0	-200	56	192
11	-56	-392	165635512	-26	-49	-7	-43	-5	-14	0	-64	-76	0	-200	56	192
11	-56	-392	165637524	-24	-44	-6	-45	-5	-13	0	-69	-89	0	-200	56	192
11	-56	-392	165639516	-27	-51	-6	-47	-4	-15	0	-73	-104	0	-200	56	192
11	-56	-392	165641512	-25	-46	-8	-47	-5	-14	0	-78	-118	0	-200	56	192
11	-56	-392	165643524	-28	-55	-6	-49	-6	-16	0	-84	-134	0	-200	56	192
11	-56	-392	165645520	-24	-49	-6	-50	-4	-14	0	-88	-148	0	-200	56	192
11	-56	-392	165647512	-28	-56	-6	-50	-5	-16	0	-93	-164	0	-200	56	192
11	-56	-392	165649512	-25	-52	-8	-60	-5	-17	0	-98	-181	0	-200	56	192
11	-56	-392	165651520	-30	-60	-6	-54	-5	-17	0	-103	-198	0	-200	56	192
11	-56	-392	165653512	-25	-52	-6	-53	-5	-16	0	-108	-214	0	-200	56	192
11	-56	-392	165655512	-30	-61	-7	-57	-6	-18	0	-114	-232	0	-200	56	192
11	-56	-392	165657508	-27	-55	-5	-56	-4	-16	0	-118	-248	0	-200	56	192
11	-56	-392	165659504	-30	-65	-5	-57	-6	-19	0	-124	-267	0	-200	56	192
11	-56	-392	165661504	-26	-57	-5	-58	-4	-17	0	-128	-284	0	-200	56	192
11	-56	-392	165663500	-30	-66	-5	-59	-6	-19	0	-134	-303	0	-200	56	192
11	-56	-392	165665500	-27	-59	-3	-68	-4	-19	0	-138	-322	0	-200	56	192
11	-56	-392	165667492	-30	-66	-4	-60	-5	-19	0	-143	-341	0	-200	56	192
11	-56	-392	165669492	-28	-60	-1	-62	-5	-18	0	-148	-359	0	-200	56	192
11	-56	-392	165671492	-30	-69	-3	-62	-5	-20	0	-153	-379	0	-200	56	192
11	-56	-392	165673492	-27	-61	0	-61	-4	-18	0	-157	-397	0	-200	56	192
11	-56	-392	165675492	-30	-70	0	-64	-4	-20	0	-161	-417	0	-200	56	192
11	-56	-392	165677492	-27	-61	0	-63	-4	-19	0	-165	-436	0	-200	56	192
11	-56	-392	165679492	-30	-71	1	-63	-4	-20	0	-169	-456	0	-200	56	192
11	-56	-392	165681488	-26	-63	2	-73	-4	-20	0	-173	-476	0	-200	56	192
11	-56	-392	165683488	-30	-71	4	-64	-4	-20	0	-177	-496	0	-200	56	192
11	-56	-392	165685488	-25	-61	4	-65	-3	-19	0	-180	-515	0	-200	56	192
11	-56	-392	165687488	-25	-63	5	-63	-3	-19	0	-183	-534	0	-200	56	192
11	-56	-392	165689484	-29	-71	6	-64	-4	-20	0	-187	-554	0	-200	56	192
11	-56	-392	165691488	-23	-63	6	-64	-2	-19	0	-189	-573	0	-200	56	192
11	-56	-392	165693488	-27	-70	8	-64	-3	-20	0	-192	-593	0	-200	56	192
11	-56	-392	165695480	-26	-70	8	-62	-3	-20	0	-195	-613	0	-200	56	192
11	-56	-392	165697484	-22	-60	8	-64	-2	-19	0	-197	-632	0	-200	56	192
11	-56	-392	165699484	-25	-68	11	-71	-2	-21	0	-199	-653	0	-200	56	192
11	-56	-392	165701480	-22	-59	10	-61	-2	-18	0	-201	-671	0	-200	56	192
11	-56	-392	165703476	-20	-59	10	-62	-1	-18	0	-202	-689	0	-200	56	192
11	-56	-392	165705472	-23	-66	10	-61	-2	-19	0	-204	-708	0	-200	56	192
11	-56	-392	165707468	-20	-56	10	-59	-2	-17	0	-206	-725	0	-200	56	192
11	-56	-392	165709476	-22	-65	11	-58	-1	-19	0	-207	-744	0	-200	56	192
11	-56	-392	165711472	-18	-55	12	-59	-1	-17	0	-208	-737	0	-200	56	192
11	-56	-392	165713468	-22	-63	10	-56	-2	-18	0	-210	-755	0	-200	56	192
11	-56	-392	165715464	-17	-54	13	-64	-1	-17	0	-211	-772	0	-200	56	192
11	-56	-392	165717460	-20	-60	10	-55	-1	-18	0	-212	-790	0	-200	56	192
11	-56	-392	165719452	-16	-50	12	-54	-1	-15	0	-213	-805	0	-200	56	192
11	-56	-392	165721460	-19	-57	11	-52	-1	-16	0	-214	-821	0	-200	56	192
11	-56	-392	165723456	-18	-49	10	-52	-1	-16	0	-215	-837	0	-200	56	192
11	-56	-392	165725452	-17	-55	11	-50	-1	-15	0	-216	-852	0	-200	56	192
11	-56	-392	165727448	-16	-46	10	-48	-1	-14	0	-217	-734	0	-200	56	192
11	-56	-392	165729444	-18	-51	10	-48	-1	-15	0	-218	-749	0	-200	56	192
11	-56	-392	165731448	-15	-44	10	-46	-1	-14	0	-219	-763	0	-200	56	192
11	-56	-392	165733452	-16	-49	11	-50	-1	-15	0	-220	-778	0	-200	56	192
11	-56	-392	165735436	-14	-40	9	-44	0	-12	0	-220	-790	0	-200	56	192
11	-56	-392	165737444	-16	-46	9	-41	-1	-13	0	-221	-803	0	-200	56	192
11	-56	-392	165739444	-13	-39	9	-41	-1	-12	0	-222	-815	0	-200	56	192
11	-56	-392	165741444	-15	-42	7	-39	-1	-13	0	-223	-828	0	-200	56	192
11	-56	-392	165743444	-11	-35	8	-38	-1	-10	0	-224	-838	0	-200	56	192
11	-56	-392	165745444	-14	-40	7	-36	-1	-12	0	-225	-732	0	-200	56	192
11	-56	-392	165747432	-11	-33	9	-39	0	-11	0	-225	-743	0	-200	56	192
11	-56	-392	165749448	-11	-36	6	-33	-1	-10	0	-226	-753	0	-200	56	192
11	-56	-392	165751436	-10	-30	6	-32	0	-9	0	-226	-762	0	-200	56	192
11	-56	-392	165753448	-13	-34	7	-30	-1	-10	0	-227	-772	0	-200	56	192
11	-56	-392	165755448	-8	-27	5	-30	-1	-8	0	-228	-780	0	-200	56	192
11	-56	-392	165757436	-10	-30	6	-27	0	-9	0	-228	-789	0	-200	56	192
11	-56	-392	165759452	-9	-25	5	-26	-1	-8	0	-229	-797	0	-200	56	192
11	-56	-392	165761444	-10	-28	5	-25	-1	-8	0	-230	-805	0	-200	56	192
11	-56	-392	165763436	-9	-22	5	-28	0	-7	0	-230	-727	0	-200	56	192
11	-56	-392	165765452	-9	-24	4	-22	-1	-7	0	-231	-734	0	-200	56	192
11	-56	-392	165767440	-6	-20	3	-22	0	-6	0	-231	-740	0	-200	56	192
11	-56	-392	165769456	-9	-21	4	-18	-1	-6	0	-232	-746	0	-200	56	192
11	-56	-392	165771460	-6	-18	3	-19	-1	-6	0	-233	-752	0	-200	56	192
11	-56	-392	165773448	-7	-17	3	-16	0	-5	0	-233	-757	0	-200	56	192
11	-56	-392	165775468	-7	-15	3	-17	-1	-4	0	-234	-761	0	-200	56	192
11	-56	-392	165777472	-6	-15	1	-13	-1	-5	0	-235	-725	0	-200	56	192
11	-56	-392	165779452	-5	-14	3	-15	0	-4	0	-235	-729	0	-200	56	192
11	-56	-392	165781448	-5	-10	2	-12	0	-3	1	-235	-732	0	-200	56	192
