1	-85	588	128826464	0	1	0	3	0	0	1	0	-300	-85	288	0	-300
1	-85	588	128828476	0	1	0	2	0	1	1	0	-299	-85	288	0	-300
1	-85	588	128830504	-1	2	0	1	-1	0	1	-1	-299	-85	288	0	-300
1	-85	588	128832456	0	0	0	2	0	0	1	-1	-299	-85	288	0	-300
1	-85	588	128840456	-1	0	0	0	0	0	1	-1	-299	-85	288	0	-300
1	-85	588	128842460	0	0	-2	0	0	0	1	-1	-299	-85	288	0	-300
1	-85	588	128846468	-1	0	0	0	0	0	1	-1	-299	-85	288	0	-300
1	-85	588	128848464	-2	0	0	0	0	0	1	-1	-299	-85	288	0	-300
1	-85	588	128850480	-1	0	0	0	-1	0	1	-2	-299	-85	288	0	-300
1	-85	588	128852472	-1	0	-1	0	0	0	1	-2	-299	-85	288	0	-300
1	-85	588	128854472	-3	0	0	0	0	0	1	-2	-299	-85	288	0	-300
1	-85	588	128856504	-2	-1	-1	-1	-1	0	1	-3	-299	-85	288	0	-300
1	-85	588	128858468	-3	0	0	0	0	0	1	-3	-299	-85	288	0	-300
1	-85	588	128860516	-2	0	-1	-1	-1	0	1	-4	-299	-85	288	0	-300
1	-85	588	128862512	-4	-1	-2	0	-1	0	1	-5	-299	-85	288	0	-300
1	-85	588	128864496	-4	0	-1	-1	0	0	1	-5	-299	-85	288	0	-300
1	-85	588	128866508	-3	-1	-1	-2	-1	0	1	-6	-299	-85	288	0	-300
1	-85	588	128868512	-5	-2	-1	0	-1	0	1	-7	-299	-85	288	0	-300
1	-85	588	128870508	-5	0	-2	-1	-1	0	1	-8	-299	-85	288	0	-300
1	-85	588	128872504	-4	-1	-1	-1	-1	0	1	-9	-299	-85	288	0	-300
1	-85	588	128874520	-5	-1	-1	-1	-1	-1	1	-10	-300	-85	288	0	-300
1	-85	588	128876484	-5	0	-1	-2	0	0	1	-10	-300	-85	288	0	-300
1	-85	588	128878504	-5	-1	-2	0	-2	0	1	-12	-300	-85	288	0	-300
1	-85	588	128880516	-5	-2	-2	-1	-1	-1	1	-13	-301	-85	288	0	-300
1	-85	588	128882488	-5	-1	-1	-1	0	0	1	-13	-301	-85	288	0	-300
1	-85	588	128884504	-5	0	-2	-1	-2	0	1	-15	-301	-85	288	0	-300
1	-85	588	128886500	-4	-1	-1	-2	0	-1	1	-15	-302	-85	288	0	-300
1	-85	588	128888500	-5	-1	-2	0	-1	0	1	-16	-302	-85	288	0	-300
1	-85	588	128890496	-5	-2	-2	-1	-1	0	1	-17	-302	-85	288	0	-300
1	-85	588	128892500	-5	0	-1	-1	-1	0	1	-18	-302	-85	288	0	-300
1	-85	588	128894508	-4	-1	-1	-1	-1	-1	1	-19	-303	-85	288	0	-300
1	-85	588	128896496	-5	-1	-3	-2	-1	0	1	-20	-303	-85	288	0	-300
1	-85	588	128898468	-3	0	-1	0	-1	0	1	-21	-303	-85	288	0	-300
1	-85	588	128900504	-5	-1	-1	-1	-1	0	1	-22	-303	-85	288	0	-300
1	-85	588	128902508	-4	-2	-1	-1	0	-1	1	-22	-304	-85	288	0	-300
1	-85	588	128904508	-5	-1	-3	-1	-2	0	1	-24	-304	-85	288	0	-300
1	-85	588	128906484	-5	0	-1	0	-1	0	1	-25	-304	-85	288	0	-300
1	-85	588	128908508	-5	-1	-1	-2	0	-1	1	-25	-305	-85	288	0	-300
1	-85	588	128910500	-4	-1	-2	-1	-1	0	0	-26	-305	-85	288	0	-300
1	-85	588	128912500	-5	-2	-2	-1	-1	0	0	-27	-305	-85	288	0	-300
1	-85	588	128914516	-5	-1	-1	-1	-1	-1	0	-28	-306	-85	288	0	-300
1	-85	588	128916504	-5	-1	-2	-2	-1	0	0	-29	-306	-85	288	0	-300
1	-85	588	128918500	-5	-1	-2	-1	-1	0	0	-30	-306	-85	288	0	-300
1	-85	588	128920516	-5	-2	-1	-1	-1	-1	0	-31	-307	-85	288	0	-300
1	-85	588	128922504	-4	0	-2	-1	-1	0	0	-32	-307	-85	288	0	-300
1	-85	588	128924500	-5	-1	-1	-2	-1	0	0	-33	-307	-85	288	0	-300
1	-85	588	128926516	-5	-1	-1	-1	-1	-1	0	-34	-308	-85	288	0	-300
1	-85	588	128928500	-5	-1	-3	-1	-1	0	0	-35	-308	-85	288	0	-300
1	-85	588	128930504	-3	-2	-1	-1	-1	0	0	-36	-308	-85	288	0	-300
1	-85	588	128932520	-4	-1	-1	-2	-1	-1	0	-37	-309	-85	288	0	-300
1	-85	588	128934496	-4	-1	0	-1	0	0	0	-37	-309	-85	288	0	-300
1	-85	588	128936524	-4	-1	-1	-1	-1	-1	0	-38	-310	-85	288	0	-300
1	-85	588	128938500	-3	0	-2	-1	-1	0	0	-39	-310	-85	288	0	-300
1	-85	588	128940484	-4	-2	-1	0	0	0	0	-39	-310	-85	288	0	-300
1	-85	588	128942496	-3	-1	-1	-2	-1	0	0	-40	-310	-85	288	0	-300
1	-85	588	128944512	-2	-1	-1	-1	0	-1	0	-40	-311	-85	288	0	-300
1	-85	588	128946512	-3	0	0	-1	-1	0	0	-41	-311	-85	288	0	-300
1	-85	588	128948520	-2	-1	-2	0	-1	0	0	-42	-311	-85	288	0	-300
1	-85	588	128950504	-3	0	0	-1	0	0	0	-42	-311	-85	288	0	-300
1	-85	588	128952520	-1	-2	-1	-2	0	-1	0	-42	-312	-85	288	0	-300
1	-85	588	128954480	-1	0	0	0	0	0	0	-42	-312	-85	288	0	-300
1	-85	588	128956516	-3	-1	0	0	-1	0	0	-43	-312	-85	288	0	-300
1	-85	588	128958480	0	0	0	-1	0	0	0	-43	-312	-85	288	0	-300
1	-85	588	128960496	-1	-1	-1	0	0	0	0	-43	-312	-85	288	0	-300
1	-85	588	128962468	-1	0	0	0	0	0	0	-43	-312	-85	288	0	-300
1	-85	588	128964492	-1	0	0	-1	0	0	0	-43	-312	-85	288	0	-300
1	-85	588	128970492	0	-1	0	0	0	-1	0	-43	-313	-85	288	0	-300
1	-85	588	128972484	0	0	-1	0	-1	0	0	-44	-313	-85	288	0	-300
1	-85	588	128974460	-2	0	0	0	0	0	0	-44	-313	-85	288	0	-300
1	-85	588	128984476	0	1	0	2	0	0	0	-44	-313	-85	288	0	-300
1	-85	588	128986508	0	3	-2	1	0	1	0	-44	-312	-85	288	0	-300
1	-85	588	128988512	-1	4	0	4	0	1	0	-44	-311	-85	288	0	-300
1	-85	588	128990524	-1	6	-1	6	-1	2	0	-45	-309	-85	288	0	-300
1	-85	588	128992516	-1	6	-2	6	0	1	0	-45	-308	-85	288	0	-300
1	-85	588	128994532	-2	9	-2	8	-1	3	0	-46	-305	-85	288	0	-300
1	-85	588	128996520	-1	10	-2	8	0	3	0	-46	-302	-85	288	0	-300
1	-85	588	128998532	-1	12	-4	12	-1	3	0	-47	-299	-85	288	0	-300
1	-85	588	129000528	-1	14	-4	12	-1	4	0	-48	-295	-85	288	0	-300
1	-85	588	129002516	-2	18	-3	15	0	5	0	-48	-290	-85	288	0	-300
1	-85	588	129004520	-2	16	-7	19	-2	5	0	-50	-285	-85	288	0	-300
1	-85	588	129006520	-1	22	-6	19	-1	6	0	-51	-279	-85	288	0	-300
1	-85	588	129008520	-2	23	-6	22	-1	7	0	-52	-272	-85	288	0	-300
1	-85	588	129010516	-2	29	-9	24	-2	8	0	-54	-264	-85	288	0	-300
1	-85	588	129012516	-1	27	-9	27	-1	8	0	-55	-256	-85	288	0	-300
1	-85	588	129014516	-3	35	-11	30	-2	10	0	-57	-246	-85	288	0	-300
1	-85	588	129016512	-1	34	-11	34	-2	10	0	-59	-236	-85	288	0	-300
1	-85	588	129018512	-1	41	-14	35	-2	12	0	-61	-224	-85	288	0	-300
1	-85	588	129020512	-2	40	-16	45	-3	12	0	-64	-212	-85	288	0	-300
1	-85	588	129022512	-1	48	-16	43	-3	14	0	-67	-198	-85	288	0	-300
1	-85	588	129024516	-1	46	-17	45	-2	14	0	-69	-184	-85	288	0	-300
1	-85	588	129026512	-1	55	-18	47	-3	15	0	-72	-169	-85	288	0	-300
1	-85	588	129028520	-2	51	-20	51	-3	15	0	-75	-154	-85	288	0	-300
1	-85	588	129030524	-1	63	-22	54	-4	18	0	-79	-136	-85	288	0	-300
1	-85	588	129032520	-1	57	-22	58	-3	17	0	-82	-119	-85	288	0	-300
1	-85	588	129034516	-1	69	-25	61	-4	20	0	-86	-99	-85	288	0	-300
1	-85	588	129036512	-2	64	-29	74	-5	20	0	-91	-79	-85	288	0	-300
1	-85	588	129038516	-1	77	-27	67	-4	22	0	-95	-57	-85	288	0	-300
1	-85	588	129040516	-1	70	-29	71	-5	21	0	-100	-36	-85	288	0	-300
1	-85	588	129042520	-3	84	-30	74	-5	24	0	-105	-12	-85	288	0	-300
1	-85	588	129044512	-2	77	-31	78	-4	23	0	-109	11	-85	288	0	-300
1	-85	588	129046504	-1	90	-33	81	-6	26	0	-115	37	-85	288	0	-300
1	-85	588	129048496	-3	83	-34	82	-5	24	0	-120	61	-85	288	0	-300
1	-85	588	129050492	-4	96	-35	87	-6	28	0	-126	89	-85	288	0	-300
1	-85	588	129052492	-2	88	-42	101	-7	28	0	-133	117	-85	288	0	-300
1	-85	588	129054492	-5	102	-38	91	-6	29	0	-139	146	-85	288	0	-300
1	-85	588	129056496	-4	91	-40	93	-7	28	0	-146	174	-85	288	0	-300
1	-85	588	129058496	-4	105	-40	95	-6	30	0	-152	204	-85	288	0	-300
1	-85	588	129060484	-5	94	-42	96	-7	28	0	-159	232	-85	288	0	-300
1	-85	588	129062480	-6	109	-44	97	-8	31	0	-167	263	-85	288	0	-300
1	-85	588	129064480	-5	96	-44	98	-7	29	0	-174	292	-85	288	0	-300
1	-85	588	129066480	-7	109	-43	100	-8	32	0	-182	324	-85	288	0	-300
1	-85	588	129068472	-7	96	-45	99	-7	29	0	-189	353	-85	288	0	-300
1	-85	588	129070484	-8	110	-53	112	-10	33	0	-199	386	-85	288	0	-300
1	-85	588	129072488	-8	96	-46	98	-8	29	0	-207	415	-85	288	0	-300
1	-85	588	129074484	-9	108	-46	97	-8	31	0	-215	446	-85	288	0	-300
1	-85	588	129076488	-7	94	-47	98	-8	29	0	-223	475	-85	288	0	-300
1	-85	588	129078484	-10	106	-46	95	-8	30	0	-231	505	-85	288	0	-300
1	-85	588	129080480	-9	92	-46	95	-9	28	0	-240	533	-85	288	0	-300
1	-85	588	129082476	-11	103	-46	92	-8	29	0	-248	562	-85	288	0	-300
1	-85	588	129084472	-9	87	-45	91	-8	27	0	-256	589	-85	288	0	-300
1	-85	588	129086460	-11	99	-52	103	-10	30	0	-266	619	-85	288	0	-300
1	-85	588	129088460	-10	84	-45	87	-8	26	0	-274	645	-85	288	0	-300
1	-85	588	129090460	-13	95	-43	87	-8	27	0	-282	672	-85	288	0	-300
1	-85	588	129092468	-10	80	-44	83	-9	25	0	-291	697	-85	288	0	-300
1	-85	588	129094460	-12	89	-43	82	-8	25	0	-299	722	-85	288	0	-300
1	-85	588	129096464	-10	76	-41	78	-7	23	0	-306	745	-85	288	0	-300
1	-85	588	129098472	-13	84	-41	78	-9	25	0	-315	770	-85	288	0	-300
1	-85	588	129100464	-10	71	-39	75	-7	22	0	-322	792	-85	288	0	-300
1	-85	588	129102464	-12	79	-45	82	-8	24	0	-330	816	-85	288	0	-300
1	-85	588	129104468	-10	67	-37	70	-7	20	0	-337	836	-85	288	0	-300
1	-85	588	129106476	-10	74	-37	69	-8	22	0	-345	858	-85	288	0	-300
1	-85	588	129108468	-10	62	-36	66	-6	19	0	-351	877	-85	288	0	-300
1	-85	588	129110460	-11	70	-35	64	-7	20	0	-358	740	-85	288	0	-300
1	-85	588	129112460	-9	59	-34	63	-7	18	0	-365	758	-85	288	0	-300
1	-85	588	129114460	-10	66	-33	60	-6	19	0	-371	777	-85	288	0	-300
1	-85	588	129116464	-8	57	-37	68	-7	19	0	-378	796	-85	288	0	-300
1	-85	588	129118464	-7	63	-31	58	-6	18	0	-384	814	-85	288	0	-300
1	-85	588	129120464	-4	54	-29	57	-5	17	0	-389	831	-85	288	0	-300
1	-85	588	129122460	-4	63	-27	58	-4	18	0	-393	849	-85	288	0	-300
1	-85	588	129124456	-1	53	-28	56	-5	16	0	-398	865	-85	288	0	-300
1	-85	588	129126456	-1	62	-26	56	-4	18	0	-402	883	-85	288	0	-300
1	-85	588	129128448	0	52	-24	55	-3	16	0	-405	899	-85	288	0	-300
1	-85	588	129130448	2	60	-25	55	-4	17	0	-409	737	-85	288	0	-300
1	-85	588	129132448	1	50	-26	60	-3	17	0	-412	754	-85	288	0	-300
1	-85	588	129134452	4	56	-22	50	-3	16	0	-415	770	-85	288	0	-300
1	-85	588	129136452	2	48	-22	49	-3	14	0	-418	784	-85	288	0	-300
1	-85	588	129138456	5	51	-21	48	-3	15	0	-421	799	-85	288	0	-300
1	-85	588	129140460	4	43	-19	45	-2	13	0	-423	812	-85	288	0	-300
1	-85	588	129142452	4	47	-18	42	-2	14	0	-425	734	-85	288	0	-300
1	-85	588	129144460	3	39	-18	41	-2	12	0	-427	746	-85	288	0	-300
1	-85	588	129146448	5	41	-16	38	-2	11	0	-429	757	-85	288	0	-300
1	-85	588	129148452	4	34	-18	41	-2	12	0	-431	769	-85	288	0	-300
1	-85	588	129150456	4	36	-15	34	-2	10	0	-433	779	-85	288	0	-300
1	-85	588	129152460	4	33	-13	31	-1	10	0	-434	789	-85	288	0	-300
1	-85	588	129154464	1	26	-13	29	-2	8	0	-436	797	-85	288	0	-300
1	-85	588	129156472	0	25	-14	25	-2	8	0	-438	805	-85	288	0	-300
1	-85	588	129158472	1	19	-12	22	-1	6	0	-439	811	-85	288	0	-300
1	-85	588	129160468	0	18	-11	19	-2	5	0	-441	725	-85	288	0	-300
1	-85	588	129162468	0	14	-10	16	-2	5	0	-443	730	-85	288	0	-300
1	-85	588	129164468	0	14	-13	15	-2	4	0	-445	734	-85	288	0	-300
1	-85	588	129166468	0	9	-7	12	-1	3	0	-446	737	-85	288	0	-300
1	-85	588	129168472	0	10	-8	10	-1	3	0	-447	740	-85	288	0	-300
1	-85	588	129170476	0	7	-7	7	-1	2	0	-448	742	-85	288	0	-300
1	-85	588	129172464	0	6	-5	8	-1	2	0	-449	744	-85	288	0	-300
1	-85	588	129174448	0	5	-5	6	0	2	0	-449	746	-85	288	0	-300
1	-85	588	129176460	0	5	-5	5	-1	2	0	-450	748	-85	288	0	-300
1	-85	588	129178460	1	4	-4	5	-1	1	0	-451	749	-85	288	0	-300
1	-85	588	129180440	2	4	-4	4	0	1	0	-451	750	-85	288	0	-300
1	-85	588	129182412	2	4	-2	3	0	1	0	-451	721	-85	288	0	-300
1	-85	588	129184420	3	2	-3	4	0	1	0	-451	722	-85	288	0	-300
1	-85	588	129186412	2	3	-2	1	0	1	0	-451	723	-85	288	0	-300
1	-85	588	129188432	3	1	-2	3	0	0	0	-451	723	-85	288	0	-300
1	-85	588	129190444	3	1	-1	1	0	1	0	-451	724	-85	288	0	-300
1	-85	588	129192428	3	1	-1	1	0	0	0	-451	720	-85	288	0	-300
1	-85	588	129194424	4	0	0	2	0	0	0	-451	720	-85	288	0	-300
1	-85	588	129196412	3	0	0	0	1	0	0	-450	720	-85	288	0	-300
1	-85	588	129198400	3	0	0	0	0	0	0	-450	720	-85	288	0	-300
1	-85	588	129200408	4	0	0	0	1	0	0	-449	720	-85	288	0	-300
1	-85	588	129202396	3	0	0	0	0	0	0	-449	720	-85	288	0	-300
1	-85	588	129204436	3	0	0	-1	1	0	1	-448	720	-85	288	0	-300
2	-85	588	129206424	4	-1	0	-1	0	0	1	-85	288	-85	288	0	-300
2	-85	588	129208432	3	-2	0	0	1	0	1	-84	288	-85	288	0	-300
2	247	-540	129210428	4	0	0	-3	1	0	1	-83	288	162	-252	-85	288
2	247	-540	129212412	4	-2	0	-1	0	0	1	-83	288	162	-252	-85	288
2	247	-540	129214428	4	-1	2	-1	1	-1	1	-82	287	162	-252	-85	288
2	247	-540	129216420	3	-3	0	-3	0	-1	1	-82	286	162	-252	-85	288
2	247	-540	129218420	4	-1	1	-2	1	0	1	-81	286	162	-252	-85	288
2	247	-540	129220436	4	-4	1	-3	1	-1	1	-80	285	162	-252	-85	288
2	247	-540	129222440	4	-2	1	-2	1	-1	1	-79	284	162	-252	-85	288
2	247	-540	129224432	3	-4	0	-4	0	-1	1	-79	283	162	-252	-85	288
2	247	-540	129226444	4	-4	3	-4	1	-1	1	-78	282	162	-252	-85	288
2	247	-540	129228444	4	-5	1	-5	1	-2	1	-77	280	162	-252	-85	288
2	247	-540	129230448	4	-5	1	-3	1	-1	1	-76	279	162	-252	-85	288
2	247	-540	129232440	3	-6	2	-7	0	-2	1	-76	277	162	-252	-85	288
2	247	-540	129234452	4	-5	1	-5	1	-1	1	-75	276	162	-252	-85	288
2	247	-540	129236452	4	-8	1	-6	1	-2	1	-74	274	162	-252	-85	288
2	247	-540	129238444	2	-6	1	-6	0	-2	1	-74	272	162	-252	-85	288
2	247	-540	129240456	4	-7	2	-8	1	-2	1	-73	270	162	-252	-85	288
2	247	-540	129242456	3	-8	1	-8	1	-3	1	-72	267	162	-252	-85	288
2	247	-540	129244456	3	-9	1	-8	1	-2	1	-71	265	162	-252	-85	288
2	247	-540	129246444	3	-8	1	-9	0	-3	1	-71	262	162	-252	-85	288
2	247	-540	129248460	2	-10	2	-8	1	-3	1	-70	259	162	-252	-85	288
2	247	-540	129250444	3	-9	2	-9	0	-2	1	-70	257	162	-252	-85	288
2	247	-540	129252464	1	-11	1	-10	1	-4	1	-69	253	162	-252	-85	288
2	247	-540	129254460	3	-10	2	-10	1	-3	0	-68	250	162	-252	-85	288
2	247	-540	129256432	1	-12	1	-10	0	-3	0	-68	247	162	-252	-85	288
2	247	-540	129258428	2	-11	1	-13	0	-3	0	-68	244	162	-252	-85	288
2	247	-540	129260436	2	-12	3	-12	1	-4	0	-67	240	162	-252	-85	288
2	247	-540	129262424	1	-12	1	-11	0	-3	0	-67	237	162	-252	-85	288
2	247	-540	129264436	2	-13	1	-12	1	-4	0	-66	233	162	-252	-85	288
2	247	-540	129266436	2	-12	3	-12	1	-4	0	-65	229	162	-252	-85	288
2	247	-540	129268424	1	-13	1	-13	0	-4	0	-65	225	162	-252	-85	288
2	247	-540	129270424	2	-13	2	-12	0	-3	0	-65	222	162	-252	-85	288
2	247	-540	129272432	2	-15	3	-13	1	-5	0	-64	217	162	-252	-85	288
2	247	-540	129274432	2	-12	2	-15	1	-4	0	-63	213	162	-252	-85	288
2	247	-540	129276436	3	-14	3	-12	1	-4	0	-62	209	162	-252	-85	288
2	247	-540	129278428	2	-13	2	-13	0	-4	0	-62	205	162	-252	-85	288
2	247	-540	129280444	3	-15	3	-12	1	-4	0	-61	201	162	-252	-85	288
2	247	-540	129282452	2	-13	2	-13	1	-3	0	-60	198	162	-252	-85	288
2	247	-540	129284452	3	-13	3	-12	1	-4	0	-59	194	162	-252	-85	288
2	247	-540	129286456	2	-11	4	-11	1	-4	0	-58	190	162	-252	-85	288
2	247	-540	129288444	4	-13	2	-14	0	-4	0	-58	186	162	-252	-85	288
2	247	-540	129290456	2	-12	4	-11	1	-3	0	-57	183	162	-252	-85	288
2	247	-540	129292452	4	-10	2	-12	1	-3	0	-56	180	162	-252	-85	288
2	247	-540	129294448	3	-11	3	-10	1	-3	0	-55	177	162	-252	-85	288
2	247	-540	129296448	2	-10	2	-10	1	-3	0	-54	174	162	-252	-85	288
2	247	-540	129298444	4	-10	3	-8	1	-3	0	-53	171	162	-252	-85	288
2	247	-540	129300428	1	-9	2	-10	0	-3	0	-53	168	162	-252	-85	288
2	247	-540	129302448	3	-9	3	-8	1	-3	0	-52	165	162	-252	-85	288
2	247	-540	129304452	2	-7	2	-10	1	-2	0	-51	163	162	-252	-85	288
2	247	-540	129306440	1	-9	2	-7	0	-3	0	-51	160	162	-252	-85	288
2	247	-540	129308440	2	-6	2	-8	1	-2	0	-50	158	162	-252	-85	288
2	247	-540	129310432	1	-8	1	-7	0	-2	0	-50	156	162	-252	-85	288
2	247	-540	129312444	1	-7	2	-7	1	-2	0	-49	154	162	-252	-85	288
2	247	-540	129314432	0	-8	1	-7	0	-2	0	-49	152	162	-252	-85	288
2	247	-540	129316436	0	-6	1	-8	0	-2	0	-49	150	162	-252	-85	288
2	247	-540	129318436	0	-8	1	-6	0	-2	0	-49	148	162	-252	-85	288
2	247	-540	129320432	0	-7	2	-9	0	-3	0	-49	145	162	-252	-85	288
2	247	-540	129322436	0	-8	1	-7	0	-2	0	-49	143	162	-252	-85	288
2	247	-540	129324416	0	-7	0	-8	0	-2	0	-49	141	162	-252	-85	288
2	247	-540	129326448	-2	-9	1	-8	0	-3	0	-49	138	162	-252	-85	288
2	247	-540	129328444	-1	-9	0	-9	0	-3	0	-49	135	162	-252	-85	288
2	247	-540	129330444	-2	-10	1	-9	0	-2	0	-49	133	162	-252	-85	288
2	247	-540	129332416	-2	-8	2	-10	0	-3	0	-49	130	162	-252	-85	288
2	247	-540	129334440	-3	-12	0	-10	0	-3	0	-49	127	162	-252	-85	288
2	247	-540	129336444	-3	-11	2	-12	0	-4	0	-49	123	162	-252	-85	288
2	247	-540	129338448	-2	-14	1	-13	0	-4	0	-49	119	162	-252	-85	288
2	247	-540	129340452	-4	-13	3	-12	0	-4	0	-49	115	162	-252	-85	288
2	247	-540	129342440	-4	-17	2	-15	0	-4	0	-49	111	162	-252	-85	288
2	247	-540	129344420	-4	-15	4	-15	0	-5	0	-49	106	162	-252	-85	288
2	247	-540	129346444	-3	-18	4	-17	0	-5	0	-49	101	162	-252	-85	288
2	247	-540	129348448	-4	-18	6	-18	0	-6	0	-49	95	162	-252	-85	288
2	247	-540	129350456	-4	-22	8	-22	0	-6	0	-49	89	162	-252	-85	288
2	247	-540	129352444	-4	-20	7	-20	0	-6	0	-49	83	162	-252	-85	288
2	247	-540	129354460	-3	-25	10	-22	1	-7	0	-48	76	162	-252	-85	288
2	247	-540	129356456	-3	-24	11	-23	2	-7	0	-46	69	162	-252	-85	288
2	247	-540	129358456	-4	-28	13	-25	1	-8	0	-45	61	162	-252	-85	288
2	247	-540	129360452	-2	-26	15	-26	2	-8	0	-43	53	162	-252	-85	288
2	247	-540	129362452	-1	-32	16	-27	2	-9	0	-41	44	162	-252	-85	288
2	247	-540	129364452	-3	-29	19	-29	3	-9	0	-38	35	162	-252	-85	288
2	247	-540	129366452	-1	-36	24	-36	3	-10	0	-35	25	162	-252	-85	288
2	247	-540	129368456	0	-33	23	-33	3	-10	0	-32	15	162	-252	-85	288
2	247	-540	129370448	0	-39	25	-34	4	-11	0	-28	4	162	-252	-85	288
2	247	-540	129372456	0	-35	28	-35	4	-11	0	-24	-7	162	-252	-85	288
2	247	-540	129374456	0	-42	29	-37	5	-12	0	-19	-19	162	-252	-85	288
2	247	-540	129376456	2	-38	31	-39	5	-11	0	-14	-30	162	-252	-85	288
2	247	-540	129378452	2	-46	32	-39	5	-13	0	-9	-43	162	-252	-85	288
2	247	-540	129380452	4	-40	37	-41	6	-12	0	-3	-55	162	-252	-85	288
2	247	-540	129382448	4	-49	41	-50	7	-15	0	4	-70	162	-252	-85	288
2	247	-540	129384440	5	-43	40	-44	6	-13	0	10	-83	162	-252	-85	288
2	247	-540	129386440	5	-52	40	-45	7	-15	0	17	-98	162	-252	-85	288
2	247	-540	129388440	5	-46	42	-47	7	-13	0	24	-111	162	-252	-85	288
2	247	-540	129390436	6	-55	44	-48	8	-16	0	32	-127	162	-252	-85	288
2	247	-540	129392436	7	-49	45	-48	8	-14	0	40	-141	162	-252	-85	288
2	247	-540	129394436	8	-56	46	-52	8	-17	0	48	-158	162	-252	-85	288
2	247	-540	129396436	7	-51	48	-51	8	-15	0	56	-173	162	-252	-85	288
2	247	-540	129398436	8	-60	56	-60	9	-18	0	65	-191	162	-252	-85	288
2	247	-540	129400432	7	-54	50	-54	9	-16	0	74	-207	162	-252	-85	288
2	247	-540	129402432	10	-62	51	-56	9	-18	0	83	-225	162	-252	-85	288
2	247	-540	129404436	8	-57	53	-56	9	-17	0	92	-242	162	-252	-85	288
2	247	-540	129406436	10	-66	54	-59	10	-19	0	102	-261	162	-252	-85	288
2	247	-540	129408428	9	-59	55	-59	10	-17	0	112	-278	162	-252	-85	288
2	247	-540	129410432	10	-68	55	-61	9	-20	0	121	-298	162	-252	-85	288
2	247	-540	129412432	8	-62	65	-70	11	-19	0	132	-317	162	-252	-85	288
2	247	-540	129414432	12	-71	57	-62	11	-20	0	143	-337	162	-252	-85	288
2	247	-540	129416432	8	-64	59	-65	10	-20	0	153	-357	162	-252	-85	288
2	247	-540	129418432	12	-73	60	-64	10	-20	0	163	-377	162	-252	-85	288
2	247	-540	129420424	10	-65	60	-66	11	-20	0	174	-397	162	-252	-85	288
2	247	-540	129422440	11	-77	61	-67	11	-22	0	185	-419	162	-252	-85	288
2	247	-540	129424440	11	-66	61	-67	11	-19	0	196	-438	162	-252	-85	288
2	247	-540	129426428	11	-76	63	-68	11	-22	0	207	-460	162	-252	-85	288
2	247	-540	129428424	10	-69	72	-78	12	-22	0	219	-482	162	-252	-85	288
2	247	-540	129430424	13	-77	64	-69	11	-22	0	230	-504	162	-252	-85	288
2	247	-540	129432420	10	-68	64	-70	12	-21	0	242	-525	162	-252	-85	288
2	247	-540	129434420	12	-79	65	-69	11	-22	0	253	-547	162	-252	-85	288
2	247	-540	129436412	12	-67	65	-70	12	-20	0	265	-567	162	-252	-85	288
2	247	-540	129438420	12	-79	65	-69	11	-23	0	276	-590	162	-252	-85	288
2	247	-540	129440416	11	-67	66	-70	12	-20	0	288	-610	162	-252	-85	288
2	247	-540	129442412	13	-78	65	-68	11	-22	0	299	-632	162	-252	-85	288
2	247	-540	129444404	11	-66	66	-69	12	-20	0	311	-652	162	-252	-85	288
2	247	-540	129446408	13	-78	75	-78	13	-24	0	324	-676	162	-252	-85	288
2	247	-540	129448416	12	-75	68	-68	12	-21	0	336	-697	162	-252	-85	288
2	247	-540	129450408	11	-66	66	-68	12	-20	0	348	-717	162	-252	-85	288
2	247	-540	129452412	12	-66	66	-67	11	-20	0	359	-737	162	-252	-85	288
2	247	-540	129454408	12	-75	67	-67	12	-22	0	371	-759	162	-252	-85	288
2	247	-540	129456404	10	-64	66	-66	12	-19	0	383	-778	162	-252	-85	288
2	247	-540	129458412	13	-74	66	-66	12	-21	0	395	-799	162	-252	-85	288
2	247	-540	129460408	12	-73	75	-74	13	-22	0	408	-742	162	-252	-85	288
2	247	-540	129462404	11	-63	65	-65	11	-19	0	419	-761	162	-252	-85	288
2	247	-540	129464400	10	-62	64	-64	11	-19	0	430	-780	162	-252	-85	288
2	247	-540	129466396	13	-72	65	-63	12	-20	0	442	-800	162	-252	-85	288
2	247	-540	129468388	10	-60	62	-62	11	-19	0	453	-819	162	-252	-85	288
2	247	-540	129470384	12	-68	63	-61	11	-19	0	464	-838	162	-252	-85	288
2	247	-540	129472384	10	-59	61	-60	11	-18	0	475	-856	162	-252	-85	288
2	247	-540	129474380	12	-65	60	-59	10	-19	0	485	-875	162	-252	-85	288
2	247	-540	129476380	8	-56	59	-57	10	-17	0	495	-737	162	-252	-85	288
2	247	-540	129478372	12	-63	64	-64	12	-19	0	507	-756	162	-252	-85	288
2	247	-540	129480368	8	-54	56	-54	9	-16	0	516	-772	162	-252	-85	288
2	247	-540	129482376	10	-60	52	-52	10	-17	0	526	-789	162	-252	-85	288
2	247	-540	129484372	9	-50	52	-51	9	-15	0	535	-804	162	-252	-85	288
2	247	-540	129486372	9	-53	50	-50	9	-15	0	544	-819	162	-252	-85	288
2	247	-540	129488368	7	-47	46	-48	8	-14	0	552	-833	162	-252	-85	288
2	247	-540	129490380	9	-51	44	-45	8	-15	0	560	-848	162	-252	-85	288
2	247	-540	129492376	6	-47	48	-50	8	-14	0	568	-862	162	-252	-85	288
2	247	-540	129494392	7	-40	39	-41	7	-13	0	575	-733	162	-252	-85	288
2	247	-540	129496392	6	-43	38	-39	6	-12	0	581	-745	162	-252	-85	288
2	247	-540	129498384	5	-36	35	-37	6	-11	0	587	-756	162	-252	-85	288
2	247	-540	129500396	5	-38	31	-35	6	-11	0	593	-767	162	-252	-85	288
2	247	-540	129502396	4	-31	30	-33	5	-9	0	598	-776	162	-252	-85	288
2	247	-540	129504388	3	-34	26	-30	4	-10	0	602	-786	162	-252	-85	288
2	247	-540	129506388	4	-26	25	-29	4	-8	0	606	-794	162	-252	-85	288
2	247	-540	129508392	3	-27	25	-30	5	-9	0	611	-803	162	-252	-85	288
2	247	-540	129510380	1	-23	20	-22	3	-6	0	614	-726	162	-252	-85	288
2	247	-540	129512376	2	-22	18	-23	3	-7	0	617	-733	162	-252	-85	288
2	247	-540	129514380	2	-18	16	-18	2	-6	0	619	-739	162	-252	-85	288
2	247	-540	129516384	1	-19	14	-18	3	-5	0	622	-744	162	-252	-85	288
2	247	-540	129518388	0	-12	11	-15	1	-4	0	623	-748	162	-252	-85	288
2	247	-540	129520396	1	-14	10	-14	2	-4	0	625	-752	162	-252	-85	288
2	247	-540	129522392	0	-10	9	-11	1	-4	1	626	-756	162	-252	-85	288
3	247	-540	129524392	0	-10	8	-11	2	-3	1	164	-255	162	-252	-85	288
3	247	-540	129526384	0	-7	5	-8	0	-2	1	164	-257	162	-252	-85	288
3	247	-540	129528400	0	-7	5	-6	1	-2	1	165	-259	162	-252	-85	288
3	247	-540	129530400	0	-5	4	-6	1	-2	1	166	-261	162	-252	-85	288
3	-389	448	129532392	0	-3	3	-4	0	-1	1	166	-262	-227	196	162	-252
3	-389	448	129534384	0	-3	2	-4	0	-1	1	166	-263	-227	196	162	-252
3	-389	448	129536392	0	-2	1	-2	1	0	1	167	-263	-227	196	162	-252
3	-389	448	129538384	0	-2	2	-3	0	-1	1	167	-264	-227	196	162	-252
3	-389	448	129540376	0	0	1	-1	0	0	1	167	-264	-227	196	162	-252
3	-389	448	129542348	0	-1	0	0	0	0	1	167	-264	-227	196	162	-252
3	-389	448	129544344	0	0	0	-1	0	0	1	167	-264	-227	196	162	-252
3	-389	448	129548340	0	0	1	0	0	0	1	167	-264	-227	196	162	-252
3	-389	448	129608344	0	0	0	0	0	0	0	167	-264	-227	196	162	-252
3	-389	448	129618392	0	0	-2	2	0	0	0	167	-264	-227	196	162	-252
3	-389	448	129620364	0	1	0	0	0	0	0	167	-264	-227	196	162	-252
3	-389	448	129622404	0	1	-2	1	0	0	0	167	-264	-227	196	162	-252
3	-389	448	129624400	0	1	-1	2	0	0	0	167	-264	-227	196	162	-252
3	-389	448	129626412	0	4	-4	3	0	1	0	167	-263	-227	196	162	-252
3	-389	448	129628424	-2	2	-4	4	-1	1	0	166	-262	-227	196	162	-252
3	-389	448	129630424	0	5	-6	3	-1	1	0	165	-261	-227	196	162	-252
3	-389	448	129632420	-1	5	-8	7	-1	2	0	164	-259	-227	196	162	-252
3	-389	448	129634420	-1	8	-8	6	-2	2	0	162	-257	-227	196	162	-252
3	-389	448	129636420	-3	7	-12	6	-2	2	0	160	-255	-227	196	162	-252
3	-389	448	129638420	-1	10	-12	9	-2	3	0	158	-252	-227	196	162	-252
3	-389	448	129640412	-2	10	-15	10	-2	3	0	156	-249	-227	196	162	-252
3	-389	448	129642404	-3	13	-19	10	-4	3	0	152	-246	-227	196	162	-252
3	-389	448	129644404	-4	12	-20	12	-3	4	0	149	-242	-227	196	162	-252
3	-389	448	129646408	-3	17	-29	17	-5	5	0	144	-237	-227	196	162	-252
3	-389	448	129648412	-5	16	-27	15	-5	4	0	139	-233	-227	196	162	-252
3	-389	448	129650412	-7	20	-33	17	-6	6	0	133	-227	-227	196	162	-252
3	-389	448	129652416	-5	20	-36	19	-6	6	0	127	-221	-227	196	162	-252
3	-389	448	129654420	-8	24	-41	21	-7	7	0	120	-214	-227	196	162	-252
3	-389	448	129656424	-9	23	-45	23	-9	6	0	111	-208	-227	196	162	-252
3	-389	448	129658432	-11	29	-51	25	-9	9	0	102	-199	-227	196	162	-252
3	-389	448	129660428	-12	28	-57	27	-10	8	0	92	-191	-227	196	162	-252
3	-389	448	129662432	-13	32	-70	33	-13	10	0	79	-181	-227	196	162	-252
3	-389	448	129664432	-15	31	-66	30	-12	9	0	67	-172	-227	196	162	-252
3	-389	448	129666432	-18	38	-72	32	-13	10	0	54	-162	-227	196	162	-252
3	-389	448	129668424	-19	34	-78	34	-15	10	0	39	-152	-227	196	162	-252
3	-389	448	129670432	-22	42	-84	36	-16	12	0	23	-140	-227	196	162	-252
3	-389	448	129672440	-23	39	-88	39	-16	12	0	7	-128	-227	196	162	-252
3	-389	448	129674436	-27	47	-94	40	-19	13	0	-12	-115	-227	196	162	-252
3	-389	448	129676432	-28	44	-114	49	-21	14	0	-33	-101	-227	196	162	-252
3	-389	448	129678432	-32	51	-104	45	-20	14	0	-53	-87	-227	196	162	-252
3	-389	448	129680432	-31	48	-110	46	-21	14	0	-74	-73	-227	196	162	-252
3	-389	448	129682424	-39	57	-112	49	-23	16	0	-97	-57	-227	196	162	-252
3	-389	448	129684424	-36	52	-118	51	-23	16	0	-120	-41	-227	196	162	-252
3	-389	448	129686428	-43	61	-121	52	-25	17	0	-145	-24	-227	196	162	-252
3	-389	448	129688428	-40	55	-124	54	-24	16	0	-169	-8	-227	196	162	-252
3	-389	448	129690428	-47	65	-126	56	-26	18	0	-195	10	-227	196	162	-252
3	-389	448	129692432	-44	59	-147	67	-29	19	0	-224	29	-227	196	162	-252
3	-389	448	129694424	-51	68	-132	58	-27	19	0	-251	48	-227	196	162	-252
3	-389	448	129696424	-47	60	-131	62	-27	18	0	-278	66	-227	196	162	-252
3	-389	448	129698424	-55	72	-132	61	-28	20	0	-306	86	-227	196	162	-252
3	-389	448	129700424	-48	63	-134	64	-27	19	0	-333	105	-227	196	162	-252
3	-389	448	129702428	-57	73	-133	63	-29	21	0	-362	126	-227	196	162	-252
3	-389	448	129704428	-51	65	-132	64	-27	19	0	-389	145	-227	196	162	-252
3	-389	448	129706428	-57	74	-130	65	-28	21	0	-417	166	-227	196	162	-252
3	-389	448	129708432	-59	73	-149	75	-32	22	0	-449	188	-227	196	162	-252
3	-389	448	129710436	-51	65	-129	65	-27	19	0	-476	207	-227	196	162	-252
3	-389	448	129712432	-52	65	-127	64	-27	20	0	-503	227	-227	196	162	-252
3	-389	448	129714424	-58	73	-124	65	-27	21	0	-530	248	-227	196	162	-252
3	-389	448	129716424	-59	72	-122	64	-27	20	0	-557	268	-227	196	162	-252
3	-389	448	129718432	-51	62	-120	62	-26	19	0	-583	287	-227	196	162	-252
3	-389	448	129720428	-58	70	-118	61	-26	19	0	-609	306	-227	196	162	-252
3	-389	448	129722428	-50	60	-115	62	-25	18	0	-634	324	-227	196	162	-252
3	-389	448	129724432	-57	66	-127	67	-27	20	0	-661	344	-227	196	162	-252
3	-389	448	129726428	-49	56	-109	58	-24	18	0	-685	362	-227	196	162	-252
3	-389	448	129728432	-55	63	-108	56	-25	17	0	-710	379	-227	196	162	-252
3	-389	448	129730428	-49	53	-103	54	-22	16	0	-732	395	-227	196	162	-252
3	-389	448	129732432	-54	59	-100	52	-23	17	0	-755	412	-227	196	162	-252
3	-389	448	129734432	-47	50	-99	51	-22	15	0	-777	427	-227	196	162	-252
3	-389	448	129736432	-53	54	-95	49	-23	16	0	-800	443	-227	196	162	-252
3	-389	448	129738432	-46	46	-106	54	-22	15	0	-822	458	-227	196	162	-252
3	-389	448	129740432	-51	50	-92	45	-22	14	0	-844	472	-227	196	162	-252
3	-389	448	129742432	-45	41	-88	42	-20	12	0	-864	484	-227	196	162	-252
3	-389	448	129744428	-49	47	-85	42	-20	14	0	-884	498	-227	196	162	-252
3	-389	448	129746428	-42	37	-84	38	-19	11	0	-903	509	-227	196	162	-252
3	-389	448	129748424	-49	41	-81	37	-19	12	0	-922	521	-227	196	162	-252
3	-389	448	129750432	-41	35	-80	35	-18	10	0	-940	531	-227	196	162	-252
3	-389	448	129752444	-47	37	-77	33	-19	11	0	-959	542	-227	196	162	-252
3	-389	448	129754440	-38	30	-85	37	-18	10	0	-977	552	-227	196	162	-252
3	-389	448	129756440	-44	33	-71	30	-18	9	0	-995	561	-227	196	162	-252
3	-389	448	129758436	-38	28	-70	28	-16	9	0	-1011	570	-227	196	162	-252
3	-389	448	129760440	-41	29	-66	27	-16	8	0	-1027	578	-227	196	162	-252
3	-389	448	129762444	-35	25	-64	26	-15	8	0	-1042	586	-227	196	162	-252
3	-389	448	129764444	-39	26	-62	22	-15	7	0	-1057	593	-227	196	162	-252
3	-389	448	129766448	-32	21	-59	23	-14	6	0	-1071	599	-227	196	162	-252
3	-389	448	129768440	-36	23	-55	21	-13	7	0	-1084	606	-227	196	162	-252
3	-389	448	129770440	-30	18	-61	23	-14	6	0	-1098	612	-227	196	162	-252
3	-389	448	129772436	-32	22	-49	18	-12	6	0	-1110	618	-227	196	162	-252
3	-389	448	129774436	-27	16	-46	17	-11	5	0	-1121	623	-227	196	162	-252
3	-389	448	129776436	-29	17	-44	16	-11	5	0	-1132	628	-227	196	162	-252
3	-389	448	129778444	-24	15	-40	15	-10	5	0	-1142	633	-227	196	162	-252
3	-389	448	129780440	-25	15	-36	14	-9	4	0	-1151	637	-227	196	162	-252
3	-389	448	129782436	-21	13	-34	13	-8	4	0	-1159	641	-227	196	162	-252
3	-389	448	129784432	-21	12	-30	12	-8	3	0	-1167	644	-227	196	162	-252
3	-389	448	129786432	-18	12	-31	12	-7	4	0	-1174	648	-227	196	162	-252
3	-389	448	129788428	-17	10	-24	10	-6	3	0	-1180	651	-227	196	162	-252
3	-389	448	129790428	-14	8	-20	9	-5	3	0	-1185	654	-227	196	162	-252
3	-389	448	129792428	-14	9	-19	7	-5	2	0	-1190	656	-227	196	162	-252
3	-389	448	129794436	-11	6	-16	8	-4	2	0	-1194	658	-227	196	162	-252
3	-389	448	129796432	-10	8	-14	6	-4	2	0	-1198	660	-227	196	162	-252
3	-389	448	129798432	-9	4	-11	5	-3	2	0	-1201	662	-227	196	162	-252
3	-389	448	129800436	-7	5	-10	5	-2	1	0	-1203	663	-227	196	162	-252
3	-389	448	129802432	-6	3	-9	5	-3	1	0	-1206	664	-227	196	162	-252
3	-389	448	129804436	-5	4	-6	3	-1	1	0	-1207	665	-227	196	162	-252
3	-389	448	129806440	-4	3	-5	2	-2	1	0	-1209	666	-227	196	162	-252
3	-389	448	129808440	-4	1	-4	3	-1	1	1	-1210	667	-227	196	162	-252
4	500	-321	129810408	-1	1	-2	2	0	0	1	-227	196	273	-125	-227	196
4	500	-321	129812424	-3	1	-2	1	-1	0	1	-228	196	273	-125	-227	196
4	500	-321	129814424	-1	2	-1	0	0	1	1	-228	197	273	-125	-227	196
4	500	-321	129816432	-1	0	-1	2	-1	0	1	-229	197	273	-125	-227	196
4	500	-321	129818396	0	0	-1	0	0	0	1	-229	197	273	-125	-227	196
4	500	-321	129836404	-1	0	0	0	0	0	1	-229	197	273	-125	-227	196
4	500	-321	129844416	0	1	0	0	0	0	1	-229	197	273	-125	-227	196
4	500	-321	129846416	-2	0	0	0	0	0	1	-229	197	273	-125	-227	196
4	500	-321	129848420	-1	0	0	0	0	0	1	-229	197	273	-125	-227	196
4	500	-321	129850440	-1	0	0	1	0	0	1	-229	197	273	-125	-227	196
4	500	-321	129852424	-3	0	-2	0	-1	0	1	-230	197	273	-125	-227	196
4	500	-321	129854420	-2	0	0	0	-1	0	1	-231	197	273	-125	-227	196
4	500	-321	129856424	-4	1	0	0	0	0	1	-231	197	273	-125	-227	196
4	500	-321	129858408	-4	0	-1	0	-1	0	1	-232	197	273	-125	-227	196
4	500	-321	129860392	-2	0	0	0	0	0	1	-232	197	273	-125	-227	196
4	500	-321	129862396	-5	0	-1	0	-1	0	1	-233	197	273	-125	-227	196
4	500	-321	129864436	-4	1	-1	0	-1	1	1	-234	198	273	-125	-227	196
4	500	-321	129866424	-6	0	0	1	-1	0	1	-235	198	273	-125	-227	196
4	500	-321	129868396	-4	0	-2	0	-1	0	1	-236	198	273	-125	-227	196
4	500	-321	129870392	-6	0	-1	0	-1	0	1	-237	198	273	-125	-227	196
4	500	-321	129872380	-5	0	0	0	0	0	1	-237	198	273	-125	-227	196
4	500	-321	129874408	-8	2	-1	0	-2	0	1	-239	198	273	-125	-227	196
4	500	-321	129876384	-5	0	-1	0	-1	0	1	-240	198	273	-125	-227	196
4	500	-321	129878392	-7	0	-2	0	-1	0	1	-241	198	273	-125	-227	196
4	500	-321	129880388	-5	0	0	0	-1	0	1	-242	198	273	-125	-227	196
4	500	-321	129882392	-8	0	-1	0	-1	0	1	-243	198	273	-125	-227	196
4	500	-321	129884388	-5	0	-1	0	-1	0	0	-244	198	273	-125	-227	196
4	500	-321	129886384	-6	0	-1	0	-1	0	0	-245	198	273	-125	-227	196
4	500	-321	129888384	-5	0	0	0	-1	0	0	-246	198	273	-125	-227	196
4	500	-321	129890384	-6	0	-2	0	-1	0	0	-247	198	273	-125	-227	196
4	500	-321	129892392	-5	0	0	0	-1	0	0	-248	198	273	-125	-227	196
4	500	-321	129894424	-5	-1	0	0	-1	0	0	-249	198	273	-125	-227	196
4	500	-321	129896408	-4	-1	0	-2	0	0	0	-249	198	273	-125	-227	196
4	500	-321	129898404	-4	-1	2	0	0	0	0	-249	198	273	-125	-227	196
4	500	-321	129900384	-3	-2	3	-2	0	0	0	-249	198	273	-125	-227	196
4	500	-321	129902432	-4	-2	3	-1	-1	-1	0	-250	197	273	-125	-227	196
4	500	-321	129904416	-3	-3	5	-3	0	-1	0	-250	196	273	-125	-227	196
4	500	-321	129906412	-2	-2	8	-2	1	0	0	-249	196	273	-125	-227	196
4	500	-321	129908424	-1	-4	9	-3	1	-1	0	-248	195	273	-125	-227	196
4	500	-321	129910428	-2	-4	13	-4	1	-2	0	-247	193	273	-125	-227	196
4	500	-321	129912408	0	-3	14	-3	3	0	0	-244	193	273	-125	-227	196
4	500	-321	129914420	0	-5	18	-5	2	-2	0	-242	191	273	-125	-227	196
4	500	-321	129916416	1	-5	18	-5	3	-1	0	-239	190	273	-125	-227	196
4	500	-321	129918408	2	-8	23	-5	4	-2	0	-235	188	273	-125	-227	196
4	500	-321	129920416	4	-6	26	-7	4	-2	0	-231	186	273	-125	-227	196
4	500	-321	129922420	5	-9	29	-7	5	-3	0	-226	183	273	-125	-227	196
4	500	-321	129924428	6	-7	32	-8	6	-2	0	-220	181	273	-125	-227	196
4	500	-321	129926420	8	-10	42	-10	8	-3	0	-212	178	273	-125	-227	196
4	500	-321	129928424	7	-10	40	-8	7	-3	0	-205	175	273	-125	-227	196
4	500	-321	129930424	12	-13	43	-12	8	-3	0	-197	172	273	-125	-227	196
4	500	-321	129932420	11	-12	47	-11	9	-4	0	-188	168	273	-125	-227	196
4	500	-321	129934416	15	-14	51	-12	10	-4	0	-178	164	273	-125	-227	196
4	500	-321	129936416	15	-15	55	-15	10	-4	0	-168	160	273	-125	-227	196
4	500	-321	129938412	17	-18	57	-14	11	-5	0	-157	155	273	-125	-227	196
4	500	-321	129940412	19	-16	62	-16	12	-5	0	-145	150	273	-125	-227	196
4	500	-321	129942412	23	-20	72	-20	15	-6	0	-130	144	273	-125	-227	196
4	500	-321	129944416	21	-20	69	-19	13	-6	0	-117	138	273	-125	-227	196
4	500	-321	129946420	26	-22	70	-20	14	-6	0	-103	132	273	-125	-227	196
4	500	-321	129948420	24	-23	74	-21	15	-7	0	-88	125	273	-125	-227	196
4	500	-321	129950420	31	-25	77	-23	16	-7	0	-72	118	273	-125	-227	196
4	500	-321	129952420	28	-25	79	-24	16	-7	0	-56	111	273	-125	-227	196
4	500	-321	129954420	35	-29	82	-25	18	-8	0	-38	103	273	-125	-227	196
4	500	-321	129956424	31	-26	98	-30	19	-9	0	-19	94	273	-125	-227	196
4	500	-321	129958428	37	-31	89	-27	19	-8	0	0	86	273	-125	-227	196
4	500	-321	129960428	40	-34	91	-29	20	-10	0	20	76	273	-125	-227	196
4	500	-321	129962428	37	-30	94	-29	20	-9	0	40	67	273	-125	-227	196
4	500	-321	129964428	43	-35	96	-31	20	-10	0	60	57	273	-125	-227	196
4	500	-321	129966428	39	-32	100	-31	21	-9	0	81	48	273	-125	-227	196
4	500	-321	129968420	40	-34	101	-31	21	-10	0	102	38	273	-125	-227	196
4	500	-321	129970420	49	-38	104	-33	23	-10	0	125	28	273	-125	-227	196
4	500	-321	129972428	42	-35	122	-39	25	-12	0	150	16	273	-125	-227	196
4	500	-321	129974416	52	-40	109	-33	24	-10	0	174	6	273	-125	-227	196
4	500	-321	129976420	52	-40	111	-35	25	-12	0	199	-6	273	-125	-227	196
4	500	-321	129978420	48	-35	113	-35	24	-10	0	223	-16	273	-125	-227	196
4	500	-321	129980416	56	-41	115	-35	25	-12	0	248	-28	273	-125	-227	196
4	500	-321	129982416	49	-36	117	-35	25	-10	0	273	-38	273	-125	-227	196
4	500	-321	129984416	58	-43	119	-37	27	-12	0	300	-50	273	-125	-227	196
4	500	-321	129986416	52	-36	120	-36	26	-11	0	326	-61	273	-125	-227	196
4	500	-321	129988420	60	-42	139	-41	29	-13	0	355	-74	273	-125	-227	196
4	500	-321	129990424	53	-37	124	-38	27	-11	0	382	-85	273	-125	-227	196
4	500	-321	129992424	63	-42	123	-36	28	-11	0	410	-96	273	-125	-227	196
4	500	-321	129994428	55	-38	125	-36	27	-12	0	437	-108	273	-125	-227	196
4	500	-321	129996428	62	-41	125	-36	28	-11	0	465	-119	273	-125	-227	196
4	500	-321	129998428	57	-36	125	-37	27	-11	0	492	-130	273	-125	-227	196
4	500	-321	130000432	63	-41	125	-35	28	-11	0	520	-141	273	-125	-227	196
4	500	-321	130002432	57	-35	142	-40	30	-12	0	550	-153	273	-125	-227	196
4	500	-321	130004432	63	-40	122	-33	28	-11	0	578	-164	273	-125	-227	196
4	500	-321	130006436	55	-34	121	-34	26	-10	0	604	-174	273	-125	-227	196
4	500	-321	130008444	64	-38	120	-33	28	-11	0	632	-185	273	-125	-227	196
4	500	-321	130010432	54	-32	118	-32	26	-9	0	658	-194	273	-125	-227	196
4	500	-321	130012428	60	-35	115	-31	26	-10	0	684	-204	273	-125	-227	196
4	500	-321	130014432	52	-31	112	-30	25	-9	0	709	-213	273	-125	-227	196
4	500	-321	130016428	59	-34	110	-29	25	-10	0	734	-223	273	-125	-227	196
4	500	-321	130018432	50	-29	122	-33	26	-9	0	760	-232	273	-125	-227	196
4	500	-321	130020428	56	-31	103	-26	24	-8	0	784	-240	273	-125	-227	196
4	500	-321	130022428	48	-26	99	-26	22	-8	0	806	-248	273	-125	-227	196
4	500	-321	130024424	52	-29	95	-25	22	-8	0	828	-256	273	-125	-227	196
4	500	-321	130026424	44	-24	93	-23	20	-7	0	848	-263	273	-125	-227	196
4	500	-321	130028428	49	-25	87	-22	21	-7	0	869	-270	273	-125	-227	196
4	500	-321	130030428	40	-21	84	-21	18	-7	0	887	-277	273	-125	-227	196
4	500	-321	130032432	44	-24	79	-20	19	-6	0	906	-283	273	-125	-227	196
4	500	-321	130034428	37	-19	86	-23	18	-7	0	924	-290	273	-125	-227	196
4	500	-321	130036428	40	-21	71	-17	17	-5	0	941	-295	273	-125	-227	196
4	500	-321	130038432	34	-17	68	-18	15	-6	0	956	-301	273	-125	-227	196
4	500	-321	130040424	35	-19	63	-16	15	-5	0	971	-306	273	-125	-227	196
4	500	-321	130042432	30	-15	62	-15	14	-4	0	985	-310	273	-125	-227	196
4	500	-321	130044424	31	-18	56	-14	13	-5	0	998	-315	273	-125	-227	196
4	500	-321	130046428	25	-13	54	-14	12	-4	0	1010	-319	273	-125	-227	196
4	500	-321	130048432	28	-14	56	-15	12	-5	0	1022	-324	273	-125	-227	196
4	500	-321	130050432	22	-13	47	-11	11	-3	0	1033	-327	273	-125	-227	196
4	500	-321	130052432	23	-12	43	-11	9	-4	0	1042	-331	273	-125	-227	196
4	500	-321	130054432	18	-10	40	-10	9	-3	0	1051	-334	273	-125	-227	196
4	500	-321	130056428	19	-10	36	-10	8	-3	0	1059	-337	273	-125	-227	196
4	500	-321	130058424	15	-9	35	-8	8	-2	0	1067	-339	273	-125	-227	196
4	500	-321	130060424	16	-9	30	-7	7	-3	0	1074	-342	273	-125	-227	196
4	500	-321	130062428	12	-6	29	-8	6	-2	0	1080	-344	273	-125	-227	196
4	500	-321	130064424	12	-6	25	-5	5	-1	0	1085	-345	273	-125	-227	196
4	500	-321	130066420	10	-5	25	-6	6	-2	0	1091	-347	273	-125	-227	196
4	500	-321	130068420	9	-5	20	-5	4	-1	0	1095	-348	273	-125	-227	196
4	500	-321	130070424	6	-4	16	-4	3	-2	0	1098	-350	273	-125	-227	196
4	500	-321	130072428	8	-4	15	-2	4	-1	0	1102	-351	273	-125	-227	196
4	500	-321	130074412	3	-2	13	-4	2	0	0	1104	-351	273	-125	-227	196
4	500	-321	130076424	5	-3	11	-1	3	-1	0	1107	-352	273	-125	-227	196
4	500	-321	130078420	4	-1	9	-3	2	-1	0	1109	-353	273	-125	-227	196
4	500	-321	130080412	3	-1	8	-1	1	0	0	1110	-353	273	-125	-227	196
4	500	-321	130082404	2	-1	7	-1	2	0	0	1112	-353	273	-125	-227	196
4	500	-321	130084368	1	0	3	0	0	0	0	1112	-353	273	-125	-227	196
4	500	-321	130086420	2	-2	4	-1	1	-1	1	1113	-354	273	-125	-227	196
5	500	-321	130088384	0	0	3	0	1	0	1	274	-125	273	-125	-227	196
5	500	-321	130090372	1	0	2	0	0	0	1	274	-125	273	-125	-227	196
5	500	-321	130092372	0	0	1	0	0	0	1	274	-125	273	-125	-227	196
5	-570	168	130100372	0	0	2	0	0	0	1	274	-125	-297	43	273	-125
5	-570	168	130176404	0	1	0	0	0	0	1	274	-125	-297	43	273	-125
5	-570	168	130178404	-1	0	-1	0	0	0	1	274	-125	-297	43	273	-125
5	-570	168	130180404	0	0	-2	0	0	0	1	274	-125	-297	43	273	-125
5	-570	168	130182428	0	1	-4	1	0	0	0	274	-125	-297	43	273	-125
5	-570	168	130184440	0	1	-5	2	-1	0	0	273	-125	-297	43	273	-125
5	-570	168	130186452	-1	3	-6	1	-1	1	0	272	-124	-297	43	273	-125
5	-570	168	130188432	-1	2	-9	2	-1	0	0	271	-124	-297	43	273	-125
5	-570	168	130190444	-1	3	-10	3	-2	1	0	269	-123	-297	43	273	-125
5	-570	168	130192440	-2	4	-13	4	-2	1	0	267	-122	-297	43	273	-125
5	-570	168	130194440	-2	5	-15	3	-3	2	0	264	-120	-297	43	273	-125
5	-570	168	130196436	-3	3	-17	4	-3	1	0	261	-119	-297	43	273	-125
5	-570	168	130198436	-3	5	-20	5	-3	1	0	258	-118	-297	43	273	-125
5	-570	168	130200432	-4	5	-24	5	-4	2	0	254	-116	-297	43	273	-125
5	-570	168	130202424	-6	8	-26	6	-5	2	0	249	-114	-297	43	273	-125
5	-570	168	130204428	-7	6	-35	7	-6	2	0	243	-112	-297	43	273	-125
5	-570	168	130206424	-7	8	-34	7	-6	2	0	237	-110	-297	43	273	-125
5	-570	168	130208420	-8	7	-37	8	-7	2	0	230	-108	-297	43	273	-125
5	-570	168	130210424	-10	9	-43	7	-8	3	0	222	-105	-297	43	273	-125
5	-570	168	130212428	-10	9	-46	9	-9	2	0	213	-103	-297	43	273	-125
5	-570	168	130214432	-12	11	-50	10	-9	4	0	204	-99	-297	43	273	-125
5	-570	168	130216428	-13	9	-55	9	-10	2	0	194	-97	-297	43	273	-125
5	-570	168	130218420	-15	12	-58	10	-11	4	0	183	-93	-297	43	273	-125
5	-570	168	130220428	-16	10	-72	12	-13	3	0	170	-90	-297	43	273	-125
5	-570	168	130222428	-19	13	-68	11	-13	3	0	157	-87	-297	43	273	-125
5	-570	168	130224428	-17	11	-70	12	-13	4	0	144	-83	-297	43	273	-125
5	-570	168	130226432	-23	15	-76	12	-15	4	0	129	-79	-297	43	273	-125
5	-570	168	130228436	-25	14	-80	13	-16	4	0	113	-75	-297	43	273	-125
5	-570	168	130230440	-22	13	-84	13	-16	4	0	97	-71	-297	43	273	-125
5	-570	168	130232444	-29	17	-87	14	-17	5	0	80	-66	-297	43	273	-125
5	-570	168	130234436	-26	15	-106	16	-20	4	0	60	-62	-297	43	273	-125
5	-570	168	130236432	-31	18	-98	17	-19	5	0	41	-57	-297	43	273	-125
5	-570	168	130238428	-30	17	-101	16	-20	5	0	21	-52	-297	43	273	-125
5	-570	168	130240424	-37	20	-105	16	-21	6	0	0	-46	-297	43	273	-125
5	-570	168	130242420	-33	17	-110	18	-22	5	0	-22	-41	-297	43	273	-125
5	-570	168	130244420	-40	21	-113	18	-23	6	0	-45	-35	-297	43	273	-125
5	-570	168	130246420	-38	20	-116	19	-23	6	0	-68	-29	-297	43	273	-125
5	-570	168	130248416	-46	24	-121	19	-25	6	0	-93	-23	-297	43	273	-125
5	-570	168	130250412	-41	21	-141	24	-27	7	0	-120	-16	-297	43	273	-125
5	-570	168	130252412	-50	25	-128	21	-27	7	0	-147	-9	-297	43	273	-125
5	-570	168	130254408	-47	22	-130	21	-26	6	0	-173	-3	-297	43	273	-125
5	-570	168	130256412	-55	26	-132	23	-28	8	0	-201	5	-297	43	273	-125
5	-570	168	130258408	-48	24	-135	21	-28	6	0	-229	11	-297	43	273	-125
5	-570	168	130260412	-59	26	-138	24	-29	8	0	-258	19	-297	43	273	-125
5	-570	168	130262420	-53	24	-139	22	-29	7	0	-287	26	-297	43	273	-125
5	-570	168	130264416	-61	27	-138	23	-30	7	0	-317	33	-297	43	273	-125
5	-570	168	130266412	-56	24	-160	26	-32	8	0	-349	41	-297	43	273	-125
5	-570	168	130268424	-65	27	-142	24	-32	7	0	-381	48	-297	43	273	-125
5	-570	168	130270416	-58	25	-140	23	-29	8	0	-410	56	-297	43	273	-125
5	-570	168	130272424	-67	28	-138	23	-31	7	0	-441	63	-297	43	273	-125
5	-570	168	130274428	-59	24	-138	24	-30	7	0	-471	70	-297	43	273	-125
5	-570	168	130276424	-69	26	-136	22	-30	8	0	-501	78	-297	43	273	-125
5	-570	168	130278420	-58	22	-134	23	-29	6	0	-530	84	-297	43	273	-125
5	-570	168	130280412	-68	27	-131	22	-30	8	0	-560	92	-297	43	273	-125
5	-570	168	130282408	-59	22	-146	25	-31	7	0	-591	99	-297	43	273	-125
5	-570	168	130284408	-67	24	-125	21	-28	7	0	-619	106	-297	43	273	-125
5	-570	168	130286404	-58	20	-120	20	-27	6	0	-646	112	-297	43	273	-125
5	-570	168	130288400	-63	24	-118	20	-27	6	0	-673	118	-297	43	273	-125
5	-570	168	130290396	-55	18	-111	19	-25	6	0	-698	124	-297	43	273	-125
5	-570	168	130292392	-63	20	-109	18	-26	5	0	-724	129	-297	43	273	-125
5	-570	168	130294392	-52	18	-102	17	-23	6	0	-747	135	-297	43	273	-125
5	-570	168	130296396	-58	17	-98	16	-24	5	0	-771	140	-297	43	273	-125
5	-570	168	130298396	-50	17	-105	18	-23	5	0	-794	145	-297	43	273	-125
5	-570	168	130300396	-54	15	-87	15	-21	4	0	-815	149	-297	43	273	-125
5	-570	168	130302404	-45	13	-82	14	-19	4	0	-834	153	-297	43	273	-125
5	-570	168	130304408	-48	14	-75	12	-18	4	0	-852	157	-297	43	273	-125
5	-570	168	130306408	-40	10	-71	11	-17	3	0	-869	160	-297	43	273	-125
5	-570	168	130308412	-44	11	-65	10	-16	4	0	-885	164	-297	43	273	-125
5	-570	168	130310416	-35	9	-60	9	-15	2	0	-900	166	-297	43	273	-125
5	-570	168	130312408	-39	9	-55	8	-14	3	0	-914	169	-297	43	273	-125
5	-570	168	130314416	-31	6	-56	8	-13	2	0	-927	171	-297	43	273	-125
5	-570	168	130316408	-33	8	-44	5	-11	2	0	-938	173	-297	43	273	-125
5	-570	168	130318412	-25	3	-40	5	-10	1	0	-948	174	-297	43	273	-125
5	-570	168	130320420	-27	5	-35	5	-9	2	0	-957	176	-297	43	273	-125
5	-570	168	130322412	-21	3	-30	3	-8	1	0	-965	177	-297	43	273	-125
5	-570	168	130324400	-22	4	-26	2	-7	0	0	-972	177	-297	43	273	-125
5	-570	168	130326408	-16	1	-24	3	-6	1	0	-978	178	-297	43	273	-125
5	-570	168	130328408	-16	2	-21	2	-6	1	0	-984	179	-297	43	273	-125
5	-570	168	130330396	-13	2	-16	0	-4	0	0	-988	179	-297	43	273	-125
5	-570	168	130332396	-13	0	-14	2	-4	0	0	-992	179	-297	43	273	-125
5	-570	168	130334368	-9	0	-10	0	-3	0	0	-995	179	-297	43	273	-125
5	-570	168	130336372	-10	0	-9	0	-3	0	0	-998	179	-297	43	273	-125
5	-570	168	130338376	-6	0	-6	0	-2	0	0	-1000	179	-297	43	273	-125
5	-570	168	130340372	-7	0	-6	0	-2	0	0	-1002	179	-297	43	273	-125
5	-570	168	130342368	-5	0	-4	0	-1	0	0	-1003	179	-297	43	273	-125
5	-570	168	130344396	-5	-1	-3	-1	-1	0	0	-1004	179	-297	43	273	-125
5	-570	168	130346372	-3	0	-1	0	-1	0	0	-1005	179	-297	43	273	-125
5	-570	168	130348408	-4	-1	-1	-1	-1	0	0	-1006	179	-297	43	273	-125
5	-570	168	130350372	-3	0	-1	0	0	0	0	-1006	179	-297	43	273	-125
5	-570	168	130352416	-2	-1	-2	-1	-1	0	0	-1007	179	-297	43	273	-125
5	-570	168	130354380	-3	0	0	0	0	0	0	-1007	179	-297	43	273	-125
5	-570	168	130356424	-2	-2	-1	0	-1	0	0	-1008	179	-297	43	273	-125
5	-570	168	130358408	-3	0	0	-2	0	0	0	-1008	179	-297	43	273	-125
5	-570	168	130360412	-1	-1	0	0	0	0	0	-1008	179	-297	43	273	-125
5	-570	168	130362396	-2	0	0	0	-1	0	0	-1009	179	-297	43	273	-125
5	-570	168	130364412	-3	-1	-1	-1	0	-1	1	-1009	178	-297	43	273	-125
6	-570	168	130366376	-1	0	0	0	0	0	1	-297	43	-297	43	273	-125
6	-570	168	130368384	-3	0	0	0	-1	0	1	-298	43	-297	43	273	-125
6	-570	168	130370400	-1	-1	-1	0	0	0	1	-298	43	-297	43	273	-125
6	-570	168	130372400	-2	0	0	-1	0	0	1	-298	43	-297	43	273	-125
6	-570	168	130374380	-2	0	0	0	-1	0	1	-299	43	-297	43	273	-125
6	-570	168	130376400	-2	-2	0	0	0	0	1	-299	43	-297	43	273	-125
6	-570	168	130378376	-1	0	-2	0	0	0	1	-299	43	-297	43	273	-125
6	-570	168	130380392	-2	0	0	0	-1	0	1	-300	43	-297	43	273	-125
6	594	0	130382384	-1	0	0	0	0	0	1	-300	43	297	43	-297	43
6	594	0	130384416	-1	-1	0	-1	0	-1	1	-300	42	297	43	-297	43
6	594	0	130386376	-1	0	0	0	0	0	1	-300	42	297	43	-297	43
6	594	0	130388388	-3	0	0	0	-1	0	1	-301	42	297	43	-297	43
6	594	0	130390376	-1	0	0	0	0	0	1	-301	42	297	43	-297	43
6	594	0	130392372	-3	0	0	0	0	0	1	-301	42	297	43	-297	43
6	594	0	130394368	-1	0	0	0	0	0	1	-301	42	297	43	-297	43
6	594	0	130396404	-2	0	0	-2	-1	0	1	-302	42	297	43	-297	43
6	594	0	130398368	-3	0	0	0	0	0	1	-302	42	297	43	-297	43
6	594	0	130400364	-2	0	0	0	0	0	1	-302	42	297	43	-297	43
6	594	0	130402372	-3	0	0	0	-1	0	1	-303	42	297	43	-297	43
6	594	0	130404388	-2	-1	0	0	0	0	1	-303	42	297	43	-297	43
6	594	0	130406364	-4	0	0	0	-1	0	1	-304	42	297	43	-297	43
6	594	0	130408380	-3	0	0	-1	0	0	1	-304	42	297	43	-297	43
6	594	0	130410364	-3	0	0	0	-1	0	1	-305	42	297	43	-297	43
6	594	0	130412352	-3	0	0	0	0	0	1	-305	42	297	43	-297	43
6	594	0	130414360	-4	0	0	0	-1	0	1	-306	42	297	43	-297	43
6	594	0	130416348	-3	0	1	0	0	0	1	-306	42	297	43	-297	43
6	594	0	130418344	-3	0	0	0	0	0	1	-306	42	297	43	-297	43
6	594	0	130420364	-4	0	2	0	-1	0	1	-307	42	297	43	-297	43
6	594	0	130422328	-2	0	2	0	0	0	1	-307	42	297	43	-297	43
6	594	0	130424328	-3	0	3	0	0	0	1	-307	42	297	43	-297	43
6	594	0	130426356	-1	0	3	0	0	0	1	-307	42	297	43	-297	43
6	594	0	130428352	-2	0	5	0	0	0	1	-307	42	297	43	-297	43
6	594	0	130430348	-2	0	4	0	0	0	1	-307	42	297	43	-297	43
6	594	0	130432392	0	0	6	1	1	0	1	-306	42	297	43	-297	43
6	594	0	130434384	-1	2	6	0	1	0	1	-305	42	297	43	-297	43
6	594	0	130436396	0	0	8	1	1	0	1	-304	42	297	43	-297	43
6	594	0	130438388	0	1	8	0	1	0	0	-303	42	297	43	-297	43
6	594	0	130440396	0	0	12	1	2	0	0	-301	42	297	43	-297	43
6	594	0	130442392	1	1	11	1	2	0	0	-299	42	297	43	-297	43
6	594	0	130444368	2	0	12	0	2	0	0	-297	42	297	43	-297	43
6	594	0	130446360	3	0	14	0	3	0	0	-294	42	297	43	-297	43
6	594	0	130448396	2	0	14	2	2	0	0	-292	42	297	43	-297	43
6	594	0	130450360	4	0	16	0	3	0	0	-289	42	297	43	-297	43
6	594	0	130452352	2	0	16	0	3	0	0	-286	42	297	43	-297	43
6	594	0	130454360	5	0	22	0	4	0	0	-282	42	297	43	-297	43
6	594	0	130456380	4	-2	18	-1	3	0	0	-279	42	297	43	-297	43
6	594	0	130458392	5	-1	20	-1	4	0	0	-275	42	297	43	-297	43
6	594	0	130460392	5	-2	22	0	4	0	0	-271	42	297	43	-297	43
6	594	0	130462396	6	-3	22	-3	4	-1	0	-267	41	297	43	-297	43
6	594	0	130464388	5	-2	24	-1	4	0	0	-263	41	297	43	-297	43
6	594	0	130466396	8	-4	24	-2	5	-1	0	-258	40	297	43	-297	43
6	594	0	130468404	6	-3	26	-3	5	-1	0	-253	39	297	43	-297	43
6	594	0	130470400	9	-3	30	-2	6	-1	0	-247	38	297	43	-297	43
6	594	0	130472404	7	-4	27	-4	5	-1	0	-242	37	297	43	-297	43
6	594	0	130474408	9	-5	29	-3	6	-1	0	-236	36	297	43	-297	43
6	594	0	130476416	9	-4	30	-3	5	-1	0	-231	35	297	43	-297	43
6	594	0	130478412	11	-5	33	-4	7	-1	0	-224	34	297	43	-297	43
6	594	0	130480412	10	-4	32	-4	6	-2	0	-218	32	297	43	-297	43
6	594	0	130482408	13	-5	35	-4	8	-1	0	-210	31	297	43	-297	43
6	594	0	130484412	12	-5	36	-3	7	-1	0	-203	30	297	43	-297	43
6	594	0	130486412	15	-3	45	-4	9	-1	0	-194	29	297	43	-297	43
6	594	0	130488412	15	-4	40	-4	8	-1	0	-186	28	297	43	-297	43
6	594	0	130490408	18	-5	44	-4	9	-2	0	-177	26	297	43	-297	43
6	594	0	130492404	16	-4	44	-3	9	-1	0	-168	25	297	43	-297	43
6	594	0	130494404	21	-5	47	-4	11	-1	0	-157	24	297	43	-297	43
6	594	0	130496396	20	-4	50	-4	10	-1	0	-147	23	297	43	-297	43
6	594	0	130498404	25	-3	52	-4	12	-1	0	-135	22	297	43	-297	43
6	594	0	130500400	23	-3	55	-2	11	-1	0	-124	21	297	43	-297	43
6	594	0	130502404	28	-2	65	-3	14	-1	0	-110	20	297	43	-297	43
6	594	0	130504408	28	-3	60	-2	13	-1	0	-97	19	297	43	-297	43
6	594	0	130506400	32	-1	63	-1	15	0	0	-82	19	297	43	-297	43
6	594	0	130508396	32	-1	65	-2	14	0	0	-68	19	297	43	-297	43
6	594	0	130510408	37	-2	69	0	16	-1	0	-52	18	297	43	-297	43
6	594	0	130512364	35	0	73	0	16	0	0	-36	18	297	43	-297	43
6	594	0	130514368	44	0	73	0	18	0	0	-18	18	297	43	-297	43
6	594	0	130516400	39	1	89	1	19	0	0	1	18	297	43	-297	43
6	594	0	130518408	47	2	81	1	19	0	0	20	18	297	43	-297	43
6	594	0	130520416	51	4	85	4	21	1	0	41	19	297	43	-297	43
6	594	0	130522412	47	4	87	4	20	1	0	61	20	297	43	-297	43
6	594	0	130524408	47	4	90	3	20	1	0	81	21	297	43	-297	43
6	594	0	130526404	59	6	92	7	23	2	0	104	23	297	43	-297	43
6	594	0	130528404	52	5	96	6	22	2	0	126	25	297	43	-297	43
6	594	0	130530400	64	7	99	6	25	2	0	151	27	297	43	-297	43
6	594	0	130532396	58	7	116	9	26	2	0	177	29	297	43	-297	43
6	594	0	130534392	67	10	104	10	25	3	0	202	32	297	43	-297	43
6	594	0	130536396	71	8	108	9	27	3	0	229	35	297	43	-297	43
6	594	0	130538396	64	9	108	10	26	3	0	255	38	297	43	-297	43
6	594	0	130540396	65	10	112	10	27	3	0	282	41	297	43	-297	43
6	594	0	130542396	78	11	113	11	28	3	0	310	44	297	43	-297	43
6	594	0	130544396	77	12	117	11	29	4	0	339	48	297	43	-297	43
6	594	0	130546396	70	11	117	13	28	3	0	367	51	297	43	-297	43
6	594	0	130548400	81	12	135	13	33	4	0	400	55	297	43	-297	43
6	594	0	130550404	73	12	120	13	29	4	0	429	59	297	43	-297	43
6	594	0	130552404	84	12	120	12	30	3	0	459	62	297	43	-297	43
6	594	0	130554404	73	13	121	14	29	4	0	488	66	297	43	-297	43
6	594	0	130556400	85	12	120	14	31	4	0	519	70	297	43	-297	43
6	594	0	130558400	74	13	120	14	29	4	0	548	74	297	43	-297	43
6	594	0	130560400	84	13	120	13	31	4	0	579	78	297	43	-297	43
6	594	0	130562396	74	12	119	14	29	4	0	608	82	297	43	-297	43
6	594	0	130564408	83	13	134	15	32	4	0	640	86	297	43	-297	43
6	594	0	130566404	72	13	116	14	29	4	0	669	90	297	43	-297	43
6	594	0	130568400	81	14	114	14	29	4	0	698	94	297	43	-297	43
6	594	0	130570400	69	11	114	13	27	4	0	725	98	297	43	-297	43
6	594	0	130572408	78	14	110	14	28	4	0	753	102	297	43	-297	43
6	594	0	130574408	67	12	108	14	27	4	0	780	106	297	43	-297	43
6	594	0	130576408	75	13	105	14	27	4	0	807	110	297	43	-297	43
6	594	0	130578400	63	12	118	15	27	4	0	834	114	297	43	-297	43
6	594	0	130580400	72	13	100	13	26	4	0	860	118	297	43	-297	43
6	594	0	130582400	60	11	97	14	23	4	0	883	122	297	43	-297	43
6	594	0	130584404	66	14	94	14	24	4	0	907	126	297	43	-297	43
6	594	0	130586404	56	10	90	12	22	3	0	929	129	297	43	-297	43
6	594	0	130588412	63	13	88	14	23	4	0	952	133	297	43	-297	43
6	594	0	130590404	51	10	83	13	20	4	0	972	137	297	43	-297	43
6	594	0	130592412	57	13	82	12	21	4	0	993	141	297	43	-297	43
6	594	0	130594404	48	11	88	14	20	3	0	1013	144	297	43	-297	43
6	594	0	130596412	52	11	74	12	19	4	0	1032	148	297	43	-297	43
6	594	0	130598404	44	12	71	12	17	3	0	1049	151	297	43	-297	43
6	594	0	130600408	46	11	67	11	17	4	0	1066	155	297	43	-297	43
6	594	0	130602416	40	10	63	11	16	3	0	1082	158	297	43	-297	43
6	594	0	130604420	42	11	60	11	15	3	0	1097	161	297	43	-297	43
6	594	0	130606416	35	9	57	12	14	3	0	1111	164	297	43	-297	43
6	594	0	130608412	36	10	53	10	13	3	0	1124	167	297	43	-297	43
6	594	0	130610420	30	9	55	10	13	3	0	1137	170	297	43	-297	43
6	594	0	130612420	31	10	47	10	12	3	0	1149	173	297	43	-297	43
6	594	0	130614428	25	7	42	8	10	2	0	1159	175	297	43	-297	43
6	594	0	130616424	26	9	39	8	9	3	0	1168	178	297	43	-297	43
6	594	0	130618428	20	7	35	7	9	2	0	1177	180	297	43	-297	43
6	594	0	130620432	22	9	32	8	8	3	0	1185	183	297	43	-297	43
6	594	0	130622428	16	6	30	7	7	2	0	1192	185	297	43	-297	43
6	594	0	130624436	16	7	30	8	7	2	0	1199	187	297	43	-297	43
6	594	0	130626428	13	5	24	5	5	1	0	1204	188	297	43	-297	43
6	594	0	130628428	12	6	21	6	5	2	1	1209	190	297	43	-297	43
7	594	0	130630432	9	4	19	5	4	2	1	301	45	297	43	-297	43
7	594	0	130632428	9	5	16	4	4	1	1	305	46	297	43	-297	43
7	594	0	130634428	6	3	14	5	3	1	1	308	47	297	43	-297	43
7	594	0	130636428	6	3	13	2	3	1	1	311	48	297	43	-297	43
7	594	0	130638428	5	2	11	4	2	1	1	313	49	297	43	-297	43
7	594	0	130640428	4	4	10	3	2	1	1	315	50	297	43	-297	43
7	594	0	130642416	2	1	7	2	2	0	1	317	50	297	43	-297	43
7	-570	-168	130644428	3	3	7	3	1	1	1	318	51	-273	-125	297	43
7	-570	-168	130646424	1	1	5	1	1	0	1	319	51	-273	-125	297	43
7	-570	-168	130648444	1	1	5	1	1	1	1	320	52	-273	-125	297	43
7	-570	-168	130650428	2	2	2	1	1	0	1	321	52	-273	-125	297	43
7	-570	-168	130652420	0	0	4	2	0	0	1	321	52	-273	-125	297	43
7	-570	-168	130654428	0	1	1	0	0	1	1	321	53	-273	-125	297	43
7	-570	-168	130656400	0	0	3	0	1	0	1	322	53	-273	-125	297	43
7	-570	-168	130658416	0	0	1	1	0	0	1	322	53	-273	-125	297	43
7	-570	-168	130660384	0	1	0	0	0	0	1	322	53	-273	-125	297	43
7	-570	-168	130662380	0	0	1	0	0	0	1	322	53	-273	-125	297	43
7	-570	-168	130670392	-1	0	0	0	0	0	1	322	53	-273	-125	297	43
7	-570	-168	130676396	-1	0	0	0	0	0	1	322	53	-273	-125	297	43
7	-570	-168	130680396	-1	0	0	0	0	0	1	322	53	-273	-125	297	43
7	-570	-168	130684396	-2	0	0	0	0	0	1	322	53	-273	-125	297	43
7	-570	-168	130692400	-1	0	0	0	0	0	1	322	53	-273	-125	297	43
7	-570	-168	130722428	0	0	-2	0	0	0	1	322	53	-273	-125	297	43
7	-570	-168	130724456	0	-2	-1	-1	0	0	1	322	53	-273	-125	297	43
7	-570	-168	130726460	0	-1	-4	-1	-1	0	1	321	53	-273	-125	297	43
7	-570	-168	130728444	-1	-1	-3	-1	0	0	1	321	53	-273	-125	297	43
7	-570	-168	130730460	0	-3	-8	-4	-2	-1	1	319	52	-273	-125	297	43
7	-570	-168	130732456	-1	-3	-6	-2	-1	-1	0	318	51	-273	-125	297	43
7	-570	-168	130734468	-2	-4	-9	-4	-1	-1	0	317	50	-273	-125	297	43
7	-570	-168	130736468	-1	-4	-10	-4	-2	-1	0	315	49	-273	-125	297	43
7	-570	-168	130738472	-2	-6	-12	-5	-2	-2	0	313	47	-273	-125	297	43
7	-570	-168	130740464	-4	-6	-14	-6	-3	-2	0	310	45	-273	-125	297	43
7	-570	-168	130742468	-4	-7	-18	-6	-3	-2	0	307	43	-273	-125	297	43
7	-570	-168	130744464	-5	-8	-18	-8	-4	-2	0	303	41	-273	-125	297	43
7	-570	-168	130746464	-6	-8	-25	-10	-4	-3	0	299	38	-273	-125	297	43
7	-570	-168	130748460	-8	-11	-25	-9	-5	-3	0	294	35	-273	-125	297	43
7	-570	-168	130750460	-7	-10	-28	-11	-5	-3	0	289	32	-273	-125	297	43
7	-570	-168	130752464	-11	-14	-31	-11	-7	-4	0	282	28	-273	-125	297	43
7	-570	-168	130754460	-13	-12	-35	-14	-7	-4	0	275	24	-273	-125	297	43
7	-570	-168	130756456	-15	-15	-38	-14	-8	-4	0	267	20	-273	-125	297	43
7	-570	-168	130758452	-15	-15	-40	-15	-8	-4	0	259	16	-273	-125	297	43
7	-570	-168	130760456	-20	-19	-45	-17	-10	-6	0	249	10	-273	-125	297	43
7	-570	-168	130762452	-20	-16	-55	-20	-11	-5	0	238	5	-273	-125	297	43
7	-570	-168	130764456	-25	-22	-51	-20	-12	-7	0	226	-2	-273	-125	297	43
7	-570	-168	130766452	-25	-18	-55	-20	-12	-5	0	214	-7	-273	-125	297	43
7	-570	-168	130768448	-30	-24	-60	-23	-13	-7	0	201	-14	-273	-125	297	43
7	-570	-168	130770448	-29	-23	-62	-23	-14	-7	0	187	-21	-273	-125	297	43
7	-570	-168	130772444	-37	-26	-67	-24	-15	-8	0	172	-29	-273	-125	297	43
7	-570	-168	130774448	-34	-25	-70	-28	-16	-8	0	156	-37	-273	-125	297	43
7	-570	-168	130776460	-42	-30	-73	-27	-17	-8	0	139	-45	-273	-125	297	43
7	-570	-168	130778460	-40	-29	-88	-34	-19	-10	0	120	-55	-273	-125	297	43
7	-570	-168	130780452	-48	-33	-81	-31	-20	-9	0	100	-64	-273	-125	297	43
7	-570	-168	130782456	-45	-30	-85	-33	-19	-10	0	81	-74	-273	-125	297	43
7	-570	-168	130784452	-54	-38	-88	-35	-21	-11	0	60	-85	-273	-125	297	43
7	-570	-168	130786444	-48	-32	-91	-35	-21	-10	0	39	-95	-273	-125	297	43
7	-570	-168	130788448	-59	-40	-94	-37	-23	-11	0	16	-106	-273	-125	297	43
7	-570	-168	130790452	-54	-37	-97	-39	-23	-12	0	-7	-118	-273	-125	297	43
7	-570	-168	130792460	-64	-43	-114	-45	-27	-13	0	-34	-131	-273	-125	297	43
7	-570	-168	130794448	-56	-39	-102	-41	-23	-12	0	-57	-143	-273	-125	297	43
7	-570	-168	130796448	-67	-45	-105	-41	-26	-13	0	-83	-156	-273	-125	297	43
7	-570	-168	130798452	-60	-41	-108	-44	-25	-13	0	-108	-169	-273	-125	297	43
7	-570	-168	130800452	-72	-48	-107	-44	-27	-13	0	-135	-182	-273	-125	297	43
7	-570	-168	130802448	-62	-42	-110	-45	-26	-13	0	-161	-195	-273	-125	297	43
7	-570	-168	130804448	-74	-49	-112	-45	-28	-14	0	-189	-209	-273	-125	297	43
7	-570	-168	130806448	-65	-43	-110	-45	-26	-14	0	-215	-223	-273	-125	297	43
7	-570	-168	130808444	-75	-50	-127	-52	-30	-15	0	-245	-238	-273	-125	297	43
7	-570	-168	130810444	-66	-43	-111	-47	-27	-13	0	-272	-251	-273	-125	297	43
7	-570	-168	130812444	-75	-50	-110	-45	-28	-15	0	-300	-266	-273	-125	297	43
7	-570	-168	130814444	-68	-44	-109	-46	-26	-13	0	-326	-279	-273	-125	297	43
7	-570	-168	130816444	-76	-49	-109	-46	-28	-14	0	-354	-293	-273	-125	297	43
7	-570	-168	130818452	-66	-44	-106	-45	-26	-14	0	-380	-307	-273	-125	297	43
7	-570	-168	130820452	-75	-48	-105	-45	-27	-14	0	-407	-321	-273	-125	297	43
7	-570	-168	130822448	-65	-43	-104	-45	-25	-13	0	-432	-334	-273	-125	297	43
7	-570	-168	130824452	-74	-47	-115	-51	-29	-15	0	-461	-349	-273	-125	297	43
7	-570	-168	130826444	-65	-42	-99	-45	-24	-13	0	-485	-362	-273	-125	297	43
7	-570	-168	130828448	-72	-46	-95	-43	-25	-13	0	-510	-375	-273	-125	297	43
7	-570	-168	130830444	-63	-40	-93	-44	-24	-13	0	-534	-388	-273	-125	297	43
7	-570	-168	130832440	-70	-45	-90	-42	-24	-13	0	-558	-401	-273	-125	297	43
7	-570	-168	130834444	-61	-39	-88	-41	-22	-12	0	-580	-413	-273	-125	297	43
7	-570	-168	130836432	-69	-43	-84	-42	-23	-12	0	-603	-425	-273	-125	297	43
7	-570	-168	130838436	-59	-38	-82	-40	-21	-12	0	-624	-437	-273	-125	297	43
7	-570	-168	130840440	-66	-42	-91	-45	-24	-13	0	-648	-450	-273	-125	297	43
7	-570	-168	130842436	-56	-35	-77	-38	-20	-11	0	-668	-461	-273	-125	297	43
7	-570	-168	130844428	-64	-42	-75	-38	-20	-12	0	-688	-473	-273	-125	297	43
7	-570	-168	130846436	-54	-33	-71	-37	-19	-11	0	-707	-484	-273	-125	297	43
7	-570	-168	130848432	-61	-38	-71	-37	-20	-11	0	-727	-495	-273	-125	297	43
7	-570	-168	130850436	-51	-32	-68	-35	-18	-10	0	-745	-505	-273	-125	297	43
7	-570	-168	130852432	-56	-37	-67	-33	-18	-10	0	-763	-515	-273	-125	297	43
7	-570	-168	130854436	-50	-31	-65	-33	-17	-10	0	-780	-525	-273	-125	297	43
7	-570	-168	130856444	-54	-34	-73	-37	-20	-11	0	-800	-536	-273	-125	297	43
7	-570	-168	130858444	-46	-28	-61	-30	-16	-8	0	-816	-544	-273	-125	297	43
7	-570	-168	130860448	-53	-32	-60	-30	-17	-10	0	-833	-554	-273	-125	297	43
7	-570	-168	130862444	-44	-26	-60	-29	-15	-8	0	-848	-562	-273	-125	297	43
7	-570	-168	130864448	-48	-29	-59	-28	-16	-9	0	-864	-571	-273	-125	297	43
7	-570	-168	130866440	-42	-25	-56	-26	-15	-7	0	-879	-578	-273	-125	297	43
7	-570	-168	130868440	-45	-26	-57	-26	-15	-8	0	-894	-586	-273	-125	297	43
7	-570	-168	130870440	-38	-22	-55	-25	-14	-7	0	-908	-593	-273	-125	297	43
7	-570	-168	130872436	-43	-25	-62	-26	-16	-8	0	-924	-601	-273	-125	297	43
7	-570	-168	130874436	-37	-22	-53	-23	-13	-6	0	-937	-607	-273	-125	297	43
7	-570	-168	130876436	-40	-23	-52	-22	-14	-7	0	-951	-614	-273	-125	297	43
7	-570	-168	130878428	-35	-19	-51	-22	-13	-6	0	-964	-620	-273	-125	297	43
7	-570	-168	130880432	-40	-21	-50	-20	-14	-6	0	-978	-626	-273	-125	297	43
7	-570	-168	130882428	-34	-19	-47	-20	-12	-6	0	-990	-632	-273	-125	297	43
7	-570	-168	130884428	-38	-19	-47	-18	-12	-6	0	-1002	-638	-273	-125	297	43
7	-570	-168	130886428	-32	-17	-45	-18	-12	-5	0	-1014	-643	-273	-125	297	43
7	-570	-168	130888424	-36	-18	-50	-20	-13	-6	0	-1027	-649	-273	-125	297	43
7	-570	-168	130890424	-32	-16	-41	-16	-11	-5	1	-1038	-654	-273	-125	297	43
8	-570	-168	130892424	-33	-16	-39	-15	-11	-4	1	-284	-129	-273	-125	297	43
8	500	321	130894428	-29	-15	-37	-15	-10	-5	1	-294	-134	227	196	-273	-125
8	500	321	130896424	-31	-15	-35	-14	-9	-4	1	-303	-138	227	196	-273	-125
8	500	321	130898432	-27	-12	-33	-14	-9	-4	1	-312	-142	227	196	-273	-125
8	500	321	130900428	-28	-13	-30	-11	-9	-4	1	-321	-146	227	196	-273	-125
8	500	321	130902436	-27	-12	-31	-12	-9	-3	1	-330	-149	227	196	-273	-125
8	500	321	130904444	-21	-10	-25	-10	-7	-3	1	-337	-152	227	196	-273	-125
8	500	321	130906436	-22	-8	-22	-9	-6	-3	1	-343	-155	227	196	-273	-125
8	500	321	130908436	-18	-8	-20	-9	-6	-2	1	-349	-157	227	196	-273	-125
8	500	321	130910436	-19	-9	-18	-6	-6	-3	1	-355	-160	227	196	-273	-125
8	500	321	130912436	-13	-5	-15	-6	-4	-1	1	-359	-161	227	196	-273	-125
8	500	321	130914432	-14	-6	-14	-7	-4	-2	1	-363	-163	227	196	-273	-125
8	500	321	130916428	-11	-4	-11	-3	-3	-1	1	-366	-164	227	196	-273	-125
8	500	321	130918424	-10	-3	-11	-5	-3	-1	1	-369	-165	227	196	-273	-125
8	500	321	130920416	-8	-3	-8	-3	-3	-1	1	-372	-166	227	196	-273	-125
8	500	321	130922412	-6	-2	-6	-2	-2	-1	1	-374	-167	227	196	-273	-125
8	500	321	130924412	-4	-3	-5	-3	-1	-1	1	-375	-168	227	196	-273	-125
8	500	321	130926400	-4	-1	-4	-1	-1	0	1	-376	-168	227	196	-273	-125
8	500	321	130928376	-2	0	-2	0	-1	0	1	-377	-168	227	196	-273	-125
8	500	321	130930388	-1	-1	-3	-1	0	0	1	-377	-168	227	196	-273	-125
8	500	321	130932372	-2	0	-1	0	-1	0	1	-378	-168	227	196	-273	-125
8	500	321	130934400	0	0	-1	-2	0	-1	1	-378	-169	227	196	-273	-125
8	500	321	130960380	-1	0	0	0	0	0	1	-378	-169	227	196	-273	-125
8	500	321	130962376	0	0	0	1	0	0	1	-378	-169	227	196	-273	-125
8	500	321	130964376	0	1	0	1	0	0	1	-378	-169	227	196	-273	-125
8	500	321	130966420	-1	3	0	3	0	1	1	-378	-168	227	196	-273	-125
8	500	321	130968408	-1	2	2	2	0	0	1	-378	-168	227	196	-273	-125
8	500	321	130970420	-2	4	1	3	0	1	1	-378	-167	227	196	-273	-125
8	500	321	130972392	-1	4	1	3	0	1	1	-378	-166	227	196	-273	-125
8	500	321	130974416	-2	5	3	5	0	2	1	-378	-164	227	196	-273	-125
8	500	321	130976388	-2	5	2	5	0	1	1	-378	-163	227	196	-273	-125
8	500	321	130978412	-1	7	4	7	0	2	0	-378	-161	227	196	-273	-125
8	500	321	130980408	-1	8	5	8	0	3	0	-378	-158	227	196	-273	-125
8	500	321	130982420	0	9	5	8	1	2	0	-377	-156	227	196	-273	-125
8	500	321	130984412	-1	10	6	9	0	3	0	-377	-153	227	196	-273	-125
8	500	321	130986416	0	11	8	11	2	4	0	-375	-149	227	196	-273	-125
8	500	321	130988424	0	12	8	11	1	3	0	-374	-146	227	196	-273	-125
8	500	321	130990420	1	15	10	13	1	4	0	-373	-142	227	196	-273	-125
8	500	321	130992416	3	15	13	15	3	5	0	-370	-137	227	196	-273	-125
8	500	321	130994412	5	19	15	16	3	5	0	-367	-132	227	196	-273	-125
8	500	321	130996420	6	18	19	20	4	6	0	-363	-126	227	196	-273	-125
8	500	321	130998420	9	22	18	20	4	6	0	-359	-120	227	196	-273	-125
8	500	321	131000420	10	23	23	22	5	7	0	-354	-113	227	196	-273	-125
8	500	321	131002420	14	25	25	23	5	7	0	-349	-106	227	196	-273	-125
8	500	321	131004420	15	25	27	26	7	8	0	-342	-98	227	196	-273	-125
8	500	321	131006420	20	31	30	26	7	8	0	-335	-90	227	196	-273	-125
8	500	321	131008420	18	27	34	29	8	8	0	-327	-82	227	196	-273	-125
8	500	321	131010420	27	35	43	36	11	11	0	-316	-71	227	196	-273	-125
8	500	321	131012420	25	33	41	34	9	10	0	-307	-61	227	196	-273	-125
8	500	321	131014424	32	39	45	35	12	11	0	-295	-50	227	196	-273	-125
8	500	321	131016424	33	37	47	39	12	12	0	-283	-38	227	196	-273	-125
8	500	321	131018428	40	44	52	40	14	12	0	-269	-26	227	196	-273	-125
8	500	321	131020428	38	41	53	42	13	13	0	-256	-13	227	196	-273	-125
8	500	321	131022432	48	50	58	45	16	14	0	-240	1	227	196	-273	-125
8	500	321	131024428	51	53	61	48	17	15	0	-223	16	227	196	-273	-125
8	500	321	131026432	49	47	74	56	19	16	0	-204	32	227	196	-273	-125
8	500	321	131028436	59	56	67	51	18	16	0	-186	48	227	196	-273	-125
8	500	321	131030440	53	52	70	54	19	16	0	-167	64	227	196	-273	-125
8	500	321	131032444	65	61	73	55	21	17	0	-146	81	227	196	-273	-125
8	500	321	131034440	60	55	76	58	20	17	0	-126	98	227	196	-273	-125
8	500	321	131036444	72	65	78	58	23	18	0	-103	116	227	196	-273	-125
8	500	321	131038432	65	59	80	62	21	18	0	-82	134	227	196	-273	-125
8	500	321	131040432	76	70	82	61	24	20	0	-58	154	227	196	-273	-125
8	500	321	131042436	69	61	96	72	25	20	0	-33	174	227	196	-273	-125
8	500	321	131044440	82	72	85	65	25	21	0	-8	195	227	196	-273	-125
8	500	321	131046436	73	65	89	68	24	20	0	16	215	227	196	-273	-125
8	500	321	131048428	85	75	89	67	26	21	0	42	236	227	196	-273	-125
8	500	321	131050428	76	67	91	69	25	20	0	67	256	227	196	-273	-125
8	500	321	131052428	87	77	93	70	27	22	0	94	278	227	196	-273	-125
8	500	321	131054428	78	69	93	71	26	21	0	120	299	227	196	-273	-125
8	500	321	131056428	90	79	110	82	30	24	0	150	323	227	196	-273	-125
8	500	321	131058424	80	70	97	72	26	22	0	176	345	227	196	-273	-125
8	500	321	131060428	91	80	97	73	29	23	0	205	368	227	196	-273	-125
8	500	321	131062420	81	70	99	72	27	21	0	232	389	227	196	-273	-125
8	500	321	131064420	93	80	101	74	29	23	0	261	412	227	196	-273	-125
8	500	321	131066428	81	71	101	74	27	22	0	288	434	227	196	-273	-125
8	500	321	131068424	93	80	102	73	29	23	0	317	457	227	196	-273	-125
8	500	321	131070420	82	71	102	74	28	22	0	345	479	227	196	-273	-125
8	500	321	131072416	93	80	103	73	29	23	0	374	502	227	196	-273	-125
8	500	321	131074424	81	70	118	83	30	22	0	404	524	227	196	-273	-125
8	500	321	131076428	92	79	104	73	30	23	0	434	547	227	196	-273	-125
8	500	321	131078428	82	69	104	72	27	21	0	461	568	227	196	-273	-125
8	500	321	131080428	92	80	104	73	30	23	0	491	591	227	196	-273	-125
8	500	321	131082428	80	67	102	71	27	21	0	518	612	227	196	-273	-125
8	500	321	131084428	91	78	101	70	29	22	0	547	634	227	196	-273	-125
8	500	321	131086428	79	67	102	70	27	21	0	574	655	227	196	-273	-125
8	500	321	131088428	89	75	113	79	30	23	0	604	678	227	196	-273	-125
8	500	321	131090424	75	65	98	67	26	20	0	630	698	227	196	-273	-125
8	500	321	131092424	86	74	96	68	28	21	0	658	719	227	196	-273	-125
8	500	321	131094420	73	61	94	65	25	19	0	683	738	227	196	-273	-125
8	500	321	131096420	81	70	91	64	25	20	0	708	758	227	196	-273	-125
8	500	321	131098416	69	59	88	61	24	18	0	732	776	227	196	-273	-125
8	500	321	131100412	78	64	83	60	24	19	0	756	795	227	196	-273	-125
8	500	321	131102412	67	55	80	56	22	16	0	778	811	227	196	-273	-125
8	500	321	131104408	75	58	89	63	25	18	0	803	829	227	196	-273	-125
8	500	321	131106416	63	50	73	52	20	16	0	823	845	227	196	-273	-125
8	500	321	131108416	72	54	70	50	22	15	0	845	860	227	196	-273	-125
8	500	321	131110408	61	45	65	48	18	14	0	863	734	227	196	-273	-125
8	500	321	131112420	67	49	62	46	20	15	0	883	749	227	196	-273	-125
8	500	321	131114416	58	41	58	44	17	12	0	900	761	227	196	-273	-125
8	500	321	131116424	62	44	55	41	18	13	0	918	774	227	196	-273	-125
8	500	321	131118420	53	37	51	40	15	12	0	933	786	227	196	-273	-125
8	500	321	131120420	57	39	54	41	17	12	0	950	798	227	196	-273	-125
8	500	321	131122420	48	33	42	35	13	10	0	963	808	227	196	-273	-125
8	500	321	131124416	51	33	39	33	14	10	0	977	818	227	196	-273	-125
8	500	321	131126416	41	28	36	28	12	8	0	989	826	227	196	-273	-125
8	500	321	131128416	44	30	31	28	11	9	0	1000	835	227	196	-273	-125
8	500	321	131130420	36	24	29	26	10	7	0	1010	842	227	196	-273	-125
8	500	321	131132424	37	25	25	23	9	7	0	1019	727	227	196	-273	-125
8	500	321	131134420	28	21	23	22	7	7	0	1026	734	227	196	-273	-125
8	500	321	131136416	30	21	23	23	8	7	0	1034	741	227	196	-273	-125
8	500	321	131138416	22	19	18	18	6	5	0	1040	746	227	196	-273	-125
8	500	321	131140412	22	19	16	18	6	6	0	1046	752	227	196	-273	-125
8	500	321	131142412	15	15	14	16	4	4	0	1050	724	227	196	-273	-125
8	500	321	131144408	14	16	11	15	4	5	0	1054	729	227	196	-273	-125
8	500	321	131146408	10	11	10	13	3	4	0	1057	733	227	196	-273	-125
8	500	321	131148408	7	13	8	12	2	3	0	1059	736	227	196	-273	-125
8	500	321	131150408	5	8	6	10	2	3	0	1061	739	227	196	-273	-125
8	500	321	131152416	3	9	6	10	1	3	0	1062	742	227	196	-273	-125
8	500	321	131154412	1	6	3	6	1	2	0	1063	744	227	196	-273	-125
8	500	321	131156404	0	7	2	7	0	2	0	1063	746	227	196	-273	-125
8	500	321	131158420	0	3	3	5	1	1	1	1064	747	227	196	-273	-125
9	-389	-448	131160388	0	4	0	3	0	1	1	227	197	-162	-252	227	196
9	-389	-448	131162412	0	4	1	4	0	1	1	227	198	-162	-252	227	196
9	-389	-448	131164404	-2	2	0	3	0	1	1	227	199	-162	-252	227	196
9	-389	-448	131166416	-1	2	0	2	0	1	1	227	200	-162	-252	227	196
9	-389	-448	131168376	0	2	0	3	0	0	1	227	200	-162	-252	227	196
9	-389	-448	131170416	-1	1	0	1	0	1	1	227	201	-162	-252	227	196
9	-389	-448	131172400	-1	0	0	1	0	0	1	227	201	-162	-252	227	196
9	-389	-448	131174392	-3	2	0	0	0	0	1	227	201	-162	-252	227	196
9	-389	-448	131176392	-1	0	0	1	0	0	1	227	201	-162	-252	227	196
9	-389	-448	131178376	-1	0	-1	0	-1	0	1	226	201	-162	-252	227	196
9	-389	-448	131180396	-2	1	0	0	0	0	1	226	201	-162	-252	227	196
9	-389	-448	131182364	-1	0	-1	0	0	0	1	226	201	-162	-252	227	196
9	-389	-448	131184380	-2	0	0	0	-1	0	1	225	201	-162	-252	227	196
9	-389	-448	131186368	-3	0	-1	0	0	0	1	225	201	-162	-252	227	196
9	-389	-448	131188380	-2	0	-1	0	-1	0	1	224	201	-162	-252	227	196
9	-389	-448	131190364	-3	0	0	0	0	0	1	224	201	-162	-252	227	196
9	-389	-448	131192380	-2	0	-2	0	-1	0	1	223	201	-162	-252	227	196
9	-389	-448	131194392	-4	-1	-1	0	0	0	1	223	201	-162	-252	227	196
9	-389	-448	131196408	-4	0	-1	-1	-1	0	1	222	201	-162	-252	227	196
9	-389	-448	131198404	-5	-1	-1	0	-1	0	1	221	201	-162	-252	227	196
9	-389	-448	131200412	-4	0	-2	-2	-1	0	1	220	201	-162	-252	227	196
9	-389	-448	131202416	-5	-1	-1	-1	-1	0	1	219	201	-162	-252	227	196
9	-389	-448	131204416	-5	-1	-2	-1	-1	0	1	218	201	-162	-252	227	196
9	-389	-448	131206416	-6	-2	-2	-1	-1	0	1	217	201	-162	-252	227	196
9	-389	-448	131208428	-5	-1	-2	-2	-1	-1	1	216	200	-162	-252	227	196
9	-389	-448	131210428	-7	-2	-3	-2	-2	-1	1	214	199	-162	-252	227	196
9	-389	-448	131212416	-7	-2	-2	-3	-1	0	1	213	199	-162	-252	227	196
9	-389	-448	131214428	-7	-3	-4	-2	-2	-1	1	211	198	-162	-252	227	196
9	-389	-448	131216424	-8	-3	-4	-4	-1	-1	1	210	197	-162	-252	227	196
9	-389	-448	131218416	-8	-5	-3	-4	-2	-1	1	208	196	-162	-252	227	196
9	-389	-448	131220424	-8	-4	-4	-3	-2	-1	1	206	195	-162	-252	227	196
9	-389	-448	131222420	-10	-5	-5	-5	-2	-2	1	204	193	-162	-252	227	196
9	-389	-448	131224424	-9	-5	-6	-5	-2	-1	1	202	192	-162	-252	227	196
9	-389	-448	131226416	-11	-7	-7	-7	-3	-3	1	199	189	-162	-252	227	196
9	-389	-448	131228424	-10	-6	-7	-7	-3	-2	1	196	187	-162	-252	227	196
9	-389	-448	131230416	-14	-9	-8	-9	-3	-2	1	193	185	-162	-252	227	196
9	-389	-448	131232412	-11	-9	-8	-9	-3	-3	1	190	182	-162	-252	227	196
9	-389	-448	131234412	-14	-11	-10	-10	-3	-3	1	187	179	-162	-252	227	196
9	-389	-448	131236416	-13	-11	-12	-11	-4	-3	1	183	176	-162	-252	227	196
9	-389	-448	131238416	-17	-14	-11	-12	-4	-4	1	179	172	-162	-252	227	196
9	-389	-448	131240420	-13	-14	-14	-14	-4	-4	1	175	168	-162	-252	227	196
9	-389	-448	131242428	-19	-16	-15	-15	-6	-5	1	169	163	-162	-252	227	196
9	-389	-448	131244432	-16	-16	-17	-19	-4	-5	0	165	158	-162	-252	227	196
9	-389	-448	131246424	-20	-20	-19	-17	-6	-6	0	159	152	-162	-252	227	196
9	-389	-448	131248424	-19	-20	-19	-20	-6	-6	0	153	146	-162	-252	227	196
9	-389	-448	131250428	-24	-24	-21	-22	-7	-7	0	146	139	-162	-252	227	196
9	-389	-448	131252420	-21	-23	-22	-22	-6	-7	0	140	132	-162	-252	227	196
9	-389	-448	131254432	-26	-28	-25	-25	-8	-8	0	132	124	-162	-252	227	196
9	-389	-448	131256428	-24	-27	-27	-26	-8	-7	0	124	117	-162	-252	227	196
9	-389	-448	131258424	-29	-32	-28	-29	-8	-10	0	116	107	-162	-252	227	196
9	-389	-448	131260424	-27	-30	-37	-35	-10	-9	0	106	98	-162	-252	227	196
9	-389	-448	131262416	-32	-38	-32	-34	-9	-11	0	97	87	-162	-252	227	196
9	-389	-448	131264408	-30	-33	-36	-35	-10	-10	0	87	77	-162	-252	227	196
9	-389	-448	131266408	-35	-43	-38	-36	-11	-12	0	76	65	-162	-252	227	196
9	-389	-448	131268412	-32	-39	-40	-39	-11	-12	0	65	53	-162	-252	227	196
9	-389	-448	131270412	-40	-47	-42	-41	-12	-13	0	53	40	-162	-252	227	196
9	-389	-448	131272412	-36	-44	-45	-44	-12	-13	0	41	27	-162	-252	227	196
9	-389	-448	131274412	-44	-52	-48	-46	-14	-15	0	27	12	-162	-252	227	196
9	-389	-448	131276416	-40	-48	-56	-55	-15	-15	0	12	-3	-162	-252	227	196
9	-389	-448	131278416	-48	-57	-51	-51	-14	-17	0	-2	-20	-162	-252	227	196
9	-389	-448	131280420	-43	-54	-54	-53	-15	-16	0	-17	-36	-162	-252	227	196
9	-389	-448	131282424	-52	-63	-56	-56	-16	-18	0	-33	-54	-162	-252	227	196
9	-389	-448	131284424	-46	-56	-58	-58	-16	-17	0	-49	-71	-162	-252	227	196
9	-389	-448	131286428	-55	-67	-60	-58	-17	-18	0	-66	-89	-162	-252	227	196
9	-389	-448	131288432	-49	-60	-62	-62	-17	-19	0	-83	-108	-162	-252	227	196
9	-389	-448	131290436	-57	-72	-73	-72	-19	-21	0	-102	-129	-162	-252	227	196
9	-389	-448	131292440	-60	-73	-66	-65	-19	-21	0	-121	-150	-162	-252	227	196
9	-389	-448	131294444	-54	-67	-68	-66	-18	-20	0	-139	-170	-162	-252	227	196
9	-389	-448	131296448	-62	-76	-68	-68	-20	-22	0	-159	-192	-162	-252	227	196
9	-389	-448	131298448	-57	-67	-70	-70	-19	-20	0	-178	-212	-162	-252	227	196
9	-389	-448	131300452	-65	-80	-72	-70	-20	-23	0	-198	-235	-162	-252	227	196
9	-389	-448	131302452	-58	-70	-72	-72	-20	-21	0	-218	-256	-162	-252	227	196
9	-389	-448	131304452	-68	-80	-74	-73	-21	-23	0	-239	-279	-162	-252	227	196
9	-389	-448	131306448	-60	-72	-85	-85	-22	-23	0	-261	-302	-162	-252	227	196
9	-389	-448	131308452	-70	-82	-75	-75	-22	-24	0	-283	-326	-162	-252	227	196
9	-389	-448	131310452	-62	-73	-75	-75	-20	-22	0	-303	-348	-162	-252	227	196
9	-389	-448	131312460	-73	-83	-75	-76	-23	-24	0	-326	-372	-162	-252	227	196
9	-389	-448	131314460	-65	-74	-75	-78	-21	-23	0	-347	-395	-162	-252	227	196
9	-389	-448	131316448	-75	-85	-75	-77	-22	-24	0	-369	-419	-162	-252	227	196
9	-389	-448	131318452	-66	-74	-74	-78	-21	-23	0	-390	-442	-162	-252	227	196
9	-389	-448	131320456	-76	-85	-83	-88	-24	-26	0	-414	-468	-162	-252	227	196
9	-389	-448	131322456	-67	-74	-73	-78	-21	-23	0	-435	-491	-162	-252	227	196
9	-389	-448	131324460	-77	-85	-71	-77	-22	-24	0	-457	-515	-162	-252	227	196
9	-389	-448	131326456	-68	-73	-70	-78	-21	-23	0	-478	-538	-162	-252	227	196
9	-389	-448	131328460	-76	-84	-68	-76	-21	-24	0	-499	-562	-162	-252	227	196
9	-389	-448	131330456	-67	-73	-67	-78	-20	-22	0	-519	-584	-162	-252	227	196
9	-389	-448	131332472	-77	-82	-64	-76	-22	-24	0	-541	-608	-162	-252	227	196
9	-389	-448	131334476	-66	-71	-71	-86	-20	-24	0	-561	-632	-162	-252	227	196
9	-389	-448	131336468	-75	-82	-60	-75	-20	-23	0	-581	-655	-162	-252	227	196
9	-389	-448	131338472	-66	-71	-58	-74	-19	-22	0	-600	-677	-162	-252	227	196
9	-389	-448	131340476	-73	-79	-55	-74	-19	-23	0	-619	-700	-162	-252	227	196
9	-389	-448	131342476	-63	-68	-52	-72	-17	-21	0	-636	-721	-162	-252	227	196
9	-389	-448	131344480	-70	-78	-51	-71	-19	-22	0	-655	-743	-162	-252	227	196
9	-389	-448	131346472	-60	-65	-49	-69	-16	-20	0	-671	-763	-162	-252	227	196
9	-389	-448	131348468	-67	-74	-46	-69	-17	-22	0	-688	-785	-162	-252	227	196
9	-389	-448	131350468	-56	-63	-50	-76	-16	-21	0	-704	-806	-162	-252	227	196
9	-389	-448	131352464	-62	-70	-43	-66	-16	-20	0	-720	-826	-162	-252	227	196
9	-389	-448	131354464	-54	-60	-39	-64	-14	-19	0	-734	-845	-162	-252	227	196
9	-389	-448	131356456	-59	-67	-38	-63	-14	-19	0	-748	-864	-162	-252	227	196
9	-389	-448	131358452	-50	-57	-35	-61	-13	-18	0	-761	-882	-162	-252	227	196
9	-389	-448	131360456	-56	-65	-34	-60	-13	-18	0	-774	-738	-162	-252	227	196
9	-389	-448	131362460	-48	-56	-33	-59	-12	-18	0	-786	-756	-162	-252	227	196
9	-389	-448	131364464	-52	-62	-31	-57	-13	-18	0	-799	-774	-162	-252	227	196
9	-389	-448	131366456	-45	-52	-32	-64	-11	-17	0	-810	-791	-162	-252	227	196
9	-389	-448	131368456	-50	-60	-28	-55	-12	-17	0	-822	-808	-162	-252	227	196
9	-389	-448	131370464	-43	-51	-26	-52	-11	-16	0	-833	-824	-162	-252	227	196
9	-389	-448	131372452	-46	-57	-26	-53	-10	-16	0	-843	-840	-162	-252	227	196
9	-389	-448	131374456	-39	-47	-24	-50	-10	-15	0	-853	-855	-162	-252	227	196
9	-389	-448	131376460	-43	-54	-23	-50	-10	-15	0	-863	-735	-162	-252	227	196
9	-389	-448	131378452	-37	-45	-21	-47	-8	-14	0	-871	-749	-162	-252	227	196
9	-389	-448	131380456	-40	-51	-21	-47	-10	-15	0	-881	-764	-162	-252	227	196
9	-389	-448	131382448	-33	-43	-20	-45	-7	-13	0	-888	-777	-162	-252	227	196
9	-389	-448	131384448	-37	-47	-21	-50	-9	-15	0	-897	-792	-162	-252	227	196
9	-389	-448	131386448	-31	-41	-18	-41	-8	-12	0	-905	-804	-162	-252	227	196
9	-389	-448	131388448	-34	-44	-16	-41	-7	-13	0	-912	-817	-162	-252	227	196
9	-389	-448	131390440	-27	-38	-16	-38	-6	-11	0	-918	-828	-162	-252	227	196
9	-389	-448	131392440	-31	-41	-14	-37	-7	-12	0	-925	-732	-162	-252	227	196
9	-389	-448	131394436	-25	-34	-14	-35	-6	-10	0	-931	-742	-162	-252	227	196
9	-389	-448	131396436	-28	-36	-14	-34	-6	-11	0	-937	-753	-162	-252	227	196
9	-389	-448	131398432	-22	-30	-12	-35	-5	-9	0	-942	-762	-162	-252	227	196
9	-389	-448	131400436	-25	-31	-11	-30	-6	-9	0	-948	-771	-162	-252	227	196
9	-389	-448	131402436	-19	-26	-10	-26	-4	-8	0	-952	-779	-162	-252	227	196
9	-389	-448	131404436	-21	-28	-9	-25	-5	-8	0	-957	-787	-162	-252	227	196
9	-389	-448	131406436	-17	-21	-9	-24	-4	-7	0	-961	-794	-162	-252	227	196
9	-389	-448	131408436	-17	-23	-6	-20	-3	-6	0	-964	-800	-162	-252	227	196
9	-389	-448	131410436	-13	-18	-8	-20	-3	-6	0	-967	-726	-162	-252	227	196
9	-389	-448	131412428	-15	-18	-5	-16	-3	-5	0	-970	-731	-162	-252	227	196
9	-389	-448	131414440	-10	-14	-6	-18	-3	-5	0	-973	-736	-162	-252	227	196
9	-389	-448	131416452	-11	-13	-4	-12	-2	-4	1	-975	-740	-162	-252	227	196
10	-389	-448	131418448	-9	-12	-3	-11	-2	-3	1	-164	-255	-162	-252	227	196
10	-389	-448	131420456	-7	-8	-3	-10	-1	-3	1	-165	-258	-162	-252	227	196
10	-389	-448	131422456	-8	-9	-2	-8	-2	-2	1	-167	-260	-162	-252	227	196
10	-389	-448	131424456	-3	-5	-3	-7	-1	-2	1	-168	-262	-162	-252	227	196
10	-389	-448	131426440	-5	-6	-1	-5	0	-2	1	-168	-264	-162	-252	227	196
10	247	540	131428456	-4	-3	-1	-5	-1	-1	1	-169	-265	85	288	-162	-252
10	247	540	131430452	-3	-4	-2	-4	-1	-1	1	-170	-266	85	288	-162	-252
10	247	540	131432432	-1	-1	-1	-3	0	-1	1	-170	-267	85	288	-162	-252
10	247	540	131434420	-1	-2	0	-1	0	0	1	-170	-267	85	288	-162	-252
10	247	540	131436444	-1	0	-1	-2	-1	-1	1	-171	-268	85	288	-162	-252
10	247	540	131438412	-2	-2	0	0	0	0	1	-171	-268	85	288	-162	-252
10	247	540	131440388	0	0	0	-2	0	0	1	-171	-268	85	288	-162	-252
10	247	540	131460396	-1	0	0	0	0	0	1	-171	-268	85	288	-162	-252
10	247	540	131472408	0	0	0	1	0	0	1	-171	-268	85	288	-162	-252
10	247	540	131480408	0	1	0	0	0	0	1	-171	-268	85	288	-162	-252
10	247	540	131482404	0	0	0	1	0	0	1	-171	-268	85	288	-162	-252
10	247	540	131484408	0	1	0	1	0	0	1	-171	-268	85	288	-162	-252
10	247	540	131486436	1	1	0	0	0	0	1	-171	-268	85	288	-162	-252
10	247	540	131488412	0	2	0	3	0	0	1	-171	-268	85	288	-162	-252
10	247	540	131490448	1	2	0	2	0	1	1	-171	-267	85	288	-162	-252
10	247	540	131492452	1	3	0	3	0	1	1	-171	-266	85	288	-162	-252
10	247	540	131494452	1	3	0	2	0	1	1	-171	-265	85	288	-162	-252
10	247	540	131496456	2	4	0	4	0	1	1	-171	-264	85	288	-162	-252
10	247	540	131498456	2	6	2	5	0	1	1	-171	-263	85	288	-162	-252
10	247	540	131500476	3	5	0	5	1	2	1	-170	-261	85	288	-162	-252
10	247	540	131502468	2	7	1	6	0	2	1	-170	-259	85	288	-162	-252
10	247	540	131504484	3	7	1	8	1	2	1	-169	-257	85	288	-162	-252
10	247	540	131506472	3	9	1	9	0	3	1	-169	-254	85	288	-162	-252
10	247	540	131508488	3	10	2	8	1	3	0	-168	-251	85	288	-162	-252
10	247	540	131510484	4	11	1	10	1	3	0	-167	-248	85	288	-162	-252
10	247	540	131512488	5	14	2	13	1	4	0	-166	-244	85	288	-162	-252
10	247	540	131514488	5	12	2	12	1	3	0	-165	-241	85	288	-162	-252
10	247	540	131516492	5	17	2	14	1	5	0	-164	-236	85	288	-162	-252
10	247	540	131518492	6	16	3	16	1	5	0	-163	-231	85	288	-162	-252
10	247	540	131520488	7	20	3	19	2	6	0	-161	-225	85	288	-162	-252
10	247	540	131522488	8	19	4	19	2	5	0	-159	-220	85	288	-162	-252
10	247	540	131524484	10	22	4	21	2	7	0	-157	-213	85	288	-162	-252
10	247	540	131526492	9	23	5	23	2	7	0	-155	-206	85	288	-162	-252
10	247	540	131528492	12	27	5	23	2	7	0	-153	-199	85	288	-162	-252
10	247	540	131530484	13	26	6	27	3	8	0	-150	-191	85	288	-162	-252
10	247	540	131532488	15	32	6	28	3	9	0	-147	-182	85	288	-162	-252
10	247	540	131534492	15	31	9	30	4	9	0	-143	-173	85	288	-162	-252
10	247	540	131536500	20	37	10	39	5	12	0	-138	-161	85	288	-162	-252
10	247	540	131538496	18	37	11	36	4	11	0	-134	-150	85	288	-162	-252
10	247	540	131540500	24	43	13	39	5	12	0	-129	-138	85	288	-162	-252
10	247	540	131542492	24	42	14	41	6	12	0	-123	-126	85	288	-162	-252
10	247	540	131544492	30	51	16	45	7	15	0	-116	-111	85	288	-162	-252
10	247	540	131546500	29	49	17	49	7	15	0	-109	-96	85	288	-162	-252
10	247	540	131548488	36	58	20	51	8	16	0	-101	-80	85	288	-162	-252
10	247	540	131550492	35	55	23	55	9	16	0	-92	-64	85	288	-162	-252
10	247	540	131552496	42	68	27	68	10	21	0	-82	-43	85	288	-162	-252
10	247	540	131554492	40	61	28	62	11	18	0	-71	-25	85	288	-162	-252
10	247	540	131556492	50	75	30	67	12	22	0	-59	-3	85	288	-162	-252
10	247	540	131558488	47	69	31	68	11	20	0	-48	17	85	288	-162	-252
10	247	540	131560488	56	81	35	73	14	23	0	-34	40	85	288	-162	-252
10	247	540	131562476	52	76	36	76	13	23	0	-21	63	85	288	-162	-252
10	247	540	131564476	63	89	40	79	16	25	0	-5	88	85	288	-162	-252
10	247	540	131566476	56	81	42	82	14	25	0	9	113	85	288	-162	-252
10	247	540	131568472	68	95	50	97	18	28	0	27	141	85	288	-162	-252
10	247	540	131570468	61	85	45	87	16	26	0	43	167	85	288	-162	-252
10	247	540	131572468	71	100	47	90	18	29	0	61	196	85	288	-162	-252
10	247	540	131574468	65	89	49	91	17	27	0	78	223	85	288	-162	-252
10	247	540	131576464	75	104	50	94	18	29	0	96	252	85	288	-162	-252
10	247	540	131578460	68	92	50	95	18	28	0	114	280	85	288	-162	-252
10	247	540	131580460	78	107	51	96	20	31	0	134	311	85	288	-162	-252
10	247	540	131582464	70	93	51	98	18	29	0	152	340	85	288	-162	-252
10	247	540	131584464	82	109	59	111	21	33	0	173	373	85	288	-162	-252
10	247	540	131586468	72	95	51	99	18	29	0	191	402	85	288	-162	-252
10	247	540	131588480	85	110	50	100	21	31	0	212	433	85	288	-162	-252
10	247	540	131590472	75	96	52	99	19	29	0	231	462	85	288	-162	-252
10	247	540	131592468	86	109	50	100	20	32	0	251	494	85	288	-162	-252
10	247	540	131594480	77	96	50	98	19	29	0	270	523	85	288	-162	-252
10	247	540	131596480	90	109	48	100	21	31	0	291	554	85	288	-162	-252
10	247	540	131598476	77	95	49	98	19	29	0	310	583	85	288	-162	-252
10	247	540	131600472	91	109	54	112	21	33	0	331	616	85	288	-162	-252
10	247	540	131602480	79	95	47	98	19	29	0	350	645	85	288	-162	-252
10	247	540	131604476	91	107	45	96	21	31	0	371	676	85	288	-162	-252
10	247	540	131606480	79	93	44	96	18	28	0	389	704	85	288	-162	-252
10	247	540	131608476	91	106	44	95	20	30	0	409	734	85	288	-162	-252
10	247	540	131610476	78	91	41	95	18	28	0	427	748	85	288	-162	-252
10	247	540	131612472	89	104	41	93	20	30	0	447	778	85	288	-162	-252
10	247	540	131614480	75	90	44	105	18	29	0	465	807	85	288	-162	-252
10	247	540	131616484	83	100	38	90	18	28	0	483	835	85	288	-162	-252
10	247	540	131618488	72	86	36	89	16	27	0	499	862	85	288	-162	-252
10	247	540	131620484	77	97	35	86	17	27	0	516	889	85	288	-162	-252
10	247	540	131622480	66	82	32	85	14	25	0	530	914	85	288	-162	-252
10	247	540	131624480	72	93	30	84	16	27	0	546	941	85	288	-162	-252
10	247	540	131626480	58	80	29	81	13	24	0	559	965	85	288	-162	-252
10	247	540	131628476	64	87	25	80	13	25	0	572	990	85	288	-162	-252
10	247	540	131630488	51	75	26	87	12	24	0	584	1014	85	288	-162	-252
10	247	540	131632488	57	84	20	75	11	24	0	595	744	85	288	-162	-252
10	247	540	131634488	43	69	17	72	9	21	0	604	765	85	288	-162	-252
10	247	540	131636480	48	76	15	68	10	22	0	614	787	85	288	-162	-252
10	247	540	131638480	37	64	12	67	7	19	0	621	806	85	288	-162	-252
10	247	540	131640468	40	70	9	62	7	20	0	628	826	85	288	-162	-252
10	247	540	131642468	30	58	7	60	6	18	0	634	738	85	288	-162	-252
10	247	540	131644468	32	63	5	58	5	18	0	639	756	85	288	-162	-252
10	247	540	131646472	25	54	3	62	5	18	0	644	774	85	288	-162	-252
10	247	540	131648460	25	57	0	53	3	16	0	647	790	85	288	-162	-252
10	247	540	131650456	18	48	0	48	3	14	0	650	804	85	288	-162	-252
10	247	540	131652456	18	51	-4	48	2	15	0	652	819	85	288	-162	-252
10	247	540	131654452	15	44	-5	45	2	14	0	654	833	85	288	-162	-252
10	247	540	131656444	12	47	-8	44	0	13	0	654	846	85	288	-162	-252
10	247	540	131658436	10	39	-9	41	0	12	0	654	858	85	288	-162	-252
10	247	540	131660444	9	42	-10	39	0	12	0	654	732	85	288	-162	-252
10	247	540	131662436	6	35	-11	36	0	11	0	654	743	85	288	-162	-252
10	247	540	131664456	5	38	-14	39	-1	12	0	653	755	85	288	-162	-252
10	247	540	131666460	3	30	-13	32	-1	9	0	652	764	85	288	-162	-252
10	247	540	131668460	1	34	-14	30	-2	10	0	650	774	85	288	-162	-252
10	247	540	131670464	1	31	-14	29	-2	9	0	648	783	85	288	-162	-252
10	247	540	131672464	0	25	-14	26	-2	7	0	646	790	85	288	-162	-252
10	247	540	131674460	-1	27	-15	25	-3	8	0	643	798	85	288	-162	-252
10	247	540	131676464	-2	22	-15	24	-2	7	0	641	805	85	288	-162	-252
10	247	540	131678464	-3	23	-16	24	-3	7	0	638	727	85	288	-162	-252
10	247	540	131680468	-3	19	-15	20	-3	6	0	635	733	85	288	-162	-252
10	247	540	131682472	-5	19	-15	17	-3	5	0	632	738	85	288	-162	-252
10	247	540	131684476	-4	14	-14	16	-2	5	0	630	743	85	288	-162	-252
10	247	540	131686476	-3	15	-13	14	-3	4	0	627	747	85	288	-162	-252
10	247	540	131688480	-5	11	-13	13	-3	4	0	624	751	85	288	-162	-252
10	247	540	131690480	-5	10	-12	10	-2	3	0	622	754	85	288	-162	-252
10	247	540	131692480	-4	7	-13	8	-3	2	0	619	756	85	288	-162	-252
10	247	540	131694476	-5	7	-11	8	-2	2	0	617	722	85	288	-162	-252
10	247	540	131696480	-5	3	-9	5	-2	1	0	615	723	85	288	-162	-252
10	247	540	131698480	-4	4	-9	4	-2	2	0	613	725	85	288	-162	-252
10	247	540	131700468	-5	3	-8	2	-2	0	0	611	725	85	288	-162	-252
10	247	540	131702480	-4	1	-7	3	-2	1	0	609	726	85	288	-162	-252
10	247	540	131704472	-3	0	-6	1	-1	0	0	608	726	85	288	-162	-252
10	247	540	131706448	-4	0	-6	0	-2	0	0	606	726	85	288	-162	-252
10	247	540	131708444	-4	0	-6	0	-1	0	0	605	726	85	288	-162	-252
10	247	540	131710472	-5	-1	-5	-1	-2	0	1	603	726	85	288	-162	-252
11	247	540	131712476	-4	-1	-4	-1	-1	0	1	84	288	85	288	-162	-252
11	247	540	131714480	-3	-2	-4	-2	-1	0	1	83	288	85	288	-162	-252
11	-85	-588	131716492	-3	-3	-4	-3	-1	-1	1	82	287	0	-300	85	288
11	-85	-588	131718492	-5	-2	-3	-2	-1	-1	1	81	286	0	-300	85	288
11	-85	-588	131720488	-2	-3	-3	-3	-1	-1	1	80	285	0	-300	85	288
11	-85	-588	131722476	-5	-4	-4	-2	-1	0	1	79	285	0	-300	85	288
11	-85	-588	131724492	-3	-2	-2	-3	-1	-1	1	78	284	0	-300	85	288
11	-85	-588	131726488	-5	-4	-4	-4	-1	-1	1	77	283	0	-300	85	288
11	-85	-588	131728484	-4	-2	-2	-2	-1	-1	1	76	282	0	-300	85	288
11	-85	-588	131730480	-3	-5	-4	-4	-1	-1	1	75	281	0	-300	85	288
11	-85	-588	131732472	-5	-3	-3	-4	-1	-1	1	74	280	0	-300	85	288
11	-85	-588	131734472	-4	-5	-2	-3	-1	-2	1	73	278	0	-300	85	288
11	-85	-588	131736472	-4	-4	-4	-4	-2	-1	1	71	277	0	-300	85	288
11	-85	-588	131738476	-5	-3	-2	-4	-1	-1	1	70	276	0	-300	85	288
11	-85	-588	131740476	-4	-4	-3	-5	-1	-1	1	69	275	0	-300	85	288
11	-85	-588	131742472	-3	-5	-4	-4	-1	-2	1	68	273	0	-300	85	288
11	-85	-588	131744476	-4	-4	-2	-3	-1	-1	1	67	272	0	-300	85	288
11	-85	-588	131746476	-4	-4	-3	-4	-1	-1	1	66	271	0	-300	85	288
11	-85	-588	131748480	-4	-2	-2	-4	-1	-1	1	65	270	0	-300	85	288
11	-85	-588	131750468	-2	-4	-1	-2	0	-1	1	65	269	0	-300	85	288
11	-85	-588	131752480	-3	-4	-3	-4	-1	-1	1	64	268	0	-300	85	288
11	-85	-588	131754480	-3	-3	-2	-3	-1	-1	1	63	267	0	-300	85	288
11	-85	-588	131756468	-2	-3	-2	-3	0	-1	1	63	266	0	-300	85	288
11	-85	-588	131758480	-2	-4	-1	-3	-1	-1	1	62	265	0	-300	85	288
11	-85	-588	131760468	-1	-2	-1	-4	0	-1	1	62	264	0	-300	85	288
11	-85	-588	131762456	-2	-3	-1	-2	0	0	1	62	264	0	-300	85	288
11	-85	-588	131764476	-1	-2	-3	-3	-1	-1	1	61	263	0	-300	85	288
11	-85	-588	131766464	-1	-4	-1	-2	0	-1	1	61	262	0	-300	85	288
11	-85	-588	131768468	-1	-2	0	-3	0	-1	1	61	261	0	-300	85	288
11	-85	-588	131770476	0	-3	-1	-3	-1	-1	1	60	260	0	-300	85	288
11	-85	-588	131772456	0	-2	-2	-3	0	0	1	60	260	0	-300	85	288
11	-85	-588	131774468	0	-3	-1	-4	0	-1	1	60	259	0	-300	85	288
11	-85	-588	131776460	-2	-4	0	-2	0	-1	1	60	258	0	-300	85	288
11	-85	-588	131778428	0	-3	0	-4	0	-1	1	60	257	0	-300	85	288
11	-85	-588	131780472	0	-3	-1	-4	-1	-1	1	59	256	0	-300	85	288
11	-85	-588	131782424	0	-5	0	-5	0	-2	1	59	254	0	-300	85	288
11	-85	-588	131784444	0	-5	-1	-5	0	-1	1	59	253	0	-300	85	288
11	-85	-588	131786440	-1	-6	0	-5	0	-2	1	59	251	0	-300	85	288
11	-85	-588	131788436	-1	-6	-2	-7	0	-2	1	59	249	0	-300	85	288
11	-85	-588	131790440	-1	-8	0	-8	0	-2	0	59	247	0	-300	85	288
11	-85	-588	131792444	-3	-9	-1	-8	-1	-3	0	58	244	0	-300	85	288
11	-85	-588	131794428	-2	-10	0	-9	0	-3	0	58	241	0	-300	85	288
11	-85	-588	131796444	-3	-10	0	-10	-1	-3	0	57	238	0	-300	85	288
11	-85	-588	131798432	-4	-12	0	-13	0	-4	0	57	234	0	-300	85	288
11	-85	-588	131800452	-3	-13	0	-12	-1	-3	0	56	231	0	-300	85	288
11	-85	-588	131802444	-5	-16	0	-14	-1	-5	0	55	226	0	-300	85	288
11	-85	-588	131804432	-5	-15	0	-17	0	-5	0	55	221	0	-300	85	288
11	-85	-588	131806436	-7	-20	0	-17	-1	-5	0	54	216	0	-300	85	288
11	-85	-588	131808440	-5	-19	0	-18	-1	-6	0	53	210	0	-300	85	288
11	-85	-588	131810436	-7	-22	0	-20	-1	-6	0	52	204	0	-300	85	288
11	-85	-588	131812436	-8	-23	0	-23	-1	-7	0	51	197	0	-300	85	288
11	-85	-588	131814440	-8	-26	0	-22	-2	-7	0	49	190	0	-300	85	288
11	-85	-588	131816432	-9	-26	1	-27	-1	-8	0	48	182	0	-300	85	288
11	-85	-588	131818436	-10	-31	0	-26	-1	-9	0	47	173	0	-300	85	288
11	-85	-588	131820432	-10	-29	1	-34	-2	-9	0	45	164	0	-300	85	288
11	-85	-588	131822428	-11	-36	1	-31	-1	-10	0	44	154	0	-300	85	288
11	-85	-588	131824424	-12	-35	0	-34	-2	-10	0	42	144	0	-300	85	288
11	-85	-588	131826424	-12	-42	3	-36	-1	-12	0	41	132	0	-300	85	288
11	-85	-588	131828436	-13	-38	1	-39	-2	-12	0	39	120	0	-300	85	288
11	-85	-588	131830436	-13	-48	2	-41	-2	-13	0	37	107	0	-300	85	288
11	-85	-588	131832436	-15	-51	2	-45	-2	-14	0	35	93	0	-300	85	288
11	-85	-588	131834436	-14	-48	2	-46	-1	-15	0	34	78	0	-300	85	288
11	-85	-588	131836432	-16	-57	4	-58	-2	-17	0	32	61	0	-300	85	288
11	-85	-588	131838436	-15	-54	2	-52	-2	-16	0	30	45	0	-300	85	288
11	-85	-588	131840440	-18	-64	4	-56	-2	-18	0	28	27	0	-300	85	288
11	-85	-588	131842448	-17	-60	4	-60	-2	-18	0	26	9	0	-300	85	288
11	-85	-588	131844448	-19	-72	5	-63	-2	-20	0	24	-11	0	-300	85	288
11	-85	-588	131846444	-19	-66	5	-66	-2	-20	0	22	-31	0	-300	85	288
11	-85	-588	131848440	-22	-80	4	-70	-3	-22	0	19	-53	0	-300	85	288
11	-85	-588	131850440	-20	-73	5	-74	-2	-22	0	17	-75	0	-300	85	288
11	-85	-588	131852436	-25	-89	6	-87	-3	-27	0	14	-102	0	-300	85	288
11	-85	-588	131854432	-23	-80	5	-82	-3	-24	0	11	-126	0	-300	85	288
11	-85	-588	131856440	-27	-95	5	-83	-3	-27	0	8	-153	0	-300	85	288
11	-85	-588	131858440	-25	-86	5	-87	-3	-26	0	5	-179	0	-300	85	288
11	-85	-588	131860428	-30	-101	5	-88	-4	-28	0	1	-207	0	-300	85	288
11	-85	-588	131862432	-27	-91	4	-92	-3	-27	0	-2	-234	0	-300	85	288
11	-85	-588	131864432	-32	-107	2	-95	-5	-31	0	-7	-265	0	-300	85	288
11	-85	-588	131866436	-29	-95	4	-108	-4	-30	0	-11	-295	0	-300	85	288
11	-85	-588	131868440	-34	-110	1	-98	-5	-31	0	-16	-326	0	-300	85	288
11	-85	-588	131870444	-31	-97	1	-100	-4	-30	0	-20	-356	0	-300	85	288
11	-85	-588	131872448	-36	-113	0	-100	-6	-32	0	-26	-388	0	-300	85	288
11	-85	-588	131874452	-33	-98	0	-101	-5	-30	0	-31	-418	0	-300	85	288
11	-85	-588	131876448	-37	-114	0	-103	-5	-32	0	-36	-450	0	-300	85	288
11	-85	-588	131878444	-33	-100	0	-102	-5	-31	0	-41	-481	0	-300	85	288
11	-85	-588	131880440	-37	-114	-3	-103	-6	-32	0	-47	-513	0	-300	85	288
11	-85	-588	131882440	-33	-97	-2	-115	-5	-32	0	-52	-545	0	-300	85	288
11	-85	-588	131884452	-37	-110	-4	-100	-6	-31	0	-58	-576	0	-300	85	288
11	-85	-588	131886452	-33	-95	-2	-97	-6	-29	0	-64	-605	0	-300	85	288
11	-85	-588	131888464	-35	-105	-4	-96	-6	-30	0	-70	-635	0	-300	85	288
11	-85	-588	131890452	-31	-90	-4	-94	-5	-28	0	-75	-663	0	-300	85	288
11	-85	-588	131892448	-34	-100	-2	-91	-5	-29	0	-80	-692	0	-300	85	288
11	-85	-588	131894448	-28	-84	-4	-89	-5	-26	0	-85	-718	0	-300	85	288
11	-85	-588	131896448	-33	-94	-3	-85	-5	-26	0	-90	-744	0	-300	85	288
11	-85	-588	131898448	-27	-77	-2	-95	-5	-26	0	-95	-770	0	-300	85	288
11	-85	-588	131900452	-30	-87	-3	-79	-5	-25	0	-100	-795	0	-300	85	288
11	-85	-588	131902456	-27	-72	-1	-77	-4	-23	0	-104	-818	0	-300	85	288
11	-85	-588	131904448	-27	-80	-1	-74	-4	-23	0	-108	-841	0	-300	85	288
11	-85	-588	131906452	-24	-68	0	-70	-4	-20	0	-112	-861	0	-300	85	288
11	-85	-588	131908452	-25	-72	-1	-69	-4	-21	0	-116	-882	0	-300	85	288
11	-85	-588	131910448	-21	-61	0	-65	-3	-19	0	-119	-739	0	-300	85	288
11	-85	-588	131912444	-24	-68	0	-62	-3	-20	0	-122	-759	0	-300	85	288
11	-85	-588	131914444	-20	-56	0	-69	-3	-19	0	-125	-778	0	-300	85	288
11	-85	-588	131916440	-21	-61	1	-56	-3	-17	0	-128	-795	0	-300	85	288
11	-85	-588	131918440	-19	-52	2	-55	-3	-16	0	-131	-811	0	-300	85	288
11	-85	-588	131920436	-20	-57	1	-54	-3	-17	0	-134	-828	0	-300	85	288
11	-85	-588	131922436	-17	-50	2	-51	-2	-15	0	-136	-843	0	-300	85	288
11	-85	-588	131924436	-20	-54	2	-50	-3	-16	0	-139	-859	0	-300	85	288
11	-85	-588	131926436	-17	-47	2	-49	-2	-14	0	-141	-873	0	-300	85	288
11	-85	-588	131928448	-18	-53	1	-55	-2	-16	0	-143	-889	0	-300	85	288
11	-85	-588	131930444	-15	-46	3	-48	-2	-14	0	-145	-903	0	-300	85	288
11	-85	-588	131932444	-18	-51	2	-47	-3	-15	0	-148	-735	0	-300	85	288
11	-85	-588	131934440	-16	-44	3	-45	-2	-13	0	-150	-748	0	-300	85	288
11	-85	-588	131936444	-16	-50	1	-45	-2	-15	0	-152	-763	0	-300	85	288
11	-85	-588	131938440	-15	-43	3	-45	-2	-13	0	-154	-776	0	-300	85	288
11	-85	-588	131940440	-17	-48	2	-45	-2	-14	0	-156	-790	0	-300	85	288
11	-85	-588	131942440	-13	-43	3	-44	-1	-13	0	-157	-803	0	-300	85	288
11	-85	-588	131944432	-15	-47	2	-42	-2	-13	0	-159	-733	0	-300	85	288
11	-85	-588	131946428	-14	-42	4	-49	-2	-14	0	-161	-747	0	-300	85	288
11	-85	-588	131948436	-14	-46	2	-41	-2	-13	0	-163	-760	0	-300	85	288
11	-85	-588	131950436	-12	-39	3	-42	-1	-12	0	-164	-772	0	-300	85	288
11	-85	-588	131952436	-15	-45	2	-40	-2	-13	0	-166	-785	0	-300	85	288
11	-85	-588	131954436	-12	-37	3	-38	-1	-11	0	-167	-796	0	-300	85	288
11	-85	-588	131956432	-12	-43	2	-39	-2	-12	0	-169	-808	0	-300	85	288
11	-85	-588	131958432	-10	-35	4	-36	-1	-11	1	-170	-731	0	-300	85	288
