1	-141	980	311662804	0	0	0	1	0	0	1	0	-500	-141	480	0	-500
1	-141	980	311664808	0	1	0	0	0	0	1	0	-500	-141	480	0	-500
1	-141	980	311666812	0	0	-1	0	0	0	1	0	-500	-141	480	0	-500
1	-141	980	311668816	0	0	0	1	0	0	1	0	-500	-141	480	0	-500
1	-141	980	311670808	0	1	0	0	0	0	0	0	-500	-141	480	0	-500
1	-141	980	311672808	0	1	0	1	0	0	0	0	-500	-141	480	0	-500
1	-141	980	311674812	0	2	0	2	0	0	0	0	-500	-141	480	0	-500
1	-141	980	311676832	-1	2	-1	2	0	0	0	0	-500	-141	480	0	-500
1	-141	980	311678804	0	4	0	4	0	0	0	0	-500	-141	480	0	-500
1	-141	980	311680828	-1	5	0	5	0	0	0	0	-500	-141	480	0	-500
1	-141	980	311682828	-1	7	-1	6	0	0	0	0	-500	-141	480	0	-500
1	-141	980	311684828	-2	9	0	9	0	0	0	0	-500	-141	480	0	-500
1	-141	980	311686828	-2	11	-2	10	0	0	0	0	-500	-141	480	0	-500
1	-141	980	311688828	-3	15	0	11	0	0	0	0	-500	-141	480	0	-500
1	-141	980	311690828	-2	17	-1	18	0	0	0	0	-500	-141	480	0	-500
1	-141	980	311692824	-3	16	-1	17	0	0	0	0	-500	-141	480	0	-500
1	-141	980	311694820	-3	22	-1	20	0	0	0	0	-500	-141	480	0	-500
1	-141	980	311696820	-4	27	-3	23	0	0	0	0	-500	-141	480	0	-500
1	-141	980	311698816	-4	30	-1	27	0	0	0	0	-500	-141	480	0	-500
1	-141	980	311700824	-4	35	-4	35	0	0	0	0	-500	-141	480	0	-500
1	-141	980	311702832	-3	38	-4	34	0	0	0	0	-500	-141	480	0	-500
1	-141	980	311704832	-3	44	-3	40	0	0	0	0	-500	-141	480	0	-500
1	-141	980	311706832	-2	50	-5	42	0	0	0	0	-500	-141	480	0	-500
1	-141	980	311708828	-2	54	-8	57	0	0	0	0	-500	-141	480	0	-500
1	-141	980	311710828	0	60	-7	53	0	0	0	0	-500	-141	480	0	-500
1	-141	980	311712828	0	66	-9	59	0	0	0	0	-500	-141	480	0	-500
1	-141	980	311714828	3	71	-9	64	0	0	0	0	-500	-141	480	0	-500
1	-141	980	311716824	5	77	-11	69	0	0	0	0	-500	-141	480	0	-500
1	-141	980	311718820	7	72	-14	86	0	0	0	0	-500	-141	480	0	-500
1	-141	980	311720816	10	89	-15	80	0	0	0	0	-500	-141	480	0	-500
1	-141	980	311722816	11	94	-16	86	0	0	0	0	-500	-141	480	0	-500
1	-141	980	311724816	15	101	-16	93	0	0	0	0	-500	-141	480	0	-500
1	-141	980	311726824	16	109	-23	111	0	0	0	0	-500	-141	480	0	-500
1	-141	980	311728796	20	113	-20	104	0	0	0	0	-500	-141	480	0	-500
1	-141	980	311730820	21	120	-22	110	0	0	0	0	-500	-141	480	0	-500
1	-141	980	311732784	24	127	-24	115	0	0	0	0	-500	-141	480	0	-500
1	-141	980	311734812	26	132	-24	121	0	0	0	0	-500	-141	480	0	-500
1	-141	980	311736812	29	139	-30	145	0	0	0	0	-500	-141	480	0	-500
1	-141	980	311738816	31	145	-29	134	0	0	0	0	-500	-141	480	0	-500
1	-141	980	311740816	34	150	-28	140	0	0	0	0	-500	-141	480	0	-500
1	-141	980	311742828	36	157	-30	146	0	0	0	0	-500	-141	480	0	-500
1	-141	980	311744840	39	164	-37	174	0	0	0	0	-500	-141	480	0	-500
1	-141	980	311746840	36	148	-32	157	0	0	0	0	-500	-141	480	0	-500
1	-141	980	311748840	43	175	-34	164	0	0	0	0	-500	-141	480	0	-500
1	-141	980	311750844	45	181	-34	169	0	0	0	0	-500	-141	480	0	-500
1	-141	980	311752844	47	186	-36	175	0	0	0	0	-500	-141	480	0	-500
1	-141	980	311754848	48	193	-41	205	0	0	0	0	-500	-141	480	0	-500
1	-141	980	311756848	49	198	-39	185	0	0	0	0	-500	-141	480	0	-500
1	-141	980	311758844	50	204	-40	190	0	0	0	0	-500	-141	480	0	-500
1	-141	980	311760844	51	210	-42	195	0	0	0	0	-500	-141	480	0	-500
1	-141	980	311762844	51	215	-50	230	0	0	0	0	-500	-141	480	0	-500
1	-141	980	311764848	53	220	-47	205	0	0	0	0	-500	-141	480	0	-500
1	-141	980	311766848	53	224	-47	210	0	0	0	0	-500	-141	480	0	-500
1	-141	980	311768848	53	229	-49	215	0	0	0	0	-500	-141	480	0	-500
1	-141	980	311770852	52	232	-59	250	0	0	0	0	-500	-141	480	0	-500
1	-141	980	311772828	53	235	-53	222	0	0	0	0	-500	-141	480	0	-500
1	-141	980	311774856	44	209	-54	225	0	0	0	0	-500	-141	480	0	-500
1	-141	980	311776856	51	241	-56	228	0	0	0	0	-500	-141	480	0	-500
1	-141	980	311778860	49	243	-58	228	0	0	0	0	-500	-141	480	0	-500
1	-141	980	311780864	47	243	-69	265	0	0	0	0	-500	-141	480	0	-500
1	-141	980	311782864	46	245	-60	233	0	0	0	0	-500	-141	480	0	-500
1	-141	980	311784868	45	245	-62	232	0	0	0	0	-500	-141	480	0	-500
1	-141	980	311786868	44	244	-63	234	0	0	0	0	-500	-141	480	0	-500
1	-141	980	311788872	41	244	-71	266	0	0	0	0	-500	-141	480	0	-500
1	-141	980	311790872	42	242	-64	233	0	0	0	0	-500	-141	480	0	-500
1	-141	980	311792876	38	242	-61	231	0	0	0	0	-500	-141	480	0	-500
1	-141	980	311794880	39	236	-61	229	0	0	0	0	-500	-141	480	0	-500
1	-141	980	311796880	36	234	-68	260	0	0	0	0	-500	-141	480	0	-500
1	-141	980	311798884	34	230	-58	224	0	0	0	0	-500	-141	480	0	-500
1	-141	980	311800884	33	226	-57	220	0	0	0	0	-500	-141	480	0	-500
1	-141	980	311802888	30	221	-55	216	0	0	0	0	-500	-141	480	0	-500
1	-141	980	311804884	25	189	-52	212	0	0	0	0	-500	-141	480	0	-500
1	-141	980	311806884	26	212	-59	238	0	0	0	0	-500	-141	480	0	-500
1	-141	980	311808888	24	207	-47	202	0	0	0	0	-500	-141	480	0	-500
1	-141	980	311810888	21	201	-47	198	0	0	0	0	-500	-141	480	0	-500
1	-141	980	311812888	19	195	-43	192	0	0	0	0	-500	-141	480	0	-500
1	-141	980	311814888	17	190	-48	214	0	0	0	0	-500	-141	480	0	-500
1	-141	980	311816888	14	184	-40	181	0	0	0	0	-500	-141	480	0	-500
1	-141	980	311818888	12	176	-37	177	0	0	0	0	-500	-141	480	0	-500
1	-141	980	311820888	10	171	-35	170	0	0	0	0	-500	-141	480	0	-500
1	-141	980	311822888	8	165	-35	165	0	0	0	0	-500	-141	480	0	-500
1	-141	980	311824884	5	159	-38	181	0	0	0	0	-500	-141	480	0	-500
1	-141	980	311826880	2	152	-30	154	0	0	0	0	-500	-141	480	0	-500
1	-141	980	311828876	2	148	-31	147	0	0	0	0	-500	-141	480	0	-500
1	-141	980	311830884	-2	142	-29	141	0	0	0	0	-500	-141	480	0	-500
1	-141	980	311832884	-4	122	-32	157	0	0	0	0	-500	-141	480	0	-500
1	-141	980	311834888	-6	132	-29	131	0	0	0	0	-500	-141	480	0	-500
1	-141	980	311836888	-9	129	-28	126	0	0	0	0	-500	-141	480	0	-500
1	-141	980	311838888	-10	124	-27	121	0	0	0	0	-500	-141	480	0	-500
1	-141	980	311840888	-12	118	-26	118	0	0	0	0	-500	-141	480	0	-500
1	-141	980	311842892	-15	115	-33	129	0	0	0	0	-500	-141	480	0	-500
1	-141	980	311844896	-15	110	-27	108	0	0	0	0	-500	-141	480	0	-500
1	-141	980	311846892	-18	105	-29	105	0	0	0	0	-500	-141	480	0	-500
1	-141	980	311848896	-19	103	-29	100	0	0	0	0	-500	-141	480	0	-500
1	-141	980	311850892	-20	97	-32	110	0	0	0	0	-500	-141	480	0	-500
1	-141	980	311852892	-20	95	-30	94	0	0	0	0	-500	-141	480	0	-500
1	-141	980	311854884	-22	92	-30	89	0	0	0	0	-500	-141	480	0	-500
1	-141	980	311856888	-23	90	-29	87	0	0	0	0	-500	-141	480	0	-500
1	-141	980	311858896	-22	86	-35	97	0	0	0	0	-500	-141	480	0	-500
1	-141	980	311860892	-20	74	-31	82	0	0	0	0	-500	-141	480	0	-500
1	-141	980	311862896	-24	82	-30	79	0	0	0	0	-500	-141	480	0	-500
1	-141	980	311864892	-25	80	-33	77	0	0	0	0	-500	-141	480	0	-500
1	-141	980	311866888	-24	78	-31	77	0	0	0	0	-500	-141	480	0	-500
1	-141	980	311868880	-23	75	-36	83	0	0	0	0	-500	-141	480	0	-500
1	-141	980	311870888	-24	73	-32	72	0	0	0	0	-500	-141	480	0	-500
1	-141	980	311872884	-25	73	-32	68	0	0	0	0	-500	-141	480	0	-500
1	-141	980	311874892	-24	70	-31	68	0	0	0	0	-500	-141	480	0	-500
1	-141	980	311876884	-25	69	-32	66	0	0	0	0	-500	-141	480	0	-500
1	-141	980	311878888	-24	67	-37	74	0	0	0	0	-500	-141	480	0	-500
1	-141	980	311880884	-25	65	-31	62	0	0	0	0	-500	-141	480	0	-500
1	-141	980	311882892	-23	64	-32	62	0	0	0	0	-500	-141	480	0	-500
1	-141	980	311884888	-25	62	-31	60	0	0	0	0	-500	-141	480	0	-500
1	-141	980	311886892	-22	53	-35	66	0	0	0	0	-500	-141	480	0	-500
1	-141	980	311888884	-25	59	-30	56	0	0	0	0	-500	-141	480	0	-500
1	-141	980	311890876	-25	57	-29	55	0	0	0	0	-500	-141	480	0	-500
1	-141	980	311892872	-25	54	-30	54	0	0	0	0	-500	-141	480	0	-500
1	-141	980	311894868	-25	54	-27	51	0	0	0	0	-500	-141	480	0	-500
1	-141	980	311896864	-23	50	-33	56	0	0	0	0	-500	-141	480	0	-500
1	-141	980	311898860	-25	48	-26	48	0	0	0	0	-500	-141	480	0	-500
1	-141	980	311900856	-25	47	-26	45	0	0	0	0	-500	-141	480	0	-500
1	-141	980	311902852	-24	43	-25	44	0	0	0	0	-500	-141	480	0	-500
1	-141	980	311904848	-24	42	-24	42	0	0	0	0	-500	-141	480	0	-500
1	-141	980	311906852	-22	38	-26	45	0	0	0	0	-500	-141	480	0	-500
1	-141	980	311908848	-20	33	-23	38	0	0	0	0	-500	-141	480	0	-500
1	-141	980	311910844	-23	35	-20	35	0	0	0	0	-500	-141	480	0	-500
1	-141	980	311912848	-21	34	-18	33	0	0	0	0	-500	-141	480	0	-500
1	-141	980	311914856	-21	30	-22	35	0	0	0	0	-500	-141	480	0	-500
1	-141	980	311916864	-20	27	-16	29	0	0	0	0	-500	-141	480	0	-500
1	-141	980	311918856	-19	26	-15	26	0	0	0	0	-500	-141	480	0	-500
1	-141	980	311920864	-19	24	-14	24	0	0	0	0	-500	-141	480	0	-500
1	-141	980	311922860	-17	21	-12	23	0	0	0	0	-500	-141	480	0	-500
1	-141	980	311924852	-17	19	-14	22	0	0	0	0	-500	-141	480	0	-500
1	-141	980	311926860	-16	18	-10	19	0	0	0	0	-500	-141	480	0	-500
1	-141	980	311928856	-15	15	-9	16	0	0	0	0	-500	-141	480	0	-500
1	-141	980	311930852	-14	13	-8	14	0	0	0	0	-500	-141	480	0	-500
1	-141	980	311932844	-13	13	-8	15	0	0	0	0	-500	-141	480	0	-500
1	-141	980	311934848	-12	10	-6	11	0	0	0	0	-500	-141	480	0	-500
1	-141	980	311936852	-10	7	-5	10	0	0	0	0	-500	-141	480	0	-500
1	-141	980	311938848	-10	9	-5	9	0	0	0	0	-500	-141	480	0	-500
1	-141	980	311940840	-10	6	-4	7	0	0	1	0	-500	-141	480	0	-500
2	411	-901	311952852	-4	3	-2	3	0	0	1	-141	480	270	-421	-141	480
2	411	-901	311954856	-4	2	-1	1	0	0	1	-141	480	270	-421	-141	480
2	411	-901	311956856	-2	2	-1	3	0	0	1	-141	480	270	-421	-141	480
2	411	-901	311958856	-3	1	-1	1	0	0	1	-141	480	270	-421	-141	480
2	411	-901	311960856	-2	1	0	1	0	0	1	-141	480	270	-421	-141	480
2	411	-901	311962860	-2	0	0	1	0	0	1	-141	480	270	-421	-141	480
2	411	-901	311964868	-1	1	0	0	0	0	1	-141	480	270	-421	-141	480
2	411	-901	311966832	0	0	0	2	0	0	1	-141	480	270	-421	-141	480
2	411	-901	311968836	-1	0	0	0	0	0	1	-141	480	270	-421	-141	480
2	411	-901	311992860	2	0	0	0	0	0	1	-141	480	270	-421	-141	480
2	411	-901	311996868	1	0	0	0	0	0	1	-141	480	270	-421	-141	480
2	411	-901	311998864	1	0	0	0	0	0	1	-141	480	270	-421	-141	480
2	411	-901	312000868	3	0	0	0	0	0	1	-141	480	270	-421	-141	480
2	411	-901	312002900	2	-1	0	-1	0	0	1	-141	480	270	-421	-141	480
2	411	-901	312004896	3	-2	1	-1	0	0	1	-141	480	270	-421	-141	480
2	411	-901	312006896	2	-1	2	-1	0	0	1	-141	480	270	-421	-141	480
2	411	-901	312008896	5	-1	2	-2	0	0	1	-141	480	270	-421	-141	480
2	411	-901	312010892	5	-3	3	-1	0	0	1	-141	480	270	-421	-141	480
2	411	-901	312012892	8	-3	3	-4	0	0	1	-141	480	270	-421	-141	480
2	411	-901	312014888	7	-4	4	-3	0	0	1	-141	480	270	-421	-141	480
2	411	-901	312016876	9	-6	6	-5	0	0	1	-141	480	270	-421	-141	480
2	411	-901	312018876	9	-7	7	-7	0	0	1	-141	480	270	-421	-141	480
2	411	-901	312020872	11	-8	7	-7	0	0	1	-141	480	270	-421	-141	480
2	411	-901	312022876	12	-10	11	-11	0	0	1	-141	480	270	-421	-141	480
2	411	-901	312024872	15	-13	13	-12	0	0	1	-141	480	270	-421	-141	480
2	411	-901	312026868	15	-16	14	-13	0	0	1	-141	480	270	-421	-141	480
2	411	-901	312028860	18	-18	15	-18	0	0	1	-141	480	270	-421	-141	480
2	411	-901	312030864	20	-21	20	-21	0	0	1	-141	480	270	-421	-141	480
2	411	-901	312032860	21	-25	21	-23	0	0	0	-141	480	270	-421	-141	480
2	411	-901	312034856	23	-29	22	-25	0	0	0	-141	480	270	-421	-141	480
2	411	-901	312036852	26	-32	27	-30	0	0	0	-141	480	270	-421	-141	480
2	411	-901	312038856	29	-36	30	-32	0	0	0	-141	480	270	-421	-141	480
2	411	-901	312040848	30	-42	38	-41	0	0	0	-141	480	270	-421	-141	480
2	411	-901	312042852	33	-46	37	-42	0	0	0	-141	480	270	-421	-141	480
2	411	-901	312044856	32	-44	41	-46	0	0	0	-141	480	270	-421	-141	480
2	411	-901	312046864	38	-53	44	-49	0	0	0	-141	480	270	-421	-141	480
2	411	-901	312048856	43	-60	53	-62	0	0	0	-141	480	270	-421	-141	480
2	411	-901	312050860	46	-64	53	-59	0	0	0	-141	480	270	-421	-141	480
2	411	-901	312052864	49	-70	55	-64	0	0	0	-141	480	270	-421	-141	480
2	411	-901	312054860	51	-74	59	-67	0	0	0	-141	480	270	-421	-141	480
2	411	-901	312056864	55	-80	62	-73	0	0	0	-141	480	270	-421	-141	480
2	411	-901	312058848	58	-84	74	-87	0	0	0	-141	480	270	-421	-141	480
2	411	-901	312060852	61	-90	70	-81	0	0	0	-141	480	270	-421	-141	480
2	411	-901	312062856	62	-93	72	-87	0	0	0	-141	480	270	-421	-141	480
2	411	-901	312064852	65	-100	75	-91	0	0	0	-141	480	270	-421	-141	480
2	411	-901	312066848	68	-105	90	-109	0	0	0	-141	480	270	-421	-141	480
2	411	-901	312068852	69	-110	82	-101	0	0	0	-141	480	270	-421	-141	480
2	411	-901	312070852	61	-100	82	-106	0	0	0	-141	480	270	-421	-141	480
2	411	-901	312072856	69	-119	84	-110	0	0	0	-141	480	270	-421	-141	480
2	411	-901	312074860	68	-124	85	-115	0	0	0	-141	480	270	-421	-141	480
2	411	-901	312076864	68	-129	97	-136	0	0	0	-141	480	270	-421	-141	480
2	411	-901	312078868	66	-132	85	-123	0	0	0	-141	480	270	-421	-141	480
2	411	-901	312080872	64	-138	87	-127	0	0	0	-141	480	270	-421	-141	480
2	411	-901	312082876	61	-140	86	-132	0	0	0	-141	480	270	-421	-141	480
2	411	-901	312084884	59	-143	99	-152	0	0	0	-141	480	270	-421	-141	480
2	411	-901	312086888	56	-147	86	-138	0	0	0	-141	480	270	-421	-141	480
2	411	-901	312088892	54	-150	87	-140	0	0	0	-141	480	270	-421	-141	480
2	411	-901	312090888	50	-151	85	-142	0	0	0	-141	480	270	-421	-141	480
2	411	-901	312092880	46	-155	99	-166	0	0	0	-141	480	270	-421	-141	480
2	411	-901	312094888	43	-156	85	-148	0	0	0	-141	480	270	-421	-141	480
2	411	-901	312096892	38	-159	85	-150	0	0	0	-141	480	270	-421	-141	480
2	411	-901	312098888	35	-160	85	-150	0	0	0	-141	480	270	-421	-141	480
2	411	-901	312100892	29	-140	85	-152	0	0	0	-141	480	270	-421	-141	480
2	411	-901	312102880	29	-162	96	-175	0	0	0	-141	480	270	-421	-141	480
2	411	-901	312104876	26	-163	85	-155	0	0	0	-141	480	270	-421	-141	480
2	411	-901	312106872	24	-164	85	-154	0	0	0	-141	480	270	-421	-141	480
2	411	-901	312108868	22	-163	85	-156	0	0	0	-141	480	270	-421	-141	480
2	411	-901	312110872	20	-165	98	-178	0	0	0	-141	480	270	-421	-141	480
2	411	-901	312112868	18	-165	86	-157	0	0	0	-141	480	270	-421	-141	480
2	411	-901	312114864	16	-167	85	-157	0	0	0	-141	480	270	-421	-141	480
2	411	-901	312116860	14	-167	86	-157	0	0	0	-141	480	270	-421	-141	480
2	411	-901	312118864	12	-168	87	-159	0	0	0	-141	480	270	-421	-141	480
2	411	-901	312120868	12	-168	97	-181	0	0	0	-141	480	270	-421	-141	480
2	411	-901	312122876	8	-169	84	-159	0	0	0	-141	480	270	-421	-141	480
2	411	-901	312124872	9	-170	85	-160	0	0	0	-141	480	270	-421	-141	480
2	411	-901	312126872	5	-149	84	-161	0	0	0	-141	480	270	-421	-141	480
2	411	-901	312128872	6	-171	96	-184	0	0	0	-141	480	270	-421	-141	480
2	411	-901	312130884	4	-171	81	-161	0	0	0	-141	480	270	-421	-141	480
2	411	-901	312132884	3	-173	81	-163	0	0	0	-141	480	270	-421	-141	480
2	411	-901	312134884	1	-171	80	-161	0	0	0	-141	480	270	-421	-141	480
2	411	-901	312136884	0	-171	80	-162	0	0	0	-141	480	270	-421	-141	480
2	411	-901	312138880	-1	-172	89	-185	0	0	0	-141	480	270	-421	-141	480
2	411	-901	312140888	-3	-172	76	-162	0	0	0	-141	480	270	-421	-141	480
2	411	-901	312142880	-5	-170	75	-161	0	0	0	-141	480	270	-421	-141	480
2	411	-901	312144880	-7	-171	74	-161	0	0	0	-141	480	270	-421	-141	480
2	411	-901	312146876	-7	-170	83	-183	0	0	0	-141	480	270	-421	-141	480
2	411	-901	312148872	-9	-169	71	-160	0	0	0	-141	480	270	-421	-141	480
2	411	-901	312150868	-10	-169	70	-158	0	0	0	-141	480	270	-421	-141	480
2	411	-901	312152872	-9	-145	69	-158	0	0	0	-141	480	270	-421	-141	480
2	411	-901	312154868	-10	-166	66	-156	0	0	0	-141	480	270	-421	-141	480
2	411	-901	312156872	-11	-164	76	-178	0	0	0	-141	480	270	-421	-141	480
2	411	-901	312158872	-10	-162	64	-153	0	0	0	-141	480	270	-421	-141	480
2	411	-901	312160872	-11	-160	62	-153	0	0	0	-141	480	270	-421	-141	480
2	411	-901	312162876	-11	-159	62	-150	0	0	0	-141	480	270	-421	-141	480
2	411	-901	312164876	-10	-158	67	-170	0	0	0	-141	480	270	-421	-141	480
2	411	-901	312166880	-10	-153	59	-146	0	0	0	-141	480	270	-421	-141	480
2	411	-901	312168880	-10	-153	56	-145	0	0	0	-141	480	270	-421	-141	480
2	411	-901	312170880	-9	-149	55	-144	0	0	0	-141	480	270	-421	-141	480
2	411	-901	312172884	-9	-147	61	-161	0	0	0	-141	480	270	-421	-141	480
2	411	-901	312174892	-9	-144	52	-139	0	0	0	-141	480	270	-421	-141	480
2	411	-901	312176888	-7	-141	51	-137	0	0	0	-141	480	270	-421	-141	480
2	411	-901	312178880	-8	-140	49	-135	0	0	0	-141	480	270	-421	-141	480
2	411	-901	312180884	-6	-119	47	-133	0	0	0	-141	480	270	-421	-141	480
2	411	-901	312182892	-7	-135	54	-150	0	0	0	-141	480	270	-421	-141	480
2	411	-901	312184888	-7	-132	45	-127	0	0	0	-141	480	270	-421	-141	480
2	411	-901	312186884	-7	-129	42	-127	0	0	0	-141	480	270	-421	-141	480
2	411	-901	312188872	-6	-128	43	-123	0	0	0	-141	480	270	-421	-141	480
2	411	-901	312190868	-7	-126	41	-122	0	0	0	-141	480	270	-421	-141	480
2	411	-901	312192876	-7	-122	45	-136	0	0	0	-141	480	270	-421	-141	480
2	411	-901	312194868	-6	-122	38	-117	0	0	0	-141	480	270	-421	-141	480
2	411	-901	312196864	-7	-118	37	-115	0	0	0	-141	480	270	-421	-141	480
2	411	-901	312198868	-6	-117	36	-114	0	0	0	-141	480	270	-421	-141	480
2	411	-901	312200872	-6	-116	40	-126	0	0	0	-141	480	270	-421	-141	480
2	411	-901	312202876	-6	-114	35	-110	0	0	0	-141	480	270	-421	-141	480
2	411	-901	312204868	-7	-112	33	-108	0	0	0	-141	480	270	-421	-141	480
2	411	-901	312206872	-5	-96	32	-106	0	0	0	-141	480	270	-421	-141	480
2	411	-901	312208872	-5	-110	37	-119	0	0	0	-141	480	270	-421	-141	480
2	411	-901	312210880	-5	-109	31	-102	0	0	0	-141	480	270	-421	-141	480
2	411	-901	312212884	-3	-106	31	-100	0	0	0	-141	480	270	-421	-141	480
2	411	-901	312214888	-4	-105	29	-100	0	0	0	-141	480	270	-421	-141	480
2	411	-901	312216896	-3	-103	29	-97	0	0	0	-141	480	270	-421	-141	480
2	411	-901	312218896	-2	-100	32	-110	0	0	0	-141	480	270	-421	-141	480
2	411	-901	312220900	-1	-99	28	-93	0	0	0	-141	480	270	-421	-141	480
2	411	-901	312222896	0	-97	26	-92	0	0	0	-141	480	270	-421	-141	480
2	411	-901	312224896	0	-94	26	-90	0	0	0	-141	480	270	-421	-141	480
2	411	-901	312226896	0	-91	30	-100	0	0	0	-141	480	270	-421	-141	480
2	411	-901	312228904	0	-89	25	-85	0	0	0	-141	480	270	-421	-141	480
2	411	-901	312230896	1	-86	25	-82	0	0	0	-141	480	270	-421	-141	480
2	411	-901	312232896	4	-83	24	-80	0	0	0	-141	480	270	-421	-141	480
2	411	-901	312234900	3	-78	24	-78	0	0	0	-141	480	270	-421	-141	480
2	411	-901	312236900	2	-65	26	-85	0	0	0	-141	480	270	-421	-141	480
2	411	-901	312238900	4	-73	22	-70	0	0	0	-141	480	270	-421	-141	480
2	411	-901	312240900	4	-67	22	-67	0	0	0	-141	480	270	-421	-141	480
2	411	-901	312242900	5	-64	20	-64	0	0	0	-141	480	270	-421	-141	480
2	411	-901	312244900	3	-60	23	-70	0	0	0	-141	480	270	-421	-141	480
2	411	-901	312246900	4	-56	19	-56	0	0	0	-141	480	270	-421	-141	480
2	411	-901	312248900	4	-53	18	-54	0	0	0	-141	480	270	-421	-141	480
2	411	-901	312250900	4	-49	17	-50	0	0	0	-141	480	270	-421	-141	480
2	411	-901	312252896	3	-45	19	-54	0	0	0	-141	480	270	-421	-141	480
2	411	-901	312254896	4	-41	16	-42	0	0	0	-141	480	270	-421	-141	480
2	411	-901	312256896	3	-39	15	-41	0	0	1	-141	480	270	-421	-141	480
3	-648	748	312286884	0	-10	4	-10	0	0	1	270	-421	-378	327	270	-421
3	-648	748	312288884	0	-8	4	-10	0	0	1	270	-421	-378	327	270	-421
3	-648	748	312290892	0	-9	3	-12	0	0	1	270	-421	-378	327	270	-421
3	-648	748	312292896	0	-8	4	-7	0	0	1	270	-421	-378	327	270	-421
3	-648	748	312294896	0	-7	3	-8	0	0	1	270	-421	-378	327	270	-421
3	-648	748	312296896	0	-6	2	-7	0	0	1	270	-421	-378	327	270	-421
3	-648	748	312298896	0	-7	3	-6	0	0	1	270	-421	-378	327	270	-421
3	-648	748	312300896	0	-6	1	-7	0	0	1	270	-421	-378	327	270	-421
3	-648	748	312302896	0	-4	2	-5	0	0	1	270	-421	-378	327	270	-421
3	-648	748	312304900	0	-5	2	-3	0	0	1	270	-421	-378	327	270	-421
3	-648	748	312306872	-1	-3	1	-5	0	0	1	270	-421	-378	327	270	-421
3	-648	748	312308900	0	-3	1	-4	0	0	1	270	-421	-378	327	270	-421
3	-648	748	312310904	0	-4	1	-3	0	0	1	270	-421	-378	327	270	-421
3	-648	748	312312876	-2	-2	2	-2	0	0	1	270	-421	-378	327	270	-421
3	-648	748	312314876	0	-1	0	-3	0	0	1	270	-421	-378	327	270	-421
3	-648	748	312316900	0	-2	1	-1	0	0	1	270	-421	-378	327	270	-421
3	-648	748	312318876	0	-1	0	-2	0	0	1	270	-421	-378	327	270	-421
3	-648	748	312320900	0	-1	1	-2	0	0	1	270	-421	-378	327	270	-421
3	-648	748	312324876	0	-1	0	-1	0	0	1	270	-421	-378	327	270	-421
3	-648	748	312340892	0	0	0	1	0	0	1	270	-421	-378	327	270	-421
3	-648	748	312342896	0	1	0	1	0	0	1	270	-421	-378	327	270	-421
3	-648	748	312344928	-1	2	0	0	0	0	1	270	-421	-378	327	270	-421
3	-648	748	312346920	0	1	-2	2	0	0	1	270	-421	-378	327	270	-421
3	-648	748	312348924	-1	2	0	2	0	0	0	270	-421	-378	327	270	-421
3	-648	748	312350928	-3	4	-1	3	0	0	0	270	-421	-378	327	270	-421
3	-648	748	312352928	-2	4	-1	4	0	0	0	270	-421	-378	327	270	-421
3	-648	748	312354924	-4	6	-3	6	0	0	0	270	-421	-378	327	270	-421
3	-648	748	312356928	-4	9	-2	8	0	0	0	270	-421	-378	327	270	-421
3	-648	748	312358924	-6	11	-4	9	0	0	0	270	-421	-378	327	270	-421
3	-648	748	312360924	-7	13	-6	13	0	0	0	270	-421	-378	327	270	-421
3	-648	748	312362920	-8	16	-6	15	0	0	0	270	-421	-378	327	270	-421
3	-648	748	312364916	-10	20	-8	18	0	0	0	270	-421	-378	327	270	-421
3	-648	748	312366916	-11	22	-10	20	0	0	0	270	-421	-378	327	270	-421
3	-648	748	312368920	-13	28	-12	27	0	0	0	270	-421	-378	327	270	-421
3	-648	748	312370916	-12	26	-14	27	0	0	0	270	-421	-378	327	270	-421
3	-648	748	312372912	-15	35	-16	31	0	0	0	270	-421	-378	327	270	-421
3	-648	748	312374916	-18	39	-19	35	0	0	0	270	-421	-378	327	270	-421
3	-648	748	312376912	-18	44	-21	39	0	0	0	270	-421	-378	327	270	-421
3	-648	748	312378908	-20	48	-30	48	0	0	0	270	-421	-378	327	270	-421
3	-648	748	312380916	-22	54	-29	49	0	0	0	270	-421	-378	327	270	-421
3	-648	748	312382908	-22	60	-34	53	0	0	0	270	-421	-378	327	270	-421
3	-648	748	312384904	-25	64	-37	57	0	0	0	270	-421	-378	327	270	-421
3	-648	748	312386908	-24	69	-49	71	0	0	0	270	-421	-378	327	270	-421
3	-648	748	312388912	-26	75	-46	68	0	0	0	270	-421	-378	327	270	-421
3	-648	748	312390916	-26	80	-53	72	0	0	0	270	-421	-378	327	270	-421
3	-648	748	312392912	-28	85	-56	77	0	0	0	270	-421	-378	327	270	-421
3	-648	748	312394916	-29	91	-71	95	0	0	0	270	-421	-378	327	270	-421
3	-648	748	312396920	-28	97	-68	87	0	0	0	270	-421	-378	327	270	-421
3	-648	748	312398924	-27	89	-74	94	0	0	0	270	-421	-378	327	270	-421
3	-648	748	312400932	-30	108	-77	97	0	0	0	270	-421	-378	327	270	-421
3	-648	748	312402924	-31	113	-85	104	0	0	0	270	-421	-378	327	270	-421
3	-648	748	312404928	-31	119	-103	124	0	0	0	270	-421	-378	327	270	-421
3	-648	748	312406924	-33	125	-96	114	0	0	0	270	-421	-378	327	270	-421
3	-648	748	312408928	-33	130	-102	118	0	0	0	270	-421	-378	327	270	-421
3	-648	748	312410928	-35	138	-108	125	0	0	0	270	-421	-378	327	270	-421
3	-648	748	312412924	-35	141	-131	150	0	0	0	270	-421	-378	327	270	-421
3	-648	748	312414924	-37	149	-120	137	0	0	0	270	-421	-378	327	270	-421
3	-648	748	312416924	-37	153	-128	142	0	0	0	270	-421	-378	327	270	-421
3	-648	748	312418928	-39	162	-131	149	0	0	0	270	-421	-378	327	270	-421
3	-648	748	312420928	-40	166	-137	154	0	0	0	270	-421	-378	327	270	-421
3	-648	748	312422928	-41	172	-165	182	0	0	0	270	-421	-378	327	270	-421
3	-648	748	312424928	-41	179	-149	166	0	0	0	270	-421	-378	327	270	-421
3	-648	748	312426924	-38	161	-154	172	0	0	0	270	-421	-378	327	270	-421
3	-648	748	312428924	-42	190	-159	176	0	0	0	270	-421	-378	327	270	-421
3	-648	748	312430936	-44	195	-187	207	0	0	0	270	-421	-378	327	270	-421
3	-648	748	312432936	-44	200	-170	188	0	0	0	270	-421	-378	327	270	-421
3	-648	748	312434936	-44	207	-174	191	0	0	0	270	-421	-378	327	270	-421
3	-648	748	312436936	-45	211	-177	196	0	0	0	270	-421	-378	327	270	-421
3	-648	748	312438936	-43	215	-182	202	0	0	0	270	-421	-378	327	270	-421
3	-648	748	312440936	-44	219	-210	235	0	0	0	270	-421	-378	327	270	-421
3	-648	748	312442936	-44	222	-188	208	0	0	0	270	-421	-378	327	270	-421
3	-648	748	312444936	-44	228	-190	213	0	0	0	270	-421	-378	327	270	-421
3	-648	748	312446928	-43	228	-193	216	0	0	0	270	-421	-378	327	270	-421
3	-648	748	312448932	-43	230	-222	249	0	0	0	270	-421	-378	327	270	-421
3	-648	748	312450932	-42	234	-197	220	0	0	0	270	-421	-378	327	270	-421
3	-648	748	312452932	-43	234	-197	220	0	0	0	270	-421	-378	327	270	-421
3	-648	748	312454932	-36	205	-198	221	0	0	0	270	-421	-378	327	270	-421
3	-648	748	312456936	-43	234	-226	253	0	0	0	270	-421	-378	327	270	-421
3	-648	748	312458924	-41	231	-197	220	0	0	0	270	-421	-378	327	270	-421
3	-648	748	312460924	-42	231	-198	220	0	0	0	270	-421	-378	327	270	-421
3	-648	748	312462924	-44	228	-197	218	0	0	0	270	-421	-378	327	270	-421
3	-648	748	312464924	-44	225	-197	218	0	0	0	270	-421	-378	327	270	-421
3	-648	748	312466928	-44	222	-221	245	0	0	0	270	-421	-378	327	270	-421
3	-648	748	312468928	-45	218	-192	211	0	0	0	270	-421	-378	327	270	-421
3	-648	748	312470928	-46	215	-190	209	0	0	0	270	-421	-378	327	270	-421
3	-648	748	312472940	-46	210	-187	204	0	0	0	270	-421	-378	327	270	-421
3	-648	748	312474956	-46	205	-210	227	0	0	0	270	-421	-378	327	270	-421
3	-648	748	312476956	-48	201	-178	195	0	0	0	270	-421	-378	327	270	-421
3	-648	748	312478952	-47	195	-178	191	0	0	0	270	-421	-378	327	270	-421
3	-648	748	312480956	-48	191	-172	187	0	0	0	270	-421	-378	327	270	-421
3	-648	748	312482956	-42	163	-169	181	0	0	0	270	-421	-378	327	270	-421
3	-648	748	312484952	-50	180	-189	201	0	0	0	270	-421	-378	327	270	-421
3	-648	748	312486952	-50	175	-161	171	0	0	0	270	-421	-378	327	270	-421
3	-648	748	312488948	-50	168	-156	165	0	0	0	270	-421	-378	327	270	-421
3	-648	748	312490948	-50	164	-153	162	0	0	0	270	-421	-378	327	270	-421
3	-648	748	312492948	-52	158	-169	177	0	0	0	270	-421	-378	327	270	-421
3	-648	748	312494948	-52	153	-143	150	0	0	0	270	-421	-378	327	270	-421
3	-648	748	312496948	-51	148	-140	146	0	0	0	270	-421	-378	327	270	-421
3	-648	748	312498952	-52	144	-135	140	0	0	0	270	-421	-378	327	270	-421
3	-648	748	312500952	-52	140	-132	137	0	0	0	270	-421	-378	327	270	-421
3	-648	748	312502952	-51	135	-146	150	0	0	0	270	-421	-378	327	270	-421
3	-648	748	312504952	-53	131	-124	127	0	0	0	270	-421	-378	327	270	-421
3	-648	748	312506952	-52	126	-121	123	0	0	0	270	-421	-378	327	270	-421
3	-648	748	312508948	-45	109	-117	120	0	0	0	270	-421	-378	327	270	-421
3	-648	748	312510948	-52	120	-132	133	0	0	0	270	-421	-378	327	270	-421
3	-648	748	312512944	-51	117	-111	113	0	0	0	270	-421	-378	327	270	-421
3	-648	748	312514944	-50	114	-109	110	0	0	0	270	-421	-378	327	270	-421
3	-648	748	312516952	-49	111	-105	106	0	0	0	270	-421	-378	327	270	-421
3	-648	748	312518952	-47	109	-116	119	0	0	0	270	-421	-378	327	270	-421
3	-648	748	312520952	-48	108	-99	102	0	0	0	270	-421	-378	327	270	-421
3	-648	748	312522944	-45	103	-96	99	0	0	0	270	-421	-378	327	270	-421
3	-648	748	312524944	-43	103	-92	98	0	0	0	270	-421	-378	327	270	-421
3	-648	748	312526940	-43	100	-90	95	0	0	0	270	-421	-378	327	270	-421
3	-648	748	312528940	-40	97	-100	106	0	0	0	270	-421	-378	327	270	-421
3	-648	748	312530936	-39	97	-84	91	0	0	0	270	-421	-378	327	270	-421
3	-648	748	312532940	-37	92	-80	89	0	0	0	270	-421	-378	327	270	-421
3	-648	748	312534944	-36	91	-78	86	0	0	0	270	-421	-378	327	270	-421
3	-648	748	312536940	-30	78	-86	96	0	0	0	270	-421	-378	327	270	-421
3	-648	748	312538944	-32	87	-71	83	0	0	0	270	-421	-378	327	270	-421
3	-648	748	312540940	-31	84	-69	80	0	0	0	270	-421	-378	327	270	-421
3	-648	748	312542944	-30	80	-65	77	0	0	0	270	-421	-378	327	270	-421
3	-648	748	312544940	-27	79	-61	75	0	0	0	270	-421	-378	327	270	-421
3	-648	748	312546944	-28	75	-68	83	0	0	0	270	-421	-378	327	270	-421
3	-648	748	312548936	-25	71	-56	69	0	0	0	270	-421	-378	327	270	-421
3	-648	748	312550944	-24	68	-54	65	0	0	0	270	-421	-378	327	270	-421
3	-648	748	312552948	-23	63	-51	62	0	0	0	270	-421	-378	327	270	-421
3	-648	748	312554944	-23	59	-55	68	0	0	0	270	-421	-378	327	270	-421
3	-648	748	312556948	-22	55	-45	55	0	0	0	270	-421	-378	327	270	-421
3	-648	748	312558952	-20	50	-44	50	0	0	0	270	-421	-378	327	270	-421
3	-648	748	312560960	-22	46	-40	47	0	0	0	270	-421	-378	327	270	-421
3	-648	748	312562952	-17	38	-37	44	0	0	0	270	-421	-378	327	270	-421
3	-648	748	312564948	-19	39	-41	45	0	0	0	270	-421	-378	327	270	-421
3	-648	748	312566952	-17	35	-33	35	0	0	0	270	-421	-378	327	270	-421
3	-648	748	312568948	-18	30	-30	32	0	0	0	270	-421	-378	327	270	-421
3	-648	748	312570956	-17	27	-27	29	0	0	0	270	-421	-378	327	270	-421
3	-648	748	312572952	-15	23	-29	29	0	0	0	270	-421	-378	327	270	-421
3	-648	748	312574940	-14	20	-23	21	0	0	0	270	-421	-378	327	270	-421
3	-648	748	312576936	-14	16	-20	19	0	0	0	270	-421	-378	327	270	-421
3	-648	748	312578940	-12	12	-17	15	0	0	0	270	-421	-378	327	270	-421
3	-648	748	312580936	-12	12	-16	14	0	0	0	270	-421	-378	327	270	-421
3	-648	748	312582932	-8	8	-15	12	0	0	0	270	-421	-378	327	270	-421
3	-648	748	312584928	-10	7	-12	9	0	0	0	270	-421	-378	327	270	-421
3	-648	748	312586924	-8	5	-10	6	0	0	0	270	-421	-378	327	270	-421
3	-648	748	312588928	-5	3	-7	5	0	0	0	270	-421	-378	327	270	-421
3	-648	748	312590924	-5	4	-6	5	0	0	1	270	-421	-378	327	270	-421
4	833	-535	312598920	-1	0	-1	1	0	0	1	-378	327	455	-208	-378	327
4	833	-535	312600928	-2	0	-1	1	0	0	1	-378	327	455	-208	-378	327
4	833	-535	312620908	1	0	0	0	0	0	1	-378	327	455	-208	-378	327
4	833	-535	312626912	1	0	0	0	0	0	1	-378	327	455	-208	-378	327
4	833	-535	312632916	0	-2	0	0	0	0	1	-378	327	455	-208	-378	327
4	833	-535	312634916	1	0	1	0	0	0	1	-378	327	455	-208	-378	327
4	833	-535	312640920	0	-1	0	0	0	0	1	-378	327	455	-208	-378	327
4	833	-535	312642948	2	0	0	-2	0	0	1	-378	327	455	-208	-378	327
4	833	-535	312644952	0	-1	2	0	0	0	1	-378	327	455	-208	-378	327
4	833	-535	312646920	0	-1	0	-1	0	0	1	-378	327	455	-208	-378	327
4	833	-535	312648952	1	-2	1	-2	0	0	1	-378	327	455	-208	-378	327
4	833	-535	312650956	0	-3	1	-3	0	0	1	-378	327	455	-208	-378	327
4	833	-535	312652956	0	-3	3	-4	0	0	1	-378	327	455	-208	-378	327
4	833	-535	312654956	0	-5	3	-3	0	0	1	-378	327	455	-208	-378	327
4	833	-535	312656956	0	-6	4	-7	0	0	1	-378	327	455	-208	-378	327
4	833	-535	312658956	0	-8	4	-6	0	0	1	-378	327	455	-208	-378	327
4	833	-535	312660948	0	-8	6	-7	0	0	1	-378	327	455	-208	-378	327
4	833	-535	312662948	-1	-12	9	-12	0	0	1	-378	327	455	-208	-378	327
4	833	-535	312664952	-1	-12	9	-11	0	0	1	-378	327	455	-208	-378	327
4	833	-535	312666960	-1	-15	10	-12	0	0	1	-378	327	455	-208	-378	327
4	833	-535	312668956	0	-16	12	-15	0	0	1	-378	327	455	-208	-378	327
4	833	-535	312670960	-1	-20	16	-20	0	0	1	-378	327	455	-208	-378	327
4	833	-535	312672956	-2	-19	18	-20	0	0	1	-378	327	455	-208	-378	327
4	833	-535	312674956	-1	-24	19	-22	0	0	0	-378	327	455	-208	-378	327
4	833	-535	312676952	-1	-27	22	-23	0	0	0	-378	327	455	-208	-378	327
4	833	-535	312678952	0	-30	25	-28	0	0	0	-378	327	455	-208	-378	327
4	833	-535	312680952	0	-33	33	-34	0	0	0	-378	327	455	-208	-378	327
4	833	-535	312682956	0	-36	31	-32	0	0	0	-378	327	455	-208	-378	327
4	833	-535	312684948	3	-39	35	-35	0	0	0	-378	327	455	-208	-378	327
4	833	-535	312686952	4	-41	39	-38	0	0	0	-378	327	455	-208	-378	327
4	833	-535	312688952	5	-45	48	-46	0	0	0	-378	327	455	-208	-378	327
4	833	-535	312690956	7	-49	48	-44	0	0	0	-378	327	455	-208	-378	327
4	833	-535	312692956	9	-51	51	-46	0	0	0	-378	327	455	-208	-378	327
4	833	-535	312694956	11	-55	55	-50	0	0	0	-378	327	455	-208	-378	327
4	833	-535	312696952	13	-59	60	-51	0	0	0	-378	327	455	-208	-378	327
4	833	-535	312698952	13	-54	74	-64	0	0	0	-378	327	455	-208	-378	327
4	833	-535	312700948	19	-66	69	-59	0	0	0	-378	327	455	-208	-378	327
4	833	-535	312702936	21	-70	75	-62	0	0	0	-378	327	455	-208	-378	327
4	833	-535	312704932	25	-74	80	-65	0	0	0	-378	327	455	-208	-378	327
4	833	-535	312706936	28	-77	98	-80	0	0	0	-378	327	455	-208	-378	327
4	833	-535	312708932	30	-83	94	-74	0	0	0	-378	327	455	-208	-378	327
4	833	-535	312710936	35	-87	99	-77	0	0	0	-378	327	455	-208	-378	327
4	833	-535	312712932	37	-91	105	-82	0	0	0	-378	327	455	-208	-378	327
4	833	-535	312714932	40	-97	112	-85	0	0	0	-378	327	455	-208	-378	327
4	833	-535	312716932	44	-101	135	-103	0	0	0	-378	327	455	-208	-378	327
4	833	-535	312718928	46	-107	125	-95	0	0	0	-378	327	455	-208	-378	327
4	833	-535	312720936	49	-112	133	-100	0	0	0	-378	327	455	-208	-378	327
4	833	-535	312722936	51	-117	139	-104	0	0	0	-378	327	455	-208	-378	327
4	833	-535	312724936	48	-106	167	-125	0	0	0	-378	327	455	-208	-378	327
4	833	-535	312726932	56	-127	154	-114	0	0	0	-378	327	455	-208	-378	327
4	833	-535	312728932	58	-131	159	-119	0	0	0	-378	327	455	-208	-378	327
4	833	-535	312730936	61	-134	166	-122	0	0	0	-378	327	455	-208	-378	327
4	833	-535	312732936	61	-138	171	-125	0	0	0	-378	327	455	-208	-378	327
4	833	-535	312734936	64	-142	204	-148	0	0	0	-378	327	455	-208	-378	327
4	833	-535	312736936	65	-143	184	-131	0	0	0	-378	327	455	-208	-378	327
4	833	-535	312738940	67	-147	188	-134	0	0	0	-378	327	455	-208	-378	327
4	833	-535	312740944	69	-147	193	-135	0	0	0	-378	327	455	-208	-378	327
4	833	-535	312742948	70	-150	225	-155	0	0	0	-378	327	455	-208	-378	327
4	833	-535	312744944	71	-149	200	-137	0	0	0	-378	327	455	-208	-378	327
4	833	-535	312746948	74	-150	202	-139	0	0	0	-378	327	455	-208	-378	327
4	833	-535	312748940	76	-149	207	-137	0	0	0	-378	327	455	-208	-378	327
4	833	-535	312750944	79	-148	208	-138	0	0	0	-378	327	455	-208	-378	327
4	833	-535	312752948	70	-129	240	-156	0	0	0	-378	327	455	-208	-378	327
4	833	-535	312754952	84	-145	213	-135	0	0	0	-378	327	455	-208	-378	327
4	833	-535	312756956	86	-144	212	-135	0	0	0	-378	327	455	-208	-378	327
4	833	-535	312758964	90	-141	214	-131	0	0	0	-378	327	455	-208	-378	327
4	833	-535	312760956	91	-140	244	-149	0	0	0	-378	327	455	-208	-378	327
4	833	-535	312762952	95	-138	215	-129	0	0	0	-378	327	455	-208	-378	327
4	833	-535	312764952	97	-135	215	-125	0	0	0	-378	327	455	-208	-378	327
4	833	-535	312766948	100	-132	215	-125	0	0	0	-378	327	455	-208	-378	327
4	833	-535	312768944	101	-131	215	-121	0	0	0	-378	327	455	-208	-378	327
4	833	-535	312770940	104	-129	245	-138	0	0	0	-378	327	455	-208	-378	327
4	833	-535	312772948	105	-125	214	-117	0	0	0	-378	327	455	-208	-378	327
4	833	-535	312774940	107	-124	215	-116	0	0	0	-378	327	455	-208	-378	327
4	833	-535	312776936	109	-122	213	-115	0	0	0	-378	327	455	-208	-378	327
4	833	-535	312778932	96	-104	244	-128	0	0	0	-378	327	455	-208	-378	327
4	833	-535	312780936	110	-119	213	-111	0	0	0	-378	327	455	-208	-378	327
4	833	-535	312782932	111	-115	211	-108	0	0	0	-378	327	455	-208	-378	327
4	833	-535	312784928	110	-114	211	-107	0	0	0	-378	327	455	-208	-378	327
4	833	-535	312786916	112	-111	209	-104	0	0	0	-378	327	455	-208	-378	327
4	833	-535	312788920	110	-110	239	-116	0	0	0	-378	327	455	-208	-378	327
4	833	-535	312790916	110	-107	206	-100	0	0	0	-378	327	455	-208	-378	327
4	833	-535	312792912	108	-105	204	-96	0	0	0	-378	327	455	-208	-378	327
4	833	-535	312794916	109	-104	201	-95	0	0	0	-378	327	455	-208	-378	327
4	833	-535	312796916	108	-101	227	-105	0	0	0	-378	327	455	-208	-378	327
4	833	-535	312798912	107	-99	197	-90	0	0	0	-378	327	455	-208	-378	327
4	833	-535	312800908	105	-98	192	-88	0	0	0	-378	327	455	-208	-378	327
4	833	-535	312802904	91	-83	190	-85	0	0	0	-378	327	455	-208	-378	327
4	833	-535	312804904	103	-93	188	-84	0	0	0	-378	327	455	-208	-378	327
4	833	-535	312806900	101	-91	208	-92	0	0	0	-378	327	455	-208	-378	327
4	833	-535	312808908	99	-89	179	-79	0	0	0	-378	327	455	-208	-378	327
4	833	-535	312810908	97	-87	175	-77	0	0	0	-378	327	455	-208	-378	327
4	833	-535	312812912	95	-85	170	-77	0	0	0	-378	327	455	-208	-378	327
4	833	-535	312814912	93	-83	189	-85	0	0	0	-378	327	455	-208	-378	327
4	833	-535	312816912	90	-80	160	-72	0	0	0	-378	327	455	-208	-378	327
4	833	-535	312818912	87	-79	154	-70	0	0	0	-378	327	455	-208	-378	327
4	833	-535	312820912	85	-76	148	-69	0	0	0	-378	327	455	-208	-378	327
4	833	-535	312822912	82	-72	144	-67	0	0	0	-378	327	455	-208	-378	327
4	833	-535	312824912	78	-72	158	-75	0	0	0	-378	327	455	-208	-378	327
4	833	-535	312826912	77	-68	132	-64	0	0	0	-378	327	455	-208	-378	327
4	833	-535	312828908	73	-67	129	-63	0	0	0	-378	327	455	-208	-378	327
4	833	-535	312830908	62	-55	121	-60	0	0	0	-378	327	455	-208	-378	327
4	833	-535	312832908	66	-61	133	-66	0	0	0	-378	327	455	-208	-378	327
4	833	-535	312834908	64	-59	108	-55	0	0	0	-378	327	455	-208	-378	327
4	833	-535	312836908	60	-55	103	-54	0	0	0	-378	327	455	-208	-378	327
4	833	-535	312838908	57	-53	95	-51	0	0	0	-378	327	455	-208	-378	327
4	833	-535	312840912	54	-50	87	-49	0	0	0	-378	327	455	-208	-378	327
4	833	-535	312842908	49	-47	93	-52	0	0	0	-378	327	455	-208	-378	327
4	833	-535	312844912	46	-43	74	-43	0	0	0	-378	327	455	-208	-378	327
4	833	-535	312846916	41	-40	66	-40	0	0	0	-378	327	455	-208	-378	327
4	833	-535	312848912	38	-37	60	-36	0	0	0	-378	327	455	-208	-378	327
4	833	-535	312850916	35	-32	62	-37	0	0	0	-378	327	455	-208	-378	327
4	833	-535	312852912	30	-29	48	-29	0	0	0	-378	327	455	-208	-378	327
4	833	-535	312854920	26	-25	42	-26	0	0	0	-378	327	455	-208	-378	327
4	833	-535	312856928	24	-21	37	-23	0	0	0	-378	327	455	-208	-378	327
4	833	-535	312858920	17	-18	35	-24	0	0	0	-378	327	455	-208	-378	327
4	833	-535	312860928	16	-16	26	-17	0	0	0	-378	327	455	-208	-378	327
4	833	-535	312862924	15	-14	20	-15	0	0	0	-378	327	455	-208	-378	327
4	833	-535	312864920	12	-10	17	-13	0	0	1	-378	327	455	-208	-378	327
5	-950	279	312885028	0	0	0	-1	0	0	1	455	-208	-495	71	455	-208
5	-950	279	312887028	0	0	1	0	0	0	1	455	-208	-495	71	455	-208
5	-950	279	312951008	0	0	0	0	0	0	0	455	-208	-495	71	455	-208
5	-950	279	312957036	-1	0	-2	0	0	0	0	455	-208	-495	71	455	-208
5	-950	279	312959032	0	1	0	0	0	0	0	455	-208	-495	71	455	-208
5	-950	279	312961056	-2	1	-1	0	0	0	0	455	-208	-495	71	455	-208
5	-950	279	312963048	-2	1	-4	3	0	0	0	455	-208	-495	71	455	-208
5	-950	279	312965052	-4	2	-2	1	0	0	0	455	-208	-495	71	455	-208
5	-950	279	312967052	-4	3	-5	3	0	0	0	455	-208	-495	71	455	-208
5	-950	279	312969052	-5	4	-8	3	0	0	0	455	-208	-495	71	455	-208
5	-950	279	312971048	-7	5	-11	4	0	0	0	455	-208	-495	71	455	-208
5	-950	279	312973056	-9	6	-12	6	0	0	0	455	-208	-495	71	455	-208
5	-950	279	312975048	-11	8	-15	7	0	0	0	455	-208	-495	71	455	-208
5	-950	279	312977048	-13	9	-20	7	0	0	0	455	-208	-495	71	455	-208
5	-950	279	312979044	-15	11	-24	10	0	0	0	455	-208	-495	71	455	-208
5	-950	279	312981044	-16	11	-33	13	0	0	0	455	-208	-495	71	455	-208
5	-950	279	312983044	-21	14	-35	12	0	0	0	455	-208	-495	71	455	-208
5	-950	279	312985036	-25	16	-41	14	0	0	0	455	-208	-495	71	455	-208
5	-950	279	312987032	-28	19	-46	16	0	0	0	455	-208	-495	71	455	-208
5	-950	279	312989028	-32	20	-55	19	0	0	0	455	-208	-495	71	455	-208
5	-950	279	312991032	-38	22	-71	22	0	0	0	455	-208	-495	71	455	-208
5	-950	279	312993040	-41	25	-72	22	0	0	0	455	-208	-495	71	455	-208
5	-950	279	312995036	-45	27	-78	22	0	0	0	455	-208	-495	71	455	-208
5	-950	279	312997032	-51	30	-90	25	0	0	0	455	-208	-495	71	455	-208
5	-950	279	312999028	-56	30	-114	31	0	0	0	455	-208	-495	71	455	-208
5	-950	279	313001028	-63	32	-110	28	0	0	0	455	-208	-495	71	455	-208
5	-950	279	313003028	-69	35	-120	30	0	0	0	455	-208	-495	71	455	-208
5	-950	279	313005024	-75	35	-130	30	0	0	0	455	-208	-495	71	455	-208
5	-950	279	313007024	-71	33	-139	31	0	0	0	455	-208	-495	71	455	-208
5	-950	279	313009028	-87	38	-172	38	0	0	0	455	-208	-495	71	455	-208
5	-950	279	313011028	-95	39	-160	33	0	0	0	455	-208	-495	71	455	-208
5	-950	279	313013032	-103	41	-173	35	0	0	0	455	-208	-495	71	455	-208
5	-950	279	313015028	-110	43	-182	35	0	0	0	455	-208	-495	71	455	-208
5	-950	279	313017028	-117	44	-222	44	0	0	0	455	-208	-495	71	455	-208
5	-950	279	313019028	-124	45	-205	39	0	0	0	455	-208	-495	71	455	-208
5	-950	279	313021024	-133	46	-215	40	0	0	0	455	-208	-495	71	455	-208
5	-950	279	313023020	-138	47	-226	41	0	0	0	455	-208	-495	71	455	-208
5	-950	279	313025020	-147	49	-236	41	0	0	0	455	-208	-495	71	455	-208
5	-950	279	313027016	-152	50	-281	50	0	0	0	455	-208	-495	71	455	-208
5	-950	279	313029012	-158	51	-257	45	0	0	0	455	-208	-495	71	455	-208
5	-950	279	313031020	-163	52	-263	45	0	0	0	455	-208	-495	71	455	-208
5	-950	279	313033028	-149	46	-273	47	0	0	0	455	-208	-495	71	455	-208
5	-950	279	313035024	-173	54	-319	53	0	0	0	455	-208	-495	71	455	-208
5	-950	279	313037020	-177	53	-287	49	0	0	0	455	-208	-495	71	455	-208
5	-950	279	313039020	-181	55	-293	49	0	0	0	455	-208	-495	71	455	-208
5	-950	279	313041016	-184	57	-300	49	0	0	0	455	-208	-495	71	455	-208
5	-950	279	313043012	-188	55	-306	50	0	0	0	455	-208	-495	71	455	-208
5	-950	279	313045008	-188	56	-355	57	0	0	0	455	-208	-495	71	455	-208
5	-950	279	313047000	-193	56	-316	50	0	0	0	455	-208	-495	71	455	-208
5	-950	279	313049000	-192	55	-319	50	0	0	0	455	-208	-495	71	455	-208
5	-950	279	313051000	-194	55	-322	49	0	0	0	455	-208	-495	71	455	-208
5	-950	279	313052996	-195	55	-323	49	0	0	0	455	-208	-495	71	455	-208
5	-950	279	313054992	-195	54	-371	55	0	0	0	455	-208	-495	71	455	-208
5	-950	279	313056992	-171	47	-325	47	0	0	0	455	-208	-495	71	455	-208
5	-950	279	313058988	-195	54	-324	46	0	0	0	455	-208	-495	71	455	-208
5	-950	279	313060992	-194	53	-325	47	0	0	0	455	-208	-495	71	455	-208
5	-950	279	313062992	-194	52	-370	52	0	0	0	455	-208	-495	71	455	-208
5	-950	279	313064988	-194	51	-322	46	0	0	0	455	-208	-495	71	455	-208
5	-950	279	313066984	-191	52	-322	45	0	0	0	455	-208	-495	71	455	-208
5	-950	279	313068980	-190	51	-318	44	0	0	0	455	-208	-495	71	455	-208
5	-950	279	313070976	-189	51	-317	44	0	0	0	455	-208	-495	71	455	-208
5	-950	279	313072984	-187	50	-358	51	0	0	0	455	-208	-495	71	455	-208
5	-950	279	313074980	-185	50	-310	43	0	0	0	455	-208	-495	71	455	-208
5	-950	279	313076980	-183	50	-308	43	0	0	0	455	-208	-495	71	455	-208
5	-950	279	313078976	-181	50	-302	43	0	0	0	455	-208	-495	71	455	-208
5	-950	279	313080976	-156	43	-340	49	0	0	0	455	-208	-495	71	455	-208
5	-950	279	313082972	-176	48	-294	41	0	0	0	455	-208	-495	71	455	-208
5	-950	279	313084968	-175	49	-290	41	0	0	0	455	-208	-495	71	455	-208
5	-950	279	313086960	-173	48	-285	41	0	0	0	455	-208	-495	71	455	-208
5	-950	279	313088960	-170	46	-283	42	0	0	0	455	-208	-495	71	455	-208
5	-950	279	313090956	-167	47	-316	45	0	0	0	455	-208	-495	71	455	-208
5	-950	279	313092952	-165	47	-274	38	0	0	0	455	-208	-495	71	455	-208
5	-950	279	313094952	-164	45	-268	39	0	0	0	455	-208	-495	71	455	-208
5	-950	279	313096948	-161	43	-264	38	0	0	0	455	-208	-495	71	455	-208
5	-950	279	313098948	-158	45	-259	37	0	0	0	455	-208	-495	71	455	-208
5	-950	279	313100944	-156	43	-291	43	0	0	0	455	-208	-495	71	455	-208
5	-950	279	313102944	-154	42	-250	35	0	0	0	455	-208	-495	71	455	-208
5	-950	279	313104940	-131	37	-245	36	0	0	0	455	-208	-495	71	455	-208
5	-950	279	313106936	-149	40	-240	34	0	0	0	455	-208	-495	71	455	-208
5	-950	279	313108936	-145	40	-268	38	0	0	0	455	-208	-495	71	455	-208
5	-950	279	313110932	-142	40	-230	33	0	0	0	455	-208	-495	71	455	-208
5	-950	279	313112940	-139	37	-225	32	0	0	0	455	-208	-495	71	455	-208
5	-950	279	313114940	-135	39	-220	33	0	0	0	455	-208	-495	71	455	-208
5	-950	279	313116936	-131	36	-215	31	0	0	0	455	-208	-495	71	455	-208
5	-950	279	313118932	-129	36	-240	36	0	0	0	455	-208	-495	71	455	-208
5	-950	279	313120928	-124	35	-202	30	0	0	0	455	-208	-495	71	455	-208
5	-950	279	313122924	-121	35	-198	30	0	0	0	455	-208	-495	71	455	-208
5	-950	279	313124920	-118	34	-192	30	0	0	0	455	-208	-495	71	455	-208
5	-950	279	313126916	-112	33	-185	30	0	0	0	455	-208	-495	71	455	-208
5	-950	279	313128908	-96	27	-205	33	0	0	0	455	-208	-495	71	455	-208
5	-950	279	313130904	-107	30	-173	29	0	0	0	455	-208	-495	71	455	-208
5	-950	279	313132904	-101	30	-165	26	0	0	0	455	-208	-495	71	455	-208
5	-950	279	313134900	-97	28	-158	26	0	0	0	455	-208	-495	71	455	-208
5	-950	279	313136904	-93	26	-172	29	0	0	0	455	-208	-495	71	455	-208
5	-950	279	313138904	-87	26	-141	22	0	0	0	455	-208	-495	71	455	-208
5	-950	279	313140908	-83	23	-132	23	0	0	0	455	-208	-495	71	455	-208
5	-950	279	313142908	-75	22	-124	21	0	0	0	455	-208	-495	71	455	-208
5	-950	279	313144908	-71	21	-116	20	0	0	0	455	-208	-495	71	455	-208
5	-950	279	313146912	-65	20	-120	21	0	0	0	455	-208	-495	71	455	-208
5	-950	279	313148908	-60	18	-98	18	0	0	0	455	-208	-495	71	455	-208
5	-950	279	313150904	-54	17	-89	16	0	0	0	455	-208	-495	71	455	-208
5	-950	279	313152900	-50	17	-81	16	0	0	0	455	-208	-495	71	455	-208
5	-950	279	313154912	-40	13	-84	18	0	0	0	455	-208	-495	71	455	-208
5	-950	279	313156908	-41	15	-67	14	0	0	0	455	-208	-495	71	455	-208
5	-950	279	313158904	-36	14	-60	13	0	0	0	455	-208	-495	71	455	-208
5	-950	279	313160900	-34	14	-54	14	0	0	0	455	-208	-495	71	455	-208
5	-950	279	313162896	-29	14	-47	13	0	0	0	455	-208	-495	71	455	-208
5	-950	279	313164892	-25	12	-49	15	0	0	0	455	-208	-495	71	455	-208
5	-950	279	313166900	-21	13	-35	11	0	0	0	455	-208	-495	71	455	-208
5	-950	279	313168892	-19	11	-31	11	0	0	0	455	-208	-495	71	455	-208
5	-950	279	313170900	-16	11	-28	10	0	0	0	455	-208	-495	71	455	-208
5	-950	279	313172896	-15	11	-26	11	0	0	0	455	-208	-495	71	455	-208
5	-950	279	313174892	-13	10	-20	10	0	0	0	455	-208	-495	71	455	-208
5	-950	279	313176892	-11	10	-18	9	0	0	0	455	-208	-495	71	455	-208
5	-950	279	313178892	-11	9	-16	9	0	0	0	455	-208	-495	71	455	-208
5	-950	279	313180892	-8	8	-15	7	0	0	0	455	-208	-495	71	455	-208
5	-950	279	313182892	-8	7	-15	9	0	0	1	455	-208	-495	71	455	-208
6	990	0	313201080	0	0	-1	1	0	0	1	-495	71	495	71	-495	71
6	990	0	313203076	0	1	-2	0	0	0	1	-495	71	495	71	-495	71
6	990	0	313209056	1	0	0	0	0	0	1	-495	71	495	71	-495	71
6	990	0	313211052	1	0	0	0	0	0	1	-495	71	495	71	-495	71
6	990	0	313215044	1	0	0	0	0	0	1	-495	71	495	71	-495	71
6	990	0	313217044	1	0	0	0	0	0	1	-495	71	495	71	-495	71
6	990	0	313219032	2	0	0	0	0	0	1	-495	71	495	71	-495	71
6	990	0	313221060	2	-1	0	0	0	0	1	-495	71	495	71	-495	71
6	990	0	313223032	1	0	0	0	0	0	1	-495	71	495	71	-495	71
6	990	0	313225060	3	-2	1	0	0	0	1	-495	71	495	71	-495	71
6	990	0	313227028	2	0	0	0	0	0	1	-495	71	495	71	-495	71
6	990	0	313229056	4	-1	1	0	0	0	1	-495	71	495	71	-495	71
6	990	0	313231056	3	0	0	-2	0	0	1	-495	71	495	71	-495	71
6	990	0	313233056	5	-1	1	0	0	0	1	-495	71	495	71	-495	71
6	990	0	313235056	3	-1	2	-1	0	0	1	-495	71	495	71	-495	71
6	990	0	313237052	5	-2	1	-1	0	0	1	-495	71	495	71	-495	71
6	990	0	313239044	7	-1	1	-1	0	0	1	-495	71	495	71	-495	71
6	990	0	313241052	5	-2	1	-2	0	0	1	-495	71	495	71	-495	71
6	990	0	313243048	6	-2	0	-1	0	0	1	-495	71	495	71	-495	71
6	990	0	313245052	7	-1	3	-1	0	0	1	-495	71	495	71	-495	71
6	990	0	313247056	7	-1	1	-1	0	0	1	-495	71	495	71	-495	71
6	990	0	313249060	7	-3	3	-2	0	0	1	-495	71	495	71	-495	71
6	990	0	313251064	9	-1	1	-1	0	0	1	-495	71	495	71	-495	71
6	990	0	313253060	6	-2	2	-2	0	0	1	-495	71	495	71	-495	71
6	990	0	313255064	9	-2	2	-2	0	0	1	-495	71	495	71	-495	71
6	990	0	313257068	9	-2	2	-2	0	0	1	-495	71	495	71	-495	71
6	990	0	313259064	8	-1	3	-1	0	0	1	-495	71	495	71	-495	71
6	990	0	313261052	10	-3	3	-2	0	0	1	-495	71	495	71	-495	71
6	990	0	313263052	10	-2	3	-2	0	0	1	-495	71	495	71	-495	71
6	990	0	313265052	10	-2	4	-1	0	0	1	-495	71	495	71	-495	71
6	990	0	313267048	10	-2	3	-3	0	0	1	-495	71	495	71	-495	71
6	990	0	313269048	13	-1	4	-2	0	0	1	-495	71	495	71	-495	71
6	990	0	313271044	11	-2	5	-2	0	0	1	-495	71	495	71	-495	71
6	990	0	313273040	14	-1	5	-1	0	0	1	-495	71	495	71	-495	71
6	990	0	313275040	14	-2	6	-1	0	0	1	-495	71	495	71	-495	71
6	990	0	313277040	13	0	8	-1	0	0	1	-495	71	495	71	-495	71
6	990	0	313279040	15	-2	7	-2	0	0	1	-495	71	495	71	-495	71
6	990	0	313281040	19	-1	10	-1	0	0	1	-495	71	495	71	-495	71
6	990	0	313283040	19	-1	10	-1	0	0	1	-495	71	495	71	-495	71
6	990	0	313285044	21	-1	14	-1	0	0	0	-495	71	495	71	-495	71
6	990	0	313287016	23	0	15	0	0	0	0	-495	71	495	71	-495	71
6	990	0	313289052	26	-2	18	0	0	0	0	-495	71	495	71	-495	71
6	990	0	313291016	27	0	18	0	0	0	0	-495	71	495	71	-495	71
6	990	0	313293020	29	0	27	0	0	0	0	-495	71	495	71	-495	71
6	990	0	313295024	33	0	26	0	0	0	0	-495	71	495	71	-495	71
6	990	0	313297060	36	1	30	0	0	0	0	-495	71	495	71	-495	71
6	990	0	313299060	37	2	32	3	0	0	0	-495	71	495	71	-495	71
6	990	0	313301060	42	2	38	2	0	0	0	-495	71	495	71	-495	71
6	990	0	313303060	43	3	49	4	0	0	0	-495	71	495	71	-495	71
6	990	0	313305052	48	3	47	4	0	0	0	-495	71	495	71	-495	71
6	990	0	313307052	44	4	53	5	0	0	0	-495	71	495	71	-495	71
6	990	0	313309052	53	5	56	5	0	0	0	-495	71	495	71	-495	71
6	990	0	313311052	57	5	71	6	0	0	0	-495	71	495	71	-495	71
6	990	0	313313048	60	6	69	6	0	0	0	-495	71	495	71	-495	71
6	990	0	313315048	62	6	74	8	0	0	0	-495	71	495	71	-495	71
6	990	0	313317048	68	8	80	7	0	0	0	-495	71	495	71	-495	71
6	990	0	313319048	70	7	85	9	0	0	0	-495	71	495	71	-495	71
6	990	0	313321044	72	9	105	11	0	0	0	-495	71	495	71	-495	71
6	990	0	313323044	76	9	98	9	0	0	0	-495	71	495	71	-495	71
6	990	0	313325044	79	8	104	11	0	0	0	-495	71	495	71	-495	71
6	990	0	313327040	83	10	110	10	0	0	0	-495	71	495	71	-495	71
6	990	0	313329040	83	10	134	14	0	0	0	-495	71	495	71	-495	71
6	990	0	313331044	89	10	122	11	0	0	0	-495	71	495	71	-495	71
6	990	0	313333048	79	9	129	11	0	0	0	-495	71	495	71	-495	71
6	990	0	313335044	92	10	135	12	0	0	0	-495	71	495	71	-495	71
6	990	0	313337048	97	10	141	11	0	0	0	-495	71	495	71	-495	71
6	990	0	313339052	98	11	168	14	0	0	0	-495	71	495	71	-495	71
6	990	0	313341048	102	12	154	12	0	0	0	-495	71	495	71	-495	71
6	990	0	313343048	106	11	161	14	0	0	0	-495	71	495	71	-495	71
6	990	0	313345048	107	11	166	12	0	0	0	-495	71	495	71	-495	71
6	990	0	313347036	113	13	174	15	0	0	0	-495	71	495	71	-495	71
6	990	0	313349036	117	13	207	18	0	0	0	-495	71	495	71	-495	71
6	990	0	313351032	120	15	189	16	0	0	0	-495	71	495	71	-495	71
6	990	0	313353028	127	15	195	16	0	0	0	-495	71	495	71	-495	71
6	990	0	313355028	130	18	203	19	0	0	0	-495	71	495	71	-495	71
6	990	0	313357024	117	16	238	21	0	0	0	-495	71	495	71	-495	71
6	990	0	313359020	140	19	217	20	0	0	0	-495	71	495	71	-495	71
6	990	0	313361020	145	21	222	22	0	0	0	-495	71	495	71	-495	71
6	990	0	313363016	150	21	229	22	0	0	0	-495	71	495	71	-495	71
6	990	0	313365016	155	24	235	24	0	0	0	-495	71	495	71	-495	71
6	990	0	313367012	160	25	276	29	0	0	0	-495	71	495	71	-495	71
6	990	0	313369008	165	26	250	26	0	0	0	-495	71	495	71	-495	71
6	990	0	313371008	170	27	255	27	0	0	0	-495	71	495	71	-495	71
6	990	0	313373016	175	27	260	29	0	0	0	-495	71	495	71	-495	71
6	990	0	313375012	179	28	305	33	0	0	0	-495	71	495	71	-495	71
6	990	0	313377012	182	28	271	30	0	0	0	-495	71	495	71	-495	71
6	990	0	313379008	187	28	275	30	0	0	0	-495	71	495	71	-495	71
6	990	0	313381008	166	24	280	30	0	0	0	-495	71	495	71	-495	71
6	990	0	313383004	191	26	283	28	0	0	0	-495	71	495	71	-495	71
6	990	0	313385000	193	26	327	34	0	0	0	-495	71	495	71	-495	71
6	990	0	313386992	195	25	290	29	0	0	0	-495	71	495	71	-495	71
6	990	0	313388988	196	24	290	27	0	0	0	-495	71	495	71	-495	71
6	990	0	313390988	196	22	294	28	0	0	0	-495	71	495	71	-495	71
6	990	0	313392984	196	23	294	27	0	0	0	-495	71	495	71	-495	71
6	990	0	313394984	197	20	336	29	0	0	0	-495	71	495	71	-495	71
6	990	0	313396980	196	20	295	25	0	0	0	-495	71	495	71	-495	71
6	990	0	313398980	194	19	294	24	0	0	0	-495	71	495	71	-495	71
6	990	0	313400980	193	16	292	22	0	0	0	-495	71	495	71	-495	71
6	990	0	313402976	192	16	333	25	0	0	0	-495	71	495	71	-495	71
6	990	0	313404972	190	15	287	20	0	0	0	-495	71	495	71	-495	71
6	990	0	313406968	163	13	284	20	0	0	0	-495	71	495	71	-495	71
6	990	0	313408968	185	13	281	19	0	0	0	-495	71	495	71	-495	71
6	990	0	313410964	183	13	278	18	0	0	0	-495	71	495	71	-495	71
6	990	0	313412972	179	12	311	18	0	0	0	-495	71	495	71	-495	71
6	990	0	313414984	175	12	268	17	0	0	0	-495	71	495	71	-495	71
6	990	0	313416980	172	11	261	15	0	0	0	-495	71	495	71	-495	71
6	990	0	313418980	169	9	256	13	0	0	0	-495	71	495	71	-495	71
6	990	0	313420984	164	10	285	15	0	0	0	-495	71	495	71	-495	71
6	990	0	313422984	160	7	243	13	0	0	0	-495	71	495	71	-495	71
6	990	0	313424976	156	8	236	12	0	0	0	-495	71	495	71	-495	71
6	990	0	313426972	151	7	229	12	0	0	0	-495	71	495	71	-495	71
6	990	0	313428968	146	5	221	10	0	0	0	-495	71	495	71	-495	71
6	990	0	313430972	142	6	244	11	0	0	0	-495	71	495	71	-495	71
6	990	0	313432980	120	4	206	9	0	0	0	-495	71	495	71	-495	71
6	990	0	313434980	132	4	197	7	0	0	0	-495	71	495	71	-495	71
6	990	0	313436980	128	4	192	8	0	0	0	-495	71	495	71	-495	71
6	990	0	313438980	122	3	208	7	0	0	0	-495	71	495	71	-495	71
6	990	0	313440980	118	2	175	6	0	0	0	-495	71	495	71	-495	71
6	990	0	313442980	112	2	169	5	0	0	0	-495	71	495	71	-495	71
6	990	0	313444980	106	1	160	4	0	0	0	-495	71	495	71	-495	71
6	990	0	313446980	102	0	154	4	0	0	0	-495	71	495	71	-495	71
6	990	0	313448980	96	0	166	4	0	0	0	-495	71	495	71	-495	71
6	990	0	313450972	91	0	138	2	0	0	0	-495	71	495	71	-495	71
6	990	0	313452976	85	0	132	3	0	0	0	-495	71	495	71	-495	71
6	990	0	313454980	81	0	124	1	0	0	0	-495	71	495	71	-495	71
6	990	0	313456952	74	-1	135	1	0	0	0	-495	71	495	71	-495	71
6	990	0	313458988	70	-3	110	0	0	0	0	-495	71	495	71	-495	71
6	990	0	313460988	58	-2	104	0	0	0	0	-495	71	495	71	-495	71
6	990	0	313462984	60	-4	97	0	0	0	0	-495	71	495	71	-495	71
6	990	0	313464980	55	-4	91	0	0	0	0	-495	71	495	71	-495	71
6	990	0	313466988	50	-4	98	-3	0	0	0	-495	71	495	71	-495	71
6	990	0	313468988	46	-5	79	-2	0	0	0	-495	71	495	71	-495	71
6	990	0	313470988	41	-5	73	-4	0	0	0	-495	71	495	71	-495	71
6	990	0	313472984	36	-5	68	-3	0	0	0	-495	71	495	71	-495	71
6	990	0	313474980	33	-5	70	-5	0	0	0	-495	71	495	71	-495	71
6	990	0	313476984	27	-6	57	-3	0	0	0	-495	71	495	71	-495	71
6	990	0	313478980	25	-5	52	-4	0	0	0	-495	71	495	71	-495	71
6	990	0	313480984	22	-5	45	-5	0	0	0	-495	71	495	71	-495	71
6	990	0	313482984	17	-5	41	-4	0	0	0	-495	71	495	71	-495	71
6	990	0	313484984	16	-5	41	-4	0	0	0	-495	71	495	71	-495	71
6	990	0	313486984	10	-4	31	-3	0	0	0	-495	71	495	71	-495	71
6	990	0	313488984	12	-5	27	-4	0	0	0	-495	71	495	71	-495	71
6	990	0	313490984	7	-3	23	-4	0	0	0	-495	71	495	71	-495	71
6	990	0	313492984	8	-3	23	-4	0	0	0	-495	71	495	71	-495	71
6	990	0	313494980	5	-4	16	-2	0	0	0	-495	71	495	71	-495	71
6	990	0	313496976	3	-2	14	-3	0	0	0	-495	71	495	71	-495	71
6	990	0	313498984	3	-3	11	-2	0	0	0	-495	71	495	71	-495	71
6	990	0	313500992	1	-1	10	-1	0	0	0	-495	71	495	71	-495	71
6	990	0	313502992	1	-1	8	-3	0	0	0	-495	71	495	71	-495	71
6	990	0	313504984	0	-1	5	0	0	0	0	-495	71	495	71	-495	71
6	990	0	313506984	0	0	3	-1	0	0	1	-495	71	495	71	-495	71
7	-950	-279	313522980	-2	0	0	0	0	0	1	495	71	-455	-208	495	71
7	-950	-279	313526956	-1	0	0	0	0	0	1	495	71	-455	-208	495	71
7	-950	-279	313528960	-1	0	0	0	0	0	1	495	71	-455	-208	495	71
7	-950	-279	313532964	-1	0	0	0	0	0	1	495	71	-455	-208	495	71
7	-950	-279	313536972	0	0	0	-2	0	0	1	495	71	-455	-208	495	71
7	-950	-279	313538976	-2	0	0	0	0	0	1	495	71	-455	-208	495	71
7	-950	-279	313542984	0	-1	0	0	0	0	1	495	71	-455	-208	495	71
7	-950	-279	313550980	-1	0	0	0	0	0	1	495	71	-455	-208	495	71
7	-950	-279	313552980	0	0	0	-1	0	0	1	495	71	-455	-208	495	71
7	-950	-279	313558976	0	-1	0	0	0	0	1	495	71	-455	-208	495	71
7	-950	-279	313568976	0	0	0	-1	0	0	1	495	71	-455	-208	495	71
7	-950	-279	313574976	0	-1	0	0	0	0	1	495	71	-455	-208	495	71
7	-950	-279	313584952	0	0	0	0	0	0	0	495	71	-455	-208	495	71
7	-950	-279	313586980	0	0	0	-1	0	0	0	495	71	-455	-208	495	71
7	-950	-279	313589012	-1	-2	0	0	0	0	0	495	71	-455	-208	495	71
7	-950	-279	313591016	-3	-1	-1	-2	0	0	0	495	71	-455	-208	495	71
7	-950	-279	313593020	-2	-1	-2	-1	0	0	0	495	71	-455	-208	495	71
7	-950	-279	313595024	-4	-3	-3	-1	0	0	0	495	71	-455	-208	495	71
7	-950	-279	313597028	-6	-3	-4	-4	0	0	0	495	71	-455	-208	495	71
7	-950	-279	313599020	-6	-4	-6	-4	0	0	0	495	71	-455	-208	495	71
7	-950	-279	313601020	-10	-5	-8	-5	0	0	0	495	71	-455	-208	495	71
7	-950	-279	313603024	-12	-8	-10	-6	0	0	0	495	71	-455	-208	495	71
7	-950	-279	313605020	-13	-7	-12	-9	0	0	0	495	71	-455	-208	495	71
7	-950	-279	313607020	-18	-11	-17	-8	0	0	0	495	71	-455	-208	495	71
7	-950	-279	313609020	-20	-12	-22	-13	0	0	0	495	71	-455	-208	495	71
7	-950	-279	313611016	-24	-13	-24	-12	0	0	0	495	71	-455	-208	495	71
7	-950	-279	313613016	-26	-17	-27	-15	0	0	0	495	71	-455	-208	495	71
7	-950	-279	313615008	-31	-18	-33	-17	0	0	0	495	71	-455	-208	495	71
7	-950	-279	313617008	-35	-20	-42	-20	0	0	0	495	71	-455	-208	495	71
7	-950	-279	313619004	-39	-23	-44	-21	0	0	0	495	71	-455	-208	495	71
7	-950	-279	313621000	-44	-25	-49	-22	0	0	0	495	71	-455	-208	495	71
7	-950	-279	313622996	-48	-27	-55	-25	0	0	0	495	71	-455	-208	495	71
7	-950	-279	313624992	-47	-27	-62	-28	0	0	0	495	71	-455	-208	495	71
7	-950	-279	313626988	-57	-32	-80	-35	0	0	0	495	71	-455	-208	495	71
7	-950	-279	313628992	-63	-35	-78	-34	0	0	0	495	71	-455	-208	495	71
7	-950	-279	313630988	-67	-38	-85	-36	0	0	0	495	71	-455	-208	495	71
7	-950	-279	313632996	-73	-40	-94	-39	0	0	0	495	71	-455	-208	495	71
7	-950	-279	313634992	-78	-41	-101	-40	0	0	0	495	71	-455	-208	495	71
7	-950	-279	313636992	-85	-45	-125	-50	0	0	0	495	71	-455	-208	495	71
7	-950	-279	313638992	-90	-46	-117	-45	0	0	0	495	71	-455	-208	495	71
7	-950	-279	313640992	-97	-49	-125	-47	0	0	0	495	71	-455	-208	495	71
7	-950	-279	313642984	-101	-51	-133	-49	0	0	0	495	71	-455	-208	495	71
7	-950	-279	313644996	-106	-53	-161	-59	0	0	0	495	71	-455	-208	495	71
7	-950	-279	313646992	-113	-55	-150	-52	0	0	0	495	71	-455	-208	495	71
7	-950	-279	313648988	-117	-56	-156	-55	0	0	0	495	71	-455	-208	495	71
7	-950	-279	313650988	-108	-50	-164	-58	0	0	0	495	71	-455	-208	495	71
7	-950	-279	313652984	-127	-60	-195	-67	0	0	0	495	71	-455	-208	495	71
7	-950	-279	313654980	-133	-61	-179	-60	0	0	0	495	71	-455	-208	495	71
7	-950	-279	313656980	-138	-63	-184	-63	0	0	0	495	71	-455	-208	495	71
7	-950	-279	313658976	-143	-65	-191	-65	0	0	0	495	71	-455	-208	495	71
7	-950	-279	313660972	-147	-65	-196	-65	0	0	0	495	71	-455	-208	495	71
7	-950	-279	313662968	-153	-66	-231	-76	0	0	0	495	71	-455	-208	495	71
7	-950	-279	313664968	-155	-67	-208	-67	0	0	0	495	71	-455	-208	495	71
7	-950	-279	313666964	-159	-68	-211	-69	0	0	0	495	71	-455	-208	495	71
7	-950	-279	313668972	-162	-70	-216	-70	0	0	0	495	71	-455	-208	495	71
7	-950	-279	313670980	-166	-70	-250	-81	0	0	0	495	71	-455	-208	495	71
7	-950	-279	313672976	-169	-72	-224	-73	0	0	0	495	71	-455	-208	495	71
7	-950	-279	313674976	-171	-73	-225	-72	0	0	0	495	71	-455	-208	495	71
7	-950	-279	313676972	-153	-64	-229	-74	0	0	0	495	71	-455	-208	495	71
7	-950	-279	313678972	-177	-75	-231	-74	0	0	0	495	71	-455	-208	495	71
7	-950	-279	313680968	-179	-75	-268	-86	0	0	0	495	71	-455	-208	495	71
7	-950	-279	313682964	-181	-76	-235	-76	0	0	0	495	71	-455	-208	495	71
7	-950	-279	313684956	-184	-76	-237	-78	0	0	0	495	71	-455	-208	495	71
7	-950	-279	313686952	-184	-76	-239	-76	0	0	0	495	71	-455	-208	495	71
7	-950	-279	313688952	-186	-78	-239	-78	0	0	0	495	71	-455	-208	495	71
7	-950	-279	313690948	-186	-76	-275	-87	0	0	0	495	71	-455	-208	495	71
7	-950	-279	313692944	-188	-78	-241	-78	0	0	0	495	71	-455	-208	495	71
7	-950	-279	313694944	-189	-76	-241	-77	0	0	0	495	71	-455	-208	495	71
7	-950	-279	313696940	-188	-77	-241	-76	0	0	0	495	71	-455	-208	495	71
7	-950	-279	313698936	-190	-77	-275	-88	0	0	0	495	71	-455	-208	495	71
7	-950	-279	313700936	-165	-66	-240	-76	0	0	0	495	71	-455	-208	495	71
7	-950	-279	313702932	-190	-76	-240	-75	0	0	0	495	71	-455	-208	495	71
7	-950	-279	313704928	-189	-75	-240	-75	0	0	0	495	71	-455	-208	495	71
7	-950	-279	313706928	-190	-74	-239	-75	0	0	0	495	71	-455	-208	495	71
7	-950	-279	313708924	-189	-72	-271	-84	0	0	0	495	71	-455	-208	495	71
7	-950	-279	313710932	-187	-73	-238	-72	0	0	0	495	71	-455	-208	495	71
7	-950	-279	313712932	-189	-71	-235	-74	0	0	0	495	71	-455	-208	495	71
7	-950	-279	313714928	-186	-71	-235	-71	0	0	0	495	71	-455	-208	495	71
7	-950	-279	313716928	-188	-69	-234	-72	0	0	0	495	71	-455	-208	495	71
7	-950	-279	313718928	-185	-69	-266	-81	0	0	0	495	71	-455	-208	495	71
7	-950	-279	313720924	-185	-67	-231	-69	0	0	0	495	71	-455	-208	495	71
7	-950	-279	313722920	-184	-67	-230	-68	0	0	0	495	71	-455	-208	495	71
7	-950	-279	313724912	-158	-57	-229	-69	0	0	0	495	71	-455	-208	495	71
7	-950	-279	313726912	-182	-64	-260	-76	0	0	0	495	71	-455	-208	495	71
7	-950	-279	313728908	-180	-62	-226	-68	0	0	0	495	71	-455	-208	495	71
7	-950	-279	313730904	-177	-63	-224	-65	0	0	0	495	71	-455	-208	495	71
7	-950	-279	313732904	-176	-60	-222	-64	0	0	0	495	71	-455	-208	495	71
7	-950	-279	313734904	-175	-60	-222	-63	0	0	0	495	71	-455	-208	495	71
7	-950	-279	313736904	-173	-57	-251	-72	0	0	0	495	71	-455	-208	495	71
7	-950	-279	313738900	-170	-58	-217	-61	0	0	0	495	71	-455	-208	495	71
7	-950	-279	313740900	-167	-56	-217	-60	0	0	0	495	71	-455	-208	495	71
7	-950	-279	313742900	-167	-55	-212	-60	0	0	0	495	71	-455	-208	495	71
7	-950	-279	313744896	-162	-54	-241	-66	0	0	0	495	71	-455	-208	495	71
7	-950	-279	313746896	-161	-54	-209	-58	0	0	0	495	71	-455	-208	495	71
7	-950	-279	313748892	-157	-51	-205	-55	0	0	0	495	71	-455	-208	495	71
7	-950	-279	313750892	-136	-45	-203	-55	0	0	0	495	71	-455	-208	495	71
7	-950	-279	313752900	-151	-50	-200	-53	0	0	0	495	71	-455	-208	495	71
7	-950	-279	313754900	-149	-49	-223	-62	0	0	0	495	71	-455	-208	495	71
7	-950	-279	313756900	-146	-48	-193	-51	0	0	0	495	71	-455	-208	495	71
7	-950	-279	313758896	-143	-48	-187	-51	0	0	0	495	71	-455	-208	495	71
7	-950	-279	313760892	-140	-46	-185	-50	0	0	0	495	71	-455	-208	495	71
7	-950	-279	313762888	-136	-46	-180	-49	0	0	0	495	71	-455	-208	495	71
7	-950	-279	313764884	-134	-45	-202	-55	0	0	0	495	71	-455	-208	495	71
7	-950	-279	313766872	-130	-44	-172	-47	0	0	0	495	71	-455	-208	495	71
7	-950	-279	313768868	-126	-44	-168	-47	0	0	0	495	71	-455	-208	495	71
7	-950	-279	313770864	-124	-42	-162	-45	0	0	0	495	71	-455	-208	495	71
7	-950	-279	313772860	-118	-42	-181	-50	0	0	0	495	71	-455	-208	495	71
7	-950	-279	313774856	-102	-36	-154	-43	0	0	0	495	71	-455	-208	495	71
7	-950	-279	313776856	-113	-40	-149	-42	0	0	0	495	71	-455	-208	495	71
7	-950	-279	313778852	-109	-39	-144	-42	0	0	0	495	71	-455	-208	495	71
7	-950	-279	313780848	-105	-38	-140	-40	0	0	0	495	71	-455	-208	495	71
7	-950	-279	313782856	-101	-38	-155	-45	0	0	0	495	71	-455	-208	495	71
7	-950	-279	313784848	-98	-36	-130	-38	0	0	0	495	71	-455	-208	495	71
7	-950	-279	313786848	-92	-35	-126	-36	0	0	0	495	71	-455	-208	495	71
7	-950	-279	313788852	-90	-34	-121	-36	0	0	0	495	71	-455	-208	495	71
7	-950	-279	313790852	-85	-31	-133	-39	0	0	0	495	71	-455	-208	495	71
7	-950	-279	313792856	-80	-31	-110	-32	0	0	0	495	71	-455	-208	495	71
7	-950	-279	313794856	-78	-29	-106	-32	0	0	0	495	71	-455	-208	495	71
7	-950	-279	313796860	-72	-29	-101	-28	0	0	0	495	71	-455	-208	495	71
7	-950	-279	313798860	-68	-26	-96	-29	0	0	0	495	71	-455	-208	495	71
7	-950	-279	313800856	-56	-21	-104	-30	0	0	0	495	71	-455	-208	495	71
7	-950	-279	313802856	-61	-24	-85	-24	0	0	0	495	71	-455	-208	495	71
7	-950	-279	313804856	-57	-21	-81	-24	0	0	0	495	71	-455	-208	495	71
7	-950	-279	313806844	-51	-22	-75	-22	0	0	0	495	71	-455	-208	495	71
7	-950	-279	313808840	-46	-17	-70	-20	0	0	0	495	71	-455	-208	495	71
7	-950	-279	313810836	-43	-18	-72	-21	0	0	1	495	71	-455	-208	495	71
8	833	535	313832820	-5	-4	-12	-4	0	0	1	-455	-208	378	327	-455	-208
8	833	535	313834824	-4	-2	-8	-4	0	0	1	-455	-208	378	327	-455	-208
8	833	535	313836820	-1	-2	-7	-2	0	0	1	-455	-208	378	327	-455	-208
8	833	535	313838816	-1	-1	-5	-3	0	0	1	-455	-208	378	327	-455	-208
8	833	535	313840812	0	-1	-2	-1	0	0	1	-455	-208	378	327	-455	-208
8	833	535	313842816	0	0	-1	-1	0	0	1	-455	-208	378	327	-455	-208
8	833	535	313844780	0	-1	0	0	0	0	1	-455	-208	378	327	-455	-208
8	833	535	313846772	0	0	0	-1	0	0	1	-455	-208	378	327	-455	-208
8	833	535	313852776	2	0	0	0	0	0	1	-455	-208	378	327	-455	-208
8	833	535	313854812	0	-2	1	0	0	0	1	-455	-208	378	327	-455	-208
8	833	535	313856780	1	0	0	0	0	0	1	-455	-208	378	327	-455	-208
8	833	535	313860800	1	0	2	-2	0	0	1	-455	-208	378	327	-455	-208
8	833	535	313864764	1	0	0	0	0	0	1	-455	-208	378	327	-455	-208
8	833	535	313866768	0	-1	0	0	0	0	1	-455	-208	378	327	-455	-208
8	833	535	313870768	0	0	1	0	0	0	1	-455	-208	378	327	-455	-208
8	833	535	313878776	2	0	0	0	0	0	1	-455	-208	378	327	-455	-208
8	833	535	313894760	0	0	0	0	0	0	0	-455	-208	378	327	-455	-208
8	833	535	313900820	0	1	-1	0	0	0	0	-455	-208	378	327	-455	-208
8	833	535	313908816	1	1	0	1	0	0	0	-455	-208	378	327	-455	-208
8	833	535	313912828	0	1	1	1	0	0	0	-455	-208	378	327	-455	-208
8	833	535	313914820	1	1	1	1	0	0	0	-455	-208	378	327	-455	-208
8	833	535	313916824	1	2	3	3	0	0	0	-455	-208	378	327	-455	-208
8	833	535	313918820	2	2	3	1	0	0	0	-455	-208	378	327	-455	-208
8	833	535	313920824	1	3	4	3	0	0	0	-455	-208	378	327	-455	-208
8	833	535	313922828	2	3	6	3	0	0	0	-455	-208	378	327	-455	-208
8	833	535	313924828	3	4	7	4	0	0	0	-455	-208	378	327	-455	-208
8	833	535	313926832	5	6	10	5	0	0	0	-455	-208	378	327	-455	-208
8	833	535	313928828	5	7	10	6	0	0	0	-455	-208	378	327	-455	-208
8	833	535	313930824	6	6	12	7	0	0	0	-455	-208	378	327	-455	-208
8	833	535	313932820	8	9	15	8	0	0	0	-455	-208	378	327	-455	-208
8	833	535	313934812	8	8	18	9	0	0	0	-455	-208	378	327	-455	-208
8	833	535	313936800	13	12	23	11	0	0	0	-455	-208	378	327	-455	-208
8	833	535	313938800	15	12	24	13	0	0	0	-455	-208	378	327	-455	-208
8	833	535	313940800	17	15	28	12	0	0	0	-455	-208	378	327	-455	-208
8	833	535	313942796	22	16	30	15	0	0	0	-455	-208	378	327	-455	-208
8	833	535	313944796	25	18	40	19	0	0	0	-455	-208	378	327	-455	-208
8	833	535	313946796	27	20	37	19	0	0	0	-455	-208	378	327	-455	-208
8	833	535	313948796	33	22	43	20	0	0	0	-455	-208	378	327	-455	-208
8	833	535	313950796	36	24	45	22	0	0	0	-455	-208	378	327	-455	-208
8	833	535	313952796	41	25	48	24	0	0	0	-455	-208	378	327	-455	-208
8	833	535	313954792	45	29	60	30	0	0	0	-455	-208	378	327	-455	-208
8	833	535	313956796	50	30	57	29	0	0	0	-455	-208	378	327	-455	-208
8	833	535	313958796	55	34	60	31	0	0	0	-455	-208	378	327	-455	-208
8	833	535	313960792	54	31	63	34	0	0	0	-455	-208	378	327	-455	-208
8	833	535	313962804	66	39	79	42	0	0	0	-455	-208	378	327	-455	-208
8	833	535	313964800	73	43	74	40	0	0	0	-455	-208	378	327	-455	-208
8	833	535	313966800	80	48	77	45	0	0	0	-455	-208	378	327	-455	-208
8	833	535	313968796	88	51	82	49	0	0	0	-455	-208	378	327	-455	-208
8	833	535	313970796	95	56	86	53	0	0	0	-455	-208	378	327	-455	-208
8	833	535	313972796	103	62	104	65	0	0	0	-455	-208	378	327	-455	-208
8	833	535	313974796	111	66	95	62	0	0	0	-455	-208	378	327	-455	-208
8	833	535	313976792	119	71	100	66	0	0	0	-455	-208	378	327	-455	-208
8	833	535	313978792	126	76	103	72	0	0	0	-455	-208	378	327	-455	-208
8	833	535	313980792	134	82	125	87	0	0	0	-455	-208	378	327	-455	-208
8	833	535	313982792	141	87	115	81	0	0	0	-455	-208	378	327	-455	-208
8	833	535	313984796	149	91	120	87	0	0	0	-455	-208	378	327	-455	-208
8	833	535	313986796	156	98	125	90	0	0	0	-455	-208	378	327	-455	-208
8	833	535	313988796	143	89	150	108	0	0	0	-455	-208	378	327	-455	-208
8	833	535	313990792	168	105	138	100	0	0	0	-455	-208	378	327	-455	-208
8	833	535	313992792	175	108	142	104	0	0	0	-455	-208	378	327	-455	-208
8	833	535	313994792	180	113	149	108	0	0	0	-455	-208	378	327	-455	-208
8	833	535	313996792	185	116	154	110	0	0	0	-455	-208	378	327	-455	-208
8	833	535	313998792	188	118	182	130	0	0	0	-455	-208	378	327	-455	-208
8	833	535	314000792	191	120	167	116	0	0	0	-455	-208	378	327	-455	-208
8	833	535	314002792	194	121	171	117	0	0	0	-455	-208	378	327	-455	-208
8	833	535	314004792	195	122	176	120	0	0	0	-455	-208	378	327	-455	-208
8	833	535	314006792	197	124	208	139	0	0	0	-455	-208	378	327	-455	-208
8	833	535	314008792	199	124	187	123	0	0	0	-455	-208	378	327	-455	-208
8	833	535	314010792	200	124	191	122	0	0	0	-455	-208	378	327	-455	-208
8	833	535	314012792	201	125	198	124	0	0	0	-455	-208	378	327	-455	-208
8	833	535	314014792	178	108	201	122	0	0	0	-455	-208	378	327	-455	-208
8	833	535	314016796	202	125	235	142	0	0	0	-455	-208	378	327	-455	-208
8	833	535	314018788	204	125	211	125	0	0	0	-455	-208	378	327	-455	-208
8	833	535	314020788	204	124	214	123	0	0	0	-455	-208	378	327	-455	-208
8	833	535	314022788	204	125	219	124	0	0	0	-455	-208	378	327	-455	-208
8	833	535	314024788	205	124	222	124	0	0	0	-455	-208	378	327	-455	-208
8	833	535	314026792	205	124	258	141	0	0	0	-455	-208	378	327	-455	-208
8	833	535	314028792	206	123	229	124	0	0	0	-455	-208	378	327	-455	-208
8	833	535	314030792	205	124	232	122	0	0	0	-455	-208	378	327	-455	-208
8	833	535	314032792	205	124	234	124	0	0	0	-455	-208	378	327	-455	-208
8	833	535	314034796	205	122	270	140	0	0	0	-455	-208	378	327	-455	-208
8	833	535	314036796	205	124	239	124	0	0	0	-455	-208	378	327	-455	-208
8	833	535	314038800	202	123	240	122	0	0	0	-455	-208	378	327	-455	-208
8	833	535	314040800	203	122	240	122	0	0	0	-455	-208	378	327	-455	-208
8	833	535	314042796	176	106	276	140	0	0	0	-455	-208	378	327	-455	-208
8	833	535	314044800	199	122	242	121	0	0	0	-455	-208	378	327	-455	-208
8	833	535	314046816	199	121	242	120	0	0	0	-455	-208	378	327	-455	-208
8	833	535	314048812	195	120	241	120	0	0	0	-455	-208	378	327	-455	-208
8	833	535	314050812	193	120	240	120	0	0	0	-455	-208	378	327	-455	-208
8	833	535	314052812	193	119	274	136	0	0	0	-455	-208	378	327	-455	-208
8	833	535	314054812	189	117	236	118	0	0	0	-455	-208	378	327	-455	-208
8	833	535	314056812	186	116	235	116	0	0	0	-455	-208	378	327	-455	-208
8	833	535	314058812	182	115	231	115	0	0	0	-455	-208	378	327	-455	-208
8	833	535	314060816	180	114	261	130	0	0	0	-455	-208	378	327	-455	-208
8	833	535	314062804	177	111	225	112	0	0	0	-455	-208	378	327	-455	-208
8	833	535	314064800	172	110	222	110	0	0	0	-455	-208	378	327	-455	-208
8	833	535	314066800	169	109	217	109	0	0	0	-455	-208	378	327	-455	-208
8	833	535	314068800	164	105	213	108	0	0	0	-455	-208	378	327	-455	-208
8	833	535	314070800	140	91	237	118	0	0	0	-455	-208	378	327	-455	-208
8	833	535	314072796	156	100	201	102	0	0	0	-455	-208	378	327	-455	-208
8	833	535	314074796	152	99	198	100	0	0	0	-455	-208	378	327	-455	-208
8	833	535	314076792	147	95	191	96	0	0	0	-455	-208	378	327	-455	-208
8	833	535	314078796	142	93	211	107	0	0	0	-455	-208	378	327	-455	-208
8	833	535	314080792	136	88	179	92	0	0	0	-455	-208	378	327	-455	-208
8	833	535	314082792	132	87	173	87	0	0	0	-455	-208	378	327	-455	-208
8	833	535	314084792	126	81	167	84	0	0	0	-455	-208	378	327	-455	-208
8	833	535	314086792	120	79	160	80	0	0	0	-455	-208	378	327	-455	-208
8	833	535	314088792	115	75	176	89	0	0	0	-455	-208	378	327	-455	-208
8	833	535	314090792	109	71	147	73	0	0	0	-455	-208	378	327	-455	-208
8	833	535	314092792	102	66	141	69	0	0	0	-455	-208	378	327	-455	-208
8	833	535	314094788	98	63	135	66	0	0	0	-455	-208	378	327	-455	-208
8	833	535	314096796	80	51	147	70	0	0	0	-455	-208	378	327	-455	-208
8	833	535	314098800	86	56	122	58	0	0	0	-455	-208	378	327	-455	-208
8	833	535	314100804	80	51	115	54	0	0	0	-455	-208	378	327	-455	-208
8	833	535	314102812	75	47	107	50	0	0	0	-455	-208	378	327	-455	-208
8	833	535	314104812	69	42	115	51	0	0	0	-455	-208	378	327	-455	-208
8	833	535	314106800	62	39	94	41	0	0	0	-455	-208	378	327	-455	-208
8	833	535	314108800	56	35	85	38	0	0	0	-455	-208	378	327	-455	-208
8	833	535	314110796	50	31	79	33	0	0	0	-455	-208	378	327	-455	-208
8	833	535	314112800	45	28	72	30	0	0	0	-455	-208	378	327	-455	-208
8	833	535	314114796	39	22	74	30	0	0	0	-455	-208	378	327	-455	-208
8	833	535	314116796	34	20	57	23	0	0	0	-455	-208	378	327	-455	-208
8	833	535	314118800	29	18	50	20	0	0	0	-455	-208	378	327	-455	-208
8	833	535	314120800	25	15	45	16	0	0	0	-455	-208	378	327	-455	-208
8	833	535	314122796	20	11	45	16	0	0	0	-455	-208	378	327	-455	-208
8	833	535	314124796	13	9	33	13	0	0	0	-455	-208	378	327	-455	-208
8	833	535	314126792	13	8	29	10	0	0	0	-455	-208	378	327	-455	-208
8	833	535	314128788	7	7	22	7	0	0	0	-455	-208	378	327	-455	-208
8	833	535	314130788	5	3	19	8	0	0	0	-455	-208	378	327	-455	-208
8	833	535	314132796	0	4	16	5	0	0	0	-455	-208	378	327	-455	-208
8	833	535	314134792	0	3	10	4	0	0	0	-455	-208	378	327	-455	-208
8	833	535	314136792	-6	1	8	2	0	0	0	-455	-208	378	327	-455	-208
8	833	535	314138792	-9	1	3	3	0	0	0	-455	-208	378	327	-455	-208
8	833	535	314140768	-10	0	3	0	0	0	1	-455	-208	378	327	-455	-208
9	-648	-748	314168796	-29	-4	-8	-5	0	0	1	378	327	-270	-421	378	327
9	-648	-748	314170776	-30	-6	-8	-5	0	0	1	378	327	-270	-421	378	327
9	-648	-748	314172768	-30	-6	-8	-5	0	0	1	378	327	-270	-421	378	327
9	-648	-748	314174776	-26	-5	-9	-6	0	0	1	378	327	-270	-421	378	327
9	-648	-748	314176780	-30	-8	-8	-8	0	0	1	378	327	-270	-421	378	327
9	-648	-748	314178776	-30	-7	-10	-7	0	0	1	378	327	-270	-421	378	327
9	-648	-748	314180776	-30	-8	-9	-8	0	0	1	378	327	-270	-421	378	327
9	-648	-748	314182772	-31	-9	-9	-7	0	0	1	378	327	-270	-421	378	327
9	-648	-748	314184776	-32	-8	-10	-9	0	0	1	378	327	-270	-421	378	327
9	-648	-748	314186776	-31	-10	-11	-10	0	0	1	378	327	-270	-421	378	327
9	-648	-748	314188772	-31	-10	-11	-10	0	0	1	378	327	-270	-421	378	327
9	-648	-748	314190772	-31	-10	-10	-10	0	0	1	378	327	-270	-421	378	327
9	-648	-748	314192768	-32	-10	-12	-10	0	0	1	378	327	-270	-421	378	327
9	-648	-748	314194768	-31	-12	-10	-11	0	0	1	378	327	-270	-421	378	327
9	-648	-748	314196768	-30	-12	-12	-14	0	0	1	378	327	-270	-421	378	327
9	-648	-748	314198768	-30	-13	-11	-11	0	0	1	378	327	-270	-421	378	327
9	-648	-748	314200768	-26	-11	-13	-13	0	0	1	378	327	-270	-421	378	327
9	-648	-748	314202764	-30	-12	-12	-13	0	0	1	378	327	-270	-421	378	327
9	-648	-748	314204768	-29	-15	-15	-15	0	0	0	378	327	-270	-421	378	327
9	-648	-748	314206764	-29	-15	-13	-15	0	0	0	378	327	-270	-421	378	327
9	-648	-748	314208764	-28	-15	-14	-15	0	0	0	378	327	-270	-421	378	327
9	-648	-748	314210764	-29	-18	-15	-17	0	0	0	378	327	-270	-421	378	327
9	-648	-748	314212760	-29	-19	-15	-17	0	0	0	378	327	-270	-421	378	327
9	-648	-748	314214760	-30	-20	-18	-23	0	0	0	378	327	-270	-421	378	327
9	-648	-748	314216768	-30	-21	-19	-20	0	0	0	378	327	-270	-421	378	327
9	-648	-748	314218768	-31	-24	-19	-22	0	0	0	378	327	-270	-421	378	327
9	-648	-748	314220768	-33	-25	-20	-24	0	0	0	378	327	-270	-421	378	327
9	-648	-748	314222764	-32	-27	-26	-29	0	0	0	378	327	-270	-421	378	327
9	-648	-748	314224764	-35	-30	-24	-28	0	0	0	378	327	-270	-421	378	327
9	-648	-748	314226764	-33	-29	-26	-30	0	0	0	378	327	-270	-421	378	327
9	-648	-748	314228760	-40	-35	-29	-34	0	0	0	378	327	-270	-421	378	327
9	-648	-748	314230752	-41	-37	-31	-35	0	0	0	378	327	-270	-421	378	327
9	-648	-748	314232752	-44	-42	-39	-44	0	0	0	378	327	-270	-421	378	327
9	-648	-748	314234748	-47	-43	-36	-42	0	0	0	378	327	-270	-421	378	327
9	-648	-748	314236748	-50	-48	-40	-45	0	0	0	378	327	-270	-421	378	327
9	-648	-748	314238748	-54	-51	-43	-48	0	0	0	378	327	-270	-421	378	327
9	-648	-748	314240748	-59	-55	-53	-59	0	0	0	378	327	-270	-421	378	327
9	-648	-748	314242748	-62	-59	-50	-56	0	0	0	378	327	-270	-421	378	327
9	-648	-748	314244744	-66	-62	-54	-59	0	0	0	378	327	-270	-421	378	327
9	-648	-748	314246744	-72	-68	-58	-63	0	0	0	378	327	-270	-421	378	327
9	-648	-748	314248740	-77	-72	-62	-68	0	0	0	378	327	-270	-421	378	327
9	-648	-748	314250736	-81	-77	-76	-82	0	0	0	378	327	-270	-421	378	327
9	-648	-748	314252736	-77	-71	-73	-78	0	0	0	378	327	-270	-421	378	327
9	-648	-748	314254732	-91	-86	-77	-81	0	0	0	378	327	-270	-421	378	327
9	-648	-748	314256744	-99	-90	-83	-85	0	0	0	378	327	-270	-421	378	327
9	-648	-748	314258748	-103	-96	-101	-104	0	0	0	378	327	-270	-421	378	327
9	-648	-748	314260752	-112	-100	-94	-96	0	0	0	378	327	-270	-421	378	327
9	-648	-748	314262748	-116	-107	-100	-100	0	0	0	378	327	-270	-421	378	327
9	-648	-748	314264744	-122	-111	-104	-105	0	0	0	378	327	-270	-421	378	327
9	-648	-748	314266748	-129	-115	-110	-109	0	0	0	378	327	-270	-421	378	327
9	-648	-748	314268744	-135	-120	-131	-130	0	0	0	378	327	-270	-421	378	327
9	-648	-748	314270744	-140	-125	-119	-119	0	0	0	378	327	-270	-421	378	327
9	-648	-748	314272736	-145	-130	-125	-123	0	0	0	378	327	-270	-421	378	327
9	-648	-748	314274732	-150	-135	-128	-128	0	0	0	378	327	-270	-421	378	327
9	-648	-748	314276732	-155	-139	-152	-150	0	0	0	378	327	-270	-421	378	327
9	-648	-748	314278732	-139	-123	-137	-136	0	0	0	378	327	-270	-421	378	327
9	-648	-748	314280728	-164	-147	-141	-139	0	0	0	378	327	-270	-421	378	327
9	-648	-748	314282728	-167	-150	-147	-142	0	0	0	378	327	-270	-421	378	327
9	-648	-748	314284728	-171	-151	-148	-147	0	0	0	378	327	-270	-421	378	327
9	-648	-748	314286732	-174	-155	-173	-170	0	0	0	378	327	-270	-421	378	327
9	-648	-748	314288728	-176	-156	-155	-151	0	0	0	378	327	-270	-421	378	327
9	-648	-748	314290728	-179	-160	-156	-154	0	0	0	378	327	-270	-421	378	327
9	-648	-748	314292728	-181	-161	-158	-156	0	0	0	378	327	-270	-421	378	327
9	-648	-748	314294728	-183	-163	-183	-180	0	0	0	378	327	-270	-421	378	327
9	-648	-748	314296728	-182	-165	-162	-159	0	0	0	378	327	-270	-421	378	327
9	-648	-748	314298728	-184	-165	-163	-161	0	0	0	378	327	-270	-421	378	327
9	-648	-748	314300736	-185	-167	-164	-161	0	0	0	378	327	-270	-421	378	327
9	-648	-748	314302736	-185	-168	-166	-164	0	0	0	378	327	-270	-421	378	327
9	-648	-748	314304732	-163	-146	-193	-186	0	0	0	378	327	-270	-421	378	327
9	-648	-748	314306732	-186	-169	-170	-164	0	0	0	378	327	-270	-421	378	327
9	-648	-748	314308732	-185	-170	-170	-165	0	0	0	378	327	-270	-421	378	327
9	-648	-748	314310732	-185	-169	-172	-164	0	0	0	378	327	-270	-421	378	327
9	-648	-748	314312732	-185	-168	-197	-188	0	0	0	378	327	-270	-421	378	327
9	-648	-748	314314724	-182	-168	-173	-165	0	0	0	378	327	-270	-421	378	327
9	-648	-748	314316724	-184	-167	-174	-164	0	0	0	378	327	-270	-421	378	327
9	-648	-748	314318724	-181	-168	-174	-164	0	0	0	378	327	-270	-421	378	327
9	-648	-748	314320724	-180	-167	-174	-162	0	0	0	378	327	-270	-421	378	327
9	-648	-748	314322724	-179	-165	-200	-185	0	0	0	378	327	-270	-421	378	327
9	-648	-748	314324724	-178	-164	-173	-162	0	0	0	378	327	-270	-421	378	327
9	-648	-748	314326720	-175	-164	-174	-160	0	0	0	378	327	-270	-421	378	327
9	-648	-748	314328720	-173	-161	-174	-157	0	0	0	378	327	-270	-421	378	327
9	-648	-748	314330720	-150	-139	-199	-179	0	0	0	378	327	-270	-421	378	327
9	-648	-748	314332720	-169	-159	-172	-155	0	0	0	378	327	-270	-421	378	327
9	-648	-748	314334720	-166	-155	-171	-154	0	0	0	378	327	-270	-421	378	327
9	-648	-748	314336720	-164	-153	-170	-151	0	0	0	378	327	-270	-421	378	327
9	-648	-748	314338720	-161	-150	-169	-150	0	0	0	378	327	-270	-421	378	327
9	-648	-748	314340720	-157	-149	-191	-167	0	0	0	378	327	-270	-421	378	327
9	-648	-748	314342720	-155	-145	-165	-145	0	0	0	378	327	-270	-421	378	327
9	-648	-748	314344720	-150	-143	-164	-143	0	0	0	378	327	-270	-421	378	327
9	-648	-748	314346720	-146	-140	-163	-139	0	0	0	378	327	-270	-421	378	327
9	-648	-748	314348720	-144	-137	-181	-156	0	0	0	378	327	-270	-421	378	327
9	-648	-748	314350720	-137	-134	-157	-135	0	0	0	378	327	-270	-421	378	327
9	-648	-748	314352724	-135	-130	-154	-131	0	0	0	378	327	-270	-421	378	327
9	-648	-748	314354724	-131	-129	-151	-129	0	0	0	378	327	-270	-421	378	327
9	-648	-748	314356716	-127	-125	-149	-125	0	0	0	378	327	-270	-421	378	327
9	-648	-748	314358712	-106	-106	-165	-140	0	0	0	378	327	-270	-421	378	327
9	-648	-748	314360712	-119	-119	-141	-120	0	0	0	378	327	-270	-421	378	327
9	-648	-748	314362708	-113	-115	-138	-116	0	0	0	378	327	-270	-421	378	327
9	-648	-748	314364708	-110	-112	-135	-114	0	0	0	378	327	-270	-421	378	327
9	-648	-748	314366704	-104	-110	-149	-125	0	0	0	378	327	-270	-421	378	327
9	-648	-748	314368700	-101	-106	-125	-107	0	0	0	378	327	-270	-421	378	327
9	-648	-748	314370704	-95	-103	-122	-104	0	0	0	378	327	-270	-421	378	327
9	-648	-748	314372708	-93	-100	-118	-100	0	0	0	378	327	-270	-421	378	327
9	-648	-748	314374708	-87	-96	-112	-98	0	0	0	378	327	-270	-421	378	327
9	-648	-748	314376708	-83	-93	-124	-107	0	0	0	378	327	-270	-421	378	327
9	-648	-748	314378704	-79	-90	-104	-91	0	0	0	378	327	-270	-421	378	327
9	-648	-748	314380704	-73	-86	-97	-88	0	0	0	378	327	-270	-421	378	327
9	-648	-748	314382700	-70	-84	-94	-84	0	0	0	378	327	-270	-421	378	327
9	-648	-748	314384712	-58	-70	-100	-92	0	0	0	378	327	-270	-421	378	327
9	-648	-748	314386712	-61	-76	-84	-78	0	0	0	378	327	-270	-421	378	327
9	-648	-748	314388708	-59	-74	-77	-75	0	0	0	378	327	-270	-421	378	327
9	-648	-748	314390704	-54	-70	-73	-71	0	0	0	378	327	-270	-421	378	327
9	-648	-748	314392704	-48	-66	-67	-67	0	0	0	378	327	-270	-421	378	327
9	-648	-748	314394700	-47	-64	-73	-73	0	0	0	378	327	-270	-421	378	327
9	-648	-748	314396700	-41	-58	-56	-60	0	0	0	378	327	-270	-421	378	327
9	-648	-748	314398692	-39	-57	-52	-57	0	0	0	378	327	-270	-421	378	327
9	-648	-748	314400692	-35	-52	-49	-54	0	0	0	378	327	-270	-421	378	327
9	-648	-748	314402688	-31	-48	-49	-56	0	0	0	378	327	-270	-421	378	327
9	-648	-748	314404684	-29	-45	-39	-47	0	0	0	378	327	-270	-421	378	327
9	-648	-748	314406680	-25	-41	-33	-42	0	0	0	378	327	-270	-421	378	327
9	-648	-748	314408676	-20	-34	-32	-40	0	0	0	378	327	-270	-421	378	327
9	-648	-748	314410672	-20	-33	-26	-36	0	0	0	378	327	-270	-421	378	327
9	-648	-748	314412668	-17	-32	-26	-37	0	0	0	378	327	-270	-421	378	327
9	-648	-748	314414664	-15	-26	-19	-28	0	0	0	378	327	-270	-421	378	327
9	-648	-748	314416664	-13	-24	-17	-27	0	0	0	378	327	-270	-421	378	327
9	-648	-748	314418660	-11	-21	-14	-22	0	0	0	378	327	-270	-421	378	327
9	-648	-748	314420656	-9	-17	-11	-19	0	0	0	378	327	-270	-421	378	327
9	-648	-748	314422660	-7	-14	-12	-20	0	0	0	378	327	-270	-421	378	327
9	-648	-748	314424664	-6	-13	-7	-14	0	0	0	378	327	-270	-421	378	327
9	-648	-748	314426660	-5	-10	-6	-11	0	0	0	378	327	-270	-421	378	327
9	-648	-748	314428660	-4	-7	-5	-10	0	0	0	378	327	-270	-421	378	327
9	-648	-748	314430656	-3	-6	-4	-7	0	0	0	378	327	-270	-421	378	327
9	-648	-748	314432656	-2	-5	-3	-8	0	0	0	378	327	-270	-421	378	327
9	-648	-748	314434656	-1	-4	-2	-5	0	0	0	378	327	-270	-421	378	327
9	-648	-748	314436660	-2	-3	-1	-4	0	0	0	378	327	-270	-421	378	327
9	-648	-748	314438628	0	-1	0	-2	0	0	1	378	327	-270	-421	378	327
10	411	901	314462736	0	0	1	0	0	0	1	-270	-421	141	480	-270	-421
10	411	901	314472740	0	0	0	-1	0	0	1	-270	-421	141	480	-270	-421
10	411	901	314480736	0	0	1	0	0	0	1	-270	-421	141	480	-270	-421
10	411	901	314520712	0	0	0	0	0	0	0	-270	-421	141	480	-270	-421
10	411	901	314528736	1	0	0	0	0	0	0	-270	-421	141	480	-270	-421
10	411	901	314532740	0	1	0	0	0	0	0	-270	-421	141	480	-270	-421
10	411	901	314534736	0	0	0	2	0	0	0	-270	-421	141	480	-270	-421
10	411	901	314536760	1	2	0	1	0	0	0	-270	-421	141	480	-270	-421
10	411	901	314538760	0	2	2	2	0	0	0	-270	-421	141	480	-270	-421
10	411	901	314540764	1	3	2	3	0	0	0	-270	-421	141	480	-270	-421
10	411	901	314542764	2	3	3	2	0	0	0	-270	-421	141	480	-270	-421
10	411	901	314544764	2	5	5	5	0	0	0	-270	-421	141	480	-270	-421
10	411	901	314546764	3	5	5	7	0	0	0	-270	-421	141	480	-270	-421
10	411	901	314548764	2	8	6	6	0	0	0	-270	-421	141	480	-270	-421
10	411	901	314550768	4	9	7	7	0	0	0	-270	-421	141	480	-270	-421
10	411	901	314552768	4	10	10	12	0	0	0	-270	-421	141	480	-270	-421
10	411	901	314554772	6	11	12	11	0	0	0	-270	-421	141	480	-270	-421
10	411	901	314556768	6	15	11	12	0	0	0	-270	-421	141	480	-270	-421
10	411	901	314558772	8	16	14	15	0	0	0	-270	-421	141	480	-270	-421
10	411	901	314560764	10	19	15	18	0	0	0	-270	-421	141	480	-270	-421
10	411	901	314562772	11	22	20	22	0	0	0	-270	-421	141	480	-270	-421
10	411	901	314564768	14	24	20	23	0	0	0	-270	-421	141	480	-270	-421
10	411	901	314566764	15	29	21	25	0	0	0	-270	-421	141	480	-270	-421
10	411	901	314568768	18	30	24	29	0	0	0	-270	-421	141	480	-270	-421
10	411	901	314570764	20	34	30	35	0	0	0	-270	-421	141	480	-270	-421
10	411	901	314572756	24	37	27	33	0	0	0	-270	-421	141	480	-270	-421
10	411	901	314574752	26	40	31	38	0	0	0	-270	-421	141	480	-270	-421
10	411	901	314576756	30	44	33	40	0	0	0	-270	-421	141	480	-270	-421
10	411	901	314578756	34	46	35	44	0	0	0	-270	-421	141	480	-270	-421
10	411	901	314580760	33	44	44	52	0	0	0	-270	-421	141	480	-270	-421
10	411	901	314582752	40	52	41	50	0	0	0	-270	-421	141	480	-270	-421
10	411	901	314584756	45	58	42	53	0	0	0	-270	-421	141	480	-270	-421
10	411	901	314586760	51	60	47	56	0	0	0	-270	-421	141	480	-270	-421
10	411	901	314588760	56	65	56	70	0	0	0	-270	-421	141	480	-270	-421
10	411	901	314590764	63	70	52	65	0	0	0	-270	-421	141	480	-270	-421
10	411	901	314592768	70	74	55	70	0	0	0	-270	-421	141	480	-270	-421
10	411	901	314594760	76	78	58	74	0	0	0	-270	-421	141	480	-270	-421
10	411	901	314596764	82	84	71	88	0	0	0	-270	-421	141	480	-270	-421
10	411	901	314598768	90	89	64	84	0	0	0	-270	-421	141	480	-270	-421
10	411	901	314600768	97	95	69	89	0	0	0	-270	-421	141	480	-270	-421
10	411	901	314602772	103	99	70	92	0	0	0	-270	-421	141	480	-270	-421
10	411	901	314604768	109	103	75	98	0	0	0	-270	-421	141	480	-270	-421
10	411	901	314606768	101	97	88	117	0	0	0	-270	-421	141	480	-270	-421
10	411	901	314608772	123	113	82	108	0	0	0	-270	-421	141	480	-270	-421
10	411	901	314610768	127	120	85	112	0	0	0	-270	-421	141	480	-270	-421
10	411	901	314612764	134	125	87	117	0	0	0	-270	-421	141	480	-270	-421
10	411	901	314614760	140	130	106	140	0	0	0	-270	-421	141	480	-270	-421
10	411	901	314616764	145	134	97	127	0	0	0	-270	-421	141	480	-270	-421
10	411	901	314618760	149	140	98	131	0	0	0	-270	-421	141	480	-270	-421
10	411	901	314620764	152	144	104	137	0	0	0	-270	-421	141	480	-270	-421
10	411	901	314622760	157	147	108	140	0	0	0	-270	-421	141	480	-270	-421
10	411	901	314624752	157	150	126	163	0	0	0	-270	-421	141	480	-270	-421
10	411	901	314626760	160	155	114	148	0	0	0	-270	-421	141	480	-270	-421
10	411	901	314628764	163	158	116	151	0	0	0	-270	-421	141	480	-270	-421
10	411	901	314630756	163	161	121	154	0	0	0	-270	-421	141	480	-270	-421
10	411	901	314632764	145	143	141	179	0	0	0	-270	-421	141	480	-270	-421
10	411	901	314634760	165	165	127	158	0	0	0	-270	-421	141	480	-270	-421
10	411	901	314636764	168	166	128	162	0	0	0	-270	-421	141	480	-270	-421
10	411	901	314638760	167	170	132	163	0	0	0	-270	-421	141	480	-270	-421
10	411	901	314640760	169	170	133	165	0	0	0	-270	-421	141	480	-270	-421
10	411	901	314642768	169	172	155	192	0	0	0	-270	-421	141	480	-270	-421
10	411	901	314644760	169	175	137	168	0	0	0	-270	-421	141	480	-270	-421
10	411	901	314646756	168	177	136	170	0	0	0	-270	-421	141	480	-270	-421
10	411	901	314648764	169	177	139	172	0	0	0	-270	-421	141	480	-270	-421
10	411	901	314650756	169	179	156	198	0	0	0	-270	-421	141	480	-270	-421
10	411	901	314652752	169	181	137	175	0	0	0	-270	-421	141	480	-270	-421
10	411	901	314654748	168	181	138	177	0	0	0	-270	-421	141	480	-270	-421
10	411	901	314656744	147	162	136	178	0	0	0	-270	-421	141	480	-270	-421
10	411	901	314658748	167	185	135	179	0	0	0	-270	-421	141	480	-270	-421
10	411	901	314660756	168	186	154	206	0	0	0	-270	-421	141	480	-270	-421
10	411	901	314662748	166	187	132	182	0	0	0	-270	-421	141	480	-270	-421
10	411	901	314664752	165	189	130	182	0	0	0	-270	-421	141	480	-270	-421
10	411	901	314666760	164	189	129	183	0	0	0	-270	-421	141	480	-270	-421
10	411	901	314668752	162	190	145	208	0	0	0	-270	-421	141	480	-270	-421
10	411	901	314670748	160	191	124	184	0	0	0	-270	-421	141	480	-270	-421
10	411	901	314672756	160	190	122	183	0	0	0	-270	-421	141	480	-270	-421
10	411	901	314674752	156	191	120	183	0	0	0	-270	-421	141	480	-270	-421
10	411	901	314676748	155	190	118	184	0	0	0	-270	-421	141	480	-270	-421
10	411	901	314678744	152	189	132	209	0	0	0	-270	-421	141	480	-270	-421
10	411	901	314680740	147	189	113	181	0	0	0	-270	-421	141	480	-270	-421
10	411	901	314682744	145	186	111	180	0	0	0	-270	-421	141	480	-270	-421
10	411	901	314684748	124	161	109	180	0	0	0	-270	-421	141	480	-270	-421
10	411	901	314686744	139	183	122	203	0	0	0	-270	-421	141	480	-270	-421
10	411	901	314688748	132	180	104	175	0	0	0	-270	-421	141	480	-270	-421
10	411	901	314690748	129	177	101	173	0	0	0	-270	-421	141	480	-270	-421
10	411	901	314692752	124	174	100	170	0	0	0	-270	-421	141	480	-270	-421
10	411	901	314694756	120	171	97	169	0	0	0	-270	-421	141	480	-270	-421
10	411	901	314696752	115	168	108	188	0	0	0	-270	-421	141	480	-270	-421
10	411	901	314698756	110	165	92	162	0	0	0	-270	-421	141	480	-270	-421
10	411	901	314700752	106	160	90	159	0	0	0	-270	-421	141	480	-270	-421
10	411	901	314702748	100	157	86	155	0	0	0	-270	-421	141	480	-270	-421
10	411	901	314704748	96	154	96	175	0	0	0	-270	-421	141	480	-270	-421
10	411	901	314706744	91	150	81	149	0	0	0	-270	-421	141	480	-270	-421
10	411	901	314708748	87	148	78	145	0	0	0	-270	-421	141	480	-270	-421
10	411	901	314710744	72	125	75	142	0	0	0	-270	-421	141	480	-270	-421
10	411	901	314712748	79	140	72	140	0	0	0	-270	-421	141	480	-270	-421
10	411	901	314714744	74	136	80	155	0	0	0	-270	-421	141	480	-270	-421
10	411	901	314716740	68	134	65	131	0	0	0	-270	-421	141	480	-270	-421
10	411	901	314718732	65	128	64	129	0	0	0	-270	-421	141	480	-270	-421
10	411	901	314720736	62	127	60	125	0	0	0	-270	-421	141	480	-270	-421
10	411	901	314722744	56	122	65	139	0	0	0	-270	-421	141	480	-270	-421
10	411	901	314724736	52	119	53	117	0	0	0	-270	-421	141	480	-270	-421
10	411	901	314726740	48	115	50	114	0	0	0	-270	-421	141	480	-270	-421
10	411	901	314728740	44	111	47	110	0	0	0	-270	-421	141	480	-270	-421
10	411	901	314730744	40	106	50	121	0	0	0	-270	-421	141	480	-270	-421
10	411	901	314732744	35	103	40	103	0	0	0	-270	-421	141	480	-270	-421
10	411	901	314734752	31	99	38	99	0	0	0	-270	-421	141	480	-270	-421
10	411	901	314736744	27	95	33	93	0	0	0	-270	-421	141	480	-270	-421
10	411	901	314738748	20	77	30	90	0	0	0	-270	-421	141	480	-270	-421
10	411	901	314740752	19	86	33	99	0	0	0	-270	-421	141	480	-270	-421
10	411	901	314742748	15	80	24	80	0	0	0	-270	-421	141	480	-270	-421
10	411	901	314744752	11	77	21	78	0	0	0	-270	-421	141	480	-270	-421
10	411	901	314746756	8	71	20	71	0	0	0	-270	-421	141	480	-270	-421
10	411	901	314748756	4	65	17	76	0	0	0	-270	-421	141	480	-270	-421
10	411	901	314750756	0	61	14	63	0	0	0	-270	-421	141	480	-270	-421
10	411	901	314752760	-3	55	11	57	0	0	0	-270	-421	141	480	-270	-421
10	411	901	314754736	-8	51	8	54	0	0	0	-270	-421	141	480	-270	-421
10	411	901	314756760	-11	45	7	47	0	0	0	-270	-421	141	480	-270	-421
10	411	901	314758756	-14	42	4	50	0	0	0	-270	-421	141	480	-270	-421
10	411	901	314760764	-17	37	3	40	0	0	0	-270	-421	141	480	-270	-421
10	411	901	314762756	-20	33	0	35	0	0	0	-270	-421	141	480	-270	-421
10	411	901	314764752	-23	28	0	32	0	0	0	-270	-421	141	480	-270	-421
10	411	901	314766748	-21	23	-2	32	0	0	0	-270	-421	141	480	-270	-421
10	411	901	314768752	-28	22	-4	25	0	0	0	-270	-421	141	480	-270	-421
10	411	901	314770760	-27	19	-5	21	0	0	0	-270	-421	141	480	-270	-421
10	411	901	314772764	-30	18	-6	20	0	0	0	-270	-421	141	480	-270	-421
10	411	901	314774764	-31	15	-6	17	0	0	0	-270	-421	141	480	-270	-421
10	411	901	314776764	-33	12	-8	16	0	0	0	-270	-421	141	480	-270	-421
10	411	901	314778768	-32	11	-7	12	0	0	0	-270	-421	141	480	-270	-421
10	411	901	314780768	-33	10	-8	12	0	0	0	-270	-421	141	480	-270	-421
10	411	901	314782772	-34	8	-7	8	0	0	0	-270	-421	141	480	-270	-421
10	411	901	314784772	-32	7	-9	10	0	0	1	-270	-421	141	480	-270	-421
11	-141	-980	314802776	-23	2	-6	3	0	0	1	141	480	0	-500	141	480
11	-141	-980	314804772	-21	2	-6	2	0	0	1	141	480	0	-500	141	480
11	-141	-980	314806776	-19	2	-5	2	0	0	1	141	480	0	-500	141	480
11	-141	-980	314808780	-18	0	-5	1	0	0	1	141	480	0	-500	141	480
11	-141	-980	314810784	-17	1	-7	1	0	0	1	141	480	0	-500	141	480
11	-141	-980	314812792	-15	0	-3	1	0	0	1	141	480	0	-500	141	480
11	-141	-980	314814768	-12	0	-5	0	0	0	1	141	480	0	-500	141	480
11	-141	-980	314816764	-13	0	-4	0	0	0	1	141	480	0	-500	141	480
11	-141	-980	314818760	-11	0	-3	0	0	0	1	141	480	0	-500	141	480
11	-141	-980	314820756	-10	0	-3	0	0	0	1	141	480	0	-500	141	480
11	-141	-980	314822756	-7	0	-3	0	0	0	1	141	480	0	-500	141	480
11	-141	-980	314824760	-8	0	-1	0	0	0	1	141	480	0	-500	141	480
11	-141	-980	314826784	-7	-1	-3	-1	0	0	1	141	480	0	-500	141	480
11	-141	-980	314828776	-8	-3	-2	-2	0	0	1	141	480	0	-500	141	480
11	-141	-980	314830776	-5	-1	-1	-1	0	0	1	141	480	0	-500	141	480
11	-141	-980	314832780	-6	-1	-2	-1	0	0	1	141	480	0	-500	141	480
11	-141	-980	314834780	-6	-3	-1	-1	0	0	1	141	480	0	-500	141	480
11	-141	-980	314836780	-5	-2	-1	-3	0	0	1	141	480	0	-500	141	480
11	-141	-980	314838776	-7	-3	0	-2	0	0	1	141	480	0	-500	141	480
11	-141	-980	314840784	-5	-2	-1	-3	0	0	1	141	480	0	-500	141	480
11	-141	-980	314842784	-6	-4	-2	-4	0	0	1	141	480	0	-500	141	480
11	-141	-980	314844784	-7	-4	0	-2	0	0	1	141	480	0	-500	141	480
11	-141	-980	314846788	-7	-5	-1	-5	0	0	1	141	480	0	-500	141	480
11	-141	-980	314848788	-7	-5	0	-5	0	0	1	141	480	0	-500	141	480
11	-141	-980	314850792	-8	-5	0	-5	0	0	1	141	480	0	-500	141	480
11	-141	-980	314852796	-7	-6	0	-6	0	0	1	141	480	0	-500	141	480
11	-141	-980	314854800	-10	-8	0	-8	0	0	1	141	480	0	-500	141	480
11	-141	-980	314856800	-9	-8	0	-9	0	0	1	141	480	0	-500	141	480
11	-141	-980	314858804	-10	-10	0	-8	0	0	1	141	480	0	-500	141	480
11	-141	-980	314860796	-10	-12	0	-10	0	0	1	141	480	0	-500	141	480
11	-141	-980	314862796	-10	-12	1	-12	0	0	1	141	480	0	-500	141	480
11	-141	-980	314864792	-11	-14	1	-13	0	0	1	141	480	0	-500	141	480
11	-141	-980	314866788	-11	-15	1	-14	0	0	1	141	480	0	-500	141	480
11	-141	-980	314868788	-12	-17	3	-16	0	0	1	141	480	0	-500	141	480
11	-141	-980	314870780	-12	-19	2	-17	0	0	1	141	480	0	-500	141	480
11	-141	-980	314872776	-13	-21	3	-22	0	0	0	141	480	0	-500	141	480
11	-141	-980	314874776	-11	-20	3	-20	0	0	0	141	480	0	-500	141	480
11	-141	-980	314876772	-14	-25	3	-24	0	0	0	141	480	0	-500	141	480
11	-141	-980	314878772	-13	-27	4	-25	0	0	0	141	480	0	-500	141	480
11	-141	-980	314880772	-15	-30	3	-27	0	0	0	141	480	0	-500	141	480
11	-141	-980	314882764	-17	-33	4	-35	0	0	0	141	480	0	-500	141	480
11	-141	-980	314884768	-16	-37	4	-33	0	0	0	141	480	0	-500	141	480
11	-141	-980	314886776	-17	-38	2	-36	0	0	0	141	480	0	-500	141	480
11	-141	-980	314888772	-19	-44	4	-40	0	0	0	141	480	0	-500	141	480
11	-141	-980	314890764	-20	-46	3	-49	0	0	0	141	480	0	-500	141	480
11	-141	-980	314892768	-21	-50	1	-46	0	0	0	141	480	0	-500	141	480
11	-141	-980	314894764	-24	-55	1	-50	0	0	0	141	480	0	-500	141	480
11	-141	-980	314896772	-25	-59	1	-54	0	0	0	141	480	0	-500	141	480
11	-141	-980	314898780	-26	-64	0	-59	0	0	0	141	480	0	-500	141	480
11	-141	-980	314900772	-29	-69	0	-71	0	0	0	141	480	0	-500	141	480
11	-141	-980	314902768	-28	-62	-4	-66	0	0	0	141	480	0	-500	141	480
11	-141	-980	314904772	-32	-78	-4	-73	0	0	0	141	480	0	-500	141	480
11	-141	-980	314906772	-35	-82	-5	-75	0	0	0	141	480	0	-500	141	480
11	-141	-980	314908768	-38	-88	-7	-92	0	0	0	141	480	0	-500	141	480
11	-141	-980	314910768	-40	-92	-9	-86	0	0	0	141	480	0	-500	141	480
11	-141	-980	314912764	-41	-98	-10	-90	0	0	0	141	480	0	-500	141	480
11	-141	-980	314914764	-44	-102	-12	-95	0	0	0	141	480	0	-500	141	480
11	-141	-980	314916764	-47	-108	-14	-100	0	0	0	141	480	0	-500	141	480
11	-141	-980	314918768	-49	-111	-19	-119	0	0	0	141	480	0	-500	141	480
11	-141	-980	314920768	-51	-117	-17	-109	0	0	0	141	480	0	-500	141	480
11	-141	-980	314922772	-54	-122	-20	-114	0	0	0	141	480	0	-500	141	480
11	-141	-980	314924780	-57	-125	-22	-117	0	0	0	141	480	0	-500	141	480
11	-141	-980	314926772	-59	-130	-25	-139	0	0	0	141	480	0	-500	141	480
11	-141	-980	314928776	-61	-132	-23	-126	0	0	0	141	480	0	-500	141	480
11	-141	-980	314930780	-55	-120	-25	-129	0	0	0	141	480	0	-500	141	480
11	-141	-980	314932784	-64	-140	-27	-132	0	0	0	141	480	0	-500	141	480
11	-141	-980	314934792	-68	-144	-31	-157	0	0	0	141	480	0	-500	141	480
11	-141	-980	314936788	-67	-147	-27	-138	0	0	0	141	480	0	-500	141	480
11	-141	-980	314938780	-70	-150	-29	-144	0	0	0	141	480	0	-500	141	480
11	-141	-980	314940776	-73	-154	-30	-145	0	0	0	141	480	0	-500	141	480
11	-141	-980	314942788	-72	-156	-30	-149	0	0	0	141	480	0	-500	141	480
11	-141	-980	314944784	-75	-159	-35	-174	0	0	0	141	480	0	-500	141	480
11	-141	-980	314946780	-78	-161	-33	-155	0	0	0	141	480	0	-500	141	480
11	-141	-980	314948772	-77	-165	-31	-157	0	0	0	141	480	0	-500	141	480
11	-141	-980	314950768	-79	-168	-32	-160	0	0	0	141	480	0	-500	141	480
11	-141	-980	314952764	-80	-170	-33	-161	0	0	0	141	480	0	-500	141	480
11	-141	-980	314954760	-71	-151	-37	-189	0	0	0	141	480	0	-500	141	480
11	-141	-980	314956752	-83	-174	-34	-166	0	0	0	141	480	0	-500	141	480
11	-141	-980	314958748	-83	-177	-34	-169	0	0	0	141	480	0	-500	141	480
11	-141	-980	314960744	-84	-179	-36	-171	0	0	0	141	480	0	-500	141	480
11	-141	-980	314962740	-85	-181	-36	-173	0	0	0	141	480	0	-500	141	480
11	-141	-980	314964732	-86	-184	-43	-200	0	0	0	141	480	0	-500	141	480
11	-141	-980	314966740	-87	-185	-39	-177	0	0	0	141	480	0	-500	141	480
11	-141	-980	314968744	-87	-186	-38	-178	0	0	0	141	480	0	-500	141	480
11	-141	-980	314970740	-88	-189	-42	-180	0	0	0	141	480	0	-500	141	480
11	-141	-980	314972732	-88	-189	-48	-206	0	0	0	141	480	0	-500	141	480
11	-141	-980	314974736	-88	-190	-44	-181	0	0	0	141	480	0	-500	141	480
11	-141	-980	314976744	-89	-190	-45	-182	0	0	0	141	480	0	-500	141	480
11	-141	-980	314978744	-77	-166	-46	-182	0	0	0	141	480	0	-500	141	480
11	-141	-980	314980740	-88	-190	-47	-183	0	0	0	141	480	0	-500	141	480
11	-141	-980	314982748	-88	-190	-56	-207	0	0	0	141	480	0	-500	141	480
11	-141	-980	314984740	-88	-188	-50	-181	0	0	0	141	480	0	-500	141	480
11	-141	-980	314986744	-86	-188	-50	-182	0	0	0	141	480	0	-500	141	480
11	-141	-980	314988748	-88	-187	-51	-181	0	0	0	141	480	0	-500	141	480
11	-141	-980	314990744	-85	-186	-60	-205	0	0	0	141	480	0	-500	141	480
11	-141	-980	314992748	-85	-184	-54	-177	0	0	0	141	480	0	-500	141	480
11	-141	-980	314994756	-83	-182	-54	-178	0	0	0	141	480	0	-500	141	480
11	-141	-980	314996748	-83	-180	-55	-175	0	0	0	141	480	0	-500	141	480
11	-141	-980	314998736	-81	-178	-62	-199	0	0	0	141	480	0	-500	141	480
11	-141	-980	315000744	-80	-175	-55	-170	0	0	0	141	480	0	-500	141	480
11	-141	-980	315002740	-79	-172	-56	-168	0	0	0	141	480	0	-500	141	480
11	-141	-980	315004736	-77	-170	-57	-168	0	0	0	141	480	0	-500	141	480
11	-141	-980	315006736	-68	-146	-56	-164	0	0	0	141	480	0	-500	141	480
11	-141	-980	315008728	-75	-164	-65	-185	0	0	0	141	480	0	-500	141	480
11	-141	-980	315010732	-72	-163	-56	-158	0	0	0	141	480	0	-500	141	480
11	-141	-980	315012728	-72	-158	-55	-157	0	0	0	141	480	0	-500	141	480
11	-141	-980	315014724	-70	-157	-56	-153	0	0	0	141	480	0	-500	141	480
11	-141	-980	315016720	-67	-152	-55	-152	0	0	0	141	480	0	-500	141	480
11	-141	-980	315018716	-66	-150	-63	-170	0	0	0	141	480	0	-500	141	480
11	-141	-980	315020712	-63	-146	-54	-143	0	0	0	141	480	0	-500	141	480
11	-141	-980	315022708	-62	-144	-52	-143	0	0	0	141	480	0	-500	141	480
11	-141	-980	315024716	-59	-140	-51	-139	0	0	0	141	480	0	-500	141	480
11	-141	-980	315026724	-58	-136	-59	-153	0	0	0	141	480	0	-500	141	480
11	-141	-980	315028720	-55	-134	-49	-133	0	0	0	141	480	0	-500	141	480
11	-141	-980	315030712	-45	-114	-49	-129	0	0	0	141	480	0	-500	141	480
11	-141	-980	315032708	-50	-127	-46	-126	0	0	0	141	480	0	-500	141	480
11	-141	-980	315034712	-47	-124	-44	-122	0	0	0	141	480	0	-500	141	480
11	-141	-980	315036716	-45	-120	-50	-135	0	0	0	141	480	0	-500	141	480
11	-141	-980	315038704	-41	-118	-40	-117	0	0	0	141	480	0	-500	141	480
11	-141	-980	315040700	-40	-112	-40	-111	0	0	0	141	480	0	-500	141	480
11	-141	-980	315042704	-37	-110	-36	-109	0	0	0	141	480	0	-500	141	480
11	-141	-980	315044696	-35	-105	-41	-120	0	0	0	141	480	0	-500	141	480
11	-141	-980	315046704	-31	-103	-33	-101	0	0	0	141	480	0	-500	141	480
11	-141	-980	315048708	-29	-98	-31	-99	0	0	0	141	480	0	-500	141	480
11	-141	-980	315050704	-26	-95	-30	-95	0	0	0	141	480	0	-500	141	480
11	-141	-980	315052700	-24	-92	-27	-91	0	0	0	141	480	0	-500	141	480
11	-141	-980	315054696	-18	-77	-29	-100	0	0	0	141	480	0	-500	141	480
11	-141	-980	315056696	-20	-85	-24	-84	0	0	0	141	480	0	-500	141	480
11	-141	-980	315058692	-18	-80	-21	-80	0	0	0	141	480	0	-500	141	480
11	-141	-980	315060684	-15	-78	-20	-77	0	0	0	141	480	0	-500	141	480
11	-141	-980	315062680	-12	-75	-19	-75	0	0	0	141	480	0	-500	141	480
11	-141	-980	315064688	-13	-70	-19	-80	0	0	0	141	480	0	-500	141	480
11	-141	-980	315066692	-9	-67	-13	-68	0	0	0	141	480	0	-500	141	480
11	-141	-980	315068692	-7	-64	-14	-63	0	0	0	141	480	0	-500	141	480
11	-141	-980	315070696	-6	-60	-13	-62	0	0	0	141	480	0	-500	141	480
11	-141	-980	315072700	-5	-56	-11	-65	0	0	0	141	480	0	-500	141	480
11	-141	-980	315074696	-4	-53	-9	-52	0	0	0	141	480	0	-500	141	480
11	-141	-980	315076704	-3	-48	-8	-50	0	0	0	141	480	0	-500	141	480
11	-141	-980	315078700	-2	-45	-7	-45	0	0	0	141	480	0	-500	141	480
11	-141	-980	315080692	-1	-35	-6	-48	0	0	0	141	480	0	-500	141	480
11	-141	-980	315082688	0	-38	-5	-38	0	0	0	141	480	0	-500	141	480
11	-141	-980	315084688	0	-32	-4	-34	0	0	0	141	480	0	-500	141	480
11	-141	-980	315086696	0	-30	-2	-31	0	0	0	141	480	0	-500	141	480
11	-141	-980	315088696	0	-25	-3	-28	0	0	0	141	480	0	-500	141	480
11	-141	-980	315090700	0	-23	-2	-27	0	0	0	141	480	0	-500	141	480
11	-141	-980	315092676	1	-19	-1	-20	0	0	0	141	480	0	-500	141	480
11	-141	-980	315094700	2	-16	0	-19	0	0	0	141	480	0	-500	141	480
11	-141	-980	315096700	1	-12	-2	-15	0	0	0	141	480	0	-500	141	480
11	-141	-980	315098692	1	-10	0	-14	0	0	0	141	480	0	-500	141	480
11	-141	-980	315100692	1	-8	0	-10	0	0	1	141	480	0	-500	141	480
