1	0	-500	2220740228	0	2	0	2	0	1	1	0	-499	0	-500	0	0
1	0	-500	2220742208	0	1	0	1	0	0	1	0	-499	0	-500	0	0
1	0	-500	2220744212	0	2	0	2	0	0	1	0	-499	0	-500	0	0
1	0	-500	2220746228	0	2	0	2	0	1	1	0	-498	0	-500	0	0
1	0	-500	2220748212	0	2	0	1	0	0	1	0	-498	0	-500	0	0
1	0	-500	2220750216	0	1	0	2	0	0	1	0	-498	0	-500	0	0
1	0	-500	2220752232	0	2	0	2	0	1	1	0	-497	0	-500	0	0
1	0	-500	2220754224	0	2	0	1	0	0	1	0	-497	0	-500	0	0
1	0	-500	2220756260	-1	1	0	2	0	0	1	0	-497	0	-500	0	0
1	-141	980	2220758224	0	2	0	1	0	0	1	0	-497	-141	480	0	-500
1	-141	980	2220760232	0	1	0	2	0	1	1	0	-496	-141	480	0	-500
1	-141	980	2220762216	0	1	0	2	0	0	1	0	-496	-141	480	0	-500
1	-141	980	2220764220	0	1	0	1	0	0	1	0	-496	-141	480	0	-500
1	-141	980	2220766236	0	2	0	1	0	1	1	0	-495	-141	480	0	-500
1	-141	980	2220768216	-1	0	0	0	0	0	1	0	-495	-141	480	0	-500
1	-141	980	2220770216	0	1	0	1	0	0	1	0	-495	-141	480	0	-500
1	-141	980	2220776216	0	0	0	2	0	0	1	0	-495	-141	480	0	-500
1	-141	980	2220780228	0	1	0	0	0	0	1	0	-495	-141	480	0	-500
1	-141	980	2220796216	0	0	0	0	0	0	0	0	-495	-141	480	0	-500
1	-141	980	2220802240	0	1	0	1	0	0	0	0	-495	-141	480	0	-500
1	-141	980	2220806248	0	3	0	2	0	1	0	0	-494	-141	480	0	-500
1	-141	980	2220808268	3	2	1	3	0	0	0	0	-494	-141	480	0	-500
1	-141	980	2220810276	1	3	3	2	0	1	0	0	-493	-141	480	0	-500
1	-141	980	2220812272	3	5	2	4	1	0	0	1	-493	-141	480	0	-500
1	-141	980	2220814272	3	4	4	5	0	1	0	1	-492	-141	480	0	-500
1	-141	980	2220816280	5	7	5	6	1	1	0	2	-491	-141	480	0	-500
1	-141	980	2220818280	5	6	6	8	1	2	0	3	-489	-141	480	0	-500
1	-141	980	2220820276	8	8	7	7	2	1	0	5	-488	-141	480	0	-500
1	-141	980	2220822276	9	10	8	9	1	2	0	6	-486	-141	480	0	-500
1	-141	980	2220824280	8	11	9	10	2	2	0	8	-484	-141	480	0	-500
1	-141	980	2220826280	13	13	11	11	2	2	0	10	-482	-141	480	0	-500
1	-141	980	2220828276	14	12	13	13	3	3	0	13	-479	-141	480	0	-500
1	-141	980	2220830272	16	16	14	14	3	2	0	16	-477	-141	480	0	-500
1	-141	980	2220832272	16	15	16	15	3	3	0	19	-474	-141	480	0	-500
1	-141	980	2220834264	23	19	17	16	3	3	0	22	-471	-141	480	0	-500
1	-141	980	2220836268	21	18	20	17	4	4	0	26	-467	-141	480	0	-500
1	-141	980	2220838272	22	18	27	22	5	3	0	31	-464	-141	480	0	-500
1	-141	980	2220840268	30	23	23	20	5	5	0	36	-459	-141	480	0	-500
1	-141	980	2220842272	28	20	27	20	5	3	0	41	-456	-141	480	0	-500
1	-141	980	2220844276	34	24	28	21	6	4	0	47	-452	-141	480	0	-500
1	-141	980	2220846272	32	21	30	21	5	4	0	52	-448	-141	480	0	-500
1	-141	980	2220848276	39	25	33	21	7	5	0	59	-443	-141	480	0	-500
1	-141	980	2220850280	35	21	35	23	7	4	0	66	-439	-141	480	0	-500
1	-141	980	2220852272	44	25	36	22	7	4	0	73	-435	-141	480	0	-500
1	-141	980	2220854268	40	23	39	24	8	5	0	81	-430	-141	480	0	-500
1	-141	980	2220856272	41	22	40	23	7	4	0	88	-426	-141	480	0	-500
1	-141	980	2220858276	49	25	41	22	9	4	0	97	-422	-141	480	0	-500
1	-141	980	2220860280	43	23	44	23	8	5	0	105	-417	-141	480	0	-500
1	-141	980	2220862284	52	25	51	26	10	4	0	115	-413	-141	480	0	-500
1	-141	980	2220864284	46	21	45	22	8	4	0	123	-409	-141	480	0	-500
1	-141	980	2220866288	54	24	48	22	10	5	0	133	-404	-141	480	0	-500
1	-141	980	2220868284	47	20	47	21	8	4	0	141	-400	-141	480	0	-500
1	-141	980	2220870288	54	22	49	21	10	4	0	151	-396	-141	480	0	-500
1	-141	980	2220872288	46	19	49	20	9	3	0	160	-393	-141	480	0	-500
1	-141	980	2220874288	54	21	47	19	9	4	0	169	-389	-141	480	0	-500
1	-141	980	2220876296	47	18	49	19	9	3	0	178	-386	-141	480	0	-500
1	-141	980	2220878296	53	18	47	17	10	4	0	188	-382	-141	480	0	-500
1	-141	980	2220880296	45	15	47	18	8	3	0	196	-379	-141	480	0	-500
1	-141	980	2220882300	44	15	46	15	9	3	0	205	-376	-141	480	0	-500
1	-141	980	2220884304	48	17	50	17	9	3	0	214	-373	-141	480	0	-500
1	-141	980	2220886308	43	13	42	15	8	2	0	222	-371	-141	480	0	-500
1	-141	980	2220888312	45	14	40	14	8	3	0	230	-368	-141	480	0	-500
1	-141	980	2220890316	39	13	39	12	7	2	0	237	-366	-141	480	0	-500
1	-141	980	2220892320	42	12	35	12	8	3	0	245	-363	-141	480	0	-500
1	-141	980	2220894316	35	10	34	11	6	2	0	251	-361	-141	480	0	-500
1	-141	980	2220896324	38	10	31	10	7	2	0	258	-359	-141	480	0	-500
1	-141	980	2220898316	30	9	28	10	5	1	0	263	-358	-141	480	0	-500
1	-141	980	2220900312	30	9	26	9	5	2	0	268	-356	-141	480	0	-500
1	-141	980	2220902308	31	7	24	7	5	1	0	273	-355	-141	480	0	-500
1	-141	980	2220904304	26	8	21	8	5	2	0	278	-353	-141	480	0	-500
1	-141	980	2220906300	28	7	19	7	4	1	0	282	-352	-141	480	0	-500
1	-141	980	2220908292	22	6	18	8	4	1	0	286	-351	-141	480	0	-500
1	-141	980	2220910288	24	7	14	6	3	2	0	289	-349	-141	480	0	-500
1	-141	980	2220912296	20	5	14	6	4	1	0	293	-348	-141	480	0	-500
1	-141	980	2220914296	21	6	10	5	3	1	0	296	-347	-141	480	0	-500
1	-141	980	2220916296	16	5	10	5	2	1	0	298	-346	-141	480	0	-500
1	-141	980	2220918292	17	4	9	5	2	1	0	300	-345	-141	480	0	-500
1	-141	980	2220920300	17	6	6	5	3	1	0	303	-344	-141	480	0	-500
1	-141	980	2220922280	15	4	6	5	2	0	0	305	-344	-141	480	0	-500
1	-141	980	2220924296	15	5	5	5	1	1	0	306	-343	-141	480	0	-500
1	-141	980	2220926296	13	5	4	5	2	1	0	308	-342	-141	480	0	-500
1	-141	980	2220928300	13	5	4	5	2	1	0	310	-341	-141	480	0	-500
1	-141	980	2220930300	13	5	3	5	1	1	0	311	-340	-141	480	0	-500
1	-141	980	2220932304	12	6	3	6	2	1	0	313	-339	-141	480	0	-500
1	-141	980	2220934312	12	6	2	7	1	1	0	314	-338	-141	480	0	-500
1	-141	980	2220936316	12	8	2	6	1	2	0	315	-336	-141	480	0	-500
1	-141	980	2220938320	10	7	1	7	1	1	0	316	-335	-141	480	0	-500
1	-141	980	2220940320	10	8	0	9	1	2	0	317	-333	-141	480	0	-500
1	-141	980	2220942316	11	11	1	9	1	2	0	318	-331	-141	480	0	-500
1	-141	980	2220944316	10	10	0	10	1	1	0	319	-330	-141	480	0	-500
1	-141	980	2220946320	12	12	0	11	1	3	0	320	-327	-141	480	0	-500
1	-141	980	2220948324	8	12	-3	13	1	2	0	321	-325	-141	480	0	-500
1	-141	980	2220950304	10	15	-4	12	0	2	0	321	-323	-141	480	0	-500
1	-141	980	2220952312	8	15	-3	15	1	3	0	322	-320	-141	480	0	-500
1	-141	980	2220954296	10	18	-7	18	0	4	0	322	-316	-141	480	0	-500
1	-141	980	2220956292	7	18	-6	17	0	3	0	322	-313	-141	480	0	-500
1	-141	980	2220958296	8	19	-7	20	0	4	0	322	-309	-141	480	0	-500
1	-141	980	2220960268	9	25	-9	20	0	4	0	322	-305	-141	480	0	-500
1	-141	980	2220962300	6	22	-10	24	0	4	0	322	-301	-141	480	0	-500
1	-141	980	2220964308	9	29	-10	25	0	5	0	322	-296	-141	480	0	-500
1	-141	980	2220966300	6	27	-13	26	0	5	0	322	-291	-141	480	0	-500
1	-141	980	2220968308	7	33	-13	29	0	6	0	322	-285	-141	480	0	-500
1	-141	980	2220970316	7	32	-15	31	-1	6	0	321	-279	-141	480	0	-500
1	-141	980	2220972320	7	39	-18	34	-1	7	0	320	-272	-141	480	0	-500
1	-141	980	2220974324	5	36	-17	36	-1	6	0	319	-266	-141	480	0	-500
1	-141	980	2220976324	8	45	-20	39	-1	8	0	318	-258	-141	480	0	-500
1	-141	980	2220978328	5	43	-24	47	-2	9	0	316	-249	-141	480	0	-500
1	-141	980	2220980332	5	44	-24	44	-2	8	0	314	-241	-141	480	0	-500
1	-141	980	2220982332	6	55	-25	48	-2	10	0	312	-231	-141	480	0	-500
1	-141	980	2220984332	5	51	-26	50	-2	9	0	310	-222	-141	480	0	-500
1	-141	980	2220986320	5	61	-29	53	-2	11	0	308	-211	-141	480	0	-500
1	-141	980	2220988316	4	56	-30	55	-2	10	0	306	-201	-141	480	0	-500
1	-141	980	2220990312	5	69	-31	60	-3	12	0	303	-189	-141	480	0	-500
1	-141	980	2220992308	2	63	-34	62	-3	12	0	300	-177	-141	480	0	-500
1	-141	980	2220994304	3	66	-36	65	-3	12	0	297	-165	-141	480	0	-500
1	-141	980	2220996300	2	79	-38	68	-3	14	0	294	-151	-141	480	0	-500
1	-141	980	2220998296	1	71	-40	72	-4	14	0	290	-137	-141	480	0	-500
1	-141	980	2221000292	0	85	-42	73	-4	14	0	286	-123	-141	480	0	-500
1	-141	980	2221002296	0	77	-51	88	-5	16	0	281	-107	-141	480	0	-500
1	-141	980	2221004296	0	93	-47	80	-4	16	0	277	-91	-141	480	0	-500
1	-141	980	2221006292	-2	82	-50	82	-5	15	0	272	-76	-141	480	0	-500
1	-141	980	2221008292	-4	98	-51	85	-5	18	0	267	-58	-141	480	0	-500
1	-141	980	2221010296	-4	89	-52	89	-5	16	0	262	-42	-141	480	0	-500
1	-141	980	2221012296	-5	90	-55	90	-6	17	0	256	-25	-141	480	0	-500
1	-141	980	2221014300	-6	106	-58	93	-6	19	0	250	-6	-141	480	0	-500
1	-141	980	2221016300	-6	95	-60	95	-6	18	0	244	12	-141	480	0	-500
1	-141	980	2221018300	-8	110	-61	96	-7	19	0	237	31	-141	480	0	-500
1	-141	980	2221020296	-6	99	-63	97	-6	18	0	231	49	-141	480	0	-500
1	-141	980	2221022296	-9	115	-65	100	-7	20	0	224	69	-141	480	0	-500
1	-141	980	2221024300	-7	101	-66	102	-7	19	0	217	88	-141	480	0	-500
1	-141	980	2221026292	-9	119	-66	103	-7	21	0	210	109	-141	480	0	-500
1	-141	980	2221028292	-8	103	-78	119	-8	21	0	202	130	-141	480	0	-500
1	-141	980	2221030292	-8	107	-68	105	-7	20	0	195	150	-141	480	0	-500
1	-141	980	2221032296	-9	121	-70	105	-8	21	0	187	171	-141	480	0	-500
1	-141	980	2221034296	-9	106	-69	106	-7	20	0	180	191	-141	480	0	-500
1	-141	980	2221036296	-7	121	-69	107	-7	21	0	173	212	-141	480	0	-500
1	-141	980	2221038296	-7	107	-67	105	-7	20	0	166	232	-141	480	0	-500
1	-141	980	2221040300	-6	118	-65	105	-7	21	0	159	253	-141	480	0	-500
1	-141	980	2221042300	-4	104	-62	103	-6	20	0	153	273	-141	480	0	-500
1	-141	980	2221044300	-3	118	-60	103	-6	20	0	147	293	-141	480	0	-500
1	-141	980	2221046304	-3	101	-57	102	-5	19	0	142	312	-141	480	0	-500
1	-141	980	2221048304	-1	114	-55	100	-6	20	0	136	332	-141	480	0	-500
1	-141	980	2221050304	-3	98	-60	114	-5	20	0	131	352	-141	480	0	-500
1	-141	980	2221052312	-1	113	-50	99	-5	20	0	126	372	-141	480	0	-500
1	-141	980	2221054308	0	96	-49	99	-5	18	0	121	390	-141	480	0	-500
1	-141	980	2221056304	0	96	-46	96	-4	18	0	117	408	-141	480	0	-500
1	-141	980	2221058300	0	108	-45	95	-4	19	0	113	427	-141	480	0	-500
1	-141	980	2221060300	0	94	-43	95	-4	18	0	109	445	-141	480	0	-500
1	-141	980	2221062292	2	103	-41	92	-4	18	0	105	463	-141	480	0	-500
1	-141	980	2221064296	2	90	-40	92	-4	18	0	101	481	-141	480	0	-500
1	-141	980	2221066292	3	102	-37	88	-3	17	0	98	498	-141	480	0	-500
1	-141	980	2221068284	2	86	-37	88	-3	17	0	95	515	-141	480	0	-500
1	-141	980	2221070280	3	86	-35	86	-3	16	0	92	531	-141	480	0	-500
1	-141	980	2221072276	1	96	-33	85	-3	17	0	89	548	-141	480	0	-500
1	-141	980	2221074272	1	83	-35	83	-3	15	0	86	563	-141	480	0	-500
1	-141	980	2221076268	0	94	-34	82	-3	17	0	83	580	-141	480	0	-500
1	-141	980	2221078272	0	81	-40	93	-4	16	0	79	596	-141	480	0	-500
1	-141	980	2221080268	0	91	-35	80	-3	16	0	76	612	-141	480	0	-500
1	-141	980	2221082272	-3	78	-35	77	-4	15	0	72	627	-141	480	0	-500
1	-141	980	2221084276	-2	86	-35	76	-4	15	0	68	642	-141	480	0	-500
1	-141	980	2221086280	-3	74	-34	74	-3	14	0	65	656	-141	480	0	-500
1	-141	980	2221088280	-2	71	-34	73	-3	13	0	62	669	-141	480	0	-500
1	-141	980	2221090280	-5	79	-32	68	-4	14	0	58	683	-141	480	0	-500
1	-141	980	2221092284	-3	67	-31	68	-3	13	0	55	696	-141	480	0	-500
1	-141	980	2221094288	-5	73	-30	65	-3	13	0	52	709	-141	480	0	-500
1	-141	980	2221096288	-5	62	-29	62	-3	11	0	49	720	-141	480	0	-500
1	-141	980	2221098292	-5	68	-28	62	-4	12	0	45	732	-141	480	0	-500
1	-141	980	2221100296	-5	57	-30	66	-3	12	0	42	744	-141	480	0	-500
1	-141	980	2221102296	-6	64	-25	56	-3	11	0	39	731	-141	480	0	-500
1	-141	980	2221104300	-5	54	-23	55	-2	10	0	37	741	-141	480	0	-500
1	-141	980	2221106304	-6	58	-23	53	-3	11	0	34	752	-141	480	0	-500
1	-141	980	2221108296	-6	49	-21	50	-3	9	0	31	761	-141	480	0	-500
1	-141	980	2221110296	-7	48	-21	48	-2	9	0	29	770	-141	480	0	-500
1	-141	980	2221112292	-6	52	-20	47	-3	9	0	26	779	-141	480	0	-500
1	-141	980	2221114292	-6	44	-19	45	-2	9	0	24	788	-141	480	0	-500
1	-141	980	2221116288	-6	47	-18	42	-2	8	0	22	796	-141	480	0	-500
1	-141	980	2221118288	-7	40	-17	41	-3	8	0	19	804	-141	480	0	-500
1	-141	980	2221120288	-7	45	-16	40	-2	8	0	17	812	-141	480	0	-500
1	-141	980	2221122288	-6	37	-17	39	-2	7	0	15	819	-141	480	0	-500
1	-141	980	2221124284	-9	41	-17	41	-2	7	0	13	727	-141	480	0	-500
1	-141	980	2221126280	-6	35	-15	35	-2	7	0	11	734	-141	480	0	-500
1	-141	980	2221128280	-8	32	-14	35	-2	6	0	9	740	-141	480	0	-500
1	-141	980	2221130276	-9	38	-15	33	-3	7	0	6	747	-141	480	0	-500
1	-141	980	2221132280	-7	31	-14	31	-2	6	0	4	753	-141	480	0	-500
1	-141	980	2221134280	-9	34	-12	31	-2	6	0	2	726	-141	480	0	-500
1	-141	980	2221136280	-7	29	-13	30	-1	5	0	1	731	-141	480	0	-500
1	-141	980	2221138276	-9	32	-12	29	-2	6	0	-1	737	-141	480	0	-500
1	-141	980	2221140272	-8	28	-11	28	-2	5	0	-3	742	-141	480	0	-500
1	-141	980	2221142268	-8	27	-13	27	-2	5	0	-5	747	-141	480	0	-500
1	-141	980	2221144268	-9	30	-10	26	-2	6	0	-7	753	-141	480	0	-500
1	-141	980	2221146264	-8	25	-10	27	-2	5	0	-9	758	-141	480	0	-500
1	-141	980	2221148264	-8	29	-10	25	-1	5	0	-10	763	-141	480	0	-500
1	-141	980	2221150264	-9	24	-11	28	-2	5	0	-12	768	-141	480	0	-500
1	-141	980	2221152260	-9	27	-9	24	-2	4	0	-14	724	-141	480	0	-500
1	-141	980	2221154260	-7	24	-9	24	-1	5	0	-15	729	-141	480	0	-500
1	-141	980	2221156264	-9	26	-7	24	-2	4	0	-17	733	-141	480	0	-500
1	-141	980	2221158256	-8	23	-9	22	-1	5	0	-18	738	-141	480	0	-500
1	-141	980	2221160264	-7	22	-7	24	-2	4	0	-20	742	-141	480	0	-500
1	-141	980	2221162268	-9	25	-7	21	-1	4	0	-21	746	-141	480	0	-500
1	-141	980	2221164272	-7	21	-6	23	-1	4	0	-22	750	-141	480	0	-500
1	-141	980	2221166276	-8	25	-6	21	-2	5	0	-24	755	-141	480	0	-500
1	-141	980	2221168280	-6	20	-6	21	-1	4	0	-25	724	-141	480	0	-500
1	-141	980	2221170276	-9	24	-7	20	-1	4	0	-26	728	-141	480	0	-500
1	-141	980	2221172276	-6	19	-6	24	-2	4	0	-28	732	-141	480	0	-500
1	-141	980	2221174268	-8	22	-5	20	-1	4	0	-29	736	-141	480	0	-500
1	-141	980	2221176264	-6	19	-5	19	-1	3	0	-30	739	-141	480	0	-500
1	-141	980	2221178268	-6	21	-4	18	-1	4	0	-31	743	-141	480	0	-500
1	-141	980	2221180276	-6	18	-5	19	-1	3	0	-32	746	-141	480	0	-500
1	-141	980	2221182280	-7	19	-5	19	-1	4	0	-33	750	-141	480	0	-500
1	-141	980	2221184272	-6	20	-3	17	-1	3	0	-34	723	-141	480	0	-500
1	-141	980	2221186276	-5	16	-5	18	-1	4	0	-35	727	-141	480	0	-500
1	-141	980	2221188272	-6	19	-4	17	-1	3	0	-36	730	-141	480	0	-500
1	-141	980	2221190268	-5	16	-5	17	-1	3	0	-37	733	-141	480	0	-500
1	-141	980	2221192248	-5	19	-5	16	0	3	0	-37	736	-141	480	0	-500
1	-141	980	2221194260	-5	16	-4	16	-1	3	0	-38	739	-141	480	0	-500
1	-141	980	2221196244	-4	15	-5	16	-1	3	0	-39	742	-141	480	0	-500
1	-141	980	2221198252	-5	17	-5	18	-1	4	0	-40	746	-141	480	0	-500
1	-141	980	2221200248	-4	15	-4	15	-1	2	0	-41	748	-141	480	0	-500
1	-141	980	2221202240	-5	17	-5	16	-1	3	0	-42	723	-141	480	0	-500
1	-141	980	2221204248	-3	15	-5	14	-1	3	0	-43	726	-141	480	0	-500
1	-141	980	2221206228	-4	16	-3	15	0	3	0	-43	729	-141	480	0	-500
1	-141	980	2221208240	-4	15	-5	15	-1	3	0	-44	732	-141	480	0	-500
1	-141	980	2221210244	-4	15	-5	14	-1	3	0	-45	735	-141	480	0	-500
1	-141	980	2221212252	-3	15	-5	13	-1	2	0	-46	737	-141	480	0	-500
1	-141	980	2221214232	-3	12	-5	14	0	3	0	-46	740	-141	480	0	-500
1	-141	980	2221216248	-4	17	-5	14	-1	3	0	-47	743	-141	480	0	-500
1	-141	980	2221218240	-3	12	-4	14	-1	2	0	-48	722	-141	480	0	-500
1	-141	980	2221220248	-4	15	-5	12	-1	3	0	-49	725	-141	480	0	-500
1	-141	980	2221222256	-3	13	-6	15	-1	2	0	-50	727	-141	480	0	-500
1	-141	980	2221224240	-3	15	-4	13	0	3	0	-50	730	-141	480	0	-500
1	-141	980	2221226248	-3	11	-5	12	-1	2	0	-51	732	-141	480	0	-500
1	-141	980	2221228244	-4	14	-5	13	-1	2	0	-52	734	-141	480	0	-500
1	-141	980	2221230236	-2	12	-4	11	0	3	0	-52	737	-141	480	0	-500
1	-141	980	2221232252	-3	10	-5	11	-1	2	0	-53	739	-141	480	0	-500
1	-141	980	2221234248	-3	14	-4	11	-1	2	0	-54	741	-141	480	0	-500
1	-141	980	2221236248	-3	10	-5	12	-1	2	0	-55	743	-141	480	0	-500
1	-141	980	2221238236	-4	11	-3	10	0	2	0	-55	745	-141	480	0	-500
1	-141	980	2221240248	-2	10	-5	11	-1	2	0	-56	722	-141	480	0	-500
1	-141	980	2221242232	-3	11	-4	10	0	2	0	-56	724	-141	480	0	-500
1	-141	980	2221244244	-3	9	-4	9	-1	2	0	-57	726	-141	480	0	-500
1	-141	980	2221246240	-3	11	-5	11	-1	2	0	-58	728	-141	480	0	-500
1	-141	980	2221248244	-4	9	-4	9	-1	1	0	-59	729	-141	480	0	-500
1	-141	980	2221250228	-2	10	-3	8	0	2	0	-59	722	-141	480	0	-500
1	-141	980	2221252244	-4	8	-4	9	-1	2	0	-60	724	-141	480	0	-500
1	-141	980	2221254244	-2	8	-5	9	-1	1	0	-61	725	-141	480	0	-500
1	-141	980	2221256232	-4	9	-4	9	0	2	0	-61	727	-141	480	0	-500
1	-141	980	2221258244	-4	8	-4	7	-1	1	0	-62	728	-141	480	0	-500
1	-141	980	2221260240	-4	8	-3	8	-1	2	0	-63	730	-141	480	0	-500
1	-141	980	2221262236	-3	8	-5	7	0	1	0	-63	731	-141	480	0	-500
1	-141	980	2221264260	-4	9	-4	9	-1	2	0	-64	733	-141	480	0	-500
1	-141	980	2221266256	-5	7	-5	7	-1	1	0	-65	734	-141	480	0	-500
1	-141	980	2221268252	-4	8	-4	8	-1	2	0	-66	722	-141	480	0	-500
1	-141	980	2221270248	-5	7	-5	7	-1	1	0	-67	723	-141	480	0	-500
1	-141	980	2221272244	-4	8	-5	8	-1	2	0	-68	725	-141	480	0	-500
1	-141	980	2221274256	-6	8	-4	7	-1	1	0	-69	726	-141	480	0	-500
1	-141	980	2221276256	-5	8	-5	9	-1	2	0	-70	728	-141	480	0	-500
1	-141	980	2221278240	-5	9	-5	8	0	1	0	-70	729	-141	480	0	-500
1	-141	980	2221280248	-5	7	-6	7	-1	1	0	-71	730	-141	480	0	-500
1	-141	980	2221282256	-6	9	-5	8	-2	2	0	-73	732	-141	480	0	-500
1	-141	980	2221284252	-6	9	-5	8	-1	2	0	-74	734	-141	480	0	-500
1	-141	980	2221286248	-7	8	-6	8	-1	1	0	-75	735	-141	480	0	-500
1	-141	980	2221288244	-5	9	-5	9	-1	2	0	-76	737	-141	480	0	-500
1	-141	980	2221290252	-5	9	-6	8	-1	1	0	-77	721	-141	480	0	-500
1	-141	980	2221292248	-6	10	-7	9	-1	2	0	-78	723	-141	480	0	-500
1	-141	980	2221294248	-5	9	-6	10	-1	2	0	-79	725	-141	480	0	-500
1	-141	980	2221296248	-6	11	-6	9	-1	2	0	-80	727	-141	480	0	-500
1	-141	980	2221298248	-5	10	-6	10	-1	2	0	-81	729	-141	480	0	-500
1	-141	980	2221300244	-5	11	-7	10	-1	2	0	-82	722	-141	480	0	-500
1	-141	980	2221302252	-5	11	-7	11	-1	2	0	-83	724	-141	480	0	-500
1	-141	980	2221304248	-5	13	-6	10	-1	2	0	-84	726	-141	480	0	-500
1	-141	980	2221306256	-5	12	-7	11	-2	2	0	-86	728	-141	480	0	-500
1	-141	980	2221308252	-4	12	-7	13	-1	2	0	-87	730	-141	480	0	-500
1	-141	980	2221310252	-4	15	-6	12	-1	3	0	-88	733	-141	480	0	-500
1	-141	980	2221312236	-2	12	-8	13	0	2	0	-88	735	-141	480	0	-500
1	-141	980	2221314256	-4	15	-6	12	-1	3	0	-89	738	-141	480	0	-500
1	-141	980	2221316260	-2	15	-8	14	-1	3	0	-90	741	-141	480	0	-500
1	-141	980	2221318256	-2	16	-7	16	-1	3	0	-91	723	-141	480	0	-500
1	-141	980	2221320256	-1	15	-6	15	-1	2	0	-92	725	-141	480	0	-500
1	-141	980	2221322248	-1	18	-8	15	-1	3	0	-93	728	-141	480	0	-500
1	-141	980	2221324236	0	16	-6	17	0	4	0	-93	732	-141	480	0	-500
1	-141	980	2221326256	0	19	-6	16	-1	3	0	-94	735	-141	480	0	-500
1	-141	980	2221328256	0	16	-8	16	-1	3	0	-95	738	-141	480	0	-500
1	-141	980	2221330244	0	18	-6	18	0	3	0	-95	741	-141	480	0	-500
1	-141	980	2221332260	1	20	-6	17	-1	4	0	-96	745	-141	480	0	-500
1	-141	980	2221334248	3	18	-7	18	0	3	0	-96	748	-141	480	0	-500
1	-141	980	2221336252	4	20	-6	18	0	4	0	-96	752	-141	480	0	-500
1	-141	980	2221338248	3	19	-6	18	0	3	0	-96	723	-141	480	0	-500
1	-141	980	2221340264	4	23	-6	22	-1	4	0	-97	727	-141	480	0	-500
1	-141	980	2221342220	5	18	-5	19	0	4	0	-97	731	-141	480	0	-500
1	-141	980	2221344252	6	23	-5	20	0	4	0	-97	735	-141	480	0	-500
1	-141	980	2221346256	7	20	-5	20	0	4	0	-97	739	-141	480	0	-500
1	-141	980	2221348256	8	22	-5	20	0	3	0	-97	742	-141	480	0	-500
1	-141	980	2221350260	8	22	-4	21	0	5	0	-97	747	-141	480	0	-500
1	-141	980	2221352264	7	20	-4	22	1	3	0	-96	723	-141	480	0	-500
1	-141	980	2221354256	12	23	-4	21	0	5	0	-96	728	-141	480	0	-500
1	-141	980	2221356268	10	23	-3	21	1	4	0	-95	732	-141	480	0	-500
1	-141	980	2221358264	12	25	-3	23	1	4	0	-94	736	-141	480	0	-500
1	-141	980	2221360264	11	22	-4	22	1	4	0	-93	740	-141	480	0	-500
1	-141	980	2221362260	14	27	-2	24	1	5	0	-92	745	-141	480	0	-500
1	-141	980	2221364260	14	23	-1	24	1	5	0	-91	750	-141	480	0	-500
1	-141	980	2221366248	14	24	-3	27	1	4	0	-90	754	-141	480	0	-500
1	-141	980	2221368244	17	28	-2	25	1	5	0	-89	725	-141	480	0	-500
1	-141	980	2221370240	16	25	-2	25	2	5	0	-87	730	-141	480	0	-500
1	-141	980	2221372248	19	30	-1	26	1	5	0	-86	735	-141	480	0	-500
1	-141	980	2221374244	18	26	-1	27	2	5	0	-84	740	-141	480	0	-500
1	-141	980	2221376236	21	30	0	26	2	5	0	-82	745	-141	480	0	-500
1	-141	980	2221378236	17	26	-1	27	1	5	0	-81	750	-141	480	0	-500
1	-141	980	2221380244	22	31	0	27	2	6	0	-79	756	-141	480	0	-500
1	-141	980	2221382244	18	28	-2	27	2	5	0	-77	761	-141	480	0	-500
1	-141	980	2221384240	20	27	0	28	2	5	0	-75	766	-141	480	0	-500
1	-141	980	2221386240	22	32	0	28	2	6	0	-73	772	-141	480	0	-500
1	-141	980	2221388244	20	27	-1	28	2	5	0	-71	725	-141	480	0	-500
1	-141	980	2221390252	21	33	0	31	2	6	0	-69	731	-141	480	0	-500
1	-141	980	2221392252	19	26	0	28	1	5	0	-68	736	-141	480	0	-500
1	-141	980	2221394252	20	31	0	27	2	5	0	-66	741	-141	480	0	-500
1	-141	980	2221396252	17	28	-1	28	2	6	0	-64	747	-141	480	0	-500
1	-141	980	2221398252	19	30	0	27	2	5	0	-62	752	-141	480	0	-500
1	-141	980	2221400256	16	25	-1	26	1	5	0	-61	757	-141	480	0	-500
1	-141	980	2221402252	18	30	-2	27	1	5	0	-60	725	-141	480	0	-500
1	-141	980	2221404252	13	23	-1	25	2	5	0	-58	730	-141	480	0	-500
1	-141	980	2221406252	13	25	-1	26	1	4	0	-57	734	-141	480	0	-500
1	-141	980	2221408244	15	27	-1	24	1	5	0	-56	739	-141	480	0	-500
1	-141	980	2221410244	11	23	-2	25	1	5	0	-55	744	-141	480	0	-500
1	-141	980	2221412240	11	27	-1	23	1	4	0	-54	748	-141	480	0	-500
1	-141	980	2221414240	10	21	-2	27	1	5	0	-53	753	-141	480	0	-500
1	-141	980	2221416236	10	25	-3	22	0	4	0	-53	757	-141	480	0	-500
1	-141	980	2221418248	8	21	-2	21	1	4	0	-52	724	-141	480	0	-500
1	-141	980	2221420240	7	23	-3	22	0	4	0	-52	728	-141	480	0	-500
1	-141	980	2221422252	7	20	-2	21	1	4	0	-51	732	-141	480	0	-500
1	-141	980	2221424244	6	20	-3	20	0	4	0	-51	736	-141	480	0	-500
1	-141	980	2221426248	5	22	-2	21	0	4	0	-51	740	-141	480	0	-500
1	-141	980	2221428252	5	19	-3	19	0	4	0	-51	744	-141	480	0	-500
1	-141	980	2221430268	5	21	-2	20	1	3	0	-50	747	-141	480	0	-500
1	-141	980	2221432220	4	18	-4	19	0	4	0	-50	751	-141	480	0	-500
1	-141	980	2221434228	3	20	-3	18	0	4	0	-50	724	-141	480	0	-500
1	-141	980	2221436256	3	17	-2	20	0	3	0	-50	727	-141	480	0	-500
1	-141	980	2221438248	4	19	-3	18	0	3	0	-50	730	-141	480	0	-500
1	-141	980	2221440224	2	17	-2	16	0	4	0	-50	734	-141	480	0	-500
1	-141	980	2221442260	1	15	-3	18	0	3	0	-50	737	-141	480	0	-500
1	-141	980	2221444256	3	19	-2	16	0	3	0	-50	740	-141	480	0	-500
1	-141	980	2221446260	1	15	-3	15	0	3	0	-50	743	-141	480	0	-500
1	-141	980	2221448256	1	16	-2	15	0	3	0	-50	746	-141	480	0	-500
1	-141	980	2221450252	2	15	-1	15	0	2	0	-50	748	-141	480	0	-500
1	-141	980	2221452248	1	15	-3	14	0	3	0	-50	723	-141	480	0	-500
1	-141	980	2221454252	0	14	-2	13	0	3	0	-50	726	-141	480	0	-500
1	-141	980	2221456256	0	14	-2	14	0	2	0	-50	728	-141	480	0	-500
1	-141	980	2221458260	1	12	-2	13	0	3	0	-50	731	-141	480	0	-500
1	-141	980	2221460268	0	13	-1	12	0	2	0	-50	733	-141	480	0	-500
1	-141	980	2221462264	0	11	-3	11	0	2	0	-50	735	-141	480	0	-500
1	-141	980	2221464276	0	10	-1	12	-1	2	0	-51	737	-141	480	0	-500
1	-141	980	2221466252	-1	10	-1	10	0	2	0	-51	722	-141	480	0	-500
1	-141	980	2221468252	-2	10	-3	8	0	2	0	-51	724	-141	480	0	-500
1	-141	980	2221470244	-1	9	-1	9	0	1	0	-51	725	-141	480	0	-500
1	-141	980	2221472260	-1	9	-1	9	-1	2	0	-52	727	-141	480	0	-500
1	-141	980	2221474240	-3	7	-2	7	0	1	0	-52	728	-141	480	0	-500
1	-141	980	2221476240	-1	8	-2	8	0	2	0	-52	730	-141	480	0	-500
1	-141	980	2221478256	-2	6	-1	6	-1	1	0	-53	731	-141	480	0	-500
1	-141	980	2221480240	-3	6	-2	6	0	1	0	-53	732	-141	480	0	-500
1	-141	980	2221482240	-1	5	-1	5	0	1	0	-53	733	-141	480	0	-500
1	-141	980	2221484252	-4	6	-1	5	-1	1	0	-54	721	-141	480	0	-500
1	-141	980	2221486236	-2	4	-1	7	0	1	0	-54	722	-141	480	0	-500
1	-141	980	2221488252	-3	5	-2	3	-1	1	0	-55	723	-141	480	0	-500
1	-141	980	2221490240	-2	3	0	4	0	1	0	-55	724	-141	480	0	-500
1	-141	980	2221492216	-4	3	-1	3	0	0	0	-55	724	-141	480	0	-500
1	-141	980	2221494240	-4	3	-1	3	-1	1	0	-56	725	-141	480	0	-500
1	-141	980	2221496216	-4	2	-1	3	0	0	0	-56	725	-141	480	0	-500
1	-141	980	2221498240	-3	3	-2	1	-1	1	0	-57	726	-141	480	0	-500
1	-141	980	2221500216	-4	1	0	3	0	0	0	-57	726	-141	480	0	-500
1	-141	980	2221502224	-5	1	-1	1	-1	0	0	-58	720	-141	480	0	-500
1	-141	980	2221504216	-5	2	-1	1	0	0	0	-58	720	-141	480	0	-500
1	-141	980	2221506196	-5	0	-1	0	-1	0	0	-59	720	-141	480	0	-500
1	-141	980	2221508228	-5	1	0	1	0	1	0	-59	721	-141	480	0	-500
1	-141	980	2221510192	-6	0	-2	0	-1	0	0	-60	721	-141	480	0	-500
1	-141	980	2221512180	-5	0	-1	0	0	0	0	-60	721	-141	480	0	-500
1	-141	980	2221514196	-7	0	-1	0	-1	0	0	-61	721	-141	480	0	-500
1	-141	980	2221516196	-6	0	-1	0	-1	0	0	-62	720	-141	480	0	-500
1	-141	980	2221518196	-5	0	0	0	0	0	0	-62	720	-141	480	0	-500
1	-141	980	2221520248	-7	-2	-2	0	-1	0	0	-63	720	-141	480	0	-500
1	-141	980	2221522240	-5	0	-1	-1	-1	0	0	-64	720	-141	480	0	-500
1	-141	980	2221524232	-7	-1	0	0	0	0	0	-64	720	-141	480	0	-500
1	-141	980	2221526248	-6	-1	-1	-2	-1	0	0	-65	720	-141	480	0	-500
1	-141	980	2221528248	-6	-3	-1	-1	-1	0	0	-66	720	-141	480	0	-500
1	-141	980	2221530248	-6	-1	0	-1	0	-1	0	-66	719	-141	480	0	-500
1	-141	980	2221532240	-7	-1	-2	-1	-1	0	0	-67	719	-141	480	0	-500
1	-141	980	2221534248	-5	-1	-1	-3	-1	0	0	-68	719	-141	480	0	-500
1	-141	980	2221536248	-5	-2	0	-1	0	-1	0	-68	718	-141	480	0	-500
1	-141	980	2221538240	-6	-2	-1	-1	-1	0	0	-69	718	-141	480	0	-500
1	-141	980	2221540228	-5	-1	0	-2	0	0	0	-69	718	-141	480	0	-500
1	-141	980	2221542240	-5	-2	-1	-1	-1	0	0	-70	718	-141	480	0	-500
1	-141	980	2221544244	-4	-1	0	-1	0	-1	0	-70	717	-141	480	0	-500
1	-141	980	2221546236	-5	-1	0	-1	-1	0	0	-71	717	-141	480	0	-500
1	-141	980	2221548228	-3	-1	-2	-2	0	0	0	-71	717	-141	480	0	-500
1	-141	980	2221550232	-4	-2	0	-1	0	0	0	-71	717	-141	480	0	-500
1	-141	980	2221552244	-4	-1	0	-1	-1	0	0	-72	717	-141	480	0	-500
1	-141	980	2221554240	-4	-1	-1	-1	0	-1	0	-72	716	-141	480	0	-500
1	-141	980	2221556240	-3	-1	0	-2	-1	0	0	-73	716	-141	480	0	-500
1	-141	980	2221558224	-3	0	0	-1	0	0	0	-73	716	-141	480	0	-500
1	-141	980	2221560224	-4	-2	0	0	0	0	0	-73	716	-141	480	0	-500
1	-141	980	2221562252	-2	-1	-1	-1	-1	0	0	-74	716	-141	480	0	-500
1	-141	980	2221564212	-3	0	0	0	0	0	0	-74	716	-141	480	0	-500
1	-141	980	2221566256	-1	-1	0	-1	0	-1	0	-74	715	-141	480	0	-500
1	-141	980	2221568208	-2	0	0	0	0	0	0	-74	715	-141	480	0	-500
1	-141	980	2221570236	-2	0	0	-2	0	0	0	-74	715	-141	480	0	-500
1	-141	980	2221572240	-1	-1	0	0	0	0	0	-74	715	-141	480	0	-500
1	-141	980	2221574212	-1	0	0	0	0	0	0	-74	715	-141	480	0	-500
1	-141	980	2221576224	-1	0	0	0	-1	0	0	-75	715	-141	480	0	-500
1	-141	980	2221578204	0	0	0	-1	0	0	0	-75	715	-141	480	0	-500
1	-141	980	2221582196	-2	0	0	0	0	0	0	-75	715	-141	480	0	-500
1	-141	980	2221596212	1	0	0	0	0	0	0	-75	715	-141	480	0	-500
1	-141	980	2221600180	0	0	0	0	0	0	1	-75	715	-141	480	0	-500
2	411	-901	2221602204	1	0	0	0	0	0	1	-141	480	270	-421	-141	480
2	411	-901	2221608208	1	0	0	0	0	0	1	-141	480	270	-421	-141	480
2	411	-901	2221610212	0	0	2	0	0	0	1	-141	480	270	-421	-141	480
2	411	-901	2221612216	1	0	0	0	0	0	1	-141	480	270	-421	-141	480
2	411	-901	2221614220	2	0	0	0	0	0	1	-141	480	270	-421	-141	480
2	411	-901	2221618220	1	0	0	0	0	0	1	-141	480	270	-421	-141	480
2	411	-901	2221620220	1	0	1	0	0	0	1	-141	480	270	-421	-141	480
2	411	-901	2221622224	1	0	0	0	0	0	1	-141	480	270	-421	-141	480
2	411	-901	2221624228	2	0	0	0	1	0	1	-140	480	270	-421	-141	480
2	411	-901	2221626212	1	0	0	0	0	0	1	-140	480	270	-421	-141	480
2	411	-901	2221630220	1	0	0	0	0	0	1	-140	480	270	-421	-141	480
2	411	-901	2221632216	1	0	1	0	0	0	1	-140	480	270	-421	-141	480
2	411	-901	2221634220	2	0	0	0	0	0	1	-140	480	270	-421	-141	480
2	411	-901	2221636216	1	0	0	0	0	0	1	-140	480	270	-421	-141	480
2	411	-901	2221638220	1	0	0	0	0	0	1	-140	480	270	-421	-141	480
2	411	-901	2221640256	3	0	0	-1	1	0	1	-139	480	270	-421	-141	480
2	411	-901	2221642208	1	0	0	0	0	0	1	-139	480	270	-421	-141	480
2	411	-901	2221644212	1	0	1	0	0	0	1	-139	480	270	-421	-141	480
2	411	-901	2221646248	1	-2	0	-1	0	0	1	-139	480	270	-421	-141	480
2	411	-901	2221648220	2	0	0	0	0	0	1	-139	480	270	-421	-141	480
2	411	-901	2221650224	1	0	2	0	0	0	1	-139	480	270	-421	-141	480
2	411	-901	2221652240	0	-1	0	-2	0	-1	1	-139	479	270	-421	-141	480
2	411	-901	2221654240	1	0	0	0	1	0	1	-138	479	270	-421	-141	480
2	411	-901	2221656252	1	-1	1	-1	0	0	1	-138	479	270	-421	-141	480
2	411	-901	2221658256	2	0	0	-1	0	0	1	-138	479	270	-421	-141	480
2	411	-901	2221660252	1	-1	1	-1	0	0	1	-138	479	270	-421	-141	480
2	411	-901	2221662268	0	-3	1	-2	0	-1	1	-138	478	270	-421	-141	480
2	411	-901	2221664248	1	-2	2	-2	0	0	1	-138	478	270	-421	-141	480
2	411	-901	2221666276	1	-3	1	-3	1	-1	0	-137	477	270	-421	-141	480
2	411	-901	2221668252	0	-4	2	-2	0	0	0	-137	477	270	-421	-141	480
2	411	-901	2221670272	0	-3	3	-4	0	-1	0	-137	476	270	-421	-141	480
2	411	-901	2221672272	0	-5	4	-5	0	-1	0	-137	475	270	-421	-141	480
2	411	-901	2221674280	0	-5	5	-5	1	-1	0	-136	474	270	-421	-141	480
2	411	-901	2221676268	0	-7	3	-5	0	-1	0	-136	473	270	-421	-141	480
2	411	-901	2221678276	0	-7	7	-6	1	-1	0	-135	472	270	-421	-141	480
2	411	-901	2221680260	0	-8	6	-8	0	-1	0	-135	471	270	-421	-141	480
2	411	-901	2221682268	-1	-8	6	-7	1	-2	0	-134	469	270	-421	-141	480
2	411	-901	2221684272	-1	-10	8	-8	1	-2	0	-133	467	270	-421	-141	480
2	411	-901	2221686256	-2	-9	10	-8	0	-1	0	-133	466	270	-421	-141	480
2	411	-901	2221688264	-2	-10	8	-10	1	-2	0	-132	464	270	-421	-141	480
2	411	-901	2221690264	-1	-13	12	-10	1	-2	0	-131	462	270	-421	-141	480
2	411	-901	2221692268	-3	-11	11	-12	1	-2	0	-130	460	270	-421	-141	480
2	411	-901	2221694272	-1	-12	12	-11	1	-2	0	-129	458	270	-421	-141	480
2	411	-901	2221696268	-1	-13	14	-11	1	-3	0	-128	455	270	-421	-141	480
2	411	-901	2221698264	-3	-12	16	-13	1	-2	0	-127	453	270	-421	-141	480
2	411	-901	2221700268	-1	-13	15	-11	1	-2	0	-126	451	270	-421	-141	480
2	411	-901	2221702264	-1	-11	15	-11	2	-2	0	-124	449	270	-421	-141	480
2	411	-901	2221704268	-2	-14	15	-11	1	-3	0	-123	446	270	-421	-141	480
2	411	-901	2221706264	0	-11	15	-12	1	-2	0	-122	444	270	-421	-141	480
2	411	-901	2221708256	0	-11	14	-11	2	-2	0	-120	442	270	-421	-141	480
2	411	-901	2221710260	0	-12	14	-10	1	-2	0	-119	440	270	-421	-141	480
2	411	-901	2221712260	0	-10	14	-10	1	-2	0	-118	438	270	-421	-141	480
2	411	-901	2221714256	0	-8	12	-9	1	-1	0	-117	437	270	-421	-141	480
2	411	-901	2221716260	0	-10	11	-7	1	-2	0	-116	435	270	-421	-141	480
2	411	-901	2221718256	0	-8	12	-8	2	-2	0	-114	433	270	-421	-141	480
2	411	-901	2221720260	1	-7	10	-7	1	-1	0	-113	432	270	-421	-141	480
2	411	-901	2221722260	0	-8	11	-8	1	-1	0	-112	431	270	-421	-141	480
2	411	-901	2221724264	1	-6	10	-7	1	-2	0	-111	429	270	-421	-141	480
2	411	-901	2221726264	1	-6	9	-6	1	-1	0	-110	428	270	-421	-141	480
2	411	-901	2221728252	1	-7	8	-5	0	-1	0	-110	427	270	-421	-141	480
2	411	-901	2221730260	2	-6	9	-7	2	-1	0	-108	426	270	-421	-141	480
2	411	-901	2221732256	1	-6	8	-6	0	-1	0	-108	425	270	-421	-141	480
2	411	-901	2221734276	2	-8	8	-6	1	-2	0	-107	423	270	-421	-141	480
2	411	-901	2221736272	2	-6	9	-6	1	-1	0	-106	422	270	-421	-141	480
2	411	-901	2221738272	2	-7	9	-7	1	-1	0	-105	421	270	-421	-141	480
2	411	-901	2221740268	3	-7	10	-7	2	-1	0	-103	420	270	-421	-141	480
2	411	-901	2221742272	3	-7	10	-8	1	-2	0	-102	418	270	-421	-141	480
2	411	-901	2221744272	4	-10	12	-8	1	-1	0	-101	417	270	-421	-141	480
2	411	-901	2221746268	4	-9	13	-9	2	-2	0	-99	415	270	-421	-141	480
2	411	-901	2221748268	5	-11	12	-10	1	-2	0	-98	413	270	-421	-141	480
2	411	-901	2221750264	4	-11	14	-10	2	-2	0	-96	411	270	-421	-141	480
2	411	-901	2221752264	6	-13	14	-10	2	-2	0	-94	409	270	-421	-141	480
2	411	-901	2221754264	5	-11	15	-13	2	-2	0	-92	407	270	-421	-141	480
2	411	-901	2221756264	5	-15	14	-11	2	-3	0	-90	404	270	-421	-141	480
2	411	-901	2221758264	6	-13	15	-12	2	-2	0	-88	402	270	-421	-141	480
2	411	-901	2221760268	5	-12	13	-13	1	-3	0	-87	399	270	-421	-141	480
2	411	-901	2221762268	6	-15	14	-12	2	-2	0	-85	397	270	-421	-141	480
2	411	-901	2221764264	5	-13	14	-13	2	-2	0	-83	395	270	-421	-141	480
2	411	-901	2221766264	7	-15	14	-12	2	-3	0	-81	392	270	-421	-141	480
2	411	-901	2221768264	5	-12	13	-15	2	-3	0	-79	389	270	-421	-141	480
2	411	-901	2221770264	6	-15	12	-14	1	-2	0	-78	387	270	-421	-141	480
2	411	-901	2221772264	4	-13	11	-13	2	-3	0	-76	384	270	-421	-141	480
2	411	-901	2221774264	5	-13	9	-12	1	-2	0	-75	382	270	-421	-141	480
2	411	-901	2221776272	3	-13	8	-11	1	-2	0	-74	380	270	-421	-141	480
2	411	-901	2221778268	4	-12	8	-13	1	-3	0	-73	377	270	-421	-141	480
2	411	-901	2221780272	3	-13	7	-11	1	-2	0	-72	375	270	-421	-141	480
2	411	-901	2221782268	2	-11	5	-11	1	-2	0	-71	373	270	-421	-141	480
2	411	-901	2221784264	3	-13	5	-12	1	-2	0	-70	371	270	-421	-141	480
2	411	-901	2221786248	1	-10	5	-11	0	-2	0	-70	369	270	-421	-141	480
2	411	-901	2221788268	1	-11	4	-10	1	-2	0	-69	367	270	-421	-141	480
2	411	-901	2221790248	1	-10	4	-10	0	-2	0	-69	365	270	-421	-141	480
2	411	-901	2221792252	2	-11	4	-10	1	-2	0	-68	363	270	-421	-141	480
2	411	-901	2221794244	0	-10	2	-12	0	-2	0	-68	361	270	-421	-141	480
2	411	-901	2221796252	1	-10	3	-9	0	-2	0	-68	359	270	-421	-141	480
2	411	-901	2221798252	0	-10	2	-10	0	-2	0	-68	357	270	-421	-141	480
2	411	-901	2221800260	0	-10	3	-10	1	-2	0	-67	355	270	-421	-141	480
2	411	-901	2221802244	0	-11	2	-10	0	-2	0	-67	353	270	-421	-141	480
2	411	-901	2221804256	0	-10	3	-10	0	-2	0	-67	351	270	-421	-141	480
2	411	-901	2221806252	0	-12	2	-10	0	-2	0	-67	349	270	-421	-141	480
2	411	-901	2221808264	0	-10	3	-11	1	-2	0	-66	347	270	-421	-141	480
2	411	-901	2221810252	0	-11	2	-10	0	-2	0	-66	345	270	-421	-141	480
2	411	-901	2221812248	0	-11	4	-12	0	-2	0	-66	343	270	-421	-141	480
2	411	-901	2221814244	0	-10	2	-10	0	-2	0	-66	341	270	-421	-141	480
2	411	-901	2221816256	-2	-14	4	-11	1	-2	0	-65	339	270	-421	-141	480
2	411	-901	2221818248	0	-11	4	-14	0	-2	0	-65	337	270	-421	-141	480
2	411	-901	2221820256	0	-13	4	-11	0	-2	0	-65	335	270	-421	-141	480
2	411	-901	2221822264	0	-12	5	-12	1	-3	0	-64	332	270	-421	-141	480
2	411	-901	2221824248	0	-14	3	-13	0	-2	0	-64	330	270	-421	-141	480
2	411	-901	2221826268	0	-12	5	-12	1	-3	0	-63	327	270	-421	-141	480
2	411	-901	2221828256	0	-14	7	-14	0	-2	0	-63	325	270	-421	-141	480
2	411	-901	2221830260	0	-14	5	-13	1	-3	0	-62	322	270	-421	-141	480
2	411	-901	2221832248	0	-14	6	-13	0	-2	0	-62	320	270	-421	-141	480
2	411	-901	2221834268	0	-16	6	-15	1	-3	0	-61	317	270	-421	-141	480
2	411	-901	2221836256	0	-14	8	-14	1	-3	0	-60	314	270	-421	-141	480
2	411	-901	2221838244	0	-17	6	-15	0	-3	0	-60	311	270	-421	-141	480
2	411	-901	2221840252	0	-16	7	-16	1	-3	0	-59	308	270	-421	-141	480
2	411	-901	2221842260	-1	-18	10	-19	1	-3	0	-58	305	270	-421	-141	480
2	411	-901	2221844240	0	-17	9	-16	0	-3	0	-58	302	270	-421	-141	480
2	411	-901	2221846256	0	-22	9	-19	1	-4	0	-57	298	270	-421	-141	480
2	411	-901	2221848252	-1	-18	10	-18	1	-4	0	-56	294	270	-421	-141	480
2	411	-901	2221850256	-1	-19	11	-20	1	-3	0	-55	291	270	-421	-141	480
2	411	-901	2221852252	-2	-25	11	-20	1	-4	0	-54	287	270	-421	-141	480
2	411	-901	2221854256	-1	-21	12	-22	1	-4	0	-53	283	270	-421	-141	480
2	411	-901	2221856252	-2	-28	12	-23	1	-5	0	-52	278	270	-421	-141	480
2	411	-901	2221858256	-3	-25	14	-23	1	-5	0	-51	273	270	-421	-141	480
2	411	-901	2221860264	-4	-30	14	-27	1	-5	0	-50	268	270	-421	-141	480
2	411	-901	2221862268	-3	-27	13	-26	1	-5	0	-49	263	270	-421	-141	480
2	411	-901	2221864264	-5	-34	18	-32	1	-6	0	-48	257	270	-421	-141	480
2	411	-901	2221866260	-7	-30	16	-30	1	-6	0	-47	251	270	-421	-141	480
2	411	-901	2221868264	-5	-33	16	-32	1	-6	0	-46	245	270	-421	-141	480
2	411	-901	2221870260	-7	-37	17	-32	1	-6	0	-45	239	270	-421	-141	480
2	411	-901	2221872256	-8	-35	17	-33	1	-7	0	-44	232	270	-421	-141	480
2	411	-901	2221874264	-8	-41	18	-35	1	-7	0	-43	225	270	-421	-141	480
2	411	-901	2221876248	-8	-37	17	-36	0	-7	0	-43	218	270	-421	-141	480
2	411	-901	2221878256	-10	-42	18	-36	1	-7	0	-42	211	270	-421	-141	480
2	411	-901	2221880256	-7	-36	17	-36	1	-7	0	-41	204	270	-421	-141	480
2	411	-901	2221882252	-10	-43	19	-37	1	-7	0	-40	197	270	-421	-141	480
2	411	-901	2221884248	-8	-37	17	-36	1	-7	0	-39	190	270	-421	-141	480
2	411	-901	2221886256	-7	-37	17	-36	1	-7	0	-38	183	270	-421	-141	480
2	411	-901	2221888252	-8	-41	20	-41	1	-8	0	-37	175	270	-421	-141	480
2	411	-901	2221890256	-6	-35	15	-34	1	-6	0	-36	169	270	-421	-141	480
2	411	-901	2221892240	-8	-37	16	-34	0	-7	0	-36	162	270	-421	-141	480
2	411	-901	2221894256	-5	-33	14	-32	1	-6	0	-35	156	270	-421	-141	480
2	411	-901	2221896252	-5	-35	13	-32	1	-6	0	-34	150	270	-421	-141	480
2	411	-901	2221898260	-3	-29	14	-30	1	-6	0	-33	144	270	-421	-141	480
2	411	-901	2221900256	-4	-31	11	-28	1	-5	0	-32	139	270	-421	-141	480
2	411	-901	2221902260	-1	-26	12	-27	1	-5	0	-31	134	270	-421	-141	480
2	411	-901	2221904268	-2	-28	11	-25	1	-5	0	-30	129	270	-421	-141	480
2	411	-901	2221906248	-1	-22	10	-23	0	-4	0	-30	125	270	-421	-141	480
2	411	-901	2221908268	0	-21	9	-22	1	-4	0	-29	121	270	-421	-141	480
2	411	-901	2221910264	0	-22	7	-21	1	-4	1	-28	117	270	-421	-141	480
3	411	-901	2221912260	0	-18	9	-21	1	-4	1	271	-425	270	-421	-141	480
3	411	-901	2221914264	3	-19	6	-18	1	-4	1	272	-429	270	-421	-141	480
3	411	-901	2221916264	2	-16	6	-16	0	-3	1	272	-432	270	-421	-141	480
3	-648	748	2221918268	3	-18	5	-15	1	-3	1	273	-435	-378	327	270	-421
3	-648	748	2221920268	2	-14	5	-15	1	-2	1	274	-437	-378	327	270	-421
3	-648	748	2221922256	3	-16	5	-15	1	-3	1	275	-440	-378	327	270	-421
3	-648	748	2221924252	2	-14	5	-14	0	-3	1	275	-443	-378	327	270	-421
3	-648	748	2221926256	3	-13	4	-13	1	-2	1	276	-445	-378	327	270	-421
3	-648	748	2221928252	4	-17	4	-14	1	-3	1	277	-448	-378	327	270	-421
3	-648	748	2221930248	2	-13	4	-14	0	-3	1	277	-451	-378	327	270	-421
3	-648	748	2221932268	4	-15	3	-14	1	-3	1	278	-454	-378	327	270	-421
3	-648	748	2221934252	2	-15	4	-16	0	-2	1	278	-456	-378	327	270	-421
3	-648	748	2221936260	5	-17	4	-15	1	-3	1	279	-459	-378	327	270	-421
3	-648	748	2221938256	3	-15	4	-14	1	-3	1	280	-462	-378	327	270	-421
3	-648	748	2221940252	4	-15	3	-16	1	-3	1	281	-465	-378	327	270	-421
3	-648	748	2221942248	5	-18	4	-15	0	-3	1	281	-468	-378	327	270	-421
3	-648	748	2221944256	3	-17	4	-16	1	-3	1	282	-471	-378	327	270	-421
3	-648	748	2221946264	4	-18	4	-18	1	-4	1	283	-475	-378	327	270	-421
3	-648	748	2221948260	5	-18	5	-16	1	-3	1	284	-478	-378	327	270	-421
3	-648	748	2221950256	4	-21	3	-17	0	-3	1	284	-481	-378	327	270	-421
3	-648	748	2221952264	4	-19	5	-19	1	-4	1	285	-485	-378	327	270	-421
3	-648	748	2221954260	5	-22	5	-19	1	-4	1	286	-489	-378	327	270	-421
3	-648	748	2221956268	2	-20	7	-20	1	-4	1	287	-493	-378	327	270	-421
3	-648	748	2221958264	4	-24	6	-24	1	-4	1	288	-497	-378	327	270	-421
3	-648	748	2221960260	4	-21	6	-21	1	-4	1	289	-501	-378	327	270	-421
3	-648	748	2221962260	2	-23	6	-22	1	-4	1	290	-505	-378	327	270	-421
3	-648	748	2221964260	3	-26	8	-23	1	-5	1	291	-510	-378	327	270	-421
3	-648	748	2221966256	2	-24	7	-24	1	-4	1	292	-514	-378	327	270	-421
3	-648	748	2221968244	1	-27	8	-23	0	-5	1	292	-519	-378	327	270	-421
3	-648	748	2221970260	2	-24	9	-25	1	-5	1	293	-524	-378	327	270	-421
3	-648	748	2221972256	0	-30	8	-25	1	-5	0	294	-529	-378	327	270	-421
3	-648	748	2221974256	0	-25	10	-25	1	-4	0	295	-533	-378	327	270	-421
3	-648	748	2221976256	0	-30	10	-27	1	-6	0	296	-539	-378	327	270	-421
3	-648	748	2221978260	0	-26	10	-26	1	-5	0	297	-544	-378	327	270	-421
3	-648	748	2221980260	-2	-28	12	-27	1	-5	0	298	-549	-378	327	270	-421
3	-648	748	2221982260	-1	-31	12	-32	1	-6	0	299	-555	-378	327	270	-421
3	-648	748	2221984256	-4	-28	11	-27	1	-5	0	300	-560	-378	327	270	-421
3	-648	748	2221986264	-2	-31	13	-28	1	-5	0	301	-565	-378	327	270	-421
3	-648	748	2221988256	-4	-27	12	-27	0	-5	0	301	-570	-378	327	270	-421
3	-648	748	2221990276	-5	-32	14	-28	1	-6	0	302	-576	-378	327	270	-421
3	-648	748	2221992272	-4	-26	13	-26	1	-5	0	303	-581	-378	327	270	-421
3	-648	748	2221994268	-5	-31	13	-27	1	-5	0	304	-586	-378	327	270	-421
3	-648	748	2221996260	-5	-26	14	-27	1	-5	0	305	-591	-378	327	270	-421
3	-648	748	2221998268	-4	-25	14	-26	1	-5	0	306	-596	-378	327	270	-421
3	-648	748	2222000252	-6	-29	14	-25	0	-5	0	306	-601	-378	327	270	-421
3	-648	748	2222002268	-4	-25	15	-25	1	-5	0	307	-606	-378	327	270	-421
3	-648	748	2222004264	-5	-26	13	-24	1	-5	0	308	-611	-378	327	270	-421
3	-648	748	2222006264	-5	-23	17	-27	1	-4	0	309	-615	-378	327	270	-421
3	-648	748	2222008256	-3	-25	13	-21	1	-5	0	310	-620	-378	327	270	-421
3	-648	748	2222010252	-4	-20	14	-22	1	-3	0	311	-623	-378	327	270	-421
3	-648	748	2222012260	-4	-22	14	-20	1	-4	0	312	-627	-378	327	270	-421
3	-648	748	2222014264	-2	-19	12	-17	1	-4	0	313	-631	-378	327	270	-421
3	-648	748	2222016260	-3	-16	13	-18	1	-3	0	314	-634	-378	327	270	-421
3	-648	748	2222018256	-2	-18	12	-16	1	-3	0	315	-637	-378	327	270	-421
3	-648	748	2222020260	-3	-14	12	-15	1	-3	0	316	-640	-378	327	270	-421
3	-648	748	2222022256	-1	-15	11	-12	1	-2	0	317	-642	-378	327	270	-421
3	-648	748	2222024252	-1	-11	10	-13	0	-3	0	317	-645	-378	327	270	-421
3	-648	748	2222026256	-2	-11	9	-10	1	-2	0	318	-647	-378	327	270	-421
3	-648	748	2222028260	0	-9	8	-10	1	-1	0	319	-648	-378	327	270	-421
3	-648	748	2222030260	-1	-9	9	-9	1	-2	0	320	-650	-378	327	270	-421
3	-648	748	2222032252	0	-6	6	-6	0	-1	0	320	-651	-378	327	270	-421
3	-648	748	2222034264	0	-5	7	-6	1	-1	0	321	-652	-378	327	270	-421
3	-648	748	2222036256	0	-5	5	-5	0	-1	0	321	-653	-378	327	270	-421
3	-648	748	2222038268	0	-4	5	-4	1	-1	0	322	-654	-378	327	270	-421
3	-648	748	2222040244	0	-3	3	-2	0	0	0	322	-654	-378	327	270	-421
3	-648	748	2222042256	0	-2	4	-3	0	-1	0	322	-655	-378	327	270	-421
3	-648	748	2222044256	0	-1	3	-1	1	0	0	323	-655	-378	327	270	-421
3	-648	748	2222046248	0	-1	1	-1	0	0	0	323	-655	-378	327	270	-421
3	-648	748	2222048264	0	-1	2	-2	0	-1	0	323	-656	-378	327	270	-421
3	-648	748	2222050216	0	0	2	0	0	0	0	323	-656	-378	327	270	-421
3	-648	748	2222054212	0	0	1	0	0	0	1	323	-656	-378	327	270	-421
4	-648	748	2222060216	0	0	1	0	0	0	1	-378	327	-378	327	270	-421
4	833	-535	2222068220	0	0	1	0	0	0	1	-378	327	455	-208	-378	327
4	833	-535	2222078240	0	0	2	0	1	0	1	-377	327	455	-208	-378	327
4	833	-535	2222088248	0	0	1	0	0	0	1	-377	327	455	-208	-378	327
4	833	-535	2222092248	0	0	0	-1	0	0	1	-377	327	455	-208	-378	327
4	833	-535	2222094244	0	-2	0	0	0	0	1	-377	327	455	-208	-378	327
4	833	-535	2222098244	0	-1	0	-1	0	0	1	-377	327	455	-208	-378	327
4	833	-535	2222100248	0	-1	0	-1	0	0	1	-377	327	455	-208	-378	327
4	833	-535	2222102252	0	-1	0	-2	0	0	1	-377	327	455	-208	-378	327
4	833	-535	2222104268	0	-3	0	-2	0	-1	1	-377	326	455	-208	-378	327
4	833	-535	2222106300	0	-4	1	-3	0	-1	1	-377	325	455	-208	-378	327
4	833	-535	2222108256	0	-3	0	-3	0	0	1	-377	325	455	-208	-378	327
4	833	-535	2222110300	0	-5	1	-5	0	-1	1	-377	324	455	-208	-378	327
4	833	-535	2222112268	0	-5	0	-5	0	-1	1	-377	323	455	-208	-378	327
4	833	-535	2222114296	0	-7	2	-5	0	-1	1	-377	322	455	-208	-378	327
4	833	-535	2222116296	0	-7	1	-8	0	-2	1	-377	320	455	-208	-378	327
4	833	-535	2222118264	-1	-8	1	-6	0	-1	1	-377	319	455	-208	-378	327
4	833	-535	2222120288	-1	-8	3	-9	0	-1	1	-377	318	455	-208	-378	327
4	833	-535	2222122292	-2	-9	1	-9	0	-2	1	-377	316	455	-208	-378	327
4	833	-535	2222124296	-1	-11	2	-8	0	-2	1	-377	314	455	-208	-378	327
4	833	-535	2222126304	-2	-10	3	-10	1	-2	1	-376	312	455	-208	-378	327
4	833	-535	2222128284	-3	-13	2	-10	0	-2	1	-376	310	455	-208	-378	327
4	833	-535	2222130288	-2	-11	3	-12	0	-2	0	-376	308	455	-208	-378	327
4	833	-535	2222132288	-3	-11	4	-11	0	-2	0	-376	306	455	-208	-378	327
4	833	-535	2222134288	-2	-14	3	-12	0	-3	0	-376	303	455	-208	-378	327
4	833	-535	2222136252	-3	-11	3	-12	0	-2	0	-376	301	455	-208	-378	327
4	833	-535	2222138248	-4	-14	4	-11	0	-2	0	-376	299	455	-208	-378	327
4	833	-535	2222140252	-3	-10	3	-11	0	-2	0	-376	297	455	-208	-378	327
4	833	-535	2222142256	-4	-13	4	-11	0	-2	0	-376	295	455	-208	-378	327
4	833	-535	2222144248	-4	-11	4	-12	0	-3	0	-376	292	455	-208	-378	327
4	833	-535	2222146284	-4	-11	5	-11	0	-2	0	-376	290	455	-208	-378	327
4	833	-535	2222148288	-2	-10	4	-10	0	-1	0	-376	289	455	-208	-378	327
4	833	-535	2222150288	-4	-10	3	-9	0	-2	0	-376	287	455	-208	-378	327
4	833	-535	2222152256	-4	-9	4	-10	0	-2	0	-376	285	455	-208	-378	327
4	833	-535	2222154288	-2	-9	4	-7	0	-2	0	-376	283	455	-208	-378	327
4	833	-535	2222156264	-4	-8	4	-9	0	-1	0	-376	282	455	-208	-378	327
4	833	-535	2222158292	-2	-8	3	-7	0	-2	0	-376	280	455	-208	-378	327
4	833	-535	2222160296	-3	-7	4	-7	0	-1	0	-376	279	455	-208	-378	327
4	833	-535	2222162304	-2	-5	4	-6	0	-1	0	-376	278	455	-208	-378	327
4	833	-535	2222164316	-2	-7	4	-5	1	-1	0	-375	277	455	-208	-378	327
4	833	-535	2222166276	-2	-5	2	-5	0	-1	0	-375	276	455	-208	-378	327
4	833	-535	2222168312	-1	-3	3	-4	0	-1	0	-375	275	455	-208	-378	327
4	833	-535	2222170272	-2	-4	2	-3	0	0	0	-375	275	455	-208	-378	327
4	833	-535	2222172312	-1	-3	3	-4	0	-1	0	-375	274	455	-208	-378	327
4	833	-535	2222174300	-1	-3	2	-3	0	0	0	-375	274	455	-208	-378	327
4	833	-535	2222176280	-1	-2	1	-1	0	-1	0	-375	273	455	-208	-378	327
4	833	-535	2222178288	0	-2	3	-2	0	0	0	-375	273	455	-208	-378	327
4	833	-535	2222180288	-2	-1	1	-2	0	0	0	-375	273	455	-208	-378	327
4	833	-535	2222182300	0	-2	1	-1	0	-1	0	-375	272	455	-208	-378	327
4	833	-535	2222184300	0	0	2	-1	1	0	0	-374	272	455	-208	-378	327
4	833	-535	2222186284	0	-1	1	0	0	0	0	-374	272	455	-208	-378	327
4	833	-535	2222188248	0	0	1	0	0	0	0	-374	272	455	-208	-378	327
4	833	-535	2222192256	0	0	1	0	0	0	0	-374	272	455	-208	-378	327
4	833	-535	2222196260	0	0	2	0	0	0	0	-374	272	455	-208	-378	327
4	833	-535	2222200240	0	0	0	0	0	0	1	-374	272	455	-208	-378	327
5	833	-535	2222202264	0	0	1	0	0	0	1	455	-208	455	-208	-378	327
5	833	-535	2222206272	0	2	0	0	0	0	1	455	-208	455	-208	-378	327
5	833	-535	2222210280	0	0	1	0	0	0	1	455	-208	455	-208	-378	327
5	833	-535	2222214284	0	1	0	0	0	0	1	455	-208	455	-208	-378	327
5	833	-535	2222216288	0	0	0	2	0	0	1	455	-208	455	-208	-378	327
5	833	-535	2222220296	0	1	0	0	0	0	1	455	-208	455	-208	-378	327
5	-950	279	2222286372	-1	0	0	0	0	0	1	455	-208	-495	71	455	-208
5	-950	279	2222290332	0	0	0	0	0	0	0	455	-208	-495	71	455	-208
5	-950	279	2222292368	-1	0	0	0	0	0	0	455	-208	-495	71	455	-208
5	-950	279	2222296380	-1	0	0	0	0	0	0	455	-208	-495	71	455	-208
5	-950	279	2222298408	-2	1	0	1	0	0	0	455	-208	-495	71	455	-208
5	-950	279	2222300412	-1	2	0	2	0	0	0	455	-208	-495	71	455	-208
5	-950	279	2222302432	-2	3	0	3	0	1	0	455	-207	-495	71	455	-208
5	-950	279	2222304420	-3	3	0	2	0	0	0	455	-207	-495	71	455	-208
5	-950	279	2222306424	-2	5	-2	4	0	1	0	455	-206	-495	71	455	-208
5	-950	279	2222308436	-4	4	0	4	-1	1	0	454	-205	-495	71	455	-208
5	-950	279	2222310428	-4	6	-1	5	0	1	0	454	-204	-495	71	455	-208
5	-950	279	2222312420	-4	6	0	6	0	1	0	454	-203	-495	71	455	-208
5	-950	279	2222314440	-3	8	0	6	-1	1	0	453	-202	-495	71	455	-208
5	-950	279	2222316428	-4	7	0	8	0	2	0	453	-200	-495	71	455	-208
5	-950	279	2222318448	-4	10	-1	7	-1	1	0	452	-199	-495	71	455	-208
5	-950	279	2222320440	-5	9	0	9	0	2	0	452	-197	-495	71	455	-208
5	-950	279	2222322432	-4	10	0	11	0	2	0	452	-195	-495	71	455	-208
5	-950	279	2222324452	-3	12	0	12	-1	2	0	451	-193	-495	71	455	-208
5	-950	279	2222326440	-4	12	0	11	0	2	0	451	-191	-495	71	455	-208
5	-950	279	2222328440	-5	15	0	12	0	3	0	451	-188	-495	71	455	-208
5	-950	279	2222330456	-4	13	0	14	-1	2	0	450	-186	-495	71	455	-208
5	-950	279	2222332444	-4	17	0	14	0	3	0	450	-183	-495	71	455	-208
5	-950	279	2222334448	-2	15	0	15	0	3	0	450	-180	-495	71	455	-208
5	-950	279	2222336452	-3	16	0	15	-1	3	0	449	-177	-495	71	455	-208
5	-950	279	2222338448	-1	16	0	15	0	3	0	449	-174	-495	71	455	-208
5	-950	279	2222340452	-1	16	0	16	0	3	0	449	-171	-495	71	455	-208
5	-950	279	2222342452	-1	19	0	16	0	3	0	449	-168	-495	71	455	-208
5	-950	279	2222344456	-2	16	0	19	0	4	0	449	-164	-495	71	455	-208
5	-950	279	2222346428	0	19	0	18	0	3	0	449	-161	-495	71	455	-208
5	-950	279	2222348424	0	18	0	17	0	3	0	449	-158	-495	71	455	-208
5	-950	279	2222350424	0	20	0	18	0	4	0	449	-154	-495	71	455	-208
5	-950	279	2222352424	0	17	0	16	0	3	0	449	-151	-495	71	455	-208
5	-950	279	2222354452	0	20	-1	17	0	3	0	449	-148	-495	71	455	-208
5	-950	279	2222356448	0	16	-2	18	0	4	0	449	-144	-495	71	455	-208
5	-950	279	2222358468	0	19	-1	16	-1	3	0	448	-141	-495	71	455	-208
5	-950	279	2222360448	0	16	-1	16	0	3	1	448	-138	-495	71	455	-208
6	-950	279	2222362452	0	17	-3	15	0	3	1	-495	74	-495	71	455	-208
6	-950	279	2222364456	0	16	-1	15	0	3	1	-495	77	-495	71	455	-208
6	990	0	2222366460	1	14	-2	15	0	3	1	-495	80	495	71	-495	71
6	990	0	2222368456	0	15	-3	15	0	2	1	-495	82	495	71	-495	71
6	990	0	2222370416	1	12	-1	13	0	3	1	-495	85	495	71	-495	71
6	990	0	2222372468	0	13	-3	11	-1	2	1	-496	87	495	71	-495	71
6	990	0	2222374456	0	10	-1	10	0	2	1	-496	89	495	71	-495	71
6	990	0	2222376428	1	10	-1	10	0	2	1	-496	91	495	71	-495	71
6	990	0	2222378464	0	7	-3	8	0	1	1	-496	92	495	71	-495	71
6	990	0	2222380464	0	8	-1	7	0	2	1	-496	94	495	71	-495	71
6	990	0	2222382440	1	6	-1	6	0	1	1	-496	95	495	71	-495	71
6	990	0	2222384472	0	5	-1	5	0	1	1	-496	96	495	71	-495	71
6	990	0	2222386456	0	4	-2	4	0	0	1	-496	96	495	71	-495	71
6	990	0	2222388432	0	3	0	4	0	1	1	-496	97	495	71	-495	71
6	990	0	2222390444	2	3	-1	2	0	0	1	-496	97	495	71	-495	71
6	990	0	2222392432	0	1	0	3	0	1	1	-496	98	495	71	-495	71
6	990	0	2222394456	0	1	-1	1	0	0	1	-496	98	495	71	-495	71
6	990	0	2222396412	0	2	0	1	0	0	1	-496	98	495	71	-495	71
6	990	0	2222398448	1	0	0	2	0	0	1	-496	98	495	71	-495	71
6	990	0	2222414412	0	-1	0	0	0	0	1	-496	98	495	71	-495	71
6	990	0	2222416412	0	0	0	-1	0	0	1	-496	98	495	71	-495	71
6	990	0	2222422416	0	-1	0	-1	0	0	1	-496	98	495	71	-495	71
6	990	0	2222426424	0	-1	0	0	0	0	1	-496	98	495	71	-495	71
6	990	0	2222428424	0	0	0	-1	0	0	0	-496	98	495	71	-495	71
6	990	0	2222432424	0	-1	0	-2	0	0	0	-496	98	495	71	-495	71
6	990	0	2222434428	0	-2	0	0	0	0	0	-496	98	495	71	-495	71
6	990	0	2222436472	-2	-1	0	-1	-1	0	0	-497	98	495	71	-495	71
6	990	0	2222438452	-1	-1	0	-1	0	0	0	-497	98	495	71	-495	71
6	990	0	2222440412	0	-1	0	-1	0	0	0	-497	98	495	71	-495	71
6	990	0	2222442456	-1	-2	0	-3	0	-1	0	-497	97	495	71	-495	71
6	990	0	2222444444	-1	-1	0	-1	0	0	0	-497	97	495	71	-495	71
6	990	0	2222446440	-2	-1	0	-1	0	0	0	-497	97	495	71	-495	71
6	990	0	2222448448	-1	-1	0	-2	0	0	0	-497	97	495	71	-495	71
6	990	0	2222450432	0	-2	0	-1	0	-1	0	-497	96	495	71	-495	71
6	990	0	2222452448	-1	-1	2	-1	0	0	0	-497	96	495	71	-495	71
6	990	0	2222454444	-1	-2	0	-1	0	0	0	-497	96	495	71	-495	71
6	990	0	2222456440	-2	-2	0	-2	0	0	0	-497	96	495	71	-495	71
6	990	0	2222458452	0	-1	1	-1	0	-1	0	-497	95	495	71	-495	71
6	990	0	2222460436	-1	0	0	-1	0	0	0	-497	95	495	71	-495	71
6	990	0	2222462440	-1	-1	0	-1	0	0	0	-497	95	495	71	-495	71
6	990	0	2222464404	0	-1	0	-2	0	0	0	-497	95	495	71	-495	71
6	990	0	2222466440	-1	-2	0	0	0	0	0	-497	95	495	71	-495	71
6	990	0	2222468444	0	0	1	-1	0	0	0	-497	95	495	71	-495	71
6	990	0	2222470468	-2	-1	0	-1	-1	-1	0	-498	94	495	71	-495	71
6	990	0	2222480428	0	0	1	0	0	0	0	-498	94	495	71	-495	71
6	990	0	2222496428	0	0	2	0	0	0	0	-498	94	495	71	-495	71
6	990	0	2222498428	1	0	0	0	0	0	0	-498	94	495	71	-495	71
6	990	0	2222500432	0	2	0	2	0	0	0	-498	94	495	71	-495	71
6	990	0	2222506440	0	0	1	0	0	0	0	-498	94	495	71	-495	71
6	990	0	2222508444	0	0	0	1	0	0	0	-498	94	495	71	-495	71
6	990	0	2222510448	0	1	0	0	0	0	0	-498	94	495	71	-495	71
6	990	0	2222512420	0	0	0	0	0	0	1	-498	94	495	71	-495	71
7	-950	-279	2222522472	0	0	1	0	0	0	1	495	71	-455	-208	495	71
7	-950	-279	2222548548	1	0	0	-1	0	0	1	495	71	-455	-208	495	71
7	-950	-279	2222550512	0	0	1	0	0	0	1	495	71	-455	-208	495	71
7	-950	-279	2222552516	0	-2	0	0	0	0	1	495	71	-455	-208	495	71
7	-950	-279	2222554516	0	0	0	-1	0	0	1	495	71	-455	-208	495	71
7	-950	-279	2222556516	0	-1	0	0	0	0	1	495	71	-455	-208	495	71
7	-950	-279	2222558544	1	-1	0	-1	0	0	1	495	71	-455	-208	495	71
7	-950	-279	2222560516	0	-3	0	-3	0	0	1	495	71	-455	-208	495	71
7	-950	-279	2222562552	1	-1	0	-1	0	0	1	495	71	-455	-208	495	71
7	-950	-279	2222564580	0	-4	2	-4	1	-1	1	496	70	-455	-208	495	71
7	-950	-279	2222566564	2	-3	0	-2	0	-1	1	496	69	-455	-208	495	71
7	-950	-279	2222568548	0	-4	1	-4	0	0	1	496	69	-455	-208	495	71
7	-950	-279	2222570564	1	-4	0	-4	0	-1	1	496	68	-455	-208	495	71
7	-950	-279	2222572560	1	-5	1	-3	0	-1	1	496	67	-455	-208	495	71
7	-950	-279	2222574520	0	-5	0	-5	0	-1	1	496	66	-455	-208	495	71
7	-950	-279	2222576548	1	-4	1	-5	0	-1	1	496	65	-455	-208	495	71
7	-950	-279	2222578560	0	-6	2	-4	1	-1	1	497	64	-455	-208	495	71
7	-950	-279	2222580548	0	-5	1	-5	0	-1	1	497	63	-455	-208	495	71
7	-950	-279	2222582544	2	-6	0	-6	0	-1	1	497	62	-455	-208	495	71
7	-950	-279	2222584544	0	-6	1	-5	0	-1	1	497	61	-455	-208	495	71
7	-950	-279	2222586544	0	-7	1	-5	0	-1	1	497	60	-455	-208	495	71
7	-950	-279	2222588544	0	-5	2	-5	0	-1	0	497	59	-455	-208	495	71
7	-950	-279	2222590516	0	-6	0	-7	0	-1	0	497	58	-455	-208	495	71
7	-950	-279	2222592548	0	-5	1	-3	0	-1	0	497	57	-455	-208	495	71
7	-950	-279	2222594548	0	-4	1	-5	0	-1	0	497	56	-455	-208	495	71
7	-950	-279	2222596532	0	-5	1	-4	0	0	0	497	56	-455	-208	495	71
7	-950	-279	2222598548	-1	-2	0	-5	0	-1	0	497	55	-455	-208	495	71
7	-950	-279	2222600564	0	-4	2	-3	1	-1	0	498	54	-455	-208	495	71
7	-950	-279	2222602540	-1	-2	0	-2	0	0	0	498	54	-455	-208	495	71
7	-950	-279	2222604516	0	-3	0	-3	0	-1	0	498	53	-455	-208	495	71
7	-950	-279	2222606504	-1	-1	1	-2	0	0	0	498	53	-455	-208	495	71
7	-950	-279	2222608504	0	-3	0	-1	0	0	0	498	53	-455	-208	495	71
7	-950	-279	2222610552	-1	0	0	-2	0	-1	0	498	52	-455	-208	495	71
7	-950	-279	2222612508	0	-1	0	0	0	0	0	498	52	-455	-208	495	71
7	-950	-279	2222614536	-2	0	0	-1	0	0	0	498	52	-455	-208	495	71
7	-950	-279	2222616532	0	-1	1	0	0	0	0	498	52	-455	-208	495	71
7	-950	-279	2222622504	-1	0	0	0	0	0	0	498	52	-455	-208	495	71
7	-950	-279	2222636512	0	1	0	1	0	0	0	498	52	-455	-208	495	71
7	-950	-279	2222638516	0	0	0	1	0	0	0	498	52	-455	-208	495	71
7	-950	-279	2222640548	-1	2	0	0	0	0	0	498	52	-455	-208	495	71
7	-950	-279	2222642524	0	1	0	1	0	0	0	498	52	-455	-208	495	71
7	-950	-279	2222644524	0	1	0	1	0	0	0	498	52	-455	-208	495	71
7	-950	-279	2222646524	0	1	0	2	0	0	0	498	52	-455	-208	495	71
7	-950	-279	2222648572	-1	3	0	2	0	1	0	498	53	-455	-208	495	71
7	-950	-279	2222650524	0	1	0	1	0	0	0	498	53	-455	-208	495	71
7	-950	-279	2222652528	0	1	0	2	0	0	0	498	53	-455	-208	495	71
7	-950	-279	2222654572	-2	2	0	1	0	1	0	498	54	-455	-208	495	71
7	-950	-279	2222656524	0	2	0	2	0	0	0	498	54	-455	-208	495	71
7	-950	-279	2222658520	0	1	0	2	0	0	1	498	54	-455	-208	495	71
8	-950	-279	2222660552	-1	2	0	1	0	0	1	-455	-208	-455	-208	495	71
8	-950	-279	2222662528	0	1	0	1	0	1	1	-455	-207	-455	-208	495	71
8	-950	-279	2222664520	0	2	0	1	0	0	1	-455	-207	-455	-208	495	71
8	-950	-279	2222666552	-1	2	0	2	0	0	1	-455	-207	-455	-208	495	71
8	-950	-279	2222668532	0	1	0	1	0	1	1	-455	-206	-455	-208	495	71
8	833	535	2222670512	0	1	0	1	0	0	1	-455	-206	378	327	-455	-208
8	833	535	2222672548	-1	0	0	1	0	0	1	-455	-206	378	327	-455	-208
8	833	535	2222674512	0	1	0	2	0	0	1	-455	-206	378	327	-455	-208
8	833	535	2222678508	0	2	0	1	0	0	1	-455	-206	378	327	-455	-208
8	833	535	2222704492	0	0	0	-1	0	0	1	-455	-206	378	327	-455	-208
8	833	535	2222706492	0	-1	0	0	0	0	1	-455	-206	378	327	-455	-208
8	833	535	2222712496	0	0	0	-1	0	0	1	-455	-206	378	327	-455	-208
8	833	535	2222716500	0	-1	0	0	0	0	1	-455	-206	378	327	-455	-208
8	833	535	2222718500	0	0	0	-1	0	0	1	-455	-206	378	327	-455	-208
8	833	535	2222724508	0	0	0	-1	0	0	1	-455	-206	378	327	-455	-208
8	833	535	2222726508	0	-1	0	0	0	0	1	-455	-206	378	327	-455	-208
8	833	535	2222732512	0	0	0	-2	0	0	1	-455	-206	378	327	-455	-208
8	833	535	2222736476	0	0	0	0	0	0	0	-455	-206	378	327	-455	-208
8	833	535	2222746532	-2	0	0	0	-1	0	0	-456	-206	378	327	-455	-208
8	833	535	2222758528	-1	0	0	0	0	0	0	-456	-206	378	327	-455	-208
8	833	535	2222768548	-1	0	0	1	0	0	0	-456	-206	378	327	-455	-208
8	833	535	2222772548	-1	0	0	1	0	0	0	-456	-206	378	327	-455	-208
8	833	535	2222774552	-2	1	0	1	0	0	0	-456	-206	378	327	-455	-208
8	833	535	2222776548	-1	2	0	2	0	0	0	-456	-206	378	327	-455	-208
8	833	535	2222778560	-1	2	0	1	0	1	0	-456	-205	378	327	-455	-208
8	833	535	2222780512	0	1	0	1	0	0	0	-456	-205	378	327	-455	-208
8	833	535	2222782544	-1	2	0	3	0	0	0	-456	-205	378	327	-455	-208
8	833	535	2222784556	-2	2	1	1	-1	0	0	-457	-205	378	327	-455	-208
8	833	535	2222786544	-1	1	0	2	0	1	0	-457	-204	378	327	-455	-208
8	833	535	2222788532	-1	3	2	3	0	0	0	-457	-204	378	327	-455	-208
8	833	535	2222790540	-1	2	0	1	0	1	0	-457	-203	378	327	-455	-208
8	833	535	2222792524	-2	3	0	3	0	0	0	-457	-203	378	327	-455	-208
8	833	535	2222794488	-1	1	1	2	0	0	0	-457	-203	378	327	-455	-208
8	833	535	2222796528	-1	3	0	3	0	1	0	-457	-202	378	327	-455	-208
8	833	535	2222798484	-1	2	1	2	0	0	0	-457	-202	378	327	-455	-208
8	833	535	2222800520	-2	3	0	1	0	1	0	-457	-201	378	327	-455	-208
8	833	535	2222802504	-1	2	0	3	0	0	0	-457	-201	378	327	-455	-208
8	833	535	2222804528	0	1	1	2	0	1	0	-457	-200	378	327	-455	-208
8	833	535	2222806516	-1	3	0	2	0	0	0	-457	-200	378	327	-455	-208
8	833	535	2222808480	0	1	0	1	0	0	0	-457	-200	378	327	-455	-208
8	833	535	2222810484	0	1	0	2	0	0	0	-457	-200	378	327	-455	-208
8	833	535	2222812528	-1	2	0	2	0	1	0	-457	-199	378	327	-455	-208
8	833	535	2222814480	0	1	0	1	0	0	0	-457	-199	378	327	-455	-208
8	833	535	2222816484	0	0	2	0	0	0	0	-457	-199	378	327	-455	-208
8	833	535	2222818476	0	1	0	1	0	0	0	-457	-199	378	327	-455	-208
8	833	535	2222820452	0	0	0	0	0	0	1	-457	-199	378	327	-455	-208
9	833	535	2222822476	0	0	0	1	0	0	1	378	327	378	327	-455	-208
9	833	535	2222824508	-2	1	0	0	0	0	1	378	327	378	327	-455	-208
9	-648	-748	2222854532	0	0	1	-1	0	0	1	378	327	-270	-421	378	327
9	-648	-748	2222856496	0	-1	0	0	0	0	1	378	327	-270	-421	378	327
9	-648	-748	2222860528	1	0	0	-2	0	0	1	378	327	-270	-421	378	327
9	-648	-748	2222862496	0	-1	0	0	0	0	1	378	327	-270	-421	378	327
9	-648	-748	2222864492	0	0	0	-1	0	0	1	378	327	-270	-421	378	327
9	-648	-748	2222866492	0	-2	0	-1	0	0	1	378	327	-270	-421	378	327
9	-648	-748	2222868488	1	0	0	0	0	0	1	378	327	-270	-421	378	327
9	-648	-748	2222870484	0	-1	0	-1	0	0	1	378	327	-270	-421	378	327
9	-648	-748	2222872476	0	-1	0	-2	0	0	1	378	327	-270	-421	378	327
9	-648	-748	2222874512	1	-1	1	-1	0	0	1	378	327	-270	-421	378	327
9	-648	-748	2222876484	0	-2	0	-1	0	0	1	378	327	-270	-421	378	327
9	-648	-748	2222878488	0	-1	0	-1	0	-1	1	378	326	-270	-421	378	327
9	-648	-748	2222880508	1	-1	0	-2	0	0	1	378	326	-270	-421	378	327
9	-648	-748	2222882476	0	-3	0	-1	0	0	1	378	326	-270	-421	378	327
9	-648	-748	2222884480	0	-1	0	-1	0	0	1	378	326	-270	-421	378	327
9	-648	-748	2222886528	0	-1	1	-1	0	-1	1	378	325	-270	-421	378	327
9	-648	-748	2222888484	0	-1	0	-2	0	0	1	378	325	-270	-421	378	327
9	-648	-748	2222890516	2	-2	0	-1	0	0	1	378	325	-270	-421	378	327
9	-648	-748	2222892492	0	-1	0	-1	0	0	0	378	325	-270	-421	378	327
9	-648	-748	2222894484	0	0	0	-1	0	0	0	378	325	-270	-421	378	327
9	-648	-748	2222896508	0	-1	0	-2	0	-1	0	378	324	-270	-421	378	327
9	-648	-748	2222898496	0	-1	0	0	0	0	0	378	324	-270	-421	378	327
9	-648	-748	2222900496	0	-2	0	-1	0	0	0	378	324	-270	-421	378	327
9	-648	-748	2222902500	0	0	0	-1	0	0	0	378	324	-270	-421	378	327
9	-648	-748	2222904500	0	-1	0	0	0	0	0	378	324	-270	-421	378	327
9	-648	-748	2222906496	0	0	0	-1	0	0	0	378	324	-270	-421	378	327
9	-648	-748	2222908496	0	0	2	0	0	0	0	378	324	-270	-421	378	327
9	-648	-748	2222916500	-1	0	0	0	0	0	0	378	324	-270	-421	378	327
9	-648	-748	2222928516	-1	0	0	0	0	0	0	378	324	-270	-421	378	327
9	-648	-748	2222932516	0	0	0	1	0	0	0	378	324	-270	-421	378	327
9	-648	-748	2222934520	0	2	0	0	0	0	0	378	324	-270	-421	378	327
9	-648	-748	2222936524	0	0	0	2	0	0	0	378	324	-270	-421	378	327
9	-648	-748	2222938528	0	1	0	1	0	0	0	378	324	-270	-421	378	327
9	-648	-748	2222940564	-1	1	0	1	0	0	0	378	324	-270	-421	378	327
9	-648	-748	2222942536	0	1	0	1	0	0	0	378	324	-270	-421	378	327
9	-648	-748	2222944540	0	3	0	2	0	0	0	378	324	-270	-421	378	327
9	-648	-748	2222946576	-1	1	0	1	0	0	0	378	324	-270	-421	378	327
9	-648	-748	2222948552	0	1	0	2	0	1	0	378	325	-270	-421	378	327
9	-648	-748	2222950540	0	3	0	2	0	0	0	378	325	-270	-421	378	327
9	-648	-748	2222952572	-2	1	0	2	0	0	0	378	325	-270	-421	378	327
9	-648	-748	2222954580	0	3	1	1	0	1	0	378	326	-270	-421	378	327
9	-648	-748	2222956532	0	1	0	2	0	0	0	378	326	-270	-421	378	327
9	-648	-748	2222958564	-1	2	0	2	0	0	0	378	326	-270	-421	378	327
9	-648	-748	2222960552	0	2	0	1	0	1	0	378	327	-270	-421	378	327
9	-648	-748	2222962564	0	2	1	2	0	0	0	378	327	-270	-421	378	327
9	-648	-748	2222964564	-1	1	0	2	0	0	1	378	327	-270	-421	378	327
10	-648	-748	2222966540	0	2	0	1	0	1	1	-270	-420	-270	-421	378	327
10	-648	-748	2222968520	0	2	0	2	0	0	1	-270	-420	-270	-421	378	327
10	411	901	2222970556	-1	1	0	1	0	0	1	-270	-420	141	480	-270	-421
10	411	901	2222972552	0	2	1	1	0	0	1	-270	-420	141	480	-270	-421
10	411	901	2222974540	0	0	0	1	0	1	1	-270	-419	141	480	-270	-421
10	411	901	2222976520	0	1	0	0	0	0	1	-270	-419	141	480	-270	-421
10	411	901	2222978524	0	0	0	2	0	0	1	-270	-419	141	480	-270	-421
10	411	901	2222980528	0	1	0	0	0	0	1	-270	-419	141	480	-270	-421
10	411	901	2222988540	0	0	2	0	0	0	1	-270	-419	141	480	-270	-421
10	411	901	2222990544	0	1	0	0	0	0	1	-270	-419	141	480	-270	-421
10	411	901	2223018572	1	0	0	0	0	0	1	-270	-419	141	480	-270	-421
10	411	901	2223022576	0	-1	0	-1	0	0	1	-270	-419	141	480	-270	-421
10	411	901	2223032588	0	-1	0	0	0	0	1	-270	-419	141	480	-270	-421
10	411	901	2223034588	0	0	-1	0	0	0	1	-270	-419	141	480	-270	-421
10	411	901	2223044588	0	-2	0	0	0	0	1	-270	-419	141	480	-270	-421
10	411	901	2223048548	0	0	0	0	0	0	0	-270	-419	141	480	-270	-421
10	411	901	2223050584	0	0	-1	0	0	0	0	-270	-419	141	480	-270	-421
10	411	901	2223058588	-1	0	0	0	0	0	0	-270	-419	141	480	-270	-421
10	411	901	2223064592	-2	0	0	0	0	0	0	-270	-419	141	480	-270	-421
10	411	901	2223068592	-1	0	0	0	0	0	0	-270	-419	141	480	-270	-421
10	411	901	2223070588	0	1	0	0	0	0	0	-270	-419	141	480	-270	-421
10	411	901	2223072592	-1	0	0	0	0	0	0	-270	-419	141	480	-270	-421
10	411	901	2223074588	0	1	0	1	0	0	0	-270	-419	141	480	-270	-421
10	411	901	2223076620	-1	1	0	0	0	0	0	-270	-419	141	480	-270	-421
10	411	901	2223078584	0	1	0	1	0	0	0	-270	-419	141	480	-270	-421
10	411	901	2223080616	-2	2	0	1	0	0	0	-270	-419	141	480	-270	-421
10	411	901	2223082640	-1	1	0	1	-1	1	0	-271	-418	141	480	-270	-421
10	411	901	2223084608	-1	1	0	2	0	0	0	-271	-418	141	480	-270	-421
10	411	901	2223086612	-1	3	0	2	0	0	0	-271	-418	141	480	-270	-421
10	411	901	2223088624	-2	2	0	1	0	1	0	-271	-417	141	480	-270	-421
10	411	901	2223090608	-1	3	0	3	0	0	0	-271	-417	141	480	-270	-421
10	411	901	2223092616	-1	2	0	2	0	1	0	-271	-416	141	480	-270	-421
10	411	901	2223094604	-1	3	0	3	0	0	0	-271	-416	141	480	-270	-421
10	411	901	2223096612	-2	3	0	2	0	1	0	-271	-415	141	480	-270	-421
10	411	901	2223098596	-1	3	0	4	0	0	0	-271	-415	141	480	-270	-421
10	411	901	2223100620	-1	2	0	3	-1	1	0	-272	-414	141	480	-270	-421
10	411	901	2223102588	-1	4	0	2	0	0	0	-272	-414	141	480	-270	-421
10	411	901	2223104564	0	4	0	4	0	1	0	-272	-413	141	480	-270	-421
10	411	901	2223106584	-2	2	0	2	0	0	0	-272	-413	141	480	-270	-421
10	411	901	2223108600	-1	4	0	4	0	1	0	-272	-412	141	480	-270	-421
10	411	901	2223110596	-1	3	0	3	0	1	0	-272	-411	141	480	-270	-421
10	411	901	2223112556	0	3	0	2	0	0	0	-272	-411	141	480	-270	-421
10	411	901	2223114604	-1	3	0	3	0	1	0	-272	-410	141	480	-270	-421
10	411	901	2223116552	0	2	0	2	0	0	0	-272	-410	141	480	-270	-421
10	411	901	2223118596	-2	2	0	3	0	1	0	-272	-409	141	480	-270	-421
10	411	901	2223120548	0	2	0	2	0	0	0	-272	-409	141	480	-270	-421
10	411	901	2223122552	0	1	0	1	0	0	0	-272	-409	141	480	-270	-421
10	411	901	2223124552	0	2	0	2	0	0	0	-272	-409	141	480	-270	-421
10	411	901	2223126564	0	1	0	1	0	1	0	-272	-408	141	480	-270	-421
10	411	901	2223128548	0	1	0	1	0	0	1	-272	-408	141	480	-270	-421
11	411	901	2223130552	0	1	0	0	0	0	1	141	480	141	480	-270	-421
11	411	901	2223132552	0	0	0	1	0	0	1	141	480	141	480	-270	-421
11	411	901	2223134556	0	2	0	0	0	0	1	141	480	141	480	-270	-421
11	411	901	2223136592	-1	0	0	2	0	0	1	141	480	141	480	-270	-421
11	-141	-980	2223154592	2	0	0	0	0	0	1	141	480	0	-500	141	480
11	-141	-980	2223156628	1	-1	0	0	0	0	1	141	480	0	-500	141	480
11	-141	-980	2223158632	1	-1	0	-1	0	0	1	141	480	0	-500	141	480
11	-141	-980	2223160636	3	0	0	-1	0	0	1	141	480	0	-500	141	480
11	-141	-980	2223162632	1	-1	0	-1	0	0	1	141	480	0	-500	141	480
11	-141	-980	2223164632	2	-1	0	0	0	0	1	141	480	0	-500	141	480
11	-141	-980	2223166628	3	-2	0	-2	0	0	1	141	480	0	-500	141	480
11	-141	-980	2223168628	2	-1	0	-1	0	0	1	141	480	0	-500	141	480
11	-141	-980	2223170632	3	-1	0	-1	0	0	1	141	480	0	-500	141	480
11	-141	-980	2223172644	2	-3	0	-3	0	-1	1	141	479	0	-500	141	480
11	-141	-980	2223174636	3	-1	2	-1	1	0	1	142	479	0	-500	141	480
11	-141	-980	2223176624	2	-2	0	-1	0	0	1	142	479	0	-500	141	480
11	-141	-980	2223178624	3	-2	1	-3	0	0	1	142	479	0	-500	141	480
11	-141	-980	2223180652	2	-2	0	-2	1	-1	1	143	478	0	-500	141	480
11	-141	-980	2223182624	4	-3	1	-1	0	0	1	143	478	0	-500	141	480
11	-141	-980	2223184640	3	-2	0	-3	0	-1	1	143	477	0	-500	141	480
11	-141	-980	2223186636	2	-1	1	-2	1	0	1	144	477	0	-500	141	480
11	-141	-980	2223188628	1	-3	0	-2	0	0	1	144	477	0	-500	141	480
11	-141	-980	2223190644	3	-1	2	-2	0	-1	1	144	476	0	-500	141	480
11	-141	-980	2223192628	1	-3	0	-1	0	0	0	144	476	0	-500	141	480
11	-141	-980	2223194644	1	-1	1	-2	1	0	0	145	476	0	-500	141	480
11	-141	-980	2223196648	2	-1	0	-1	0	-1	0	145	475	0	-500	141	480
11	-141	-980	2223198632	1	-1	0	-1	0	0	0	145	475	0	-500	141	480
11	-141	-980	2223200600	0	-2	0	-1	0	0	0	145	475	0	-500	141	480
11	-141	-980	2223202636	1	-1	1	-2	0	0	0	145	475	0	-500	141	480
11	-141	-980	2223206620	0	-1	0	-1	0	-1	0	145	474	0	-500	141	480
11	-141	-980	2223208608	0	0	0	-1	0	0	0	145	474	0	-500	141	480
11	-141	-980	2223212608	0	-1	0	0	0	0	0	145	474	0	-500	141	480
11	-141	-980	2223234620	0	1	0	0	0	0	0	145	474	0	-500	141	480
11	-141	-980	2223236620	0	1	0	2	0	0	0	145	474	0	-500	141	480
11	-141	-980	2223238620	0	2	0	1	0	0	0	145	474	0	-500	141	480
11	-141	-980	2223240620	0	1	0	1	0	0	0	145	474	0	-500	141	480
11	-141	-980	2223242632	0	2	0	3	0	1	0	145	475	0	-500	141	480
11	-141	-980	2223244624	0	3	0	1	0	0	0	145	475	0	-500	141	480
11	-141	-980	2223246656	-1	1	0	2	0	0	0	145	475	0	-500	141	480
11	-141	-980	2223248644	0	4	0	3	0	1	0	145	476	0	-500	141	480
11	-141	-980	2223250660	-2	2	0	2	0	0	0	145	476	0	-500	141	480
11	-141	-980	2223252636	0	3	0	3	0	1	0	145	477	0	-500	141	480
11	-141	-980	2223254660	-1	2	0	2	0	0	0	145	477	0	-500	141	480
11	-141	-980	2223256676	0	4	-2	4	0	1	0	145	478	0	-500	141	480
11	-141	-980	2223258672	-1	3	0	3	0	1	0	145	479	0	-500	141	480
11	-141	-980	2223260628	0	2	0	2	0	0	0	145	479	0	-500	141	480
11	-141	-980	2223262672	-1	4	-1	3	0	1	0	145	480	0	-500	141	480
11	-141	-980	2223264628	0	2	0	3	0	0	0	145	480	0	-500	141	480
11	-141	-980	2223266672	-2	4	0	3	0	1	0	145	481	0	-500	141	480
11	-141	-980	2223268624	0	3	0	2	0	0	0	145	481	0	-500	141	480
11	-141	-980	2223270640	0	2	0	2	0	1	0	145	482	0	-500	141	480
11	-141	-980	2223272660	-1	1	0	2	0	0	0	145	482	0	-500	141	480
11	-141	-980	2223274656	0	3	-1	1	0	0	0	145	482	0	-500	141	480
11	-141	-980	2223276620	0	1	0	2	0	0	0	145	482	0	-500	141	480
11	-141	-980	2223278636	0	0	0	1	0	1	1	145	483	0	-500	141	480
