1	0	-100	14560144	0	-1	1	0	0	0	1	0	-100	0	-100	0	0
1	0	-100	14564148	1	0	0	1	0	0	1	0	-100	0	-100	0	0
1	0	-100	14566108	0	0	1	0	0	0	1	0	-100	0	-100	0	0
1	-28	196	14570112	0	-2	0	0	0	0	1	0	-100	-28	96	0	-100
1	-28	196	14572120	1	0	0	0	0	0	1	0	-100	-28	96	0	-100
1	-28	196	14580124	0	0	0	1	0	1	1	0	-99	-28	96	0	-100
1	-28	196	14582124	0	-1	0	0	0	0	1	0	-99	-28	96	0	-100
1	-28	196	14596120	0	0	0	1	0	0	1	0	-99	-28	96	0	-100
1	-28	196	14618128	0	0	0	2	0	0	1	0	-99	-28	96	0	-100
1	-28	196	14620136	0	-1	0	0	0	0	1	0	-99	-28	96	0	-100
1	-28	196	14622128	0	0	0	1	0	0	1	0	-99	-28	96	0	-100
1	-28	196	14624168	0	-1	-1	1	0	0	1	0	-99	-28	96	0	-100
1	-28	196	14626168	0	-2	0	1	0	1	1	0	-98	-28	96	0	-100
1	-28	196	14628168	0	-2	-1	3	0	0	0	0	-98	-28	96	0	-100
1	-28	196	14630192	-1	-3	0	4	0	1	0	0	-97	-28	96	0	-100
1	-28	196	14632140	-2	-3	-2	3	0	0	0	0	-97	-28	96	0	-100
1	-28	196	14634156	-1	-4	-1	5	0	1	0	0	-96	-28	96	0	-100
1	-28	196	14636160	-1	-4	-1	5	0	1	0	0	-95	-28	96	0	-100
1	-28	196	14638152	-1	-6	-1	7	0	2	0	0	-93	-28	96	0	-100
1	-28	196	14640184	-2	-6	-3	7	0	1	0	0	-92	-28	96	0	-100
1	-28	196	14642148	-1	-8	-1	8	0	1	0	0	-91	-28	96	0	-100
1	-28	196	14644180	-1	-7	-3	10	0	2	0	0	-89	-28	96	0	-100
1	-28	196	14646184	-3	-9	-2	10	0	2	0	0	-87	-28	96	0	-100
1	-28	196	14648188	-1	-11	-4	13	0	2	0	0	-85	-28	96	0	-100
1	-28	196	14650156	-2	-12	-2	14	0	3	0	0	-82	-28	96	0	-100
1	-28	196	14652188	-2	-12	-4	14	0	3	0	0	-79	-28	96	0	-100
1	-28	196	14654188	-2	-15	-4	15	0	3	0	0	-76	-28	96	0	-100
1	-28	196	14656188	-3	-14	-5	17	0	3	0	0	-73	-28	96	0	-100
1	-28	196	14658188	-2	-16	-5	18	0	3	0	0	-70	-28	96	0	-100
1	-28	196	14660196	-4	-19	-6	19	-1	4	0	-1	-66	-28	96	0	-100
1	-28	196	14662188	-2	-17	-6	21	0	4	0	-1	-62	-28	96	0	-100
1	-28	196	14664184	-4	-23	-8	21	0	4	0	-1	-58	-28	96	0	-100
1	-28	196	14666192	-4	-21	-9	28	-1	5	0	-2	-53	-28	96	0	-100
1	-28	196	14668184	-5	-23	-8	26	0	5	0	-2	-48	-28	96	0	-100
1	-28	196	14670196	-5	-27	-10	27	-1	5	0	-3	-43	-28	96	0	-100
1	-28	196	14672184	-5	-25	-12	29	0	6	0	-3	-37	-28	96	0	-100
1	-28	196	14674200	-5	-28	-11	31	-1	6	0	-4	-31	-28	96	0	-100
1	-28	196	14676200	-7	-33	-14	34	-1	6	0	-5	-25	-28	96	0	-100
1	-28	196	14678188	-7	-30	-13	34	0	7	0	-5	-18	-28	96	0	-100
1	-28	196	14680204	-6	-33	-15	36	-1	7	0	-6	-11	-28	96	0	-100
1	-28	196	14682204	-7	-39	-15	39	-1	7	0	-7	-4	-28	96	0	-100
1	-28	196	14684196	-8	-36	-20	45	-1	9	0	-8	5	-28	96	0	-100
1	-28	196	14686200	-9	-42	-19	41	-1	8	0	-9	13	-28	96	0	-100
1	-28	196	14688200	-8	-39	-20	44	-1	8	0	-10	21	-28	96	0	-100
1	-28	196	14690200	-9	-40	-20	45	-1	9	0	-11	30	-28	96	0	-100
1	-28	196	14692200	-10	-49	-23	46	-2	9	0	-13	39	-28	96	0	-100
1	-28	196	14694192	-9	-42	-22	48	-1	9	0	-14	48	-28	96	0	-100
1	-28	196	14696188	-9	-45	-25	48	-2	9	0	-16	57	-28	96	0	-100
1	-28	196	14698184	-10	-52	-25	49	-1	11	0	-17	68	-28	96	0	-100
1	-28	196	14700180	-8	-46	-25	50	-2	9	0	-19	77	-28	96	0	-100
1	-28	196	14702176	-9	-46	-30	58	-2	11	0	-21	88	-28	96	0	-100
1	-28	196	14704176	-9	-54	-28	51	-2	10	0	-23	98	-28	96	0	-100
1	-28	196	14706180	-7	-47	-27	51	-2	10	0	-25	108	-28	96	0	-100
1	-28	196	14708184	-7	-48	-29	51	-2	10	0	-27	118	-28	96	0	-100
1	-28	196	14710184	-7	-54	-27	52	-2	10	0	-29	128	-28	96	0	-100
1	-28	196	14712188	-6	-47	-29	51	-2	10	0	-31	138	-28	96	0	-100
1	-28	196	14714188	-7	-55	-29	51	-3	11	0	-34	149	-28	96	0	-100
1	-28	196	14716188	-6	-48	-27	50	-2	10	0	-36	159	-28	96	0	-100
1	-28	196	14718192	-5	-46	-32	56	-2	10	0	-38	169	-28	96	0	-100
1	-28	196	14720196	-6	-54	-27	49	-2	10	0	-40	179	-28	96	0	-100
1	-28	196	14722200	-5	-45	-28	49	-3	9	0	-43	188	-28	96	0	-100
1	-28	196	14724200	-4	-45	-26	47	-2	10	0	-45	198	-28	96	0	-100
1	-28	196	14726200	-4	-50	-25	47	-2	9	0	-47	207	-28	96	0	-100
1	-28	196	14728196	-3	-42	-24	43	-2	9	0	-49	216	-28	96	0	-100
1	-28	196	14730188	-3	-41	-23	44	-2	8	0	-51	224	-28	96	0	-100
1	-28	196	14732188	-2	-47	-23	43	-2	9	0	-53	233	-28	96	0	-100
1	-28	196	14734184	-3	-38	-21	40	-2	8	0	-55	241	-28	96	0	-100
1	-28	196	14736180	-2	-38	-23	45	-2	8	0	-57	249	-28	96	0	-100
1	-28	196	14738180	-3	-41	-20	37	-2	8	0	-59	257	-28	96	0	-100
1	-28	196	14740176	-1	-35	-17	36	-1	7	0	-60	264	-28	96	0	-100
1	-28	196	14742172	-3	-38	-18	34	-2	8	0	-62	272	-28	96	0	-100
1	-28	196	14744180	-2	-32	-16	33	-1	6	0	-63	278	-28	96	0	-100
1	-28	196	14746180	-1	-30	-15	31	-2	6	0	-65	284	-28	96	0	-100
1	-28	196	14748180	-3	-33	-14	30	-1	6	0	-66	290	-28	96	0	-100
1	-28	196	14750176	-1	-27	-13	27	-1	6	0	-67	296	-28	96	0	-100
1	-28	196	14752184	0	-25	-12	25	-1	5	0	-68	301	-28	96	0	-100
1	-28	196	14754188	-1	-28	-13	28	-1	5	0	-69	306	-28	96	0	-100
1	-28	196	14756184	0	-21	-10	21	-1	5	0	-70	311	-28	96	0	-100
1	-28	196	14758188	0	-21	-10	21	-1	4	0	-71	315	-28	96	0	-100
1	-28	196	14760180	0	-21	-9	19	-1	4	0	-72	319	-28	96	0	-100
1	-28	196	14762180	0	-18	-9	18	-1	3	0	-73	322	-28	96	0	-100
1	-28	196	14764180	0	-19	-7	16	-1	4	0	-74	326	-28	96	0	-100
1	-28	196	14766180	0	-15	-8	15	-1	3	0	-75	329	-28	96	0	-100
1	-28	196	14768164	0	-13	-7	12	0	2	0	-75	331	-28	96	0	-100
1	-28	196	14770172	0	-14	-5	13	-1	3	0	-76	334	-28	96	0	-100
1	-28	196	14772172	0	-11	-8	12	-1	2	0	-77	336	-28	96	0	-100
1	-28	196	14774168	0	-10	-5	10	0	2	0	-77	338	-28	96	0	-100
1	-28	196	14776180	0	-12	-5	9	-1	3	0	-78	341	-28	96	0	-100
1	-28	196	14778168	0	-7	-4	8	0	1	0	-78	342	-28	96	0	-100
1	-28	196	14780176	0	-9	-3	7	0	2	0	-78	344	-28	96	0	-100
1	-28	196	14782172	1	-7	-4	6	-1	1	0	-79	345	-28	96	0	-100
1	-28	196	14784168	0	-7	-4	7	0	1	0	-79	346	-28	96	0	-100
1	-28	196	14786172	0	-6	-2	5	-1	1	0	-80	347	-28	96	0	-100
1	-28	196	14788160	0	-5	-3	5	0	1	0	-80	348	-28	96	0	-100
1	-28	196	14790172	0	-4	-2	3	0	1	0	-80	349	-28	96	0	-100
1	-28	196	14792180	0	-5	-3	5	0	1	0	-80	350	-28	96	0	-100
1	-28	196	14794176	0	-3	-1	4	0	1	0	-80	351	-28	96	0	-100
1	-28	196	14796196	0	-4	-3	4	-1	1	0	-81	352	-28	96	0	-100
1	-28	196	14798144	-1	-4	-1	2	0	0	0	-81	352	-28	96	0	-100
1	-28	196	14800176	0	-4	-1	4	0	1	0	-81	353	-28	96	0	-100
1	-28	196	14802172	-2	-3	-3	4	0	1	0	-81	354	-28	96	0	-100
1	-28	196	14804140	-1	-3	-1	2	0	0	0	-81	354	-28	96	0	-100
1	-28	196	14806164	0	-4	-2	3	0	1	0	-81	355	-28	96	0	-100
1	-28	196	14808168	-1	-2	-2	4	0	1	0	-81	356	-28	96	0	-100
1	-28	196	14810124	-1	-3	-1	2	0	0	0	-81	356	-28	96	0	-100
1	-28	196	14812176	-2	-2	-1	3	0	1	0	-81	357	-28	96	0	-100
1	-28	196	14814160	0	-3	-1	1	0	0	0	-81	357	-28	96	0	-100
1	-28	196	14816152	-1	-2	0	2	0	0	0	-81	357	-28	96	0	-100
1	-28	196	14818180	0	-1	-2	3	0	1	0	-81	358	-28	96	0	-100
1	-28	196	14820136	-1	-3	-1	1	0	0	0	-81	358	-28	96	0	-100
1	-28	196	14822132	-1	-1	-1	1	0	0	0	-81	358	-28	96	0	-100
1	-28	196	14824140	0	-1	0	2	0	1	0	-81	359	-28	96	0	-100
1	-28	196	14826152	-2	-2	-1	1	0	0	0	-81	359	-28	96	0	-100
1	-28	196	14828128	0	-1	0	1	0	0	0	-81	359	-28	96	0	-100
1	-28	196	14830132	0	-1	0	1	0	0	0	-81	359	-28	96	0	-100
1	-28	196	14832156	0	-1	-2	0	0	0	0	-81	359	-28	96	0	-100
1	-28	196	14834164	-1	0	0	2	0	1	0	-81	360	-28	96	0	-100
1	-28	196	14836124	0	-2	0	0	0	0	0	-81	360	-28	96	0	-100
1	-28	196	14838124	0	0	0	1	0	0	0	-81	360	-28	96	0	-100
1	-28	196	14842124	0	-1	0	0	0	0	0	-81	360	-28	96	0	-100
1	-28	196	14846120	0	0	0	1	0	0	0	-81	360	-28	96	0	-100
1	-28	196	14854132	0	-1	0	1	0	0	0	-81	360	-28	96	0	-100
1	-28	196	14860140	0	-1	0	2	0	1	0	-81	361	-28	96	0	-100
1	-28	196	14862124	0	-2	0	1	0	0	0	-81	361	-28	96	0	-100
1	-28	196	14864112	0	0	-1	0	0	0	0	-81	361	-28	96	0	-100
1	-28	196	14866116	0	-1	0	1	0	0	0	-81	361	-28	96	0	-100
1	-28	196	14868176	0	-1	-1	3	-1	1	0	-82	362	-28	96	0	-100
1	-28	196	14870092	0	-3	0	1	0	0	0	-82	362	-28	96	0	-100
1	-28	196	14872144	0	-1	-1	2	0	0	0	-82	362	-28	96	0	-100
1	-28	196	14874136	0	-2	0	2	0	1	0	-82	363	-28	96	0	-100
1	-28	196	14876144	0	-3	-2	3	0	0	0	-82	363	-28	96	0	-100
1	-28	196	14878164	0	-2	-1	3	0	1	0	-82	364	-28	96	0	-100
1	-28	196	14880156	0	-3	-1	2	0	0	0	-82	364	-28	96	0	-100
1	-28	196	14882180	0	-2	-1	4	0	1	0	-82	365	-28	96	0	-100
1	-28	196	14884168	0	-4	-3	4	0	1	0	-82	366	-28	96	0	-100
1	-28	196	14886168	0	-4	-1	4	-1	0	0	-83	366	-28	96	0	-100
1	-28	196	14888172	0	-4	-1	3	0	1	0	-83	367	-28	96	0	-100
1	-28	196	14890176	0	-3	-2	4	0	1	0	-83	368	-28	96	0	-100
1	-28	196	14892176	0	-4	-2	5	0	1	0	-83	369	-28	96	0	-100
1	-28	196	14894184	0	-4	-1	5	0	1	0	-83	370	-28	96	0	-100
1	-28	196	14896176	0	-5	-3	4	0	1	0	-83	371	-28	96	0	-100
1	-28	196	14898172	0	-5	-1	5	-1	1	0	-84	372	-28	96	0	-100
1	-28	196	14900156	0	-4	-3	5	0	0	0	-84	372	-28	96	0	-100
1	-28	196	14902172	0	-5	-1	5	0	1	0	-84	373	-28	96	0	-100
1	-28	196	14904168	0	-5	-2	5	0	1	0	-84	374	-28	96	0	-100
1	-28	196	14906172	0	-5	-2	5	0	1	0	-84	375	-28	96	0	-100
1	-28	196	14908176	0	-5	-2	5	-1	1	0	-85	376	-28	96	0	-100
1	-28	196	14910160	0	-5	-1	6	0	2	0	-85	378	-28	96	0	-100
1	-28	196	14912160	0	-5	-2	5	0	1	0	-85	379	-28	96	0	-100
1	-28	196	14914156	0	-5	-2	5	0	1	0	-85	380	-28	96	0	-100
1	-28	196	14916156	0	-5	-1	5	0	1	0	-85	381	-28	96	0	-100
1	-28	196	14918160	0	-5	-2	5	0	1	0	-85	382	-28	96	0	-100
1	-28	196	14920156	0	-6	-1	6	0	1	0	-85	383	-28	96	0	-100
1	-28	196	14922168	0	-4	-1	5	-1	1	0	-86	384	-28	96	0	-100
1	-28	196	14924160	0	-6	-1	5	0	1	0	-86	385	-28	96	0	-100
1	-28	196	14926164	0	-5	-2	5	0	1	0	-86	386	-28	96	0	-100
1	-28	196	14928180	0	-5	-1	7	0	1	0	-86	387	-28	96	0	-100
1	-28	196	14930172	0	-6	-1	5	0	1	0	-86	388	-28	96	0	-100
1	-28	196	14932176	0	-5	-1	5	0	1	0	-86	389	-28	96	0	-100
1	-28	196	14934176	0	-5	-2	5	0	1	0	-86	390	-28	96	0	-100
1	-28	196	14936176	0	-6	-1	6	0	1	0	-86	391	-28	96	0	-100
1	-28	196	14938188	0	-5	-1	5	-1	1	0	-87	392	-28	96	0	-100
1	-28	196	14940120	-1	-4	-1	5	0	1	0	-87	393	-28	96	0	-100
1	-28	196	14942168	0	-6	-2	5	0	1	0	-87	394	-28	96	0	-100
1	-28	196	14944184	0	-4	-1	6	0	1	0	-87	395	-28	96	0	-100
1	-28	196	14946144	0	-6	0	5	0	1	0	-87	396	-28	96	0	-100
1	-28	196	14948148	-1	-4	-1	4	0	1	0	-87	397	-28	96	0	-100
1	-28	196	14950172	0	-5	-1	5	0	1	0	-87	398	-28	96	0	-100
1	-28	196	14952164	0	-4	-2	5	0	1	0	-87	399	-28	96	0	-100
1	-28	196	14954132	0	-5	0	4	0	1	0	-87	400	-28	96	0	-100
1	-28	196	14956176	0	-4	-1	3	0	1	0	-87	401	-28	96	0	-100
1	-28	196	14958132	0	-3	0	4	0	0	0	-87	401	-28	96	0	-100
1	-28	196	14960168	0	-4	-1	3	0	1	0	-87	402	-28	96	0	-100
1	-28	196	14962160	0	-4	-1	3	0	1	0	-87	403	-28	96	0	-100
1	-28	196	14964128	0	-2	0	3	0	0	0	-87	403	-28	96	0	-100
1	-28	196	14966144	0	-4	0	2	0	1	0	-87	404	-28	96	0	-100
1	-28	196	14968180	0	-3	-2	3	-1	0	0	-88	404	-28	96	0	-100
1	-28	196	14970152	0	-2	0	2	0	1	0	-88	405	-28	96	0	-100
1	-28	196	14972172	0	-3	-1	3	0	0	0	-88	405	-28	96	0	-100
1	-28	196	14974164	0	-2	0	2	0	1	0	-88	406	-28	96	0	-100
1	-28	196	14976136	0	-3	0	3	0	0	0	-88	406	-28	96	0	-100
1	-28	196	14978180	0	-2	-1	2	0	1	0	-88	407	-28	96	0	-100
1	-28	196	14980136	0	-3	0	2	0	0	0	-88	407	-28	96	0	-100
1	-28	196	14982140	0	-1	0	2	0	1	0	-88	408	-28	96	0	-100
1	-28	196	14984132	0	-1	0	1	0	0	0	-88	408	-28	96	0	-100
1	-28	196	14986156	0	-3	-1	3	0	0	0	-88	408	-28	96	0	-100
1	-28	196	14988148	0	-1	0	1	0	1	0	-88	409	-28	96	0	-100
1	-28	196	14990120	0	-2	0	3	0	0	0	-88	409	-28	96	0	-100
1	-28	196	14992156	0	-2	-2	1	0	0	0	-88	409	-28	96	0	-100
1	-28	196	14994136	0	-1	0	1	0	1	0	-88	410	-28	96	0	-100
1	-28	196	14996120	0	-1	0	1	0	0	0	-88	410	-28	96	0	-100
1	-28	196	14998152	-2	-1	0	2	0	0	0	-88	410	-28	96	0	-100
1	-28	196	15000132	0	-2	0	0	0	0	0	-88	410	-28	96	0	-100
1	-28	196	15002120	0	0	0	1	0	0	0	-88	410	-28	96	0	-100
1	-28	196	15004140	0	-1	0	0	0	1	0	-88	411	-28	96	0	-100
1	-28	196	15008116	0	0	0	1	0	0	0	-88	411	-28	96	0	-100
1	-28	196	15010136	0	-1	0	0	0	0	0	-88	411	-28	96	0	-100
1	-28	196	15088156	-1	0	0	0	0	0	0	-88	411	-28	96	0	-100
1	-28	196	15090144	0	0	0	-1	0	0	0	-88	411	-28	96	0	-100
1	-28	196	15092128	0	1	0	0	0	0	0	-88	411	-28	96	0	-100
1	-28	196	15094172	0	2	1	-3	0	0	0	-88	411	-28	96	0	-100
1	-28	196	15096184	0	2	1	-1	0	0	0	-88	411	-28	96	0	-100
1	-28	196	15098168	0	1	1	-3	0	-1	0	-88	410	-28	96	0	-100
1	-28	196	15100192	-1	3	1	-3	0	0	0	-88	410	-28	96	0	-100
1	-28	196	15102196	0	4	3	-3	0	-1	0	-88	409	-28	96	0	-100
1	-28	196	15104216	0	2	2	-4	0	-1	0	-88	408	-28	96	0	-100
1	-28	196	15106220	-1	4	3	-5	1	-1	0	-87	407	-28	96	0	-100
1	-28	196	15108188	0	4	2	-3	0	0	0	-87	407	-28	96	0	-100
1	-28	196	15110204	-2	3	3	-4	0	-1	0	-87	406	-28	96	0	-100
1	-28	196	15112208	0	4	2	-5	1	-1	0	-86	405	-28	96	0	-100
1	-28	196	15114204	0	4	3	-4	0	-1	0	-86	404	-28	96	0	-100
1	-28	196	15116180	-1	4	2	-4	0	0	1	-86	404	-28	96	0	-100
2	-28	196	15118200	0	3	3	-5	0	-1	1	-28	95	-28	96	0	-100
2	-28	196	15120216	-1	3	2	-3	1	-1	1	-27	94	-28	96	0	-100
2	-28	196	15122196	0	5	3	-4	0	-1	1	-27	93	-28	96	0	-100
2	82	-180	15124200	0	2	2	-4	0	0	1	-27	93	54	-84	-28	96
2	82	-180	15126224	-1	3	3	-2	1	-1	1	-26	92	54	-84	-28	96
2	82	-180	15128200	0	4	1	-3	0	-1	1	-26	91	54	-84	-28	96
2	82	-180	15130192	-2	2	1	-1	0	0	1	-26	91	54	-84	-28	96
2	82	-180	15132196	0	3	2	-3	0	0	1	-26	91	54	-84	-28	96
2	82	-180	15134212	-1	1	1	-1	0	-1	1	-26	90	54	-84	-28	96
2	82	-180	15136208	0	2	1	-2	1	0	1	-25	90	54	-84	-28	96
2	82	-180	15138196	0	2	1	-2	0	0	1	-25	90	54	-84	-28	96
2	82	-180	15140220	-1	2	2	-1	0	-1	1	-25	89	54	-84	-28	96
2	82	-180	15142208	0	3	1	-2	0	0	1	-25	89	54	-84	-28	96
2	82	-180	15144220	-1	2	1	-3	0	-1	1	-25	88	54	-84	-28	96
2	82	-180	15146220	0	3	3	-4	1	0	1	-24	88	54	-84	-28	96
2	82	-180	15148228	-2	3	2	-3	0	-1	1	-24	87	54	-84	-28	96
2	82	-180	15150228	0	4	3	-5	0	-1	1	-24	86	54	-84	-28	96
2	82	-180	15152228	-1	5	3	-5	1	-1	1	-23	85	54	-84	-28	96
2	82	-180	15154228	-1	4	4	-5	0	-1	1	-23	84	54	-84	-28	96
2	82	-180	15156244	-1	6	4	-7	1	-1	1	-22	83	54	-84	-28	96
2	82	-180	15158228	-2	6	5	-7	0	-1	0	-22	82	54	-84	-28	96
2	82	-180	15160236	-1	7	6	-8	1	-2	0	-21	80	54	-84	-28	96
2	82	-180	15162236	-1	8	6	-8	1	-2	0	-20	78	54	-84	-28	96
2	82	-180	15164232	-1	8	7	-9	1	-1	0	-19	77	54	-84	-28	96
2	82	-180	15166220	-2	10	7	-9	0	-2	0	-19	75	54	-84	-28	96
2	82	-180	15168236	0	9	9	-11	1	-2	0	-18	73	54	-84	-28	96
2	82	-180	15170232	-1	8	9	-11	1	-2	0	-17	71	54	-84	-28	96
2	82	-180	15172236	-1	12	10	-10	1	-2	0	-16	69	54	-84	-28	96
2	82	-180	15174236	-1	10	10	-12	2	-2	0	-14	67	54	-84	-28	96
2	82	-180	15176240	-2	11	10	-12	1	-3	0	-13	64	54	-84	-28	96
2	82	-180	15178244	-1	12	11	-13	1	-2	0	-12	62	54	-84	-28	96
2	82	-180	15180252	0	12	12	-12	1	-3	0	-11	59	54	-84	-28	96
2	82	-180	15182256	-1	13	13	-13	2	-2	0	-9	57	54	-84	-28	96
2	82	-180	15184272	-1	13	15	-16	1	-3	0	-8	54	54	-84	-28	96
2	82	-180	15186264	0	12	14	-14	2	-3	0	-6	51	54	-84	-28	96
2	82	-180	15188268	-2	15	15	-13	1	-3	0	-5	48	54	-84	-28	96
2	82	-180	15190268	0	15	16	-15	2	-3	0	-3	45	54	-84	-28	96
2	82	-180	15192264	-1	14	16	-17	2	-3	0	-1	42	54	-84	-28	96
2	82	-180	15194268	0	16	18	-16	1	-3	0	0	39	54	-84	-28	96
2	82	-180	15196268	-1	15	17	-16	2	-3	0	2	36	54	-84	-28	96
2	82	-180	15198272	0	17	20	-18	2	-3	0	4	33	54	-84	-28	96
2	82	-180	15200264	-1	18	23	-20	3	-4	0	7	29	54	-84	-28	96
2	82	-180	15202260	0	17	22	-18	2	-4	0	9	25	54	-84	-28	96
2	82	-180	15204260	-2	17	23	-20	2	-3	0	11	22	54	-84	-28	96
2	82	-180	15206256	0	21	23	-20	3	-5	0	14	17	54	-84	-28	96
2	82	-180	15208264	-1	19	25	-22	2	-4	0	16	13	54	-84	-28	96
2	82	-180	15210268	0	23	27	-22	3	-4	0	19	9	54	-84	-28	96
2	82	-180	15212264	-1	21	27	-23	3	-5	0	22	4	54	-84	-28	96
2	82	-180	15214264	0	21	29	-23	3	-4	0	25	0	54	-84	-28	96
2	82	-180	15216272	-1	25	35	-28	3	-5	0	28	-5	54	-84	-28	96
2	82	-180	15218276	0	24	31	-26	3	-5	0	31	-10	54	-84	-28	96
2	82	-180	15220276	-2	24	33	-26	4	-5	0	35	-15	54	-84	-28	96
2	82	-180	15222268	0	27	33	-28	3	-6	0	38	-21	54	-84	-28	96
2	82	-180	15224268	-1	25	35	-29	4	-5	0	42	-26	54	-84	-28	96
2	82	-180	15226272	0	31	37	-30	3	-6	0	45	-32	54	-84	-28	96
2	82	-180	15228272	-1	27	37	-30	4	-6	0	49	-38	54	-84	-28	96
2	82	-180	15230268	-1	28	39	-31	4	-6	0	53	-44	54	-84	-28	96
2	82	-180	15232272	-3	32	39	-31	4	-6	0	57	-50	54	-84	-28	96
2	82	-180	15234264	-1	28	38	-31	4	-6	0	61	-56	54	-84	-28	96
2	82	-180	15236264	-3	30	45	-37	5	-7	0	66	-63	54	-84	-28	96
2	82	-180	15238272	-2	33	40	-31	4	-6	0	70	-69	54	-84	-28	96
2	82	-180	15240272	-3	29	40	-31	5	-6	0	75	-75	54	-84	-28	96
2	82	-180	15242276	-3	27	40	-30	4	-6	0	79	-81	54	-84	-28	96
2	82	-180	15244272	-5	31	39	-30	4	-6	0	83	-87	54	-84	-28	96
2	82	-180	15246264	-5	28	38	-29	5	-6	0	88	-93	54	-84	-28	96
2	82	-180	15248268	-5	26	37	-29	4	-5	0	92	-98	54	-84	-28	96
2	82	-180	15250272	-7	29	38	-27	4	-6	0	96	-104	54	-84	-28	96
2	82	-180	15252264	-6	25	41	-29	5	-5	0	101	-109	54	-84	-28	96
2	82	-180	15254264	-6	27	35	-26	4	-5	0	105	-114	54	-84	-28	96
2	82	-180	15256268	-8	24	35	-25	4	-5	0	109	-119	54	-84	-28	96
2	82	-180	15258272	-7	24	32	-24	4	-5	0	113	-124	54	-84	-28	96
2	82	-180	15260272	-9	26	33	-22	4	-5	0	117	-129	54	-84	-28	96
2	82	-180	15262276	-7	21	32	-23	4	-4	0	121	-133	54	-84	-28	96
2	82	-180	15264280	-8	22	30	-21	4	-5	0	125	-138	54	-84	-28	96
2	82	-180	15266284	-10	23	30	-23	4	-4	0	129	-142	54	-84	-28	96
2	82	-180	15268276	-7	20	34	-23	4	-5	0	133	-147	54	-84	-28	96
2	82	-180	15270288	-10	24	29	-22	4	-4	0	137	-151	54	-84	-28	96
2	82	-180	15272288	-8	20	29	-21	4	-4	0	141	-155	54	-84	-28	96
2	82	-180	15274288	-9	19	28	-22	4	-4	0	145	-159	54	-84	-28	96
2	82	-180	15276288	-8	24	28	-22	3	-5	0	148	-164	54	-84	-28	96
2	82	-180	15278292	-7	20	29	-22	4	-4	0	152	-168	54	-84	-28	96
2	82	-180	15280296	-7	20	27	-21	3	-4	0	155	-172	54	-84	-28	96
2	82	-180	15282292	-9	22	26	-22	4	-5	0	159	-177	54	-84	-28	96
2	82	-180	15284296	-6	20	27	-21	3	-4	0	162	-181	54	-84	-28	96
2	82	-180	15286288	-8	20	30	-24	4	-4	0	166	-185	54	-84	-28	96
2	82	-180	15288288	-6	23	25	-20	3	-4	0	169	-189	54	-84	-28	96
2	82	-180	15290284	-6	18	25	-20	3	-4	0	172	-193	54	-84	-28	96
2	82	-180	15292288	-8	22	23	-20	3	-4	0	175	-197	54	-84	-28	96
2	82	-180	15294292	-5	18	24	-20	3	-4	0	178	-201	54	-84	-28	96
2	82	-180	15296300	-6	19	23	-18	3	-4	0	181	-205	54	-84	-28	96
2	82	-180	15298288	-5	21	22	-18	3	-4	0	184	-209	54	-84	-28	96
2	82	-180	15300292	-6	18	21	-17	2	-3	0	186	-212	54	-84	-28	96
2	82	-180	15302296	-5	16	23	-19	3	-4	0	189	-216	54	-84	-28	96
2	82	-180	15304300	-5	19	19	-16	2	-3	0	191	-219	54	-84	-28	96
2	82	-180	15306292	-5	15	18	-17	3	-4	0	194	-223	54	-84	-28	96
2	82	-180	15308292	-5	17	18	-15	2	-3	0	196	-226	54	-84	-28	96
2	82	-180	15310300	-5	15	17	-15	2	-3	0	198	-229	54	-84	-28	96
2	82	-180	15312300	-4	15	17	-13	2	-3	0	200	-232	54	-84	-28	96
2	82	-180	15314304	-5	17	16	-15	2	-3	0	202	-235	54	-84	-28	96
2	82	-180	15316304	-5	13	16	-14	3	-2	0	205	-237	54	-84	-28	96
2	82	-180	15318308	-4	14	19	-18	2	-4	0	207	-241	54	-84	-28	96
2	82	-180	15320316	-5	16	17	-15	2	-3	0	209	-244	54	-84	-28	96
2	82	-180	15322312	-5	15	17	-15	2	-3	0	211	-247	54	-84	-28	96
2	82	-180	15324308	-3	14	16	-15	2	-3	0	213	-250	54	-84	-28	96
2	82	-180	15326312	-7	16	17	-15	3	-3	0	216	-253	54	-84	-28	96
2	82	-180	15328316	-3	15	19	-16	2	-3	0	218	-256	54	-84	-28	96
2	82	-180	15330312	-7	17	18	-16	2	-3	0	220	-259	54	-84	-28	96
2	82	-180	15332300	-5	15	18	-16	3	-3	0	223	-262	54	-84	-28	96
2	82	-180	15334304	-3	15	19	-17	2	-3	0	225	-265	54	-84	-28	96
2	82	-180	15336312	-7	16	23	-18	3	-4	0	228	-269	54	-84	-28	96
2	82	-180	15338304	-5	15	18	-17	2	-3	0	230	-272	54	-84	-28	96
2	82	-180	15340304	-5	15	20	-16	3	-3	0	233	-275	54	-84	-28	96
2	82	-180	15342300	-5	17	20	-17	2	-4	0	235	-279	54	-84	-28	96
2	82	-180	15344308	-3	15	20	-17	2	-3	0	237	-282	54	-84	-28	96
2	82	-180	15346312	-4	15	19	-17	3	-3	0	240	-285	54	-84	-28	96
2	82	-180	15348308	-5	18	20	-16	2	-3	0	242	-288	54	-84	-28	96
2	82	-180	15350312	-4	15	19	-18	2	-4	0	244	-292	54	-84	-28	96
2	82	-180	15352312	-2	16	21	-19	3	-3	0	247	-295	54	-84	-28	96
2	82	-180	15354304	-4	18	19	-17	2	-4	0	249	-299	54	-84	-28	96
2	82	-180	15356312	-4	15	19	-16	2	-3	0	251	-302	54	-84	-28	96
2	82	-180	15358308	-2	17	18	-17	2	-3	0	253	-305	54	-84	-28	96
2	82	-180	15360304	-3	16	18	-16	2	-3	0	255	-308	54	-84	-28	96
2	82	-180	15362300	-4	15	17	-16	3	-3	0	258	-311	54	-84	-28	96
2	82	-180	15364296	-2	17	18	-16	2	-4	0	260	-315	54	-84	-28	96
2	82	-180	15366300	-1	15	16	-15	1	-3	0	261	-318	54	-84	-28	96
2	82	-180	15368296	-3	13	16	-17	2	-3	0	263	-321	54	-84	-28	96
2	82	-180	15370300	-1	17	17	-15	2	-3	0	265	-324	54	-84	-28	96
2	82	-180	15372300	-3	15	17	-17	2	-3	0	267	-327	54	-84	-28	96
2	82	-180	15374296	0	13	16	-15	2	-3	0	269	-330	54	-84	-28	96
2	82	-180	15376304	-1	17	15	-15	1	-3	0	270	-333	54	-84	-28	96
2	82	-180	15378308	-1	15	15	-15	2	-3	0	272	-336	54	-84	-28	96
2	82	-180	15380312	-1	15	14	-14	1	-3	0	273	-339	54	-84	-28	96
2	82	-180	15382320	-2	13	14	-14	2	-3	0	275	-342	54	-84	-28	96
2	82	-180	15384312	-1	13	14	-13	1	-2	0	276	-344	54	-84	-28	96
2	82	-180	15386312	0	14	12	-13	2	-3	0	278	-347	54	-84	-28	96
2	82	-180	15388316	-1	12	13	-12	1	-2	0	279	-349	54	-84	-28	96
2	82	-180	15390320	0	10	10	-12	1	-3	0	280	-352	54	-84	-28	96
2	82	-180	15392316	-1	13	10	-11	1	-2	0	281	-354	54	-84	-28	96
2	82	-180	15394320	0	10	8	-9	1	-2	0	282	-356	54	-84	-28	96
2	82	-180	15396316	0	8	8	-8	1	-2	0	283	-358	54	-84	-28	96
2	82	-180	15398308	0	10	7	-9	0	-1	0	283	-359	54	-84	-28	96
2	82	-180	15400332	0	8	8	-9	1	-2	0	284	-361	54	-84	-28	96
2	82	-180	15402340	0	9	5	-6	1	-2	0	285	-363	54	-84	-28	96
2	82	-180	15404320	0	6	6	-8	0	-1	0	285	-364	54	-84	-28	96
2	82	-180	15406340	0	6	5	-6	1	-1	0	286	-365	54	-84	-28	96
2	82	-180	15408320	1	5	4	-5	0	-1	0	286	-366	54	-84	-28	96
2	82	-180	15410316	0	5	2	-4	0	-1	0	286	-367	54	-84	-28	96
2	82	-180	15412328	0	4	3	-3	1	-1	0	287	-368	54	-84	-28	96
2	82	-180	15414312	1	4	2	-3	0	-1	0	287	-369	54	-84	-28	96
2	82	-180	15416308	0	2	3	-2	0	0	0	287	-369	54	-84	-28	96
2	82	-180	15418312	0	3	1	-3	0	-1	0	287	-370	54	-84	-28	96
2	82	-180	15420296	2	2	1	-2	0	0	0	287	-370	54	-84	-28	96
2	82	-180	15422296	0	3	2	-2	0	0	0	287	-370	54	-84	-28	96
2	82	-180	15424308	1	1	0	-1	0	-1	0	287	-371	54	-84	-28	96
2	82	-180	15426292	0	1	1	0	0	0	0	287	-371	54	-84	-28	96
2	82	-180	15428252	0	0	0	-1	0	0	0	287	-371	54	-84	-28	96
2	82	-180	15430284	1	1	0	0	0	0	0	287	-371	54	-84	-28	96
2	82	-180	15432244	0	0	1	0	0	0	0	287	-371	54	-84	-28	96
2	82	-180	15436248	0	2	0	0	0	0	0	287	-371	54	-84	-28	96
2	82	-180	15438244	1	0	0	0	0	0	0	287	-371	54	-84	-28	96
2	82	-180	15442256	2	0	0	0	0	0	0	287	-371	54	-84	-28	96
2	82	-180	15444256	1	0	0	0	0	0	0	287	-371	54	-84	-28	96
2	82	-180	15446256	1	0	0	0	0	0	0	287	-371	54	-84	-28	96
2	82	-180	15448264	1	-1	0	0	0	0	0	287	-371	54	-84	-28	96
2	82	-180	15450256	3	0	0	0	0	0	0	287	-371	54	-84	-28	96
2	82	-180	15452260	2	0	0	0	0	0	0	287	-371	54	-84	-28	96
2	82	-180	15454288	3	-1	-1	0	0	0	0	287	-371	54	-84	-28	96
2	82	-180	15456280	2	0	0	0	-1	0	0	286	-371	54	-84	-28	96
2	82	-180	15458276	4	-1	-2	1	0	0	0	286	-371	54	-84	-28	96
2	82	-180	15460264	3	0	-1	2	-1	0	0	285	-371	54	-84	-28	96
2	82	-180	15462280	2	-1	0	0	0	0	0	285	-371	54	-84	-28	96
2	82	-180	15464268	5	-2	-1	1	0	0	0	285	-371	54	-84	-28	96
2	82	-180	15466292	3	0	-1	1	-1	0	0	284	-371	54	-84	-28	96
2	82	-180	15468288	3	-1	-2	0	0	0	0	284	-371	54	-84	-28	96
2	82	-180	15470284	5	-1	0	1	-1	0	0	283	-371	54	-84	-28	96
2	82	-180	15472292	4	-1	-1	2	0	1	0	283	-370	54	-84	-28	96
2	82	-180	15474288	4	0	-1	1	-1	0	0	282	-370	54	-84	-28	96
2	82	-180	15476268	4	-2	0	0	0	0	0	282	-370	54	-84	-28	96
2	82	-180	15478280	3	-1	-1	1	-1	0	0	281	-370	54	-84	-28	96
2	82	-180	15480260	5	-1	-2	1	0	0	0	281	-370	54	-84	-28	96
2	82	-180	15482252	4	0	0	0	-1	0	0	280	-370	54	-84	-28	96
2	82	-180	15484296	3	-1	-1	2	0	1	0	280	-369	54	-84	-28	96
2	82	-180	15486296	3	-2	-1	1	-1	0	0	279	-369	54	-84	-28	96
2	82	-180	15488252	4	0	0	0	0	0	0	279	-369	54	-84	-28	96
2	82	-180	15490284	3	-1	-1	1	0	0	0	279	-369	54	-84	-28	96
2	82	-180	15492292	3	-1	0	1	-1	0	0	278	-369	54	-84	-28	96
2	82	-180	15494260	3	0	-2	0	0	0	0	278	-369	54	-84	-28	96
2	82	-180	15496292	4	-1	0	2	-1	1	0	277	-368	54	-84	-28	96
2	82	-180	15498284	2	-2	-1	0	0	0	0	277	-368	54	-84	-28	96
2	82	-180	15500284	3	0	0	1	0	0	1	277	-368	54	-84	-28	96
3	82	-180	15502288	3	-1	-1	1	-1	0	1	53	-84	54	-84	-28	96
3	82	-180	15504276	3	-1	0	1	0	0	1	53	-84	54	-84	-28	96
3	82	-180	15506284	1	-1	-1	0	0	0	1	53	-84	54	-84	-28	96
3	82	-180	15508300	3	-2	-2	2	-1	1	1	52	-83	54	-84	-28	96
3	-130	149	15510288	1	0	0	1	0	0	1	52	-83	-76	65	54	-84
3	-130	149	15512272	2	-1	-1	1	0	0	1	52	-83	-76	65	54	-84
3	-130	149	15514268	2	-1	0	1	0	0	1	52	-83	-76	65	54	-84
3	-130	149	15516288	1	0	0	2	0	1	1	52	-82	-76	65	54	-84
3	-130	149	15518272	1	-1	0	0	0	0	1	52	-82	-76	65	54	-84
3	-130	149	15520280	1	-2	-1	1	-1	0	1	51	-82	-76	65	54	-84
3	-130	149	15522220	0	0	0	1	0	0	1	51	-82	-76	65	54	-84
3	-130	149	15524272	2	-1	0	0	0	0	1	51	-82	-76	65	54	-84
3	-130	149	15526256	0	-1	0	1	0	0	1	51	-82	-76	65	54	-84
3	-130	149	15528252	0	0	-1	0	0	0	1	51	-82	-76	65	54	-84
3	-130	149	15530296	1	0	0	2	0	1	1	51	-81	-76	65	54	-84
3	-130	149	15532252	0	-1	0	0	0	0	1	51	-81	-76	65	54	-84
3	-130	149	15536240	0	0	0	1	0	0	1	51	-81	-76	65	54	-84
3	-130	149	15540252	0	-2	0	0	0	0	1	51	-81	-76	65	54	-84
3	-130	149	15558244	0	0	-2	0	0	0	1	51	-81	-76	65	54	-84
3	-130	149	15566284	0	-1	-1	0	0	0	1	51	-81	-76	65	54	-84
3	-130	149	15570252	0	0	-1	0	0	0	1	51	-81	-76	65	54	-84
3	-130	149	15572288	0	-1	-1	1	0	0	1	51	-81	-76	65	54	-84
3	-130	149	15574304	1	-1	-2	1	-1	0	1	50	-81	-76	65	54	-84
3	-130	149	15576284	0	-3	-1	3	0	1	0	50	-80	-76	65	54	-84
3	-130	149	15578288	1	-1	-1	2	0	0	0	50	-80	-76	65	54	-84
3	-130	149	15580292	0	-4	-4	3	0	1	0	50	-79	-76	65	54	-84
3	-130	149	15582316	2	-2	-2	4	-1	1	0	49	-78	-76	65	54	-84
3	-130	149	15584296	1	-3	-4	3	0	0	0	49	-78	-76	65	54	-84
3	-130	149	15586316	2	-5	-4	5	-1	1	0	48	-77	-76	65	54	-84
3	-130	149	15588320	2	-4	-5	5	-1	1	0	47	-76	-76	65	54	-84
3	-130	149	15590300	2	-6	-5	7	0	1	0	47	-75	-76	65	54	-84
3	-130	149	15592312	3	-5	-6	6	-1	2	0	46	-73	-76	65	54	-84
3	-130	149	15594316	2	-6	-8	7	-1	1	0	45	-72	-76	65	54	-84
3	-130	149	15596308	5	-8	-8	9	-2	2	0	43	-70	-76	65	54	-84
3	-130	149	15598320	4	-7	-9	9	-1	1	0	42	-69	-76	65	54	-84
3	-130	149	15600320	4	-9	-10	10	-1	2	0	41	-67	-76	65	54	-84
3	-130	149	15602312	3	-10	-10	10	-2	2	0	39	-65	-76	65	54	-84
3	-130	149	15604316	5	-9	-13	10	-1	2	0	38	-63	-76	65	54	-84
3	-130	149	15606312	4	-11	-12	11	-2	2	0	36	-61	-76	65	54	-84
3	-130	149	15608312	6	-11	-14	13	-2	3	0	34	-58	-76	65	54	-84
3	-130	149	15610312	5	-13	-16	12	-2	2	0	32	-56	-76	65	54	-84
3	-130	149	15612328	7	-13	-19	16	-3	3	0	29	-53	-76	65	54	-84
3	-130	149	15614324	5	-14	-19	14	-2	3	0	27	-50	-76	65	54	-84
3	-130	149	15616332	6	-14	-20	16	-3	3	0	24	-47	-76	65	54	-84
3	-130	149	15618324	6	-17	-21	17	-2	3	0	22	-44	-76	65	54	-84
3	-130	149	15620328	6	-15	-22	17	-3	3	0	19	-41	-76	65	54	-84
3	-130	149	15622328	7	-17	-25	19	-3	4	0	16	-37	-76	65	54	-84
3	-130	149	15624332	7	-20	-27	19	-4	4	0	12	-33	-76	65	54	-84
3	-130	149	15626336	6	-18	-27	21	-3	4	0	9	-29	-76	65	54	-84
3	-130	149	15628340	8	-23	-30	21	-4	4	0	5	-25	-76	65	54	-84
3	-130	149	15630344	6	-21	-35	26	-4	5	0	1	-20	-76	65	54	-84
3	-130	149	15632340	6	-21	-33	24	-4	4	0	-3	-16	-76	65	54	-84
3	-130	149	15634340	7	-27	-35	25	-4	6	0	-7	-10	-76	65	54	-84
3	-130	149	15636340	6	-23	-36	26	-4	4	0	-11	-6	-76	65	54	-84
3	-130	149	15638340	6	-27	-37	28	-5	6	0	-16	0	-76	65	54	-84
3	-130	149	15640344	8	-30	-39	29	-4	6	0	-20	6	-76	65	54	-84
3	-130	149	15642352	6	-26	-40	30	-5	5	0	-25	11	-76	65	54	-84
3	-130	149	15644344	5	-29	-41	30	-4	6	0	-29	17	-76	65	54	-84
3	-130	149	15646344	7	-32	-49	35	-6	7	0	-35	24	-76	65	54	-84
3	-130	149	15648352	7	-30	-44	33	-5	6	0	-40	30	-76	65	54	-84
3	-130	149	15650352	6	-35	-45	33	-5	7	0	-45	37	-76	65	54	-84
3	-130	149	15652356	6	-31	-46	35	-5	7	0	-50	44	-76	65	54	-84
3	-130	149	15654356	5	-33	-48	35	-6	7	0	-56	51	-76	65	54	-84
3	-130	149	15656364	6	-39	-47	36	-5	7	0	-61	58	-76	65	54	-84
3	-130	149	15658380	7	-33	-49	38	-6	7	0	-67	65	-76	65	54	-84
3	-130	149	15660372	5	-34	-49	37	-5	7	0	-72	72	-76	65	54	-84
3	-130	149	15662380	6	-40	-55	41	-6	8	0	-78	80	-76	65	54	-84
3	-130	149	15664384	6	-35	-50	39	-6	8	0	-84	88	-76	65	54	-84
3	-130	149	15666380	6	-41	-50	38	-5	8	0	-89	96	-76	65	54	-84
3	-130	149	15668384	7	-35	-48	38	-6	7	0	-95	103	-76	65	54	-84
3	-130	149	15670372	5	-37	-50	39	-5	8	0	-100	111	-76	65	54	-84
3	-130	149	15672376	7	-40	-50	39	-6	7	0	-106	118	-76	65	54	-84
3	-130	149	15674372	6	-36	-49	37	-6	8	0	-112	126	-76	65	54	-84
3	-130	149	15676372	7	-35	-49	39	-5	7	0	-117	133	-76	65	54	-84
3	-130	149	15678376	7	-40	-49	38	-6	8	0	-123	141	-76	65	54	-84
3	-130	149	15680376	6	-35	-53	41	-6	8	0	-129	149	-76	65	54	-84
3	-130	149	15682372	8	-34	-48	36	-5	7	0	-134	156	-76	65	54	-84
3	-130	149	15684372	7	-38	-46	35	-6	7	0	-140	163	-76	65	54	-84
3	-130	149	15686372	8	-33	-44	35	-5	7	0	-145	170	-76	65	54	-84
3	-130	149	15688372	7	-32	-45	34	-5	6	0	-150	176	-76	65	54	-84
3	-130	149	15690372	9	-37	-42	34	-5	7	0	-155	183	-76	65	54	-84
3	-130	149	15692368	8	-31	-43	31	-5	7	0	-160	190	-76	65	54	-84
3	-130	149	15694372	10	-34	-41	31	-5	6	0	-165	196	-76	65	54	-84
3	-130	149	15696368	8	-28	-41	30	-5	6	0	-170	202	-76	65	54	-84
3	-130	149	15698376	9	-29	-44	34	-5	6	0	-175	208	-76	65	54	-84
3	-130	149	15700380	10	-31	-38	27	-5	6	0	-180	214	-76	65	54	-84
3	-130	149	15702380	9	-27	-37	28	-5	5	0	-185	219	-76	65	54	-84
3	-130	149	15704380	10	-25	-36	26	-4	6	0	-189	225	-76	65	54	-84
3	-130	149	15706388	10	-28	-35	26	-5	5	0	-194	230	-76	65	54	-84
3	-130	149	15708384	10	-24	-34	24	-4	5	0	-198	235	-76	65	54	-84
3	-130	149	15710384	12	-26	-34	24	-5	5	0	-203	240	-76	65	54	-84
3	-130	149	15712380	10	-22	-32	24	-4	4	0	-207	244	-76	65	54	-84
3	-130	149	15714380	10	-22	-35	26	-5	5	0	-212	249	-76	65	54	-84
3	-130	149	15716380	12	-24	-33	22	-4	5	0	-216	254	-76	65	54	-84
3	-130	149	15718368	10	-21	-30	22	-4	4	0	-220	258	-76	65	54	-84
3	-130	149	15720368	10	-20	-31	21	-4	4	0	-224	262	-76	65	54	-84
3	-130	149	15722368	11	-24	-30	21	-4	5	0	-228	267	-76	65	54	-84
3	-130	149	15724360	10	-19	-29	20	-4	4	0	-232	271	-76	65	54	-84
3	-130	149	15726368	10	-18	-29	20	-4	3	0	-236	274	-76	65	54	-84
3	-130	149	15728360	10	-22	-28	20	-4	5	0	-240	279	-76	65	54	-84
3	-130	149	15730360	9	-17	-28	19	-4	3	0	-244	282	-76	65	54	-84
3	-130	149	15732356	8	-18	-31	21	-4	4	0	-248	286	-76	65	54	-84
3	-130	149	15734360	10	-20	-26	18	-3	4	0	-251	290	-76	65	54	-84
3	-130	149	15736352	9	-16	-25	17	-4	3	0	-255	293	-76	65	54	-84
3	-130	149	15738352	8	-16	-25	18	-3	4	0	-258	297	-76	65	54	-84
3	-130	149	15740352	8	-18	-24	16	-3	3	0	-261	300	-76	65	54	-84
3	-130	149	15742356	7	-15	-23	16	-3	3	0	-264	303	-76	65	54	-84
3	-130	149	15744364	7	-16	-22	15	-3	3	0	-267	306	-76	65	54	-84
3	-130	149	15746356	6	-14	-21	15	-3	3	0	-270	309	-76	65	54	-84
3	-130	149	15748356	7	-13	-22	14	-3	3	0	-273	312	-76	65	54	-84
3	-130	149	15750360	7	-15	-21	15	-2	3	0	-275	315	-76	65	54	-84
3	-130	149	15752356	5	-13	-19	14	-3	2	0	-278	317	-76	65	54	-84
3	-130	149	15754356	6	-12	-17	11	-2	3	0	-280	320	-76	65	54	-84
3	-130	149	15756360	7	-13	-16	12	-2	2	0	-282	322	-76	65	54	-84
3	-130	149	15758360	5	-11	-17	10	-3	2	0	-285	324	-76	65	54	-84
3	-130	149	15760348	5	-10	-15	12	-2	3	0	-287	327	-76	65	54	-84
3	-130	149	15762360	5	-13	-13	10	-1	2	0	-288	329	-76	65	54	-84
3	-130	149	15764364	5	-8	-14	10	-2	2	0	-290	331	-76	65	54	-84
3	-130	149	15766364	5	-10	-14	8	-2	1	0	-292	332	-76	65	54	-84
3	-130	149	15768360	5	-10	-14	10	-2	2	0	-294	334	-76	65	54	-84
3	-130	149	15770360	3	-8	-11	9	-1	2	0	-295	336	-76	65	54	-84
3	-130	149	15772364	5	-10	-12	8	-2	2	0	-297	338	-76	65	54	-84
3	-130	149	15774364	5	-7	-10	8	-2	1	0	-299	339	-76	65	54	-84
3	-130	149	15776356	4	-8	-12	8	-1	2	0	-300	341	-76	65	54	-84
3	-130	149	15778360	4	-7	-8	6	-1	1	0	-301	342	-76	65	54	-84
3	-130	149	15780360	5	-8	-10	6	-2	2	0	-303	344	-76	65	54	-84
3	-130	149	15782360	4	-6	-9	8	-1	1	0	-304	345	-76	65	54	-84
3	-130	149	15784360	3	-6	-9	6	-1	1	0	-305	346	-76	65	54	-84
3	-130	149	15786356	4	-5	-7	5	-2	1	0	-307	347	-76	65	54	-84
3	-130	149	15788348	5	-7	-8	5	-1	2	0	-308	349	-76	65	54	-84
3	-130	149	15790336	4	-5	-7	5	-1	1	0	-309	350	-76	65	54	-84
3	-130	149	15792340	2	-5	-7	5	-1	1	0	-310	351	-76	65	54	-84
3	-130	149	15794320	5	-5	-6	4	-1	0	0	-311	351	-76	65	54	-84
3	-130	149	15796332	4	-3	-6	5	-1	1	0	-312	352	-76	65	54	-84
3	-130	149	15798340	3	-4	-5	4	-1	1	0	-313	353	-76	65	54	-84
3	-130	149	15800340	5	-4	-5	3	-1	1	0	-314	354	-76	65	54	-84
3	-130	149	15802320	2	-4	-5	4	0	1	0	-314	355	-76	65	54	-84
3	-130	149	15804320	4	-2	-5	3	-1	0	0	-315	355	-76	65	54	-84
3	-130	149	15806328	4	-3	-4	2	-1	1	0	-316	356	-76	65	54	-84
3	-130	149	15808316	3	-3	-4	3	-1	0	0	-317	356	-76	65	54	-84
3	-130	149	15810320	4	-2	-3	2	-1	1	0	-318	357	-76	65	54	-84
3	-130	149	15812308	4	-2	-3	3	0	0	0	-318	357	-76	65	54	-84
3	-130	149	15814324	4	-3	-2	1	-1	0	0	-319	357	-76	65	54	-84
3	-130	149	15816324	3	-1	-3	2	0	1	0	-319	358	-76	65	54	-84
3	-130	149	15818320	4	-2	-1	2	-1	0	0	-320	358	-76	65	54	-84
3	-130	149	15820328	3	-2	-3	1	-1	0	0	-321	358	-76	65	54	-84
3	-130	149	15822320	5	-1	-2	1	0	1	0	-321	359	-76	65	54	-84
3	-130	149	15824332	2	-1	-1	1	-1	0	0	-322	359	-76	65	54	-84
3	-130	149	15826332	4	-1	-2	2	0	0	0	-322	359	-76	65	54	-84
3	-130	149	15828340	4	-2	-2	0	-1	0	0	-323	359	-76	65	54	-84
3	-130	149	15830336	2	0	-1	1	0	0	0	-323	359	-76	65	54	-84
3	-130	149	15832348	4	-1	-2	0	-1	1	0	-324	360	-76	65	54	-84
3	-130	149	15834328	2	-1	0	0	0	0	0	-324	360	-76	65	54	-84
3	-130	149	15836332	3	0	-1	1	0	0	0	-324	360	-76	65	54	-84
3	-130	149	15838344	2	-1	-1	0	-1	0	0	-325	360	-76	65	54	-84
3	-130	149	15840324	4	0	0	1	0	0	0	-325	360	-76	65	54	-84
3	-130	149	15842324	3	-2	-1	0	0	0	0	-325	360	-76	65	54	-84
3	-130	149	15844312	2	0	-2	0	-1	0	0	-326	360	-76	65	54	-84
3	-130	149	15846336	1	-1	-1	0	0	0	0	-326	360	-76	65	54	-84
3	-130	149	15848324	3	0	0	2	0	0	0	-326	360	-76	65	54	-84
3	-130	149	15850300	2	0	-1	0	-1	0	0	-327	360	-76	65	54	-84
3	-130	149	15852332	2	-1	0	0	0	1	0	-327	361	-76	65	54	-84
3	-130	149	15854260	2	0	0	0	0	0	0	-327	361	-76	65	54	-84
3	-130	149	15856308	1	0	-1	1	0	0	0	-327	361	-76	65	54	-84
3	-130	149	15858280	2	0	0	0	0	0	0	-327	361	-76	65	54	-84
3	-130	149	15860308	1	-1	0	0	0	0	0	-327	361	-76	65	54	-84
3	-130	149	15862284	0	0	0	1	0	0	0	-327	361	-76	65	54	-84
3	-130	149	15864296	1	0	0	0	-1	0	0	-328	361	-76	65	54	-84
3	-130	149	15866292	1	0	0	0	0	0	0	-328	361	-76	65	54	-84
3	-130	149	15870332	2	-2	0	1	0	0	0	-328	361	-76	65	54	-84
3	-130	149	15882316	0	-1	0	2	0	0	0	-328	361	-76	65	54	-84
3	-130	149	15884300	0	0	1	0	0	0	0	-328	361	-76	65	54	-84
3	-130	149	15890292	0	0	1	0	0	0	0	-328	361	-76	65	54	-84
3	-130	149	15892312	0	-1	0	0	0	1	0	-328	362	-76	65	54	-84
3	-130	149	15894240	0	0	0	0	0	0	1	-328	362	-76	65	54	-84
4	-130	149	15896260	0	0	2	0	0	0	1	-76	65	-76	65	54	-84
4	-130	149	15902288	0	-1	0	0	0	0	1	-76	65	-76	65	54	-84
4	-130	149	15904276	0	0	1	0	0	0	1	-76	65	-76	65	54	-84
4	167	-107	15912284	0	0	1	0	0	0	1	-76	65	91	-42	-76	65
4	167	-107	15928284	-1	0	1	0	0	0	1	-76	65	91	-42	-76	65
4	167	-107	15930292	-1	0	0	0	0	0	1	-76	65	91	-42	-76	65
4	167	-107	15932288	-1	0	0	0	0	0	1	-76	65	91	-42	-76	65
4	167	-107	15934296	-1	0	0	0	0	0	1	-76	65	91	-42	-76	65
4	167	-107	15936300	-3	0	2	0	1	0	1	-75	65	91	-42	-76	65
4	167	-107	15938272	-4	0	0	0	0	0	1	-75	65	91	-42	-76	65
4	167	-107	15940324	-2	1	1	-1	1	0	1	-74	65	91	-42	-76	65
4	167	-107	15942316	-4	0	1	-1	0	0	1	-74	65	91	-42	-76	65
4	167	-107	15944324	-5	1	1	0	1	0	1	-73	65	91	-42	-76	65
4	167	-107	15946320	-5	2	2	-1	0	0	1	-73	65	91	-42	-76	65
4	167	-107	15948340	-5	1	1	-1	1	0	1	-72	65	91	-42	-76	65
4	167	-107	15950308	-5	0	2	0	1	0	1	-71	65	91	-42	-76	65
4	167	-107	15952332	-6	1	2	-2	0	-1	1	-71	64	91	-42	-76	65
4	167	-107	15954328	-8	3	3	-2	2	0	1	-69	64	91	-42	-76	65
4	167	-107	15956328	-6	1	4	-1	1	0	1	-68	64	91	-42	-76	65
4	167	-107	15958348	-7	2	5	-3	1	-1	0	-67	63	91	-42	-76	65
4	167	-107	15960340	-9	2	6	-2	1	0	0	-66	63	91	-42	-76	65
4	167	-107	15962356	-8	2	8	-3	2	-1	0	-64	62	91	-42	-76	65
4	167	-107	15964352	-8	4	9	-4	2	-1	0	-62	61	91	-42	-76	65
4	167	-107	15966344	-10	4	10	-3	2	0	0	-60	61	91	-42	-76	65
4	167	-107	15968356	-9	2	11	-4	2	-1	0	-58	60	91	-42	-76	65
4	167	-107	15970364	-11	5	12	-4	2	-1	0	-56	59	91	-42	-76	65
4	167	-107	15972364	-9	4	15	-5	2	-1	0	-54	58	91	-42	-76	65
4	167	-107	15974356	-10	5	17	-6	3	-1	0	-51	57	91	-42	-76	65
4	167	-107	15976356	-13	5	21	-6	3	-1	0	-48	56	91	-42	-76	65
4	167	-107	15978352	-11	6	21	-7	4	-1	0	-44	55	91	-42	-76	65
4	167	-107	15980352	-10	6	23	-7	3	-1	0	-41	54	91	-42	-76	65
4	167	-107	15982348	-14	8	25	-8	4	-2	0	-37	52	91	-42	-76	65
4	167	-107	15984344	-11	7	26	-8	3	-2	0	-34	50	91	-42	-76	65
4	167	-107	15986340	-12	8	29	-9	5	-1	0	-29	49	91	-42	-76	65
4	167	-107	15988336	-14	10	30	-10	4	-2	0	-25	47	91	-42	-76	65
4	167	-107	15990336	-14	9	31	-10	4	-2	0	-21	45	91	-42	-76	65
4	167	-107	15992340	-15	11	34	-10	5	-2	0	-16	43	91	-42	-76	65
4	167	-107	15994340	-14	11	40	-14	6	-3	0	-10	40	91	-42	-76	65
4	167	-107	15996336	-13	11	36	-12	5	-2	0	-5	38	91	-42	-76	65
4	167	-107	15998348	-17	14	37	-13	5	-3	0	0	35	91	-42	-76	65
4	167	-107	16000344	-13	13	40	-15	5	-3	0	5	32	91	-42	-76	65
4	167	-107	16002344	-15	13	42	-15	6	-2	0	11	30	91	-42	-76	65
4	167	-107	16004352	-17	18	42	-16	6	-4	0	17	26	91	-42	-76	65
4	167	-107	16006352	-15	15	44	-16	6	-3	0	23	23	91	-42	-76	65
4	167	-107	16008352	-15	17	45	-19	6	-3	0	29	20	91	-42	-76	65
4	167	-107	16010348	-17	19	46	-19	6	-4	0	35	16	91	-42	-76	65
4	167	-107	16012344	-16	19	54	-22	7	-4	0	42	12	91	-42	-76	65
4	167	-107	16014332	-15	19	47	-20	6	-4	0	48	8	91	-42	-76	65
4	167	-107	16016324	-19	21	50	-22	7	-5	0	55	3	91	-42	-76	65
4	167	-107	16018328	-16	21	49	-21	7	-4	0	62	-1	91	-42	-76	65
4	167	-107	16020336	-19	24	51	-22	7	-4	0	69	-5	91	-42	-76	65
4	167	-107	16022328	-18	21	50	-24	7	-5	0	76	-10	91	-42	-76	65
4	167	-107	16024336	-17	21	52	-23	6	-4	0	82	-14	91	-42	-76	65
4	167	-107	16026324	-20	25	51	-25	8	-5	0	90	-19	91	-42	-76	65
4	167	-107	16028324	-18	24	52	-23	7	-5	0	97	-24	91	-42	-76	65
4	167	-107	16030328	-18	23	59	-28	7	-5	0	104	-29	91	-42	-76	65
4	167	-107	16032336	-23	27	53	-25	8	-5	0	112	-34	91	-42	-76	65
4	167	-107	16034332	-21	24	52	-25	7	-5	0	119	-39	91	-42	-76	65
4	167	-107	16036328	-21	24	54	-26	8	-5	0	127	-44	91	-42	-76	65
4	167	-107	16038328	-25	26	55	-25	8	-5	0	135	-49	91	-42	-76	65
4	167	-107	16040332	-24	24	55	-25	8	-5	0	143	-54	91	-42	-76	65
4	167	-107	16042336	-28	27	55	-26	8	-5	0	151	-59	91	-42	-76	65
4	167	-107	16044340	-25	24	56	-25	8	-5	0	159	-64	91	-42	-76	65
4	167	-107	16046336	-25	22	64	-28	9	-5	0	168	-69	91	-42	-76	65
4	167	-107	16048328	-28	27	57	-25	8	-6	0	176	-75	91	-42	-76	65
4	167	-107	16050336	-27	23	57	-25	9	-4	0	185	-79	91	-42	-76	65
4	167	-107	16052340	-27	23	57	-24	8	-5	0	193	-84	91	-42	-76	65
4	167	-107	16054336	-31	25	56	-25	9	-5	0	202	-89	91	-42	-76	65
4	167	-107	16056332	-27	22	57	-22	8	-4	0	210	-93	91	-42	-76	65
4	167	-107	16058320	-28	22	56	-24	9	-5	0	219	-98	91	-42	-76	65
4	167	-107	16060328	-32	25	55	-22	8	-5	0	227	-103	91	-42	-76	65
4	167	-107	16062320	-27	21	55	-23	9	-4	0	236	-107	91	-42	-76	65
4	167	-107	16064320	-31	24	59	-25	9	-5	0	245	-112	91	-42	-76	65
4	167	-107	16066324	-27	20	51	-21	7	-4	0	252	-116	91	-42	-76	65
4	167	-107	16068316	-26	20	50	-21	8	-4	0	260	-120	91	-42	-76	65
4	167	-107	16070324	-27	22	47	-20	7	-4	0	267	-124	91	-42	-76	65
4	167	-107	16072320	-24	19	47	-20	7	-4	0	274	-128	91	-42	-76	65
4	167	-107	16074312	-23	19	45	-20	7	-4	0	281	-132	91	-42	-76	65
4	167	-107	16076320	-25	21	42	-19	7	-4	0	288	-136	91	-42	-76	65
4	167	-107	16078312	-20	19	41	-19	6	-4	0	294	-140	91	-42	-76	65
4	167	-107	16080320	-20	17	40	-19	6	-4	0	300	-144	91	-42	-76	65
4	167	-107	16082328	-21	20	43	-20	6	-4	0	306	-148	91	-42	-76	65
4	167	-107	16084324	-17	16	36	-17	6	-3	0	312	-151	91	-42	-76	65
4	167	-107	16086316	-17	18	36	-18	5	-4	0	317	-155	91	-42	-76	65
4	167	-107	16088324	-18	19	34	-17	5	-3	0	322	-158	91	-42	-76	65
4	167	-107	16090312	-15	16	34	-18	5	-4	0	327	-162	91	-42	-76	65
4	167	-107	16092316	-17	19	32	-17	5	-3	0	332	-165	91	-42	-76	65
4	167	-107	16094320	-13	16	32	-16	5	-3	0	337	-168	91	-42	-76	65
4	167	-107	16096324	-13	15	30	-17	4	-4	0	341	-172	91	-42	-76	65
4	167	-107	16098328	-14	17	28	-16	4	-3	0	345	-175	91	-42	-76	65
4	167	-107	16100328	-10	15	32	-17	4	-3	0	349	-178	91	-42	-76	65
4	167	-107	16102324	-10	14	27	-15	4	-3	0	353	-181	91	-42	-76	65
4	167	-107	16104316	-11	16	25	-15	4	-3	0	357	-184	91	-42	-76	65
4	167	-107	16106324	-9	14	25	-14	3	-3	0	360	-187	91	-42	-76	65
4	167	-107	16108332	-10	15	24	-14	3	-3	0	363	-190	91	-42	-76	65
4	167	-107	16110324	-7	13	22	-15	3	-3	0	366	-193	91	-42	-76	65
4	167	-107	16112328	-8	12	22	-14	3	-2	0	369	-195	91	-42	-76	65
4	167	-107	16114336	-7	15	20	-12	3	-3	0	372	-198	91	-42	-76	65
4	167	-107	16116324	-5	11	21	-15	3	-2	0	375	-200	91	-42	-76	65
4	167	-107	16118328	-6	12	17	-13	2	-3	0	377	-203	91	-42	-76	65
4	167	-107	16120332	-5	13	18	-11	2	-2	0	379	-205	91	-42	-76	65
4	167	-107	16122328	-4	10	15	-11	2	-2	0	381	-207	91	-42	-76	65
4	167	-107	16124328	-4	10	14	-11	2	-3	0	383	-210	91	-42	-76	65
4	167	-107	16126328	-4	12	13	-10	2	-2	0	385	-212	91	-42	-76	65
4	167	-107	16128324	-3	8	12	-10	1	-2	0	386	-214	91	-42	-76	65
4	167	-107	16130332	-3	10	11	-9	1	-1	0	387	-215	91	-42	-76	65
4	167	-107	16132332	-1	8	11	-9	2	-2	0	389	-217	91	-42	-76	65
4	167	-107	16134332	-3	9	10	-10	1	-2	0	390	-219	91	-42	-76	65
4	167	-107	16136332	-1	7	10	-9	1	-2	0	391	-221	91	-42	-76	65
4	167	-107	16138336	-1	8	8	-7	1	-1	0	392	-222	91	-42	-76	65
4	167	-107	16140332	-1	6	7	-8	1	-2	0	393	-224	91	-42	-76	65
4	167	-107	16142320	0	7	8	-6	1	-1	0	394	-225	91	-42	-76	65
4	167	-107	16144300	-2	7	6	-5	0	-1	0	394	-226	91	-42	-76	65
4	167	-107	16146324	0	5	5	-6	1	-1	0	395	-227	91	-42	-76	65
4	167	-107	16148300	0	6	5	-5	0	-1	0	395	-228	91	-42	-76	65
4	167	-107	16150316	-1	5	5	-6	1	-1	0	396	-229	91	-42	-76	65
4	167	-107	16152296	0	5	5	-5	0	-1	0	396	-230	91	-42	-76	65
4	167	-107	16154312	0	4	4	-5	1	-1	0	397	-231	91	-42	-76	65
4	167	-107	16156304	0	3	3	-4	0	-1	0	397	-232	91	-42	-76	65
4	167	-107	16158308	0	5	4	-4	1	-1	0	398	-233	91	-42	-76	65
4	167	-107	16160304	0	4	3	-4	0	-1	0	398	-234	91	-42	-76	65
4	167	-107	16162308	0	4	3	-3	0	0	0	398	-234	91	-42	-76	65
4	167	-107	16164308	0	4	3	-4	0	-1	0	398	-235	91	-42	-76	65
4	167	-107	16166324	0	2	2	-4	1	-1	0	399	-236	91	-42	-76	65
4	167	-107	16168316	0	4	3	-4	0	-1	0	399	-237	91	-42	-76	65
4	167	-107	16170300	0	4	2	-2	0	0	0	399	-237	91	-42	-76	65
4	167	-107	16172284	2	2	2	-4	0	-1	0	399	-238	91	-42	-76	65
4	167	-107	16174300	0	3	1	-2	0	0	0	399	-238	91	-42	-76	65
4	167	-107	16176312	0	2	2	-3	0	-1	0	399	-239	91	-42	-76	65
4	167	-107	16178308	0	3	2	-2	1	0	0	400	-239	91	-42	-76	65
4	167	-107	16180284	1	2	1	-2	0	-1	0	400	-240	91	-42	-76	65
4	167	-107	16182300	0	1	1	-1	0	0	0	400	-240	91	-42	-76	65
4	167	-107	16184300	0	2	1	-2	0	0	0	400	-240	91	-42	-76	65
4	167	-107	16186276	0	2	0	-2	0	-1	0	400	-241	91	-42	-76	65
4	167	-107	16188292	0	1	2	-1	0	0	0	400	-241	91	-42	-76	65
4	167	-107	16190268	0	2	0	0	0	0	0	400	-241	91	-42	-76	65
4	167	-107	16192268	1	0	1	-1	0	0	0	400	-241	91	-42	-76	65
4	167	-107	16194260	0	1	0	-1	0	0	0	400	-241	91	-42	-76	65
4	167	-107	16196264	0	1	0	0	0	0	0	400	-241	91	-42	-76	65
4	167	-107	16200268	0	0	1	0	0	0	0	400	-241	91	-42	-76	65
4	167	-107	16202280	0	1	0	0	0	-1	0	400	-242	91	-42	-76	65
4	167	-107	16222228	1	0	0	0	0	0	0	400	-242	91	-42	-76	65
4	167	-107	16242240	2	-1	0	0	0	0	0	400	-242	91	-42	-76	65
4	167	-107	16248208	0	0	1	0	0	0	0	400	-242	91	-42	-76	65
4	167	-107	16250220	0	-1	0	0	0	0	0	400	-242	91	-42	-76	65
4	167	-107	16254208	0	0	0	1	0	0	0	400	-242	91	-42	-76	65
4	167	-107	16258248	0	-2	2	0	0	0	1	400	-242	91	-42	-76	65
5	167	-107	16262216	0	0	0	1	0	0	1	91	-42	91	-42	-76	65
5	167	-107	16264252	0	-1	1	0	0	0	1	91	-42	91	-42	-76	65
5	167	-107	16268216	0	0	0	2	0	0	1	91	-42	91	-42	-76	65
5	167	-107	16270236	0	-1	0	0	0	1	1	91	-41	91	-42	-76	65
5	-190	56	16272188	0	0	1	0	0	0	1	91	-41	-99	14	91	-42
5	-190	56	16276248	1	0	0	1	0	0	1	91	-41	-99	14	91	-42
5	-190	56	16278240	0	-1	1	0	0	0	1	91	-41	-99	14	91	-42
5	-190	56	16286220	0	0	2	0	1	0	1	92	-41	-99	14	91	-42
5	-190	56	16288188	0	0	0	1	0	0	1	92	-41	-99	14	91	-42
5	-190	56	16294200	0	-2	0	0	0	0	1	92	-41	-99	14	91	-42
5	-190	56	16326160	0	0	-1	0	0	0	1	92	-41	-99	14	91	-42
5	-190	56	16330192	0	-1	-1	1	0	0	1	92	-41	-99	14	91	-42
5	-190	56	16332208	0	-1	-2	2	0	1	1	92	-40	-99	14	91	-42
5	-190	56	16334200	0	-1	-3	2	0	0	1	92	-40	-99	14	91	-42
5	-190	56	16336208	0	-3	-4	1	-1	0	1	91	-40	-99	14	91	-42
5	-190	56	16338204	1	-2	-3	4	0	1	1	91	-39	-99	14	91	-42
5	-190	56	16340228	1	-3	-5	4	-1	1	0	90	-38	-99	14	91	-42
5	-190	56	16342216	2	-4	-7	4	-1	0	0	89	-38	-99	14	91	-42
5	-190	56	16344212	1	-5	-7	5	0	1	0	89	-37	-99	14	91	-42
5	-190	56	16346228	2	-5	-9	6	-1	1	0	88	-36	-99	14	91	-42
5	-190	56	16348232	4	-6	-11	7	-2	2	0	86	-34	-99	14	91	-42
5	-190	56	16350240	4	-6	-11	9	-1	1	0	85	-33	-99	14	91	-42
5	-190	56	16352224	5	-8	-14	9	-2	2	0	83	-31	-99	14	91	-42
5	-190	56	16354220	6	-8	-15	9	-2	2	0	81	-29	-99	14	91	-42
5	-190	56	16356228	5	-9	-18	11	-3	2	0	78	-27	-99	14	91	-42
5	-190	56	16358228	9	-11	-18	11	-2	2	0	76	-25	-99	14	91	-42
5	-190	56	16360224	7	-10	-22	13	-3	2	0	73	-23	-99	14	91	-42
5	-190	56	16362212	9	-13	-23	13	-4	3	0	69	-20	-99	14	91	-42
5	-190	56	16364212	11	-14	-25	14	-3	3	0	66	-17	-99	14	91	-42
5	-190	56	16366220	10	-12	-32	15	-4	2	0	62	-15	-99	14	91	-42
5	-190	56	16368220	13	-14	-30	15	-5	3	0	57	-12	-99	14	91	-42
5	-190	56	16370220	14	-15	-32	15	-4	3	0	53	-9	-99	14	91	-42
5	-190	56	16372220	13	-15	-34	16	-5	3	0	48	-6	-99	14	91	-42
5	-190	56	16374216	14	-15	-37	17	-5	3	0	43	-3	-99	14	91	-42
5	-190	56	16376224	18	-17	-39	17	-6	4	0	37	1	-99	14	91	-42
5	-190	56	16378224	16	-17	-40	18	-5	3	0	32	4	-99	14	91	-42
5	-190	56	16380220	19	-18	-43	17	-7	4	0	25	8	-99	14	91	-42
5	-190	56	16382228	17	-18	-51	20	-6	4	0	19	12	-99	14	91	-42
5	-190	56	16384228	19	-17	-46	19	-7	3	0	12	15	-99	14	91	-42
5	-190	56	16386224	22	-20	-49	19	-7	4	0	5	19	-99	14	91	-42
5	-190	56	16388224	20	-18	-51	18	-7	4	0	-2	23	-99	14	91	-42
5	-190	56	16390228	22	-19	-53	20	-8	4	0	-10	27	-99	14	91	-42
5	-190	56	16392232	26	-21	-53	19	-7	4	0	-17	31	-99	14	91	-42
5	-190	56	16394236	22	-17	-57	21	-8	3	0	-25	34	-99	14	91	-42
5	-190	56	16396228	29	-22	-57	20	-9	5	0	-34	39	-99	14	91	-42
5	-190	56	16398228	25	-18	-58	20	-8	3	0	-42	42	-99	14	91	-42
5	-190	56	16400216	25	-18	-67	23	-9	5	0	-51	47	-99	14	91	-42
5	-190	56	16402212	31	-21	-60	19	-10	4	0	-61	51	-99	14	91	-42
5	-190	56	16404216	27	-19	-61	20	-8	3	0	-69	54	-99	14	91	-42
5	-190	56	16406224	27	-17	-63	18	-9	4	0	-78	58	-99	14	91	-42
5	-190	56	16408228	33	-20	-62	20	-10	4	0	-88	62	-99	14	91	-42
5	-190	56	16410232	28	-18	-63	19	-9	4	0	-97	66	-99	14	91	-42
5	-190	56	16412228	29	-17	-64	18	-9	3	0	-106	69	-99	14	91	-42
5	-190	56	16414224	34	-20	-63	18	-10	4	0	-116	73	-99	14	91	-42
5	-190	56	16416224	30	-17	-63	18	-9	3	0	-125	76	-99	14	91	-42
5	-190	56	16418228	35	-18	-70	19	-11	4	0	-136	80	-99	14	91	-42
5	-190	56	16420232	30	-15	-62	16	-9	3	0	-145	83	-99	14	91	-42
5	-190	56	16422228	30	-15	-62	15	-9	3	0	-154	86	-99	14	91	-42
5	-190	56	16424220	35	-18	-58	15	-9	4	0	-163	90	-99	14	91	-42
5	-190	56	16426224	29	-14	-59	15	-9	2	0	-172	92	-99	14	91	-42
5	-190	56	16428232	30	-13	-56	12	-9	3	0	-181	95	-99	14	91	-42
5	-190	56	16430228	32	-14	-55	14	-9	3	0	-190	98	-99	14	91	-42
5	-190	56	16432232	28	-13	-53	13	-8	2	0	-198	100	-99	14	91	-42
5	-190	56	16434240	28	-12	-57	12	-8	3	0	-206	103	-99	14	91	-42
5	-190	56	16436236	32	-13	-49	11	-8	2	0	-214	105	-99	14	91	-42
5	-190	56	16438236	27	-10	-48	10	-8	2	0	-222	107	-99	14	91	-42
5	-190	56	16440232	31	-11	-43	10	-7	2	0	-229	109	-99	14	91	-42
5	-190	56	16442224	27	-9	-43	9	-7	2	0	-236	111	-99	14	91	-42
5	-190	56	16444220	26	-7	-41	8	-7	2	0	-243	113	-99	14	91	-42
5	-190	56	16446228	29	-9	-39	7	-7	1	0	-250	114	-99	14	91	-42
5	-190	56	16448224	23	-7	-36	6	-6	1	0	-256	115	-99	14	91	-42
5	-190	56	16450228	23	-5	-34	5	-5	1	0	-261	116	-99	14	91	-42
5	-190	56	16452224	26	-7	-36	7	-6	2	0	-267	118	-99	14	91	-42
5	-190	56	16454220	21	-5	-30	3	-6	1	0	-273	119	-99	14	91	-42
5	-190	56	16456216	22	-3	-29	4	-5	0	0	-278	119	-99	14	91	-42
5	-190	56	16458224	22	-4	-26	3	-4	1	0	-282	120	-99	14	91	-42
5	-190	56	16460220	19	-3	-24	2	-5	1	0	-287	121	-99	14	91	-42
5	-190	56	16462212	19	-2	-24	1	-4	0	0	-291	121	-99	14	91	-42
5	-190	56	16464220	18	-3	-21	3	-4	0	0	-295	121	-99	14	91	-42
5	-190	56	16466228	17	-1	-20	0	-4	1	0	-299	122	-99	14	91	-42
5	-190	56	16468212	17	-1	-17	1	-3	0	0	-302	122	-99	14	91	-42
5	-190	56	16470196	14	0	-19	0	-3	0	0	-305	122	-99	14	91	-42
5	-190	56	16472196	12	0	-16	0	-3	0	0	-308	122	-99	14	91	-42
5	-190	56	16474196	14	0	-14	0	-3	0	0	-311	122	-99	14	91	-42
5	-190	56	16476192	11	0	-14	0	-2	0	0	-313	122	-99	14	91	-42
5	-190	56	16478184	12	0	-11	0	-3	0	0	-316	122	-99	14	91	-42
5	-190	56	16480184	10	0	-11	0	-2	0	0	-318	122	-99	14	91	-42
5	-190	56	16482184	10	0	-10	0	-2	0	0	-320	122	-99	14	91	-42
5	-190	56	16484192	8	0	-10	0	-2	0	0	-322	122	-99	14	91	-42
5	-190	56	16486196	8	0	-10	0	-1	0	0	-323	122	-99	14	91	-42
5	-190	56	16488192	7	0	-8	0	-2	0	0	-325	122	-99	14	91	-42
5	-190	56	16490184	8	0	-6	0	-1	0	0	-326	122	-99	14	91	-42
5	-190	56	16492176	6	1	-6	-1	-2	0	0	-328	122	-99	14	91	-42
5	-190	56	16494164	5	0	-7	0	-1	0	0	-329	122	-99	14	91	-42
5	-190	56	16496152	6	0	-5	0	-1	0	0	-330	122	-99	14	91	-42
5	-190	56	16498156	4	0	-3	0	-1	0	0	-331	122	-99	14	91	-42
5	-190	56	16500200	5	2	-4	0	0	0	0	-331	122	-99	14	91	-42
5	-190	56	16502196	4	0	-4	0	-1	0	0	-332	122	-99	14	91	-42
5	-190	56	16504188	4	0	-2	0	-1	0	0	-333	122	-99	14	91	-42
5	-190	56	16506208	2	0	-3	-2	0	0	0	-333	122	-99	14	91	-42
5	-190	56	16508188	4	0	-2	0	-1	0	0	-334	122	-99	14	91	-42
5	-190	56	16510176	2	0	-2	0	0	0	0	-334	122	-99	14	91	-42
5	-190	56	16512192	3	0	-1	0	-1	0	0	-335	122	-99	14	91	-42
5	-190	56	16514192	1	0	0	0	0	0	0	-335	122	-99	14	91	-42
5	-190	56	16516180	3	0	-1	0	0	0	0	-335	122	-99	14	91	-42
5	-190	56	16518184	1	0	0	0	0	0	0	-335	122	-99	14	91	-42
5	-190	56	16520176	1	0	0	0	0	0	0	-335	122	-99	14	91	-42
5	-190	56	16522188	1	0	-1	0	-1	0	0	-336	122	-99	14	91	-42
5	-190	56	16524176	2	0	0	0	0	0	0	-336	122	-99	14	91	-42
5	-190	56	16526204	1	0	0	1	0	0	0	-336	122	-99	14	91	-42
5	-190	56	16528168	1	0	0	0	0	0	0	-336	122	-99	14	91	-42
5	-190	56	16530168	1	0	0	0	0	0	0	-336	122	-99	14	91	-42
5	-190	56	16532176	2	0	-2	0	-1	0	0	-337	122	-99	14	91	-42
5	-190	56	16534200	1	-1	0	0	0	0	0	-337	122	-99	14	91	-42
5	-190	56	16536172	2	0	-1	0	0	0	0	-337	122	-99	14	91	-42
5	-190	56	16538196	3	0	0	1	0	0	0	-337	122	-99	14	91	-42
5	-190	56	16540180	2	-1	-1	0	-1	0	0	-338	122	-99	14	91	-42
5	-190	56	16542148	3	0	0	0	0	0	0	-338	122	-99	14	91	-42
5	-190	56	16544204	2	0	-1	1	0	0	0	-338	122	-99	14	91	-42
5	-190	56	16546224	4	-1	-2	0	-1	0	0	-339	122	-99	14	91	-42
5	-190	56	16548204	4	0	0	1	0	0	0	-339	122	-99	14	91	-42
5	-190	56	16550216	4	-1	-1	0	-1	0	0	-340	122	-99	14	91	-42
5	-190	56	16552188	3	0	-1	0	0	0	0	-340	122	-99	14	91	-42
5	-190	56	16554224	4	-2	-1	2	-1	0	0	-341	122	-99	14	91	-42
5	-190	56	16556184	5	0	-2	0	0	0	0	-341	122	-99	14	91	-42
5	-190	56	16558228	5	-1	0	1	-1	1	0	-342	123	-99	14	91	-42
5	-190	56	16560164	4	0	-1	0	0	0	0	-342	123	-99	14	91	-42
5	-190	56	16562220	5	-1	-1	1	-1	0	0	-343	123	-99	14	91	-42
5	-190	56	16564184	4	0	0	0	0	0	0	-343	123	-99	14	91	-42
5	-190	56	16566220	5	-1	-1	1	-1	0	0	-344	123	-99	14	91	-42
5	-190	56	16568216	5	-2	-2	0	-1	0	0	-345	123	-99	14	91	-42
5	-190	56	16570204	3	0	-1	2	0	0	0	-345	123	-99	14	91	-42
5	-190	56	16572200	5	-1	0	0	0	0	0	-345	123	-99	14	91	-42
5	-190	56	16574220	5	0	-1	1	-1	1	0	-346	124	-99	14	91	-42
5	-190	56	16576220	4	-1	-1	1	-1	0	0	-347	124	-99	14	91	-42
5	-190	56	16578168	5	0	0	0	0	0	0	-347	124	-99	14	91	-42
5	-190	56	16580184	3	0	-2	0	-1	0	0	-348	124	-99	14	91	-42
5	-190	56	16582208	3	-1	0	1	0	0	0	-348	124	-99	14	91	-42
5	-190	56	16584168	4	0	-1	0	0	0	0	-348	124	-99	14	91	-42
5	-190	56	16586224	3	0	0	2	-1	0	0	-349	124	-99	14	91	-42
5	-190	56	16588204	2	-2	-1	0	0	0	0	-349	124	-99	14	91	-42
5	-190	56	16590208	3	0	0	1	0	0	0	-349	124	-99	14	91	-42
5	-190	56	16592196	1	0	0	0	0	0	0	-349	124	-99	14	91	-42
5	-190	56	16594228	2	-1	0	0	-1	1	0	-350	125	-99	14	91	-42
5	-190	56	16596208	2	0	0	1	0	0	0	-350	125	-99	14	91	-42
5	-190	56	16598184	1	0	0	0	0	0	0	-350	125	-99	14	91	-42
5	-190	56	16600212	1	-1	0	0	0	0	0	-350	125	-99	14	91	-42
5	-190	56	16602184	1	0	0	0	0	0	1	-350	125	-99	14	91	-42
6	-190	56	16604172	0	0	0	1	0	0	1	-99	14	-99	14	91	-42
6	-190	56	16606176	2	0	0	0	0	0	1	-99	14	-99	14	91	-42
6	-190	56	16608176	0	-1	0	0	0	0	1	-99	14	-99	14	91	-42
6	198	0	16616168	0	0	0	2	0	0	1	-99	14	99	14	-99	14
6	198	0	16620180	0	-2	0	0	0	0	1	-99	14	99	14	-99	14
6	198	0	16634188	0	0	1	0	0	0	1	-99	14	99	14	-99	14
6	198	0	16650188	-1	0	0	0	0	0	1	-99	14	99	14	-99	14
6	198	0	16652196	-1	0	0	0	0	0	1	-99	14	99	14	-99	14
6	198	0	16654200	-1	0	0	0	0	0	1	-99	14	99	14	-99	14
6	198	0	16656176	-1	0	2	0	0	0	1	-99	14	99	14	-99	14
6	198	0	16658200	-2	0	0	0	0	0	1	-99	14	99	14	-99	14
6	198	0	16660204	-2	0	0	0	0	0	1	-99	14	99	14	-99	14
6	198	0	16662208	-3	0	1	0	0	0	1	-99	14	99	14	-99	14
6	198	0	16664248	-1	0	0	-1	0	0	1	-99	14	99	14	-99	14
6	198	0	16666244	-4	1	1	0	1	0	1	-98	14	99	14	-99	14
6	198	0	16668216	-2	0	0	0	0	0	1	-98	14	99	14	-99	14
6	198	0	16670256	-4	1	1	-1	1	0	1	-97	14	99	14	-99	14
6	198	0	16672216	-5	0	2	0	0	0	1	-97	14	99	14	-99	14
6	198	0	16674268	-4	0	1	-1	1	0	1	-96	14	99	14	-99	14
6	198	0	16676240	-5	1	1	0	0	0	1	-96	14	99	14	-99	14
6	198	0	16678232	-5	1	1	-1	1	0	1	-95	14	99	14	-99	14
6	198	0	16680216	-5	0	2	0	1	0	1	-94	14	99	14	-99	14
6	198	0	16682248	-6	2	1	-2	0	0	0	-94	14	99	14	-99	14
6	198	0	16684240	-5	0	1	0	1	0	0	-93	14	99	14	-99	14
6	198	0	16686272	-5	1	1	-1	1	0	0	-92	14	99	14	-99	14
6	198	0	16688256	-7	1	2	0	1	0	0	-91	14	99	14	-99	14
6	198	0	16690260	-7	0	2	-1	0	0	0	-91	14	99	14	-99	14
6	198	0	16692248	-7	0	3	0	1	0	0	-90	14	99	14	-99	14
6	198	0	16694244	-6	0	3	0	1	0	0	-89	14	99	14	-99	14
6	198	0	16696248	-9	0	4	0	2	0	0	-87	14	99	14	-99	14
6	198	0	16698256	-10	0	5	0	1	0	0	-86	14	99	14	-99	14
6	198	0	16700248	-9	0	5	0	2	0	0	-84	14	99	14	-99	14
6	198	0	16702280	-10	0	6	1	1	0	0	-83	14	99	14	-99	14
6	198	0	16704280	-12	0	9	2	2	0	0	-81	14	99	14	-99	14
6	198	0	16706284	-13	-1	9	1	2	0	0	-79	14	99	14	-99	14
6	198	0	16708280	-12	-2	12	2	3	0	0	-76	14	99	14	-99	14
6	198	0	16710284	-17	-1	13	2	3	0	0	-73	14	99	14	-99	14
6	198	0	16712272	-13	0	14	1	3	0	0	-70	14	99	14	-99	14
6	198	0	16714280	-18	-1	16	1	3	0	0	-67	14	99	14	-99	14
6	198	0	16716288	-17	-1	19	3	4	1	0	-63	15	99	14	-99	14
6	198	0	16718276	-17	-2	18	1	3	0	0	-60	15	99	14	-99	14
6	198	0	16720276	-21	-2	23	1	4	0	0	-56	15	99	14	-99	14
6	198	0	16722280	-20	-1	22	1	5	0	0	-51	15	99	14	-99	14
6	198	0	16724292	-20	-2	28	0	4	1	0	-47	16	99	14	-99	14
6	198	0	16726252	-24	0	27	0	6	0	0	-41	16	99	14	-99	14
6	198	0	16728276	-22	-1	28	2	5	0	0	-36	16	99	14	-99	14
6	198	0	16730248	-21	0	30	0	5	0	0	-31	16	99	14	-99	14
6	198	0	16732252	-27	0	30	0	5	0	0	-26	16	99	14	-99	14
6	198	0	16734256	-23	0	32	0	6	0	0	-20	16	99	14	-99	14
6	198	0	16736276	-27	0	33	-1	6	0	0	-14	16	99	14	-99	14
6	198	0	16738276	-23	0	35	-1	6	0	0	-8	16	99	14	-99	14
6	198	0	16740280	-25	0	35	-1	6	0	0	-2	16	99	14	-99	14
6	198	0	16742252	-29	0	40	-1	7	0	0	5	16	99	14	-99	14
6	198	0	16744272	-25	2	37	-2	6	0	0	11	16	99	14	-99	14
6	198	0	16746276	-26	0	39	-1	6	0	0	17	16	99	14	-99	14
6	198	0	16748276	-32	1	40	-1	7	0	0	24	16	99	14	-99	14
6	198	0	16750280	-28	1	41	-1	7	0	0	31	16	99	14	-99	14
6	198	0	16752292	-30	3	43	-3	8	-1	0	39	15	99	14	-99	14
6	198	0	16754276	-35	1	44	-1	8	0	0	47	15	99	14	-99	14
6	198	0	16756284	-32	2	45	-1	7	-1	0	54	14	99	14	-99	14
6	198	0	16758268	-36	2	46	-3	8	0	0	62	14	99	14	-99	14
6	198	0	16760268	-34	1	54	-1	9	0	0	71	14	99	14	-99	14
6	198	0	16762280	-33	2	48	-1	8	-1	0	79	13	99	14	-99	14
6	198	0	16764264	-39	2	49	-3	9	0	0	88	13	99	14	-99	14
6	198	0	16766268	-35	2	50	-1	9	0	0	97	13	99	14	-99	14
6	198	0	16768284	-36	1	51	-3	8	-1	0	105	12	99	14	-99	14
6	198	0	16770272	-43	3	52	-1	10	0	0	115	12	99	14	-99	14
6	198	0	16772268	-37	1	51	-2	9	0	0	124	12	99	14	-99	14
6	198	0	16774284	-39	3	52	-2	9	-1	0	133	11	99	14	-99	14
6	198	0	16776268	-45	2	53	-1	10	0	0	143	11	99	14	-99	14
6	198	0	16778272	-40	1	59	-1	9	0	0	152	11	99	14	-99	14
6	198	0	16780284	-41	2	51	-1	10	-1	0	162	10	99	14	-99	14
6	198	0	16782264	-47	2	51	-2	9	0	0	171	10	99	14	-99	14
6	198	0	16784268	-41	1	51	0	10	0	0	181	10	99	14	-99	14
6	198	0	16786272	-46	0	50	-1	9	0	0	190	10	99	14	-99	14
6	198	0	16788276	-40	2	49	0	9	-1	0	199	9	99	14	-99	14
6	198	0	16790216	-41	0	49	0	9	0	0	208	9	99	14	-99	14
6	198	0	16792264	-45	1	47	0	9	0	0	217	9	99	14	-99	14
6	198	0	16794236	-40	0	48	0	9	0	0	226	9	99	14	-99	14
6	198	0	16796236	-40	0	51	0	9	0	0	235	9	99	14	-99	14
6	198	0	16798240	-47	0	44	0	9	0	0	244	9	99	14	-99	14
6	198	0	16800244	-38	0	45	0	9	0	0	253	9	99	14	-99	14
6	198	0	16802244	-39	0	42	0	8	0	0	261	9	99	14	-99	14
6	198	0	16804268	-45	0	43	2	9	0	0	270	9	99	14	-99	14
6	198	0	16806268	-38	-3	40	1	7	0	0	277	9	99	14	-99	14
6	198	0	16808272	-43	-1	40	2	9	0	0	286	9	99	14	-99	14
6	198	0	16810284	-38	-3	39	2	7	1	0	293	10	99	14	-99	14
6	198	0	16812272	-36	-2	41	2	8	0	0	301	10	99	14	-99	14
6	198	0	16814284	-41	-3	36	1	8	1	0	309	11	99	14	-99	14
6	198	0	16816276	-34	-2	35	3	7	0	0	316	11	99	14	-99	14
6	198	0	16818288	-34	-3	34	1	6	1	0	322	12	99	14	-99	14
6	198	0	16820272	-37	-2	31	3	7	0	0	329	12	99	14	-99	14
6	198	0	16822268	-33	-3	31	1	7	0	0	336	12	99	14	-99	14
6	198	0	16824284	-35	-2	30	2	6	1	0	342	13	99	14	-99	14
6	198	0	16826264	-30	-3	29	3	6	0	0	348	13	99	14	-99	14
6	198	0	16828276	-30	-2	28	2	6	1	0	354	14	99	14	-99	14
6	198	0	16830268	-32	-3	30	3	6	0	0	360	14	99	14	-99	14
6	198	0	16832284	-29	-2	25	1	5	1	0	365	15	99	14	-99	14
6	198	0	16834272	-26	-3	23	3	5	0	0	370	15	99	14	-99	14
6	198	0	16836288	-30	-3	23	1	6	1	0	376	16	99	14	-99	14
6	198	0	16838276	-25	-2	21	2	4	0	0	380	16	99	14	-99	14
6	198	0	16840288	-24	-2	20	2	5	1	0	385	17	99	14	-99	14
6	198	0	16842276	-26	-3	19	2	4	0	0	389	17	99	14	-99	14
6	198	0	16844276	-22	-1	17	1	4	0	0	393	17	99	14	-99	14
6	198	0	16846284	-22	-1	19	2	4	1	0	397	18	99	14	-99	14
6	198	0	16848280	-19	-3	15	1	4	0	0	401	18	99	14	-99	14
6	198	0	16850284	-17	-1	14	1	3	0	0	404	18	99	14	-99	14
6	198	0	16852288	-18	-1	12	1	3	0	0	407	18	99	14	-99	14
6	198	0	16854296	-15	0	12	2	2	1	0	409	19	99	14	-99	14
6	198	0	16856284	-12	-1	11	1	3	0	0	412	19	99	14	-99	14
6	198	0	16858284	-14	-2	9	0	2	0	0	414	19	99	14	-99	14
6	198	0	16860280	-11	0	7	1	2	0	0	416	19	99	14	-99	14
6	198	0	16862284	-9	-1	8	0	1	0	0	417	19	99	14	-99	14
6	198	0	16864276	-10	-1	6	1	2	0	0	419	19	99	14	-99	14
6	198	0	16866252	-6	0	5	0	1	0	0	420	19	99	14	-99	14
6	198	0	16868256	-7	0	4	0	1	0	0	421	19	99	14	-99	14
6	198	0	16870276	-5	-1	3	0	1	0	0	422	19	99	14	-99	14
6	198	0	16872252	-3	0	3	0	1	0	0	423	19	99	14	-99	14
6	198	0	16874228	-4	0	2	0	0	0	0	423	19	99	14	-99	14
6	198	0	16876244	-3	0	2	0	1	0	0	424	19	99	14	-99	14
6	198	0	16878264	-1	-2	1	0	0	1	0	424	20	99	14	-99	14
6	198	0	16880232	-1	0	1	0	0	0	0	424	20	99	14	-99	14
6	198	0	16882236	-1	0	1	0	0	0	0	424	20	99	14	-99	14
6	198	0	16884248	-2	0	0	0	1	0	0	425	20	99	14	-99	14
6	198	0	16886232	0	0	2	0	0	0	0	425	20	99	14	-99	14
6	198	0	16888268	-1	0	0	2	0	0	0	425	20	99	14	-99	14
6	198	0	16890236	0	0	1	0	0	0	0	425	20	99	14	-99	14
6	198	0	16894248	-1	0	0	0	0	0	0	425	20	99	14	-99	14
6	198	0	16896248	0	0	1	0	0	0	0	425	20	99	14	-99	14
6	198	0	16900256	-1	0	1	0	0	0	0	425	20	99	14	-99	14
6	198	0	16904276	-2	0	2	0	1	0	0	426	20	99	14	-99	14
6	198	0	16906252	0	0	1	0	0	0	0	426	20	99	14	-99	14
6	198	0	16908280	-1	0	0	1	0	0	0	426	20	99	14	-99	14
6	198	0	16910252	-1	0	1	0	0	0	0	426	20	99	14	-99	14
6	198	0	16912248	-1	0	1	0	0	0	0	426	20	99	14	-99	14
6	198	0	16914264	-2	0	2	0	1	0	0	427	20	99	14	-99	14
6	198	0	16916256	-1	0	1	0	0	0	0	427	20	99	14	-99	14
6	198	0	16918260	-1	0	2	0	0	0	0	427	20	99	14	-99	14
6	198	0	16920272	-1	0	2	0	1	0	0	428	20	99	14	-99	14
6	198	0	16922276	-2	0	1	0	0	0	0	428	20	99	14	-99	14
6	198	0	16924268	-2	0	2	0	0	0	0	428	20	99	14	-99	14
6	198	0	16926284	-3	0	2	0	1	0	0	429	20	99	14	-99	14
6	198	0	16928264	-2	0	2	0	0	0	0	429	20	99	14	-99	14
6	198	0	16930280	-3	0	4	0	1	0	0	430	20	99	14	-99	14
6	198	0	16932284	-2	0	2	0	0	0	0	430	20	99	14	-99	14
6	198	0	16934288	-4	0	3	0	1	0	0	431	20	99	14	-99	14
6	198	0	16936288	-2	0	2	0	0	0	0	431	20	99	14	-99	14
6	198	0	16938304	-4	0	4	0	1	0	0	432	20	99	14	-99	14
6	198	0	16940308	-4	0	3	0	1	0	0	433	20	99	14	-99	14
6	198	0	16942340	-4	1	3	0	1	0	0	434	20	99	14	-99	14
6	198	0	16944300	-3	0	4	0	0	0	0	434	20	99	14	-99	14
6	198	0	16946332	-5	0	4	-2	1	0	0	435	20	99	14	-99	14
6	198	0	16948320	-4	0	4	0	1	0	0	436	20	99	14	-99	14
6	198	0	16950324	-5	0	3	0	1	0	0	437	20	99	14	-99	14
6	198	0	16952316	-5	0	4	-1	1	0	0	438	20	99	14	-99	14
6	198	0	16954348	-5	1	4	0	1	0	0	439	20	99	14	-99	14
6	198	0	16956316	-6	0	4	0	1	0	0	440	20	99	14	-99	14
6	198	0	16958328	-5	0	5	0	1	0	0	441	20	99	14	-99	14
6	198	0	16960356	-7	0	3	-1	1	0	0	442	20	99	14	-99	14
6	198	0	16962332	-7	0	5	0	1	0	0	443	20	99	14	-99	14
6	198	0	16964360	-8	1	5	0	1	0	0	444	20	99	14	-99	14
6	198	0	16966360	-8	0	5	-1	1	0	0	445	20	99	14	-99	14
6	198	0	16968336	-8	0	7	0	2	0	0	447	20	99	14	-99	14
6	198	0	16970340	-9	0	5	0	1	0	0	448	20	99	14	-99	14
6	198	0	16972360	-10	1	6	-2	2	0	0	450	20	99	14	-99	14
6	198	0	16974332	-8	0	6	0	1	0	0	451	20	99	14	-99	14
6	198	0	16976328	-9	0	6	0	2	0	0	453	20	99	14	-99	14
6	198	0	16978328	-10	0	8	0	2	0	0	455	20	99	14	-99	14
6	198	0	16980336	-10	0	9	0	1	0	0	456	20	99	14	-99	14
6	198	0	16982332	-10	0	7	0	2	0	0	458	20	99	14	-99	14
6	198	0	16984328	-11	0	8	0	2	0	0	460	20	99	14	-99	14
6	198	0	16986324	-12	0	8	0	2	0	0	462	20	99	14	-99	14
6	198	0	16988320	-11	0	9	0	2	0	0	464	20	99	14	-99	14
6	198	0	16990316	-10	0	9	0	2	0	0	466	20	99	14	-99	14
6	198	0	16992316	-10	0	9	0	2	0	0	468	20	99	14	-99	14
6	198	0	16994316	-11	0	8	0	2	0	0	470	20	99	14	-99	14
6	198	0	16996332	-9	0	9	1	2	0	0	472	20	99	14	-99	14
6	198	0	16998328	-9	-1	9	0	1	0	0	473	20	99	14	-99	14
6	198	0	17000332	-10	0	9	1	2	0	0	475	20	99	14	-99	14
6	198	0	17002336	-7	-1	7	1	2	0	0	477	20	99	14	-99	14
6	198	0	17004316	-8	0	8	0	1	0	0	478	20	99	14	-99	14
6	198	0	17006332	-7	-2	6	1	2	0	0	480	20	99	14	-99	14
6	198	0	17008344	-6	-1	6	0	1	0	0	481	20	99	14	-99	14
6	198	0	17010336	-7	-1	6	2	1	0	0	482	20	99	14	-99	14
6	198	0	17012308	-5	0	5	0	1	0	0	483	20	99	14	-99	14
6	198	0	17014348	-3	-1	5	1	1	0	0	484	20	99	14	-99	14
6	198	0	17016328	-5	0	4	0	1	0	0	485	20	99	14	-99	14
6	198	0	17018344	-3	-2	3	1	0	1	0	485	21	99	14	-99	14
6	198	0	17020308	-2	0	2	0	1	0	0	486	21	99	14	-99	14
6	198	0	17022340	-3	-1	3	0	0	0	0	486	21	99	14	-99	14
6	198	0	17024364	-1	0	1	1	1	0	0	487	21	99	14	-99	14
6	198	0	17026360	-1	-1	1	0	0	0	0	487	21	99	14	-99	14
6	198	0	17028328	-2	0	1	0	0	0	0	487	21	99	14	-99	14
6	198	0	17030360	-1	-1	0	0	0	0	0	487	21	99	14	-99	14
6	198	0	17032320	0	0	2	0	0	0	0	487	21	99	14	-99	14
6	198	0	17036332	-1	0	0	0	0	0	1	487	21	99	14	-99	14
7	198	0	17038324	0	-2	0	0	0	0	1	99	14	99	14	-99	14
7	198	0	17042312	0	0	0	2	0	0	1	99	14	99	14	-99	14
7	198	0	17052328	0	0	1	0	1	0	1	100	14	99	14	-99	14
7	-190	-56	17062288	0	0	0	1	0	0	1	100	14	-91	-42	99	14
7	-190	-56	17082312	1	0	0	0	0	0	1	100	14	-91	-42	99	14
7	-190	-56	17084336	3	-1	0	0	0	1	1	100	15	-91	-42	99	14
7	-190	-56	17086272	2	0	-2	0	0	0	1	100	15	-91	-42	99	14
7	-190	-56	17088348	3	0	-1	1	-1	0	1	99	15	-91	-42	99	14
7	-190	-56	17090304	4	0	-1	0	0	0	1	99	15	-91	-42	99	14
7	-190	-56	17092332	3	0	-1	0	-1	0	1	98	15	-91	-42	99	14
7	-190	-56	17094336	5	-1	-2	1	0	0	1	98	15	-91	-42	99	14
7	-190	-56	17096328	4	0	-1	0	-1	0	0	97	15	-91	-42	99	14
7	-190	-56	17098320	8	0	-2	0	-1	0	0	96	15	-91	-42	99	14
7	-190	-56	17100356	6	-1	-3	2	-1	0	0	95	15	-91	-42	99	14
7	-190	-56	17102360	6	0	-4	1	-1	0	0	94	15	-91	-42	99	14
7	-190	-56	17104356	10	0	-2	1	-1	0	0	93	15	-91	-42	99	14
7	-190	-56	17106364	9	-2	-4	0	-1	1	0	92	16	-91	-42	99	14
7	-190	-56	17108364	10	0	-5	1	-2	0	0	90	16	-91	-42	99	14
7	-190	-56	17110336	12	0	-4	0	-1	0	0	89	16	-91	-42	99	14
7	-190	-56	17112332	13	0	-6	0	-2	0	0	87	16	-91	-42	99	14
7	-190	-56	17114320	12	0	-6	0	-2	0	0	85	16	-91	-42	99	14
7	-190	-56	17116324	17	0	-8	0	-3	0	0	82	16	-91	-42	99	14
7	-190	-56	17118328	15	0	-7	0	-2	0	0	80	16	-91	-42	99	14
7	-190	-56	17120360	17	2	-11	-2	-3	0	0	77	16	-91	-42	99	14
7	-190	-56	17122352	18	1	-12	-3	-3	0	0	74	16	-91	-42	99	14
7	-190	-56	17124368	18	3	-12	-4	-3	-1	0	71	15	-91	-42	99	14
7	-190	-56	17126352	23	3	-14	-2	-3	0	0	68	15	-91	-42	99	14
7	-190	-56	17128364	20	4	-14	-5	-4	-1	0	64	14	-91	-42	99	14
7	-190	-56	17130372	22	4	-16	-4	-3	-1	0	61	13	-91	-42	99	14
7	-190	-56	17132364	27	5	-19	-6	-5	-1	0	56	12	-91	-42	99	14
7	-190	-56	17134368	23	5	-18	-6	-4	-1	0	52	11	-91	-42	99	14
7	-190	-56	17136364	27	6	-23	-8	-5	-2	0	47	9	-91	-42	99	14
7	-190	-56	17138372	30	8	-22	-9	-5	-1	0	42	8	-91	-42	99	14
7	-190	-56	17140356	28	8	-24	-8	-6	-2	0	36	6	-91	-42	99	14
7	-190	-56	17142360	32	9	-24	-10	-5	-2	0	31	4	-91	-42	99	14
7	-190	-56	17144364	35	11	-26	-12	-6	-2	0	25	2	-91	-42	99	14
7	-190	-56	17146356	33	10	-28	-11	-6	-2	0	19	0	-91	-42	99	14
7	-190	-56	17148360	39	13	-28	-12	-7	-3	0	12	-3	-91	-42	99	14
7	-190	-56	17150364	36	12	-30	-13	-7	-2	0	5	-5	-91	-42	99	14
7	-190	-56	17152352	37	13	-32	-14	-7	-3	0	-2	-8	-91	-42	99	14
7	-190	-56	17154352	43	15	-37	-16	-8	-3	0	-10	-11	-91	-42	99	14
7	-190	-56	17156352	39	14	-34	-15	-7	-3	0	-17	-14	-91	-42	99	14
7	-190	-56	17158360	39	13	-34	-16	-7	-3	0	-24	-17	-91	-42	99	14
7	-190	-56	17160364	46	17	-36	-15	-8	-3	0	-32	-20	-91	-42	99	14
7	-190	-56	17162368	40	15	-36	-16	-8	-3	0	-40	-23	-91	-42	99	14
7	-190	-56	17164372	48	17	-39	-18	-9	-4	0	-49	-27	-91	-42	99	14
7	-190	-56	17166368	42	15	-39	-17	-8	-3	0	-57	-30	-91	-42	99	14
7	-190	-56	17168356	43	16	-40	-17	-8	-3	0	-65	-33	-91	-42	99	14
7	-190	-56	17170360	50	19	-41	-17	-9	-4	0	-74	-37	-91	-42	99	14
7	-190	-56	17172356	43	16	-47	-20	-9	-3	0	-83	-40	-91	-42	99	14
7	-190	-56	17174348	47	17	-45	-18	-9	-4	0	-92	-44	-91	-42	99	14
7	-190	-56	17176344	52	18	-45	-18	-10	-4	0	-102	-48	-91	-42	99	14
7	-190	-56	17178352	46	18	-48	-18	-9	-3	0	-111	-51	-91	-42	99	14
7	-190	-56	17180356	47	16	-47	-17	-10	-3	0	-121	-54	-91	-42	99	14
7	-190	-56	17182352	53	20	-49	-19	-10	-4	0	-131	-58	-91	-42	99	14
7	-190	-56	17184352	47	16	-49	-18	-10	-4	0	-141	-62	-91	-42	99	14
7	-190	-56	17186352	47	17	-51	-18	-9	-3	0	-150	-65	-91	-42	99	14
7	-190	-56	17188344	55	18	-51	-18	-11	-4	0	-161	-69	-91	-42	99	14
7	-190	-56	17190344	48	17	-59	-21	-11	-4	0	-172	-73	-91	-42	99	14
7	-190	-56	17192348	56	18	-53	-18	-11	-3	0	-183	-76	-91	-42	99	14
7	-190	-56	17194348	49	17	-52	-18	-10	-4	0	-193	-80	-91	-42	99	14
7	-190	-56	17196348	50	17	-54	-18	-10	-3	0	-203	-83	-91	-42	99	14
7	-190	-56	17198348	57	19	-54	-17	-11	-4	0	-214	-87	-91	-42	99	14
7	-190	-56	17200344	50	16	-53	-18	-11	-3	0	-225	-90	-91	-42	99	14
7	-190	-56	17202340	50	16	-53	-17	-10	-4	0	-235	-94	-91	-42	99	14
7	-190	-56	17204348	58	19	-52	-18	-11	-3	0	-246	-97	-91	-42	99	14
7	-190	-56	17206348	48	15	-52	-16	-10	-3	0	-256	-100	-91	-42	99	14
7	-190	-56	17208344	49	16	-57	-18	-10	-4	0	-266	-104	-91	-42	99	14
7	-190	-56	17210336	56	17	-49	-16	-11	-3	0	-277	-107	-91	-42	99	14
7	-190	-56	17212332	48	15	-50	-15	-10	-3	0	-287	-110	-91	-42	99	14
7	-190	-56	17214332	47	13	-47	-15	-9	-3	0	-296	-113	-91	-42	99	14
7	-190	-56	17216328	55	17	-47	-14	-10	-3	0	-306	-116	-91	-42	99	14
7	-190	-56	17218324	47	13	-46	-15	-10	-3	0	-316	-119	-91	-42	99	14
7	-190	-56	17220320	52	15	-44	-13	-9	-3	0	-325	-122	-91	-42	99	14
7	-190	-56	17222324	45	14	-42	-13	-9	-2	0	-334	-124	-91	-42	99	14
7	-190	-56	17224320	44	13	-43	-12	-9	-3	0	-343	-127	-91	-42	99	14
7	-190	-56	17226324	50	13	-45	-14	-9	-2	0	-352	-129	-91	-42	99	14
7	-190	-56	17228316	41	12	-38	-11	-8	-3	0	-360	-132	-91	-42	99	14
7	-190	-56	17230320	41	11	-38	-12	-8	-2	0	-368	-134	-91	-42	99	14
7	-190	-56	17232320	45	12	-35	-11	-8	-2	0	-376	-136	-91	-42	99	14
7	-190	-56	17234324	39	10	-34	-11	-7	-2	0	-383	-138	-91	-42	99	14
7	-190	-56	17236324	36	10	-32	-10	-7	-2	0	-390	-140	-91	-42	99	14
7	-190	-56	17238328	42	12	-31	-10	-7	-3	0	-397	-143	-91	-42	99	14
7	-190	-56	17240320	35	10	-28	-9	-7	-2	0	-404	-145	-91	-42	99	14
7	-190	-56	17242320	33	8	-30	-11	-6	-1	0	-410	-146	-91	-42	99	14
7	-190	-56	17244316	38	12	-25	-9	-6	-3	0	-416	-149	-91	-42	99	14
7	-190	-56	17246316	32	8	-24	-9	-6	-1	0	-422	-150	-91	-42	99	14
7	-190	-56	17248312	35	9	-21	-7	-5	-2	0	-427	-152	-91	-42	99	14
7	-190	-56	17250300	29	9	-20	-9	-5	-2	0	-432	-154	-91	-42	99	14
7	-190	-56	17252304	28	7	-19	-7	-5	-1	0	-437	-155	-91	-42	99	14
7	-190	-56	17254304	28	9	-17	-8	-5	-2	0	-442	-157	-91	-42	99	14
7	-190	-56	17256304	25	6	-15	-6	-4	-1	0	-446	-158	-91	-42	99	14
7	-190	-56	17258312	23	7	-14	-8	-3	-1	0	-449	-159	-91	-42	99	14
7	-190	-56	17260304	25	7	-12	-6	-4	-2	0	-453	-161	-91	-42	99	14
7	-190	-56	17262312	20	5	-13	-6	-3	-1	0	-456	-162	-91	-42	99	14
7	-190	-56	17264308	17	5	-10	-5	-3	-1	0	-459	-163	-91	-42	99	14
7	-190	-56	17266308	20	6	-9	-5	-3	-1	0	-462	-164	-91	-42	99	14
7	-190	-56	17268308	15	5	-8	-4	-2	-1	0	-464	-165	-91	-42	99	14
7	-190	-56	17270304	17	5	-7	-5	-3	-1	0	-467	-166	-91	-42	99	14
7	-190	-56	17272296	12	4	-6	-2	-1	0	0	-468	-166	-91	-42	99	14
7	-190	-56	17274300	11	4	-5	-4	-2	-1	0	-470	-167	-91	-42	99	14
7	-190	-56	17276300	12	2	-4	-3	-2	-1	0	-472	-168	-91	-42	99	14
7	-190	-56	17278284	7	3	-3	-1	-1	0	0	-473	-168	-91	-42	99	14
7	-190	-56	17280284	6	2	-4	-1	-1	0	0	-474	-168	-91	-42	99	14
7	-190	-56	17282272	7	2	-1	-1	0	-1	0	-474	-169	-91	-42	99	14
7	-190	-56	17284272	3	1	-3	-2	-1	0	0	-475	-169	-91	-42	99	14
7	-190	-56	17286260	4	1	-1	0	0	0	0	-475	-169	-91	-42	99	14
7	-190	-56	17288280	3	0	0	-1	-1	0	0	-476	-169	-91	-42	99	14
7	-190	-56	17290256	1	1	-1	0	0	0	0	-476	-169	-91	-42	99	14
7	-190	-56	17292228	1	0	0	0	0	0	0	-476	-169	-91	-42	99	14
7	-190	-56	17294252	1	2	0	0	0	-1	0	-476	-170	-91	-42	99	14
7	-190	-56	17298188	2	0	0	0	0	0	0	-476	-170	-91	-42	99	14
7	-190	-56	17324200	0	-1	0	0	0	0	0	-476	-170	-91	-42	99	14
7	-190	-56	17330196	0	-1	0	0	0	0	0	-476	-170	-91	-42	99	14
7	-190	-56	17332188	0	0	1	0	0	0	0	-476	-170	-91	-42	99	14
7	-190	-56	17336192	0	-1	0	0	0	0	0	-476	-170	-91	-42	99	14
7	-190	-56	17338204	0	0	1	2	0	0	0	-476	-170	-91	-42	99	14
7	-190	-56	17342196	0	-1	0	0	0	0	0	-476	-170	-91	-42	99	14
7	-190	-56	17344220	0	0	2	1	0	0	0	-476	-170	-91	-42	99	14
7	-190	-56	17346188	-1	0	0	0	0	0	0	-476	-170	-91	-42	99	14
7	-190	-56	17348220	0	-2	1	0	0	0	0	-476	-170	-91	-42	99	14
7	-190	-56	17350196	0	0	0	1	0	1	0	-476	-169	-91	-42	99	14
7	-190	-56	17352224	0	-1	1	0	0	0	0	-476	-169	-91	-42	99	14
7	-190	-56	17356188	0	0	0	1	0	0	0	-476	-169	-91	-42	99	14
7	-190	-56	17358200	0	-1	1	0	0	0	0	-476	-169	-91	-42	99	14
7	-190	-56	17360152	0	0	0	0	0	0	1	-476	-169	-91	-42	99	14
8	-190	-56	17362168	0	0	0	2	0	0	1	-91	-42	-91	-42	99	14
8	-190	-56	17364228	0	-1	2	0	0	0	1	-91	-42	-91	-42	99	14
8	-190	-56	17372208	0	-2	0	1	0	0	1	-91	-42	-91	-42	99	14
8	167	107	17382208	0	-1	0	0	0	1	1	-91	-41	76	65	-91	-42
8	167	107	17390180	0	0	0	1	0	0	1	-91	-41	76	65	-91	-42
8	167	107	17414204	-1	0	0	0	0	0	1	-91	-41	76	65	-91	-42
8	167	107	17416188	-1	0	1	0	0	0	1	-91	-41	76	65	-91	-42
8	167	107	17418228	-3	-1	0	1	0	0	1	-91	-41	76	65	-91	-42
8	167	107	17420232	-3	0	1	2	1	0	1	-90	-41	76	65	-91	-42
8	167	107	17422220	-4	-1	3	1	0	0	1	-90	-41	76	65	-91	-42
8	167	107	17424256	-4	-3	1	2	1	1	1	-89	-40	76	65	-91	-42
8	167	107	17426248	-6	-2	4	3	1	0	1	-88	-40	76	65	-91	-42
8	167	107	17428264	-8	-3	2	4	1	1	0	-87	-39	76	65	-91	-42
8	167	107	17430252	-7	-2	4	3	1	0	0	-86	-39	76	65	-91	-42
8	167	107	17432268	-9	-4	5	4	1	1	0	-85	-38	76	65	-91	-42
8	167	107	17434272	-9	-4	5	5	2	1	0	-83	-37	76	65	-91	-42
8	167	107	17436276	-11	-6	7	6	2	1	0	-81	-36	76	65	-91	-42
8	167	107	17438264	-11	-5	8	7	2	2	0	-79	-34	76	65	-91	-42
8	167	107	17440272	-13	-6	9	7	2	1	0	-77	-33	76	65	-91	-42
8	167	107	17442272	-15	-8	10	8	2	1	0	-75	-32	76	65	-91	-42
8	167	107	17444276	-15	-7	11	8	3	2	0	-72	-30	76	65	-91	-42
8	167	107	17446280	-17	-9	12	10	3	2	0	-69	-28	76	65	-91	-42
8	167	107	17448276	-21	-10	14	12	3	2	0	-66	-26	76	65	-91	-42
8	167	107	17450276	-19	-10	15	11	4	2	0	-62	-24	76	65	-91	-42
8	167	107	17452272	-25	-13	18	11	4	3	0	-58	-21	76	65	-91	-42
8	167	107	17454268	-23	-11	20	14	4	2	0	-54	-19	76	65	-91	-42
8	167	107	17456268	-23	-12	20	14	5	3	0	-49	-16	76	65	-91	-42
8	167	107	17458260	-29	-15	21	13	5	2	0	-44	-14	76	65	-91	-42
8	167	107	17460256	-26	-13	24	15	5	3	0	-39	-11	76	65	-91	-42
8	167	107	17462252	-29	-15	23	15	5	3	0	-34	-8	76	65	-91	-42
8	167	107	17464248	-35	-16	27	17	6	4	0	-28	-4	76	65	-91	-42
8	167	107	17466248	-33	-16	28	17	6	3	0	-22	-1	76	65	-91	-42
8	167	107	17468252	-33	-17	29	18	6	3	0	-16	2	76	65	-91	-42
8	167	107	17470248	-42	-18	30	18	7	4	0	-9	6	76	65	-91	-42
8	167	107	17472248	-38	-19	38	23	8	4	0	-1	10	76	65	-91	-42
8	167	107	17474244	-40	-19	33	21	7	4	0	6	14	76	65	-91	-42
8	167	107	17476248	-49	-24	35	23	9	5	0	15	19	76	65	-91	-42
8	167	107	17478248	-45	-21	38	22	8	4	0	23	23	76	65	-91	-42
8	167	107	17480244	-54	-25	39	24	9	5	0	32	28	76	65	-91	-42
8	167	107	17482256	-49	-22	41	25	9	5	0	41	33	76	65	-91	-42
8	167	107	17484256	-50	-24	41	26	9	5	0	50	38	76	65	-91	-42
8	167	107	17486260	-58	-28	45	26	11	5	0	61	43	76	65	-91	-42
8	167	107	17488264	-53	-25	50	32	10	6	0	71	49	76	65	-91	-42
8	167	107	17490268	-54	-25	48	28	10	5	0	81	54	76	65	-91	-42
8	167	107	17492276	-62	-30	47	29	11	6	0	92	60	76	65	-91	-42
8	167	107	17494264	-56	-26	50	29	11	6	0	103	66	76	65	-91	-42
8	167	107	17496272	-57	-27	50	30	10	5	0	113	71	76	65	-91	-42
8	167	107	17498280	-65	-32	53	30	12	6	0	125	77	76	65	-91	-42
8	167	107	17500276	-57	-27	52	30	11	6	0	136	83	76	65	-91	-42
8	167	107	17502272	-66	-33	54	30	12	6	0	148	89	76	65	-91	-42
8	167	107	17504264	-59	-27	55	30	12	6	0	160	95	76	65	-91	-42
8	167	107	17506264	-56	-28	62	34	11	6	0	171	101	76	65	-91	-42
8	167	107	17508260	-65	-31	55	28	12	6	0	183	107	76	65	-91	-42
8	167	107	17510252	-57	-27	55	29	12	6	0	195	113	76	65	-91	-42
8	167	107	17512252	-55	-28	54	29	10	6	0	205	119	76	65	-91	-42
8	167	107	17514256	-61	-30	54	27	12	5	0	217	124	76	65	-91	-42
8	167	107	17516264	-54	-26	54	28	11	6	0	228	130	76	65	-91	-42
8	167	107	17518260	-52	-25	52	26	10	5	0	238	135	76	65	-91	-42
8	167	107	17520256	-58	-29	51	28	11	5	0	249	140	76	65	-91	-42
8	167	107	17522248	-50	-25	52	25	10	5	0	259	145	76	65	-91	-42
8	167	107	17524256	-55	-29	56	30	11	6	0	270	151	76	65	-91	-42
8	167	107	17526252	-47	-23	47	25	10	5	0	280	156	76	65	-91	-42
8	167	107	17528256	-46	-24	47	25	9	5	0	289	161	76	65	-91	-42
8	167	107	17530268	-50	-28	46	25	10	5	0	299	166	76	65	-91	-42
8	167	107	17532260	-44	-22	44	25	8	5	0	307	171	76	65	-91	-42
8	167	107	17534260	-43	-24	42	25	9	5	0	316	176	76	65	-91	-42
8	167	107	17536256	-46	-26	40	23	9	5	0	325	181	76	65	-91	-42
8	167	107	17538256	-39	-21	40	24	7	4	0	332	185	76	65	-91	-42
8	167	107	17540252	-37	-23	38	24	8	5	0	340	190	76	65	-91	-42
8	167	107	17542264	-41	-25	41	26	8	5	0	348	195	76	65	-91	-42
8	167	107	17544260	-35	-21	35	23	7	5	0	355	200	76	65	-91	-42
8	167	107	17546256	-39	-24	32	21	7	4	0	362	204	76	65	-91	-42
8	167	107	17548252	-33	-21	33	22	7	4	0	369	208	76	65	-91	-42
8	167	107	17550248	-30	-20	30	22	6	5	0	375	213	76	65	-91	-42
8	167	107	17552248	-33	-23	29	20	6	4	0	381	217	76	65	-91	-42
8	167	107	17554248	-28	-18	27	20	6	4	0	387	221	76	65	-91	-42
8	167	107	17556244	-26	-19	25	20	5	4	0	392	225	76	65	-91	-42
8	167	107	17558256	-29	-21	28	21	5	4	0	397	229	76	65	-91	-42
8	167	107	17560256	-24	-18	23	17	5	3	0	402	232	76	65	-91	-42
8	167	107	17562256	-22	-17	22	18	4	4	0	406	236	76	65	-91	-42
8	167	107	17564260	-24	-19	20	17	5	3	0	411	239	76	65	-91	-42
8	167	107	17566260	-20	-16	18	17	4	4	0	415	243	76	65	-91	-42
8	167	107	17568260	-21	-18	18	16	4	3	0	419	246	76	65	-91	-42
8	167	107	17570260	-18	-14	16	15	3	3	0	422	249	76	65	-91	-42
8	167	107	17572264	-16	-13	15	14	3	3	0	425	252	76	65	-91	-42
8	167	107	17574264	-16	-17	14	13	3	3	0	428	255	76	65	-91	-42
8	167	107	17576268	-15	-12	14	15	3	2	0	431	257	76	65	-91	-42
8	167	107	17578268	-13	-11	11	13	2	3	0	433	260	76	65	-91	-42
8	167	107	17580268	-12	-14	10	11	3	2	0	436	262	76	65	-91	-42
8	167	107	17582264	-11	-10	9	11	2	2	0	438	264	76	65	-91	-42
8	167	107	17584268	-10	-10	7	10	1	2	0	439	266	76	65	-91	-42
8	167	107	17586260	-10	-10	8	10	2	2	0	441	268	76	65	-91	-42
8	167	107	17588268	-8	-9	6	9	1	2	0	442	270	76	65	-91	-42
8	167	107	17590268	-7	-9	5	8	2	2	0	444	272	76	65	-91	-42
8	167	107	17592276	-7	-7	5	8	1	1	0	445	273	76	65	-91	-42
8	167	107	17594268	-6	-6	4	7	1	2	0	446	275	76	65	-91	-42
8	167	107	17596264	-5	-7	3	6	1	1	0	447	276	76	65	-91	-42
8	167	107	17598244	-4	-6	3	5	0	1	0	447	277	76	65	-91	-42
8	167	107	17600264	-3	-4	2	4	1	1	0	448	278	76	65	-91	-42
8	167	107	17602244	-3	-5	3	3	0	1	0	448	279	76	65	-91	-42
8	167	107	17604240	-2	-3	1	3	1	0	0	449	279	76	65	-91	-42
8	167	107	17606252	-3	-3	1	4	0	1	0	449	280	76	65	-91	-42
8	167	107	17608248	-1	-2	2	1	0	0	0	449	280	76	65	-91	-42
8	167	107	17610264	-1	-3	0	2	1	1	0	450	281	76	65	-91	-42
8	167	107	17612232	-2	-2	1	2	0	0	0	450	281	76	65	-91	-42
8	167	107	17614216	0	-2	0	1	0	0	0	450	281	76	65	-91	-42
8	167	107	17616260	-1	-1	0	1	0	1	0	450	282	76	65	-91	-42
8	167	107	17618236	0	-1	1	0	0	0	0	450	282	76	65	-91	-42
8	167	107	17622208	0	-1	0	1	0	0	0	450	282	76	65	-91	-42
8	167	107	17630200	0	-2	0	0	0	0	0	450	282	76	65	-91	-42
8	167	107	17636200	0	0	1	0	0	0	0	450	282	76	65	-91	-42
8	167	107	17648212	0	0	2	0	0	0	0	450	282	76	65	-91	-42
8	167	107	17652224	-1	0	0	0	0	0	0	450	282	76	65	-91	-42
8	167	107	17654224	0	0	1	0	1	0	0	451	282	76	65	-91	-42
8	167	107	17656192	0	0	0	2	0	0	0	451	282	76	65	-91	-42
8	167	107	17660212	0	0	1	0	0	0	0	451	282	76	65	-91	-42
8	167	107	17662224	0	-1	0	0	0	0	0	451	282	76	65	-91	-42
8	167	107	17664224	0	0	0	1	0	1	0	451	283	76	65	-91	-42
8	167	107	17666188	0	0	1	0	0	0	0	451	283	76	65	-91	-42
8	167	107	17668196	-1	0	0	0	0	0	0	451	283	76	65	-91	-42
8	167	107	17672244	0	-1	2	1	0	0	0	451	283	76	65	-91	-42
8	167	107	17676200	0	0	0	1	0	0	1	451	283	76	65	-91	-42
9	167	107	17678208	0	0	1	0	0	0	1	76	65	76	65	-91	-42
9	167	107	17680216	0	-1	0	2	0	0	1	76	65	76	65	-91	-42
9	167	107	17682224	-2	0	0	0	0	0	1	76	65	76	65	-91	-42
9	167	107	17684228	0	-2	0	0	0	0	1	76	65	76	65	-91	-42
9	-130	-149	17686244	0	0	1	1	0	0	1	76	65	-54	-84	76	65
9	-130	-149	17688232	0	-1	0	0	0	1	1	76	66	-54	-84	76	65
9	-130	-149	17692216	0	0	0	1	0	0	1	76	66	-54	-84	76	65
9	-130	-149	17694264	0	-1	1	0	1	0	1	77	66	-54	-84	76	65
9	-130	-149	17696224	-1	0	0	0	0	0	1	77	66	-54	-84	76	65
9	-130	-149	17698228	0	-1	0	1	0	0	1	77	66	-54	-84	76	65
9	-130	-149	17702216	0	0	2	0	0	0	1	77	66	-54	-84	76	65
9	-130	-149	17706228	0	-2	0	0	0	0	1	77	66	-54	-84	76	65
9	-130	-149	17710220	0	0	0	2	0	0	1	77	66	-54	-84	76	65
9	-130	-149	17744252	0	1	0	-1	0	0	1	77	66	-54	-84	76	65
9	-130	-149	17746252	0	0	-1	0	0	0	1	77	66	-54	-84	76	65
9	-130	-149	17750284	0	1	-1	0	0	0	0	77	66	-54	-84	76	65
9	-130	-149	17752252	0	0	0	-1	0	0	0	77	66	-54	-84	76	65
9	-130	-149	17754288	2	1	-1	0	0	0	0	77	66	-54	-84	76	65
9	-130	-149	17756284	1	0	-1	-1	0	0	0	77	66	-54	-84	76	65
9	-130	-149	17758272	2	1	-2	-1	0	0	0	77	66	-54	-84	76	65
9	-130	-149	17760312	4	3	-2	-3	-1	0	0	76	66	-54	-84	76	65
9	-130	-149	17762312	5	2	-3	-4	-1	-1	0	75	65	-54	-84	76	65
9	-130	-149	17764300	5	3	-3	-3	-1	0	0	74	65	-54	-84	76	65
9	-130	-149	17766308	6	5	-4	-4	-1	-1	0	73	64	-54	-84	76	65
9	-130	-149	17768304	8	4	-5	-5	-1	-1	0	72	63	-54	-84	76	65
9	-130	-149	17770304	9	5	-5	-6	-1	-1	0	71	62	-54	-84	76	65
9	-130	-149	17772304	10	6	-5	-8	-2	-2	0	69	60	-54	-84	76	65
9	-130	-149	17774308	11	7	-8	-9	-2	-1	0	67	59	-54	-84	76	65
9	-130	-149	17776296	11	8	-6	-8	-1	-2	0	66	57	-54	-84	76	65
9	-130	-149	17778300	15	9	-9	-10	-3	-2	0	63	55	-54	-84	76	65
9	-130	-149	17780292	15	10	-8	-14	-2	-2	0	61	53	-54	-84	76	65
9	-130	-149	17782296	18	12	-10	-13	-3	-3	0	58	50	-54	-84	76	65
9	-130	-149	17784288	16	11	-10	-13	-2	-2	0	56	48	-54	-84	76	65
9	-130	-149	17786288	19	13	-12	-15	-4	-3	0	52	45	-54	-84	76	65
9	-130	-149	17788296	22	16	-11	-17	-3	-3	0	49	42	-54	-84	76	65
9	-130	-149	17790292	20	16	-12	-18	-3	-4	0	46	38	-54	-84	76	65
9	-130	-149	17792300	23	17	-13	-19	-4	-3	0	42	35	-54	-84	76	65
9	-130	-149	17794304	27	21	-14	-20	-4	-4	0	38	31	-54	-84	76	65
9	-130	-149	17796304	25	19	-13	-21	-4	-4	0	34	27	-54	-84	76	65
9	-130	-149	17798304	26	21	-18	-27	-4	-5	0	30	22	-54	-84	76	65
9	-130	-149	17800308	32	25	-15	-25	-5	-5	0	25	17	-54	-84	76	65
9	-130	-149	17802312	28	22	-16	-26	-4	-5	0	21	12	-54	-84	76	65
9	-130	-149	17804316	35	29	-16	-27	-5	-5	0	16	7	-54	-84	76	65
9	-130	-149	17806316	32	25	-18	-29	-5	-6	0	11	1	-54	-84	76	65
9	-130	-149	17808308	32	28	-19	-31	-5	-6	0	6	-5	-54	-84	76	65
9	-130	-149	17810316	40	32	-18	-32	-6	-6	0	0	-11	-54	-84	76	65
9	-130	-149	17812304	35	31	-19	-33	-5	-7	0	-5	-18	-54	-84	76	65
9	-130	-149	17814308	36	30	-23	-39	-6	-6	0	-11	-24	-54	-84	76	65
9	-130	-149	17816312	44	38	-20	-36	-7	-8	0	-18	-32	-54	-84	76	65
9	-130	-149	17818308	39	34	-21	-37	-6	-7	0	-24	-39	-54	-84	76	65
9	-130	-149	17820316	45	38	-20	-37	-6	-7	0	-30	-46	-54	-84	76	65
9	-130	-149	17822308	40	35	-22	-38	-6	-8	0	-36	-54	-54	-84	76	65
9	-130	-149	17824316	41	37	-22	-38	-7	-7	0	-43	-61	-54	-84	76	65
9	-130	-149	17826308	48	41	-22	-40	-7	-8	0	-50	-69	-54	-84	76	65
9	-130	-149	17828312	43	37	-24	-40	-6	-8	0	-56	-77	-54	-84	76	65
9	-130	-149	17830316	43	39	-24	-42	-7	-8	0	-63	-85	-54	-84	76	65
9	-130	-149	17832320	51	44	-27	-46	-8	-9	0	-71	-94	-54	-84	76	65
9	-130	-149	17834324	44	39	-24	-41	-7	-8	0	-78	-102	-54	-84	76	65
9	-130	-149	17836316	45	38	-25	-41	-7	-8	0	-85	-110	-54	-84	76	65
9	-130	-149	17838324	51	45	-26	-42	-7	-9	0	-92	-119	-54	-84	76	65
9	-130	-149	17840328	45	40	-25	-42	-7	-8	0	-99	-127	-54	-84	76	65
9	-130	-149	17842324	50	45	-25	-41	-8	-9	0	-107	-136	-54	-84	76	65
9	-130	-149	17844324	44	38	-25	-42	-7	-8	0	-114	-144	-54	-84	76	65
9	-130	-149	17846320	44	39	-26	-41	-7	-8	0	-121	-152	-54	-84	76	65
9	-130	-149	17848316	50	42	-25	-41	-7	-8	0	-128	-160	-54	-84	76	65
9	-130	-149	17850308	43	38	-29	-45	-8	-8	0	-136	-168	-54	-84	76	65
9	-130	-149	17852308	44	37	-25	-41	-6	-8	0	-142	-176	-54	-84	76	65
9	-130	-149	17854312	49	43	-25	-40	-8	-8	0	-150	-184	-54	-84	76	65
9	-130	-149	17856304	42	36	-25	-39	-7	-8	0	-157	-192	-54	-84	76	65
9	-130	-149	17858308	42	35	-24	-39	-6	-7	0	-163	-199	-54	-84	76	65
9	-130	-149	17860312	47	40	-22	-37	-7	-8	0	-170	-207	-54	-84	76	65
9	-130	-149	17862320	40	34	-23	-37	-6	-7	0	-176	-214	-54	-84	76	65
9	-130	-149	17864312	44	38	-22	-36	-7	-7	0	-183	-221	-54	-84	76	65
9	-130	-149	17866308	37	33	-24	-39	-6	-8	0	-189	-229	-54	-84	76	65
9	-130	-149	17868316	38	31	-20	-32	-6	-6	0	-195	-235	-54	-84	76	65
9	-130	-149	17870308	40	34	-20	-33	-6	-7	0	-201	-242	-54	-84	76	65
9	-130	-149	17872312	35	30	-20	-32	-5	-6	0	-206	-248	-54	-84	76	65
9	-130	-149	17874316	32	27	-18	-30	-5	-5	0	-211	-253	-54	-84	76	65
9	-130	-149	17876304	38	32	-18	-29	-6	-7	0	-217	-260	-54	-84	76	65
9	-130	-149	17878308	31	27	-17	-29	-5	-5	0	-222	-265	-54	-84	76	65
9	-130	-149	17880316	31	26	-16	-27	-4	-5	0	-226	-270	-54	-84	76	65
9	-130	-149	17882320	33	29	-16	-25	-5	-6	0	-231	-276	-54	-84	76	65
9	-130	-149	17884324	29	24	-16	-29	-5	-5	0	-236	-281	-54	-84	76	65
9	-130	-149	17886320	26	22	-14	-24	-4	-5	0	-240	-286	-54	-84	76	65
9	-130	-149	17888316	30	27	-13	-22	-4	-5	0	-244	-291	-54	-84	76	65
9	-130	-149	17890324	25	21	-12	-21	-4	-4	0	-248	-295	-54	-84	76	65
9	-130	-149	17892312	27	24	-11	-22	-4	-4	0	-252	-299	-54	-84	76	65
9	-130	-149	17894308	24	18	-12	-20	-3	-4	0	-255	-303	-54	-84	76	65
9	-130	-149	17896296	23	19	-10	-20	-4	-4	0	-259	-307	-54	-84	76	65
9	-130	-149	17898300	23	21	-10	-17	-3	-4	0	-262	-311	-54	-84	76	65
9	-130	-149	17900300	20	17	-8	-18	-3	-3	0	-265	-314	-54	-84	76	65
9	-130	-149	17902300	20	16	-10	-18	-3	-4	0	-268	-318	-54	-84	76	65
9	-130	-149	17904296	22	17	-8	-15	-3	-3	0	-271	-321	-54	-84	76	65
9	-130	-149	17906296	17	14	-7	-15	-2	-3	0	-273	-324	-54	-84	76	65
9	-130	-149	17908300	18	14	-8	-14	-3	-3	0	-276	-327	-54	-84	76	65
9	-130	-149	17910300	18	14	-6	-13	-2	-2	0	-278	-329	-54	-84	76	65
9	-130	-149	17912300	15	12	-8	-12	-2	-3	0	-280	-332	-54	-84	76	65
9	-130	-149	17914304	18	13	-6	-11	-3	-2	0	-283	-334	-54	-84	76	65
9	-130	-149	17916308	14	10	-5	-12	-2	-2	0	-285	-336	-54	-84	76	65
9	-130	-149	17918304	13	10	-7	-11	-2	-3	0	-287	-339	-54	-84	76	65
9	-130	-149	17920308	15	11	-5	-10	-2	-2	0	-289	-341	-54	-84	76	65
9	-130	-149	17922308	13	9	-5	-9	-1	-1	0	-290	-342	-54	-84	76	65
9	-130	-149	17924304	11	7	-5	-7	-2	-2	0	-292	-344	-54	-84	76	65
9	-130	-149	17926304	13	8	-4	-8	-2	-1	0	-294	-345	-54	-84	76	65
9	-130	-149	17928304	8	6	-4	-6	-1	-2	0	-295	-347	-54	-84	76	65
9	-130	-149	17930312	10	6	-4	-6	-1	-1	0	-296	-348	-54	-84	76	65
9	-130	-149	17932312	9	6	-3	-5	-2	-1	0	-298	-349	-54	-84	76	65
9	-130	-149	17934312	8	4	-3	-4	-1	-1	0	-299	-350	-54	-84	76	65
9	-130	-149	17936308	7	5	-2	-5	-1	-1	0	-300	-351	-54	-84	76	65
9	-130	-149	17938300	8	4	-3	-4	-1	-1	0	-301	-352	-54	-84	76	65
9	-130	-149	17940296	5	4	-2	-2	0	0	0	-301	-352	-54	-84	76	65
9	-130	-149	17942324	6	2	-2	-3	-1	-1	0	-302	-353	-54	-84	76	65
9	-130	-149	17944312	4	3	-1	-2	-1	0	0	-303	-353	-54	-84	76	65
9	-130	-149	17946296	3	2	-1	-1	0	0	0	-303	-353	-54	-84	76	65
9	-130	-149	17948320	4	3	-1	-2	-1	-1	0	-304	-354	-54	-84	76	65
9	-130	-149	17950296	4	1	0	-1	0	0	0	-304	-354	-54	-84	76	65
9	-130	-149	17952304	2	0	-2	-1	0	0	0	-304	-354	-54	-84	76	65
9	-130	-149	17954304	3	1	0	0	-1	0	0	-305	-354	-54	-84	76	65
9	-130	-149	17956276	1	0	-1	0	0	0	0	-305	-354	-54	-84	76	65
9	-130	-149	17958280	3	0	0	0	0	0	0	-305	-354	-54	-84	76	65
9	-130	-149	17960280	2	0	0	0	0	0	0	-305	-354	-54	-84	76	65
9	-130	-149	17962296	3	0	0	0	-1	0	0	-306	-354	-54	-84	76	65
9	-130	-149	17964276	1	0	0	0	0	0	0	-306	-354	-54	-84	76	65
9	-130	-149	17966284	1	0	-1	0	0	0	0	-306	-354	-54	-84	76	65
9	-130	-149	17968288	1	0	0	0	0	0	0	-306	-354	-54	-84	76	65
9	-130	-149	17970280	3	0	0	0	0	0	0	-306	-354	-54	-84	76	65
9	-130	-149	17972280	1	0	0	0	0	0	0	-306	-354	-54	-84	76	65
9	-130	-149	17976296	1	0	0	0	-1	0	0	-307	-354	-54	-84	76	65
9	-130	-149	17978288	2	0	0	0	0	0	0	-307	-354	-54	-84	76	65
9	-130	-149	17980288	1	0	0	0	0	0	0	-307	-354	-54	-84	76	65
9	-130	-149	17982308	1	-1	0	1	0	0	0	-307	-354	-54	-84	76	65
9	-130	-149	17984280	1	0	0	0	0	0	0	-307	-354	-54	-84	76	65
9	-130	-149	17986316	2	0	0	2	0	0	0	-307	-354	-54	-84	76	65
9	-130	-149	17988312	1	-2	0	0	0	0	0	-307	-354	-54	-84	76	65
9	-130	-149	17990280	0	0	0	1	0	0	0	-307	-354	-54	-84	76	65
9	-130	-149	17992292	1	-1	0	0	0	0	0	-307	-354	-54	-84	76	65
9	-130	-149	17996276	0	0	0	1	0	0	0	-307	-354	-54	-84	76	65
9	-130	-149	17998288	0	-1	0	0	0	0	0	-307	-354	-54	-84	76	65
9	-130	-149	18000276	0	0	0	1	0	0	0	-307	-354	-54	-84	76	65
9	-130	-149	18002288	0	-1	0	0	0	0	0	-307	-354	-54	-84	76	65
9	-130	-149	18004272	0	0	0	2	0	0	0	-307	-354	-54	-84	76	65
9	-130	-149	18006284	0	-2	0	0	0	0	0	-307	-354	-54	-84	76	65
9	-130	-149	18008272	0	0	0	1	0	0	0	-307	-354	-54	-84	76	65
9	-130	-149	18010240	0	0	0	0	0	0	1	-307	-354	-54	-84	76	65
10	-130	-149	18012284	0	-1	0	0	0	1	1	-54	-83	-54	-84	76	65
10	-130	-149	18014284	0	0	1	1	0	0	1	-54	-83	-54	-84	76	65
10	-130	-149	18020260	0	-1	0	1	0	0	1	-54	-83	-54	-84	76	65
10	-130	-149	18024252	0	0	2	0	0	0	1	-54	-83	-54	-84	76	65
10	82	180	18026252	0	0	0	2	0	0	1	-54	-83	28	96	-54	-84
10	82	180	18060252	0	0	0	1	0	0	1	-54	-83	28	96	-54	-84
10	82	180	18066268	0	-1	0	0	0	0	1	-54	-83	28	96	-54	-84
10	82	180	18070272	0	-2	0	1	0	1	1	-54	-82	28	96	-54	-84
10	82	180	18072248	0	0	0	1	0	0	1	-54	-82	28	96	-54	-84
10	82	180	18074284	-1	-2	0	2	0	0	0	-54	-82	28	96	-54	-84
10	82	180	18076296	-2	-1	0	2	0	0	0	-54	-82	28	96	-54	-84
10	82	180	18078300	-2	-3	0	3	0	1	0	-54	-81	28	96	-54	-84
10	82	180	18080296	-3	-4	0	3	0	1	0	-54	-80	28	96	-54	-84
10	82	180	18082288	-3	-3	0	4	0	0	0	-54	-80	28	96	-54	-84
10	82	180	18084300	-4	-4	0	5	0	1	0	-54	-79	28	96	-54	-84
10	82	180	18086316	-5	-5	0	5	1	1	0	-53	-78	28	96	-54	-84
10	82	180	18088308	-6	-6	0	6	1	1	0	-52	-77	28	96	-54	-84
10	82	180	18090296	-5	-7	0	8	0	2	0	-52	-75	28	96	-54	-84
10	82	180	18092312	-8	-7	1	7	1	1	0	-51	-74	28	96	-54	-84
10	82	180	18094316	-7	-9	1	10	1	2	0	-50	-72	28	96	-54	-84
10	82	180	18096312	-10	-10	0	12	1	2	0	-49	-70	28	96	-54	-84
10	82	180	18098304	-9	-10	1	11	1	3	0	-48	-67	28	96	-54	-84
10	82	180	18100304	-10	-11	3	12	1	2	0	-47	-65	28	96	-54	-84
10	82	180	18102304	-13	-14	1	14	1	3	0	-46	-62	28	96	-54	-84
10	82	180	18104296	-12	-12	3	16	2	2	0	-44	-60	28	96	-54	-84
10	82	180	18106292	-13	-15	2	17	1	4	0	-43	-56	28	96	-54	-84
10	82	180	18108288	-17	-18	3	17	2	3	0	-41	-53	28	96	-54	-84
10	82	180	18110284	-15	-17	3	19	2	4	0	-39	-49	28	96	-54	-84
10	82	180	18112280	-16	-18	4	24	2	4	0	-37	-45	28	96	-54	-84
10	82	180	18114276	-20	-22	4	23	3	4	0	-34	-41	28	96	-54	-84
10	82	180	18116272	-19	-23	4	24	2	5	0	-32	-36	28	96	-54	-84
10	82	180	18118268	-20	-22	5	26	2	5	0	-30	-31	28	96	-54	-84
10	82	180	18120276	-25	-29	3	29	3	6	0	-27	-25	28	96	-54	-84
10	82	180	18122272	-23	-26	5	30	3	5	0	-24	-20	28	96	-54	-84
10	82	180	18124260	-25	-29	5	33	3	7	0	-21	-13	28	96	-54	-84
10	82	180	18126268	-30	-34	4	33	3	6	0	-18	-7	28	96	-54	-84
10	82	180	18128276	-26	-32	4	37	3	7	0	-15	0	28	96	-54	-84
10	82	180	18130280	-34	-40	5	43	4	8	0	-11	8	28	96	-54	-84
10	82	180	18132276	-31	-37	2	42	4	8	0	-7	16	28	96	-54	-84
10	82	180	18134284	-32	-38	3	43	3	8	0	-4	24	28	96	-54	-84
10	82	180	18136280	-38	-47	2	45	4	10	0	0	34	28	96	-54	-84
10	82	180	18138280	-35	-42	3	49	4	9	0	4	43	28	96	-54	-84
10	82	180	18140280	-35	-45	0	50	3	9	0	7	52	28	96	-54	-84
10	82	180	18142276	-41	-53	1	51	5	11	0	12	63	28	96	-54	-84
10	82	180	18144284	-38	-48	0	53	3	10	0	15	73	28	96	-54	-84
10	82	180	18146264	-36	-49	0	55	4	10	0	19	83	28	96	-54	-84
10	82	180	18148264	-44	-58	0	62	4	12	0	23	95	28	96	-54	-84
10	82	180	18150264	-37	-51	0	57	4	11	0	27	106	28	96	-54	-84
10	82	180	18152268	-44	-60	-1	57	4	12	0	31	118	28	96	-54	-84
10	82	180	18154276	-37	-54	-2	58	4	11	0	35	129	28	96	-54	-84
10	82	180	18156268	-38	-53	-2	58	4	11	0	39	140	28	96	-54	-84
10	82	180	18158264	-42	-62	-1	59	4	12	0	43	152	28	96	-54	-84
10	82	180	18160272	-38	-53	-3	58	3	11	0	46	163	28	96	-54	-84
10	82	180	18162272	-36	-54	-1	57	4	11	0	50	174	28	96	-54	-84
10	82	180	18164272	-41	-61	-3	58	3	12	0	53	186	28	96	-54	-84
10	82	180	18166268	-35	-54	-1	63	4	12	0	57	198	28	96	-54	-84
10	82	180	18168276	-38	-60	-2	55	3	11	0	60	209	28	96	-54	-84
10	82	180	18170284	-32	-53	-2	55	3	11	0	63	220	28	96	-54	-84
10	82	180	18172292	-33	-51	-2	54	4	11	0	67	231	28	96	-54	-84
10	82	180	18174284	-35	-56	-3	53	3	11	0	70	242	28	96	-54	-84
10	82	180	18176288	-29	-50	-1	52	3	10	0	73	252	28	96	-54	-84
10	82	180	18178288	-28	-48	-2	50	2	10	0	75	262	28	96	-54	-84
10	82	180	18180296	-33	-55	-3	51	3	10	0	78	272	28	96	-54	-84
10	82	180	18182288	-26	-46	-2	55	3	10	0	81	282	28	96	-54	-84
10	82	180	18184284	-26	-45	-3	49	2	10	0	83	292	28	96	-54	-84
10	82	180	18186280	-29	-52	-2	48	3	10	0	86	302	28	96	-54	-84
10	82	180	18188280	-25	-44	-3	46	2	9	0	88	311	28	96	-54	-84
10	82	180	18190284	-26	-50	-2	46	2	9	0	90	320	28	96	-54	-84
10	82	180	18192284	-23	-41	-3	45	2	9	0	92	329	28	96	-54	-84
10	82	180	18194284	-21	-42	-2	44	2	8	0	94	337	28	96	-54	-84
10	82	180	18196284	-23	-46	-3	42	2	9	0	96	346	28	96	-54	-84
10	82	180	18198288	-20	-39	-2	47	2	9	0	98	355	28	96	-54	-84
10	82	180	18200288	-17	-37	-2	38	1	7	0	99	362	28	96	-54	-84
10	82	180	18202292	-20	-41	-1	39	2	8	0	101	370	28	96	-54	-84
10	82	180	18204292	-16	-35	-2	36	2	7	0	103	377	28	96	-54	-84
10	82	180	18206292	-17	-34	-2	37	1	8	0	104	385	28	96	-54	-84
10	82	180	18208296	-16	-36	-1	33	2	6	0	106	391	28	96	-54	-84
10	82	180	18210300	-15	-32	0	32	1	7	0	107	398	28	96	-54	-84
10	82	180	18212292	-15	-33	-1	31	2	6	0	109	404	28	96	-54	-84
10	82	180	18214296	-14	-28	-1	29	1	6	0	110	410	28	96	-54	-84
10	82	180	18216300	-12	-27	0	30	1	6	0	111	416	28	96	-54	-84
10	82	180	18218300	-14	-30	-2	26	1	5	0	112	421	28	96	-54	-84
10	82	180	18220300	-11	-24	0	25	1	5	0	113	426	28	96	-54	-84
10	82	180	18222300	-11	-24	0	24	1	5	0	114	431	28	96	-54	-84
10	82	180	18224296	-14	-25	-1	22	2	5	0	116	436	28	96	-54	-84
10	82	180	18226292	-11	-21	0	21	1	4	0	117	440	28	96	-54	-84
10	82	180	18228288	-12	-20	0	20	1	4	0	118	444	28	96	-54	-84
10	82	180	18230296	-12	-23	0	20	1	4	0	119	448	28	96	-54	-84
10	82	180	18232280	-13	-17	0	19	2	4	0	121	452	28	96	-54	-84
10	82	180	18234276	-11	-18	0	20	1	4	0	122	456	28	96	-54	-84
10	82	180	18236280	-12	-20	2	16	1	3	0	123	459	28	96	-54	-84
10	82	180	18238288	-13	-15	1	17	1	3	0	124	462	28	96	-54	-84
10	82	180	18240280	-12	-17	1	15	2	4	0	126	466	28	96	-54	-84
10	82	180	18242284	-12	-14	1	13	1	2	0	127	468	28	96	-54	-84
10	82	180	18244292	-11	-12	3	13	1	3	0	128	471	28	96	-54	-84
10	82	180	18246288	-12	-14	1	12	2	2	0	130	473	28	96	-54	-84
10	82	180	18248288	-12	-11	3	12	1	3	0	131	476	28	96	-54	-84
10	82	180	18250284	-10	-10	2	11	1	2	0	132	478	28	96	-54	-84
10	82	180	18252280	-11	-12	3	9	2	2	0	134	480	28	96	-54	-84
10	82	180	18254284	-10	-8	2	7	1	1	0	135	481	28	96	-54	-84
10	82	180	18256292	-9	-8	3	8	1	2	0	136	483	28	96	-54	-84
10	82	180	18258296	-10	-7	2	6	1	1	0	137	484	28	96	-54	-84
10	82	180	18260296	-7	-5	3	5	1	1	0	138	485	28	96	-54	-84
10	82	180	18262288	-8	-7	2	4	1	1	0	139	486	28	96	-54	-84
10	82	180	18264296	-6	-3	1	3	1	1	0	140	487	28	96	-54	-84
10	82	180	18266288	-5	-4	3	4	1	1	0	141	488	28	96	-54	-84
10	82	180	18268272	-6	-4	1	3	1	0	0	142	488	28	96	-54	-84
10	82	180	18270280	-4	-2	3	2	0	1	0	142	489	28	96	-54	-84
10	82	180	18272292	-4	-3	1	3	1	0	0	143	489	28	96	-54	-84
10	82	180	18274272	-3	-1	1	1	0	1	0	143	490	28	96	-54	-84
10	82	180	18276288	-3	-1	1	1	1	0	0	144	490	28	96	-54	-84
10	82	180	18278268	-2	-2	2	1	0	0	0	144	490	28	96	-54	-84
10	82	180	18280264	-3	-1	1	0	0	0	0	144	490	28	96	-54	-84
10	82	180	18282280	-2	-1	1	2	1	1	0	145	491	28	96	-54	-84
10	82	180	18284260	-2	-1	0	0	0	0	0	145	491	28	96	-54	-84
10	82	180	18286236	-1	0	1	0	0	0	0	145	491	28	96	-54	-84
10	82	180	18290236	-1	0	0	0	0	0	0	145	491	28	96	-54	-84
10	82	180	18292256	0	-2	2	0	0	0	0	145	491	28	96	-54	-84
10	82	180	18294224	0	0	0	1	0	0	0	145	491	28	96	-54	-84
10	82	180	18298240	0	0	1	0	1	0	0	146	491	28	96	-54	-84
10	82	180	18310220	0	0	1	0	0	0	0	146	491	28	96	-54	-84
10	82	180	18318196	0	0	0	0	0	0	1	146	491	28	96	-54	-84
11	82	180	18320228	0	-1	0	0	0	0	1	28	96	28	96	-54	-84
11	82	180	18326212	0	0	1	0	0	0	1	28	96	28	96	-54	-84
11	-28	-196	18338208	0	0	2	0	0	0	1	28	96	0	-100	28	96
11	-28	-196	18376212	0	0	-1	0	0	0	1	28	96	0	-100	28	96
11	-28	-196	18384196	0	0	0	0	0	0	0	28	96	0	-100	28	96
11	-28	-196	18386224	0	0	0	-2	0	0	0	28	96	0	-100	28	96
11	-28	-196	18388204	0	2	0	-1	0	0	0	28	96	0	-100	28	96
11	-28	-196	18390240	0	1	0	-2	0	0	0	28	96	0	-100	28	96
11	-28	-196	18392236	0	2	0	-3	0	0	0	28	96	0	-100	28	96
11	-28	-196	18394244	0	4	0	-4	0	-1	0	28	95	0	-100	28	96
11	-28	-196	18396264	0	5	1	-6	0	-1	0	28	94	0	-100	28	96
11	-28	-196	18398280	0	5	1	-6	0	-1	0	28	93	0	-100	28	96
11	-28	-196	18400284	0	8	1	-8	0	-2	0	28	91	0	-100	28	96
11	-28	-196	18402276	0	7	3	-8	0	-1	0	28	90	0	-100	28	96
11	-28	-196	18404276	1	9	2	-10	1	-2	0	29	88	0	-100	28	96
11	-28	-196	18406276	2	11	4	-12	0	-3	0	29	85	0	-100	28	96
11	-28	-196	18408280	2	11	4	-15	0	-2	0	29	83	0	-100	28	96
11	-28	-196	18410284	1	13	3	-15	0	-3	0	29	80	0	-100	28	96
11	-28	-196	18412288	3	16	5	-16	0	-3	0	29	77	0	-100	28	96
11	-28	-196	18414304	2	15	5	-19	1	-4	0	30	73	0	-100	28	96
11	-28	-196	18416288	4	20	7	-21	0	-4	0	30	69	0	-100	28	96
11	-28	-196	18418280	3	19	6	-21	0	-4	0	30	65	0	-100	28	96
11	-28	-196	18420296	3	21	7	-25	1	-4	0	31	61	0	-100	28	96
11	-28	-196	18422276	5	26	9	-25	0	-5	0	31	56	0	-100	28	96
11	-28	-196	18424288	5	24	10	-30	1	-6	0	32	50	0	-100	28	96
11	-28	-196	18426288	7	26	10	-29	0	-5	0	32	45	0	-100	28	96
11	-28	-196	18428296	6	30	10	-31	0	-6	0	32	39	0	-100	28	96
11	-28	-196	18430308	6	29	11	-31	1	-6	0	33	33	0	-100	28	96
11	-28	-196	18432296	8	30	13	-34	0	-7	0	33	26	0	-100	28	96
11	-28	-196	18434312	8	36	12	-35	1	-7	0	34	19	0	-100	28	96
11	-28	-196	18436296	9	33	14	-38	0	-7	0	34	12	0	-100	28	96
11	-28	-196	18438312	11	40	15	-37	1	-8	0	35	4	0	-100	28	96
11	-28	-196	18440300	10	35	15	-40	0	-7	0	35	-3	0	-100	28	96
11	-28	-196	18442308	13	37	18	-48	1	-9	0	36	-12	0	-100	28	96
11	-28	-196	18444300	14	45	16	-42	0	-8	0	36	-20	0	-100	28	96
11	-28	-196	18446288	13	40	16	-45	0	-9	0	36	-29	0	-100	28	96
11	-28	-196	18448292	15	43	18	-46	0	-9	0	36	-38	0	-100	28	96
11	-28	-196	18450292	18	49	17	-48	0	-10	0	36	-48	0	-100	28	96
11	-28	-196	18452304	16	45	19	-50	1	-9	0	37	-57	0	-100	28	96
11	-28	-196	18454296	18	46	17	-51	0	-10	0	37	-67	0	-100	28	96
11	-28	-196	18456292	21	54	18	-51	0	-10	0	37	-77	0	-100	28	96
11	-28	-196	18458260	20	48	20	-60	0	-11	0	37	-88	0	-100	28	96
11	-28	-196	18460300	24	57	17	-55	-1	-11	0	36	-99	0	-100	28	96
11	-28	-196	18462288	21	51	17	-57	0	-11	0	36	-110	0	-100	28	96
11	-28	-196	18464296	21	52	17	-57	0	-11	0	36	-121	0	-100	28	96
11	-28	-196	18466300	26	60	15	-59	-2	-12	0	34	-133	0	-100	28	96
11	-28	-196	18468292	24	54	16	-59	0	-11	0	34	-144	0	-100	28	96
11	-28	-196	18470312	25	55	15	-60	-1	-12	0	33	-156	0	-100	28	96
11	-28	-196	18472304	29	64	14	-61	-2	-12	0	31	-168	0	-100	28	96
11	-28	-196	18474300	25	56	14	-61	-1	-12	0	30	-180	0	-100	28	96
11	-28	-196	18476300	26	56	15	-69	-1	-12	0	29	-192	0	-100	28	96
11	-28	-196	18478304	31	65	12	-61	-2	-13	0	27	-205	0	-100	28	96
11	-28	-196	18480308	27	58	12	-63	-1	-12	0	26	-217	0	-100	28	96
11	-28	-196	18482312	31	65	11	-61	-2	-13	0	24	-230	0	-100	28	96
11	-28	-196	18484312	29	57	10	-62	-2	-12	0	22	-242	0	-100	28	96
11	-28	-196	18486312	27	57	9	-60	-2	-11	0	20	-253	0	-100	28	96
11	-28	-196	18488304	33	65	8	-62	-3	-13	0	17	-266	0	-100	28	96
11	-28	-196	18490300	27	55	8	-58	-2	-11	0	15	-277	0	-100	28	96
11	-28	-196	18492300	29	55	7	-59	-2	-12	0	13	-289	0	-100	28	96
11	-28	-196	18494300	32	62	7	-65	-2	-12	0	11	-301	0	-100	28	96
11	-28	-196	18496300	29	53	5	-56	-3	-11	0	8	-312	0	-100	28	96
11	-28	-196	18498296	29	52	5	-55	-2	-11	0	6	-323	0	-100	28	96
11	-28	-196	18500296	32	58	3	-55	-3	-11	0	3	-334	0	-100	28	96
11	-28	-196	18502284	29	50	3	-53	-3	-11	0	0	-345	0	-100	28	96
11	-28	-196	18504292	28	48	2	-51	-2	-9	0	-2	-354	0	-100	28	96
11	-28	-196	18506296	31	54	2	-50	-3	-11	0	-5	-365	0	-100	28	96
11	-28	-196	18508296	27	46	1	-48	-3	-9	0	-8	-374	0	-100	28	96
11	-28	-196	18510292	30	50	0	-45	-3	-10	0	-11	-384	0	-100	28	96
11	-28	-196	18512292	25	42	0	-50	-2	-9	0	-13	-393	0	-100	28	96
11	-28	-196	18514292	24	40	0	-40	-3	-8	0	-16	-401	0	-100	28	96
11	-28	-196	18516296	28	43	-3	-40	-3	-8	0	-19	-409	0	-100	28	96
11	-28	-196	18518292	21	37	-1	-36	-2	-8	0	-21	-417	0	-100	28	96
11	-28	-196	18520288	21	32	-3	-34	-2	-6	0	-23	-423	0	-100	28	96
11	-28	-196	18522292	24	36	-3	-31	-3	-7	0	-26	-430	0	-100	28	96
11	-28	-196	18524292	17	29	-3	-30	-2	-6	0	-28	-436	0	-100	28	96
11	-28	-196	18526292	18	28	-2	-26	-2	-5	0	-30	-441	0	-100	28	96
11	-28	-196	18528288	17	27	-4	-24	-2	-5	0	-32	-446	0	-100	28	96
11	-28	-196	18530280	14	23	-3	-24	-2	-5	0	-34	-451	0	-100	28	96
11	-28	-196	18532280	15	22	-2	-18	-1	-4	0	-35	-455	0	-100	28	96
11	-28	-196	18534280	11	18	-3	-17	-2	-3	0	-37	-458	0	-100	28	96
11	-28	-196	18536280	10	15	-2	-13	-1	-3	0	-38	-461	0	-100	28	96
11	-28	-196	18538284	10	15	-1	-12	-1	-3	0	-39	-464	0	-100	28	96
11	-28	-196	18540280	7	11	-3	-10	-1	-2	0	-40	-466	0	-100	28	96
11	-28	-196	18542288	6	9	-1	-7	-1	-2	0	-41	-468	0	-100	28	96
11	-28	-196	18544284	6	8	-1	-8	-1	-1	0	-42	-469	0	-100	28	96
11	-28	-196	18546276	4	7	0	-5	0	-1	0	-42	-470	0	-100	28	96
11	-28	-196	18548292	4	5	-2	-3	-1	-1	0	-43	-471	0	-100	28	96
11	-28	-196	18550276	2	3	0	-4	0	-1	0	-43	-472	0	-100	28	96
11	-28	-196	18552268	3	3	-1	-1	0	0	0	-43	-472	0	-100	28	96
11	-28	-196	18554280	1	2	0	-2	0	-1	0	-43	-473	0	-100	28	96
11	-28	-196	18556272	1	2	0	-1	0	0	0	-43	-473	0	-100	28	96
11	-28	-196	18558256	0	1	0	0	0	0	0	-43	-473	0	-100	28	96
11	-28	-196	18560276	1	0	0	-1	0	0	0	-43	-473	0	-100	28	96
11	-28	-196	18566244	0	0	2	0	0	0	0	-43	-473	0	-100	28	96
11	-28	-196	18570248	0	0	0	1	0	0	0	-43	-473	0	-100	28	96
11	-28	-196	18572292	0	-2	1	2	0	0	0	-43	-473	0	-100	28	96
11	-28	-196	18574252	0	-2	0	2	0	0	0	-43	-473	0	-100	28	96
11	-28	-196	18576288	0	-1	1	3	0	0	0	-43	-473	0	-100	28	96
11	-28	-196	18578300	-1	-3	0	2	0	1	0	-43	-472	0	-100	28	96
11	-28	-196	18580284	-1	-2	1	4	0	0	0	-43	-472	0	-100	28	96
11	-28	-196	18582252	-2	-4	0	2	0	1	1	-43	-471	0	-100	28	96
