1	0	-100	76899804	0	0	1	0	0	0	1	0	-100	0	-100	0	0
1	-28	196	76901804	0	-2	0	0	0	0	1	0	-100	-28	96	0	-100
1	-28	196	76905812	0	0	1	0	0	0	1	0	-100	-28	96	0	-100
1	-28	196	76911848	1	0	0	2	0	0	1	0	-100	-28	96	0	-100
1	-28	196	76913820	0	0	2	0	0	0	1	0	-100	-28	96	0	-100
1	-28	196	76921820	1	0	0	0	0	0	1	0	-100	-28	96	0	-100
1	-28	196	76925812	0	-1	0	0	0	0	1	0	-100	-28	96	0	-100
1	-28	196	76929812	1	0	0	0	0	0	1	0	-100	-28	96	0	-100
1	-28	196	76941808	1	0	0	0	0	0	1	0	-100	-28	96	0	-100
1	-28	196	76957820	0	0	-1	0	0	0	1	0	-100	-28	96	0	-100
1	-28	196	76963796	2	0	-1	0	0	0	1	0	-100	-28	96	0	-100
1	-28	196	76967768	0	0	0	0	0	0	0	0	-100	-28	96	0	-100
1	-28	196	76969816	0	0	-1	0	0	0	0	0	-100	-28	96	0	-100
1	-28	196	76971820	1	0	0	0	0	0	0	0	-100	-28	96	0	-100
1	-28	196	76973820	1	0	-1	0	0	0	0	0	-100	-28	96	0	-100
1	-28	196	76975820	1	0	-2	0	0	0	0	0	-100	-28	96	0	-100
1	-28	196	76977816	2	0	0	0	0	0	0	0	-100	-28	96	0	-100
1	-28	196	76979860	1	0	-1	1	-1	0	0	-1	-100	-28	96	0	-100
1	-28	196	76981860	1	0	-1	1	0	1	0	-1	-99	-28	96	0	-100
1	-28	196	76983840	3	-2	-1	1	0	0	0	-1	-99	-28	96	0	-100
1	-28	196	76985852	1	-2	-2	3	-1	0	0	-2	-99	-28	96	0	-100
1	-28	196	76987856	2	-2	-1	4	0	1	0	-2	-98	-28	96	0	-100
1	-28	196	76989852	2	-4	-1	3	0	1	0	-2	-97	-28	96	0	-100
1	-28	196	76991864	1	-4	-3	5	-1	1	0	-3	-96	-28	96	0	-100
1	-28	196	76993852	1	-6	-1	7	0	1	0	-3	-95	-28	96	0	-100
1	-28	196	76995848	1	-6	-4	7	0	1	0	-3	-94	-28	96	0	-100
1	-28	196	76997844	0	-8	-2	10	0	2	0	-3	-92	-28	96	0	-100
1	-28	196	76999856	0	-10	-5	10	-1	2	0	-4	-90	-28	96	0	-100
1	-28	196	77001844	0	-11	-5	13	0	2	0	-4	-88	-28	96	0	-100
1	-28	196	77003860	0	-12	-6	16	-1	3	0	-5	-85	-28	96	0	-100
1	-28	196	77005856	0	-17	-7	17	-1	4	0	-6	-81	-28	96	0	-100
1	-28	196	77007836	-2	-16	-8	19	0	3	0	-6	-78	-28	96	0	-100
1	-28	196	77009844	-4	-19	-10	21	-1	4	0	-7	-74	-28	96	0	-100
1	-28	196	77011844	-5	-23	-12	24	-1	5	0	-8	-69	-28	96	0	-100
1	-28	196	77013832	-6	-23	-12	26	0	5	0	-8	-64	-28	96	0	-100
1	-28	196	77015840	-5	-25	-14	29	-1	5	0	-9	-59	-28	96	0	-100
1	-28	196	77017840	-9	-31	-17	31	-1	6	0	-10	-53	-28	96	0	-100
1	-28	196	77019836	-8	-31	-18	34	-1	7	0	-11	-46	-28	96	0	-100
1	-28	196	77021840	-8	-33	-20	38	-1	7	0	-12	-39	-28	96	0	-100
1	-28	196	77023840	-10	-40	-25	43	-2	8	0	-14	-31	-28	96	0	-100
1	-28	196	77025836	-9	-37	-24	44	-1	8	0	-15	-23	-28	96	0	-100
1	-28	196	77027836	-11	-47	-26	45	-2	9	0	-17	-14	-28	96	0	-100
1	-28	196	77029836	-10	-42	-29	49	-2	10	0	-19	-4	-28	96	0	-100
1	-28	196	77031840	-10	-46	-28	51	-1	9	0	-20	5	-28	96	0	-100
1	-28	196	77033844	-12	-55	-33	54	-2	11	0	-22	16	-28	96	0	-100
1	-28	196	77035844	-10	-50	-32	56	-3	11	0	-25	27	-28	96	0	-100
1	-28	196	77037844	-10	-53	-37	59	-2	11	0	-27	38	-28	96	0	-100
1	-28	196	77039844	-11	-64	-36	61	-3	12	0	-30	50	-28	96	0	-100
1	-28	196	77041848	-10	-56	-39	64	-3	12	0	-33	62	-28	96	0	-100
1	-28	196	77043848	-9	-60	-45	74	-3	14	0	-36	76	-28	96	0	-100
1	-28	196	77045828	-10	-70	-42	67	-4	14	0	-40	90	-28	96	0	-100
1	-28	196	77047832	-7	-64	-43	71	-3	13	0	-43	103	-28	96	0	-100
1	-28	196	77049832	-8	-66	-45	72	-4	14	0	-47	117	-28	96	0	-100
1	-28	196	77051824	-8	-76	-45	75	-4	15	0	-51	132	-28	96	0	-100
1	-28	196	77053820	-7	-70	-47	75	-4	14	0	-55	146	-28	96	0	-100
1	-28	196	77055824	-6	-70	-48	77	-4	15	0	-59	161	-28	96	0	-100
1	-28	196	77057820	-6	-83	-50	79	-4	16	0	-63	177	-28	96	0	-100
1	-28	196	77059824	-5	-72	-50	79	-5	15	0	-68	192	-28	96	0	-100
1	-28	196	77061828	-4	-74	-50	81	-4	16	0	-72	208	-28	96	0	-100
1	-28	196	77063828	-5	-86	-57	90	-5	18	0	-77	226	-28	96	0	-100
1	-28	196	77065832	-4	-75	-51	81	-5	15	0	-82	241	-28	96	0	-100
1	-28	196	77067832	-2	-76	-52	83	-5	16	0	-87	257	-28	96	0	-100
1	-28	196	77069840	-4	-87	-51	81	-5	17	0	-92	274	-28	96	0	-100
1	-28	196	77071828	-2	-76	-50	81	-5	16	0	-97	290	-28	96	0	-100
1	-28	196	77073832	-2	-76	-50	81	-4	15	0	-101	305	-28	96	0	-100
1	-28	196	77075840	-2	-85	-49	80	-5	17	0	-106	322	-28	96	0	-100
1	-28	196	77077832	-1	-75	-47	79	-5	15	0	-111	337	-28	96	0	-100
1	-28	196	77079824	-3	-74	-46	79	-4	15	0	-115	352	-28	96	0	-100
1	-28	196	77081828	-1	-82	-44	76	-4	16	0	-119	368	-28	96	0	-100
1	-28	196	77083832	-1	-72	-49	83	-5	16	0	-124	384	-28	96	0	-100
1	-28	196	77085828	-3	-68	-41	72	-4	14	0	-128	398	-28	96	0	-100
1	-28	196	77087816	-1	-78	-39	70	-4	15	0	-132	413	-28	96	0	-100
1	-28	196	77089824	-1	-65	-36	68	-3	13	0	-135	426	-28	96	0	-100
1	-28	196	77091820	-3	-64	-34	63	-3	13	0	-138	439	-28	96	0	-100
1	-28	196	77093824	-1	-68	-32	63	-3	13	0	-141	452	-28	96	0	-100
1	-28	196	77095816	-4	-59	-30	59	-3	11	0	-144	463	-28	96	0	-100
1	-28	196	77097816	-2	-55	-28	56	-3	12	0	-147	475	-28	96	0	-100
1	-28	196	77099824	-4	-60	-26	54	-2	11	0	-149	486	-28	96	0	-100
1	-28	196	77101820	-3	-49	-24	48	-2	10	0	-151	496	-28	96	0	-100
1	-28	196	77103812	-3	-47	-24	53	-2	10	0	-153	506	-28	96	0	-100
1	-28	196	77105820	-5	-50	-18	44	-1	9	0	-154	515	-28	96	0	-100
1	-28	196	77107820	-4	-42	-18	40	-2	8	0	-156	523	-28	96	0	-100
1	-28	196	77109816	-5	-42	-16	36	-1	8	0	-157	531	-28	96	0	-100
1	-28	196	77111816	-5	-35	-14	35	-1	7	0	-158	538	-28	96	0	-100
1	-28	196	77113808	-5	-33	-11	30	0	6	0	-158	544	-28	96	0	-100
1	-28	196	77115820	-5	-33	-11	29	-1	7	0	-159	551	-28	96	0	-100
1	-28	196	77117804	-5	-27	-9	25	0	5	0	-159	556	-28	96	0	-100
1	-28	196	77119820	-5	-23	-8	22	-1	4	0	-160	560	-28	96	0	-100
1	-28	196	77121780	-6	-25	-6	20	0	5	0	-160	565	-28	96	0	-100
1	-28	196	77123776	-5	-19	-5	18	0	3	0	-160	568	-28	96	0	-100
1	-28	196	77125796	-4	-16	-5	17	0	4	0	-160	572	-28	96	0	-100
1	-28	196	77127796	-6	-17	-2	13	0	3	0	-160	575	-28	96	0	-100
1	-28	196	77129792	-4	-12	-3	11	0	2	0	-160	577	-28	96	0	-100
1	-28	196	77131788	-5	-11	-2	9	0	2	0	-160	579	-28	96	0	-100
1	-28	196	77133792	-5	-10	-2	8	0	2	0	-160	581	-28	96	0	-100
1	-28	196	77135808	-4	-8	0	7	1	1	0	-159	582	-28	96	0	-100
1	-28	196	77137792	-4	-6	0	5	0	1	0	-159	583	-28	96	0	-100
1	-28	196	77139796	-5	-6	0	3	1	1	0	-158	584	-28	96	0	-100
1	-28	196	77141776	-3	-4	0	3	0	1	0	-158	585	-28	96	0	-100
1	-28	196	77143780	-4	-3	0	2	0	1	0	-158	586	-28	96	0	-100
1	-28	196	77145784	-4	-2	1	2	1	0	0	-157	586	-28	96	0	-100
1	-28	196	77147768	-4	-3	1	1	0	0	0	-157	586	-28	96	0	-100
1	-28	196	77149768	-2	0	1	0	1	0	0	-156	586	-28	96	0	-100
1	-28	196	77151720	NA	NA	NA	NA	NA	NA	NA	-156	586	-28	96	0	-100
1	-28	196	77153756	NA	NA	1	0	0	0	0	-156	586	-28	96	0	-100
1	-28	196	77155732	NA	NA	2	0	0	0	0	-156	586	-28	96	0	-100
1	-28	196	77157708	NA	NA	NA	NA	NA	NA	NA	-156	586	-28	96	0	-100
1	-28	196	77159756	NA	NA	1	0	0	0	0	-156	586	-28	96	0	-100
1	-28	196	77161740	NA	NA	NA	NA	NA	NA	NA	-156	586	-28	96	0	-100
1	-28	196	77163788	NA	NA	1	0	0	0	0	-156	586	-28	96	0	-100
1	-28	196	77165764	NA	NA	NA	NA	NA	NA	NA	-156	586	-28	96	0	-100
1	-28	196	77171820	NA	NA	1	0	0	0	0	-156	586	-28	96	0	-100
1	-28	196	77173796	NA	NA	NA	NA	NA	NA	NA	-156	586	-28	96	0	-100
1	-28	196	77207868	NA	NA	2	0	1	0	0	-155	586	-28	96	0	-100
1	-28	196	77209796	NA	NA	NA	NA	NA	NA	NA	-155	586	-28	96	0	-100
1	-28	196	77213856	NA	NA	1	0	0	0	0	-155	586	-28	96	0	-100
1	-28	196	77215852	NA	NA	1	0	0	0	0	-155	586	-28	96	0	-100
1	-28	196	77217872	NA	NA	1	-2	0	0	0	-155	586	-28	96	0	-100
1	-28	196	77219856	NA	NA	2	0	0	0	0	-155	586	-28	96	0	-100
1	-28	196	77221872	NA	NA	2	-1	0	0	0	-155	586	-28	96	0	-100
1	-28	196	77223884	NA	NA	4	-1	1	0	0	-154	586	-28	96	0	-100
1	-28	196	77225880	NA	NA	2	-1	0	0	0	-154	586	-28	96	0	-100
1	-28	196	77227880	NA	NA	4	-2	0	0	0	-154	586	-28	96	0	-100
1	-28	196	77229864	NA	NA	5	-1	1	0	0	-153	586	-28	96	0	-100
1	-28	196	77231872	NA	NA	4	-2	0	0	0	-153	586	-28	96	0	-100
1	-28	196	77233872	NA	NA	5	-3	1	0	0	-152	586	-28	96	0	-100
1	-28	196	77235868	NA	NA	6	-2	0	0	0	-152	586	-28	96	0	-100
1	-28	196	77237888	NA	NA	5	-3	1	-1	0	-151	585	-28	96	0	-100
1	-28	196	77239872	NA	NA	5	-2	0	0	0	-151	585	-28	96	0	-100
1	-28	196	77241880	NA	NA	6	-3	1	0	0	-150	585	-28	96	0	-100
1	-28	196	77243872	NA	NA	7	-4	1	0	0	-149	585	-28	96	0	-100
1	-28	196	77245876	NA	NA	6	-2	0	-1	0	-149	584	-28	96	0	-100
1	-28	196	77247880	NA	NA	5	-4	1	0	0	-148	584	-28	96	0	-100
1	-28	196	77249856	NA	NA	6	-4	0	0	0	-148	584	-28	96	0	-100
1	-28	196	77251892	NA	NA	6	-2	1	-1	0	-147	583	-28	96	0	-100
1	-28	196	77253860	NA	NA	5	-4	0	0	0	-147	583	-28	96	0	-100
1	-28	196	77255880	NA	NA	5	-4	1	0	0	-146	583	-28	96	0	-100
1	-28	196	77257872	NA	NA	5	-3	0	-1	0	-146	582	-28	96	0	-100
1	-28	196	77259872	-2	2	5	-4	1	0	0	-145	582	-28	96	0	-100
1	-28	196	77261880	-3	4	5	-4	1	-1	0	-144	581	-28	96	0	-100
1	-28	196	77263880	-2	2	5	-4	1	-1	0	-143	580	-28	96	0	-100
1	-28	196	77265860	-2	3	5	-3	0	0	0	-143	580	-28	96	0	-100
1	-28	196	77267872	-1	0	5	-4	1	-1	0	-142	579	-28	96	0	-100
1	-28	196	77269840	0	0	5	-4	0	0	0	-142	579	-28	96	0	-100
1	-28	196	77271876	2	-2	5	-4	1	0	0	-141	579	-28	96	0	-100
1	-28	196	77273868	1	-1	5	-3	0	-1	0	-141	578	-28	96	0	-100
1	-28	196	77275852	2	0	7	-5	1	0	0	-140	578	-28	96	0	-100
1	-28	196	77277864	2	-1	5	-4	0	0	0	-140	578	-28	96	0	-100
1	-28	196	77279872	2	0	6	-5	0	-1	0	-140	577	-28	96	0	-100
1	-28	196	77281856	3	0	6	-4	1	0	0	-139	577	-28	96	0	-100
1	-28	196	77283856	2	0	5	-5	0	-1	0	-139	576	-28	96	0	-100
1	-28	196	77285848	1	0	6	-5	0	0	0	-139	576	-28	96	0	-100
1	-28	196	77287872	0	5	7	-4	1	-1	0	-138	575	-28	96	0	-100
1	-28	196	77289880	0	4	6	-5	1	-1	0	-137	574	-28	96	0	-100
1	-28	196	77291872	-1	5	6	-5	0	-1	0	-137	573	-28	96	0	-100
1	-28	196	77293884	0	4	6	-5	1	-1	0	-136	572	-28	96	0	-100
1	-28	196	77295880	-1	3	8	-5	1	-1	0	-135	571	-28	96	0	-100
1	-28	196	77297872	-2	4	6	-3	1	0	0	-134	571	-28	96	0	-100
1	-28	196	77299860	-1	4	6	-4	0	-1	0	-134	570	-28	96	0	-100
1	-28	196	77301880	0	4	7	-4	1	-1	0	-133	569	-28	96	0	-100
1	-28	196	77303880	-1	2	5	-4	1	-1	0	-132	568	-28	96	0	-100
1	-28	196	77305840	0	3	5	-3	0	0	0	-132	568	-28	96	0	-100
1	-28	196	77307868	-1	2	5	-3	1	-1	0	-131	567	-28	96	0	-100
1	-28	196	77309844	0	1	3	-4	0	0	0	-131	567	-28	96	0	-100
1	-28	196	77311868	0	2	4	-2	0	-1	0	-131	566	-28	96	0	-100
1	-28	196	77313868	0	1	4	-1	1	0	0	-130	566	-28	96	0	-100
1	-28	196	77315844	0	1	4	-3	0	0	0	-130	566	-28	96	0	-100
1	-28	196	77317844	0	1	2	-1	0	0	0	-130	566	-28	96	0	-100
1	-28	196	77319860	0	0	1	-1	1	-1	0	-129	565	-28	96	0	-100
1	-28	196	77321836	0	0	3	-2	0	0	0	-129	565	-28	96	0	-100
1	-28	196	77323844	0	0	1	-1	0	0	0	-129	565	-28	96	0	-100
1	-28	196	77325808	0	0	1	0	0	0	0	-129	565	-28	96	0	-100
1	-28	196	77327832	0	0	2	-1	0	0	0	-129	565	-28	96	0	-100
1	-28	196	77331776	0	0	0	0	0	0	1	-129	565	-28	96	0	-100
2	-28	196	77333804	0	0	1	0	0	0	1	-28	96	-28	96	0	-100
2	82	-180	77337808	1	0	0	0	0	0	1	-28	96	54	-84	-28	96
2	82	-180	77399868	-1	0	0	-1	0	0	1	-28	96	54	-84	-28	96
2	82	-180	77401804	0	0	0	0	0	0	0	-28	96	54	-84	-28	96
2	82	-180	77403852	-2	0	0	0	1	0	0	-27	96	54	-84	-28	96
2	82	-180	77405864	-1	2	0	0	0	0	0	-27	96	54	-84	-28	96
2	82	-180	77407868	-1	0	0	-2	0	0	0	-27	96	54	-84	-28	96
2	82	-180	77409848	-1	0	0	0	0	0	0	-27	96	54	-84	-28	96
2	82	-180	77411880	-3	1	0	0	0	-1	0	-27	95	54	-84	-28	96
2	82	-180	77413864	-2	1	0	-1	0	0	0	-27	95	54	-84	-28	96
2	82	-180	77415860	-4	3	0	-1	1	0	0	-26	95	54	-84	-28	96
2	82	-180	77417876	-3	2	1	-3	0	-1	0	-26	94	54	-84	-28	96
2	82	-180	77419868	-3	4	1	-2	1	0	0	-25	94	54	-84	-28	96
2	82	-180	77421872	-4	4	3	-3	0	-1	0	-25	93	54	-84	-28	96
2	82	-180	77423896	-4	5	2	-3	1	-1	0	-24	92	54	-84	-28	96
2	82	-180	77425896	-4	6	3	-4	1	-1	0	-23	91	54	-84	-28	96
2	82	-180	77427884	-5	7	4	-5	0	-1	0	-23	90	54	-84	-28	96
2	82	-180	77429896	-3	8	3	-5	1	-1	0	-22	89	54	-84	-28	96
2	82	-180	77431896	-5	9	5	-6	1	-2	0	-21	87	54	-84	-28	96
2	82	-180	77433896	-5	8	5	-7	1	-1	0	-20	86	54	-84	-28	96
2	82	-180	77435892	-7	9	5	-7	1	-2	0	-19	84	54	-84	-28	96
2	82	-180	77437892	-5	9	7	-8	1	-2	0	-18	82	54	-84	-28	96
2	82	-180	77439896	-6	10	6	-7	2	-1	0	-16	81	54	-84	-28	96
2	82	-180	77441892	-6	9	6	-9	1	-2	0	-15	79	54	-84	-28	96
2	82	-180	77443888	-6	8	6	-10	1	-2	0	-14	77	54	-84	-28	96
2	82	-180	77445892	-7	9	8	-9	2	-2	0	-12	75	54	-84	-28	96
2	82	-180	77447892	-6	10	6	-10	1	-2	0	-11	73	54	-84	-28	96
2	82	-180	77449892	-7	9	8	-10	1	-2	0	-10	71	54	-84	-28	96
2	82	-180	77451892	-7	10	8	-10	2	-2	0	-8	69	54	-84	-28	96
2	82	-180	77453892	-6	9	8	-11	1	-2	0	-7	67	54	-84	-28	96
2	82	-180	77455892	-6	10	7	-10	1	-2	0	-6	65	54	-84	-28	96
2	82	-180	77457896	-6	10	8	-10	2	-2	0	-4	63	54	-84	-28	96
2	82	-180	77459892	-7	10	9	-10	1	-2	0	-3	61	54	-84	-28	96
2	82	-180	77461904	-5	11	7	-11	2	-2	0	-1	59	54	-84	-28	96
2	82	-180	77463904	-5	11	9	-11	1	-2	0	0	57	54	-84	-28	96
2	82	-180	77465904	-6	13	10	-12	2	-2	0	2	55	54	-84	-28	96
2	82	-180	77467908	-5	12	9	-11	1	-3	0	3	52	54	-84	-28	96
2	82	-180	77469908	-4	13	10	-12	1	-2	0	4	50	54	-84	-28	96
2	82	-180	77471900	-5	13	11	-15	2	-3	0	6	47	54	-84	-28	96
2	82	-180	77473908	-3	15	10	-14	1	-3	0	7	44	54	-84	-28	96
2	82	-180	77475904	-4	15	12	-14	2	-3	0	9	41	54	-84	-28	96
2	82	-180	77477912	-4	15	13	-15	2	-3	0	11	38	54	-84	-28	96
2	82	-180	77479904	-4	18	12	-15	1	-3	0	12	35	54	-84	-28	96
2	82	-180	77481896	-3	17	14	-16	2	-3	0	14	32	54	-84	-28	96
2	82	-180	77483900	-5	20	15	-18	2	-4	0	16	28	54	-84	-28	96
2	82	-180	77485908	-4	19	15	-17	2	-4	0	18	24	54	-84	-28	96
2	82	-180	77487888	-1	6	16	-19	2	-2	0	20	22	54	-84	-28	96
2	82	-180	77489892	0	3	17	-20	1	-3	0	21	19	54	-84	-28	96
2	82	-180	77491892	0	5	20	-24	2	-3	0	23	16	54	-84	-28	96
2	82	-180	77493896	-2	7	18	-22	2	-2	0	25	14	54	-84	-28	96
2	82	-180	77495896	-1	9	19	-23	2	-4	0	27	10	54	-84	-28	96
2	82	-180	77497892	-1	14	20	-25	2	-4	0	29	6	54	-84	-28	96
2	82	-180	77499896	-3	15	23	-26	3	-4	0	32	2	54	-84	-28	96
2	82	-180	77501900	-3	20	22	-27	2	-4	0	34	-2	54	-84	-28	96
2	82	-180	77503908	-4	20	24	-29	3	-5	0	37	-7	54	-84	-28	96
2	82	-180	77505908	-5	27	25	-30	3	-6	0	40	-13	54	-84	-28	96
2	82	-180	77507900	-5	28	26	-33	3	-6	0	43	-19	54	-84	-28	96
2	82	-180	77509896	-6	32	29	-32	4	-6	0	47	-25	54	-84	-28	96
2	82	-180	77511892	-7	34	32	-39	4	-8	0	51	-33	54	-84	-28	96
2	82	-180	77513896	-7	39	32	-36	4	-7	0	55	-40	54	-84	-28	96
2	82	-180	77515896	-6	37	32	-38	3	-8	0	58	-48	54	-84	-28	96
2	82	-180	77517892	-8	42	34	-38	5	-8	0	63	-56	54	-84	-28	96
2	82	-180	77519880	-6	38	35	-40	4	-8	0	67	-64	54	-84	-28	96
2	82	-180	77521876	-8	44	35	-42	4	-8	0	71	-72	54	-84	-28	96
2	82	-180	77523880	-6	40	37	-42	4	-8	0	75	-80	54	-84	-28	96
2	82	-180	77525884	-6	46	38	-44	5	-9	0	80	-89	54	-84	-28	96
2	82	-180	77527888	-5	42	40	-44	4	-9	0	84	-98	54	-84	-28	96
2	82	-180	77529888	-4	47	39	-45	5	-9	0	89	-107	54	-84	-28	96
2	82	-180	77531884	-4	43	46	-51	5	-10	0	94	-117	54	-84	-28	96
2	82	-180	77533892	-3	47	40	-46	4	-9	0	98	-126	54	-84	-28	96
2	82	-180	77535896	-3	44	41	-48	4	-9	0	102	-135	54	-84	-28	96
2	82	-180	77537900	-1	49	40	-47	4	-10	0	106	-145	54	-84	-28	96
2	82	-180	77539896	-1	43	41	-48	5	-9	0	111	-154	54	-84	-28	96
2	82	-180	77541900	-2	49	40	-47	4	-9	0	115	-163	54	-84	-28	96
2	82	-180	77543908	0	45	40	-48	4	-10	0	119	-173	54	-84	-28	96
2	82	-180	77545912	0	40	40	-48	4	-8	0	123	-181	54	-84	-28	96
2	82	-180	77547924	0	36	45	-54	4	-9	0	127	-190	54	-84	-28	96
2	82	-180	77549924	0	42	39	-48	4	-9	0	131	-199	54	-84	-28	96
2	82	-180	77551924	1	41	38	-46	4	-9	0	135	-208	54	-84	-28	96
2	82	-180	77553924	2	41	37	-47	3	-9	0	138	-217	54	-84	-28	96
2	82	-180	77555920	1	36	36	-47	4	-8	0	142	-225	54	-84	-28	96
2	82	-180	77557924	3	42	37	-45	3	-9	0	145	-234	54	-84	-28	96
2	82	-180	77559916	2	40	35	-43	4	-8	0	149	-242	54	-84	-28	96
2	82	-180	77561912	3	35	33	-44	3	-8	0	152	-250	54	-84	-28	96
2	82	-180	77563912	2	38	33	-43	3	-8	0	155	-258	54	-84	-28	96
2	82	-180	77565904	3	38	32	-41	3	-8	0	158	-266	54	-84	-28	96
2	82	-180	77567904	2	37	30	-39	2	-8	0	160	-274	54	-84	-28	96
2	82	-180	77569908	3	33	33	-43	3	-7	0	163	-281	54	-84	-28	96
2	82	-180	77571900	2	35	27	-37	3	-8	0	166	-289	54	-84	-28	96
2	82	-180	77573900	3	34	27	-35	2	-6	0	168	-295	54	-84	-28	96
2	82	-180	77575900	4	32	25	-33	2	-7	0	170	-302	54	-84	-28	96
2	82	-180	77577900	2	28	23	-32	2	-6	0	172	-308	54	-84	-28	96
2	82	-180	77579900	3	28	23	-30	2	-6	0	174	-314	54	-84	-28	96
2	82	-180	77581892	3	28	21	-30	2	-6	0	176	-320	54	-84	-28	96
2	82	-180	77583892	4	26	20	-27	2	-5	0	178	-325	54	-84	-28	96
2	82	-180	77585892	3	23	19	-26	1	-5	0	179	-330	54	-84	-28	96
2	82	-180	77587892	5	25	19	-27	2	-5	0	181	-335	54	-84	-28	96
2	82	-180	77589904	3	22	18	-27	1	-5	0	182	-340	54	-84	-28	96
2	82	-180	77591900	5	23	17	-23	2	-4	0	184	-344	54	-84	-28	96
2	82	-180	77593900	4	20	15	-22	1	-5	0	185	-349	54	-84	-28	96
2	82	-180	77595904	5	20	15	-21	1	-4	0	186	-353	54	-84	-28	96
2	82	-180	77597904	5	20	15	-22	1	-4	0	187	-357	54	-84	-28	96
2	82	-180	77599896	6	20	13	-20	0	-4	0	187	-361	54	-84	-28	96
2	82	-180	77601908	5	17	14	-20	1	-4	0	188	-365	54	-84	-28	96
2	82	-180	77603904	5	15	13	-20	1	-3	0	189	-368	54	-84	-28	96
2	82	-180	77605904	5	14	12	-18	1	-3	0	190	-371	54	-84	-28	96
2	82	-180	77607900	5	17	14	-19	1	-4	0	191	-375	54	-84	-28	96
2	82	-180	77609896	5	14	14	-20	1	-3	0	192	-378	54	-84	-28	96
2	82	-180	77611880	5	15	12	-18	0	-4	0	192	-382	54	-84	-28	96
2	82	-180	77613896	7	16	13	-17	1	-3	0	193	-385	54	-84	-28	96
2	82	-180	77615892	5	14	12	-18	1	-3	0	194	-388	54	-84	-28	96
2	82	-180	77617880	5	15	11	-17	0	-3	0	194	-391	54	-84	-28	96
2	82	-180	77619888	6	16	13	-16	1	-4	0	195	-395	54	-84	-28	96
2	82	-180	77621872	5	14	11	-17	0	-3	0	195	-398	54	-84	-28	96
2	82	-180	77623888	5	14	13	-16	1	-3	0	196	-401	54	-84	-28	96
2	82	-180	77625888	6	16	12	-16	1	-3	0	197	-404	54	-84	-28	96
2	82	-180	77627876	5	14	11	-16	0	-3	0	197	-407	54	-84	-28	96
2	82	-180	77629888	5	14	14	-17	1	-3	0	198	-410	54	-84	-28	96
2	82	-180	77631888	5	16	13	-16	1	-3	0	199	-413	54	-84	-28	96
2	82	-180	77633888	5	14	11	-15	1	-3	0	200	-416	54	-84	-28	96
2	82	-180	77635884	4	13	12	-14	1	-3	0	201	-419	54	-84	-28	96
2	82	-180	77637868	5	15	12	-13	0	-3	0	201	-422	54	-84	-28	96
2	82	-180	77639876	4	14	12	-14	1	-2	0	202	-424	54	-84	-28	96
2	82	-180	77641872	3	13	11	-14	1	-3	0	203	-427	54	-84	-28	96
2	82	-180	77643876	4	13	12	-14	1	-3	0	204	-430	54	-84	-28	96
2	82	-180	77645868	4	13	11	-12	0	-2	0	204	-432	54	-84	-28	96
2	82	-180	77647880	2	12	11	-13	1	-3	0	205	-435	54	-84	-28	96
2	82	-180	77649872	4	13	10	-11	1	-2	0	206	-437	54	-84	-28	96
2	82	-180	77651876	3	11	13	-14	1	-3	0	207	-440	54	-84	-28	96
2	82	-180	77653876	2	11	10	-10	1	-2	0	208	-442	54	-84	-28	96
2	82	-180	77655864	3	12	8	-11	0	-2	0	208	-444	54	-84	-28	96
2	82	-180	77657864	1	10	10	-10	1	-2	0	209	-446	54	-84	-28	96
2	82	-180	77659864	2	10	9	-10	1	-2	0	210	-448	54	-84	-28	96
2	82	-180	77661856	2	10	8	-10	0	-2	0	210	-450	54	-84	-28	96
2	82	-180	77663872	1	8	8	-9	1	-2	0	211	-452	54	-84	-28	96
2	82	-180	77665880	2	10	8	-10	1	-2	0	212	-454	54	-84	-28	96
2	82	-180	77667864	2	9	7	-8	0	-1	0	212	-455	54	-84	-28	96
2	82	-180	77669868	1	8	9	-9	1	-2	0	213	-457	54	-84	-28	96
2	82	-180	77671856	1	8	6	-9	0	-2	0	213	-459	54	-84	-28	96
2	82	-180	77673876	1	9	8	-7	1	-1	0	214	-460	54	-84	-28	96
2	82	-180	77675864	2	8	6	-9	1	-2	0	215	-462	54	-84	-28	96
2	82	-180	77677860	1	7	6	-8	0	-2	0	215	-464	54	-84	-28	96
2	82	-180	77679868	1	8	7	-6	1	-1	0	216	-465	54	-84	-28	96
2	82	-180	77681864	0	6	6	-7	0	-1	0	216	-466	54	-84	-28	96
2	82	-180	77683872	1	6	6	-7	1	-2	0	217	-468	54	-84	-28	96
2	82	-180	77685860	0	6	5	-5	0	-1	0	217	-469	54	-84	-28	96
2	82	-180	77687868	0	5	5	-6	1	-1	0	218	-470	54	-84	-28	96
2	82	-180	77689832	2	7	5	-5	0	-1	0	218	-471	54	-84	-28	96
2	82	-180	77691840	0	3	4	-5	0	-1	0	218	-472	54	-84	-28	96
2	82	-180	77693856	0	4	5	-4	1	-1	0	219	-473	54	-84	-28	96
2	82	-180	77695832	0	4	2	-3	0	0	0	219	-473	54	-84	-28	96
2	82	-180	77697844	0	4	4	-3	1	-1	0	220	-474	54	-84	-28	96
2	82	-180	77699828	0	2	3	-2	0	0	0	220	-474	54	-84	-28	96
2	82	-180	77701840	0	3	2	-3	0	-1	0	220	-475	54	-84	-28	96
2	82	-180	77703844	0	1	1	-1	0	0	0	220	-475	54	-84	-28	96
2	82	-180	77705848	0	2	3	-1	0	-1	0	220	-476	54	-84	-28	96
2	82	-180	77707840	0	2	1	-2	1	0	0	221	-476	54	-84	-28	96
2	82	-180	77711828	0	1	1	-1	0	0	0	221	-476	54	-84	-28	96
2	82	-180	77713796	0	0	2	0	0	0	0	221	-476	54	-84	-28	96
2	82	-180	77719808	0	0	1	0	0	0	0	221	-476	54	-84	-28	96
2	82	-180	77725804	0	0	1	0	0	0	0	221	-476	54	-84	-28	96
2	82	-180	77727808	0	0	0	2	0	0	0	221	-476	54	-84	-28	96
2	82	-180	77731848	1	0	0	1	0	0	0	221	-476	54	-84	-28	96
2	82	-180	77733812	0	-2	1	1	0	0	0	221	-476	54	-84	-28	96
2	82	-180	77735804	0	-1	0	1	0	0	1	221	-476	54	-84	-28	96
3	82	-180	77737808	0	-1	0	2	0	0	1	54	-84	54	-84	-28	96
3	82	-180	77739816	0	-1	0	1	0	0	1	54	-84	54	-84	-28	96
3	-130	149	77741820	0	-2	0	1	0	1	1	54	-83	-76	65	54	-84
3	-130	149	77743816	0	-1	0	1	0	0	1	54	-83	-76	65	54	-84
3	-130	149	77745808	0	-1	0	3	0	0	1	54	-83	-76	65	54	-84
3	-130	149	77747824	0	-1	0	1	0	0	1	54	-83	-76	65	54	-84
3	-130	149	77749824	0	-3	0	1	0	1	1	54	-82	-76	65	54	-84
3	-130	149	77751804	0	-1	0	3	0	0	1	54	-82	-76	65	54	-84
3	-130	149	77753804	0	-1	0	1	0	0	1	54	-82	-76	65	54	-84
3	-130	149	77755812	0	-2	0	1	0	1	1	54	-81	-76	65	54	-84
3	-130	149	77757808	0	-1	0	2	0	0	1	54	-81	-76	65	54	-84
3	-130	149	77759800	0	-1	0	1	0	0	1	54	-81	-76	65	54	-84
3	-130	149	77761800	0	-1	0	1	0	0	1	54	-81	-76	65	54	-84
3	-130	149	77763808	0	-2	0	1	0	1	1	54	-80	-76	65	54	-84
3	-130	149	77765792	0	0	0	2	0	0	1	54	-80	-76	65	54	-84
3	-130	149	77767792	0	-1	0	1	0	0	1	54	-80	-76	65	54	-84
3	-130	149	77769800	0	-1	0	0	0	0	1	54	-80	-76	65	54	-84
3	-130	149	77771796	0	0	0	1	0	0	1	54	-80	-76	65	54	-84
3	-130	149	77773796	0	-1	0	0	0	0	1	54	-80	-76	65	54	-84
3	-130	149	77777804	0	-2	0	1	0	1	1	54	-79	-76	65	54	-84
3	-130	149	77783784	0	-1	0	2	0	0	1	54	-79	-76	65	54	-84
3	-130	149	77785772	0	0	0	1	0	0	1	54	-79	-76	65	54	-84
3	-130	149	77787816	0	-1	-1	0	0	0	1	54	-79	-76	65	54	-84
3	-130	149	77789784	0	-1	0	1	0	0	1	54	-79	-76	65	54	-84
3	-130	149	77791788	0	0	0	1	0	0	1	54	-79	-76	65	54	-84
3	-130	149	77793828	0	-2	-1	2	0	1	1	54	-78	-76	65	54	-84
3	-130	149	77795804	-2	-2	0	1	0	0	1	54	-78	-76	65	54	-84
3	-130	149	77797812	0	-1	-2	2	0	0	1	54	-78	-76	65	54	-84
3	-130	149	77799844	0	-2	-1	3	0	1	1	54	-77	-76	65	54	-84
3	-130	149	77801828	0	-2	-1	2	0	0	1	54	-77	-76	65	54	-84
3	-130	149	77803808	-1	-3	-1	3	0	1	1	54	-76	-76	65	54	-84
3	-130	149	77805824	0	-3	-2	4	0	1	1	54	-75	-76	65	54	-84
3	-130	149	77807812	0	-4	-1	2	0	0	1	54	-75	-76	65	54	-84
3	-130	149	77809828	-1	-3	-2	5	0	1	1	54	-74	-76	65	54	-84
3	-130	149	77811828	0	-5	-3	5	0	1	1	54	-73	-76	65	54	-84
3	-130	149	77813816	0	-5	-2	5	0	1	0	54	-72	-76	65	54	-84
3	-130	149	77815824	-1	-5	-4	6	-1	1	0	53	-71	-76	65	54	-84
3	-130	149	77817816	0	-5	-4	7	0	1	0	53	-70	-76	65	54	-84
3	-130	149	77819820	0	-7	-5	6	-1	2	0	52	-68	-76	65	54	-84
3	-130	149	77821808	0	-8	-5	9	0	1	0	52	-67	-76	65	54	-84
3	-130	149	77823808	-2	-7	-6	8	0	2	0	52	-65	-76	65	54	-84
3	-130	149	77825824	0	-10	-8	10	-1	2	0	51	-63	-76	65	54	-84
3	-130	149	77827820	0	-9	-8	10	-1	2	0	50	-61	-76	65	54	-84
3	-130	149	77829824	0	-10	-9	13	-1	2	0	49	-59	-76	65	54	-84
3	-130	149	77831824	-1	-14	-11	12	-1	3	0	48	-56	-76	65	54	-84
3	-130	149	77833824	0	-12	-15	17	-1	3	0	47	-53	-76	65	54	-84
3	-130	149	77835812	0	-14	-14	16	-2	3	0	45	-50	-76	65	54	-84
3	-130	149	77837816	0	-16	-16	16	-1	3	0	44	-47	-76	65	54	-84
3	-130	149	77839820	0	-16	-19	19	-2	3	0	42	-44	-76	65	54	-84
3	-130	149	77841824	-1	-18	-20	21	-2	4	0	40	-40	-76	65	54	-84
3	-130	149	77843820	0	-22	-23	21	-3	4	0	37	-36	-76	65	54	-84
3	-130	149	77845824	-1	-20	-23	24	-2	5	0	35	-31	-76	65	54	-84
3	-130	149	77847824	0	-24	-28	26	-3	5	0	32	-26	-76	65	54	-84
3	-130	149	77849828	-2	-28	-30	28	-2	5	0	30	-21	-76	65	54	-84
3	-130	149	77851824	-1	-26	-31	30	-3	6	0	27	-15	-76	65	54	-84
3	-130	149	77853820	-1	-29	-40	36	-4	7	0	23	-8	-76	65	54	-84
3	-130	149	77855816	-1	-35	-38	34	-4	6	0	19	-2	-76	65	54	-84
3	-130	149	77857816	-3	-31	-40	36	-4	7	0	15	5	-76	65	54	-84
3	-130	149	77859812	-1	-34	-43	38	-4	7	0	11	12	-76	65	54	-84
3	-130	149	77861812	-3	-41	-45	38	-4	8	0	7	20	-76	65	54	-84
3	-130	149	77863812	-2	-37	-48	42	-5	8	0	2	28	-76	65	54	-84
3	-130	149	77865808	-1	-39	-50	42	-5	8	0	-3	36	-76	65	54	-84
3	-130	149	77867800	-3	-48	-51	45	-4	10	0	-7	46	-76	65	54	-84
3	-130	149	77869796	-2	-42	-54	45	-6	8	0	-13	54	-76	65	54	-84
3	-130	149	77871808	-2	-44	-56	48	-5	9	0	-18	63	-76	65	54	-84
3	-130	149	77873808	-2	-52	-65	55	-6	11	0	-24	74	-76	65	54	-84
3	-130	149	77875800	-1	-48	-59	51	-6	10	0	-30	84	-76	65	54	-84
3	-130	149	77877804	0	-49	-60	51	-6	10	0	-36	94	-76	65	54	-84
3	-130	149	77879800	0	-56	-62	54	-6	11	0	-42	105	-76	65	54	-84
3	-130	149	77881796	0	-51	-63	52	-7	10	0	-49	115	-76	65	54	-84
3	-130	149	77883804	0	-50	-64	54	-6	11	0	-55	126	-76	65	54	-84
3	-130	149	77885804	4	-59	-63	54	-7	11	0	-62	137	-76	65	54	-84
3	-130	149	77887804	3	-50	-64	54	-6	10	0	-68	147	-76	65	54	-84
3	-130	149	77889804	4	-50	-65	52	-7	11	0	-75	158	-76	65	54	-84
3	-130	149	77891804	6	-57	-64	53	-7	11	0	-82	169	-76	65	54	-84
3	-130	149	77893804	7	-50	-72	58	-8	10	0	-90	179	-76	65	54	-84
3	-130	149	77895796	7	-49	-64	52	-7	11	0	-97	190	-76	65	54	-84
3	-130	149	77897800	10	-55	-63	50	-8	10	0	-105	200	-76	65	54	-84
3	-130	149	77899800	9	-46	-62	48	-7	9	0	-112	209	-76	65	54	-84
3	-130	149	77901800	11	-52	-61	47	-7	10	0	-119	219	-76	65	54	-84
3	-130	149	77903804	11	-43	-59	46	-7	9	0	-126	228	-76	65	54	-84
3	-130	149	77905808	12	-42	-59	42	-7	9	0	-133	237	-76	65	54	-84
3	-130	149	77907808	13	-45	-55	42	-7	8	0	-140	245	-76	65	54	-84
3	-130	149	77909800	13	-38	-55	37	-7	8	0	-147	253	-76	65	54	-84
3	-130	149	77911800	12	-35	-51	36	-6	7	0	-153	260	-76	65	54	-84
3	-130	149	77913796	15	-38	-56	38	-7	8	0	-160	268	-76	65	54	-84
3	-130	149	77915804	13	-31	-48	31	-6	6	0	-166	274	-76	65	54	-84
3	-130	149	77917804	12	-30	-45	30	-6	6	0	-172	280	-76	65	54	-84
3	-130	149	77919808	15	-31	-41	28	-5	6	0	-177	286	-76	65	54	-84
3	-130	149	77921808	13	-25	-40	25	-6	5	0	-183	291	-76	65	54	-84
3	-130	149	77923804	11	-24	-38	23	-5	4	0	-188	295	-76	65	54	-84
3	-130	149	77925816	15	-25	-36	23	-5	5	0	-193	300	-76	65	54	-84
3	-130	149	77927824	11	-21	-32	20	-4	4	0	-197	304	-76	65	54	-84
3	-130	149	77929824	13	-19	-32	20	-4	4	0	-201	308	-76	65	54	-84
3	-130	149	77931820	12	-20	-32	19	-5	4	0	-206	312	-76	65	54	-84
3	-130	149	77933820	12	-16	-26	16	-4	3	0	-210	315	-76	65	54	-84
3	-130	149	77935824	10	-15	-25	14	-3	3	0	-213	318	-76	65	54	-84
3	-130	149	77937820	11	-15	-23	13	-4	3	0	-217	321	-76	65	54	-84
3	-130	149	77939820	10	-14	-22	13	-3	3	0	-220	324	-76	65	54	-84
3	-130	149	77941816	9	-11	-19	12	-3	2	0	-223	326	-76	65	54	-84
3	-130	149	77943820	10	-13	-19	10	-2	2	0	-225	328	-76	65	54	-84
3	-130	149	77945816	7	-10	-16	10	-3	2	0	-228	330	-76	65	54	-84
3	-130	149	77947808	8	-10	-15	10	-2	2	0	-230	332	-76	65	54	-84
3	-130	149	77949816	8	-10	-15	9	-2	2	0	-232	334	-76	65	54	-84
3	-130	149	77951812	7	-9	-14	9	-2	2	0	-234	336	-76	65	54	-84
3	-130	149	77953812	6	-7	-11	7	-2	1	0	-236	337	-76	65	54	-84
3	-130	149	77955804	6	-8	-11	8	-2	2	0	-238	339	-76	65	54	-84
3	-130	149	77957804	5	-7	-10	6	-1	1	0	-239	340	-76	65	54	-84
3	-130	149	77959800	5	-6	-9	6	-2	1	0	-241	341	-76	65	54	-84
3	-130	149	77961800	5	-7	-8	7	-1	2	0	-242	343	-76	65	54	-84
3	-130	149	77963800	4	-6	-7	6	-1	1	0	-243	344	-76	65	54	-84
3	-130	149	77965804	4	-6	-6	5	-1	1	0	-244	345	-76	65	54	-84
3	-130	149	77967800	3	-6	-7	6	-1	1	0	-245	346	-76	65	54	-84
3	-130	149	77969808	3	-5	-5	5	-1	1	0	-246	347	-76	65	54	-84
3	-130	149	77971812	2	-5	-6	6	-1	1	0	-247	348	-76	65	54	-84
3	-130	149	77973808	3	-5	-5	5	-1	1	0	-248	349	-76	65	54	-84
3	-130	149	77975800	2	-5	-4	5	0	1	0	-248	350	-76	65	54	-84
3	-130	149	77977796	3	-7	-3	5	-1	2	0	-249	352	-76	65	54	-84
3	-130	149	77979788	2	-5	-4	5	0	1	0	-249	353	-76	65	54	-84
3	-130	149	77981792	3	-3	-4	5	-1	0	0	-250	353	-76	65	54	-84
3	-130	149	77983784	2	-7	-2	5	0	2	0	-250	355	-76	65	54	-84
3	-130	149	77985784	2	-5	-3	4	-1	1	0	-251	356	-76	65	54	-84
3	-130	149	77987780	2	-3	-4	5	-1	0	0	-252	356	-76	65	54	-84
3	-130	149	77989768	3	-7	-2	5	0	2	0	-252	358	-76	65	54	-84
3	-130	149	77991768	1	-3	-3	5	0	0	0	-252	358	-76	65	54	-84
3	-130	149	77993800	2	-5	-2	6	-1	1	0	-253	359	-76	65	54	-84
3	-130	149	77995788	3	-5	-1	4	0	1	0	-253	360	-76	65	54	-84
3	-130	149	77997788	2	-5	-3	5	-1	1	0	-254	361	-76	65	54	-84
3	-130	149	77999784	2	-4	-1	4	0	1	0	-254	362	-76	65	54	-84
3	-130	149	78001792	2	-5	-1	5	0	1	0	-254	363	-76	65	54	-84
3	-130	149	78003788	3	-5	-2	4	-1	1	0	-255	364	-76	65	54	-84
3	-130	149	78005788	2	-4	-1	3	0	1	0	-255	365	-76	65	54	-84
3	-130	149	78007780	1	-4	-1	4	0	1	0	-255	366	-76	65	54	-84
3	-130	149	78009788	3	-3	-1	4	-1	0	0	-256	366	-76	65	54	-84
3	-130	149	78011788	1	-4	-2	5	0	1	0	-256	367	-76	65	54	-84
3	-130	149	78013780	3	-5	0	4	0	1	0	-256	368	-76	65	54	-84
3	-130	149	78015796	1	-3	-1	2	-1	1	0	-257	369	-76	65	54	-84
3	-130	149	78017768	2	-3	0	4	0	0	1	-257	369	-76	65	54	-84
4	-130	149	78019784	2	-3	-1	2	0	1	1	-76	66	-76	65	54	-84
4	-130	149	78021772	1	-4	0	3	0	0	1	-76	66	-76	65	54	-84
4	-130	149	78023784	2	-2	0	2	0	1	1	-76	67	-76	65	54	-84
4	-130	149	78025788	2	-4	-1	3	-1	1	1	-77	68	-76	65	54	-84
4	-130	149	78027768	1	-1	0	2	0	0	1	-77	68	-76	65	54	-84
4	167	-107	78029768	1	-3	-2	3	0	0	1	-77	68	91	-42	-76	65
4	167	-107	78031756	0	-2	0	2	0	1	1	-77	69	91	-42	-76	65
4	167	-107	78033760	1	-3	0	2	0	0	1	-77	69	91	-42	-76	65
4	167	-107	78035784	2	-1	0	2	0	1	1	-77	70	91	-42	-76	65
4	167	-107	78037764	0	-2	-1	1	0	0	1	-77	70	91	-42	-76	65
4	167	-107	78039772	1	-2	0	2	-1	0	1	-78	70	91	-42	-76	65
4	167	-107	78041724	0	-1	0	1	0	1	1	-78	71	91	-42	-76	65
4	167	-107	78043764	1	-1	0	1	0	0	1	-78	71	91	-42	-76	65
4	167	-107	78045740	0	-1	0	1	0	0	1	-78	71	91	-42	-76	65
4	167	-107	78047740	0	-2	0	0	0	0	1	-78	71	91	-42	-76	65
4	167	-107	78049764	1	0	-1	2	0	0	1	-78	71	91	-42	-76	65
4	167	-107	78051736	0	-1	0	0	0	0	1	-78	71	91	-42	-76	65
4	167	-107	78053748	0	0	0	1	0	1	1	-78	72	91	-42	-76	65
4	167	-107	78059736	0	-1	0	0	0	0	1	-78	72	91	-42	-76	65
4	167	-107	78069728	0	0	-1	0	0	0	1	-78	72	91	-42	-76	65
4	167	-107	78085740	0	0	-2	0	0	0	0	-78	72	91	-42	-76	65
4	167	-107	78089720	0	1	0	0	0	0	0	-78	72	91	-42	-76	65
4	167	-107	78095740	0	2	0	-2	0	0	0	-78	72	91	-42	-76	65
4	167	-107	78097772	-1	1	0	0	0	0	0	-78	72	91	-42	-76	65
4	167	-107	78099784	-1	0	0	-1	0	0	0	-78	72	91	-42	-76	65
4	167	-107	78101780	-2	1	1	-1	0	0	0	-78	72	91	-42	-76	65
4	167	-107	78103776	-2	3	1	-3	0	-1	0	-78	71	91	-42	-76	65
4	167	-107	78105776	-1	1	4	-1	0	0	0	-78	71	91	-42	-76	65
4	167	-107	78107796	-4	2	3	-4	1	-1	0	-77	70	91	-42	-76	65
4	167	-107	78109796	-3	3	4	-2	1	0	0	-76	70	91	-42	-76	65
4	167	-107	78111808	-3	4	8	-5	1	-1	0	-75	69	91	-42	-76	65
4	167	-107	78113808	-4	3	7	-4	1	-1	0	-74	68	91	-42	-76	65
4	167	-107	78115808	-5	4	9	-5	1	-1	0	-73	67	91	-42	-76	65
4	167	-107	78117812	-6	5	10	-6	2	-1	0	-71	66	91	-42	-76	65
4	167	-107	78119808	-7	5	12	-6	2	-1	0	-69	65	91	-42	-76	65
4	167	-107	78121804	-6	6	14	-7	2	-1	0	-67	64	91	-42	-76	65
4	167	-107	78123800	-7	8	15	-7	2	-2	0	-65	62	91	-42	-76	65
4	167	-107	78125800	-9	7	18	-9	3	-1	0	-62	61	91	-42	-76	65
4	167	-107	78127792	-9	8	18	-9	2	-2	0	-60	59	91	-42	-76	65
4	167	-107	78129792	-10	10	22	-8	4	-2	0	-56	57	91	-42	-76	65
4	167	-107	78131796	-10	9	26	-13	3	-2	0	-53	55	91	-42	-76	65
4	167	-107	78133800	-11	10	26	-11	4	-2	0	-49	53	91	-42	-76	65
4	167	-107	78135800	-13	12	28	-13	4	-3	0	-45	50	91	-42	-76	65
4	167	-107	78137800	-12	13	28	-13	4	-2	0	-41	48	91	-42	-76	65
4	167	-107	78139808	-14	12	32	-14	5	-3	0	-36	45	91	-42	-76	65
4	167	-107	78141808	-16	15	33	-15	4	-3	0	-32	42	91	-42	-76	65
4	167	-107	78143808	-15	15	35	-16	5	-3	0	-27	39	91	-42	-76	65
4	167	-107	78145808	-15	15	38	-18	6	-3	0	-21	36	91	-42	-76	65
4	167	-107	78147808	-20	19	41	-17	6	-4	0	-15	32	91	-42	-76	65
4	167	-107	78149812	-18	19	43	-20	6	-4	0	-9	28	91	-42	-76	65
4	167	-107	78151812	-18	18	51	-24	7	-4	0	-2	24	91	-42	-76	65
4	167	-107	78153812	-22	23	49	-21	7	-4	0	5	20	91	-42	-76	65
4	167	-107	78155808	-21	21	51	-24	7	-5	0	12	15	91	-42	-76	65
4	167	-107	78157804	-20	21	55	-25	8	-4	0	20	11	91	-42	-76	65
4	167	-107	78159804	-25	27	56	-26	8	-6	0	28	5	91	-42	-76	65
4	167	-107	78161800	-22	25	60	-28	8	-5	0	36	0	91	-42	-76	65
4	167	-107	78163796	-23	25	63	-29	9	-5	0	45	-5	91	-42	-76	65
4	167	-107	78165792	-26	31	65	-28	9	-6	0	54	-11	91	-42	-76	65
4	167	-107	78167788	-23	27	66	-32	9	-6	0	63	-17	91	-42	-76	65
4	167	-107	78169788	-23	29	69	-31	9	-6	0	72	-23	91	-42	-76	65
4	167	-107	78171784	-28	34	80	-37	11	-7	0	83	-30	91	-42	-76	65
4	167	-107	78173784	-24	31	72	-34	9	-7	0	92	-37	91	-42	-76	65
4	167	-107	78175784	-25	31	74	-35	10	-6	0	102	-43	91	-42	-76	65
4	167	-107	78177788	-27	38	75	-36	10	-8	0	112	-51	91	-42	-76	65
4	167	-107	78179796	-24	34	76	-37	10	-7	0	122	-58	91	-42	-76	65
4	167	-107	78181800	-24	33	76	-36	10	-7	0	132	-65	91	-42	-76	65
4	167	-107	78183808	-26	39	78	-37	11	-7	0	143	-72	91	-42	-76	65
4	167	-107	78185800	-24	35	77	-38	10	-8	0	153	-80	91	-42	-76	65
4	167	-107	78187804	-25	40	77	-37	10	-7	0	163	-87	91	-42	-76	65
4	167	-107	78189800	-22	36	77	-39	10	-8	0	173	-95	91	-42	-76	65
4	167	-107	78191800	-21	37	86	-43	11	-8	0	184	-103	91	-42	-76	65
4	167	-107	78193804	-24	41	75	-37	9	-8	0	193	-111	91	-42	-76	65
4	167	-107	78195804	-20	36	74	-38	10	-7	0	203	-118	91	-42	-76	65
4	167	-107	78197796	-19	36	74	-37	9	-7	0	212	-125	91	-42	-76	65
4	167	-107	78199788	-21	42	72	-38	9	-8	0	221	-133	91	-42	-76	65
4	167	-107	78201788	-18	36	70	-37	9	-8	0	230	-141	91	-42	-76	65
4	167	-107	78203788	-17	36	69	-36	9	-7	0	239	-148	91	-42	-76	65
4	167	-107	78205784	-19	40	68	-37	9	-8	0	248	-156	91	-42	-76	65
4	167	-107	78207772	-15	34	65	-35	8	-7	0	256	-163	91	-42	-76	65
4	167	-107	78209780	-14	34	71	-38	8	-7	0	264	-170	91	-42	-76	65
4	167	-107	78211784	-15	37	60	-33	8	-7	0	272	-177	91	-42	-76	65
4	167	-107	78213784	-12	33	59	-32	7	-6	0	279	-183	91	-42	-76	65
4	167	-107	78215788	-11	31	55	-33	6	-7	0	285	-190	91	-42	-76	65
4	167	-107	78217788	-12	35	52	-31	7	-6	0	292	-196	91	-42	-76	65
4	167	-107	78219792	-8	29	50	-30	5	-6	0	297	-202	91	-42	-76	65
4	167	-107	78221788	-8	28	46	-29	6	-6	0	303	-208	91	-42	-76	65
4	167	-107	78223796	-7	32	43	-27	5	-6	0	308	-214	91	-42	-76	65
4	167	-107	78225788	-7	26	40	-28	5	-5	0	313	-219	91	-42	-76	65
4	167	-107	78227788	-5	24	37	-25	4	-5	0	317	-224	91	-42	-76	65
4	167	-107	78229792	-5	26	38	-26	4	-5	0	321	-229	91	-42	-76	65
4	167	-107	78231800	-2	21	30	-21	3	-4	0	324	-233	91	-42	-76	65
4	167	-107	78233796	-4	20	26	-20	3	-4	0	327	-237	91	-42	-76	65
4	167	-107	78235800	-2	21	24	-19	3	-4	0	330	-241	91	-42	-76	65
4	167	-107	78237792	-2	18	21	-18	2	-4	0	332	-245	91	-42	-76	65
4	167	-107	78239796	-1	15	19	-15	2	-3	0	334	-248	91	-42	-76	65
4	167	-107	78241804	-1	16	16	-15	2	-3	0	336	-251	91	-42	-76	65
4	167	-107	78243792	0	13	13	-11	1	-3	0	337	-254	91	-42	-76	65
4	167	-107	78245792	0	12	11	-11	1	-2	0	338	-256	91	-42	-76	65
4	167	-107	78247792	0	11	10	-10	1	-2	0	339	-258	91	-42	-76	65
4	167	-107	78249792	0	9	7	-9	1	-2	0	340	-260	91	-42	-76	65
4	167	-107	78251792	0	8	7	-7	1	-1	0	341	-261	91	-42	-76	65
4	167	-107	78253780	0	7	5	-5	0	-1	0	341	-262	91	-42	-76	65
4	167	-107	78255776	0	5	3	-5	0	-1	0	341	-263	91	-42	-76	65
4	167	-107	78257784	1	5	3	-5	1	-1	0	342	-264	91	-42	-76	65
4	167	-107	78259744	2	5	1	-4	0	-1	0	342	-265	91	-42	-76	65
4	167	-107	78261772	0	4	1	-3	0	-1	0	342	-266	91	-42	-76	65
4	167	-107	78263768	1	4	2	-3	0	-1	0	342	-267	91	-42	-76	65
4	167	-107	78265728	1	3	1	-3	0	0	0	342	-267	91	-42	-76	65
4	167	-107	78267756	1	3	1	-2	0	-1	0	342	-268	91	-42	-76	65
4	167	-107	78269768	2	4	1	-4	0	-1	0	342	-269	91	-42	-76	65
4	167	-107	78271756	1	2	2	-3	0	0	0	342	-269	91	-42	-76	65
4	167	-107	78273744	1	4	1	-3	0	-1	0	342	-270	91	-42	-76	65
4	167	-107	78275744	1	2	1	-3	0	0	0	342	-270	91	-42	-76	65
4	167	-107	78277768	2	4	3	-4	0	-1	0	342	-271	91	-42	-76	65
4	167	-107	78279776	1	4	2	-3	0	-1	0	342	-272	91	-42	-76	65
4	167	-107	78281776	1	4	3	-5	0	-1	0	342	-273	91	-42	-76	65
4	167	-107	78283752	1	3	2	-4	0	0	0	342	-273	91	-42	-76	65
4	167	-107	78285768	2	5	4	-4	0	-1	0	342	-274	91	-42	-76	65
4	167	-107	78287764	1	5	4	-5	1	-1	0	343	-275	91	-42	-76	65
4	167	-107	78289760	0	4	5	-5	0	-1	0	343	-276	91	-42	-76	65
4	167	-107	78291772	1	5	6	-5	1	-1	0	344	-277	91	-42	-76	65
4	167	-107	78293748	1	6	5	-5	0	-1	0	344	-278	91	-42	-76	65
4	167	-107	78295764	0	5	6	-6	1	-1	0	345	-279	91	-42	-76	65
4	167	-107	78297752	0	5	6	-5	0	-1	0	345	-280	91	-42	-76	65
4	167	-107	78299756	0	7	7	-6	1	-2	0	346	-282	91	-42	-76	65
4	167	-107	78301744	0	6	7	-7	1	-1	0	347	-283	91	-42	-76	65
4	167	-107	78303748	0	5	8	-6	1	-1	0	348	-284	91	-42	-76	65
4	167	-107	78305728	0	7	7	-5	0	-1	0	348	-285	91	-42	-76	65
4	167	-107	78307752	0	5	8	-6	1	-1	0	349	-286	91	-42	-76	65
4	167	-107	78309760	0	7	8	-8	1	-2	0	350	-288	91	-42	-76	65
4	167	-107	78311760	-1	6	9	-6	1	-1	0	351	-289	91	-42	-76	65
4	167	-107	78313752	-1	6	9	-6	1	-1	0	352	-290	91	-42	-76	65
4	167	-107	78315752	-2	6	7	-6	1	-2	0	353	-292	91	-42	-76	65
4	167	-107	78317756	-1	7	8	-7	1	-1	0	354	-293	91	-42	-76	65
4	167	-107	78319752	-1	6	9	-6	1	-1	0	355	-294	91	-42	-76	65
4	167	-107	78321744	-1	5	7	-6	0	-1	0	355	-295	91	-42	-76	65
4	167	-107	78323752	-3	6	8	-6	2	-1	0	357	-296	91	-42	-76	65
4	167	-107	78325736	-1	5	7	-5	0	-1	0	357	-297	91	-42	-76	65
4	167	-107	78327752	-3	5	6	-5	1	-1	0	358	-298	91	-42	-76	65
4	167	-107	78329752	-1	5	7	-5	1	-1	0	359	-299	91	-42	-76	65
4	167	-107	78331752	-2	5	7	-5	1	-1	0	360	-300	91	-42	-76	65
4	167	-107	78333760	-2	4	5	-4	1	-1	0	361	-301	91	-42	-76	65
4	167	-107	78335748	-1	4	5	-4	0	-1	0	361	-302	91	-42	-76	65
4	167	-107	78337752	-2	3	4	-2	1	-1	0	362	-303	91	-42	-76	65
4	167	-107	78339740	-2	3	4	-4	0	0	0	362	-303	91	-42	-76	65
4	167	-107	78341748	-1	2	3	-3	1	-1	0	363	-304	91	-42	-76	65
4	167	-107	78343728	-1	3	3	-1	0	0	0	363	-304	91	-42	-76	65
4	167	-107	78345736	0	2	2	-1	0	0	1	363	-304	91	-42	-76	65
5	167	-107	78347764	-1	2	3	-1	1	-1	1	92	-43	91	-42	-76	65
5	167	-107	78349752	0	1	1	-2	0	0	1	92	-43	91	-42	-76	65
5	167	-107	78351756	-2	0	1	-1	0	0	1	92	-43	91	-42	-76	65
5	167	-107	78353756	0	1	2	-1	0	0	1	92	-43	91	-42	-76	65
5	167	-107	78355744	-1	0	1	0	1	0	1	93	-43	91	-42	-76	65
5	167	-107	78359724	0	0	1	0	0	0	1	93	-43	91	-42	-76	65
5	-190	56	78365720	0	0	1	0	0	0	1	93	-43	-99	14	91	-42
5	-190	56	78375724	0	0	2	0	0	0	1	93	-43	-99	14	91	-42
5	-190	56	78407728	0	0	0	1	0	0	1	93	-43	-99	14	91	-42
5	-190	56	78417716	0	0	-1	0	0	0	1	93	-43	-99	14	91	-42
5	-190	56	78419716	0	0	0	2	0	0	1	93	-43	-99	14	91	-42
5	-190	56	78423720	0	0	-1	0	0	0	1	93	-43	-99	14	91	-42
5	-190	56	78427756	0	-1	-1	1	0	0	1	93	-43	-99	14	91	-42
5	-190	56	78429756	0	-2	-1	2	0	0	1	93	-43	-99	14	91	-42
5	-190	56	78431760	2	-1	-3	2	0	0	1	93	-43	-99	14	91	-42
5	-190	56	78433748	1	-2	-2	3	0	0	1	93	-43	-99	14	91	-42
5	-190	56	78435776	1	-3	-3	3	-1	1	1	92	-42	-99	14	91	-42
5	-190	56	78437768	1	-4	-4	5	0	1	1	92	-41	-99	14	91	-42
5	-190	56	78439772	3	-5	-5	5	-1	1	1	91	-40	-99	14	91	-42
5	-190	56	78441776	2	-5	-5	5	-1	1	1	90	-39	-99	14	91	-42
5	-190	56	78443776	4	-5	-7	6	-1	1	1	89	-38	-99	14	91	-42
5	-190	56	78445764	4	-7	-8	8	-1	2	1	88	-36	-99	14	91	-42
5	-190	56	78447776	4	-6	-10	10	-1	1	0	87	-35	-99	14	91	-42
5	-190	56	78449776	5	-8	-11	8	-2	2	0	85	-33	-99	14	91	-42
5	-190	56	78451772	6	-10	-11	10	-2	2	0	83	-31	-99	14	91	-42
5	-190	56	78453768	5	-10	-15	12	-2	2	0	81	-29	-99	14	91	-42
5	-190	56	78455760	7	-11	-16	12	-2	2	0	79	-27	-99	14	91	-42
5	-190	56	78457752	8	-13	-18	14	-3	3	0	76	-24	-99	14	91	-42
5	-190	56	78459748	9	-12	-21	14	-3	3	0	73	-21	-99	14	91	-42
5	-190	56	78461752	8	-14	-23	15	-3	2	0	70	-19	-99	14	91	-42
5	-190	56	78463760	10	-16	-25	16	-3	4	0	67	-15	-99	14	91	-42
5	-190	56	78465764	10	-15	-27	16	-4	3	0	63	-12	-99	14	91	-42
5	-190	56	78467760	12	-16	-35	20	-5	3	0	58	-9	-99	14	91	-42
5	-190	56	78469756	12	-19	-35	18	-4	4	0	54	-5	-99	14	91	-42
5	-190	56	78471756	13	-16	-36	20	-5	4	0	49	-1	-99	14	91	-42
5	-190	56	78473752	12	-19	-42	18	-6	3	0	43	2	-99	14	91	-42
5	-190	56	78475752	16	-21	-43	22	-5	5	0	38	7	-99	14	91	-42
5	-190	56	78477748	14	-19	-47	21	-7	4	0	31	11	-99	14	91	-42
5	-190	56	78479752	19	-23	-51	22	-7	4	0	24	15	-99	14	91	-42
5	-190	56	78481744	16	-20	-54	23	-7	4	0	17	19	-99	14	91	-42
5	-190	56	78483752	18	-21	-56	24	-7	5	0	10	24	-99	14	91	-42
5	-190	56	78485748	21	-25	-60	23	-8	5	0	2	29	-99	14	91	-42
5	-190	56	78487748	20	-22	-64	25	-8	4	0	-6	33	-99	14	91	-42
5	-190	56	78489748	20	-23	-75	29	-10	6	0	-16	39	-99	14	91	-42
5	-190	56	78491752	25	-26	-70	26	-9	5	0	-25	44	-99	14	91	-42
5	-190	56	78493752	22	-24	-71	25	-10	5	0	-35	49	-99	14	91	-42
5	-190	56	78495752	24	-24	-74	27	-10	5	0	-45	54	-99	14	91	-42
5	-190	56	78497748	29	-27	-76	26	-10	5	0	-55	59	-99	14	91	-42
5	-190	56	78499752	26	-24	-76	26	-10	5	0	-65	64	-99	14	91	-42
5	-190	56	78501760	26	-24	-78	26	-11	5	0	-76	69	-99	14	91	-42
5	-190	56	78503760	32	-27	-78	27	-11	6	0	-87	75	-99	14	91	-42
5	-190	56	78505760	27	-24	-79	26	-10	5	0	-97	80	-99	14	91	-42
5	-190	56	78507764	29	-24	-90	29	-12	5	0	-109	85	-99	14	91	-42
5	-190	56	78509772	32	-26	-79	25	-11	5	0	-120	90	-99	14	91	-42
5	-190	56	78511764	30	-24	-79	26	-11	5	0	-131	95	-99	14	91	-42
5	-190	56	78513768	30	-22	-77	24	-11	5	0	-142	100	-99	14	91	-42
5	-190	56	78515772	35	-26	-78	23	-11	4	0	-153	104	-99	14	91	-42
5	-190	56	78517776	30	-22	-76	24	-11	5	0	-164	109	-99	14	91	-42
5	-190	56	78519780	32	-21	-74	23	-10	4	0	-174	113	-99	14	91	-42
5	-190	56	78521784	35	-24	-71	21	-11	5	0	-185	118	-99	14	91	-42
5	-190	56	78523788	31	-18	-80	24	-11	4	0	-196	122	-99	14	91	-42
5	-190	56	78525792	35	-23	-67	20	-10	4	0	-206	126	-99	14	91	-42
5	-190	56	78527796	30	-17	-67	20	-10	4	0	-216	130	-99	14	91	-42
5	-190	56	78529792	30	-18	-63	18	-9	4	0	-225	134	-99	14	91	-42
5	-190	56	78531792	34	-19	-63	18	-10	3	0	-235	137	-99	14	91	-42
5	-190	56	78533788	28	-16	-59	16	-9	4	0	-244	141	-99	14	91	-42
5	-190	56	78535792	29	-15	-57	16	-8	3	0	-252	144	-99	14	91	-42
5	-190	56	78537780	33	-16	-55	15	-9	3	0	-261	147	-99	14	91	-42
5	-190	56	78539780	28	-14	-53	14	-8	3	0	-269	150	-99	14	91	-42
5	-190	56	78541776	27	-12	-50	13	-8	2	0	-277	152	-99	14	91	-42
5	-190	56	78543780	31	-14	-47	12	-8	3	0	-285	155	-99	14	91	-42
5	-190	56	78545780	25	-11	-51	14	-7	2	0	-292	157	-99	14	91	-42
5	-190	56	78547780	25	-12	-43	10	-7	2	0	-299	159	-99	14	91	-42
5	-190	56	78549776	27	-11	-40	10	-7	3	0	-306	162	-99	14	91	-42
5	-190	56	78551776	24	-9	-39	10	-6	1	0	-312	163	-99	14	91	-42
5	-190	56	78553772	23	-8	-36	9	-6	2	0	-318	165	-99	14	91	-42
5	-190	56	78555772	25	-9	-35	7	-6	2	0	-324	167	-99	14	91	-42
5	-190	56	78557772	20	-8	-31	8	-5	1	0	-329	168	-99	14	91	-42
5	-190	56	78559776	20	-7	-31	7	-5	2	0	-334	170	-99	14	91	-42
5	-190	56	78561780	21	-8	-29	6	-5	1	0	-339	171	-99	14	91	-42
5	-190	56	78563780	17	-5	-26	7	-4	1	0	-343	172	-99	14	91	-42
5	-190	56	78565776	18	-6	-29	6	-5	2	0	-348	174	-99	14	91	-42
5	-190	56	78567776	17	-5	-23	6	-4	1	0	-352	175	-99	14	91	-42
5	-190	56	78569776	15	-5	-21	4	-4	1	0	-356	176	-99	14	91	-42
5	-190	56	78571772	15	-5	-20	5	-3	1	0	-359	177	-99	14	91	-42
5	-190	56	78573760	15	-4	-19	4	-4	0	0	-363	177	-99	14	91	-42
5	-190	56	78575772	13	-3	-16	3	-3	1	0	-366	178	-99	14	91	-42
5	-190	56	78577772	11	-4	-15	4	-2	1	0	-368	179	-99	14	91	-42
5	-190	56	78579764	13	-3	-14	3	-3	0	0	-371	179	-99	14	91	-42
5	-190	56	78581776	10	-2	-12	3	-2	1	0	-373	180	-99	14	91	-42
5	-190	56	78583760	10	-3	-11	3	-2	0	0	-375	180	-99	14	91	-42
5	-190	56	78585772	10	-2	-10	2	-2	1	0	-377	181	-99	14	91	-42
5	-190	56	78587764	7	-3	-9	3	-2	0	0	-379	181	-99	14	91	-42
5	-190	56	78589776	9	-2	-8	2	-1	1	0	-380	182	-99	14	91	-42
5	-190	56	78591760	6	-1	-6	2	-2	0	0	-382	182	-99	14	91	-42
5	-190	56	78593772	6	-2	-5	2	-1	1	0	-383	183	-99	14	91	-42
5	-190	56	78595764	7	-2	-5	1	-1	0	0	-384	183	-99	14	91	-42
5	-190	56	78597756	6	-1	-4	2	-1	0	0	-385	183	-99	14	91	-42
5	-190	56	78599768	4	0	-2	1	-1	0	0	-386	183	-99	14	91	-42
5	-190	56	78601772	6	-2	-3	1	0	1	0	-386	184	-99	14	91	-42
5	-190	56	78603768	4	-1	-2	1	-1	0	0	-387	184	-99	14	91	-42
5	-190	56	78605764	3	-1	-1	2	0	0	0	-387	184	-99	14	91	-42
5	-190	56	78607776	5	-1	-2	0	-1	0	0	-388	184	-99	14	91	-42
5	-190	56	78609780	4	0	-1	1	-1	0	0	-389	184	-99	14	91	-42
5	-190	56	78611760	4	-2	-1	0	0	0	0	-389	184	-99	14	91	-42
5	-190	56	78613776	4	-1	0	1	-1	1	0	-390	185	-99	14	91	-42
5	-190	56	78615724	3	0	-1	0	0	0	0	-390	185	-99	14	91	-42
5	-190	56	78617764	4	-1	-2	1	-1	0	0	-391	185	-99	14	91	-42
5	-190	56	78619744	5	0	-1	2	0	0	0	-391	185	-99	14	91	-42
5	-190	56	78621760	4	-1	-1	0	-1	0	0	-392	185	-99	14	91	-42
5	-190	56	78623740	4	-2	0	1	0	0	0	-392	185	-99	14	91	-42
5	-190	56	78625768	5	0	-1	1	-1	1	0	-393	186	-99	14	91	-42
5	-190	56	78627740	5	-1	-2	1	0	0	0	-393	186	-99	14	91	-42
5	-190	56	78629744	5	-1	-1	2	-1	0	0	-394	186	-99	14	91	-42
5	-190	56	78631740	6	-1	-1	1	-1	0	0	-395	186	-99	14	91	-42
5	-190	56	78633732	5	-2	-1	1	0	1	0	-395	187	-99	14	91	-42
5	-190	56	78635740	5	0	-2	1	-1	0	0	-396	187	-99	14	91	-42
5	-190	56	78637736	6	-1	-2	2	-1	0	0	-397	187	-99	14	91	-42
5	-190	56	78639720	6	-1	-1	1	0	0	0	-397	187	-99	14	91	-42
5	-190	56	78641728	7	-1	-2	1	-1	0	0	-398	187	-99	14	91	-42
5	-190	56	78643744	6	-2	-1	1	-1	1	0	-399	188	-99	14	91	-42
5	-190	56	78645732	6	-1	-2	2	-1	0	1	-400	188	-99	14	91	-42
6	-190	56	78647736	6	-1	-2	2	-1	0	1	-100	14	-99	14	91	-42
6	-190	56	78649732	8	-1	-1	1	-1	0	1	-101	14	-99	14	91	-42
6	-190	56	78651732	6	-2	-1	2	0	1	1	-101	15	-99	14	91	-42
6	-190	56	78653728	6	-1	-1	1	-1	0	1	-102	15	-99	14	91	-42
6	198	0	78655724	8	-1	-3	1	-1	0	1	-103	15	99	14	-99	14
6	198	0	78657728	6	-1	-1	1	-1	0	1	-104	15	99	14	-99	14
6	198	0	78659728	6	-2	-1	2	0	1	1	-104	16	99	14	-99	14
6	198	0	78661732	7	-1	-2	1	-1	0	1	-105	16	99	14	-99	14
6	198	0	78663732	6	-1	-1	1	-1	0	1	-106	16	99	14	-99	14
6	198	0	78665728	6	-1	-2	1	-1	0	1	-107	16	99	14	-99	14
6	198	0	78667732	6	-2	-2	2	-1	1	1	-108	17	99	14	-99	14
6	198	0	78669716	5	-1	-1	1	0	0	1	-108	17	99	14	-99	14
6	198	0	78671692	7	0	-1	0	-1	0	1	-109	17	99	14	-99	14
6	198	0	78673720	3	-1	-1	1	0	0	1	-109	17	99	14	-99	14
6	198	0	78675740	5	-1	-2	1	-1	0	1	-110	17	99	14	-99	14
6	198	0	78677704	5	0	-1	0	-1	0	1	-111	17	99	14	-99	14
6	198	0	78679744	3	-2	0	0	0	1	1	-111	18	99	14	-99	14
6	198	0	78681712	4	0	-1	0	-1	0	1	-112	18	99	14	-99	14
6	198	0	78683720	3	-1	-1	2	0	0	1	-112	18	99	14	-99	14
6	198	0	78685688	3	0	0	0	0	0	1	-112	18	99	14	-99	14
6	198	0	78687700	2	0	-2	0	-1	0	1	-113	18	99	14	-99	14
6	198	0	78689728	2	-1	0	0	0	0	1	-113	18	99	14	-99	14
6	198	0	78691696	2	0	0	0	0	0	1	-113	18	99	14	-99	14
6	198	0	78693696	1	0	-1	0	0	0	1	-113	18	99	14	-99	14
6	198	0	78695704	2	0	0	0	0	0	1	-113	18	99	14	-99	14
6	198	0	78699708	1	0	0	0	-1	0	1	-114	18	99	14	-99	14
6	198	0	78703692	0	0	-1	0	0	0	1	-114	18	99	14	-99	14
6	198	0	78705696	1	0	0	0	0	0	1	-114	18	99	14	-99	14
6	198	0	78721684	-1	0	0	0	0	0	1	-114	18	99	14	-99	14
6	198	0	78725676	-3	0	0	0	0	0	1	-114	18	99	14	-99	14
6	198	0	78727680	-1	0	0	0	0	0	1	-114	18	99	14	-99	14
6	198	0	78729692	-1	0	0	0	0	0	1	-114	18	99	14	-99	14
6	198	0	78731716	-3	0	0	-1	0	0	0	-114	18	99	14	-99	14
6	198	0	78733728	-4	1	0	0	1	0	0	-113	18	99	14	-99	14
6	198	0	78735700	-2	0	1	0	0	0	0	-113	18	99	14	-99	14
6	198	0	78737684	-4	2	0	-1	0	0	0	-113	18	99	14	-99	14
6	198	0	78739680	-4	0	2	0	1	0	0	-112	18	99	14	-99	14
6	198	0	78741724	-5	1	2	-1	1	0	0	-111	18	99	14	-99	14
6	198	0	78743716	-5	1	1	-1	0	0	0	-111	18	99	14	-99	14
6	198	0	78745732	-5	1	4	-2	1	0	0	-110	18	99	14	-99	14
6	198	0	78747748	-6	2	5	-1	1	-1	0	-109	17	99	14	-99	14
6	198	0	78749736	-7	1	6	-2	2	0	0	-107	17	99	14	-99	14
6	198	0	78751732	-8	1	7	-2	1	0	0	-106	17	99	14	-99	14
6	198	0	78753748	-10	3	8	-2	2	-1	0	-104	16	99	14	-99	14
6	198	0	78755732	-9	2	9	-3	2	0	0	-102	16	99	14	-99	14
6	198	0	78757744	-11	3	11	-2	2	-1	0	-100	15	99	14	-99	14
6	198	0	78759732	-12	2	14	-4	2	0	0	-98	15	99	14	-99	14
6	198	0	78761740	-13	3	15	-2	3	-1	0	-95	14	99	14	-99	14
6	198	0	78763728	-12	2	18	-4	3	0	0	-92	14	99	14	-99	14
6	198	0	78765732	-17	4	18	-4	4	-1	0	-88	13	99	14	-99	14
6	198	0	78767728	-15	4	23	-5	4	-1	0	-84	12	99	14	-99	14
6	198	0	78769732	-16	3	24	-4	4	-1	0	-80	11	99	14	-99	14
6	198	0	78771728	-19	4	25	-3	4	0	0	-76	11	99	14	-99	14
6	198	0	78773744	-17	5	27	-5	4	-1	0	-72	10	99	14	-99	14
6	198	0	78775744	-19	4	30	-5	5	-1	0	-67	9	99	14	-99	14
6	198	0	78777744	-24	5	31	-5	6	-1	0	-61	8	99	14	-99	14
6	198	0	78779744	-21	5	33	-5	5	-1	0	-56	7	99	14	-99	14
6	198	0	78781744	-21	5	36	-5	6	-1	0	-50	6	99	14	-99	14
6	198	0	78783744	-28	6	38	-7	6	-2	0	-44	4	99	14	-99	14
6	198	0	78785748	-25	5	40	-5	7	-1	0	-37	3	99	14	-99	14
6	198	0	78787748	-27	5	47	-6	7	-1	0	-30	2	99	14	-99	14
6	198	0	78789748	-33	5	45	-5	8	-1	0	-22	1	99	14	-99	14
6	198	0	78791748	-28	5	48	-5	8	-1	0	-14	0	99	14	-99	14
6	198	0	78793752	-32	5	50	-5	8	-1	0	-6	-1	99	14	-99	14
6	198	0	78795744	-37	6	53	-5	9	-1	0	3	-2	99	14	-99	14
6	198	0	78797748	-35	5	55	-5	9	-1	0	12	-3	99	14	-99	14
6	198	0	78799748	-40	5	59	-5	10	-1	0	22	-4	99	14	-99	14
6	198	0	78801744	-38	5	60	-5	10	-1	0	32	-5	99	14	-99	14
6	198	0	78803740	-38	4	64	-4	10	-1	0	42	-6	99	14	-99	14
6	198	0	78805740	-48	5	66	-5	11	-1	0	53	-7	99	14	-99	14
6	198	0	78807724	-41	4	76	-3	12	0	0	65	-7	99	14	-99	14
6	198	0	78809732	-45	4	70	-4	11	-1	0	76	-8	99	14	-99	14
6	198	0	78811736	-51	3	73	-3	13	-1	0	89	-9	99	14	-99	14
6	198	0	78813716	-48	3	74	-3	12	0	0	101	-9	99	14	-99	14
6	198	0	78815724	-49	2	76	-2	13	-1	0	114	-10	99	14	-99	14
6	198	0	78817716	-57	3	76	-2	13	0	0	127	-10	99	14	-99	14
6	198	0	78819724	-50	1	79	0	13	0	0	140	-10	99	14	-99	14
6	198	0	78821740	-51	1	79	-1	13	-1	0	153	-11	99	14	-99	14
6	198	0	78823684	-60	0	80	0	14	0	0	167	-11	99	14	-99	14
6	198	0	78825724	-53	2	80	0	13	0	0	180	-11	99	14	-99	14
6	198	0	78827696	-54	0	91	0	15	0	0	195	-11	99	14	-99	14
6	198	0	78829732	-62	0	81	1	14	0	0	209	-11	99	14	-99	14
6	198	0	78831736	-54	-1	80	3	13	0	0	222	-11	99	14	-99	14
6	198	0	78833732	-55	-2	81	2	14	0	0	236	-11	99	14	-99	14
6	198	0	78835740	-62	-3	82	4	14	1	0	250	-10	99	14	-99	14
6	198	0	78837736	-54	-2	80	5	14	1	0	264	-9	99	14	-99	14
6	198	0	78839724	-55	-3	80	5	13	0	0	277	-9	99	14	-99	14
6	198	0	78841732	-61	-5	78	5	14	1	0	291	-8	99	14	-99	14
6	198	0	78843728	-54	-3	78	6	13	1	0	304	-7	99	14	-99	14
6	198	0	78845728	-53	-5	86	8	14	2	0	318	-5	99	14	-99	14
6	198	0	78847720	-60	-5	74	6	14	1	0	332	-4	99	14	-99	14
6	198	0	78849720	-50	-7	72	7	12	1	0	344	-3	99	14	-99	14
6	198	0	78851720	-50	-5	69	8	12	1	0	356	-2	99	14	-99	14
6	198	0	78853716	-55	-7	68	7	12	2	0	368	0	99	14	-99	14
6	198	0	78855716	-47	-6	65	8	11	1	0	379	1	99	14	-99	14
6	198	0	78857716	-45	-8	62	7	11	2	0	390	3	99	14	-99	14
6	198	0	78859712	-50	-7	60	9	11	1	0	401	4	99	14	-99	14
6	198	0	78861724	-43	-7	56	8	10	2	0	411	6	99	14	-99	14
6	198	0	78863724	-40	-7	54	7	9	1	0	420	7	99	14	-99	14
6	198	0	78865716	-45	-8	50	9	10	2	0	430	9	99	14	-99	14
6	198	0	78867704	-36	-7	53	9	9	2	0	439	11	99	14	-99	14
6	198	0	78869704	-35	-6	43	7	7	1	0	446	12	99	14	-99	14
6	198	0	78871704	-39	-9	42	8	8	2	0	454	14	99	14	-99	14
6	198	0	78873708	-31	-6	37	7	7	1	0	461	15	99	14	-99	14
6	198	0	78875712	-29	-7	35	8	7	1	0	468	16	99	14	-99	14
6	198	0	78877704	-31	-7	33	6	6	2	0	474	18	99	14	-99	14
6	198	0	78879696	-25	-6	30	6	6	1	0	480	19	99	14	-99	14
6	198	0	78881704	-24	-7	27	6	5	1	0	485	20	99	14	-99	14
6	198	0	78883708	-25	-6	25	7	5	1	0	490	21	99	14	-99	14
6	198	0	78885696	-21	-5	23	6	4	2	0	494	23	99	14	-99	14
6	198	0	78887692	-17	-5	23	5	4	1	0	498	24	99	14	-99	14
6	198	0	78889692	-19	-5	18	5	4	1	0	502	25	99	14	-99	14
6	198	0	78891684	-15	-4	16	4	3	0	0	505	25	99	14	-99	14
6	198	0	78893692	-13	-3	14	5	3	1	0	508	26	99	14	-99	14
6	198	0	78895696	-13	-4	11	2	2	1	0	510	27	99	14	-99	14
6	198	0	78897688	-9	-3	11	4	2	0	0	512	27	99	14	-99	14
6	198	0	78899696	-10	-2	9	2	2	1	0	514	28	99	14	-99	14
6	198	0	78901684	-6	-3	6	3	1	0	0	515	28	99	14	-99	14
6	198	0	78903700	-7	-1	7	1	1	1	0	516	29	99	14	-99	14
6	198	0	78905672	-6	-2	5	3	2	0	0	518	29	99	14	-99	14
6	198	0	78907664	-4	-2	3	1	0	0	0	518	29	99	14	-99	14
6	198	0	78909700	-2	-1	3	0	1	1	0	519	30	99	14	-99	14
6	198	0	78911664	-3	0	2	1	0	0	0	519	30	99	14	-99	14
6	198	0	78913676	-2	-1	2	1	1	0	0	520	30	99	14	-99	14
6	198	0	78915632	-1	0	1	0	0	0	0	520	30	99	14	-99	14
6	198	0	78919648	-2	-1	0	0	0	0	0	520	30	99	14	-99	14
6	198	0	78927608	0	0	1	0	0	0	0	520	30	99	14	-99	14
6	198	0	78933604	0	0	0	2	0	0	0	520	30	99	14	-99	14
6	198	0	78939604	0	0	1	0	0	0	0	520	30	99	14	-99	14
6	198	0	78945608	0	-2	0	0	0	0	0	520	30	99	14	-99	14
6	198	0	78951600	0	0	2	0	0	0	0	520	30	99	14	-99	14
6	198	0	78955596	0	0	0	1	0	0	0	520	30	99	14	-99	14
6	198	0	78957600	1	0	0	0	0	0	0	520	30	99	14	-99	14
6	198	0	78959604	0	-1	0	0	0	1	0	520	31	99	14	-99	14
6	198	0	78961560	1	0	0	0	0	0	0	520	31	99	14	-99	14
6	198	0	78963588	0	0	0	1	0	0	0	520	31	99	14	-99	14
6	198	0	78965592	1	0	0	0	0	0	0	520	31	99	14	-99	14
6	198	0	78967592	1	0	0	0	0	0	0	520	31	99	14	-99	14
6	198	0	78969624	2	-1	0	0	0	0	0	520	31	99	14	-99	14
6	198	0	78971624	1	0	0	1	0	0	0	520	31	99	14	-99	14
6	198	0	78973612	1	0	0	0	0	0	0	520	31	99	14	-99	14
6	198	0	78975628	3	-1	0	0	0	0	0	520	31	99	14	-99	14
6	198	0	78977632	1	0	-1	2	0	0	0	520	31	99	14	-99	14
6	198	0	78979632	2	-2	0	0	0	0	0	520	31	99	14	-99	14
6	198	0	78981604	2	0	-1	0	0	0	0	520	31	99	14	-99	14
6	198	0	78983648	1	0	0	1	-1	0	0	519	31	99	14	-99	14
6	198	0	78985636	2	-1	0	0	0	1	0	519	32	99	14	-99	14
6	198	0	78987580	3	0	-1	0	0	0	0	519	32	99	14	-99	14
6	198	0	78989636	1	0	0	1	0	0	0	519	32	99	14	-99	14
6	198	0	78991656	3	-1	-1	0	-1	0	1	518	32	99	14	-99	14
7	198	0	78993616	1	0	0	0	0	0	1	99	14	99	14	-99	14
7	-190	-56	78995628	1	0	0	0	0	0	1	99	14	-91	-42	99	14
7	-190	-56	78997644	3	-1	0	1	0	0	1	99	14	-91	-42	99	14
7	-190	-56	78999620	1	0	-2	0	0	0	1	99	14	-91	-42	99	14
7	-190	-56	79001636	1	0	0	0	-1	0	1	98	14	-91	-42	99	14
7	-190	-56	79003628	3	-2	0	0	0	0	1	98	14	-91	-42	99	14
7	-190	-56	79005632	1	0	0	2	0	0	1	98	14	-91	-42	99	14
7	-190	-56	79007600	1	0	0	0	0	0	1	98	14	-91	-42	99	14
7	-190	-56	79009600	1	0	0	0	0	0	1	98	14	-91	-42	99	14
7	-190	-56	79011628	2	-1	-1	0	0	0	1	98	14	-91	-42	99	14
7	-190	-56	79015612	1	0	0	0	-1	0	1	97	14	-91	-42	99	14
7	-190	-56	79017596	1	0	0	0	0	0	1	97	14	-91	-42	99	14
7	-190	-56	79019608	0	0	0	1	0	1	1	97	15	-91	-42	99	14
7	-190	-56	79021568	1	0	0	0	0	0	1	97	15	-91	-42	99	14
7	-190	-56	79023568	2	0	0	0	0	0	1	97	15	-91	-42	99	14
7	-190	-56	79027592	0	-1	0	0	0	0	1	97	15	-91	-42	99	14
7	-190	-56	79029600	1	0	0	0	0	0	1	97	15	-91	-42	99	14
7	-190	-56	79043576	0	0	-1	0	0	0	1	97	15	-91	-42	99	14
7	-190	-56	79049596	1	0	0	0	0	0	1	97	15	-91	-42	99	14
7	-190	-56	79055576	0	0	-1	0	0	0	1	97	15	-91	-42	99	14
7	-190	-56	79059556	0	0	0	0	0	0	0	97	15	-91	-42	99	14
7	-190	-56	79063596	0	0	-2	0	-1	0	0	96	15	-91	-42	99	14
7	-190	-56	79067596	1	0	0	0	0	0	0	96	15	-91	-42	99	14
7	-190	-56	79069592	0	0	-1	0	0	0	0	96	15	-91	-42	99	14
7	-190	-56	79073604	0	0	0	-2	0	0	0	96	15	-91	-42	99	14
7	-190	-56	79075636	0	1	-1	0	0	0	0	96	15	-91	-42	99	14
7	-190	-56	79079612	2	0	-1	0	0	0	0	96	15	-91	-42	99	14
7	-190	-56	79081604	0	0	-2	0	0	0	0	96	15	-91	-42	99	14
7	-190	-56	79085644	1	2	-1	0	-1	0	0	95	15	-91	-42	99	14
7	-190	-56	79087632	0	0	-2	-1	0	0	0	95	15	-91	-42	99	14
7	-190	-56	79089632	1	1	-3	-1	0	0	0	95	15	-91	-42	99	14
7	-190	-56	79091652	1	1	-4	0	-1	0	0	94	15	-91	-42	99	14
7	-190	-56	79093636	3	1	-3	-1	0	-1	0	94	14	-91	-42	99	14
7	-190	-56	79095644	2	2	-5	-3	-1	0	0	93	14	-91	-42	99	14
7	-190	-56	79097652	4	1	-8	-1	-1	0	0	92	14	-91	-42	99	14
7	-190	-56	79099668	4	2	-7	-3	-1	-1	0	91	13	-91	-42	99	14
7	-190	-56	79101652	5	3	-10	-2	-2	0	0	89	13	-91	-42	99	14
7	-190	-56	79103660	6	2	-12	-4	-2	-1	0	87	12	-91	-42	99	14
7	-190	-56	79105664	8	4	-13	-4	-2	-1	0	85	11	-91	-42	99	14
7	-190	-56	79107664	7	4	-15	-5	-2	-1	0	83	10	-91	-42	99	14
7	-190	-56	79109656	10	4	-18	-5	-3	0	0	80	10	-91	-42	99	14
7	-190	-56	79111664	10	5	-19	-5	-3	-1	0	77	9	-91	-42	99	14
7	-190	-56	79113668	13	5	-21	-6	-3	-2	0	74	7	-91	-42	99	14
7	-190	-56	79115676	13	6	-24	-7	-4	-1	0	70	6	-91	-42	99	14
7	-190	-56	79117672	15	7	-27	-8	-4	-1	0	66	5	-91	-42	99	14
7	-190	-56	79119668	17	7	-29	-9	-4	-2	0	62	3	-91	-42	99	14
7	-190	-56	79121660	21	8	-31	-8	-6	-2	0	56	1	-91	-42	99	14
7	-190	-56	79123668	21	9	-34	-10	-5	-1	0	51	0	-91	-42	99	14
7	-190	-56	79125668	23	10	-41	-13	-7	-3	0	44	-3	-91	-42	99	14
7	-190	-56	79127672	28	11	-40	-12	-6	-2	0	38	-5	-91	-42	99	14
7	-190	-56	79129676	27	10	-44	-13	-7	-2	0	31	-7	-91	-42	99	14
7	-190	-56	79131680	30	13	-45	-14	-8	-3	0	23	-10	-91	-42	99	14
7	-190	-56	79133680	36	14	-49	-13	-8	-3	0	15	-13	-91	-42	99	14
7	-190	-56	79135676	34	12	-51	-15	-9	-2	0	6	-15	-91	-42	99	14
7	-190	-56	79137668	35	14	-55	-17	-9	-4	0	-3	-19	-91	-42	99	14
7	-190	-56	79139672	43	16	-56	-16	-10	-3	0	-13	-22	-91	-42	99	14
7	-190	-56	79141676	42	15	-60	-16	-10	-3	0	-23	-25	-91	-42	99	14
7	-190	-56	79143676	42	16	-70	-20	-11	-3	0	-34	-28	-91	-42	99	14
7	-190	-56	79145676	50	18	-65	-18	-12	-4	0	-46	-32	-91	-42	99	14
7	-190	-56	79147676	48	16	-68	-18	-11	-3	0	-57	-35	-91	-42	99	14
7	-190	-56	79149676	55	20	-70	-18	-13	-4	0	-70	-39	-91	-42	99	14
7	-190	-56	79151680	48	16	-71	-19	-12	-4	0	-82	-43	-91	-42	99	14
7	-190	-56	79153680	52	17	-72	-18	-12	-3	0	-94	-46	-91	-42	99	14
7	-190	-56	79155676	60	20	-74	-18	-14	-4	0	-108	-50	-91	-42	99	14
7	-190	-56	79157684	52	16	-74	-17	-12	-3	0	-120	-53	-91	-42	99	14
7	-190	-56	79159692	54	16	-75	-18	-13	-4	0	-133	-57	-91	-42	99	14
7	-190	-56	79161696	61	19	-75	-16	-14	-3	0	-147	-60	-91	-42	99	14
7	-190	-56	79163692	55	15	-84	-19	-14	-4	0	-161	-64	-91	-42	99	14
7	-190	-56	79165692	55	15	-73	-16	-12	-3	0	-173	-67	-91	-42	99	14
7	-190	-56	79167692	61	17	-74	-15	-14	-3	0	-187	-70	-91	-42	99	14
7	-190	-56	79169692	54	15	-73	-16	-13	-3	0	-200	-73	-91	-42	99	14
7	-190	-56	79171688	54	14	-71	-14	-12	-3	0	-212	-76	-91	-42	99	14
7	-190	-56	79173692	60	15	-69	-14	-13	-3	0	-225	-79	-91	-42	99	14
7	-190	-56	79175688	52	14	-67	-14	-12	-3	0	-237	-82	-91	-42	99	14
7	-190	-56	79177680	50	11	-66	-12	-11	-2	0	-248	-84	-91	-42	99	14
7	-190	-56	79179680	58	14	-64	-13	-13	-3	0	-261	-87	-91	-42	99	14
7	-190	-56	79181680	49	11	-61	-11	-11	-2	0	-272	-89	-91	-42	99	14
7	-190	-56	79183680	47	11	-67	-12	-11	-2	0	-283	-91	-91	-42	99	14
7	-190	-56	79185676	53	13	-55	-12	-11	-3	0	-294	-94	-91	-42	99	14
7	-190	-56	79187680	45	10	-53	-11	-10	-2	0	-304	-96	-91	-42	99	14
7	-190	-56	79189680	43	10	-52	-10	-9	-2	0	-313	-98	-91	-42	99	14
7	-190	-56	79191672	49	10	-50	-9	-10	-2	0	-323	-100	-91	-42	99	14
7	-190	-56	79193676	40	10	-46	-10	-9	-2	0	-332	-102	-91	-42	99	14
7	-190	-56	79195684	39	9	-44	-8	-8	-1	0	-340	-103	-91	-42	99	14
7	-190	-56	79197680	41	8	-42	-9	-8	-2	0	-348	-105	-91	-42	99	14
7	-190	-56	79199676	36	9	-40	-9	-8	-2	0	-356	-107	-91	-42	99	14
7	-190	-56	79201688	33	8	-41	-9	-7	-1	0	-363	-108	-91	-42	99	14
7	-190	-56	79203684	36	8	-35	-7	-7	-2	0	-370	-110	-91	-42	99	14
7	-190	-56	79205676	30	8	-34	-8	-7	-2	0	-377	-112	-91	-42	99	14
7	-190	-56	79207684	33	7	-30	-7	-6	-1	0	-383	-113	-91	-42	99	14
7	-190	-56	79209680	27	7	-29	-6	-6	-1	0	-389	-114	-91	-42	99	14
7	-190	-56	79211676	25	6	-27	-7	-5	-2	0	-394	-116	-91	-42	99	14
7	-190	-56	79213680	28	6	-24	-6	-5	-1	0	-399	-117	-91	-42	99	14
7	-190	-56	79215676	21	5	-23	-6	-4	-1	0	-403	-118	-91	-42	99	14
7	-190	-56	79217676	21	6	-21	-5	-5	-1	0	-408	-119	-91	-42	99	14
7	-190	-56	79219664	23	5	-19	-6	-4	-1	0	-412	-120	-91	-42	99	14
7	-190	-56	79221660	17	5	-17	-5	-3	-1	0	-415	-121	-91	-42	99	14
7	-190	-56	79223656	16	5	-15	-5	-3	-1	0	-418	-122	-91	-42	99	14
7	-190	-56	79225648	18	5	-15	-5	-4	-1	0	-422	-123	-91	-42	99	14
7	-190	-56	79227648	14	4	-13	-4	-2	-1	0	-424	-124	-91	-42	99	14
7	-190	-56	79229640	12	4	-10	-4	-3	-1	0	-427	-125	-91	-42	99	14
7	-190	-56	79231636	14	4	-8	-4	-2	0	0	-429	-125	-91	-42	99	14
7	-190	-56	79233644	10	3	-9	-3	-2	-1	0	-431	-126	-91	-42	99	14
7	-190	-56	79235648	10	3	-6	-3	-1	-1	0	-432	-127	-91	-42	99	14
7	-190	-56	79237640	9	4	-7	-2	-2	0	0	-434	-127	-91	-42	99	14
7	-190	-56	79239656	7	2	-3	-3	-1	-1	0	-435	-128	-91	-42	99	14
7	-190	-56	79241644	8	3	-5	-2	-1	0	0	-436	-128	-91	-42	99	14
7	-190	-56	79243656	6	1	-3	-3	-1	-1	0	-437	-129	-91	-42	99	14
7	-190	-56	79245640	5	2	-4	-2	-1	0	0	-438	-129	-91	-42	99	14
7	-190	-56	79247644	5	2	-2	-2	-1	0	0	-439	-129	-91	-42	99	14
7	-190	-56	79249648	5	2	-3	-1	0	-1	0	-439	-130	-91	-42	99	14
7	-190	-56	79251648	4	1	-1	-1	-1	0	0	-440	-130	-91	-42	99	14
7	-190	-56	79253640	3	2	-1	-1	0	0	0	-440	-130	-91	-42	99	14
7	-190	-56	79255648	5	1	-3	-2	-1	-1	0	-441	-131	-91	-42	99	14
7	-190	-56	79257640	3	1	-1	-1	-1	0	0	-442	-131	-91	-42	99	14
7	-190	-56	79259620	5	1	-1	-1	0	0	0	-442	-131	-91	-42	99	14
7	-190	-56	79261632	5	2	-1	-1	-1	0	0	-443	-131	-91	-42	99	14
7	-190	-56	79263652	5	1	-3	-3	-1	-1	0	-444	-132	-91	-42	99	14
7	-190	-56	79265628	6	1	-2	-1	0	0	0	-444	-132	-91	-42	99	14
7	-190	-56	79267644	8	1	-3	-3	-1	0	0	-445	-132	-91	-42	99	14
7	-190	-56	79269660	7	3	-2	-1	-1	-1	0	-446	-133	-91	-42	99	14
7	-190	-56	79271640	8	1	-4	-2	-2	0	0	-448	-133	-91	-42	99	14
7	-190	-56	79273652	10	3	-3	-3	-1	-1	0	-449	-134	-91	-42	99	14
7	-190	-56	79275644	10	2	-3	-2	-1	0	0	-450	-134	-91	-42	99	14
7	-190	-56	79277648	8	3	-4	-3	-1	-1	0	-451	-135	-91	-42	99	14
7	-190	-56	79279632	13	2	-4	-4	-2	0	0	-453	-135	-91	-42	99	14
7	-190	-56	79281648	10	4	-5	-2	-2	-1	0	-455	-136	-91	-42	99	14
7	-190	-56	79283640	12	2	-4	-3	-1	0	0	-456	-136	-91	-42	99	14
7	-190	-56	79285652	12	3	-5	-5	-2	-1	0	-458	-137	-91	-42	99	14
7	-190	-56	79287660	11	4	-3	-2	-1	-1	0	-459	-138	-91	-42	99	14
7	-190	-56	79289640	12	2	-5	-4	-2	0	0	-461	-138	-91	-42	99	14
7	-190	-56	79291644	14	4	-5	-4	-2	-1	0	-463	-139	-91	-42	99	14
7	-190	-56	79293652	11	4	-4	-3	-1	-1	0	-464	-140	-91	-42	99	14
7	-190	-56	79295644	14	3	-5	-4	-2	0	0	-466	-140	-91	-42	99	14
7	-190	-56	79297652	11	4	-5	-4	-2	-1	0	-468	-141	-91	-42	99	14
7	-190	-56	79299640	13	4	-4	-4	-2	-1	0	-470	-142	-91	-42	99	14
7	-190	-56	79301636	14	5	-5	-5	-1	-1	0	-471	-143	-91	-42	99	14
7	-190	-56	79303632	12	4	-5	-3	-2	-1	0	-473	-144	-91	-42	99	14
7	-190	-56	79305632	11	3	-5	-5	-2	-1	0	-475	-145	-91	-42	99	14
7	-190	-56	79307636	14	7	-5	-5	-2	-1	0	-477	-146	-91	-42	99	14
7	-190	-56	79309636	13	3	-5	-5	-1	-1	0	-478	-147	-91	-42	99	14
7	-190	-56	79311636	11	5	-5	-7	-2	-1	0	-480	-148	-91	-42	99	14
7	-190	-56	79313640	14	5	-5	-5	-2	-1	0	-482	-149	-91	-42	99	14
7	-190	-56	79315644	12	5	-5	-5	-2	-1	0	-484	-150	-91	-42	99	14
7	-190	-56	79317652	13	4	-5	-5	-1	-1	0	-485	-151	-91	-42	99	14
7	-190	-56	79319644	12	6	-5	-6	-2	-1	0	-487	-152	-91	-42	99	14
7	-190	-56	79321648	13	4	-4	-5	-2	-1	0	-489	-153	-91	-42	99	14
7	-190	-56	79323648	11	5	-6	-5	-2	-1	0	-491	-154	-91	-42	99	14
7	-190	-56	79325652	12	5	-4	-5	-1	-1	0	-492	-155	-91	-42	99	14
7	-190	-56	79327652	12	4	-3	-4	-2	-1	0	-494	-156	-91	-42	99	14
7	-190	-56	79329644	10	4	-5	-5	-1	0	0	-495	-156	-91	-42	99	14
7	-190	-56	79331652	12	3	-3	-3	-2	-1	0	-497	-157	-91	-42	99	14
7	-190	-56	79333656	9	4	-4	-4	-1	-1	0	-498	-158	-91	-42	99	14
7	-190	-56	79335640	9	3	-2	-3	-1	0	0	-499	-158	-91	-42	99	14
7	-190	-56	79337656	8	3	-3	-2	-1	-1	0	-500	-159	-91	-42	99	14
7	-190	-56	79339644	8	2	-2	-3	-1	0	0	-501	-159	-91	-42	99	14
7	-190	-56	79341656	6	2	-3	-2	-1	-1	0	-502	-160	-91	-42	99	14
7	-190	-56	79343632	9	1	-2	-1	-1	0	0	-503	-160	-91	-42	99	14
7	-190	-56	79345636	6	2	-3	0	-1	0	0	-504	-160	-91	-42	99	14
7	-190	-56	79347652	8	1	-1	-2	-1	-1	0	-505	-161	-91	-42	99	14
7	-190	-56	79349584	6	0	-2	0	-1	0	0	-506	-161	-91	-42	99	14
7	-190	-56	79351636	5	1	-3	0	-1	0	0	-507	-161	-91	-42	99	14
7	-190	-56	79353596	6	0	-1	0	0	0	0	-507	-161	-91	-42	99	14
7	-190	-56	79355608	5	0	-1	0	-1	0	0	-508	-161	-91	-42	99	14
7	-190	-56	79357584	5	0	-2	0	-1	0	0	-509	-161	-91	-42	99	14
7	-190	-56	79359576	5	0	-1	0	0	0	0	-509	-161	-91	-42	99	14
7	-190	-56	79361592	4	0	-1	0	-1	0	0	-510	-161	-91	-42	99	14
7	-190	-56	79363576	4	0	-1	0	0	0	0	-510	-161	-91	-42	99	14
7	-190	-56	79365584	3	0	-2	1	-1	0	0	-511	-161	-91	-42	99	14
7	-190	-56	79367552	4	0	-1	0	0	0	0	-511	-161	-91	-42	99	14
7	-190	-56	79369620	3	0	0	1	0	0	0	-511	-161	-91	-42	99	14
7	-190	-56	79371628	2	0	-1	1	-1	0	0	-512	-161	-91	-42	99	14
7	-190	-56	79373576	3	0	0	0	0	0	1	-512	-161	-91	-42	99	14
8	-190	-56	79375568	2	0	0	0	0	0	1	-91	-42	-91	-42	99	14
8	-190	-56	79377600	1	-1	0	1	0	0	1	-91	-42	-91	-42	99	14
8	-190	-56	79379576	2	0	0	0	-1	0	1	-92	-42	-91	-42	99	14
8	-190	-56	79381604	1	0	0	2	0	0	1	-92	-42	-91	-42	99	14
8	167	107	79385564	0	-2	0	0	0	0	1	-92	-42	76	65	-91	-42
8	167	107	79389556	0	0	0	1	0	0	1	-92	-42	76	65	-91	-42
8	167	107	79397568	0	-1	0	0	0	1	1	-92	-41	76	65	-91	-42
8	167	107	79399548	0	0	0	1	0	0	1	-92	-41	76	65	-91	-42
8	167	107	79403520	0	0	1	0	0	0	1	-92	-41	76	65	-91	-42
8	167	107	79417516	0	0	0	1	0	0	1	-92	-41	76	65	-91	-42
8	167	107	79425516	0	-1	0	0	0	0	1	-92	-41	76	65	-91	-42
8	167	107	79427544	-2	0	2	0	0	0	1	-92	-41	76	65	-91	-42
8	167	107	79429536	-1	0	0	0	0	0	1	-92	-41	76	65	-91	-42
8	167	107	79431568	-1	0	0	2	0	0	1	-92	-41	76	65	-91	-42
8	167	107	79433580	-1	-1	1	0	0	0	1	-92	-41	76	65	-91	-42
8	167	107	79435580	-3	-2	1	1	1	0	1	-91	-41	76	65	-91	-42
8	167	107	79437584	-2	-1	1	2	0	1	1	-91	-40	76	65	-91	-42
8	167	107	79439580	-4	-1	3	2	1	0	1	-90	-40	76	65	-91	-42
8	167	107	79441580	-5	-3	2	2	0	1	1	-90	-39	76	65	-91	-42
8	167	107	79443588	-5	-2	4	4	1	0	1	-89	-39	76	65	-91	-42
8	167	107	79445604	-6	-4	6	4	2	1	1	-87	-38	76	65	-91	-42
8	167	107	79447608	-8	-4	5	5	1	1	1	-86	-37	76	65	-91	-42
8	167	107	79449608	-7	-3	7	5	1	1	0	-85	-36	76	65	-91	-42
8	167	107	79451600	-10	-5	8	5	2	1	0	-83	-35	76	65	-91	-42
8	167	107	79453612	-12	-7	9	6	2	1	0	-81	-34	76	65	-91	-42
8	167	107	79455612	-11	-6	10	7	2	1	0	-79	-33	76	65	-91	-42
8	167	107	79457616	-12	-6	13	9	3	2	0	-76	-31	76	65	-91	-42
8	167	107	79459608	-18	-9	12	9	3	2	0	-73	-29	76	65	-91	-42
8	167	107	79461616	-15	-9	15	10	3	1	0	-70	-28	76	65	-91	-42
8	167	107	79463616	-17	-10	15	10	3	2	0	-67	-26	76	65	-91	-42
8	167	107	79465616	-22	-11	20	14	4	3	0	-63	-23	76	65	-91	-42
8	167	107	79467616	-20	-10	19	12	4	2	0	-59	-21	76	65	-91	-42
8	167	107	79469620	-22	-12	19	13	4	3	0	-55	-18	76	65	-91	-42
8	167	107	79471612	-26	-14	21	15	5	3	0	-50	-15	76	65	-91	-42
8	167	107	79473616	-24	-14	22	13	4	2	0	-46	-13	76	65	-91	-42
8	167	107	79475616	-26	-14	24	17	5	3	0	-41	-10	76	65	-91	-42
8	167	107	79477620	-32	-17	25	16	6	4	0	-35	-6	76	65	-91	-42
8	167	107	79479624	-30	-18	26	19	6	3	0	-29	-3	76	65	-91	-42
8	167	107	79481624	-35	-20	29	18	6	4	0	-23	1	76	65	-91	-42
8	167	107	79483628	-33	-18	34	24	7	4	0	-16	5	76	65	-91	-42
8	167	107	79485632	-37	-20	31	23	7	5	0	-9	10	76	65	-91	-42
8	167	107	79487636	-43	-25	33	23	7	4	0	-2	14	76	65	-91	-42
8	167	107	79489624	-42	-24	35	27	8	6	0	6	20	76	65	-91	-42
8	167	107	79491620	-43	-25	37	27	8	5	0	14	25	76	65	-91	-42
8	167	107	79493624	-54	-30	39	29	9	6	0	23	31	76	65	-91	-42
8	167	107	79495624	-49	-28	41	31	9	6	0	32	37	76	65	-91	-42
8	167	107	79497640	-51	-30	43	33	10	6	0	42	43	76	65	-91	-42
8	167	107	79499636	-63	-35	45	35	10	7	0	52	50	76	65	-91	-42
8	167	107	79501624	-55	-32	46	35	11	7	0	63	57	76	65	-91	-42
8	167	107	79503628	-58	-34	55	42	11	7	0	74	64	76	65	-91	-42
8	167	107	79505624	-68	-40	50	39	12	8	0	86	72	76	65	-91	-42
8	167	107	79507620	-62	-36	52	41	11	8	0	97	80	76	65	-91	-42
8	167	107	79509620	-64	-38	53	41	12	8	0	109	88	76	65	-91	-42
8	167	107	79511616	-75	-45	55	43	13	8	0	122	96	76	65	-91	-42
8	167	107	79513616	-66	-38	56	44	12	9	0	134	105	76	65	-91	-42
8	167	107	79515604	-69	-40	56	43	12	8	0	146	113	76	65	-91	-42
8	167	107	79517604	-79	-48	58	45	14	9	0	160	122	76	65	-91	-42
8	167	107	79519600	-69	-41	57	45	13	9	0	173	131	76	65	-91	-42
8	167	107	79521600	-68	-43	59	45	12	9	0	185	140	76	65	-91	-42
8	167	107	79523592	-79	-48	58	45	14	9	0	199	149	76	65	-91	-42
8	167	107	79525588	-69	-42	66	52	14	9	0	213	158	76	65	-91	-42
8	167	107	79527584	-67	-42	57	45	12	9	0	225	167	76	65	-91	-42
8	167	107	79529592	-77	-49	59	43	14	9	0	239	176	76	65	-91	-42
8	167	107	79531592	-65	-41	58	44	12	9	0	251	185	76	65	-91	-42
8	167	107	79533584	-65	-41	56	44	12	8	0	263	193	76	65	-91	-42
8	167	107	79535584	-72	-47	56	44	13	9	0	276	202	76	65	-91	-42
8	167	107	79537584	-63	-41	56	42	12	9	0	288	211	76	65	-91	-42
8	167	107	79539580	-61	-39	55	41	11	8	0	299	219	76	65	-91	-42
8	167	107	79541580	-69	-45	54	40	13	8	0	312	227	76	65	-91	-42
8	167	107	79543580	-58	-37	53	40	11	8	0	323	235	76	65	-91	-42
8	167	107	79545580	-58	-36	57	44	11	8	0	334	243	76	65	-91	-42
8	167	107	79547580	-62	-42	50	36	11	8	0	345	251	76	65	-91	-42
8	167	107	79549580	-54	-33	49	37	11	7	0	356	258	76	65	-91	-42
8	167	107	79551572	-51	-34	47	33	10	6	0	366	264	76	65	-91	-42
8	167	107	79553568	-57	-36	45	33	10	7	0	376	271	76	65	-91	-42
8	167	107	79555560	-47	-32	45	32	9	7	0	385	278	76	65	-91	-42
8	167	107	79557564	-45	-28	43	30	9	5	0	394	283	76	65	-91	-42
8	167	107	79559568	-49	-33	40	29	9	7	0	403	290	76	65	-91	-42
8	167	107	79561564	-41	-26	39	28	8	5	0	411	295	76	65	-91	-42
8	167	107	79563568	-40	-26	37	25	7	5	0	418	300	76	65	-91	-42
8	167	107	79565568	-43	-28	39	27	9	6	0	427	306	76	65	-91	-42
8	167	107	79567568	-35	-22	34	24	6	4	0	433	310	76	65	-91	-42
8	167	107	79569568	-32	-22	31	21	7	5	0	440	315	76	65	-91	-42
8	167	107	79571572	-35	-22	30	20	6	4	0	446	319	76	65	-91	-42
8	167	107	79573572	-29	-19	27	19	6	4	0	452	323	76	65	-91	-42
8	167	107	79575576	-31	-20	25	19	5	3	0	457	326	76	65	-91	-42
8	167	107	79577576	-24	-17	24	16	5	4	0	462	330	76	65	-91	-42
8	167	107	79579584	-24	-15	23	16	5	3	0	467	333	76	65	-91	-42
8	167	107	79581584	-23	-18	20	14	4	3	0	471	336	76	65	-91	-42
8	167	107	79583588	-20	-12	18	14	4	3	0	475	339	76	65	-91	-42
8	167	107	79585592	-18	-13	19	13	4	2	0	479	341	76	65	-91	-42
8	167	107	79587584	-19	-12	15	12	3	3	0	482	344	76	65	-91	-42
8	167	107	79589592	-15	-12	13	10	3	2	0	485	346	76	65	-91	-42
8	167	107	79591584	-12	-8	12	8	2	1	0	487	347	76	65	-91	-42
8	167	107	79593588	-14	-10	10	8	3	2	0	490	349	76	65	-91	-42
8	167	107	79595592	-10	-7	9	7	2	2	0	492	351	76	65	-91	-42
8	167	107	79597592	-9	-7	7	5	1	1	0	493	352	76	65	-91	-42
8	167	107	79599584	-8	-6	7	7	2	1	0	495	353	76	65	-91	-42
8	167	107	79601580	-7	-5	5	3	1	1	0	496	354	76	65	-91	-42
8	167	107	79603572	-6	-4	5	4	1	1	0	497	355	76	65	-91	-42
8	167	107	79605572	-5	-5	3	4	1	1	0	498	356	76	65	-91	-42
8	167	107	79607552	-4	-3	3	2	1	0	0	499	356	76	65	-91	-42
8	167	107	79609564	-2	-2	2	2	0	1	0	499	357	76	65	-91	-42
8	167	107	79611548	-3	-3	2	1	0	0	0	499	357	76	65	-91	-42
8	167	107	79613580	-1	-1	1	1	1	0	0	500	357	76	65	-91	-42
8	167	107	79615556	-1	-1	1	1	0	0	0	500	357	76	65	-91	-42
8	167	107	79617528	0	-1	0	0	0	0	0	500	357	76	65	-91	-42
8	167	107	79619564	0	-2	1	2	0	1	0	500	358	76	65	-91	-42
8	167	107	79623556	1	-1	0	0	0	0	0	500	358	76	65	-91	-42
8	167	107	79625556	2	0	0	1	0	0	0	500	358	76	65	-91	-42
8	167	107	79627548	1	-1	0	0	0	0	0	500	358	76	65	-91	-42
8	167	107	79629560	2	0	0	1	0	0	0	500	358	76	65	-91	-42
8	167	107	79631524	3	0	0	0	0	0	0	500	358	76	65	-91	-42
8	167	107	79633556	2	-1	0	0	0	0	0	500	358	76	65	-91	-42
8	167	107	79635568	2	0	0	1	0	0	0	500	358	76	65	-91	-42
8	167	107	79637576	3	-2	0	2	-1	1	0	499	359	76	65	-91	-42
8	167	107	79639524	3	0	0	0	0	0	0	499	359	76	65	-91	-42
8	167	107	79641552	2	-1	-1	1	0	0	0	499	359	76	65	-91	-42
8	167	107	79643572	4	-1	-1	1	-1	0	0	498	359	76	65	-91	-42
8	167	107	79645516	4	0	0	0	0	0	1	498	359	76	65	-91	-42
9	167	107	79647568	2	-1	-2	1	-1	0	1	75	65	76	65	-91	-42
9	167	107	79649560	4	0	-1	2	0	1	1	75	66	76	65	-91	-42
9	167	107	79651560	4	-2	0	0	-1	0	1	74	66	76	65	-91	-42
9	167	107	79653556	2	0	-1	1	0	0	1	74	66	76	65	-91	-42
9	167	107	79655552	3	-1	0	0	0	0	1	74	66	76	65	-91	-42
9	167	107	79657560	4	-1	-1	1	-1	0	1	73	66	76	65	-91	-42
9	167	107	79659552	2	0	0	1	0	0	1	73	66	76	65	-91	-42
9	167	107	79661520	3	0	-2	0	0	0	1	73	66	76	65	-91	-42
9	167	107	79663560	3	-1	0	2	-1	1	1	72	67	76	65	-91	-42
9	-130	-149	79665508	3	0	-1	0	0	0	1	72	67	-54	-84	76	65
9	-130	-149	79667532	2	-2	0	1	0	0	1	72	67	-54	-84	76	65
9	-130	-149	79669516	3	0	-1	0	-1	0	1	71	67	-54	-84	76	65
9	-130	-149	79671516	2	0	0	0	0	0	1	71	67	-54	-84	76	65
9	-130	-149	79673540	2	-1	0	0	0	0	1	71	67	-54	-84	76	65
9	-130	-149	79675536	2	0	0	1	0	0	1	71	67	-54	-84	76	65
9	-130	-149	79677504	1	0	-1	0	0	0	1	71	67	-54	-84	76	65
9	-130	-149	79679544	3	-1	0	0	-1	0	1	70	67	-54	-84	76	65
9	-130	-149	79681496	1	0	0	0	0	0	1	70	67	-54	-84	76	65
9	-130	-149	79683500	1	0	0	0	0	0	1	70	67	-54	-84	76	65
9	-130	-149	79685500	2	0	-2	0	0	0	1	70	67	-54	-84	76	65
9	-130	-149	79687524	1	0	0	1	0	0	1	70	67	-54	-84	76	65
9	-130	-149	79689504	1	0	0	0	-1	0	1	69	67	-54	-84	76	65
9	-130	-149	79691488	1	0	-1	0	0	0	1	69	67	-54	-84	76	65
9	-130	-149	79693480	2	0	0	0	0	0	1	69	67	-54	-84	76	65
9	-130	-149	79695480	1	0	0	0	0	0	1	69	67	-54	-84	76	65
9	-130	-149	79697484	1	0	-1	0	0	0	1	69	67	-54	-84	76	65
9	-130	-149	79699508	1	-1	0	0	0	0	1	69	67	-54	-84	76	65
9	-130	-149	79701496	2	0	-1	0	-1	0	1	68	67	-54	-84	76	65
9	-130	-149	79703476	1	0	0	0	0	0	1	68	67	-54	-84	76	65
9	-130	-149	79705476	1	0	-2	0	0	0	1	68	67	-54	-84	76	65
9	-130	-149	79707484	1	0	0	0	0	0	1	68	67	-54	-84	76	65
9	-130	-149	79709488	2	0	-1	0	0	0	1	68	67	-54	-84	76	65
9	-130	-149	79711496	1	0	-1	0	-1	0	1	67	67	-54	-84	76	65
9	-130	-149	79713488	1	0	0	0	0	0	1	67	67	-54	-84	76	65
9	-130	-149	79715496	1	0	-1	0	0	0	1	67	67	-54	-84	76	65
9	-130	-149	79717484	3	0	-2	0	0	0	1	67	67	-54	-84	76	65
9	-130	-149	79719492	1	0	0	0	-1	0	1	66	67	-54	-84	76	65
9	-130	-149	79721468	1	0	-1	0	0	0	1	66	67	-54	-84	76	65
9	-130	-149	79723464	2	0	-1	0	0	0	1	66	67	-54	-84	76	65
9	-130	-149	79725472	2	0	-1	0	0	0	0	66	67	-54	-84	76	65
9	-130	-149	79727520	3	0	-2	-1	-1	0	0	65	67	-54	-84	76	65
9	-130	-149	79729500	2	1	-1	-1	0	0	0	65	67	-54	-84	76	65
9	-130	-149	79731468	3	3	-1	-3	-1	0	0	64	67	-54	-84	76	65
9	-130	-149	79733488	3	2	-3	-2	0	0	0	64	67	-54	-84	76	65
9	-130	-149	79735508	4	4	-2	-4	-1	-1	0	63	66	-54	-84	76	65
9	-130	-149	79737504	5	4	-3	-5	-1	-1	0	62	65	-54	-84	76	65
9	-130	-149	79739480	5	3	-3	-5	0	0	0	62	65	-54	-84	76	65
9	-130	-149	79741508	6	7	-4	-8	-1	-2	0	61	63	-54	-84	76	65
9	-130	-149	79743508	8	7	-5	-7	-2	-1	0	59	62	-54	-84	76	65
9	-130	-149	79745508	9	9	-5	-10	-1	-2	0	58	60	-54	-84	76	65
9	-130	-149	79747508	7	9	-8	-11	-2	-2	0	56	58	-54	-84	76	65
9	-130	-149	79749512	10	11	-6	-13	-1	-3	0	55	55	-54	-84	76	65
9	-130	-149	79751508	13	14	-9	-15	-2	-3	0	53	52	-54	-84	76	65
9	-130	-149	79753508	11	13	-8	-16	-2	-2	0	51	50	-54	-84	76	65
9	-130	-149	79755512	14	15	-10	-18	-3	-4	0	48	46	-54	-84	76	65
9	-130	-149	79757508	17	19	-12	-20	-3	-4	0	45	42	-54	-84	76	65
9	-130	-149	79759504	16	19	-12	-21	-2	-4	0	43	38	-54	-84	76	65
9	-130	-149	79761500	17	20	-14	-24	-3	-4	0	40	34	-54	-84	76	65
9	-130	-149	79763492	22	25	-15	-25	-4	-5	0	36	29	-54	-84	76	65
9	-130	-149	79765492	20	22	-16	-26	-4	-5	0	32	24	-54	-84	76	65
9	-130	-149	79767492	21	25	-18	-29	-4	-5	0	28	19	-54	-84	76	65
9	-130	-149	79769484	28	32	-21	-33	-5	-7	0	23	12	-54	-84	76	65
9	-130	-149	79771488	25	28	-20	-33	-4	-6	0	19	6	-54	-84	76	65
9	-130	-149	79773484	27	30	-22	-34	-5	-6	0	14	0	-54	-84	76	65
9	-130	-149	79775476	33	37	-24	-36	-6	-8	0	8	-8	-54	-84	76	65
9	-130	-149	79777476	30	33	-26	-37	-5	-7	0	3	-15	-54	-84	76	65
9	-130	-149	79779484	32	35	-28	-39	-6	-7	0	-3	-22	-54	-84	76	65
9	-130	-149	79781476	39	43	-29	-41	-7	-8	0	-10	-30	-54	-84	76	65
9	-130	-149	79783484	36	39	-31	-42	-7	-8	0	-17	-38	-54	-84	76	65
9	-130	-149	79785484	38	38	-32	-43	-7	-9	0	-24	-47	-54	-84	76	65
9	-130	-149	79787492	45	47	-34	-44	-8	-9	0	-32	-56	-54	-84	76	65
9	-130	-149	79789492	41	42	-40	-51	-8	-9	0	-40	-65	-54	-84	76	65
9	-130	-149	79791500	43	44	-36	-48	-8	-9	0	-48	-74	-54	-84	76	65
9	-130	-149	79793500	51	50	-39	-47	-9	-10	0	-57	-84	-54	-84	76	65
9	-130	-149	79795504	46	45	-39	-49	-8	-9	0	-65	-93	-54	-84	76	65
9	-130	-149	79797500	48	46	-39	-49	-9	-10	0	-74	-103	-54	-84	76	65
9	-130	-149	79799500	56	54	-40	-50	-9	-10	0	-83	-113	-54	-84	76	65
9	-130	-149	79801496	51	47	-40	-50	-10	-10	0	-93	-123	-54	-84	76	65
9	-130	-149	79803504	51	48	-41	-50	-9	-10	0	-102	-133	-54	-84	76	65
9	-130	-149	79805508	60	54	-40	-51	-10	-10	0	-112	-143	-54	-84	76	65
9	-130	-149	79807496	53	48	-45	-58	-10	-11	0	-122	-154	-54	-84	76	65
9	-130	-149	79809492	54	48	-39	-50	-9	-10	0	-131	-164	-54	-84	76	65
9	-130	-149	79811492	62	54	-38	-50	-10	-10	0	-141	-174	-54	-84	76	65
9	-130	-149	79813500	55	48	-39	-50	-9	-10	0	-150	-184	-54	-84	76	65
9	-130	-149	79815500	63	54	-38	-50	-10	-10	0	-160	-194	-54	-84	76	65
9	-130	-149	79817492	55	46	-36	-48	-9	-10	0	-169	-204	-54	-84	76	65
9	-130	-149	79819488	53	47	-35	-49	-9	-9	0	-178	-213	-54	-84	76	65
9	-130	-149	79821496	63	52	-34	-48	-10	-10	0	-188	-223	-54	-84	76	65
9	-130	-149	79823492	54	44	-33	-47	-9	-9	0	-197	-232	-54	-84	76	65
9	-130	-149	79825488	52	44	-32	-45	-8	-9	0	-205	-241	-54	-84	76	65
9	-130	-149	79827484	59	48	-31	-45	-9	-9	0	-214	-250	-54	-84	76	65
9	-130	-149	79829484	51	42	-32	-49	-8	-10	0	-222	-260	-54	-84	76	65
9	-130	-149	79831484	49	40	-29	-41	-8	-8	0	-230	-268	-54	-84	76	65
9	-130	-149	79833492	54	45	-28	-41	-8	-8	0	-238	-276	-54	-84	76	65
9	-130	-149	79835484	46	37	-26	-39	-8	-8	0	-246	-284	-54	-84	76	65
9	-130	-149	79837488	44	36	-25	-39	-6	-7	0	-252	-291	-54	-84	76	65
9	-130	-149	79839496	48	42	-24	-36	-8	-8	0	-260	-299	-54	-84	76	65
9	-130	-149	79841492	42	33	-22	-35	-6	-7	0	-266	-306	-54	-84	76	65
9	-130	-149	79843488	38	33	-21	-34	-6	-7	0	-272	-313	-54	-84	76	65
9	-130	-149	79845488	43	36	-22	-32	-6	-6	0	-278	-319	-54	-84	76	65
9	-130	-149	79847484	36	30	-20	-30	-6	-6	0	-284	-325	-54	-84	76	65
9	-130	-149	79849480	34	29	-20	-34	-5	-7	0	-289	-332	-54	-84	76	65
9	-130	-149	79851472	37	31	-17	-29	-6	-6	0	-295	-338	-54	-84	76	65
9	-130	-149	79853468	30	26	-18	-27	-5	-5	0	-300	-343	-54	-84	76	65
9	-130	-149	79855464	30	27	-16	-27	-4	-5	0	-304	-348	-54	-84	76	65
9	-130	-149	79857464	32	27	-15	-25	-5	-6	0	-309	-354	-54	-84	76	65
9	-130	-149	79859456	26	23	-15	-23	-4	-4	0	-313	-358	-54	-84	76	65
9	-130	-149	79861452	24	22	-12	-23	-4	-5	0	-317	-363	-54	-84	76	65
9	-130	-149	79863452	26	24	-14	-22	-4	-4	0	-321	-367	-54	-84	76	65
9	-130	-149	79865448	21	20	-11	-20	-3	-4	0	-324	-371	-54	-84	76	65
9	-130	-149	79867448	21	19	-12	-20	-3	-4	0	-327	-375	-54	-84	76	65
9	-130	-149	79869440	22	20	-11	-18	-3	-4	0	-330	-379	-54	-84	76	65
9	-130	-149	79871440	16	16	-11	-20	-3	-4	0	-333	-383	-54	-84	76	65
9	-130	-149	79873452	16	16	-9	-16	-3	-3	0	-336	-386	-54	-84	76	65
9	-130	-149	79875452	18	16	-9	-15	-2	-3	0	-338	-389	-54	-84	76	65
9	-130	-149	79877456	13	14	-7	-14	-2	-3	0	-340	-392	-54	-84	76	65
9	-130	-149	79879456	13	13	-8	-12	-2	-2	0	-342	-394	-54	-84	76	65
9	-130	-149	79881456	12	13	-6	-12	-2	-3	0	-344	-397	-54	-84	76	65
9	-130	-149	79883460	10	10	-5	-10	-2	-2	0	-346	-399	-54	-84	76	65
9	-130	-149	79885464	10	10	-5	-10	-1	-2	0	-347	-401	-54	-84	76	65
9	-130	-149	79887460	9	10	-5	-8	-2	-2	0	-349	-403	-54	-84	76	65
9	-130	-149	79889464	6	9	-5	-9	-1	-1	0	-350	-404	-54	-84	76	65
9	-130	-149	79891460	7	8	-2	-8	-1	-2	0	-351	-406	-54	-84	76	65
9	-130	-149	79893456	6	7	-4	-6	-1	-1	0	-352	-407	-54	-84	76	65
9	-130	-149	79895444	4	6	-3	-6	0	-1	0	-352	-408	-54	-84	76	65
9	-130	-149	79897456	5	7	-2	-5	-1	-2	0	-353	-410	-54	-84	76	65
9	-130	-149	79899444	3	5	-1	-5	0	-1	0	-353	-411	-54	-84	76	65
9	-130	-149	79901452	4	5	-3	-5	-1	-1	0	-354	-412	-54	-84	76	65
9	-130	-149	79903448	3	5	-1	-5	-1	-1	0	-355	-413	-54	-84	76	65
9	-130	-149	79905432	2	5	-1	-4	0	-1	0	-355	-414	-54	-84	76	65
9	-130	-149	79907412	4	3	-2	-4	0	0	0	-355	-414	-54	-84	76	65
9	-130	-149	79909444	2	4	-1	-3	-1	-1	0	-356	-415	-54	-84	76	65
9	-130	-149	79911432	3	4	-2	-5	0	-1	0	-356	-416	-54	-84	76	65
9	-130	-149	79913448	2	4	-2	-4	-1	-1	0	-357	-417	-54	-84	76	65
9	-130	-149	79915424	3	3	0	-4	0	0	0	-357	-417	-54	-84	76	65
9	-130	-149	79917436	4	4	-1	-4	0	-1	0	-357	-418	-54	-84	76	65
9	-130	-149	79919452	2	5	-1	-3	-1	-1	0	-358	-419	-54	-84	76	65
9	-130	-149	79921440	5	4	-1	-5	0	-1	0	-358	-420	-54	-84	76	65
9	-130	-149	79923444	4	5	-3	-4	-1	-1	0	-359	-421	-54	-84	76	65
9	-130	-149	79925448	4	4	-1	-5	-1	-1	0	-360	-422	-54	-84	76	65
9	-130	-149	79927436	5	5	-1	-5	0	-1	0	-360	-423	-54	-84	76	65
9	-130	-149	79929452	5	5	-2	-5	-1	-1	0	-361	-424	-54	-84	76	65
9	-130	-149	79931452	5	5	-2	-5	-1	-1	0	-362	-425	-54	-84	76	65
9	-130	-149	79933432	6	5	-1	-6	0	-1	0	-362	-426	-54	-84	76	65
9	-130	-149	79935448	5	5	-2	-5	-1	-1	0	-363	-427	-54	-84	76	65
9	-130	-149	79937452	5	5	-2	-5	-1	-1	0	-364	-428	-54	-84	76	65
9	-130	-149	79939440	6	5	-1	-5	0	-1	0	-364	-429	-54	-84	76	65
9	-130	-149	79941440	6	3	-2	-4	-1	0	0	-365	-429	-54	-84	76	65
9	-130	-149	79943456	4	5	-1	-5	-1	-1	0	-366	-430	-54	-84	76	65
9	-130	-149	79945444	6	4	-1	-4	0	-1	0	-366	-431	-54	-84	76	65
9	-130	-149	79947448	4	4	-1	-4	-1	-1	0	-367	-432	-54	-84	76	65
9	-130	-149	79949444	5	4	-2	-3	-1	-1	0	-368	-433	-54	-84	76	65
9	-130	-149	79951420	5	2	-1	-3	0	0	0	-368	-433	-54	-84	76	65
9	-130	-149	79953436	3	3	-1	-2	-1	-1	0	-369	-434	-54	-84	76	65
9	-130	-149	79955412	3	2	0	-2	0	0	0	-369	-434	-54	-84	76	65
9	-130	-149	79957420	3	3	-1	-1	0	-1	0	-369	-435	-54	-84	76	65
9	-130	-149	79959412	2	1	0	-1	0	0	0	-369	-435	-54	-84	76	65
9	-130	-149	79961436	2	1	0	-1	-1	0	0	-370	-435	-54	-84	76	65
9	-130	-149	79963396	1	0	0	0	0	0	0	-370	-435	-54	-84	76	65
9	-130	-149	79965388	1	0	0	0	0	0	0	-370	-435	-54	-84	76	65
9	-130	-149	79967416	1	1	0	0	0	0	0	-370	-435	-54	-84	76	65
9	-130	-149	79973380	2	0	0	0	0	0	0	-370	-435	-54	-84	76	65
9	-130	-149	79975344	0	0	0	0	0	0	1	-370	-435	-54	-84	76	65
10	82	180	79981376	1	0	0	0	0	0	1	-54	-84	28	96	-54	-84
10	82	180	79985416	1	0	0	1	0	0	1	-54	-84	28	96	-54	-84
10	82	180	79987384	0	-1	0	0	0	0	1	-54	-84	28	96	-54	-84
10	82	180	79989400	1	0	0	1	0	0	1	-54	-84	28	96	-54	-84
10	82	180	79991412	2	-1	0	0	-1	0	1	-55	-84	28	96	-54	-84
10	82	180	79993364	0	0	0	2	0	0	1	-55	-84	28	96	-54	-84
10	82	180	79995392	1	-2	0	0	0	0	1	-55	-84	28	96	-54	-84
10	82	180	79997360	0	0	0	1	0	0	1	-55	-84	28	96	-54	-84
10	82	180	79999388	1	-1	0	0	0	0	1	-55	-84	28	96	-54	-84
10	82	180	80001360	0	0	0	1	0	0	1	-55	-84	28	96	-54	-84
10	82	180	80003396	1	-1	0	0	0	0	1	-55	-84	28	96	-54	-84
10	82	180	80007396	2	-1	0	1	0	0	1	-55	-84	28	96	-54	-84
10	82	180	80011412	1	-2	0	2	0	1	1	-55	-83	28	96	-54	-84
10	82	180	80015372	0	-1	0	1	0	0	1	-55	-83	28	96	-54	-84
10	82	180	80017380	0	-1	0	1	0	0	1	-55	-83	28	96	-54	-84
10	82	180	80019380	0	-3	0	3	0	1	1	-55	-82	28	96	-54	-84
10	82	180	80021368	0	-1	0	1	0	0	1	-55	-82	28	96	-54	-84
10	82	180	80023364	0	-2	0	2	0	0	1	-55	-82	28	96	-54	-84
10	82	180	80025404	-2	-3	0	3	0	1	1	-55	-81	28	96	-54	-84
10	82	180	80027420	-1	-2	0	4	0	1	1	-55	-80	28	96	-54	-84
10	82	180	80029396	-1	-4	0	3	0	0	1	-55	-80	28	96	-54	-84
10	82	180	80031408	-1	-3	0	4	0	1	1	-55	-79	28	96	-54	-84
10	82	180	80033416	-3	-3	0	4	0	1	1	-55	-78	28	96	-54	-84
10	82	180	80035408	-2	-4	0	5	0	1	1	-55	-77	28	96	-54	-84
10	82	180	80037416	-3	-5	0	5	0	1	1	-55	-76	28	96	-54	-84
10	82	180	80039408	-4	-5	0	5	1	1	1	-54	-75	28	96	-54	-84
10	82	180	80041404	-3	-5	0	6	0	1	1	-54	-74	28	96	-54	-84
10	82	180	80043416	-4	-5	0	6	0	1	1	-54	-73	28	96	-54	-84
10	82	180	80045412	-5	-8	0	7	1	1	1	-53	-72	28	96	-54	-84
10	82	180	80047404	-5	-6	0	7	0	2	1	-53	-70	28	96	-54	-84
10	82	180	80049424	-5	-6	1	9	1	1	1	-52	-69	28	96	-54	-84
10	82	180	80051416	-8	-9	3	7	1	2	1	-51	-67	28	96	-54	-84
10	82	180	80053416	-7	-9	2	9	1	2	1	-50	-65	28	96	-54	-84
10	82	180	80055420	-8	-8	3	10	1	1	1	-49	-64	28	96	-54	-84
10	82	180	80057420	-10	-10	3	11	1	2	1	-48	-62	28	96	-54	-84
10	82	180	80059420	-10	-12	4	12	2	3	0	-46	-59	28	96	-54	-84
10	82	180	80061412	-11	-11	5	13	1	2	0	-45	-57	28	96	-54	-84
10	82	180	80063408	-15	-14	6	14	2	3	0	-43	-54	28	96	-54	-84
10	82	180	80065408	-14	-13	7	15	2	3	0	-41	-51	28	96	-54	-84
10	82	180	80067404	-15	-15	7	18	3	3	0	-38	-48	28	96	-54	-84
10	82	180	80069396	-20	-19	9	21	3	4	0	-35	-44	28	96	-54	-84
10	82	180	80071388	-20	-19	10	21	3	4	0	-32	-40	28	96	-54	-84
10	82	180	80073392	-21	-19	10	23	3	4	0	-29	-36	28	96	-54	-84
10	82	180	80075396	-29	-25	11	25	4	5	0	-25	-31	28	96	-54	-84
10	82	180	80077396	-26	-23	11	27	3	5	0	-22	-26	28	96	-54	-84
10	82	180	80079400	-29	-25	14	29	5	6	0	-17	-20	28	96	-54	-84
10	82	180	80081400	-36	-32	14	31	5	6	0	-12	-14	28	96	-54	-84
10	82	180	80083404	-34	-30	14	34	4	6	0	-8	-8	28	96	-54	-84
10	82	180	80085404	-42	-36	16	36	6	8	0	-2	0	28	96	-54	-84
10	82	180	80087408	-39	-34	16	39	6	7	0	4	7	28	96	-54	-84
10	82	180	80089408	-42	-36	19	45	6	8	0	10	15	28	96	-54	-84
10	82	180	80091412	-52	-44	17	44	7	9	0	17	24	28	96	-54	-84
10	82	180	80093416	-46	-40	19	46	6	8	0	23	32	28	96	-54	-84
10	82	180	80095416	-50	-42	19	47	7	9	0	30	41	28	96	-54	-84
10	82	180	80097412	-59	-51	20	50	8	10	0	38	51	28	96	-54	-84
10	82	180	80099420	-53	-47	20	53	7	10	0	45	61	28	96	-54	-84
10	82	180	80101424	-57	-48	20	54	8	11	0	53	72	28	96	-54	-84
10	82	180	80103432	-65	-58	21	56	9	11	0	62	83	28	96	-54	-84
10	82	180	80105424	-58	-52	20	56	7	11	0	69	94	28	96	-54	-84
10	82	180	80107420	-60	-53	24	66	9	12	0	78	106	28	96	-54	-84
10	82	180	80109416	-69	-62	20	60	9	12	0	87	118	28	96	-54	-84
10	82	180	80111416	-60	-55	21	62	8	12	0	95	130	28	96	-54	-84
10	82	180	80113412	-61	-57	20	61	8	11	0	103	141	28	96	-54	-84
10	82	180	80115408	-69	-65	20	61	9	13	0	112	154	28	96	-54	-84
10	82	180	80117416	-60	-56	20	63	8	12	0	120	166	28	96	-54	-84
10	82	180	80119416	-60	-57	20	62	8	12	0	128	178	28	96	-54	-84
10	82	180	80121416	-68	-65	20	61	9	12	0	137	190	28	96	-54	-84
10	82	180	80123412	-57	-58	18	62	7	12	0	144	202	28	96	-54	-84
10	82	180	80125404	-56	-57	18	61	8	12	0	152	214	28	96	-54	-84
10	82	180	80127408	-63	-64	20	67	8	13	0	160	227	28	96	-54	-84
10	82	180	80129416	-54	-55	17	59	7	12	0	167	239	28	96	-54	-84
10	82	180	80131424	-58	-61	16	58	7	12	0	174	251	28	96	-54	-84
10	82	180	80133416	-50	-54	15	55	7	11	0	181	262	28	96	-54	-84
10	82	180	80135420	-48	-51	15	55	6	10	0	187	272	28	96	-54	-84
10	82	180	80137416	-52	-58	14	52	7	11	0	194	283	28	96	-54	-84
10	82	180	80139416	-44	-49	13	51	5	10	0	199	293	28	96	-54	-84
10	82	180	80141412	-41	-47	13	49	6	10	0	205	303	28	96	-54	-84
10	82	180	80143404	-45	-51	12	48	6	10	0	211	313	28	96	-54	-84
10	82	180	80145392	-38	-44	12	45	5	9	0	216	322	28	96	-54	-84
10	82	180	80147404	-35	-41	12	48	4	8	0	220	330	28	96	-54	-84
10	82	180	80149404	-39	-47	10	42	5	9	0	225	339	28	96	-54	-84
10	82	180	80151404	-31	-37	9	38	4	8	0	229	347	28	96	-54	-84
10	82	180	80153400	-30	-36	10	38	4	7	0	233	354	28	96	-54	-84
10	82	180	80155404	-31	-40	7	36	4	8	0	237	362	28	96	-54	-84
10	82	180	80157404	-26	-33	9	33	3	6	0	240	368	28	96	-54	-84
10	82	180	80159404	-25	-30	8	32	4	7	0	244	375	28	96	-54	-84
10	82	180	80161400	-27	-34	7	30	3	6	0	247	381	28	96	-54	-84
10	82	180	80163392	-21	-27	8	28	3	6	0	250	387	28	96	-54	-84
10	82	180	80165400	-21	-25	7	26	3	5	0	253	392	28	96	-54	-84
10	82	180	80167396	-21	-28	6	24	3	5	0	256	397	28	96	-54	-84
10	82	180	80169392	-18	-22	7	26	2	5	0	258	402	28	96	-54	-84
10	82	180	80171400	-15	-21	6	20	2	4	0	260	406	28	96	-54	-84
10	82	180	80173392	-17	-23	5	20	2	4	0	262	410	28	96	-54	-84
10	82	180	80175388	-14	-17	6	19	2	4	0	264	414	28	96	-54	-84
10	82	180	80177388	-14	-18	5	16	2	3	0	266	417	28	96	-54	-84
10	82	180	80179380	-14	-17	4	16	2	3	0	268	420	28	96	-54	-84
10	82	180	80181376	-11	-15	5	15	2	3	0	270	423	28	96	-54	-84
10	82	180	80183376	-11	-14	4	14	1	3	0	271	426	28	96	-54	-84
10	82	180	80185372	-11	-15	3	12	2	3	0	273	429	28	96	-54	-84
10	82	180	80187364	-10	-13	4	13	1	2	0	274	431	28	96	-54	-84
10	82	180	80189360	-8	-11	4	11	1	3	0	275	434	28	96	-54	-84
10	82	180	80191352	-10	-12	4	13	2	2	0	277	436	28	96	-54	-84
10	82	180	80193348	-7	-10	2	10	0	2	0	277	438	28	96	-54	-84
10	82	180	80195360	-8	-9	4	8	2	2	0	279	440	28	96	-54	-84
10	82	180	80197352	-7	-10	2	9	1	2	0	280	442	28	96	-54	-84
10	82	180	80199336	-5	-9	3	9	0	2	0	280	444	28	96	-54	-84
10	82	180	80201352	-7	-9	2	9	1	1	0	281	445	28	96	-54	-84
10	82	180	80203348	-6	-8	3	7	1	2	0	282	447	28	96	-54	-84
10	82	180	80205352	-4	-7	1	8	1	1	0	283	448	28	96	-54	-84
10	82	180	80207336	-5	-7	3	7	0	2	0	283	450	28	96	-54	-84
10	82	180	80209352	-3	-8	1	6	1	1	0	284	451	28	96	-54	-84
10	82	180	80211344	-4	-6	2	8	0	2	0	284	453	28	96	-54	-84
10	82	180	80213352	-4	-5	2	5	1	1	0	285	454	28	96	-54	-84
10	82	180	80215348	-2	-6	1	5	0	1	0	285	455	28	96	-54	-84
10	82	180	80217348	-3	-5	1	5	1	1	0	286	456	28	96	-54	-84
10	82	180	80219328	-2	-4	1	4	0	0	0	286	456	28	96	-54	-84
10	82	180	80221336	-2	-5	2	3	0	1	1	286	457	28	96	-54	-84
11	82	180	80223344	-2	-4	1	3	1	1	1	29	97	28	96	-54	-84
11	82	180	80225300	0	-2	0	2	0	0	1	29	97	28	96	-54	-84
11	82	180	80227324	-1	-3	1	3	0	1	1	29	98	28	96	-54	-84
11	82	180	80229316	0	-2	1	2	0	0	1	29	98	28	96	-54	-84
11	82	180	80231320	-2	-3	0	2	0	1	1	29	99	28	96	-54	-84
11	82	180	80233284	0	-1	0	1	0	0	1	29	99	28	96	-54	-84
11	82	180	80235320	0	-1	2	1	0	0	1	29	99	28	96	-54	-84
11	82	180	80237284	0	-1	0	1	0	0	1	29	99	28	96	-54	-84
11	82	180	80239292	0	-2	0	0	0	1	1	29	100	28	96	-54	-84
11	-28	-196	80243316	0	-1	1	0	1	0	1	30	100	0	-100	28	96
11	-28	-196	80259272	1	0	0	0	0	0	1	30	100	0	-100	28	96
11	-28	-196	80265276	1	0	0	0	0	0	1	30	100	0	-100	28	96
11	-28	-196	80271272	1	0	0	0	0	0	1	30	100	0	-100	28	96
11	-28	-196	80277268	1	0	-2	0	0	0	1	30	100	0	-100	28	96
11	-28	-196	80281268	2	2	-1	0	0	0	1	30	100	0	-100	28	96
11	-28	-196	80283308	1	1	0	-1	-1	0	1	29	100	0	-100	28	96
11	-28	-196	80285292	2	1	-1	-1	0	0	1	29	100	0	-100	28	96
11	-28	-196	80287304	2	1	0	-3	0	0	1	29	100	0	-100	28	96
11	-28	-196	80289316	2	3	-1	-2	0	-1	1	29	99	0	-100	28	96
11	-28	-196	80291332	3	4	0	-4	-1	-1	1	28	98	0	-100	28	96
11	-28	-196	80293304	3	3	-2	-5	0	0	1	28	98	0	-100	28	96
11	-28	-196	80295340	4	4	-1	-5	-1	-1	1	27	97	0	-100	28	96
11	-28	-196	80297324	4	6	-1	-6	0	-2	1	27	95	0	-100	28	96
11	-28	-196	80299332	5	7	-1	-8	-1	-1	0	26	94	0	-100	28	96
11	-28	-196	80301320	5	7	0	-9	0	-2	0	26	92	0	-100	28	96
11	-28	-196	80303336	6	10	-2	-10	-1	-2	0	25	90	0	-100	28	96
11	-28	-196	80305332	8	10	-1	-11	-1	-2	0	24	88	0	-100	28	96
11	-28	-196	80307328	7	11	0	-14	-1	-2	0	23	86	0	-100	28	96
11	-28	-196	80309332	9	14	-1	-13	-1	-3	0	22	83	0	-100	28	96
11	-28	-196	80311332	10	15	0	-19	-1	-3	0	21	80	0	-100	28	96
11	-28	-196	80313320	10	15	-1	-18	-1	-4	0	20	76	0	-100	28	96
11	-28	-196	80315324	11	20	0	-20	-1	-4	0	19	72	0	-100	28	96
11	-28	-196	80317320	11	19	0	-21	-1	-4	0	18	68	0	-100	28	96
11	-28	-196	80319316	13	20	0	-24	-1	-4	0	17	64	0	-100	28	96
11	-28	-196	80321312	15	25	0	-25	-2	-5	0	15	59	0	-100	28	96
11	-28	-196	80323316	14	24	0	-26	-1	-5	0	14	54	0	-100	28	96
11	-28	-196	80325304	15	25	0	-30	-2	-6	0	12	48	0	-100	28	96
11	-28	-196	80327312	17	31	0	-30	-1	-6	0	11	42	0	-100	28	96
11	-28	-196	80329304	18	30	0	-34	-2	-6	0	9	36	0	-100	28	96
11	-28	-196	80331304	20	35	1	-35	-2	-7	0	7	29	0	-100	28	96
11	-28	-196	80333304	18	34	1	-41	-2	-8	0	5	21	0	-100	28	96
11	-28	-196	80335304	20	35	2	-40	-2	-7	0	3	14	0	-100	28	96
11	-28	-196	80337320	24	42	2	-41	-2	-8	0	1	6	0	-100	28	96
11	-28	-196	80339324	21	39	1	-44	-2	-9	0	-1	-3	0	-100	28	96
11	-28	-196	80341320	22	41	3	-45	-2	-8	0	-3	-11	0	-100	28	96
11	-28	-196	80343312	26	49	2	-47	-2	-10	0	-5	-21	0	-100	28	96
11	-28	-196	80345312	24	44	3	-49	-2	-9	0	-7	-30	0	-100	28	96
11	-28	-196	80347308	25	46	2	-51	-2	-10	0	-9	-40	0	-100	28	96
11	-28	-196	80349308	30	55	3	-53	-3	-11	0	-12	-51	0	-100	28	96
11	-28	-196	80351308	26	49	2	-54	-3	-10	0	-15	-61	0	-100	28	96
11	-28	-196	80353304	27	51	4	-62	-2	-11	0	-17	-72	0	-100	28	96
11	-28	-196	80355300	33	59	4	-58	-3	-12	0	-20	-84	0	-100	28	96
11	-28	-196	80357300	30	53	4	-57	-2	-11	0	-22	-95	0	-100	28	96
11	-28	-196	80359300	30	54	3	-60	-3	-11	0	-25	-106	0	-100	28	96
11	-28	-196	80361300	35	63	5	-60	-3	-13	0	-28	-119	0	-100	28	96
11	-28	-196	80363304	32	56	4	-60	-3	-11	0	-31	-130	0	-100	28	96
11	-28	-196	80365304	33	56	5	-61	-3	-12	0	-34	-142	0	-100	28	96
11	-28	-196	80367308	37	65	4	-62	-3	-13	0	-37	-155	0	-100	28	96
11	-28	-196	80369312	34	56	5	-61	-3	-11	0	-40	-166	0	-100	28	96
11	-28	-196	80371312	34	58	5	-70	-3	-13	0	-43	-179	0	-100	28	96
11	-28	-196	80373312	40	65	4	-61	-3	-13	0	-46	-192	0	-100	28	96
11	-28	-196	80375312	35	57	5	-61	-3	-12	0	-49	-204	0	-100	28	96
11	-28	-196	80377308	35	57	5	-62	-3	-11	0	-52	-215	0	-100	28	96
11	-28	-196	80379316	40	65	6	-61	-4	-13	0	-56	-228	0	-100	28	96
11	-28	-196	80381332	36	56	5	-60	-3	-12	0	-59	-240	0	-100	28	96
11	-28	-196	80383328	35	55	5	-60	-3	-11	0	-62	-251	0	-100	28	96
11	-28	-196	80385332	41	64	6	-59	-3	-12	0	-65	-263	0	-100	28	96
11	-28	-196	80387328	35	55	5	-57	-3	-12	0	-68	-275	0	-100	28	96
11	-28	-196	80389324	40	61	6	-58	-4	-12	0	-72	-287	0	-100	28	96
11	-28	-196	80391320	35	52	8	-62	-2	-11	0	-74	-298	0	-100	28	96
11	-28	-196	80393320	35	53	6	-56	-3	-11	0	-77	-309	0	-100	28	96
11	-28	-196	80395320	39	60	6	-55	-4	-11	0	-81	-320	0	-100	28	96
11	-28	-196	80397324	33	50	7	-53	-2	-11	0	-83	-331	0	-100	28	96
11	-28	-196	80399320	32	50	6	-52	-3	-10	0	-86	-341	0	-100	28	96
11	-28	-196	80401324	36	56	6	-52	-3	-11	0	-89	-352	0	-100	28	96
11	-28	-196	80403320	32	48	8	-51	-2	-10	0	-91	-362	0	-100	28	96
11	-28	-196	80405328	31	46	6	-49	-3	-9	0	-94	-371	0	-100	28	96
11	-28	-196	80407332	32	51	6	-47	-2	-10	0	-96	-381	0	-100	28	96
11	-28	-196	80409332	29	45	6	-51	-3	-9	0	-99	-390	0	-100	28	96
11	-28	-196	80411340	28	43	7	-45	-2	-9	0	-101	-399	0	-100	28	96
11	-28	-196	80413332	30	47	5	-43	-2	-9	0	-103	-408	0	-100	28	96
11	-28	-196	80415328	26	39	5	-41	-2	-8	0	-105	-416	0	-100	28	96
11	-28	-196	80417332	25	39	5	-40	-2	-8	0	-107	-424	0	-100	28	96
11	-28	-196	80419336	26	41	5	-36	-2	-8	0	-109	-432	0	-100	28	96
11	-28	-196	80421340	23	35	3	-37	-2	-7	0	-111	-439	0	-100	28	96
11	-28	-196	80423340	20	32	4	-32	-2	-6	0	-113	-445	0	-100	28	96
11	-28	-196	80425348	22	35	3	-30	-2	-7	0	-115	-452	0	-100	28	96
11	-28	-196	80427356	18	29	3	-33	-1	-6	0	-116	-458	0	-100	28	96
11	-28	-196	80429344	18	29	3	-25	-2	-6	0	-118	-464	0	-100	28	96
11	-28	-196	80431352	15	24	2	-23	-1	-4	0	-119	-468	0	-100	28	96
11	-28	-196	80433348	14	21	2	-20	-1	-4	0	-120	-472	0	-100	28	96
11	-28	-196	80435348	13	21	2	-18	-2	-4	0	-122	-476	0	-100	28	96
11	-28	-196	80437348	11	16	1	-16	-1	-3	0	-123	-479	0	-100	28	96
11	-28	-196	80439344	9	15	2	-14	0	-3	0	-123	-482	0	-100	28	96
11	-28	-196	80441360	8	15	1	-11	-1	-3	0	-124	-485	0	-100	28	96
11	-28	-196	80443356	8	10	0	-9	-1	-2	0	-125	-487	0	-100	28	96
11	-28	-196	80445340	5	9	1	-7	0	-1	0	-125	-488	0	-100	28	96
11	-28	-196	80447348	6	9	1	-8	-1	-2	0	-126	-490	0	-100	28	96
11	-28	-196	80449328	4	6	0	-4	0	-1	0	-126	-491	0	-100	28	96
11	-28	-196	80451332	2	4	0	-3	0	-1	0	-126	-492	0	-100	28	96
11	-28	-196	80453324	3	5	2	-3	0	-1	0	-126	-493	0	-100	28	96
11	-28	-196	80455316	1	1	0	-1	0	0	0	-126	-493	0	-100	28	96
11	-28	-196	80457280	1	3	1	0	0	0	0	-126	-493	0	-100	28	96
11	-28	-196	80461324	2	1	0	0	-1	0	0	-127	-493	0	-100	28	96
11	-28	-196	80463240	0	0	1	0	0	0	0	-127	-493	0	-100	28	96
11	-28	-196	80469276	0	0	1	0	0	0	1	-127	-493	0	-100	28	96
