1	0	-200	1788577748	0	0	1	0	0	0	1	0	-200	0	-200	0	0
1	0	-200	1788583748	0	0	1	0	0	0	1	0	-200	0	-200	0	0
1	-56	392	1788591748	0	0	2	0	0	0	1	0	-200	-56	192	0	-200
1	-56	392	1788595748	1	0	0	0	0	0	1	0	-200	-56	192	0	-200
1	-56	392	1788613756	0	2	0	0	0	0	1	0	-200	-56	192	0	-200
1	-56	392	1788649760	0	0	0	0	0	0	0	0	-200	-56	192	0	-200
1	-56	392	1788661800	0	0	0	1	0	0	0	0	-200	-56	192	0	-200
1	-56	392	1788663824	0	1	-1	2	0	0	0	0	-200	-56	192	0	-200
1	-56	392	1788665788	0	2	0	1	0	0	0	0	-200	-56	192	0	-200
1	-56	392	1788667812	0	3	-1	2	0	0	0	0	-200	-56	192	0	-200
1	-56	392	1788669792	0	4	0	4	0	1	0	0	-199	-56	192	0	-200
1	-56	392	1788671808	0	6	-1	6	0	0	0	0	-199	-56	192	0	-200
1	-56	392	1788673816	0	7	-3	7	0	1	0	0	-198	-56	192	0	-200
1	-56	392	1788675812	0	9	-1	10	0	2	0	0	-196	-56	192	0	-200
1	-56	392	1788677812	0	11	-4	10	0	1	0	0	-195	-56	192	0	-200
1	-56	392	1788679808	0	15	-2	12	0	2	0	0	-193	-56	192	0	-200
1	-56	392	1788681804	0	15	-4	15	0	3	0	0	-190	-56	192	0	-200
1	-56	392	1788683820	0	20	-5	18	-1	3	0	-1	-187	-56	192	0	-200
1	-56	392	1788685812	0	22	-6	20	0	3	0	-1	-184	-56	192	0	-200
1	-56	392	1788687820	1	26	-7	23	-1	3	0	-2	-181	-56	192	0	-200
1	-56	392	1788689808	0	27	-7	27	0	4	0	-2	-177	-56	192	0	-200
1	-56	392	1788691828	1	37	-8	30	-1	5	0	-3	-172	-56	192	0	-200
1	-56	392	1788693816	1	35	-11	40	0	6	0	-3	-166	-56	192	0	-200
1	-56	392	1788695828	3	45	-11	37	-1	6	0	-4	-160	-56	192	0	-200
1	-56	392	1788697836	1	42	-13	43	-1	7	0	-5	-153	-56	192	0	-200
1	-56	392	1788699832	3	54	-12	46	-1	7	0	-6	-146	-56	192	0	-200
1	-56	392	1788701832	2	50	-15	50	-1	8	0	-7	-138	-56	192	0	-200
1	-56	392	1788703816	4	62	-16	55	0	8	0	-7	-130	-56	192	0	-200
1	-56	392	1788705832	2	58	-17	57	-2	9	0	-9	-121	-56	192	0	-200
1	-56	392	1788707824	4	62	-18	62	-1	9	0	-10	-112	-56	192	0	-200
1	-56	392	1788709820	4	75	-20	65	-1	11	0	-11	-101	-56	192	0	-200
1	-56	392	1788711820	5	69	-22	70	-1	10	0	-12	-91	-56	192	0	-200
1	-56	392	1788713820	4	84	-23	82	-1	13	0	-13	-78	-56	192	0	-200
1	-56	392	1788715820	5	76	-23	78	-2	11	0	-15	-67	-56	192	0	-200
1	-56	392	1788717820	5	90	-24	80	-1	13	0	-16	-54	-56	192	0	-200
1	-56	392	1788719820	5	83	-25	82	-2	12	0	-18	-42	-56	192	0	-200
1	-56	392	1788721824	6	97	-25	86	-1	14	0	-19	-28	-56	192	0	-200
1	-56	392	1788723820	5	88	-25	88	-2	13	0	-21	-15	-56	192	0	-200
1	-56	392	1788725820	6	102	-27	91	-1	15	0	-22	0	-56	192	0	-200
1	-56	392	1788727824	6	93	-26	93	-2	14	0	-24	14	-56	192	0	-200
1	-56	392	1788729828	8	107	-28	95	-1	15	0	-25	29	-56	192	0	-200
1	-56	392	1788731820	5	96	-27	97	-2	14	0	-27	43	-56	192	0	-200
1	-56	392	1788733828	7	113	-32	114	-2	17	0	-29	60	-56	192	0	-200
1	-56	392	1788735828	7	99	-27	100	-1	15	0	-30	75	-56	192	0	-200
1	-56	392	1788737824	7	115	-28	101	-2	17	0	-32	92	-56	192	0	-200
1	-56	392	1788739820	8	101	-26	103	-1	15	0	-33	107	-56	192	0	-200
1	-56	392	1788741820	7	116	-26	102	-2	16	0	-35	123	-56	192	0	-200
1	-56	392	1788743820	6	103	-26	104	-1	16	0	-36	139	-56	192	0	-200
1	-56	392	1788745820	8	102	-27	104	-2	15	0	-38	154	-56	192	0	-200
1	-56	392	1788747820	7	118	-25	103	-1	17	0	-39	171	-56	192	0	-200
1	-56	392	1788749816	7	103	-25	104	-1	15	0	-40	186	-56	192	0	-200
1	-56	392	1788751816	7	118	-25	105	-2	17	0	-42	203	-56	192	0	-200
1	-56	392	1788753816	5	104	-27	119	-1	17	0	-43	220	-56	192	0	-200
1	-56	392	1788755816	6	117	-24	105	-2	16	0	-45	236	-56	192	0	-200
1	-56	392	1788757816	7	104	-24	104	-1	16	0	-46	252	-56	192	0	-200
1	-56	392	1788759816	6	119	-22	103	-1	17	0	-47	269	-56	192	0	-200
1	-56	392	1788761820	5	102	-23	105	-1	15	0	-48	284	-56	192	0	-200
1	-56	392	1788763820	6	118	-22	104	-2	17	0	-50	301	-56	192	0	-200
1	-56	392	1788765824	6	101	-21	104	-1	15	0	-51	316	-56	192	0	-200
1	-56	392	1788767824	7	117	-22	102	-1	17	0	-52	333	-56	192	0	-200
1	-56	392	1788769812	5	102	-21	103	-1	15	0	-53	348	-56	192	0	-200
1	-56	392	1788771812	6	116	-24	117	-1	17	0	-54	365	-56	192	0	-200
1	-56	392	1788773812	6	101	-20	103	-1	16	0	-55	381	-56	192	0	-200
1	-56	392	1788775824	8	115	-21	102	-1	16	0	-56	397	-56	192	0	-200
1	-56	392	1788777824	6	101	-21	103	-2	15	0	-58	412	-56	192	0	-200
1	-56	392	1788779824	7	117	-20	101	-1	17	0	-59	429	-56	192	0	-200
1	-56	392	1788781828	8	100	-21	101	-1	15	0	-60	444	-56	192	0	-200
1	-56	392	1788783820	10	115	-22	102	0	16	0	-60	460	-56	192	0	-200
1	-56	392	1788785828	9	100	-21	100	-1	15	0	-61	475	-56	192	0	-200
1	-56	392	1788787828	10	113	-20	98	-1	16	0	-62	491	-56	192	0	-200
1	-56	392	1788789832	8	98	-21	100	-1	15	0	-63	506	-56	192	0	-200
1	-56	392	1788791828	10	97	-24	112	-1	15	0	-64	521	-56	192	0	-200
1	-56	392	1788793820	12	112	-21	97	-1	16	0	-65	537	-56	192	0	-200
1	-56	392	1788795820	10	96	-21	95	-1	14	0	-66	551	-56	192	0	-200
1	-56	392	1788797804	11	109	-22	95	0	16	0	-66	567	-56	192	0	-200
1	-56	392	1788799824	11	93	-20	94	-1	14	0	-67	581	-56	192	0	-200
1	-56	392	1788801820	13	108	-21	94	-1	15	0	-68	596	-56	192	0	-200
1	-56	392	1788803820	10	92	-21	91	-1	14	0	-69	610	-56	192	0	-200
1	-56	392	1788805800	12	104	-21	91	0	14	0	-69	624	-56	192	0	-200
1	-56	392	1788807816	11	90	-22	89	-1	14	0	-70	638	-56	192	0	-200
1	-56	392	1788809820	13	100	-22	101	-1	15	0	-71	653	-56	192	0	-200
1	-56	392	1788811812	10	88	-20	85	0	13	0	-71	666	-56	192	0	-200
1	-56	392	1788813824	12	96	-20	85	-1	13	0	-72	679	-56	192	0	-200
1	-56	392	1788815824	12	84	-19	84	-1	13	0	-73	692	-56	192	0	-200
1	-56	392	1788817816	13	93	-19	81	0	13	0	-73	705	-56	192	0	-200
1	-56	392	1788819824	13	82	-18	80	0	12	0	-73	717	-56	192	0	-200
1	-56	392	1788821836	14	90	-18	79	-1	13	0	-74	730	-56	192	0	-200
1	-56	392	1788823816	13	77	-16	77	0	11	0	-74	741	-56	192	0	-200
1	-56	392	1788825816	15	85	-16	75	0	12	0	-74	732	-56	192	0	-200
1	-56	392	1788827812	14	74	-15	74	0	11	0	-74	743	-56	192	0	-200
1	-56	392	1788829808	14	71	-18	83	0	12	0	-74	755	-56	192	0	-200
1	-56	392	1788831804	15	80	-14	70	0	11	0	-74	766	-56	192	0	-200
1	-56	392	1788833800	14	68	-12	67	0	10	0	-74	776	-56	192	0	-200
1	-56	392	1788835792	16	75	-13	65	0	11	0	-74	787	-56	192	0	-200
1	-56	392	1788837788	14	62	-12	64	0	9	0	-74	796	-56	192	0	-200
1	-56	392	1788839780	16	70	-10	61	0	10	0	-74	806	-56	192	0	-200
1	-56	392	1788841776	14	58	-11	60	0	9	0	-74	729	-56	192	0	-200
1	-56	392	1788843780	15	63	-10	56	0	9	0	-74	738	-56	192	0	-200
1	-56	392	1788845796	13	53	-9	55	1	8	0	-73	746	-56	192	0	-200
1	-56	392	1788847784	14	57	-9	53	0	8	0	-73	754	-56	192	0	-200
1	-56	392	1788849780	13	49	-10	57	0	8	0	-73	762	-56	192	0	-200
1	-56	392	1788851796	13	53	-7	49	1	8	0	-72	770	-56	192	0	-200
1	-56	392	1788853784	12	43	-8	46	0	6	0	-72	776	-56	192	0	-200
1	-56	392	1788855780	11	48	-9	44	0	7	0	-72	783	-56	192	0	-200
1	-56	392	1788857776	10	40	-6	41	0	6	0	-72	789	-56	192	0	-200
1	-56	392	1788859800	10	42	-7	40	1	7	0	-71	796	-56	192	0	-200
1	-56	392	1788861784	9	35	-7	39	0	5	0	-71	725	-56	192	0	-200
1	-56	392	1788863752	7	34	-7	36	0	5	0	-71	730	-56	192	0	-200
1	-56	392	1788865776	10	38	-6	34	0	6	0	-71	736	-56	192	0	-200
1	-56	392	1788867780	6	30	-7	34	0	5	0	-71	741	-56	192	0	-200
1	-56	392	1788869776	9	32	-6	35	0	5	0	-71	746	-56	192	0	-200
1	-56	392	1788871744	6	28	-6	30	0	4	0	-71	750	-56	192	0	-200
1	-56	392	1788873768	8	28	-6	27	0	4	0	-71	754	-56	192	0	-200
1	-56	392	1788875768	6	25	-5	27	0	4	0	-71	724	-56	192	0	-200
1	-56	392	1788877764	6	27	-5	25	0	4	0	-71	728	-56	192	0	-200
1	-56	392	1788879768	5	22	-7	23	0	3	0	-71	731	-56	192	0	-200
1	-56	392	1788881760	7	24	-5	24	0	4	0	-71	735	-56	192	0	-200
1	-56	392	1788883780	5	20	-3	21	1	3	0	-70	738	-56	192	0	-200
1	-56	392	1788885772	6	21	-5	20	0	3	0	-70	741	-56	192	0	-200
1	-56	392	1788887740	4	19	-4	23	0	3	0	-70	744	-56	192	0	-200
1	-56	392	1788889764	6	19	-4	17	0	3	0	-70	747	-56	192	0	-200
1	-56	392	1788891740	4	15	-4	17	0	2	0	-70	722	-56	192	0	-200
1	-56	392	1788893768	5	17	-2	16	0	3	0	-70	725	-56	192	0	-200
1	-56	392	1788895744	3	13	-3	14	0	2	0	-70	727	-56	192	0	-200
1	-56	392	1788897772	4	15	-2	13	0	2	0	-70	729	-56	192	0	-200
1	-56	392	1788899768	4	11	-3	13	0	2	0	-70	731	-56	192	0	-200
1	-56	392	1788901788	4	12	-1	12	1	1	0	-69	732	-56	192	0	-200
1	-56	392	1788903772	3	10	-1	10	0	2	0	-69	734	-56	192	0	-200
1	-56	392	1788905768	3	9	-1	12	0	2	0	-69	736	-56	192	0	-200
1	-56	392	1788907740	2	10	-2	10	0	1	0	-69	721	-56	192	0	-200
1	-56	392	1788909768	3	8	-1	8	0	1	0	-69	722	-56	192	0	-200
1	-56	392	1788911772	4	8	-1	8	0	1	0	-69	723	-56	192	0	-200
1	-56	392	1788913772	1	7	0	7	0	1	0	-69	724	-56	192	0	-200
1	-56	392	1788915772	2	7	0	8	0	2	0	-69	726	-56	192	0	-200
1	-56	392	1788917776	3	6	0	6	1	0	0	-68	726	-56	192	0	-200
1	-56	392	1788919744	1	5	-1	5	0	1	0	-68	727	-56	192	0	-200
1	-56	392	1788921776	1	5	0	5	0	1	0	-68	728	-56	192	0	-200
1	-56	392	1788923776	2	5	0	5	0	1	0	-68	721	-56	192	0	-200
1	-56	392	1788925768	1	4	0	5	0	0	0	-68	721	-56	192	0	-200
1	-56	392	1788927780	1	4	0	4	0	1	0	-68	722	-56	192	0	-200
1	-56	392	1788929760	0	4	0	4	0	1	0	-68	723	-56	192	0	-200
1	-56	392	1788931768	1	3	0	2	0	0	0	-68	723	-56	192	0	-200
1	-56	392	1788933756	0	3	0	4	0	1	0	-68	724	-56	192	0	-200
1	-56	392	1788935768	2	2	0	2	0	0	0	-68	724	-56	192	0	-200
1	-56	392	1788937740	0	3	0	2	0	0	0	-68	724	-56	192	0	-200
1	-56	392	1788939736	0	1	0	2	0	0	0	-68	724	-56	192	0	-200
1	-56	392	1788941772	1	1	0	1	0	1	0	-68	721	-56	192	0	-200
1	-56	392	1788943736	0	3	0	2	0	0	0	-68	721	-56	192	0	-200
1	-56	392	1788945744	0	0	0	1	0	0	0	-68	721	-56	192	0	-200
1	-56	392	1788947740	0	1	0	1	0	0	0	-68	721	-56	192	0	-200
1	-56	392	1788949740	0	1	0	0	0	0	0	-68	721	-56	192	0	-200
1	-56	392	1788951740	0	0	0	1	0	0	1	-68	721	-56	192	0	-200
2	-56	392	1788957752	0	2	0	2	0	1	1	-56	193	-56	192	0	-200
2	164	-360	1789045796	0	0	0	0	0	0	0	-56	193	108	-168	-56	192
2	164	-360	1789053824	0	-1	0	-1	0	0	0	-56	193	108	-168	-56	192
2	164	-360	1789055824	0	-1	0	0	0	0	0	-56	193	108	-168	-56	192
2	164	-360	1789057816	0	-1	0	-2	0	0	0	-56	193	108	-168	-56	192
2	164	-360	1789059844	0	-3	1	-3	0	0	0	-56	193	108	-168	-56	192
2	164	-360	1789061872	0	-4	3	-2	1	-1	0	-55	192	108	-168	-56	192
2	164	-360	1789063844	1	-5	1	-5	0	0	0	-55	192	108	-168	-56	192
2	164	-360	1789065860	0	-6	4	-5	0	-1	0	-55	191	108	-168	-56	192
2	164	-360	1789067860	0	-5	2	-5	0	-1	0	-55	190	108	-168	-56	192
2	164	-360	1789069868	1	-9	5	-8	1	-1	0	-54	189	108	-168	-56	192
2	164	-360	1789071856	2	-8	7	-9	0	-2	0	-54	187	108	-168	-56	192
2	164	-360	1789073868	2	-12	5	-10	1	-1	0	-53	186	108	-168	-56	192
2	164	-360	1789075852	1	-11	7	-11	0	-2	0	-53	184	108	-168	-56	192
2	164	-360	1789077860	3	-14	9	-11	1	-2	0	-52	182	108	-168	-56	192
2	164	-360	1789079860	4	-15	10	-15	1	-2	0	-51	180	108	-168	-56	192
2	164	-360	1789081864	3	-17	10	-15	1	-2	0	-50	178	108	-168	-56	192
2	164	-360	1789083860	4	-18	12	-18	2	-3	0	-48	175	108	-168	-56	192
2	164	-360	1789085864	6	-23	14	-20	1	-3	0	-47	172	108	-168	-56	192
2	164	-360	1789087864	5	-23	16	-21	2	-4	0	-45	168	108	-168	-56	192
2	164	-360	1789089868	8	-27	18	-24	2	-3	0	-43	165	108	-168	-56	192
2	164	-360	1789091868	7	-28	22	-31	2	-5	0	-41	160	108	-168	-56	192
2	164	-360	1789093864	10	-34	22	-29	2	-5	0	-39	155	108	-168	-56	192
2	164	-360	1789095864	9	-31	22	-32	3	-4	0	-36	151	108	-168	-56	192
2	164	-360	1789097856	10	-35	25	-35	2	-6	0	-34	145	108	-168	-56	192
2	164	-360	1789099852	14	-44	26	-38	3	-6	0	-31	139	108	-168	-56	192
2	164	-360	1789101848	12	-42	29	-41	3	-6	0	-28	133	108	-168	-56	192
2	164	-360	1789103840	15	-51	30	-45	4	-7	0	-24	126	108	-168	-56	192
2	164	-360	1789105848	14	-49	33	-49	3	-8	0	-21	118	108	-168	-56	192
2	164	-360	1789107844	18	-61	33	-51	4	-8	0	-17	110	108	-168	-56	192
2	164	-360	1789109836	16	-57	38	-56	4	-8	0	-13	102	108	-168	-56	192
2	164	-360	1789111836	20	-70	40	-60	5	-10	0	-8	92	108	-168	-56	192
2	164	-360	1789113836	17	-65	47	-74	4	-11	0	-4	81	108	-168	-56	192
2	164	-360	1789115836	22	-80	45	-69	5	-11	0	1	70	108	-168	-56	192
2	164	-360	1789117836	18	-72	48	-72	5	-11	0	6	59	108	-168	-56	192
2	164	-360	1789119836	22	-90	50	-78	6	-12	0	12	47	108	-168	-56	192
2	164	-360	1789121836	20	-81	52	-80	5	-12	0	17	35	108	-168	-56	192
2	164	-360	1789123840	22	-98	54	-85	6	-14	0	23	21	108	-168	-56	192
2	164	-360	1789125836	20	-89	56	-88	5	-13	0	28	8	108	-168	-56	192
2	164	-360	1789127836	21	-106	59	-92	6	-15	0	34	-7	108	-168	-56	192
2	164	-360	1789129836	19	-95	61	-95	6	-14	0	40	-21	108	-168	-56	192
2	164	-360	1789131836	23	-114	73	-112	8	-17	0	48	-38	108	-168	-56	192
2	164	-360	1789133840	17	-101	65	-101	6	-15	0	54	-53	108	-168	-56	192
2	164	-360	1789135828	18	-104	67	-105	6	-16	0	60	-69	108	-168	-56	192
2	164	-360	1789137824	20	-121	69	-107	7	-17	0	67	-86	108	-168	-56	192
2	164	-360	1789139816	15	-109	70	-108	6	-16	0	73	-102	108	-168	-56	192
2	164	-360	1789141812	17	-125	73	-110	7	-18	0	80	-120	108	-168	-56	192
2	164	-360	1789143812	14	-112	72	-113	6	-17	0	86	-137	108	-168	-56	192
2	164	-360	1789145808	15	-130	73	-115	7	-18	0	93	-155	108	-168	-56	192
2	164	-360	1789147804	11	-115	72	-115	6	-18	0	99	-173	108	-168	-56	192
2	164	-360	1789149804	13	-133	74	-116	7	-18	0	106	-191	108	-168	-56	192
2	164	-360	1789151804	8	-116	74	-116	6	-18	0	112	-209	108	-168	-56	192
2	164	-360	1789153800	9	-132	83	-135	7	-20	0	119	-229	108	-168	-56	192
2	164	-360	1789155792	8	-117	73	-118	6	-17	0	125	-246	108	-168	-56	192
2	164	-360	1789157800	6	-132	72	-117	6	-19	0	131	-265	108	-168	-56	192
2	164	-360	1789159808	4	-116	73	-117	6	-17	0	137	-282	108	-168	-56	192
2	164	-360	1789161804	2	-132	70	-116	5	-19	0	142	-301	108	-168	-56	192
2	164	-360	1789163804	3	-112	70	-115	5	-17	0	147	-318	108	-168	-56	192
2	164	-360	1789165812	0	-129	69	-114	6	-18	0	153	-336	108	-168	-56	192
2	164	-360	1789167804	0	-111	67	-112	5	-17	0	158	-353	108	-168	-56	192
2	164	-360	1789169812	0	-109	65	-110	5	-16	0	163	-369	108	-168	-56	192
2	164	-360	1789171804	0	-122	74	-124	5	-19	0	168	-388	108	-168	-56	192
2	164	-360	1789173808	-2	-105	62	-107	5	-16	0	173	-404	108	-168	-56	192
2	164	-360	1789175800	-1	-118	62	-104	4	-16	0	177	-420	108	-168	-56	192
2	164	-360	1789177800	-3	-100	60	-103	4	-16	0	181	-436	108	-168	-56	192
2	164	-360	1789179804	-2	-111	57	-100	5	-16	0	186	-452	108	-168	-56	192
2	164	-360	1789181796	-3	-95	58	-96	4	-14	0	190	-466	108	-168	-56	192
2	164	-360	1789183796	-2	-105	55	-95	4	-15	0	194	-481	108	-168	-56	192
2	164	-360	1789185792	-2	-90	53	-91	3	-13	0	197	-494	108	-168	-56	192
2	164	-360	1789187792	-1	-99	53	-89	4	-15	0	201	-509	108	-168	-56	192
2	164	-360	1789189792	-1	-84	50	-86	4	-12	0	205	-521	108	-168	-56	192
2	164	-360	1789191792	-1	-93	56	-96	4	-14	0	209	-535	108	-168	-56	192
2	164	-360	1789193788	0	-80	48	-82	4	-13	0	213	-548	108	-168	-56	192
2	164	-360	1789195796	0	-88	46	-77	3	-12	0	216	-560	108	-168	-56	192
2	164	-360	1789197800	0	-74	46	-76	4	-11	0	220	-571	108	-168	-56	192
2	164	-360	1789199804	1	-83	44	-74	3	-12	0	223	-583	108	-168	-56	192
2	164	-360	1789201808	2	-69	42	-73	3	-11	0	226	-594	108	-168	-56	192
2	164	-360	1789203816	3	-78	43	-68	4	-11	0	230	-605	108	-168	-56	192
2	164	-360	1789205808	3	-65	41	-68	3	-10	0	233	-615	108	-168	-56	192
2	164	-360	1789207812	2	-72	40	-65	3	-10	0	236	-625	108	-168	-56	192
2	164	-360	1789209816	4	-60	44	-71	4	-10	0	240	-635	108	-168	-56	192
2	164	-360	1789211820	3	-66	37	-60	3	-9	0	243	-644	108	-168	-56	192
2	164	-360	1789213820	3	-57	37	-58	3	-9	0	246	-653	108	-168	-56	192
2	164	-360	1789215824	3	-62	35	-56	3	-9	0	249	-662	108	-168	-56	192
2	164	-360	1789217824	4	-53	33	-52	2	-7	0	251	-669	108	-168	-56	192
2	164	-360	1789219816	2	-50	33	-52	3	-8	0	254	-677	108	-168	-56	192
2	164	-360	1789221816	4	-55	30	-48	3	-8	0	257	-685	108	-168	-56	192
2	164	-360	1789223820	2	-45	30	-48	2	-7	0	259	-692	108	-168	-56	192
2	164	-360	1789225820	3	-48	27	-44	2	-7	0	261	-699	108	-168	-56	192
2	164	-360	1789227820	2	-42	30	-47	3	-6	0	264	-705	108	-168	-56	192
2	164	-360	1789229824	3	-45	25	-40	2	-7	0	266	-712	108	-168	-56	192
2	164	-360	1789231824	2	-36	23	-38	2	-5	0	268	-717	108	-168	-56	192
2	164	-360	1789233824	2	-40	22	-36	1	-6	0	269	-723	108	-168	-56	192
2	164	-360	1789235824	0	-32	19	-32	2	-5	0	271	-728	108	-168	-56	192
2	164	-360	1789237824	1	-34	19	-33	1	-5	0	272	-733	108	-168	-56	192
2	164	-360	1789239824	0	-29	16	-29	2	-4	0	274	-737	108	-168	-56	192
2	164	-360	1789241824	0	-30	15	-27	1	-4	0	275	-741	108	-168	-56	192
2	164	-360	1789243828	0	-25	14	-26	1	-4	0	276	-745	108	-168	-56	192
2	164	-360	1789245832	-1	-26	14	-27	1	-4	0	277	-749	108	-168	-56	192
2	164	-360	1789247812	-2	-20	10	-22	0	-3	0	277	-723	108	-168	-56	192
2	164	-360	1789249824	-1	-21	10	-20	1	-4	0	278	-727	108	-168	-56	192
2	164	-360	1789251808	-2	-18	8	-18	0	-2	0	278	-729	108	-168	-56	192
2	164	-360	1789253824	-2	-19	8	-17	1	-3	0	279	-732	108	-168	-56	192
2	164	-360	1789255816	-3	-13	6	-15	0	-2	0	279	-734	108	-168	-56	192
2	164	-360	1789257816	-2	-15	6	-14	0	-2	0	279	-736	108	-168	-56	192
2	164	-360	1789259832	-3	-12	5	-12	1	-2	0	280	-738	108	-168	-56	192
2	164	-360	1789261816	-2	-11	4	-12	0	-2	0	280	-740	108	-168	-56	192
2	164	-360	1789263820	-3	-10	4	-11	0	-1	0	280	-741	108	-168	-56	192
2	164	-360	1789265824	-2	-9	5	-10	0	-2	0	280	-722	108	-168	-56	192
2	164	-360	1789267824	-1	-7	2	-7	0	-1	0	280	-723	108	-168	-56	192
2	164	-360	1789269792	-3	-5	3	-8	0	-1	0	280	-724	108	-168	-56	192
2	164	-360	1789271792	-2	-6	2	-5	0	-1	0	280	-725	108	-168	-56	192
2	164	-360	1789273780	-2	-5	2	-5	0	0	0	280	-725	108	-168	-56	192
2	164	-360	1789275824	-1	-4	2	-5	0	-1	0	280	-726	108	-168	-56	192
2	164	-360	1789277792	-1	-3	1	-4	0	-1	0	280	-727	108	-168	-56	192
2	164	-360	1789279808	-1	-3	2	-2	0	0	0	280	-720	108	-168	-56	192
2	164	-360	1789281808	-2	-2	1	-3	0	0	0	280	-720	108	-168	-56	192
2	164	-360	1789283780	0	-1	0	-1	0	0	0	280	-720	108	-168	-56	192
2	164	-360	1789285792	-1	-1	1	-1	0	-1	0	280	-721	108	-168	-56	192
2	164	-360	1789287780	0	-1	0	-1	0	0	0	280	-721	108	-168	-56	192
2	164	-360	1789289772	-1	0	1	-2	0	0	0	280	-721	108	-168	-56	192
2	164	-360	1789291772	0	-2	0	0	0	0	0	280	-721	108	-168	-56	192
2	164	-360	1789293772	0	0	0	-1	0	0	0	280	-721	108	-168	-56	192
2	164	-360	1789295776	0	0	2	0	0	0	0	280	-721	108	-168	-56	192
2	164	-360	1789297776	-1	0	0	0	0	0	0	280	-720	108	-168	-56	192
2	164	-360	1789305752	0	0	0	0	0	0	1	280	-720	108	-168	-56	192
3	164	-360	1789309784	0	0	1	0	0	0	1	108	-168	108	-168	-56	192
3	164	-360	1789315784	0	1	0	0	0	0	1	108	-168	108	-168	-56	192
3	164	-360	1789317780	-2	0	0	0	0	0	1	108	-168	108	-168	-56	192
3	164	-360	1789323788	0	0	1	0	0	0	1	108	-168	108	-168	-56	192
3	-259	299	1789347796	-1	0	0	0	0	0	1	108	-168	-151	131	108	-168
3	-259	299	1789349792	0	0	1	0	0	0	1	108	-168	-151	131	108	-168
3	-259	299	1789373808	-1	0	0	0	0	0	1	108	-168	-151	131	108	-168
3	-259	299	1789395796	0	0	0	0	0	0	0	108	-168	-151	131	108	-168
3	-259	299	1789405836	0	0	-1	0	0	0	0	108	-168	-151	131	108	-168
3	-259	299	1789409840	0	1	0	1	0	0	0	108	-168	-151	131	108	-168
3	-259	299	1789411864	-1	1	-2	1	0	0	0	108	-168	-151	131	108	-168
3	-259	299	1789413864	0	3	-1	2	0	0	0	108	-168	-151	131	108	-168
3	-259	299	1789415860	-3	4	-2	3	0	0	0	108	-168	-151	131	108	-168
3	-259	299	1789417872	-1	5	-3	5	0	1	0	108	-167	-151	131	108	-168
3	-259	299	1789419876	-4	6	-4	6	0	1	0	108	-166	-151	131	108	-168
3	-259	299	1789421892	-2	9	-5	8	-1	1	0	107	-165	-151	131	108	-168
3	-259	299	1789423892	-5	8	-6	8	-1	1	0	106	-164	-151	131	108	-168
3	-259	299	1789425892	-5	13	-7	12	-1	2	0	105	-162	-151	131	108	-168
3	-259	299	1789427888	-5	14	-9	12	-1	2	0	104	-160	-151	131	108	-168
3	-259	299	1789429888	-8	18	-13	15	-1	3	0	103	-157	-151	131	108	-168
3	-259	299	1789431892	-7	18	-15	20	-2	2	0	101	-155	-151	131	108	-168
3	-259	299	1789433892	-9	24	-16	21	-2	4	0	99	-151	-151	131	108	-168
3	-259	299	1789435888	-9	23	-19	23	-2	3	0	97	-148	-151	131	108	-168
3	-259	299	1789437892	-11	32	-21	26	-2	5	0	95	-143	-151	131	108	-168
3	-259	299	1789439888	-11	28	-24	29	-3	4	0	92	-139	-151	131	108	-168
3	-259	299	1789441884	-14	39	-26	32	-3	5	0	89	-134	-151	131	108	-168
3	-259	299	1789443892	-13	36	-31	35	-3	6	0	86	-128	-151	131	108	-168
3	-259	299	1789445896	-16	45	-34	39	-4	6	0	82	-122	-151	131	108	-168
3	-259	299	1789447888	-14	43	-36	43	-4	6	0	78	-116	-151	131	108	-168
3	-259	299	1789449896	-17	52	-46	51	-5	8	0	73	-108	-151	131	108	-168
3	-259	299	1789451888	-16	49	-44	49	-4	7	0	69	-101	-151	131	108	-168
3	-259	299	1789453896	-20	59	-46	51	-5	9	0	64	-92	-151	131	108	-168
3	-259	299	1789455900	-18	55	-52	55	-5	8	0	59	-84	-151	131	108	-168
3	-259	299	1789457896	-20	66	-52	57	-6	9	0	53	-75	-151	131	108	-168
3	-259	299	1789459892	-19	60	-58	62	-5	9	0	48	-66	-151	131	108	-168
3	-259	299	1789461896	-22	73	-58	63	-6	10	0	42	-56	-151	131	108	-168
3	-259	299	1789463896	-19	67	-64	67	-7	11	0	35	-45	-151	131	108	-168
3	-259	299	1789465892	-21	69	-66	68	-6	10	0	29	-35	-151	131	108	-168
3	-259	299	1789467892	-23	82	-68	73	-7	11	0	22	-24	-151	131	108	-168
3	-259	299	1789469888	-21	74	-72	75	-7	12	0	15	-12	-151	131	108	-168
3	-259	299	1789471888	-25	88	-85	89	-8	13	0	7	1	-151	131	108	-168
3	-259	299	1789473888	-22	80	-77	78	-8	12	0	-1	13	-151	131	108	-168
3	-259	299	1789475888	-25	92	-80	83	-7	13	0	-8	26	-151	131	108	-168
3	-259	299	1789477876	-23	83	-81	84	-8	12	0	-16	38	-151	131	108	-168
3	-259	299	1789479876	-27	97	-82	85	-8	14	0	-24	52	-151	131	108	-168
3	-259	299	1789481872	-24	86	-85	87	-9	13	0	-33	65	-151	131	108	-168
3	-259	299	1789483872	-28	100	-87	89	-8	14	0	-41	79	-151	131	108	-168
3	-259	299	1789485876	-23	90	-87	90	-9	14	0	-50	93	-151	131	108	-168
3	-259	299	1789487876	-29	103	-90	90	-8	14	0	-58	107	-151	131	108	-168
3	-259	299	1789489876	-25	91	-104	105	-10	15	0	-68	122	-151	131	108	-168
3	-259	299	1789491884	-30	105	-92	92	-9	15	0	-77	137	-151	131	108	-168
3	-259	299	1789493892	-26	93	-94	94	-9	14	0	-86	151	-151	131	108	-168
3	-259	299	1789495892	-30	105	-94	93	-10	14	0	-96	165	-151	131	108	-168
3	-259	299	1789497892	-28	93	-95	93	-9	14	0	-105	179	-151	131	108	-168
3	-259	299	1789499892	-31	105	-95	94	-9	15	0	-114	194	-151	131	108	-168
3	-259	299	1789501888	-28	93	-96	93	-10	14	0	-124	208	-151	131	108	-168
3	-259	299	1789503888	-32	106	-96	93	-9	15	0	-133	223	-151	131	108	-168
3	-259	299	1789505892	-29	91	-97	93	-10	14	0	-143	237	-151	131	108	-168
3	-259	299	1789507896	-32	105	-110	105	-10	16	0	-153	253	-151	131	108	-168
3	-259	299	1789509896	-30	92	-96	91	-10	14	0	-163	267	-151	131	108	-168
3	-259	299	1789511888	-30	90	-97	91	-9	13	0	-172	280	-151	131	108	-168
3	-259	299	1789513888	-34	102	-97	89	-10	14	0	-182	294	-151	131	108	-168
3	-259	299	1789515888	-30	88	-96	89	-9	14	0	-191	308	-151	131	108	-168
3	-259	299	1789517888	-34	100	-95	89	-10	14	0	-201	322	-151	131	108	-168
3	-259	299	1789519884	-30	85	-96	86	-10	13	0	-211	335	-151	131	108	-168
3	-259	299	1789521884	-35	97	-94	85	-9	13	0	-220	348	-151	131	108	-168
3	-259	299	1789523884	-30	83	-94	84	-10	13	0	-230	361	-151	131	108	-168
3	-259	299	1789525888	-34	93	-91	82	-9	13	0	-239	374	-151	131	108	-168
3	-259	299	1789527888	-30	82	-104	93	-10	13	0	-249	387	-151	131	108	-168
3	-259	299	1789529884	-32	90	-88	80	-9	13	0	-258	400	-151	131	108	-168
3	-259	299	1789531884	-29	76	-87	77	-9	11	0	-267	411	-151	131	108	-168
3	-259	299	1789533884	-32	86	-85	76	-8	12	0	-275	423	-151	131	108	-168
3	-259	299	1789535884	-28	74	-83	74	-9	12	0	-284	435	-151	131	108	-168
3	-259	299	1789537880	-30	81	-82	73	-8	11	0	-292	446	-151	131	108	-168
3	-259	299	1789539880	-26	69	-77	70	-8	11	0	-300	457	-151	131	108	-168
3	-259	299	1789541880	-28	76	-76	68	-8	10	0	-308	467	-151	131	108	-168
3	-259	299	1789543880	-25	64	-74	67	-7	10	0	-315	477	-151	131	108	-168
3	-259	299	1789545888	-26	71	-80	72	-8	11	0	-323	488	-151	131	108	-168
3	-259	299	1789547900	-21	60	-66	63	-7	9	0	-330	497	-151	131	108	-168
3	-259	299	1789549896	-24	65	-64	58	-6	9	0	-336	506	-151	131	108	-168
3	-259	299	1789551888	-19	56	-60	58	-6	9	0	-342	515	-151	131	108	-168
3	-259	299	1789553884	-18	53	-58	55	-6	8	0	-348	523	-151	131	108	-168
3	-259	299	1789555888	-19	57	-53	52	-5	8	0	-353	531	-151	131	108	-168
3	-259	299	1789557888	-16	48	-50	52	-5	8	0	-358	539	-151	131	108	-168
3	-259	299	1789559892	-18	52	-48	47	-5	7	0	-363	546	-151	131	108	-168
3	-259	299	1789561900	-14	43	-44	46	-5	7	0	-368	553	-151	131	108	-168
3	-259	299	1789563892	-13	46	-42	44	-4	7	0	-372	560	-151	131	108	-168
3	-259	299	1789565888	-13	39	-44	48	-4	6	0	-376	566	-151	131	108	-168
3	-259	299	1789567880	-12	41	-35	38	-3	6	0	-379	572	-151	131	108	-168
3	-259	299	1789569876	-10	35	-32	37	-4	5	0	-383	577	-151	131	108	-168
3	-259	299	1789571880	-12	38	-30	35	-3	6	0	-386	583	-151	131	108	-168
3	-259	299	1789573880	-8	31	-29	32	-3	5	0	-389	588	-151	131	108	-168
3	-259	299	1789575880	-9	34	-25	33	-2	5	0	-391	593	-151	131	108	-168
3	-259	299	1789577884	-9	28	-25	30	-3	4	0	-394	597	-151	131	108	-168
3	-259	299	1789579884	-7	30	-21	27	-2	4	0	-396	601	-151	131	108	-168
3	-259	299	1789581888	-8	27	-22	28	-2	4	0	-398	605	-151	131	108	-168
3	-259	299	1789583892	-6	28	-23	30	-2	5	0	-400	610	-151	131	108	-168
3	-259	299	1789585892	-6	24	-19	23	-2	3	0	-402	613	-151	131	108	-168
3	-259	299	1789587892	-7	26	-18	24	-2	4	0	-404	617	-151	131	108	-168
3	-259	299	1789589908	-6	23	-18	24	-2	4	0	-406	621	-151	131	108	-168
3	-259	299	1789591912	-6	25	-18	22	-1	3	0	-407	624	-151	131	108	-168
3	-259	299	1789593900	-5	21	-17	23	-2	3	0	-409	627	-151	131	108	-168
3	-259	299	1789595900	-5	24	-18	21	-2	4	0	-411	631	-151	131	108	-168
3	-259	299	1789597900	-5	21	-16	21	-1	3	0	-412	634	-151	131	108	-168
3	-259	299	1789599904	-6	24	-18	22	-2	3	0	-414	637	-151	131	108	-168
3	-259	299	1789601900	-5	20	-17	21	-2	3	0	-416	640	-151	131	108	-168
3	-259	299	1789603900	-5	20	-21	24	-2	4	0	-418	644	-151	131	108	-168
3	-259	299	1789605900	-5	22	-18	20	-2	3	0	-420	647	-151	131	108	-168
3	-259	299	1789607896	-5	20	-19	20	-1	3	0	-421	650	-151	131	108	-168
3	-259	299	1789609900	-5	22	-17	20	-2	3	0	-423	653	-151	131	108	-168
3	-259	299	1789611896	-5	18	-19	20	-2	3	0	-425	656	-151	131	108	-168
3	-259	299	1789613896	-5	22	-19	18	-2	3	0	-427	659	-151	131	108	-168
3	-259	299	1789615900	-5	18	-18	20	-1	3	0	-428	662	-151	131	108	-168
3	-259	299	1789617900	-5	20	-19	19	-2	3	0	-430	665	-151	131	108	-168
3	-259	299	1789619904	-5	18	-19	18	-2	2	0	-432	667	-151	131	108	-168
3	-259	299	1789621904	-5	20	-21	21	-2	3	0	-434	670	-151	131	108	-168
3	-259	299	1789623904	-5	17	-19	17	-2	3	0	-436	673	-151	131	108	-168
3	-259	299	1789625904	-5	19	-17	17	-1	3	0	-437	676	-151	131	108	-168
3	-259	299	1789627908	-4	16	-18	16	-2	2	0	-439	678	-151	131	108	-168
3	-259	299	1789629908	-6	18	-17	16	-2	3	0	-441	681	-151	131	108	-168
3	-259	299	1789631908	-4	15	-17	15	-1	2	0	-442	683	-151	131	108	-168
3	-259	299	1789633912	-5	15	-15	15	-2	2	0	-444	685	-151	131	108	-168
3	-259	299	1789635912	-5	14	-15	14	-1	2	0	-445	687	-151	131	108	-168
3	-259	299	1789637916	-5	15	-15	14	-2	2	0	-447	689	-151	131	108	-168
3	-259	299	1789639916	-4	12	-15	15	-1	2	0	-448	691	-151	131	108	-168
3	-259	299	1789641920	-5	13	-12	11	-1	2	0	-449	693	-151	131	108	-168
3	-259	299	1789643916	-4	11	-13	11	-2	2	0	-451	695	-151	131	108	-168
3	-259	299	1789645920	-3	11	-10	10	-1	1	0	-452	696	-151	131	108	-168
3	-259	299	1789647920	-4	9	-10	10	-1	2	0	-453	698	-151	131	108	-168
3	-259	299	1789649912	-4	9	-10	9	-1	1	0	-454	699	-151	131	108	-168
3	-259	299	1789651916	-4	10	-7	9	-1	2	0	-455	701	-151	131	108	-168
3	-259	299	1789653908	-2	6	-8	7	0	1	0	-455	702	-151	131	108	-168
3	-259	299	1789655924	-4	7	-7	8	-1	1	0	-456	703	-151	131	108	-168
3	-259	299	1789657924	-2	7	-8	7	-1	1	0	-457	704	-151	131	108	-168
3	-259	299	1789659920	-3	6	-5	5	-1	1	0	-458	705	-151	131	108	-168
3	-259	299	1789661896	-2	5	-5	6	0	0	0	-458	705	-151	131	108	-168
3	-259	299	1789663908	-2	6	-3	5	0	1	0	-458	706	-151	131	108	-168
3	-259	299	1789665924	-2	4	-4	4	-1	1	0	-459	707	-151	131	108	-168
3	-259	299	1789667896	-1	4	-4	4	0	0	0	-459	707	-151	131	108	-168
3	-259	299	1789669924	-2	3	-4	4	-1	1	0	-460	708	-151	131	108	-168
3	-259	299	1789671900	-1	4	-2	3	0	0	0	-460	708	-151	131	108	-168
3	-259	299	1789673916	-1	3	-3	3	0	1	0	-460	709	-151	131	108	-168
3	-259	299	1789675908	-1	3	-1	2	0	0	0	-460	709	-151	131	108	-168
3	-259	299	1789677936	-2	2	-2	3	-1	1	0	-461	710	-151	131	108	-168
3	-259	299	1789679912	0	2	-3	2	0	0	0	-461	710	-151	131	108	-168
3	-259	299	1789681908	-1	3	-1	3	0	0	0	-461	710	-151	131	108	-168
3	-259	299	1789683924	0	1	-1	1	0	1	0	-461	711	-151	131	108	-168
3	-259	299	1789685908	-1	1	-2	1	0	0	0	-461	711	-151	131	108	-168
3	-259	299	1789687912	0	3	-1	2	0	0	0	-461	711	-151	131	108	-168
3	-259	299	1789689924	0	1	-1	1	-1	0	0	-462	711	-151	131	108	-168
3	-259	299	1789691916	-1	1	0	1	0	0	0	-462	711	-151	131	108	-168
3	-259	299	1789693908	0	0	-1	1	0	0	0	-462	711	-151	131	108	-168
3	-259	299	1789695892	0	1	0	2	0	1	0	-462	712	-151	131	108	-168
3	-259	299	1789697876	-2	0	-2	0	0	0	0	-462	712	-151	131	108	-168
3	-259	299	1789699872	0	2	0	1	0	0	0	-462	712	-151	131	108	-168
3	-259	299	1789701872	0	0	-1	0	0	0	0	-462	712	-151	131	108	-168
3	-259	299	1789703876	0	1	0	0	0	0	1	-462	712	-151	131	108	-168
4	-259	299	1789707900	-1	0	0	1	0	0	1	-151	131	-151	131	108	-168
4	333	-214	1789743896	1	0	0	0	0	0	1	-151	131	182	-83	-151	131
4	333	-214	1789751896	1	0	1	0	0	0	1	-151	131	182	-83	-151	131
4	333	-214	1789757900	1	0	0	0	0	0	1	-151	131	182	-83	-151	131
4	333	-214	1789759900	0	-1	0	0	0	0	1	-151	131	182	-83	-151	131
4	333	-214	1789763904	1	0	0	0	0	0	1	-151	131	182	-83	-151	131
4	333	-214	1789765900	0	0	1	0	0	0	1	-151	131	182	-83	-151	131
4	333	-214	1789767924	2	0	0	-2	0	0	1	-151	131	182	-83	-151	131
4	333	-214	1789769896	0	-1	0	0	0	0	1	-151	131	182	-83	-151	131
4	333	-214	1789771888	1	0	0	0	0	0	1	-151	131	182	-83	-151	131
4	333	-214	1789775888	1	0	0	0	0	0	1	-151	131	182	-83	-151	131
4	333	-214	1789777904	1	-1	1	0	0	0	1	-151	131	182	-83	-151	131
4	333	-214	1789779876	0	0	0	-1	0	0	1	-151	131	182	-83	-151	131
4	333	-214	1789781880	2	0	0	0	0	0	1	-151	131	182	-83	-151	131
4	333	-214	1789783904	1	-1	0	0	0	0	1	-151	131	182	-83	-151	131
4	333	-214	1789785900	1	-2	1	-1	0	0	1	-151	131	182	-83	-151	131
4	333	-214	1789787904	3	-1	0	-1	0	0	1	-151	131	182	-83	-151	131
4	333	-214	1789789912	1	-1	2	-2	1	0	0	-150	131	182	-83	-151	131
4	333	-214	1789791900	2	-3	1	-2	0	0	0	-150	131	182	-83	-151	131
4	333	-214	1789793916	3	-2	1	-3	0	-1	0	-150	130	182	-83	-151	131
4	333	-214	1789795904	1	-4	1	-3	0	0	0	-150	130	182	-83	-151	131
4	333	-214	1789797932	4	-5	3	-4	1	-1	0	-149	129	182	-83	-151	131
4	333	-214	1789799916	2	-4	4	-5	0	-1	0	-149	128	182	-83	-151	131
4	333	-214	1789801928	4	-7	3	-5	1	-1	0	-148	127	182	-83	-151	131
4	333	-214	1789803928	3	-6	4	-8	0	-1	0	-148	126	182	-83	-151	131
4	333	-214	1789805948	5	-9	6	-7	1	-1	0	-147	125	182	-83	-151	131
4	333	-214	1789807948	5	-9	8	-10	1	-1	0	-146	124	182	-83	-151	131
4	333	-214	1789809940	5	-11	9	-10	1	-2	0	-145	122	182	-83	-151	131
4	333	-214	1789811936	5	-11	10	-11	1	-1	0	-144	121	182	-83	-151	131
4	333	-214	1789813940	7	-14	12	-13	2	-2	0	-142	119	182	-83	-151	131
4	333	-214	1789815940	6	-15	14	-14	1	-3	0	-141	116	182	-83	-151	131
4	333	-214	1789817940	9	-18	16	-15	2	-2	0	-139	114	182	-83	-151	131
4	333	-214	1789819944	8	-16	19	-17	2	-3	0	-137	111	182	-83	-151	131
4	333	-214	1789821940	10	-21	21	-19	2	-3	0	-135	108	182	-83	-151	131
4	333	-214	1789823936	11	-20	24	-19	3	-3	0	-132	105	182	-83	-151	131
4	333	-214	1789825936	12	-25	27	-21	3	-3	0	-129	102	182	-83	-151	131
4	333	-214	1789827928	13	-24	30	-24	3	-4	0	-126	98	182	-83	-151	131
4	333	-214	1789829936	15	-29	39	-27	4	-4	0	-122	94	182	-83	-151	131
4	333	-214	1789831940	15	-26	38	-26	4	-4	0	-118	90	182	-83	-151	131
4	333	-214	1789833936	19	-32	40	-28	5	-4	0	-113	86	182	-83	-151	131
4	333	-214	1789835940	17	-32	45	-30	4	-5	0	-109	81	182	-83	-151	131
4	333	-214	1789837932	23	-38	48	-31	6	-5	0	-103	76	182	-83	-151	131
4	333	-214	1789839940	20	-35	53	-33	5	-5	0	-98	71	182	-83	-151	131
4	333	-214	1789841936	22	-37	56	-36	6	-6	0	-92	65	182	-83	-151	131
4	333	-214	1789843940	26	-45	61	-37	6	-6	0	-86	59	182	-83	-151	131
4	333	-214	1789845936	25	-42	64	-39	7	-6	0	-79	53	182	-83	-151	131
4	333	-214	1789847940	30	-50	79	-49	8	-7	0	-71	46	182	-83	-151	131
4	333	-214	1789849944	28	-46	72	-44	8	-7	0	-63	39	182	-83	-151	131
4	333	-214	1789851948	34	-55	78	-46	8	-8	0	-55	31	182	-83	-151	131
4	333	-214	1789853944	30	-52	80	-47	8	-7	0	-47	24	182	-83	-151	131
4	333	-214	1789855948	36	-61	84	-50	9	-8	0	-38	16	182	-83	-151	131
4	333	-214	1789857944	34	-55	88	-54	10	-8	0	-28	8	182	-83	-151	131
4	333	-214	1789859948	38	-66	92	-55	9	-10	0	-19	-2	182	-83	-151	131
4	333	-214	1789861948	37	-61	95	-58	10	-8	0	-9	-10	182	-83	-151	131
4	333	-214	1789863944	42	-72	98	-58	11	-10	0	2	-20	182	-83	-151	131
4	333	-214	1789865932	38	-65	118	-70	11	-10	0	13	-30	182	-83	-151	131
4	333	-214	1789867932	43	-77	106	-64	12	-11	0	25	-41	182	-83	-151	131
4	333	-214	1789869932	39	-69	109	-66	11	-10	0	36	-51	182	-83	-151	131
4	333	-214	1789871932	46	-82	112	-67	12	-11	0	48	-62	182	-83	-151	131
4	333	-214	1789873928	42	-73	117	-67	11	-11	0	59	-73	182	-83	-151	131
4	333	-214	1789875928	47	-85	117	-70	13	-11	0	72	-84	182	-83	-151	131
4	333	-214	1789877924	43	-76	121	-69	12	-11	0	84	-95	182	-83	-151	131
4	333	-214	1789879924	42	-78	124	-71	13	-11	0	97	-106	182	-83	-151	131
4	333	-214	1789881920	50	-88	125	-71	13	-12	0	110	-118	182	-83	-151	131
4	333	-214	1789883924	44	-79	128	-73	13	-12	0	123	-130	182	-83	-151	131
4	333	-214	1789885920	50	-91	148	-84	14	-13	0	137	-143	182	-83	-151	131
4	333	-214	1789887920	45	-79	130	-72	14	-11	0	151	-154	182	-83	-151	131
4	333	-214	1789889916	51	-91	133	-73	13	-12	0	164	-166	182	-83	-151	131
4	333	-214	1789891916	45	-79	132	-72	14	-12	0	178	-178	182	-83	-151	131
4	333	-214	1789893920	53	-90	133	-73	14	-12	0	192	-190	182	-83	-151	131
4	333	-214	1789895916	46	-79	131	-72	13	-11	0	205	-201	182	-83	-151	131
4	333	-214	1789897916	51	-87	133	-73	14	-12	0	219	-213	182	-83	-151	131
4	333	-214	1789899912	46	-77	130	-70	13	-11	0	232	-224	182	-83	-151	131
4	333	-214	1789901912	52	-85	130	-70	13	-12	0	245	-236	182	-83	-151	131
4	333	-214	1789903916	45	-72	127	-68	13	-11	0	258	-247	182	-83	-151	131
4	333	-214	1789905908	51	-80	143	-78	15	-11	0	273	-258	182	-83	-151	131
4	333	-214	1789907908	44	-69	122	-66	12	-10	0	285	-268	182	-83	-151	131
4	333	-214	1789909904	51	-76	120	-64	13	-11	0	298	-279	182	-83	-151	131
4	333	-214	1789911904	44	-65	118	-64	12	-10	0	310	-289	182	-83	-151	131
4	333	-214	1789913904	48	-71	113	-61	12	-10	0	322	-299	182	-83	-151	131
4	333	-214	1789915904	43	-60	110	-59	12	-8	0	334	-307	182	-83	-151	131
4	333	-214	1789917900	40	-59	108	-57	11	-9	0	345	-316	182	-83	-151	131
4	333	-214	1789919896	46	-64	102	-56	11	-9	0	356	-325	182	-83	-151	131
4	333	-214	1789921888	40	-54	100	-53	11	-8	0	367	-333	182	-83	-151	131
4	333	-214	1789923892	44	-58	97	-51	10	-8	0	377	-341	182	-83	-151	131
4	333	-214	1789925892	36	-49	91	-50	10	-8	0	387	-349	182	-83	-151	131
4	333	-214	1789927892	40	-54	101	-54	10	-8	0	397	-357	182	-83	-151	131
4	333	-214	1789929888	35	-45	85	-44	9	-7	0	406	-364	182	-83	-151	131
4	333	-214	1789931896	38	-49	81	-42	9	-6	0	415	-370	182	-83	-151	131
4	333	-214	1789933888	31	-41	78	-40	8	-6	0	423	-376	182	-83	-151	131
4	333	-214	1789935884	35	-45	75	-39	9	-7	0	432	-383	182	-83	-151	131
4	333	-214	1789937880	29	-36	71	-36	7	-5	0	439	-388	182	-83	-151	131
4	333	-214	1789939876	32	-41	69	-35	8	-6	0	447	-394	182	-83	-151	131
4	333	-214	1789941872	26	-34	65	-33	7	-5	0	454	-399	182	-83	-151	131
4	333	-214	1789943872	30	-36	64	-31	7	-5	0	461	-404	182	-83	-151	131
4	333	-214	1789945868	24	-30	60	-30	6	-4	0	467	-408	182	-83	-151	131
4	333	-214	1789947856	26	-33	65	-32	7	-5	0	474	-413	182	-83	-151	131
4	333	-214	1789949852	22	-27	55	-27	5	-4	0	479	-417	182	-83	-151	131
4	333	-214	1789951848	21	-27	52	-25	6	-4	0	485	-421	182	-83	-151	131
4	333	-214	1789953852	22	-27	50	-23	5	-4	0	490	-425	182	-83	-151	131
4	333	-214	1789955856	18	-24	49	-23	5	-4	0	495	-429	182	-83	-151	131
4	333	-214	1789957848	20	-25	45	-21	5	-3	0	500	-432	182	-83	-151	131
4	333	-214	1789959852	17	-20	44	-20	5	-3	0	505	-435	182	-83	-151	131
4	333	-214	1789961856	18	-22	40	-20	4	-3	0	509	-438	182	-83	-151	131
4	333	-214	1789963856	15	-18	38	-18	4	-3	0	513	-441	182	-83	-151	131
4	333	-214	1789965860	15	-19	38	-16	4	-2	0	517	-443	182	-83	-151	131
4	333	-214	1789967864	12	-15	39	-17	4	-3	0	521	-446	182	-83	-151	131
4	333	-214	1789969868	13	-16	31	-14	3	-2	0	524	-448	182	-83	-151	131
4	333	-214	1789971872	10	-12	29	-13	3	-2	0	527	-450	182	-83	-151	131
4	333	-214	1789973876	11	-14	26	-12	3	-2	0	530	-452	182	-83	-151	131
4	333	-214	1789975884	9	-10	25	-10	3	-1	0	533	-453	182	-83	-151	131
4	333	-214	1789977884	7	-11	21	-10	2	-2	0	535	-455	182	-83	-151	131
4	333	-214	1789979888	8	-8	20	-9	2	-1	0	537	-456	182	-83	-151	131
4	333	-214	1789981888	6	-9	18	-7	2	-1	0	539	-457	182	-83	-151	131
4	333	-214	1789983896	5	-6	17	-7	1	-1	0	540	-458	182	-83	-151	131
4	333	-214	1789985884	4	-6	13	-6	1	-1	0	541	-459	182	-83	-151	131
4	333	-214	1789987892	4	-4	11	-5	2	-1	0	543	-460	182	-83	-151	131
4	333	-214	1789989868	2	-5	10	-4	0	-1	0	543	-461	182	-83	-151	131
4	333	-214	1789991868	3	-2	7	-2	1	0	0	544	-461	182	-83	-151	131
4	333	-214	1789993884	2	-3	8	-4	1	-1	0	545	-462	182	-83	-151	131
4	333	-214	1789995860	1	-2	5	-1	0	0	0	545	-462	182	-83	-151	131
4	333	-214	1789997872	0	-2	4	-3	1	0	0	546	-462	182	-83	-151	131
4	333	-214	1789999864	2	-1	3	-1	0	0	0	546	-462	182	-83	-151	131
4	333	-214	1790001868	0	-1	3	-1	0	0	0	546	-462	182	-83	-151	131
4	333	-214	1790003836	0	0	1	0	0	0	0	546	-462	182	-83	-151	131
4	333	-214	1790005876	0	0	1	-1	0	-1	0	546	-463	182	-83	-151	131
4	333	-214	1790007844	0	0	2	0	1	0	0	547	-463	182	-83	-151	131
4	333	-214	1790017836	0	0	1	0	0	0	0	547	-463	182	-83	-151	131
4	333	-214	1790019808	0	0	0	0	0	0	1	547	-463	182	-83	-151	131
5	333	-214	1790029848	0	0	1	0	0	0	1	182	-83	182	-83	-151	131
5	-380	111	1790075880	1	0	0	0	0	0	1	182	-83	-198	28	182	-83
5	-380	111	1790103900	1	0	0	0	0	0	1	182	-83	-198	28	182	-83
5	-380	111	1790113912	0	-1	0	0	0	0	1	182	-83	-198	28	182	-83
5	-380	111	1790117864	0	0	0	0	0	0	0	182	-83	-198	28	182	-83
5	-380	111	1790125904	0	0	-2	0	0	0	0	182	-83	-198	28	182	-83
5	-380	111	1790129900	0	0	-2	0	0	0	0	182	-83	-198	28	182	-83
5	-380	111	1790131904	0	0	-1	0	0	0	0	182	-83	-198	28	182	-83
5	-380	111	1790133908	0	0	-4	0	0	0	0	182	-83	-198	28	182	-83
5	-380	111	1790135940	-2	1	-4	0	0	0	0	182	-83	-198	28	182	-83
5	-380	111	1790137944	-1	2	-5	1	-1	0	0	181	-83	-198	28	182	-83
5	-380	111	1790139928	-1	3	-7	3	0	0	0	181	-83	-198	28	182	-83
5	-380	111	1790141956	-3	3	-9	2	-1	1	0	180	-82	-198	28	182	-83
5	-380	111	1790143944	-3	5	-11	5	-1	0	0	179	-82	-198	28	182	-83
5	-380	111	1790145956	-5	5	-14	5	-2	1	0	177	-81	-198	28	182	-83
5	-380	111	1790147960	-7	7	-16	7	-1	1	0	176	-80	-198	28	182	-83
5	-380	111	1790149952	-6	9	-20	7	-2	1	0	174	-79	-198	28	182	-83
5	-380	111	1790151952	-9	11	-27	10	-3	2	0	171	-77	-198	28	182	-83
5	-380	111	1790153956	-10	10	-26	10	-3	1	0	168	-76	-198	28	182	-83
5	-380	111	1790155948	-13	15	-31	13	-3	2	0	165	-74	-198	28	182	-83
5	-380	111	1790157948	-14	15	-35	13	-4	3	0	161	-71	-198	28	182	-83
5	-380	111	1790159944	-18	19	-39	17	-4	2	0	157	-69	-198	28	182	-83
5	-380	111	1790161940	-18	20	-44	17	-5	3	0	152	-66	-198	28	182	-83
5	-380	111	1790163936	-20	20	-48	20	-5	3	0	147	-63	-198	28	182	-83
5	-380	111	1790165932	-27	26	-54	23	-6	4	0	141	-59	-198	28	182	-83
5	-380	111	1790167936	-26	25	-59	23	-6	3	0	135	-56	-198	28	182	-83
5	-380	111	1790169932	-34	30	-65	25	-8	4	0	127	-52	-198	28	182	-83
5	-380	111	1790171936	-31	29	-79	33	-8	5	0	119	-47	-198	28	182	-83
5	-380	111	1790173932	-40	34	-76	30	-9	5	0	110	-42	-198	28	182	-83
5	-380	111	1790175928	-39	32	-80	31	-8	5	0	102	-37	-198	28	182	-83
5	-380	111	1790177924	-47	38	-86	34	-10	5	0	92	-32	-198	28	182	-83
5	-380	111	1790179920	-45	35	-91	35	-11	5	0	81	-27	-198	28	182	-83
5	-380	111	1790181920	-55	41	-98	36	-11	6	0	70	-21	-198	28	182	-83
5	-380	111	1790183924	-50	38	-102	39	-12	6	0	58	-15	-198	28	182	-83
5	-380	111	1790185916	-63	43	-108	39	-12	6	0	46	-9	-198	28	182	-83
5	-380	111	1790187920	-56	40	-112	40	-13	6	0	33	-3	-198	28	182	-83
5	-380	111	1790189924	-70	48	-118	41	-14	7	0	19	4	-198	28	182	-83
5	-380	111	1790191932	-62	41	-141	49	-15	6	0	4	10	-198	28	182	-83
5	-380	111	1790193924	-77	49	-128	42	-16	7	0	-12	17	-198	28	182	-83
5	-380	111	1790195928	-70	44	-135	44	-15	7	0	-27	24	-198	28	182	-83
5	-380	111	1790197936	-82	50	-138	44	-17	7	0	-44	31	-198	28	182	-83
5	-380	111	1790199932	-75	45	-144	46	-16	7	0	-60	38	-198	28	182	-83
5	-380	111	1790201928	-89	52	-149	46	-18	7	0	-78	45	-198	28	182	-83
5	-380	111	1790203920	-80	46	-152	46	-17	7	0	-95	52	-198	28	182	-83
5	-380	111	1790205920	-82	47	-157	47	-18	7	0	-113	59	-198	28	182	-83
5	-380	111	1790207916	-97	55	-161	47	-19	8	0	-132	67	-198	28	182	-83
5	-380	111	1790209916	-86	47	-164	48	-19	7	0	-151	74	-198	28	182	-83
5	-380	111	1790211908	-100	56	-190	53	-22	8	0	-173	82	-198	28	182	-83
5	-380	111	1790213912	-89	49	-170	49	-19	7	0	-192	89	-198	28	182	-83
5	-380	111	1790215904	-103	56	-172	49	-21	8	0	-213	97	-198	28	182	-83
5	-380	111	1790217904	-92	50	-174	49	-20	8	0	-233	105	-198	28	182	-83
5	-380	111	1790219904	-105	58	-174	48	-21	8	0	-254	113	-198	28	182	-83
5	-380	111	1790221908	-92	50	-175	49	-20	7	0	-274	120	-198	28	182	-83
5	-380	111	1790223904	-106	56	-176	49	-21	8	0	-295	128	-198	28	182	-83
5	-380	111	1790225900	-93	50	-175	49	-20	7	0	-315	135	-198	28	182	-83
5	-380	111	1790227908	-105	56	-175	47	-21	8	0	-336	143	-198	28	182	-83
5	-380	111	1790229920	-91	49	-197	54	-22	8	0	-358	151	-198	28	182	-83
5	-380	111	1790231932	-104	55	-173	47	-21	7	0	-379	158	-198	28	182	-83
5	-380	111	1790233920	-89	46	-169	45	-19	7	0	-398	165	-198	28	182	-83
5	-380	111	1790235928	-101	54	-166	45	-20	8	0	-418	173	-198	28	182	-83
5	-380	111	1790237928	-86	45	-164	44	-19	6	0	-437	179	-198	28	182	-83
5	-380	111	1790239924	-96	51	-160	44	-19	7	0	-456	186	-198	28	182	-83
5	-380	111	1790241920	-83	43	-156	42	-18	7	0	-474	193	-198	28	182	-83
5	-380	111	1790243928	-92	47	-154	42	-18	6	0	-492	199	-198	28	182	-83
5	-380	111	1790245920	-80	42	-150	41	-17	7	0	-509	206	-198	28	182	-83
5	-380	111	1790247916	-77	38	-146	39	-17	5	0	-526	211	-198	28	182	-83
5	-380	111	1790249924	-86	44	-161	42	-19	7	0	-545	218	-198	28	182	-83
5	-380	111	1790251916	-72	36	-136	36	-15	5	0	-560	223	-198	28	182	-83
5	-380	111	1790253920	-82	40	-133	34	-16	6	0	-576	229	-198	28	182	-83
5	-380	111	1790255924	-67	34	-129	33	-15	5	0	-591	234	-198	28	182	-83
5	-380	111	1790257928	-75	38	-125	32	-15	5	0	-606	239	-198	28	182	-83
5	-380	111	1790259932	-64	31	-121	30	-14	5	0	-620	244	-198	28	182	-83
5	-380	111	1790261936	-70	35	-117	30	-14	5	0	-634	249	-198	28	182	-83
5	-380	111	1790263944	-59	29	-114	30	-13	4	0	-647	253	-198	28	182	-83
5	-380	111	1790265948	-63	31	-124	31	-14	5	0	-661	258	-198	28	182	-83
5	-380	111	1790267940	-55	27	-106	28	-12	4	0	-673	262	-198	28	182	-83
5	-380	111	1790269948	-59	29	-101	26	-12	4	0	-685	266	-198	28	182	-83
5	-380	111	1790271948	-50	25	-98	25	-11	4	0	-696	270	-198	28	182	-83
5	-380	111	1790273952	-54	28	-94	25	-11	4	0	-707	274	-198	28	182	-83
5	-380	111	1790275960	-45	22	-90	24	-10	3	0	-717	277	-198	28	182	-83
5	-380	111	1790277960	-49	25	-86	22	-11	4	0	-728	281	-198	28	182	-83
5	-380	111	1790279964	-40	21	-82	22	-9	3	0	-737	284	-198	28	182	-83
5	-380	111	1790281960	-43	24	-79	20	-9	3	0	-746	287	-198	28	182	-83
5	-380	111	1790283964	-37	19	-75	20	-8	3	0	-754	290	-198	28	182	-83
5	-380	111	1790285968	-38	20	-81	21	-9	3	0	-763	293	-198	28	182	-83
5	-380	111	1790287964	-33	17	-67	17	-8	3	0	-771	296	-198	28	182	-83
5	-380	111	1790289972	-32	18	-62	18	-7	2	0	-778	298	-198	28	182	-83
5	-380	111	1790291960	-28	15	-59	15	-6	3	0	-784	301	-198	28	182	-83
5	-380	111	1790293960	-29	16	-55	15	-7	2	0	-791	303	-198	28	182	-83
5	-380	111	1790295956	-22	13	-51	14	-5	2	0	-796	305	-198	28	182	-83
5	-380	111	1790297952	-24	13	-46	13	-5	2	0	-801	307	-198	28	182	-83
5	-380	111	1790299948	-19	12	-43	12	-5	2	0	-806	309	-198	28	182	-83
5	-380	111	1790301944	-16	10	-40	11	-4	1	0	-810	310	-198	28	182	-83
5	-380	111	1790303936	-17	10	-35	9	-4	2	0	-814	312	-198	28	182	-83
5	-380	111	1790305940	-13	7	-36	10	-4	1	0	-818	313	-198	28	182	-83
5	-380	111	1790307940	-14	9	-28	8	-3	1	0	-821	314	-198	28	182	-83
5	-380	111	1790309940	-10	5	-25	7	-3	1	0	-824	315	-198	28	182	-83
5	-380	111	1790311940	-8	6	-20	5	-2	1	0	-826	316	-198	28	182	-83
5	-380	111	1790313948	-8	5	-18	5	-2	1	0	-828	317	-198	28	182	-83
5	-380	111	1790315928	-6	4	-17	5	-1	0	0	-829	317	-198	28	182	-83
5	-380	111	1790317944	-5	4	-12	2	-2	1	0	-831	318	-198	28	182	-83
5	-380	111	1790319928	-4	2	-11	4	-1	0	0	-832	318	-198	28	182	-83
5	-380	111	1790321940	-2	3	-9	2	-1	1	0	-833	319	-198	28	182	-83
5	-380	111	1790323916	-3	1	-8	2	0	0	0	-833	319	-198	28	182	-83
5	-380	111	1790325920	-1	1	-6	2	-1	0	0	-834	319	-198	28	182	-83
5	-380	111	1790327904	0	1	-4	1	0	0	0	-834	319	-198	28	182	-83
5	-380	111	1790329916	-1	2	-3	2	0	1	0	-834	320	-198	28	182	-83
5	-380	111	1790331888	0	0	-2	0	-1	0	0	-835	320	-198	28	182	-83
5	-380	111	1790333904	0	1	-2	1	0	0	0	-835	320	-198	28	182	-83
5	-380	111	1790341880	0	1	0	0	0	0	0	-835	320	-198	28	182	-83
5	-380	111	1790343876	0	0	0	1	0	0	0	-835	320	-198	28	182	-83
5	-380	111	1790351880	1	0	0	0	0	0	0	-835	320	-198	28	182	-83
5	-380	111	1790353852	0	0	0	0	0	0	1	-835	320	-198	28	182	-83
6	-380	111	1790355884	0	0	2	0	0	0	1	-198	28	-198	28	182	-83
6	396	0	1790359884	0	1	0	0	0	0	1	-198	28	198	28	-198	28
6	396	0	1790361884	0	0	1	0	0	0	1	-198	28	198	28	-198	28
6	396	0	1790365884	2	0	0	0	0	0	1	-198	28	198	28	-198	28
6	396	0	1790367884	0	0	1	0	0	0	1	-198	28	198	28	-198	28
6	396	0	1790379888	0	0	1	0	0	0	1	-198	28	198	28	-198	28
6	396	0	1790397912	-1	0	0	0	0	0	1	-198	28	198	28	-198	28
6	396	0	1790415924	0	-1	0	0	0	0	1	-198	28	198	28	-198	28
6	396	0	1790421952	1	-2	0	-2	0	0	1	-198	28	198	28	-198	28
6	396	0	1790423952	1	-1	2	0	0	0	1	-198	28	198	28	-198	28
6	396	0	1790425952	0	-1	1	-1	0	0	1	-198	28	198	28	-198	28
6	396	0	1790427952	2	-3	0	-2	0	0	1	-198	28	198	28	-198	28
6	396	0	1790429968	2	-2	2	-3	1	0	1	-197	28	198	28	-198	28
6	396	0	1790431960	2	-3	3	-2	0	-1	1	-197	27	198	28	-198	28
6	396	0	1790433948	1	-3	2	-4	0	0	1	-197	27	198	28	-198	28
6	396	0	1790435976	4	-5	4	-4	1	-1	1	-196	26	198	28	-198	28
6	396	0	1790437964	3	-5	6	-6	0	-1	0	-196	25	198	28	-198	28
6	396	0	1790439976	3	-7	5	-5	1	-1	0	-195	24	198	28	-198	28
6	396	0	1790441976	4	-6	8	-6	1	-1	0	-194	23	198	28	-198	28
6	396	0	1790443980	6	-9	9	-7	1	-1	0	-193	22	198	28	-198	28
6	396	0	1790445988	5	-7	10	-7	1	-1	0	-192	21	198	28	-198	28
6	396	0	1790447992	5	-8	12	-8	1	-1	0	-191	20	198	28	-198	28
6	396	0	1790449996	9	-10	14	-8	2	-1	0	-189	19	198	28	-198	28
6	396	0	1790451992	8	-10	16	-9	2	-2	0	-187	17	198	28	-198	28
6	396	0	1790453988	10	-11	19	-10	2	-1	0	-185	16	198	28	-198	28
6	396	0	1790455980	8	-11	25	-13	3	-2	0	-182	14	198	28	-198	28
6	396	0	1790457984	14	-13	25	-10	3	-2	0	-179	12	198	28	-198	28
6	396	0	1790459980	13	-11	29	-11	3	-2	0	-176	10	198	28	-198	28
6	396	0	1790461980	16	-12	31	-11	3	-1	0	-173	9	198	28	-198	28
6	396	0	1790463964	16	-13	34	-11	4	-2	0	-169	7	198	28	-198	28
6	396	0	1790465964	20	-14	38	-12	4	-2	0	-165	5	198	28	-198	28
6	396	0	1790467968	20	-11	42	-11	5	-2	0	-160	3	198	28	-198	28
6	396	0	1790469960	26	-14	46	-12	5	-2	0	-155	1	198	28	-198	28
6	396	0	1790471968	25	-11	49	-12	6	-1	0	-149	0	198	28	-198	28
6	396	0	1790473972	33	-14	53	-11	6	-2	0	-143	-2	198	28	-198	28
6	396	0	1790475964	30	-11	67	-12	8	-2	0	-135	-4	198	28	-198	28
6	396	0	1790477968	39	-14	62	-12	7	-2	0	-128	-6	198	28	-198	28
6	396	0	1790479976	37	-11	66	-11	8	-2	0	-120	-8	198	28	-198	28
6	396	0	1790481976	45	-14	70	-11	9	-1	0	-111	-9	198	28	-198	28
6	396	0	1790483972	44	-11	77	-11	9	-2	0	-102	-11	198	28	-198	28
6	396	0	1790485968	54	-12	78	-10	10	-2	0	-92	-13	198	28	-198	28
6	396	0	1790487968	50	-12	84	-10	10	-1	0	-82	-14	198	28	-198	28
6	396	0	1790489980	53	-11	88	-10	10	-2	0	-72	-16	198	28	-198	28
6	396	0	1790491976	65	-12	92	-10	12	-2	0	-60	-18	198	28	-198	28
6	396	0	1790493976	60	-10	110	-12	13	-1	0	-47	-19	198	28	-198	28
6	396	0	1790495972	74	-12	100	-8	13	-2	0	-34	-21	198	28	-198	28
6	396	0	1790497976	68	-10	105	-8	13	-1	0	-21	-22	198	28	-198	28
6	396	0	1790499976	80	-11	110	-9	14	-2	0	-7	-24	198	28	-198	28
6	396	0	1790501976	73	-9	113	-7	14	-1	0	7	-25	198	28	-198	28
6	396	0	1790503972	89	-11	117	-8	15	-1	0	22	-26	198	28	-198	28
6	396	0	1790505968	80	-9	121	-7	15	-1	0	37	-27	198	28	-198	28
6	396	0	1790507972	95	-8	125	-6	17	-1	0	54	-28	198	28	-198	28
6	396	0	1790509968	85	-9	130	-7	16	-2	0	70	-30	198	28	-198	28
6	396	0	1790511964	101	-9	133	-6	18	-1	0	88	-31	198	28	-198	28
6	396	0	1790513968	92	-7	157	-6	18	-1	0	106	-32	198	28	-198	28
6	396	0	1790515968	106	-8	142	-5	19	-1	0	125	-33	198	28	-198	28
6	396	0	1790517968	96	-6	145	-5	18	-1	0	143	-34	198	28	-198	28
6	396	0	1790519956	111	-8	148	-4	19	0	0	162	-34	198	28	-198	28
6	396	0	1790521964	100	-5	153	-4	19	-1	0	181	-35	198	28	-198	28
6	396	0	1790523968	117	-6	156	-2	21	-1	0	202	-36	198	28	-198	28
6	396	0	1790525960	102	-5	159	-4	19	0	0	221	-36	198	28	-198	28
6	396	0	1790527968	120	-6	161	-2	22	-1	0	243	-37	198	28	-198	28
6	396	0	1790529960	105	-5	164	-3	20	-1	0	263	-38	198	28	-198	28
6	396	0	1790531960	123	-5	190	-4	23	0	0	286	-38	198	28	-198	28
6	396	0	1790533972	107	-5	169	-1	21	-1	0	307	-39	198	28	-198	28
6	396	0	1790535960	108	-4	171	-2	21	0	0	328	-39	198	28	-198	28
6	396	0	1790537968	123	-6	171	-3	22	-1	0	350	-40	198	28	-198	28
6	396	0	1790539960	108	-4	173	-2	21	0	0	371	-40	198	28	-198	28
6	396	0	1790541968	124	-5	173	-3	22	-1	0	393	-41	198	28	-198	28
6	396	0	1790543956	107	-5	173	-2	21	0	0	414	-41	198	28	-198	28
6	396	0	1790545980	124	-5	174	-3	23	-1	0	437	-42	198	28	-198	28
6	396	0	1790547980	106	-5	172	-4	20	-1	0	457	-43	198	28	-198	28
6	396	0	1790549964	121	-5	171	-2	22	0	0	479	-43	198	28	-198	28
6	396	0	1790551984	104	-5	194	-4	23	-1	0	502	-44	198	28	-198	28
6	396	0	1790553980	118	-6	169	-2	21	-1	0	523	-45	198	28	-198	28
6	396	0	1790555960	102	-5	165	-4	20	0	0	543	-45	198	28	-198	28
6	396	0	1790557976	114	-8	162	-4	21	-1	0	564	-46	198	28	-198	28
6	396	0	1790559984	99	-5	162	-4	19	-1	0	583	-47	198	28	-198	28
6	396	0	1790561968	108	-6	156	-3	20	0	0	603	-47	198	28	-198	28
6	396	0	1790563976	94	-6	154	-4	19	-1	0	622	-48	198	28	-198	28
6	396	0	1790565972	105	-6	150	-5	19	-1	0	641	-49	198	28	-198	28
6	396	0	1790567976	89	-7	146	-4	18	-1	0	659	-50	198	28	-198	28
6	396	0	1790569972	99	-6	161	-4	19	-1	0	678	-51	198	28	-198	28
6	396	0	1790571956	83	-6	138	-3	17	0	0	695	-51	198	28	-198	28
6	396	0	1790573980	93	-6	131	-5	17	-1	0	712	-52	198	28	-198	28
6	396	0	1790575972	79	-7	129	-4	15	-1	0	727	-53	198	28	-198	28
6	396	0	1790577968	75	-5	122	-4	15	-1	0	742	-54	198	28	-198	28
6	396	0	1790579952	82	-6	116	-2	15	0	0	757	-54	198	28	-198	28
6	396	0	1790581964	68	-6	113	-4	13	-1	0	770	-55	198	28	-198	28
6	396	0	1790583960	75	-5	106	-4	14	-1	0	784	-56	198	28	-198	28
6	396	0	1790585944	62	-5	101	-4	12	0	0	796	-56	198	28	-198	28
6	396	0	1790587956	66	-6	97	-3	12	-1	0	808	-57	198	28	-198	28
6	396	0	1790589948	55	-5	101	-4	12	-1	0	820	-58	198	28	-198	28
6	396	0	1790591944	59	-5	82	-3	11	0	0	831	-58	198	28	-198	28
6	396	0	1790593956	46	-4	78	-3	9	-1	0	840	-59	198	28	-198	28
6	396	0	1790595940	50	-5	71	-4	9	0	0	849	-59	198	28	-198	28
6	396	0	1790597956	39	-4	65	-3	8	-1	0	857	-60	198	28	-198	28
6	396	0	1790599952	41	-5	59	-3	7	-1	0	864	-61	198	28	-198	28
6	396	0	1790601940	33	-4	52	-3	7	0	0	871	-61	198	28	-198	28
6	396	0	1790603940	32	-3	48	-2	6	0	0	877	-61	198	28	-198	28
6	396	0	1790605956	25	-3	42	-3	5	-1	0	882	-62	198	28	-198	28
6	396	0	1790607936	24	-4	37	-2	4	0	0	886	-62	198	28	-198	28
6	396	0	1790609952	19	-2	36	-3	4	-1	0	890	-63	198	28	-198	28
6	396	0	1790611936	17	-3	26	-2	4	0	0	894	-63	198	28	-198	28
6	396	0	1790613940	14	-1	23	-2	2	0	0	896	-63	198	28	-198	28
6	396	0	1790615952	11	-2	18	-2	3	-1	0	899	-64	198	28	-198	28
6	396	0	1790617940	9	-2	15	-1	1	0	0	900	-64	198	28	-198	28
6	396	0	1790619936	8	-1	13	-2	2	0	0	902	-64	198	28	-198	28
6	396	0	1790621936	5	-1	10	-1	1	0	0	903	-64	198	28	-198	28
6	396	0	1790623932	3	-1	7	-1	1	0	0	904	-64	198	28	-198	28
6	396	0	1790625936	4	-2	5	-1	0	-1	0	904	-65	198	28	-198	28
6	396	0	1790627908	1	0	4	0	1	0	0	905	-65	198	28	-198	28
6	396	0	1790629920	2	-1	4	-2	0	0	0	905	-65	198	28	-198	28
6	396	0	1790631892	0	0	1	0	0	0	0	905	-65	198	28	-198	28
6	396	0	1790633888	0	0	1	0	0	0	0	905	-65	198	28	-198	28
6	396	0	1790641892	0	-1	0	0	0	0	0	905	-65	198	28	-198	28
6	396	0	1790649896	-1	0	0	0	0	0	0	905	-65	198	28	-198	28
6	396	0	1790651900	0	0	0	-1	0	0	0	905	-65	198	28	-198	28
6	396	0	1790653916	0	0	2	0	1	0	0	906	-65	198	28	-198	28
6	396	0	1790659916	-1	0	0	0	0	0	0	906	-65	198	28	-198	28
6	396	0	1790671900	0	0	0	0	0	0	1	906	-65	198	28	-198	28
7	396	0	1790681892	-1	0	1	0	0	0	1	198	28	198	28	-198	28
7	-380	-111	1790707932	-2	0	0	0	0	0	1	198	28	-182	-83	198	28
7	-380	-111	1790721940	-1	0	0	0	0	0	1	198	28	-182	-83	198	28
7	-380	-111	1790729948	-1	0	0	0	0	0	1	198	28	-182	-83	198	28
7	-380	-111	1790731952	0	0	-1	0	0	0	1	198	28	-182	-83	198	28
7	-380	-111	1790739964	-1	0	0	0	0	0	1	198	28	-182	-83	198	28
7	-380	-111	1790745960	0	0	-1	0	0	0	1	198	28	-182	-83	198	28
7	-380	-111	1790749968	-2	0	0	0	0	0	1	198	28	-182	-83	198	28
7	-380	-111	1790751972	0	0	-1	0	0	0	1	198	28	-182	-83	198	28
7	-380	-111	1790753964	0	0	0	-1	0	0	1	198	28	-182	-83	198	28
7	-380	-111	1790755968	-1	0	0	0	0	0	1	198	28	-182	-83	198	28
7	-380	-111	1790757976	0	0	-1	0	0	0	1	198	28	-182	-83	198	28
7	-380	-111	1790759980	-1	0	-2	0	-1	0	1	197	28	-182	-83	198	28
7	-380	-111	1790761992	-3	-1	-2	-1	0	0	0	197	28	-182	-83	198	28
7	-380	-111	1790763960	-1	0	-3	0	0	0	0	197	28	-182	-83	198	28
7	-380	-111	1790766016	-4	-2	-3	-2	-1	-1	0	196	27	-182	-83	198	28
7	-380	-111	1790767960	-3	0	-5	0	0	0	0	196	27	-182	-83	198	28
7	-380	-111	1790770000	-5	-2	-8	-2	-1	0	0	195	27	-182	-83	198	28
7	-380	-111	1790772000	-5	-1	-7	-1	-1	0	0	194	27	-182	-83	198	28
7	-380	-111	1790773996	-9	-3	-10	-2	-2	0	0	192	27	-182	-83	198	28
7	-380	-111	1790776012	-9	-2	-15	-3	-2	-1	0	190	26	-182	-83	198	28
7	-380	-111	1790778000	-10	-3	-15	-3	-1	0	0	189	26	-182	-83	198	28
7	-380	-111	1790780008	-14	-4	-18	-4	-3	-1	0	186	25	-182	-83	198	28
7	-380	-111	1790782000	-13	-3	-21	-3	-2	0	0	184	25	-182	-83	198	28
7	-380	-111	1790784008	-19	-5	-24	-5	-4	-1	0	180	24	-182	-83	198	28
7	-380	-111	1790786012	-19	-5	-27	-5	-3	-1	0	177	23	-182	-83	198	28
7	-380	-111	1790788016	-25	-7	-30	-5	-4	-1	0	173	22	-182	-83	198	28
7	-380	-111	1790790020	-24	-6	-35	-8	-5	-1	0	168	21	-182	-83	198	28
7	-380	-111	1790792016	-31	-9	-40	-7	-5	-1	0	163	20	-182	-83	198	28
7	-380	-111	1790794012	-29	-7	-43	-8	-5	-1	0	158	19	-182	-83	198	28
7	-380	-111	1790796012	-38	-11	-55	-11	-7	-2	0	151	17	-182	-83	198	28
7	-380	-111	1790798020	-37	-9	-52	-10	-7	-1	0	144	16	-182	-83	198	28
7	-380	-111	1790800016	-45	-13	-58	-11	-8	-2	0	136	14	-182	-83	198	28
7	-380	-111	1790802020	-43	-12	-62	-13	-8	-2	0	128	12	-182	-83	198	28
7	-380	-111	1790804024	-54	-15	-67	-14	-9	-2	0	119	10	-182	-83	198	28
7	-380	-111	1790806012	-50	-14	-71	-13	-9	-2	0	110	8	-182	-83	198	28
7	-380	-111	1790808004	-63	-17	-76	-17	-10	-2	0	100	6	-182	-83	198	28
7	-380	-111	1790810000	-57	-17	-81	-17	-11	-3	0	89	3	-182	-83	198	28
7	-380	-111	1790811996	-70	-20	-85	-18	-11	-3	0	78	0	-182	-83	198	28
7	-380	-111	1790813996	-65	-18	-92	-20	-12	-3	0	66	-3	-182	-83	198	28
7	-380	-111	1790815992	-69	-20	-108	-23	-13	-3	0	53	-6	-182	-83	198	28
7	-380	-111	1790817996	-84	-24	-100	-23	-14	-3	0	39	-9	-182	-83	198	28
7	-380	-111	1790819996	-76	-24	-105	-24	-14	-4	0	25	-13	-182	-83	198	28
7	-380	-111	1790821996	-90	-26	-110	-25	-15	-4	0	10	-17	-182	-83	198	28
7	-380	-111	1790823996	-84	-26	-114	-26	-14	-4	0	-4	-21	-182	-83	198	28
7	-380	-111	1790826000	-98	-30	-119	-27	-17	-4	0	-21	-25	-182	-83	198	28
7	-380	-111	1790828000	-92	-28	-124	-30	-16	-4	0	-37	-29	-182	-83	198	28
7	-380	-111	1790830000	-106	-32	-127	-30	-17	-5	0	-54	-34	-182	-83	198	28
7	-380	-111	1790832008	-97	-30	-131	-32	-17	-5	0	-71	-39	-182	-83	198	28
7	-380	-111	1790834012	-115	-37	-157	-37	-21	-5	0	-92	-44	-182	-83	198	28
7	-380	-111	1790836004	-104	-32	-140	-34	-18	-5	0	-110	-49	-182	-83	198	28
7	-380	-111	1790838000	-121	-38	-143	-35	-20	-6	0	-130	-55	-182	-83	198	28
7	-380	-111	1790840000	-110	-32	-147	-36	-19	-5	0	-149	-60	-182	-83	198	28
7	-380	-111	1790842000	-127	-40	-150	-36	-21	-6	0	-170	-66	-182	-83	198	28
7	-380	-111	1790844000	-113	-34	-152	-37	-20	-5	0	-190	-71	-182	-83	198	28
7	-380	-111	1790846000	-132	-39	-155	-36	-21	-5	0	-211	-76	-182	-83	198	28
7	-380	-111	1790847992	-115	-35	-158	-37	-21	-6	0	-232	-82	-182	-83	198	28
7	-380	-111	1790849992	-133	-38	-160	-37	-22	-5	0	-254	-87	-182	-83	198	28
7	-380	-111	1790851992	-118	-34	-161	-36	-21	-6	0	-275	-93	-182	-83	198	28
7	-380	-111	1790853992	-134	-39	-185	-41	-24	-6	0	-299	-99	-182	-83	198	28
7	-380	-111	1790855992	-117	-32	-164	-36	-21	-5	0	-320	-104	-182	-83	198	28
7	-380	-111	1790857988	-135	-38	-165	-35	-22	-5	0	-342	-109	-182	-83	198	28
7	-380	-111	1790859984	-116	-31	-165	-35	-21	-5	0	-363	-114	-182	-83	198	28
7	-380	-111	1790861984	-117	-31	-165	-35	-22	-5	0	-385	-119	-182	-83	198	28
7	-380	-111	1790863980	-132	-34	-165	-33	-22	-5	0	-407	-124	-182	-83	198	28
7	-380	-111	1790865980	-114	-29	-163	-32	-21	-5	0	-428	-129	-182	-83	198	28
7	-380	-111	1790867980	-129	-32	-164	-32	-22	-5	0	-450	-134	-182	-83	198	28
7	-380	-111	1790869976	-111	-27	-161	-31	-20	-4	0	-470	-138	-182	-83	198	28
7	-380	-111	1790871976	-125	-30	-162	-30	-21	-4	0	-491	-142	-182	-83	198	28
7	-380	-111	1790873976	-107	-26	-181	-32	-22	-5	0	-513	-147	-182	-83	198	28
7	-380	-111	1790875972	-122	-27	-156	-28	-21	-4	0	-534	-151	-182	-83	198	28
7	-380	-111	1790877972	-102	-25	-155	-27	-19	-4	0	-553	-155	-182	-83	198	28
7	-380	-111	1790879968	-116	-27	-151	-27	-20	-4	0	-573	-159	-182	-83	198	28
7	-380	-111	1790881968	-100	-22	-148	-26	-19	-3	0	-592	-162	-182	-83	198	28
7	-380	-111	1790883964	-112	-25	-146	-25	-19	-4	0	-611	-166	-182	-83	198	28
7	-380	-111	1790885960	-95	-21	-141	-25	-18	-4	0	-629	-170	-182	-83	198	28
7	-380	-111	1790887960	-106	-24	-138	-24	-18	-3	0	-647	-173	-182	-83	198	28
7	-380	-111	1790889952	-91	-21	-135	-23	-17	-4	0	-664	-177	-182	-83	198	28
7	-380	-111	1790891952	-88	-20	-129	-23	-16	-3	0	-680	-180	-182	-83	198	28
7	-380	-111	1790893956	-97	-23	-142	-25	-18	-3	0	-698	-183	-182	-83	198	28
7	-380	-111	1790895956	-83	-19	-119	-21	-15	-3	0	-713	-186	-182	-83	198	28
7	-380	-111	1790897956	-90	-20	-114	-21	-16	-3	0	-729	-189	-182	-83	198	28
7	-380	-111	1790899960	-76	-18	-108	-20	-14	-3	0	-743	-192	-182	-83	198	28
7	-380	-111	1790901956	-81	-19	-104	-20	-13	-3	0	-756	-195	-182	-83	198	28
7	-380	-111	1790903960	-69	-18	-99	-19	-13	-3	0	-769	-198	-182	-83	198	28
7	-380	-111	1790905956	-74	-17	-91	-18	-12	-3	0	-781	-201	-182	-83	198	28
7	-380	-111	1790907956	-61	-15	-88	-17	-12	-2	0	-793	-203	-182	-83	198	28
7	-380	-111	1790909956	-65	-16	-80	-18	-10	-3	0	-803	-206	-182	-83	198	28
7	-380	-111	1790911952	-52	-15	-86	-17	-11	-2	0	-814	-208	-182	-83	198	28
7	-380	-111	1790913952	-57	-15	-69	-15	-9	-2	0	-823	-210	-182	-83	198	28
7	-380	-111	1790915956	-46	-13	-62	-14	-8	-2	0	-831	-212	-182	-83	198	28
7	-380	-111	1790917960	-47	-14	-59	-12	-8	-2	0	-839	-214	-182	-83	198	28
7	-380	-111	1790919964	-38	-11	-52	-13	-7	-2	0	-846	-216	-182	-83	198	28
7	-380	-111	1790921968	-39	-11	-48	-12	-7	-2	0	-853	-218	-182	-83	198	28
7	-380	-111	1790923972	-30	-10	-41	-10	-5	-1	0	-858	-219	-182	-83	198	28
7	-380	-111	1790925972	-31	-10	-39	-10	-5	-2	0	-863	-221	-182	-83	198	28
7	-380	-111	1790927976	-24	-9	-32	-9	-4	-1	0	-867	-222	-182	-83	198	28
7	-380	-111	1790929984	-23	-9	-33	-9	-5	-1	0	-872	-223	-182	-83	198	28
7	-380	-111	1790931980	-18	-6	-25	-7	-3	-1	0	-875	-224	-182	-83	198	28
7	-380	-111	1790933968	-17	-6	-20	-7	-3	-1	0	-878	-225	-182	-83	198	28
7	-380	-111	1790935968	-14	-5	-19	-5	-2	-1	0	-880	-226	-182	-83	198	28
7	-380	-111	1790937960	-11	-5	-13	-5	-2	-1	0	-882	-227	-182	-83	198	28
7	-380	-111	1790939968	-10	-5	-13	-3	-2	-1	0	-884	-228	-182	-83	198	28
7	-380	-111	1790941952	-8	-4	-10	-4	-1	0	0	-885	-228	-182	-83	198	28
7	-380	-111	1790943948	-6	-2	-7	-3	-1	0	0	-886	-228	-182	-83	198	28
7	-380	-111	1790945964	-5	-3	-7	-2	-1	-1	0	-887	-229	-182	-83	198	28
7	-380	-111	1790947936	-4	-1	-3	-3	0	0	0	-887	-229	-182	-83	198	28
7	-380	-111	1790949952	-2	-1	-4	-2	-1	0	0	-888	-229	-182	-83	198	28
7	-380	-111	1790951956	-2	-2	-3	-1	0	-1	0	-888	-230	-182	-83	198	28
7	-380	-111	1790953944	-1	-1	-1	0	0	0	0	-888	-230	-182	-83	198	28
7	-380	-111	1790955944	-1	0	0	-2	0	0	0	-888	-230	-182	-83	198	28
7	-380	-111	1790957924	0	0	-1	0	0	0	0	-888	-230	-182	-83	198	28
7	-380	-111	1790973932	0	0	2	0	0	0	0	-888	-230	-182	-83	198	28
7	-380	-111	1790981940	0	0	1	0	0	0	0	-888	-230	-182	-83	198	28
7	-380	-111	1790983912	0	0	0	0	0	0	1	-888	-230	-182	-83	198	28
8	-380	-111	1790987944	0	0	1	0	0	0	1	-182	-83	-182	-83	198	28
8	-380	-111	1790999976	0	1	1	0	0	0	1	-182	-83	-182	-83	198	28
8	333	214	1791065960	0	0	0	0	0	0	0	-182	-83	151	131	-182	-83
8	333	214	1791075992	0	0	2	0	0	0	0	-182	-83	151	131	-182	-83
8	333	214	1791080016	0	1	1	0	0	0	0	-182	-83	151	131	-182	-83
8	333	214	1791082020	0	0	1	1	0	0	0	-182	-83	151	131	-182	-83
8	333	214	1791083996	2	0	1	0	0	0	0	-182	-83	151	131	-182	-83
8	333	214	1791086020	0	1	4	1	0	0	0	-182	-83	151	131	-182	-83
8	333	214	1791088024	1	1	4	1	0	0	0	-182	-83	151	131	-182	-83
8	333	214	1791090036	0	2	5	2	1	0	0	-181	-83	151	131	-182	-83
8	333	214	1791092024	2	1	5	1	0	0	0	-181	-83	151	131	-182	-83
8	333	214	1791094036	2	2	9	2	1	0	0	-180	-83	151	131	-182	-83
8	333	214	1791096052	2	3	10	2	1	1	0	-179	-82	151	131	-182	-83
8	333	214	1791098036	3	2	11	3	1	0	0	-178	-82	151	131	-182	-83
8	333	214	1791100048	2	4	12	3	1	1	0	-177	-81	151	131	-182	-83
8	333	214	1791102032	4	4	14	4	1	0	0	-176	-81	151	131	-182	-83
8	333	214	1791104040	5	4	18	3	2	1	0	-174	-80	151	131	-182	-83
8	333	214	1791106016	5	3	18	5	2	0	0	-172	-80	151	131	-182	-83
8	333	214	1791108032	7	7	22	4	2	1	0	-170	-79	151	131	-182	-83
8	333	214	1791110028	8	5	23	6	2	1	0	-168	-78	151	131	-182	-83
8	333	214	1791112024	10	6	27	7	3	1	0	-165	-77	151	131	-182	-83
8	333	214	1791114020	12	7	33	7	3	1	0	-162	-76	151	131	-182	-83
8	333	214	1791116020	13	7	34	8	4	1	0	-158	-75	151	131	-182	-83
8	333	214	1791118020	17	8	36	7	4	1	0	-154	-74	151	131	-182	-83
8	333	214	1791120020	17	9	39	9	4	2	0	-150	-72	151	131	-182	-83
8	333	214	1791122016	22	10	44	10	5	1	0	-145	-71	151	131	-182	-83
8	333	214	1791124012	23	9	46	10	5	2	0	-140	-69	151	131	-182	-83
8	333	214	1791126020	28	12	49	11	6	1	0	-134	-68	151	131	-182	-83
8	333	214	1791128016	29	12	55	11	6	2	0	-128	-66	151	131	-182	-83
8	333	214	1791130012	36	13	57	14	7	2	0	-121	-64	151	131	-182	-83
8	333	214	1791132020	35	13	62	14	7	2	0	-114	-62	151	131	-182	-83
8	333	214	1791134020	45	15	75	16	9	2	0	-105	-60	151	131	-182	-83
8	333	214	1791136020	43	15	70	16	9	3	0	-96	-57	151	131	-182	-83
8	333	214	1791138020	52	19	75	18	9	3	0	-87	-54	151	131	-182	-83
8	333	214	1791140016	50	17	78	19	10	2	0	-77	-52	151	131	-182	-83
8	333	214	1791142016	63	21	83	21	11	3	0	-66	-49	151	131	-182	-83
8	333	214	1791144020	59	20	87	21	11	3	0	-55	-46	151	131	-182	-83
8	333	214	1791146020	72	27	93	25	12	4	0	-43	-42	151	131	-182	-83
8	333	214	1791148016	69	23	96	25	13	4	0	-30	-38	151	131	-182	-83
8	333	214	1791150020	82	32	101	29	13	5	0	-17	-33	151	131	-182	-83
8	333	214	1791152016	79	28	120	35	15	4	0	-2	-29	151	131	-182	-83
8	333	214	1791154012	83	30	110	32	15	5	0	13	-24	151	131	-182	-83
8	333	214	1791156012	100	39	115	37	16	6	0	29	-18	151	131	-182	-83
8	333	214	1791158016	92	36	118	37	16	5	0	45	-13	151	131	-182	-83
8	333	214	1791160012	111	44	121	41	17	6	0	62	-7	151	131	-182	-83
8	333	214	1791162012	102	40	126	43	17	7	0	79	0	151	131	-182	-83
8	333	214	1791164012	120	50	128	45	19	7	0	98	7	151	131	-182	-83
8	333	214	1791166004	110	45	131	47	18	7	0	116	14	151	131	-182	-83
8	333	214	1791168012	130	54	134	49	20	7	0	136	21	151	131	-182	-83
8	333	214	1791170004	116	50	135	53	19	8	0	155	29	151	131	-182	-83
8	333	214	1791172008	136	59	157	61	21	9	0	176	38	151	131	-182	-83
8	333	214	1791174008	123	53	139	55	20	8	0	196	46	151	131	-182	-83
8	333	214	1791176016	141	63	140	57	21	9	0	217	55	151	131	-182	-83
8	333	214	1791178016	125	55	141	58	20	9	0	237	64	151	131	-182	-83
8	333	214	1791180024	144	65	142	59	22	9	0	259	73	151	131	-182	-83
8	333	214	1791182016	126	57	140	60	20	9	0	279	82	151	131	-182	-83
8	333	214	1791184020	144	68	140	61	21	10	0	300	92	151	131	-182	-83
8	333	214	1791186016	125	57	138	60	20	8	0	320	100	151	131	-182	-83
8	333	214	1791188016	141	68	137	61	20	10	0	340	110	151	131	-182	-83
8	333	214	1791190008	122	57	135	61	20	9	0	360	119	151	131	-182	-83
8	333	214	1791192012	137	67	151	70	21	10	0	381	129	151	131	-182	-83
8	333	214	1791194012	117	57	130	60	19	9	0	400	138	151	131	-182	-83
8	333	214	1791196008	131	66	127	60	19	9	0	419	147	151	131	-182	-83
8	333	214	1791197996	113	57	123	60	18	9	0	437	156	151	131	-182	-83
8	333	214	1791200000	109	56	121	60	17	9	0	454	165	151	131	-182	-83
8	333	214	1791202000	121	64	116	59	18	9	0	472	174	151	131	-182	-83
8	333	214	1791204000	104	55	114	58	16	8	0	488	182	151	131	-182	-83
8	333	214	1791206000	113	62	110	57	17	9	0	505	191	151	131	-182	-83
8	333	214	1791208004	98	54	106	58	15	9	0	520	200	151	131	-182	-83
8	333	214	1791210000	106	60	117	63	17	9	0	537	209	151	131	-182	-83
8	333	214	1791212000	90	52	98	55	14	8	0	551	217	151	131	-182	-83
8	333	214	1791214004	100	59	95	55	15	9	0	566	226	151	131	-182	-83
8	333	214	1791216012	84	50	92	54	13	7	0	579	233	151	131	-182	-83
8	333	214	1791218016	91	56	86	53	13	9	0	592	242	151	131	-182	-83
8	333	214	1791220016	78	49	84	51	12	7	0	604	249	151	131	-182	-83
8	333	214	1791222020	83	54	80	51	13	8	0	617	257	151	131	-182	-83
8	333	214	1791224020	72	46	77	50	11	7	0	628	264	151	131	-182	-83
8	333	214	1791226024	77	53	74	48	11	8	0	639	272	151	131	-182	-83
8	333	214	1791228024	64	45	79	55	11	7	0	650	279	151	131	-182	-83
8	333	214	1791230028	70	48	66	46	10	7	0	660	286	151	131	-182	-83
8	333	214	1791232032	59	43	64	45	9	7	0	669	293	151	131	-182	-83
8	333	214	1791234020	62	47	60	44	9	7	0	678	300	151	131	-182	-83
8	333	214	1791236020	53	40	56	42	9	6	0	687	306	151	131	-182	-83
8	333	214	1791238020	56	44	54	41	8	6	0	695	312	151	131	-182	-83
8	333	214	1791240016	47	38	51	40	7	6	0	702	318	151	131	-182	-83
8	333	214	1791242008	50	41	47	39	7	6	0	709	324	151	131	-182	-83
8	333	214	1791244016	42	35	45	36	7	5	0	716	329	151	131	-182	-83
8	333	214	1791246016	45	39	43	37	7	6	0	723	335	151	131	-182	-83
8	333	214	1791248012	36	32	45	38	6	5	0	729	340	151	131	-182	-83
8	333	214	1791250008	34	31	36	33	5	5	0	734	345	151	131	-182	-83
8	333	214	1791252004	36	34	34	31	5	5	0	739	350	151	131	-182	-83
8	333	214	1791254004	30	28	31	30	5	4	0	744	354	151	131	-182	-83
8	333	214	1791256000	31	31	30	28	4	5	0	748	359	151	131	-182	-83
8	333	214	1791258008	26	25	28	27	4	4	0	752	363	151	131	-182	-83
8	333	214	1791260008	28	27	25	25	4	4	0	756	367	151	131	-182	-83
8	333	214	1791262008	21	22	22	24	4	3	0	760	370	151	131	-182	-83
8	333	214	1791264008	23	23	23	22	3	3	0	763	373	151	131	-182	-83
8	333	214	1791266004	18	20	18	20	3	3	0	766	376	151	131	-182	-83
8	333	214	1791268000	19	20	22	23	3	4	0	769	380	151	131	-182	-83
8	333	214	1791269996	16	17	16	17	2	2	0	771	382	151	131	-182	-83
8	333	214	1791271996	17	17	15	17	3	3	0	774	385	151	131	-182	-83
8	333	214	1791273996	12	14	14	13	2	2	0	776	387	151	131	-182	-83
8	333	214	1791275992	14	14	12	14	1	2	0	777	389	151	131	-182	-83
8	333	214	1791277992	11	11	13	13	2	2	0	779	391	151	131	-182	-83
8	333	214	1791279988	11	11	10	10	2	1	0	781	392	151	131	-182	-83
8	333	214	1791281988	9	9	10	10	1	2	0	782	394	151	131	-182	-83
8	333	214	1791283988	10	10	10	8	2	1	0	784	395	151	131	-182	-83
8	333	214	1791285992	8	6	7	8	1	1	0	785	396	151	131	-182	-83
8	333	214	1791287996	7	8	9	9	1	1	0	786	397	151	131	-182	-83
8	333	214	1791290000	6	5	6	5	1	1	0	787	398	151	131	-182	-83
8	333	214	1791292000	5	5	6	6	1	1	0	788	399	151	131	-182	-83
8	333	214	1791293992	7	3	5	4	1	0	0	789	399	151	131	-182	-83
8	333	214	1791295996	3	4	5	3	0	1	0	789	400	151	131	-182	-83
8	333	214	1791298012	4	3	4	4	1	1	0	790	401	151	131	-182	-83
8	333	214	1791300000	4	2	4	3	1	0	0	791	401	151	131	-182	-83
8	333	214	1791301992	2	3	4	1	0	0	0	791	401	151	131	-182	-83
8	333	214	1791303992	3	1	2	2	0	0	0	791	401	151	131	-182	-83
8	333	214	1791306020	1	1	3	2	1	1	0	792	402	151	131	-182	-83
8	333	214	1791307996	1	0	1	1	0	0	0	792	402	151	131	-182	-83
8	333	214	1791310000	2	1	1	1	0	0	0	792	402	151	131	-182	-83
8	333	214	1791311976	1	0	1	0	0	0	0	792	402	151	131	-182	-83
8	333	214	1791313976	0	0	2	0	0	0	0	792	402	151	131	-182	-83
8	333	214	1791316000	1	2	0	1	0	0	0	792	402	151	131	-182	-83
8	333	214	1791317968	0	0	1	0	0	0	0	792	402	151	131	-182	-83
8	333	214	1791339952	0	0	0	0	0	0	1	792	402	151	131	-182	-83
9	333	214	1791341972	-2	0	0	0	0	0	1	151	131	151	131	-182	-83
9	333	214	1791349984	-1	0	0	0	0	0	1	151	131	151	131	-182	-83
9	-259	-299	1791357996	-1	0	0	0	0	0	1	151	131	-108	-168	151	131
9	-259	-299	1791363988	-1	0	0	0	0	0	1	151	131	-108	-168	151	131
9	-259	-299	1791369984	-2	0	0	0	0	0	1	151	131	-108	-168	151	131
9	-259	-299	1791377992	-1	0	0	0	0	0	1	151	131	-108	-168	151	131
9	-259	-299	1791385992	0	-1	0	0	0	0	1	151	131	-108	-168	151	131
9	-259	-299	1791387996	-1	0	0	0	0	0	1	151	131	-108	-168	151	131
9	-259	-299	1791422024	0	-1	0	0	0	0	1	151	131	-108	-168	151	131
9	-259	-299	1791430028	0	0	0	-1	0	0	1	151	131	-108	-168	151	131
9	-259	-299	1791434012	0	0	0	0	0	0	0	151	131	-108	-168	151	131
9	-259	-299	1791436036	0	-1	0	0	0	0	0	151	131	-108	-168	151	131
9	-259	-299	1791438056	0	0	-1	-2	0	0	0	151	131	-108	-168	151	131
9	-259	-299	1791440060	-1	-3	-1	-1	0	0	0	151	131	-108	-168	151	131
9	-259	-299	1791442064	-3	-2	-1	-2	0	0	0	151	131	-108	-168	151	131
9	-259	-299	1791444064	-2	-3	-1	-4	0	0	0	151	131	-108	-168	151	131
9	-259	-299	1791446080	-4	-5	-3	-4	0	-1	0	151	130	-108	-168	151	131
9	-259	-299	1791448096	-5	-6	-2	-6	-1	-1	0	150	129	-108	-168	151	131
9	-259	-299	1791450088	-6	-9	-4	-8	-1	-1	0	149	128	-108	-168	151	131
9	-259	-299	1791452084	-7	-9	-6	-10	-1	-2	0	148	126	-108	-168	151	131
9	-259	-299	1791454084	-8	-11	-5	-10	-1	-1	0	147	125	-108	-168	151	131
9	-259	-299	1791456080	-9	-12	-8	-12	-1	-2	0	146	123	-108	-168	151	131
9	-259	-299	1791458088	-13	-17	-9	-14	-2	-2	0	144	121	-108	-168	151	131
9	-259	-299	1791460084	-12	-17	-10	-16	-1	-3	0	143	118	-108	-168	151	131
9	-259	-299	1791462088	-16	-21	-11	-19	-2	-3	0	141	115	-108	-168	151	131
9	-259	-299	1791464092	-17	-22	-12	-21	-2	-3	0	139	112	-108	-168	151	131
9	-259	-299	1791466096	-21	-27	-17	-24	-3	-4	0	136	108	-108	-168	151	131
9	-259	-299	1791468100	-20	-28	-17	-26	-3	-4	0	133	104	-108	-168	151	131
9	-259	-299	1791470100	-27	-33	-23	-34	-4	-5	0	129	99	-108	-168	151	131
9	-259	-299	1791472104	-25	-34	-22	-32	-3	-5	0	126	94	-108	-168	151	131
9	-259	-299	1791474108	-33	-40	-25	-35	-5	-6	0	121	88	-108	-168	151	131
9	-259	-299	1791476112	-31	-39	-29	-39	-4	-5	0	117	83	-108	-168	151	131
9	-259	-299	1791478104	-34	-41	-31	-41	-5	-7	0	112	76	-108	-168	151	131
9	-259	-299	1791480108	-41	-49	-34	-44	-6	-7	0	106	69	-108	-168	151	131
9	-259	-299	1791482104	-39	-47	-36	-46	-5	-7	0	101	62	-108	-168	151	131
9	-259	-299	1791484100	-49	-57	-40	-49	-7	-8	0	94	54	-108	-168	151	131
9	-259	-299	1791486100	-45	-51	-44	-53	-7	-7	0	87	47	-108	-168	151	131
9	-259	-299	1791488104	-55	-62	-46	-55	-7	-9	0	80	38	-108	-168	151	131
9	-259	-299	1791490108	-51	-58	-58	-66	-8	-9	0	72	29	-108	-168	151	131
9	-259	-299	1791492108	-62	-67	-53	-60	-9	-10	0	63	19	-108	-168	151	131
9	-259	-299	1791494104	-58	-63	-58	-64	-9	-9	0	54	10	-108	-168	151	131
9	-259	-299	1791496096	-69	-74	-60	-65	-9	-11	0	45	-1	-108	-168	151	131
9	-259	-299	1791498092	-65	-66	-64	-67	-10	-10	0	35	-11	-108	-168	151	131
9	-259	-299	1791500092	-76	-79	-67	-71	-11	-11	0	24	-22	-108	-168	151	131
9	-259	-299	1791502096	-70	-71	-70	-72	-10	-11	0	14	-33	-108	-168	151	131
9	-259	-299	1791504100	-82	-84	-73	-75	-12	-12	0	2	-45	-108	-168	151	131
9	-259	-299	1791506104	-77	-73	-76	-76	-11	-11	0	-9	-56	-108	-168	151	131
9	-259	-299	1791508104	-88	-87	-91	-89	-14	-13	0	-23	-69	-108	-168	151	131
9	-259	-299	1791510108	-80	-77	-81	-80	-12	-12	0	-35	-81	-108	-168	151	131
9	-259	-299	1791512108	-94	-90	-85	-80	-13	-13	0	-48	-94	-108	-168	151	131
9	-259	-299	1791514112	-84	-80	-88	-82	-13	-12	0	-61	-106	-108	-168	151	131
9	-259	-299	1791516112	-99	-91	-89	-84	-14	-13	0	-75	-119	-108	-168	151	131
9	-259	-299	1791518116	-88	-82	-90	-84	-14	-12	0	-89	-131	-108	-168	151	131
9	-259	-299	1791520116	-103	-95	-93	-85	-14	-14	0	-103	-145	-108	-168	151	131
9	-259	-299	1791522112	-91	-82	-94	-86	-14	-12	0	-117	-157	-108	-168	151	131
9	-259	-299	1791524112	-106	-96	-95	-87	-15	-14	0	-132	-171	-108	-168	151	131
9	-259	-299	1791526116	-95	-84	-111	-100	-16	-14	0	-148	-185	-108	-168	151	131
9	-259	-299	1791528120	-109	-98	-98	-88	-15	-14	0	-163	-199	-108	-168	151	131
9	-259	-299	1791530116	-96	-85	-99	-89	-15	-13	0	-178	-212	-108	-168	151	131
9	-259	-299	1791532116	-112	-97	-98	-88	-16	-14	0	-194	-226	-108	-168	151	131
9	-259	-299	1791534116	-98	-86	-100	-89	-15	-13	0	-209	-239	-108	-168	151	131
9	-259	-299	1791536108	-99	-85	-100	-90	-15	-13	0	-224	-252	-108	-168	151	131
9	-259	-299	1791538108	-113	-99	-100	-89	-15	-14	0	-239	-266	-108	-168	151	131
9	-259	-299	1791540108	-100	-86	-102	-90	-16	-13	0	-255	-279	-108	-168	151	131
9	-259	-299	1791542112	-113	-98	-100	-89	-16	-14	0	-271	-293	-108	-168	151	131
9	-259	-299	1791544108	-100	-86	-100	-88	-15	-14	0	-286	-307	-108	-168	151	131
9	-259	-299	1791546104	-114	-98	-115	-102	-17	-15	0	-303	-322	-108	-168	151	131
9	-259	-299	1791548104	-100	-85	-98	-87	-15	-12	0	-318	-334	-108	-168	151	131
9	-259	-299	1791550100	-114	-96	-100	-88	-16	-14	0	-334	-348	-108	-168	151	131
9	-259	-299	1791552108	-99	-84	-99	-86	-15	-13	0	-349	-361	-108	-168	151	131
9	-259	-299	1791554108	-112	-93	-98	-86	-15	-13	0	-364	-374	-108	-168	151	131
9	-259	-299	1791556104	-98	-83	-97	-84	-15	-13	0	-379	-387	-108	-168	151	131
9	-259	-299	1791558104	-111	-91	-98	-84	-16	-13	0	-395	-400	-108	-168	151	131
9	-259	-299	1791560104	-96	-80	-95	-82	-14	-12	0	-409	-412	-108	-168	151	131
9	-259	-299	1791562108	-110	-90	-95	-81	-15	-13	0	-424	-425	-108	-168	151	131
9	-259	-299	1791564104	-94	-76	-93	-80	-14	-12	0	-438	-437	-108	-168	151	131
9	-259	-299	1791566104	-106	-87	-105	-90	-16	-13	0	-454	-450	-108	-168	151	131
9	-259	-299	1791568108	-91	-75	-92	-77	-14	-11	0	-468	-461	-108	-168	151	131
9	-259	-299	1791570108	-103	-81	-88	-75	-14	-12	0	-482	-473	-108	-168	151	131
9	-259	-299	1791572104	-87	-71	-88	-73	-13	-11	0	-495	-484	-108	-168	151	131
9	-259	-299	1791574108	-99	-78	-85	-70	-14	-11	0	-509	-495	-108	-168	151	131
9	-259	-299	1791576112	-84	-66	-82	-69	-13	-10	0	-522	-505	-108	-168	151	131
9	-259	-299	1791578104	-92	-72	-80	-68	-12	-11	0	-534	-516	-108	-168	151	131
9	-259	-299	1791580108	-79	-63	-78	-63	-12	-9	0	-546	-525	-108	-168	151	131
9	-259	-299	1791582112	-75	-60	-75	-63	-11	-9	0	-557	-534	-108	-168	151	131
9	-259	-299	1791584108	-84	-66	-81	-69	-13	-10	0	-570	-544	-108	-168	151	131
9	-259	-299	1791586112	-70	-56	-69	-58	-10	-9	0	-580	-553	-108	-168	151	131
9	-259	-299	1791588112	-77	-60	-65	-55	-11	-9	0	-591	-562	-108	-168	151	131
9	-259	-299	1791590112	-64	-53	-61	-54	-9	-8	0	-600	-570	-108	-168	151	131
9	-259	-299	1791592112	-70	-55	-59	-51	-10	-8	0	-610	-578	-108	-168	151	131
9	-259	-299	1791594112	-58	-47	-56	-50	-9	-7	0	-619	-585	-108	-168	151	131
9	-259	-299	1791596104	-61	-52	-51	-48	-8	-7	0	-627	-592	-108	-168	151	131
9	-259	-299	1791598104	-51	-42	-49	-45	-7	-7	0	-634	-599	-108	-168	151	131
9	-259	-299	1791600104	-55	-46	-45	-42	-8	-6	0	-642	-605	-108	-168	151	131
9	-259	-299	1791602108	-45	-38	-48	-47	-7	-7	0	-649	-612	-108	-168	151	131
9	-259	-299	1791604112	-49	-41	-38	-38	-6	-6	0	-655	-618	-108	-168	151	131
9	-259	-299	1791606112	-39	-35	-35	-37	-6	-5	0	-661	-623	-108	-168	151	131
9	-259	-299	1791608120	-41	-38	-33	-35	-6	-6	0	-667	-629	-108	-168	151	131
9	-259	-299	1791610124	-34	-31	-29	-33	-4	-4	0	-671	-633	-108	-168	151	131
9	-259	-299	1791612116	-36	-34	-26	-32	-5	-5	0	-676	-638	-108	-168	151	131
9	-259	-299	1791614120	-29	-27	-25	-30	-4	-5	0	-680	-643	-108	-168	151	131
9	-259	-299	1791616124	-30	-30	-21	-27	-4	-4	0	-684	-647	-108	-168	151	131
9	-259	-299	1791618128	-25	-24	-20	-26	-3	-4	0	-687	-651	-108	-168	151	131
9	-259	-299	1791620120	-25	-26	-19	-29	-3	-4	0	-690	-655	-108	-168	151	131
9	-259	-299	1791622116	-20	-21	-16	-23	-3	-3	0	-693	-658	-108	-168	151	131
9	-259	-299	1791624120	-21	-23	-13	-21	-3	-3	0	-696	-661	-108	-168	151	131
9	-259	-299	1791626120	-17	-17	-12	-20	-2	-3	0	-698	-664	-108	-168	151	131
9	-259	-299	1791628124	-17	-20	-10	-17	-2	-3	0	-700	-667	-108	-168	151	131
9	-259	-299	1791630120	-13	-15	-9	-17	-2	-2	0	-702	-669	-108	-168	151	131
9	-259	-299	1791632120	-12	-13	-7	-15	-1	-2	0	-703	-671	-108	-168	151	131
9	-259	-299	1791634124	-11	-15	-7	-13	-1	-3	0	-704	-674	-108	-168	151	131
9	-259	-299	1791636124	-9	-10	-5	-12	-1	-1	0	-705	-675	-108	-168	151	131
9	-259	-299	1791638116	-8	-11	-3	-11	-1	-2	0	-706	-677	-108	-168	151	131
9	-259	-299	1791640112	-7	-8	-4	-10	-1	-1	0	-707	-678	-108	-168	151	131
9	-259	-299	1791642116	-6	-8	-3	-7	-1	-1	0	-708	-679	-108	-168	151	131
9	-259	-299	1791644100	-4	-5	-2	-7	0	-1	0	-708	-680	-108	-168	151	131
9	-259	-299	1791646100	-3	-7	-1	-6	0	-1	0	-708	-681	-108	-168	151	131
9	-259	-299	1791648116	-3	-3	-2	-5	-1	-1	0	-709	-682	-108	-168	151	131
9	-259	-299	1791650088	-2	-4	0	-4	0	0	0	-709	-682	-108	-168	151	131
9	-259	-299	1791652100	-2	-3	0	-2	0	-1	0	-709	-683	-108	-168	151	131
9	-259	-299	1791654080	-1	-1	0	-3	0	0	0	-709	-683	-108	-168	151	131
9	-259	-299	1791656052	0	-2	0	-2	0	0	0	-709	-683	-108	-168	151	131
9	-259	-299	1791658052	0	0	0	-1	0	0	0	-709	-683	-108	-168	151	131
9	-259	-299	1791660088	-1	-2	0	0	0	-1	1	-709	-684	-108	-168	151	131
10	-259	-299	1791662040	0	0	0	-2	0	0	1	-108	-168	-108	-168	151	131
10	-259	-299	1791670052	0	0	1	0	0	0	1	-108	-168	-108	-168	151	131
10	164	360	1791680060	0	0	1	0	0	0	1	-108	-168	56	192	-108	-168
10	164	360	1791698096	0	1	1	0	0	0	1	-108	-168	56	192	-108	-168
10	164	360	1791738096	2	0	0	0	0	0	1	-108	-168	56	192	-108	-168
10	164	360	1791752100	1	0	0	0	0	0	1	-108	-168	56	192	-108	-168
10	164	360	1791756072	0	0	0	0	0	0	0	-108	-168	56	192	-108	-168
10	164	360	1791758104	0	0	0	1	0	0	0	-108	-168	56	192	-108	-168
10	164	360	1791762104	1	0	0	0	0	0	0	-108	-168	56	192	-108	-168
10	164	360	1791764100	0	1	0	1	0	0	0	-108	-168	56	192	-108	-168
10	164	360	1791766096	0	1	0	1	0	0	0	-108	-168	56	192	-108	-168
10	164	360	1791768128	1	3	2	3	0	0	0	-108	-168	56	192	-108	-168
10	164	360	1791770144	0	4	1	2	0	1	0	-108	-167	56	192	-108	-168
10	164	360	1791772132	2	3	1	4	0	0	0	-108	-167	56	192	-108	-168
10	164	360	1791774144	2	7	3	6	0	1	0	-108	-166	56	192	-108	-168
10	164	360	1791776160	3	7	2	7	1	1	0	-107	-165	56	192	-108	-168
10	164	360	1791778148	2	9	4	8	0	1	0	-107	-164	56	192	-108	-168
10	164	360	1791780160	4	10	5	10	1	2	0	-106	-162	56	192	-108	-168
10	164	360	1791782148	4	14	5	12	0	2	0	-106	-160	56	192	-108	-168
10	164	360	1791784156	5	13	6	13	1	2	0	-105	-158	56	192	-108	-168
10	164	360	1791786156	7	18	8	15	1	2	0	-104	-156	56	192	-108	-168
10	164	360	1791788156	8	17	10	20	2	3	0	-102	-153	56	192	-108	-168
10	164	360	1791790164	11	24	10	22	1	4	0	-101	-149	56	192	-108	-168
10	164	360	1791792164	11	23	11	22	2	3	0	-99	-146	56	192	-108	-168
10	164	360	1791794156	15	28	12	26	2	4	0	-97	-142	56	192	-108	-168
10	164	360	1791796156	15	29	14	28	2	4	0	-95	-138	56	192	-108	-168
10	164	360	1791798156	19	30	16	31	3	5	0	-92	-133	56	192	-108	-168
10	164	360	1791800152	24	39	18	34	3	5	0	-89	-128	56	192	-108	-168
10	164	360	1791802152	22	36	19	37	3	6	0	-86	-122	56	192	-108	-168
10	164	360	1791804152	30	45	21	40	4	6	0	-82	-116	56	192	-108	-168
10	164	360	1791806148	30	41	27	49	4	7	0	-78	-109	56	192	-108	-168
10	164	360	1791808148	38	52	25	45	5	7	0	-73	-102	56	192	-108	-168
10	164	360	1791810144	37	47	28	49	5	7	0	-68	-95	56	192	-108	-168
10	164	360	1791812144	46	58	30	52	5	9	0	-63	-86	56	192	-108	-168
10	164	360	1791814140	44	53	31	57	6	8	0	-57	-78	56	192	-108	-168
10	164	360	1791816140	56	65	34	58	7	9	0	-50	-69	56	192	-108	-168
10	164	360	1791818140	54	62	36	63	6	9	0	-44	-60	56	192	-108	-168
10	164	360	1791820152	66	73	39	65	8	11	0	-36	-49	56	192	-108	-168
10	164	360	1791822152	62	68	41	70	8	10	0	-28	-39	56	192	-108	-168
10	164	360	1791824156	76	81	43	72	9	12	0	-19	-27	56	192	-108	-168
10	164	360	1791826152	71	75	52	88	9	12	0	-10	-15	56	192	-108	-168
10	164	360	1791828156	85	90	48	80	10	13	0	0	-2	56	192	-108	-168
10	164	360	1791830152	79	83	51	84	10	12	0	10	10	56	192	-108	-168
10	164	360	1791832148	95	97	52	88	11	14	0	21	24	56	192	-108	-168
10	164	360	1791834148	87	89	55	92	11	14	0	32	38	56	192	-108	-168
10	164	360	1791836136	103	106	58	93	12	14	0	44	52	56	192	-108	-168
10	164	360	1791838144	94	96	61	99	11	15	0	55	67	56	192	-108	-168
10	164	360	1791840140	97	99	63	101	12	15	0	67	82	56	192	-108	-168
10	164	360	1791842144	115	115	63	104	14	17	0	81	99	56	192	-108	-168
10	164	360	1791844144	103	105	78	123	13	17	0	94	116	56	192	-108	-168
10	164	360	1791846148	120	121	69	108	14	17	0	108	133	56	192	-108	-168
10	164	360	1791848148	106	109	71	113	14	16	0	122	149	56	192	-108	-168
10	164	360	1791850148	124	126	74	114	14	18	0	136	167	56	192	-108	-168
10	164	360	1791852148	110	112	75	115	14	17	0	150	184	56	192	-108	-168
10	164	360	1791854152	126	130	77	116	16	19	0	166	203	56	192	-108	-168
10	164	360	1791856144	110	113	80	117	14	17	0	180	220	56	192	-108	-168
10	164	360	1791858148	126	132	80	119	15	19	0	195	239	56	192	-108	-168
10	164	360	1791860152	111	115	83	119	15	18	0	210	257	56	192	-108	-168
10	164	360	1791862156	127	132	96	137	17	20	0	227	277	56	192	-108	-168
10	164	360	1791864148	110	115	85	120	14	17	0	241	294	56	192	-108	-168
10	164	360	1791866152	125	131	87	119	16	19	0	257	313	56	192	-108	-168
10	164	360	1791868152	108	114	88	120	15	18	0	272	331	56	192	-108	-168
10	164	360	1791870156	123	130	89	118	16	18	0	288	349	56	192	-108	-168
10	164	360	1791872160	106	113	88	117	14	18	0	302	367	56	192	-108	-168
10	164	360	1791874160	119	126	89	116	16	18	0	318	385	56	192	-108	-168
10	164	360	1791876160	102	110	89	114	14	16	0	332	401	56	192	-108	-168
10	164	360	1791878160	115	122	89	113	15	18	0	347	419	56	192	-108	-168
10	164	360	1791880156	99	107	88	111	14	16	0	361	435	56	192	-108	-168
10	164	360	1791882164	110	118	100	125	16	19	0	377	454	56	192	-108	-168
10	164	360	1791884156	95	102	87	106	14	15	0	391	469	56	192	-108	-168
10	164	360	1791886152	105	115	83	104	14	17	0	405	486	56	192	-108	-168
10	164	360	1791888156	90	96	84	101	13	14	0	418	500	56	192	-108	-168
10	164	360	1791890156	99	109	83	100	14	16	0	432	516	56	192	-108	-168
10	164	360	1791892152	85	91	78	96	12	14	0	444	530	56	192	-108	-168
10	164	360	1791894152	82	89	79	94	12	14	0	456	544	56	192	-108	-168
10	164	360	1791896148	90	100	75	91	12	14	0	468	558	56	192	-108	-168
10	164	360	1791898152	78	83	73	89	12	13	0	480	571	56	192	-108	-168
10	164	360	1791900152	84	93	80	96	12	14	0	492	585	56	192	-108	-168
10	164	360	1791902144	71	77	67	83	10	12	0	502	597	56	192	-108	-168
10	164	360	1791904156	77	87	64	79	11	13	0	513	610	56	192	-108	-168
10	164	360	1791906164	64	72	61	76	9	11	0	522	621	56	192	-108	-168
10	164	360	1791908156	71	79	59	72	10	11	0	532	632	56	192	-108	-168
10	164	360	1791910156	59	67	55	70	9	10	0	541	642	56	192	-108	-168
10	164	360	1791912148	64	73	51	68	8	11	0	549	653	56	192	-108	-168
10	164	360	1791914156	52	61	50	65	8	9	0	557	662	56	192	-108	-168
10	164	360	1791916156	58	66	46	61	8	10	0	565	672	56	192	-108	-168
10	164	360	1791918160	46	54	43	59	6	8	0	571	680	56	192	-108	-168
10	164	360	1791920160	51	60	46	62	8	10	0	579	690	56	192	-108	-168
10	164	360	1791922144	42	49	36	53	5	7	0	584	697	56	192	-108	-168
10	164	360	1791924140	43	54	35	50	6	8	0	590	705	56	192	-108	-168
10	164	360	1791926136	35	42	32	46	5	7	0	595	712	56	192	-108	-168
10	164	360	1791928136	38	46	28	43	5	6	0	600	718	56	192	-108	-168
10	164	360	1791930132	30	38	25	40	4	6	0	604	724	56	192	-108	-168
10	164	360	1791932136	29	34	24	37	4	6	0	608	730	56	192	-108	-168
10	164	360	1791934132	27	36	21	35	4	5	0	612	735	56	192	-108	-168
10	164	360	1791936128	23	29	19	31	3	4	0	615	739	56	192	-108	-168
10	164	360	1791938128	22	28	16	28	3	5	0	618	744	56	192	-108	-168
10	164	360	1791940128	19	23	17	29	3	3	0	621	747	56	192	-108	-168
10	164	360	1791942128	17	24	12	22	2	4	0	623	724	56	192	-108	-168
10	164	360	1791944128	13	16	11	19	2	3	0	625	727	56	192	-108	-168
10	164	360	1791946132	14	17	9	16	1	2	0	626	729	56	192	-108	-168
10	164	360	1791948128	8	13	8	15	2	2	0	628	731	56	192	-108	-168
10	164	360	1791950132	9	12	6	13	1	2	0	629	733	56	192	-108	-168
10	164	360	1791952132	6	9	5	10	1	1	0	630	734	56	192	-108	-168
10	164	360	1791954120	7	9	5	8	0	2	0	630	736	56	192	-108	-168
10	164	360	1791956132	3	5	2	8	1	1	0	631	721	56	192	-108	-168
10	164	360	1791958112	4	6	3	5	0	0	0	631	721	56	192	-108	-168
10	164	360	1791960144	1	3	2	5	1	1	0	632	722	56	192	-108	-168
10	164	360	1791962104	2	2	2	2	0	0	0	632	722	56	192	-108	-168
10	164	360	1791964120	1	3	1	3	0	1	0	632	723	56	192	-108	-168
10	164	360	1791966084	0	1	0	1	0	0	0	632	723	56	192	-108	-168
10	164	360	1791968084	0	0	0	1	0	0	0	632	723	56	192	-108	-168
10	164	360	1791974088	-1	0	0	0	0	0	0	632	720	56	192	-108	-168
10	164	360	1791976092	-1	0	0	0	0	0	0	632	720	56	192	-108	-168
10	164	360	1791980092	-1	0	0	0	0	0	0	632	720	56	192	-108	-168
10	164	360	1791982084	-1	0	0	0	0	0	0	632	720	56	192	-108	-168
10	164	360	1791986080	-2	0	0	0	0	0	0	632	720	56	192	-108	-168
10	164	360	1791992092	-1	0	0	0	0	0	0	632	720	56	192	-108	-168
10	164	360	1791996072	0	0	0	0	0	0	1	632	720	56	192	-108	-168
11	164	360	1791998096	-1	0	0	0	0	0	1	56	192	56	192	-108	-168
11	-56	-392	1792082156	0	-1	0	0	0	0	0	56	192	0	-200	56	192
11	-56	-392	1792086184	-1	-1	-1	-1	0	0	0	56	192	0	-200	56	192
11	-56	-392	1792088184	-2	-1	0	-2	0	0	0	56	192	0	-200	56	192
11	-56	-392	1792090188	-1	-4	-1	-2	0	0	0	56	192	0	-200	56	192
11	-56	-392	1792092188	-2	-4	0	-4	0	0	0	56	192	0	-200	56	192
11	-56	-392	1792094204	-4	-6	-1	-5	-1	-1	0	55	191	0	-200	56	192
11	-56	-392	1792096184	-4	-6	-1	-6	0	-1	0	55	190	0	-200	56	192
11	-56	-392	1792098204	-6	-9	-2	-8	-1	-1	0	54	189	0	-200	56	192
11	-56	-392	1792100184	-5	-10	-2	-10	0	-2	0	54	187	0	-200	56	192
11	-56	-392	1792102192	-8	-12	-3	-12	-1	-2	0	53	185	0	-200	56	192
11	-56	-392	1792104196	-8	-17	-2	-14	-1	-2	0	52	183	0	-200	56	192
11	-56	-392	1792106200	-9	-16	-3	-17	-1	-3	0	51	180	0	-200	56	192
11	-56	-392	1792108196	-11	-21	-3	-19	-1	-3	0	50	177	0	-200	56	192
11	-56	-392	1792110196	-12	-20	-4	-21	-1	-3	0	49	174	0	-200	56	192
11	-56	-392	1792112196	-15	-28	-5	-24	-1	-4	0	48	170	0	-200	56	192
11	-56	-392	1792114200	-13	-27	-4	-28	-2	-4	0	46	166	0	-200	56	192
11	-56	-392	1792116196	-18	-34	-6	-28	-1	-4	0	45	162	0	-200	56	192
11	-56	-392	1792118192	-17	-34	-5	-34	-2	-5	0	43	157	0	-200	56	192
11	-56	-392	1792120200	-22	-41	-8	-35	-2	-6	0	41	151	0	-200	56	192
11	-56	-392	1792122196	-20	-39	-6	-40	-2	-6	0	39	145	0	-200	56	192
11	-56	-392	1792124192	-25	-48	-7	-43	-3	-7	0	36	138	0	-200	56	192
11	-56	-392	1792126188	-23	-47	-10	-52	-2	-7	0	34	131	0	-200	56	192
11	-56	-392	1792128188	-29	-55	-9	-49	-3	-8	0	31	123	0	-200	56	192
11	-56	-392	1792130184	-26	-51	-10	-51	-3	-8	0	28	115	0	-200	56	192
11	-56	-392	1792132192	-33	-62	-11	-55	-3	-9	0	25	106	0	-200	56	192
11	-56	-392	1792134180	-30	-59	-12	-59	-3	-8	0	22	98	0	-200	56	192
11	-56	-392	1792136172	-36	-69	-13	-61	-4	-10	0	18	88	0	-200	56	192
11	-56	-392	1792138176	-34	-64	-14	-64	-3	-10	0	15	78	0	-200	56	192
11	-56	-392	1792140184	-36	-67	-15	-67	-4	-10	0	11	68	0	-200	56	192
11	-56	-392	1792142188	-43	-80	-16	-72	-5	-11	0	6	57	0	-200	56	192
11	-56	-392	1792144184	-40	-74	-20	-83	-4	-12	0	2	45	0	-200	56	192
11	-56	-392	1792146176	-47	-86	-19	-78	-5	-12	0	-3	33	0	-200	56	192
11	-56	-392	1792148180	-45	-80	-21	-80	-5	-12	0	-8	21	0	-200	56	192
11	-56	-392	1792150188	-53	-94	-23	-84	-6	-14	0	-14	7	0	-200	56	192
11	-56	-392	1792152180	-48	-84	-25	-85	-5	-12	0	-19	-5	0	-200	56	192
11	-56	-392	1792154176	-59	-100	-25	-88	-6	-14	0	-25	-19	0	-200	56	192
11	-56	-392	1792156176	-54	-88	-29	-90	-7	-14	0	-32	-33	0	-200	56	192
11	-56	-392	1792158184	-64	-105	-28	-92	-7	-14	0	-39	-47	0	-200	56	192
11	-56	-392	1792160184	-57	-93	-32	-95	-6	-15	0	-45	-62	0	-200	56	192
11	-56	-392	1792162188	-68	-109	-36	-108	-8	-16	0	-53	-78	0	-200	56	192
11	-56	-392	1792164192	-61	-95	-34	-98	-7	-14	0	-60	-92	0	-200	56	192
11	-56	-392	1792166196	-71	-110	-35	-97	-8	-16	0	-68	-108	0	-200	56	192
11	-56	-392	1792168200	-64	-97	-36	-99	-8	-15	0	-76	-123	0	-200	56	192
11	-56	-392	1792170196	-74	-113	-37	-100	-8	-16	0	-84	-139	0	-200	56	192
11	-56	-392	1792172188	-66	-97	-38	-100	-8	-14	0	-92	-153	0	-200	56	192
11	-56	-392	1792174188	-76	-113	-37	-100	-8	-16	0	-100	-169	0	-200	56	192
11	-56	-392	1792176180	-68	-97	-39	-100	-8	-15	0	-108	-184	0	-200	56	192
11	-56	-392	1792178172	-76	-111	-40	-100	-9	-16	0	-117	-200	0	-200	56	192
11	-56	-392	1792180168	-69	-98	-39	-99	-8	-15	0	-125	-215	0	-200	56	192
11	-56	-392	1792182164	-67	-96	-39	-99	-8	-14	0	-133	-229	0	-200	56	192
11	-56	-392	1792184160	-78	-109	-45	-111	-9	-17	0	-142	-246	0	-200	56	192
11	-56	-392	1792186164	-67	-94	-37	-96	-8	-14	0	-150	-260	0	-200	56	192
11	-56	-392	1792188160	-76	-107	-39	-96	-9	-15	0	-159	-275	0	-200	56	192
11	-56	-392	1792190160	-67	-93	-36	-95	-7	-14	0	-166	-289	0	-200	56	192
11	-56	-392	1792192156	-75	-105	-36	-94	-9	-15	0	-175	-304	0	-200	56	192
11	-56	-392	1792194156	-63	-90	-35	-94	-7	-14	0	-182	-318	0	-200	56	192
11	-56	-392	1792196152	-73	-102	-35	-92	-8	-15	0	-190	-333	0	-200	56	192
11	-56	-392	1792198152	-64	-89	-33	-92	-7	-13	0	-197	-346	0	-200	56	192
11	-56	-392	1792200148	-71	-100	-32	-90	-8	-14	0	-205	-360	0	-200	56	192
11	-56	-392	1792202144	-61	-87	-32	-90	-7	-14	0	-212	-374	0	-200	56	192
11	-56	-392	1792204152	-69	-98	-35	-101	-8	-15	0	-220	-389	0	-200	56	192
11	-56	-392	1792206156	-60	-85	-28	-87	-7	-13	0	-227	-402	0	-200	56	192
11	-56	-392	1792208152	-69	-96	-29	-88	-7	-13	0	-234	-415	0	-200	56	192
11	-56	-392	1792210144	-58	-84	-26	-85	-6	-13	0	-240	-428	0	-200	56	192
11	-56	-392	1792212152	-67	-95	-27	-85	-7	-14	0	-247	-442	0	-200	56	192
11	-56	-392	1792214144	-57	-81	-25	-85	-6	-12	0	-253	-454	0	-200	56	192
11	-56	-392	1792216148	-65	-93	-23	-82	-7	-13	0	-260	-467	0	-200	56	192
11	-56	-392	1792218152	-56	-78	-23	-83	-6	-12	0	-266	-479	0	-200	56	192
11	-56	-392	1792220140	-55	-79	-21	-81	-6	-12	0	-272	-491	0	-200	56	192
11	-56	-392	1792222148	-63	-89	-23	-91	-6	-14	0	-278	-505	0	-200	56	192
11	-56	-392	1792224144	-52	-76	-17	-79	-5	-11	0	-283	-516	0	-200	56	192
11	-56	-392	1792226140	-59	-85	-18	-76	-6	-12	0	-289	-528	0	-200	56	192
11	-56	-392	1792228144	-51	-74	-15	-77	-5	-12	0	-294	-540	0	-200	56	192
11	-56	-392	1792230140	-57	-82	-15	-73	-5	-11	0	-299	-551	0	-200	56	192
11	-56	-392	1792232132	-47	-70	-12	-74	-5	-11	0	-304	-562	0	-200	56	192
11	-56	-392	1792234136	-53	-79	-13	-71	-5	-11	0	-309	-573	0	-200	56	192
11	-56	-392	1792236144	-45	-68	-10	-69	-4	-11	0	-313	-584	0	-200	56	192
11	-56	-392	1792238140	-50	-75	-10	-69	-4	-10	0	-317	-594	0	-200	56	192
11	-56	-392	1792240132	-41	-63	-8	-66	-4	-10	0	-321	-604	0	-200	56	192
11	-56	-392	1792242132	-45	-72	-8	-74	-4	-11	0	-325	-615	0	-200	56	192
11	-56	-392	1792244136	-37	-60	-7	-62	-3	-9	0	-328	-624	0	-200	56	192
11	-56	-392	1792246144	-42	-66	-5	-60	-4	-10	0	-332	-634	0	-200	56	192
11	-56	-392	1792248144	-33	-56	-4	-59	-3	-8	0	-335	-642	0	-200	56	192
11	-56	-392	1792250144	-38	-63	-4	-56	-3	-9	0	-338	-651	0	-200	56	192
11	-56	-392	1792252140	-30	-53	-2	-55	-2	-8	0	-340	-659	0	-200	56	192
11	-56	-392	1792254136	-32	-59	-3	-54	-3	-9	0	-343	-668	0	-200	56	192
11	-56	-392	1792256132	-27	-49	-1	-51	-2	-7	0	-345	-675	0	-200	56	192
11	-56	-392	1792258140	-30	-55	0	-50	-2	-8	0	-347	-683	0	-200	56	192
11	-56	-392	1792260140	-23	-46	-1	-55	-2	-8	0	-349	-691	0	-200	56	192
11	-56	-392	1792262132	-23	-45	0	-47	-2	-7	0	-351	-698	0	-200	56	192
11	-56	-392	1792264136	-25	-49	0	-45	-2	-7	0	-353	-705	0	-200	56	192
11	-56	-392	1792266136	-20	-42	0	-42	-1	-6	0	-354	-711	0	-200	56	192
11	-56	-392	1792268140	-22	-47	3	-43	-1	-7	0	-355	-718	0	-200	56	192
11	-56	-392	1792270144	-19	-38	1	-41	-2	-6	0	-357	-724	0	-200	56	192
11	-56	-392	1792272144	-20	-44	2	-39	-1	-6	0	-358	-730	0	-200	56	192
11	-56	-392	1792274144	-16	-36	4	-38	-1	-5	0	-359	-735	0	-200	56	192
11	-56	-392	1792276144	-19	-42	3	-38	-1	-6	0	-360	-741	0	-200	56	192
11	-56	-392	1792278148	-14	-35	3	-41	-1	-6	0	-361	-747	0	-200	56	192
11	-56	-392	1792280148	-17	-38	5	-34	-1	-6	0	-362	-753	0	-200	56	192
11	-56	-392	1792282152	-13	-33	4	-35	-1	-5	0	-363	-725	0	-200	56	192
11	-56	-392	1792284140	-15	-36	5	-32	0	-5	0	-363	-730	0	-200	56	192
11	-56	-392	1792286164	-12	-30	5	-32	-1	-4	0	-364	-734	0	-200	56	192
11	-56	-392	1792288164	-13	-35	5	-31	-1	-5	0	-365	-739	0	-200	56	192
11	-56	-392	1792290156	-11	-29	5	-30	0	-5	0	-365	-744	0	-200	56	192
11	-56	-392	1792292164	-13	-31	5	-29	-1	-4	0	-366	-748	0	-200	56	192
11	-56	-392	1792294152	-10	-28	6	-28	0	-4	0	-366	-752	0	-200	56	192
11	-56	-392	1792296148	-10	-30	7	-30	0	-5	0	-366	-725	0	-200	56	192
11	-56	-392	1792298140	-10	-25	6	-27	0	-4	0	-366	-729	0	-200	56	192
11	-56	-392	1792300160	-10	-28	5	-26	-1	-4	0	-367	-733	0	-200	56	192
11	-56	-392	1792302148	-8	-23	6	-24	0	-3	0	-367	-736	0	-200	56	192
11	-56	-392	1792304148	-10	-26	5	-23	0	-4	0	-367	-740	0	-200	56	192
11	-56	-392	1792306148	-8	-23	6	-23	0	-4	0	-367	-744	0	-200	56	192
11	-56	-392	1792308168	-9	-23	5	-22	-1	-3	0	-368	-747	0	-200	56	192
11	-56	-392	1792310124	-7	-20	7	-20	0	-3	0	-368	-750	0	-200	56	192
11	-56	-392	1792312144	-9	-23	5	-22	0	-3	0	-368	-753	0	-200	56	192
11	-56	-392	1792314144	-7	-19	5	-18	0	-3	0	-368	-723	0	-200	56	192
11	-56	-392	1792316148	-9	-20	6	-22	0	-3	0	-368	-726	0	-200	56	192
11	-56	-392	1792318160	-8	-17	5	-17	-1	-3	0	-369	-729	0	-200	56	192
11	-56	-392	1792320144	-7	-16	4	-16	0	-2	0	-369	-731	0	-200	56	192
11	-56	-392	1792322144	-8	-18	5	-17	0	-3	0	-369	-734	0	-200	56	192
11	-56	-392	1792324148	-7	-15	3	-16	0	-2	0	-369	-736	0	-200	56	192
11	-56	-392	1792326160	-9	-16	4	-15	-1	-2	0	-370	-738	0	-200	56	192
11	-56	-392	1792328148	-7	-14	4	-14	0	-3	0	-370	-741	0	-200	56	192
11	-56	-392	1792330148	-8	-15	4	-13	0	-2	0	-370	-743	0	-200	56	192
11	-56	-392	1792332164	-7	-12	3	-13	-1	-2	0	-371	-722	0	-200	56	192
11	-56	-392	1792334152	-8	-13	3	-12	0	-1	0	-371	-723	0	-200	56	192
11	-56	-392	1792336152	-6	-11	2	-12	0	-2	0	-371	-725	0	-200	56	192
11	-56	-392	1792338164	-8	-11	3	-11	-1	-2	0	-372	-727	0	-200	56	192
11	-56	-392	1792340148	-6	-9	2	-9	0	-1	0	-372	-728	0	-200	56	192
11	-56	-392	1792342152	-7	-10	3	-8	0	-2	0	-372	-730	0	-200	56	192
11	-56	-392	1792344168	-7	-8	1	-9	-1	-1	0	-373	-731	0	-200	56	192
11	-56	-392	1792346156	-7	-7	1	-8	0	-1	0	-373	-732	0	-200	56	192
11	-56	-392	1792348140	-6	-6	2	-6	0	-1	0	-373	-733	0	-200	56	192
11	-56	-392	1792350160	-7	-8	1	-6	-1	-1	0	-374	-734	0	-200	56	192
11	-56	-392	1792352148	-5	-5	1	-5	0	-1	0	-374	-735	0	-200	56	192
11	-56	-392	1792354152	-6	-5	1	-5	-1	0	0	-375	-735	0	-200	56	192
11	-56	-392	1792356144	-5	-2	0	-4	0	-1	0	-375	-736	0	-200	56	192
11	-56	-392	1792358136	-5	-4	2	-4	0	0	0	-375	-720	0	-200	56	192
11	-56	-392	1792360164	-4	-3	0	-2	-1	-1	0	-376	-721	0	-200	56	192
11	-56	-392	1792362140	-3	-2	0	-3	0	0	0	-376	-721	0	-200	56	192
11	-56	-392	1792364148	-4	-3	0	-2	0	-1	1	-376	-721	0	-200	56	192
