1	-56	392	2062945640	0	0	0	0	0	0	0	0	-200	-56	192	0	-200
1	-56	392	2062963700	0	3	1	2	0	0	0	0	-200	-56	192	0	-200
1	-56	392	2062965672	0	2	0	3	0	0	0	0	-200	-56	192	0	-200
1	-56	392	2062967708	0	4	1	4	0	1	0	0	-199	-56	192	0	-200
1	-56	392	2062969708	0	6	1	5	0	2	0	0	-197	-56	192	0	-200
1	-56	392	2062971708	0	8	2	8	0	2	0	0	-195	-56	192	0	-200
1	-56	392	2062973708	-1	10	2	8	0	3	0	0	-192	-56	192	0	-200
1	-56	392	2062975724	0	10	1	10	1	3	0	1	-189	-56	192	0	-200
1	-56	392	2062977712	0	15	4	14	0	4	0	1	-185	-56	192	0	-200
1	-56	392	2062979724	0	15	3	14	1	5	0	2	-180	-56	192	0	-200
1	-56	392	2062981712	0	16	5	17	0	5	0	2	-175	-56	192	0	-200
1	-56	392	2062983724	0	19	3	17	1	5	0	3	-170	-56	192	0	-200
1	-56	392	2062985724	0	25	5	22	1	7	0	4	-163	-56	192	0	-200
1	-56	392	2062987712	1	24	5	21	0	7	0	4	-156	-56	192	0	-200
1	-56	392	2062989732	2	26	7	28	2	8	0	6	-148	-56	192	0	-200
1	-56	392	2062991744	3	32	6	26	1	9	0	7	-139	-56	192	0	-200
1	-56	392	2062993740	4	33	7	34	2	10	0	9	-129	-56	192	0	-200
1	-56	392	2062995748	5	34	7	32	2	10	0	11	-119	-56	192	0	-200
1	-56	392	2062997744	5	41	8	39	2	12	0	13	-107	-56	192	0	-200
1	-56	392	2062999740	6	39	8	36	2	11	0	15	-96	-56	192	0	-200
1	-56	392	2063001732	8	41	9	45	2	13	0	17	-83	-56	192	0	-200
1	-56	392	2063003736	7	44	7	42	2	13	0	19	-70	-56	192	0	-200
1	-56	392	2063005740	10	52	9	50	3	15	0	22	-55	-56	192	0	-200
1	-56	392	2063007732	9	50	7	46	3	14	0	25	-41	-56	192	0	-200
1	-56	392	2063009724	10	53	9	56	2	17	0	27	-24	-56	192	0	-200
1	-56	392	2063011724	13	62	8	53	4	17	0	31	-7	-56	192	0	-200
1	-56	392	2063013728	11	60	8	63	2	19	0	33	12	-56	192	0	-200
1	-56	392	2063015724	12	63	8	60	3	18	0	36	30	-56	192	0	-200
1	-56	392	2063017720	13	67	7	72	3	21	0	39	51	-56	192	0	-200
1	-56	392	2063019720	15	79	7	66	4	22	0	43	73	-56	192	0	-200
1	-56	392	2063021720	14	74	7	79	3	23	0	46	96	-56	192	0	-200
1	-56	392	2063023716	15	78	5	73	3	22	0	49	118	-56	192	0	-200
1	-56	392	2063025716	15	92	6	89	3	27	0	52	145	-56	192	0	-200
1	-56	392	2063027712	15	86	5	81	3	25	0	55	170	-56	192	0	-200
1	-56	392	2063029712	13	91	5	98	3	29	0	58	199	-56	192	0	-200
1	-56	392	2063031712	15	95	4	90	3	27	0	61	226	-56	192	0	-200
1	-56	392	2063033712	15	113	4	109	2	34	0	63	260	-56	192	0	-200
1	-56	392	2063035716	14	105	2	100	3	31	0	66	291	-56	192	0	-200
1	-56	392	2063037712	13	110	2	118	2	34	0	68	325	-56	192	0	-200
1	-56	392	2063039712	12	128	1	109	2	35	0	70	360	-56	192	0	-200
1	-56	392	2063041712	10	120	0	129	1	38	0	71	398	-56	192	0	-200
1	-56	392	2063043708	9	123	-1	117	2	36	0	73	434	-56	192	0	-200
1	-56	392	2063045696	5	126	-3	138	0	39	0	73	473	-56	192	0	-200
1	-56	392	2063047664	4	145	-4	124	0	41	0	73	514	-56	192	0	-200
1	-56	392	2063049684	1	131	-6	143	0	41	0	73	555	-56	192	0	-200
1	-56	392	2063051696	-1	135	-8	129	-1	39	0	72	594	-56	192	0	-200
1	-56	392	2063053700	-6	152	-10	150	-3	46	0	69	640	-56	192	0	-200
1	-56	392	2063055700	-9	136	-11	151	-3	43	0	66	683	-56	192	0	-200
1	-56	392	2063057696	-11	137	-11	134	-3	40	0	63	723	-56	192	0	-200
1	-56	392	2063059696	-15	135	-15	153	-4	43	0	59	766	-56	192	0	-200
1	-56	392	2063061696	-21	152	-15	132	-6	43	0	53	809	-56	192	0	-200
1	-56	392	2063063704	-21	132	-19	151	-6	43	0	47	852	-56	192	0	-200
1	-56	392	2063065692	-25	130	-18	129	-6	38	0	41	890	-56	192	0	-200
1	-56	392	2063067692	-32	141	-23	146	-8	43	0	33	933	-56	192	0	-200
1	-56	392	2063069692	-30	123	-22	124	-8	37	0	25	970	-56	192	0	-200
1	-56	392	2063071692	-32	119	-26	139	-9	39	0	16	759	-56	192	0	-200
1	-56	392	2063073704	-39	127	-25	116	-10	37	0	6	796	-56	192	0	-200
1	-56	392	2063075704	-36	109	-30	130	-9	35	0	-3	831	-56	192	0	-200
1	-56	392	2063077700	-36	105	-26	108	-10	32	0	-13	863	-56	192	0	-200
1	-56	392	2063079708	-38	101	-33	120	-10	34	0	-23	897	-56	192	0	-200
1	-56	392	2063081708	-41	108	-27	98	-11	30	0	-34	927	-56	192	0	-200
1	-56	392	2063083708	-38	91	-34	109	-10	30	0	-44	750	-56	192	0	-200
1	-56	392	2063085700	-37	86	-29	90	-10	27	0	-54	777	-56	192	0	-200
1	-56	392	2063087704	-40	91	-33	98	-11	28	0	-65	805	-56	192	0	-200
1	-56	392	2063089708	-34	78	-30	80	-10	24	0	-75	829	-56	192	0	-200
1	-56	392	2063091704	-34	72	-33	87	-10	24	0	-85	853	-56	192	0	-200
1	-56	392	2063093700	-35	77	-29	71	-9	22	0	-94	875	-56	192	0	-200
1	-56	392	2063095700	-30	63	-32	78	-10	21	0	-104	896	-56	192	0	-200
1	-56	392	2063097704	-27	60	-26	62	-8	18	0	-112	914	-56	192	0	-200
1	-56	392	2063099704	-26	57	-30	69	-8	19	0	-120	933	-56	192	0	-200
1	-56	392	2063101704	-28	58	-25	55	-8	17	0	-128	737	-56	192	0	-200
1	-56	392	2063103704	-22	49	-27	60	-7	17	0	-135	754	-56	192	0	-200
1	-56	392	2063105704	-20	46	-22	48	-7	14	0	-142	768	-56	192	0	-200
1	-56	392	2063107704	-22	48	-23	52	-6	15	0	-148	783	-56	192	0	-200
1	-56	392	2063109704	-17	39	-18	41	-6	12	0	-154	795	-56	192	0	-200
1	-56	392	2063111704	-15	36	-20	45	-5	12	0	-159	807	-56	192	0	-200
1	-56	392	2063113704	-14	35	-15	37	-4	11	0	-163	818	-56	192	0	-200
1	-56	392	2063115704	-14	35	-17	38	-5	11	0	-168	829	-56	192	0	-200
1	-56	392	2063117716	-11	29	-12	32	-3	9	0	-171	729	-56	192	0	-200
1	-56	392	2063119708	-9	27	-14	33	-4	9	0	-175	738	-56	192	0	-200
1	-56	392	2063121712	-10	28	-10	27	-3	8	0	-178	746	-56	192	0	-200
1	-56	392	2063123704	-7	23	-10	28	-2	8	0	-180	754	-56	192	0	-200
1	-56	392	2063125704	-6	22	-7	23	-2	6	0	-182	760	-56	192	0	-200
1	-56	392	2063127700	-7	21	-9	24	-3	7	0	-185	767	-56	192	0	-200
1	-56	392	2063129704	-5	16	-6	18	-1	5	0	-186	772	-56	192	0	-200
1	-56	392	2063131708	-3	16	-5	20	-2	6	0	-188	778	-56	192	0	-200
1	-56	392	2063133708	-4	14	-5	15	-1	4	0	-189	724	-56	192	0	-200
1	-56	392	2063135696	-4	13	-4	15	-1	4	0	-190	728	-56	192	0	-200
1	-56	392	2063137692	-1	10	-4	13	-1	4	0	-191	732	-56	192	0	-200
1	-56	392	2063139688	-3	10	-2	10	-1	3	0	-192	735	-56	192	0	-200
1	-56	392	2063141672	-1	8	-2	9	0	2	0	-192	737	-56	192	0	-200
1	-56	392	2063143692	-1	7	-2	7	-1	2	1	-193	739	-56	192	0	-200
2	-56	392	2063145676	-1	5	-1	8	0	2	1	-56	194	-56	192	0	-200
2	-56	392	2063147680	0	3	-2	5	0	1	1	-56	195	-56	192	0	-200
2	-56	392	2063149648	0	4	0	5	0	2	1	-56	197	-56	192	0	-200
2	-56	392	2063151688	-2	3	-1	2	-1	1	1	-57	198	-56	192	0	-200
2	164	-360	2063153636	0	1	0	3	0	0	1	-57	198	108	-168	-56	192
2	164	-360	2063155632	0	1	0	1	0	0	1	-57	198	108	-168	-56	192
2	164	-360	2063157668	0	1	-1	1	0	1	1	-57	199	108	-168	-56	192
2	164	-360	2063159640	0	0	0	1	0	0	1	-57	199	108	-168	-56	192
2	164	-360	2063171668	1	-3	0	0	0	0	1	-57	199	108	-168	-56	192
2	164	-360	2063173664	0	-2	2	-4	0	0	1	-57	199	108	-168	-56	192
2	164	-360	2063175668	1	-5	1	-4	0	-2	1	-57	197	108	-168	-56	192
2	164	-360	2063177668	1	-6	2	-5	0	-1	1	-57	196	108	-168	-56	192
2	164	-360	2063179676	2	-8	2	-6	1	-3	1	-56	193	108	-168	-56	192
2	164	-360	2063181676	2	-9	2	-9	1	-2	1	-55	191	108	-168	-56	192
2	164	-360	2063183664	1	-11	3	-10	0	-3	1	-55	188	108	-168	-56	192
2	164	-360	2063185672	3	-12	3	-11	1	-4	1	-54	184	108	-168	-56	192
2	164	-360	2063187668	1	-13	3	-12	1	-4	1	-53	180	108	-168	-56	192
2	164	-360	2063189668	3	-15	4	-14	1	-4	1	-52	176	108	-168	-56	192
2	164	-360	2063191668	2	-17	3	-15	1	-5	1	-51	171	108	-168	-56	192
2	164	-360	2063193652	1	-18	5	-18	0	-5	1	-51	166	108	-168	-56	192
2	164	-360	2063195660	3	-20	5	-17	2	-6	1	-49	160	108	-168	-56	192
2	164	-360	2063197660	1	-22	5	-21	1	-6	1	-48	154	108	-168	-56	192
2	164	-360	2063199660	3	-22	5	-20	1	-6	1	-47	148	108	-168	-56	192
2	164	-360	2063201668	1	-22	5	-24	1	-7	1	-46	141	108	-168	-56	192
2	164	-360	2063203664	1	-26	5	-21	1	-7	1	-45	134	108	-168	-56	192
2	164	-360	2063205660	1	-24	7	-27	1	-8	1	-44	126	108	-168	-56	192
2	164	-360	2063207660	2	-24	5	-22	1	-7	1	-43	119	108	-168	-56	192
2	164	-360	2063209656	1	-24	6	-26	1	-7	0	-42	112	108	-168	-56	192
2	164	-360	2063211652	0	-26	6	-24	1	-8	0	-41	104	108	-168	-56	192
2	164	-360	2063213652	1	-25	6	-26	1	-8	0	-40	96	108	-168	-56	192
2	164	-360	2063215652	0	-24	5	-24	1	-7	0	-39	89	108	-168	-56	192
2	164	-360	2063217644	0	-27	7	-28	1	-8	0	-38	81	108	-168	-56	192
2	164	-360	2063219644	1	-24	6	-23	1	-7	0	-37	74	108	-168	-56	192
2	164	-360	2063221640	0	-25	6	-28	1	-8	0	-36	66	108	-168	-56	192
2	164	-360	2063223636	2	-26	8	-25	1	-8	0	-35	58	108	-168	-56	192
2	164	-360	2063225636	1	-29	7	-29	1	-8	0	-34	50	108	-168	-56	192
2	164	-360	2063227632	1	-26	6	-26	1	-8	0	-33	42	108	-168	-56	192
2	164	-360	2063229628	3	-28	9	-30	2	-9	0	-31	33	108	-168	-56	192
2	164	-360	2063231624	2	-31	9	-27	2	-9	0	-29	24	108	-168	-56	192
2	164	-360	2063233624	3	-29	11	-33	2	-9	0	-27	15	108	-168	-56	192
2	164	-360	2063235624	3	-30	10	-30	2	-9	0	-25	6	108	-168	-56	192
2	164	-360	2063237628	4	-31	13	-35	2	-10	0	-23	-4	108	-168	-56	192
2	164	-360	2063239632	5	-36	12	-31	3	-10	0	-20	-14	108	-168	-56	192
2	164	-360	2063241640	6	-34	15	-38	3	-11	0	-17	-25	108	-168	-56	192
2	164	-360	2063243644	7	-36	15	-35	3	-10	0	-14	-35	108	-168	-56	192
2	164	-360	2063245636	7	-41	20	-40	4	-12	0	-10	-47	108	-168	-56	192
2	164	-360	2063247640	9	-39	18	-37	4	-12	0	-6	-59	108	-168	-56	192
2	164	-360	2063249636	9	-40	22	-44	5	-12	0	-1	-71	108	-168	-56	192
2	164	-360	2063251640	11	-48	21	-40	5	-14	0	4	-85	108	-168	-56	192
2	164	-360	2063253640	11	-43	27	-47	6	-13	0	10	-98	108	-168	-56	192
2	164	-360	2063255640	11	-47	28	-50	5	-15	0	15	-113	108	-168	-56	192
2	164	-360	2063257640	14	-46	28	-45	7	-13	0	22	-126	108	-168	-56	192
2	164	-360	2063259632	16	-56	32	-54	7	-17	0	29	-143	108	-168	-56	192
2	164	-360	2063261632	17	-51	32	-49	7	-15	0	36	-158	108	-168	-56	192
2	164	-360	2063263628	16	-53	36	-57	8	-16	0	44	-174	108	-168	-56	192
2	164	-360	2063265628	21	-61	34	-53	8	-17	0	52	-191	108	-168	-56	192
2	164	-360	2063267624	20	-58	41	-62	9	-18	0	61	-209	108	-168	-56	192
2	164	-360	2063269624	23	-58	36	-57	9	-18	0	70	-227	108	-168	-56	192
2	164	-360	2063271624	22	-62	45	-66	10	-19	0	80	-246	108	-168	-56	192
2	164	-360	2063273620	29	-70	40	-60	11	-19	0	91	-265	108	-168	-56	192
2	164	-360	2063275616	27	-65	49	-71	11	-21	0	102	-286	108	-168	-56	192
2	164	-360	2063277620	28	-66	42	-64	11	-19	0	113	-305	108	-168	-56	192
2	164	-360	2063279616	35	-77	52	-75	13	-23	0	126	-328	108	-168	-56	192
2	164	-360	2063281608	31	-72	46	-69	11	-21	0	137	-349	108	-168	-56	192
2	164	-360	2063283612	33	-71	54	-78	13	-23	0	150	-372	108	-168	-56	192
2	164	-360	2063285616	33	-74	47	-72	12	-21	0	162	-393	108	-168	-56	192
2	164	-360	2063287620	40	-85	56	-83	15	-26	0	177	-419	108	-168	-56	192
2	164	-360	2063289624	35	-76	50	-74	12	-22	0	189	-441	108	-168	-56	192
2	164	-360	2063291632	35	-79	59	-86	15	-25	0	204	-466	108	-168	-56	192
2	164	-360	2063293628	40	-90	51	-77	13	-25	0	217	-491	108	-168	-56	192
2	164	-360	2063295620	37	-80	60	-90	15	-25	0	232	-516	108	-168	-56	192
2	164	-360	2063297624	35	-81	54	-77	13	-24	0	245	-540	108	-168	-56	192
2	164	-360	2063299620	36	-81	61	-91	15	-26	0	260	-566	108	-168	-56	192
2	164	-360	2063301620	40	-91	53	-79	14	-25	0	274	-591	108	-168	-56	192
2	164	-360	2063303612	35	-82	61	-90	14	-26	0	288	-617	108	-168	-56	192
2	164	-360	2063305616	34	-78	54	-79	13	-24	0	301	-641	108	-168	-56	192
2	164	-360	2063307620	37	-89	61	-87	15	-26	0	316	-667	108	-168	-56	192
2	164	-360	2063309624	33	-76	53	-77	13	-23	0	329	-690	108	-168	-56	192
2	164	-360	2063311632	32	-75	60	-85	14	-24	0	343	-714	108	-168	-56	192
2	164	-360	2063313632	35	-83	51	-72	12	-23	0	355	-737	108	-168	-56	192
2	164	-360	2063315636	29	-70	57	-81	13	-23	0	368	-760	108	-168	-56	192
2	164	-360	2063317644	30	-69	50	-68	12	-21	0	380	-741	108	-168	-56	192
2	164	-360	2063319648	31	-73	57	-76	14	-22	0	394	-763	108	-168	-56	192
2	164	-360	2063321644	28	-62	47	-64	11	-19	0	405	-782	108	-168	-56	192
2	164	-360	2063323648	26	-60	54	-70	12	-19	0	417	-801	108	-168	-56	192
2	164	-360	2063325640	26	-56	45	-57	10	-17	0	427	-818	108	-168	-56	192
2	164	-360	2063327644	29	-59	51	-64	12	-19	0	439	-837	108	-168	-56	192
2	164	-360	2063329652	24	-48	50	-59	12	-16	0	451	-853	108	-168	-56	192
2	164	-360	2063331656	23	-48	41	-50	9	-15	0	460	-868	108	-168	-56	192
2	164	-360	2063333656	25	-49	47	-52	11	-15	0	471	-883	108	-168	-56	192
2	164	-360	2063335664	22	-41	38	-43	9	-12	0	480	-895	108	-168	-56	192
2	164	-360	2063337664	21	-37	44	-46	10	-13	0	490	-908	108	-168	-56	192
2	164	-360	2063339656	21	-42	36	-38	8	-12	0	498	-732	108	-168	-56	192
2	164	-360	2063341660	19	-33	40	-40	9	-11	0	507	-743	108	-168	-56	192
2	164	-360	2063343656	17	-33	35	-33	8	-10	0	515	-753	108	-168	-56	192
2	164	-360	2063345656	18	-30	37	-37	8	-10	0	523	-763	108	-168	-56	192
2	164	-360	2063347656	17	-32	31	-28	7	-9	0	530	-772	108	-168	-56	192
2	164	-360	2063349652	15	-27	35	-32	8	-8	0	538	-780	108	-168	-56	192
2	164	-360	2063351648	15	-25	27	-25	6	-8	0	544	-728	108	-168	-56	192
2	164	-360	2063353644	15	-26	32	-27	7	-8	0	551	-736	108	-168	-56	192
2	164	-360	2063355640	13	-22	26	-23	6	-7	0	557	-743	108	-168	-56	192
2	164	-360	2063357636	11	-20	27	-23	6	-6	0	563	-749	108	-168	-56	192
2	164	-360	2063359632	10	-20	23	-20	5	-6	0	568	-755	108	-168	-56	192
2	164	-360	2063361628	11	-20	24	-20	5	-6	0	573	-761	108	-168	-56	192
2	164	-360	2063363632	9	-17	20	-17	4	-5	0	577	-766	108	-168	-56	192
2	164	-360	2063365632	8	-15	20	-18	5	-5	0	582	-771	108	-168	-56	192
2	164	-360	2063367632	7	-16	17	-14	3	-5	0	585	-776	108	-168	-56	192
2	164	-360	2063369628	6	-14	18	-15	4	-4	0	589	-724	108	-168	-56	192
2	164	-360	2063371640	5	-12	15	-13	3	-4	0	592	-728	108	-168	-56	192
2	164	-360	2063373640	5	-11	15	-13	3	-3	0	595	-731	108	-168	-56	192
2	164	-360	2063375640	5	-12	11	-10	2	-4	1	597	-735	108	-168	-56	192
3	164	-360	2063377644	4	-8	12	-12	3	-3	1	111	-171	108	-168	-56	192
3	164	-360	2063379640	3	-9	10	-8	1	-2	1	112	-173	108	-168	-56	192
3	164	-360	2063381644	2	-9	12	-9	3	-3	1	115	-176	108	-168	-56	192
3	164	-360	2063383644	3	-6	7	-8	1	-2	1	116	-178	108	-168	-56	192
3	164	-360	2063385644	1	-6	9	-7	2	-2	1	118	-180	108	-168	-56	192
3	164	-360	2063387636	1	-7	6	-5	1	-2	1	119	-182	108	-168	-56	192
3	-259	299	2063389636	1	-3	6	-6	1	-1	1	120	-183	-151	131	108	-168
3	-259	299	2063391636	2	-4	5	-4	1	-1	1	121	-184	-151	131	108	-168
3	-259	299	2063393636	1	-4	5	-5	1	-2	1	122	-186	-151	131	108	-168
3	-259	299	2063395620	0	-4	5	-4	0	-1	1	122	-187	-151	131	108	-168
3	-259	299	2063397620	0	-2	4	-2	1	0	1	123	-187	-151	131	108	-168
3	-259	299	2063399636	1	-3	3	-3	1	-1	1	124	-188	-151	131	108	-168
3	-259	299	2063401624	0	-1	2	-2	0	-1	1	124	-189	-151	131	108	-168
3	-259	299	2063403608	0	-1	3	-2	0	0	1	124	-189	-151	131	108	-168
3	-259	299	2063405636	0	-1	2	-2	1	-1	1	125	-190	-151	131	108	-168
3	-259	299	2063407608	0	-2	1	-1	0	0	1	125	-190	-151	131	108	-168
3	-259	299	2063409608	0	-1	2	0	0	0	1	125	-190	-151	131	108	-168
3	-259	299	2063411620	0	0	1	-2	0	-1	1	125	-191	-151	131	108	-168
3	-259	299	2063415612	0	0	1	-1	0	0	1	125	-191	-151	131	108	-168
3	-259	299	2063417580	0	-1	0	0	0	0	1	125	-191	-151	131	108	-168
3	-259	299	2063419600	0	0	1	0	1	0	1	126	-191	-151	131	108	-168
3	-259	299	2063463596	0	0	0	0	0	0	0	126	-191	-151	131	108	-168
3	-259	299	2063465624	0	0	0	1	0	0	0	126	-191	-151	131	108	-168
3	-259	299	2063467620	0	2	0	1	0	0	0	126	-191	-151	131	108	-168
3	-259	299	2063469644	0	1	-1	1	0	0	0	126	-191	-151	131	108	-168
3	-259	299	2063471652	-2	4	-3	4	0	1	0	126	-190	-151	131	108	-168
3	-259	299	2063473660	-2	3	-2	4	-1	1	0	125	-189	-151	131	108	-168
3	-259	299	2063475660	-3	8	-4	6	-1	2	0	124	-187	-151	131	108	-168
3	-259	299	2063477656	-2	6	-5	6	-1	2	0	123	-185	-151	131	108	-168
3	-259	299	2063479656	-3	10	-6	9	-1	3	0	122	-182	-151	131	108	-168
3	-259	299	2063481660	-3	10	-8	10	-2	3	0	120	-179	-151	131	108	-168
3	-259	299	2063483656	-5	13	-7	11	-2	4	0	118	-175	-151	131	108	-168
3	-259	299	2063485652	-5	13	-10	14	-2	4	0	116	-171	-151	131	108	-168
3	-259	299	2063487656	-5	15	-10	12	-2	4	0	114	-167	-151	131	108	-168
3	-259	299	2063489660	-8	19	-14	18	-4	5	0	110	-162	-151	131	108	-168
3	-259	299	2063491660	-6	19	-13	16	-3	5	0	107	-157	-151	131	108	-168
3	-259	299	2063493660	-8	21	-17	23	-3	7	0	104	-150	-151	131	108	-168
3	-259	299	2063495660	-7	23	-18	20	-4	7	0	100	-143	-151	131	108	-168
3	-259	299	2063497660	-10	27	-21	26	-5	7	0	95	-136	-151	131	108	-168
3	-259	299	2063499664	-9	26	-21	24	-4	8	0	91	-128	-151	131	108	-168
3	-259	299	2063501664	-9	28	-26	30	-5	9	0	86	-119	-151	131	108	-168
3	-259	299	2063503664	-12	34	-25	28	-6	9	0	80	-110	-151	131	108	-168
3	-259	299	2063505660	-10	31	-32	34	-6	10	0	74	-100	-151	131	108	-168
3	-259	299	2063507660	-11	32	-30	31	-6	9	0	68	-91	-151	131	108	-168
3	-259	299	2063509664	-14	39	-36	38	-8	12	0	60	-79	-151	131	108	-168
3	-259	299	2063511664	-14	36	-36	35	-7	10	0	53	-69	-151	131	108	-168
3	-259	299	2063513660	-14	39	-43	41	-9	12	0	44	-57	-151	131	108	-168
3	-259	299	2063515664	-16	40	-41	39	-9	12	0	35	-45	-151	131	108	-168
3	-259	299	2063517652	-19	48	-50	46	-10	14	0	25	-31	-151	131	108	-168
3	-259	299	2063519656	-20	45	-47	44	-10	14	0	15	-17	-151	131	108	-168
3	-259	299	2063521648	-20	46	-59	51	-12	14	0	3	-3	-151	131	108	-168
3	-259	299	2063523652	-26	55	-54	46	-12	15	0	-9	12	-151	131	108	-168
3	-259	299	2063525648	-24	50	-66	57	-13	16	0	-22	28	-151	131	108	-168
3	-259	299	2063527648	-27	52	-61	50	-13	16	0	-35	44	-151	131	108	-168
3	-259	299	2063529652	-29	55	-75	61	-16	17	0	-51	61	-151	131	108	-168
3	-259	299	2063531656	-34	64	-68	55	-15	18	0	-66	79	-151	131	108	-168
3	-259	299	2063533652	-32	59	-82	65	-17	19	0	-83	98	-151	131	108	-168
3	-259	299	2063535656	-35	61	-77	59	-17	18	0	-100	116	-151	131	108	-168
3	-259	299	2063537644	-43	70	-90	68	-20	20	0	-120	136	-151	131	108	-168
3	-259	299	2063539652	-38	64	-82	63	-18	19	0	-138	155	-151	131	108	-168
3	-259	299	2063541652	-42	66	-98	72	-21	21	0	-159	176	-151	131	108	-168
3	-259	299	2063543656	-47	74	-87	64	-20	21	0	-179	197	-151	131	108	-168
3	-259	299	2063545652	-45	67	-105	76	-23	21	0	-202	218	-151	131	108	-168
3	-259	299	2063547648	-46	68	-95	67	-21	20	0	-223	238	-151	131	108	-168
3	-259	299	2063549652	-48	67	-111	76	-24	22	0	-247	260	-151	131	108	-168
3	-259	299	2063551652	-56	77	-99	66	-23	21	0	-270	281	-151	131	108	-168
3	-259	299	2063553648	-51	67	-116	76	-25	22	0	-295	303	-151	131	108	-168
3	-259	299	2063555648	-53	66	-104	67	-24	20	0	-319	323	-151	131	108	-168
3	-259	299	2063557648	-60	74	-120	75	-27	22	0	-346	345	-151	131	108	-168
3	-259	299	2063559640	-55	63	-108	65	-24	19	0	-370	364	-151	131	108	-168
3	-259	299	2063561640	-55	62	-122	71	-27	20	0	-397	384	-151	131	108	-168
3	-259	299	2063563640	-57	59	-110	61	-25	18	0	-422	402	-151	131	108	-168
3	-259	299	2063565636	-65	64	-125	68	-28	20	0	-450	422	-151	131	108	-168
3	-259	299	2063567636	-59	52	-110	55	-26	16	0	-476	438	-151	131	108	-168
3	-259	299	2063569632	-59	50	-126	61	-27	17	0	-503	455	-151	131	108	-168
3	-259	299	2063571632	-66	53	-109	50	-27	15	0	-530	470	-151	131	108	-168
3	-259	299	2063573628	-60	42	-125	54	-27	15	0	-557	485	-151	131	108	-168
3	-259	299	2063575628	-59	40	-109	43	-26	12	0	-583	497	-151	131	108	-168
3	-259	299	2063577620	-59	36	-120	45	-26	12	0	-609	509	-151	131	108	-168
3	-259	299	2063579620	-63	38	-104	38	-25	12	0	-634	521	-151	131	108	-168
3	-259	299	2063581616	-57	29	-116	37	-26	9	0	-660	530	-151	131	108	-168
3	-259	299	2063583616	-55	26	-97	30	-23	9	0	-683	539	-151	131	108	-168
3	-259	299	2063585616	-60	26	-108	30	-25	8	0	-708	547	-151	131	108	-168
3	-259	299	2063587616	-51	21	-91	24	-22	7	0	-730	554	-151	131	108	-168
3	-259	299	2063589616	-49	19	-98	24	-22	6	0	-752	560	-151	131	108	-168
3	-259	299	2063591616	-46	15	-82	19	-19	6	0	-771	566	-151	131	108	-168
3	-259	299	2063593620	-50	16	-88	17	-21	5	0	-792	571	-151	131	108	-168
3	-259	299	2063595624	-40	12	-81	16	-18	4	0	-810	575	-151	131	108	-168
3	-259	299	2063597624	-39	10	-66	12	-16	3	0	-826	578	-151	131	108	-168
3	-259	299	2063599620	-37	10	-69	12	-15	3	0	-841	581	-151	131	108	-168
3	-259	299	2063601616	-31	7	-54	9	-13	3	0	-854	584	-151	131	108	-168
3	-259	299	2063603616	-28	6	-55	9	-13	2	0	-867	586	-151	131	108	-168
3	-259	299	2063605620	-24	5	-42	6	-10	2	0	-877	588	-151	131	108	-168
3	-259	299	2063607608	-23	5	-43	5	-9	1	0	-886	589	-151	131	108	-168
3	-259	299	2063609616	-18	4	-32	5	-8	1	0	-894	590	-151	131	108	-168
3	-259	299	2063611612	-16	4	-31	4	-7	2	0	-901	592	-151	131	108	-168
3	-259	299	2063613608	-14	4	-24	3	-6	1	0	-907	593	-151	131	108	-168
3	-259	299	2063615596	-10	1	-21	4	-4	0	0	-911	593	-151	131	108	-168
3	-259	299	2063617604	-9	2	-17	1	-4	1	0	-915	594	-151	131	108	-168
3	-259	299	2063619604	-6	2	-13	3	-3	1	0	-918	595	-151	131	108	-168
3	-259	299	2063621592	-5	2	-9	1	-2	0	0	-920	595	-151	131	108	-168
3	-259	299	2063623604	-2	0	-9	3	-2	1	0	-922	596	-151	131	108	-168
3	-259	299	2063625592	-3	1	-5	1	-1	0	1	-923	596	-151	131	108	-168
4	-259	299	2063627588	-1	2	-4	0	-1	0	1	-152	131	-151	131	108	-168
4	-259	299	2063629576	0	0	-1	1	0	0	1	-152	131	-151	131	108	-168
4	-259	299	2063631548	0	0	-1	0	0	0	1	-152	131	-151	131	108	-168
4	-259	299	2063633540	0	0	-1	0	0	0	1	-152	131	-151	131	108	-168
4	333	-214	2063647552	2	0	0	0	0	0	1	-152	131	182	-83	-151	131
4	333	-214	2063651552	1	0	1	0	0	0	1	-152	131	182	-83	-151	131
4	333	-214	2063653552	1	0	0	0	0	0	1	-152	131	182	-83	-151	131
4	333	-214	2063655576	3	-1	2	0	0	0	1	-152	131	182	-83	-151	131
4	333	-214	2063657556	2	0	1	0	1	0	1	-151	131	182	-83	-151	131
4	333	-214	2063659572	3	-1	1	-2	0	0	1	-151	131	182	-83	-151	131
4	333	-214	2063661584	3	-1	1	-1	1	0	1	-150	131	182	-83	-151	131
4	333	-214	2063663588	4	-2	2	-1	1	0	1	-149	131	182	-83	-151	131
4	333	-214	2063665592	4	-1	2	-1	1	0	1	-148	131	182	-83	-151	131
4	333	-214	2063667612	4	-2	3	-3	1	-1	1	-147	130	182	-83	-151	131
4	333	-214	2063669600	3	-2	1	-1	0	-1	1	-147	129	182	-83	-151	131
4	333	-214	2063671596	5	-2	4	-3	2	0	1	-145	129	182	-83	-151	131
4	333	-214	2063673612	4	-4	2	-3	1	-1	1	-144	128	182	-83	-151	131
4	333	-214	2063675612	6	-4	4	-4	1	-2	1	-143	126	182	-83	-151	131
4	333	-214	2063677612	5	-5	4	-4	1	-1	1	-142	125	182	-83	-151	131
4	333	-214	2063679612	5	-5	5	-4	2	-1	1	-140	124	182	-83	-151	131
4	333	-214	2063681608	5	-5	3	-5	1	-2	1	-139	122	182	-83	-151	131
4	333	-214	2063683608	5	-6	7	-6	2	-2	1	-137	120	182	-83	-151	131
4	333	-214	2063685600	5	-6	5	-6	1	-1	1	-136	119	182	-83	-151	131
4	333	-214	2063687596	4	-8	7	-8	2	-3	1	-134	116	182	-83	-151	131
4	333	-214	2063689596	5	-8	6	-6	2	-2	1	-132	114	182	-83	-151	131
4	333	-214	2063691596	5	-8	9	-9	2	-2	1	-130	112	182	-83	-151	131
4	333	-214	2063693592	4	-9	9	-8	2	-3	1	-128	109	182	-83	-151	131
4	333	-214	2063695592	6	-10	9	-9	2	-3	1	-126	106	182	-83	-151	131
4	333	-214	2063697596	4	-10	11	-10	2	-3	1	-124	103	182	-83	-151	131
4	333	-214	2063699596	5	-10	11	-9	3	-3	1	-121	100	182	-83	-151	131
4	333	-214	2063701596	6	-11	13	-11	3	-3	1	-118	97	182	-83	-151	131
4	333	-214	2063703600	5	-11	12	-10	2	-3	1	-116	94	182	-83	-151	131
4	333	-214	2063705600	5	-11	16	-13	3	-4	1	-113	90	182	-83	-151	131
4	333	-214	2063707600	6	-13	15	-10	3	-3	1	-110	87	182	-83	-151	131
4	333	-214	2063709600	8	-12	20	-12	5	-4	1	-105	83	182	-83	-151	131
4	333	-214	2063711620	7	-13	19	-13	4	-4	0	-101	79	182	-83	-151	131
4	333	-214	2063713612	8	-14	23	-12	4	-4	0	-97	75	182	-83	-151	131
4	333	-214	2063715612	10	-13	22	-13	5	-3	0	-92	72	182	-83	-151	131
4	333	-214	2063717624	9	-14	28	-13	6	-4	0	-86	68	182	-83	-151	131
4	333	-214	2063719616	10	-14	25	-13	5	-5	0	-81	63	182	-83	-151	131
4	333	-214	2063721612	12	-16	32	-14	6	-4	0	-75	59	182	-83	-151	131
4	333	-214	2063723604	13	-14	30	-13	7	-4	0	-68	55	182	-83	-151	131
4	333	-214	2063725600	12	-15	38	-15	7	-5	0	-61	50	182	-83	-151	131
4	333	-214	2063727600	14	-15	35	-13	8	-4	0	-53	46	182	-83	-151	131
4	333	-214	2063729600	17	-16	42	-16	9	-5	0	-44	41	182	-83	-151	131
4	333	-214	2063731596	18	-15	41	-14	8	-4	0	-36	37	182	-83	-151	131
4	333	-214	2063733600	17	-16	49	-16	10	-5	0	-26	32	182	-83	-151	131
4	333	-214	2063735596	23	-18	46	-15	11	-5	0	-15	27	182	-83	-151	131
4	333	-214	2063737596	21	-16	57	-18	11	-5	0	-4	22	182	-83	-151	131
4	333	-214	2063739600	23	-16	52	-15	12	-4	0	8	18	182	-83	-151	131
4	333	-214	2063741600	23	-17	63	-17	12	-6	0	20	12	182	-83	-151	131
4	333	-214	2063743596	29	-20	57	-16	13	-5	0	33	7	182	-83	-151	131
4	333	-214	2063745596	28	-16	70	-19	15	-5	0	48	2	182	-83	-151	131
4	333	-214	2063747596	28	-17	64	-16	14	-5	0	62	-3	182	-83	-151	131
4	333	-214	2063749596	34	-20	76	-19	16	-6	0	78	-9	182	-83	-151	131
4	333	-214	2063751600	31	-19	70	-18	16	-6	0	94	-15	182	-83	-151	131
4	333	-214	2063753600	34	-18	84	-20	17	-5	0	111	-20	182	-83	-151	131
4	333	-214	2063755596	35	-18	76	-17	17	-5	0	128	-25	182	-83	-151	131
4	333	-214	2063757600	41	-22	90	-20	20	-7	0	148	-32	182	-83	-151	131
4	333	-214	2063759600	39	-18	81	-19	18	-5	0	166	-37	182	-83	-151	131
4	333	-214	2063761600	40	-19	98	-20	20	-6	0	186	-43	182	-83	-151	131
4	333	-214	2063763596	46	-21	87	-19	20	-6	0	206	-49	182	-83	-151	131
4	333	-214	2063765592	44	-19	104	-20	22	-6	0	228	-55	182	-83	-151	131
4	333	-214	2063767596	45	-18	93	-17	21	-5	0	249	-60	182	-83	-151	131
4	333	-214	2063769588	54	-20	110	-20	25	-6	0	274	-66	182	-83	-151	131
4	333	-214	2063771588	49	-17	97	-18	22	-6	0	296	-72	182	-83	-151	131
4	333	-214	2063773584	50	-16	115	-17	24	-4	0	320	-76	182	-83	-151	131
4	333	-214	2063775580	52	-17	103	-16	24	-5	0	344	-81	182	-83	-151	131
4	333	-214	2063777584	61	-17	118	-17	26	-6	0	370	-87	182	-83	-151	131
4	333	-214	2063779588	57	-14	122	-16	27	-4	0	397	-91	182	-83	-151	131
4	333	-214	2063781592	57	-14	106	-12	25	-4	0	422	-95	182	-83	-151	131
4	333	-214	2063783596	66	-12	124	-14	28	-4	0	450	-99	182	-83	-151	131
4	333	-214	2063785592	60	-11	110	-10	26	-3	0	476	-102	182	-83	-151	131
4	333	-214	2063787596	63	-10	125	-11	28	-3	0	504	-105	182	-83	-151	131
4	333	-214	2063789588	64	-9	111	-9	26	-3	0	530	-108	182	-83	-151	131
4	333	-214	2063791596	72	-9	126	-9	30	-3	0	560	-111	182	-83	-151	131
4	333	-214	2063793592	65	-6	111	-6	26	-1	0	586	-112	182	-83	-151	131
4	333	-214	2063795600	65	-5	128	-8	29	-2	0	615	-114	182	-83	-151	131
4	333	-214	2063797604	75	-5	111	-3	28	-1	0	643	-115	182	-83	-151	131
4	333	-214	2063799600	66	-4	128	-5	29	-2	0	672	-117	182	-83	-151	131
4	333	-214	2063801604	67	-2	110	-3	27	-1	0	699	-118	182	-83	-151	131
4	333	-214	2063803600	73	-3	123	-4	29	-1	0	728	-119	182	-83	-151	131
4	333	-214	2063805584	65	-1	109	-1	26	0	0	754	-119	182	-83	-151	131
4	333	-214	2063807584	67	-1	123	-2	29	0	0	783	-119	182	-83	-151	131
4	333	-214	2063809596	63	0	105	-2	25	-1	0	808	-120	182	-83	-151	131
4	333	-214	2063811580	73	-2	120	0	29	0	0	837	-120	182	-83	-151	131
4	333	-214	2063813584	62	0	103	-1	25	0	0	862	-120	182	-83	-151	131
4	333	-214	2063815592	63	0	117	-1	27	0	0	889	-120	182	-83	-151	131
4	333	-214	2063817560	69	0	100	0	25	0	0	914	-120	182	-83	-151	131
4	333	-214	2063819552	58	0	111	0	25	0	0	939	-120	182	-83	-151	131
4	333	-214	2063821556	58	0	96	0	23	0	0	962	-120	182	-83	-151	131
4	333	-214	2063823584	56	0	106	-1	25	0	0	987	-120	182	-83	-151	131
4	333	-214	2063825560	63	0	92	0	23	0	0	1010	-120	182	-83	-151	131
4	333	-214	2063827600	52	-1	100	0	23	-1	0	1033	-121	182	-83	-151	131
4	333	-214	2063829560	51	0	85	0	20	0	0	1053	-121	182	-83	-151	131
4	333	-214	2063831588	55	0	92	-2	22	0	0	1075	-121	182	-83	-151	131
4	333	-214	2063833588	48	-1	78	0	19	0	0	1094	-121	182	-83	-151	131
4	333	-214	2063835564	44	0	85	0	20	0	0	1114	-121	182	-83	-151	131
4	333	-214	2063837592	48	-1	70	0	17	0	0	1131	-121	182	-83	-151	131
4	333	-214	2063839592	39	0	75	-1	17	0	0	1148	-121	182	-83	-151	131
4	333	-214	2063841564	38	0	61	0	15	0	0	1163	-121	182	-83	-151	131
4	333	-214	2063843604	35	-2	66	0	15	-1	0	1178	-122	182	-83	-151	131
4	333	-214	2063845592	35	0	53	-1	14	0	0	1192	-122	182	-83	-151	131
4	333	-214	2063847592	28	-1	55	0	12	0	0	1204	-122	182	-83	-151	131
4	333	-214	2063849564	25	0	43	0	10	0	0	1214	-122	182	-83	-151	131
4	333	-214	2063851588	27	-1	44	-1	11	0	0	1225	-122	182	-83	-151	131
4	333	-214	2063853564	20	0	39	0	9	0	0	1234	-122	182	-83	-151	131
4	333	-214	2063855564	16	0	30	0	7	0	1	1241	-122	182	-83	-151	131
5	333	-214	2063857560	17	0	29	0	6	0	1	188	-83	182	-83	-151	131
5	333	-214	2063859596	12	0	22	-2	6	-1	1	194	-84	182	-83	-151	131
5	333	-214	2063861576	11	-1	21	0	4	0	1	198	-84	182	-83	-151	131
5	333	-214	2063863544	7	0	15	0	4	0	1	202	-84	182	-83	-151	131
5	333	-214	2063865544	8	0	15	0	3	0	1	205	-84	182	-83	-151	131
5	333	-214	2063867548	5	0	10	0	2	0	1	207	-84	182	-83	-151	131
5	-380	111	2063869576	4	-2	9	0	2	0	1	209	-84	-198	28	182	-83
5	-380	111	2063871576	2	0	6	-1	2	0	1	211	-84	-198	28	182	-83
5	-380	111	2063873548	3	0	5	0	1	0	1	212	-84	-198	28	182	-83
5	-380	111	2063875532	1	0	3	0	0	0	1	212	-84	-198	28	182	-83
5	-380	111	2063877544	0	0	2	0	1	0	1	213	-84	-198	28	182	-83
5	-380	111	2063881540	0	0	2	0	0	0	1	213	-84	-198	28	182	-83
5	-380	111	2063947588	0	0	-1	0	0	0	1	213	-84	-198	28	182	-83
5	-380	111	2063949608	0	1	-1	0	0	0	0	213	-84	-198	28	182	-83
5	-380	111	2063951604	-1	1	-3	1	0	0	0	213	-84	-198	28	182	-83
5	-380	111	2063953620	-2	1	-5	1	-1	0	0	212	-84	-198	28	182	-83
5	-380	111	2063955620	-3	3	-6	2	-1	0	0	211	-84	-198	28	182	-83
5	-380	111	2063957628	-2	2	-7	3	-2	1	0	209	-83	-198	28	182	-83
5	-380	111	2063959628	-5	4	-12	4	-2	1	0	207	-82	-198	28	182	-83
5	-380	111	2063961620	-4	4	-11	3	-3	1	0	204	-81	-198	28	182	-83
5	-380	111	2063963624	-6	5	-15	4	-3	2	0	201	-79	-198	28	182	-83
5	-380	111	2063965628	-8	5	-16	5	-3	1	0	198	-78	-198	28	182	-83
5	-380	111	2063967632	-8	6	-21	5	-5	2	0	193	-76	-198	28	182	-83
5	-380	111	2063969628	-9	5	-23	6	-4	2	0	189	-74	-198	28	182	-83
5	-380	111	2063971632	-10	8	-29	7	-6	2	0	183	-72	-198	28	182	-83
5	-380	111	2063973632	-14	7	-27	6	-6	2	0	177	-70	-198	28	182	-83
5	-380	111	2063975628	-15	9	-36	9	-8	2	0	169	-68	-198	28	182	-83
5	-380	111	2063977628	-15	7	-35	7	-8	3	0	161	-65	-198	28	182	-83
5	-380	111	2063979628	-19	10	-44	10	-9	3	0	152	-62	-198	28	182	-83
5	-380	111	2063981620	-18	10	-43	9	-9	2	0	143	-60	-198	28	182	-83
5	-380	111	2063983612	-22	9	-52	10	-11	3	0	132	-57	-198	28	182	-83
5	-380	111	2063985620	-22	10	-49	9	-11	3	0	121	-54	-198	28	182	-83
5	-380	111	2063987612	-28	10	-60	11	-13	3	0	108	-51	-198	28	182	-83
5	-380	111	2063989612	-27	10	-56	10	-13	3	0	95	-48	-198	28	182	-83
5	-380	111	2063991612	-29	10	-68	11	-14	3	0	81	-45	-198	28	182	-83
5	-380	111	2063993612	-35	11	-62	10	-15	4	0	66	-41	-198	28	182	-83
5	-380	111	2063995616	-32	9	-76	11	-16	3	0	50	-38	-198	28	182	-83
5	-380	111	2063997612	-37	11	-69	10	-16	3	0	34	-35	-198	28	182	-83
5	-380	111	2063999612	-37	10	-84	13	-18	3	0	16	-32	-198	28	182	-83
5	-380	111	2064001616	-45	12	-77	11	-18	4	0	-2	-28	-198	28	182	-83
5	-380	111	2064003612	-43	10	-92	13	-20	3	0	-22	-25	-198	28	182	-83
5	-380	111	2064005612	-43	11	-85	11	-20	3	0	-42	-22	-198	28	182	-83
5	-380	111	2064007608	-54	12	-100	12	-23	4	0	-65	-18	-198	28	182	-83
5	-380	111	2064009612	-49	12	-91	12	-21	4	0	-86	-14	-198	28	182	-83
5	-380	111	2064011608	-51	11	-109	13	-24	3	0	-110	-11	-198	28	182	-83
5	-380	111	2064013612	-60	12	-98	12	-23	4	0	-133	-7	-198	28	182	-83
5	-380	111	2064015612	-56	13	-117	12	-26	3	0	-159	-4	-198	28	182	-83
5	-380	111	2064017604	-57	11	-105	11	-25	4	0	-184	0	-198	28	182	-83
5	-380	111	2064019608	-60	11	-123	14	-27	4	0	-211	4	-198	28	182	-83
5	-380	111	2064021600	-68	14	-113	11	-27	3	0	-238	7	-198	28	182	-83
5	-380	111	2064023600	-63	13	-131	13	-29	4	0	-267	11	-198	28	182	-83
5	-380	111	2064025600	-64	11	-135	12	-30	4	0	-297	15	-198	28	182	-83
5	-380	111	2064027604	-73	14	-120	12	-29	4	0	-326	19	-198	28	182	-83
5	-380	111	2064029596	-68	11	-141	12	-32	3	0	-358	22	-198	28	182	-83
5	-380	111	2064031584	-69	11	-127	10	-29	3	0	-387	25	-198	28	182	-83
5	-380	111	2064033588	-70	11	-146	11	-32	3	0	-419	28	-198	28	182	-83
5	-380	111	2064035592	-78	13	-130	10	-32	4	0	-451	32	-198	28	182	-83
5	-380	111	2064037584	-73	10	-151	10	-33	3	0	-484	35	-198	28	182	-83
5	-380	111	2064039588	-71	9	-134	9	-31	3	0	-515	38	-198	28	182	-83
5	-380	111	2064041588	-83	10	-154	10	-35	3	0	-550	41	-198	28	182	-83
5	-380	111	2064043580	-73	8	-135	9	-32	2	0	-582	43	-198	28	182	-83
5	-380	111	2064045576	-74	8	-155	7	-34	2	0	-616	45	-198	28	182	-83
5	-380	111	2064047572	-74	7	-135	8	-31	3	0	-647	48	-198	28	182	-83
5	-380	111	2064049568	-84	8	-153	7	-36	2	0	-683	50	-198	28	182	-83
5	-380	111	2064051576	-73	6	-135	7	-31	2	0	-714	52	-198	28	182	-83
5	-380	111	2064053568	-73	5	-152	6	-34	1	0	-748	53	-198	28	182	-83
5	-380	111	2064055568	-72	4	-131	4	-30	2	0	-778	55	-198	28	182	-83
5	-380	111	2064057564	-80	5	-149	5	-35	1	0	-813	56	-198	28	182	-83
5	-380	111	2064059560	-72	4	-126	3	-29	1	0	-842	57	-198	28	182	-83
5	-380	111	2064061552	-68	2	-142	3	-32	1	0	-874	58	-198	28	182	-83
5	-380	111	2064063548	-77	1	-120	2	-29	0	0	-903	58	-198	28	182	-83
5	-380	111	2064065552	-66	2	-134	3	-30	1	0	-933	59	-198	28	182	-83
5	-380	111	2064067532	-64	1	-113	0	-27	0	0	-960	59	-198	28	182	-83
5	-380	111	2064069512	-61	0	-123	0	-28	0	0	-988	59	-198	28	182	-83
5	-380	111	2064071536	-66	1	-104	0	-25	0	0	-1013	59	-198	28	182	-83
5	-380	111	2064073516	-56	0	-111	0	-25	0	0	-1038	59	-198	28	182	-83
5	-380	111	2064075544	-54	-2	-93	-2	-22	0	0	-1060	59	-198	28	182	-83
5	-380	111	2064077544	-55	-2	-100	-2	-23	0	0	-1083	59	-198	28	182	-83
5	-380	111	2064079556	-46	-4	-81	-3	-19	-1	0	-1102	58	-198	28	182	-83
5	-380	111	2064081552	-44	-2	-85	-4	-20	-1	0	-1122	57	-198	28	182	-83
5	-380	111	2064083552	-44	-4	-69	-3	-17	-1	0	-1139	56	-198	28	182	-83
5	-380	111	2064085552	-35	-4	-71	-4	-16	-1	0	-1155	55	-198	28	182	-83
5	-380	111	2064087552	-32	-4	-55	-4	-13	-1	0	-1168	54	-198	28	182	-83
5	-380	111	2064089552	-28	-3	-56	-4	-12	-1	0	-1180	53	-198	28	182	-83
5	-380	111	2064091560	-27	-5	-44	-3	-11	-1	0	-1191	52	-198	28	182	-83
5	-380	111	2064093568	-20	-3	-44	-4	-10	-1	0	-1201	51	-198	28	182	-83
5	-380	111	2064095568	-18	-4	-32	-4	-7	-2	0	-1208	49	-198	28	182	-83
5	-380	111	2064097564	-15	-2	-32	-4	-7	-1	1	-1215	48	-198	28	182	-83
6	-380	111	2064099556	-11	-3	-22	-2	-5	0	1	-203	28	-198	28	182	-83
6	-380	111	2064101564	-10	-2	-21	-3	-5	-1	1	-208	27	-198	28	182	-83
6	396	0	2064103560	-8	-3	-15	-1	-3	-1	1	-211	26	198	28	-198	28
6	396	0	2064105548	-3	-1	-14	-2	-3	0	1	-214	26	198	28	-198	28
6	396	0	2064107564	-4	-1	-10	-2	-2	-1	1	-216	25	198	28	-198	28
6	396	0	2064109544	-3	-1	-6	-1	-1	0	1	-217	25	198	28	-198	28
6	396	0	2064111544	-1	0	-5	-1	-1	0	1	-218	25	198	28	-198	28
6	396	0	2064113552	0	-2	-3	0	-1	0	1	-219	25	198	28	-198	28
6	396	0	2064115540	0	0	-1	-1	0	0	1	-219	25	198	28	-198	28
6	396	0	2064123520	1	0	0	0	0	0	1	-219	25	198	28	-198	28
6	396	0	2064127520	1	0	0	0	0	0	1	-219	25	198	28	-198	28
6	396	0	2064129516	1	0	0	0	0	0	1	-219	25	198	28	-198	28
6	396	0	2064133516	1	0	0	0	0	0	1	-219	25	198	28	-198	28
6	396	0	2064135524	2	0	0	0	0	0	1	-219	25	198	28	-198	28
6	396	0	2064139564	1	0	0	-2	0	-1	1	-219	24	198	28	-198	28
6	396	0	2064141532	1	0	0	0	1	0	1	-218	24	198	28	-198	28
6	396	0	2064143516	1	0	0	0	0	0	1	-218	24	198	28	-198	28
6	396	0	2064145516	0	0	2	0	0	0	1	-218	24	198	28	-198	28
6	396	0	2064147536	2	-1	0	0	0	0	1	-218	24	198	28	-198	28
6	396	0	2064149500	1	0	0	0	0	0	1	-218	24	198	28	-198	28
6	396	0	2064151512	0	0	1	0	1	0	1	-217	24	198	28	-198	28
6	396	0	2064153524	1	0	0	-1	0	0	1	-217	24	198	28	-198	28
6	396	0	2064159504	1	0	1	0	0	0	1	-217	24	198	28	-198	28
6	396	0	2064169516	0	0	1	0	0	0	1	-217	24	198	28	-198	28
6	396	0	2064171512	2	0	0	0	0	0	1	-217	24	198	28	-198	28
6	396	0	2064173524	0	0	2	0	1	0	1	-216	24	198	28	-198	28
6	396	0	2064175508	0	0	2	0	0	0	1	-216	24	198	28	-198	28
6	396	0	2064177556	1	-1	4	-1	1	0	1	-215	24	198	28	-198	28
6	396	0	2064179532	1	0	6	0	1	0	1	-214	24	198	28	-198	28
6	396	0	2064181528	3	0	6	0	1	0	1	-213	24	198	28	-198	28
6	396	0	2064183524	2	0	10	0	2	0	1	-211	24	198	28	-198	28
6	396	0	2064185524	4	0	12	0	2	0	1	-209	24	198	28	-198	28
6	396	0	2064187524	4	0	16	0	3	0	1	-206	24	198	28	-198	28
6	396	0	2064189520	6	0	16	0	4	0	1	-202	24	198	28	-198	28
6	396	0	2064191524	6	0	23	0	4	0	0	-198	24	198	28	-198	28
6	396	0	2064193516	10	0	22	0	5	0	0	-193	24	198	28	-198	28
6	396	0	2064195548	10	2	29	2	6	0	0	-187	24	198	28	-198	28
6	396	0	2064197548	11	1	30	1	6	0	0	-181	24	198	28	-198	28
6	396	0	2064199548	17	1	39	1	8	0	0	-173	24	198	28	-198	28
6	396	0	2064201556	16	3	37	3	8	1	0	-165	25	198	28	-198	28
6	396	0	2064203544	17	1	48	2	10	0	0	-155	25	198	28	-198	28
6	396	0	2064205560	23	4	45	3	10	1	0	-145	26	198	28	-198	28
6	396	0	2064207560	24	2	57	2	12	1	0	-133	27	198	28	-198	28
6	396	0	2064209564	25	4	53	4	12	1	0	-121	28	198	28	-198	28
6	396	0	2064211560	27	2	66	4	14	1	0	-107	29	198	28	-198	28
6	396	0	2064213564	34	5	60	3	14	1	0	-93	30	198	28	-198	28
6	396	0	2064215560	32	4	74	5	16	2	0	-77	32	198	28	-198	28
6	396	0	2064217564	35	5	67	5	15	1	0	-62	33	198	28	-198	28
6	396	0	2064219564	42	5	81	5	19	2	0	-43	35	198	28	-198	28
6	396	0	2064221572	40	5	85	7	18	1	0	-25	36	198	28	-198	28
6	396	0	2064223560	42	5	78	5	18	2	0	-7	38	198	28	-198	28
6	396	0	2064225564	45	6	92	6	21	2	0	14	40	198	28	-198	28
6	396	0	2064227568	51	8	85	6	20	2	0	34	42	198	28	-198	28
6	396	0	2064229572	49	6	99	8	23	2	0	57	44	198	28	-198	28
6	396	0	2064231576	50	8	90	6	21	2	0	78	46	198	28	-198	28
6	396	0	2064233580	59	8	104	7	24	2	0	102	48	198	28	-198	28
6	396	0	2064235580	55	8	95	8	23	3	0	125	51	198	28	-198	28
6	396	0	2064237564	55	9	110	9	24	2	0	149	53	198	28	-198	28
6	396	0	2064239564	65	10	99	8	25	3	0	174	56	198	28	-198	28
6	396	0	2064241560	59	11	115	10	26	3	0	200	59	198	28	-198	28
6	396	0	2064243556	61	11	101	10	24	3	0	224	62	198	28	-198	28
6	396	0	2064245548	61	11	119	12	27	4	0	251	66	198	28	-198	28
6	396	0	2064247548	71	15	106	11	27	4	0	278	70	198	28	-198	28
6	396	0	2064249544	65	13	122	14	28	4	0	306	74	198	28	-198	28
6	396	0	2064251544	65	15	109	12	26	4	0	332	78	198	28	-198	28
6	396	0	2064253540	77	17	125	16	30	5	0	362	83	198	28	-198	28
6	396	0	2064255540	67	17	111	14	27	4	0	389	87	198	28	-198	28
6	396	0	2064257536	69	17	127	19	29	6	0	418	93	198	28	-198	28
6	396	0	2064259544	70	19	111	16	28	5	0	446	98	198	28	-198	28
6	396	0	2064261540	79	22	127	21	30	6	0	476	104	198	28	-198	28
6	396	0	2064263548	70	22	113	19	28	7	0	504	111	198	28	-198	28
6	396	0	2064265548	71	22	127	24	30	6	0	534	117	198	28	-198	28
6	396	0	2064267540	80	26	112	20	28	7	0	562	124	198	28	-198	28
6	396	0	2064269544	71	24	126	26	30	8	0	592	132	198	28	-198	28
6	396	0	2064271552	71	25	110	23	27	7	0	619	139	198	28	-198	28
6	396	0	2064273548	70	25	124	26	29	8	0	648	147	198	28	-198	28
6	396	0	2064275544	79	29	108	25	28	8	0	676	155	198	28	-198	28
6	396	0	2064277544	69	26	122	27	29	8	0	705	163	198	28	-198	28
6	396	0	2064279532	67	26	106	25	26	7	0	731	170	198	28	-198	28
6	396	0	2064281544	75	30	117	29	29	9	0	760	179	198	28	-198	28
6	396	0	2064283540	67	28	102	26	25	8	0	785	187	198	28	-198	28
6	396	0	2064285544	63	27	113	29	26	9	0	811	196	198	28	-198	28
6	396	0	2064287540	72	30	98	26	26	8	0	837	204	198	28	-198	28
6	396	0	2064289544	61	28	109	29	25	9	0	862	213	198	28	-198	28
6	396	0	2064291540	60	26	93	26	23	8	0	885	221	198	28	-198	28
6	396	0	2064293532	57	26	105	29	25	8	0	910	229	198	28	-198	28
6	396	0	2064295544	64	29	89	24	23	8	0	933	237	198	28	-198	28
6	396	0	2064297548	55	25	99	27	23	8	0	956	245	198	28	-198	28
6	396	0	2064299548	53	25	85	24	20	7	0	976	252	198	28	-198	28
6	396	0	2064301548	57	26	94	26	23	8	0	999	260	198	28	-198	28
6	396	0	2064303556	50	24	80	22	20	7	0	1019	267	198	28	-198	28
6	396	0	2064305556	49	21	88	25	20	6	0	1039	273	198	28	-198	28
6	396	0	2064307564	51	24	85	23	21	8	0	1060	281	198	28	-198	28
6	396	0	2064309556	44	20	73	19	17	5	0	1077	286	198	28	-198	28
6	396	0	2064311556	42	19	79	21	18	6	0	1095	292	198	28	-198	28
6	396	0	2064313560	42	17	65	18	16	6	0	1111	298	198	28	-198	28
6	396	0	2064315560	42	19	72	19	17	5	0	1128	303	198	28	-198	28
6	396	0	2064317564	36	15	59	15	15	5	0	1143	308	198	28	-198	28
6	396	0	2064319568	34	14	64	15	14	4	0	1157	312	198	28	-198	28
6	396	0	2064321572	36	12	52	12	14	4	0	1171	316	198	28	-198	28
6	396	0	2064323568	30	10	56	14	12	3	0	1183	319	198	28	-198	28
6	396	0	2064325568	28	10	47	10	12	3	0	1195	322	198	28	-198	28
6	396	0	2064327572	29	9	46	10	11	3	0	1206	325	198	28	-198	28
6	396	0	2064329572	23	6	39	7	9	2	1	1215	327	198	28	-198	28
7	396	0	2064331572	20	5	38	8	9	2	1	207	30	198	28	-198	28
7	396	0	2064333568	19	5	30	6	7	2	1	214	32	198	28	-198	28
7	-380	-111	2064335568	19	4	30	5	8	1	1	222	33	-182	-83	198	28
7	-380	-111	2064337568	14	3	23	4	5	1	1	227	34	-182	-83	198	28
7	-380	-111	2064339568	11	1	22	4	5	1	1	232	35	-182	-83	198	28
7	-380	-111	2064341556	12	1	17	2	4	0	1	236	35	-182	-83	198	28
7	-380	-111	2064343568	8	1	16	3	4	1	1	240	36	-182	-83	198	28
7	-380	-111	2064345552	7	0	11	1	3	0	1	243	36	-182	-83	198	28
7	-380	-111	2064347560	5	0	10	1	2	0	1	245	36	-182	-83	198	28
7	-380	-111	2064349564	5	0	8	1	2	0	1	247	36	-182	-83	198	28
7	-380	-111	2064351540	3	0	6	0	1	0	1	248	36	-182	-83	198	28
7	-380	-111	2064353576	2	0	5	2	1	1	1	249	37	-182	-83	198	28
7	-380	-111	2064355532	2	0	2	0	1	0	1	250	37	-182	-83	198	28
7	-380	-111	2064357528	1	0	3	0	1	0	1	251	37	-182	-83	198	28
7	-380	-111	2064359516	1	0	1	0	0	0	1	251	37	-182	-83	198	28
7	-380	-111	2064361512	0	0	1	0	0	0	1	251	37	-182	-83	198	28
7	-380	-111	2064387552	-2	0	0	-1	0	0	1	251	37	-182	-83	198	28
7	-380	-111	2064395560	-1	0	0	-1	0	0	1	251	37	-182	-83	198	28
7	-380	-111	2064397536	-1	0	0	0	0	0	1	251	37	-182	-83	198	28
7	-380	-111	2064399560	-1	-3	0	-3	0	0	1	251	37	-182	-83	198	28
7	-380	-111	2064401568	-2	-2	-1	-2	0	-1	1	251	36	-182	-83	198	28
7	-380	-111	2064403580	-1	-4	-3	-4	-1	-1	1	250	35	-182	-83	198	28
7	-380	-111	2064405572	-2	-5	-4	-5	-1	-2	1	249	33	-182	-83	198	28
7	-380	-111	2064407576	-3	-6	-3	-6	-1	-2	1	248	31	-182	-83	198	28
7	-380	-111	2064409568	-4	-9	-5	-8	-1	-2	1	247	29	-182	-83	198	28
7	-380	-111	2064411560	-5	-7	-7	-7	-2	-2	1	245	27	-182	-83	198	28
7	-380	-111	2064413564	-5	-10	-10	-10	-2	-3	1	243	24	-182	-83	198	28
7	-380	-111	2064415560	-6	-12	-10	-10	-2	-4	1	241	20	-182	-83	198	28
7	-380	-111	2064417560	-7	-12	-12	-13	-3	-3	0	238	17	-182	-83	198	28
7	-380	-111	2064419552	-9	-14	-15	-12	-4	-4	0	234	13	-182	-83	198	28
7	-380	-111	2064421548	-9	-15	-19	-16	-4	-5	0	230	8	-182	-83	198	28
7	-380	-111	2064423552	-12	-19	-20	-15	-5	-5	0	225	3	-182	-83	198	28
7	-380	-111	2064425552	-13	-18	-26	-19	-6	-5	0	219	-2	-182	-83	198	28
7	-380	-111	2064427552	-15	-19	-25	-19	-6	-6	0	213	-8	-182	-83	198	28
7	-380	-111	2064429552	-16	-20	-34	-22	-7	-6	0	206	-14	-182	-83	198	28
7	-380	-111	2064431552	-20	-25	-34	-22	-8	-8	0	198	-22	-182	-83	198	28
7	-380	-111	2064433556	-20	-23	-42	-25	-10	-7	0	188	-29	-182	-83	198	28
7	-380	-111	2064435552	-23	-22	-43	-22	-9	-6	0	179	-35	-182	-83	198	28
7	-380	-111	2064437552	-27	-28	-52	-28	-12	-9	0	167	-44	-182	-83	198	28
7	-380	-111	2064439548	-26	-26	-50	-25	-12	-7	0	155	-51	-182	-83	198	28
7	-380	-111	2064441552	-30	-26	-61	-30	-13	-9	0	142	-60	-182	-83	198	28
7	-380	-111	2064443548	-32	-28	-60	-26	-14	-8	0	128	-68	-182	-83	198	28
7	-380	-111	2064445552	-38	-33	-73	-34	-17	-10	0	111	-78	-182	-83	198	28
7	-380	-111	2064447556	-38	-30	-67	-28	-16	-9	0	95	-87	-182	-83	198	28
7	-380	-111	2064449552	-39	-32	-84	-35	-18	-10	0	77	-97	-182	-83	198	28
7	-380	-111	2064451548	-47	-37	-78	-33	-19	-10	0	58	-107	-182	-83	198	28
7	-380	-111	2064453544	-46	-35	-92	-37	-20	-11	0	38	-118	-182	-83	198	28
7	-380	-111	2064455544	-48	-35	-86	-35	-21	-10	0	17	-128	-182	-83	198	28
7	-380	-111	2064457544	-57	-41	-104	-40	-24	-13	0	-7	-141	-182	-83	198	28
7	-380	-111	2064459548	-54	-39	-95	-38	-22	-11	0	-29	-152	-182	-83	198	28
7	-380	-111	2064461552	-56	-40	-114	-44	-26	-13	0	-55	-165	-182	-83	198	28
7	-380	-111	2064463544	-59	-40	-104	-40	-24	-12	0	-79	-177	-182	-83	198	28
7	-380	-111	2064465548	-69	-46	-122	-46	-29	-14	0	-108	-191	-182	-83	198	28
7	-380	-111	2064467544	-65	-44	-111	-42	-26	-12	0	-134	-203	-182	-83	198	28
7	-380	-111	2064469548	-66	-44	-132	-49	-30	-14	0	-164	-217	-182	-83	198	28
7	-380	-111	2064471544	-79	-49	-117	-44	-29	-14	0	-193	-231	-182	-83	198	28
7	-380	-111	2064473548	-71	-46	-138	-51	-32	-15	0	-225	-246	-182	-83	198	28
7	-380	-111	2064475552	-75	-45	-125	-45	-30	-13	0	-255	-259	-182	-83	198	28
7	-380	-111	2064477556	-85	-52	-143	-53	-34	-16	0	-289	-275	-182	-83	198	28
7	-380	-111	2064479564	-79	-48	-148	-52	-34	-15	0	-323	-290	-182	-83	198	28
7	-380	-111	2064481556	-79	-47	-131	-46	-31	-14	0	-354	-304	-182	-83	198	28
7	-380	-111	2064483564	-81	-48	-153	-54	-35	-15	0	-389	-319	-182	-83	198	28
7	-380	-111	2064485568	-94	-54	-133	-48	-34	-16	0	-423	-335	-182	-83	198	28
7	-380	-111	2064487564	-83	-48	-155	-55	-36	-15	0	-459	-350	-182	-83	198	28
7	-380	-111	2064489564	-85	-48	-135	-46	-33	-14	0	-492	-364	-182	-83	198	28
7	-380	-111	2064491572	-97	-52	-155	-54	-38	-16	0	-530	-380	-182	-83	198	28
7	-380	-111	2064493576	-85	-47	-135	-45	-33	-14	0	-563	-394	-182	-83	198	28
7	-380	-111	2064495568	-86	-46	-154	-51	-36	-15	0	-599	-409	-182	-83	198	28
7	-380	-111	2064497560	-85	-45	-133	-45	-33	-13	0	-632	-422	-182	-83	198	28
7	-380	-111	2064499556	-95	-49	-150	-49	-36	-15	0	-668	-437	-182	-83	198	28
7	-380	-111	2064501556	-82	-42	-130	-41	-32	-12	0	-700	-449	-182	-83	198	28
7	-380	-111	2064503564	-84	-41	-146	-46	-35	-13	0	-735	-462	-182	-83	198	28
7	-380	-111	2064505568	-91	-45	-125	-40	-32	-13	0	-767	-475	-182	-83	198	28
7	-380	-111	2064507568	-79	-40	-139	-44	-33	-13	0	-800	-488	-182	-83	198	28
7	-380	-111	2064509560	-79	-38	-118	-37	-29	-11	0	-829	-499	-182	-83	198	28
7	-380	-111	2064511556	-85	-40	-132	-40	-33	-12	0	-862	-511	-182	-83	198	28
7	-380	-111	2064513552	-74	-35	-111	-35	-28	-10	0	-890	-521	-182	-83	198	28
7	-380	-111	2064515556	-70	-32	-121	-37	-28	-11	0	-918	-532	-182	-83	198	28
7	-380	-111	2064517560	-68	-33	-103	-31	-26	-9	0	-944	-541	-182	-83	198	28
7	-380	-111	2064519572	-73	-34	-111	-34	-28	-10	0	-972	-551	-182	-83	198	28
7	-380	-111	2064521564	-62	-27	-94	-28	-23	-9	0	-995	-560	-182	-83	198	28
7	-380	-111	2064523572	-58	-28	-101	-30	-24	-8	0	-1019	-568	-182	-83	198	28
7	-380	-111	2064525572	-62	-28	-84	-25	-22	-8	0	-1041	-576	-182	-83	198	28
7	-380	-111	2064527564	-52	-24	-91	-28	-21	-8	0	-1062	-584	-182	-83	198	28
7	-380	-111	2064529560	-48	-23	-74	-22	-18	-7	0	-1080	-591	-182	-83	198	28
7	-380	-111	2064531568	-45	-21	-78	-24	-19	-7	0	-1099	-598	-182	-83	198	28
7	-380	-111	2064533564	-47	-24	-64	-20	-17	-6	0	-1116	-604	-182	-83	198	28
7	-380	-111	2064535560	-37	-17	-68	-21	-15	-6	0	-1131	-610	-182	-83	198	28
7	-380	-111	2064537556	-34	-18	-52	-18	-13	-5	0	-1144	-615	-182	-83	198	28
7	-380	-111	2064539552	-34	-17	-55	-19	-14	-6	0	-1158	-621	-182	-83	198	28
7	-380	-111	2064541560	-25	-14	-44	-13	-10	-4	0	-1168	-625	-182	-83	198	28
7	-380	-111	2064543564	-22	-12	-44	-15	-10	-4	0	-1178	-629	-182	-83	198	28
7	-380	-111	2064545564	-21	-12	-33	-13	-8	-4	0	-1186	-633	-182	-83	198	28
7	-380	-111	2064547568	-17	-10	-34	-11	-8	-3	0	-1194	-636	-182	-83	198	28
7	-380	-111	2064549572	-13	-7	-26	-9	-5	-2	0	-1199	-638	-182	-83	198	28
7	-380	-111	2064551572	-12	-6	-24	-9	-6	-2	0	-1205	-640	-182	-83	198	28
7	-380	-111	2064553580	-10	-8	-21	-7	-4	-3	0	-1209	-643	-182	-83	198	28
7	-380	-111	2064555572	-7	-4	-15	-6	-4	-1	1	-1213	-644	-182	-83	198	28
8	-380	-111	2064557572	-5	-3	-13	-5	-2	-1	1	-184	-84	-182	-83	198	28
8	-380	-111	2064559572	-5	-4	-10	-4	-3	-2	1	-187	-86	-182	-83	198	28
8	-380	-111	2064561572	-3	-3	-7	-4	-1	-1	1	-188	-87	-182	-83	198	28
8	-380	-111	2064563568	-1	-1	-7	-2	-1	0	1	-189	-87	-182	-83	198	28
8	-380	-111	2064565580	-1	-1	-3	-2	-1	-1	1	-190	-88	-182	-83	198	28
8	-380	-111	2064567548	0	0	-3	-1	0	0	1	-190	-88	-182	-83	198	28
8	-380	-111	2064569564	-1	0	-1	-1	-1	0	1	-191	-88	-182	-83	198	28
8	333	214	2064571532	0	0	-1	0	0	0	1	-191	-88	151	131	-182	-83
8	333	214	2064615588	0	2	3	0	0	0	1	-191	-88	151	131	-182	-83
8	333	214	2064617560	1	0	1	0	0	0	1	-191	-88	151	131	-182	-83
8	333	214	2064619592	0	1	2	0	0	0	1	-191	-88	151	131	-182	-83
8	333	214	2064621604	0	1	4	2	1	0	1	-190	-88	151	131	-182	-83
8	333	214	2064623612	2	3	5	2	1	1	1	-189	-87	151	131	-182	-83
8	333	214	2064625600	1	2	5	1	1	0	1	-188	-87	151	131	-182	-83
8	333	214	2064627612	1	3	8	4	1	1	1	-187	-86	151	131	-182	-83
8	333	214	2064629612	1	3	8	3	1	1	1	-186	-85	151	131	-182	-83
8	333	214	2064631616	2	4	10	5	2	2	1	-184	-83	151	131	-182	-83
8	333	214	2064633620	2	5	12	3	2	1	1	-182	-82	151	131	-182	-83
8	333	214	2064635616	3	6	15	7	3	2	0	-179	-80	151	131	-182	-83
8	333	214	2064637612	3	7	15	6	3	2	0	-176	-78	151	131	-182	-83
8	333	214	2064639616	5	7	18	7	3	2	0	-173	-76	151	131	-182	-83
8	333	214	2064641620	5	9	20	8	4	2	0	-169	-74	151	131	-182	-83
8	333	214	2064643624	7	10	24	10	5	3	0	-164	-71	151	131	-182	-83
8	333	214	2064645624	7	10	24	10	4	3	0	-160	-68	151	131	-182	-83
8	333	214	2064647624	10	12	29	12	6	4	0	-154	-64	151	131	-182	-83
8	333	214	2064649628	10	14	28	12	6	4	0	-148	-60	151	131	-182	-83
8	333	214	2064651636	13	14	35	15	7	4	0	-141	-56	151	131	-182	-83
8	333	214	2064653640	15	17	33	13	7	5	0	-134	-51	151	131	-182	-83
8	333	214	2064655636	15	17	40	18	8	5	0	-126	-46	151	131	-182	-83
8	333	214	2064657644	17	17	37	16	9	5	0	-117	-41	151	131	-182	-83
8	333	214	2064659636	21	23	45	21	9	6	0	-108	-35	151	131	-182	-83
8	333	214	2064661632	22	20	43	19	10	6	0	-98	-29	151	131	-182	-83
8	333	214	2064663628	23	22	51	24	11	7	0	-87	-22	151	131	-182	-83
8	333	214	2064665628	25	24	46	22	11	7	0	-76	-15	151	131	-182	-83
8	333	214	2064667620	32	29	58	27	13	9	0	-63	-6	151	131	-182	-83
8	333	214	2064669620	28	27	52	25	12	7	0	-51	1	151	131	-182	-83
8	333	214	2064671620	33	29	63	30	15	9	0	-36	10	151	131	-182	-83
8	333	214	2064673624	37	35	56	27	14	9	0	-22	19	151	131	-182	-83
8	333	214	2064675620	37	31	69	34	16	10	0	-6	29	151	131	-182	-83
8	333	214	2064677628	37	35	62	31	15	10	0	9	39	151	131	-182	-83
8	333	214	2064679624	40	35	74	38	17	11	0	26	50	151	131	-182	-83
8	333	214	2064681620	46	43	68	35	17	12	0	43	62	151	131	-182	-83
8	333	214	2064683616	44	40	81	41	18	12	0	61	74	151	131	-182	-83
8	333	214	2064685608	45	40	72	39	18	12	0	79	86	151	131	-182	-83
8	333	214	2064687616	53	48	85	46	21	14	0	100	100	151	131	-182	-83
8	333	214	2064689612	48	44	77	41	18	13	0	118	113	151	131	-182	-83
8	333	214	2064691616	49	46	91	50	21	14	0	139	127	151	131	-182	-83
8	333	214	2064693620	51	48	91	51	22	15	0	161	142	151	131	-182	-83
8	333	214	2064695624	60	56	83	48	21	15	0	182	157	151	131	-182	-83
8	333	214	2064697620	54	51	95	55	23	16	0	205	173	151	131	-182	-83
8	333	214	2064699620	54	54	85	51	20	16	0	225	189	151	131	-182	-83
8	333	214	2064701624	62	61	97	59	24	18	0	249	207	151	131	-182	-83
8	333	214	2064703632	57	57	85	54	22	17	0	271	224	151	131	-182	-83
8	333	214	2064705628	56	57	98	61	23	17	0	294	241	151	131	-182	-83
8	333	214	2064707636	64	66	85	56	22	19	0	316	260	151	131	-182	-83
8	333	214	2064709624	57	62	97	66	23	19	0	339	279	151	131	-182	-83
8	333	214	2064711620	58	61	85	59	22	18	0	361	297	151	131	-182	-83
8	333	214	2064713616	56	62	95	68	22	19	0	383	316	151	131	-182	-83
8	333	214	2064715620	64	70	83	61	22	20	0	405	336	151	131	-182	-83
8	333	214	2064717620	55	64	91	70	22	20	0	427	356	151	131	-182	-83
8	333	214	2064719628	55	64	79	61	20	19	0	447	375	151	131	-182	-83
8	333	214	2064721620	61	71	87	70	22	21	0	469	396	151	131	-182	-83
8	333	214	2064723628	54	64	74	61	20	19	0	489	415	151	131	-182	-83
8	333	214	2064725620	51	62	82	70	20	20	0	509	435	151	131	-182	-83
8	333	214	2064727620	51	63	69	60	18	18	0	527	453	151	131	-182	-83
8	333	214	2064729612	55	67	78	68	20	20	0	547	473	151	131	-182	-83
8	333	214	2064731616	49	59	65	59	17	18	0	564	491	151	131	-182	-83
8	333	214	2064733624	47	58	70	65	17	19	0	581	510	151	131	-182	-83
8	333	214	2064735628	52	62	60	55	17	17	0	598	527	151	131	-182	-83
8	333	214	2064737636	43	54	65	62	16	17	0	614	544	151	131	-182	-83
8	333	214	2064739640	43	52	55	53	15	16	0	629	560	151	131	-182	-83
8	333	214	2064741632	46	57	60	58	16	17	0	645	577	151	131	-182	-83
8	333	214	2064743640	40	47	48	49	13	15	0	658	592	151	131	-182	-83
8	333	214	2064745644	38	46	53	54	14	15	0	672	607	151	131	-182	-83
8	333	214	2064747640	36	44	44	44	12	13	0	684	620	151	131	-182	-83
8	333	214	2064749644	37	48	46	48	12	14	0	696	634	151	131	-182	-83
8	333	214	2064751640	32	40	39	40	11	12	0	707	646	151	131	-182	-83
8	333	214	2064753636	30	36	41	44	10	12	0	717	658	151	131	-182	-83
8	333	214	2064755640	31	40	34	35	10	12	0	727	670	151	131	-182	-83
8	333	214	2064757648	25	32	35	39	9	10	0	736	680	151	131	-182	-83
8	333	214	2064759648	24	32	32	35	9	10	0	745	690	151	131	-182	-83
8	333	214	2064761652	22	31	26	29	7	9	0	752	699	151	131	-182	-83
8	333	214	2064763648	19	26	28	31	7	9	0	759	708	151	131	-182	-83
8	333	214	2064765644	16	25	21	24	5	7	0	764	715	151	131	-182	-83
8	333	214	2064767648	15	21	23	26	6	7	0	770	722	151	131	-182	-83
8	333	214	2064769648	14	23	16	19	5	7	0	775	727	151	131	-182	-83
8	333	214	2064771644	10	16	16	21	3	5	0	778	732	151	131	-182	-83
8	333	214	2064773640	9	15	13	15	4	5	0	782	737	151	131	-182	-83
8	333	214	2064775640	7	14	11	16	2	4	0	784	741	151	131	-182	-83
8	333	214	2064777632	5	10	10	11	3	3	1	787	744	151	131	-182	-83
9	333	214	2064779636	5	9	9	12	2	4	1	153	135	151	131	-182	-83
9	333	214	2064781644	4	7	6	7	1	2	1	154	137	151	131	-182	-83
9	333	214	2064783644	4	6	6	9	2	2	1	156	139	151	131	-182	-83
9	333	214	2064785644	2	4	4	5	1	1	1	157	140	151	131	-182	-83
9	-259	-299	2064787632	1	4	4	5	0	2	1	157	142	-108	-168	151	131
9	-259	-299	2064789632	2	2	2	2	1	0	1	158	142	-108	-168	151	131
9	-259	-299	2064791644	1	2	3	4	1	1	1	159	143	-108	-168	151	131
9	-259	-299	2064793624	0	1	1	1	0	0	1	159	143	-108	-168	151	131
9	-259	-299	2064795628	1	0	0	2	0	1	1	159	144	-108	-168	151	131
9	-259	-299	2064797616	0	0	1	1	0	0	1	159	144	-108	-168	151	131
9	-259	-299	2064809592	0	-1	0	0	0	0	1	159	144	-108	-168	151	131
9	-259	-299	2064811596	0	-2	0	-2	0	0	1	159	144	-108	-168	151	131
9	-259	-299	2064813600	0	-3	0	-2	0	-1	1	159	143	-108	-168	151	131
9	-259	-299	2064815604	0	-3	0	-5	0	-1	1	159	142	-108	-168	151	131
9	-259	-299	2064817596	0	-7	0	-4	0	-2	1	159	140	-108	-168	151	131
9	-259	-299	2064819604	0	-7	0	-8	0	-2	1	159	138	-108	-168	151	131
9	-259	-299	2064821604	0	-8	0	-6	0	-2	1	159	136	-108	-168	151	131
9	-259	-299	2064823636	-2	-10	0	-9	0	-3	1	159	133	-108	-168	151	131
9	-259	-299	2064825632	-1	-10	0	-8	0	-2	1	159	131	-108	-168	151	131
9	-259	-299	2064827600	0	-10	0	-10	0	-3	1	159	128	-108	-168	151	131
9	-259	-299	2064829632	-1	-12	0	-12	0	-4	1	159	124	-108	-168	151	131
9	-259	-299	2064831632	-1	-14	0	-12	0	-4	1	159	120	-108	-168	151	131
9	-259	-299	2064833636	-2	-15	0	-13	0	-4	1	159	116	-108	-168	151	131
9	-259	-299	2064835636	-1	-15	0	-15	0	-5	1	159	111	-108	-168	151	131
9	-259	-299	2064837636	-2	-17	0	-15	0	-4	1	159	107	-108	-168	151	131
9	-259	-299	2064839644	-2	-18	-2	-17	-1	-6	1	158	101	-108	-168	151	131
9	-259	-299	2064841648	-2	-17	-2	-16	-1	-5	1	157	96	-108	-168	151	131
9	-259	-299	2064843640	-3	-22	-3	-20	0	-6	1	157	90	-108	-168	151	131
9	-259	-299	2064845652	-1	-18	-1	-18	-1	-5	1	156	85	-108	-168	151	131
9	-259	-299	2064847652	-4	-19	-4	-21	-1	-6	1	155	79	-108	-168	151	131
9	-259	-299	2064849660	-2	-21	-5	-21	-1	-7	1	154	72	-108	-168	151	131
9	-259	-299	2064851664	-4	-20	-5	-19	-1	-5	1	153	67	-108	-168	151	131
9	-259	-299	2064853664	-5	-22	-6	-24	-2	-7	1	151	60	-108	-168	151	131
9	-259	-299	2064855672	-4	-22	-7	-21	-2	-7	0	149	53	-108	-168	151	131
9	-259	-299	2064857676	-6	-26	-9	-25	-2	-7	0	147	46	-108	-168	151	131
9	-259	-299	2064859680	-6	-25	-11	-24	-2	-8	0	145	38	-108	-168	151	131
9	-259	-299	2064861676	-8	-27	-13	-29	-4	-8	0	141	30	-108	-168	151	131
9	-259	-299	2064863672	-8	-32	-15	-27	-3	-9	0	138	21	-108	-168	151	131
9	-259	-299	2064865684	-9	-30	-17	-33	-4	-10	0	134	11	-108	-168	151	131
9	-259	-299	2064867688	-10	-31	-19	-30	-4	-9	0	130	2	-108	-168	151	131
9	-259	-299	2064869676	-11	-38	-23	-36	-5	-11	0	125	-9	-108	-168	151	131
9	-259	-299	2064871672	-13	-36	-22	-35	-6	-10	0	119	-19	-108	-168	151	131
9	-259	-299	2064873668	-12	-39	-29	-40	-6	-12	0	113	-31	-108	-168	151	131
9	-259	-299	2064875676	-14	-40	-27	-39	-6	-12	0	107	-43	-108	-168	151	131
9	-259	-299	2064877672	-16	-47	-35	-46	-8	-14	0	99	-57	-108	-168	151	131
9	-259	-299	2064879668	-17	-45	-33	-42	-7	-13	0	92	-70	-108	-168	151	131
9	-259	-299	2064881656	-17	-49	-41	-52	-9	-15	0	83	-85	-108	-168	151	131
9	-259	-299	2064883652	-21	-56	-39	-46	-9	-16	0	74	-101	-108	-168	151	131
9	-259	-299	2064885648	-20	-53	-47	-57	-10	-16	0	64	-117	-108	-168	151	131
9	-259	-299	2064887648	-20	-55	-45	-52	-10	-16	0	54	-133	-108	-168	151	131
9	-259	-299	2064889648	-23	-57	-54	-62	-11	-18	0	43	-151	-108	-168	151	131
9	-259	-299	2064891652	-26	-68	-50	-56	-12	-19	0	31	-170	-108	-168	151	131
9	-259	-299	2064893652	-24	-61	-60	-67	-12	-19	0	19	-189	-108	-168	151	131
9	-259	-299	2064895652	-26	-64	-56	-60	-12	-18	0	7	-207	-108	-168	151	131
9	-259	-299	2064897656	-31	-74	-68	-71	-15	-22	0	-8	-229	-108	-168	151	131
9	-259	-299	2064899652	-29	-67	-61	-65	-14	-20	0	-22	-249	-108	-168	151	131
9	-259	-299	2064901652	-31	-69	-74	-75	-16	-22	0	-38	-271	-108	-168	151	131
9	-259	-299	2064903656	-33	-71	-67	-69	-15	-21	0	-53	-292	-108	-168	151	131
9	-259	-299	2064905656	-39	-81	-82	-78	-18	-23	0	-71	-315	-108	-168	151	131
9	-259	-299	2064907656	-36	-73	-72	-72	-16	-22	0	-87	-337	-108	-168	151	131
9	-259	-299	2064909660	-39	-75	-86	-82	-19	-24	0	-106	-361	-108	-168	151	131
9	-259	-299	2064911660	-46	-85	-78	-73	-18	-23	0	-124	-384	-108	-168	151	131
9	-259	-299	2064913660	-41	-75	-91	-85	-20	-24	0	-144	-408	-108	-168	151	131
9	-259	-299	2064915660	-45	-76	-83	-73	-19	-23	0	-163	-431	-108	-168	151	131
9	-259	-299	2064917660	-50	-86	-96	-85	-22	-25	0	-185	-456	-108	-168	151	131
9	-259	-299	2064919656	-48	-77	-87	-75	-20	-23	0	-205	-479	-108	-168	151	131
9	-259	-299	2064921660	-48	-76	-102	-87	-23	-25	0	-228	-504	-108	-168	151	131
9	-259	-299	2064923660	-50	-76	-91	-75	-21	-22	0	-249	-526	-108	-168	151	131
9	-259	-299	2064925656	-58	-85	-105	-85	-25	-26	0	-274	-552	-108	-168	151	131
9	-259	-299	2064927660	-52	-75	-106	-83	-23	-23	0	-297	-575	-108	-168	151	131
9	-259	-299	2064929656	-53	-74	-94	-74	-22	-23	0	-319	-598	-108	-168	151	131
9	-259	-299	2064931656	-61	-81	-107	-81	-25	-24	0	-344	-622	-108	-168	151	131
9	-259	-299	2064933660	-55	-71	-95	-72	-23	-21	0	-367	-643	-108	-168	151	131
9	-259	-299	2064935660	-56	-69	-108	-77	-25	-22	0	-392	-665	-108	-168	151	131
9	-259	-299	2064937652	-55	-68	-92	-68	-22	-21	0	-414	-686	-108	-168	151	131
9	-259	-299	2064939652	-62	-72	-107	-75	-25	-22	0	-439	-708	-108	-168	151	131
9	-259	-299	2064941652	-53	-63	-91	-62	-22	-19	0	-461	-727	-108	-168	151	131
9	-259	-299	2064943648	-53	-61	-101	-70	-23	-19	0	-484	-746	-108	-168	151	131
9	-259	-299	2064945656	-57	-65	-86	-59	-21	-19	0	-505	-765	-108	-168	151	131
9	-259	-299	2064947660	-50	-56	-97	-65	-22	-18	0	-527	-783	-108	-168	151	131
9	-259	-299	2064949660	-49	-53	-80	-54	-20	-16	0	-547	-799	-108	-168	151	131
9	-259	-299	2064951660	-54	-55	-87	-58	-21	-17	0	-568	-816	-108	-168	151	131
9	-259	-299	2064953660	-44	-47	-73	-49	-17	-14	0	-585	-830	-108	-168	151	131
9	-259	-299	2064955660	-43	-44	-77	-53	-18	-15	0	-603	-735	-108	-168	151	131
9	-259	-299	2064957660	-40	-41	-64	-43	-16	-12	0	-619	-747	-108	-168	151	131
9	-259	-299	2064959660	-43	-44	-67	-45	-16	-14	0	-635	-761	-108	-168	151	131
9	-259	-299	2064961660	-35	-35	-55	-38	-14	-11	0	-649	-772	-108	-168	151	131
9	-259	-299	2064963660	-31	-32	-57	-39	-13	-10	0	-662	-782	-108	-168	151	131
9	-259	-299	2064965660	-33	-34	-45	-32	-12	-10	0	-674	-792	-108	-168	151	131
9	-259	-299	2064967656	-25	-26	-46	-33	-10	-9	0	-684	-801	-108	-168	151	131
9	-259	-299	2064969652	-23	-25	-36	-25	-9	-8	0	-693	-809	-108	-168	151	131
9	-259	-299	2064971652	-20	-22	-35	-27	-8	-7	0	-701	-727	-108	-168	151	131
9	-259	-299	2064973652	-20	-22	-28	-20	-8	-6	0	-709	-733	-108	-168	151	131
9	-259	-299	2064975652	-15	-16	-26	-21	-6	-6	0	-715	-739	-108	-168	151	131
9	-259	-299	2064977652	-13	-14	-20	-15	-5	-4	0	-720	-743	-108	-168	151	131
9	-259	-299	2064979656	-12	-14	-19	-17	-4	-5	0	-724	-748	-108	-168	151	131
9	-259	-299	2064981656	-9	-10	-15	-11	-4	-3	0	-728	-751	-108	-168	151	131
9	-259	-299	2064983656	-8	-9	-12	-11	-3	-3	0	-731	-754	-108	-168	151	131
9	-259	-299	2064985648	-5	-6	-10	-9	-2	-2	1	-733	-756	-108	-168	151	131
10	164	360	2064987648	-5	-6	-9	-7	-2	-2	1	-110	-170	56	192	-108	-168
10	164	360	2064989640	-3	-4	-5	-5	-2	-2	1	-112	-172	56	192	-108	-168
10	164	360	2064991648	-3	-4	-5	-5	-1	-1	1	-113	-173	56	192	-108	-168
10	164	360	2064993656	-1	-2	-4	-3	-1	-1	1	-114	-174	56	192	-108	-168
10	164	360	2064995636	-1	-1	-2	-4	0	0	1	-114	-174	56	192	-108	-168
10	164	360	2064997656	0	-2	-1	-1	0	-1	1	-114	-175	56	192	-108	-168
10	164	360	2064999636	0	0	-2	-1	0	0	1	-114	-175	56	192	-108	-168
10	164	360	2065001628	0	0	-1	0	-1	0	1	-115	-175	56	192	-108	-168
10	164	360	2065003612	0	0	0	-1	0	0	1	-115	-175	56	192	-108	-168
10	164	360	2065057640	-2	0	1	0	0	0	1	-115	-175	56	192	-108	-168
10	164	360	2065059640	-1	0	0	0	0	0	1	-115	-175	56	192	-108	-168
10	164	360	2065061644	-1	1	1	1	0	0	1	-115	-175	56	192	-108	-168
10	164	360	2065063644	-1	2	1	3	0	0	1	-115	-175	56	192	-108	-168
10	164	360	2065065680	-3	3	1	2	0	1	1	-115	-174	56	192	-108	-168
10	164	360	2065067680	-4	4	3	4	0	1	1	-115	-173	56	192	-108	-168
10	164	360	2065069672	-2	5	4	4	0	1	0	-115	-172	56	192	-108	-168
10	164	360	2065071668	-5	5	3	5	0	2	0	-115	-170	56	192	-108	-168
10	164	360	2065073664	-4	7	5	7	0	2	0	-115	-168	56	192	-108	-168
10	164	360	2065075632	-5	9	5	7	0	2	0	-115	-166	56	192	-108	-168
10	164	360	2065077660	-5	9	7	10	0	3	0	-115	-163	56	192	-108	-168
10	164	360	2065079660	-5	10	7	8	0	3	0	-115	-160	56	192	-108	-168
10	164	360	2065081660	-5	12	10	12	0	3	0	-115	-157	56	192	-108	-168
10	164	360	2065083672	-5	13	9	11	1	4	0	-114	-153	56	192	-108	-168
10	164	360	2065085664	-5	15	12	15	1	4	0	-113	-149	56	192	-108	-168
10	164	360	2065087664	-5	15	13	14	1	5	0	-112	-144	56	192	-108	-168
10	164	360	2065089668	-5	20	15	17	2	5	0	-110	-139	56	192	-108	-168
10	164	360	2065091664	-2	18	15	18	1	6	0	-109	-133	56	192	-108	-168
10	164	360	2065093664	-4	19	17	20	2	6	0	-107	-127	56	192	-108	-168
10	164	360	2065095656	-1	24	18	20	3	6	0	-104	-121	56	192	-108	-168
10	164	360	2065097656	-2	22	21	23	3	7	0	-101	-114	56	192	-108	-168
10	164	360	2065099652	0	24	20	23	3	7	0	-98	-107	56	192	-108	-168
10	164	360	2065101656	1	29	24	27	4	8	0	-94	-99	56	192	-108	-168
10	164	360	2065103660	2	26	26	30	4	9	0	-90	-90	56	192	-108	-168
10	164	360	2065105664	5	29	24	27	4	8	0	-86	-82	56	192	-108	-168
10	164	360	2065107664	5	30	27	33	5	10	0	-81	-72	56	192	-108	-168
10	164	360	2065109664	9	36	27	30	5	10	0	-76	-62	56	192	-108	-168
10	164	360	2065111660	8	34	31	38	6	10	0	-70	-52	56	192	-108	-168
10	164	360	2065113664	10	36	29	34	6	11	0	-64	-41	56	192	-108	-168
10	164	360	2065115664	13	43	35	41	7	12	0	-57	-29	56	192	-108	-168
10	164	360	2065117664	13	40	30	39	7	12	0	-50	-17	56	192	-108	-168
10	164	360	2065119668	14	41	37	45	7	13	0	-43	-4	56	192	-108	-168
10	164	360	2065121668	17	50	33	41	8	14	0	-35	10	56	192	-108	-168
10	164	360	2065123668	18	46	38	51	8	14	0	-27	24	56	192	-108	-168
10	164	360	2065125664	18	48	37	45	8	14	0	-19	38	56	192	-108	-168
10	164	360	2065127668	19	50	41	55	9	16	0	-10	54	56	192	-108	-168
10	164	360	2065129668	24	58	36	50	9	16	0	-1	70	56	192	-108	-168
10	164	360	2065131668	21	54	43	60	10	17	0	9	87	56	192	-108	-168
10	164	360	2065133672	23	58	38	54	9	17	0	18	104	56	192	-108	-168
10	164	360	2065135676	25	65	44	65	11	20	0	29	124	56	192	-108	-168
10	164	360	2065137676	23	61	40	59	9	18	0	38	142	56	192	-108	-168
10	164	360	2065139672	24	64	45	68	10	19	0	48	161	56	192	-108	-168
10	164	360	2065141664	24	65	40	63	10	20	0	58	181	56	192	-108	-168
10	164	360	2065143660	27	76	45	74	11	22	0	69	203	56	192	-108	-168
10	164	360	2065145660	24	70	39	67	9	21	0	78	224	56	192	-108	-168
10	164	360	2065147660	24	72	45	79	11	22	0	89	246	56	192	-108	-168
10	164	360	2065149656	26	83	39	70	9	23	0	98	269	56	192	-108	-168
10	164	360	2065151656	24	76	43	84	10	24	0	108	293	56	192	-108	-168
10	164	360	2065153656	24	76	37	73	10	23	0	118	316	56	192	-108	-168
10	164	360	2065155652	22	79	42	85	9	24	0	127	340	56	192	-108	-168
10	164	360	2065157656	25	90	35	77	9	25	0	136	365	56	192	-108	-168
10	164	360	2065159656	23	80	39	87	9	25	0	145	390	56	192	-108	-168
10	164	360	2065161656	21	81	32	78	8	24	0	153	414	56	192	-108	-168
10	164	360	2065163664	24	90	37	88	10	27	0	163	441	56	192	-108	-168
10	164	360	2065165656	20	82	30	78	7	24	0	170	465	56	192	-108	-168
10	164	360	2065167660	20	78	32	87	8	25	0	178	490	56	192	-108	-168
10	164	360	2065169660	20	79	28	77	7	23	0	185	513	56	192	-108	-168
10	164	360	2065171664	21	88	30	85	8	26	0	193	539	56	192	-108	-168
10	164	360	2065173664	19	75	25	73	6	22	0	199	561	56	192	-108	-168
10	164	360	2065175664	17	73	26	83	7	24	0	206	585	56	192	-108	-168
10	164	360	2065177664	20	79	21	70	6	22	0	212	607	56	192	-108	-168
10	164	360	2065179668	18	69	25	79	6	22	0	218	629	56	192	-108	-168
10	164	360	2065181660	16	66	20	66	6	20	0	224	649	56	192	-108	-168
10	164	360	2065183664	17	73	21	74	5	22	0	229	671	56	192	-108	-168
10	164	360	2065185664	15	61	20	70	6	20	0	235	691	56	192	-108	-168
10	164	360	2065187672	14	59	18	60	4	18	0	239	709	56	192	-108	-168
10	164	360	2065189664	14	57	20	66	6	18	0	245	727	56	192	-108	-168
10	164	360	2065191672	15	61	15	56	4	18	0	249	745	56	192	-108	-168
10	164	360	2065193664	12	53	19	61	5	17	0	254	762	56	192	-108	-168
10	164	360	2065195664	10	52	15	53	3	15	0	257	777	56	192	-108	-168
10	164	360	2065197668	13	57	17	59	5	18	0	262	795	56	192	-108	-168
10	164	360	2065199668	10	48	15	48	4	14	0	266	809	56	192	-108	-168
10	164	360	2065201672	9	48	18	55	4	16	0	270	825	56	192	-108	-168
10	164	360	2065203672	8	51	15	48	3	14	0	273	734	56	192	-108	-168
10	164	360	2065205664	8	46	17	52	4	15	0	277	749	56	192	-108	-168
10	164	360	2065207672	6	45	14	45	3	14	0	280	763	56	192	-108	-168
10	164	360	2065209668	6	44	17	50	3	14	0	283	777	56	192	-108	-168
10	164	360	2065211664	7	49	14	44	4	14	0	287	791	56	192	-108	-168
10	164	360	2065213664	5	42	16	48	3	13	1	290	804	56	192	-108	-168
11	164	360	2065215660	5	42	15	41	3	13	1	59	205	56	192	-108	-168
11	164	360	2065217656	3	45	15	46	2	13	1	61	218	56	192	-108	-168
11	164	360	2065219652	4	38	14	39	3	12	1	64	230	56	192	-108	-168
11	-56	-392	2065221648	4	39	16	42	3	12	1	67	242	0	-200	56	192
11	-56	-392	2065223636	2	35	13	37	2	11	1	69	253	0	-200	56	192
11	-56	-392	2065225632	4	39	15	40	3	12	1	72	265	0	-200	56	192
11	-56	-392	2065227628	3	32	11	32	2	9	1	74	274	0	-200	56	192
11	-56	-392	2065229632	2	30	14	34	3	10	1	77	284	0	-200	56	192
11	-56	-392	2065231640	3	32	11	29	2	9	1	79	293	0	-200	56	192
11	-56	-392	2065233640	1	25	11	30	2	8	1	81	301	0	-200	56	192
11	-56	-392	2065235644	2	22	10	23	1	7	1	82	308	0	-200	56	192
11	-56	-392	2065237648	2	20	9	24	2	7	1	84	315	0	-200	56	192
11	-56	-392	2065239648	1	19	8	19	1	5	1	85	320	0	-200	56	192
11	-56	-392	2065241648	1	15	8	20	2	6	1	87	326	0	-200	56	192
11	-56	-392	2065243648	1	14	7	14	1	4	1	88	330	0	-200	56	192
11	-56	-392	2065245644	0	11	6	15	1	4	1	89	334	0	-200	56	192
11	-56	-392	2065247648	2	9	4	10	1	3	1	90	337	0	-200	56	192
11	-56	-392	2065249644	1	7	5	10	1	2	1	91	339	0	-200	56	192
11	-56	-392	2065251624	0	5	2	7	0	2	1	91	341	0	-200	56	192
11	-56	-392	2065253636	0	5	4	6	1	2	1	92	343	0	-200	56	192
11	-56	-392	2065255628	1	3	1	4	0	1	1	92	344	0	-200	56	192
11	-56	-392	2065257616	0	1	3	4	0	0	1	92	344	0	-200	56	192
11	-56	-392	2065259632	0	1	1	2	0	1	1	92	345	0	-200	56	192
11	-56	-392	2065261584	0	1	0	2	0	0	1	92	345	0	-200	56	192
11	-56	-392	2065263588	0	0	1	0	1	0	1	93	345	0	-200	56	192
11	-56	-392	2065265572	0	0	0	1	0	0	1	93	345	0	-200	56	192
11	-56	-392	2065273572	1	0	0	0	0	0	1	93	345	0	-200	56	192
11	-56	-392	2065277596	2	0	0	-1	0	0	1	93	345	0	-200	56	192
11	-56	-392	2065279596	1	-1	0	-1	0	0	1	93	345	0	-200	56	192
11	-56	-392	2065281612	1	-3	1	-2	1	0	1	94	345	0	-200	56	192
11	-56	-392	2065283616	1	-2	0	-3	0	-1	1	94	344	0	-200	56	192
11	-56	-392	2065285616	3	-5	2	-5	0	-1	1	94	343	0	-200	56	192
11	-56	-392	2065287624	4	-8	1	-6	1	-2	1	95	341	0	-200	56	192
11	-56	-392	2065289632	2	-7	1	-8	1	-2	1	96	339	0	-200	56	192
11	-56	-392	2065291640	4	-9	3	-8	1	-3	1	97	336	0	-200	56	192
11	-56	-392	2065293624	4	-11	1	-10	0	-3	1	97	333	0	-200	56	192
11	-56	-392	2065295628	3	-13	2	-12	1	-4	1	98	329	0	-200	56	192
11	-56	-392	2065297624	4	-12	3	-12	1	-3	1	99	326	0	-200	56	192
11	-56	-392	2065299628	4	-15	2	-14	1	-5	1	100	321	0	-200	56	192
11	-56	-392	2065301624	5	-18	3	-16	1	-5	1	101	316	0	-200	56	192
11	-56	-392	2065303628	5	-17	2	-16	1	-5	1	102	311	0	-200	56	192
11	-56	-392	2065305628	4	-20	3	-19	1	-6	1	103	305	0	-200	56	192
11	-56	-392	2065307616	5	-24	2	-19	1	-6	1	104	299	0	-200	56	192
11	-56	-392	2065309608	5	-21	4	-22	2	-7	1	106	292	0	-200	56	192
11	-56	-392	2065311616	3	-24	3	-23	1	-7	1	107	285	0	-200	56	192
11	-56	-392	2065313616	4	-25	2	-26	1	-7	1	108	278	0	-200	56	192
11	-56	-392	2065315612	4	-29	3	-28	1	-9	1	109	269	0	-200	56	192
11	-56	-392	2065317596	4	-26	1	-25	0	-8	0	109	261	0	-200	56	192
11	-56	-392	2065319608	2	-29	1	-30	1	-8	0	110	253	0	-200	56	192
11	-56	-392	2065321604	4	-32	1	-28	1	-9	0	111	244	0	-200	56	192
11	-56	-392	2065323584	4	-32	0	-34	0	-10	0	111	234	0	-200	56	192
11	-56	-392	2065325596	3	-33	0	-31	1	-10	0	112	224	0	-200	56	192
11	-56	-392	2065327588	3	-35	0	-38	0	-11	0	112	213	0	-200	56	192
11	-56	-392	2065329600	5	-43	0	-36	1	-12	0	113	201	0	-200	56	192
11	-56	-392	2065331600	4	-39	-3	-43	0	-12	0	113	189	0	-200	56	192
11	-56	-392	2065333596	3	-42	-2	-40	0	-12	0	113	177	0	-200	56	192
11	-56	-392	2065335592	5	-51	-4	-48	0	-15	0	113	162	0	-200	56	192
11	-56	-392	2065337588	5	-48	-4	-45	0	-14	0	113	148	0	-200	56	192
11	-56	-392	2065339588	5	-51	-6	-55	0	-16	0	113	132	0	-200	56	192
11	-56	-392	2065341556	5	-53	-5	-52	0	-16	0	113	116	0	-200	56	192
11	-56	-392	2065343588	8	-63	-7	-62	0	-18	0	113	98	0	-200	56	192
11	-56	-392	2065345588	5	-60	-8	-56	0	-18	0	113	80	0	-200	56	192
11	-56	-392	2065347576	6	-63	-10	-69	0	-20	0	113	60	0	-200	56	192
11	-56	-392	2065349576	9	-74	-10	-63	0	-20	0	113	40	0	-200	56	192
11	-56	-392	2065351576	7	-68	-12	-76	0	-22	0	113	18	0	-200	56	192
11	-56	-392	2065353592	8	-73	-13	-69	-1	-21	0	112	-3	0	-200	56	192
11	-56	-392	2065355592	10	-75	-15	-82	-1	-24	0	111	-27	0	-200	56	192
11	-56	-392	2065357596	10	-87	-15	-76	-1	-24	0	110	-51	0	-200	56	192
11	-56	-392	2065359596	10	-82	-19	-89	-1	-26	0	109	-77	0	-200	56	192
11	-56	-392	2065361600	9	-83	-17	-81	-1	-24	0	108	-101	0	-200	56	192
11	-56	-392	2065363596	10	-98	-21	-95	-2	-29	0	106	-130	0	-200	56	192
11	-56	-392	2065365600	10	-89	-20	-87	-1	-27	0	105	-157	0	-200	56	192
11	-56	-392	2065367600	7	-92	-24	-100	-3	-29	0	102	-186	0	-200	56	192
11	-56	-392	2065369600	9	-105	-23	-91	-2	-29	0	100	-215	0	-200	56	192
11	-56	-392	2065371604	6	-96	-27	-105	-3	-30	0	97	-245	0	-200	56	192
11	-56	-392	2065373604	6	-98	-24	-95	-3	-29	0	94	-274	0	-200	56	192
11	-56	-392	2065375608	4	-99	-29	-109	-4	-31	0	90	-305	0	-200	56	192
11	-56	-392	2065377612	5	-111	-26	-96	-3	-31	0	87	-336	0	-200	56	192
11	-56	-392	2065379612	1	-100	-30	-110	-4	-32	0	83	-368	0	-200	56	192
11	-56	-392	2065381604	2	-99	-27	-97	-4	-29	0	79	-397	0	-200	56	192
11	-56	-392	2065383604	0	-111	-30	-110	-4	-33	0	75	-430	0	-200	56	192
11	-56	-392	2065385600	-3	-96	-28	-97	-5	-29	0	70	-459	0	-200	56	192
11	-56	-392	2065387600	-4	-98	-30	-108	-5	-31	0	65	-490	0	-200	56	192
11	-56	-392	2065389604	-8	-106	-25	-93	-5	-30	0	60	-520	0	-200	56	192
11	-56	-392	2065391596	-6	-92	-30	-105	-6	-30	0	54	-550	0	-200	56	192
11	-56	-392	2065393596	-9	-90	-25	-90	-5	-27	0	49	-577	0	-200	56	192
11	-56	-392	2065395600	-10	-88	-26	-99	-5	-28	0	44	-605	0	-200	56	192
11	-56	-392	2065397592	-11	-94	-23	-85	-5	-26	0	39	-631	0	-200	56	192
11	-56	-392	2065399600	-10	-81	-25	-93	-5	-27	0	34	-658	0	-200	56	192
11	-56	-392	2065401596	-11	-79	-20	-78	-5	-23	0	29	-681	0	-200	56	192
11	-56	-392	2065403592	-13	-82	-22	-86	-5	-25	0	24	-706	0	-200	56	192
11	-56	-392	2065405588	-11	-71	-18	-73	-5	-22	0	19	-728	0	-200	56	192
11	-56	-392	2065407584	-11	-68	-18	-78	-4	-22	0	15	-750	0	-200	56	192
11	-56	-392	2065409584	-10	-64	-15	-65	-4	-19	0	11	-769	0	-200	56	192
11	-56	-392	2065411580	-13	-67	-17	-72	-4	-21	0	7	-790	0	-200	56	192
11	-56	-392	2065413576	-10	-58	-13	-57	-4	-17	0	3	-807	0	-200	56	192
11	-56	-392	2065415584	-8	-55	-13	-64	-3	-18	0	0	-825	0	-200	56	192
11	-56	-392	2065417584	-10	-56	-11	-51	-3	-16	0	-3	-841	0	-200	56	192
11	-56	-392	2065419592	-8	-47	-11	-56	-3	-16	0	-6	-857	0	-200	56	192
11	-56	-392	2065421596	-7	-44	-9	-52	-2	-14	0	-8	-734	0	-200	56	192
11	-56	-392	2065423592	-7	-41	-8	-42	-2	-12	0	-10	-746	0	-200	56	192
11	-56	-392	2065425588	-6	-44	-6	-39	-2	-13	0	-12	-759	0	-200	56	192
11	-56	-392	2065427588	-5	-35	-7	-41	-2	-11	0	-14	-770	0	-200	56	192
11	-56	-392	2065429584	-5	-31	-5	-38	-2	-11	0	-16	-781	0	-200	56	192
11	-56	-392	2065431588	-4	-33	-4	-30	-1	-9	0	-17	-790	0	-200	56	192
11	-56	-392	2065433576	-3	-26	-5	-31	-1	-9	0	-18	-799	0	-200	56	192
11	-56	-392	2065435572	-2	-24	-3	-25	-1	-7	0	-19	-806	0	-200	56	192
11	-56	-392	2065437564	-2	-21	-2	-26	0	-7	1	-19	-813	0	-200	56	192
