1	-28	196	1367236952	0	1	0	0	0	0	1	0	-100	-28	96	0	-100
1	-28	196	1367254984	0	0	0	1	0	0	1	0	-100	-28	96	0	-100
1	-28	196	1367285008	0	0	1	0	0	0	1	0	-100	-28	96	0	-100
1	-28	196	1367289012	0	1	0	1	0	0	1	0	-100	-28	96	0	-100
1	-28	196	1367291008	0	2	0	1	0	0	1	0	-100	-28	96	0	-100
1	-28	196	1367293004	0	2	0	3	0	0	1	0	-100	-28	96	0	-100
1	-28	196	1367295032	1	4	0	2	0	0	1	0	-100	-28	96	0	-100
1	-28	196	1367297036	1	5	0	5	0	0	1	0	-100	-28	96	0	-100
1	-28	196	1367299032	2	6	0	5	0	0	1	0	-100	-28	96	0	-100
1	-28	196	1367301032	2	8	0	8	0	0	1	0	-100	-28	96	0	-100
1	-28	196	1367303036	3	8	0	7	0	0	1	0	-100	-28	96	0	-100
1	-28	196	1367305028	2	10	-1	10	0	0	0	0	-100	-28	96	0	-100
1	-28	196	1367307024	4	13	-1	10	0	0	0	0	-100	-28	96	0	-100
1	-28	196	1367309028	4	14	-1	14	0	0	0	0	-100	-28	96	0	-100
1	-28	196	1367311024	5	15	-3	14	0	0	0	0	-100	-28	96	0	-100
1	-28	196	1367313020	6	17	-2	16	0	0	0	0	-100	-28	96	0	-100
1	-28	196	1367315016	7	21	-4	18	0	0	0	0	-100	-28	96	0	-100
1	-28	196	1367317008	8	22	-4	22	0	0	0	0	-100	-28	96	0	-100
1	-28	196	1367319016	9	23	-5	21	0	0	0	0	-100	-28	96	0	-100
1	-28	196	1367321012	11	29	-5	27	0	0	0	0	-100	-28	96	0	-100
1	-28	196	1367323012	11	26	-6	25	0	0	0	0	-100	-28	96	0	-100
1	-28	196	1367325012	13	29	-7	31	0	0	0	0	-100	-28	96	0	-100
1	-28	196	1367327012	12	30	-8	29	0	0	0	0	-100	-28	96	0	-100
1	-28	196	1367329012	16	35	-10	33	0	0	0	0	-100	-28	96	0	-100
1	-28	196	1367331016	17	34	-10	32	0	0	0	0	-100	-28	96	0	-100
1	-28	196	1367333020	17	35	-11	37	0	0	0	0	-100	-28	96	0	-100
1	-28	196	1367335024	21	41	-11	34	0	0	0	0	-100	-28	96	0	-100
1	-28	196	1367337028	19	39	-13	41	0	0	0	0	-100	-28	96	0	-100
1	-28	196	1367339032	21	39	-15	44	0	0	0	0	-100	-28	96	0	-100
1	-28	196	1367341032	24	47	-12	39	0	0	0	0	-100	-28	96	0	-100
1	-28	196	1367343036	21	43	-17	46	0	0	0	0	-100	-28	96	0	-100
1	-28	196	1367345032	23	43	-15	42	0	0	0	0	-100	-28	96	0	-100
1	-28	196	1367347032	26	52	-17	49	0	0	0	0	-100	-28	96	0	-100
1	-28	196	1367349032	24	46	-15	44	0	0	0	0	-100	-28	96	0	-100
1	-28	196	1367351040	25	49	-19	52	0	0	0	0	-100	-28	96	0	-100
1	-28	196	1367353040	26	55	-17	47	0	0	0	0	-100	-28	96	0	-100
1	-28	196	1367355044	25	48	-20	52	0	0	0	0	-100	-28	96	0	-100
1	-28	196	1367357040	25	52	-18	49	0	0	0	0	-100	-28	96	0	-100
1	-28	196	1367359044	24	50	-21	55	0	0	0	0	-100	-28	96	0	-100
1	-28	196	1367361036	27	58	-18	49	0	0	0	0	-100	-28	96	0	-100
1	-28	196	1367363040	24	52	-21	56	0	0	0	0	-100	-28	96	0	-100
1	-28	196	1367365044	24	51	-19	50	0	0	0	0	-100	-28	96	0	-100
1	-28	196	1367367048	26	59	-21	57	0	0	0	0	-100	-28	96	0	-100
1	-28	196	1367369052	23	52	-22	58	0	0	0	0	-100	-28	96	0	-100
1	-28	196	1367371056	22	53	-19	50	0	0	0	0	-100	-28	96	0	-100
1	-28	196	1367373052	25	57	-23	57	0	0	0	0	-100	-28	96	0	-100
1	-28	196	1367375056	23	51	-18	49	0	0	0	0	-100	-28	96	0	-100
1	-28	196	1367377060	21	50	-22	56	0	0	0	0	-100	-28	96	0	-100
1	-28	196	1367379052	20	50	-18	49	0	0	0	0	-100	-28	96	0	-100
1	-28	196	1367381060	22	57	-20	55	0	0	0	0	-100	-28	96	0	-100
1	-28	196	1367383020	19	47	-19	46	0	0	0	0	-100	-28	96	0	-100
1	-28	196	1367385048	19	48	-20	53	0	0	0	0	-100	-28	96	0	-100
1	-28	196	1367387044	19	51	-18	45	0	0	0	0	-100	-28	96	0	-100
1	-28	196	1367389048	16	45	-18	50	0	0	0	0	-100	-28	96	0	-100
1	-28	196	1367391044	16	42	-17	42	0	0	0	0	-100	-28	96	0	-100
1	-28	196	1367393048	16	47	-17	47	0	0	0	0	-100	-28	96	0	-100
1	-28	196	1367395044	14	40	-15	38	0	0	0	0	-100	-28	96	0	-100
1	-28	196	1367397036	13	37	-18	43	0	0	0	0	-100	-28	96	0	-100
1	-28	196	1367399044	11	35	-13	36	0	0	0	0	-100	-28	96	0	-100
1	-28	196	1367401036	12	39	-17	39	0	0	0	0	-100	-28	96	0	-100
1	-28	196	1367403044	10	32	-12	32	0	0	0	0	-100	-28	96	0	-100
1	-28	196	1367405036	9	30	-15	34	0	0	0	0	-100	-28	96	0	-100
1	-28	196	1367407036	9	32	-14	33	0	0	0	0	-100	-28	96	0	-100
1	-28	196	1367409040	7	26	-11	27	0	0	0	0	-100	-28	96	0	-100
1	-28	196	1367411036	7	25	-13	29	0	0	0	0	-100	-28	96	0	-100
1	-28	196	1367413048	6	22	-10	22	0	0	0	0	-100	-28	96	0	-100
1	-28	196	1367415048	6	24	-12	25	0	0	0	0	-100	-28	96	0	-100
1	-28	196	1367417048	5	19	-9	20	0	0	0	0	-100	-28	96	0	-100
1	-28	196	1367419044	4	19	-10	23	0	0	0	0	-100	-28	96	0	-100
1	-28	196	1367421044	4	18	-9	17	0	0	0	0	-100	-28	96	0	-100
1	-28	196	1367423052	3	15	-10	18	0	0	0	0	-100	-28	96	0	-100
1	-28	196	1367425052	3	15	-7	16	0	0	0	0	-100	-28	96	0	-100
1	-28	196	1367427052	4	15	-10	16	0	0	0	0	-100	-28	96	0	-100
1	-28	196	1367429052	2	14	-8	14	0	0	0	0	-100	-28	96	0	-100
1	-28	196	1367431052	3	13	-8	15	0	0	0	0	-100	-28	96	0	-100
1	-28	196	1367433048	1	12	-8	13	0	0	0	0	-100	-28	96	0	-100
1	-28	196	1367435040	2	14	-7	13	0	0	0	0	-100	-28	96	0	-100
1	-28	196	1367437036	3	11	-8	12	0	0	0	0	-100	-28	96	0	-100
1	-28	196	1367439032	2	11	-9	13	0	0	0	0	-100	-28	96	0	-100
1	-28	196	1367441028	3	13	-7	12	0	0	0	0	-100	-28	96	0	-100
1	-28	196	1367443024	1	11	-8	12	0	0	0	0	-100	-28	96	0	-100
1	-28	196	1367445020	3	11	-7	10	0	0	0	0	-100	-28	96	0	-100
1	-28	196	1367447016	2	12	-9	14	0	0	0	0	-100	-28	96	0	-100
1	-28	196	1367449016	3	12	-9	12	0	0	0	0	-100	-28	96	0	-100
1	-28	196	1367451012	2	13	-7	10	0	0	0	0	-100	-28	96	0	-100
1	-28	196	1367453016	4	11	-9	14	0	0	0	0	-100	-28	96	0	-100
1	-28	196	1367455012	2	12	-7	10	0	0	0	0	-100	-28	96	0	-100
1	-28	196	1367457008	4	13	-9	14	0	0	0	0	-100	-28	96	0	-100
1	-28	196	1367459012	4	12	-8	11	0	0	0	0	-100	-28	96	0	-100
1	-28	196	1367461016	4	13	-8	14	0	0	0	0	-100	-28	96	0	-100
1	-28	196	1367463012	3	12	-8	11	0	0	0	0	-100	-28	96	0	-100
1	-28	196	1367465008	4	12	-7	13	0	0	0	0	-100	-28	96	0	-100
1	-28	196	1367467000	4	12	-8	11	0	0	0	0	-100	-28	96	0	-100
1	-28	196	1367468996	4	14	-9	14	0	0	0	0	-100	-28	96	0	-100
1	-28	196	1367470992	3	11	-6	11	0	0	0	0	-100	-28	96	0	-100
1	-28	196	1367472988	4	11	-7	12	0	0	0	0	-100	-28	96	0	-100
1	-28	196	1367474984	4	14	-7	12	0	0	0	0	-100	-28	96	0	-100
1	-28	196	1367476980	4	10	-7	12	0	0	0	0	-100	-28	96	0	-100
1	-28	196	1367478976	3	11	-5	10	0	0	0	0	-100	-28	96	0	-100
1	-28	196	1367480972	4	10	-6	13	0	0	0	0	-100	-28	96	0	-100
1	-28	196	1367482968	4	13	-7	10	0	0	0	0	-100	-28	96	0	-100
1	-28	196	1367484964	4	10	-5	11	0	0	0	0	-100	-28	96	0	-100
1	-28	196	1367486960	2	10	-5	10	0	0	0	0	-100	-28	96	0	-100
1	-28	196	1367488960	3	10	-5	10	0	0	0	0	-100	-28	96	0	-100
1	-28	196	1367490964	2	9	-3	9	0	0	0	0	-100	-28	96	0	-100
1	-28	196	1367492960	3	7	-4	10	0	0	0	0	-100	-28	96	0	-100
1	-28	196	1367494960	2	9	-4	8	0	0	0	0	-100	-28	96	0	-100
1	-28	196	1367496968	3	9	-4	9	0	0	0	0	-100	-28	96	0	-100
1	-28	196	1367498940	2	6	-2	8	0	0	0	0	-100	-28	96	0	-100
1	-28	196	1367500968	1	7	-3	7	0	0	0	0	-100	-28	96	0	-100
1	-28	196	1367502968	3	7	-2	6	0	0	0	0	-100	-28	96	0	-100
1	-28	196	1367504964	1	6	-3	8	0	0	0	0	-100	-28	96	0	-100
1	-28	196	1367506960	3	6	-2	7	0	0	0	0	-100	-28	96	0	-100
1	-28	196	1367508936	1	6	-1	5	0	0	0	0	-100	-28	96	0	-100
1	-28	196	1367510968	1	5	-3	7	0	0	0	0	-100	-28	96	0	-100
1	-28	196	1367512940	1	5	-1	5	0	0	0	0	-100	-28	96	0	-100
1	-28	196	1367514972	0	5	-1	6	0	0	0	0	-100	-28	96	0	-100
1	-28	196	1367516940	2	5	-2	4	0	0	0	0	-100	-28	96	0	-100
1	-28	196	1367518940	1	4	-1	5	0	0	0	0	-100	-28	96	0	-100
1	-28	196	1367520972	0	5	-1	5	0	0	0	0	-100	-28	96	0	-100
1	-28	196	1367522972	1	5	0	5	0	0	0	0	-100	-28	96	0	-100
1	-28	196	1367524976	0	4	-1	3	0	0	0	0	-100	-28	96	0	-100
1	-28	196	1367526972	0	4	-2	5	0	0	1	0	-100	-28	96	0	-100
2	-28	196	1367528940	0	5	0	4	0	0	1	-28	96	-28	96	0	-100
2	-28	196	1367530968	0	5	-1	5	0	0	1	-28	96	-28	96	0	-100
2	-28	196	1367532968	0	3	-1	5	0	0	1	-28	96	-28	96	0	-100
2	82	-180	1367534964	0	5	-1	4	0	0	1	-28	96	54	-84	-28	96
2	82	-180	1367536944	0	4	0	4	0	0	1	-28	96	54	-84	-28	96
2	82	-180	1367538968	0	4	-2	5	0	0	1	-28	96	54	-84	-28	96
2	82	-180	1367540964	-2	4	-1	5	0	0	1	-28	96	54	-84	-28	96
2	82	-180	1367542972	-1	5	0	3	0	0	1	-28	96	54	-84	-28	96
2	82	-180	1367544972	0	3	-1	4	0	0	1	-28	96	54	-84	-28	96
2	82	-180	1367546972	-1	3	0	4	0	0	1	-28	96	54	-84	-28	96
2	82	-180	1367548968	-1	4	-1	4	0	0	1	-28	96	54	-84	-28	96
2	82	-180	1367550968	-2	3	-2	2	0	0	1	-28	96	54	-84	-28	96
2	82	-180	1367552976	-1	3	0	4	0	0	1	-28	96	54	-84	-28	96
2	82	-180	1367554972	0	2	-1	2	0	0	1	-28	96	54	-84	-28	96
2	82	-180	1367556972	-1	3	0	3	0	0	1	-28	96	54	-84	-28	96
2	82	-180	1367558972	-1	1	-1	1	0	0	1	-28	96	54	-84	-28	96
2	82	-180	1367560964	-2	1	0	3	0	0	1	-28	96	54	-84	-28	96
2	82	-180	1367562936	0	2	0	1	0	0	1	-28	96	54	-84	-28	96
2	82	-180	1367564960	-1	1	-1	1	0	0	1	-28	96	54	-84	-28	96
2	82	-180	1367566964	-1	0	0	1	0	0	1	-28	96	54	-84	-28	96
2	82	-180	1367568936	0	1	0	2	0	0	1	-28	96	54	-84	-28	96
2	82	-180	1367570936	0	0	-2	0	0	0	1	-28	96	54	-84	-28	96
2	82	-180	1367572956	-1	0	0	1	0	0	1	-28	96	54	-84	-28	96
2	82	-180	1367576944	0	1	0	0	0	0	1	-28	96	54	-84	-28	96
2	82	-180	1367578956	-2	0	0	0	0	0	1	-28	96	54	-84	-28	96
2	82	-180	1367584968	-1	0	0	0	0	0	1	-28	96	54	-84	-28	96
2	82	-180	1367592952	-1	0	0	0	0	0	1	-28	96	54	-84	-28	96
2	82	-180	1367602972	-1	0	0	0	0	0	1	-28	96	54	-84	-28	96
2	82	-180	1367606972	-2	0	0	0	0	0	0	-28	96	54	-84	-28	96
2	82	-180	1367608976	0	0	0	-1	0	0	0	-28	96	54	-84	-28	96
2	82	-180	1367611008	-1	-2	0	-2	0	0	0	-28	96	54	-84	-28	96
2	82	-180	1367612980	-1	-3	1	-3	0	0	0	-28	96	54	-84	-28	96
2	82	-180	1367615004	-3	-5	1	-3	0	0	0	-28	96	54	-84	-28	96
2	82	-180	1367617004	-2	-5	4	-7	0	0	0	-28	96	54	-84	-28	96
2	82	-180	1367619004	-4	-7	2	-6	0	0	0	-28	96	54	-84	-28	96
2	82	-180	1367621004	-4	-8	5	-7	0	0	0	-28	96	54	-84	-28	96
2	82	-180	1367623000	-3	-11	5	-9	0	0	0	-28	96	54	-84	-28	96
2	82	-180	1367625004	-5	-13	8	-13	0	0	0	-28	96	54	-84	-28	96
2	82	-180	1367627004	-4	-13	7	-11	0	0	0	-28	96	54	-84	-28	96
2	82	-180	1367629000	-6	-18	10	-16	0	0	0	-28	96	54	-84	-28	96
2	82	-180	1367631000	-7	-17	11	-15	0	0	0	-28	96	54	-84	-28	96
2	82	-180	1367633000	-5	-19	14	-20	0	0	0	-28	96	54	-84	-28	96
2	82	-180	1367635000	-7	-25	14	-20	0	0	0	-28	96	54	-84	-28	96
2	82	-180	1367637004	-6	-24	19	-24	0	0	0	-28	96	54	-84	-28	96
2	82	-180	1367639000	-7	-26	17	-24	0	0	0	-28	96	54	-84	-28	96
2	82	-180	1367641004	-7	-29	23	-28	0	0	0	-28	96	54	-84	-28	96
2	82	-180	1367643004	-8	-34	25	-33	0	0	0	-28	96	54	-84	-28	96
2	82	-180	1367645004	-7	-31	23	-29	0	0	0	-28	96	54	-84	-28	96
2	82	-180	1367647008	-8	-34	29	-35	0	0	0	-28	96	54	-84	-28	96
2	82	-180	1367649008	-7	-38	26	-32	0	0	0	-28	96	54	-84	-28	96
2	82	-180	1367651008	-6	-37	33	-39	0	0	0	-28	96	54	-84	-28	96
2	82	-180	1367653008	-8	-37	30	-35	0	0	0	-28	96	54	-84	-28	96
2	82	-180	1367655008	-7	-43	36	-41	0	0	0	-28	96	54	-84	-28	96
2	82	-180	1367657008	-7	-40	33	-38	0	0	0	-28	96	54	-84	-28	96
2	82	-180	1367659008	-6	-40	38	-42	0	0	0	-28	96	54	-84	-28	96
2	82	-180	1367661012	-6	-41	35	-39	0	0	0	-28	96	54	-84	-28	96
2	82	-180	1367663008	-6	-47	42	-45	0	0	0	-28	96	54	-84	-28	96
2	82	-180	1367665008	-5	-43	36	-40	0	0	0	-28	96	54	-84	-28	96
2	82	-180	1367667020	-5	-42	42	-46	0	0	0	-28	96	54	-84	-28	96
2	82	-180	1367669020	-5	-49	38	-41	0	0	0	-28	96	54	-84	-28	96
2	82	-180	1367671016	-4	-43	44	-47	0	0	0	-28	96	54	-84	-28	96
2	82	-180	1367673016	-4	-42	38	-41	0	0	0	-28	96	54	-84	-28	96
2	82	-180	1367675020	-2	-48	44	-46	0	0	0	-28	96	54	-84	-28	96
2	82	-180	1367677016	-3	-42	39	-41	0	0	0	-28	96	54	-84	-28	96
2	82	-180	1367679016	-2	-43	44	-47	0	0	0	-28	96	54	-84	-28	96
2	82	-180	1367681012	-3	-41	43	-46	0	0	0	-28	96	54	-84	-28	96
2	82	-180	1367683008	-2	-45	38	-40	0	0	0	-28	96	54	-84	-28	96
2	82	-180	1367685008	-2	-41	42	-45	0	0	0	-28	96	54	-84	-28	96
2	82	-180	1367687008	-1	-39	37	-39	0	0	0	-28	96	54	-84	-28	96
2	82	-180	1367689008	-1	-44	41	-45	0	0	0	-28	96	54	-84	-28	96
2	82	-180	1367691004	-1	-38	35	-37	0	0	0	-28	96	54	-84	-28	96
2	82	-180	1367693004	-2	-38	40	-43	0	0	0	-28	96	54	-84	-28	96
2	82	-180	1367695004	-2	-41	34	-36	0	0	0	-28	96	54	-84	-28	96
2	82	-180	1367697004	-1	-36	36	-41	0	0	0	-28	96	54	-84	-28	96
2	82	-180	1367699004	-2	-35	31	-35	0	0	0	-28	96	54	-84	-28	96
2	82	-180	1367701004	-2	-35	35	-39	0	0	0	-28	96	54	-84	-28	96
2	82	-180	1367703004	-1	-38	30	-34	0	0	0	-28	96	54	-84	-28	96
2	82	-180	1367705004	-3	-32	33	-36	0	0	0	-28	96	54	-84	-28	96
2	82	-180	1367707004	-1	-32	27	-31	0	0	0	-28	96	54	-84	-28	96
2	82	-180	1367709016	-3	-35	30	-35	0	0	0	-28	96	54	-84	-28	96
2	82	-180	1367711016	-1	-28	25	-30	0	0	0	-28	96	54	-84	-28	96
2	82	-180	1367713016	-2	-29	28	-33	0	0	0	-28	96	54	-84	-28	96
2	82	-180	1367715020	-3	-31	23	-27	0	0	0	-28	96	54	-84	-28	96
2	82	-180	1367717020	-2	-28	25	-30	0	0	0	-28	96	54	-84	-28	96
2	82	-180	1367719020	-3	-25	23	-29	0	0	0	-28	96	54	-84	-28	96
2	82	-180	1367721020	-2	-25	20	-25	0	0	0	-28	96	54	-84	-28	96
2	82	-180	1367723016	-3	-26	21	-26	0	0	0	-28	96	54	-84	-28	96
2	82	-180	1367725012	-2	-23	16	-23	0	0	0	-28	96	54	-84	-28	96
2	82	-180	1367727016	-3	-22	19	-25	0	0	0	-28	96	54	-84	-28	96
2	82	-180	1367729016	-4	-24	15	-21	0	0	0	-28	96	54	-84	-28	96
2	82	-180	1367731016	-2	-20	16	-22	0	0	0	-28	96	54	-84	-28	96
2	82	-180	1367733020	-4	-20	14	-20	0	0	0	-28	96	54	-84	-28	96
2	82	-180	1367735020	-4	-21	14	-23	0	0	0	-28	96	54	-84	-28	96
2	82	-180	1367737024	-3	-19	11	-17	0	0	0	-28	96	54	-84	-28	96
2	82	-180	1367739020	-4	-19	13	-22	0	0	0	-28	96	54	-84	-28	96
2	82	-180	1367741024	-4	-17	10	-17	0	0	0	-28	96	54	-84	-28	96
2	82	-180	1367743024	-5	-20	11	-20	0	0	0	-28	96	54	-84	-28	96
2	82	-180	1367745028	-5	-16	10	-16	0	0	0	-28	96	54	-84	-28	96
2	82	-180	1367747028	-4	-18	10	-19	0	0	0	-28	96	54	-84	-28	96
2	82	-180	1367749028	-5	-17	10	-18	0	0	0	-28	96	54	-84	-28	96
2	82	-180	1367751032	-5	-17	9	-16	0	0	0	-28	96	54	-84	-28	96
2	82	-180	1367753040	-5	-16	10	-17	0	0	0	-28	96	54	-84	-28	96
2	82	-180	1367755044	-6	-17	8	-15	0	0	0	-28	96	54	-84	-28	96
2	82	-180	1367757040	-4	-15	10	-18	0	0	0	-28	96	54	-84	-28	96
2	82	-180	1367759040	-5	-15	9	-15	0	0	0	-28	96	54	-84	-28	96
2	82	-180	1367761036	-6	-18	10	-17	0	0	0	-28	96	54	-84	-28	96
2	82	-180	1367763040	-6	-15	9	-14	0	0	0	-28	96	54	-84	-28	96
2	82	-180	1367765036	-5	-15	11	-18	0	0	0	-28	96	54	-84	-28	96
2	82	-180	1367767032	-5	-16	10	-15	0	0	0	-28	96	54	-84	-28	96
2	82	-180	1367769032	-5	-16	13	-16	0	0	0	-28	96	54	-84	-28	96
2	82	-180	1367771036	-5	-15	10	-15	0	0	0	-28	96	54	-84	-28	96
2	82	-180	1367773040	-5	-15	12	-16	0	0	0	-28	96	54	-84	-28	96
2	82	-180	1367775040	-4	-17	11	-14	0	0	0	-28	96	54	-84	-28	96
2	82	-180	1367777040	-5	-13	14	-16	0	0	0	-28	96	54	-84	-28	96
2	82	-180	1367779040	-4	-15	13	-14	0	0	0	-28	96	54	-84	-28	96
2	82	-180	1367781044	-3	-15	13	-15	0	0	0	-28	96	54	-84	-28	96
2	82	-180	1367783044	-3	-15	15	-15	0	0	0	-28	96	54	-84	-28	96
2	82	-180	1367785044	-2	-14	13	-14	0	0	0	-28	96	54	-84	-28	96
2	82	-180	1367787048	-3	-13	15	-13	0	0	0	-28	96	54	-84	-28	96
2	82	-180	1367789048	-2	-15	12	-14	0	0	0	-28	96	54	-84	-28	96
2	82	-180	1367791048	-2	-13	15	-14	0	0	0	-28	96	54	-84	-28	96
2	82	-180	1367793052	-2	-13	14	-12	0	0	0	-28	96	54	-84	-28	96
2	82	-180	1367795052	-1	-14	15	-13	0	0	0	-28	96	54	-84	-28	96
2	82	-180	1367797056	0	-11	13	-12	0	0	0	-28	96	54	-84	-28	96
2	82	-180	1367799052	-2	-11	15	-13	0	0	0	-28	96	54	-84	-28	96
2	82	-180	1367801052	0	-13	12	-10	0	0	0	-28	96	54	-84	-28	96
2	82	-180	1367803048	0	-11	15	-12	0	0	0	-28	96	54	-84	-28	96
2	82	-180	1367805044	0	-10	13	-10	0	0	0	-28	96	54	-84	-28	96
2	82	-180	1367807044	0	-10	12	-12	0	0	0	-28	96	54	-84	-28	96
2	82	-180	1367809040	0	-11	11	-8	0	0	0	-28	96	54	-84	-28	96
2	82	-180	1367811036	0	-9	13	-10	0	0	0	-28	96	54	-84	-28	96
2	82	-180	1367813036	1	-9	11	-9	0	0	0	-28	96	54	-84	-28	96
2	82	-180	1367815032	0	-8	10	-9	0	0	0	-28	96	54	-84	-28	96
2	82	-180	1367817028	1	-8	10	-9	0	0	0	-28	96	54	-84	-28	96
2	82	-180	1367819024	0	-7	9	-7	0	0	0	-28	96	54	-84	-28	96
2	82	-180	1367821028	1	-8	7	-6	0	0	0	-28	96	54	-84	-28	96
2	82	-180	1367823032	0	-5	9	-8	0	0	0	-28	96	54	-84	-28	96
2	82	-180	1367825036	2	-6	8	-6	0	0	0	-28	96	54	-84	-28	96
2	82	-180	1367827040	0	-4	5	-4	0	0	0	-28	96	54	-84	-28	96
2	82	-180	1367829044	1	-5	5	-5	0	0	0	-28	96	54	-84	-28	96
2	82	-180	1367831048	0	-2	5	-4	0	0	0	-28	96	54	-84	-28	96
2	82	-180	1367833052	1	-4	3	-3	0	0	0	-28	96	54	-84	-28	96
2	82	-180	1367835048	0	-3	4	-3	0	0	0	-28	96	54	-84	-28	96
2	82	-180	1367837052	0	-1	3	-2	0	0	0	-28	96	54	-84	-28	96
2	82	-180	1367839060	0	-1	2	-3	0	0	0	-28	96	54	-84	-28	96
2	82	-180	1367841052	1	-1	1	-1	0	0	0	-28	96	54	-84	-28	96
2	82	-180	1367843060	0	-2	2	-1	0	0	1	-28	96	54	-84	-28	96
3	82	-180	1367845036	0	0	1	0	0	0	1	54	-84	54	-84	-28	96
3	82	-180	1367847036	0	-1	0	-2	0	0	1	54	-84	54	-84	-28	96
3	-130	149	1367851032	0	0	1	0	0	0	1	54	-84	-76	65	54	-84
3	-130	149	1367859024	0	0	0	-1	0	0	1	54	-84	-76	65	54	-84
3	-130	149	1367897024	0	2	0	0	0	0	1	54	-84	-76	65	54	-84
3	-130	149	1367899024	0	0	0	1	0	0	1	54	-84	-76	65	54	-84
3	-130	149	1367901024	0	1	0	1	0	0	1	54	-84	-76	65	54	-84
3	-130	149	1367903020	0	1	0	1	0	0	1	54	-84	-76	65	54	-84
3	-130	149	1367905048	0	3	-1	1	0	0	1	54	-84	-76	65	54	-84
3	-130	149	1367907048	0	2	-2	4	0	0	1	54	-84	-76	65	54	-84
3	-130	149	1367909048	0	4	-2	4	0	0	1	54	-84	-76	65	54	-84
3	-130	149	1367911044	0	5	-3	4	0	0	1	54	-84	-76	65	54	-84
3	-130	149	1367913044	-1	5	-3	6	0	0	0	54	-84	-76	65	54	-84
3	-130	149	1367915048	0	7	-4	5	0	0	0	54	-84	-76	65	54	-84
3	-130	149	1367917044	-2	9	-5	9	0	0	0	54	-84	-76	65	54	-84
3	-130	149	1367919048	-1	9	-6	7	0	0	0	54	-84	-76	65	54	-84
3	-130	149	1367921048	-1	12	-8	11	0	0	0	54	-84	-76	65	54	-84
3	-130	149	1367923052	-1	12	-7	12	0	0	0	54	-84	-76	65	54	-84
3	-130	149	1367925056	-2	13	-12	13	0	0	0	54	-84	-76	65	54	-84
3	-130	149	1367927048	-1	15	-10	14	0	0	0	54	-84	-76	65	54	-84
3	-130	149	1367929044	-2	19	-15	18	0	0	0	54	-84	-76	65	54	-84
3	-130	149	1367931040	-3	19	-13	16	0	0	0	54	-84	-76	65	54	-84
3	-130	149	1367933036	-2	20	-18	21	0	0	0	54	-84	-76	65	54	-84
3	-130	149	1367935028	-3	22	-21	23	0	0	0	54	-84	-76	65	54	-84
3	-130	149	1367937036	-2	23	-19	21	0	0	0	54	-84	-76	65	54	-84
3	-130	149	1367939028	-4	24	-25	25	0	0	0	54	-84	-76	65	54	-84
3	-130	149	1367941024	-4	25	-24	24	0	0	0	54	-84	-76	65	54	-84
3	-130	149	1367943020	-4	28	-30	28	0	0	0	54	-84	-76	65	54	-84
3	-130	149	1367945016	-3	28	-28	27	0	0	0	54	-84	-76	65	54	-84
3	-130	149	1367947012	-5	29	-34	31	0	0	0	54	-84	-76	65	54	-84
3	-130	149	1367949008	-7	33	-33	29	0	0	0	54	-84	-76	65	54	-84
3	-130	149	1367951000	-5	32	-40	35	0	0	0	54	-84	-76	65	54	-84
3	-130	149	1367953008	-6	32	-36	30	0	0	0	54	-84	-76	65	54	-84
3	-130	149	1367955004	-6	33	-44	36	0	0	0	54	-84	-76	65	54	-84
3	-130	149	1367957000	-8	37	-41	32	0	0	0	54	-84	-76	65	54	-84
3	-130	149	1367958996	-7	35	-49	39	0	0	0	54	-84	-76	65	54	-84
3	-130	149	1367960992	-9	36	-45	35	0	0	0	54	-84	-76	65	54	-84
3	-130	149	1367962988	-10	40	-52	40	0	0	0	54	-84	-76	65	54	-84
3	-130	149	1367964996	-10	38	-48	36	0	0	0	54	-84	-76	65	54	-84
3	-130	149	1367966996	-11	39	-56	43	0	0	0	54	-84	-76	65	54	-84
3	-130	149	1367968996	-13	43	-51	37	0	0	0	54	-84	-76	65	54	-84
3	-130	149	1367970996	-11	39	-59	44	0	0	0	54	-84	-76	65	54	-84
3	-130	149	1367972996	-12	41	-52	39	0	0	0	54	-84	-76	65	54	-84
3	-130	149	1367974996	-14	40	-62	44	0	0	0	54	-84	-76	65	54	-84
3	-130	149	1367976996	-15	47	-53	40	0	0	0	54	-84	-76	65	54	-84
3	-130	149	1367978988	-14	41	-63	46	0	0	0	54	-84	-76	65	54	-84
3	-130	149	1367980988	-14	42	-56	40	0	0	0	54	-84	-76	65	54	-84
3	-130	149	1367982988	-16	48	-64	46	0	0	0	54	-84	-76	65	54	-84
3	-130	149	1367984988	-15	42	-64	46	0	0	0	54	-84	-76	65	54	-84
3	-130	149	1367986988	-14	43	-56	40	0	0	0	54	-84	-76	65	54	-84
3	-130	149	1367988988	-16	47	-62	48	0	0	0	54	-84	-76	65	54	-84
3	-130	149	1367990984	-15	43	-57	40	0	0	0	54	-84	-76	65	54	-84
3	-130	149	1367992984	-15	41	-62	46	0	0	0	54	-84	-76	65	54	-84
3	-130	149	1367994984	-14	41	-54	39	0	0	0	54	-84	-76	65	54	-84
3	-130	149	1367996984	-16	47	-61	45	0	0	0	54	-84	-76	65	54	-84
3	-130	149	1367998984	-14	38	-53	37	0	0	0	54	-84	-76	65	54	-84
3	-130	149	1368000984	-15	39	-60	44	0	0	0	54	-84	-76	65	54	-84
3	-130	149	1368002980	-16	43	-51	36	0	0	0	54	-84	-76	65	54	-84
3	-130	149	1368004980	-14	36	-56	40	0	0	0	54	-84	-76	65	54	-84
3	-130	149	1368006976	-15	35	-49	35	0	0	0	54	-84	-76	65	54	-84
3	-130	149	1368008972	-15	34	-54	38	0	0	0	54	-84	-76	65	54	-84
3	-130	149	1368010972	-16	36	-46	32	0	0	0	54	-84	-76	65	54	-84
3	-130	149	1368012972	-16	31	-50	34	0	0	0	54	-84	-76	65	54	-84
3	-130	149	1368014980	-16	29	-42	29	0	0	0	54	-84	-76	65	54	-84
3	-130	149	1368016980	-18	30	-48	31	0	0	0	54	-84	-76	65	54	-84
3	-130	149	1368018980	-16	26	-39	26	0	0	0	54	-84	-76	65	54	-84
3	-130	149	1368020972	-16	23	-42	28	0	0	0	54	-84	-76	65	54	-84
3	-130	149	1368022972	-19	25	-36	22	0	0	0	54	-84	-76	65	54	-84
3	-130	149	1368024972	-16	20	-39	24	0	0	0	54	-84	-76	65	54	-84
3	-130	149	1368026972	-17	18	-36	21	0	0	0	54	-84	-76	65	54	-84
3	-130	149	1368028968	-16	18	-30	18	0	0	0	54	-84	-76	65	54	-84
3	-130	149	1368030968	-19	16	-32	19	0	0	0	54	-84	-76	65	54	-84
3	-130	149	1368032968	-15	15	-26	15	0	0	0	54	-84	-76	65	54	-84
3	-130	149	1368034968	-15	13	-27	15	0	0	0	54	-84	-76	65	54	-84
3	-130	149	1368036968	-16	12	-23	12	0	0	0	54	-84	-76	65	54	-84
3	-130	149	1368038968	-14	10	-22	13	0	0	0	54	-84	-76	65	54	-84
3	-130	149	1368040968	-13	9	-19	8	0	0	0	54	-84	-76	65	54	-84
3	-130	149	1368042968	-14	9	-20	10	0	0	0	54	-84	-76	65	54	-84
3	-130	149	1368044976	-10	6	-15	8	0	0	0	54	-84	-76	65	54	-84
3	-130	149	1368046976	-11	6	-15	7	0	0	0	54	-84	-76	65	54	-84
3	-130	149	1368048980	-10	5	-13	7	0	0	0	54	-84	-76	65	54	-84
3	-130	149	1368050980	-10	5	-12	6	0	0	0	54	-84	-76	65	54	-84
3	-130	149	1368052976	-9	5	-9	4	0	0	0	54	-84	-76	65	54	-84
3	-130	149	1368054976	-8	4	-10	5	0	0	0	54	-84	-76	65	54	-84
3	-130	149	1368056988	-8	2	-7	3	0	0	0	54	-84	-76	65	54	-84
3	-130	149	1368058992	-7	4	-8	4	0	0	0	54	-84	-76	65	54	-84
3	-130	149	1368060984	-6	1	-5	3	0	0	0	54	-84	-76	65	54	-84
3	-130	149	1368062988	-6	3	-5	2	0	0	0	54	-84	-76	65	54	-84
3	-130	149	1368064988	-6	1	-4	1	0	0	0	54	-84	-76	65	54	-84
3	-130	149	1368066988	-5	3	-3	3	0	0	0	54	-84	-76	65	54	-84
3	-130	149	1368068988	-5	1	-4	1	0	0	0	54	-84	-76	65	54	-84
3	-130	149	1368070992	-4	1	-3	1	0	0	0	54	-84	-76	65	54	-84
3	-130	149	1368072996	-5	1	-1	2	0	0	0	54	-84	-76	65	54	-84
3	-130	149	1368074996	-4	0	-2	1	0	0	0	54	-84	-76	65	54	-84
3	-130	149	1368077000	-4	2	-2	1	0	0	0	54	-84	-76	65	54	-84
3	-130	149	1368079004	-3	1	-1	1	0	0	0	54	-84	-76	65	54	-84
3	-130	149	1368081008	-4	0	-1	2	0	0	0	54	-84	-76	65	54	-84
3	-130	149	1368082980	-3	0	-1	0	0	0	0	54	-84	-76	65	54	-84
3	-130	149	1368085008	-2	1	-2	1	0	0	0	54	-84	-76	65	54	-84
3	-130	149	1368086980	-3	0	-1	0	0	0	0	54	-84	-76	65	54	-84
3	-130	149	1368089008	-2	0	0	1	0	0	1	54	-84	-76	65	54	-84
4	-130	149	1368091004	-3	1	-1	0	0	0	1	-76	65	-76	65	54	-84
4	-130	149	1368092980	-1	0	0	0	0	0	1	-76	65	-76	65	54	-84
4	-130	149	1368095012	-1	2	0	1	0	0	1	-76	65	-76	65	54	-84
4	-130	149	1368096980	-1	0	-1	0	0	0	1	-76	65	-76	65	54	-84
4	-130	149	1368098976	-2	0	0	0	0	0	1	-76	65	-76	65	54	-84
4	167	-107	1368101008	-1	1	0	2	0	0	1	-76	65	91	-42	-76	65
4	167	-107	1368102980	-1	0	-2	0	0	0	1	-76	65	91	-42	-76	65
4	167	-107	1368106964	-1	0	0	0	0	0	1	-76	65	91	-42	-76	65
4	167	-107	1368108968	0	1	0	0	0	0	1	-76	65	91	-42	-76	65
4	167	-107	1368112968	0	0	0	1	0	0	1	-76	65	91	-42	-76	65
4	167	-107	1368117000	-2	1	0	0	0	0	1	-76	65	91	-42	-76	65
4	167	-107	1368166992	0	-1	0	0	0	0	1	-76	65	91	-42	-76	65
4	167	-107	1368168996	1	0	0	0	0	0	1	-76	65	91	-42	-76	65
4	167	-107	1368170964	0	0	0	0	0	0	0	-76	65	91	-42	-76	65
4	167	-107	1368172996	1	0	0	0	0	0	0	-76	65	91	-42	-76	65
4	167	-107	1368175020	1	-1	0	-1	0	0	0	-76	65	91	-42	-76	65
4	167	-107	1368176984	2	0	1	0	0	0	0	-76	65	91	-42	-76	65
4	167	-107	1368179020	1	0	0	-1	0	0	0	-76	65	91	-42	-76	65
4	167	-107	1368181020	2	-2	1	0	0	0	0	-76	65	91	-42	-76	65
4	167	-107	1368183016	3	-1	1	-1	0	0	0	-76	65	91	-42	-76	65
4	167	-107	1368185020	4	-2	1	-3	0	0	0	-76	65	91	-42	-76	65
4	167	-107	1368187024	2	-2	4	-2	0	0	0	-76	65	91	-42	-76	65
4	167	-107	1368189028	5	-3	4	-3	0	0	0	-76	65	91	-42	-76	65
4	167	-107	1368191028	4	-4	5	-3	0	0	0	-76	65	91	-42	-76	65
4	167	-107	1368193032	5	-5	5	-5	0	0	0	-76	65	91	-42	-76	65
4	167	-107	1368195028	5	-8	9	-7	0	0	0	-76	65	91	-42	-76	65
4	167	-107	1368197032	6	-6	8	-6	0	0	0	-76	65	91	-42	-76	65
4	167	-107	1368199036	6	-7	10	-7	0	0	0	-76	65	91	-42	-76	65
4	167	-107	1368201032	8	-10	14	-9	0	0	0	-76	65	91	-42	-76	65
4	167	-107	1368203032	7	-10	14	-9	0	0	0	-76	65	91	-42	-76	65
4	167	-107	1368205032	8	-10	17	-11	0	0	0	-76	65	91	-42	-76	65
4	167	-107	1368207028	7	-13	18	-11	0	0	0	-76	65	91	-42	-76	65
4	167	-107	1368209024	10	-15	22	-13	0	0	0	-76	65	91	-42	-76	65
4	167	-107	1368211024	9	-14	22	-12	0	0	0	-76	65	91	-42	-76	65
4	167	-107	1368213016	10	-15	26	-15	0	0	0	-76	65	91	-42	-76	65
4	167	-107	1368215016	11	-17	26	-15	0	0	0	-76	65	91	-42	-76	65
4	167	-107	1368217016	12	-15	30	-17	0	0	0	-76	65	91	-42	-76	65
4	167	-107	1368219016	11	-18	29	-15	0	0	0	-76	65	91	-42	-76	65
4	167	-107	1368221024	11	-16	35	-18	0	0	0	-76	65	91	-42	-76	65
4	167	-107	1368223032	14	-20	31	-15	0	0	0	-76	65	91	-42	-76	65
4	167	-107	1368225028	14	-17	38	-19	0	0	0	-76	65	91	-42	-76	65
4	167	-107	1368227024	12	-19	33	-18	0	0	0	-76	65	91	-42	-76	65
4	167	-107	1368229024	16	-20	42	-18	0	0	0	-76	65	91	-42	-76	65
4	167	-107	1368231024	14	-19	36	-18	0	0	0	-76	65	91	-42	-76	65
4	167	-107	1368233024	14	-20	41	-21	0	0	0	-76	65	91	-42	-76	65
4	167	-107	1368235024	16	-22	39	-18	0	0	0	-76	65	91	-42	-76	65
4	167	-107	1368237016	15	-22	44	-22	0	0	0	-76	65	91	-42	-76	65
4	167	-107	1368239012	14	-20	45	-21	0	0	0	-76	65	91	-42	-76	65
4	167	-107	1368241012	15	-22	40	-20	0	0	0	-76	65	91	-42	-76	65
4	167	-107	1368243012	16	-25	45	-23	0	0	0	-76	65	91	-42	-76	65
4	167	-107	1368245012	15	-23	41	-21	0	0	0	-76	65	91	-42	-76	65
4	167	-107	1368247012	14	-23	46	-24	0	0	0	-76	65	91	-42	-76	65
4	167	-107	1368249012	16	-27	41	-22	0	0	0	-76	65	91	-42	-76	65
4	167	-107	1368251012	14	-25	47	-25	0	0	0	-76	65	91	-42	-76	65
4	167	-107	1368253008	14	-25	41	-24	0	0	0	-76	65	91	-42	-76	65
4	167	-107	1368255008	15	-28	46	-26	0	0	0	-76	65	91	-42	-76	65
4	167	-107	1368257008	12	-27	41	-25	0	0	0	-76	65	91	-42	-76	65
4	167	-107	1368259004	13	-26	47	-28	0	0	0	-76	65	91	-42	-76	65
4	167	-107	1368261004	12	-27	40	-25	0	0	0	-76	65	91	-42	-76	65
4	167	-107	1368263012	13	-30	46	-30	0	0	0	-76	65	91	-42	-76	65
4	167	-107	1368265012	11	-28	39	-25	0	0	0	-76	65	91	-42	-76	65
4	167	-107	1368267012	11	-27	43	-30	0	0	0	-76	65	91	-42	-76	65
4	167	-107	1368269012	11	-32	39	-26	0	0	0	-76	65	91	-42	-76	65
4	167	-107	1368271008	10	-27	41	-30	0	0	0	-76	65	91	-42	-76	65
4	167	-107	1368273008	10	-28	37	-26	0	0	0	-76	65	91	-42	-76	65
4	167	-107	1368275004	9	-27	40	-30	0	0	0	-76	65	91	-42	-76	65
4	167	-107	1368276996	10	-31	35	-27	0	0	0	-76	65	91	-42	-76	65
4	167	-107	1368278992	9	-28	37	-30	0	0	0	-76	65	91	-42	-76	65
4	167	-107	1368280984	9	-27	33	-26	0	0	0	-76	65	91	-42	-76	65
4	167	-107	1368282992	10	-30	36	-30	0	0	0	-76	65	91	-42	-76	65
4	167	-107	1368284992	8	-27	35	-29	0	0	0	-76	65	91	-42	-76	65
4	167	-107	1368286984	9	-25	30	-25	0	0	0	-76	65	91	-42	-76	65
4	167	-107	1368288992	9	-28	32	-28	0	0	0	-76	65	91	-42	-76	65
4	167	-107	1368290984	9	-25	29	-24	0	0	0	-76	65	91	-42	-76	65
4	167	-107	1368292992	8	-24	31	-28	0	0	0	-76	65	91	-42	-76	65
4	167	-107	1368294984	8	-24	27	-23	0	0	0	-76	65	91	-42	-76	65
4	167	-107	1368296992	10	-26	30	-25	0	0	0	-76	65	91	-42	-76	65
4	167	-107	1368298988	9	-23	26	-23	0	0	0	-76	65	91	-42	-76	65
4	167	-107	1368300996	8	-21	27	-25	0	0	0	-76	65	91	-42	-76	65
4	167	-107	1368302988	10	-24	25	-20	0	0	0	-76	65	91	-42	-76	65
4	167	-107	1368304988	9	-20	28	-24	0	0	0	-76	65	91	-42	-76	65
4	167	-107	1368306992	9	-20	24	-20	0	0	0	-76	65	91	-42	-76	65
4	167	-107	1368308988	9	-18	26	-21	0	0	0	-76	65	91	-42	-76	65
4	167	-107	1368310984	10	-22	22	-19	0	0	0	-76	65	91	-42	-76	65
4	167	-107	1368312984	8	-18	27	-20	0	0	0	-76	65	91	-42	-76	65
4	167	-107	1368314988	10	-17	22	-16	0	0	0	-76	65	91	-42	-76	65
4	167	-107	1368316988	10	-20	25	-20	0	0	0	-76	65	91	-42	-76	65
4	167	-107	1368318988	9	-16	21	-16	0	0	0	-76	65	91	-42	-76	65
4	167	-107	1368320976	9	-16	25	-19	0	0	0	-76	65	91	-42	-76	65
4	167	-107	1368322980	11	-18	22	-15	0	0	0	-76	65	91	-42	-76	65
4	167	-107	1368324976	9	-15	25	-17	0	0	0	-76	65	91	-42	-76	65
4	167	-107	1368326980	10	-15	25	-18	0	0	0	-76	65	91	-42	-76	65
4	167	-107	1368328980	9	-15	22	-14	0	0	0	-76	65	91	-42	-76	65
4	167	-107	1368330980	11	-16	25	-16	0	0	0	-76	65	91	-42	-76	65
4	167	-107	1368332980	10	-14	23	-14	0	0	0	-76	65	91	-42	-76	65
4	167	-107	1368334976	10	-13	26	-15	0	0	0	-76	65	91	-42	-76	65
4	167	-107	1368336976	11	-15	22	-13	0	0	0	-76	65	91	-42	-76	65
4	167	-107	1368338984	10	-13	25	-14	0	0	0	-76	65	91	-42	-76	65
4	167	-107	1368340984	11	-12	24	-13	0	0	0	-76	65	91	-42	-76	65
4	167	-107	1368342980	14	-13	26	-12	0	0	0	-76	65	91	-42	-76	65
4	167	-107	1368344980	13	-11	23	-13	0	0	0	-76	65	91	-42	-76	65
4	167	-107	1368346976	12	-11	26	-11	0	0	0	-76	65	91	-42	-76	65
4	167	-107	1368348988	13	-10	24	-11	0	0	0	-76	65	91	-42	-76	65
4	167	-107	1368350988	16	-12	26	-11	0	0	0	-76	65	91	-42	-76	65
4	167	-107	1368352984	14	-8	24	-9	0	0	0	-76	65	91	-42	-76	65
4	167	-107	1368354984	15	-9	26	-10	0	0	0	-76	65	91	-42	-76	65
4	167	-107	1368356992	16	-9	23	-8	0	0	0	-76	65	91	-42	-76	65
4	167	-107	1368358992	16	-7	26	-8	0	0	0	-76	65	91	-42	-76	65
4	167	-107	1368360992	16	-7	25	-8	0	0	0	-76	65	91	-42	-76	65
4	167	-107	1368362988	19	-7	22	-6	0	0	0	-76	65	91	-42	-76	65
4	167	-107	1368364988	18	-5	25	-6	0	0	0	-76	65	91	-42	-76	65
4	167	-107	1368366988	17	-6	22	-7	0	0	0	-76	65	91	-42	-76	65
4	167	-107	1368368988	20	-5	23	-5	0	0	0	-76	65	91	-42	-76	65
4	167	-107	1368370992	18	-5	22	-5	0	0	0	-76	65	91	-42	-76	65
4	167	-107	1368372992	17	-4	22	-3	0	0	0	-76	65	91	-42	-76	65
4	167	-107	1368374996	19	-4	19	-4	0	0	0	-76	65	91	-42	-76	65
4	167	-107	1368376996	20	-4	22	-4	0	0	0	-76	65	91	-42	-76	65
4	167	-107	1368378996	19	-3	18	-4	0	0	0	-76	65	91	-42	-76	65
4	167	-107	1368381000	18	-3	21	-2	0	0	0	-76	65	91	-42	-76	65
4	167	-107	1368383000	20	-2	16	-3	0	0	0	-76	65	91	-42	-76	65
4	167	-107	1368385000	19	-3	19	-2	0	0	0	-76	65	91	-42	-76	65
4	167	-107	1368387004	18	-1	16	-1	0	0	0	-76	65	91	-42	-76	65
4	167	-107	1368389004	20	-1	18	-3	0	0	0	-76	65	91	-42	-76	65
4	167	-107	1368391004	17	-2	15	-1	0	0	0	-76	65	91	-42	-76	65
4	167	-107	1368393008	16	-1	15	-1	0	0	0	-76	65	91	-42	-76	65
4	167	-107	1368395008	18	-1	15	-2	0	0	0	-76	65	91	-42	-76	65
4	167	-107	1368397012	17	-1	12	0	0	0	0	-76	65	91	-42	-76	65
4	167	-107	1368399004	15	0	14	-1	0	0	0	-76	65	91	-42	-76	65
4	167	-107	1368401012	15	-2	11	-1	0	0	0	-76	65	91	-42	-76	65
4	167	-107	1368402984	17	0	13	0	0	0	0	-76	65	91	-42	-76	65
4	167	-107	1368404972	13	0	10	0	0	0	0	-76	65	91	-42	-76	65
4	167	-107	1368407004	14	0	10	-1	0	0	0	-76	65	91	-42	-76	65
4	167	-107	1368409000	14	-1	9	0	0	0	0	-76	65	91	-42	-76	65
4	167	-107	1368411000	11	0	10	-2	0	0	0	-76	65	91	-42	-76	65
4	167	-107	1368412968	11	0	7	0	0	0	0	-76	65	91	-42	-76	65
4	167	-107	1368414968	10	0	9	0	0	0	0	-76	65	91	-42	-76	65
4	167	-107	1368416968	13	0	6	0	0	0	0	-76	65	91	-42	-76	65
4	167	-107	1368418992	9	0	8	-1	0	0	0	-76	65	91	-42	-76	65
4	167	-107	1368420964	10	0	6	0	0	0	0	-76	65	91	-42	-76	65
4	167	-107	1368422992	10	-1	6	0	0	0	0	-76	65	91	-42	-76	65
4	167	-107	1368424964	8	0	5	0	0	0	0	-76	65	91	-42	-76	65
4	167	-107	1368426960	9	0	5	0	0	0	1	-76	65	91	-42	-76	65
5	167	-107	1368428956	8	0	5	0	0	0	1	91	-42	91	-42	-76	65
5	167	-107	1368430952	8	0	5	0	0	0	1	91	-42	91	-42	-76	65
5	167	-107	1368432960	8	0	4	0	0	0	1	91	-42	91	-42	-76	65
5	167	-107	1368434964	6	0	5	0	0	0	1	91	-42	91	-42	-76	65
5	167	-107	1368436972	8	0	4	0	0	0	1	91	-42	91	-42	-76	65
5	167	-107	1368438964	6	0	3	0	0	0	1	91	-42	91	-42	-76	65
5	-190	56	1368440960	6	0	3	0	0	0	1	91	-42	-99	14	91	-42
5	-190	56	1368442964	6	0	2	0	0	0	1	91	-42	-99	14	91	-42
5	-190	56	1368444960	4	0	4	0	0	0	1	91	-42	-99	14	91	-42
5	-190	56	1368446952	5	0	1	0	0	0	1	91	-42	-99	14	91	-42
5	-190	56	1368448960	4	0	3	0	0	0	1	91	-42	-99	14	91	-42
5	-190	56	1368450956	4	0	2	0	0	0	1	91	-42	-99	14	91	-42
5	-190	56	1368452952	3	0	2	0	0	0	1	91	-42	-99	14	91	-42
5	-190	56	1368454960	3	0	1	0	0	0	1	91	-42	-99	14	91	-42
5	-190	56	1368456956	2	0	1	0	0	0	1	91	-42	-99	14	91	-42
5	-190	56	1368458956	2	0	1	0	0	0	1	91	-42	-99	14	91	-42
5	-190	56	1368460964	1	0	2	0	0	0	1	91	-42	-99	14	91	-42
5	-190	56	1368462960	1	0	0	0	0	0	1	91	-42	-99	14	91	-42
5	-190	56	1368464956	1	0	1	0	0	0	1	91	-42	-99	14	91	-42
5	-190	56	1368466956	2	0	0	0	0	0	1	91	-42	-99	14	91	-42
5	-190	56	1368476968	1	0	0	0	0	0	1	91	-42	-99	14	91	-42
5	-190	56	1368490928	0	0	0	0	0	0	0	91	-42	-99	14	91	-42
5	-190	56	1368506960	-1	0	0	0	0	0	0	91	-42	-99	14	91	-42
5	-190	56	1368512972	-1	0	0	0	0	0	0	91	-42	-99	14	91	-42
5	-190	56	1368514976	-1	0	0	0	0	0	0	91	-42	-99	14	91	-42
5	-190	56	1368516976	-1	0	0	0	0	0	0	91	-42	-99	14	91	-42
5	-190	56	1368518980	-3	0	0	0	0	0	0	91	-42	-99	14	91	-42
5	-190	56	1368521012	-2	1	-2	1	0	0	0	91	-42	-99	14	91	-42
5	-190	56	1368523016	-4	2	-1	1	0	0	0	91	-42	-99	14	91	-42
5	-190	56	1368525020	-4	2	-2	2	0	0	0	91	-42	-99	14	91	-42
5	-190	56	1368527020	-4	4	-4	3	0	0	0	91	-42	-99	14	91	-42
5	-190	56	1368529008	-6	4	-5	5	0	0	0	91	-42	-99	14	91	-42
5	-190	56	1368531008	-6	5	-6	4	0	0	0	91	-42	-99	14	91	-42
5	-190	56	1368533012	-8	6	-9	6	0	0	0	91	-42	-99	14	91	-42
5	-190	56	1368535008	-8	7	-10	6	0	0	0	91	-42	-99	14	91	-42
5	-190	56	1368537000	-10	9	-14	9	0	0	0	91	-42	-99	14	91	-42
5	-190	56	1368539000	-12	10	-14	9	0	0	0	91	-42	-99	14	91	-42
5	-190	56	1368541008	-11	10	-18	11	0	0	0	91	-42	-99	14	91	-42
5	-190	56	1368543004	-15	14	-22	12	0	0	0	91	-42	-99	14	91	-42
5	-190	56	1368545004	-15	15	-22	12	0	0	0	91	-42	-99	14	91	-42
5	-190	56	1368547004	-16	15	-28	16	0	0	0	91	-42	-99	14	91	-42
5	-190	56	1368549000	-18	16	-28	14	0	0	0	91	-42	-99	14	91	-42
5	-190	56	1368551000	-20	20	-35	18	0	0	0	91	-42	-99	14	91	-42
5	-190	56	1368553000	-20	19	-34	18	0	0	0	91	-42	-99	14	91	-42
5	-190	56	1368554996	-21	21	-43	20	0	0	0	91	-42	-99	14	91	-42
5	-190	56	1368556996	-26	24	-40	20	0	0	0	91	-42	-99	14	91	-42
5	-190	56	1368558992	-24	21	-50	22	0	0	0	91	-42	-99	14	91	-42
5	-190	56	1368560992	-26	23	-45	22	0	0	0	91	-42	-99	14	91	-42
5	-190	56	1368563000	-30	27	-56	25	0	0	0	91	-42	-99	14	91	-42
5	-190	56	1368565000	-29	24	-50	22	0	0	0	91	-42	-99	14	91	-42
5	-190	56	1368566996	-31	25	-61	26	0	0	0	91	-42	-99	14	91	-42
5	-190	56	1368568996	-31	25	-56	24	0	0	0	91	-42	-99	14	91	-42
5	-190	56	1368570992	-37	30	-67	28	0	0	0	91	-42	-99	14	91	-42
5	-190	56	1368572992	-33	26	-60	25	0	0	0	91	-42	-99	14	91	-42
5	-190	56	1368574988	-35	26	-71	28	0	0	0	91	-42	-99	14	91	-42
5	-190	56	1368576984	-42	30	-62	25	0	0	0	91	-42	-99	14	91	-42
5	-190	56	1368578980	-36	28	-75	30	0	0	0	91	-42	-99	14	91	-42
5	-190	56	1368580988	-39	27	-67	27	0	0	0	91	-42	-99	14	91	-42
5	-190	56	1368582984	-43	30	-78	31	0	0	0	91	-42	-99	14	91	-42
5	-190	56	1368584980	-42	28	-69	26	0	0	0	91	-42	-99	14	91	-42
5	-190	56	1368586992	-43	27	-81	31	0	0	0	91	-42	-99	14	91	-42
5	-190	56	1368588988	-44	27	-83	30	0	0	0	91	-42	-99	14	91	-42
5	-190	56	1368590988	-50	30	-72	27	0	0	0	91	-42	-99	14	91	-42
5	-190	56	1368592984	-46	26	-85	30	0	0	0	91	-42	-99	14	91	-42
5	-190	56	1368594984	-45	25	-74	25	0	0	0	91	-42	-99	14	91	-42
5	-190	56	1368596980	-53	27	-85	27	0	0	0	91	-42	-99	14	91	-42
5	-190	56	1368598988	-46	24	-75	24	0	0	0	91	-42	-99	14	91	-42
5	-190	56	1368600988	-46	23	-85	26	0	0	0	91	-42	-99	14	91	-42
5	-190	56	1368602984	-53	25	-74	23	0	0	0	91	-42	-99	14	91	-42
5	-190	56	1368604992	-47	21	-84	25	0	0	0	91	-42	-99	14	91	-42
5	-190	56	1368606992	-48	20	-72	20	0	0	0	91	-42	-99	14	91	-42
5	-190	56	1368608988	-47	19	-83	22	0	0	0	91	-42	-99	14	91	-42
5	-190	56	1368610996	-54	20	-71	18	0	0	0	91	-42	-99	14	91	-42
5	-190	56	1368612992	-48	16	-79	20	0	0	0	91	-42	-99	14	91	-42
5	-190	56	1368614992	-46	15	-67	16	0	0	0	91	-42	-99	14	91	-42
5	-190	56	1368616992	-50	16	-76	17	0	0	0	91	-42	-99	14	91	-42
5	-190	56	1368618984	-45	14	-64	14	0	0	0	91	-42	-99	14	91	-42
5	-190	56	1368620980	-44	12	-71	15	0	0	0	91	-42	-99	14	91	-42
5	-190	56	1368622992	-47	13	-62	11	0	0	0	91	-42	-99	14	91	-42
5	-190	56	1368624992	-43	11	-66	13	0	0	0	91	-42	-99	14	91	-42
5	-190	56	1368626992	-42	10	-64	11	0	0	0	91	-42	-99	14	91	-42
5	-190	56	1368628992	-43	9	-53	10	0	0	0	91	-42	-99	14	91	-42
5	-190	56	1368630996	-46	9	-60	10	0	0	0	91	-42	-99	14	91	-42
5	-190	56	1368632992	-40	7	-49	8	0	0	0	91	-42	-99	14	91	-42
5	-190	56	1368634992	-40	6	-55	7	0	0	0	91	-42	-99	14	91	-42
5	-190	56	1368636992	-44	8	-45	6	0	0	0	91	-42	-99	14	91	-42
5	-190	56	1368638992	-37	5	-50	7	0	0	0	91	-42	-99	14	91	-42
5	-190	56	1368640996	-38	5	-41	5	0	0	0	91	-42	-99	14	91	-42
5	-190	56	1368642996	-40	4	-44	3	0	0	0	91	-42	-99	14	91	-42
5	-190	56	1368644996	-33	3	-36	4	0	0	0	91	-42	-99	14	91	-42
5	-190	56	1368646992	-33	2	-39	3	0	0	0	91	-42	-99	14	91	-42
5	-190	56	1368648996	-31	2	-33	2	0	0	0	91	-42	-99	14	91	-42
5	-190	56	1368650996	-34	1	-33	1	0	0	0	91	-42	-99	14	91	-42
5	-190	56	1368652996	-29	0	-29	2	0	0	0	91	-42	-99	14	91	-42
5	-190	56	1368654968	-26	0	-29	0	0	0	0	91	-42	-99	14	91	-42
5	-190	56	1368656964	-29	0	-24	0	0	0	0	91	-42	-99	14	91	-42
5	-190	56	1368658972	-25	0	-25	0	0	0	0	91	-42	-99	14	91	-42
5	-190	56	1368660960	-22	0	-20	0	0	0	0	91	-42	-99	14	91	-42
5	-190	56	1368662984	-21	0	-20	-1	0	0	0	91	-42	-99	14	91	-42
5	-190	56	1368664992	-22	-2	-18	-1	0	0	0	91	-42	-99	14	91	-42
5	-190	56	1368666996	-18	-2	-15	-3	0	0	0	91	-42	-99	14	91	-42
5	-190	56	1368669000	-17	-2	-14	-1	0	0	0	91	-42	-99	14	91	-42
5	-190	56	1368671004	-17	-1	-13	-2	0	0	0	91	-42	-99	14	91	-42
5	-190	56	1368673008	-15	-3	-11	-2	0	0	0	91	-42	-99	14	91	-42
5	-190	56	1368675012	-14	-2	-10	-2	0	0	0	91	-42	-99	14	91	-42
5	-190	56	1368677016	-15	-3	-9	-1	0	0	0	91	-42	-99	14	91	-42
5	-190	56	1368679012	-11	-2	-7	-3	0	0	0	91	-42	-99	14	91	-42
5	-190	56	1368681008	-13	-3	-8	-2	0	0	0	91	-42	-99	14	91	-42
5	-190	56	1368683004	-12	-2	-6	-2	0	0	0	91	-42	-99	14	91	-42
5	-190	56	1368685004	-10	-3	-6	-2	0	0	0	91	-42	-99	14	91	-42
5	-190	56	1368687000	-10	-1	-6	-3	0	0	0	91	-42	-99	14	91	-42
5	-190	56	1368689000	-9	-3	-5	-1	0	0	0	91	-42	-99	14	91	-42
5	-190	56	1368691004	-10	-1	-4	-2	0	0	0	91	-42	-99	14	91	-42
5	-190	56	1368693004	-7	-2	-5	-2	0	0	0	91	-42	-99	14	91	-42
5	-190	56	1368695008	-8	-2	-4	-2	0	0	0	91	-42	-99	14	91	-42
5	-190	56	1368697000	-7	-1	-4	-1	0	0	0	91	-42	-99	14	91	-42
5	-190	56	1368699004	-7	-1	-2	-2	0	0	0	91	-42	-99	14	91	-42
5	-190	56	1368701012	-5	-1	-3	-1	0	0	0	91	-42	-99	14	91	-42
5	-190	56	1368703016	-6	-2	-2	-1	0	0	0	91	-42	-99	14	91	-42
5	-190	56	1368705008	-4	-1	-3	-1	0	0	0	91	-42	-99	14	91	-42
5	-190	56	1368707000	-3	-1	-1	-2	0	0	0	91	-42	-99	14	91	-42
5	-190	56	1368709008	-4	0	-2	-1	0	0	0	91	-42	-99	14	91	-42
5	-190	56	1368710980	-4	0	-2	0	0	0	0	91	-42	-99	14	91	-42
5	-190	56	1368713004	-1	-1	-1	-1	0	0	0	91	-42	-99	14	91	-42
5	-190	56	1368714972	-3	0	0	0	0	0	0	91	-42	-99	14	91	-42
5	-190	56	1368717004	-1	0	-1	-1	0	0	0	91	-42	-99	14	91	-42
5	-190	56	1368718952	0	0	0	0	0	0	1	91	-42	-99	14	91	-42
6	-190	56	1368721012	-1	-2	-1	0	0	0	1	-99	14	-99	14	91	-42
6	-190	56	1368726988	-1	0	0	0	0	0	1	-99	14	-99	14	91	-42
6	-190	56	1368728996	0	0	0	-2	0	0	1	-99	14	-99	14	91	-42
6	-190	56	1368743020	-2	0	0	0	0	0	1	-99	14	-99	14	91	-42
6	198	0	1368753020	-1	0	0	0	0	0	1	-99	14	99	14	-99	14
6	198	0	1368765008	-1	0	0	0	0	0	1	-99	14	99	14	-99	14
6	198	0	1368789004	0	0	0	0	0	0	0	-99	14	99	14	-99	14
6	198	0	1368803040	0	-1	0	0	0	0	0	-99	14	99	14	-99	14
6	198	0	1368805060	2	0	0	-1	0	0	0	-99	14	99	14	-99	14
6	198	0	1368807060	1	-1	2	-1	0	0	0	-99	14	99	14	-99	14
6	198	0	1368809060	2	-3	4	-1	0	0	0	-99	14	99	14	-99	14
6	198	0	1368811064	4	-2	5	-3	0	0	0	-99	14	99	14	-99	14
6	198	0	1368813064	4	-3	8	-2	0	0	0	-99	14	99	14	-99	14
6	198	0	1368815064	5	-5	8	-4	0	0	0	-99	14	99	14	-99	14
6	198	0	1368817068	6	-3	13	-4	0	0	0	-99	14	99	14	-99	14
6	198	0	1368819064	8	-5	12	-4	0	0	0	-99	14	99	14	-99	14
6	198	0	1368821072	10	-5	17	-5	0	0	0	-99	14	99	14	-99	14
6	198	0	1368823072	12	-7	17	-5	0	0	0	-99	14	99	14	-99	14
6	198	0	1368825072	14	-6	23	-6	0	0	0	-99	14	99	14	-99	14
6	198	0	1368827072	15	-6	22	-6	0	0	0	-99	14	99	14	-99	14
6	198	0	1368829072	20	-8	28	-8	0	0	0	-99	14	99	14	-99	14
6	198	0	1368831076	21	-7	32	-7	0	0	0	-99	14	99	14	-99	14
6	198	0	1368833080	24	-8	31	-6	0	0	0	-99	14	99	14	-99	14
6	198	0	1368835080	30	-8	39	-9	0	0	0	-99	14	99	14	-99	14
6	198	0	1368837072	29	-8	36	-8	0	0	0	-99	14	99	14	-99	14
6	198	0	1368839072	32	-7	45	-7	0	0	0	-99	14	99	14	-99	14
6	198	0	1368841072	39	-9	43	-8	0	0	0	-99	14	99	14	-99	14
6	198	0	1368843076	39	-6	50	-7	0	0	0	-99	14	99	14	-99	14
6	198	0	1368845076	41	-8	47	-8	0	0	0	-99	14	99	14	-99	14
6	198	0	1368847076	44	-6	57	-7	0	0	0	-99	14	99	14	-99	14
6	198	0	1368849076	51	-8	52	-6	0	0	0	-99	14	99	14	-99	14
6	198	0	1368851076	50	-6	61	-7	0	0	0	-99	14	99	14	-99	14
6	198	0	1368853076	51	-5	57	-6	0	0	0	-99	14	99	14	-99	14
6	198	0	1368855076	60	-5	66	-5	0	0	0	-99	14	99	14	-99	14
6	198	0	1368857076	55	-5	60	-5	0	0	0	-99	14	99	14	-99	14
6	198	0	1368859076	58	-4	71	-5	0	0	0	-99	14	99	14	-99	14
6	198	0	1368861080	65	-3	64	-4	0	0	0	-99	14	99	14	-99	14
6	198	0	1368863080	60	-4	75	-3	0	0	0	-99	14	99	14	-99	14
6	198	0	1368865080	61	-3	76	-3	0	0	0	-99	14	99	14	-99	14
6	198	0	1368867080	61	-2	68	-2	0	0	0	-99	14	99	14	-99	14
6	198	0	1368869084	71	-1	78	-3	0	0	0	-99	14	99	14	-99	14
6	198	0	1368871084	64	-2	70	-1	0	0	0	-99	14	99	14	-99	14
6	198	0	1368873088	63	0	82	-1	0	0	0	-99	14	99	14	-99	14
6	198	0	1368875084	72	0	71	-2	0	0	0	-99	14	99	14	-99	14
6	198	0	1368877044	63	0	81	0	0	0	0	-99	14	99	14	-99	14
6	198	0	1368879048	63	0	71	0	0	0	0	-99	14	99	14	-99	14
6	198	0	1368881072	63	0	80	1	0	0	0	-99	14	99	14	-99	14
6	198	0	1368883072	70	1	72	1	0	0	0	-99	14	99	14	-99	14
6	198	0	1368885072	61	1	78	1	0	0	0	-99	14	99	14	-99	14
6	198	0	1368887072	61	1	69	3	0	0	0	-99	14	99	14	-99	14
6	198	0	1368889072	68	3	78	2	0	0	0	-99	14	99	14	-99	14
6	198	0	1368891068	59	2	67	2	0	0	0	-99	14	99	14	-99	14
6	198	0	1368893068	58	3	75	3	0	0	0	-99	14	99	14	-99	14
6	198	0	1368895068	64	2	64	3	0	0	0	-99	14	99	14	-99	14
6	198	0	1368897068	55	3	72	4	0	0	0	-99	14	99	14	-99	14
6	198	0	1368899064	55	2	62	2	0	0	0	-99	14	99	14	-99	14
6	198	0	1368901064	53	3	68	4	0	0	0	-99	14	99	14	-99	14
6	198	0	1368903064	57	2	59	2	0	0	0	-99	14	99	14	-99	14
6	198	0	1368905064	50	3	65	4	0	0	0	-99	14	99	14	-99	14
6	198	0	1368907076	48	2	63	4	0	0	0	-99	14	99	14	-99	14
6	198	0	1368909076	52	4	53	2	0	0	0	-99	14	99	14	-99	14
6	198	0	1368911072	45	2	60	4	0	0	0	-99	14	99	14	-99	14
6	198	0	1368913076	44	3	50	3	0	0	0	-99	14	99	14	-99	14
6	198	0	1368915076	47	4	54	2	0	0	0	-99	14	99	14	-99	14
6	198	0	1368917076	40	2	46	3	0	0	0	-99	14	99	14	-99	14
6	198	0	1368919072	38	3	52	3	0	0	0	-99	14	99	14	-99	14
6	198	0	1368921068	36	1	42	3	0	0	0	-99	14	99	14	-99	14
6	198	0	1368923068	39	2	46	2	0	0	0	-99	14	99	14	-99	14
6	198	0	1368925068	32	3	39	3	0	0	0	-99	14	99	14	-99	14
6	198	0	1368927068	32	2	41	2	0	0	0	-99	14	99	14	-99	14
6	198	0	1368929068	33	3	35	3	0	0	0	-99	14	99	14	-99	14
6	198	0	1368931068	28	2	37	2	0	0	0	-99	14	99	14	-99	14
6	198	0	1368933068	26	3	31	2	0	0	0	-99	14	99	14	-99	14
6	198	0	1368935068	28	1	31	2	0	0	0	-99	14	99	14	-99	14
6	198	0	1368937068	22	3	26	3	0	0	0	-99	14	99	14	-99	14
6	198	0	1368939068	21	2	29	2	0	0	0	-99	14	99	14	-99	14
6	198	0	1368941068	19	1	21	1	0	0	0	-99	14	99	14	-99	14
6	198	0	1368943068	20	3	23	3	0	0	0	-99	14	99	14	-99	14
6	198	0	1368945068	15	1	21	1	0	0	0	-99	14	99	14	-99	14
6	198	0	1368947068	14	1	15	3	0	0	0	-99	14	99	14	-99	14
6	198	0	1368949072	14	2	16	1	0	0	0	-99	14	99	14	-99	14
6	198	0	1368951072	10	1	13	1	0	0	0	-99	14	99	14	-99	14
6	198	0	1368953072	10	1	11	1	0	0	0	-99	14	99	14	-99	14
6	198	0	1368955076	7	1	9	2	0	0	0	-99	14	99	14	-99	14
6	198	0	1368957080	6	0	9	1	0	0	0	-99	14	99	14	-99	14
6	198	0	1368959080	7	2	6	0	0	0	0	-99	14	99	14	-99	14
6	198	0	1368961084	3	0	5	1	0	0	0	-99	14	99	14	-99	14
6	198	0	1368963084	4	1	5	1	0	0	0	-99	14	99	14	-99	14
6	198	0	1368965052	3	0	2	0	0	0	0	-99	14	99	14	-99	14
6	198	0	1368967052	1	0	3	0	0	0	0	-99	14	99	14	-99	14
6	198	0	1368969076	1	1	2	2	0	0	0	-99	14	99	14	-99	14
6	198	0	1368971052	1	0	0	0	0	0	0	-99	14	99	14	-99	14
6	198	0	1368973048	0	0	2	0	0	0	0	-99	14	99	14	-99	14
6	198	0	1368979052	0	0	1	0	0	0	0	-99	14	99	14	-99	14
6	198	0	1368985048	0	0	0	1	0	0	0	-99	14	99	14	-99	14
6	198	0	1368987020	0	0	0	0	0	0	1	-99	14	99	14	-99	14
7	198	0	1368989040	0	1	0	0	0	0	1	99	14	99	14	-99	14
7	198	0	1368999060	2	0	0	0	0	0	1	99	14	99	14	-99	14
7	-190	-56	1369003064	0	0	0	1	0	0	1	99	14	-91	-42	99	14
7	-190	-56	1369005064	0	2	0	0	0	0	1	99	14	-91	-42	99	14
7	-190	-56	1369057016	-1	0	0	0	0	0	1	99	14	-91	-42	99	14
7	-190	-56	1369058996	0	0	0	0	0	0	0	99	14	-91	-42	99	14
7	-190	-56	1369061028	-1	0	0	0	0	0	0	99	14	-91	-42	99	14
7	-190	-56	1369063032	-1	0	0	0	0	0	0	99	14	-91	-42	99	14
7	-190	-56	1369065024	-2	0	0	0	0	0	0	99	14	-91	-42	99	14
7	-190	-56	1369067028	-1	0	0	0	0	0	0	99	14	-91	-42	99	14
7	-190	-56	1369069032	-1	0	0	0	0	0	0	99	14	-91	-42	99	14
7	-190	-56	1369071068	-1	0	0	1	0	0	0	99	14	-91	-42	99	14
7	-190	-56	1369073036	-3	0	0	0	0	0	0	99	14	-91	-42	99	14
7	-190	-56	1369075040	-2	0	-2	0	0	0	0	99	14	-91	-42	99	14
7	-190	-56	1369077080	-3	1	0	0	0	0	0	99	14	-91	-42	99	14
7	-190	-56	1369079080	-4	0	-1	2	0	0	0	99	14	-91	-42	99	14
7	-190	-56	1369081076	-2	1	-1	0	0	0	0	99	14	-91	-42	99	14
7	-190	-56	1369083080	-5	1	-1	1	0	0	0	99	14	-91	-42	99	14
7	-190	-56	1369085056	-4	0	-2	0	0	0	0	99	14	-91	-42	99	14
7	-190	-56	1369087084	-5	2	-1	1	0	0	0	99	14	-91	-42	99	14
7	-190	-56	1369089052	-5	0	-1	0	0	0	0	99	14	-91	-42	99	14
7	-190	-56	1369091068	-6	1	-3	1	0	0	0	99	14	-91	-42	99	14
7	-190	-56	1369093044	-5	0	-1	0	0	0	0	99	14	-91	-42	99	14
7	-190	-56	1369095068	-8	1	-2	0	0	0	0	99	14	-91	-42	99	14
7	-190	-56	1369097044	-8	0	-4	0	0	0	0	99	14	-91	-42	99	14
7	-190	-56	1369099040	-9	0	-4	0	0	0	0	99	14	-91	-42	99	14
7	-190	-56	1369101040	-10	0	-5	0	0	0	0	99	14	-91	-42	99	14
7	-190	-56	1369103068	-11	-3	-5	0	0	0	0	99	14	-91	-42	99	14
7	-190	-56	1369105072	-13	-1	-7	-3	0	0	0	99	14	-91	-42	99	14
7	-190	-56	1369107072	-14	-4	-8	-2	0	0	0	99	14	-91	-42	99	14
7	-190	-56	1369109068	-16	-3	-10	-4	0	0	0	99	14	-91	-42	99	14
7	-190	-56	1369111068	-16	-5	-10	-4	0	0	0	99	14	-91	-42	99	14
7	-190	-56	1369113072	-19	-5	-12	-5	0	0	0	99	14	-91	-42	99	14
7	-190	-56	1369115076	-22	-7	-13	-5	0	0	0	99	14	-91	-42	99	14
7	-190	-56	1369117080	-22	-7	-17	-7	0	0	0	99	14	-91	-42	99	14
7	-190	-56	1369119084	-23	-8	-17	-8	0	0	0	99	14	-91	-42	99	14
7	-190	-56	1369121084	-27	-8	-20	-8	0	0	0	99	14	-91	-42	99	14
7	-190	-56	1369123084	-31	-12	-23	-10	0	0	0	99	14	-91	-42	99	14
7	-190	-56	1369125084	-30	-11	-22	-10	0	0	0	99	14	-91	-42	99	14
7	-190	-56	1369127088	-32	-12	-28	-13	0	0	0	99	14	-91	-42	99	14
7	-190	-56	1369129084	-39	-15	-27	-12	0	0	0	99	14	-91	-42	99	14
7	-190	-56	1369131084	-38	-14	-31	-15	0	0	0	99	14	-91	-42	99	14
7	-190	-56	1369133088	-38	-14	-31	-14	0	0	0	99	14	-91	-42	99	14
7	-190	-56	1369135080	-48	-19	-36	-18	0	0	0	99	14	-91	-42	99	14
7	-190	-56	1369137080	-44	-16	-34	-16	0	0	0	99	14	-91	-42	99	14
7	-190	-56	1369139080	-46	-17	-41	-19	0	0	0	99	14	-91	-42	99	14
7	-190	-56	1369141076	-49	-19	-38	-17	0	0	0	99	14	-91	-42	99	14
7	-190	-56	1369143076	-56	-23	-44	-21	0	0	0	99	14	-91	-42	99	14
7	-190	-56	1369145076	-52	-20	-40	-19	0	0	0	99	14	-91	-42	99	14
7	-190	-56	1369147076	-54	-20	-47	-23	0	0	0	99	14	-91	-42	99	14
7	-190	-56	1369149080	-61	-23	-41	-18	0	0	0	99	14	-91	-42	99	14
7	-190	-56	1369151080	-55	-22	-50	-24	0	0	0	99	14	-91	-42	99	14
7	-190	-56	1369153080	-57	-21	-44	-20	0	0	0	99	14	-91	-42	99	14
7	-190	-56	1369155080	-63	-22	-51	-23	0	0	0	99	14	-91	-42	99	14
7	-190	-56	1369157080	-57	-20	-45	-18	0	0	0	99	14	-91	-42	99	14
7	-190	-56	1369159080	-56	-20	-53	-23	0	0	0	99	14	-91	-42	99	14
7	-190	-56	1369161080	-62	-22	-46	-19	0	0	0	99	14	-91	-42	99	14
7	-190	-56	1369163092	-57	-18	-53	-21	0	0	0	99	14	-91	-42	99	14
7	-190	-56	1369165092	-55	-18	-53	-20	0	0	0	99	14	-91	-42	99	14
7	-190	-56	1369167092	-55	-17	-45	-17	0	0	0	99	14	-91	-42	99	14
7	-190	-56	1369169092	-61	-19	-53	-19	0	0	0	99	14	-91	-42	99	14
7	-190	-56	1369171096	-54	-15	-46	-15	0	0	0	99	14	-91	-42	99	14
7	-190	-56	1369173096	-52	-15	-53	-18	0	0	0	99	14	-91	-42	99	14
7	-190	-56	1369175096	-59	-16	-45	-13	0	0	0	99	14	-91	-42	99	14
7	-190	-56	1369177100	-52	-14	-51	-17	0	0	0	99	14	-91	-42	99	14
7	-190	-56	1369179096	-52	-13	-45	-12	0	0	0	99	14	-91	-42	99	14
7	-190	-56	1369181096	-58	-13	-51	-15	0	0	0	99	14	-91	-42	99	14
7	-190	-56	1369183100	-52	-13	-44	-13	0	0	0	99	14	-91	-42	99	14
7	-190	-56	1369185100	-52	-11	-50	-12	0	0	0	99	14	-91	-42	99	14
7	-190	-56	1369187100	-53	-13	-45	-13	0	0	0	99	14	-91	-42	99	14
7	-190	-56	1369189100	-58	-12	-50	-12	0	0	0	99	14	-91	-42	99	14
7	-190	-56	1369191104	-53	-13	-42	-11	0	0	0	99	14	-91	-42	99	14
7	-190	-56	1369193104	-52	-11	-50	-13	0	0	0	99	14	-91	-42	99	14
7	-190	-56	1369195108	-60	-12	-49	-12	0	0	0	99	14	-91	-42	99	14
7	-190	-56	1369197108	-53	-12	-41	-12	0	0	0	99	14	-91	-42	99	14
7	-190	-56	1369199112	-54	-11	-49	-12	0	0	0	99	14	-91	-42	99	14
7	-190	-56	1369201112	-58	-12	-41	-10	0	0	0	99	14	-91	-42	99	14
7	-190	-56	1369203112	-54	-10	-47	-11	0	0	0	99	14	-91	-42	99	14
7	-190	-56	1369205116	-53	-10	-41	-10	0	0	0	99	14	-91	-42	99	14
7	-190	-56	1369207116	-58	-12	-45	-12	0	0	0	99	14	-91	-42	99	14
7	-190	-56	1369209120	-53	-10	-40	-10	0	0	0	99	14	-91	-42	99	14
7	-190	-56	1369211120	-52	-8	-44	-11	0	0	0	99	14	-91	-42	99	14
7	-190	-56	1369213112	-52	-9	-38	-9	0	0	0	99	14	-91	-42	99	14
7	-190	-56	1369215116	-57	-10	-43	-10	0	0	0	99	14	-91	-42	99	14
7	-190	-56	1369217116	-50	-9	-36	-10	0	0	0	99	14	-91	-42	99	14
7	-190	-56	1369219112	-49	-7	-40	-8	0	0	0	99	14	-91	-42	99	14
7	-190	-56	1369221112	-55	-10	-34	-9	0	0	0	99	14	-91	-42	99	14
7	-190	-56	1369223108	-47	-8	-39	-9	0	0	0	99	14	-91	-42	99	14
7	-190	-56	1369225108	-47	-6	-32	-9	0	0	0	99	14	-91	-42	99	14
7	-190	-56	1369227112	-51	-9	-35	-8	0	0	0	99	14	-91	-42	99	14
7	-190	-56	1369229116	-44	-6	-34	-9	0	0	0	99	14	-91	-42	99	14
7	-190	-56	1369231116	-43	-6	-29	-8	0	0	0	99	14	-91	-42	99	14
7	-190	-56	1369233120	-43	-8	-32	-7	0	0	0	99	14	-91	-42	99	14
7	-190	-56	1369235124	-45	-6	-26	-8	0	0	0	99	14	-91	-42	99	14
7	-190	-56	1369237128	-39	-6	-29	-7	0	0	0	99	14	-91	-42	99	14
7	-190	-56	1369239128	-37	-7	-24	-6	0	0	0	99	14	-91	-42	99	14
7	-190	-56	1369241132	-40	-6	-25	-7	0	0	0	99	14	-91	-42	99	14
7	-190	-56	1369243136	-34	-5	-21	-6	0	0	0	99	14	-91	-42	99	14
7	-190	-56	1369245136	-31	-5	-23	-6	0	0	0	99	14	-91	-42	99	14
7	-190	-56	1369247140	-34	-5	-18	-5	0	0	0	99	14	-91	-42	99	14
7	-190	-56	1369249140	-29	-5	-20	-5	0	0	0	99	14	-91	-42	99	14
7	-190	-56	1369251144	-27	-4	-15	-5	0	0	0	99	14	-91	-42	99	14
7	-190	-56	1369253148	-29	-5	-18	-5	0	0	0	99	14	-91	-42	99	14
7	-190	-56	1369255148	-24	-2	-14	-4	0	0	0	99	14	-91	-42	99	14
7	-190	-56	1369257152	-23	-4	-15	-4	0	0	0	99	14	-91	-42	99	14
7	-190	-56	1369259156	-22	-4	-13	-3	0	0	0	99	14	-91	-42	99	14
7	-190	-56	1369261148	-22	-3	-10	-4	0	0	0	99	14	-91	-42	99	14
7	-190	-56	1369263152	-19	-3	-13	-4	0	0	0	99	14	-91	-42	99	14
7	-190	-56	1369265160	-19	-2	-9	-2	0	0	0	99	14	-91	-42	99	14
7	-190	-56	1369267152	-20	-3	-10	-3	0	0	0	99	14	-91	-42	99	14
7	-190	-56	1369269148	-17	-2	-8	-4	0	0	0	99	14	-91	-42	99	14
7	-190	-56	1369271144	-18	-3	-9	-2	0	0	0	99	14	-91	-42	99	14
7	-190	-56	1369273144	-20	-4	-8	-3	0	0	0	99	14	-91	-42	99	14
7	-190	-56	1369275144	-17	-2	-8	-2	0	0	0	99	14	-91	-42	99	14
7	-190	-56	1369277144	-16	-3	-7	-3	0	0	0	99	14	-91	-42	99	14
7	-190	-56	1369279144	-18	-2	-7	-3	0	0	0	99	14	-91	-42	99	14
7	-190	-56	1369281148	-19	-4	-6	-3	0	0	0	99	14	-91	-42	99	14
7	-190	-56	1369283144	-16	-4	-8	-2	0	0	0	99	14	-91	-42	99	14
7	-190	-56	1369285144	-16	-2	-6	-3	0	0	0	99	14	-91	-42	99	14
7	-190	-56	1369287144	-18	-4	-6	-2	0	0	0	99	14	-91	-42	99	14
7	-190	-56	1369289144	-13	-2	-7	-3	0	0	0	99	14	-91	-42	99	14
7	-190	-56	1369291140	-15	-3	-5	-2	0	0	0	99	14	-91	-42	99	14
7	-190	-56	1369293140	-14	-2	-5	-3	0	0	0	99	14	-91	-42	99	14
7	-190	-56	1369295136	-13	-2	-5	-2	0	0	0	99	14	-91	-42	99	14
7	-190	-56	1369297136	-10	-2	-5	-2	0	0	0	99	14	-91	-42	99	14
7	-190	-56	1369299136	-10	-1	-3	-2	0	0	0	99	14	-91	-42	99	14
7	-190	-56	1369301136	-10	-2	-4	-1	0	0	0	99	14	-91	-42	99	14
7	-190	-56	1369303136	-7	-1	-3	-2	0	0	0	99	14	-91	-42	99	14
7	-190	-56	1369305140	-6	-1	-2	-1	0	0	0	99	14	-91	-42	99	14
7	-190	-56	1369307128	-5	-1	-3	-1	0	0	0	99	14	-91	-42	99	14
7	-190	-56	1369309108	-5	0	-2	0	0	0	0	99	14	-91	-42	99	14
7	-190	-56	1369311136	-3	0	-1	-1	0	0	0	99	14	-91	-42	99	14
7	-190	-56	1369313108	-2	0	-2	0	0	0	1	99	14	-91	-42	99	14
8	-190	-56	1369315108	-3	0	0	0	0	0	1	-91	-42	-91	-42	99	14
8	-190	-56	1369317140	-1	0	-1	-2	0	0	1	-91	-42	-91	-42	99	14
8	-190	-56	1369319116	-1	0	0	0	0	0	1	-91	-42	-91	-42	99	14
8	167	107	1369359136	0	0	0	1	0	0	1	-91	-42	76	65	-91	-42
8	167	107	1369373136	1	0	0	0	0	0	1	-91	-42	76	65	-91	-42
8	167	107	1369377136	2	0	0	0	0	0	1	-91	-42	76	65	-91	-42
8	167	107	1369379148	1	0	0	0	0	0	1	-91	-42	76	65	-91	-42
8	167	107	1369381156	2	0	0	0	0	0	1	-91	-42	76	65	-91	-42
8	167	107	1369383152	2	0	0	0	0	0	1	-91	-42	76	65	-91	-42
8	167	107	1369385152	3	0	2	0	0	0	1	-91	-42	76	65	-91	-42
8	167	107	1369387148	4	0	1	0	0	0	1	-91	-42	76	65	-91	-42
8	167	107	1369389148	5	0	2	0	0	0	1	-91	-42	76	65	-91	-42
8	167	107	1369391176	5	0	2	-1	0	0	0	-91	-42	76	65	-91	-42
8	167	107	1369393140	8	0	3	0	0	0	0	-91	-42	76	65	-91	-42
8	167	107	1369395136	8	0	3	0	0	0	0	-91	-42	76	65	-91	-42
8	167	107	1369397136	9	0	4	0	0	0	0	-91	-42	76	65	-91	-42
8	167	107	1369399132	10	0	3	0	0	0	0	-91	-42	76	65	-91	-42
8	167	107	1369401164	14	0	7	1	0	0	0	-91	-42	76	65	-91	-42
8	167	107	1369403160	12	2	5	1	0	0	0	-91	-42	76	65	-91	-42
8	167	107	1369405156	14	2	7	3	0	0	0	-91	-42	76	65	-91	-42
8	167	107	1369407148	19	3	8	1	0	0	0	-91	-42	76	65	-91	-42
8	167	107	1369409148	16	4	8	4	0	0	0	-91	-42	76	65	-91	-42
8	167	107	1369411140	19	4	12	5	0	0	0	-91	-42	76	65	-91	-42
8	167	107	1369413140	20	6	11	3	0	0	0	-91	-42	76	65	-91	-42
8	167	107	1369415140	24	8	14	8	0	0	0	-91	-42	76	65	-91	-42
8	167	107	1369417136	23	7	13	6	0	0	0	-91	-42	76	65	-91	-42
8	167	107	1369419136	25	10	18	10	0	0	0	-91	-42	76	65	-91	-42
8	167	107	1369421136	33	13	16	10	0	0	0	-91	-42	76	65	-91	-42
8	167	107	1369423132	31	12	21	13	0	0	0	-91	-42	76	65	-91	-42
8	167	107	1369425132	34	15	22	13	0	0	0	-91	-42	76	65	-91	-42
8	167	107	1369427132	42	19	25	18	0	0	0	-91	-42	76	65	-91	-42
8	167	107	1369429128	40	17	25	16	0	0	0	-91	-42	76	65	-91	-42
8	167	107	1369431124	45	22	30	21	0	0	0	-91	-42	76	65	-91	-42
8	167	107	1369433124	48	21	28	20	0	0	0	-91	-42	76	65	-91	-42
8	167	107	1369435116	57	27	34	27	0	0	0	-91	-42	76	65	-91	-42
8	167	107	1369437116	55	27	33	23	0	0	0	-91	-42	76	65	-91	-42
8	167	107	1369439112	59	27	38	29	0	0	0	-91	-42	76	65	-91	-42
8	167	107	1369441112	69	34	37	26	0	0	0	-91	-42	76	65	-91	-42
8	167	107	1369443112	65	31	42	33	0	0	0	-91	-42	76	65	-91	-42
8	167	107	1369445112	67	33	40	30	0	0	0	-91	-42	76	65	-91	-42
8	167	107	1369447108	70	32	45	36	0	0	0	-91	-42	76	65	-91	-42
8	167	107	1369449108	82	40	43	31	0	0	0	-91	-42	76	65	-91	-42
8	167	107	1369451104	73	35	47	39	0	0	0	-91	-42	76	65	-91	-42
8	167	107	1369453104	75	36	44	34	0	0	0	-91	-42	76	65	-91	-42
8	167	107	1369455100	85	42	50	39	0	0	0	-91	-42	76	65	-91	-42
8	167	107	1369457100	77	36	44	35	0	0	0	-91	-42	76	65	-91	-42
8	167	107	1369459096	76	37	51	40	0	0	0	-91	-42	76	65	-91	-42
8	167	107	1369461096	85	43	44	35	0	0	0	-91	-42	76	65	-91	-42
8	167	107	1369463104	76	37	51	40	0	0	0	-91	-42	76	65	-91	-42
8	167	107	1369465100	75	37	51	40	0	0	0	-91	-42	76	65	-91	-42
8	167	107	1369467096	75	37	44	35	0	0	0	-91	-42	76	65	-91	-42
8	167	107	1369469092	84	41	50	40	0	0	0	-91	-42	76	65	-91	-42
8	167	107	1369471088	74	37	44	35	0	0	0	-91	-42	76	65	-91	-42
8	167	107	1369473088	72	36	50	38	0	0	0	-91	-42	76	65	-91	-42
8	167	107	1369475084	81	40	42	34	0	0	0	-91	-42	76	65	-91	-42
8	167	107	1369477076	70	35	49	38	0	0	0	-91	-42	76	65	-91	-42
8	167	107	1369479076	70	35	42	32	0	0	0	-91	-42	76	65	-91	-42
8	167	107	1369481072	69	34	47	38	0	0	0	-91	-42	76	65	-91	-42
8	167	107	1369483068	75	37	41	31	0	0	0	-91	-42	76	65	-91	-42
8	167	107	1369485068	65	33	45	36	0	0	0	-91	-42	76	65	-91	-42
8	167	107	1369487068	65	31	40	30	0	0	0	-91	-42	76	65	-91	-42
8	167	107	1369489068	71	36	44	35	0	0	0	-91	-42	76	65	-91	-42
8	167	107	1369491064	60	30	37	29	0	0	0	-91	-42	76	65	-91	-42
8	167	107	1369493064	60	30	43	32	0	0	0	-91	-42	76	65	-91	-42
8	167	107	1369495064	58	30	35	29	0	0	0	-91	-42	76	65	-91	-42
8	167	107	1369497064	61	33	40	31	0	0	0	-91	-42	76	65	-91	-42
8	167	107	1369499064	53	27	33	28	0	0	0	-91	-42	76	65	-91	-42
8	167	107	1369501060	51	26	37	30	0	0	0	-91	-42	76	65	-91	-42
8	167	107	1369503072	54	30	31	25	0	0	0	-91	-42	76	65	-91	-42
8	167	107	1369505080	45	25	32	27	0	0	0	-91	-42	76	65	-91	-42
8	167	107	1369507076	43	24	33	28	0	0	0	-91	-42	76	65	-91	-42
8	167	107	1369509076	45	26	25	22	0	0	0	-91	-42	76	65	-91	-42
8	167	107	1369511076	39	23	29	25	0	0	0	-91	-42	76	65	-91	-42
8	167	107	1369513072	36	21	23	22	0	0	0	-91	-42	76	65	-91	-42
8	167	107	1369515072	34	21	24	22	0	0	0	-91	-42	76	65	-91	-42
8	167	107	1369517072	35	22	21	20	0	0	0	-91	-42	76	65	-91	-42
8	167	107	1369519068	29	18	22	21	0	0	0	-91	-42	76	65	-91	-42
8	167	107	1369521064	27	19	17	18	0	0	0	-91	-42	76	65	-91	-42
8	167	107	1369523064	29	19	18	20	0	0	0	-91	-42	76	65	-91	-42
8	167	107	1369525064	23	16	15	16	0	0	0	-91	-42	76	65	-91	-42
8	167	107	1369527060	21	15	16	16	0	0	0	-91	-42	76	65	-91	-42
8	167	107	1369529060	22	15	12	15	0	0	0	-91	-42	76	65	-91	-42
8	167	107	1369531060	19	14	13	15	0	0	0	-91	-42	76	65	-91	-42
8	167	107	1369533060	18	12	10	13	0	0	0	-91	-42	76	65	-91	-42
8	167	107	1369535060	16	12	11	14	0	0	0	-91	-42	76	65	-91	-42
8	167	107	1369537060	16	12	9	10	0	0	0	-91	-42	76	65	-91	-42
8	167	107	1369539052	13	10	9	12	0	0	0	-91	-42	76	65	-91	-42
8	167	107	1369541056	12	9	7	9	0	0	0	-91	-42	76	65	-91	-42
8	167	107	1369543064	13	10	8	11	0	0	0	-91	-42	76	65	-91	-42
8	167	107	1369545056	10	9	6	8	0	0	0	-91	-42	76	65	-91	-42
8	167	107	1369547064	8	7	6	10	0	0	0	-91	-42	76	65	-91	-42
8	167	107	1369549064	10	8	5	6	0	0	0	-91	-42	76	65	-91	-42
8	167	107	1369551056	8	6	5	7	0	0	0	-91	-42	76	65	-91	-42
8	167	107	1369553060	6	5	5	7	0	0	0	-91	-42	76	65	-91	-42
8	167	107	1369555064	6	5	4	5	0	0	0	-91	-42	76	65	-91	-42
8	167	107	1369557064	5	5	4	6	0	0	0	-91	-42	76	65	-91	-42
8	167	107	1369559068	5	4	2	4	0	0	0	-91	-42	76	65	-91	-42
8	167	107	1369561064	4	3	4	3	0	0	0	-91	-42	76	65	-91	-42
8	167	107	1369563068	5	4	2	4	0	0	0	-91	-42	76	65	-91	-42
8	167	107	1369565072	3	4	3	3	0	0	0	-91	-42	76	65	-91	-42
8	167	107	1369567076	2	2	1	2	0	0	0	-91	-42	76	65	-91	-42
8	167	107	1369569072	3	3	3	3	0	0	0	-91	-42	76	65	-91	-42
8	167	107	1369571076	2	1	1	2	0	0	0	-91	-42	76	65	-91	-42
8	167	107	1369573080	1	1	1	1	0	0	0	-91	-42	76	65	-91	-42
8	167	107	1369575076	2	2	1	2	0	0	0	-91	-42	76	65	-91	-42
8	167	107	1369577080	1	1	0	1	0	0	0	-91	-42	76	65	-91	-42
8	167	107	1369579084	1	1	2	1	0	0	0	-91	-42	76	65	-91	-42
8	167	107	1369581080	1	0	0	1	0	0	1	-91	-42	76	65	-91	-42
9	167	107	1369583088	0	1	1	0	0	0	1	76	65	76	65	-91	-42
9	-130	-149	1369587084	2	0	1	2	0	0	1	76	65	-54	-84	76	65
9	-130	-149	1369591068	0	2	0	0	0	0	1	76	65	-54	-84	76	65
9	-130	-149	1369595072	0	0	0	1	0	0	1	76	65	-54	-84	76	65
9	-130	-149	1369603056	0	0	1	0	0	0	1	76	65	-54	-84	76	65
9	-130	-149	1369647044	0	0	0	-1	0	0	1	76	65	-54	-84	76	65
9	-130	-149	1369651084	-1	-1	0	0	0	0	0	76	65	-54	-84	76	65
9	-130	-149	1369653080	-1	0	0	-1	0	0	0	76	65	-54	-84	76	65
9	-130	-149	1369655072	-3	-1	-1	0	0	0	0	76	65	-54	-84	76	65
9	-130	-149	1369657072	-2	-2	-1	-2	0	0	0	76	65	-54	-84	76	65
9	-130	-149	1369659076	-4	-3	-2	-2	0	0	0	76	65	-54	-84	76	65
9	-130	-149	1369661072	-5	-2	-1	-3	0	0	0	76	65	-54	-84	76	65
9	-130	-149	1369663060	-7	-5	-2	-4	0	0	0	76	65	-54	-84	76	65
9	-130	-149	1369665068	-8	-7	-3	-5	0	0	0	76	65	-54	-84	76	65
9	-130	-149	1369667072	-9	-6	-4	-6	0	0	0	76	65	-54	-84	76	65
9	-130	-149	1369669064	-10	-7	-5	-8	0	0	0	76	65	-54	-84	76	65
9	-130	-149	1369671060	-13	-12	-5	-10	0	0	0	76	65	-54	-84	76	65
9	-130	-149	1369673064	-13	-10	-5	-9	0	0	0	76	65	-54	-84	76	65
9	-130	-149	1369675076	-16	-12	-6	-12	0	0	0	76	65	-54	-84	76	65
9	-130	-149	1369677072	-20	-16	-7	-13	0	0	0	76	65	-54	-84	76	65
9	-130	-149	1369679068	-19	-15	-9	-16	0	0	0	76	65	-54	-84	76	65
9	-130	-149	1369681064	-21	-18	-9	-16	0	0	0	76	65	-54	-84	76	65
9	-130	-149	1369683060	-28	-21	-12	-20	0	0	0	76	65	-54	-84	76	65
9	-130	-149	1369685060	-25	-21	-10	-19	0	0	0	76	65	-54	-84	76	65
9	-130	-149	1369687064	-27	-24	-14	-25	0	0	0	76	65	-54	-84	76	65
9	-130	-149	1369689056	-29	-24	-14	-22	0	0	0	76	65	-54	-84	76	65
9	-130	-149	1369691056	-35	-30	-16	-28	0	0	0	76	65	-54	-84	76	65
9	-130	-149	1369693060	-32	-27	-15	-26	0	0	0	76	65	-54	-84	76	65
9	-130	-149	1369695056	-34	-29	-20	-31	0	0	0	76	65	-54	-84	76	65
9	-130	-149	1369697060	-41	-35	-18	-29	0	0	0	76	65	-54	-84	76	65
9	-130	-149	1369699060	-38	-33	-22	-36	0	0	0	76	65	-54	-84	76	65
9	-130	-149	1369701060	-40	-33	-21	-32	0	0	0	76	65	-54	-84	76	65
9	-130	-149	1369703060	-47	-40	-25	-38	0	0	0	76	65	-54	-84	76	65
9	-130	-149	1369705056	-43	-37	-28	-40	0	0	0	76	65	-54	-84	76	65
9	-130	-149	1369707056	-45	-37	-25	-37	0	0	0	76	65	-54	-84	76	65
9	-130	-149	1369709052	-47	-39	-31	-42	0	0	0	76	65	-54	-84	76	65
9	-130	-149	1369711048	-55	-46	-28	-39	0	0	0	76	65	-54	-84	76	65
9	-130	-149	1369713048	-52	-41	-33	-45	0	0	0	76	65	-54	-84	76	65
9	-130	-149	1369715048	-52	-43	-30	-41	0	0	0	76	65	-54	-84	76	65
9	-130	-149	1369717048	-61	-49	-37	-48	0	0	0	76	65	-54	-84	76	65
9	-130	-149	1369719044	-57	-45	-32	-42	0	0	0	76	65	-54	-84	76	65
9	-130	-149	1369721044	-58	-45	-38	-50	0	0	0	76	65	-54	-84	76	65
9	-130	-149	1369723044	-59	-45	-35	-44	0	0	0	76	65	-54	-84	76	65
9	-130	-149	1369725040	-68	-51	-38	-50	0	0	0	76	65	-54	-84	76	65
9	-130	-149	1369727040	-61	-46	-37	-45	0	0	0	76	65	-54	-84	76	65
9	-130	-149	1369729040	-62	-46	-40	-50	0	0	0	76	65	-54	-84	76	65
9	-130	-149	1369731032	-72	-52	-35	-44	0	0	0	76	65	-54	-84	76	65
9	-130	-149	1369733032	-62	-45	-41	-50	0	0	0	76	65	-54	-84	76	65
9	-130	-149	1369735032	-61	-43	-35	-42	0	0	0	76	65	-54	-84	76	65
9	-130	-149	1369737032	-70	-49	-40	-49	0	0	0	76	65	-54	-84	76	65
9	-130	-149	1369739032	-60	-44	-34	-41	0	0	0	76	65	-54	-84	76	65
9	-130	-149	1369741028	-59	-41	-38	-45	0	0	0	76	65	-54	-84	76	65
9	-130	-149	1369743028	-58	-40	-33	-40	0	0	0	76	65	-54	-84	76	65
9	-130	-149	1369745028	-62	-43	-36	-44	0	0	0	76	65	-54	-84	76	65
9	-130	-149	1369747028	-54	-37	-30	-36	0	0	0	76	65	-54	-84	76	65
9	-130	-149	1369749028	-51	-35	-34	-40	0	0	0	76	65	-54	-84	76	65
9	-130	-149	1369751028	-56	-39	-32	-39	0	0	0	76	65	-54	-84	76	65
9	-130	-149	1369753028	-47	-32	-27	-32	0	0	0	76	65	-54	-84	76	65
9	-130	-149	1369755024	-45	-30	-28	-35	0	0	0	76	65	-54	-84	76	65
9	-130	-149	1369757024	-47	-33	-24	-29	0	0	0	76	65	-54	-84	76	65
9	-130	-149	1369759036	-40	-29	-25	-33	0	0	0	76	65	-54	-84	76	65
9	-130	-149	1369761036	-38	-26	-21	-27	0	0	0	76	65	-54	-84	76	65
9	-130	-149	1369763032	-36	-25	-23	-29	0	0	0	76	65	-54	-84	76	65
9	-130	-149	1369765028	-39	-29	-19	-25	0	0	0	76	65	-54	-84	76	65
9	-130	-149	1369767028	-32	-22	-18	-27	0	0	0	76	65	-54	-84	76	65
9	-130	-149	1369769028	-31	-24	-17	-23	0	0	0	76	65	-54	-84	76	65
9	-130	-149	1369771028	-34	-24	-16	-25	0	0	0	76	65	-54	-84	76	65
9	-130	-149	1369773024	-30	-21	-14	-21	0	0	0	76	65	-54	-84	76	65
9	-130	-149	1369775020	-28	-21	-13	-24	0	0	0	76	65	-54	-84	76	65
9	-130	-149	1369777020	-26	-20	-12	-20	0	0	0	76	65	-54	-84	76	65
9	-130	-149	1369779020	-30	-23	-12	-21	0	0	0	76	65	-54	-84	76	65
9	-130	-149	1369781020	-25	-18	-9	-20	0	0	0	76	65	-54	-84	76	65
9	-130	-149	1369783028	-24	-19	-11	-21	0	0	0	76	65	-54	-84	76	65
9	-130	-149	1369785028	-27	-21	-8	-18	0	0	0	76	65	-54	-84	76	65
9	-130	-149	1369787020	-23	-19	-8	-20	0	0	0	76	65	-54	-84	76	65
9	-130	-149	1369789028	-21	-18	-9	-20	0	0	0	76	65	-54	-84	76	65
9	-130	-149	1369791020	-25	-20	-6	-16	0	0	0	76	65	-54	-84	76	65
9	-130	-149	1369793024	-20	-16	-7	-20	0	0	0	76	65	-54	-84	76	65
9	-130	-149	1369795028	-20	-17	-5	-16	0	0	0	76	65	-54	-84	76	65
9	-130	-149	1369797032	-21	-19	-6	-18	0	0	0	76	65	-54	-84	76	65
9	-130	-149	1369799028	-18	-15	-4	-15	0	0	0	76	65	-54	-84	76	65
9	-130	-149	1369801036	-17	-16	-3	-17	0	0	0	76	65	-54	-84	76	65
9	-130	-149	1369803032	-16	-15	-4	-15	0	0	0	76	65	-54	-84	76	65
9	-130	-149	1369805028	-18	-17	-4	-17	0	0	0	76	65	-54	-84	76	65
9	-130	-149	1369807032	-15	-13	-2	-13	0	0	0	76	65	-54	-84	76	65
9	-130	-149	1369809036	-14	-14	-3	-15	0	0	0	76	65	-54	-84	76	65
9	-130	-149	1369811032	-15	-15	-1	-14	0	0	0	76	65	-54	-84	76	65
9	-130	-149	1369813028	-11	-13	-1	-14	0	0	0	76	65	-54	-84	76	65
9	-130	-149	1369815028	-11	-11	-2	-12	0	0	0	76	65	-54	-84	76	65
9	-130	-149	1369817024	-11	-12	-1	-13	0	0	0	76	65	-54	-84	76	65
9	-130	-149	1369819020	-10	-12	0	-10	0	0	0	76	65	-54	-84	76	65
9	-130	-149	1369821024	-8	-10	0	-11	0	0	0	76	65	-54	-84	76	65
9	-130	-149	1369823016	-7	-8	0	-10	0	0	0	76	65	-54	-84	76	65
9	-130	-149	1369825020	-9	-9	0	-10	0	0	0	76	65	-54	-84	76	65
9	-130	-149	1369827020	-5	-8	0	-9	0	0	0	76	65	-54	-84	76	65
9	-130	-149	1369829020	-5	-7	0	-6	0	0	0	76	65	-54	-84	76	65
9	-130	-149	1369831016	-6	-6	0	-8	0	0	0	76	65	-54	-84	76	65
9	-130	-149	1369833016	-4	-7	0	-5	0	0	0	76	65	-54	-84	76	65
9	-130	-149	1369835024	-4	-3	0	-6	0	0	0	76	65	-54	-84	76	65
9	-130	-149	1369837020	-2	-5	0	-4	0	0	0	76	65	-54	-84	76	65
9	-130	-149	1369839016	-3	-4	0	-5	0	0	0	76	65	-54	-84	76	65
9	-130	-149	1369841016	-1	-3	0	-2	0	0	1	76	65	-54	-84	76	65
10	-130	-149	1369843028	-3	-2	0	-3	0	0	1	-54	-84	-54	-84	76	65
10	-130	-149	1369845028	-1	-1	0	-2	0	0	1	-54	-84	-54	-84	76	65
10	-130	-149	1369847000	0	-2	0	-1	0	0	1	-54	-84	-54	-84	76	65
10	-130	-149	1369849028	-1	-1	2	-2	0	0	1	-54	-84	-54	-84	76	65
10	-130	-149	1369851000	0	0	0	-1	0	0	1	-54	-84	-54	-84	76	65
10	-130	-149	1369853004	0	0	0	-1	0	0	1	-54	-84	-54	-84	76	65
10	-130	-149	1369855000	0	-1	0	0	0	0	1	-54	-84	-54	-84	76	65
10	82	180	1369869020	0	0	1	0	0	0	1	-54	-84	28	96	-54	-84
10	82	180	1369928988	0	0	0	0	0	0	0	-54	-84	28	96	-54	-84
10	82	180	1369939028	2	0	0	0	0	0	0	-54	-84	28	96	-54	-84
10	82	180	1369941056	2	1	0	0	0	0	0	-54	-84	28	96	-54	-84
10	82	180	1369943056	3	2	1	2	0	0	0	-54	-84	28	96	-54	-84
10	82	180	1369945052	5	3	1	2	0	0	0	-54	-84	28	96	-54	-84
10	82	180	1369947056	6	5	2	5	0	0	0	-54	-84	28	96	-54	-84
10	82	180	1369949056	9	7	2	6	0	0	0	-54	-84	28	96	-54	-84
10	82	180	1369951056	12	8	3	8	0	0	0	-54	-84	28	96	-54	-84
10	82	180	1369953048	14	12	2	10	0	0	0	-54	-84	28	96	-54	-84
10	82	180	1369955052	16	12	4	11	0	0	0	-54	-84	28	96	-54	-84
10	82	180	1369957056	23	18	4	16	0	0	0	-54	-84	28	96	-54	-84
10	82	180	1369959060	23	18	5	17	0	0	0	-54	-84	28	96	-54	-84
10	82	180	1369961060	28	23	5	21	0	0	0	-54	-84	28	96	-54	-84
10	82	180	1369963060	31	25	5	22	0	0	0	-54	-84	28	96	-54	-84
10	82	180	1369965064	40	31	6	29	0	0	0	-54	-84	28	96	-54	-84
10	82	180	1369967064	39	33	6	33	0	0	0	-54	-84	28	96	-54	-84
10	82	180	1369969068	44	36	6	31	0	0	0	-54	-84	28	96	-54	-84
10	82	180	1369971072	51	44	8	40	0	0	0	-54	-84	28	96	-54	-84
10	82	180	1369973076	50	43	6	39	0	0	0	-54	-84	28	96	-54	-84
10	82	180	1369975080	51	45	6	47	0	0	0	-54	-84	28	96	-54	-84
10	82	180	1369977084	61	55	7	45	0	0	0	-54	-84	28	96	-54	-84
10	82	180	1369979084	57	53	6	54	0	0	0	-54	-84	28	96	-54	-84
10	82	180	1369981088	58	54	5	49	0	0	0	-54	-84	28	96	-54	-84
10	82	180	1369983092	68	63	6	60	0	0	0	-54	-84	28	96	-54	-84
10	82	180	1369985096	60	58	4	53	0	0	0	-54	-84	28	96	-54	-84
10	82	180	1369987096	62	61	5	65	0	0	0	-54	-84	28	96	-54	-84
10	82	180	1369989096	62	61	4	58	0	0	0	-54	-84	28	96	-54	-84
10	82	180	1369991100	70	73	3	69	0	0	0	-54	-84	28	96	-54	-84
10	82	180	1369993100	61	65	3	68	0	0	0	-54	-84	28	96	-54	-84
10	82	180	1369995104	61	66	2	63	0	0	0	-54	-84	28	96	-54	-84
10	82	180	1369997104	69	75	3	72	0	0	0	-54	-84	28	96	-54	-84
10	82	180	1369999108	60	68	2	64	0	0	0	-54	-84	28	96	-54	-84
10	82	180	1370001112	59	66	3	73	0	0	0	-54	-84	28	96	-54	-84
10	82	180	1370003116	65	75	2	63	0	0	0	-54	-84	28	96	-54	-84
10	82	180	1370005120	57	66	3	73	0	0	0	-54	-84	28	96	-54	-84
10	82	180	1370007124	55	66	2	62	0	0	0	-54	-84	28	96	-54	-84
10	82	180	1370009128	61	74	4	73	0	0	0	-54	-84	28	96	-54	-84
10	82	180	1370011132	54	64	3	61	0	0	0	-54	-84	28	96	-54	-84
10	82	180	1370013136	51	62	5	69	0	0	0	-54	-84	28	96	-54	-84
10	82	180	1370015140	57	69	3	60	0	0	0	-54	-84	28	96	-54	-84
10	82	180	1370017144	47	60	5	67	0	0	0	-54	-84	28	96	-54	-84
10	82	180	1370019148	46	58	7	65	0	0	0	-54	-84	28	96	-54	-84
10	82	180	1370021152	45	56	5	55	0	0	0	-54	-84	28	96	-54	-84
10	82	180	1370023156	49	60	6	62	0	0	0	-54	-84	28	96	-54	-84
10	82	180	1370025160	40	51	6	51	0	0	0	-54	-84	28	96	-54	-84
10	82	180	1370027164	39	49	8	56	0	0	0	-54	-84	28	96	-54	-84
10	82	180	1370029168	41	52	5	48	0	0	0	-54	-84	28	96	-54	-84
10	82	180	1370031172	35	45	7	51	0	0	0	-54	-84	28	96	-54	-84
10	82	180	1370033176	34	42	6	42	0	0	0	-54	-84	28	96	-54	-84
10	82	180	1370035172	35	45	8	47	0	0	0	-54	-84	28	96	-54	-84
10	82	180	1370037176	29	37	6	38	0	0	0	-54	-84	28	96	-54	-84
10	82	180	1370039180	27	35	6	40	0	0	0	-54	-84	28	96	-54	-84
10	82	180	1370041184	28	38	5	34	0	0	0	-54	-84	28	96	-54	-84
10	82	180	1370043188	23	30	7	36	0	0	0	-54	-84	28	96	-54	-84
10	82	180	1370045188	22	27	5	34	0	0	0	-54	-84	28	96	-54	-84
10	82	180	1370047192	21	29	5	26	0	0	0	-54	-84	28	96	-54	-84
10	82	180	1370049200	17	24	5	28	0	0	0	-54	-84	28	96	-54	-84
10	82	180	1370051200	17	21	3	22	0	0	0	-54	-84	28	96	-54	-84
10	82	180	1370053204	13	19	4	24	0	0	0	-54	-84	28	96	-54	-84
10	82	180	1370055204	15	20	3	18	0	0	0	-54	-84	28	96	-54	-84
10	82	180	1370057208	10	15	3	18	0	0	0	-54	-84	28	96	-54	-84
10	82	180	1370059216	10	13	3	15	0	0	0	-54	-84	28	96	-54	-84
10	82	180	1370061220	10	14	2	15	0	0	0	-54	-84	28	96	-54	-84
10	82	180	1370063224	8	10	2	12	0	0	0	-54	-84	28	96	-54	-84
10	82	180	1370065232	6	10	2	12	0	0	0	-54	-84	28	96	-54	-84
10	82	180	1370067232	6	9	1	9	0	0	0	-54	-84	28	96	-54	-84
10	82	180	1370069232	5	7	2	9	0	0	0	-54	-84	28	96	-54	-84
10	82	180	1370071236	5	7	1	8	0	0	0	-54	-84	28	96	-54	-84
10	82	180	1370073236	4	6	1	7	0	0	0	-54	-84	28	96	-54	-84
10	82	180	1370075240	3	5	0	5	0	0	0	-54	-84	28	96	-54	-84
10	82	180	1370077240	2	4	1	5	0	0	0	-54	-84	28	96	-54	-84
10	82	180	1370079244	3	3	0	5	0	0	0	-54	-84	28	96	-54	-84
10	82	180	1370081240	2	4	0	2	0	0	0	-54	-84	28	96	-54	-84
10	82	180	1370083244	1	3	2	4	0	0	0	-54	-84	28	96	-54	-84
10	82	180	1370085248	2	1	0	2	0	0	0	-54	-84	28	96	-54	-84
10	82	180	1370087240	1	2	0	3	0	0	0	-54	-84	28	96	-54	-84
10	82	180	1370089216	0	2	0	2	0	0	0	-54	-84	28	96	-54	-84
10	82	180	1370091240	1	1	0	2	0	0	0	-54	-84	28	96	-54	-84
10	82	180	1370093244	1	1	1	1	0	0	0	-54	-84	28	96	-54	-84
10	82	180	1370095220	0	0	0	1	0	0	0	-54	-84	28	96	-54	-84
10	82	180	1370097220	0	1	0	1	0	0	0	-54	-84	28	96	-54	-84
10	82	180	1370101248	2	0	0	2	0	0	1	-54	-84	28	96	-54	-84
11	-28	-196	1370107232	0	0	0	1	0	0	1	28	96	0	-100	28	96
11	-28	-196	1370177204	0	0	0	0	0	0	0	28	96	0	-100	28	96
11	-28	-196	1370179236	0	0	0	-1	0	0	0	28	96	0	-100	28	96
11	-28	-196	1370181228	-1	0	0	0	0	0	0	28	96	0	-100	28	96
11	-28	-196	1370183232	0	0	0	-1	0	0	0	28	96	0	-100	28	96
11	-28	-196	1370185268	-1	-1	0	-2	0	0	0	28	96	0	-100	28	96
11	-28	-196	1370187240	-1	-4	1	-3	0	0	0	28	96	0	-100	28	96
11	-28	-196	1370189260	-3	-4	1	-4	0	0	0	28	96	0	-100	28	96
11	-28	-196	1370191260	-2	-5	0	-5	0	0	0	28	96	0	-100	28	96
11	-28	-196	1370193232	-3	-6	3	-6	0	0	0	28	96	0	-100	28	96
11	-28	-196	1370195264	-4	-9	1	-7	0	0	0	28	96	0	-100	28	96
11	-28	-196	1370197232	-3	-8	3	-9	0	0	0	28	96	0	-100	28	96
11	-28	-196	1370199264	-5	-10	2	-10	0	0	0	28	96	0	-100	28	96
11	-28	-196	1370201264	-7	-14	4	-11	0	0	0	28	96	0	-100	28	96
11	-28	-196	1370203260	-6	-14	4	-13	0	0	0	28	96	0	-100	28	96
11	-28	-196	1370205256	-7	-16	3	-16	0	0	0	28	96	0	-100	28	96
11	-28	-196	1370207252	-9	-20	5	-15	0	0	0	28	96	0	-100	28	96
11	-28	-196	1370209244	-9	-19	5	-20	0	0	0	28	96	0	-100	28	96
11	-28	-196	1370211240	-9	-21	5	-19	0	0	0	28	96	0	-100	28	96
11	-28	-196	1370213236	-11	-24	7	-24	0	0	0	28	96	0	-100	28	96
11	-28	-196	1370215240	-12	-27	6	-23	0	0	0	28	96	0	-100	28	96
11	-28	-196	1370217240	-13	-27	7	-28	0	0	0	28	96	0	-100	28	96
11	-28	-196	1370219240	-14	-28	7	-26	0	0	0	28	96	0	-100	28	96
11	-28	-196	1370221244	-15	-33	8	-33	0	0	0	28	96	0	-100	28	96
11	-28	-196	1370223244	-15	-31	8	-28	0	0	0	28	96	0	-100	28	96
11	-28	-196	1370225248	-16	-34	9	-35	0	0	0	28	96	0	-100	28	96
11	-28	-196	1370227248	-20	-37	8	-38	0	0	0	28	96	0	-100	28	96
11	-28	-196	1370229248	-19	-37	8	-34	0	0	0	28	96	0	-100	28	96
11	-28	-196	1370231248	-18	-37	9	-40	0	0	0	28	96	0	-100	28	96
11	-28	-196	1370233248	-22	-39	7	-36	0	0	0	28	96	0	-100	28	96
11	-28	-196	1370235252	-23	-45	10	-42	0	0	0	28	96	0	-100	28	96
11	-28	-196	1370237256	-23	-41	8	-39	0	0	0	28	96	0	-100	28	96
11	-28	-196	1370239256	-22	-41	8	-45	0	0	0	28	96	0	-100	28	96
11	-28	-196	1370241256	-28	-49	8	-41	0	0	0	28	96	0	-100	28	96
11	-28	-196	1370243256	-25	-44	10	-48	0	0	0	28	96	0	-100	28	96
11	-28	-196	1370245260	-25	-44	7	-42	0	0	0	28	96	0	-100	28	96
11	-28	-196	1370247260	-29	-51	9	-49	0	0	0	28	96	0	-100	28	96
11	-28	-196	1370249256	-27	-46	9	-44	0	0	0	28	96	0	-100	28	96
11	-28	-196	1370251248	-28	-46	10	-50	0	0	0	28	96	0	-100	28	96
11	-28	-196	1370253252	-27	-47	7	-45	0	0	0	28	96	0	-100	28	96
11	-28	-196	1370255252	-31	-53	10	-51	0	0	0	28	96	0	-100	28	96
11	-28	-196	1370257248	-29	-48	8	-45	0	0	0	28	96	0	-100	28	96
11	-28	-196	1370259248	-29	-47	10	-53	0	0	0	28	96	0	-100	28	96
11	-28	-196	1370261240	-31	-53	9	-45	0	0	0	28	96	0	-100	28	96
11	-28	-196	1370263240	-29	-47	10	-52	0	0	0	28	96	0	-100	28	96
11	-28	-196	1370265244	-29	-49	10	-51	0	0	0	28	96	0	-100	28	96
11	-28	-196	1370267240	-32	-53	10	-47	0	0	0	28	96	0	-100	28	96
11	-28	-196	1370269248	-29	-47	10	-51	0	0	0	28	96	0	-100	28	96
11	-28	-196	1370271252	-29	-48	8	-45	0	0	0	28	96	0	-100	28	96
11	-28	-196	1370273252	-28	-46	10	-52	0	0	0	28	96	0	-100	28	96
11	-28	-196	1370275244	-32	-52	9	-44	0	0	0	28	96	0	-100	28	96
11	-28	-196	1370277248	-27	-45	10	-51	0	0	0	28	96	0	-100	28	96
11	-28	-196	1370279252	-28	-45	9	-44	0	0	0	28	96	0	-100	28	96
11	-28	-196	1370281248	-30	-50	9	-49	0	0	0	28	96	0	-100	28	96
11	-28	-196	1370283252	-27	-44	8	-44	0	0	0	28	96	0	-100	28	96
11	-28	-196	1370285248	-25	-43	9	-47	0	0	0	28	96	0	-100	28	96
11	-28	-196	1370287244	-26	-42	8	-41	0	0	0	28	96	0	-100	28	96
11	-28	-196	1370289248	-29	-46	8	-48	0	0	0	28	96	0	-100	28	96
11	-28	-196	1370291248	-24	-42	8	-40	0	0	0	28	96	0	-100	28	96
11	-28	-196	1370293240	-24	-40	9	-46	0	0	0	28	96	0	-100	28	96
11	-28	-196	1370295240	-26	-43	6	-39	0	0	0	28	96	0	-100	28	96
11	-28	-196	1370297244	-22	-39	9	-44	0	0	0	28	96	0	-100	28	96
11	-28	-196	1370299244	-23	-39	7	-43	0	0	0	28	96	0	-100	28	96
11	-28	-196	1370301244	-24	-41	6	-38	0	0	0	28	96	0	-100	28	96
11	-28	-196	1370303244	-20	-38	8	-41	0	0	0	28	96	0	-100	28	96
11	-28	-196	1370305244	-21	-36	6	-36	0	0	0	28	96	0	-100	28	96
11	-28	-196	1370307244	-19	-36	8	-40	0	0	0	28	96	0	-100	28	96
11	-28	-196	1370309244	-21	-39	6	-35	0	0	0	28	96	0	-100	28	96
11	-28	-196	1370311248	-17	-34	6	-39	0	0	0	28	96	0	-100	28	96
11	-28	-196	1370313248	-18	-33	6	-33	0	0	0	28	96	0	-100	28	96
11	-28	-196	1370315252	-19	-35	7	-35	0	0	0	28	96	0	-100	28	96
11	-28	-196	1370317252	-15	-32	6	-31	0	0	0	28	96	0	-100	28	96
11	-28	-196	1370319248	-15	-28	6	-32	0	0	0	28	96	0	-100	28	96
11	-28	-196	1370321252	-15	-33	5	-28	0	0	0	28	96	0	-100	28	96
11	-28	-196	1370323256	-12	-26	6	-31	0	0	0	28	96	0	-100	28	96
11	-28	-196	1370325256	-11	-25	4	-25	0	0	0	28	96	0	-100	28	96
11	-28	-196	1370327256	-12	-24	5	-28	0	0	0	28	96	0	-100	28	96
11	-28	-196	1370329260	-11	-26	5	-22	0	0	0	28	96	0	-100	28	96
11	-28	-196	1370331260	-9	-20	5	-24	0	0	0	28	96	0	-100	28	96
11	-28	-196	1370333260	-7	-20	4	-20	0	0	0	28	96	0	-100	28	96
11	-28	-196	1370335256	-8	-20	4	-21	0	0	0	28	96	0	-100	28	96
11	-28	-196	1370337248	-6	-16	3	-19	0	0	0	28	96	0	-100	28	96
11	-28	-196	1370339248	-5	-15	3	-15	0	0	0	28	96	0	-100	28	96
11	-28	-196	1370341244	-5	-15	4	-16	0	0	0	28	96	0	-100	28	96
11	-28	-196	1370343244	-4	-13	2	-13	0	0	0	28	96	0	-100	28	96
11	-28	-196	1370345212	-3	-11	3	-13	0	0	0	28	96	0	-100	28	96
11	-28	-196	1370347244	-3	-10	2	-10	0	0	0	28	96	0	-100	28	96
11	-28	-196	1370349244	-2	-10	1	-10	0	0	0	28	96	0	-100	28	96
11	-28	-196	1370351240	-2	-8	3	-9	0	0	0	28	96	0	-100	28	96
11	-28	-196	1370353212	-1	-6	1	-8	0	0	0	28	96	0	-100	28	96
11	-28	-196	1370355216	-1	-6	1	-6	0	0	0	28	96	0	-100	28	96
11	-28	-196	1370357240	0	-5	2	-6	0	0	1	28	96	0	-100	28	96
