1	0	-100	1391152024	0	-1	0	-1	0	0	1	0	-100	0	-100	0	0
1	0	-100	1391156028	0	0	1	0	0	0	1	0	-100	0	-100	0	0
1	-28	196	1391160032	0	0	0	-1	0	0	1	0	-100	-28	96	0	-100
1	-28	196	1391184056	-1	0	0	0	0	0	1	0	-100	-28	96	0	-100
1	-28	196	1391226060	0	0	0	2	0	0	0	0	-100	-28	96	0	-100
1	-28	196	1391228056	0	1	0	1	0	0	0	0	-100	-28	96	0	-100
1	-28	196	1391230056	0	3	0	2	0	0	0	0	-100	-28	96	0	-100
1	-28	196	1391232056	0	3	0	4	0	0	0	0	-100	-28	96	0	-100
1	-28	196	1391234080	1	7	0	5	0	0	0	0	-100	-28	96	0	-100
1	-28	196	1391236076	1	6	0	6	0	0	0	0	-100	-28	96	0	-100
1	-28	196	1391238052	1	7	-1	7	0	0	0	0	-100	-28	96	0	-100
1	-28	196	1391240084	1	12	-2	10	0	0	0	0	-100	-28	96	0	-100
1	-28	196	1391242080	3	11	-1	10	0	0	0	0	-100	-28	96	0	-100
1	-28	196	1391244076	2	12	-1	12	0	0	0	0	-100	-28	96	0	-100
1	-28	196	1391246076	4	14	-3	14	0	0	0	0	-100	-28	96	0	-100
1	-28	196	1391248072	5	19	-2	16	0	0	0	0	-100	-28	96	0	-100
1	-28	196	1391250068	6	19	-4	18	0	0	0	0	-100	-28	96	0	-100
1	-28	196	1391252064	7	20	-4	21	0	0	0	0	-100	-28	96	0	-100
1	-28	196	1391254060	7	26	-3	21	0	0	0	0	-100	-28	96	0	-100
1	-28	196	1391256056	9	26	-7	26	0	0	0	0	-100	-28	96	0	-100
1	-28	196	1391258052	10	28	-5	27	0	0	0	0	-100	-28	96	0	-100
1	-28	196	1391260052	11	30	-7	32	0	0	0	0	-100	-28	96	0	-100
1	-28	196	1391262052	15	36	-8	35	0	0	0	0	-100	-28	96	0	-100
1	-28	196	1391264052	15	35	-7	34	0	0	0	0	-100	-28	96	0	-100
1	-28	196	1391266052	16	37	-10	41	0	0	0	0	-100	-28	96	0	-100
1	-28	196	1391268048	20	47	-10	38	0	0	0	0	-100	-28	96	0	-100
1	-28	196	1391270048	20	42	-11	46	0	0	0	0	-100	-28	96	0	-100
1	-28	196	1391272052	20	46	-12	44	0	0	0	0	-100	-28	96	0	-100
1	-28	196	1391274056	23	49	-12	52	0	0	0	0	-100	-28	96	0	-100
1	-28	196	1391276052	26	59	-13	49	0	0	0	0	-100	-28	96	0	-100
1	-28	196	1391278052	25	55	-13	59	0	0	0	0	-100	-28	96	0	-100
1	-28	196	1391280048	26	57	-14	53	0	0	0	0	-100	-28	96	0	-100
1	-28	196	1391282052	30	69	-14	65	0	0	0	0	-100	-28	96	0	-100
1	-28	196	1391284044	28	64	-14	59	0	0	0	0	-100	-28	96	0	-100
1	-28	196	1391286052	30	66	-15	70	0	0	0	0	-100	-28	96	0	-100
1	-28	196	1391288044	29	68	-12	64	0	0	0	0	-100	-28	96	0	-100
1	-28	196	1391290044	33	78	-15	75	0	0	0	0	-100	-28	96	0	-100
1	-28	196	1391292048	32	73	-13	67	0	0	0	0	-100	-28	96	0	-100
1	-28	196	1391294044	30	72	-15	79	0	0	0	0	-100	-28	96	0	-100
1	-28	196	1391296048	35	83	-11	70	0	0	0	0	-100	-28	96	0	-100
1	-28	196	1391298052	30	75	-14	80	0	0	0	0	-100	-28	96	0	-100
1	-28	196	1391300060	31	75	-12	81	0	0	0	0	-100	-28	96	0	-100
1	-28	196	1391302052	34	84	-11	72	0	0	0	0	-100	-28	96	0	-100
1	-28	196	1391304056	30	75	-12	82	0	0	0	0	-100	-28	96	0	-100
1	-28	196	1391306056	28	73	-10	71	0	0	0	0	-100	-28	96	0	-100
1	-28	196	1391308064	29	74	-10	82	0	0	0	0	-100	-28	96	0	-100
1	-28	196	1391310056	31	81	-8	71	0	0	0	0	-100	-28	96	0	-100
1	-28	196	1391312060	28	73	-9	79	0	0	0	0	-100	-28	96	0	-100
1	-28	196	1391314056	26	70	-8	68	0	0	0	0	-100	-28	96	0	-100
1	-28	196	1391316056	29	77	-8	77	0	0	0	0	-100	-28	96	0	-100
1	-28	196	1391318056	25	68	-7	66	0	0	0	0	-100	-28	96	0	-100
1	-28	196	1391320048	24	66	-6	74	0	0	0	0	-100	-28	96	0	-100
1	-28	196	1391322044	22	64	-6	62	0	0	0	0	-100	-28	96	0	-100
1	-28	196	1391324044	24	70	-6	70	0	0	0	0	-100	-28	96	0	-100
1	-28	196	1391326044	20	60	-5	59	0	0	0	0	-100	-28	96	0	-100
1	-28	196	1391328048	19	57	-5	65	0	0	0	0	-100	-28	96	0	-100
1	-28	196	1391330048	21	64	-4	56	0	0	0	0	-100	-28	96	0	-100
1	-28	196	1391332048	16	54	-4	60	0	0	0	0	-100	-28	96	0	-100
1	-28	196	1391334048	16	51	-4	51	0	0	0	0	-100	-28	96	0	-100
1	-28	196	1391336048	17	50	-3	57	0	0	0	0	-100	-28	96	0	-100
1	-28	196	1391338048	16	53	-3	47	0	0	0	0	-100	-28	96	0	-100
1	-28	196	1391340052	14	45	-2	50	0	0	0	0	-100	-28	96	0	-100
1	-28	196	1391342048	12	41	-3	48	0	0	0	0	-100	-28	96	0	-100
1	-28	196	1391344048	14	45	-1	40	0	0	0	0	-100	-28	96	0	-100
1	-28	196	1391346048	11	36	-3	42	0	0	0	0	-100	-28	96	0	-100
1	-28	196	1391348060	11	34	-1	35	0	0	0	0	-100	-28	96	0	-100
1	-28	196	1391350068	12	36	-1	36	0	0	0	0	-100	-28	96	0	-100
1	-28	196	1391352072	8	29	0	30	0	0	0	0	-100	-28	96	0	-100
1	-28	196	1391354072	9	26	-1	32	0	0	0	0	-100	-28	96	0	-100
1	-28	196	1391356068	8	24	-2	25	0	0	0	0	-100	-28	96	0	-100
1	-28	196	1391358068	8	25	0	26	0	0	0	0	-100	-28	96	0	-100
1	-28	196	1391360068	7	19	0	20	0	0	0	0	-100	-28	96	0	-100
1	-28	196	1391362068	5	17	0	21	0	0	0	0	-100	-28	96	0	-100
1	-28	196	1391364060	6	16	-1	16	0	0	0	0	-100	-28	96	0	-100
1	-28	196	1391366068	5	14	0	17	0	0	0	0	-100	-28	96	0	-100
1	-28	196	1391368068	4	11	0	12	0	0	0	0	-100	-28	96	0	-100
1	-28	196	1391370068	5	12	0	13	0	0	0	0	-100	-28	96	0	-100
1	-28	196	1391372072	2	7	0	8	0	0	0	0	-100	-28	96	0	-100
1	-28	196	1391374076	4	6	0	9	0	0	0	0	-100	-28	96	0	-100
1	-28	196	1391376076	2	7	0	8	0	0	0	0	-100	-28	96	0	-100
1	-28	196	1391378080	3	5	0	6	0	0	0	0	-100	-28	96	0	-100
1	-28	196	1391380080	1	3	0	5	0	0	0	0	-100	-28	96	0	-100
1	-28	196	1391382084	3	3	0	4	0	0	0	0	-100	-28	96	0	-100
1	-28	196	1391384088	1	2	0	3	0	0	0	0	-100	-28	96	0	-100
1	-28	196	1391386092	1	3	0	3	0	0	0	0	-100	-28	96	0	-100
1	-28	196	1391388096	1	1	0	2	0	0	0	0	-100	-28	96	0	-100
1	-28	196	1391390072	0	1	0	2	0	0	0	0	-100	-28	96	0	-100
1	-28	196	1391392100	2	2	0	1	0	0	0	0	-100	-28	96	0	-100
1	-28	196	1391394076	0	0	0	1	0	0	0	0	-100	-28	96	0	-100
1	-28	196	1391396104	1	1	0	0	0	0	0	0	-100	-28	96	0	-100
1	-28	196	1391398080	0	0	0	1	0	0	0	0	-100	-28	96	0	-100
1	-28	196	1391400080	0	0	0	2	0	0	0	0	-100	-28	96	0	-100
1	-28	196	1391410088	0	1	0	1	0	0	0	0	-100	-28	96	0	-100
1	-28	196	1391412088	0	0	2	0	0	0	0	0	-100	-28	96	0	-100
1	-28	196	1391438092	-1	0	-1	0	0	0	0	0	-100	-28	96	0	-100
1	-28	196	1391440088	-1	0	0	0	0	0	0	0	-100	-28	96	0	-100
1	-28	196	1391442084	-1	0	0	0	0	0	0	0	-100	-28	96	0	-100
1	-28	196	1391444112	-3	0	-1	-1	0	0	0	0	-100	-28	96	0	-100
1	-28	196	1391446088	-1	0	0	0	0	0	0	0	-100	-28	96	0	-100
1	-28	196	1391448120	-2	0	-1	-1	0	0	0	0	-100	-28	96	0	-100
1	-28	196	1391450088	-3	0	-1	0	0	0	0	0	-100	-28	96	0	-100
1	-28	196	1391452112	-4	-1	0	0	0	0	0	0	-100	-28	96	0	-100
1	-28	196	1391454108	-2	0	-2	-1	0	0	0	0	-100	-28	96	0	-100
1	-28	196	1391456084	-3	0	-1	0	0	0	0	0	-100	-28	96	0	-100
1	-28	196	1391458108	-3	-2	0	0	0	0	0	0	-100	-28	96	0	-100
1	-28	196	1391460116	-3	0	-1	-1	0	0	0	0	-100	-28	96	0	-100
1	-28	196	1391462088	-4	0	-1	0	0	0	0	0	-100	-28	96	0	-100
1	-28	196	1391464088	-2	0	0	0	0	0	0	0	-100	-28	96	0	-100
1	-28	196	1391466108	-4	-1	-2	0	0	0	0	0	-100	-28	96	0	-100
1	-28	196	1391468080	-2	0	0	0	0	0	0	0	-100	-28	96	0	-100
1	-28	196	1391470088	-3	0	-1	0	0	0	0	0	-100	-28	96	0	-100
1	-28	196	1391472084	-2	0	0	0	0	0	0	0	-100	-28	96	0	-100
1	-28	196	1391474092	-2	0	-1	0	0	0	0	0	-100	-28	96	0	-100
1	-28	196	1391476092	-2	0	0	0	0	0	0	0	-100	-28	96	0	-100
1	-28	196	1391478084	-1	0	0	0	0	0	0	0	-100	-28	96	0	-100
1	-28	196	1391480088	-2	0	0	0	0	0	0	0	-100	-28	96	0	-100
1	-28	196	1391482084	-1	0	0	0	0	0	0	0	-100	-28	96	0	-100
1	-28	196	1391484108	0	-1	-1	0	0	0	1	0	-100	-28	96	0	-100
2	-28	196	1391486076	-1	0	0	0	0	0	1	-28	96	-28	96	0	-100
2	-28	196	1391488072	-1	0	0	0	0	0	1	-28	96	-28	96	0	-100
2	-28	196	1391492072	-2	0	0	0	0	0	1	-28	96	-28	96	0	-100
2	82	-180	1391544096	-1	0	0	0	0	0	1	-28	96	54	-84	-28	96
2	82	-180	1391554076	0	0	0	0	0	0	0	-28	96	54	-84	-28	96
2	82	-180	1391570124	0	-1	0	-2	0	0	0	-28	96	54	-84	-28	96
2	82	-180	1391572124	0	-3	0	-1	0	0	0	-28	96	54	-84	-28	96
2	82	-180	1391574148	0	-4	1	-5	0	0	0	-28	96	54	-84	-28	96
2	82	-180	1391576144	0	-5	3	-4	0	0	0	-28	96	54	-84	-28	96
2	82	-180	1391578148	-1	-6	2	-7	0	0	0	-28	96	54	-84	-28	96
2	82	-180	1391580144	0	-9	4	-6	0	0	0	-28	96	54	-84	-28	96
2	82	-180	1391582148	-1	-10	6	-10	0	0	0	-28	96	54	-84	-28	96
2	82	-180	1391584148	0	-11	5	-10	0	0	0	-28	96	54	-84	-28	96
2	82	-180	1391586148	0	-12	9	-14	0	0	0	-28	96	54	-84	-28	96
2	82	-180	1391588152	0	-17	7	-13	0	0	0	-28	96	54	-84	-28	96
2	82	-180	1391590156	0	-16	12	-17	0	0	0	-28	96	54	-84	-28	96
2	82	-180	1391592156	0	-17	11	-16	0	0	0	-28	96	54	-84	-28	96
2	82	-180	1391594152	0	-23	14	-20	0	0	0	-28	96	54	-84	-28	96
2	82	-180	1391596148	0	-21	15	-23	0	0	0	-28	96	54	-84	-28	96
2	82	-180	1391598144	1	-24	15	-21	0	0	0	-28	96	54	-84	-28	96
2	82	-180	1391600140	2	-25	18	-25	0	0	0	-28	96	54	-84	-28	96
2	82	-180	1391602136	1	-29	19	-25	0	0	0	-28	96	54	-84	-28	96
2	82	-180	1391604132	1	-27	21	-29	0	0	0	-28	96	54	-84	-28	96
2	82	-180	1391606128	1	-29	22	-27	0	0	0	-28	96	54	-84	-28	96
2	82	-180	1391608136	3	-34	23	-33	0	0	0	-28	96	54	-84	-28	96
2	82	-180	1391610132	1	-31	23	-30	0	0	0	-28	96	54	-84	-28	96
2	82	-180	1391612128	0	-32	27	-35	0	0	0	-28	96	54	-84	-28	96
2	82	-180	1391614124	1	-33	24	-32	0	0	0	-28	96	54	-84	-28	96
2	82	-180	1391616124	0	-40	30	-38	0	0	0	-28	96	54	-84	-28	96
2	82	-180	1391618120	0	-36	25	-35	0	0	0	-28	96	54	-84	-28	96
2	82	-180	1391620112	-1	-38	31	-41	0	0	0	-28	96	54	-84	-28	96
2	82	-180	1391622108	-3	-45	28	-36	0	0	0	-28	96	54	-84	-28	96
2	82	-180	1391624108	-2	-40	31	-44	0	0	0	-28	96	54	-84	-28	96
2	82	-180	1391626108	-5	-42	30	-40	0	0	0	-28	96	54	-84	-28	96
2	82	-180	1391628112	-5	-43	33	-46	0	0	0	-28	96	54	-84	-28	96
2	82	-180	1391630112	-7	-50	30	-43	0	0	0	-28	96	54	-84	-28	96
2	82	-180	1391632112	-6	-45	35	-49	0	0	0	-28	96	54	-84	-28	96
2	82	-180	1391634116	-7	-46	31	-43	0	0	0	-28	96	54	-84	-28	96
2	82	-180	1391636116	-9	-54	36	-52	0	0	0	-28	96	54	-84	-28	96
2	82	-180	1391638116	-8	-47	31	-45	0	0	0	-28	96	54	-84	-28	96
2	82	-180	1391640120	-10	-49	38	-53	0	0	0	-28	96	54	-84	-28	96
2	82	-180	1391642116	-10	-55	31	-47	0	0	0	-28	96	54	-84	-28	96
2	82	-180	1391644112	-10	-49	38	-53	0	0	0	-28	96	54	-84	-28	96
2	82	-180	1391646108	-11	-50	32	-48	0	0	0	-28	96	54	-84	-28	96
2	82	-180	1391648104	-10	-50	38	-55	0	0	0	-28	96	54	-84	-28	96
2	82	-180	1391650112	-12	-56	37	-54	0	0	0	-28	96	54	-84	-28	96
2	82	-180	1391652108	-12	-50	33	-48	0	0	0	-28	96	54	-84	-28	96
2	82	-180	1391654100	-10	-50	37	-54	0	0	0	-28	96	54	-84	-28	96
2	82	-180	1391656108	-11	-50	34	-49	0	0	0	-28	96	54	-84	-28	96
2	82	-180	1391658104	-11	-56	39	-55	0	0	0	-28	96	54	-84	-28	96
2	82	-180	1391660100	-10	-51	33	-47	0	0	0	-28	96	54	-84	-28	96
2	82	-180	1391662096	-10	-49	38	-54	0	0	0	-28	96	54	-84	-28	96
2	82	-180	1391664084	-10	-56	34	-48	0	0	0	-28	96	54	-84	-28	96
2	82	-180	1391666092	-9	-49	38	-53	0	0	0	-28	96	54	-84	-28	96
2	82	-180	1391668092	-7	-48	33	-47	0	0	0	-28	96	54	-84	-28	96
2	82	-180	1391670092	-9	-52	37	-52	0	0	0	-28	96	54	-84	-28	96
2	82	-180	1391672092	-6	-45	33	-44	0	0	0	-28	96	54	-84	-28	96
2	82	-180	1391674096	-5	-44	35	-49	0	0	0	-28	96	54	-84	-28	96
2	82	-180	1391676092	-5	-41	31	-40	0	0	0	-28	96	54	-84	-28	96
2	82	-180	1391678096	-4	-45	34	-45	0	0	0	-28	96	54	-84	-28	96
2	82	-180	1391680096	-3	-36	29	-37	0	0	0	-28	96	54	-84	-28	96
2	82	-180	1391682096	-1	-37	32	-40	0	0	0	-28	96	54	-84	-28	96
2	82	-180	1391684096	-1	-36	26	-34	0	0	0	-28	96	54	-84	-28	96
2	82	-180	1391686096	0	-30	29	-35	0	0	0	-28	96	54	-84	-28	96
2	82	-180	1391688104	0	-27	24	-29	0	0	0	-28	96	54	-84	-28	96
2	82	-180	1391690100	0	-27	25	-31	0	0	0	-28	96	54	-84	-28	96
2	82	-180	1391692104	2	-25	20	-24	0	0	0	-28	96	54	-84	-28	96
2	82	-180	1391694100	2	-20	21	-25	0	0	0	-28	96	54	-84	-28	96
2	82	-180	1391696104	1	-18	19	-22	0	0	0	-28	96	54	-84	-28	96
2	82	-180	1391698100	4	-19	16	-18	0	0	0	-28	96	54	-84	-28	96
2	82	-180	1391700104	4	-14	15	-18	0	0	0	-28	96	54	-84	-28	96
2	82	-180	1391702104	2	-12	13	-14	0	0	0	-28	96	54	-84	-28	96
2	82	-180	1391704100	4	-13	12	-15	0	0	0	-28	96	54	-84	-28	96
2	82	-180	1391706088	4	-11	11	-11	0	0	0	-28	96	54	-84	-28	96
2	82	-180	1391708084	4	-10	10	-12	0	0	0	-28	96	54	-84	-28	96
2	82	-180	1391710080	3	-9	9	-10	0	0	0	-28	96	54	-84	-28	96
2	82	-180	1391712080	4	-10	9	-10	0	0	0	-28	96	54	-84	-28	96
2	82	-180	1391714084	3	-7	7	-7	0	0	0	-28	96	54	-84	-28	96
2	82	-180	1391716072	2	-8	8	-10	0	0	0	-28	96	54	-84	-28	96
2	82	-180	1391718072	4	-7	7	-6	0	0	0	-28	96	54	-84	-28	96
2	82	-180	1391720076	4	-8	7	-9	0	0	0	-28	96	54	-84	-28	96
2	82	-180	1391722080	2	-6	6	-6	0	0	0	-28	96	54	-84	-28	96
2	82	-180	1391724084	3	-6	7	-8	0	0	0	-28	96	54	-84	-28	96
2	82	-180	1391726088	3	-8	7	-7	0	0	0	-28	96	54	-84	-28	96
2	82	-180	1391728088	3	-6	6	-8	0	0	0	-28	96	54	-84	-28	96
2	82	-180	1391730092	2	-6	6	-6	0	0	0	-28	96	54	-84	-28	96
2	82	-180	1391732088	4	-8	8	-8	0	0	0	-28	96	54	-84	-28	96
2	82	-180	1391734088	3	-6	6	-6	0	0	0	-28	96	54	-84	-28	96
2	82	-180	1391736092	2	-6	7	-7	0	0	0	-28	96	54	-84	-28	96
2	82	-180	1391738096	4	-7	8	-7	0	0	0	-28	96	54	-84	-28	96
2	82	-180	1391740088	2	-7	7	-7	0	0	0	-28	96	54	-84	-28	96
2	82	-180	1391742092	3	-6	7	-6	0	0	0	-28	96	54	-84	-28	96
2	82	-180	1391744084	2	-8	8	-8	0	0	0	-28	96	54	-84	-28	96
2	82	-180	1391746088	4	-7	9	-7	0	0	0	-28	96	54	-84	-28	96
2	82	-180	1391748088	4	-8	8	-7	0	0	0	-28	96	54	-84	-28	96
2	82	-180	1391750080	2	-6	8	-8	0	0	0	-28	96	54	-84	-28	96
2	82	-180	1391752084	4	-8	9	-8	0	0	0	-28	96	54	-84	-28	96
2	82	-180	1391754088	4	-8	9	-7	0	0	0	-28	96	54	-84	-28	96
2	82	-180	1391756092	2	-8	9	-8	0	0	0	-28	96	54	-84	-28	96
2	82	-180	1391758096	4	-7	11	-9	0	0	0	-28	96	54	-84	-28	96
2	82	-180	1391760092	4	-9	9	-7	0	0	0	-28	96	54	-84	-28	96
2	82	-180	1391762096	2	-9	10	-10	0	0	0	-28	96	54	-84	-28	96
2	82	-180	1391764100	4	-7	10	-8	0	0	0	-28	96	54	-84	-28	96
2	82	-180	1391766096	3	-9	10	-10	0	0	0	-28	96	54	-84	-28	96
2	82	-180	1391768100	3	-9	10	-7	0	0	0	-28	96	54	-84	-28	96
2	82	-180	1391770100	3	-9	11	-10	0	0	0	-28	96	54	-84	-28	96
2	82	-180	1391772104	2	-7	10	-8	0	0	0	-28	96	54	-84	-28	96
2	82	-180	1391774100	3	-10	10	-10	0	0	0	-28	96	54	-84	-28	96
2	82	-180	1391776100	2	-8	10	-7	0	0	0	-28	96	54	-84	-28	96
2	82	-180	1391778104	3	-8	10	-10	0	0	0	-28	96	54	-84	-28	96
2	82	-180	1391780104	2	-9	11	-9	0	0	0	-28	96	54	-84	-28	96
2	82	-180	1391782104	3	-8	9	-9	0	0	0	-28	96	54	-84	-28	96
2	82	-180	1391784096	2	-8	10	-8	0	0	0	-28	96	54	-84	-28	96
2	82	-180	1391786092	2	-8	7	-8	0	0	0	-28	96	54	-84	-28	96
2	82	-180	1391788096	2	-7	9	-7	0	0	0	-28	96	54	-84	-28	96
2	82	-180	1391790100	1	-7	8	-8	0	0	0	-28	96	54	-84	-28	96
2	82	-180	1391792096	2	-7	8	-7	0	0	0	-28	96	54	-84	-28	96
2	82	-180	1391794092	1	-8	7	-7	0	0	0	-28	96	54	-84	-28	96
2	82	-180	1391796096	1	-5	7	-7	0	0	0	-28	96	54	-84	-28	96
2	82	-180	1391798092	1	-6	5	-6	0	0	0	-28	96	54	-84	-28	96
2	82	-180	1391800096	2	-6	6	-7	0	0	0	-28	96	54	-84	-28	96
2	82	-180	1391802092	1	-5	7	-5	0	0	0	-28	96	54	-84	-28	96
2	82	-180	1391804096	0	-5	5	-5	0	0	0	-28	96	54	-84	-28	96
2	82	-180	1391806100	1	-4	3	-5	0	0	0	-28	96	54	-84	-28	96
2	82	-180	1391808104	0	-5	5	-5	0	0	0	-28	96	54	-84	-28	96
2	82	-180	1391810100	1	-5	4	-3	0	0	0	-28	96	54	-84	-28	96
2	82	-180	1391812104	0	-2	3	-5	0	0	0	-28	96	54	-84	-28	96
2	82	-180	1391814100	0	-4	3	-4	0	0	0	-28	96	54	-84	-28	96
2	82	-180	1391816096	0	-4	3	-3	0	0	0	-28	96	54	-84	-28	96
2	82	-180	1391818092	0	-2	2	-3	0	0	0	-28	96	54	-84	-28	96
2	82	-180	1391820100	2	-3	3	-3	0	0	0	-28	96	54	-84	-28	96
2	82	-180	1391822096	0	-2	2	-2	0	0	0	-28	96	54	-84	-28	96
2	82	-180	1391824092	0	-2	2	-3	0	0	0	-28	96	54	-84	-28	96
2	82	-180	1391826096	0	-1	1	-1	0	0	0	-28	96	54	-84	-28	96
2	82	-180	1391828092	0	-1	1	-1	0	0	0	-28	96	54	-84	-28	96
2	82	-180	1391830096	0	-1	1	-2	0	0	0	-28	96	54	-84	-28	96
2	82	-180	1391832092	0	-2	2	-1	0	0	0	-28	96	54	-84	-28	96
2	82	-180	1391834056	0	0	0	-1	0	0	0	-28	96	54	-84	-28	96
2	82	-180	1391836076	0	-1	1	-1	0	0	0	-28	96	54	-84	-28	96
2	82	-180	1391840052	0	0	0	-2	0	0	0	-28	96	54	-84	-28	96
2	82	-180	1391842016	0	0	0	0	0	0	1	-28	96	54	-84	-28	96
3	82	-180	1391846052	0	0	1	0	0	0	1	54	-84	54	-84	-28	96
3	-130	149	1391902064	0	0	0	1	0	0	1	54	-84	-76	65	54	-84
3	-130	149	1391910088	0	0	0	1	0	0	1	54	-84	-76	65	54	-84
3	-130	149	1391912088	0	2	0	0	0	0	1	54	-84	-76	65	54	-84
3	-130	149	1391914088	0	1	0	1	0	0	1	54	-84	-76	65	54	-84
3	-130	149	1391916116	-1	1	0	3	0	0	0	54	-84	-76	65	54	-84
3	-130	149	1391918116	-1	4	-1	2	0	0	0	54	-84	-76	65	54	-84
3	-130	149	1391920108	-1	4	-2	4	0	0	0	54	-84	-76	65	54	-84
3	-130	149	1391922100	-3	3	-2	5	0	0	0	54	-84	-76	65	54	-84
3	-130	149	1391924096	-2	8	-3	5	0	0	0	54	-84	-76	65	54	-84
3	-130	149	1391926100	-3	6	-3	8	0	0	0	54	-84	-76	65	54	-84
3	-130	149	1391928104	-2	8	-5	7	0	0	0	54	-84	-76	65	54	-84
3	-130	149	1391930096	-4	11	-5	9	0	0	0	54	-84	-76	65	54	-84
3	-130	149	1391932092	-4	10	-7	10	0	0	0	54	-84	-76	65	54	-84
3	-130	149	1391934096	-4	12	-7	12	0	0	0	54	-84	-76	65	54	-84
3	-130	149	1391936100	-3	14	-9	13	0	0	0	54	-84	-76	65	54	-84
3	-130	149	1391938100	-4	18	-10	16	0	0	0	54	-84	-76	65	54	-84
3	-130	149	1391940096	-4	17	-11	15	0	0	0	54	-84	-76	65	54	-84
3	-130	149	1391942092	-4	19	-15	19	0	0	0	54	-84	-76	65	54	-84
3	-130	149	1391944092	-5	22	-14	19	0	0	0	54	-84	-76	65	54	-84
3	-130	149	1391946088	-3	23	-17	23	0	0	0	54	-84	-76	65	54	-84
3	-130	149	1391948096	-3	22	-22	25	0	0	0	54	-84	-76	65	54	-84
3	-130	149	1391950092	-4	25	-18	23	0	0	0	54	-84	-76	65	54	-84
3	-130	149	1391952088	-3	29	-25	29	0	0	0	54	-84	-76	65	54	-84
3	-130	149	1391954080	-3	28	-24	26	0	0	0	54	-84	-76	65	54	-84
3	-130	149	1391956084	-2	30	-30	31	0	0	0	54	-84	-76	65	54	-84
3	-130	149	1391958084	-3	33	-28	29	0	0	0	54	-84	-76	65	54	-84
3	-130	149	1391960080	-2	33	-35	35	0	0	0	54	-84	-76	65	54	-84
3	-130	149	1391962068	-3	34	-31	32	0	0	0	54	-84	-76	65	54	-84
3	-130	149	1391964064	-2	36	-39	39	0	0	0	54	-84	-76	65	54	-84
3	-130	149	1391966064	-4	41	-36	35	0	0	0	54	-84	-76	65	54	-84
3	-130	149	1391968060	-3	39	-44	43	0	0	0	54	-84	-76	65	54	-84
3	-130	149	1391970056	-3	40	-40	38	0	0	0	54	-84	-76	65	54	-84
3	-130	149	1391972052	-3	41	-48	45	0	0	0	54	-84	-76	65	54	-84
3	-130	149	1391974048	-4	49	-44	42	0	0	0	54	-84	-76	65	54	-84
3	-130	149	1391976044	-2	45	-51	48	0	0	0	54	-84	-76	65	54	-84
3	-130	149	1391978052	-4	45	-47	44	0	0	0	54	-84	-76	65	54	-84
3	-130	149	1391980048	-4	54	-56	53	0	0	0	54	-84	-76	65	54	-84
3	-130	149	1391982044	-2	47	-49	45	0	0	0	54	-84	-76	65	54	-84
3	-130	149	1391984040	-4	49	-57	53	0	0	0	54	-84	-76	65	54	-84
3	-130	149	1391986036	-4	50	-50	48	0	0	0	54	-84	-76	65	54	-84
3	-130	149	1391988040	-5	56	-59	55	0	0	0	54	-84	-76	65	54	-84
3	-130	149	1391990036	-3	50	-52	49	0	0	0	54	-84	-76	65	54	-84
3	-130	149	1391992032	-5	50	-59	55	0	0	0	54	-84	-76	65	54	-84
3	-130	149	1391994028	-7	56	-53	47	0	0	0	54	-84	-76	65	54	-84
3	-130	149	1391996024	-6	50	-58	55	0	0	0	54	-84	-76	65	54	-84
3	-130	149	1391998020	-6	49	-52	48	0	0	0	54	-84	-76	65	54	-84
3	-130	149	1392000016	-9	49	-58	53	0	0	0	54	-84	-76	65	54	-84
3	-130	149	1392002012	-10	52	-50	47	0	0	0	54	-84	-76	65	54	-84
3	-130	149	1392004008	-10	47	-57	51	0	0	0	54	-84	-76	65	54	-84
3	-130	149	1392006004	-11	45	-48	45	0	0	0	54	-84	-76	65	54	-84
3	-130	149	1392008000	-14	47	-55	49	0	0	0	54	-84	-76	65	54	-84
3	-130	149	1392010000	-14	41	-47	41	0	0	0	54	-84	-76	65	54	-84
3	-130	149	1392011996	-13	40	-51	45	0	0	0	54	-84	-76	65	54	-84
3	-130	149	1392013996	-15	38	-44	39	0	0	0	54	-84	-76	65	54	-84
3	-130	149	1392015992	-18	40	-48	41	0	0	0	54	-84	-76	65	54	-84
3	-130	149	1392017992	-16	32	-42	34	0	0	0	54	-84	-76	65	54	-84
3	-130	149	1392019988	-18	30	-45	36	0	0	0	54	-84	-76	65	54	-84
3	-130	149	1392021988	-16	30	-42	35	0	0	0	54	-84	-76	65	54	-84
3	-130	149	1392023988	-20	30	-35	27	0	0	0	54	-84	-76	65	54	-84
3	-130	149	1392025988	-17	24	-39	30	0	0	0	54	-84	-76	65	54	-84
3	-130	149	1392028000	-18	23	-32	24	0	0	0	54	-84	-76	65	54	-84
3	-130	149	1392030004	-19	23	-35	26	0	0	0	54	-84	-76	65	54	-84
3	-130	149	1392032004	-16	19	-29	20	0	0	0	54	-84	-76	65	54	-84
3	-130	149	1392034000	-16	18	-31	22	0	0	0	54	-84	-76	65	54	-84
3	-130	149	1392036000	-16	16	-27	16	0	0	0	54	-84	-76	65	54	-84
3	-130	149	1392037996	-15	14	-27	17	0	0	0	54	-84	-76	65	54	-84
3	-130	149	1392039996	-15	12	-23	14	0	0	0	54	-84	-76	65	54	-84
3	-130	149	1392041996	-14	11	-25	14	0	0	0	54	-84	-76	65	54	-84
3	-130	149	1392043992	-15	12	-18	11	0	0	0	54	-84	-76	65	54	-84
3	-130	149	1392045988	-14	8	-22	11	0	0	0	54	-84	-76	65	54	-84
3	-130	149	1392047996	-12	8	-17	9	0	0	0	54	-84	-76	65	54	-84
3	-130	149	1392049996	-14	9	-19	10	0	0	0	54	-84	-76	65	54	-84
3	-130	149	1392051992	-13	6	-16	6	0	0	0	54	-84	-76	65	54	-84
3	-130	149	1392053992	-11	6	-16	9	0	0	0	54	-84	-76	65	54	-84
3	-130	149	1392055992	-10	5	-14	6	0	0	0	54	-84	-76	65	54	-84
3	-130	149	1392057996	-11	6	-15	7	0	0	0	54	-84	-76	65	54	-84
3	-130	149	1392059996	-10	5	-11	5	0	0	0	54	-84	-76	65	54	-84
3	-130	149	1392062000	-9	5	-14	6	0	0	0	54	-84	-76	65	54	-84
3	-130	149	1392063996	-9	5	-13	5	0	0	0	54	-84	-76	65	54	-84
3	-130	149	1392065996	-7	5	-10	5	0	0	0	54	-84	-76	65	54	-84
3	-130	149	1392067988	-6	4	-11	5	0	0	0	54	-84	-76	65	54	-84
3	-130	149	1392069988	-8	4	-9	4	0	0	0	54	-84	-76	65	54	-84
3	-130	149	1392071988	-6	5	-10	5	0	0	0	54	-84	-76	65	54	-84
3	-130	149	1392073988	-5	4	-8	3	0	0	0	54	-84	-76	65	54	-84
3	-130	149	1392075992	-4	3	-9	5	0	0	0	54	-84	-76	65	54	-84
3	-130	149	1392077980	-5	5	-6	4	0	0	0	54	-84	-76	65	54	-84
3	-130	149	1392079984	-4	4	-8	4	0	0	0	54	-84	-76	65	54	-84
3	-130	149	1392081988	-2	4	-6	4	0	0	0	54	-84	-76	65	54	-84
3	-130	149	1392083988	-3	4	-6	5	0	0	0	54	-84	-76	65	54	-84
3	-130	149	1392085984	-1	5	-5	3	0	0	0	54	-84	-76	65	54	-84
3	-130	149	1392087980	-1	3	-7	5	0	0	0	54	-84	-76	65	54	-84
3	-130	149	1392089984	-1	4	-3	4	0	0	0	54	-84	-76	65	54	-84
3	-130	149	1392091976	-2	4	-5	4	0	0	0	54	-84	-76	65	54	-84
3	-130	149	1392093980	0	4	-4	4	0	0	0	54	-84	-76	65	54	-84
3	-130	149	1392095980	0	5	-4	5	0	0	0	54	-84	-76	65	54	-84
3	-130	149	1392097980	0	3	-2	2	0	0	0	54	-84	-76	65	54	-84
3	-130	149	1392099976	0	4	-4	5	0	0	0	54	-84	-76	65	54	-84
3	-130	149	1392101972	1	5	-3	4	0	0	0	54	-84	-76	65	54	-84
3	-130	149	1392103968	0	4	-2	5	0	0	0	54	-84	-76	65	54	-84
3	-130	149	1392105968	1	4	-3	4	0	0	0	54	-84	-76	65	54	-84
3	-130	149	1392107968	1	3	-2	3	0	0	0	54	-84	-76	65	54	-84
3	-130	149	1392109964	2	4	-1	4	0	0	0	54	-84	-76	65	54	-84
3	-130	149	1392111976	1	5	-3	5	0	0	0	54	-84	-76	65	54	-84
3	-130	149	1392113976	0	4	-1	4	0	0	0	54	-84	-76	65	54	-84
3	-130	149	1392115944	1	4	-1	4	0	0	0	54	-84	-76	65	54	-84
3	-130	149	1392117980	1	3	-2	3	0	0	0	54	-84	-76	65	54	-84
3	-130	149	1392119976	0	4	-1	4	0	0	0	54	-84	-76	65	54	-84
3	-130	149	1392121980	2	3	-1	4	0	0	0	54	-84	-76	65	54	-84
3	-130	149	1392123980	0	3	-1	2	0	0	0	54	-84	-76	65	54	-84
3	-130	149	1392125980	1	4	-2	4	0	0	0	54	-84	-76	65	54	-84
3	-130	149	1392127972	0	3	-1	3	0	0	0	54	-84	-76	65	54	-84
3	-130	149	1392129948	1	2	-1	3	0	0	0	54	-84	-76	65	54	-84
3	-130	149	1392131976	0	3	-1	3	0	0	0	54	-84	-76	65	54	-84
3	-130	149	1392133948	0	2	0	4	0	0	0	54	-84	-76	65	54	-84
3	-130	149	1392135976	0	3	-2	2	0	0	0	54	-84	-76	65	54	-84
3	-130	149	1392137948	0	2	0	3	0	0	0	54	-84	-76	65	54	-84
3	-130	149	1392139972	0	3	-1	1	0	0	0	54	-84	-76	65	54	-84
3	-130	149	1392141972	0	2	-1	2	0	0	0	54	-84	-76	65	54	-84
3	-130	149	1392143972	-2	3	0	3	0	0	0	54	-84	-76	65	54	-84
3	-130	149	1392145972	-1	1	-1	2	0	0	0	54	-84	-76	65	54	-84
3	-130	149	1392147976	-2	2	0	2	0	0	0	54	-84	-76	65	54	-84
3	-130	149	1392149976	-3	2	-2	2	0	0	1	54	-84	-76	65	54	-84
4	-130	149	1392151980	-2	2	-1	3	0	0	1	-76	65	-76	65	54	-84
4	-130	149	1392153976	-3	1	-1	1	0	0	1	-76	65	-76	65	54	-84
4	-130	149	1392155980	-4	2	-1	1	0	0	1	-76	65	-76	65	54	-84
4	-130	149	1392157976	-3	1	-2	3	0	0	1	-76	65	-76	65	54	-84
4	167	-107	1392159980	-4	2	-1	1	0	0	1	-76	65	91	-42	-76	65
4	167	-107	1392161976	-4	2	-1	1	0	0	1	-76	65	91	-42	-76	65
4	167	-107	1392163980	-5	1	-1	3	0	0	1	-76	65	91	-42	-76	65
4	167	-107	1392165984	-4	1	-2	1	0	0	1	-76	65	91	-42	-76	65
4	167	-107	1392167976	-5	1	-1	1	0	0	1	-76	65	91	-42	-76	65
4	167	-107	1392169976	-5	2	-1	1	0	0	1	-76	65	91	-42	-76	65
4	167	-107	1392171984	-3	1	-1	2	0	0	1	-76	65	91	-42	-76	65
4	167	-107	1392173976	-5	1	-2	1	0	0	1	-76	65	91	-42	-76	65
4	167	-107	1392175984	-4	0	-1	1	0	0	1	-76	65	91	-42	-76	65
4	167	-107	1392177976	-4	1	-1	0	0	0	1	-76	65	91	-42	-76	65
4	167	-107	1392179972	-2	2	-1	1	0	0	1	-76	65	91	-42	-76	65
4	167	-107	1392181976	-4	1	-2	2	0	0	1	-76	65	91	-42	-76	65
4	167	-107	1392183972	-3	1	0	0	0	0	1	-76	65	91	-42	-76	65
4	167	-107	1392185972	-3	1	-1	0	0	0	1	-76	65	91	-42	-76	65
4	167	-107	1392187980	-2	2	0	1	0	0	1	-76	65	91	-42	-76	65
4	167	-107	1392189952	-2	0	-1	0	0	0	1	-76	65	91	-42	-76	65
4	167	-107	1392191980	-1	1	0	0	0	0	1	-76	65	91	-42	-76	65
4	167	-107	1392193980	-2	1	-1	0	0	0	1	-76	65	91	-42	-76	65
4	167	-107	1392195960	-1	0	0	0	0	0	1	-76	65	91	-42	-76	65
4	167	-107	1392197992	-1	1	0	0	0	0	1	-76	65	91	-42	-76	65
4	167	-107	1392203972	-1	0	0	0	0	0	1	-76	65	91	-42	-76	65
4	167	-107	1392219960	0	0	0	0	0	0	0	-76	65	91	-42	-76	65
4	167	-107	1392221992	0	-1	0	0	0	0	0	-76	65	91	-42	-76	65
4	167	-107	1392223988	0	-1	0	0	0	0	0	-76	65	91	-42	-76	65
4	167	-107	1392225984	0	-2	0	0	0	0	0	-76	65	91	-42	-76	65
4	167	-107	1392228004	1	-2	0	-1	0	0	0	-76	65	91	-42	-76	65
4	167	-107	1392230008	2	-3	2	-2	0	0	0	-76	65	91	-42	-76	65
4	167	-107	1392232004	1	-3	3	-4	0	0	0	-76	65	91	-42	-76	65
4	167	-107	1392234008	2	-4	5	-4	0	0	0	-76	65	91	-42	-76	65
4	167	-107	1392236012	3	-6	5	-5	0	0	0	-76	65	91	-42	-76	65
4	167	-107	1392238016	4	-5	7	-5	0	0	0	-76	65	91	-42	-76	65
4	167	-107	1392240020	3	-8	10	-6	0	0	0	-76	65	91	-42	-76	65
4	167	-107	1392242016	5	-9	10	-7	0	0	0	-76	65	91	-42	-76	65
4	167	-107	1392244020	5	-8	14	-9	0	0	0	-76	65	91	-42	-76	65
4	167	-107	1392246016	7	-10	14	-9	0	0	0	-76	65	91	-42	-76	65
4	167	-107	1392248016	8	-13	19	-11	0	0	0	-76	65	91	-42	-76	65
4	167	-107	1392250008	9	-12	18	-10	0	0	0	-76	65	91	-42	-76	65
4	167	-107	1392252012	9	-13	24	-14	0	0	0	-76	65	91	-42	-76	65
4	167	-107	1392254020	11	-14	24	-12	0	0	0	-76	65	91	-42	-76	65
4	167	-107	1392256016	14	-17	31	-17	0	0	0	-76	65	91	-42	-76	65
4	167	-107	1392258012	12	-15	29	-15	0	0	0	-76	65	91	-42	-76	65
4	167	-107	1392260008	15	-16	36	-17	0	0	0	-76	65	91	-42	-76	65
4	167	-107	1392262004	18	-20	34	-16	0	0	0	-76	65	91	-42	-76	65
4	167	-107	1392264004	17	-18	41	-19	0	0	0	-76	65	91	-42	-76	65
4	167	-107	1392266004	18	-17	38	-18	0	0	0	-76	65	91	-42	-76	65
4	167	-107	1392268004	22	-22	46	-20	0	0	0	-76	65	91	-42	-76	65
4	167	-107	1392270000	22	-18	49	-20	0	0	0	-76	65	91	-42	-76	65
4	167	-107	1392272000	22	-20	45	-18	0	0	0	-76	65	91	-42	-76	65
4	167	-107	1392274000	24	-20	52	-22	0	0	0	-76	65	91	-42	-76	65
4	167	-107	1392276000	27	-23	48	-18	0	0	0	-76	65	91	-42	-76	65
4	167	-107	1392277996	27	-20	56	-23	0	0	0	-76	65	91	-42	-76	65
4	167	-107	1392279996	27	-21	50	-20	0	0	0	-76	65	91	-42	-76	65
4	167	-107	1392282000	34	-24	60	-22	0	0	0	-76	65	91	-42	-76	65
4	167	-107	1392283996	31	-21	54	-22	0	0	0	-76	65	91	-42	-76	65
4	167	-107	1392285996	33	-20	62	-23	0	0	0	-76	65	91	-42	-76	65
4	167	-107	1392288000	33	-21	56	-20	0	0	0	-76	65	91	-42	-76	65
4	167	-107	1392289996	39	-24	65	-24	0	0	0	-76	65	91	-42	-76	65
4	167	-107	1392291996	36	-20	59	-21	0	0	0	-76	65	91	-42	-76	65
4	167	-107	1392293996	37	-21	66	-23	0	0	0	-76	65	91	-42	-76	65
4	167	-107	1392295996	41	-23	60	-21	0	0	0	-76	65	91	-42	-76	65
4	167	-107	1392297996	37	-20	69	-24	0	0	0	-76	65	91	-42	-76	65
4	167	-107	1392299992	37	-20	60	-20	0	0	0	-76	65	91	-42	-76	65
4	167	-107	1392301992	37	-19	69	-24	0	0	0	-76	65	91	-42	-76	65
4	167	-107	1392303996	43	-22	60	-18	0	0	0	-76	65	91	-42	-76	65
4	167	-107	1392305996	36	-18	70	-23	0	0	0	-76	65	91	-42	-76	65
4	167	-107	1392307996	36	-17	60	-19	0	0	0	-76	65	91	-42	-76	65
4	167	-107	1392309996	41	-20	67	-21	0	0	0	-76	65	91	-42	-76	65
4	167	-107	1392311996	35	-18	60	-17	0	0	0	-76	65	91	-42	-76	65
4	167	-107	1392313996	34	-16	67	-20	0	0	0	-76	65	91	-42	-76	65
4	167	-107	1392315996	36	-17	65	-20	0	0	0	-76	65	91	-42	-76	65
4	167	-107	1392317996	32	-17	55	-17	0	0	0	-76	65	91	-42	-76	65
4	167	-107	1392319996	31	-15	62	-18	0	0	0	-76	65	91	-42	-76	65
4	167	-107	1392322000	29	-16	53	-15	0	0	0	-76	65	91	-42	-76	65
4	167	-107	1392323996	32	-16	58	-18	0	0	0	-76	65	91	-42	-76	65
4	167	-107	1392325996	26	-15	50	-15	0	0	0	-76	65	91	-42	-76	65
4	167	-107	1392327996	28	-15	57	-17	0	0	0	-76	65	91	-42	-76	65
4	167	-107	1392329996	29	-16	47	-15	0	0	0	-76	65	91	-42	-76	65
4	167	-107	1392331996	25	-15	53	-17	0	0	0	-76	65	91	-42	-76	65
4	167	-107	1392333996	23	-15	45	-15	0	0	0	-76	65	91	-42	-76	65
4	167	-107	1392335996	24	-14	50	-16	0	0	0	-76	65	91	-42	-76	65
4	167	-107	1392337996	25	-18	42	-14	0	0	0	-76	65	91	-42	-76	65
4	167	-107	1392339996	21	-13	46	-16	0	0	0	-76	65	91	-42	-76	65
4	167	-107	1392341988	22	-17	40	-15	0	0	0	-76	65	91	-42	-76	65
4	167	-107	1392343988	22	-16	45	-16	0	0	0	-76	65	91	-42	-76	65
4	167	-107	1392345992	19	-15	38	-15	0	0	0	-76	65	91	-42	-76	65
4	167	-107	1392347992	17	-15	42	-16	0	0	0	-76	65	91	-42	-76	65
4	167	-107	1392349992	18	-15	35	-15	0	0	0	-76	65	91	-42	-76	65
4	167	-107	1392351992	19	-17	40	-18	0	0	0	-76	65	91	-42	-76	65
4	167	-107	1392353996	15	-15	34	-15	0	0	0	-76	65	91	-42	-76	65
4	167	-107	1392355996	15	-14	38	-16	0	0	0	-76	65	91	-42	-76	65
4	167	-107	1392357996	15	-18	36	-18	0	0	0	-76	65	91	-42	-76	65
4	167	-107	1392359996	12	-15	31	-13	0	0	0	-76	65	91	-42	-76	65
4	167	-107	1392361996	11	-13	33	-17	0	0	0	-76	65	91	-42	-76	65
4	167	-107	1392363996	13	-17	27	-15	0	0	0	-76	65	91	-42	-76	65
4	167	-107	1392366000	10	-13	31	-15	0	0	0	-76	65	91	-42	-76	65
4	167	-107	1392367996	10	-14	25	-13	0	0	0	-76	65	91	-42	-76	65
4	167	-107	1392370000	7	-14	27	-17	0	0	0	-76	65	91	-42	-76	65
4	167	-107	1392372004	9	-15	22	-12	0	0	0	-76	65	91	-42	-76	65
4	167	-107	1392374000	6	-12	24	-15	0	0	0	-76	65	91	-42	-76	65
4	167	-107	1392376004	7	-13	20	-13	0	0	0	-76	65	91	-42	-76	65
4	167	-107	1392378008	5	-14	20	-13	0	0	0	-76	65	91	-42	-76	65
4	167	-107	1392380004	5	-11	17	-12	0	0	0	-76	65	91	-42	-76	65
4	167	-107	1392382000	3	-11	18	-12	0	0	0	-76	65	91	-42	-76	65
4	167	-107	1392383988	4	-11	15	-11	0	0	0	-76	65	91	-42	-76	65
4	167	-107	1392385984	3	-13	15	-13	0	0	0	-76	65	91	-42	-76	65
4	167	-107	1392387980	3	-10	12	-10	0	0	0	-76	65	91	-42	-76	65
4	167	-107	1392389976	2	-9	14	-11	0	0	0	-76	65	91	-42	-76	65
4	167	-107	1392391980	2	-11	10	-9	0	0	0	-76	65	91	-42	-76	65
4	167	-107	1392393984	3	-9	11	-11	0	0	0	-76	65	91	-42	-76	65
4	167	-107	1392395988	1	-8	10	-9	0	0	0	-76	65	91	-42	-76	65
4	167	-107	1392397984	1	-9	10	-9	0	0	0	-76	65	91	-42	-76	65
4	167	-107	1392399976	1	-9	8	-8	0	0	0	-76	65	91	-42	-76	65
4	167	-107	1392401980	2	-9	10	-9	0	0	0	-76	65	91	-42	-76	65
4	167	-107	1392403988	1	-7	9	-9	0	0	0	-76	65	91	-42	-76	65
4	167	-107	1392405992	1	-9	6	-7	0	0	0	-76	65	91	-42	-76	65
4	167	-107	1392407996	1	-7	9	-9	0	0	0	-76	65	91	-42	-76	65
4	167	-107	1392409988	2	-9	6	-8	0	0	0	-76	65	91	-42	-76	65
4	167	-107	1392411992	1	-9	9	-8	0	0	0	-76	65	91	-42	-76	65
4	167	-107	1392414000	1	-7	6	-8	0	0	0	-76	65	91	-42	-76	65
4	167	-107	1392416004	0	-8	7	-9	0	0	0	-76	65	91	-42	-76	65
4	167	-107	1392418004	1	-7	8	-7	0	0	0	-76	65	91	-42	-76	65
4	167	-107	1392420008	2	-9	6	-10	0	0	0	-76	65	91	-42	-76	65
4	167	-107	1392422000	1	-8	8	-8	0	0	0	-76	65	91	-42	-76	65
4	167	-107	1392424004	1	-8	6	-8	0	0	0	-76	65	91	-42	-76	65
4	167	-107	1392426008	1	-9	7	-8	0	0	0	-76	65	91	-42	-76	65
4	167	-107	1392428004	0	-8	7	-10	0	0	0	-76	65	91	-42	-76	65
4	167	-107	1392430004	2	-8	6	-7	0	0	0	-76	65	91	-42	-76	65
4	167	-107	1392432008	1	-9	7	-10	0	0	0	-76	65	91	-42	-76	65
4	167	-107	1392434004	1	-9	7	-9	0	0	0	-76	65	91	-42	-76	65
4	167	-107	1392436008	1	-9	7	-10	0	0	0	-76	65	91	-42	-76	65
4	167	-107	1392438000	0	-8	8	-10	0	0	0	-76	65	91	-42	-76	65
4	167	-107	1392439996	2	-10	7	-9	0	0	0	-76	65	91	-42	-76	65
4	167	-107	1392441996	0	-9	8	-10	0	0	0	-76	65	91	-42	-76	65
4	167	-107	1392443992	1	-9	6	-9	0	0	0	-76	65	91	-42	-76	65
4	167	-107	1392445992	0	-10	9	-10	0	0	0	-76	65	91	-42	-76	65
4	167	-107	1392447996	1	-9	6	-8	0	0	0	-76	65	91	-42	-76	65
4	167	-107	1392449992	0	-8	7	-12	0	0	0	-76	65	91	-42	-76	65
4	167	-107	1392451992	0	-9	7	-7	0	0	0	-76	65	91	-42	-76	65
4	167	-107	1392453984	0	-9	7	-10	0	0	0	-76	65	91	-42	-76	65
4	167	-107	1392455992	0	-9	6	-9	0	0	0	-76	65	91	-42	-76	65
4	167	-107	1392457996	0	-8	8	-10	0	0	0	-76	65	91	-42	-76	65
4	167	-107	1392459992	0	-9	6	-7	0	0	0	-76	65	91	-42	-76	65
4	167	-107	1392462000	0	-9	8	-10	0	0	0	-76	65	91	-42	-76	65
4	167	-107	1392463996	0	-7	6	-8	0	0	0	-76	65	91	-42	-76	65
4	167	-107	1392465992	0	-8	6	-7	0	0	0	-76	65	91	-42	-76	65
4	167	-107	1392468000	0	-7	5	-8	0	0	0	-76	65	91	-42	-76	65
4	167	-107	1392469996	-2	-7	6	-7	0	0	0	-76	65	91	-42	-76	65
4	167	-107	1392472000	0	-6	7	-7	0	0	0	-76	65	91	-42	-76	65
4	167	-107	1392473992	-1	-6	5	-6	0	0	0	-76	65	91	-42	-76	65
4	167	-107	1392475992	0	-6	3	-6	0	0	0	-76	65	91	-42	-76	65
4	167	-107	1392477988	-1	-4	5	-5	0	0	0	-76	65	91	-42	-76	65
4	167	-107	1392479988	0	-5	4	-5	0	0	0	-76	65	91	-42	-76	65
4	167	-107	1392481980	-1	-4	4	-5	0	0	0	-76	65	91	-42	-76	65
4	167	-107	1392483980	0	-4	2	-4	0	0	0	-76	65	91	-42	-76	65
4	167	-107	1392485988	-2	-2	3	-4	0	0	0	-76	65	91	-42	-76	65
4	167	-107	1392487988	0	-3	2	-2	0	0	0	-76	65	91	-42	-76	65
4	167	-107	1392489992	0	-2	3	-3	0	0	0	-76	65	91	-42	-76	65
4	167	-107	1392491960	-1	-1	1	-2	0	0	0	-76	65	91	-42	-76	65
4	167	-107	1392493984	0	-2	1	-1	0	0	0	-76	65	91	-42	-76	65
4	167	-107	1392495980	0	-1	2	-3	0	0	0	-76	65	91	-42	-76	65
4	167	-107	1392497988	0	-1	1	-1	0	0	0	-76	65	91	-42	-76	65
4	167	-107	1392499984	0	0	1	-1	0	0	0	-76	65	91	-42	-76	65
4	167	-107	1392501928	0	0	0	0	0	0	1	-76	65	91	-42	-76	65
5	167	-107	1392503952	-1	0	1	-2	0	0	1	91	-42	91	-42	-76	65
5	167	-107	1392505952	0	-1	0	0	0	0	1	91	-42	91	-42	-76	65
5	167	-107	1392507948	0	0	0	-1	0	0	1	91	-42	91	-42	-76	65
5	-190	56	1392551968	0	0	0	1	0	0	1	91	-42	-99	14	91	-42
5	-190	56	1392555956	-1	0	0	0	0	0	1	91	-42	-99	14	91	-42
5	-190	56	1392557980	-2	0	0	1	0	0	1	91	-42	-99	14	91	-42
5	-190	56	1392559956	-1	0	0	0	0	0	1	91	-42	-99	14	91	-42
5	-190	56	1392561980	-2	0	0	1	0	0	1	91	-42	-99	14	91	-42
5	-190	56	1392563952	-3	0	0	0	0	0	1	91	-42	-99	14	91	-42
5	-190	56	1392565972	-2	1	-1	1	0	0	1	91	-42	-99	14	91	-42
5	-190	56	1392567968	-5	1	-1	2	0	0	1	91	-42	-99	14	91	-42
5	-190	56	1392569964	-5	2	-2	1	0	0	1	91	-42	-99	14	91	-42
5	-190	56	1392571960	-5	2	-1	1	0	0	1	91	-42	-99	14	91	-42
5	-190	56	1392573956	-5	3	-2	4	0	0	1	91	-42	-99	14	91	-42
5	-190	56	1392575952	-7	2	-4	2	0	0	1	91	-42	-99	14	91	-42
5	-190	56	1392577944	-7	5	-4	4	0	0	1	91	-42	-99	14	91	-42
5	-190	56	1392579952	-8	4	-5	4	0	0	0	91	-42	-99	14	91	-42
5	-190	56	1392581956	-8	6	-6	5	0	0	0	91	-42	-99	14	91	-42
5	-190	56	1392583948	-9	5	-8	6	0	0	0	91	-42	-99	14	91	-42
5	-190	56	1392585952	-10	9	-7	6	0	0	0	91	-42	-99	14	91	-42
5	-190	56	1392587952	-11	7	-11	9	0	0	0	91	-42	-99	14	91	-42
5	-190	56	1392589944	-10	9	-10	8	0	0	0	91	-42	-99	14	91	-42
5	-190	56	1392591944	-14	10	-15	8	0	0	0	91	-42	-99	14	91	-42
5	-190	56	1392593940	-11	10	-14	10	0	0	0	91	-42	-99	14	91	-42
5	-190	56	1392595936	-14	11	-19	12	0	0	0	91	-42	-99	14	91	-42
5	-190	56	1392597936	-15	13	-19	11	0	0	0	91	-42	-99	14	91	-42
5	-190	56	1392599940	-15	14	-23	14	0	0	0	91	-42	-99	14	91	-42
5	-190	56	1392601944	-15	13	-23	12	0	0	0	91	-42	-99	14	91	-42
5	-190	56	1392603944	-16	14	-30	16	0	0	0	91	-42	-99	14	91	-42
5	-190	56	1392605944	-19	18	-29	14	0	0	0	91	-42	-99	14	91	-42
5	-190	56	1392607948	-19	15	-36	16	0	0	0	91	-42	-99	14	91	-42
5	-190	56	1392609952	-19	16	-34	17	0	0	0	91	-42	-99	14	91	-42
5	-190	56	1392611948	-23	19	-42	17	0	0	0	91	-42	-99	14	91	-42
5	-190	56	1392613952	-22	17	-40	16	0	0	0	91	-42	-99	14	91	-42
5	-190	56	1392615948	-22	18	-50	20	0	0	0	91	-42	-99	14	91	-42
5	-190	56	1392617952	-24	17	-46	17	0	0	0	91	-42	-99	14	91	-42
5	-190	56	1392619952	-29	21	-57	20	0	0	0	91	-42	-99	14	91	-42
5	-190	56	1392621956	-26	19	-58	21	0	0	0	91	-42	-99	14	91	-42
5	-190	56	1392623956	-27	20	-55	19	0	0	0	91	-42	-99	14	91	-42
5	-190	56	1392625960	-32	21	-65	21	0	0	0	91	-42	-99	14	91	-42
5	-190	56	1392627960	-31	20	-60	19	0	0	0	91	-42	-99	14	91	-42
5	-190	56	1392629964	-31	22	-72	22	0	0	0	91	-42	-99	14	91	-42
5	-190	56	1392631964	-39	22	-63	19	0	0	0	91	-42	-99	14	91	-42
5	-190	56	1392633968	-35	21	-77	22	0	0	0	91	-42	-99	14	91	-42
5	-190	56	1392635968	-37	20	-68	20	0	0	0	91	-42	-99	14	91	-42
5	-190	56	1392637972	-39	22	-80	23	0	0	0	91	-42	-99	14	91	-42
5	-190	56	1392639968	-44	23	-72	20	0	0	0	91	-42	-99	14	91	-42
5	-190	56	1392641972	-40	20	-82	22	0	0	0	91	-42	-99	14	91	-42
5	-190	56	1392643968	-41	22	-73	19	0	0	0	91	-42	-99	14	91	-42
5	-190	56	1392645960	-48	22	-83	23	0	0	0	91	-42	-99	14	91	-42
5	-190	56	1392647968	-42	21	-74	20	0	0	0	91	-42	-99	14	91	-42
5	-190	56	1392649964	-44	20	-85	22	0	0	0	91	-42	-99	14	91	-42
5	-190	56	1392651956	-44	20	-73	19	0	0	0	91	-42	-99	14	91	-42
5	-190	56	1392653956	-48	22	-82	21	0	0	0	91	-42	-99	14	91	-42
5	-190	56	1392655952	-44	18	-71	19	0	0	0	91	-42	-99	14	91	-42
5	-190	56	1392657948	-43	19	-82	21	0	0	0	91	-42	-99	14	91	-42
5	-190	56	1392659944	-47	21	-68	18	0	0	0	91	-42	-99	14	91	-42
5	-190	56	1392661940	-41	18	-77	20	0	0	0	91	-42	-99	14	91	-42
5	-190	56	1392663940	-40	17	-65	16	0	0	0	91	-42	-99	14	91	-42
5	-190	56	1392665944	-38	17	-71	19	0	0	0	91	-42	-99	14	91	-42
5	-190	56	1392667952	-42	17	-69	17	0	0	0	91	-42	-99	14	91	-42
5	-190	56	1392669948	-35	15	-57	14	0	0	0	91	-42	-99	14	91	-42
5	-190	56	1392671948	-35	15	-63	16	0	0	0	91	-42	-99	14	91	-42
5	-190	56	1392673944	-38	15	-52	14	0	0	0	91	-42	-99	14	91	-42
5	-190	56	1392675940	-32	13	-56	15	0	0	0	91	-42	-99	14	91	-42
5	-190	56	1392677936	-30	12	-47	11	0	0	0	91	-42	-99	14	91	-42
5	-190	56	1392679928	-30	11	-51	13	0	0	0	91	-42	-99	14	91	-42
5	-190	56	1392681924	-32	12	-41	10	0	0	0	91	-42	-99	14	91	-42
5	-190	56	1392683920	-27	8	-45	11	0	0	0	91	-42	-99	14	91	-42
5	-190	56	1392685920	-26	9	-36	9	0	0	0	91	-42	-99	14	91	-42
5	-190	56	1392687920	-28	9	-40	10	0	0	0	91	-42	-99	14	91	-42
5	-190	56	1392689916	-24	7	-32	7	0	0	0	91	-42	-99	14	91	-42
5	-190	56	1392691916	-22	7	-35	8	0	0	0	91	-42	-99	14	91	-42
5	-190	56	1392693916	-21	5	-28	5	0	0	0	91	-42	-99	14	91	-42
5	-190	56	1392695912	-24	6	-30	6	0	0	0	91	-42	-99	14	91	-42
5	-190	56	1392697908	-20	4	-25	5	0	0	0	91	-42	-99	14	91	-42
5	-190	56	1392699908	-19	5	-28	5	0	0	0	91	-42	-99	14	91	-42
5	-190	56	1392701908	-21	3	-21	5	0	0	0	91	-42	-99	14	91	-42
5	-190	56	1392703908	-18	3	-24	4	0	0	0	91	-42	-99	14	91	-42
5	-190	56	1392705908	-16	2	-20	3	0	0	0	91	-42	-99	14	91	-42
5	-190	56	1392707916	-16	3	-20	3	0	0	0	91	-42	-99	14	91	-42
5	-190	56	1392709916	-18	2	-17	2	0	0	0	91	-42	-99	14	91	-42
5	-190	56	1392711916	-13	2	-20	3	0	0	0	91	-42	-99	14	91	-42
5	-190	56	1392713920	-15	1	-15	2	0	0	0	91	-42	-99	14	91	-42
5	-190	56	1392715916	-15	2	-18	2	0	0	0	91	-42	-99	14	91	-42
5	-190	56	1392717920	-14	2	-14	2	0	0	0	91	-42	-99	14	91	-42
5	-190	56	1392719920	-13	0	-15	1	0	0	0	91	-42	-99	14	91	-42
5	-190	56	1392721916	-13	1	-13	0	0	0	0	91	-42	-99	14	91	-42
5	-190	56	1392723920	-12	0	-12	2	0	0	0	91	-42	-99	14	91	-42
5	-190	56	1392725920	-11	0	-12	1	0	0	0	91	-42	-99	14	91	-42
5	-190	56	1392727920	-11	1	-10	0	0	0	0	91	-42	-99	14	91	-42
5	-190	56	1392729924	-11	0	-11	1	0	0	0	91	-42	-99	14	91	-42
5	-190	56	1392731896	-10	0	-9	0	0	0	0	91	-42	-99	14	91	-42
5	-190	56	1392733896	-10	0	-9	0	0	0	0	91	-42	-99	14	91	-42
5	-190	56	1392735900	-12	0	-9	0	0	0	0	91	-42	-99	14	91	-42
5	-190	56	1392737900	-8	0	-7	0	0	0	0	91	-42	-99	14	91	-42
5	-190	56	1392739900	-9	0	-8	0	0	0	0	91	-42	-99	14	91	-42
5	-190	56	1392741896	-9	0	-7	0	0	0	0	91	-42	-99	14	91	-42
5	-190	56	1392743892	-9	0	-5	0	0	0	0	91	-42	-99	14	91	-42
5	-190	56	1392745892	-7	0	-8	0	0	0	0	91	-42	-99	14	91	-42
5	-190	56	1392747888	-8	0	-5	0	0	0	0	91	-42	-99	14	91	-42
5	-190	56	1392749896	-7	0	-6	0	0	0	0	91	-42	-99	14	91	-42
5	-190	56	1392751932	-8	1	-4	0	0	0	0	91	-42	-99	14	91	-42
5	-190	56	1392753908	-6	0	-5	0	0	0	0	91	-42	-99	14	91	-42
5	-190	56	1392755932	-6	0	-5	1	0	0	0	91	-42	-99	14	91	-42
5	-190	56	1392757904	-6	0	-3	0	0	0	0	91	-42	-99	14	91	-42
5	-190	56	1392759928	-7	2	-5	0	0	0	0	91	-42	-99	14	91	-42
5	-190	56	1392761904	-6	0	-3	0	0	0	0	91	-42	-99	14	91	-42
5	-190	56	1392763912	-6	0	-4	0	0	0	0	91	-42	-99	14	91	-42
5	-190	56	1392765932	-5	1	-3	0	0	0	0	91	-42	-99	14	91	-42
5	-190	56	1392767936	-5	0	-3	2	0	0	0	91	-42	-99	14	91	-42
5	-190	56	1392769900	-5	0	-2	0	0	0	0	91	-42	-99	14	91	-42
5	-190	56	1392771924	-5	1	-3	0	0	0	0	91	-42	-99	14	91	-42
5	-190	56	1392773900	-5	0	-2	0	0	0	0	91	-42	-99	14	91	-42
5	-190	56	1392775928	-4	0	-3	1	0	0	0	91	-42	-99	14	91	-42
5	-190	56	1392777920	-5	1	-2	0	0	0	0	91	-42	-99	14	91	-42
5	-190	56	1392779924	-4	0	-2	1	0	0	0	91	-42	-99	14	91	-42
5	-190	56	1392781928	-3	2	-1	0	0	0	0	91	-42	-99	14	91	-42
5	-190	56	1392783904	-4	0	-1	0	0	0	0	91	-42	-99	14	91	-42
5	-190	56	1392785928	-4	0	-1	1	0	0	0	91	-42	-99	14	91	-42
5	-190	56	1392787932	-4	1	-2	0	0	0	0	91	-42	-99	14	91	-42
5	-190	56	1392789908	-3	0	-1	0	0	0	0	91	-42	-99	14	91	-42
5	-190	56	1392791936	-3	0	-1	2	0	0	0	91	-42	-99	14	91	-42
5	-190	56	1392793940	-2	1	-1	0	0	0	0	91	-42	-99	14	91	-42
5	-190	56	1392795916	-3	0	0	0	0	0	0	91	-42	-99	14	91	-42
5	-190	56	1392797920	-2	0	-2	0	0	0	0	91	-42	-99	14	91	-42
5	-190	56	1392799920	-3	0	0	0	0	0	0	91	-42	-99	14	91	-42
5	-190	56	1392801952	-1	1	-1	1	0	0	0	91	-42	-99	14	91	-42
5	-190	56	1392803924	-3	0	0	0	0	0	0	91	-42	-99	14	91	-42
5	-190	56	1392805928	-1	0	-1	0	0	0	0	91	-42	-99	14	91	-42
5	-190	56	1392807920	-1	0	0	0	0	0	0	91	-42	-99	14	91	-42
5	-190	56	1392809920	0	2	0	0	0	0	0	91	-42	-99	14	91	-42
5	-190	56	1392811916	-1	0	-1	0	0	0	0	91	-42	-99	14	91	-42
5	-190	56	1392815948	-2	0	0	1	0	0	0	91	-42	-99	14	91	-42
5	-190	56	1392817916	-1	0	0	0	0	0	0	91	-42	-99	14	91	-42
5	-190	56	1392819920	-1	0	-2	0	0	0	0	91	-42	-99	14	91	-42
5	-190	56	1392821920	0	1	0	0	0	0	0	91	-42	-99	14	91	-42
5	-190	56	1392823944	-3	0	0	1	0	0	0	91	-42	-99	14	91	-42
5	-190	56	1392825912	-1	0	0	0	0	0	0	91	-42	-99	14	91	-42
5	-190	56	1392827944	-1	1	0	0	0	0	1	91	-42	-99	14	91	-42
6	-190	56	1392829944	-1	0	-1	2	0	0	1	-99	14	-99	14	91	-42
6	-190	56	1392831908	-3	0	0	0	0	0	1	-99	14	-99	14	91	-42
6	-190	56	1392833940	-2	1	0	1	0	0	1	-99	14	-99	14	91	-42
6	198	0	1392835908	-3	0	-1	0	0	0	1	-99	14	99	14	-99	14
6	198	0	1392837948	-2	2	0	1	0	0	1	-99	14	99	14	-99	14
6	198	0	1392839916	-3	0	-1	0	0	0	1	-99	14	99	14	-99	14
6	198	0	1392841944	-2	1	0	1	0	0	1	-99	14	99	14	-99	14
6	198	0	1392843912	-4	0	-2	0	0	0	1	-99	14	99	14	-99	14
6	198	0	1392845940	-3	1	0	2	0	0	1	-99	14	99	14	-99	14
6	198	0	1392847936	-3	0	-1	1	0	0	1	-99	14	99	14	-99	14
6	198	0	1392849904	-3	0	-1	0	0	0	1	-99	14	99	14	-99	14
6	198	0	1392851932	-2	1	-1	1	0	0	1	-99	14	99	14	-99	14
6	198	0	1392853908	-3	0	0	0	0	0	1	-99	14	99	14	-99	14
6	198	0	1392855936	-4	2	-2	0	0	0	1	-99	14	99	14	-99	14
6	198	0	1392857944	-1	0	-1	1	0	0	1	-99	14	99	14	-99	14
6	198	0	1392859916	-2	0	0	0	0	0	1	-99	14	99	14	-99	14
6	198	0	1392861948	-3	1	-1	0	0	0	1	-99	14	99	14	-99	14
6	198	0	1392863924	-1	0	-1	0	0	0	1	-99	14	99	14	-99	14
6	198	0	1392865952	-3	0	0	2	0	0	1	-99	14	99	14	-99	14
6	198	0	1392867920	-1	0	0	0	0	0	1	-99	14	99	14	-99	14
6	198	0	1392869924	-1	0	-2	0	0	0	1	-99	14	99	14	-99	14
6	198	0	1392871924	-1	0	0	0	0	0	1	-99	14	99	14	-99	14
6	198	0	1392873928	0	0	-1	0	0	0	1	-99	14	99	14	-99	14
6	198	0	1392875932	-2	0	0	0	0	0	1	-99	14	99	14	-99	14
6	198	0	1392877936	0	0	0	1	0	0	1	-99	14	99	14	-99	14
6	198	0	1392879944	-1	0	0	0	0	0	1	-99	14	99	14	-99	14
6	198	0	1392901956	1	0	0	0	0	0	1	-99	14	99	14	-99	14
6	198	0	1392903952	2	0	0	0	0	0	1	-99	14	99	14	-99	14
6	198	0	1392905948	3	0	0	0	0	0	0	-99	14	99	14	-99	14
6	198	0	1392907944	2	0	3	0	0	0	0	-99	14	99	14	-99	14
6	198	0	1392909944	4	0	2	0	0	0	0	-99	14	99	14	-99	14
6	198	0	1392911936	6	0	4	0	0	0	0	-99	14	99	14	-99	14
6	198	0	1392913964	6	0	5	-1	0	0	0	-99	14	99	14	-99	14
6	198	0	1392915960	8	0	8	-1	0	0	0	-99	14	99	14	-99	14
6	198	0	1392917928	10	0	8	0	0	0	0	-99	14	99	14	-99	14
6	198	0	1392919956	12	-2	13	-1	0	0	0	-99	14	99	14	-99	14
6	198	0	1392921960	13	-1	12	-1	0	0	0	-99	14	99	14	-99	14
6	198	0	1392923960	15	-1	18	-2	0	0	0	-99	14	99	14	-99	14
6	198	0	1392925960	16	-1	17	-1	0	0	0	-99	14	99	14	-99	14
6	198	0	1392927960	21	-3	24	-1	0	0	0	-99	14	99	14	-99	14
6	198	0	1392929960	22	-2	23	-3	0	0	0	-99	14	99	14	-99	14
6	198	0	1392931960	22	-2	30	-1	0	0	0	-99	14	99	14	-99	14
6	198	0	1392933960	28	-2	28	-2	0	0	0	-99	14	99	14	-99	14
6	198	0	1392935960	27	-3	38	-3	0	0	0	-99	14	99	14	-99	14
6	198	0	1392937956	29	-1	35	-1	0	0	0	-99	14	99	14	-99	14
6	198	0	1392939956	35	-4	44	-3	0	0	0	-99	14	99	14	-99	14
6	198	0	1392941956	31	-1	41	-2	0	0	0	-99	14	99	14	-99	14
6	198	0	1392943960	35	-2	50	-3	0	0	0	-99	14	99	14	-99	14
6	198	0	1392945960	36	-3	46	-2	0	0	0	-99	14	99	14	-99	14
6	198	0	1392947964	44	-2	56	-3	0	0	0	-99	14	99	14	-99	14
6	198	0	1392949964	40	-3	53	-2	0	0	0	-99	14	99	14	-99	14
6	198	0	1392951964	44	-2	62	-3	0	0	0	-99	14	99	14	-99	14
6	198	0	1392953964	50	-3	57	-2	0	0	0	-99	14	99	14	-99	14
6	198	0	1392955968	47	-2	68	-3	0	0	0	-99	14	99	14	-99	14
6	198	0	1392957968	49	-3	70	-2	0	0	0	-99	14	99	14	-99	14
6	198	0	1392959968	56	-2	64	-3	0	0	0	-99	14	99	14	-99	14
6	198	0	1392961972	53	-3	75	-2	0	0	0	-99	14	99	14	-99	14
6	198	0	1392963972	54	-1	68	-3	0	0	0	-99	14	99	14	-99	14
6	198	0	1392965972	55	-3	78	-1	0	0	0	-99	14	99	14	-99	14
6	198	0	1392967972	63	-2	70	-2	0	0	0	-99	14	99	14	-99	14
6	198	0	1392969972	57	-1	80	-3	0	0	0	-99	14	99	14	-99	14
6	198	0	1392971972	58	-3	72	-1	0	0	0	-99	14	99	14	-99	14
6	198	0	1392973972	67	-2	82	-3	0	0	0	-99	14	99	14	-99	14
6	198	0	1392975972	58	-2	73	-2	0	0	0	-99	14	99	14	-99	14
6	198	0	1392977972	59	-2	81	-1	0	0	0	-99	14	99	14	-99	14
6	198	0	1392979968	58	-1	71	-3	0	0	0	-99	14	99	14	-99	14
6	198	0	1392981968	65	-2	80	-1	0	0	0	-99	14	99	14	-99	14
6	198	0	1392983968	55	-1	70	-3	0	0	0	-99	14	99	14	-99	14
6	198	0	1392985968	55	-1	76	-1	0	0	0	-99	14	99	14	-99	14
6	198	0	1392987968	60	-1	65	-1	0	0	0	-99	14	99	14	-99	14
6	198	0	1392989968	51	-2	73	-3	0	0	0	-99	14	99	14	-99	14
6	198	0	1392991972	50	-1	61	-1	0	0	0	-99	14	99	14	-99	14
6	198	0	1392993972	55	-1	68	-1	0	0	0	-99	14	99	14	-99	14
6	198	0	1392995976	46	-1	56	-1	0	0	0	-99	14	99	14	-99	14
6	198	0	1392997976	44	-2	62	-2	0	0	0	-99	14	99	14	-99	14
6	198	0	1392999976	42	0	58	-1	0	0	0	-99	14	99	14	-99	14
6	198	0	1393001972	47	-1	50	-1	0	0	0	-99	14	99	14	-99	14
6	198	0	1393003972	37	-1	52	-1	0	0	0	-99	14	99	14	-99	14
6	198	0	1393005972	36	0	45	-2	0	0	0	-99	14	99	14	-99	14
6	198	0	1393007952	39	0	48	0	0	0	0	-99	14	99	14	-99	14
6	198	0	1393009984	33	-1	40	-1	0	0	0	-99	14	99	14	-99	14
6	198	0	1393011956	30	0	44	0	0	0	0	-99	14	99	14	-99	14
6	198	0	1393013992	32	0	35	-1	0	0	0	-99	14	99	14	-99	14
6	198	0	1393015960	26	0	38	0	0	0	0	-99	14	99	14	-99	14
6	198	0	1393017952	24	0	33	0	0	0	0	-99	14	99	14	-99	14
6	198	0	1393019948	24	0	34	0	0	0	0	-99	14	99	14	-99	14
6	198	0	1393021948	24	0	28	0	0	0	0	-99	14	99	14	-99	14
6	198	0	1393023944	20	0	30	0	0	0	0	-99	14	99	14	-99	14
6	198	0	1393025968	17	1	27	0	0	0	0	-99	14	99	14	-99	14
6	198	0	1393027940	18	0	26	0	0	0	0	-99	14	99	14	-99	14
6	198	0	1393029972	17	1	21	0	0	0	0	-99	14	99	14	-99	14
6	198	0	1393031972	14	2	24	0	0	0	0	-99	14	99	14	-99	14
6	198	0	1393033972	12	1	19	2	0	0	0	-99	14	99	14	-99	14
6	198	0	1393035972	13	2	18	1	0	0	0	-99	14	99	14	-99	14
6	198	0	1393037972	10	2	17	1	0	0	0	-99	14	99	14	-99	14
6	198	0	1393039976	9	1	16	1	0	0	0	-99	14	99	14	-99	14
6	198	0	1393041972	8	1	12	2	0	0	0	-99	14	99	14	-99	14
6	198	0	1393043964	8	3	14	1	0	0	0	-99	14	99	14	-99	14
6	198	0	1393045972	6	1	11	2	0	0	0	-99	14	99	14	-99	14
6	198	0	1393047968	6	1	10	2	0	0	0	-99	14	99	14	-99	14
6	198	0	1393049964	7	1	10	1	0	0	0	-99	14	99	14	-99	14
6	198	0	1393051968	3	3	8	1	0	0	0	-99	14	99	14	-99	14
6	198	0	1393053972	5	1	7	1	0	0	0	-99	14	99	14	-99	14
6	198	0	1393055972	4	1	7	2	0	0	0	-99	14	99	14	-99	14
6	198	0	1393057972	4	2	6	2	0	0	0	-99	14	99	14	-99	14
6	198	0	1393059972	4	1	5	1	0	0	0	-99	14	99	14	-99	14
6	198	0	1393061972	3	2	5	2	0	0	0	-99	14	99	14	-99	14
6	198	0	1393063976	5	2	5	1	0	0	0	-99	14	99	14	-99	14
6	198	0	1393065968	4	1	5	2	0	0	0	-99	14	99	14	-99	14
6	198	0	1393067972	5	1	5	2	0	0	0	-99	14	99	14	-99	14
6	198	0	1393069972	6	3	5	1	0	0	0	-99	14	99	14	-99	14
6	198	0	1393071976	7	1	5	1	0	0	0	-99	14	99	14	-99	14
6	198	0	1393073980	6	1	6	3	0	0	0	-99	14	99	14	-99	14
6	198	0	1393075980	7	3	6	1	0	0	0	-99	14	99	14	-99	14
6	198	0	1393077984	8	1	7	2	0	0	0	-99	14	99	14	-99	14
6	198	0	1393079984	7	2	6	2	0	0	0	-99	14	99	14	-99	14
6	198	0	1393081984	9	2	7	2	0	0	0	-99	14	99	14	-99	14
6	198	0	1393083988	11	2	8	1	0	0	0	-99	14	99	14	-99	14
6	198	0	1393085984	10	3	7	3	0	0	0	-99	14	99	14	-99	14
6	198	0	1393087980	10	1	9	1	0	0	0	-99	14	99	14	-99	14
6	198	0	1393089976	13	2	8	3	0	0	0	-99	14	99	14	-99	14
6	198	0	1393091972	12	2	8	1	0	0	0	-99	14	99	14	-99	14
6	198	0	1393093976	12	2	9	2	0	0	0	-99	14	99	14	-99	14
6	198	0	1393095972	13	1	10	2	0	0	0	-99	14	99	14	-99	14
6	198	0	1393097976	14	2	9	1	0	0	0	-99	14	99	14	-99	14
6	198	0	1393099968	14	2	11	2	0	0	0	-99	14	99	14	-99	14
6	198	0	1393101972	14	1	9	2	0	0	0	-99	14	99	14	-99	14
6	198	0	1393103968	15	2	11	1	0	0	0	-99	14	99	14	-99	14
6	198	0	1393105968	15	1	10	1	0	0	0	-99	14	99	14	-99	14
6	198	0	1393107960	13	1	10	1	0	0	0	-99	14	99	14	-99	14
6	198	0	1393109964	15	0	10	2	0	0	0	-99	14	99	14	-99	14
6	198	0	1393111964	17	1	11	1	0	0	0	-99	14	99	14	-99	14
6	198	0	1393113968	15	2	10	1	0	0	0	-99	14	99	14	-99	14
6	198	0	1393115964	15	1	12	1	0	0	0	-99	14	99	14	-99	14
6	198	0	1393117964	17	0	10	2	0	0	0	-99	14	99	14	-99	14
6	198	0	1393119968	15	1	11	0	0	0	0	-99	14	99	14	-99	14
6	198	0	1393121968	16	1	10	1	0	0	0	-99	14	99	14	-99	14
6	198	0	1393123968	18	0	11	1	0	0	0	-99	14	99	14	-99	14
6	198	0	1393125968	16	2	10	1	0	0	0	-99	14	99	14	-99	14
6	198	0	1393127972	18	1	11	2	0	0	0	-99	14	99	14	-99	14
6	198	0	1393129972	16	1	10	1	0	0	0	-99	14	99	14	-99	14
6	198	0	1393131972	19	1	12	1	0	0	0	-99	14	99	14	-99	14
6	198	0	1393133972	16	3	10	1	0	0	0	-99	14	99	14	-99	14
6	198	0	1393135972	16	1	10	2	0	0	0	-99	14	99	14	-99	14
6	198	0	1393137976	18	1	10	2	0	0	0	-99	14	99	14	-99	14
6	198	0	1393139976	16	3	10	1	0	0	0	-99	14	99	14	-99	14
6	198	0	1393141976	15	1	10	2	0	0	0	-99	14	99	14	-99	14
6	198	0	1393143976	16	3	8	1	0	0	0	-99	14	99	14	-99	14
6	198	0	1393145976	15	1	10	2	0	0	0	-99	14	99	14	-99	14
6	198	0	1393147976	14	1	8	2	0	0	0	-99	14	99	14	-99	14
6	198	0	1393149972	14	1	10	2	0	0	0	-99	14	99	14	-99	14
6	198	0	1393151968	13	3	7	1	0	0	0	-99	14	99	14	-99	14
6	198	0	1393153964	13	2	9	2	0	0	0	-99	14	99	14	-99	14
6	198	0	1393155960	11	2	8	2	0	0	0	-99	14	99	14	-99	14
6	198	0	1393157956	11	2	8	1	0	0	0	-99	14	99	14	-99	14
6	198	0	1393159960	12	1	7	3	0	0	0	-99	14	99	14	-99	14
6	198	0	1393161956	8	3	7	1	0	0	0	-99	14	99	14	-99	14
6	198	0	1393163956	10	1	6	1	0	0	0	-99	14	99	14	-99	14
6	198	0	1393165952	9	1	7	3	0	0	0	-99	14	99	14	-99	14
6	198	0	1393167956	9	2	6	1	0	0	0	-99	14	99	14	-99	14
6	198	0	1393169960	7	1	5	1	0	0	0	-99	14	99	14	-99	14
6	198	0	1393171960	9	1	6	2	0	0	0	-99	14	99	14	-99	14
6	198	0	1393173964	6	3	5	1	0	0	0	-99	14	99	14	-99	14
6	198	0	1393175964	7	1	5	1	0	0	0	-99	14	99	14	-99	14
6	198	0	1393177968	6	1	4	0	0	0	0	-99	14	99	14	-99	14
6	198	0	1393179968	5	1	4	1	0	0	0	-99	14	99	14	-99	14
6	198	0	1393181968	5	0	3	2	0	0	0	-99	14	99	14	-99	14
6	198	0	1393183972	5	2	3	0	0	0	0	-99	14	99	14	-99	14
6	198	0	1393185976	4	0	2	1	0	0	0	-99	14	99	14	-99	14
6	198	0	1393187976	2	1	3	0	0	0	0	-99	14	99	14	-99	14
6	198	0	1393189984	1	0	2	1	0	0	1	-99	14	99	14	-99	14
7	198	0	1393191984	3	1	2	0	0	0	1	99	14	99	14	-99	14
7	198	0	1393193992	1	0	1	1	0	0	1	99	14	99	14	-99	14
7	198	0	1393195960	0	0	1	0	0	0	1	99	14	99	14	-99	14
7	198	0	1393197988	1	1	1	0	0	0	1	99	14	99	14	-99	14
7	-190	-56	1393199952	0	0	0	2	0	0	1	99	14	-91	-42	99	14
7	-190	-56	1393201952	0	0	2	0	0	0	1	99	14	-91	-42	99	14
7	-190	-56	1393205944	0	2	0	0	0	0	1	99	14	-91	-42	99	14
7	-190	-56	1393207972	-3	0	0	1	0	0	1	99	14	-91	-42	99	14
7	-190	-56	1393209972	-2	1	0	0	0	0	1	99	14	-91	-42	99	14
7	-190	-56	1393211968	-3	0	-1	1	0	0	1	99	14	-91	-42	99	14
7	-190	-56	1393213976	-3	1	0	0	0	0	1	99	14	-91	-42	99	14
7	-190	-56	1393215972	-3	0	-1	1	0	0	1	99	14	-91	-42	99	14
7	-190	-56	1393217968	-4	1	-1	2	0	0	1	99	14	-91	-42	99	14
7	-190	-56	1393219972	-5	0	-1	1	0	0	1	99	14	-91	-42	99	14
7	-190	-56	1393221976	-5	2	-2	1	0	0	1	99	14	-91	-42	99	14
7	-190	-56	1393223968	-5	1	-1	1	0	0	1	99	14	-91	-42	99	14
7	-190	-56	1393225972	-5	1	-1	2	0	0	1	99	14	-91	-42	99	14
7	-190	-56	1393227976	-6	1	-3	0	0	0	1	99	14	-91	-42	99	14
7	-190	-56	1393229980	-6	2	-1	2	0	0	1	99	14	-91	-42	99	14
7	-190	-56	1393231976	-6	1	-1	1	0	0	1	99	14	-91	-42	99	14
7	-190	-56	1393233980	-8	1	-3	2	0	0	1	99	14	-91	-42	99	14
7	-190	-56	1393235984	-6	1	-2	1	0	0	1	99	14	-91	-42	99	14
7	-190	-56	1393237980	-6	2	-3	1	0	0	1	99	14	-91	-42	99	14
7	-190	-56	1393239984	-7	1	-1	1	0	0	1	99	14	-91	-42	99	14
7	-190	-56	1393241988	-6	1	-2	2	0	0	1	99	14	-91	-42	99	14
7	-190	-56	1393243992	-6	1	-3	1	0	0	1	99	14	-91	-42	99	14
7	-190	-56	1393245996	-8	2	-2	2	0	0	1	99	14	-91	-42	99	14
7	-190	-56	1393248000	-6	1	-2	2	0	0	1	99	14	-91	-42	99	14
7	-190	-56	1393250004	-6	1	-2	1	0	0	1	99	14	-91	-42	99	14
7	-190	-56	1393252008	-8	1	-3	1	0	0	1	99	14	-91	-42	99	14
7	-190	-56	1393254012	-6	2	-2	1	0	0	1	99	14	-91	-42	99	14
7	-190	-56	1393256016	-7	1	-3	2	0	0	1	99	14	-91	-42	99	14
7	-190	-56	1393258020	-7	1	-1	1	0	0	1	99	14	-91	-42	99	14
7	-190	-56	1393260020	-7	1	-2	1	0	0	1	99	14	-91	-42	99	14
7	-190	-56	1393262024	-6	2	-3	1	0	0	1	99	14	-91	-42	99	14
7	-190	-56	1393264024	-7	1	-2	3	0	0	1	99	14	-91	-42	99	14
7	-190	-56	1393266028	-8	1	-2	1	0	0	1	99	14	-91	-42	99	14
7	-190	-56	1393268032	-7	0	-3	1	0	0	1	99	14	-91	-42	99	14
7	-190	-56	1393270036	-7	1	-3	2	0	0	1	99	14	-91	-42	99	14
7	-190	-56	1393272040	-8	2	-2	1	0	0	1	99	14	-91	-42	99	14
7	-190	-56	1393274044	-7	1	-3	1	0	0	1	99	14	-91	-42	99	14
7	-190	-56	1393276036	-8	1	-2	1	0	0	0	99	14	-91	-42	99	14
7	-190	-56	1393278040	-8	0	-3	2	0	0	0	99	14	-91	-42	99	14
7	-190	-56	1393280044	-9	1	-2	1	0	0	0	99	14	-91	-42	99	14
7	-190	-56	1393282040	-8	2	-4	1	0	0	0	99	14	-91	-42	99	14
7	-190	-56	1393284044	-8	0	-4	1	0	0	0	99	14	-91	-42	99	14
7	-190	-56	1393286048	-10	1	-5	2	0	0	0	99	14	-91	-42	99	14
7	-190	-56	1393288016	-10	0	-5	0	0	0	0	99	14	-91	-42	99	14
7	-190	-56	1393290020	-10	0	-6	0	0	0	0	99	14	-91	-42	99	14
7	-190	-56	1393292020	-12	0	-6	0	0	0	0	99	14	-91	-42	99	14
7	-190	-56	1393294048	-13	-2	-10	-1	0	0	0	99	14	-91	-42	99	14
7	-190	-56	1393296052	-14	-1	-9	-1	0	0	0	99	14	-91	-42	99	14
7	-190	-56	1393298048	-14	-4	-13	-3	0	0	0	99	14	-91	-42	99	14
7	-190	-56	1393300048	-17	-3	-11	-3	0	0	0	99	14	-91	-42	99	14
7	-190	-56	1393302052	-18	-5	-15	-5	0	0	0	99	14	-91	-42	99	14
7	-190	-56	1393304052	-19	-5	-16	-5	0	0	0	99	14	-91	-42	99	14
7	-190	-56	1393306056	-23	-8	-19	-8	0	0	0	99	14	-91	-42	99	14
7	-190	-56	1393308056	-23	-9	-19	-6	0	0	0	99	14	-91	-42	99	14
7	-190	-56	1393310056	-24	-8	-25	-10	0	0	0	99	14	-91	-42	99	14
7	-190	-56	1393312060	-26	-10	-23	-10	0	0	0	99	14	-91	-42	99	14
7	-190	-56	1393314060	-32	-14	-29	-14	0	0	0	99	14	-91	-42	99	14
7	-190	-56	1393316060	-32	-14	-29	-12	0	0	0	99	14	-91	-42	99	14
7	-190	-56	1393318060	-32	-15	-35	-17	0	0	0	99	14	-91	-42	99	14
7	-190	-56	1393320060	-39	-17	-37	-17	0	0	0	99	14	-91	-42	99	14
7	-190	-56	1393322056	-37	-18	-35	-16	0	0	0	99	14	-91	-42	99	14
7	-190	-56	1393324056	-39	-19	-43	-20	0	0	0	99	14	-91	-42	99	14
7	-190	-56	1393326048	-41	-21	-40	-20	0	0	0	99	14	-91	-42	99	14
7	-190	-56	1393328048	-49	-24	-49	-23	0	0	0	99	14	-91	-42	99	14
7	-190	-56	1393330048	-46	-22	-45	-22	0	0	0	99	14	-91	-42	99	14
7	-190	-56	1393332048	-49	-25	-55	-25	0	0	0	99	14	-91	-42	99	14
7	-190	-56	1393334044	-56	-29	-50	-25	0	0	0	99	14	-91	-42	99	14
7	-190	-56	1393336044	-54	-26	-62	-29	0	0	0	99	14	-91	-42	99	14
7	-190	-56	1393338048	-56	-29	-56	-26	0	0	0	99	14	-91	-42	99	14
7	-190	-56	1393340044	-65	-31	-68	-32	0	0	0	99	14	-91	-42	99	14
7	-190	-56	1393342044	-60	-30	-62	-27	0	0	0	99	14	-91	-42	99	14
7	-190	-56	1393344044	-63	-30	-74	-33	0	0	0	99	14	-91	-42	99	14
7	-190	-56	1393346044	-64	-31	-68	-30	0	0	0	99	14	-91	-42	99	14
7	-190	-56	1393348040	-75	-35	-78	-32	0	0	0	99	14	-91	-42	99	14
7	-190	-56	1393350040	-67	-32	-72	-30	0	0	0	99	14	-91	-42	99	14
7	-190	-56	1393352040	-70	-31	-82	-34	0	0	0	99	14	-91	-42	99	14
7	-190	-56	1393354048	-79	-34	-75	-29	0	0	0	99	14	-91	-42	99	14
7	-190	-56	1393356048	-72	-30	-85	-33	0	0	0	99	14	-91	-42	99	14
7	-190	-56	1393358052	-72	-28	-76	-29	0	0	0	99	14	-91	-42	99	14
7	-190	-56	1393360052	-72	-29	-88	-31	0	0	0	99	14	-91	-42	99	14
7	-190	-56	1393362048	-81	-31	-76	-28	0	0	0	99	14	-91	-42	99	14
7	-190	-56	1393364048	-72	-28	-86	-30	0	0	0	99	14	-91	-42	99	14
7	-190	-56	1393366048	-71	-25	-87	-30	0	0	0	99	14	-91	-42	99	14
7	-190	-56	1393368044	-77	-27	-73	-24	0	0	0	99	14	-91	-42	99	14
7	-190	-56	1393370044	-68	-24	-83	-27	0	0	0	99	14	-91	-42	99	14
7	-190	-56	1393372040	-66	-23	-70	-23	0	0	0	99	14	-91	-42	99	14
7	-190	-56	1393374040	-64	-21	-79	-25	0	0	0	99	14	-91	-42	99	14
7	-190	-56	1393376040	-71	-24	-66	-21	0	0	0	99	14	-91	-42	99	14
7	-190	-56	1393378040	-60	-18	-72	-22	0	0	0	99	14	-91	-42	99	14
7	-190	-56	1393380040	-58	-19	-62	-19	0	0	0	99	14	-91	-42	99	14
7	-190	-56	1393382040	-62	-21	-66	-20	0	0	0	99	14	-91	-42	99	14
7	-190	-56	1393384036	-54	-18	-56	-18	0	0	0	99	14	-91	-42	99	14
7	-190	-56	1393386036	-51	-16	-60	-18	0	0	0	99	14	-91	-42	99	14
7	-190	-56	1393388036	-50	-16	-50	-17	0	0	0	99	14	-91	-42	99	14
7	-190	-56	1393390036	-53	-19	-54	-17	0	0	0	99	14	-91	-42	99	14
7	-190	-56	1393392036	-43	-15	-44	-14	0	0	0	99	14	-91	-42	99	14
7	-190	-56	1393394036	-43	-14	-46	-16	0	0	0	99	14	-91	-42	99	14
7	-190	-56	1393396036	-44	-15	-37	-14	0	0	0	99	14	-91	-42	99	14
7	-190	-56	1393398036	-36	-14	-39	-14	0	0	0	99	14	-91	-42	99	14
7	-190	-56	1393400036	-34	-11	-31	-11	0	0	0	99	14	-91	-42	99	14
7	-190	-56	1393402036	-31	-11	-33	-12	0	0	0	99	14	-91	-42	99	14
7	-190	-56	1393404040	-31	-11	-25	-10	0	0	0	99	14	-91	-42	99	14
7	-190	-56	1393406040	-25	-9	-26	-12	0	0	0	99	14	-91	-42	99	14
7	-190	-56	1393408036	-24	-9	-19	-7	0	0	0	99	14	-91	-42	99	14
7	-190	-56	1393410032	-22	-7	-20	-9	0	0	0	99	14	-91	-42	99	14
7	-190	-56	1393412032	-19	-7	-15	-7	0	0	0	99	14	-91	-42	99	14
7	-190	-56	1393414036	-16	-6	-14	-7	0	0	0	99	14	-91	-42	99	14
7	-190	-56	1393416036	-15	-5	-12	-6	0	0	0	99	14	-91	-42	99	14
7	-190	-56	1393418040	-12	-5	-9	-5	0	0	0	99	14	-91	-42	99	14
7	-190	-56	1393420036	-10	-2	-7	-5	0	0	0	99	14	-91	-42	99	14
7	-190	-56	1393422036	-7	-4	-7	-4	0	0	0	99	14	-91	-42	99	14
7	-190	-56	1393424040	-9	-3	-5	-3	0	0	0	99	14	-91	-42	99	14
7	-190	-56	1393426044	-5	-2	-3	-3	0	0	0	99	14	-91	-42	99	14
7	-190	-56	1393428048	-5	-3	-3	-2	0	0	0	99	14	-91	-42	99	14
7	-190	-56	1393430044	-5	-1	-2	-3	0	0	0	99	14	-91	-42	99	14
7	-190	-56	1393432052	-2	-1	-3	-1	0	0	0	99	14	-91	-42	99	14
7	-190	-56	1393434044	-4	-1	-1	-3	0	0	0	99	14	-91	-42	99	14
7	-190	-56	1393436052	-3	-2	0	-1	0	0	0	99	14	-91	-42	99	14
7	-190	-56	1393438052	-2	-1	-1	-1	0	0	0	99	14	-91	-42	99	14
7	-190	-56	1393440032	-1	0	0	0	0	0	0	99	14	-91	-42	99	14
7	-190	-56	1393442060	-2	-1	0	-1	0	0	0	99	14	-91	-42	99	14
7	-190	-56	1393444060	-1	0	-2	-2	0	0	0	99	14	-91	-42	99	14
7	-190	-56	1393446060	-1	-1	0	0	0	0	0	99	14	-91	-42	99	14
7	-190	-56	1393448056	-1	0	0	-1	0	0	0	99	14	-91	-42	99	14
7	-190	-56	1393452020	-2	0	0	0	0	0	0	99	14	-91	-42	99	14
7	-190	-56	1393454024	0	0	0	-1	0	0	0	99	14	-91	-42	99	14
7	-190	-56	1393478036	0	0	1	0	0	0	0	99	14	-91	-42	99	14
7	-190	-56	1393501992	0	0	0	0	0	0	1	99	14	-91	-42	99	14
8	-190	-56	1393514032	-1	0	0	0	0	0	1	-91	-42	-91	-42	99	14
8	167	107	1393574008	0	0	0	0	0	0	0	-91	-42	76	65	-91	-42
8	167	107	1393602096	0	0	1	2	0	0	0	-91	-42	76	65	-91	-42
8	167	107	1393604096	1	0	1	1	0	0	0	-91	-42	76	65	-91	-42
8	167	107	1393606100	2	2	3	1	0	0	0	-91	-42	76	65	-91	-42
8	167	107	1393608104	4	3	3	4	0	0	0	-91	-42	76	65	-91	-42
8	167	107	1393610104	5	4	5	4	0	0	0	-91	-42	76	65	-91	-42
8	167	107	1393612104	6	5	7	3	0	0	0	-91	-42	76	65	-91	-42
8	167	107	1393614104	10	6	7	7	0	0	0	-91	-42	76	65	-91	-42
8	167	107	1393616100	10	7	9	6	0	0	0	-91	-42	76	65	-91	-42
8	167	107	1393618104	13	9	11	9	0	0	0	-91	-42	76	65	-91	-42
8	167	107	1393620100	17	10	13	8	0	0	0	-91	-42	76	65	-91	-42
8	167	107	1393622104	18	11	15	12	0	0	0	-91	-42	76	65	-91	-42
8	167	107	1393624100	20	13	16	11	0	0	0	-91	-42	76	65	-91	-42
8	167	107	1393626092	22	14	20	14	0	0	0	-91	-42	76	65	-91	-42
8	167	107	1393628088	30	18	19	15	0	0	0	-91	-42	76	65	-91	-42
8	167	107	1393630084	29	18	23	17	0	0	0	-91	-42	76	65	-91	-42
8	167	107	1393632080	32	19	23	18	0	0	0	-91	-42	76	65	-91	-42
8	167	107	1393634076	39	22	27	21	0	0	0	-91	-42	76	65	-91	-42
8	167	107	1393636072	36	23	27	20	0	0	0	-91	-42	76	65	-91	-42
8	167	107	1393638068	40	21	31	24	0	0	0	-91	-42	76	65	-91	-42
8	167	107	1393640068	42	24	29	22	0	0	0	-91	-42	76	65	-91	-42
8	167	107	1393642060	48	26	33	26	0	0	0	-91	-42	76	65	-91	-42
8	167	107	1393644056	44	25	30	24	0	0	0	-91	-42	76	65	-91	-42
8	167	107	1393646056	45	25	35	28	0	0	0	-91	-42	76	65	-91	-42
8	167	107	1393648052	46	26	32	25	0	0	0	-91	-42	76	65	-91	-42
8	167	107	1393650044	54	30	36	28	0	0	0	-91	-42	76	65	-91	-42
8	167	107	1393652052	49	28	32	25	0	0	0	-91	-42	76	65	-91	-42
8	167	107	1393654052	49	27	38	30	0	0	0	-91	-42	76	65	-91	-42
8	167	107	1393656048	56	31	32	27	0	0	0	-91	-42	76	65	-91	-42
8	167	107	1393658044	51	29	39	31	0	0	0	-91	-42	76	65	-91	-42
8	167	107	1393660040	53	28	35	27	0	0	0	-91	-42	76	65	-91	-42
8	167	107	1393662040	53	30	40	32	0	0	0	-91	-42	76	65	-91	-42
8	167	107	1393664036	60	32	35	27	0	0	0	-91	-42	76	65	-91	-42
8	167	107	1393666024	54	29	43	31	0	0	0	-91	-42	76	65	-91	-42
8	167	107	1393668020	54	29	36	28	0	0	0	-91	-42	76	65	-91	-42
8	167	107	1393670028	61	31	42	30	0	0	0	-91	-42	76	65	-91	-42
8	167	107	1393672024	54	29	39	27	0	0	0	-91	-42	76	65	-91	-42
8	167	107	1393674020	55	27	44	30	0	0	0	-91	-42	76	65	-91	-42
8	167	107	1393676016	54	28	40	25	0	0	0	-91	-42	76	65	-91	-42
8	167	107	1393678012	61	30	46	29	0	0	0	-91	-42	76	65	-91	-42
8	167	107	1393680008	54	26	46	29	0	0	0	-91	-42	76	65	-91	-42
8	167	107	1393682004	52	25	42	24	0	0	0	-91	-42	76	65	-91	-42
8	167	107	1393684000	53	25	46	27	0	0	0	-91	-42	76	65	-91	-42
8	167	107	1393686004	57	25	42	23	0	0	0	-91	-42	76	65	-91	-42
8	167	107	1393688000	49	22	48	25	0	0	0	-91	-42	76	65	-91	-42
8	167	107	1393689996	49	22	41	21	0	0	0	-91	-42	76	65	-91	-42
8	167	107	1393692000	51	22	46	24	0	0	0	-91	-42	76	65	-91	-42
8	167	107	1393694008	45	19	40	18	0	0	0	-91	-42	76	65	-91	-42
8	167	107	1393696004	44	19	45	22	0	0	0	-91	-42	76	65	-91	-42
8	167	107	1393698000	41	17	38	18	0	0	0	-91	-42	76	65	-91	-42
8	167	107	1393699996	44	19	42	19	0	0	0	-91	-42	76	65	-91	-42
8	167	107	1393701992	38	16	37	18	0	0	0	-91	-42	76	65	-91	-42
8	167	107	1393703992	37	16	38	18	0	0	0	-91	-42	76	65	-91	-42
8	167	107	1393705984	40	18	34	15	0	0	0	-91	-42	76	65	-91	-42
8	167	107	1393707980	33	16	36	18	0	0	0	-91	-42	76	65	-91	-42
8	167	107	1393709976	32	15	32	16	0	0	0	-91	-42	76	65	-91	-42
8	167	107	1393711972	31	16	32	18	0	0	0	-91	-42	76	65	-91	-42
8	167	107	1393713972	35	18	29	15	0	0	0	-91	-42	76	65	-91	-42
8	167	107	1393715968	29	15	31	17	0	0	0	-91	-42	76	65	-91	-42
8	167	107	1393717968	27	16	25	16	0	0	0	-91	-42	76	65	-91	-42
8	167	107	1393719960	31	18	29	18	0	0	0	-91	-42	76	65	-91	-42
8	167	107	1393721960	27	16	24	15	0	0	0	-91	-42	76	65	-91	-42
8	167	107	1393723956	25	16	26	19	0	0	0	-91	-42	76	65	-91	-42
8	167	107	1393725956	26	16	22	15	0	0	0	-91	-42	76	65	-91	-42
8	167	107	1393727952	27	19	25	18	0	0	0	-91	-42	76	65	-91	-42
8	167	107	1393729952	24	16	20	17	0	0	0	-91	-42	76	65	-91	-42
8	167	107	1393731944	24	18	23	18	0	0	0	-91	-42	76	65	-91	-42
8	167	107	1393733952	27	19	20	17	0	0	0	-91	-42	76	65	-91	-42
8	167	107	1393735948	23	17	21	20	0	0	0	-91	-42	76	65	-91	-42
8	167	107	1393737948	22	16	19	16	0	0	0	-91	-42	76	65	-91	-42
8	167	107	1393739944	24	18	20	20	0	0	0	-91	-42	76	65	-91	-42
8	167	107	1393741940	25	20	16	16	0	0	0	-91	-42	76	65	-91	-42
8	167	107	1393743936	21	17	18	20	0	0	0	-91	-42	76	65	-91	-42
8	167	107	1393745932	23	18	15	18	0	0	0	-91	-42	76	65	-91	-42
8	167	107	1393747936	24	21	16	20	0	0	0	-91	-42	76	65	-91	-42
8	167	107	1393749932	20	18	15	20	0	0	0	-91	-42	76	65	-91	-42
8	167	107	1393751928	21	17	11	17	0	0	0	-91	-42	76	65	-91	-42
8	167	107	1393753928	20	19	14	21	0	0	0	-91	-42	76	65	-91	-42
8	167	107	1393755924	22	20	10	18	0	0	0	-91	-42	76	65	-91	-42
8	167	107	1393757924	19	17	11	20	0	0	0	-91	-42	76	65	-91	-42
8	167	107	1393759920	20	19	9	16	0	0	0	-91	-42	76	65	-91	-42
8	167	107	1393761928	20	19	9	20	0	0	0	-91	-42	76	65	-91	-42
8	167	107	1393763928	19	19	7	18	0	0	0	-91	-42	76	65	-91	-42
8	167	107	1393765936	17	17	8	18	0	0	0	-91	-42	76	65	-91	-42
8	167	107	1393767940	18	16	6	18	0	0	0	-91	-42	76	65	-91	-42
8	167	107	1393769944	19	20	6	19	0	0	0	-91	-42	76	65	-91	-42
8	167	107	1393771948	16	17	5	15	0	0	0	-91	-42	76	65	-91	-42
8	167	107	1393773952	15	16	6	18	0	0	0	-91	-42	76	65	-91	-42
8	167	107	1393775956	17	17	4	15	0	0	0	-91	-42	76	65	-91	-42
8	167	107	1393777960	15	17	5	18	0	0	0	-91	-42	76	65	-91	-42
8	167	107	1393779960	14	13	4	14	0	0	0	-91	-42	76	65	-91	-42
8	167	107	1393781964	16	17	5	16	0	0	0	-91	-42	76	65	-91	-42
8	167	107	1393783968	14	13	5	15	0	0	0	-91	-42	76	65	-91	-42
8	167	107	1393785964	13	13	4	12	0	0	0	-91	-42	76	65	-91	-42
8	167	107	1393787968	13	11	3	14	0	0	0	-91	-42	76	65	-91	-42
8	167	107	1393789976	15	14	4	11	0	0	0	-91	-42	76	65	-91	-42
8	167	107	1393791960	13	10	5	14	0	0	0	-91	-42	76	65	-91	-42
8	167	107	1393793964	14	11	4	10	0	0	0	-91	-42	76	65	-91	-42
8	167	107	1393795964	13	10	5	11	0	0	0	-91	-42	76	65	-91	-42
8	167	107	1393797968	13	10	5	10	0	0	0	-91	-42	76	65	-91	-42
8	167	107	1393799968	12	8	5	10	0	0	0	-91	-42	76	65	-91	-42
8	167	107	1393801968	14	10	5	9	0	0	0	-91	-42	76	65	-91	-42
8	167	107	1393803968	13	6	5	9	0	0	0	-91	-42	76	65	-91	-42
8	167	107	1393805964	11	7	5	7	0	0	0	-91	-42	76	65	-91	-42
8	167	107	1393807956	11	5	5	8	0	0	0	-91	-42	76	65	-91	-42
8	167	107	1393809960	13	7	5	5	0	0	0	-91	-42	76	65	-91	-42
8	167	107	1393811968	11	5	6	7	0	0	0	-91	-42	76	65	-91	-42
8	167	107	1393813964	10	5	5	5	0	0	0	-91	-42	76	65	-91	-42
8	167	107	1393815960	11	5	5	5	0	0	0	-91	-42	76	65	-91	-42
8	167	107	1393817952	10	5	5	4	0	0	0	-91	-42	76	65	-91	-42
8	167	107	1393819960	9	3	5	5	0	0	0	-91	-42	76	65	-91	-42
8	167	107	1393821964	9	3	4	4	0	0	0	-91	-42	76	65	-91	-42
8	167	107	1393823964	8	4	5	2	0	0	0	-91	-42	76	65	-91	-42
8	167	107	1393825968	8	2	5	4	0	0	0	-91	-42	76	65	-91	-42
8	167	107	1393827968	6	1	4	3	0	0	0	-91	-42	76	65	-91	-42
8	167	107	1393829972	8	3	3	1	0	0	0	-91	-42	76	65	-91	-42
8	167	107	1393831972	5	1	4	2	0	0	0	-91	-42	76	65	-91	-42
8	167	107	1393833968	5	1	3	2	0	0	0	-91	-42	76	65	-91	-42
8	167	107	1393835972	5	2	3	1	0	0	0	-91	-42	76	65	-91	-42
8	167	107	1393837976	3	1	3	1	0	0	0	-91	-42	76	65	-91	-42
8	167	107	1393839980	4	1	1	1	0	0	0	-91	-42	76	65	-91	-42
8	167	107	1393841984	3	1	3	0	0	0	0	-91	-42	76	65	-91	-42
8	167	107	1393843988	2	0	1	2	0	0	0	-91	-42	76	65	-91	-42
8	167	107	1393845992	3	2	2	0	0	0	0	-91	-42	76	65	-91	-42
8	167	107	1393847968	1	0	2	0	0	0	0	-91	-42	76	65	-91	-42
8	167	107	1393849996	1	0	1	1	0	0	0	-91	-42	76	65	-91	-42
8	167	107	1393851972	1	0	0	0	0	0	0	-91	-42	76	65	-91	-42
8	167	107	1393853972	0	0	1	0	0	0	0	-91	-42	76	65	-91	-42
8	167	107	1393857972	0	1	0	0	0	0	0	-91	-42	76	65	-91	-42
8	167	107	1393859972	0	0	0	1	0	0	0	-91	-42	76	65	-91	-42
8	167	107	1393861944	0	0	0	0	0	0	1	-91	-42	76	65	-91	-42
9	167	107	1393863976	-1	0	0	0	0	0	1	76	65	76	65	-91	-42
9	167	107	1393865972	-2	0	0	0	0	0	1	76	65	76	65	-91	-42
9	-130	-149	1393868004	-1	1	0	1	0	0	1	76	65	-54	-84	76	65
9	-130	-149	1393869976	-1	0	0	0	0	0	1	76	65	-54	-84	76	65
9	-130	-149	1393872008	-3	1	0	0	0	0	1	76	65	-54	-84	76	65
9	-130	-149	1393874008	-1	0	-1	2	0	0	1	76	65	-54	-84	76	65
9	-130	-149	1393875984	-2	0	0	0	0	0	1	76	65	-54	-84	76	65
9	-130	-149	1393878008	-3	2	-2	1	0	0	1	76	65	-54	-84	76	65
9	-130	-149	1393879988	-2	0	-1	0	0	0	1	76	65	-54	-84	76	65
9	-130	-149	1393882012	-3	1	0	1	0	0	1	76	65	-54	-84	76	65
9	-130	-149	1393883984	-4	0	-1	0	0	0	1	76	65	-54	-84	76	65
9	-130	-149	1393886012	-3	1	-1	1	0	0	1	76	65	-54	-84	76	65
9	-130	-149	1393887988	-3	0	-2	0	0	0	1	76	65	-54	-84	76	65
9	-130	-149	1393890016	-4	1	-1	2	0	0	1	76	65	-54	-84	76	65
9	-130	-149	1393891992	-3	0	-1	0	0	0	1	76	65	-54	-84	76	65
9	-130	-149	1393894020	-3	2	-1	1	0	0	1	76	65	-54	-84	76	65
9	-130	-149	1393896028	-4	1	0	0	0	0	1	76	65	-54	-84	76	65
9	-130	-149	1393898024	-3	0	-3	1	0	0	1	76	65	-54	-84	76	65
9	-130	-149	1393900000	-4	0	0	0	0	0	1	76	65	-54	-84	76	65
9	-130	-149	1393902032	-4	1	-2	1	0	0	1	76	65	-54	-84	76	65
9	-130	-149	1393904000	-4	0	-2	0	0	0	1	76	65	-54	-84	76	65
9	-130	-149	1393906028	-3	1	-1	2	0	0	1	76	65	-54	-84	76	65
9	-130	-149	1393908004	-4	0	0	0	0	0	1	76	65	-54	-84	76	65
9	-130	-149	1393910036	-5	2	-2	1	0	0	1	76	65	-54	-84	76	65
9	-130	-149	1393912004	-4	0	0	0	0	0	1	76	65	-54	-84	76	65
9	-130	-149	1393914036	-4	1	-3	1	0	0	1	76	65	-54	-84	76	65
9	-130	-149	1393916012	-3	0	-1	0	0	0	1	76	65	-54	-84	76	65
9	-130	-149	1393918012	-5	0	-1	0	0	0	1	76	65	-54	-84	76	65
9	-130	-149	1393920040	-4	0	-2	1	0	0	1	76	65	-54	-84	76	65
9	-130	-149	1393922036	-5	1	-1	0	0	0	1	76	65	-54	-84	76	65
9	-130	-149	1393924040	-5	0	-1	2	0	0	1	76	65	-54	-84	76	65
9	-130	-149	1393926016	-5	0	-3	0	0	0	1	76	65	-54	-84	76	65
9	-130	-149	1393928016	-5	0	-1	0	0	0	1	76	65	-54	-84	76	65
9	-130	-149	1393930012	-6	0	-2	0	0	0	0	76	65	-54	-84	76	65
9	-130	-149	1393932012	-8	0	-3	0	0	0	0	76	65	-54	-84	76	65
9	-130	-149	1393934032	-7	-1	-2	-1	0	0	0	76	65	-54	-84	76	65
9	-130	-149	1393936040	-9	-2	-4	-2	0	0	0	76	65	-54	-84	76	65
9	-130	-149	1393938044	-10	-3	-3	-3	0	0	0	76	65	-54	-84	76	65
9	-130	-149	1393940040	-11	-5	-5	-5	0	0	0	76	65	-54	-84	76	65
9	-130	-149	1393942040	-13	-5	-3	-5	0	0	0	76	65	-54	-84	76	65
9	-130	-149	1393944036	-15	-9	-7	-6	0	0	0	76	65	-54	-84	76	65
9	-130	-149	1393946032	-15	-8	-6	-8	0	0	0	76	65	-54	-84	76	65
9	-130	-149	1393948032	-16	-10	-6	-10	0	0	0	76	65	-54	-84	76	65
9	-130	-149	1393950036	-19	-11	-8	-10	0	0	0	76	65	-54	-84	76	65
9	-130	-149	1393952036	-22	-15	-8	-13	0	0	0	76	65	-54	-84	76	65
9	-130	-149	1393954028	-22	-15	-9	-14	0	0	0	76	65	-54	-84	76	65
9	-130	-149	1393956024	-22	-16	-10	-18	0	0	0	76	65	-54	-84	76	65
9	-130	-149	1393958020	-25	-19	-10	-16	0	0	0	76	65	-54	-84	76	65
9	-130	-149	1393960024	-30	-22	-11	-21	0	0	0	76	65	-54	-84	76	65
9	-130	-149	1393962024	-28	-23	-12	-20	0	0	0	76	65	-54	-84	76	65
9	-130	-149	1393964016	-30	-24	-15	-25	0	0	0	76	65	-54	-84	76	65
9	-130	-149	1393966016	-35	-28	-12	-24	0	0	0	76	65	-54	-84	76	65
9	-130	-149	1393968016	-32	-28	-16	-29	0	0	0	76	65	-54	-84	76	65
9	-130	-149	1393970016	-33	-29	-15	-26	0	0	0	76	65	-54	-84	76	65
9	-130	-149	1393972016	-40	-33	-18	-32	0	0	0	76	65	-54	-84	76	65
9	-130	-149	1393974016	-36	-32	-16	-30	0	0	0	76	65	-54	-84	76	65
9	-130	-149	1393976016	-37	-33	-20	-35	0	0	0	76	65	-54	-84	76	65
9	-130	-149	1393978016	-38	-34	-19	-33	0	0	0	76	65	-54	-84	76	65
9	-130	-149	1393980016	-44	-40	-21	-39	0	0	0	76	65	-54	-84	76	65
9	-130	-149	1393982016	-41	-38	-24	-40	0	0	0	76	65	-54	-84	76	65
9	-130	-149	1393984016	-41	-37	-21	-36	0	0	0	76	65	-54	-84	76	65
9	-130	-149	1393986012	-48	-45	-25	-42	0	0	0	76	65	-54	-84	76	65
9	-130	-149	1393988012	-43	-40	-23	-39	0	0	0	76	65	-54	-84	76	65
9	-130	-149	1393990008	-45	-43	-27	-46	0	0	0	76	65	-54	-84	76	65
9	-130	-149	1393992020	-47	-43	-26	-42	0	0	0	76	65	-54	-84	76	65
9	-130	-149	1393994020	-53	-50	-30	-48	0	0	0	76	65	-54	-84	76	65
9	-130	-149	1393996016	-49	-47	-28	-44	0	0	0	76	65	-54	-84	76	65
9	-130	-149	1393998016	-50	-46	-34	-53	0	0	0	76	65	-54	-84	76	65
9	-130	-149	1394000016	-58	-55	-30	-45	0	0	0	76	65	-54	-84	76	65
9	-130	-149	1394002016	-52	-49	-35	-53	0	0	0	76	65	-54	-84	76	65
9	-130	-149	1394004016	-54	-48	-31	-48	0	0	0	76	65	-54	-84	76	65
9	-130	-149	1394006008	-54	-50	-37	-55	0	0	0	76	65	-54	-84	76	65
9	-130	-149	1394008008	-61	-57	-33	-47	0	0	0	76	65	-54	-84	76	65
9	-130	-149	1394010008	-56	-48	-36	-55	0	0	0	76	65	-54	-84	76	65
9	-130	-149	1394012008	-55	-50	-33	-47	0	0	0	76	65	-54	-84	76	65
9	-130	-149	1394014008	-61	-54	-37	-53	0	0	0	76	65	-54	-84	76	65
9	-130	-149	1394016008	-54	-48	-31	-45	0	0	0	76	65	-54	-84	76	65
9	-130	-149	1394018008	-53	-45	-35	-52	0	0	0	76	65	-54	-84	76	65
9	-130	-149	1394020004	-58	-50	-32	-42	0	0	0	76	65	-54	-84	76	65
9	-130	-149	1394022004	-50	-42	-33	-49	0	0	0	76	65	-54	-84	76	65
9	-130	-149	1394024004	-48	-40	-29	-40	0	0	0	76	65	-54	-84	76	65
9	-130	-149	1394026004	-46	-39	-30	-44	0	0	0	76	65	-54	-84	76	65
9	-130	-149	1394028004	-50	-41	-30	-41	0	0	0	76	65	-54	-84	76	65
9	-130	-149	1394030000	-41	-34	-24	-35	0	0	0	76	65	-54	-84	76	65
9	-130	-149	1394032004	-39	-31	-26	-36	0	0	0	76	65	-54	-84	76	65
9	-130	-149	1394034012	-43	-34	-21	-30	0	0	0	76	65	-54	-84	76	65
9	-130	-149	1394036024	-35	-27	-23	-33	0	0	0	76	65	-54	-84	76	65
9	-130	-149	1394038024	-32	-28	-19	-27	0	0	0	76	65	-54	-84	76	65
9	-130	-149	1394040024	-30	-25	-18	-29	0	0	0	76	65	-54	-84	76	65
9	-130	-149	1394042024	-34	-26	-17	-24	0	0	0	76	65	-54	-84	76	65
9	-130	-149	1394044024	-27	-23	-17	-26	0	0	0	76	65	-54	-84	76	65
9	-130	-149	1394046024	-27	-20	-15	-21	0	0	0	76	65	-54	-84	76	65
9	-130	-149	1394048028	-27	-22	-15	-24	0	0	0	76	65	-54	-84	76	65
9	-130	-149	1394050020	-24	-19	-13	-19	0	0	0	76	65	-54	-84	76	65
9	-130	-149	1394052020	-22	-17	-12	-21	0	0	0	76	65	-54	-84	76	65
9	-130	-149	1394054020	-24	-19	-11	-16	0	0	0	76	65	-54	-84	76	65
9	-130	-149	1394056020	-19	-16	-12	-18	0	0	0	76	65	-54	-84	76	65
9	-130	-149	1394058020	-19	-14	-10	-15	0	0	0	76	65	-54	-84	76	65
9	-130	-149	1394060020	-16	-14	-10	-16	0	0	0	76	65	-54	-84	76	65
9	-130	-149	1394062024	-17	-14	-7	-12	0	0	0	76	65	-54	-84	76	65
9	-130	-149	1394064020	-14	-11	-9	-13	0	0	0	76	65	-54	-84	76	65
9	-130	-149	1394066016	-13	-9	-7	-11	0	0	0	76	65	-54	-84	76	65
9	-130	-149	1394068016	-11	-10	-5	-10	0	0	0	76	65	-54	-84	76	65
9	-130	-149	1394070012	-10	-7	-7	-10	0	0	0	76	65	-54	-84	76	65
9	-130	-149	1394072016	-7	-6	-5	-6	0	0	0	76	65	-54	-84	76	65
9	-130	-149	1394074012	-7	-5	-3	-8	0	0	0	76	65	-54	-84	76	65
9	-130	-149	1394076016	-6	-5	-4	-5	0	0	0	76	65	-54	-84	76	65
9	-130	-149	1394078020	-4	-4	-3	-5	0	0	0	76	65	-54	-84	76	65
9	-130	-149	1394080024	-3	-3	-2	-4	0	0	0	76	65	-54	-84	76	65
9	-130	-149	1394082028	-3	-2	-1	-3	0	0	0	76	65	-54	-84	76	65
9	-130	-149	1394084032	-1	-3	-2	-3	0	0	0	76	65	-54	-84	76	65
9	-130	-149	1394086028	-1	-1	-1	-1	0	0	0	76	65	-54	-84	76	65
9	-130	-149	1394088032	-2	0	-1	-1	0	0	0	76	65	-54	-84	76	65
9	-130	-149	1394090004	0	-1	0	-2	0	0	0	76	65	-54	-84	76	65
9	-130	-149	1394092024	-1	0	-1	-1	0	0	0	76	65	-54	-84	76	65
9	-130	-149	1394096004	0	-1	0	-1	0	0	0	76	65	-54	-84	76	65
9	-130	-149	1394115984	0	0	0	0	0	0	1	76	65	-54	-84	76	65
10	82	180	1394195992	0	0	0	0	0	0	0	-54	-84	28	96	-54	-84
10	82	180	1394206036	1	0	0	0	0	0	0	-54	-84	28	96	-54	-84
10	82	180	1394208076	1	1	0	2	0	0	0	-54	-84	28	96	-54	-84
10	82	180	1394210076	2	3	1	2	0	0	0	-54	-84	28	96	-54	-84
10	82	180	1394212080	4	3	1	4	0	0	0	-54	-84	28	96	-54	-84
10	82	180	1394214080	4	4	3	4	0	0	0	-54	-84	28	96	-54	-84
10	82	180	1394216084	6	6	2	5	0	0	0	-54	-84	28	96	-54	-84
10	82	180	1394218084	6	8	3	7	0	0	0	-54	-84	28	96	-54	-84
10	82	180	1394220084	8	9	4	8	0	0	0	-54	-84	28	96	-54	-84
10	82	180	1394222088	11	11	3	11	0	0	0	-54	-84	28	96	-54	-84
10	82	180	1394224072	11	12	5	11	0	0	0	-54	-84	28	96	-54	-84
10	82	180	1394226080	14	15	5	15	0	0	0	-54	-84	28	96	-54	-84
10	82	180	1394228072	16	18	5	16	0	0	0	-54	-84	28	96	-54	-84
10	82	180	1394230076	20	22	8	20	0	0	0	-54	-84	28	96	-54	-84
10	82	180	1394232084	22	24	6	20	0	0	0	-54	-84	28	96	-54	-84
10	82	180	1394234088	23	25	8	28	0	0	0	-54	-84	28	96	-54	-84
10	82	180	1394236080	30	34	7	26	0	0	0	-54	-84	28	96	-54	-84
10	82	180	1394238084	32	32	8	33	0	0	0	-54	-84	28	96	-54	-84
10	82	180	1394240088	32	37	7	32	0	0	0	-54	-84	28	96	-54	-84
10	82	180	1394242092	43	43	9	41	0	0	0	-54	-84	28	96	-54	-84
10	82	180	1394244096	40	44	7	39	0	0	0	-54	-84	28	96	-54	-84
10	82	180	1394246100	43	46	9	48	0	0	0	-54	-84	28	96	-54	-84
10	82	180	1394248104	47	49	6	45	0	0	0	-54	-84	28	96	-54	-84
10	82	180	1394250104	56	60	8	53	0	0	0	-54	-84	28	96	-54	-84
10	82	180	1394252108	52	55	7	59	0	0	0	-54	-84	28	96	-54	-84
10	82	180	1394254104	54	59	5	54	0	0	0	-54	-84	28	96	-54	-84
10	82	180	1394256104	63	69	5	64	0	0	0	-54	-84	28	96	-54	-84
10	82	180	1394258108	56	62	5	57	0	0	0	-54	-84	28	96	-54	-84
10	82	180	1394260112	59	65	5	69	0	0	0	-54	-84	28	96	-54	-84
10	82	180	1394262104	65	75	4	61	0	0	0	-54	-84	28	96	-54	-84
10	82	180	1394264112	58	68	4	73	0	0	0	-54	-84	28	96	-54	-84
10	82	180	1394266108	59	68	2	65	0	0	0	-54	-84	28	96	-54	-84
10	82	180	1394268112	58	69	3	75	0	0	0	-54	-84	28	96	-54	-84
10	82	180	1394270112	63	79	2	65	0	0	0	-54	-84	28	96	-54	-84
10	82	180	1394272120	55	70	3	76	0	0	0	-54	-84	28	96	-54	-84
10	82	180	1394274112	54	69	1	66	0	0	0	-54	-84	28	96	-54	-84
10	82	180	1394276112	59	77	3	76	0	0	0	-54	-84	28	96	-54	-84
10	82	180	1394278108	51	68	2	67	0	0	0	-54	-84	28	96	-54	-84
10	82	180	1394280112	49	66	3	73	0	0	0	-54	-84	28	96	-54	-84
10	82	180	1394282112	46	66	3	64	0	0	0	-54	-84	28	96	-54	-84
10	82	180	1394284116	51	73	3	73	0	0	0	-54	-84	28	96	-54	-84
10	82	180	1394286120	44	62	4	62	0	0	0	-54	-84	28	96	-54	-84
10	82	180	1394288120	43	63	5	69	0	0	0	-54	-84	28	96	-54	-84
10	82	180	1394290124	45	67	3	60	0	0	0	-54	-84	28	96	-54	-84
10	82	180	1394292124	40	60	7	66	0	0	0	-54	-84	28	96	-54	-84
10	82	180	1394294128	37	58	6	64	0	0	0	-54	-84	28	96	-54	-84
10	82	180	1394296132	41	62	5	56	0	0	0	-54	-84	28	96	-54	-84
10	82	180	1394298136	35	54	7	61	0	0	0	-54	-84	28	96	-54	-84
10	82	180	1394300140	35	52	8	52	0	0	0	-54	-84	28	96	-54	-84
10	82	180	1394302144	37	57	7	57	0	0	0	-54	-84	28	96	-54	-84
10	82	180	1394304140	31	48	8	49	0	0	0	-54	-84	28	96	-54	-84
10	82	180	1394306140	30	47	9	54	0	0	0	-54	-84	28	96	-54	-84
10	82	180	1394308140	29	45	7	43	0	0	0	-54	-84	28	96	-54	-84
10	82	180	1394310140	30	47	9	50	0	0	0	-54	-84	28	96	-54	-84
10	82	180	1394312132	25	40	9	40	0	0	0	-54	-84	28	96	-54	-84
10	82	180	1394314136	25	39	8	45	0	0	0	-54	-84	28	96	-54	-84
10	82	180	1394316128	25	40	8	38	0	0	0	-54	-84	28	96	-54	-84
10	82	180	1394318132	22	35	7	40	0	0	0	-54	-84	28	96	-54	-84
10	82	180	1394320136	20	31	8	32	0	0	0	-54	-84	28	96	-54	-84
10	82	180	1394322140	19	30	7	35	0	0	0	-54	-84	28	96	-54	-84
10	82	180	1394324144	19	31	5	29	0	0	0	-54	-84	28	96	-54	-84
10	82	180	1394326136	16	25	7	31	0	0	0	-54	-84	28	96	-54	-84
10	82	180	1394328140	14	24	5	25	0	0	0	-54	-84	28	96	-54	-84
10	82	180	1394330148	15	25	6	27	0	0	0	-54	-84	28	96	-54	-84
10	82	180	1394332152	12	20	4	23	0	0	0	-54	-84	28	96	-54	-84
10	82	180	1394334156	10	19	3	20	0	0	0	-54	-84	28	96	-54	-84
10	82	180	1394336148	10	19	3	20	0	0	0	-54	-84	28	96	-54	-84
10	82	180	1394338152	9	15	2	17	0	0	0	-54	-84	28	96	-54	-84
10	82	180	1394340164	7	13	3	16	0	0	0	-54	-84	28	96	-54	-84
10	82	180	1394342160	8	13	1	12	0	0	0	-54	-84	28	96	-54	-84
10	82	180	1394344164	6	12	1	14	0	0	0	-54	-84	28	96	-54	-84
10	82	180	1394346164	5	10	2	11	0	0	0	-54	-84	28	96	-54	-84
10	82	180	1394348164	5	9	1	10	0	0	0	-54	-84	28	96	-54	-84
10	82	180	1394350156	5	9	0	9	0	0	0	-54	-84	28	96	-54	-84
10	82	180	1394352160	4	7	1	9	0	0	0	-54	-84	28	96	-54	-84
10	82	180	1394354156	2	7	0	6	0	0	0	-54	-84	28	96	-54	-84
10	82	180	1394356160	4	6	0	6	0	0	0	-54	-84	28	96	-54	-84
10	82	180	1394358160	3	4	0	5	0	0	0	-54	-84	28	96	-54	-84
10	82	180	1394360164	2	3	0	5	0	0	0	-54	-84	28	96	-54	-84
10	82	180	1394362164	1	4	1	4	0	0	0	-54	-84	28	96	-54	-84
10	82	180	1394364168	3	3	0	4	0	0	0	-54	-84	28	96	-54	-84
10	82	180	1394366172	1	2	0	2	0	0	0	-54	-84	28	96	-54	-84
10	82	180	1394368176	1	3	2	3	0	0	0	-54	-84	28	96	-54	-84
10	82	180	1394370180	2	1	0	1	0	0	0	-54	-84	28	96	-54	-84
10	82	180	1394372144	0	1	0	1	0	0	0	-54	-84	28	96	-54	-84
10	82	180	1394374172	1	0	0	2	0	0	0	-54	-84	28	96	-54	-84
10	82	180	1394376164	0	1	1	1	0	0	0	-54	-84	28	96	-54	-84
10	82	180	1394382148	0	0	0	1	0	0	0	-54	-84	28	96	-54	-84
10	82	180	1394384148	0	0	1	0	0	0	0	-54	-84	28	96	-54	-84
10	82	180	1394394160	0	0	1	0	0	0	0	-54	-84	28	96	-54	-84
10	82	180	1394396152	0	2	0	0	0	0	0	-54	-84	28	96	-54	-84
10	82	180	1394402120	0	0	0	0	0	0	1	-54	-84	28	96	-54	-84
11	82	180	1394404140	-1	0	0	0	0	0	1	28	96	28	96	-54	-84
11	82	180	1394408176	-1	0	0	1	0	0	1	28	96	28	96	-54	-84
11	82	180	1394410176	-1	1	0	0	0	0	1	28	96	28	96	-54	-84
11	82	180	1394412148	-3	0	0	0	0	0	1	28	96	28	96	-54	-84
11	82	180	1394414168	-1	0	0	2	0	0	1	28	96	28	96	-54	-84
11	-28	-196	1394416168	-1	1	0	0	0	0	1	28	96	0	-100	28	96
11	-28	-196	1394418168	-3	0	-1	1	0	0	1	28	96	0	-100	28	96
11	-28	-196	1394420132	-2	0	-1	0	0	0	1	28	96	0	-100	28	96
11	-28	-196	1394422164	-3	0	0	1	0	0	1	28	96	0	-100	28	96
11	-28	-196	1394424160	-3	1	-2	0	0	0	1	28	96	0	-100	28	96
11	-28	-196	1394426164	-3	0	-1	1	0	0	1	28	96	0	-100	28	96
11	-28	-196	1394428172	-4	2	0	0	0	0	1	28	96	0	-100	28	96
11	-28	-196	1394430172	-2	0	-1	2	0	0	1	28	96	0	-100	28	96
11	-28	-196	1394432176	-4	1	-1	0	0	0	1	28	96	0	-100	28	96
11	-28	-196	1394434152	-4	0	-2	0	0	0	1	28	96	0	-100	28	96
11	-28	-196	1394436180	-3	0	0	1	0	0	1	28	96	0	-100	28	96
11	-28	-196	1394438180	-4	1	-1	0	0	0	1	28	96	0	-100	28	96
11	-28	-196	1394440180	-3	0	-1	1	0	0	1	28	96	0	-100	28	96
11	-28	-196	1394442144	-3	0	-1	0	0	0	1	28	96	0	-100	28	96
11	-28	-196	1394444144	-3	0	-2	0	0	0	1	28	96	0	-100	28	96
11	-28	-196	1394446144	-4	0	0	0	0	0	1	28	96	0	-100	28	96
11	-28	-196	1394448144	-2	0	-1	0	0	0	1	28	96	0	-100	28	96
11	-28	-196	1394450144	-3	0	-1	0	0	0	1	28	96	0	-100	28	96
11	-28	-196	1394452144	-3	0	-1	0	0	0	1	28	96	0	-100	28	96
11	-28	-196	1394454144	-3	0	0	0	0	0	1	28	96	0	-100	28	96
11	-28	-196	1394456136	-2	0	-2	0	0	0	1	28	96	0	-100	28	96
11	-28	-196	1394458136	-4	0	-1	0	0	0	1	28	96	0	-100	28	96
11	-28	-196	1394460136	-4	0	0	0	0	0	1	28	96	0	-100	28	96
11	-28	-196	1394462156	-4	-3	-1	-2	0	0	1	28	96	0	-100	28	96
11	-28	-196	1394464164	-2	-1	-1	-2	0	0	1	28	96	0	-100	28	96
11	-28	-196	1394466156	-5	-4	-2	-4	0	0	1	28	96	0	-100	28	96
11	-28	-196	1394468164	-4	-3	0	-2	0	0	1	28	96	0	-100	28	96
11	-28	-196	1394470160	-5	-5	-1	-5	0	0	1	28	96	0	-100	28	96
11	-28	-196	1394472168	-6	-8	-1	-5	0	0	1	28	96	0	-100	28	96
11	-28	-196	1394474164	-5	-6	0	-8	0	0	1	28	96	0	-100	28	96
11	-28	-196	1394476164	-6	-8	-1	-6	0	0	0	28	96	0	-100	28	96
11	-28	-196	1394478156	-8	-10	0	-9	0	0	0	28	96	0	-100	28	96
11	-28	-196	1394480160	-7	-10	-2	-10	0	0	0	28	96	0	-100	28	96
11	-28	-196	1394482156	-8	-11	0	-11	0	0	0	28	96	0	-100	28	96
11	-28	-196	1394484156	-7	-14	0	-11	0	0	0	28	96	0	-100	28	96
11	-28	-196	1394486152	-10	-16	0	-15	0	0	0	28	96	0	-100	28	96
11	-28	-196	1394488152	-10	-15	0	-14	0	0	0	28	96	0	-100	28	96
11	-28	-196	1394490156	-10	-17	0	-18	0	0	0	28	96	0	-100	28	96
11	-28	-196	1394492156	-13	-22	0	-17	0	0	0	28	96	0	-100	28	96
11	-28	-196	1394494160	-11	-21	0	-21	0	0	0	28	96	0	-100	28	96
11	-28	-196	1394496160	-13	-21	0	-20	0	0	0	28	96	0	-100	28	96
11	-28	-196	1394498160	-13	-24	1	-25	0	0	0	28	96	0	-100	28	96
11	-28	-196	1394500164	-17	-29	1	-28	0	0	0	28	96	0	-100	28	96
11	-28	-196	1394502164	-16	-27	1	-25	0	0	0	28	96	0	-100	28	96
11	-28	-196	1394504168	-16	-29	1	-30	0	0	0	28	96	0	-100	28	96
11	-28	-196	1394506164	-19	-34	2	-29	0	0	0	28	96	0	-100	28	96
11	-28	-196	1394508168	-19	-32	2	-33	0	0	0	28	96	0	-100	28	96
11	-28	-196	1394510168	-18	-35	1	-33	0	0	0	28	96	0	-100	28	96
11	-28	-196	1394512168	-24	-40	3	-39	0	0	0	28	96	0	-100	28	96
11	-28	-196	1394514172	-21	-39	1	-36	0	0	0	28	96	0	-100	28	96
11	-28	-196	1394516172	-23	-40	3	-42	0	0	0	28	96	0	-100	28	96
11	-28	-196	1394518172	-22	-42	2	-39	0	0	0	28	96	0	-100	28	96
11	-28	-196	1394520176	-28	-49	3	-48	0	0	0	28	96	0	-100	28	96
11	-28	-196	1394522176	-25	-46	2	-43	0	0	0	28	96	0	-100	28	96
11	-28	-196	1394524180	-27	-48	3	-52	0	0	0	28	96	0	-100	28	96
11	-28	-196	1394526172	-30	-55	1	-46	0	0	0	28	96	0	-100	28	96
11	-28	-196	1394528176	-28	-51	4	-56	0	0	0	28	96	0	-100	28	96
11	-28	-196	1394530176	-29	-53	2	-50	0	0	0	28	96	0	-100	28	96
11	-28	-196	1394532176	-33	-61	3	-60	0	0	0	28	96	0	-100	28	96
11	-28	-196	1394534180	-32	-56	2	-54	0	0	0	28	96	0	-100	28	96
11	-28	-196	1394536184	-32	-58	4	-62	0	0	0	28	96	0	-100	28	96
11	-28	-196	1394538184	-33	-58	2	-65	0	0	0	28	96	0	-100	28	96
11	-28	-196	1394540184	-38	-69	4	-58	0	0	0	28	96	0	-100	28	96
11	-28	-196	1394542188	-34	-61	3	-69	0	0	0	28	96	0	-100	28	96
11	-28	-196	1394544188	-35	-63	2	-60	0	0	0	28	96	0	-100	28	96
11	-28	-196	1394546188	-40	-70	4	-68	0	0	0	28	96	0	-100	28	96
11	-28	-196	1394548188	-36	-62	2	-62	0	0	0	28	96	0	-100	28	96
11	-28	-196	1394550192	-35	-64	3	-70	0	0	0	28	96	0	-100	28	96
11	-28	-196	1394552192	-42	-71	2	-61	0	0	0	28	96	0	-100	28	96
11	-28	-196	1394554196	-35	-62	4	-70	0	0	0	28	96	0	-100	28	96
11	-28	-196	1394556200	-35	-62	3	-60	0	0	0	28	96	0	-100	28	96
11	-28	-196	1394558200	-35	-61	3	-67	0	0	0	28	96	0	-100	28	96
11	-28	-196	1394560204	-37	-67	4	-58	0	0	0	28	96	0	-100	28	96
11	-28	-196	1394562204	-34	-58	5	-65	0	0	0	28	96	0	-100	28	96
11	-28	-196	1394564204	-31	-57	4	-56	0	0	0	28	96	0	-100	28	96
11	-28	-196	1394566204	-35	-61	5	-61	0	0	0	28	96	0	-100	28	96
11	-28	-196	1394568208	-29	-52	5	-52	0	0	0	28	96	0	-100	28	96
11	-28	-196	1394570204	-27	-52	6	-57	0	0	0	28	96	0	-100	28	96
11	-28	-196	1394572204	-30	-55	5	-49	0	0	0	28	96	0	-100	28	96
11	-28	-196	1394574204	-25	-47	6	-52	0	0	0	28	96	0	-100	28	96
11	-28	-196	1394576204	-24	-45	8	-52	0	0	0	28	96	0	-100	28	96
11	-28	-196	1394578208	-21	-43	6	-43	0	0	0	28	96	0	-100	28	96
11	-28	-196	1394580208	-24	-47	8	-48	0	0	0	28	96	0	-100	28	96
11	-28	-196	1394582208	-21	-40	8	-40	0	0	0	28	96	0	-100	28	96
11	-28	-196	1394584212	-19	-39	9	-45	0	0	0	28	96	0	-100	28	96
11	-28	-196	1394586212	-20	-44	8	-37	0	0	0	28	96	0	-100	28	96
11	-28	-196	1394588216	-18	-36	10	-43	0	0	0	28	96	0	-100	28	96
11	-28	-196	1394590204	-17	-36	8	-36	0	0	0	28	96	0	-100	28	96
11	-28	-196	1394592208	-19	-40	10	-40	0	0	0	28	96	0	-100	28	96
11	-28	-196	1394594212	-15	-34	8	-35	0	0	0	28	96	0	-100	28	96
11	-28	-196	1394596212	-15	-34	10	-38	0	0	0	28	96	0	-100	28	96
11	-28	-196	1394598220	-15	-32	7	-33	0	0	0	28	96	0	-100	28	96
11	-28	-196	1394600224	-15	-35	9	-35	0	0	0	28	96	0	-100	28	96
11	-28	-196	1394602228	-14	-30	8	-32	0	0	0	28	96	0	-100	28	96
11	-28	-196	1394604228	-12	-29	7	-33	0	0	0	28	96	0	-100	28	96
11	-28	-196	1394606232	-14	-31	6	-28	0	0	0	28	96	0	-100	28	96
11	-28	-196	1394608236	-11	-25	7	-30	0	0	0	28	96	0	-100	28	96
11	-28	-196	1394610236	-11	-24	5	-25	0	0	0	28	96	0	-100	28	96
11	-28	-196	1394612236	-10	-25	5	-26	0	0	0	28	96	0	-100	28	96
11	-28	-196	1394614232	-9	-20	5	-24	0	0	0	28	96	0	-100	28	96
11	-28	-196	1394616228	-8	-17	3	-19	0	0	0	28	96	0	-100	28	96
11	-28	-196	1394618224	-6	-17	3	-18	0	0	0	28	96	0	-100	28	96
11	-28	-196	1394620220	-6	-15	2	-15	0	0	0	28	96	0	-100	28	96
11	-28	-196	1394622220	-5	-11	3	-15	0	0	0	28	96	0	-100	28	96
11	-28	-196	1394624216	-4	-10	1	-12	0	0	0	28	96	0	-100	28	96
11	-28	-196	1394626212	-4	-9	1	-10	0	0	0	28	96	0	-100	28	96
11	-28	-196	1394628188	-2	-6	2	-7	0	0	0	28	96	0	-100	28	96
11	-28	-196	1394630220	-1	-5	0	-8	0	0	0	28	96	0	-100	28	96
11	-28	-196	1394632220	-2	-4	0	-3	0	0	0	28	96	0	-100	28	96
11	-28	-196	1394634224	-1	-2	0	-5	0	0	0	28	96	0	-100	28	96
11	-28	-196	1394636224	-1	-3	0	-3	0	0	0	28	96	0	-100	28	96
11	-28	-196	1394638196	0	0	0	-1	0	0	0	28	96	0	-100	28	96
11	-28	-196	1394640200	0	-1	0	-1	0	0	0	28	96	0	-100	28	96
11	-28	-196	1394656156	0	0	0	0	0	0	1	28	96	0	-100	28	96
