1	0	-400	1449634308	-2	-12	2	-14	0	-4	1	0	-404	0	-400	0	0
1	0	-400	1449636328	-1	-10	3	-10	0	-3	1	0	-407	0	-400	0	0
1	0	-400	1449638304	-1	-8	1	-11	0	-3	1	0	-410	0	-400	0	0
1	0	-400	1449640336	0	-7	3	-9	0	-2	1	0	-412	0	-400	0	0
1	-113	784	1449642304	-1	-6	1	-6	0	-2	1	0	-414	-113	384	0	-400
1	-113	784	1449644344	0	-4	1	-6	1	-2	1	1	-416	-113	384	0	-400
1	-113	784	1449646304	0	-4	0	-5	0	-1	1	1	-417	-113	384	0	-400
1	-113	784	1449648324	0	-2	1	-4	0	-1	1	1	-418	-113	384	0	-400
1	-113	784	1449650320	0	-3	2	-2	0	-1	1	1	-419	-113	384	0	-400
1	-113	784	1449652280	0	-1	0	-3	0	0	1	1	-419	-113	384	0	-400
1	-113	784	1449654316	0	-1	1	-2	0	-1	1	1	-420	-113	384	0	-400
1	-113	784	1449656272	0	-2	0	-2	0	0	1	1	-420	-113	384	0	-400
1	-113	784	1449658272	0	0	0	-1	0	0	1	1	-420	-113	384	0	-400
1	-113	784	1449660284	0	-1	0	0	0	-1	1	1	-421	-113	384	0	-400
1	-113	784	1449662296	0	0	1	-1	0	0	1	1	-421	-113	384	0	-400
1	-113	784	1449670284	0	0	0	-1	0	0	1	1	-421	-113	384	0	-400
1	-113	784	1449678296	0	-1	0	0	0	0	1	1	-421	-113	384	0	-400
1	-113	784	1449712300	0	0	0	0	0	0	0	1	-421	-113	384	0	-400
1	-113	784	1449724340	-2	0	0	0	0	0	0	1	-421	-113	384	0	-400
1	-113	784	1449726344	0	2	0	1	0	0	0	1	-421	-113	384	0	-400
1	-113	784	1449728348	0	2	0	3	0	0	0	1	-421	-113	384	0	-400
1	-113	784	1449730380	0	4	-1	2	0	1	0	1	-420	-113	384	0	-400
1	-113	784	1449732392	-1	4	-2	5	0	1	0	1	-419	-113	384	0	-400
1	-113	784	1449734392	0	5	-1	5	0	2	0	1	-417	-113	384	0	-400
1	-113	784	1449736388	-1	8	-1	8	0	2	0	1	-415	-113	384	0	-400
1	-113	784	1449738388	0	9	-3	7	0	3	0	1	-412	-113	384	0	-400
1	-113	784	1449740396	-1	11	-2	12	-1	3	0	0	-409	-113	384	0	-400
1	-113	784	1449742376	0	13	-3	11	0	4	0	0	-405	-113	384	0	-400
1	-113	784	1449744396	-2	16	-3	16	-1	5	0	-1	-400	-113	384	0	-400
1	-113	784	1449746384	-1	19	-3	15	-1	5	0	-2	-395	-113	384	0	-400
1	-113	784	1449748368	0	19	-5	20	0	5	0	-2	-390	-113	384	0	-400
1	-113	784	1449750384	0	26	-5	23	-1	8	0	-3	-382	-113	384	0	-400
1	-113	784	1449752388	-1	25	-4	22	-1	7	0	-4	-375	-113	384	0	-400
1	-113	784	1449754384	0	29	-6	29	-1	9	0	-5	-366	-113	384	0	-400
1	-113	784	1449756388	0	35	-5	27	-1	9	0	-6	-357	-113	384	0	-400
1	-113	784	1449758388	0	33	-7	35	-1	10	0	-7	-347	-113	384	0	-400
1	-113	784	1449760372	0	38	-5	34	0	11	0	-7	-336	-113	384	0	-400
1	-113	784	1449762380	0	45	-8	41	-2	13	0	-9	-323	-113	384	0	-400
1	-113	784	1449764364	1	42	-6	39	0	12	0	-9	-311	-113	384	0	-400
1	-113	784	1449766372	3	47	-8	49	-1	14	0	-10	-297	-113	384	0	-400
1	-113	784	1449768380	2	47	-7	44	-1	14	0	-11	-283	-113	384	0	-400
1	-113	784	1449770388	3	58	-9	55	-1	17	0	-12	-266	-113	384	0	-400
1	-113	784	1449772368	4	55	-7	50	0	16	0	-12	-250	-113	384	0	-400
1	-113	784	1449774380	3	57	-10	61	-1	17	0	-13	-233	-113	384	0	-400
1	-113	784	1449776380	4	68	-9	56	-1	19	0	-14	-214	-113	384	0	-400
1	-113	784	1449778376	4	63	-10	68	-1	20	0	-15	-194	-113	384	0	-400
1	-113	784	1449780376	4	68	-10	62	-1	19	0	-16	-175	-113	384	0	-400
1	-113	784	1449782376	3	79	-13	75	-1	23	0	-17	-152	-113	384	0	-400
1	-113	784	1449784376	4	73	-11	69	-1	22	0	-18	-130	-113	384	0	-400
1	-113	784	1449786364	4	77	-14	82	-2	23	0	-20	-107	-113	384	0	-400
1	-113	784	1449788364	2	80	-12	77	-1	24	0	-21	-83	-113	384	0	-400
1	-113	784	1449790364	4	93	-16	90	-2	27	0	-23	-56	-113	384	0	-400
1	-113	784	1449792364	3	87	-15	81	-2	26	0	-25	-30	-113	384	0	-400
1	-113	784	1449794360	2	90	-20	99	-3	28	0	-28	-2	-113	384	0	-400
1	-113	784	1449796360	3	105	-22	101	-2	31	0	-30	29	-113	384	0	-400
1	-113	784	1449798360	0	96	-20	92	-3	28	0	-33	57	-113	384	0	-400
1	-113	784	1449800356	1	100	-25	110	-4	32	0	-37	89	-113	384	0	-400
1	-113	784	1449802356	0	115	-22	99	-3	32	0	-40	121	-113	384	0	-400
1	-113	784	1449804360	0	106	-29	116	-5	33	0	-45	154	-113	384	0	-400
1	-113	784	1449806356	0	108	-26	105	-4	32	0	-49	186	-113	384	0	-400
1	-113	784	1449808360	-2	123	-31	122	-5	37	0	-54	223	-113	384	0	-400
1	-113	784	1449810352	-2	114	-29	110	-4	33	0	-58	256	-113	384	0	-400
1	-113	784	1449812356	-4	114	-34	126	-6	36	0	-64	292	-113	384	0	-400
1	-113	784	1449814348	-4	117	-31	114	-5	35	0	-69	327	-113	384	0	-400
1	-113	784	1449816356	-5	133	-38	131	-7	39	0	-76	366	-113	384	0	-400
1	-113	784	1449818348	-5	121	-32	117	-5	36	0	-81	402	-113	384	0	-400
1	-113	784	1449820356	-7	123	-38	137	-7	39	0	-88	441	-113	384	0	-400
1	-113	784	1449822360	-10	140	-33	122	-6	39	0	-94	480	-113	384	0	-400
1	-113	784	1449824360	-10	126	-39	140	-8	40	0	-102	520	-113	384	0	-400
1	-113	784	1449826356	-11	126	-34	124	-6	38	0	-108	558	-113	384	0	-400
1	-113	784	1449828360	-15	144	-40	142	-9	43	0	-117	601	-113	384	0	-400
1	-113	784	1449830352	-15	129	-34	127	-7	38	0	-124	639	-113	384	0	-400
1	-113	784	1449832352	-17	128	-38	143	-8	41	0	-132	680	-113	384	0	-400
1	-113	784	1449834352	-18	145	-33	125	-8	40	0	-140	720	-113	384	0	-400
1	-113	784	1449836348	-19	129	-37	144	-8	41	0	-148	761	-113	384	0	-400
1	-113	784	1449838348	-20	128	-32	124	-8	38	0	-156	758	-113	384	0	-400
1	-113	784	1449840348	-20	126	-35	141	-8	40	0	-164	798	-113	384	0	-400
1	-113	784	1449842348	-24	141	-35	140	-9	42	0	-173	840	-113	384	0	-400
1	-113	784	1449844344	-21	124	-30	120	-8	37	0	-181	877	-113	384	0	-400
1	-113	784	1449846348	-21	121	-32	136	-8	38	0	-189	915	-113	384	0	-400
1	-113	784	1449848348	-24	133	-28	117	-8	38	0	-197	953	-113	384	0	-400
1	-113	784	1449850344	-20	113	-30	130	-7	36	0	-204	989	-113	384	0	-400
1	-113	784	1449852344	-19	110	-25	108	-7	33	0	-211	1022	-113	384	0	-400
1	-113	784	1449854352	-20	119	-28	122	-7	36	0	-218	756	-113	384	0	-400
1	-113	784	1449856352	-15	100	-24	101	-6	30	0	-224	786	-113	384	0	-400
1	-113	784	1449858344	-15	96	-25	110	-6	31	0	-230	817	-113	384	0	-400
1	-113	784	1449860352	-12	103	-21	92	-5	30	0	-235	847	-113	384	0	-400
1	-113	784	1449862344	-10	85	-24	100	-5	27	0	-240	874	-113	384	0	-400
1	-113	784	1449864344	-9	81	-19	84	-4	25	0	-244	899	-113	384	0	-400
1	-113	784	1449866348	-8	76	-20	90	-4	25	0	-248	924	-113	384	0	-400
1	-113	784	1449868352	-5	80	-16	74	-3	23	0	-251	947	-113	384	0	-400
1	-113	784	1449870356	-3	67	-18	80	-4	22	0	-255	742	-113	384	0	-400
1	-113	784	1449872348	-2	63	-15	65	-2	19	0	-257	761	-113	384	0	-400
1	-113	784	1449874356	-1	65	-15	71	-3	21	0	-260	782	-113	384	0	-400
1	-113	784	1449876352	0	55	-11	58	-1	17	0	-261	799	-113	384	0	-400
1	-113	784	1449878356	0	52	-12	61	-2	17	0	-263	816	-113	384	0	-400
1	-113	784	1449880356	2	53	-12	59	-1	16	0	-264	832	-113	384	0	-400
1	-113	784	1449882360	3	45	-10	46	-2	14	0	-266	846	-113	384	0	-400
1	-113	784	1449884344	4	42	-8	51	0	14	0	-266	860	-113	384	0	-400
1	-113	784	1449886356	5	45	-8	41	-1	13	0	-267	873	-113	384	0	-400
1	-113	784	1449888340	4	36	-7	44	0	12	0	-267	885	-113	384	0	-400
1	-113	784	1449890336	5	35	-7	36	0	11	0	-267	896	-113	384	0	-400
1	-113	784	1449892308	6	35	-6	39	0	11	0	-267	731	-113	384	0	-400
1	-113	784	1449894316	5	30	-5	31	0	9	0	-267	740	-113	384	0	-400
1	-113	784	1449896316	5	27	-5	33	0	9	0	-267	749	-113	384	0	-400
1	-113	784	1449898344	5	25	-4	26	0	7	0	-267	756	-113	384	0	-400
1	-113	784	1449900352	6	25	-3	28	0	8	0	-267	764	-113	384	0	-400
1	-113	784	1449902344	4	19	-3	22	0	7	0	-267	771	-113	384	0	-400
1	-113	784	1449904348	5	18	-2	21	0	5	0	-267	725	-113	384	0	-400
1	-113	784	1449906352	5	17	-3	18	0	6	0	-267	731	-113	384	0	-400
1	-113	784	1449908372	4	14	-1	17	1	4	0	-266	735	-113	384	0	-400
1	-113	784	1449910352	2	11	-1	13	0	4	0	-266	739	-113	384	0	-400
1	-113	784	1449912356	4	10	-2	12	0	3	1	-266	742	-113	384	0	-400
2	-113	784	1449914356	3	8	-1	10	0	3	1	-113	387	-113	384	0	-400
2	-113	784	1449916368	2	6	-1	8	1	2	1	-112	389	-113	384	0	-400
2	-113	784	1449918356	3	5	0	7	0	2	1	-112	391	-113	384	0	-400
2	-113	784	1449920356	2	4	0	5	0	1	1	-112	392	-113	384	0	-400
2	-113	784	1449922328	1	2	-1	4	0	1	1	-112	393	-113	384	0	-400
2	329	-721	1449924368	2	1	0	3	1	1	1	-111	394	216	-337	-113	384
2	329	-721	1449926348	2	2	0	1	0	0	1	-111	394	216	-337	-113	384
2	329	-721	1449928348	1	0	0	1	0	0	1	-111	394	216	-337	-113	384
2	329	-721	1449930320	2	0	0	0	0	0	1	-111	394	216	-337	-113	384
2	329	-721	1449932356	1	-1	0	0	0	0	1	-111	394	216	-337	-113	384
2	329	-721	1449934368	2	-1	0	0	1	0	1	-110	394	216	-337	-113	384
2	329	-721	1449936352	3	-3	1	-3	0	0	1	-110	394	216	-337	-113	384
2	329	-721	1449938380	4	-3	1	-2	1	-1	1	-109	393	216	-337	-113	384
2	329	-721	1449940368	2	-4	0	-4	0	-1	1	-109	392	216	-337	-113	384
2	329	-721	1449942376	4	-5	3	-5	1	-1	1	-108	391	216	-337	-113	384
2	329	-721	1449944376	5	-6	1	-5	1	-2	1	-107	389	216	-337	-113	384
2	329	-721	1449946376	4	-7	3	-6	1	-2	1	-106	387	216	-337	-113	384
2	329	-721	1449948372	5	-7	2	-7	1	-2	1	-105	385	216	-337	-113	384
2	329	-721	1449950372	5	-9	3	-8	2	-3	1	-103	382	216	-337	-113	384
2	329	-721	1449952372	5	-9	2	-8	1	-2	1	-102	380	216	-337	-113	384
2	329	-721	1449954372	6	-8	4	-10	1	-3	1	-101	377	216	-337	-113	384
2	329	-721	1449956372	5	-12	4	-10	2	-3	1	-99	374	216	-337	-113	384
2	329	-721	1449958364	5	-11	5	-10	1	-3	1	-98	371	216	-337	-113	384
2	329	-721	1449960360	6	-12	5	-12	2	-4	1	-96	367	216	-337	-113	384
2	329	-721	1449962356	5	-13	5	-13	1	-4	1	-95	363	216	-337	-113	384
2	329	-721	1449964352	5	-14	5	-14	2	-4	1	-93	359	216	-337	-113	384
2	329	-721	1449966348	5	-13	6	-13	1	-4	1	-92	355	216	-337	-113	384
2	329	-721	1449968348	4	-15	7	-15	2	-4	1	-90	351	216	-337	-113	384
2	329	-721	1449970344	4	-17	7	-15	2	-5	1	-88	346	216	-337	-113	384
2	329	-721	1449972340	3	-15	8	-18	1	-5	1	-87	341	216	-337	-113	384
2	329	-721	1449974336	3	-16	8	-15	2	-5	1	-85	336	216	-337	-113	384
2	329	-721	1449976332	2	-17	9	-19	2	-5	1	-83	331	216	-337	-113	384
2	329	-721	1449978332	3	-19	8	-16	1	-6	1	-82	325	216	-337	-113	384
2	329	-721	1449980328	2	-19	10	-20	2	-5	1	-80	320	216	-337	-113	384
2	329	-721	1449982340	2	-19	9	-19	2	-6	1	-78	314	216	-337	-113	384
2	329	-721	1449984340	1	-22	11	-21	2	-7	1	-76	307	216	-337	-113	384
2	329	-721	1449986340	1	-20	10	-20	1	-6	0	-75	301	216	-337	-113	384
2	329	-721	1449988336	1	-23	12	-22	2	-6	0	-73	295	216	-337	-113	384
2	329	-721	1449990336	2	-25	11	-22	2	-7	0	-71	288	216	-337	-113	384
2	329	-721	1449992332	0	-23	11	-26	2	-8	0	-69	280	216	-337	-113	384
2	329	-721	1449994336	1	-25	11	-24	2	-7	0	-67	273	216	-337	-113	384
2	329	-721	1449996336	0	-29	13	-27	1	-8	0	-66	265	216	-337	-113	384
2	329	-721	1449998324	1	-26	12	-25	2	-8	0	-64	257	216	-337	-113	384
2	329	-721	1450000336	0	-28	13	-30	2	-9	0	-62	248	216	-337	-113	384
2	329	-721	1450002336	1	-29	12	-28	2	-8	0	-60	240	216	-337	-113	384
2	329	-721	1450004332	2	-33	14	-33	3	-10	0	-57	230	216	-337	-113	384
2	329	-721	1450006328	2	-32	14	-29	2	-9	0	-55	221	216	-337	-113	384
2	329	-721	1450008324	3	-32	15	-36	3	-11	0	-52	210	216	-337	-113	384
2	329	-721	1450010328	2	-39	16	-38	3	-11	0	-49	199	216	-337	-113	384
2	329	-721	1450012328	4	-35	15	-34	2	-10	0	-47	189	216	-337	-113	384
2	329	-721	1450014332	4	-37	18	-40	4	-12	0	-43	177	216	-337	-113	384
2	329	-721	1450016324	5	-44	16	-37	3	-12	0	-40	165	216	-337	-113	384
2	329	-721	1450018328	5	-41	21	-44	4	-13	0	-36	152	216	-337	-113	384
2	329	-721	1450020332	5	-43	19	-41	3	-13	0	-33	139	216	-337	-113	384
2	329	-721	1450022340	6	-51	22	-49	5	-15	0	-28	124	216	-337	-113	384
2	329	-721	1450024344	6	-48	23	-45	4	-13	0	-24	111	216	-337	-113	384
2	329	-721	1450026348	8	-50	26	-54	5	-16	0	-19	95	216	-337	-113	384
2	329	-721	1450028352	7	-60	26	-50	5	-17	0	-14	78	216	-337	-113	384
2	329	-721	1450030344	8	-55	32	-58	6	-17	0	-8	61	216	-337	-113	384
2	329	-721	1450032348	7	-57	28	-54	5	-16	0	-3	45	216	-337	-113	384
2	329	-721	1450034348	10	-69	37	-64	7	-20	0	4	25	216	-337	-113	384
2	329	-721	1450036344	8	-62	32	-59	6	-18	0	10	7	216	-337	-113	384
2	329	-721	1450038348	8	-65	41	-68	8	-20	0	18	-13	216	-337	-113	384
2	329	-721	1450040352	9	-68	37	-64	6	-20	0	24	-33	216	-337	-113	384
2	329	-721	1450042352	9	-79	45	-75	9	-23	0	33	-56	216	-337	-113	384
2	329	-721	1450044356	7	-72	46	-76	8	-22	0	41	-78	216	-337	-113	384
2	329	-721	1450046360	8	-74	42	-70	7	-22	0	48	-100	216	-337	-113	384
2	329	-721	1450048364	9	-86	52	-83	9	-25	0	57	-125	216	-337	-113	384
2	329	-721	1450050364	7	-79	46	-74	8	-23	0	65	-148	216	-337	-113	384
2	329	-721	1450052372	8	-80	54	-86	9	-25	0	74	-173	216	-337	-113	384
2	329	-721	1450054372	7	-91	47	-76	9	-25	0	83	-198	216	-337	-113	384
2	329	-721	1450056376	8	-83	58	-91	9	-26	0	92	-224	216	-337	-113	384
2	329	-721	1450058380	6	-85	50	-80	9	-25	0	101	-249	216	-337	-113	384
2	329	-721	1450060388	7	-96	58	-94	10	-29	0	111	-278	216	-337	-113	384
2	329	-721	1450062388	8	-89	53	-84	9	-25	0	120	-303	216	-337	-113	384
2	329	-721	1450064380	6	-88	61	-97	10	-28	0	130	-331	216	-337	-113	384
2	329	-721	1450066380	8	-102	53	-87	9	-29	0	139	-360	216	-337	-113	384
2	329	-721	1450068384	6	-92	61	-100	10	-28	0	149	-388	216	-337	-113	384
2	329	-721	1450070392	7	-93	54	-88	9	-28	0	158	-416	216	-337	-113	384
2	329	-721	1450072384	8	-103	62	-102	11	-30	0	169	-446	216	-337	-113	384
2	329	-721	1450074384	7	-94	63	-103	10	-30	0	179	-476	216	-337	-113	384
2	329	-721	1450076376	9	-94	55	-90	10	-27	0	189	-503	216	-337	-113	384
2	329	-721	1450078376	9	-95	63	-104	11	-30	0	200	-533	216	-337	-113	384
2	329	-721	1450080368	9	-105	57	-91	9	-30	0	209	-563	216	-337	-113	384
2	329	-721	1450082364	8	-94	63	-104	11	-29	0	220	-592	216	-337	-113	384
2	329	-721	1450084364	10	-93	58	-90	10	-28	0	230	-620	216	-337	-113	384
2	329	-721	1450086360	10	-104	65	-104	12	-31	0	242	-651	216	-337	-113	384
2	329	-721	1450088352	10	-91	57	-90	10	-27	0	252	-678	216	-337	-113	384
2	329	-721	1450090356	10	-90	67	-101	11	-29	0	263	-707	216	-337	-113	384
2	329	-721	1450092352	12	-100	58	-88	11	-28	0	274	-735	216	-337	-113	384
2	329	-721	1450094348	11	-88	67	-98	11	-28	0	285	-763	216	-337	-113	384
2	329	-721	1450096340	11	-85	60	-85	11	-25	0	296	-788	216	-337	-113	384
2	329	-721	1450098344	13	-85	67	-97	12	-28	0	308	-816	216	-337	-113	384
2	329	-721	1450100348	13	-94	61	-81	11	-26	0	319	-842	216	-337	-113	384
2	329	-721	1450102352	14	-81	70	-94	13	-26	0	332	-868	216	-337	-113	384
2	329	-721	1450104352	14	-81	62	-80	11	-24	0	343	-892	216	-337	-113	384
2	329	-721	1450106356	17	-89	71	-90	13	-27	0	356	-747	216	-337	-113	384
2	329	-721	1450108356	15	-79	62	-77	12	-24	0	368	-771	216	-337	-113	384
2	329	-721	1450110356	18	-77	73	-88	13	-24	0	381	-795	216	-337	-113	384
2	329	-721	1450112364	19	-86	65	-75	13	-25	0	394	-820	216	-337	-113	384
2	329	-721	1450114364	18	-77	74	-86	14	-24	0	408	-844	216	-337	-113	384
2	329	-721	1450116368	19	-75	65	-74	12	-22	0	420	-866	216	-337	-113	384
2	329	-721	1450118368	21	-83	75	-83	15	-25	0	435	-891	216	-337	-113	384
2	329	-721	1450120372	20	-73	75	-83	14	-24	0	449	-744	216	-337	-113	384
2	329	-721	1450122372	22	-72	66	-71	13	-21	0	462	-765	216	-337	-113	384
2	329	-721	1450124376	22	-82	75	-80	15	-24	0	477	-789	216	-337	-113	384
2	329	-721	1450126380	20	-70	66	-69	13	-21	0	490	-810	216	-337	-113	384
2	329	-721	1450128368	21	-70	75	-79	14	-23	0	504	-833	216	-337	-113	384
2	329	-721	1450130368	20	-70	65	-67	13	-20	0	517	-853	216	-337	-113	384
2	329	-721	1450132368	23	-76	74	-76	14	-23	0	531	-876	216	-337	-113	384
2	329	-721	1450134372	20	-66	65	-65	13	-20	0	544	-896	216	-337	-113	384
2	329	-721	1450136376	19	-66	71	-74	14	-21	0	558	-741	216	-337	-113	384
2	329	-721	1450138380	21	-72	63	-63	12	-20	0	570	-761	216	-337	-113	384
2	329	-721	1450140384	17	-62	70	-70	13	-20	0	583	-781	216	-337	-113	384
2	329	-721	1450142388	18	-61	60	-60	12	-18	0	595	-799	216	-337	-113	384
2	329	-721	1450144380	20	-68	67	-66	13	-20	0	608	-819	216	-337	-113	384
2	329	-721	1450146384	16	-59	56	-56	11	-17	0	619	-836	216	-337	-113	384
2	329	-721	1450148388	18	-56	64	-63	12	-18	0	631	-854	216	-337	-113	384
2	329	-721	1450150388	17	-61	54	-53	11	-17	0	642	-871	216	-337	-113	384
2	329	-721	1450152392	15	-54	60	-59	11	-17	0	653	-888	216	-337	-113	384
2	329	-721	1450154392	16	-51	57	-58	11	-16	0	664	-736	216	-337	-113	384
2	329	-721	1450156396	17	-56	49	-47	10	-16	0	674	-752	216	-337	-113	384
2	329	-721	1450158400	13	-48	54	-54	10	-15	0	684	-767	216	-337	-113	384
2	329	-721	1450160400	14	-46	46	-45	9	-14	0	693	-781	216	-337	-113	384
2	329	-721	1450162400	14	-50	50	-49	10	-15	0	703	-796	216	-337	-113	384
2	329	-721	1450164396	12	-43	41	-42	8	-12	0	711	-808	216	-337	-113	384
2	329	-721	1450166392	13	-41	47	-45	9	-13	0	720	-821	216	-337	-113	384
2	329	-721	1450168392	12	-39	37	-39	7	-12	0	727	-833	216	-337	-113	384
2	329	-721	1450170392	13	-42	43	-42	8	-13	0	735	-846	216	-337	-113	384
2	329	-721	1450172384	10	-35	35	-35	7	-10	1	742	-856	216	-337	-113	384
3	329	-721	1450174380	10	-35	37	-38	7	-11	1	223	-348	216	-337	-113	384
3	-518	599	1450176380	11	-36	31	-32	6	-10	1	229	-358	-302	262	216	-337
3	-518	599	1450178376	9	-30	33	-35	7	-10	1	236	-368	-302	262	216	-337
3	-518	599	1450180372	9	-29	27	-29	5	-9	1	241	-377	-302	262	216	-337
3	-518	599	1450182372	8	-29	30	-30	6	-9	1	247	-386	-302	262	216	-337
3	-518	599	1450184372	8	-25	24	-26	5	-7	1	252	-393	-302	262	216	-337
3	-518	599	1450186372	6	-24	26	-27	4	-8	1	256	-401	-302	262	216	-337
3	-518	599	1450188372	8	-21	20	-22	5	-6	1	261	-407	-302	262	216	-337
3	-518	599	1450190372	6	-22	22	-23	4	-7	1	265	-414	-302	262	216	-337
3	-518	599	1450192372	6	-19	17	-18	3	-6	1	268	-420	-302	262	216	-337
3	-518	599	1450194372	5	-16	19	-20	4	-5	1	272	-425	-302	262	216	-337
3	-518	599	1450196376	5	-18	14	-15	3	-5	1	275	-430	-302	262	216	-337
3	-518	599	1450198376	5	-14	13	-17	2	-5	1	277	-435	-302	262	216	-337
3	-518	599	1450200380	4	-11	13	-15	3	-3	1	280	-438	-302	262	216	-337
3	-518	599	1450202380	4	-12	10	-11	2	-4	1	282	-442	-302	262	216	-337
3	-518	599	1450204380	3	-9	11	-11	2	-3	1	284	-445	-302	262	216	-337
3	-518	599	1450206388	3	-8	8	-9	2	-2	1	286	-447	-302	262	216	-337
3	-518	599	1450208384	4	-7	7	-9	1	-3	1	287	-450	-302	262	216	-337
3	-518	599	1450210380	1	-6	6	-6	2	-2	1	289	-452	-302	262	216	-337
3	-518	599	1450212384	2	-4	5	-6	1	-1	1	290	-453	-302	262	216	-337
3	-518	599	1450214376	2	-4	5	-5	1	-2	1	291	-455	-302	262	216	-337
3	-518	599	1450216368	1	-4	4	-5	0	-1	1	291	-456	-302	262	216	-337
3	-518	599	1450218376	1	-2	3	-3	1	-1	1	292	-457	-302	262	216	-337
3	-518	599	1450220364	1	-3	3	-2	1	0	1	293	-457	-302	262	216	-337
3	-518	599	1450222364	0	-1	2	-3	0	-1	1	293	-458	-302	262	216	-337
3	-518	599	1450224352	2	-1	2	-2	0	0	1	293	-458	-302	262	216	-337
3	-518	599	1450226380	0	0	1	-1	1	-1	1	294	-459	-302	262	216	-337
3	-518	599	1450228352	0	-1	2	0	0	0	1	294	-459	-302	262	216	-337
3	-518	599	1450230320	0	0	0	-2	0	0	1	294	-459	-302	262	216	-337
3	-518	599	1450232324	0	0	1	0	0	0	1	294	-459	-302	262	216	-337
3	-518	599	1450234320	0	0	0	-1	0	0	1	294	-459	-302	262	216	-337
3	-518	599	1450262356	0	0	0	1	0	0	1	294	-459	-302	262	216	-337
3	-518	599	1450268356	0	0	0	1	0	0	1	294	-459	-302	262	216	-337
3	-518	599	1450272344	0	1	0	2	0	0	0	294	-459	-302	262	216	-337
3	-518	599	1450274348	0	2	0	2	0	0	0	294	-459	-302	262	216	-337
3	-518	599	1450276396	-1	2	0	2	0	1	0	294	-458	-302	262	216	-337
3	-518	599	1450278392	-1	4	-2	4	0	1	0	294	-457	-302	262	216	-337
3	-518	599	1450280384	-1	5	-1	5	0	1	0	294	-456	-302	262	216	-337
3	-518	599	1450282384	-1	6	-1	5	0	2	0	294	-454	-302	262	216	-337
3	-518	599	1450284400	-2	6	-3	7	-1	2	0	293	-452	-302	262	216	-337
3	-518	599	1450286384	-1	9	-1	7	0	2	0	293	-450	-302	262	216	-337
3	-518	599	1450288400	-2	10	-2	10	-1	3	0	292	-447	-302	262	216	-337
3	-518	599	1450290396	-2	10	-3	10	-1	3	0	291	-444	-302	262	216	-337
3	-518	599	1450292380	-2	14	-4	12	0	4	0	291	-440	-302	262	216	-337
3	-518	599	1450294392	-1	14	-3	13	-1	4	0	290	-436	-302	262	216	-337
3	-518	599	1450296388	-3	16	-5	16	-1	5	0	289	-431	-302	262	216	-337
3	-518	599	1450298392	-1	20	-5	15	-1	5	0	288	-426	-302	262	216	-337
3	-518	599	1450300392	-3	20	-7	21	-2	7	0	286	-419	-302	262	216	-337
3	-518	599	1450302392	-1	21	-6	20	-1	6	0	285	-413	-302	262	216	-337
3	-518	599	1450304388	-2	25	-9	25	-1	7	0	284	-406	-302	262	216	-337
3	-518	599	1450306380	-2	29	-7	24	-2	8	0	282	-398	-302	262	216	-337
3	-518	599	1450308388	-1	29	-11	30	-1	9	0	281	-389	-302	262	216	-337
3	-518	599	1450310392	-1	30	-10	27	-2	9	0	279	-380	-302	262	216	-337
3	-518	599	1450312392	-3	37	-14	35	-3	10	0	276	-370	-302	262	216	-337
3	-518	599	1450314388	-1	35	-16	39	-2	12	0	274	-358	-302	262	216	-337
3	-518	599	1450316392	-2	39	-17	35	-3	11	0	271	-347	-302	262	216	-337
3	-518	599	1450318392	-3	46	-20	44	-4	13	0	267	-334	-302	262	216	-337
3	-518	599	1450320384	-2	44	-20	42	-3	13	0	264	-321	-302	262	216	-337
3	-518	599	1450322388	-3	49	-26	52	-4	15	0	260	-306	-302	262	216	-337
3	-518	599	1450324392	-4	57	-25	47	-5	16	0	255	-290	-302	262	216	-337
3	-518	599	1450326400	-3	55	-32	59	-5	17	0	250	-273	-302	262	216	-337
3	-518	599	1450328404	-4	59	-33	56	-5	17	0	245	-256	-302	262	216	-337
3	-518	599	1450330404	-6	71	-40	68	-7	21	0	238	-235	-302	262	216	-337
3	-518	599	1450332408	-8	66	-39	62	-7	19	0	231	-216	-302	262	216	-337
3	-518	599	1450334416	-7	72	-48	76	-9	22	0	222	-194	-302	262	216	-337
3	-518	599	1450336408	-10	73	-47	70	-8	22	0	214	-172	-302	262	216	-337
3	-518	599	1450338408	-13	89	-58	85	-11	26	0	203	-146	-302	262	216	-337
3	-518	599	1450340408	-14	83	-57	78	-10	24	0	193	-122	-302	262	216	-337
3	-518	599	1450342412	-16	87	-68	94	-13	27	0	180	-95	-302	262	216	-337
3	-518	599	1450344408	-20	103	-67	86	-13	29	0	167	-66	-302	262	216	-337
3	-518	599	1450346400	-20	95	-81	102	-15	29	0	152	-37	-302	262	216	-337
3	-518	599	1450348396	-22	98	-76	94	-15	29	0	137	-8	-302	262	216	-337
3	-518	599	1450350400	-30	117	-94	110	-18	34	0	119	26	-302	262	216	-337
3	-518	599	1450352404	-29	106	-100	115	-20	33	0	99	59	-302	262	216	-337
3	-518	599	1450354400	-34	109	-92	104	-19	32	0	80	91	-302	262	216	-337
3	-518	599	1450356404	-41	126	-113	122	-23	37	0	57	128	-302	262	216	-337
3	-518	599	1450358400	-40	114	-102	109	-21	34	0	36	162	-302	262	216	-337
3	-518	599	1450360396	-44	116	-125	128	-25	36	0	11	198	-302	262	216	-337
3	-518	599	1450362392	-47	119	-113	113	-24	35	0	-13	233	-302	262	216	-337
3	-518	599	1450364388	-58	136	-135	132	-29	40	0	-42	273	-302	262	216	-337
3	-518	599	1450366384	-55	121	-122	117	-27	36	0	-69	309	-302	262	216	-337
3	-518	599	1450368400	-60	125	-145	138	-31	39	0	-100	348	-302	262	216	-337
3	-518	599	1450370396	-72	141	-130	121	-30	40	0	-130	388	-302	262	216	-337
3	-518	599	1450372392	-69	128	-153	141	-33	40	0	-163	428	-302	262	216	-337
3	-518	599	1450374392	-74	127	-135	124	-32	38	0	-195	466	-302	262	216	-337
3	-518	599	1450376392	-89	147	-157	145	-37	44	0	-232	510	-302	262	216	-337
3	-518	599	1450378388	-83	130	-140	126	-33	38	0	-265	548	-302	262	216	-337
3	-518	599	1450380392	-89	131	-162	146	-38	42	0	-303	590	-302	262	216	-337
3	-518	599	1450382392	-105	147	-141	128	-37	41	0	-340	631	-302	262	216	-337
3	-518	599	1450384380	-98	132	-161	145	-38	41	0	-378	672	-302	262	216	-337
3	-518	599	1450386380	-102	130	-140	127	-37	39	0	-415	711	-302	262	216	-337
3	-518	599	1450388372	-105	128	-160	144	-39	41	0	-454	752	-302	262	216	-337
3	-518	599	1450390376	-123	143	-139	125	-40	40	0	-494	792	-302	262	216	-337
3	-518	599	1450392384	-110	125	-155	140	-40	40	0	-534	832	-302	262	216	-337
3	-518	599	1450394376	-111	121	-132	121	-36	36	0	-570	868	-302	262	216	-337
3	-518	599	1450396384	-126	134	-149	135	-41	40	0	-611	908	-302	262	216	-337
3	-518	599	1450398372	-111	115	-126	117	-36	35	0	-647	943	-302	262	216	-337
3	-518	599	1450400376	-110	111	-140	127	-37	36	0	-684	979	-302	262	216	-337
3	-518	599	1450402384	-120	119	-135	124	-39	36	0	-723	1015	-302	262	216	-337
3	-518	599	1450404376	-104	100	-114	102	-32	31	0	-755	751	-302	262	216	-337
3	-518	599	1450406376	-99	96	-124	112	-34	31	0	-789	782	-302	262	216	-337
3	-518	599	1450408380	-105	100	-104	93	-31	29	0	-820	811	-302	262	216	-337
3	-518	599	1450410388	-89	84	-113	99	-30	27	0	-850	838	-302	262	216	-337
3	-518	599	1450412384	-81	77	-94	83	-27	24	0	-877	862	-302	262	216	-337
3	-518	599	1450414384	-76	73	-101	87	-26	24	0	-903	886	-302	262	216	-337
3	-518	599	1450416392	-79	76	-83	70	-24	22	0	-927	908	-302	262	216	-337
3	-518	599	1450418396	-62	61	-90	76	-23	21	0	-950	929	-302	262	216	-337
3	-518	599	1450420400	-57	58	-74	62	-20	18	0	-970	738	-302	262	216	-337
3	-518	599	1450422404	-57	59	-77	63	-20	18	0	-990	756	-302	262	216	-337
3	-518	599	1450424408	-45	48	-64	52	-16	15	0	-1006	771	-302	262	216	-337
3	-518	599	1450426408	-41	45	-66	55	-16	15	0	-1022	786	-302	262	216	-337
3	-518	599	1450428404	-40	47	-54	42	-14	13	0	-1036	799	-302	262	216	-337
3	-518	599	1450430408	-32	37	-56	45	-14	13	0	-1050	812	-302	262	216	-337
3	-518	599	1450432396	-27	34	-44	36	-10	10	0	-1060	822	-302	262	216	-337
3	-518	599	1450434400	-28	35	-46	37	-11	11	0	-1071	833	-302	262	216	-337
3	-518	599	1450436404	-20	26	-40	33	-9	9	0	-1080	842	-302	262	216	-337
3	-518	599	1450438396	-18	25	-31	25	-8	7	0	-1088	727	-302	262	216	-337
3	-518	599	1450440392	-18	25	-33	27	-7	8	0	-1095	735	-302	262	216	-337
3	-518	599	1450442392	-12	19	-24	20	-6	6	0	-1101	741	-302	262	216	-337
3	-518	599	1450444396	-12	16	-23	21	-5	5	0	-1106	746	-302	262	216	-337
3	-518	599	1450446400	-11	15	-18	15	-4	5	0	-1110	751	-302	262	216	-337
3	-518	599	1450448404	-7	13	-17	16	-4	4	0	-1114	755	-302	262	216	-337
3	-518	599	1450450400	-5	10	-13	11	-3	3	0	-1117	758	-302	262	216	-337
3	-518	599	1450452400	-5	7	-11	12	-2	3	0	-1119	761	-302	262	216	-337
3	-518	599	1450454404	-3	8	-8	7	-2	2	1	-1121	722	-302	262	216	-337
4	-518	599	1450456404	-1	5	-6	8	-1	2	1	-303	264	-302	262	216	-337
4	-518	599	1450458388	0	2	-2	3	0	1	1	-303	265	-302	262	216	-337
4	-518	599	1450460384	4	1	-3	4	0	1	1	-303	266	-302	262	216	-337
4	-518	599	1450462368	6	0	0	1	0	0	1	-303	266	-302	262	216	-337
4	-518	599	1450464352	9	0	3	0	2	0	1	-301	266	-302	262	216	-337
4	-518	599	1450466372	10	-3	4	0	2	0	1	-299	266	-302	262	216	-337
4	-518	599	1450468388	14	-5	7	-4	3	-1	1	-296	265	-302	262	216	-337
4	-518	599	1450470384	15	-5	8	-4	3	-1	1	-293	264	-302	262	216	-337
4	666	-428	1450472388	15	-7	11	-7	4	-2	1	-289	262	364	-166	-302	262
4	666	-428	1450474384	18	-9	10	-6	5	-2	1	-284	260	364	-166	-302	262
4	666	-428	1450476380	19	-9	15	-10	5	-3	1	-279	257	364	-166	-302	262
4	666	-428	1450478380	19	-10	14	-9	5	-3	1	-274	254	364	-166	-302	262
4	666	-428	1450480384	24	-13	17	-11	6	-4	1	-268	250	364	-166	-302	262
4	666	-428	1450482388	21	-13	19	-13	6	-4	1	-262	246	364	-166	-302	262
4	666	-428	1450484388	22	-14	17	-12	6	-4	1	-256	242	364	-166	-302	262
4	666	-428	1450486384	25	-17	23	-17	7	-5	1	-249	237	364	-166	-302	262
4	666	-428	1450488376	23	-16	20	-13	6	-4	1	-243	233	364	-166	-302	262
4	666	-428	1450490368	22	-17	25	-18	7	-5	1	-236	228	364	-166	-302	262
4	666	-428	1450492372	24	-21	22	-17	7	-6	1	-229	222	364	-166	-302	262
4	666	-428	1450494380	20	-19	27	-20	7	-6	1	-222	216	364	-166	-302	262
4	666	-428	1450496384	20	-18	23	-18	7	-5	1	-215	211	364	-166	-302	262
4	666	-428	1450498388	19	-20	28	-22	7	-6	1	-208	205	364	-166	-302	262
4	666	-428	1450500380	20	-24	24	-19	6	-7	1	-202	198	364	-166	-302	262
4	666	-428	1450502384	17	-20	27	-23	7	-6	1	-195	192	364	-166	-302	262
4	666	-428	1450504380	17	-21	25	-20	6	-7	1	-189	185	364	-166	-302	262
4	666	-428	1450506380	17	-24	26	-22	7	-6	1	-182	179	364	-166	-302	262
4	666	-428	1450508388	15	-20	24	-21	6	-7	1	-176	172	364	-166	-302	262
4	666	-428	1450510384	15	-21	26	-23	6	-6	1	-170	166	364	-166	-302	262
4	666	-428	1450512372	15	-24	23	-21	5	-7	1	-165	159	364	-166	-302	262
4	666	-428	1450514364	14	-21	26	-24	6	-7	1	-159	152	364	-166	-302	262
4	666	-428	1450516372	14	-22	21	-20	6	-6	1	-153	146	364	-166	-302	262
4	666	-428	1450518376	15	-23	25	-22	6	-7	1	-147	139	364	-166	-302	262
4	666	-428	1450520372	12	-20	23	-20	5	-6	1	-142	133	364	-166	-302	262
4	666	-428	1450522364	11	-20	24	-23	5	-6	1	-137	127	364	-166	-302	262
4	666	-428	1450524368	12	-20	20	-20	5	-6	1	-132	121	364	-166	-302	262
4	666	-428	1450526372	12	-22	22	-21	5	-7	1	-127	114	364	-166	-302	262
4	666	-428	1450528364	10	-18	23	-21	5	-5	1	-122	109	364	-166	-302	262
4	666	-428	1450530368	11	-19	18	-19	4	-6	1	-118	103	364	-166	-302	262
4	666	-428	1450532372	10	-19	22	-20	5	-6	1	-113	97	364	-166	-302	262
4	666	-428	1450534376	10	-17	17	-16	4	-5	1	-109	92	364	-166	-302	262
4	666	-428	1450536372	9	-17	20	-19	5	-5	1	-104	87	364	-166	-302	262
4	666	-428	1450538380	10	-17	16	-16	3	-5	1	-101	82	364	-166	-302	262
4	666	-428	1450540372	8	-15	18	-17	4	-5	1	-97	77	364	-166	-302	262
4	666	-428	1450542376	8	-15	15	-15	4	-5	1	-93	72	364	-166	-302	262
4	666	-428	1450544376	9	-15	17	-16	4	-4	1	-89	68	364	-166	-302	262
4	666	-428	1450546376	6	-14	14	-12	3	-4	1	-86	64	364	-166	-302	262
4	666	-428	1450548376	8	-12	15	-15	3	-4	1	-83	60	364	-166	-302	262
4	666	-428	1450550376	6	-12	13	-13	3	-4	1	-80	56	364	-166	-302	262
4	666	-428	1450552376	8	-13	15	-14	3	-4	1	-77	52	364	-166	-302	262
4	666	-428	1450554376	6	-12	12	-11	3	-3	0	-74	49	364	-166	-302	262
4	666	-428	1450556368	6	-11	13	-12	3	-4	0	-71	45	364	-166	-302	262
4	666	-428	1450558372	8	-11	12	-12	3	-3	0	-68	42	364	-166	-302	262
4	666	-428	1450560368	6	-11	13	-12	3	-4	0	-65	38	364	-166	-302	262
4	666	-428	1450562368	6	-10	12	-11	3	-3	0	-62	35	364	-166	-302	262
4	666	-428	1450564368	8	-13	14	-13	3	-4	0	-59	31	364	-166	-302	262
4	666	-428	1450566368	7	-10	12	-10	3	-3	0	-56	28	364	-166	-302	262
4	666	-428	1450568368	8	-11	15	-14	3	-4	0	-53	24	364	-166	-302	262
4	666	-428	1450570368	8	-13	15	-12	4	-3	0	-49	21	364	-166	-302	262
4	666	-428	1450572364	9	-11	15	-13	3	-4	0	-46	17	364	-166	-302	262
4	666	-428	1450574368	9	-12	19	-13	4	-4	0	-42	13	364	-166	-302	262
4	666	-428	1450576368	10	-14	18	-13	5	-4	0	-37	9	364	-166	-302	262
4	666	-428	1450578376	12	-15	21	-16	5	-4	0	-32	5	364	-166	-302	262
4	666	-428	1450580380	12	-15	21	-15	4	-5	0	-28	0	364	-166	-302	262
4	666	-428	1450582376	12	-15	25	-18	6	-5	0	-22	-5	364	-166	-302	262
4	666	-428	1450584368	16	-19	24	-16	6	-5	0	-16	-10	364	-166	-302	262
4	666	-428	1450586372	15	-19	30	-21	7	-6	0	-9	-16	364	-166	-302	262
4	666	-428	1450588376	17	-18	29	-19	7	-6	0	-2	-22	364	-166	-302	262
4	666	-428	1450590384	20	-24	35	-22	8	-7	0	6	-29	364	-166	-302	262
4	666	-428	1450592380	20	-23	32	-23	8	-6	0	14	-35	364	-166	-302	262
4	666	-428	1450594376	20	-23	40	-26	9	-8	0	23	-43	364	-166	-302	262
4	666	-428	1450596372	23	-29	39	-24	9	-8	0	32	-51	364	-166	-302	262
4	666	-428	1450598360	24	-26	46	-30	11	-8	0	43	-59	364	-166	-302	262
4	666	-428	1450600360	24	-29	43	-29	10	-9	0	53	-68	364	-166	-302	262
4	666	-428	1450602356	25	-31	52	-33	11	-9	0	64	-77	364	-166	-302	262
4	666	-428	1450604356	30	-37	48	-30	12	-11	0	76	-88	364	-166	-302	262
4	666	-428	1450606356	29	-35	58	-38	13	-10	0	89	-98	364	-166	-302	262
4	666	-428	1450608360	28	-36	54	-35	12	-11	0	101	-109	364	-166	-302	262
4	666	-428	1450610364	35	-42	64	-41	15	-13	0	116	-122	364	-166	-302	262
4	666	-428	1450612368	33	-40	69	-43	15	-12	0	131	-134	364	-166	-302	262
4	666	-428	1450614368	32	-42	61	-40	14	-12	0	145	-146	364	-166	-302	262
4	666	-428	1450616368	39	-47	75	-46	17	-14	0	162	-160	364	-166	-302	262
4	666	-428	1450618372	35	-44	67	-41	16	-13	0	178	-173	364	-166	-302	262
4	666	-428	1450620376	36	-45	80	-49	17	-14	0	195	-187	364	-166	-302	262
4	666	-428	1450622380	42	-52	74	-45	17	-15	0	212	-202	364	-166	-302	262
4	666	-428	1450624392	38	-48	89	-51	20	-15	0	232	-217	364	-166	-302	262
4	666	-428	1450626380	39	-49	79	-46	17	-14	0	249	-231	364	-166	-302	262
4	666	-428	1450628384	45	-55	95	-53	21	-16	0	270	-247	364	-166	-302	262
4	666	-428	1450630392	43	-50	85	-47	19	-15	0	289	-262	364	-166	-302	262
4	666	-428	1450632384	42	-48	101	-54	22	-15	0	311	-277	364	-166	-302	262
4	666	-428	1450634384	43	-52	91	-49	20	-15	0	331	-292	364	-166	-302	262
4	666	-428	1450636376	51	-57	108	-54	24	-17	0	355	-309	364	-166	-302	262
4	666	-428	1450638376	47	-50	97	-47	21	-14	0	376	-323	364	-166	-302	262
4	666	-428	1450640376	49	-51	113	-55	25	-16	0	401	-339	364	-166	-302	262
4	666	-428	1450642372	56	-58	102	-48	23	-16	0	424	-355	364	-166	-302	262
4	666	-428	1450644368	52	-50	119	-55	26	-16	0	450	-371	364	-166	-302	262
4	666	-428	1450646364	53	-50	105	-46	24	-14	0	474	-385	364	-166	-302	262
4	666	-428	1450648364	63	-56	124	-54	28	-17	0	502	-402	364	-166	-302	262
4	666	-428	1450650360	56	-49	111	-46	25	-14	0	527	-416	364	-166	-302	262
4	666	-428	1450652360	59	-49	127	-52	28	-15	0	555	-431	364	-166	-302	262
4	666	-428	1450654356	60	-48	132	-53	29	-15	0	584	-446	364	-166	-302	262
4	666	-428	1450656352	69	-53	115	-45	27	-15	0	611	-461	364	-166	-302	262
4	666	-428	1450658352	62	-47	133	-51	29	-15	0	640	-476	364	-166	-302	262
4	666	-428	1450660348	64	-47	118	-44	28	-13	0	668	-489	364	-166	-302	262
4	666	-428	1450662348	74	-50	137	-49	31	-15	0	699	-504	364	-166	-302	262
4	666	-428	1450664356	65	-45	120	-42	28	-13	0	727	-517	364	-166	-302	262
4	666	-428	1450666364	66	-43	139	-49	31	-14	0	758	-531	364	-166	-302	262
4	666	-428	1450668360	75	-48	123	-41	30	-13	0	788	-544	364	-166	-302	262
4	666	-428	1450670356	67	-41	141	-48	31	-14	0	819	-558	364	-166	-302	262
4	666	-428	1450672356	67	-41	124	-40	28	-12	0	847	-570	364	-166	-302	262
4	666	-428	1450674356	75	-47	141	-46	33	-14	0	880	-584	364	-166	-302	262
4	666	-428	1450676356	66	-40	124	-40	28	-12	0	908	-596	364	-166	-302	262
4	666	-428	1450678356	66	-38	141	-45	31	-12	0	939	-608	364	-166	-302	262
4	666	-428	1450680352	66	-40	125	-39	29	-12	0	968	-620	364	-166	-302	262
4	666	-428	1450682344	73	-44	141	-43	32	-13	0	1000	-633	364	-166	-302	262
4	666	-428	1450684352	65	-38	124	-38	28	-11	0	1028	-644	364	-166	-302	262
4	666	-428	1450686348	65	-38	141	-44	31	-13	0	1059	-657	364	-166	-302	262
4	666	-428	1450688352	72	-44	123	-37	30	-12	0	1089	-669	364	-166	-302	262
4	666	-428	1450690348	64	-38	140	-43	30	-12	0	1119	-681	364	-166	-302	262
4	666	-428	1450692344	63	-37	121	-37	28	-11	0	1147	-692	364	-166	-302	262
4	666	-428	1450694352	70	-43	139	-41	31	-13	0	1178	-705	364	-166	-302	262
4	666	-428	1450696352	61	-37	118	-37	27	-11	0	1205	-716	364	-166	-302	262
4	666	-428	1450698348	61	-38	135	-41	29	-12	0	1234	-728	364	-166	-302	262
4	666	-428	1450700348	68	-41	134	-41	31	-12	0	1265	-740	364	-166	-302	262
4	666	-428	1450702348	60	-37	115	-35	26	-11	0	1291	-751	364	-166	-302	262
4	666	-428	1450704348	57	-37	129	-40	28	-11	0	1308	-731	364	-166	-302	262
4	666	-428	1450706344	58	-36	112	-35	25	-11	0	1333	-742	364	-166	-302	262
4	666	-428	1450708352	62	-40	127	-40	29	-12	0	1362	-754	364	-166	-302	262
4	666	-428	1450710352	54	-35	107	-34	24	-10	0	1386	-764	364	-166	-302	262
4	666	-428	1450712360	54	-35	123	-39	26	-11	0	1412	-775	364	-166	-302	262
4	666	-428	1450714356	58	-39	103	-32	25	-11	0	1437	-786	364	-166	-302	262
4	666	-428	1450716352	52	-33	117	-38	25	-11	0	1462	-797	364	-166	-302	262
4	666	-428	1450718352	50	-33	100	-31	22	-9	0	1484	-806	364	-166	-302	262
4	666	-428	1450720356	55	-35	110	-36	25	-11	0	1509	-817	364	-166	-302	262
4	666	-428	1450722352	46	-31	95	-30	21	-9	0	1301	-729	364	-166	-302	262
4	666	-428	1450724348	46	-30	105	-33	23	-10	0	1324	-739	364	-166	-302	262
4	666	-428	1450726356	50	-33	88	-28	21	-9	0	1345	-748	364	-166	-302	262
4	666	-428	1450728360	44	-27	99	-33	21	-9	0	1366	-757	364	-166	-302	262
4	666	-428	1450730360	41	-26	84	-26	19	-8	0	1385	-765	364	-166	-302	262
4	666	-428	1450732360	46	-29	92	-29	21	-8	0	1406	-773	364	-166	-302	262
4	666	-428	1450734360	39	-25	79	-25	17	-8	0	1423	-781	364	-166	-302	262
4	666	-428	1450736360	38	-23	86	-26	19	-7	0	1299	-727	364	-166	-302	262
4	666	-428	1450738360	36	-22	83	-25	18	-7	0	1317	-734	364	-166	-302	262
4	666	-428	1450740360	40	-23	70	-21	16	-7	0	1333	-741	364	-166	-302	262
4	666	-428	1450742360	34	-18	75	-23	17	-6	0	1350	-747	364	-166	-302	262
4	666	-428	1450744364	31	-18	62	-17	14	-5	0	1364	-752	364	-166	-302	262
4	666	-428	1450746360	34	-19	69	-20	15	-6	0	1379	-758	364	-166	-302	262
4	666	-428	1450748364	28	-15	55	-15	12	-5	0	1391	-763	364	-166	-302	262
4	666	-428	1450750360	27	-13	60	-17	13	-4	0	1404	-767	364	-166	-302	262
4	666	-428	1450752364	26	-14	49	-12	12	-4	0	1416	-771	364	-166	-302	262
4	666	-428	1450754360	21	-11	50	-14	10	-4	1	1426	-775	364	-166	-302	262
5	666	-428	1450756360	20	-10	41	-11	10	-3	1	374	-169	364	-166	-302	262
5	-760	223	1450758364	20	-9	41	-10	9	-3	1	383	-172	-396	57	364	-166
5	-760	223	1450760364	15	-8	34	-8	7	-2	1	390	-174	-396	57	364	-166
5	-760	223	1450762360	14	-6	33	-8	7	-2	1	397	-176	-396	57	364	-166
5	-760	223	1450764356	11	-5	25	-5	5	-2	1	402	-178	-396	57	364	-166
5	-760	223	1450766364	11	-5	25	-7	6	-1	1	408	-179	-396	57	364	-166
5	-760	223	1450768356	8	-4	18	-3	4	-2	1	412	-181	-396	57	364	-166
5	-760	223	1450770360	7	-2	18	-5	4	-1	1	416	-182	-396	57	364	-166
5	-760	223	1450772344	5	-3	12	-3	2	0	1	418	-182	-396	57	364	-166
5	-760	223	1450774356	5	-1	13	-2	3	-1	1	421	-183	-396	57	364	-166
5	-760	223	1450776336	3	-1	7	-2	1	0	1	422	-183	-396	57	364	-166
5	-760	223	1450778352	2	-1	7	-1	2	-1	1	424	-184	-396	57	364	-166
5	-760	223	1450780336	2	0	5	-1	1	0	1	425	-184	-396	57	364	-166
5	-760	223	1450782332	1	-2	3	0	0	0	1	425	-184	-396	57	364	-166
5	-760	223	1450784344	1	0	2	-1	1	0	1	426	-184	-396	57	364	-166
5	-760	223	1450786304	0	0	1	0	0	0	1	426	-184	-396	57	364	-166
5	-760	223	1450788304	0	0	1	0	0	0	1	426	-184	-396	57	364	-166
5	-760	223	1450814340	0	0	-1	0	0	0	1	426	-184	-396	57	364	-166
5	-760	223	1450816344	-1	0	0	0	0	0	1	426	-184	-396	57	364	-166
5	-760	223	1450820376	-2	1	0	0	0	0	1	426	-184	-396	57	364	-166
5	-760	223	1450822344	-2	0	-2	0	0	0	1	426	-184	-396	57	364	-166
5	-760	223	1450824340	-1	0	0	0	0	0	1	426	-184	-396	57	364	-166
5	-760	223	1450826384	-3	1	-1	1	-1	0	0	425	-184	-396	57	364	-166
5	-760	223	1450828380	-4	1	-1	0	-1	0	0	424	-184	-396	57	364	-166
5	-760	223	1450830364	-2	0	0	2	0	0	0	424	-184	-396	57	364	-166
5	-760	223	1450832372	-4	2	-1	1	-1	0	0	423	-184	-396	57	364	-166
5	-760	223	1450834372	-4	1	-3	1	-1	0	0	422	-184	-396	57	364	-166
5	-760	223	1450836392	-5	2	-1	1	-1	1	0	421	-183	-396	57	364	-166
5	-760	223	1450838392	-5	2	-3	2	-1	0	0	420	-183	-396	57	364	-166
5	-760	223	1450840400	-5	2	-1	2	-1	1	0	419	-182	-396	57	364	-166
5	-760	223	1450842400	-5	4	-4	3	-1	1	0	418	-181	-396	57	364	-166
5	-760	223	1450844396	-6	4	-3	2	-1	1	0	417	-180	-396	57	364	-166
5	-760	223	1450846396	-6	3	-7	4	-2	1	0	415	-179	-396	57	364	-166
5	-760	223	1450848396	-8	5	-5	5	-2	2	0	413	-177	-396	57	364	-166
5	-760	223	1450850396	-6	5	-8	5	-2	1	0	411	-176	-396	57	364	-166
5	-760	223	1450852392	-7	5	-9	5	-3	2	0	408	-174	-396	57	364	-166
5	-760	223	1450854388	-9	8	-11	6	-3	2	0	405	-172	-396	57	364	-166
5	-760	223	1450856380	-8	6	-14	8	-3	2	0	402	-170	-396	57	364	-166
5	-760	223	1450858380	-8	8	-14	6	-3	2	0	399	-168	-396	57	364	-166
5	-760	223	1450860380	-9	8	-17	9	-4	2	0	395	-166	-396	57	364	-166
5	-760	223	1450862384	-11	9	-19	8	-5	3	0	390	-163	-396	57	364	-166
5	-760	223	1450864380	-12	10	-23	10	-5	3	0	385	-160	-396	57	364	-166
5	-760	223	1450866384	-11	10	-23	9	-5	3	0	380	-157	-396	57	364	-166
5	-760	223	1450868384	-15	13	-29	13	-7	4	0	373	-153	-396	57	364	-166
5	-760	223	1450870380	-14	11	-29	10	-6	3	0	367	-150	-396	57	364	-166
5	-760	223	1450872384	-15	12	-35	13	-8	4	0	359	-146	-396	57	364	-166
5	-760	223	1450874380	-18	14	-35	13	-8	4	0	351	-142	-396	57	364	-166
5	-760	223	1450876380	-18	14	-42	14	-9	4	0	342	-138	-396	57	364	-166
5	-760	223	1450878376	-19	14	-40	13	-9	4	0	333	-134	-396	57	364	-166
5	-760	223	1450880368	-21	15	-49	17	-10	5	0	323	-129	-396	57	364	-166
5	-760	223	1450882376	-25	17	-46	13	-11	4	0	312	-125	-396	57	364	-166
5	-760	223	1450884376	-24	16	-58	19	-12	5	0	300	-120	-396	57	364	-166
5	-760	223	1450886376	-26	18	-52	16	-12	6	0	288	-114	-396	57	364	-166
5	-760	223	1450888376	-31	20	-65	20	-14	6	0	274	-108	-396	57	364	-166
5	-760	223	1450890368	-30	19	-60	18	-14	5	0	260	-103	-396	57	364	-166
5	-760	223	1450892368	-33	20	-74	21	-16	6	0	244	-97	-396	57	364	-166
5	-760	223	1450894368	-38	25	-68	21	-16	7	0	228	-90	-396	57	364	-166
5	-760	223	1450896364	-38	21	-82	24	-18	7	0	210	-83	-396	57	364	-166
5	-760	223	1450898360	-37	24	-78	21	-17	7	0	193	-76	-396	57	364	-166
5	-760	223	1450900360	-47	26	-92	27	-21	8	0	172	-68	-396	57	364	-166
5	-760	223	1450902364	-42	26	-85	25	-19	7	0	153	-61	-396	57	364	-166
5	-760	223	1450904364	-45	26	-104	27	-22	8	0	131	-53	-396	57	364	-166
5	-760	223	1450906368	-46	28	-109	31	-23	9	0	108	-44	-396	57	364	-166
5	-760	223	1450908368	-57	31	-101	27	-24	9	0	84	-35	-396	57	364	-166
5	-760	223	1450910376	-51	30	-120	33	-26	9	0	58	-26	-396	57	364	-166
5	-760	223	1450912376	-55	31	-111	29	-25	9	0	33	-17	-396	57	364	-166
5	-760	223	1450914364	-64	37	-133	35	-29	11	0	4	-6	-396	57	364	-166
5	-760	223	1450916360	-60	32	-121	33	-27	10	0	-23	4	-396	57	364	-166
5	-760	223	1450918360	-62	34	-144	37	-31	10	0	-54	14	-396	57	364	-166
5	-760	223	1450920356	-73	40	-131	33	-31	11	0	-85	25	-396	57	364	-166
5	-760	223	1450922368	-67	36	-156	40	-33	12	0	-118	37	-396	57	364	-166
5	-760	223	1450924364	-70	36	-141	35	-32	10	0	-150	47	-396	57	364	-166
5	-760	223	1450926364	-83	43	-167	41	-37	13	0	-187	60	-396	57	364	-166
5	-760	223	1450928360	-75	39	-151	36	-34	11	0	-221	71	-396	57	364	-166
5	-760	223	1450930360	-78	38	-176	43	-38	12	0	-259	83	-396	57	364	-166
5	-760	223	1450932356	-80	40	-159	37	-36	12	0	-295	95	-396	57	364	-166
5	-760	223	1450934368	-95	45	-186	44	-42	13	0	-337	108	-396	57	364	-166
5	-760	223	1450936364	-87	42	-165	39	-38	12	0	-375	120	-396	57	364	-166
5	-760	223	1450938360	-90	40	-194	43	-43	13	0	-418	133	-396	57	364	-166
5	-760	223	1450940360	-102	46	-171	39	-41	13	0	-459	146	-396	57	364	-166
5	-760	223	1450942364	-94	41	-199	44	-44	12	0	-503	158	-396	57	364	-166
5	-760	223	1450944360	-95	41	-175	39	-40	12	0	-543	170	-396	57	364	-166
5	-760	223	1450946360	-109	45	-202	45	-47	14	0	-590	184	-396	57	364	-166
5	-760	223	1450948356	-97	40	-202	42	-45	12	0	-635	196	-396	57	364	-166
5	-760	223	1450950356	-98	40	-177	38	-41	12	0	-676	208	-396	57	364	-166
5	-760	223	1450952360	-111	44	-201	42	-47	13	0	-723	221	-396	57	364	-166
5	-760	223	1450954360	-97	38	-177	36	-41	11	0	-764	232	-396	57	364	-166
5	-760	223	1450956364	-98	36	-198	42	-44	12	0	-808	244	-396	57	364	-166
5	-760	223	1450958368	-110	41	-173	35	-43	11	0	-851	255	-396	57	364	-166
5	-760	223	1450960360	-97	35	-195	38	-43	11	0	-894	266	-396	57	364	-166
5	-760	223	1450962360	-97	34	-166	34	-40	10	0	-934	276	-396	57	364	-166
5	-760	223	1450964372	-95	34	-188	36	-42	11	0	-976	287	-396	57	364	-166
5	-760	223	1450966372	-105	35	-158	32	-40	10	0	-1016	297	-396	57	364	-166
5	-760	223	1450968368	-92	30	-179	35	-40	9	0	-1056	306	-396	57	364	-166
5	-760	223	1450970364	-90	30	-151	28	-37	9	0	-1093	315	-396	57	364	-166
5	-760	223	1450972368	-100	30	-168	32	-40	9	0	-1133	324	-396	57	364	-166
5	-760	223	1450974364	-85	26	-142	27	-34	8	0	-1167	332	-396	57	364	-166
5	-760	223	1450976368	-84	25	-157	29	-36	8	0	-1203	340	-396	57	364	-166
5	-760	223	1450978368	-92	27	-132	25	-34	8	0	-1237	348	-396	57	364	-166
5	-760	223	1450980372	-79	23	-145	27	-33	8	0	-1270	356	-396	57	364	-166
5	-760	223	1450982372	-78	22	-123	23	-30	7	0	-1300	363	-396	57	364	-166
5	-760	223	1450984364	-83	24	-133	25	-33	7	0	-1333	370	-396	57	364	-166
5	-760	223	1450986368	-72	20	-128	22	-30	6	0	-1310	376	-396	57	364	-166
5	-760	223	1450988360	-68	19	-106	20	-26	6	0	-1336	382	-396	57	364	-166
5	-760	223	1450990364	-74	20	-115	22	-28	6	0	-1364	388	-396	57	364	-166
5	-760	223	1450992356	-61	17	-96	17	-24	5	0	-1388	393	-396	57	364	-166
5	-760	223	1450994356	-59	17	-103	20	-24	6	0	-1412	399	-396	57	364	-166
5	-760	223	1450996360	-56	16	-85	16	-21	5	0	-1433	404	-396	57	364	-166
5	-760	223	1450998356	-58	17	-91	19	-23	5	0	-1456	409	-396	57	364	-166
5	-760	223	1451000356	-49	15	-74	15	-18	5	0	-1474	414	-396	57	364	-166
5	-760	223	1451002356	-43	14	-79	16	-18	4	0	-1492	418	-396	57	364	-166
5	-760	223	1451004356	-47	15	-63	14	-17	5	0	-1297	423	-396	57	364	-166
5	-760	223	1451006372	-36	14	-67	15	-15	4	0	-1312	427	-396	57	364	-166
5	-760	223	1451008368	-34	11	-52	13	-13	3	0	-1325	430	-396	57	364	-166
5	-760	223	1451010364	-32	13	-54	12	-13	4	0	-1338	434	-396	57	364	-166
5	-760	223	1451012364	-26	11	-42	11	-10	4	0	-1348	438	-396	57	364	-166
5	-760	223	1451014360	-23	9	-43	12	-10	3	0	-1358	441	-396	57	364	-166
5	-760	223	1451016368	-21	10	-31	8	-8	2	0	-1366	443	-396	57	364	-166
5	-760	223	1451018364	-16	7	-33	9	-7	3	0	-1373	446	-396	57	364	-166
5	-760	223	1451020368	-14	6	-23	8	-6	2	0	-1379	448	-396	57	364	-166
5	-760	223	1451022364	-13	7	-23	7	-5	2	0	-1285	450	-396	57	364	-166
5	-760	223	1451024356	-10	5	-16	5	-4	1	1	-1289	451	-396	57	364	-166
6	-760	223	1451026360	-7	5	-15	6	-3	2	1	-399	59	-396	57	364	-166
6	-760	223	1451028360	-5	2	-13	4	-3	1	1	-402	60	-396	57	364	-166
6	-760	223	1451030360	-4	4	-7	4	-2	1	1	-404	61	-396	57	364	-166
6	-760	223	1451032360	-2	1	-6	4	-1	1	1	-405	62	-396	57	364	-166
6	-760	223	1451034348	-2	1	-4	1	-1	0	1	-406	62	-396	57	364	-166
6	-760	223	1451036360	0	2	-4	2	-1	1	1	-407	63	-396	57	364	-166
6	792	0	1451038316	0	0	-1	0	0	0	1	-407	63	396	57	-396	57
6	792	0	1451040312	0	0	0	2	0	0	1	-407	63	396	57	-396	57
6	792	0	1451042304	2	0	0	0	0	0	1	-407	63	396	57	-396	57
6	792	0	1451044312	1	0	0	0	0	0	1	-407	63	396	57	-396	57
6	792	0	1451046308	3	0	0	0	0	0	1	-407	63	396	57	-396	57
6	792	0	1451048324	3	0	3	0	1	0	1	-406	63	396	57	-396	57
6	792	0	1451050360	4	-1	1	0	1	0	1	-405	63	396	57	-396	57
6	792	0	1451052328	5	0	2	0	1	0	1	-404	63	396	57	-396	57
6	792	0	1451054352	4	-1	4	-1	1	0	1	-403	63	396	57	-396	57
6	792	0	1451056352	6	-1	4	-1	2	0	1	-401	63	396	57	-396	57
6	792	0	1451058356	5	-3	4	-1	1	0	1	-400	63	396	57	-396	57
6	792	0	1451060372	6	-1	3	-3	1	-1	1	-399	62	396	57	-396	57
6	792	0	1451062368	7	-4	5	-2	2	-1	1	-397	61	396	57	-396	57
6	792	0	1451064356	6	-2	7	-3	2	0	1	-395	61	396	57	-396	57
6	792	0	1451066360	6	-3	6	-4	2	-1	1	-393	60	396	57	-396	57
6	792	0	1451068360	8	-4	6	-3	2	-2	1	-391	58	396	57	-396	57
6	792	0	1451070360	6	-5	8	-5	2	-1	1	-389	57	396	57	-396	57
6	792	0	1451072360	6	-3	7	-4	2	-1	1	-387	56	396	57	-396	57
6	792	0	1451074360	6	-5	9	-5	2	-2	1	-385	54	396	57	-396	57
6	792	0	1451076360	7	-7	7	-5	2	-1	1	-383	53	396	57	-396	57
6	792	0	1451078356	6	-6	10	-6	3	-2	1	-380	51	396	57	-396	57
6	792	0	1451080360	5	-6	9	-7	2	-2	1	-378	49	396	57	-396	57
6	792	0	1451082368	6	-8	10	-7	2	-2	1	-376	47	396	57	-396	57
6	792	0	1451084372	5	-6	10	-6	3	-2	1	-373	45	396	57	-396	57
6	792	0	1451086364	6	-7	13	-9	2	-3	1	-371	42	396	57	-396	57
6	792	0	1451088368	5	-10	11	-8	3	-2	1	-368	40	396	57	-396	57
6	792	0	1451090364	7	-8	12	-8	3	-3	1	-365	37	396	57	-396	57
6	792	0	1451092368	5	-9	13	-8	2	-2	1	-363	35	396	57	-396	57
6	792	0	1451094372	7	-10	16	-10	4	-3	1	-359	32	396	57	-396	57
6	792	0	1451096372	6	-8	14	-7	3	-2	1	-356	30	396	57	-396	57
6	792	0	1451098376	7	-9	19	-10	4	-3	1	-352	27	396	57	-396	57
6	792	0	1451100368	8	-11	16	-9	3	-3	1	-349	24	396	57	-396	57
6	792	0	1451102364	8	-9	21	-10	5	-3	1	-344	21	396	57	-396	57
6	792	0	1451104372	10	-10	20	-10	4	-3	1	-340	18	396	57	-396	57
6	792	0	1451106376	9	-10	24	-10	5	-3	1	-335	15	396	57	-396	57
6	792	0	1451108376	12	-11	26	-10	6	-3	0	-329	12	396	57	-396	57
6	792	0	1451110376	11	-10	24	-9	5	-3	0	-324	9	396	57	-396	57
6	792	0	1451112376	13	-10	30	-11	6	-3	0	-318	6	396	57	-396	57
6	792	0	1451114368	15	-10	29	-9	7	-3	0	-311	3	396	57	-396	57
6	792	0	1451116368	14	-10	35	-10	7	-3	0	-304	0	396	57	-396	57
6	792	0	1451118372	16	-9	32	-7	8	-3	0	-296	-3	396	57	-396	57
6	792	0	1451120372	17	-9	40	-10	8	-2	0	-288	-5	396	57	-396	57
6	792	0	1451122360	18	-9	36	-8	8	-3	0	-280	-8	396	57	-396	57
6	792	0	1451124368	19	-7	45	-9	10	-2	0	-270	-10	396	57	-396	57
6	792	0	1451126368	22	-9	40	-7	9	-3	0	-261	-13	396	57	-396	57
6	792	0	1451128364	20	-7	50	-8	11	-2	0	-250	-15	396	57	-396	57
6	792	0	1451130368	21	-7	45	-6	10	-2	0	-240	-17	396	57	-396	57
6	792	0	1451132372	23	-6	55	-7	11	-2	0	-229	-19	396	57	-396	57
6	792	0	1451134376	26	-6	50	-5	12	-2	0	-217	-21	396	57	-396	57
6	792	0	1451136380	25	-6	59	-7	12	-2	0	-205	-23	396	57	-396	57
6	792	0	1451138380	26	-5	55	-5	12	-1	0	-193	-24	396	57	-396	57
6	792	0	1451140384	30	-5	65	-6	15	-2	0	-178	-26	396	57	-396	57
6	792	0	1451142388	28	-4	59	-5	13	-1	0	-165	-27	396	57	-396	57
6	792	0	1451144388	29	-4	71	-4	15	-1	0	-150	-28	396	57	-396	57
6	792	0	1451146392	35	-4	74	-5	16	-2	0	-134	-30	396	57	-396	57
6	792	0	1451148384	31	-3	67	-3	15	0	0	-119	-30	396	57	-396	57
6	792	0	1451150388	32	-3	80	-3	17	-1	0	-102	-31	396	57	-396	57
6	792	0	1451152392	39	-2	73	-4	16	-1	0	-86	-32	396	57	-396	57
6	792	0	1451154388	35	-3	85	-2	18	-1	0	-68	-33	396	57	-396	57
6	792	0	1451156376	38	-1	79	-1	18	0	0	-50	-33	396	57	-396	57
6	792	0	1451158384	45	-3	92	-3	20	-1	0	-30	-34	396	57	-396	57
6	792	0	1451160376	40	-1	85	0	19	0	0	-11	-34	396	57	-396	57
6	792	0	1451162392	43	0	100	-1	22	-1	0	11	-35	396	57	-396	57
6	792	0	1451164352	52	0	91	0	21	0	0	32	-35	396	57	-396	57
6	792	0	1451166356	47	0	109	0	24	0	0	56	-35	396	57	-396	57
6	792	0	1451168348	50	0	98	0	22	0	0	78	-35	396	57	-396	57
6	792	0	1451170376	53	1	116	3	25	0	0	103	-35	396	57	-396	57
6	792	0	1451172384	62	2	106	2	25	1	0	128	-34	396	57	-396	57
6	792	0	1451174380	59	4	125	3	28	1	0	156	-33	396	57	-396	57
6	792	0	1451176384	61	4	113	5	26	1	0	182	-32	396	57	-396	57
6	792	0	1451178380	71	5	132	5	30	2	0	212	-30	396	57	-396	57
6	792	0	1451180380	68	5	121	5	29	1	0	241	-29	396	57	-396	57
6	792	0	1451182380	70	6	142	7	32	2	0	273	-27	396	57	-396	57
6	792	0	1451184376	81	9	127	8	31	3	0	304	-24	396	57	-396	57
6	792	0	1451186376	76	8	149	10	34	2	0	338	-22	396	57	-396	57
6	792	0	1451188368	79	9	134	9	31	3	0	369	-19	396	57	-396	57
6	792	0	1451190368	81	11	156	11	36	3	0	405	-16	396	57	-396	57
6	792	0	1451192364	94	13	139	11	35	4	0	440	-12	396	57	-396	57
6	792	0	1451194372	86	12	162	14	37	4	0	477	-8	396	57	-396	57
6	792	0	1451196364	89	13	165	14	38	4	0	515	-4	396	57	-396	57
6	792	0	1451198360	103	16	145	13	37	4	0	552	0	396	57	-396	57
6	792	0	1451200364	92	15	169	17	40	5	0	592	5	396	57	-396	57
6	792	0	1451202360	94	16	147	16	36	5	0	628	10	396	57	-396	57
6	792	0	1451204368	107	19	172	17	42	5	0	670	15	396	57	-396	57
6	792	0	1451206368	97	18	150	18	37	6	0	707	21	396	57	-396	57
6	792	0	1451208364	97	17	171	20	40	5	0	747	26	396	57	-396	57
6	792	0	1451210360	110	21	151	19	39	6	0	786	32	396	57	-396	57
6	792	0	1451212364	99	20	171	21	41	6	0	827	38	396	57	-396	57
6	792	0	1451214360	99	19	150	20	37	6	0	864	44	396	57	-396	57
6	792	0	1451216368	100	20	172	22	41	6	0	905	50	396	57	-396	57
6	792	0	1451218368	111	24	147	20	38	7	0	943	57	396	57	-396	57
6	792	0	1451220372	97	20	168	24	40	7	0	983	64	396	57	-396	57
6	792	0	1451222368	98	20	145	20	37	6	0	1020	70	396	57	-396	57
6	792	0	1451224364	109	24	163	24	40	7	0	1060	77	396	57	-396	57
6	792	0	1451226364	93	20	142	20	36	6	0	1096	83	396	57	-396	57
6	792	0	1451228372	94	21	157	24	37	7	0	1133	90	396	57	-396	57
6	792	0	1451230368	103	22	136	20	36	6	0	1169	96	396	57	-396	57
6	792	0	1451232368	88	20	154	23	36	6	0	1205	102	396	57	-396	57
6	792	0	1451234372	88	19	149	23	36	7	0	1241	109	396	57	-396	57
6	792	0	1451236372	96	21	129	20	34	6	0	1275	115	396	57	-396	57
6	792	0	1451238364	83	19	142	21	33	6	0	1308	121	396	57	-396	57
6	792	0	1451240360	80	18	121	19	31	5	0	1339	126	396	57	-396	57
6	792	0	1451242364	76	17	134	20	31	6	0	1370	132	396	57	-396	57
6	792	0	1451244360	84	19	114	17	30	5	0	1400	137	396	57	-396	57
6	792	0	1451246364	70	15	125	19	29	5	0	1429	142	396	57	-396	57
6	792	0	1451248360	67	15	105	15	26	5	0	1455	147	396	57	-396	57
6	792	0	1451250368	73	15	114	16	28	5	0	1483	152	396	57	-396	57
6	792	0	1451252368	60	12	96	13	23	3	0	1506	155	396	57	-396	57
6	792	0	1451254368	56	13	104	15	24	4	0	1304	159	396	57	-396	57
6	792	0	1451256364	60	11	86	11	22	4	0	1326	163	396	57	-396	57
6	792	0	1451258364	50	9	92	11	22	3	0	1348	166	396	57	-396	57
6	792	0	1451260364	46	7	77	9	18	2	0	1366	168	396	57	-396	57
6	792	0	1451262368	48	8	80	9	19	3	0	1385	171	396	57	-396	57
6	792	0	1451264372	37	6	65	7	15	2	0	1400	173	396	57	-396	57
6	792	0	1451266376	35	5	67	7	16	1	0	1416	174	396	57	-396	57
6	792	0	1451268380	34	4	54	5	13	2	0	1429	176	396	57	-396	57
6	792	0	1451270384	27	2	54	5	12	1	0	1292	177	396	57	-396	57
6	792	0	1451272376	23	3	42	2	10	1	0	1302	178	396	57	-396	57
6	792	0	1451274368	20	2	43	3	9	0	0	1311	178	396	57	-396	57
6	792	0	1451276376	19	2	36	2	9	1	0	1320	179	396	57	-396	57
6	792	0	1451278368	13	0	27	1	6	0	0	1326	179	396	57	-396	57
6	792	0	1451280360	12	0	27	2	5	0	0	1331	179	396	57	-396	57
6	792	0	1451282332	10	0	18	0	5	0	1	1336	179	396	57	-396	57
7	792	0	1451284340	7	0	18	0	3	0	1	399	57	396	57	-396	57
7	-760	-223	1451286340	5	0	12	0	3	0	1	402	57	-364	-166	396	57
7	-760	-223	1451288340	5	0	12	0	2	0	1	404	57	-364	-166	396	57
7	-760	-223	1451290344	3	0	7	0	2	0	1	406	57	-364	-166	396	57
7	-760	-223	1451292340	1	0	6	0	1	0	1	407	57	-364	-166	396	57
7	-760	-223	1451294336	1	0	3	0	1	0	1	408	57	-364	-166	396	57
7	-760	-223	1451296324	0	0	2	0	0	0	1	408	57	-364	-166	396	57
7	-760	-223	1451298320	0	0	2	0	0	0	1	408	57	-364	-166	396	57
7	-760	-223	1451316328	0	0	0	-1	0	0	1	408	57	-364	-166	396	57
7	-760	-223	1451366372	0	0	0	-1	0	0	1	408	57	-364	-166	396	57
7	-760	-223	1451368364	0	-1	0	0	0	0	1	408	57	-364	-166	396	57
7	-760	-223	1451374348	0	0	0	0	0	0	0	408	57	-364	-166	396	57
7	-760	-223	1451376364	0	-1	0	0	0	0	0	408	57	-364	-166	396	57
7	-760	-223	1451378400	0	0	-1	-1	0	0	0	408	57	-364	-166	396	57
7	-760	-223	1451380388	0	-3	-2	-2	0	0	0	408	57	-364	-166	396	57
7	-760	-223	1451382400	-1	-1	-3	-2	0	-1	0	408	56	-364	-166	396	57
7	-760	-223	1451384416	-2	-4	-3	-3	-1	-1	0	407	55	-364	-166	396	57
7	-760	-223	1451386400	-1	-3	-7	-3	-1	0	0	406	55	-364	-166	396	57
7	-760	-223	1451388412	-2	-4	-6	-4	-1	-2	0	405	53	-364	-166	396	57
7	-760	-223	1451390408	-3	-6	-9	-5	-2	-1	0	403	52	-364	-166	396	57
7	-760	-223	1451392416	-4	-7	-8	-6	-2	-2	0	401	50	-364	-166	396	57
7	-760	-223	1451394424	-3	-6	-13	-8	-2	-2	0	399	48	-364	-166	396	57
7	-760	-223	1451396420	-5	-10	-14	-6	-3	-3	0	396	45	-364	-166	396	57
7	-760	-223	1451398424	-7	-9	-16	-10	-3	-3	0	393	42	-364	-166	396	57
7	-760	-223	1451400432	-6	-10	-16	-9	-4	-2	0	389	40	-364	-166	396	57
7	-760	-223	1451402436	-7	-12	-21	-11	-4	-4	0	385	36	-364	-166	396	57
7	-760	-223	1451404436	-9	-13	-22	-11	-4	-4	0	381	32	-364	-166	396	57
7	-760	-223	1451406436	-10	-12	-27	-14	-6	-3	0	375	29	-364	-166	396	57
7	-760	-223	1451408436	-10	-14	-26	-13	-5	-4	0	370	25	-364	-166	396	57
7	-760	-223	1451410428	-13	-17	-33	-16	-7	-5	0	363	20	-364	-166	396	57
7	-760	-223	1451412432	-13	-15	-31	-15	-7	-5	0	356	15	-364	-166	396	57
7	-760	-223	1451414436	-14	-18	-39	-19	-8	-5	0	348	10	-364	-166	396	57
7	-760	-223	1451416436	-19	-20	-37	-17	-8	-6	0	340	4	-364	-166	396	57
7	-760	-223	1451418440	-17	-19	-47	-20	-10	-6	0	330	-2	-364	-166	396	57
7	-760	-223	1451420436	-19	-20	-48	-23	-10	-6	0	320	-8	-364	-166	396	57
7	-760	-223	1451422440	-24	-23	-48	-20	-11	-7	0	309	-15	-364	-166	396	57
7	-760	-223	1451424440	-24	-23	-59	-23	-12	-7	0	297	-22	-364	-166	396	57
7	-760	-223	1451426432	-25	-22	-55	-23	-12	-6	0	285	-28	-364	-166	396	57
7	-760	-223	1451428440	-31	-28	-68	-27	-15	-9	0	270	-37	-364	-166	396	57
7	-760	-223	1451430436	-31	-25	-64	-25	-14	-7	0	256	-44	-364	-166	396	57
7	-760	-223	1451432432	-33	-27	-79	-30	-17	-9	0	239	-53	-364	-166	396	57
7	-760	-223	1451434428	-35	-28	-74	-28	-16	-8	0	223	-61	-364	-166	396	57
7	-760	-223	1451436432	-43	-34	-90	-34	-20	-10	0	203	-71	-364	-166	396	57
7	-760	-223	1451438436	-42	-30	-85	-30	-19	-9	0	184	-80	-364	-166	396	57
7	-760	-223	1451440432	-43	-32	-103	-36	-22	-11	0	162	-91	-364	-166	396	57
7	-760	-223	1451442428	-53	-38	-98	-34	-23	-10	0	139	-101	-364	-166	396	57
7	-760	-223	1451444428	-50	-35	-117	-38	-25	-11	0	114	-112	-364	-166	396	57
7	-760	-223	1451446432	-54	-36	-109	-35	-24	-11	0	90	-123	-364	-166	396	57
7	-760	-223	1451448436	-63	-41	-131	-43	-30	-13	0	60	-136	-364	-166	396	57
7	-760	-223	1451450432	-60	-39	-122	-37	-27	-11	0	33	-147	-364	-166	396	57
7	-760	-223	1451452428	-64	-40	-146	-45	-31	-13	0	2	-160	-364	-166	396	57
7	-760	-223	1451454416	-76	-46	-134	-42	-32	-13	0	-30	-173	-364	-166	396	57
7	-760	-223	1451456412	-73	-43	-160	-47	-35	-13	0	-65	-186	-364	-166	396	57
7	-760	-223	1451458408	-75	-43	-146	-44	-33	-13	0	-98	-199	-364	-166	396	57
7	-760	-223	1451460408	-80	-45	-175	-50	-38	-15	0	-136	-214	-364	-166	396	57
7	-760	-223	1451462404	-95	-52	-159	-46	-38	-14	0	-174	-228	-364	-166	396	57
7	-760	-223	1451464400	-87	-46	-187	-51	-41	-15	0	-215	-243	-364	-166	396	57
7	-760	-223	1451466400	-92	-49	-171	-48	-40	-14	0	-255	-257	-364	-166	396	57
7	-760	-223	1451468400	-107	-53	-200	-54	-46	-17	0	-301	-274	-364	-166	396	57
7	-760	-223	1451470392	-99	-49	-180	-47	-42	-14	0	-343	-288	-364	-166	396	57
7	-760	-223	1451472388	-104	-49	-212	-54	-47	-15	0	-390	-303	-364	-166	396	57
7	-760	-223	1451474388	-106	-49	-188	-49	-44	-15	0	-434	-318	-364	-166	396	57
7	-760	-223	1451476392	-124	-56	-220	-55	-52	-17	0	-486	-335	-364	-166	396	57
7	-760	-223	1451478396	-113	-49	-224	-55	-50	-15	0	-536	-350	-364	-166	396	57
7	-760	-223	1451480400	-117	-48	-200	-48	-48	-15	0	-584	-365	-364	-166	396	57
7	-760	-223	1451482404	-131	-55	-230	-55	-54	-16	0	-638	-381	-364	-166	396	57
7	-760	-223	1451484412	-119	-48	-204	-48	-49	-15	0	-687	-396	-364	-166	396	57
7	-760	-223	1451486408	-120	-47	-234	-52	-53	-14	0	-740	-410	-364	-166	396	57
7	-760	-223	1451488396	-136	-53	-203	-47	-50	-15	0	-790	-425	-364	-166	396	57
7	-760	-223	1451490400	-121	-45	-234	-51	-54	-15	0	-844	-440	-364	-166	396	57
7	-760	-223	1451492400	-121	-45	-204	-45	-48	-13	0	-892	-453	-364	-166	396	57
7	-760	-223	1451494400	-135	-49	-231	-49	-55	-15	0	-947	-468	-364	-166	396	57
7	-760	-223	1451496400	-119	-42	-201	-43	-48	-13	0	-995	-481	-364	-166	396	57
7	-760	-223	1451498404	-119	-41	-225	-48	-52	-13	0	-1047	-494	-364	-166	396	57
7	-760	-223	1451500408	-130	-47	-194	-41	-49	-13	0	-1096	-507	-364	-166	396	57
7	-760	-223	1451502408	-114	-40	-218	-45	-49	-13	0	-1145	-520	-364	-166	396	57
7	-760	-223	1451504412	-110	-38	-186	-40	-45	-12	0	-1190	-532	-364	-166	396	57
7	-760	-223	1451506412	-121	-43	-207	-44	-49	-13	0	-1239	-545	-364	-166	396	57
7	-760	-223	1451508416	-106	-36	-177	-36	-42	-11	0	-1281	-556	-364	-166	396	57
7	-760	-223	1451510412	-101	-35	-193	-41	-45	-11	0	-1326	-567	-364	-166	396	57
7	-760	-223	1451512408	-100	-35	-165	-35	-39	-11	0	-1365	-578	-364	-166	396	57
7	-760	-223	1451514408	-108	-38	-179	-39	-43	-11	0	-1408	-589	-364	-166	396	57
7	-760	-223	1451516412	-92	-32	-171	-38	-40	-11	0	-1448	-600	-364	-166	396	57
7	-760	-223	1451518412	-89	-31	-143	-32	-35	-9	0	-1483	-609	-364	-166	396	57
7	-760	-223	1451520412	-95	-34	-155	-35	-37	-10	0	-1317	-619	-364	-166	396	57
7	-760	-223	1451522420	-81	-29	-129	-29	-32	-9	0	-1349	-628	-364	-166	396	57
7	-760	-223	1451524424	-77	-26	-136	-32	-32	-9	0	-1381	-637	-364	-166	396	57
7	-760	-223	1451526424	-81	-29	-112	-27	-28	-8	0	-1409	-645	-364	-166	396	57
7	-760	-223	1451528420	-66	-24	-118	-27	-28	-8	0	-1437	-653	-364	-166	396	57
7	-760	-223	1451530424	-64	-22	-95	-23	-24	-7	0	-1461	-660	-364	-166	396	57
7	-760	-223	1451532420	-65	-23	-100	-25	-25	-7	0	-1486	-667	-364	-166	396	57
7	-760	-223	1451534420	-52	-18	-79	-18	-19	-5	0	-1505	-672	-364	-166	396	57
7	-760	-223	1451536420	-48	-18	-80	-20	-20	-6	0	-1525	-678	-364	-166	396	57
7	-760	-223	1451538412	-44	-15	-62	-17	-15	-5	0	-1540	-683	-364	-166	396	57
7	-760	-223	1451540408	-41	-14	-63	-16	-16	-4	0	-1296	-687	-364	-166	396	57
7	-760	-223	1451542404	-32	-11	-47	-12	-12	-4	0	-1308	-691	-364	-166	396	57
7	-760	-223	1451544408	-28	-10	-48	-14	-11	-3	0	-1319	-694	-364	-166	396	57
7	-760	-223	1451546404	-26	-10	-35	-9	-9	-3	0	-1328	-697	-364	-166	396	57
7	-760	-223	1451548400	-19	-6	-32	-9	-8	-2	0	-1336	-699	-364	-166	396	57
7	-760	-223	1451550404	-15	-5	-25	-7	-6	-2	0	-1342	-701	-364	-166	396	57
7	-760	-223	1451552404	-14	-5	-23	-6	-6	-2	0	-1348	-703	-364	-166	396	57
7	-760	-223	1451554412	-8	-4	-16	-5	-3	-1	0	-1283	-704	-364	-166	396	57
7	-760	-223	1451556408	-7	-2	-11	-4	-3	-1	0	-1286	-705	-364	-166	396	57
7	-760	-223	1451558412	-5	-3	-10	-3	-2	-1	0	-1288	-706	-364	-166	396	57
7	-760	-223	1451560400	-2	-1	-6	-2	-1	0	1	-1289	-706	-364	-166	396	57
8	-760	-223	1451562412	-1	0	-4	-1	-1	-1	1	-365	-167	-364	-166	396	57
8	-760	-223	1451564400	-2	-1	-3	-2	-1	0	1	-366	-167	-364	-166	396	57
8	666	428	1451576372	1	0	0	0	0	0	1	-366	-167	302	262	-364	-166
8	666	428	1451578360	0	0	1	0	0	0	1	-366	-167	302	262	-364	-166
8	666	428	1451580360	1	0	1	0	0	0	1	-366	-167	302	262	-364	-166
8	666	428	1451582384	1	0	2	1	0	0	1	-366	-167	302	262	-364	-166
8	666	428	1451584368	1	0	3	0	1	0	1	-365	-167	302	262	-364	-166
8	666	428	1451586404	2	1	4	0	1	0	1	-364	-167	302	262	-364	-166
8	666	428	1451588392	2	0	3	1	0	0	1	-364	-167	302	262	-364	-166
8	666	428	1451590404	3	2	5	1	2	0	1	-362	-167	302	262	-364	-166
8	666	428	1451592408	2	1	7	0	1	0	1	-361	-167	302	262	-364	-166
8	666	428	1451594408	3	1	6	2	1	0	1	-360	-167	302	262	-364	-166
8	666	428	1451596420	3	1	9	1	2	1	1	-358	-166	302	262	-364	-166
8	666	428	1451598408	4	2	7	1	2	0	1	-356	-166	302	262	-364	-166
8	666	428	1451600424	4	1	11	1	2	1	1	-354	-165	302	262	-364	-166
8	666	428	1451602408	5	2	9	2	2	0	1	-352	-165	302	262	-364	-166
8	666	428	1451604420	5	2	14	2	3	1	1	-349	-164	302	262	-364	-166
8	666	428	1451606412	5	1	11	1	2	0	1	-347	-164	302	262	-364	-166
8	666	428	1451608432	5	2	16	2	4	1	1	-343	-163	302	262	-364	-166
8	666	428	1451610416	7	3	14	2	3	0	1	-340	-163	302	262	-364	-166
8	666	428	1451612424	7	1	18	1	3	1	1	-337	-162	302	262	-364	-166
8	666	428	1451614416	6	3	17	3	4	1	1	-333	-161	302	262	-364	-166
8	666	428	1451616400	7	2	20	2	4	0	1	-329	-161	302	262	-364	-166
8	666	428	1451618416	7	3	19	3	4	1	1	-325	-160	302	262	-364	-166
8	666	428	1451620412	8	2	22	2	4	1	1	-321	-159	302	262	-364	-166
8	666	428	1451622416	8	3	22	3	5	1	1	-316	-158	302	262	-364	-166
8	666	428	1451624400	10	2	25	4	5	0	1	-311	-158	302	262	-364	-166
8	666	428	1451626408	9	4	23	2	5	1	1	-306	-157	302	262	-364	-166
8	666	428	1451628412	10	2	28	4	6	1	1	-300	-156	302	262	-364	-166
8	666	428	1451630408	11	4	25	2	5	1	1	-295	-155	302	262	-364	-166
8	666	428	1451632404	10	4	31	4	6	1	1	-289	-154	302	262	-364	-166
8	666	428	1451634404	11	4	28	4	6	2	1	-283	-152	302	262	-364	-166
8	666	428	1451636404	14	5	32	5	7	1	1	-276	-151	302	262	-364	-166
8	666	428	1451638400	12	5	35	5	7	2	1	-269	-149	302	262	-364	-166
8	666	428	1451640404	14	5	31	5	7	1	0	-262	-148	302	262	-364	-166
8	666	428	1451642400	15	5	38	6	8	2	0	-254	-146	302	262	-364	-166
8	666	428	1451644400	18	7	35	6	8	2	0	-246	-144	302	262	-364	-166
8	666	428	1451646400	16	6	40	7	8	2	0	-238	-142	302	262	-364	-166
8	666	428	1451648408	17	8	36	7	8	2	0	-230	-140	302	262	-364	-166
8	666	428	1451650404	22	10	43	9	10	3	0	-220	-137	302	262	-364	-166
8	666	428	1451652400	18	9	38	9	8	2	0	-212	-135	302	262	-364	-166
8	666	428	1451654400	22	10	45	11	10	4	0	-202	-131	302	262	-364	-166
8	666	428	1451656400	23	12	40	10	10	3	0	-192	-128	302	262	-364	-166
8	666	428	1451658400	23	13	49	12	10	4	0	-182	-124	302	262	-364	-166
8	666	428	1451660400	22	13	43	14	10	4	0	-172	-120	302	262	-364	-166
8	666	428	1451662400	28	17	50	15	12	4	0	-160	-116	302	262	-364	-166
8	666	428	1451664400	26	16	45	16	10	5	0	-150	-111	302	262	-364	-166
8	666	428	1451666392	26	17	53	19	12	6	0	-138	-105	302	262	-364	-166
8	666	428	1451668396	29	20	48	19	12	6	0	-126	-99	302	262	-364	-166
8	666	428	1451670396	33	24	56	22	13	6	0	-113	-93	302	262	-364	-166
8	666	428	1451672400	31	24	50	23	12	7	0	-101	-86	302	262	-364	-166
8	666	428	1451674396	31	25	60	27	14	8	0	-87	-78	302	262	-364	-166
8	666	428	1451676400	38	31	54	25	14	9	0	-73	-69	302	262	-364	-166
8	666	428	1451678400	36	31	64	33	15	9	0	-58	-60	302	262	-364	-166
8	666	428	1451680400	37	32	67	35	15	10	0	-43	-50	302	262	-364	-166
8	666	428	1451682404	44	40	60	34	16	11	0	-27	-39	302	262	-364	-166
8	666	428	1451684408	43	38	71	41	17	12	0	-10	-27	302	262	-364	-166
8	666	428	1451686400	43	40	67	39	17	12	0	7	-15	302	262	-364	-166
8	666	428	1451688408	53	49	77	47	19	15	0	26	0	302	262	-364	-166
8	666	428	1451690400	49	46	70	44	18	13	0	44	13	302	262	-364	-166
8	666	428	1451692404	51	50	84	52	20	15	0	64	28	302	262	-364	-166
8	666	428	1451694400	54	52	76	50	20	16	0	84	44	302	262	-364	-166
8	666	428	1451696400	61	61	90	59	22	18	0	106	62	302	262	-364	-166
8	666	428	1451698392	57	57	81	55	21	16	0	127	78	302	262	-364	-166
8	666	428	1451700392	60	60	97	65	24	19	0	151	97	302	262	-364	-166
8	666	428	1451702384	69	72	87	60	23	20	0	174	117	302	262	-364	-166
8	666	428	1451704392	64	65	101	70	25	20	0	199	137	302	262	-364	-166
8	666	428	1451706392	65	67	93	65	23	20	0	222	157	302	262	-364	-166
8	666	428	1451708384	74	78	107	75	28	23	0	250	180	302	262	-364	-166
8	666	428	1451710380	66	71	97	69	24	21	0	274	201	302	262	-364	-166
8	666	428	1451712380	69	72	112	79	27	23	0	301	224	302	262	-364	-166
8	666	428	1451714380	68	75	101	71	26	22	0	327	246	302	262	-364	-166
8	666	428	1451716380	79	87	117	84	29	25	0	356	271	302	262	-364	-166
8	666	428	1451718380	70	77	102	73	26	23	0	382	294	302	262	-364	-166
8	666	428	1451720380	70	78	120	85	28	24	0	410	318	302	262	-364	-166
8	666	428	1451722384	80	88	106	75	28	25	0	438	343	302	262	-364	-166
8	666	428	1451724380	73	80	122	88	29	25	0	467	368	302	262	-364	-166
8	666	428	1451726384	71	79	123	87	30	25	0	497	393	302	262	-364	-166
8	666	428	1451728384	82	90	108	77	28	25	0	525	418	302	262	-364	-166
8	666	428	1451730384	72	79	124	87	29	25	0	554	443	302	262	-364	-166
8	666	428	1451732384	72	79	108	76	27	23	0	581	466	302	262	-364	-166
8	666	428	1451734396	80	88	124	87	31	26	0	612	492	302	262	-364	-166
8	666	428	1451736400	71	78	108	75	27	23	0	639	515	302	262	-364	-166
8	666	428	1451738400	72	76	122	86	29	24	0	668	539	302	262	-364	-166
8	666	428	1451740396	80	85	105	75	28	24	0	696	563	302	262	-364	-166
8	666	428	1451742400	70	75	120	84	28	24	0	724	587	302	262	-364	-166
8	666	428	1451744400	68	75	103	72	26	22	0	750	609	302	262	-364	-166
8	666	428	1451746400	69	73	115	84	27	24	0	777	633	302	262	-364	-166
8	666	428	1451748400	78	81	98	71	27	23	0	804	656	302	262	-364	-166
8	666	428	1451750388	66	71	110	80	26	22	0	830	678	302	262	-364	-166
8	666	428	1451752388	66	70	94	70	24	21	0	854	699	302	262	-364	-166
8	666	428	1451754384	73	78	104	78	27	24	0	881	723	302	262	-364	-166
8	666	428	1451756388	63	68	87	67	22	20	0	903	743	302	262	-364	-166
8	666	428	1451758384	63	68	98	76	24	22	0	927	765	302	262	-364	-166
8	666	428	1451760380	67	74	81	65	23	20	0	950	785	302	262	-364	-166
8	666	428	1451762388	59	65	90	74	22	21	0	972	806	302	262	-364	-166
8	666	428	1451764384	59	63	75	63	20	19	0	992	825	302	262	-364	-166
8	666	428	1451766376	64	70	83	71	22	21	0	1014	846	302	262	-364	-166
8	666	428	1451768376	53	62	70	60	19	19	0	1033	865	302	262	-364	-166
8	666	428	1451770372	54	58	75	67	19	18	0	1052	738	302	262	-364	-166
8	666	428	1451772384	51	59	72	65	18	19	0	1070	757	302	262	-364	-166
8	666	428	1451774384	57	63	60	55	18	18	0	1088	775	302	262	-364	-166
8	666	428	1451776392	47	52	65	60	17	16	0	1105	791	302	262	-364	-166
8	666	428	1451778388	45	51	55	52	15	16	0	1120	807	302	262	-364	-166
8	666	428	1451780384	49	54	60	55	16	16	0	1136	823	302	262	-364	-166
8	666	428	1451782380	40	45	50	46	14	14	0	1150	837	302	262	-364	-166
8	666	428	1451784388	40	43	54	50	14	14	0	1164	851	302	262	-364	-166
8	666	428	1451786388	42	46	45	40	13	13	0	1177	864	302	262	-364	-166
8	666	428	1451788384	35	36	49	44	12	12	0	1189	732	302	262	-364	-166
8	666	428	1451790380	34	35	41	36	12	10	0	1201	742	302	262	-364	-166
8	666	428	1451792380	36	36	45	37	12	11	0	1213	753	302	262	-364	-166
8	666	428	1451794388	29	29	36	30	10	9	0	1223	762	302	262	-364	-166
8	666	428	1451796388	28	26	39	30	10	9	0	1233	771	302	262	-364	-166
8	666	428	1451798392	26	24	32	25	8	7	0	1241	778	302	262	-364	-166
8	666	428	1451800392	26	24	34	25	9	7	0	1250	785	302	262	-364	-166
8	666	428	1451802388	21	17	28	20	8	6	0	1258	791	302	262	-364	-166
8	666	428	1451804384	19	17	28	20	7	5	0	1265	725	302	262	-364	-166
8	666	428	1451806380	19	16	23	15	6	5	0	1271	730	302	262	-364	-166
8	666	428	1451808380	16	11	24	15	6	4	0	1277	734	302	262	-364	-166
8	666	428	1451810376	13	10	21	13	5	3	0	1282	737	302	262	-364	-166
8	666	428	1451812384	13	10	16	9	4	3	0	1286	740	302	262	-364	-166
8	666	428	1451814384	9	6	16	8	4	2	0	1290	742	302	262	-364	-166
8	666	428	1451816392	9	7	13	7	3	2	1	1293	744	302	262	-364	-166
9	666	428	1451818396	7	5	11	6	3	2	1	305	264	302	262	-364	-166
9	666	428	1451820400	5	2	10	5	2	1	1	307	265	302	262	-364	-166
9	-518	-599	1451822396	5	4	8	2	2	1	1	309	266	-216	-337	302	262
9	-518	-599	1451824400	3	1	6	3	2	1	1	311	267	-216	-337	302	262
9	-518	-599	1451826388	2	1	6	2	1	0	1	312	267	-216	-337	302	262
9	-518	-599	1451828404	3	2	3	2	1	1	1	313	268	-216	-337	302	262
9	-518	-599	1451830380	0	0	3	1	0	0	1	313	268	-216	-337	302	262
9	-518	-599	1451832396	1	1	2	0	1	0	1	314	268	-216	-337	302	262
9	-518	-599	1451834352	0	0	1	0	0	0	1	314	268	-216	-337	302	262
9	-518	-599	1451836348	0	0	1	0	0	0	1	314	268	-216	-337	302	262
9	-518	-599	1451858368	0	-1	0	0	0	0	1	314	268	-216	-337	302	262
9	-518	-599	1451868376	0	-1	0	0	0	0	1	314	268	-216	-337	302	262
9	-518	-599	1451878384	0	-1	0	0	0	0	1	314	268	-216	-337	302	262
9	-518	-599	1451884396	0	0	0	-1	0	0	1	314	268	-216	-337	302	262
9	-518	-599	1451892392	0	-1	0	0	0	0	1	314	268	-216	-337	302	262
9	-518	-599	1451896400	0	-2	0	-1	0	0	1	314	268	-216	-337	302	262
9	-518	-599	1451898436	-1	-2	0	-2	0	-1	1	314	267	-216	-337	302	262
9	-518	-599	1451900432	-2	-4	0	-3	0	-1	1	314	266	-216	-337	302	262
9	-518	-599	1451902424	-2	-5	0	-5	0	-1	1	314	265	-216	-337	302	262
9	-518	-599	1451904428	-3	-6	-1	-6	0	-2	1	314	263	-216	-337	302	262
9	-518	-599	1451906452	-2	-8	-3	-8	-1	-3	0	313	260	-216	-337	302	262
9	-518	-599	1451908452	-5	-11	-1	-8	-1	-2	0	312	258	-216	-337	302	262
9	-518	-599	1451910452	-5	-11	-4	-12	-1	-4	0	311	254	-216	-337	302	262
9	-518	-599	1451912456	-5	-13	-4	-12	-2	-4	0	309	250	-216	-337	302	262
9	-518	-599	1451914460	-8	-17	-3	-14	-1	-4	0	308	246	-216	-337	302	262
9	-518	-599	1451916456	-8	-16	-7	-17	-3	-5	0	305	241	-216	-337	302	262
9	-518	-599	1451918452	-9	-20	-6	-18	-2	-6	0	303	235	-216	-337	302	262
9	-518	-599	1451920456	-10	-22	-9	-21	-3	-6	0	300	229	-216	-337	302	262
9	-518	-599	1451922452	-13	-27	-10	-21	-3	-8	0	297	221	-216	-337	302	262
9	-518	-599	1451924452	-12	-26	-12	-28	-4	-8	0	293	213	-216	-337	302	262
9	-518	-599	1451926448	-13	-29	-13	-25	-4	-8	0	289	205	-216	-337	302	262
9	-518	-599	1451928448	-16	-34	-15	-32	-4	-10	0	285	195	-216	-337	302	262
9	-518	-599	1451930448	-15	-32	-16	-30	-5	-9	0	280	186	-216	-337	302	262
9	-518	-599	1451932440	-15	-34	-20	-37	-5	-11	0	275	175	-216	-337	302	262
9	-518	-599	1451934436	-19	-40	-19	-33	-6	-11	0	269	164	-216	-337	302	262
9	-518	-599	1451936432	-17	-38	-23	-40	-6	-11	0	263	153	-216	-337	302	262
9	-518	-599	1451938428	-18	-38	-23	-38	-6	-12	0	257	141	-216	-337	302	262
9	-518	-599	1451940424	-18	-42	-29	-45	-7	-13	0	250	128	-216	-337	302	262
9	-518	-599	1451942420	-22	-48	-26	-41	-7	-13	0	243	115	-216	-337	302	262
9	-518	-599	1451944416	-18	-47	-31	-49	-8	-14	0	235	101	-216	-337	302	262
9	-518	-599	1451946412	-20	-47	-30	-46	-7	-14	0	228	87	-216	-337	302	262
9	-518	-599	1451948420	-24	-56	-36	-54	-9	-17	0	219	70	-216	-337	302	262
9	-518	-599	1451950416	-21	-52	-34	-50	-8	-15	0	211	55	-216	-337	302	262
9	-518	-599	1451952412	-22	-55	-41	-60	-10	-17	0	201	38	-216	-337	302	262
9	-518	-599	1451954416	-25	-62	-37	-55	-9	-18	0	192	20	-216	-337	302	262
9	-518	-599	1451956412	-23	-59	-45	-64	-10	-18	0	182	2	-216	-337	302	262
9	-518	-599	1451958412	-24	-61	-41	-58	-10	-18	0	172	-16	-216	-337	302	262
9	-518	-599	1451960412	-24	-64	-49	-70	-11	-20	0	161	-36	-216	-337	302	262
9	-518	-599	1451962412	-29	-75	-45	-64	-11	-21	0	150	-57	-216	-337	302	262
9	-518	-599	1451964404	-26	-69	-55	-76	-12	-22	0	138	-79	-216	-337	302	262
9	-518	-599	1451966408	-26	-72	-56	-79	-13	-23	0	125	-102	-216	-337	302	262
9	-518	-599	1451968408	-31	-84	-54	-73	-12	-23	0	113	-125	-216	-337	302	262
9	-518	-599	1451970412	-29	-77	-62	-85	-14	-25	0	99	-150	-216	-337	302	262
9	-518	-599	1451972404	-30	-79	-59	-77	-13	-23	0	86	-173	-216	-337	302	262
9	-518	-599	1451974408	-34	-93	-71	-91	-16	-28	0	70	-201	-216	-337	302	262
9	-518	-599	1451976408	-32	-85	-65	-83	-15	-25	0	55	-226	-216	-337	302	262
9	-518	-599	1451978412	-34	-87	-78	-96	-16	-27	0	39	-253	-216	-337	302	262
9	-518	-599	1451980412	-40	-100	-71	-86	-17	-28	0	22	-281	-216	-337	302	262
9	-518	-599	1451982412	-38	-91	-86	-102	-19	-29	0	3	-310	-216	-337	302	262
9	-518	-599	1451984408	-38	-93	-79	-91	-17	-28	0	-14	-338	-216	-337	302	262
9	-518	-599	1451986408	-43	-95	-92	-105	-20	-30	0	-34	-368	-216	-337	302	262
9	-518	-599	1451988412	-50	-107	-87	-95	-21	-30	0	-55	-398	-216	-337	302	262
9	-518	-599	1451990416	-47	-99	-101	-110	-22	-31	0	-77	-429	-216	-337	302	262
9	-518	-599	1451992420	-52	-99	-91	-96	-22	-30	0	-99	-459	-216	-337	302	262
9	-518	-599	1451994412	-60	-112	-109	-113	-25	-33	0	-124	-492	-216	-337	302	262
9	-518	-599	1451996416	-56	-100	-99	-98	-23	-30	0	-147	-522	-216	-337	302	262
9	-518	-599	1451998412	-59	-100	-115	-114	-26	-32	0	-173	-554	-216	-337	302	262
9	-518	-599	1452000408	-70	-113	-103	-99	-26	-32	0	-199	-586	-216	-337	302	262
9	-518	-599	1452002404	-65	-100	-120	-114	-28	-32	0	-227	-618	-216	-337	302	262
9	-518	-599	1452004408	-67	-99	-108	-97	-26	-29	0	-253	-647	-216	-337	302	262
9	-518	-599	1452006400	-78	-110	-124	-110	-31	-33	0	-284	-680	-216	-337	302	262
9	-518	-599	1452008400	-71	-96	-125	-110	-29	-31	0	-313	-711	-216	-337	302	262
9	-518	-599	1452010400	-71	-95	-110	-94	-27	-29	0	-340	-740	-216	-337	302	262
9	-518	-599	1452012392	-74	-92	-126	-106	-30	-29	0	-370	-769	-216	-337	302	262
9	-518	-599	1452014392	-82	-103	-111	-91	-29	-29	0	-399	-798	-216	-337	302	262
9	-518	-599	1452016392	-73	-90	-126	-102	-30	-29	0	-429	-827	-216	-337	302	262
9	-518	-599	1452018396	-72	-87	-110	-88	-27	-26	0	-456	-853	-216	-337	302	262
9	-518	-599	1452020388	-82	-97	-125	-99	-31	-30	0	-487	-883	-216	-337	302	262
9	-518	-599	1452022388	-70	-83	-108	-84	-27	-25	0	-514	-908	-216	-337	302	262
9	-518	-599	1452024384	-70	-83	-122	-95	-29	-27	0	-543	-747	-216	-337	302	262
9	-518	-599	1452026388	-76	-90	-105	-80	-27	-25	0	-570	-772	-216	-337	302	262
9	-518	-599	1452028384	-67	-79	-118	-90	-28	-25	0	-598	-797	-216	-337	302	262
9	-518	-599	1452030384	-65	-77	-101	-77	-25	-24	0	-623	-821	-216	-337	302	262
9	-518	-599	1452032388	-72	-85	-113	-87	-27	-25	0	-650	-846	-216	-337	302	262
9	-518	-599	1452034392	-62	-74	-96	-73	-24	-22	0	-674	-868	-216	-337	302	262
9	-518	-599	1452036392	-61	-72	-106	-83	-25	-24	0	-699	-892	-216	-337	302	262
9	-518	-599	1452038396	-59	-72	-89	-71	-22	-21	0	-721	-741	-216	-337	302	262
9	-518	-599	1452040396	-64	-78	-100	-79	-25	-24	0	-746	-765	-216	-337	302	262
9	-518	-599	1452042404	-56	-69	-82	-69	-21	-20	0	-767	-785	-216	-337	302	262
9	-518	-599	1452044396	-53	-69	-92	-76	-21	-22	0	-788	-807	-216	-337	302	262
9	-518	-599	1452046396	-57	-74	-75	-65	-20	-21	0	-808	-828	-216	-337	302	262
9	-518	-599	1452048400	-50	-65	-82	-72	-20	-21	0	-828	-849	-216	-337	302	262
9	-518	-599	1452050392	-46	-61	-76	-70	-18	-19	0	-846	-868	-216	-337	302	262
9	-518	-599	1452052396	-50	-67	-63	-59	-17	-19	0	-863	-887	-216	-337	302	262
9	-518	-599	1452054400	-43	-58	-66	-66	-17	-19	0	-880	-739	-216	-337	302	262
9	-518	-599	1452056400	-40	-55	-54	-55	-14	-16	0	-894	-755	-216	-337	302	262
9	-518	-599	1452058400	-41	-59	-56	-60	-14	-18	0	-908	-773	-216	-337	302	262
9	-518	-599	1452060400	-33	-50	-44	-50	-12	-15	0	-920	-788	-216	-337	302	262
9	-518	-599	1452062400	-31	-47	-46	-55	-11	-15	0	-931	-803	-216	-337	302	262
9	-518	-599	1452064400	-27	-45	-36	-47	-10	-14	0	-941	-817	-216	-337	302	262
9	-518	-599	1452066400	-28	-48	-38	-48	-10	-15	0	-951	-832	-216	-337	302	262
9	-518	-599	1452068400	-22	-40	-27	-42	-7	-12	0	-958	-844	-216	-337	302	262
9	-518	-599	1452070392	-19	-37	-29	-45	-7	-12	0	-965	-856	-216	-337	302	262
9	-518	-599	1452072392	-19	-40	-21	-36	-6	-12	0	-971	-732	-216	-337	302	262
9	-518	-599	1452074396	-15	-33	-22	-39	-6	-10	0	-977	-742	-216	-337	302	262
9	-518	-599	1452076404	-11	-30	-15	-32	-4	-10	0	-981	-752	-216	-337	302	262
9	-518	-599	1452078404	-11	-31	-15	-33	-4	-9	0	-985	-761	-216	-337	302	262
9	-518	-599	1452080408	-9	-26	-10	-27	-2	-8	0	-987	-769	-216	-337	302	262
9	-518	-599	1452082408	-6	-24	-8	-29	-3	-8	0	-990	-777	-216	-337	302	262
9	-518	-599	1452084400	-7	-24	-8	-22	-2	-7	0	-992	-784	-216	-337	302	262
9	-518	-599	1452086404	-5	-18	-5	-24	-1	-6	0	-993	-726	-216	-337	302	262
9	-518	-599	1452088404	-2	-18	-4	-19	-1	-6	0	-994	-732	-216	-337	302	262
9	-518	-599	1452090408	-3	-17	-2	-19	-1	-5	0	-995	-737	-216	-337	302	262
9	-518	-599	1452092408	-1	-14	-3	-17	-1	-5	0	-996	-742	-216	-337	302	262
9	-518	-599	1452094388	-1	-13	-1	-13	0	-4	0	-996	-746	-216	-337	302	262
9	-518	-599	1452096384	-1	-10	0	-13	0	-3	1	-996	-749	-216	-337	302	262
10	-518	-599	1452098356	0	-10	0	-10	0	-3	1	-216	-340	-216	-337	302	262
10	-518	-599	1452100364	0	-6	0	-9	0	-3	1	-216	-343	-216	-337	302	262
10	-518	-599	1452102360	0	-6	0	-8	0	-2	1	-216	-345	-216	-337	302	262
10	329	721	1452104356	0	-5	0	-6	0	-1	1	-216	-346	113	384	-216	-337
10	329	721	1452106348	0	-4	0	-5	0	-2	1	-216	-348	113	384	-216	-337
10	329	721	1452108352	0	-2	0	-5	0	-1	1	-216	-349	113	384	-216	-337
10	329	721	1452110336	0	-3	0	-2	0	0	1	-216	-349	113	384	-216	-337
10	329	721	1452112372	0	-1	2	-3	0	-1	1	-216	-350	113	384	-216	-337
10	329	721	1452114344	0	-1	0	-1	0	0	1	-216	-350	113	384	-216	-337
10	329	721	1452116344	0	0	0	-1	0	0	1	-216	-350	113	384	-216	-337
10	329	721	1452118348	1	0	0	0	0	0	1	-216	-350	113	384	-216	-337
10	329	721	1452120392	0	0	1	-2	0	-1	1	-216	-351	113	384	-216	-337
10	329	721	1452152360	0	0	1	0	0	0	1	-216	-351	113	384	-216	-337
10	329	721	1452170388	0	0	0	1	0	0	1	-216	-351	113	384	-216	-337
10	329	721	1452172412	0	0	1	1	0	0	0	-216	-351	113	384	-216	-337
10	329	721	1452174412	0	1	3	1	0	0	0	-216	-351	113	384	-216	-337
10	329	721	1452176440	0	3	2	3	1	1	0	-215	-350	113	384	-216	-337
10	329	721	1452178420	0	4	4	4	0	1	0	-215	-349	113	384	-216	-337
10	329	721	1452180432	0	5	6	5	1	1	0	-214	-348	113	384	-216	-337
10	329	721	1452182436	0	6	7	5	1	2	0	-213	-346	113	384	-216	-337
10	329	721	1452184436	1	7	7	8	1	2	0	-212	-344	113	384	-216	-337
10	329	721	1452186436	0	9	9	8	2	3	0	-210	-341	113	384	-216	-337
10	329	721	1452188436	2	11	12	10	2	3	0	-208	-338	113	384	-216	-337
10	329	721	1452190440	1	13	12	11	2	4	0	-206	-334	113	384	-216	-337
10	329	721	1452192444	1	12	16	14	2	4	0	-204	-330	113	384	-216	-337
10	329	721	1452194448	3	18	15	15	3	4	0	-201	-326	113	384	-216	-337
10	329	721	1452196448	2	17	19	17	3	6	0	-198	-320	113	384	-216	-337
10	329	721	1452198452	4	20	22	20	4	6	0	-194	-314	113	384	-216	-337
10	329	721	1452200456	4	24	21	20	4	6	0	-190	-308	113	384	-216	-337
10	329	721	1452202456	5	24	27	25	5	8	0	-185	-300	113	384	-216	-337
10	329	721	1452204460	6	26	25	25	4	7	0	-181	-293	113	384	-216	-337
10	329	721	1452206464	10	31	30	30	6	9	0	-175	-284	113	384	-216	-337
10	329	721	1452208460	9	30	28	29	6	9	0	-169	-275	113	384	-216	-337
10	329	721	1452210464	11	34	34	36	7	11	0	-162	-264	113	384	-216	-337
10	329	721	1452212468	15	40	33	34	7	11	0	-155	-253	113	384	-216	-337
10	329	721	1452214472	15	39	37	41	8	12	0	-147	-241	113	384	-216	-337
10	329	721	1452216476	19	41	35	40	8	12	0	-139	-229	113	384	-216	-337
10	329	721	1452218480	22	51	41	49	9	15	0	-130	-214	113	384	-216	-337
10	329	721	1452220480	23	50	38	46	9	14	0	-121	-200	113	384	-216	-337
10	329	721	1452222480	25	53	46	58	11	17	0	-110	-183	113	384	-216	-337
10	329	721	1452224468	27	56	41	52	10	16	0	-100	-167	113	384	-216	-337
10	329	721	1452226472	34	69	49	65	13	20	0	-87	-147	113	384	-216	-337
10	329	721	1452228472	34	65	44	60	11	19	0	-76	-128	113	384	-216	-337
10	329	721	1452230468	33	69	54	73	13	21	0	-63	-107	113	384	-216	-337
10	329	721	1452232464	43	82	46	69	14	23	0	-49	-84	113	384	-216	-337
10	329	721	1452234460	37	79	56	82	14	24	0	-35	-60	113	384	-216	-337
10	329	721	1452236460	40	82	58	88	14	26	0	-21	-34	113	384	-216	-337
10	329	721	1452238452	48	98	50	81	15	26	0	-6	-8	113	384	-216	-337
10	329	721	1452240460	42	91	60	97	15	29	0	9	21	113	384	-216	-337
10	329	721	1452242460	43	96	52	90	15	28	0	24	49	113	384	-216	-337
10	329	721	1452244452	44	100	60	108	15	31	0	39	80	113	384	-216	-337
10	329	721	1452246448	48	118	54	100	16	32	0	55	112	113	384	-216	-337
10	329	721	1452248452	44	109	61	117	15	34	0	70	146	113	384	-216	-337
10	329	721	1452250456	44	112	54	107	15	33	0	85	179	113	384	-216	-337
10	329	721	1452252456	49	130	62	126	17	39	0	102	218	113	384	-216	-337
10	329	721	1452254452	42	120	54	114	14	35	0	116	253	113	384	-216	-337
10	329	721	1452256460	41	123	61	133	15	38	0	131	291	113	384	-216	-337
10	329	721	1452258456	47	141	52	120	15	39	0	146	330	113	384	-216	-337
10	329	721	1452260452	40	127	60	140	15	40	0	161	370	113	384	-216	-337
10	329	721	1452262448	40	129	50	125	14	38	0	175	408	113	384	-216	-337
10	329	721	1452264440	42	149	57	145	15	45	0	190	453	113	384	-216	-337
10	329	721	1452266436	38	132	49	129	13	39	0	203	492	113	384	-216	-337
10	329	721	1452268432	36	134	54	149	13	42	0	216	534	113	384	-216	-337
10	329	721	1452270428	36	135	46	131	12	40	0	228	574	113	384	-216	-337
10	329	721	1452272428	39	151	51	151	14	45	0	242	619	113	384	-216	-337
10	329	721	1452274428	34	135	44	133	12	41	0	254	660	113	384	-216	-337
10	329	721	1452276428	32	134	47	151	11	42	0	265	702	113	384	-216	-337
10	329	721	1452278424	36	151	40	131	12	43	0	277	745	113	384	-216	-337
10	329	721	1452280420	32	132	44	149	11	42	0	288	787	113	384	-216	-337
10	329	721	1452282412	30	132	36	130	10	39	0	298	826	113	384	-216	-337
10	329	721	1452284420	31	145	40	146	11	44	0	309	870	113	384	-216	-337
10	329	721	1452286416	29	129	33	128	9	38	0	318	908	113	384	-216	-337
10	329	721	1452288420	26	126	35	142	9	40	0	327	760	113	384	-216	-337
10	329	721	1452290420	25	125	32	142	9	40	0	336	800	113	384	-216	-337
10	329	721	1452292420	29	139	28	120	8	39	0	344	839	113	384	-216	-337
10	329	721	1452294424	23	121	29	136	8	39	0	352	878	113	384	-216	-337
10	329	721	1452296424	23	118	22	117	7	35	0	359	913	113	384	-216	-337
10	329	721	1452298424	25	130	25	130	7	39	0	366	952	113	384	-216	-337
10	329	721	1452300424	21	111	20	110	7	33	0	373	985	113	384	-216	-337
10	329	721	1452302428	20	109	20	124	6	35	0	379	1020	113	384	-216	-337
10	329	721	1452304428	23	118	16	104	5	34	0	384	754	113	384	-216	-337
10	329	721	1452306424	20	100	17	115	6	32	0	390	786	113	384	-216	-337
10	329	721	1452308424	18	98	12	96	4	29	0	394	815	113	384	-216	-337
10	329	721	1452310424	22	104	14	106	6	31	0	400	846	113	384	-216	-337
10	329	721	1452312428	17	87	11	88	4	27	0	404	873	113	384	-216	-337
10	329	721	1452314428	18	84	11	96	4	27	0	408	900	113	384	-216	-337
10	329	721	1452316428	20	89	9	80	5	25	0	413	925	113	384	-216	-337
10	329	721	1452318428	16	73	10	86	4	24	0	417	949	113	384	-216	-337
10	329	721	1452320432	17	69	8	72	3	21	0	420	741	113	384	-216	-337
10	329	721	1452322424	17	65	8	76	4	21	0	424	762	113	384	-216	-337
10	329	721	1452324420	17	68	7	62	4	20	0	428	782	113	384	-216	-337
10	329	721	1452326420	16	56	7	67	3	18	0	431	800	113	384	-216	-337
10	329	721	1452328416	15	51	6	53	3	16	0	434	816	113	384	-216	-337
10	329	721	1452330408	18	53	7	58	4	16	0	438	832	113	384	-216	-337
10	329	721	1452332416	14	43	6	52	3	15	0	441	847	113	384	-216	-337
10	329	721	1452334416	13	40	5	42	3	12	0	444	859	113	384	-216	-337
10	329	721	1452336412	13	37	5	43	2	12	0	446	871	113	384	-216	-337
10	329	721	1452338408	12	36	5	34	3	10	0	449	730	113	384	-216	-337
10	329	721	1452340408	12	30	5	36	3	10	1	452	740	113	384	-216	-337
11	329	721	1452342416	10	26	4	28	2	8	1	115	392	113	384	-216	-337
11	329	721	1452344416	10	25	3	27	2	8	1	117	400	113	384	-216	-337
11	329	721	1452346420	8	20	4	22	1	6	1	118	406	113	384	-216	-337
11	329	721	1452348412	7	18	3	21	2	6	1	120	412	113	384	-216	-337
11	329	721	1452350408	7	16	2	16	1	5	1	121	417	113	384	-216	-337
11	329	721	1452352404	5	11	3	15	1	4	1	122	421	113	384	-216	-337
11	-113	-784	1452354404	5	11	2	11	2	3	1	124	424	0	-400	113	384
11	-113	-784	1452356388	4	9	1	12	0	3	1	124	427	0	-400	113	384
11	-113	-784	1452358408	2	6	2	7	1	2	1	125	429	0	-400	113	384
11	-113	-784	1452360396	3	5	1	8	0	2	1	125	431	0	-400	113	384
11	-113	-784	1452362408	2	4	0	5	1	2	1	126	433	0	-400	113	384
11	-113	-784	1452364384	2	1	1	3	0	0	1	126	433	0	-400	113	384
11	-113	-784	1452366368	0	2	0	3	0	1	1	126	434	0	-400	113	384
11	-113	-784	1452368380	1	1	0	1	0	0	1	126	434	0	-400	113	384
11	-113	-784	1452372368	1	0	0	0	1	0	1	127	434	0	-400	113	384
11	-113	-784	1452374368	0	-1	0	0	0	0	1	127	434	0	-400	113	384
11	-113	-784	1452376400	1	-3	0	-2	0	0	1	127	434	0	-400	113	384
11	-113	-784	1452378416	2	-4	0	-5	0	-1	1	127	433	0	-400	113	384
11	-113	-784	1452380412	2	-5	0	-3	0	-1	1	127	432	0	-400	113	384
11	-113	-784	1452382420	4	-8	0	-8	1	-2	1	128	430	0	-400	113	384
11	-113	-784	1452384408	2	-8	0	-7	0	-3	1	128	427	0	-400	113	384
11	-113	-784	1452386416	4	-10	0	-10	1	-3	1	129	424	0	-400	113	384
11	-113	-784	1452388400	4	-13	0	-10	0	-3	1	129	421	0	-400	113	384
11	-113	-784	1452390408	4	-12	1	-14	1	-4	1	130	417	0	-400	113	384
11	-113	-784	1452392396	5	-15	0	-11	1	-4	1	131	413	0	-400	113	384
11	-113	-784	1452394392	5	-15	0	-17	1	-5	1	132	408	0	-400	113	384
11	-113	-784	1452396388	5	-19	0	-15	0	-5	1	132	403	0	-400	113	384
11	-113	-784	1452398396	5	-18	0	-17	1	-5	1	133	398	0	-400	113	384
11	-113	-784	1452400396	5	-20	0	-16	1	-6	1	134	392	0	-400	113	384
11	-113	-784	1452402392	5	-21	0	-22	1	-6	1	135	386	0	-400	113	384
11	-113	-784	1452404388	5	-21	0	-18	0	-6	1	135	380	0	-400	113	384
11	-113	-784	1452406396	3	-20	2	-23	1	-6	1	136	374	0	-400	113	384
11	-113	-784	1452408392	4	-24	0	-19	1	-7	1	137	367	0	-400	113	384
11	-113	-784	1452410388	4	-21	0	-23	0	-6	1	137	361	0	-400	113	384
11	-113	-784	1452412396	2	-20	0	-20	1	-6	1	138	355	0	-400	113	384
11	-113	-784	1452414384	2	-24	0	-24	0	-8	1	138	347	0	-400	113	384
11	-113	-784	1452416392	1	-20	0	-23	0	-6	1	138	341	0	-400	113	384
11	-113	-784	1452418396	1	-20	0	-20	0	-6	1	138	335	0	-400	113	384
11	-113	-784	1452420396	0	-20	-1	-22	0	-6	1	138	329	0	-400	113	384
11	-113	-784	1452422400	0	-22	-1	-20	0	-7	1	138	322	0	-400	113	384
11	-113	-784	1452424404	0	-20	-1	-23	0	-6	1	138	316	0	-400	113	384
11	-113	-784	1452426408	-1	-20	-1	-20	0	-6	1	138	310	0	-400	113	384
11	-113	-784	1452428404	-2	-24	-3	-23	0	-7	1	138	303	0	-400	113	384
11	-113	-784	1452430412	-2	-20	-2	-20	-1	-6	1	137	297	0	-400	113	384
11	-113	-784	1452432408	-4	-23	-3	-24	-1	-7	1	136	290	0	-400	113	384
11	-113	-784	1452434404	-4	-25	-4	-23	-1	-7	1	135	283	0	-400	113	384
11	-113	-784	1452436408	-3	-22	-3	-25	-1	-7	1	134	276	0	-400	113	384
11	-113	-784	1452438412	-4	-24	-4	-22	-1	-7	1	133	269	0	-400	113	384
11	-113	-784	1452440416	-5	-27	-6	-28	-2	-9	1	131	260	0	-400	113	384
11	-113	-784	1452442412	-4	-25	-5	-25	-1	-7	1	130	253	0	-400	113	384
11	-113	-784	1452444412	-5	-28	-7	-28	-2	-8	0	128	245	0	-400	113	384
11	-113	-784	1452446420	-5	-31	-5	-27	-2	-9	0	126	236	0	-400	113	384
11	-113	-784	1452448412	-4	-29	-7	-31	-1	-9	0	125	227	0	-400	113	384
11	-113	-784	1452450404	-5	-30	-6	-29	-2	-9	0	123	218	0	-400	113	384
11	-113	-784	1452452404	-3	-32	-8	-35	-1	-10	0	122	208	0	-400	113	384
11	-113	-784	1452454404	-4	-38	-7	-32	-2	-11	0	120	197	0	-400	113	384
11	-113	-784	1452456400	-4	-36	-8	-39	-2	-11	0	118	186	0	-400	113	384
11	-113	-784	1452458408	-2	-39	-7	-41	-1	-12	0	117	174	0	-400	113	384
11	-113	-784	1452460416	-4	-45	-8	-38	-2	-12	0	115	162	0	-400	113	384
11	-113	-784	1452462412	-1	-42	-7	-46	-1	-13	0	114	149	0	-400	113	384
11	-113	-784	1452464420	-2	-45	-7	-41	-2	-13	0	112	136	0	-400	113	384
11	-113	-784	1452466420	0	-54	-6	-51	-1	-16	0	111	120	0	-400	113	384
11	-113	-784	1452468412	-1	-51	-6	-48	-1	-15	0	110	105	0	-400	113	384
11	-113	-784	1452470400	0	-53	-6	-56	0	-16	0	110	89	0	-400	113	384
11	-113	-784	1452472408	0	-62	-5	-53	-1	-18	0	109	71	0	-400	113	384
11	-113	-784	1452474388	3	-60	-4	-62	0	-18	0	109	53	0	-400	113	384
11	-113	-784	1452476404	2	-62	-4	-58	-1	-18	0	108	35	0	-400	113	384
11	-113	-784	1452478368	4	-65	-4	-70	0	-20	0	108	15	0	-400	113	384
11	-113	-784	1452480396	4	-77	-2	-65	0	-21	0	108	-6	0	-400	113	384
11	-113	-784	1452482392	5	-73	-3	-76	0	-23	0	108	-29	0	-400	113	384
11	-113	-784	1452484400	6	-76	-1	-72	1	-22	0	109	-51	0	-400	113	384
11	-113	-784	1452486396	9	-90	0	-87	1	-26	0	110	-77	0	-400	113	384
11	-113	-784	1452488396	9	-84	0	-78	1	-25	0	111	-102	0	-400	113	384
11	-113	-784	1452490396	10	-88	0	-95	2	-27	0	113	-129	0	-400	113	384
11	-113	-784	1452492400	13	-103	0	-88	2	-29	0	115	-158	0	-400	113	384
11	-113	-784	1452494404	13	-96	2	-104	2	-30	0	117	-188	0	-400	113	384
11	-113	-784	1452496400	14	-100	2	-93	2	-29	0	119	-217	0	-400	113	384
11	-113	-784	1452498400	16	-115	4	-112	3	-34	0	122	-251	0	-400	113	384
11	-113	-784	1452500400	15	-106	2	-116	3	-33	0	125	-284	0	-400	113	384
11	-113	-784	1452502404	15	-110	4	-104	3	-32	0	128	-316	0	-400	113	384
11	-113	-784	1452504412	15	-113	5	-122	3	-36	0	131	-352	0	-400	113	384
11	-113	-784	1452506416	17	-129	4	-110	3	-35	0	134	-387	0	-400	113	384
11	-113	-784	1452508416	15	-117	5	-128	3	-37	0	137	-424	0	-400	113	384
11	-113	-784	1452510420	14	-119	5	-115	3	-35	0	140	-459	0	-400	113	384
11	-113	-784	1452512416	16	-134	5	-131	3	-40	0	143	-499	0	-400	113	384
11	-113	-784	1452514424	14	-121	5	-117	3	-36	0	146	-535	0	-400	113	384
11	-113	-784	1452516420	11	-120	6	-134	2	-38	0	148	-573	0	-400	113	384
11	-113	-784	1452518412	12	-136	5	-118	3	-38	0	151	-611	0	-400	113	384
11	-113	-784	1452520412	8	-120	6	-133	2	-38	0	153	-649	0	-400	113	384
11	-113	-784	1452522412	7	-119	5	-115	2	-35	0	155	-684	0	-400	113	384
11	-113	-784	1452524420	6	-131	5	-133	2	-40	0	157	-724	0	-400	113	384
11	-113	-784	1452526408	2	-116	5	-114	1	-34	0	158	-758	0	-400	113	384
11	-113	-784	1452528412	3	-114	5	-127	1	-36	0	159	-794	0	-400	113	384
11	-113	-784	1452530412	0	-128	5	-111	1	-36	0	160	-830	0	-400	113	384
11	-113	-784	1452532400	0	-110	5	-125	0	-35	0	160	-865	0	-400	113	384
11	-113	-784	1452534416	0	-108	5	-123	1	-35	0	161	-900	0	-400	113	384
11	-113	-784	1452536404	-3	-107	4	-105	0	-32	0	161	-932	0	-400	113	384
11	-113	-784	1452538412	-2	-117	5	-119	1	-35	0	162	-755	0	-400	113	384
11	-113	-784	1452540400	-4	-103	3	-101	0	-31	0	162	-786	0	-400	113	384
11	-113	-784	1452542396	-4	-100	3	-115	0	-32	0	162	-818	0	-400	113	384
11	-113	-784	1452544392	-5	-111	4	-97	0	-31	0	162	-849	0	-400	113	384
11	-113	-784	1452546368	-4	-96	4	-109	0	-31	0	162	-880	0	-400	113	384
11	-113	-784	1452548400	-5	-94	2	-94	0	-28	0	162	-908	0	-400	113	384
11	-113	-784	1452550404	-5	-104	3	-105	-1	-31	0	161	-939	0	-400	113	384
11	-113	-784	1452552396	-3	-90	2	-89	0	-27	0	161	-966	0	-400	113	384
11	-113	-784	1452554400	-4	-87	2	-100	0	-28	0	161	-748	0	-400	113	384
11	-113	-784	1452556400	-5	-95	2	-85	0	-27	0	161	-775	0	-400	113	384
11	-113	-784	1452558408	-4	-84	1	-95	-1	-27	0	160	-802	0	-400	113	384
11	-113	-784	1452560364	-2	-81	2	-80	0	-24	0	160	-826	0	-400	113	384
11	-113	-784	1452562392	-4	-79	2	-88	0	-25	0	160	-851	0	-400	113	384
11	-113	-784	1452564400	-4	-85	1	-77	-1	-25	0	159	-876	0	-400	113	384
11	-113	-784	1452566392	-4	-74	2	-83	0	-23	0	159	-899	0	-400	113	384
11	-113	-784	1452568388	-3	-71	0	-72	0	-22	0	159	-921	0	-400	113	384
11	-113	-784	1452570408	-4	-77	1	-78	-1	-23	0	158	-743	0	-400	113	384
11	-113	-784	1452572388	-4	-67	0	-65	0	-20	0	158	-763	0	-400	113	384
11	-113	-784	1452574408	-4	-62	0	-73	-1	-20	0	157	-783	0	-400	113	384
11	-113	-784	1452576416	-3	-66	0	-60	-1	-19	0	156	-802	0	-400	113	384
11	-113	-784	1452578396	-3	-58	0	-65	0	-18	0	156	-820	0	-400	113	384
11	-113	-784	1452580404	-4	-52	0	-60	-1	-17	0	155	-837	0	-400	113	384
11	-113	-784	1452582396	-2	-57	0	-50	0	-16	0	155	-853	0	-400	113	384
11	-113	-784	1452584392	-3	-46	0	-54	0	-15	0	155	-868	0	-400	113	384
11	-113	-784	1452586412	-2	-42	0	-43	-1	-13	0	154	-881	0	-400	113	384
11	-113	-784	1452588404	-3	-40	0	-45	0	-13	0	154	-733	0	-400	113	384
11	-113	-784	1452590400	-1	-40	0	-38	0	-11	0	154	-744	0	-400	113	384
11	-113	-784	1452592412	-2	-33	0	-37	-1	-11	0	153	-755	0	-400	113	384
11	-113	-784	1452594376	0	-29	0	-30	0	-9	0	153	-764	0	-400	113	384
11	-113	-784	1452596408	-2	-27	0	-32	0	-9	0	153	-773	0	-400	113	384
11	-113	-784	1452598412	-1	-23	0	-23	0	-7	0	153	-780	0	-400	113	384
11	-113	-784	1452600388	0	-17	0	-23	0	-6	0	153	-786	0	-400	113	384
11	-113	-784	1452602392	0	-18	0	-19	0	-5	1	153	-791	0	-400	113	384
