1	0	-100	618172976	0	0	-1	0	0	0	1	0	-100	0	-100	0	0
1	0	-100	618174976	-1	0	0	0	0	0	1	0	-100	0	-100	0	0
1	-28	196	618242944	0	0	0	0	0	0	0	0	-100	-28	96	0	-100
1	-28	196	618261004	2	1	0	0	0	0	0	0	-100	-28	96	0	-100
1	-28	196	618262972	0	1	0	0	0	0	0	0	-100	-28	96	0	-100
1	-28	196	618265000	2	4	0	4	0	0	0	0	-100	-28	96	0	-100
1	-28	196	618267020	3	5	0	4	0	1	0	0	-99	-28	96	0	-100
1	-28	196	618269020	2	6	0	6	0	1	0	0	-98	-28	96	0	-100
1	-28	196	618271016	6	10	0	10	0	1	0	0	-97	-28	96	0	-100
1	-28	196	618273008	5	11	0	10	0	2	0	0	-95	-28	96	0	-100
1	-28	196	618275024	8	13	-1	14	1	2	0	1	-93	-28	96	0	-100
1	-28	196	618277012	10	19	-2	15	0	2	0	1	-91	-28	96	0	-100
1	-28	196	618279028	10	18	-1	20	1	3	0	2	-88	-28	96	0	-100
1	-28	196	618281036	12	23	-2	22	1	4	0	3	-84	-28	96	0	-100
1	-28	196	618283032	15	29	-3	24	1	4	0	4	-80	-28	96	0	-100
1	-28	196	618285024	15	28	-5	29	1	4	0	5	-76	-28	96	0	-100
1	-28	196	618287020	18	33	-4	30	1	5	0	6	-71	-28	96	0	-100
1	-28	196	618289016	20	40	-7	36	1	5	0	7	-66	-28	96	0	-100
1	-28	196	618291012	21	41	-6	36	1	6	0	8	-60	-28	96	0	-100
1	-28	196	618293000	21	43	-10	45	0	7	0	8	-53	-28	96	0	-100
1	-28	196	618295008	27	53	-9	44	2	7	0	10	-46	-28	96	0	-100
1	-28	196	618297012	23	49	-14	52	1	7	0	11	-39	-28	96	0	-100
1	-28	196	618299000	25	53	-12	49	0	8	0	11	-31	-28	96	0	-100
1	-28	196	618301012	29	62	-17	59	1	9	0	12	-22	-28	96	0	-100
1	-28	196	618303012	25	58	-16	54	1	9	0	13	-13	-28	96	0	-100
1	-28	196	618305000	26	60	-21	65	0	9	0	13	-4	-28	96	0	-100
1	-28	196	618307008	30	72	-21	60	1	10	0	14	6	-28	96	0	-100
1	-28	196	618308976	27	66	-27	71	0	10	0	14	16	-28	96	0	-100
1	-28	196	618311000	26	70	-25	65	0	10	0	14	26	-28	96	0	-100
1	-28	196	618313008	30	80	-32	77	0	12	0	14	38	-28	96	0	-100
1	-28	196	618315012	25	75	-35	82	0	12	0	14	50	-28	96	0	-100
1	-28	196	618317012	26	78	-33	72	0	11	0	14	61	-28	96	0	-100
1	-28	196	618319028	28	89	-40	86	-1	13	0	13	74	-28	96	0	-100
1	-28	196	618321028	23	81	-36	78	-1	12	0	12	86	-28	96	0	-100
1	-28	196	618323028	23	81	-44	91	-2	13	0	10	99	-28	96	0	-100
1	-28	196	618325028	25	94	-41	80	-1	13	0	9	112	-28	96	0	-100
1	-28	196	618327020	21	85	-47	94	-2	13	0	7	125	-28	96	0	-100
1	-28	196	618329020	19	85	-44	82	-2	13	0	5	138	-28	96	0	-100
1	-28	196	618331024	21	96	-51	97	-2	14	0	3	152	-28	96	0	-100
1	-28	196	618333024	18	86	-45	83	-2	13	0	1	165	-28	96	0	-100
1	-28	196	618335020	16	85	-54	97	-3	14	0	-2	179	-28	96	0	-100
1	-28	196	618337020	16	97	-48	83	-2	13	0	-4	192	-28	96	0	-100
1	-28	196	618339016	15	83	-53	95	-3	14	0	-7	206	-28	96	0	-100
1	-28	196	618341016	13	84	-54	95	-3	13	0	-10	219	-28	96	0	-100
1	-28	196	618343016	13	91	-46	82	-3	13	0	-13	232	-28	96	0	-100
1	-28	196	618345016	10	80	-53	91	-3	13	0	-16	245	-28	96	0	-100
1	-28	196	618347016	10	79	-45	79	-2	12	0	-18	257	-28	96	0	-100
1	-28	196	618349016	10	85	-50	87	-3	13	0	-21	270	-28	96	0	-100
1	-28	196	618351012	8	75	-44	74	-3	11	0	-24	281	-28	96	0	-100
1	-28	196	618353016	7	71	-46	84	-3	11	0	-27	292	-28	96	0	-100
1	-28	196	618355012	7	72	-40	70	-3	11	0	-30	303	-28	96	0	-100
1	-28	196	618357020	7	76	-45	77	-2	12	0	-32	315	-28	96	0	-100
1	-28	196	618359012	5	65	-36	66	-3	9	0	-35	324	-28	96	0	-100
1	-28	196	618361016	4	64	-41	73	-3	11	0	-38	335	-28	96	0	-100
1	-28	196	618363012	5	67	-34	61	-2	9	0	-40	344	-28	96	0	-100
1	-28	196	618365012	4	59	-38	66	-2	10	0	-42	354	-28	96	0	-100
1	-28	196	618367008	2	56	-31	58	-2	8	0	-44	362	-28	96	0	-100
1	-28	196	618369004	3	59	-34	61	-3	9	0	-47	371	-28	96	0	-100
1	-28	196	618371004	2	51	-27	53	-2	8	0	-49	379	-28	96	0	-100
1	-28	196	618373008	1	48	-31	56	-2	8	0	-51	387	-28	96	0	-100
1	-28	196	618375008	0	52	-29	54	-2	8	0	-53	395	-28	96	0	-100
1	-28	196	618377012	2	44	-25	43	-2	6	0	-55	401	-28	96	0	-100
1	-28	196	618379012	0	41	-26	49	-2	7	0	-57	408	-28	96	0	-100
1	-28	196	618381012	0	45	-23	40	-1	6	0	-58	414	-28	96	0	-100
1	-28	196	618383012	0	36	-24	44	-2	6	0	-60	420	-28	96	0	-100
1	-28	196	618385012	0	35	-20	35	-2	6	0	-62	426	-28	96	0	-100
1	-28	196	618387012	0	38	-21	39	-1	5	0	-63	431	-28	96	0	-100
1	-28	196	618389012	-1	31	-19	32	-2	5	0	-65	436	-28	96	0	-100
1	-28	196	618391016	-1	30	-20	34	-1	5	0	-66	441	-28	96	0	-100
1	-28	196	618393016	0	31	-16	29	-2	4	0	-68	445	-28	96	0	-100
1	-28	196	618395020	-1	25	-17	31	-1	5	0	-69	450	-28	96	0	-100
1	-28	196	618397016	-1	25	-15	25	-1	3	0	-70	453	-28	96	0	-100
1	-28	196	618399012	-2	27	-15	27	-1	4	0	-71	457	-28	96	0	-100
1	-28	196	618401008	0	22	-13	23	-1	4	0	-72	461	-28	96	0	-100
1	-28	196	618403008	-1	20	-14	24	-2	3	0	-74	464	-28	96	0	-100
1	-28	196	618404992	0	23	-11	20	0	3	0	-74	467	-28	96	0	-100
1	-28	196	618407008	-1	17	-11	21	-1	3	0	-75	470	-28	96	0	-100
1	-28	196	618409012	0	18	-11	20	-1	3	0	-76	473	-28	96	0	-100
1	-28	196	618411016	0	17	-9	16	-1	3	0	-77	476	-28	96	0	-100
1	-28	196	618413012	-1	15	-9	18	-1	2	0	-78	478	-28	96	0	-100
1	-28	196	618414996	0	14	-6	15	0	2	0	-78	480	-28	96	0	-100
1	-28	196	618417008	0	14	-8	15	-1	2	0	-79	482	-28	96	0	-100
1	-28	196	618418992	0	12	-6	12	0	2	0	-79	484	-28	96	0	-100
1	-28	196	618420992	0	11	-5	14	0	2	0	-79	486	-28	96	0	-100
1	-28	196	618423004	0	12	-5	10	-1	2	0	-80	488	-28	96	0	-100
1	-28	196	618424988	1	10	-4	12	0	1	0	-80	489	-28	96	0	-100
1	-28	196	618426988	1	10	-2	10	0	2	0	-80	491	-28	96	0	-100
1	-28	196	618428988	2	8	-4	10	0	1	0	-80	492	-28	96	0	-100
1	-28	196	618430992	2	9	-1	9	0	2	0	-80	494	-28	96	0	-100
1	-28	196	618433000	1	9	-3	10	0	1	0	-80	495	-28	96	0	-100
1	-28	196	618434992	3	7	-1	9	0	1	0	-80	496	-28	96	0	-100
1	-28	196	618436996	2	8	-1	7	0	1	0	-80	497	-28	96	0	-100
1	-28	196	618438996	3	7	0	8	0	1	0	-80	498	-28	96	0	-100
1	-28	196	618440992	4	8	-1	7	0	2	0	-80	500	-28	96	0	-100
1	-28	196	618442996	3	7	0	8	0	1	0	-80	501	-28	96	0	-100
1	-28	196	618444992	3	7	0	6	0	1	0	-80	502	-28	96	0	-100
1	-28	196	618446988	4	7	0	8	0	1	0	-80	503	-28	96	0	-100
1	-28	196	618448984	3	6	0	6	0	1	0	-80	504	-28	96	0	-100
1	-28	196	618450996	3	7	0	6	1	1	0	-79	505	-28	96	0	-100
1	-28	196	618452972	4	6	0	6	0	1	0	-79	506	-28	96	0	-100
1	-28	196	618454960	3	6	1	7	0	0	0	-79	506	-28	96	0	-100
1	-28	196	618456968	4	5	0	5	0	1	0	-79	507	-28	96	0	-100
1	-28	196	618458976	4	5	1	6	1	1	0	-78	508	-28	96	0	-100
1	-28	196	618460960	4	5	2	5	0	1	0	-78	509	-28	96	0	-100
1	-28	196	618462964	2	5	0	5	0	1	0	-78	510	-28	96	0	-100
1	-28	196	618464964	4	4	1	4	1	0	0	-77	510	-28	96	0	-100
1	-28	196	618466956	4	4	1	3	0	1	0	-77	511	-28	96	0	-100
1	-28	196	618468944	2	3	1	4	0	0	0	-77	511	-28	96	0	-100
1	-28	196	618470964	3	3	0	4	1	1	0	-76	512	-28	96	0	-100
1	-28	196	618472936	3	4	2	4	0	0	0	-76	512	-28	96	0	-100
1	-28	196	618474952	3	2	1	2	0	1	0	-76	513	-28	96	0	-100
1	-28	196	618476952	2	3	1	3	1	0	0	-75	513	-28	96	0	-100
1	-28	196	618478948	3	2	1	2	0	0	0	-75	513	-28	96	0	-100
1	-28	196	618480952	2	1	0	3	0	1	0	-75	514	-28	96	0	-100
1	-28	196	618482936	3	2	2	1	0	0	0	-75	514	-28	96	0	-100
1	-28	196	618484956	2	2	1	2	1	0	0	-74	514	-28	96	0	-100
1	-28	196	618486940	2	1	0	2	0	0	0	-74	514	-28	96	0	-100
1	-28	196	618488960	1	2	1	1	0	1	0	-74	515	-28	96	0	-100
1	-28	196	618490944	2	1	0	1	0	0	0	-74	515	-28	96	0	-100
1	-28	196	618492940	2	1	1	1	0	0	0	-74	515	-28	96	0	-100
1	-28	196	618494932	2	0	0	2	0	0	0	-74	515	-28	96	0	-100
1	-28	196	618496944	1	1	2	0	1	0	0	-73	515	-28	96	0	-100
1	-28	196	618498924	2	2	0	1	0	0	0	-73	515	-28	96	0	-100
1	-28	196	618500932	1	0	1	1	0	0	0	-73	515	-28	96	0	-100
1	-28	196	618502940	1	1	0	0	0	1	0	-73	516	-28	96	0	-100
1	-28	196	618504896	0	0	0	1	0	0	0	-73	516	-28	96	0	-100
1	-28	196	618506924	1	1	0	0	0	0	0	-73	516	-28	96	0	-100
1	-28	196	618508892	2	0	1	0	0	0	0	-73	516	-28	96	0	-100
1	-28	196	618510892	0	1	0	2	0	0	0	-73	516	-28	96	0	-100
1	-28	196	618514896	1	0	0	0	0	0	0	-73	516	-28	96	0	-100
1	-28	196	618518928	1	2	0	0	0	0	0	-73	516	-28	96	0	-100
1	-28	196	618520912	0	0	0	1	0	0	0	-73	516	-28	96	0	-100
1	-28	196	618528936	1	0	0	0	1	0	0	-72	516	-28	96	0	-100
1	-28	196	618544908	0	0	0	0	0	0	1	-72	516	-28	96	0	-100
2	-28	196	618550936	0	1	0	0	0	0	1	-28	96	-28	96	0	-100
2	82	-180	618580964	0	0	1	0	0	0	1	-28	96	54	-84	-28	96
2	82	-180	618608960	0	0	0	0	0	0	0	-28	96	54	-84	-28	96
2	82	-180	618612988	0	-1	0	0	0	0	0	-28	96	54	-84	-28	96
2	82	-180	618616988	0	-1	0	0	0	0	0	-28	96	54	-84	-28	96
2	82	-180	618619012	0	-1	2	-2	0	0	0	-28	96	54	-84	-28	96
2	82	-180	618621012	0	-3	1	-2	0	0	0	-28	96	54	-84	-28	96
2	82	-180	618623008	0	-5	2	-4	0	0	0	-28	96	54	-84	-28	96
2	82	-180	618625016	0	-5	3	-5	0	-1	0	-28	95	54	-84	-28	96
2	82	-180	618627032	0	-7	5	-7	1	-1	0	-27	94	54	-84	-28	96
2	82	-180	618629012	0	-10	6	-9	0	-1	0	-27	93	54	-84	-28	96
2	82	-180	618631020	-1	-13	8	-11	1	-2	0	-26	91	54	-84	-28	96
2	82	-180	618633008	0	-12	8	-12	0	-2	0	-26	89	54	-84	-28	96
2	82	-180	618635020	0	-18	12	-16	1	-3	0	-25	86	54	-84	-28	96
2	82	-180	618637016	-1	-17	12	-19	1	-2	0	-24	84	54	-84	-28	96
2	82	-180	618639020	0	-21	14	-17	1	-3	0	-23	81	54	-84	-28	96
2	82	-180	618641016	0	-25	17	-24	1	-4	0	-22	77	54	-84	-28	96
2	82	-180	618643012	0	-25	18	-22	2	-3	0	-20	74	54	-84	-28	96
2	82	-180	618645008	0	-29	24	-29	1	-5	0	-19	69	54	-84	-28	96
2	82	-180	618647004	0	-35	22	-29	2	-4	0	-17	65	54	-84	-28	96
2	82	-180	618649000	0	-34	29	-35	2	-6	0	-15	59	54	-84	-28	96
2	82	-180	618651008	0	-36	27	-32	2	-5	0	-13	54	54	-84	-28	96
2	82	-180	618653004	0	-43	33	-42	3	-6	0	-10	48	54	-84	-28	96
2	82	-180	618655000	0	-40	31	-37	2	-6	0	-8	42	54	-84	-28	96
2	82	-180	618656996	0	-42	39	-45	3	-6	0	-5	36	54	-84	-28	96
2	82	-180	618658992	0	-50	35	-41	3	-7	0	-2	29	54	-84	-28	96
2	82	-180	618660992	0	-46	42	-52	3	-8	0	1	21	54	-84	-28	96
2	82	-180	618662988	0	-49	39	-46	3	-7	0	4	14	54	-84	-28	96
2	82	-180	618664980	0	-58	45	-55	3	-8	0	7	6	54	-84	-28	96
2	82	-180	618666976	-2	-55	41	-50	3	-8	0	10	-2	54	-84	-28	96
2	82	-180	618668980	-2	-55	49	-61	3	-9	0	13	-11	54	-84	-28	96
2	82	-180	618670980	-4	-66	45	-55	4	-9	0	17	-20	54	-84	-28	96
2	82	-180	618672984	-5	-60	51	-65	3	-9	0	20	-29	54	-84	-28	96
2	82	-180	618674984	-5	-62	54	-68	4	-10	0	24	-39	54	-84	-28	96
2	82	-180	618676976	-6	-73	48	-60	3	-10	0	27	-49	54	-84	-28	96
2	82	-180	618678980	-6	-65	56	-71	4	-10	0	31	-59	54	-84	-28	96
2	82	-180	618680984	-8	-67	51	-64	3	-10	0	34	-69	54	-84	-28	96
2	82	-180	618682980	-10	-78	59	-73	3	-11	0	37	-80	54	-84	-28	96
2	82	-180	618684976	-9	-69	54	-67	4	-10	0	41	-90	54	-84	-28	96
2	82	-180	618686980	-8	-70	61	-76	4	-11	0	45	-101	54	-84	-28	96
2	82	-180	618688984	-12	-78	55	-69	3	-11	0	48	-112	54	-84	-28	96
2	82	-180	618690984	-8	-72	64	-77	4	-12	0	52	-124	54	-84	-28	96
2	82	-180	618692988	-10	-71	56	-69	4	-10	0	56	-134	54	-84	-28	96
2	82	-180	618694988	-10	-72	65	-80	4	-12	0	60	-146	54	-84	-28	96
2	82	-180	618696988	-10	-80	57	-70	3	-11	0	63	-157	54	-84	-28	96
2	82	-180	618698984	-9	-72	67	-79	5	-11	0	68	-168	54	-84	-28	96
2	82	-180	618700980	-9	-71	58	-68	3	-11	0	71	-179	54	-84	-28	96
2	82	-180	618702984	-7	-80	68	-79	5	-11	0	76	-190	54	-84	-28	96
2	82	-180	618704992	-8	-70	67	-78	4	-12	0	80	-202	54	-84	-28	96
2	82	-180	618706984	-5	-69	59	-66	4	-10	0	84	-212	54	-84	-28	96
2	82	-180	618708984	-5	-76	68	-76	5	-11	0	89	-223	54	-84	-28	96
2	82	-180	618710976	-5	-67	58	-65	4	-10	0	93	-233	54	-84	-28	96
2	82	-180	618712984	-2	-67	65	-74	5	-11	0	98	-244	54	-84	-28	96
2	82	-180	618714976	-4	-73	58	-64	4	-10	0	102	-254	54	-84	-28	96
2	82	-180	618716980	-3	-64	62	-70	4	-10	0	106	-264	54	-84	-28	96
2	82	-180	618718988	-2	-63	55	-61	4	-9	0	110	-273	54	-84	-28	96
2	82	-180	618720988	-1	-68	60	-67	5	-10	0	115	-283	54	-84	-28	96
2	82	-180	618722996	-2	-59	52	-58	3	-9	0	118	-292	54	-84	-28	96
2	82	-180	618725000	-1	-64	57	-62	5	-10	0	123	-302	54	-84	-28	96
2	82	-180	618726992	0	-54	48	-54	3	-8	0	126	-310	54	-84	-28	96
2	82	-180	618728988	0	-52	53	-59	4	-8	0	130	-318	54	-84	-28	96
2	82	-180	618730988	0	-49	53	-55	4	-8	0	134	-326	54	-84	-28	96
2	82	-180	618732996	2	-51	42	-46	4	-7	0	138	-333	54	-84	-28	96
2	82	-180	618735004	2	-44	48	-50	3	-7	0	141	-340	54	-84	-28	96
2	82	-180	618736996	3	-40	39	-40	3	-6	0	144	-346	54	-84	-28	96
2	82	-180	618739000	3	-42	42	-44	4	-7	0	148	-353	54	-84	-28	96
2	82	-180	618740992	3	-35	35	-36	3	-5	0	151	-358	54	-84	-28	96
2	82	-180	618743000	4	-33	38	-38	3	-5	0	154	-363	54	-84	-28	96
2	82	-180	618745008	5	-32	31	-31	3	-5	0	157	-368	54	-84	-28	96
2	82	-180	618747004	5	-27	32	-32	2	-4	0	159	-372	54	-84	-28	96
2	82	-180	618748996	5	-25	28	-27	3	-4	0	162	-376	54	-84	-28	96
2	82	-180	618751000	6	-25	30	-27	2	-4	0	164	-380	54	-84	-28	96
2	82	-180	618752988	6	-20	24	-23	3	-3	0	167	-383	54	-84	-28	96
2	82	-180	618754996	6	-18	25	-22	2	-3	0	169	-386	54	-84	-28	96
2	82	-180	618757000	8	-19	25	-21	3	-3	0	172	-389	54	-84	-28	96
2	82	-180	618758996	6	-16	20	-18	1	-3	0	173	-392	54	-84	-28	96
2	82	-180	618760992	6	-15	21	-17	2	-2	0	175	-394	54	-84	-28	96
2	82	-180	618762988	8	-15	19	-15	3	-3	0	178	-397	54	-84	-28	96
2	82	-180	618764984	6	-13	20	-17	1	-2	0	179	-399	54	-84	-28	96
2	82	-180	618766980	6	-12	18	-12	2	-2	0	181	-401	54	-84	-28	96
2	82	-180	618768976	8	-14	20	-14	2	-2	0	183	-403	54	-84	-28	96
2	82	-180	618770972	7	-13	18	-12	2	-2	0	185	-405	54	-84	-28	96
2	82	-180	618772968	8	-11	20	-13	2	-1	0	187	-406	54	-84	-28	96
2	82	-180	618774972	9	-12	17	-11	2	-2	0	189	-408	54	-84	-28	96
2	82	-180	618776976	7	-12	22	-11	2	-2	0	191	-410	54	-84	-28	96
2	82	-180	618778984	8	-11	18	-12	2	-2	0	193	-412	54	-84	-28	96
2	82	-180	618780980	10	-11	23	-12	3	-1	0	196	-413	54	-84	-28	96
2	82	-180	618782976	7	-11	19	-10	2	-2	0	198	-415	54	-84	-28	96
2	82	-180	618784984	9	-12	22	-13	2	-2	0	200	-417	54	-84	-28	96
2	82	-180	618786980	10	-11	20	-10	2	-1	0	202	-418	54	-84	-28	96
2	82	-180	618788976	9	-11	24	-11	3	-2	0	205	-420	54	-84	-28	96
2	82	-180	618790972	10	-11	24	-12	2	-2	0	207	-422	54	-84	-28	96
2	82	-180	618792976	10	-13	21	-10	3	-1	0	210	-423	54	-84	-28	96
2	82	-180	618794968	10	-10	25	-12	2	-2	0	212	-425	54	-84	-28	96
2	82	-180	618796968	10	-11	21	-11	3	-2	0	215	-427	54	-84	-28	96
2	82	-180	618798976	10	-13	25	-11	2	-2	0	217	-429	54	-84	-28	96
2	82	-180	618800968	10	-10	20	-10	3	-1	0	220	-430	54	-84	-28	96
2	82	-180	618802968	10	-11	25	-13	2	-2	0	222	-432	54	-84	-28	96
2	82	-180	618804968	11	-12	20	-10	3	-1	0	225	-433	54	-84	-28	96
2	82	-180	618806968	9	-10	24	-11	2	-2	0	227	-435	54	-84	-28	96
2	82	-180	618808964	8	-12	20	-11	2	-2	0	229	-437	54	-84	-28	96
2	82	-180	618810960	10	-11	22	-11	3	-1	0	232	-438	54	-84	-28	96
2	82	-180	618812964	9	-11	19	-10	2	-2	0	234	-440	54	-84	-28	96
2	82	-180	618814960	9	-10	21	-12	2	-2	0	236	-442	54	-84	-28	96
2	82	-180	618816956	9	-11	19	-10	2	-1	0	238	-443	54	-84	-28	96
2	82	-180	618818964	7	-10	20	-11	2	-2	0	240	-445	54	-84	-28	96
2	82	-180	618820960	8	-10	18	-10	2	-1	0	242	-446	54	-84	-28	96
2	82	-180	618822952	7	-12	18	-10	2	-2	0	244	-448	54	-84	-28	96
2	82	-180	618824956	6	-10	18	-11	2	-2	0	246	-450	54	-84	-28	96
2	82	-180	618826952	7	-10	15	-9	1	-1	0	247	-451	54	-84	-28	96
2	82	-180	618828960	6	-10	16	-11	2	-2	0	249	-453	54	-84	-28	96
2	82	-180	618830960	5	-10	14	-9	1	-1	0	250	-454	54	-84	-28	96
2	82	-180	618832948	5	-8	15	-10	2	-1	0	252	-455	54	-84	-28	96
2	82	-180	618834944	6	-12	12	-10	1	-2	0	253	-457	54	-84	-28	96
2	82	-180	618836936	4	-8	15	-10	2	-1	0	255	-458	54	-84	-28	96
2	82	-180	618838940	4	-10	12	-10	1	-2	0	256	-460	54	-84	-28	96
2	82	-180	618840936	3	-10	13	-10	1	-1	0	257	-461	54	-84	-28	96
2	82	-180	618842932	5	-12	12	-10	1	-2	0	258	-463	54	-84	-28	96
2	82	-180	618844928	3	-8	12	-10	1	-1	0	259	-464	54	-84	-28	96
2	82	-180	618846928	4	-10	11	-10	2	-2	0	261	-466	54	-84	-28	96
2	82	-180	618848924	3	-13	13	-11	1	-2	0	262	-468	54	-84	-28	96
2	82	-180	618850924	3	-10	10	-11	1	-1	0	263	-469	54	-84	-28	96
2	82	-180	618852920	2	-11	12	-12	1	-2	0	264	-471	54	-84	-28	96
2	82	-180	618854916	3	-13	12	-10	1	-2	0	265	-473	54	-84	-28	96
2	82	-180	618856916	1	-11	12	-12	1	-1	0	266	-474	54	-84	-28	96
2	82	-180	618858912	3	-11	10	-11	1	-2	0	267	-476	54	-84	-28	96
2	82	-180	618860920	1	-14	14	-13	1	-2	0	268	-478	54	-84	-28	96
2	82	-180	618862912	1	-11	12	-14	1	-2	0	269	-480	54	-84	-28	96
2	82	-180	618864908	1	-13	12	-11	1	-2	0	270	-482	54	-84	-28	96
2	82	-180	618866916	0	-13	12	-14	1	-2	0	271	-484	54	-84	-28	96
2	82	-180	618868920	2	-13	11	-11	1	-2	0	272	-486	54	-84	-28	96
2	82	-180	618870920	0	-12	13	-14	1	-1	0	273	-487	54	-84	-28	96
2	82	-180	618872916	0	-14	10	-12	1	-2	0	274	-489	54	-84	-28	96
2	82	-180	618874904	0	-13	12	-14	0	-2	0	274	-491	54	-84	-28	96
2	82	-180	618876904	-1	-12	10	-11	1	-2	0	275	-493	54	-84	-28	96
2	82	-180	618878904	-1	-14	12	-14	1	-2	0	276	-495	54	-84	-28	96
2	82	-180	618880908	-1	-12	10	-11	1	-2	0	277	-497	54	-84	-28	96
2	82	-180	618882892	-1	-12	10	-13	0	-2	0	277	-499	54	-84	-28	96
2	82	-180	618884908	-3	-11	8	-10	1	-1	0	278	-500	54	-84	-28	96
2	82	-180	618886892	-1	-10	9	-11	0	-2	0	278	-502	54	-84	-28	96
2	82	-180	618888904	-3	-10	8	-10	1	-2	0	279	-504	54	-84	-28	96
2	82	-180	618890892	-1	-10	7	-10	0	-1	0	279	-505	54	-84	-28	96
2	82	-180	618892888	-2	-7	6	-9	0	-1	0	279	-506	54	-84	-28	96
2	82	-180	618894900	-2	-8	5	-6	1	-1	0	280	-507	54	-84	-28	96
2	82	-180	618896884	-2	-6	5	-7	0	-1	0	280	-508	54	-84	-28	96
2	82	-180	618898880	-1	-5	4	-7	0	-1	0	280	-509	54	-84	-28	96
2	82	-180	618900888	-2	-5	4	-6	0	-1	0	280	-510	54	-84	-28	96
2	82	-180	618902896	-1	-5	4	-4	0	-1	0	280	-511	54	-84	-28	96
2	82	-180	618904888	-1	-3	2	-3	0	0	0	280	-511	54	-84	-28	96
2	82	-180	618906876	-1	-2	1	-4	0	-1	0	280	-512	54	-84	-28	96
2	82	-180	618908900	0	-1	2	-3	1	0	0	281	-512	54	-84	-28	96
2	82	-180	618910880	-2	-2	1	-2	0	0	0	281	-512	54	-84	-28	96
2	82	-180	618912884	0	-1	1	-1	0	0	0	281	-512	54	-84	-28	96
2	82	-180	618914880	0	-1	0	-2	0	-1	0	281	-513	54	-84	-28	96
2	82	-180	618916852	0	0	1	0	0	0	0	281	-513	54	-84	-28	96
2	82	-180	618920852	0	0	0	-1	0	0	0	281	-513	54	-84	-28	96
2	82	-180	618936832	0	0	0	0	0	0	1	281	-513	54	-84	-28	96
3	-130	149	618988848	0	0	0	0	0	0	0	54	-84	-76	65	54	-84
3	-130	149	619016876	0	2	0	2	0	0	0	54	-84	-76	65	54	-84
3	-130	149	619018876	0	1	0	1	0	0	0	54	-84	-76	65	54	-84
3	-130	149	619020904	1	4	0	4	0	0	0	54	-84	-76	65	54	-84
3	-130	149	619022892	1	3	-1	3	0	1	0	54	-83	-76	65	54	-84
3	-130	149	619024916	0	7	-3	5	0	1	0	54	-82	-76	65	54	-84
3	-130	149	619026920	1	6	-2	5	0	1	0	54	-81	-76	65	54	-84
3	-130	149	619028916	3	9	-5	9	0	1	0	54	-80	-76	65	54	-84
3	-130	149	619030916	1	10	-5	9	0	1	0	54	-79	-76	65	54	-84
3	-130	149	619032912	1	11	-6	11	0	2	0	54	-77	-76	65	54	-84
3	-130	149	619034924	1	12	-8	13	-1	2	0	53	-75	-76	65	54	-84
3	-130	149	619036908	3	18	-9	16	0	2	0	53	-73	-76	65	54	-84
3	-130	149	619038920	1	17	-10	15	-1	3	0	52	-70	-76	65	54	-84
3	-130	149	619040920	1	20	-13	20	-1	3	0	51	-67	-76	65	54	-84
3	-130	149	619042920	3	24	-17	24	-1	3	0	50	-64	-76	65	54	-84
3	-130	149	619044920	1	25	-16	21	-1	4	0	49	-60	-76	65	54	-84
3	-130	149	619046916	1	26	-20	27	-1	4	0	48	-56	-76	65	54	-84
3	-130	149	619048912	2	32	-21	28	-2	4	0	46	-52	-76	65	54	-84
3	-130	149	619050912	0	31	-26	32	-2	5	0	44	-47	-76	65	54	-84
3	-130	149	619052912	0	32	-27	30	-2	5	0	42	-42	-76	65	54	-84
3	-130	149	619054912	0	38	-32	38	-2	5	0	40	-37	-76	65	54	-84
3	-130	149	619056916	0	36	-31	34	-3	6	0	37	-31	-76	65	54	-84
3	-130	149	619058920	-2	38	-39	40	-3	6	0	34	-25	-76	65	54	-84
3	-130	149	619060916	-2	43	-36	37	-3	6	0	31	-19	-76	65	54	-84
3	-130	149	619062916	-4	42	-47	44	-3	6	0	28	-13	-76	65	54	-84
3	-130	149	619064908	-4	43	-42	40	-4	6	0	24	-7	-76	65	54	-84
3	-130	149	619066912	-5	52	-51	49	-4	8	0	20	1	-76	65	54	-84
3	-130	149	619068920	-5	47	-49	43	-4	7	0	16	8	-76	65	54	-84
3	-130	149	619070924	-5	50	-58	54	-5	7	0	11	15	-76	65	54	-84
3	-130	149	619072932	-6	59	-62	55	-5	9	0	6	24	-76	65	54	-84
3	-130	149	619074936	-5	55	-56	51	-4	8	0	2	32	-76	65	54	-84
3	-130	149	619076932	-6	56	-67	60	-6	9	0	-4	41	-76	65	54	-84
3	-130	149	619078928	-7	68	-61	55	-5	9	0	-9	50	-76	65	54	-84
3	-130	149	619080936	-5	61	-71	65	-6	9	0	-15	59	-76	65	54	-84
3	-130	149	619082932	-5	62	-65	59	-5	9	0	-20	68	-76	65	54	-84
3	-130	149	619084928	-6	74	-75	70	-6	11	0	-26	79	-76	65	54	-84
3	-130	149	619086928	-5	66	-68	61	-6	10	0	-32	89	-76	65	54	-84
3	-130	149	619088928	-5	69	-78	74	-6	10	0	-38	99	-76	65	54	-84
3	-130	149	619090920	-5	80	-69	65	-5	11	0	-43	110	-76	65	54	-84
3	-130	149	619092916	-4	71	-81	76	-7	11	0	-50	121	-76	65	54	-84
3	-130	149	619094916	-5	73	-72	68	-5	11	0	-55	132	-76	65	54	-84
3	-130	149	619096920	-5	82	-81	79	-7	12	0	-62	144	-76	65	54	-84
3	-130	149	619098920	-6	73	-71	70	-6	11	0	-68	155	-76	65	54	-84
3	-130	149	619100920	-5	74	-81	78	-6	11	0	-74	166	-76	65	54	-84
3	-130	149	619102920	-7	80	-82	79	-7	12	0	-81	178	-76	65	54	-84
3	-130	149	619104920	-8	71	-71	68	-6	10	0	-87	188	-76	65	54	-84
3	-130	149	619106920	-7	70	-80	77	-6	11	0	-93	199	-76	65	54	-84
3	-130	149	619108916	-10	76	-70	65	-6	11	0	-99	210	-76	65	54	-84
3	-130	149	619110924	-9	66	-77	74	-7	11	0	-106	221	-76	65	54	-84
3	-130	149	619112924	-10	65	-68	62	-6	9	0	-112	230	-76	65	54	-84
3	-130	149	619114928	-11	70	-75	70	-6	11	0	-118	241	-76	65	54	-84
3	-130	149	619116936	-12	62	-65	59	-6	9	0	-124	250	-76	65	54	-84
3	-130	149	619118936	-11	58	-72	66	-6	9	0	-130	259	-76	65	54	-84
3	-130	149	619120936	-15	64	-63	55	-6	9	0	-136	268	-76	65	54	-84
3	-130	149	619122936	-12	54	-70	62	-6	9	0	-142	277	-76	65	54	-84
3	-130	149	619124936	-14	52	-59	51	-5	7	0	-147	284	-76	65	54	-84
3	-130	149	619126940	-15	55	-66	56	-7	9	0	-154	293	-76	65	54	-84
3	-130	149	619128940	-14	47	-62	54	-5	7	0	-159	300	-76	65	54	-84
3	-130	149	619130936	-12	45	-55	45	-5	7	0	-164	307	-76	65	54	-84
3	-130	149	619132936	-17	47	-59	47	-6	7	0	-170	314	-76	65	54	-84
3	-130	149	619134928	-12	41	-50	40	-5	6	0	-175	320	-76	65	54	-84
3	-130	149	619136932	-14	38	-55	44	-5	6	0	-180	326	-76	65	54	-84
3	-130	149	619138928	-15	41	-46	35	-4	6	0	-184	332	-76	65	54	-84
3	-130	149	619140928	-14	34	-50	39	-5	5	0	-189	337	-76	65	54	-84
3	-130	149	619142928	-13	31	-42	32	-4	5	0	-193	342	-76	65	54	-84
3	-130	149	619144928	-15	33	-45	34	-5	5	0	-198	347	-76	65	54	-84
3	-130	149	619146928	-13	26	-37	28	-4	4	0	-202	351	-76	65	54	-84
3	-130	149	619148924	-12	25	-39	28	-3	4	0	-205	355	-76	65	54	-84
3	-130	149	619150924	-14	25	-32	24	-4	4	0	-209	359	-76	65	54	-84
3	-130	149	619152924	-11	19	-34	25	-3	3	0	-212	362	-76	65	54	-84
3	-130	149	619154924	-10	18	-28	19	-3	3	0	-215	365	-76	65	54	-84
3	-130	149	619156924	-10	19	-28	20	-3	3	0	-218	368	-76	65	54	-84
3	-130	149	619158932	-9	14	-25	17	-2	2	0	-220	370	-76	65	54	-84
3	-130	149	619160932	-8	12	-19	14	-2	2	0	-222	372	-76	65	54	-84
3	-130	149	619162932	-7	12	-20	13	-3	2	0	-225	374	-76	65	54	-84
3	-130	149	619164932	-6	10	-15	10	-1	1	0	-226	375	-76	65	54	-84
3	-130	149	619166932	-5	7	-14	10	-2	2	0	-228	377	-76	65	54	-84
3	-130	149	619168924	-4	6	-11	6	-1	1	0	-229	378	-76	65	54	-84
3	-130	149	619170924	-4	7	-10	7	-1	1	0	-230	379	-76	65	54	-84
3	-130	149	619172900	-2	3	-8	5	0	0	0	-230	379	-76	65	54	-84
3	-130	149	619174916	-3	4	-6	4	-1	1	0	-231	380	-76	65	54	-84
3	-130	149	619176904	-1	3	-5	4	-1	0	0	-232	380	-76	65	54	-84
3	-130	149	619178912	-1	2	-4	2	0	1	0	-232	381	-76	65	54	-84
3	-130	149	619180896	0	1	-2	3	0	0	0	-232	381	-76	65	54	-84
3	-130	149	619182900	-2	2	-3	1	0	0	0	-232	381	-76	65	54	-84
3	-130	149	619184888	0	0	-1	0	-1	0	0	-233	381	-76	65	54	-84
3	-130	149	619186868	0	0	0	1	0	0	0	-233	381	-76	65	54	-84
3	-130	149	619188864	0	0	-1	0	0	0	0	-233	381	-76	65	54	-84
3	-130	149	619196868	0	-1	0	0	0	0	0	-233	381	-76	65	54	-84
3	-130	149	619198892	0	-1	1	-1	0	0	0	-233	381	-76	65	54	-84
3	-130	149	619200892	0	-1	3	-1	0	0	0	-233	381	-76	65	54	-84
3	-130	149	619202892	0	-3	2	-3	0	0	0	-233	381	-76	65	54	-84
3	-130	149	619204888	0	-4	3	-2	0	0	0	-233	381	-76	65	54	-84
3	-130	149	619206884	0	-3	2	-4	0	0	0	-233	381	-76	65	54	-84
3	-130	149	619208904	0	-4	4	-4	1	-1	0	-232	380	-76	65	54	-84
3	-130	149	619210888	0	-5	4	-4	0	-1	0	-232	379	-76	65	54	-84
3	-130	149	619212876	-1	-5	5	-3	0	0	0	-232	379	-76	65	54	-84
3	-130	149	619214892	0	-5	4	-5	0	-1	0	-232	378	-76	65	54	-84
3	-130	149	619216908	0	-6	6	-7	1	-1	0	-231	377	-76	65	54	-84
3	-130	149	619218896	-1	-7	4	-5	0	-1	0	-231	376	-76	65	54	-84
3	-130	149	619220908	0	-6	6	-6	1	-1	0	-230	375	-76	65	54	-84
3	-130	149	619222900	-1	-6	5	-6	0	-1	0	-230	374	-76	65	54	-84
3	-130	149	619224896	-2	-6	5	-5	0	-1	0	-230	373	-76	65	54	-84
3	-130	149	619226896	-1	-8	6	-8	0	-1	0	-230	372	-76	65	54	-84
3	-130	149	619228908	-1	-6	5	-6	1	-1	0	-229	371	-76	65	54	-84
3	-130	149	619230896	-1	-6	5	-6	0	-1	0	-229	370	-76	65	54	-84
3	-130	149	619232896	-2	-7	5	-6	0	-1	0	-229	369	-76	65	54	-84
3	-130	149	619234900	-2	-6	5	-7	0	-1	0	-229	368	-76	65	54	-84
3	-130	149	619236896	-3	-5	4	-6	1	0	0	-228	368	-76	65	54	-84
3	-130	149	619238900	-2	-6	4	-5	0	-1	0	-228	367	-76	65	54	-84
3	-130	149	619240900	-3	-5	2	-5	0	-1	0	-228	366	-76	65	54	-84
3	-130	149	619242900	-2	-5	4	-6	0	-1	0	-228	365	-76	65	54	-84
3	-130	149	619244900	-3	-5	2	-5	0	-1	0	-228	364	-76	65	54	-84
3	-130	149	619246860	-3	-5	3	-5	0	0	0	-228	364	-76	65	54	-84
3	-130	149	619248900	-4	-4	1	-4	0	-1	0	-228	363	-76	65	54	-84
3	-130	149	619250872	-3	-4	3	-5	0	-1	0	-228	362	-76	65	54	-84
3	-130	149	619252892	-3	-5	1	-5	0	0	0	-228	362	-76	65	54	-84
3	-130	149	619254908	-4	-5	1	-4	0	-1	0	-228	361	-76	65	54	-84
3	-130	149	619256896	-4	-3	1	-3	0	0	0	-228	361	-76	65	54	-84
3	-130	149	619258908	-4	-4	2	-5	0	-1	0	-228	360	-76	65	54	-84
3	-130	149	619260904	-3	-4	1	-4	0	-1	0	-228	359	-76	65	54	-84
3	-130	149	619262904	-4	-4	1	-4	-1	0	0	-229	359	-76	65	54	-84
3	-130	149	619264904	-4	-3	0	-4	0	-1	0	-229	358	-76	65	54	-84
3	-130	149	619266892	-4	-3	1	-2	0	0	0	-229	358	-76	65	54	-84
3	-130	149	619268908	-2	-2	0	-4	0	-1	0	-229	357	-76	65	54	-84
3	-130	149	619270896	-3	-4	2	-2	0	0	0	-229	357	-76	65	54	-84
3	-130	149	619272924	-2	-3	0	-3	-1	-1	0	-230	356	-76	65	54	-84
3	-130	149	619274896	-3	-1	0	-2	0	0	0	-230	356	-76	65	54	-84
3	-130	149	619276900	-2	-2	1	-3	0	0	0	-230	356	-76	65	54	-84
3	-130	149	619278900	-3	-2	0	-2	0	0	0	-230	356	-76	65	54	-84
3	-130	149	619280916	-1	-1	0	-2	0	-1	0	-230	355	-76	65	54	-84
3	-130	149	619282904	-2	-1	1	-1	0	0	0	-230	355	-76	65	54	-84
3	-130	149	619284908	-2	-1	0	-1	0	0	0	-230	355	-76	65	54	-84
3	-130	149	619286912	-1	-2	0	-1	0	0	0	-230	355	-76	65	54	-84
3	-130	149	619288892	0	0	0	-2	0	0	0	-230	355	-76	65	54	-84
3	-130	149	619290908	-1	0	0	0	-1	0	0	-231	355	-76	65	54	-84
3	-130	149	619294920	-1	-1	0	0	0	0	0	-231	355	-76	65	54	-84
3	-130	149	619298892	-2	0	0	0	0	0	1	-231	355	-76	65	54	-84
4	-130	149	619302888	-1	0	0	0	0	0	1	-76	65	-76	65	54	-84
4	-130	149	619304884	-1	0	0	0	0	0	1	-76	65	-76	65	54	-84
4	167	-107	619308912	-1	1	0	0	0	0	1	-76	65	91	-42	-76	65
4	167	-107	619312884	-2	0	0	0	0	0	1	-76	65	91	-42	-76	65
4	167	-107	619314884	-1	0	0	0	0	0	1	-76	65	91	-42	-76	65
4	167	-107	619316884	0	1	0	0	0	0	1	-76	65	91	-42	-76	65
4	167	-107	619318884	-1	0	0	0	0	0	1	-76	65	91	-42	-76	65
4	167	-107	619322880	-1	0	0	0	0	0	1	-76	65	91	-42	-76	65
4	167	-107	619326920	-2	1	-1	1	-1	0	1	-77	65	91	-42	-76	65
4	167	-107	619344888	-1	0	0	0	0	0	1	-77	65	91	-42	-76	65
4	167	-107	619376868	0	0	0	0	0	0	0	-77	65	91	-42	-76	65
4	167	-107	619412924	2	0	0	-1	0	0	0	-77	65	91	-42	-76	65
4	167	-107	619414940	1	-3	1	-1	0	-1	0	-77	64	91	-42	-76	65
4	167	-107	619416932	2	-2	3	-4	0	0	0	-77	64	91	-42	-76	65
4	167	-107	619418928	3	-4	2	-3	0	0	0	-77	64	91	-42	-76	65
4	167	-107	619420948	4	-5	5	-5	1	-1	0	-76	63	91	-42	-76	65
4	167	-107	619422952	3	-6	5	-5	1	-1	0	-75	62	91	-42	-76	65
4	167	-107	619424952	4	-8	8	-8	1	-1	0	-74	61	91	-42	-76	65
4	167	-107	619426956	6	-9	7	-7	1	-1	0	-73	60	91	-42	-76	65
4	167	-107	619428948	7	-10	11	-10	1	-2	0	-72	58	91	-42	-76	65
4	167	-107	619430944	6	-10	12	-9	1	-1	0	-71	57	91	-42	-76	65
4	167	-107	619432940	7	-12	13	-13	2	-2	0	-69	55	91	-42	-76	65
4	167	-107	619434936	9	-15	15	-11	2	-2	0	-67	53	91	-42	-76	65
4	167	-107	619436932	10	-14	19	-15	2	-2	0	-65	51	91	-42	-76	65
4	167	-107	619438936	10	-16	19	-14	2	-3	0	-63	48	91	-42	-76	65
4	167	-107	619440936	11	-19	22	-17	2	-2	0	-61	46	91	-42	-76	65
4	167	-107	619442936	13	-17	24	-16	3	-3	0	-58	43	91	-42	-76	65
4	167	-107	619444936	12	-19	29	-20	3	-3	0	-55	40	91	-42	-76	65
4	167	-107	619446932	15	-23	27	-18	3	-3	0	-52	37	91	-42	-76	65
4	167	-107	619448932	14	-20	35	-21	4	-3	0	-48	34	91	-42	-76	65
4	167	-107	619450932	16	-20	33	-20	4	-3	0	-44	31	91	-42	-76	65
4	167	-107	619452928	18	-23	40	-23	4	-3	0	-40	28	91	-42	-76	65
4	167	-107	619454928	16	-23	44	-23	5	-4	0	-35	24	91	-42	-76	65
4	167	-107	619456932	18	-22	41	-22	4	-3	0	-31	21	91	-42	-76	65
4	167	-107	619458940	21	-27	50	-25	5	-4	0	-26	17	91	-42	-76	65
4	167	-107	619460944	19	-25	46	-22	5	-4	0	-21	13	91	-42	-76	65
4	167	-107	619462944	20	-25	56	-28	6	-3	0	-15	10	91	-42	-76	65
4	167	-107	619464944	23	-30	53	-25	6	-5	0	-9	5	91	-42	-76	65
4	167	-107	619466944	22	-27	64	-30	6	-4	0	-3	1	91	-42	-76	65
4	167	-107	619468944	22	-29	58	-27	6	-4	0	3	-3	91	-42	-76	65
4	167	-107	619470940	26	-34	72	-33	7	-5	0	10	-8	91	-42	-76	65
4	167	-107	619472940	25	-30	65	-28	7	-4	0	17	-12	91	-42	-76	65
4	167	-107	619474932	25	-31	78	-35	8	-5	0	25	-17	91	-42	-76	65
4	167	-107	619476932	29	-37	72	-32	7	-6	0	32	-23	91	-42	-76	65
4	167	-107	619478932	28	-34	86	-36	9	-5	0	41	-28	91	-42	-76	65
4	167	-107	619480936	26	-35	89	-39	9	-5	0	50	-33	91	-42	-76	65
4	167	-107	619482936	32	-41	80	-35	8	-6	0	58	-39	91	-42	-76	65
4	167	-107	619484936	28	-37	93	-40	9	-6	0	67	-45	91	-42	-76	65
4	167	-107	619486936	30	-38	85	-36	9	-5	0	76	-50	91	-42	-76	65
4	167	-107	619488936	34	-43	99	-42	10	-7	0	86	-57	91	-42	-76	65
4	167	-107	619490932	31	-40	88	-38	9	-6	0	95	-63	91	-42	-76	65
4	167	-107	619492936	31	-39	102	-42	10	-6	0	105	-69	91	-42	-76	65
4	167	-107	619494936	36	-45	90	-39	9	-6	0	114	-75	91	-42	-76	65
4	167	-107	619496936	33	-38	105	-44	10	-6	0	124	-81	91	-42	-76	65
4	167	-107	619498932	34	-40	91	-39	10	-6	0	134	-87	91	-42	-76	65
4	167	-107	619500940	37	-45	107	-43	11	-7	0	145	-94	91	-42	-76	65
4	167	-107	619502940	34	-39	91	-38	9	-5	0	154	-99	91	-42	-76	65
4	167	-107	619504940	34	-39	106	-42	10	-7	0	164	-106	91	-42	-76	65
4	167	-107	619506936	37	-44	91	-38	10	-6	0	174	-112	91	-42	-76	65
4	167	-107	619508944	34	-37	103	-41	10	-6	0	184	-118	91	-42	-76	65
4	167	-107	619510940	34	-36	102	-41	11	-5	0	195	-123	91	-42	-76	65
4	167	-107	619512944	38	-40	88	-35	9	-6	0	204	-129	91	-42	-76	65
4	167	-107	619514944	33	-34	99	-39	10	-5	0	214	-134	91	-42	-76	65
4	167	-107	619516944	34	-34	85	-34	9	-6	0	223	-140	91	-42	-76	65
4	167	-107	619518940	37	-35	96	-36	10	-5	0	233	-145	91	-42	-76	65
4	167	-107	619520936	34	-31	81	-30	8	-4	0	241	-149	91	-42	-76	65
4	167	-107	619522932	32	-30	90	-35	10	-5	0	251	-154	91	-42	-76	65
4	167	-107	619524936	37	-31	78	-29	8	-5	0	259	-159	91	-42	-76	65
4	167	-107	619526936	31	-28	85	-31	9	-4	0	268	-163	91	-42	-76	65
4	167	-107	619528932	31	-25	72	-26	8	-4	0	276	-167	91	-42	-76	65
4	167	-107	619530932	34	-27	79	-28	8	-4	0	284	-171	91	-42	-76	65
4	167	-107	619532928	29	-24	67	-24	7	-4	0	291	-175	91	-42	-76	65
4	167	-107	619534924	30	-23	75	-26	8	-3	0	299	-178	91	-42	-76	65
4	167	-107	619536920	31	-23	62	-21	7	-4	0	306	-182	91	-42	-76	65
4	167	-107	619538920	26	-22	68	-24	7	-3	0	313	-185	91	-42	-76	65
4	167	-107	619540916	26	-20	58	-20	6	-3	0	319	-188	91	-42	-76	65
4	167	-107	619542924	29	-21	62	-21	7	-3	0	326	-191	91	-42	-76	65
4	167	-107	619544920	24	-19	59	-21	7	-3	0	333	-194	91	-42	-76	65
4	167	-107	619546920	22	-17	50	-18	5	-3	0	338	-197	91	-42	-76	65
4	167	-107	619548920	24	-19	54	-19	6	-3	0	344	-200	91	-42	-76	65
4	167	-107	619550916	21	-17	45	-16	5	-2	0	349	-202	91	-42	-76	65
4	167	-107	619552916	19	-17	49	-17	5	-3	0	354	-205	91	-42	-76	65
4	167	-107	619554912	21	-17	40	-15	4	-2	0	358	-207	91	-42	-76	65
4	167	-107	619556916	18	-15	43	-17	5	-3	0	363	-210	91	-42	-76	65
4	167	-107	619558908	15	-15	37	-13	4	-2	0	367	-212	91	-42	-76	65
4	167	-107	619560908	17	-15	38	-15	4	-2	0	371	-214	91	-42	-76	65
4	167	-107	619562908	14	-14	33	-13	4	-2	0	375	-216	91	-42	-76	65
4	167	-107	619564912	14	-12	35	-14	3	-2	0	378	-218	91	-42	-76	65
4	167	-107	619566908	14	-14	27	-12	3	-2	0	381	-220	91	-42	-76	65
4	167	-107	619568908	11	-11	30	-13	3	-2	0	384	-222	91	-42	-76	65
4	167	-107	619570908	11	-12	25	-10	3	-1	0	387	-223	91	-42	-76	65
4	167	-107	619572908	10	-10	25	-11	3	-2	0	390	-225	91	-42	-76	65
4	167	-107	619574908	10	-10	24	-10	2	-1	0	392	-226	91	-42	-76	65
4	167	-107	619576908	8	-7	19	-9	2	-2	0	394	-228	91	-42	-76	65
4	167	-107	619578912	8	-9	19	-7	2	-1	0	396	-229	91	-42	-76	65
4	167	-107	619580912	8	-6	15	-8	2	-1	0	398	-230	91	-42	-76	65
4	167	-107	619582908	6	-5	15	-6	2	-1	0	400	-231	91	-42	-76	65
4	167	-107	619584916	8	-6	12	-6	1	-1	0	401	-232	91	-42	-76	65
4	167	-107	619586900	5	-4	11	-5	1	0	0	402	-232	91	-42	-76	65
4	167	-107	619588912	5	-4	9	-4	1	-1	0	403	-233	91	-42	-76	65
4	167	-107	619590916	3	-4	10	-5	1	-1	0	404	-234	91	-42	-76	65
4	167	-107	619592900	4	-2	6	-2	1	0	0	405	-234	91	-42	-76	65
4	167	-107	619594896	4	-3	7	-3	1	0	0	406	-234	91	-42	-76	65
4	167	-107	619596908	4	-1	5	-2	1	-1	0	407	-235	91	-42	-76	65
4	167	-107	619598876	2	-2	3	-3	0	0	0	407	-235	91	-42	-76	65
4	167	-107	619600876	4	-2	4	-1	1	0	0	408	-235	91	-42	-76	65
4	167	-107	619602864	2	-1	4	-3	0	0	0	408	-235	91	-42	-76	65
4	167	-107	619604884	3	-1	4	-1	1	-1	0	409	-236	91	-42	-76	65
4	167	-107	619606852	2	-1	2	-1	0	0	0	409	-236	91	-42	-76	65
4	167	-107	619608856	3	-2	3	-1	0	0	0	409	-236	91	-42	-76	65
4	167	-107	619610864	4	-1	3	-3	1	0	0	410	-236	91	-42	-76	65
4	167	-107	619612848	2	-1	3	-1	0	0	0	410	-236	91	-42	-76	65
4	167	-107	619614880	3	-1	2	-1	1	-1	0	411	-237	91	-42	-76	65
4	167	-107	619616848	3	-3	4	-3	0	0	0	411	-237	91	-42	-76	65
4	167	-107	619618856	3	-1	3	-1	1	0	0	412	-237	91	-42	-76	65
4	167	-107	619620844	2	-1	3	-1	0	0	0	412	-237	91	-42	-76	65
4	167	-107	619622852	4	-2	3	-3	0	-1	0	412	-238	91	-42	-76	65
4	167	-107	619624852	3	-1	4	-1	1	0	0	413	-238	91	-42	-76	65
4	167	-107	619626848	2	-1	2	-1	0	0	0	413	-238	91	-42	-76	65
4	167	-107	619628856	3	-1	3	-3	1	0	0	414	-238	91	-42	-76	65
4	167	-107	619630860	2	-2	2	-1	0	-1	0	414	-239	91	-42	-76	65
4	167	-107	619632840	3	-1	3	-1	0	0	0	414	-239	91	-42	-76	65
4	167	-107	619634848	2	-1	2	-2	1	0	0	415	-239	91	-42	-76	65
4	167	-107	619636832	1	-1	3	-1	0	0	0	415	-239	91	-42	-76	65
4	167	-107	619638828	3	0	1	-1	0	0	0	415	-239	91	-42	-76	65
4	167	-107	619640820	1	-2	1	0	0	0	0	415	-239	91	-42	-76	65
4	167	-107	619642840	0	0	1	-1	1	0	0	416	-239	91	-42	-76	65
4	167	-107	619644792	1	0	2	0	0	0	0	416	-239	91	-42	-76	65
4	167	-107	619646820	0	0	1	-2	0	0	0	416	-239	91	-42	-76	65
4	167	-107	619648784	2	0	0	0	0	0	0	416	-239	91	-42	-76	65
4	167	-107	619650784	0	0	1	0	0	0	0	416	-239	91	-42	-76	65
4	167	-107	619652804	0	0	0	-1	0	-1	1	416	-240	91	-42	-76	65
5	167	-107	619654784	0	-1	0	0	0	0	1	91	-42	91	-42	-76	65
5	167	-107	619656780	1	0	0	0	0	0	1	91	-42	91	-42	-76	65
5	-190	56	619732792	0	0	0	0	0	0	0	91	-42	-99	14	91	-42
5	-190	56	619746824	-2	0	0	0	0	0	0	91	-42	-99	14	91	-42
5	-190	56	619750820	-1	0	0	0	0	0	0	91	-42	-99	14	91	-42
5	-190	56	619754832	-2	0	0	0	0	0	0	91	-42	-99	14	91	-42
5	-190	56	619756828	-2	0	0	0	0	0	0	91	-42	-99	14	91	-42
5	-190	56	619758824	-2	0	-3	0	0	0	0	91	-42	-99	14	91	-42
5	-190	56	619760824	-4	0	-2	0	0	0	0	91	-42	-99	14	91	-42
5	-190	56	619762836	-4	0	-4	0	-1	0	0	90	-42	-99	14	91	-42
5	-190	56	619764836	-5	0	-5	0	-1	0	0	89	-42	-99	14	91	-42
5	-190	56	619766864	-7	1	-9	2	-1	0	0	88	-42	-99	14	91	-42
5	-190	56	619768844	-8	0	-10	0	-1	0	0	87	-42	-99	14	91	-42
5	-190	56	619770864	-8	1	-15	1	-2	0	0	85	-42	-99	14	91	-42
5	-190	56	619772864	-13	1	-16	1	-2	0	0	83	-42	-99	14	91	-42
5	-190	56	619774864	-12	3	-21	3	-2	0	0	81	-42	-99	14	91	-42
5	-190	56	619776876	-14	2	-24	2	-3	1	0	78	-41	-99	14	91	-42
5	-190	56	619778864	-19	4	-31	4	-4	0	0	74	-41	-99	14	91	-42
5	-190	56	619780876	-20	4	-31	4	-4	1	0	70	-40	-99	14	91	-42
5	-190	56	619782876	-21	5	-43	5	-5	1	0	65	-39	-99	14	91	-42
5	-190	56	619784868	-29	6	-49	5	-6	0	0	59	-39	-99	14	91	-42
5	-190	56	619786868	-27	7	-48	6	-5	1	0	54	-38	-99	14	91	-42
5	-190	56	619788868	-30	8	-62	7	-7	2	0	47	-36	-99	14	91	-42
5	-190	56	619790868	-38	11	-58	9	-7	1	0	40	-35	-99	14	91	-42
5	-190	56	619792872	-36	11	-74	10	-9	2	0	31	-33	-99	14	91	-42
5	-190	56	619794860	-39	13	-71	11	-8	1	0	23	-32	-99	14	91	-42
5	-190	56	619796860	-41	14	-87	14	-9	2	0	14	-30	-99	14	91	-42
5	-190	56	619798856	-50	17	-81	14	-10	3	0	4	-27	-99	14	91	-42
5	-190	56	619800860	-48	16	-99	16	-11	2	0	-7	-25	-99	14	91	-42
5	-190	56	619802856	-50	19	-91	16	-11	3	0	-18	-22	-99	14	91	-42
5	-190	56	619804860	-60	21	-110	20	-13	3	0	-31	-19	-99	14	91	-42
5	-190	56	619806860	-55	23	-100	19	-11	3	0	-42	-16	-99	14	91	-42
5	-190	56	619808856	-58	22	-119	24	-13	4	0	-55	-12	-99	14	91	-42
5	-190	56	619810856	-68	28	-108	22	-14	3	0	-69	-9	-99	14	91	-42
5	-190	56	619812848	-62	25	-128	27	-14	4	0	-83	-5	-99	14	91	-42
5	-190	56	619814840	-63	27	-114	25	-13	4	0	-96	-1	-99	14	91	-42
5	-190	56	619816840	-72	32	-132	28	-15	5	0	-111	4	-99	14	91	-42
5	-190	56	619818840	-65	30	-119	28	-14	4	0	-125	8	-99	14	91	-42
5	-190	56	619820840	-67	30	-136	32	-15	5	0	-140	13	-99	14	91	-42
5	-190	56	619822836	-73	35	-138	34	-16	5	0	-156	18	-99	14	91	-42
5	-190	56	619824840	-67	32	-121	30	-14	4	0	-170	22	-99	14	91	-42
5	-190	56	619826836	-66	33	-137	35	-16	5	0	-186	27	-99	14	91	-42
5	-190	56	619828836	-74	37	-122	31	-14	6	0	-200	33	-99	14	91	-42
5	-190	56	619830832	-63	34	-136	38	-15	5	0	-215	38	-99	14	91	-42
5	-190	56	619832832	-64	34	-119	32	-14	5	0	-229	43	-99	14	91	-42
5	-190	56	619834832	-70	38	-132	38	-15	6	0	-244	49	-99	14	91	-42
5	-190	56	619836828	-61	34	-115	34	-13	5	0	-257	54	-99	14	91	-42
5	-190	56	619838836	-59	34	-128	37	-14	5	0	-271	59	-99	14	91	-42
5	-190	56	619840836	-64	37	-110	33	-13	5	0	-284	64	-99	14	91	-42
5	-190	56	619842832	-55	33	-120	36	-14	5	0	-298	69	-99	14	91	-42
5	-190	56	619844828	-52	32	-102	32	-11	5	0	-309	74	-99	14	91	-42
5	-190	56	619846836	-58	34	-114	35	-13	5	0	-322	79	-99	14	91	-42
5	-190	56	619848836	-49	30	-94	30	-11	5	0	-333	84	-99	14	91	-42
5	-190	56	619850840	-46	29	-102	33	-11	5	0	-344	89	-99	14	91	-42
5	-190	56	619852840	-49	30	-98	32	-11	4	0	-355	93	-99	14	91	-42
5	-190	56	619854836	-41	26	-81	27	-9	4	0	-364	97	-99	14	91	-42
5	-190	56	619856836	-39	25	-86	28	-9	4	0	-373	101	-99	14	91	-42
5	-190	56	619858832	-41	26	-70	24	-9	4	0	-382	105	-99	14	91	-42
5	-190	56	619860836	-34	22	-76	26	-8	4	0	-390	109	-99	14	91	-42
5	-190	56	619862836	-31	20	-62	20	-7	3	0	-397	112	-99	14	91	-42
5	-190	56	619864840	-32	21	-63	23	-7	3	0	-404	115	-99	14	91	-42
5	-190	56	619866840	-27	17	-52	17	-6	2	0	-410	117	-99	14	91	-42
5	-190	56	619868844	-22	17	-52	20	-6	3	0	-416	120	-99	14	91	-42
5	-190	56	619870844	-24	16	-41	15	-4	3	0	-420	123	-99	14	91	-42
5	-190	56	619872848	-19	14	-43	15	-5	2	0	-425	125	-99	14	91	-42
5	-190	56	619874848	-16	11	-31	13	-4	1	0	-429	126	-99	14	91	-42
5	-190	56	619876848	-16	12	-33	12	-3	2	0	-432	128	-99	14	91	-42
5	-190	56	619878848	-11	10	-26	12	-3	2	0	-435	130	-99	14	91	-42
5	-190	56	619880860	-10	8	-20	8	-2	1	0	-437	131	-99	14	91	-42
5	-190	56	619882868	-10	9	-20	9	-3	1	0	-440	132	-99	14	91	-42
5	-190	56	619884860	-7	6	-14	6	-1	1	0	-441	133	-99	14	91	-42
5	-190	56	619886856	-6	5	-12	7	-1	1	0	-442	134	-99	14	91	-42
5	-190	56	619888856	-5	5	-10	5	-2	1	0	-444	135	-99	14	91	-42
5	-190	56	619890844	-2	4	-8	5	0	1	0	-444	136	-99	14	91	-42
5	-190	56	619892840	-4	2	-6	3	-1	0	0	-445	136	-99	14	91	-42
5	-190	56	619894840	-1	3	-4	3	0	1	0	-445	137	-99	14	91	-42
5	-190	56	619896840	-2	1	-3	2	-1	0	0	-446	137	-99	14	91	-42
5	-190	56	619898824	-1	1	-3	3	0	0	0	-446	137	-99	14	91	-42
5	-190	56	619900820	-1	1	-1	1	0	0	0	-446	137	-99	14	91	-42
5	-190	56	619902792	0	0	-1	0	0	0	0	-446	137	-99	14	91	-42
5	-190	56	619904792	0	2	0	1	0	0	0	-446	137	-99	14	91	-42
5	-190	56	619910812	0	0	0	2	0	1	0	-446	138	-99	14	91	-42
5	-190	56	619984844	-1	0	0	0	0	0	0	-446	138	-99	14	91	-42
5	-190	56	619992860	-2	0	0	0	-1	0	0	-447	138	-99	14	91	-42
5	-190	56	619994852	-1	0	-2	0	0	0	0	-447	138	-99	14	91	-42
5	-190	56	619996852	-1	0	0	0	0	0	0	-447	138	-99	14	91	-42
5	-190	56	619998876	-3	1	0	0	0	0	0	-447	138	-99	14	91	-42
5	-190	56	620000852	-2	0	-1	0	0	0	0	-447	138	-99	14	91	-42
5	-190	56	620002864	-3	0	-1	0	-1	0	0	-448	138	-99	14	91	-42
5	-190	56	620004876	-2	1	0	1	0	0	0	-448	138	-99	14	91	-42
5	-190	56	620006848	-3	0	-1	0	0	0	0	-448	138	-99	14	91	-42
5	-190	56	620008876	-3	1	-2	1	0	0	0	-448	138	-99	14	91	-42
5	-190	56	620010868	-3	0	0	0	-1	0	0	-449	138	-99	14	91	-42
5	-190	56	620012888	-4	2	-1	1	0	0	0	-449	138	-99	14	91	-42
5	-190	56	620014856	-2	0	-1	0	0	0	1	-449	138	-99	14	91	-42
6	-190	56	620016896	-4	1	-1	2	-1	0	1	-100	14	-99	14	91	-42
6	-190	56	620018888	-4	1	-2	0	0	0	1	-100	14	-99	14	91	-42
6	-190	56	620020900	-2	0	0	1	0	1	1	-100	15	-99	14	91	-42
6	-190	56	620022892	-3	1	-1	0	-1	0	1	-101	15	-99	14	91	-42
6	-190	56	620024884	-2	0	-1	1	0	0	1	-101	15	-99	14	91	-42
6	-190	56	620026872	-3	2	0	0	0	0	1	-101	15	-99	14	91	-42
6	-190	56	620028876	-2	0	-1	1	0	0	1	-101	15	-99	14	91	-42
6	-190	56	620030876	-1	1	0	0	0	0	1	-101	15	-99	14	91	-42
6	198	0	620032864	-2	0	-2	0	-1	0	1	-102	15	99	14	-99	14
6	198	0	620036880	-1	0	0	2	0	0	1	-102	15	99	14	-99	14
6	198	0	620040856	-1	0	0	0	0	0	1	-102	15	99	14	-99	14
6	198	0	620044856	0	0	-1	0	0	0	1	-102	15	99	14	-99	14
6	198	0	620084844	0	0	0	0	0	0	0	-102	15	99	14	-99	14
6	198	0	620108912	0	0	3	-1	0	0	0	-102	15	99	14	-99	14
6	198	0	620110912	3	-2	2	-1	0	0	0	-102	15	99	14	-99	14
6	198	0	620112908	2	-1	5	-1	0	0	0	-102	15	99	14	-99	14
6	198	0	620114908	4	-3	7	-3	1	0	0	-101	15	99	14	-99	14
6	198	0	620116908	6	-2	8	-1	1	0	0	-100	15	99	14	-99	14
6	198	0	620118916	6	-4	13	-4	2	-1	0	-98	14	99	14	-99	14
6	198	0	620120904	9	-4	12	-3	1	0	0	-97	14	99	14	-99	14
6	198	0	620122916	11	-5	19	-4	2	-1	0	-95	13	99	14	-99	14
6	198	0	620124924	13	-5	21	-5	3	-1	0	-92	12	99	14	-99	14
6	198	0	620126904	14	-5	23	-4	3	0	0	-89	12	99	14	-99	14
6	198	0	620128912	18	-5	30	-5	3	-1	0	-86	11	99	14	-99	14
6	198	0	620130912	20	-6	29	-5	4	-1	0	-82	10	99	14	-99	14
6	198	0	620132920	22	-5	37	-5	4	-1	0	-78	9	99	14	-99	14
6	198	0	620134900	27	-7	36	-6	5	0	0	-73	9	99	14	-99	14
6	198	0	620136908	28	-7	47	-6	6	-1	0	-67	8	99	14	-99	14
6	198	0	620138916	30	-6	45	-5	5	-1	0	-62	7	99	14	-99	14
6	198	0	620140916	37	-6	56	-7	7	-1	0	-55	6	99	14	-99	14
6	198	0	620142916	38	-6	52	-6	7	-1	0	-48	5	99	14	-99	14
6	198	0	620144916	40	-5	64	-6	8	-1	0	-40	4	99	14	-99	14
6	198	0	620146916	48	-7	60	-5	8	-1	0	-32	3	99	14	-99	14
6	198	0	620148908	47	-3	73	-5	9	0	0	-23	3	99	14	-99	14
6	198	0	620150916	47	-5	66	-5	9	-1	0	-14	2	99	14	-99	14
6	198	0	620152916	58	-4	79	-4	10	-1	0	-4	1	99	14	-99	14
6	198	0	620154916	53	-4	72	-5	9	-1	0	5	0	99	14	-99	14
6	198	0	620156888	57	-2	85	-4	11	0	0	16	0	99	14	-99	14
6	198	0	620158884	65	-4	88	-3	11	0	0	27	0	99	14	-99	14
6	198	0	620160900	60	-3	80	-3	11	-1	0	38	-1	99	14	-99	14
6	198	0	620162880	61	-1	92	-2	11	0	0	49	-1	99	14	-99	14
6	198	0	620164876	71	-1	85	-2	12	0	0	61	-1	99	14	-99	14
6	198	0	620166892	65	-1	98	-1	12	-1	0	73	-2	99	14	-99	14
6	198	0	620168872	66	0	87	-1	12	0	0	85	-2	99	14	-99	14
6	198	0	620170852	68	0	103	0	13	0	0	98	-2	99	14	-99	14
6	198	0	620172844	76	0	90	0	12	0	0	110	-2	99	14	-99	14
6	198	0	620174876	68	1	106	0	13	0	0	123	-2	99	14	-99	14
6	198	0	620176880	68	2	92	1	12	0	0	135	-2	99	14	-99	14
6	198	0	620178876	78	3	108	3	14	0	0	149	-2	99	14	-99	14
6	198	0	620180892	69	3	94	2	12	1	0	161	-1	99	14	-99	14
6	198	0	620182880	70	4	108	4	14	0	0	175	-1	99	14	-99	14
6	198	0	620184896	78	3	95	4	13	1	0	188	0	99	14	-99	14
6	198	0	620186880	69	5	109	4	13	0	0	201	0	99	14	-99	14
6	198	0	620188896	70	4	95	5	12	1	0	213	1	99	14	-99	14
6	198	0	620190892	78	5	108	5	14	1	0	227	2	99	14	-99	14
6	198	0	620192896	68	5	107	6	13	1	0	240	3	99	14	-99	14
6	198	0	620194888	69	5	94	5	13	0	0	253	3	99	14	-99	14
6	198	0	620196892	75	5	105	5	13	1	0	266	4	99	14	-99	14
6	198	0	620198892	66	5	91	5	12	1	0	278	5	99	14	-99	14
6	198	0	620200888	65	5	103	6	12	1	0	290	6	99	14	-99	14
6	198	0	620202876	73	5	87	5	12	0	0	302	6	99	14	-99	14
6	198	0	620204884	62	5	98	5	12	1	0	314	7	99	14	-99	14
6	198	0	620206880	62	4	83	5	11	1	0	325	8	99	14	-99	14
6	198	0	620208876	66	6	93	6	12	1	0	337	9	99	14	-99	14
6	198	0	620210864	56	4	79	5	10	0	0	347	9	99	14	-99	14
6	198	0	620212872	56	5	86	7	11	1	0	358	10	99	14	-99	14
6	198	0	620214868	59	5	72	5	10	1	0	368	11	99	14	-99	14
6	198	0	620216872	51	5	80	6	10	1	0	378	12	99	14	-99	14
6	198	0	620218868	49	5	67	5	8	1	0	386	13	99	14	-99	14
6	198	0	620220852	51	5	72	5	10	0	0	396	13	99	14	-99	14
6	198	0	620222872	45	5	70	6	8	1	0	404	14	99	14	-99	14
6	198	0	620224868	42	5	58	5	8	1	0	412	15	99	14	-99	14
6	198	0	620226872	45	6	62	5	8	1	0	420	16	99	14	-99	14
6	198	0	620228852	37	4	51	5	6	0	0	426	16	99	14	-99	14
6	198	0	620230864	36	5	57	5	7	1	0	433	17	99	14	-99	14
6	198	0	620232872	38	5	46	5	7	1	0	440	18	99	14	-99	14
6	198	0	620234864	31	5	50	5	6	1	0	446	19	99	14	-99	14
6	198	0	620236856	30	4	40	5	5	0	0	451	19	99	14	-99	14
6	198	0	620238872	31	5	45	4	6	1	0	457	20	99	14	-99	14
6	198	0	620240864	27	3	36	4	4	1	0	461	21	99	14	-99	14
6	198	0	620242844	23	4	39	5	5	0	0	466	21	99	14	-99	14
6	198	0	620244848	27	4	31	2	4	1	0	470	22	99	14	-99	14
6	198	0	620246840	20	4	34	4	4	0	0	474	22	99	14	-99	14
6	198	0	620248856	18	2	26	2	4	1	0	478	23	99	14	-99	14
6	198	0	620250836	20	3	29	3	3	0	0	481	23	99	14	-99	14
6	198	0	620252840	15	2	22	2	3	0	0	484	23	99	14	-99	14
6	198	0	620254856	14	1	24	3	3	1	0	487	24	99	14	-99	14
6	198	0	620256840	15	2	21	1	3	0	0	490	24	99	14	-99	14
6	198	0	620258844	10	1	17	1	2	0	0	492	24	99	14	-99	14
6	198	0	620260848	10	1	16	2	2	0	0	494	24	99	14	-99	14
6	198	0	620262844	9	1	12	1	1	0	0	495	24	99	14	-99	14
6	198	0	620264856	6	0	13	1	2	0	0	497	24	99	14	-99	14
6	198	0	620266880	5	2	9	0	1	1	0	498	25	99	14	-99	14
6	198	0	620268864	5	0	8	1	1	0	0	499	25	99	14	-99	14
6	198	0	620270836	4	0	7	0	1	0	0	500	25	99	14	-99	14
6	198	0	620272824	2	0	6	0	0	0	0	500	25	99	14	-99	14
6	198	0	620274840	2	0	4	0	1	0	0	501	25	99	14	-99	14
6	198	0	620276832	1	0	3	0	0	0	0	501	25	99	14	-99	14
6	198	0	620278832	1	0	2	0	0	0	0	501	25	99	14	-99	14
6	198	0	620280828	0	0	1	0	0	0	0	501	25	99	14	-99	14
6	198	0	620282832	0	0	1	0	0	0	0	501	25	99	14	-99	14
6	198	0	620286840	0	0	1	0	0	0	0	501	25	99	14	-99	14
6	198	0	620290848	1	0	0	0	0	0	0	501	25	99	14	-99	14
6	198	0	620346924	0	0	2	0	1	0	1	502	25	99	14	-99	14
7	-190	-56	620394928	0	0	1	0	0	0	1	99	14	-91	-42	99	14
7	-190	-56	620428940	0	0	0	0	0	0	0	99	14	-91	-42	99	14
7	-190	-56	620448984	-1	0	-2	0	0	0	0	99	14	-91	-42	99	14
7	-190	-56	620450984	-3	0	-1	0	0	0	0	99	14	-91	-42	99	14
7	-190	-56	620452988	-3	0	-1	0	0	0	0	99	14	-91	-42	99	14
7	-190	-56	620455004	-4	0	-3	0	-1	0	0	98	14	-91	-42	99	14
7	-190	-56	620456992	-4	0	-2	0	0	0	0	98	14	-91	-42	99	14
7	-190	-56	620459036	-7	-1	-5	0	-1	0	0	97	14	-91	-42	99	14
7	-190	-56	620461032	-8	-1	-6	-1	-1	0	0	96	14	-91	-42	99	14
7	-190	-56	620463024	-9	-3	-7	-3	-1	0	0	95	14	-91	-42	99	14
7	-190	-56	620465028	-11	-3	-10	-2	-2	0	0	93	14	-91	-42	99	14
7	-190	-56	620467044	-12	-4	-11	-4	-2	-1	0	91	13	-91	-42	99	14
7	-190	-56	620469048	-14	-5	-15	-5	-2	-1	0	89	12	-91	-42	99	14
7	-190	-56	620471048	-18	-6	-15	-5	-2	-1	0	87	11	-91	-42	99	14
7	-190	-56	620473052	-18	-7	-20	-6	-3	-1	0	84	10	-91	-42	99	14
7	-190	-56	620475044	-22	-7	-24	-8	-4	-1	0	80	9	-91	-42	99	14
7	-190	-56	620477044	-25	-10	-23	-7	-3	-1	0	77	8	-91	-42	99	14
7	-190	-56	620479036	-25	-9	-32	-9	-4	-1	0	73	7	-91	-42	99	14
7	-190	-56	620481036	-27	-11	-30	-10	-5	-2	0	68	5	-91	-42	99	14
7	-190	-56	620483032	-34	-13	-37	-11	-5	-2	0	63	3	-91	-42	99	14
7	-190	-56	620485032	-32	-13	-38	-11	-5	-1	0	58	2	-91	-42	99	14
7	-190	-56	620487040	-37	-13	-45	-14	-6	-2	0	52	0	-91	-42	99	14
7	-190	-56	620489036	-43	-16	-43	-13	-7	-3	0	45	-3	-91	-42	99	14
7	-190	-56	620491032	-42	-15	-55	-15	-7	-2	0	38	-5	-91	-42	99	14
7	-190	-56	620493032	-43	-15	-50	-13	-7	-2	0	31	-7	-91	-42	99	14
7	-190	-56	620495028	-54	-18	-62	-17	-9	-3	0	22	-10	-91	-42	99	14
7	-190	-56	620497028	-51	-15	-57	-15	-8	-2	0	14	-12	-91	-42	99	14
7	-190	-56	620499028	-55	-16	-70	-17	-9	-2	0	5	-14	-91	-42	99	14
7	-190	-56	620501024	-67	-19	-65	-16	-10	-3	0	-5	-17	-91	-42	99	14
7	-190	-56	620503020	-62	-17	-79	-18	-11	-3	0	-16	-20	-91	-42	99	14
7	-190	-56	620505016	-65	-16	-72	-16	-10	-2	0	-26	-22	-91	-42	99	14
7	-190	-56	620507016	-76	-20	-87	-20	-12	-3	0	-38	-25	-91	-42	99	14
7	-190	-56	620509020	-70	-18	-90	-19	-12	-3	0	-50	-28	-91	-42	99	14
7	-190	-56	620511020	-73	-17	-81	-17	-12	-2	0	-62	-30	-91	-42	99	14
7	-190	-56	620513012	-81	-20	-96	-19	-13	-3	0	-75	-33	-91	-42	99	14
7	-190	-56	620515012	-75	-17	-85	-18	-12	-3	0	-87	-36	-91	-42	99	14
7	-190	-56	620517012	-74	-16	-100	-18	-13	-2	0	-100	-38	-91	-42	99	14
7	-190	-56	620519008	-85	-19	-89	-15	-13	-3	0	-113	-41	-91	-42	99	14
7	-190	-56	620521016	-74	-15	-101	-19	-13	-3	0	-126	-44	-91	-42	99	14
7	-190	-56	620523016	-75	-15	-90	-15	-13	-2	0	-139	-46	-91	-42	99	14
7	-190	-56	620525008	-82	-17	-101	-16	-13	-2	0	-152	-48	-91	-42	99	14
7	-190	-56	620527016	-73	-15	-89	-14	-13	-2	0	-165	-50	-91	-42	99	14
7	-190	-56	620529020	-70	-14	-100	-16	-12	-3	0	-177	-53	-91	-42	99	14
7	-190	-56	620531024	-76	-15	-86	-14	-13	-2	0	-190	-55	-91	-42	99	14
7	-190	-56	620533020	-65	-12	-97	-14	-12	-2	0	-202	-57	-91	-42	99	14
7	-190	-56	620535020	-62	-13	-81	-12	-10	-2	0	-212	-59	-91	-42	99	14
7	-190	-56	620537024	-69	-12	-89	-14	-12	-2	0	-224	-61	-91	-42	99	14
7	-190	-56	620539028	-59	-12	-86	-13	-11	-1	0	-235	-62	-91	-42	99	14
7	-190	-56	620541032	-57	-10	-72	-10	-10	-2	0	-245	-64	-91	-42	99	14
7	-190	-56	620543024	-63	-12	-79	-11	-10	-2	0	-255	-66	-91	-42	99	14
7	-190	-56	620545032	-54	-10	-66	-10	-9	-1	0	-264	-67	-91	-42	99	14
7	-190	-56	620547024	-52	-9	-73	-11	-10	-2	0	-274	-69	-91	-42	99	14
7	-190	-56	620549020	-56	-11	-61	-9	-9	-1	0	-283	-70	-91	-42	99	14
7	-190	-56	620551024	-49	-9	-66	-10	-8	-2	0	-291	-72	-91	-42	99	14
7	-190	-56	620553032	-48	-9	-55	-7	-8	-1	0	-299	-73	-91	-42	99	14
7	-190	-56	620555028	-51	-8	-60	-10	-8	-1	0	-307	-74	-91	-42	99	14
7	-190	-56	620557028	-44	-8	-52	-8	-7	-1	0	-314	-75	-91	-42	99	14
7	-190	-56	620559036	-41	-7	-55	-7	-8	-1	0	-322	-76	-91	-42	99	14
7	-190	-56	620561036	-46	-8	-52	-9	-7	-2	0	-329	-78	-91	-42	99	14
7	-190	-56	620563036	-39	-7	-44	-6	-6	-1	0	-335	-79	-91	-42	99	14
7	-190	-56	620565036	-36	-7	-49	-8	-7	-1	0	-342	-80	-91	-42	99	14
7	-190	-56	620567036	-40	-6	-41	-5	-6	-1	0	-348	-81	-91	-42	99	14
7	-190	-56	620569040	-34	-6	-44	-6	-6	-1	0	-354	-82	-91	-42	99	14
7	-190	-56	620571024	-31	-5	-37	-5	-5	0	0	-359	-82	-91	-42	99	14
7	-190	-56	620573040	-35	-5	-40	-5	-5	-1	0	-364	-83	-91	-42	99	14
7	-190	-56	620575040	-28	-5	-34	-5	-5	-1	0	-369	-84	-91	-42	99	14
7	-190	-56	620577024	-27	-4	-36	-4	-5	0	0	-374	-84	-91	-42	99	14
7	-190	-56	620579040	-28	-4	-31	-4	-4	-1	0	-378	-85	-91	-42	99	14
7	-190	-56	620581024	-23	-3	-33	-3	-4	0	0	-382	-85	-91	-42	99	14
7	-190	-56	620583040	-22	-3	-26	-3	-4	-1	0	-386	-86	-91	-42	99	14
7	-190	-56	620585028	-22	-4	-29	-2	-4	0	0	-390	-86	-91	-42	99	14
7	-190	-56	620587044	-19	-2	-22	-3	-3	-1	0	-393	-87	-91	-42	99	14
7	-190	-56	620589024	-17	-1	-25	-2	-3	0	0	-396	-87	-91	-42	99	14
7	-190	-56	620591028	-19	-3	-23	-2	-3	0	0	-399	-87	-91	-42	99	14
7	-190	-56	620593032	-15	-1	-19	-1	-3	0	0	-402	-87	-91	-42	99	14
7	-190	-56	620595040	-15	-3	-20	-2	-2	-1	0	-404	-88	-91	-42	99	14
7	-190	-56	620597032	-15	-1	-16	0	-3	0	0	-407	-88	-91	-42	99	14
7	-190	-56	620599028	-13	-1	-16	-2	-2	0	0	-409	-88	-91	-42	99	14
7	-190	-56	620601036	-12	0	-14	-1	-2	0	0	-411	-88	-91	-42	99	14
7	-190	-56	620603036	-14	-1	-15	0	-2	0	0	-413	-88	-91	-42	99	14
7	-190	-56	620605032	-11	0	-12	-1	-2	0	0	-415	-88	-91	-42	99	14
7	-190	-56	620607052	-13	-2	-14	0	-2	-1	0	-417	-89	-91	-42	99	14
7	-190	-56	620609004	-12	0	-10	0	-1	0	0	-418	-89	-91	-42	99	14
7	-190	-56	620611000	-11	0	-13	0	-2	0	0	-420	-89	-91	-42	99	14
7	-190	-56	620612996	-13	0	-11	0	-2	0	0	-422	-89	-91	-42	99	14
7	-190	-56	620615032	-12	-1	-12	0	-2	0	0	-424	-89	-91	-42	99	14
7	-190	-56	620617004	-13	0	-13	0	-2	0	0	-426	-89	-91	-42	99	14
7	-190	-56	620619004	-12	0	-11	0	-1	0	0	-427	-89	-91	-42	99	14
7	-190	-56	620621004	-15	0	-13	0	-2	0	0	-429	-89	-91	-42	99	14
7	-190	-56	620623000	-14	0	-11	0	-2	0	0	-431	-89	-91	-42	99	14
7	-190	-56	620625000	-14	0	-14	0	-2	0	0	-433	-89	-91	-42	99	14
7	-190	-56	620627028	-17	-1	-12	0	-3	0	0	-436	-89	-91	-42	99	14
7	-190	-56	620629000	-15	0	-15	0	-2	0	0	-438	-89	-91	-42	99	14
7	-190	-56	620630988	-15	0	-14	0	-2	0	0	-440	-89	-91	-42	99	14
7	-190	-56	620633012	-19	-1	-16	0	-3	0	0	-443	-89	-91	-42	99	14
7	-190	-56	620634988	-16	0	-15	0	-2	0	0	-445	-89	-91	-42	99	14
7	-190	-56	620637012	-18	0	-18	-1	-3	0	0	-448	-89	-91	-42	99	14
7	-190	-56	620639008	-20	-2	-16	0	-2	0	0	-450	-89	-91	-42	99	14
7	-190	-56	620641008	-19	-1	-19	0	-3	0	0	-453	-89	-91	-42	99	14
7	-190	-56	620643004	-17	0	-17	-2	-3	0	0	-456	-89	-91	-42	99	14
7	-190	-56	620645000	-20	-1	-20	0	-3	0	0	-459	-89	-91	-42	99	14
7	-190	-56	620647000	-21	-1	-18	-1	-3	0	0	-462	-89	-91	-42	99	14
7	-190	-56	620649004	-19	0	-20	-1	-3	0	0	-465	-89	-91	-42	99	14
7	-190	-56	620651016	-20	-2	-18	-1	-2	-1	0	-467	-90	-91	-42	99	14
7	-190	-56	620652988	-23	-2	-22	-2	-4	0	0	-471	-90	-91	-42	99	14
7	-190	-56	620655004	-20	-1	-21	-1	-3	0	0	-474	-90	-91	-42	99	14
7	-190	-56	620657008	-20	-2	-19	-1	-3	0	0	-477	-90	-91	-42	99	14
7	-190	-56	620659020	-23	-2	-21	-1	-3	-1	0	-480	-91	-91	-42	99	14
7	-190	-56	620661008	-20	-1	-19	-3	-3	0	0	-483	-91	-91	-42	99	14
7	-190	-56	620663008	-22	-3	-21	-2	-3	0	0	-486	-91	-91	-42	99	14
7	-190	-56	620665024	-23	-2	-17	-3	-3	-1	0	-489	-92	-91	-42	99	14
7	-190	-56	620667012	-22	-4	-22	-2	-4	0	0	-493	-92	-91	-42	99	14
7	-190	-56	620669036	-21	-3	-18	-3	-3	-1	0	-496	-93	-91	-42	99	14
7	-190	-56	620671012	-25	-3	-20	-4	-3	0	0	-499	-93	-91	-42	99	14
7	-190	-56	620673012	-22	-4	-18	-3	-3	-1	0	-502	-94	-91	-42	99	14
7	-190	-56	620674996	-22	-4	-20	-4	-3	0	0	-505	-94	-91	-42	99	14
7	-190	-56	620677012	-26	-5	-17	-4	-3	-1	0	-508	-95	-91	-42	99	14
7	-190	-56	620679008	-22	-5	-20	-5	-3	-1	0	-511	-96	-91	-42	99	14
7	-190	-56	620680996	-24	-5	-18	-5	-4	0	0	-515	-96	-91	-42	99	14
7	-190	-56	620683012	-26	-6	-19	-5	-3	-1	0	-518	-97	-91	-42	99	14
7	-190	-56	620685008	-24	-5	-20	-6	-3	-1	0	-521	-98	-91	-42	99	14
7	-190	-56	620687008	-24	-6	-16	-5	-3	-1	0	-524	-99	-91	-42	99	14
7	-190	-56	620689004	-27	-7	-20	-6	-4	-1	0	-528	-100	-91	-42	99	14
7	-190	-56	620691004	-24	-6	-16	-7	-3	-1	0	-531	-101	-91	-42	99	14
7	-190	-56	620693004	-23	-6	-19	-6	-3	-1	0	-534	-102	-91	-42	99	14
7	-190	-56	620695004	-26	-8	-15	-6	-3	-1	0	-537	-103	-91	-42	99	14
7	-190	-56	620697004	-22	-6	-19	-6	-3	-1	0	-540	-104	-91	-42	99	14
7	-190	-56	620699004	-22	-6	-15	-5	-3	0	0	-543	-104	-91	-42	99	14
7	-190	-56	620701016	-23	-6	-16	-7	-3	-1	0	-546	-105	-91	-42	99	14
7	-190	-56	620703016	-20	-7	-14	-6	-2	-1	0	-548	-106	-91	-42	99	14
7	-190	-56	620705016	-19	-5	-15	-6	-3	-1	0	-551	-107	-91	-42	99	14
7	-190	-56	620707016	-19	-6	-12	-4	-2	-1	0	-553	-108	-91	-42	99	14
7	-190	-56	620709016	-16	-5	-14	-6	-2	-1	0	-555	-109	-91	-42	99	14
7	-190	-56	620711020	-15	-4	-12	-5	-2	-1	0	-557	-110	-91	-42	99	14
7	-190	-56	620713000	-14	-5	-9	-4	-2	0	0	-559	-110	-91	-42	99	14
7	-190	-56	620715004	-11	-3	-10	-4	-2	-1	0	-561	-111	-91	-42	99	14
7	-190	-56	620716992	-10	-4	-8	-3	-1	0	0	-562	-111	-91	-42	99	14
7	-190	-56	620719004	-10	-3	-7	-4	-1	-1	0	-563	-112	-91	-42	99	14
7	-190	-56	620720996	-6	-2	-5	-3	-1	0	0	-564	-112	-91	-42	99	14
7	-190	-56	620723020	-7	-3	-6	-2	-1	-1	0	-565	-113	-91	-42	99	14
7	-190	-56	620725000	-6	-1	-4	-1	-1	0	0	-566	-113	-91	-42	99	14
7	-190	-56	620726992	-4	-1	-4	-2	-1	0	0	-567	-113	-91	-42	99	14
7	-190	-56	620728976	-2	-1	-2	-1	0	0	0	-567	-113	-91	-42	99	14
7	-190	-56	620730972	-3	-2	-3	-1	0	0	0	-567	-113	-91	-42	99	14
7	-190	-56	620732972	-1	-1	-1	-1	0	0	0	-567	-113	-91	-42	99	14
7	-190	-56	620735000	-1	0	-1	-2	-1	-1	0	-568	-114	-91	-42	99	14
7	-190	-56	620736972	-1	-1	0	0	0	0	0	-568	-114	-91	-42	99	14
7	-190	-56	620740944	0	0	-2	0	0	0	0	-568	-114	-91	-42	99	14
7	-190	-56	620742944	0	0	0	-1	0	0	0	-568	-114	-91	-42	99	14
7	-190	-56	620764920	0	0	0	0	0	0	1	-568	-114	-91	-42	99	14
8	167	107	620794960	1	0	1	0	0	0	1	-91	-42	76	65	-91	-42
8	167	107	620810968	1	0	0	0	0	0	1	-91	-42	76	65	-91	-42
8	167	107	620818976	2	0	0	0	0	0	1	-91	-42	76	65	-91	-42
8	167	107	620826980	1	0	0	0	0	0	1	-91	-42	76	65	-91	-42
8	167	107	620828980	1	0	0	0	0	0	1	-91	-42	76	65	-91	-42
8	167	107	620830980	1	0	0	0	0	0	1	-91	-42	76	65	-91	-42
8	167	107	620832980	2	0	1	0	0	0	1	-91	-42	76	65	-91	-42
8	167	107	620834980	1	0	0	0	0	0	1	-91	-42	76	65	-91	-42
8	167	107	620836980	1	0	0	0	0	0	1	-91	-42	76	65	-91	-42
8	167	107	620838980	3	0	1	0	0	0	1	-91	-42	76	65	-91	-42
8	167	107	620840992	2	0	1	0	1	0	1	-90	-42	76	65	-91	-42
8	167	107	620843004	3	-1	2	0	0	0	1	-90	-42	76	65	-91	-42
8	167	107	620845004	3	0	1	-1	0	0	1	-90	-42	76	65	-91	-42
8	167	107	620846992	4	0	1	0	1	0	0	-89	-42	76	65	-91	-42
8	167	107	620849008	4	-2	1	-1	0	0	0	-89	-42	76	65	-91	-42
8	167	107	620850988	6	0	2	0	1	0	0	-88	-42	76	65	-91	-42
8	167	107	620853008	5	-1	2	-2	0	0	0	-88	-42	76	65	-91	-42
8	167	107	620854992	6	0	1	0	1	0	0	-87	-42	76	65	-91	-42
8	167	107	620857008	7	-1	3	-1	1	0	0	-86	-42	76	65	-91	-42
8	167	107	620859008	7	0	2	-1	0	-1	0	-86	-43	76	65	-91	-42
8	167	107	620861004	6	-1	4	0	1	0	0	-85	-43	76	65	-91	-42
8	167	107	620863004	9	0	3	-1	1	0	0	-84	-43	76	65	-91	-42
8	167	107	620865008	9	-2	5	-2	1	0	0	-83	-43	76	65	-91	-42
8	167	107	620866976	9	0	3	0	1	0	0	-82	-43	76	65	-91	-42
8	167	107	620869008	11	-1	5	-1	1	0	0	-81	-43	76	65	-91	-42
8	167	107	620871008	10	0	5	-1	1	0	0	-80	-43	76	65	-91	-42
8	167	107	620872976	11	0	7	0	1	0	0	-79	-43	76	65	-91	-42
8	167	107	620875008	13	-1	6	-1	2	0	0	-77	-43	76	65	-91	-42
8	167	107	620876984	11	0	7	0	1	0	0	-76	-43	76	65	-91	-42
8	167	107	620879032	12	0	8	-2	2	-1	0	-74	-44	76	65	-91	-42
8	167	107	620881012	15	-1	11	0	2	0	0	-72	-44	76	65	-91	-42
8	167	107	620883012	14	0	10	-1	1	0	0	-71	-44	76	65	-91	-42
8	167	107	620884980	14	0	13	0	3	0	0	-68	-44	76	65	-91	-42
8	167	107	620886984	15	0	13	0	2	0	0	-66	-44	76	65	-91	-42
8	167	107	620889012	15	0	14	-1	2	0	0	-64	-44	76	65	-91	-42
8	167	107	620890984	15	0	18	0	2	0	0	-62	-44	76	65	-91	-42
8	167	107	620893008	16	-2	16	0	3	0	0	-59	-44	76	65	-91	-42
8	167	107	620894980	16	0	20	0	2	0	0	-57	-44	76	65	-91	-42
8	167	107	620896980	17	0	19	0	3	0	0	-54	-44	76	65	-91	-42
8	167	107	620898980	18	0	22	0	3	0	0	-51	-44	76	65	-91	-42
8	167	107	620900976	17	0	23	0	3	0	0	-48	-44	76	65	-91	-42
8	167	107	620902976	17	0	26	0	3	0	0	-45	-44	76	65	-91	-42
8	167	107	620904976	20	0	24	0	4	0	0	-41	-44	76	65	-91	-42
8	167	107	620906972	18	0	28	0	3	0	0	-38	-44	76	65	-91	-42
8	167	107	620909000	18	1	27	0	3	0	0	-35	-44	76	65	-91	-42
8	167	107	620911004	22	1	31	0	4	0	0	-31	-44	76	65	-91	-42
8	167	107	620912980	20	0	31	0	4	0	0	-27	-44	76	65	-91	-42
8	167	107	620915008	18	1	29	1	4	0	0	-23	-44	76	65	-91	-42
8	167	107	620917000	24	2	34	2	4	0	0	-19	-44	76	65	-91	-42
8	167	107	620919004	20	1	30	1	4	0	0	-15	-44	76	65	-91	-42
8	167	107	620921008	21	1	35	1	4	0	0	-11	-44	76	65	-91	-42
8	167	107	620923012	25	1	30	1	4	0	0	-7	-44	76	65	-91	-42
8	167	107	620925016	23	2	36	2	5	0	0	-2	-44	76	65	-91	-42
8	167	107	620927036	22	2	31	2	4	1	0	2	-43	76	65	-91	-42
8	167	107	620929016	27	3	38	1	4	0	0	6	-43	76	65	-91	-42
8	167	107	620931020	25	2	32	3	5	0	0	11	-43	76	65	-91	-42
8	167	107	620933036	25	4	38	4	4	1	0	15	-42	76	65	-91	-42
8	167	107	620935016	30	4	35	2	5	0	0	20	-42	76	65	-91	-42
8	167	107	620937032	27	3	38	4	5	1	0	25	-41	76	65	-91	-42
8	167	107	620939036	28	5	42	4	5	1	0	30	-40	76	65	-91	-42
8	167	107	620941044	32	7	36	5	6	1	0	36	-39	76	65	-91	-42
8	167	107	620943036	31	5	44	5	5	0	0	41	-39	76	65	-91	-42
8	167	107	620945040	30	6	38	5	5	1	0	46	-38	76	65	-91	-42
8	167	107	620947044	37	7	45	6	6	1	0	52	-37	76	65	-91	-42
8	167	107	620949036	32	8	42	5	6	1	0	58	-36	76	65	-91	-42
8	167	107	620951040	34	7	47	7	6	1	0	64	-35	76	65	-91	-42
8	167	107	620953044	39	9	41	7	6	1	0	70	-34	76	65	-91	-42
8	167	107	620955052	35	9	50	7	6	2	0	76	-32	76	65	-91	-42
8	167	107	620957056	36	7	43	8	6	1	0	82	-31	76	65	-91	-42
8	167	107	620959056	40	10	50	7	7	1	0	89	-30	76	65	-91	-42
8	167	107	620961052	36	9	44	8	6	1	0	95	-29	76	65	-91	-42
8	167	107	620963056	35	9	50	8	6	2	0	101	-27	76	65	-91	-42
8	167	107	620965060	40	10	50	10	7	1	0	108	-26	76	65	-91	-42
8	167	107	620967064	35	9	42	9	6	1	0	114	-25	76	65	-91	-42
8	167	107	620969064	36	8	50	10	6	2	0	120	-23	76	65	-91	-42
8	167	107	620971060	40	10	43	9	7	1	0	127	-22	76	65	-91	-42
8	167	107	620973052	35	10	47	10	6	2	0	133	-20	76	65	-91	-42
8	167	107	620975060	38	10	41	10	6	1	0	139	-19	76	65	-91	-42
8	167	107	620977048	41	13	47	12	6	2	0	145	-17	76	65	-91	-42
8	167	107	620979048	39	12	40	12	6	2	0	151	-15	76	65	-91	-42
8	167	107	620981052	39	13	45	15	7	2	0	158	-13	76	65	-91	-42
8	167	107	620983056	45	16	38	13	6	2	0	164	-11	76	65	-91	-42
8	167	107	620985060	41	16	44	17	6	3	0	170	-8	76	65	-91	-42
8	167	107	620987060	41	17	39	16	6	2	0	176	-6	76	65	-91	-42
8	167	107	620989064	49	21	44	20	7	3	0	183	-3	76	65	-91	-42
8	167	107	620991064	44	19	43	20	7	3	0	190	0	76	65	-91	-42
8	167	107	620993064	46	21	39	20	6	3	0	196	3	76	65	-91	-42
8	167	107	620995068	52	25	44	24	7	4	0	203	7	76	65	-91	-42
8	167	107	620997068	49	24	40	22	7	3	0	210	10	76	65	-91	-42
8	167	107	620999068	49	25	45	26	7	4	0	217	14	76	65	-91	-42
8	167	107	621001068	56	28	40	24	7	4	0	224	18	76	65	-91	-42
8	167	107	621003072	51	28	46	30	7	4	0	231	22	76	65	-91	-42
8	167	107	621005072	52	29	40	26	7	4	0	238	26	76	65	-91	-42
8	167	107	621007072	58	32	48	33	8	5	0	246	31	76	65	-91	-42
8	167	107	621009072	53	30	41	29	7	5	0	253	36	76	65	-91	-42
8	167	107	621011076	52	30	46	32	8	4	0	261	40	76	65	-91	-42
8	167	107	621013080	59	35	41	30	7	5	0	268	45	76	65	-91	-42
8	167	107	621015080	53	31	48	35	8	5	0	276	50	76	65	-91	-42
8	167	107	621017076	51	33	40	31	7	5	0	283	55	76	65	-91	-42
8	167	107	621019076	57	36	46	35	7	5	0	290	60	76	65	-91	-42
8	167	107	621021080	52	33	45	37	8	6	0	298	66	76	65	-91	-42
8	167	107	621023084	50	32	39	32	6	4	0	304	70	76	65	-91	-42
8	167	107	621025076	56	36	44	36	8	6	0	312	76	76	65	-91	-42
8	167	107	621027080	49	34	37	33	6	5	0	318	81	76	65	-91	-42
8	167	107	621029080	47	33	43	37	7	5	0	325	86	76	65	-91	-42
8	167	107	621031084	51	36	35	33	6	5	0	331	91	76	65	-91	-42
8	167	107	621033084	45	32	40	36	7	5	0	338	96	76	65	-91	-42
8	167	107	621035088	45	33	32	33	6	5	0	344	101	76	65	-91	-42
8	167	107	621037092	48	36	38	36	6	6	0	350	107	76	65	-91	-42
8	167	107	621039092	41	30	30	31	5	4	0	355	111	76	65	-91	-42
8	167	107	621041096	39	31	33	35	6	5	0	361	116	76	65	-91	-42
8	167	107	621043100	44	34	33	35	6	5	0	367	121	76	65	-91	-42
8	167	107	621045108	37	30	26	30	4	5	0	371	126	76	65	-91	-42
8	167	107	621047100	35	29	29	33	5	5	0	376	131	76	65	-91	-42
8	167	107	621049100	39	31	25	28	5	4	0	381	135	76	65	-91	-42
8	167	107	621051104	34	28	26	32	4	4	0	385	139	76	65	-91	-42
8	167	107	621053108	35	30	21	26	5	5	0	390	144	76	65	-91	-42
8	167	107	621055116	30	25	25	30	4	4	0	394	148	76	65	-91	-42
8	167	107	621057108	30	23	19	24	3	3	0	397	151	76	65	-91	-42
8	167	107	621059108	27	23	23	27	4	4	0	401	155	76	65	-91	-42
8	167	107	621061104	30	25	17	23	4	4	0	405	159	76	65	-91	-42
8	167	107	621063100	25	21	20	25	3	3	0	408	162	76	65	-91	-42
8	167	107	621065100	25	20	16	20	3	3	0	411	165	76	65	-91	-42
8	167	107	621067104	26	21	18	22	3	3	0	414	168	76	65	-91	-42
8	167	107	621069100	23	19	16	21	3	3	0	417	171	76	65	-91	-42
8	167	107	621071100	21	18	14	18	3	3	0	420	174	76	65	-91	-42
8	167	107	621073104	23	18	15	20	3	3	0	423	177	76	65	-91	-42
8	167	107	621075108	20	17	12	17	2	2	0	425	179	76	65	-91	-42
8	167	107	621077108	20	17	14	18	3	3	0	428	182	76	65	-91	-42
8	167	107	621079112	18	14	11	16	2	2	0	430	184	76	65	-91	-42
8	167	107	621081108	18	15	14	16	2	3	0	432	187	76	65	-91	-42
8	167	107	621083112	16	14	10	15	2	2	0	434	189	76	65	-91	-42
8	167	107	621085116	19	16	13	15	3	2	0	437	191	76	65	-91	-42
8	167	107	621087120	16	12	10	14	2	2	0	439	193	76	65	-91	-42
8	167	107	621089112	15	14	11	15	2	2	0	441	195	76	65	-91	-42
8	167	107	621091116	18	14	10	13	2	2	0	443	197	76	65	-91	-42
8	167	107	621093124	13	12	10	13	1	2	0	444	199	76	65	-91	-42
8	167	107	621095116	15	12	10	13	2	2	0	446	201	76	65	-91	-42
8	167	107	621097120	15	13	10	12	2	2	0	448	203	76	65	-91	-42
8	167	107	621099124	14	12	10	14	2	2	0	450	205	76	65	-91	-42
8	167	107	621101128	15	11	9	11	2	2	0	452	207	76	65	-91	-42
8	167	107	621103136	13	11	10	14	1	1	0	453	208	76	65	-91	-42
8	167	107	621105116	13	10	7	10	2	2	0	455	210	76	65	-91	-42
8	167	107	621107112	13	11	10	13	2	2	0	457	212	76	65	-91	-42
8	167	107	621109120	14	12	8	10	1	1	0	458	213	76	65	-91	-42
8	167	107	621111116	12	10	8	12	2	2	0	460	215	76	65	-91	-42
8	167	107	621113120	15	11	8	10	2	2	0	462	217	76	65	-91	-42
8	167	107	621115120	11	9	9	11	1	1	0	463	218	76	65	-91	-42
8	167	107	621117116	13	10	7	10	2	2	0	465	220	76	65	-91	-42
8	167	107	621119120	14	11	9	10	1	1	0	466	221	76	65	-91	-42
8	167	107	621121120	12	9	6	10	2	2	0	468	223	76	65	-91	-42
8	167	107	621123124	13	10	9	12	1	1	0	469	224	76	65	-91	-42
8	167	107	621125120	12	11	7	10	2	2	0	471	226	76	65	-91	-42
8	167	107	621127120	11	9	7	10	1	1	0	472	227	76	65	-91	-42
8	167	107	621129124	13	10	7	11	2	2	0	474	229	76	65	-91	-42
8	167	107	621131140	12	10	6	9	1	1	0	475	230	76	65	-91	-42
8	167	107	621133128	12	10	8	10	1	2	0	476	232	76	65	-91	-42
8	167	107	621135124	10	8	6	8	2	1	0	478	233	76	65	-91	-42
8	167	107	621137128	11	10	6	10	1	1	0	479	234	76	65	-91	-42
8	167	107	621139128	10	9	5	9	1	2	0	480	236	76	65	-91	-42
8	167	107	621141128	10	9	7	10	1	1	0	481	237	76	65	-91	-42
8	167	107	621143120	9	9	3	9	1	2	0	482	239	76	65	-91	-42
8	167	107	621145124	8	8	7	9	1	1	0	483	240	76	65	-91	-42
8	167	107	621147116	8	8	3	7	1	1	0	484	241	76	65	-91	-42
8	167	107	621149112	7	7	5	8	1	1	0	485	242	76	65	-91	-42
8	167	107	621151112	8	8	4	7	1	1	0	486	243	76	65	-91	-42
8	167	107	621153108	5	7	4	8	1	1	0	487	244	76	65	-91	-42
8	167	107	621155092	6	7	2	6	0	1	0	487	245	76	65	-91	-42
8	167	107	621157100	5	6	4	7	1	1	0	488	246	76	65	-91	-42
8	167	107	621159084	5	6	3	7	0	1	0	488	247	76	65	-91	-42
8	167	107	621161104	5	5	2	5	1	1	0	489	248	76	65	-91	-42
8	167	107	621163100	4	5	3	6	1	1	0	490	249	76	65	-91	-42
8	167	107	621165072	4	5	2	4	0	0	0	490	249	76	65	-91	-42
8	167	107	621167080	2	4	1	5	0	1	0	490	250	76	65	-91	-42
8	167	107	621169088	3	5	3	5	1	1	0	491	251	76	65	-91	-42
8	167	107	621171072	2	2	1	3	0	0	0	491	251	76	65	-91	-42
8	167	107	621173080	3	4	1	3	0	1	0	491	252	76	65	-91	-42
8	167	107	621175060	1	3	2	4	0	0	0	491	252	76	65	-91	-42
8	167	107	621177084	1	2	1	2	1	1	1	492	253	76	65	-91	-42
9	167	107	621179052	1	3	1	3	0	0	1	76	65	76	65	-91	-42
9	167	107	621181060	2	1	1	2	0	0	1	76	65	76	65	-91	-42
9	167	107	621183028	0	1	0	1	0	0	1	76	65	76	65	-91	-42
9	-130	-149	621185072	1	1	2	3	0	1	1	76	66	-54	-84	76	65
9	-130	-149	621187024	0	2	0	1	0	0	1	76	66	-54	-84	76	65
9	-130	-149	621189028	0	0	0	1	0	0	1	76	66	-54	-84	76	65
9	-130	-149	621191060	0	1	1	0	0	0	1	76	66	-54	-84	76	65
9	-130	-149	621193028	0	0	0	2	0	0	1	76	66	-54	-84	76	65
9	-130	-149	621197036	0	1	0	0	0	0	1	76	66	-54	-84	76	65
9	-130	-149	621199028	0	0	0	1	0	0	1	76	66	-54	-84	76	65
9	-130	-149	621235072	-2	0	0	0	0	0	1	76	66	-54	-84	76	65
9	-130	-149	621241084	0	1	0	0	0	1	1	76	67	-54	-84	76	65
9	-130	-149	621245068	-1	0	0	0	0	0	1	76	67	-54	-84	76	65
9	-130	-149	621253044	0	0	0	0	0	0	0	76	67	-54	-84	76	65
9	-130	-149	621263084	-1	0	0	0	0	0	0	76	67	-54	-84	76	65
9	-130	-149	621295072	-1	0	0	0	0	0	0	76	67	-54	-84	76	65
9	-130	-149	621303080	0	0	-2	0	0	0	0	76	67	-54	-84	76	65
9	-130	-149	621305076	-2	0	0	0	0	0	0	76	67	-54	-84	76	65
9	-130	-149	621311072	-1	0	-1	0	0	0	0	76	67	-54	-84	76	65
9	-130	-149	621313072	-1	0	0	0	0	0	0	76	67	-54	-84	76	65
9	-130	-149	621315060	-1	0	-1	0	0	0	0	76	67	-54	-84	76	65
9	-130	-149	621317064	-2	0	0	0	0	0	0	76	67	-54	-84	76	65
9	-130	-149	621319088	-2	-1	-1	-2	0	0	0	76	67	-54	-84	76	65
9	-130	-149	621321096	-4	-3	-3	-1	-1	0	0	75	67	-54	-84	76	65
9	-130	-149	621323092	-4	-1	-2	-2	0	0	0	75	67	-54	-84	76	65
9	-130	-149	621325112	-5	-4	-4	-3	-1	-1	0	74	66	-54	-84	76	65
9	-130	-149	621327100	-5	-2	-4	-2	-1	0	0	73	66	-54	-84	76	65
9	-130	-149	621329108	-6	-5	-5	-4	0	-1	0	73	65	-54	-84	76	65
9	-130	-149	621331104	-9	-5	-7	-5	-2	0	0	71	65	-54	-84	76	65
9	-130	-149	621333112	-8	-5	-7	-5	-1	-1	0	70	64	-54	-84	76	65
9	-130	-149	621335112	-10	-7	-10	-6	-1	-1	0	69	63	-54	-84	76	65
9	-130	-149	621337112	-14	-8	-8	-7	-2	-1	0	67	62	-54	-84	76	65
9	-130	-149	621339108	-13	-8	-12	-7	-2	-1	0	65	61	-54	-84	76	65
9	-130	-149	621341116	-13	-9	-11	-8	-2	-2	0	63	59	-54	-84	76	65
9	-130	-149	621343116	-17	-11	-14	-10	-2	-1	0	61	58	-54	-84	76	65
9	-130	-149	621345116	-17	-10	-13	-8	-2	-2	0	59	56	-54	-84	76	65
9	-130	-149	621347120	-18	-11	-17	-13	-3	-1	0	56	55	-54	-84	76	65
9	-130	-149	621349120	-22	-14	-15	-11	-2	-2	0	54	53	-54	-84	76	65
9	-130	-149	621351116	-20	-14	-18	-14	-3	-2	0	51	51	-54	-84	76	65
9	-130	-149	621353116	-23	-15	-18	-14	-3	-3	0	48	48	-54	-84	76	65
9	-130	-149	621355112	-26	-17	-22	-16	-4	-2	0	44	46	-54	-84	76	65
9	-130	-149	621357112	-25	-16	-19	-16	-3	-2	0	41	44	-54	-84	76	65
9	-130	-149	621359100	-27	-19	-23	-19	-4	-3	0	37	41	-54	-84	76	65
9	-130	-149	621361096	-32	-21	-21	-19	-4	-3	0	33	38	-54	-84	76	65
9	-130	-149	621363096	-31	-22	-24	-21	-4	-4	0	29	34	-54	-84	76	65
9	-130	-149	621365092	-31	-23	-25	-25	-4	-3	0	25	31	-54	-84	76	65
9	-130	-149	621367088	-35	-25	-22	-22	-5	-4	0	20	27	-54	-84	76	65
9	-130	-149	621369088	-40	-30	-26	-29	-5	-4	0	15	23	-54	-84	76	65
9	-130	-149	621371084	-38	-29	-24	-26	-4	-4	0	11	19	-54	-84	76	65
9	-130	-149	621373080	-40	-31	-28	-33	-5	-5	0	6	14	-54	-84	76	65
9	-130	-149	621375076	-46	-37	-25	-30	-6	-5	0	0	9	-54	-84	76	65
9	-130	-149	621377072	-42	-35	-27	-37	-5	-5	0	-5	4	-54	-84	76	65
9	-130	-149	621379068	-44	-37	-26	-34	-5	-6	0	-10	-2	-54	-84	76	65
9	-130	-149	621381064	-53	-44	-29	-43	-6	-6	0	-16	-8	-54	-84	76	65
9	-130	-149	621383072	-47	-41	-26	-38	-6	-6	0	-22	-14	-54	-84	76	65
9	-130	-149	621385080	-49	-44	-30	-47	-6	-7	0	-28	-21	-54	-84	76	65
9	-130	-149	621387076	-56	-50	-27	-42	-6	-7	0	-34	-28	-54	-84	76	65
9	-130	-149	621389072	-53	-46	-30	-50	-6	-7	0	-40	-35	-54	-84	76	65
9	-130	-149	621391068	-52	-49	-26	-46	-6	-7	0	-46	-42	-54	-84	76	65
9	-130	-149	621393068	-61	-56	-31	-54	-7	-9	0	-53	-51	-54	-84	76	65
9	-130	-149	621395060	-54	-51	-26	-50	-6	-7	0	-59	-58	-54	-84	76	65
9	-130	-149	621397076	-58	-54	-32	-58	-7	-9	0	-66	-67	-54	-84	76	65
9	-130	-149	621399076	-65	-61	-32	-61	-7	-9	0	-73	-76	-54	-84	76	65
9	-130	-149	621401068	-61	-57	-29	-54	-7	-8	0	-80	-84	-54	-84	76	65
9	-130	-149	621403068	-62	-57	-34	-65	-7	-9	0	-87	-93	-54	-84	76	65
9	-130	-149	621405068	-73	-68	-31	-57	-8	-10	0	-95	-103	-54	-84	76	65
9	-130	-149	621407060	-66	-61	-36	-69	-7	-9	0	-102	-112	-54	-84	76	65
9	-130	-149	621409060	-69	-62	-34	-60	-8	-9	0	-110	-121	-54	-84	76	65
9	-130	-149	621411056	-79	-72	-39	-70	-9	-11	0	-119	-132	-54	-84	76	65
9	-130	-149	621413060	-70	-63	-35	-62	-8	-9	0	-127	-141	-54	-84	76	65
9	-130	-149	621415060	-72	-65	-42	-73	-8	-11	0	-135	-152	-54	-84	76	65
9	-130	-149	621417064	-81	-73	-38	-64	-9	-10	0	-144	-162	-54	-84	76	65
9	-130	-149	621419064	-74	-65	-43	-72	-9	-10	0	-153	-172	-54	-84	76	65
9	-130	-149	621421064	-73	-64	-39	-64	-8	-10	0	-161	-182	-54	-84	76	65
9	-130	-149	621423068	-82	-72	-45	-72	-10	-11	0	-171	-193	-54	-84	76	65
9	-130	-149	621425064	-74	-63	-39	-63	-8	-9	0	-179	-202	-54	-84	76	65
9	-130	-149	621427072	-71	-62	-46	-71	-9	-10	0	-188	-212	-54	-84	76	65
9	-130	-149	621429076	-79	-68	-45	-69	-9	-10	0	-197	-222	-54	-84	76	65
9	-130	-149	621431080	-69	-58	-40	-60	-9	-9	0	-206	-231	-54	-84	76	65
9	-130	-149	621433080	-66	-58	-44	-67	-8	-10	0	-214	-241	-54	-84	76	65
9	-130	-149	621435088	-72	-61	-37	-57	-8	-9	0	-222	-250	-54	-84	76	65
9	-130	-149	621437076	-62	-53	-43	-62	-8	-8	0	-230	-258	-54	-84	76	65
9	-130	-149	621439072	-58	-50	-35	-53	-7	-8	0	-237	-266	-54	-84	76	65
9	-130	-149	621441068	-63	-53	-37	-57	-7	-8	0	-244	-274	-54	-84	76	65
9	-130	-149	621443060	-52	-45	-32	-48	-7	-7	0	-251	-281	-54	-84	76	65
9	-130	-149	621445056	-50	-44	-32	-52	-6	-7	0	-257	-288	-54	-84	76	65
9	-130	-149	621447052	-54	-46	-28	-43	-6	-7	0	-263	-295	-54	-84	76	65
9	-130	-149	621449048	-45	-40	-28	-47	-5	-6	0	-268	-301	-54	-84	76	65
9	-130	-149	621451040	-41	-37	-24	-39	-5	-6	0	-273	-307	-54	-84	76	65
9	-130	-149	621453044	-44	-40	-24	-41	-5	-6	0	-278	-313	-54	-84	76	65
9	-130	-149	621455052	-36	-33	-19	-34	-5	-5	0	-283	-318	-54	-84	76	65
9	-130	-149	621457052	-33	-30	-20	-37	-4	-5	0	-287	-323	-54	-84	76	65
9	-130	-149	621459048	-35	-34	-17	-35	-3	-5	0	-290	-328	-54	-84	76	65
9	-130	-149	621461052	-27	-26	-14	-28	-4	-5	0	-294	-333	-54	-84	76	65
9	-130	-149	621463056	-25	-25	-14	-30	-2	-4	0	-296	-337	-54	-84	76	65
9	-130	-149	621465052	-27	-27	-11	-25	-3	-4	0	-299	-341	-54	-84	76	65
9	-130	-149	621467052	-20	-22	-10	-26	-3	-3	0	-302	-344	-54	-84	76	65
9	-130	-149	621469052	-18	-19	-7	-20	-1	-3	0	-303	-347	-54	-84	76	65
9	-130	-149	621471052	-18	-21	-8	-23	-2	-3	0	-305	-350	-54	-84	76	65
9	-130	-149	621473056	-15	-16	-6	-17	-2	-3	0	-307	-353	-54	-84	76	65
9	-130	-149	621475060	-12	-15	-4	-19	-1	-2	0	-308	-355	-54	-84	76	65
9	-130	-149	621477064	-13	-15	-4	-15	-1	-3	0	-309	-358	-54	-84	76	65
9	-130	-149	621479068	-9	-13	-2	-15	-1	-2	0	-310	-360	-54	-84	76	65
9	-130	-149	621481068	-8	-12	-3	-12	-1	-2	0	-311	-362	-54	-84	76	65
9	-130	-149	621483072	-9	-12	-1	-14	-1	-2	0	-312	-364	-54	-84	76	65
9	-130	-149	621485060	-6	-10	0	-13	0	-1	0	-312	-365	-54	-84	76	65
9	-130	-149	621487068	-7	-8	0	-8	-1	-1	0	-313	-366	-54	-84	76	65
9	-130	-149	621489048	-6	-10	0	-12	0	-2	0	-313	-368	-54	-84	76	65
9	-130	-149	621491060	-4	-8	0	-7	-1	-1	0	-314	-369	-54	-84	76	65
9	-130	-149	621493044	-3	-7	0	-9	0	-1	0	-314	-370	-54	-84	76	65
9	-130	-149	621495044	-4	-8	2	-7	0	-2	0	-314	-372	-54	-84	76	65
9	-130	-149	621497044	-4	-7	1	-9	0	-1	0	-314	-373	-54	-84	76	65
9	-130	-149	621499044	-2	-7	1	-6	0	-1	0	-314	-374	-54	-84	76	65
9	-130	-149	621501044	-4	-6	3	-8	0	-1	0	-314	-375	-54	-84	76	65
9	-130	-149	621503048	-1	-6	2	-6	0	-1	0	-314	-376	-54	-84	76	65
9	-130	-149	621505032	-3	-5	1	-6	0	0	0	-314	-376	-54	-84	76	65
9	-130	-149	621507052	-2	-6	3	-5	0	-1	0	-314	-377	-54	-84	76	65
9	-130	-149	621509024	-2	-5	2	-7	0	-1	0	-314	-378	-54	-84	76	65
9	-130	-149	621511028	-2	-5	2	-3	0	-1	0	-314	-379	-54	-84	76	65
9	-130	-149	621513052	-1	-5	2	-5	0	-1	0	-314	-380	-54	-84	76	65
9	-130	-149	621515040	-2	-4	3	-5	0	0	0	-314	-380	-54	-84	76	65
9	-130	-149	621517028	-1	-4	1	-4	0	-1	0	-314	-381	-54	-84	76	65
9	-130	-149	621519016	-1	-4	1	-4	0	0	0	-314	-381	-54	-84	76	65
9	-130	-149	621521056	-1	-2	3	-4	0	-1	0	-314	-382	-54	-84	76	65
9	-130	-149	621523044	-2	-4	1	-3	0	0	0	-314	-382	-54	-84	76	65
9	-130	-149	621525032	-1	-2	1	-3	0	-1	0	-314	-383	-54	-84	76	65
9	-130	-149	621527008	-1	-2	1	-2	0	0	0	-314	-383	-54	-84	76	65
9	-130	-149	621529036	0	-2	2	-3	0	0	0	-314	-383	-54	-84	76	65
9	-130	-149	621531048	-1	-1	0	-1	0	-1	0	-314	-384	-54	-84	76	65
9	-130	-149	621533036	0	-2	1	-1	0	0	0	-314	-384	-54	-84	76	65
9	-130	-149	621535036	-2	-1	1	-2	0	0	0	-314	-384	-54	-84	76	65
9	-130	-149	621537012	0	-1	0	-1	0	0	0	-314	-384	-54	-84	76	65
9	-130	-149	621539020	0	0	0	-1	0	0	0	-314	-384	-54	-84	76	65
9	-130	-149	621541020	-1	-1	1	0	0	0	0	-314	-384	-54	-84	76	65
9	-130	-149	621543016	0	0	0	-1	0	0	0	-314	-384	-54	-84	76	65
9	-130	-149	621547028	0	-2	0	0	0	-1	0	-314	-385	-54	-84	76	65
9	-130	-149	621549040	0	0	2	-2	0	0	0	-314	-385	-54	-84	76	65
9	-130	-149	621569000	0	0	0	0	0	0	1	-314	-385	-54	-84	76	65
10	82	180	621629080	0	1	0	0	0	0	1	-54	-84	28	96	-54	-84
10	82	180	621649080	0	0	0	0	0	0	0	-54	-84	28	96	-54	-84
10	82	180	621663108	2	0	0	0	0	0	0	-54	-84	28	96	-54	-84
10	82	180	621667116	0	0	1	0	0	0	0	-54	-84	28	96	-54	-84
10	82	180	621671156	1	1	0	1	0	0	0	-54	-84	28	96	-54	-84
10	82	180	621673152	1	1	0	1	0	0	0	-54	-84	28	96	-54	-84
10	82	180	621675144	3	3	1	2	0	0	0	-54	-84	28	96	-54	-84
10	82	180	621677152	3	2	1	3	0	0	0	-54	-84	28	96	-54	-84
10	82	180	621679172	5	5	2	4	1	1	0	-53	-83	28	96	-54	-84
10	82	180	621681156	7	7	2	5	0	1	0	-53	-82	28	96	-54	-84
10	82	180	621683176	7	6	3	7	1	1	0	-52	-81	28	96	-54	-84
10	82	180	621685172	9	9	3	8	1	1	0	-51	-80	28	96	-54	-84
10	82	180	621687180	11	10	4	10	1	2	0	-50	-78	28	96	-54	-84
10	82	180	621689180	13	11	6	11	2	1	0	-48	-77	28	96	-54	-84
10	82	180	621691180	16	15	5	12	1	2	0	-47	-75	28	96	-54	-84
10	82	180	621693180	16	16	7	17	2	3	0	-45	-72	28	96	-54	-84
10	82	180	621695180	19	18	7	16	2	2	0	-43	-70	28	96	-54	-84
10	82	180	621697180	25	23	9	20	2	4	0	-41	-66	28	96	-54	-84
10	82	180	621699176	25	24	7	21	3	3	0	-38	-63	28	96	-54	-84
10	82	180	621701176	27	25	12	26	3	4	0	-35	-59	28	96	-54	-84
10	82	180	621703180	33	33	8	27	3	4	0	-32	-55	28	96	-54	-84
10	82	180	621705172	31	30	13	32	3	5	0	-29	-50	28	96	-54	-84
10	82	180	621707176	34	33	10	30	3	5	0	-26	-45	28	96	-54	-84
10	82	180	621709184	41	40	12	39	4	6	0	-22	-39	28	96	-54	-84
10	82	180	621711172	38	38	12	35	4	5	0	-18	-34	28	96	-54	-84
10	82	180	621713176	41	41	12	42	4	6	0	-14	-28	28	96	-54	-84
10	82	180	621715180	47	49	11	42	4	7	0	-10	-21	28	96	-54	-84
10	82	180	621717184	44	45	14	48	5	7	0	-5	-14	28	96	-54	-84
10	82	180	621719188	45	49	13	52	4	8	0	-1	-6	28	96	-54	-84
10	82	180	621721192	51	57	11	47	5	8	0	4	2	28	96	-54	-84
10	82	180	621723188	49	53	12	56	4	8	0	8	10	28	96	-54	-84
10	82	180	621725192	48	56	10	53	5	8	0	13	18	28	96	-54	-84
10	82	180	621727196	56	65	13	61	5	9	0	18	27	28	96	-54	-84
10	82	180	621729200	50	59	10	56	4	9	0	22	36	28	96	-54	-84
10	82	180	621731204	51	62	11	68	5	10	0	27	46	28	96	-54	-84
10	82	180	621733204	58	71	9	60	5	10	0	32	56	28	96	-54	-84
10	82	180	621735204	52	65	10	70	5	10	0	37	66	28	96	-54	-84
10	82	180	621737204	53	68	9	64	4	10	0	41	76	28	96	-54	-84
10	82	180	621739196	60	76	8	73	5	11	0	46	87	28	96	-54	-84
10	82	180	621741200	52	70	8	67	5	10	0	51	97	28	96	-54	-84
10	82	180	621743192	53	70	9	76	5	11	0	56	108	28	96	-54	-84
10	82	180	621745200	58	80	7	77	4	12	0	60	120	28	96	-54	-84
10	82	180	621747188	52	71	8	68	5	10	0	65	130	28	96	-54	-84
10	82	180	621749192	52	72	7	77	4	11	0	69	141	28	96	-54	-84
10	82	180	621751192	59	78	6	69	5	11	0	74	152	28	96	-54	-84
10	82	180	621753200	51	72	7	78	5	12	0	79	164	28	96	-54	-84
10	82	180	621755204	50	70	6	67	4	10	0	83	174	28	96	-54	-84
10	82	180	621757200	56	77	5	76	4	11	0	87	185	28	96	-54	-84
10	82	180	621759192	48	68	5	67	4	10	0	91	195	28	96	-54	-84
10	82	180	621761196	46	66	6	75	4	11	0	95	206	28	96	-54	-84
10	82	180	621763200	51	72	4	63	4	10	0	99	216	28	96	-54	-84
10	82	180	621765204	44	64	6	72	4	10	0	103	226	28	96	-54	-84
10	82	180	621767208	41	61	4	60	3	9	0	106	235	28	96	-54	-84
10	82	180	621769204	47	67	5	67	4	10	0	110	245	28	96	-54	-84
10	82	180	621771212	38	57	5	66	4	10	0	114	255	28	96	-54	-84
10	82	180	621773216	39	56	4	55	3	8	0	117	263	28	96	-54	-84
10	82	180	621775212	41	62	5	63	3	9	0	120	272	28	96	-54	-84
10	82	180	621777208	35	51	5	52	3	8	0	123	280	28	96	-54	-84
10	82	180	621779204	34	51	5	58	3	8	0	126	288	28	96	-54	-84
10	82	180	621781208	36	55	3	50	3	8	0	129	296	28	96	-54	-84
10	82	180	621783208	33	48	5	55	3	8	0	132	304	28	96	-54	-84
10	82	180	621785204	31	46	5	46	3	7	0	135	311	28	96	-54	-84
10	82	180	621787204	34	50	5	51	3	7	0	138	318	28	96	-54	-84
10	82	180	621789204	30	44	5	44	2	7	0	140	325	28	96	-54	-84
10	82	180	621791196	29	41	5	49	3	7	0	143	332	28	96	-54	-84
10	82	180	621793196	31	46	5	41	2	6	0	145	338	28	96	-54	-84
10	82	180	621795192	29	40	5	46	3	7	0	148	345	28	96	-54	-84
10	82	180	621797192	27	39	5	39	2	6	0	150	351	28	96	-54	-84
10	82	180	621799192	30	42	7	43	3	6	0	153	357	28	96	-54	-84
10	82	180	621801188	26	37	5	37	3	5	0	156	362	28	96	-54	-84
10	82	180	621803188	27	36	5	40	2	6	0	158	368	28	96	-54	-84
10	82	180	621805188	28	39	6	40	2	6	0	160	374	28	96	-54	-84
10	82	180	621807188	25	33	5	34	3	5	0	163	379	28	96	-54	-84
10	82	180	621809184	25	33	5	37	2	5	0	165	384	28	96	-54	-84
10	82	180	621811184	27	36	5	30	2	5	0	167	389	28	96	-54	-84
10	82	180	621813184	23	30	6	35	3	5	0	170	394	28	96	-54	-84
10	82	180	621815196	22	30	5	29	2	5	0	172	399	28	96	-54	-84
10	82	180	621817196	23	31	5	33	2	4	0	174	403	28	96	-54	-84
10	82	180	621819196	22	27	5	26	2	4	0	176	407	28	96	-54	-84
10	82	180	621821196	18	26	5	29	1	5	0	177	412	28	96	-54	-84
10	82	180	621823196	22	26	4	23	2	3	0	179	415	28	96	-54	-84
10	82	180	621825196	17	23	5	27	2	4	0	181	419	28	96	-54	-84
10	82	180	621827192	16	21	4	21	2	3	0	183	422	28	96	-54	-84
10	82	180	621829192	17	20	5	22	1	3	0	184	425	28	96	-54	-84
10	82	180	621831188	16	20	3	19	2	3	0	186	428	28	96	-54	-84
10	82	180	621833180	14	16	4	19	1	3	0	187	431	28	96	-54	-84
10	82	180	621835180	11	15	4	17	1	2	0	188	433	28	96	-54	-84
10	82	180	621837180	14	15	4	14	1	2	0	189	435	28	96	-54	-84
10	82	180	621839180	10	11	3	14	1	2	0	190	437	28	96	-54	-84
10	82	180	621841176	10	10	3	10	1	2	0	191	439	28	96	-54	-84
10	82	180	621843176	8	10	4	11	1	1	0	192	440	28	96	-54	-84
10	82	180	621845172	9	8	2	8	1	2	0	193	442	28	96	-54	-84
10	82	180	621847172	6	6	3	8	1	1	0	194	443	28	96	-54	-84
10	82	180	621849160	8	5	2	7	1	0	0	195	443	28	96	-54	-84
10	82	180	621851156	5	5	3	5	0	1	0	195	444	28	96	-54	-84
10	82	180	621853164	5	4	1	3	1	1	0	196	445	28	96	-54	-84
10	82	180	621855132	6	2	2	4	0	0	0	196	445	28	96	-54	-84
10	82	180	621857172	4	3	3	4	1	1	0	197	446	28	96	-54	-84
10	82	180	621859136	5	1	1	2	0	0	0	197	446	28	96	-54	-84
10	82	180	621861148	4	3	1	2	1	0	0	198	446	28	96	-54	-84
10	82	180	621863132	5	0	3	1	0	0	0	198	446	28	96	-54	-84
10	82	180	621865140	3	1	1	1	0	1	0	198	447	28	96	-54	-84
10	82	180	621867136	4	1	1	1	1	0	0	199	447	28	96	-54	-84
10	82	180	621869092	4	0	2	0	0	0	0	199	447	28	96	-54	-84
10	82	180	621871132	4	1	2	2	1	0	0	200	447	28	96	-54	-84
10	82	180	621873084	3	0	1	0	0	0	0	200	447	28	96	-54	-84
10	82	180	621875112	4	2	2	1	0	0	0	200	447	28	96	-54	-84
10	82	180	621877096	4	0	1	0	1	0	0	201	447	28	96	-54	-84
10	82	180	621879076	5	0	1	0	0	0	0	201	447	28	96	-54	-84
10	82	180	621881116	4	1	1	1	1	0	0	202	447	28	96	-54	-84
10	82	180	621883076	3	0	3	0	0	0	0	202	447	28	96	-54	-84
10	82	180	621885092	5	0	1	0	1	0	0	203	447	28	96	-54	-84
10	82	180	621887108	4	1	1	1	0	0	0	203	447	28	96	-54	-84
10	82	180	621889076	3	0	2	0	0	0	0	203	447	28	96	-54	-84
10	82	180	621891132	5	1	1	2	1	1	0	204	448	28	96	-54	-84
10	82	180	621893076	2	0	1	0	0	0	0	204	448	28	96	-54	-84
10	82	180	621895104	3	0	1	1	0	0	0	204	448	28	96	-54	-84
10	82	180	621897116	3	2	2	0	1	0	0	205	448	28	96	-54	-84
10	82	180	621899084	3	0	1	0	0	0	0	205	448	28	96	-54	-84
10	82	180	621901112	2	0	1	1	0	0	0	205	448	28	96	-54	-84
10	82	180	621903112	3	1	1	0	0	0	0	205	448	28	96	-54	-84
10	82	180	621905120	1	0	0	1	1	0	0	206	448	28	96	-54	-84
10	82	180	621907080	1	0	2	0	0	0	0	206	448	28	96	-54	-84
10	82	180	621909080	2	0	1	0	0	0	0	206	448	28	96	-54	-84
10	82	180	621911112	1	1	1	2	0	0	0	206	448	28	96	-54	-84
10	82	180	621913076	1	0	0	0	0	0	0	206	448	28	96	-54	-84
10	82	180	621915072	0	0	1	0	0	0	0	206	448	28	96	-54	-84
10	82	180	621917076	0	0	0	1	0	0	0	206	448	28	96	-54	-84
10	82	180	621919092	1	0	2	0	1	0	0	207	448	28	96	-54	-84
10	82	180	621921048	0	0	0	0	0	0	1	207	448	28	96	-54	-84
11	-28	-196	621927076	0	0	1	0	0	0	1	28	96	0	-100	28	96
11	-28	-196	621929092	0	0	0	1	0	1	1	28	97	0	-100	28	96
11	-28	-196	621981116	-1	0	-2	0	0	0	1	28	97	0	-100	28	96
11	-28	-196	621985120	-3	0	-1	0	0	0	1	28	97	0	-100	28	96
11	-28	-196	621987152	-1	0	0	-1	0	0	1	28	97	0	-100	28	96
11	-28	-196	621989148	-4	0	-1	-2	0	0	0	28	97	0	-100	28	96
11	-28	-196	621991168	-3	-2	-1	-1	-1	0	0	27	97	0	-100	28	96
11	-28	-196	621993148	-5	-2	-2	-2	0	0	0	27	97	0	-100	28	96
11	-28	-196	621995176	-5	-4	-1	-4	-1	-1	0	26	96	0	-100	28	96
11	-28	-196	621997164	-7	-5	-1	-5	0	-1	0	26	95	0	-100	28	96
11	-28	-196	621999160	-8	-7	-1	-5	-1	0	0	25	95	0	-100	28	96
11	-28	-196	622001168	-9	-8	-2	-9	-1	-2	0	24	93	0	-100	28	96
11	-28	-196	622003164	-10	-10	-2	-7	-1	-1	0	23	92	0	-100	28	96
11	-28	-196	622005164	-13	-12	-1	-12	-1	-2	0	22	90	0	-100	28	96
11	-28	-196	622007152	-11	-14	-2	-12	-1	-2	0	21	88	0	-100	28	96
11	-28	-196	622009164	-14	-15	-2	-15	-1	-2	0	20	86	0	-100	28	96
11	-28	-196	622011164	-16	-20	-1	-18	-1	-3	0	19	83	0	-100	28	96
11	-28	-196	622013172	-16	-19	-2	-17	-1	-3	0	18	80	0	-100	28	96
11	-28	-196	622015168	-18	-22	-2	-24	-2	-3	0	16	77	0	-100	28	96
11	-28	-196	622017160	-20	-28	-1	-22	-2	-4	0	14	73	0	-100	28	96
11	-28	-196	622019168	-20	-27	-2	-28	-1	-4	0	13	69	0	-100	28	96
11	-28	-196	622021168	-21	-30	-1	-27	-2	-4	0	11	65	0	-100	28	96
11	-28	-196	622023180	-24	-37	-1	-34	-2	-6	0	9	59	0	-100	28	96
11	-28	-196	622025172	-23	-35	-1	-31	-2	-4	0	7	55	0	-100	28	96
11	-28	-196	622027180	-25	-37	0	-39	-1	-6	0	6	49	0	-100	28	96
11	-28	-196	622029180	-28	-44	-2	-36	-3	-6	0	3	43	0	-100	28	96
11	-28	-196	622031184	-27	-41	0	-44	-2	-7	0	1	36	0	-100	28	96
11	-28	-196	622033180	-28	-44	0	-41	-2	-6	0	-1	30	0	-100	28	96
11	-28	-196	622035180	-32	-52	0	-50	-2	-8	0	-3	22	0	-100	28	96
11	-28	-196	622037184	-32	-49	0	-45	-3	-7	0	-6	15	0	-100	28	96
11	-28	-196	622039188	-31	-51	0	-55	-2	-8	0	-8	7	0	-100	28	96
11	-28	-196	622041188	-37	-60	1	-58	-3	-8	0	-11	-1	0	-100	28	96
11	-28	-196	622043188	-35	-57	1	-52	-2	-9	0	-13	-10	0	-100	28	96
11	-28	-196	622045192	-37	-57	1	-62	-3	-9	0	-16	-19	0	-100	28	96
11	-28	-196	622047188	-41	-66	1	-55	-3	-9	0	-19	-28	0	-100	28	96
11	-28	-196	622049188	-37	-60	3	-65	-2	-9	0	-21	-37	0	-100	28	96
11	-28	-196	622051184	-39	-62	2	-58	-3	-9	0	-24	-46	0	-100	28	96
11	-28	-196	622053184	-44	-71	4	-69	-3	-10	0	-27	-56	0	-100	28	96
11	-28	-196	622055184	-40	-62	4	-60	-3	-10	0	-30	-66	0	-100	28	96
11	-28	-196	622057196	-40	-65	5	-70	-3	-10	0	-33	-76	0	-100	28	96
11	-28	-196	622059200	-45	-73	5	-63	-3	-10	0	-36	-86	0	-100	28	96
11	-28	-196	622061192	-41	-66	6	-72	-2	-10	0	-38	-96	0	-100	28	96
11	-28	-196	622063184	-41	-65	6	-64	-3	-10	0	-41	-106	0	-100	28	96
11	-28	-196	622065188	-47	-74	9	-72	-3	-11	0	-44	-117	0	-100	28	96
11	-28	-196	622067180	-40	-66	10	-74	-2	-10	0	-46	-127	0	-100	28	96
11	-28	-196	622069176	-41	-68	9	-65	-2	-10	0	-48	-137	0	-100	28	96
11	-28	-196	622071180	-46	-73	12	-75	-3	-11	0	-51	-148	0	-100	28	96
11	-28	-196	622073176	-40	-68	12	-65	-2	-10	0	-53	-158	0	-100	28	96
11	-28	-196	622075176	-41	-67	13	-75	-2	-11	0	-55	-169	0	-100	28	96
11	-28	-196	622077176	-47	-77	13	-66	-3	-11	0	-58	-180	0	-100	28	96
11	-28	-196	622079176	-41	-67	16	-77	-1	-11	0	-59	-191	0	-100	28	96
11	-28	-196	622081176	-41	-69	14	-67	-2	-10	0	-61	-201	0	-100	28	96
11	-28	-196	622083172	-41	-70	15	-78	-2	-11	0	-63	-212	0	-100	28	96
11	-28	-196	622085164	-47	-79	14	-68	-3	-11	0	-66	-223	0	-100	28	96
11	-28	-196	622087164	-42	-71	16	-79	-2	-11	0	-68	-234	0	-100	28	96
11	-28	-196	622089160	-44	-72	14	-70	-2	-11	0	-70	-245	0	-100	28	96
11	-28	-196	622091152	-47	-80	15	-80	-2	-12	0	-72	-257	0	-100	28	96
11	-28	-196	622093148	-44	-73	13	-70	-3	-11	0	-75	-268	0	-100	28	96
11	-28	-196	622095148	-43	-71	15	-80	-2	-11	0	-77	-279	0	-100	28	96
11	-28	-196	622097144	-47	-80	13	-69	-2	-11	0	-79	-290	0	-100	28	96
11	-28	-196	622099140	-43	-70	14	-79	-3	-11	0	-82	-301	0	-100	28	96
11	-28	-196	622101136	-40	-69	12	-67	-2	-10	0	-84	-311	0	-100	28	96
11	-28	-196	622103128	-45	-76	13	-76	-2	-12	0	-86	-323	0	-100	28	96
11	-28	-196	622105136	-38	-65	12	-74	-2	-10	0	-88	-333	0	-100	28	96
11	-28	-196	622107136	-37	-64	10	-63	-2	-10	0	-90	-343	0	-100	28	96
11	-28	-196	622109132	-38	-69	10	-68	-2	-10	0	-92	-353	0	-100	28	96
11	-28	-196	622111140	-34	-58	9	-59	-2	-9	0	-94	-362	0	-100	28	96
11	-28	-196	622113140	-31	-55	10	-64	-2	-9	0	-96	-371	0	-100	28	96
11	-28	-196	622115140	-33	-59	9	-52	-1	-8	0	-97	-379	0	-100	28	96
11	-28	-196	622117140	-26	-50	8	-58	-2	-8	0	-99	-387	0	-100	28	96
11	-28	-196	622119136	-24	-46	8	-46	-1	-7	0	-100	-394	0	-100	28	96
11	-28	-196	622121144	-25	-48	9	-51	-1	-8	0	-101	-402	0	-100	28	96
11	-28	-196	622123140	-21	-41	7	-40	-1	-6	0	-102	-408	0	-100	28	96
11	-28	-196	622125140	-19	-38	9	-45	-1	-6	0	-103	-414	0	-100	28	96
11	-28	-196	622127136	-19	-38	6	-35	-1	-5	0	-104	-419	0	-100	28	96
11	-28	-196	622129136	-15	-32	8	-38	-1	-6	0	-105	-425	0	-100	28	96
11	-28	-196	622131112	-13	-30	6	-31	0	-4	0	-105	-429	0	-100	28	96
11	-28	-196	622133132	-15	-30	6	-31	-1	-5	0	-106	-434	0	-100	28	96
11	-28	-196	622135116	-12	-23	6	-29	0	-4	0	-106	-438	0	-100	28	96
11	-28	-196	622137132	-10	-23	4	-23	-1	-3	0	-107	-441	0	-100	28	96
11	-28	-196	622139120	-8	-21	5	-23	0	-3	0	-107	-444	0	-100	28	96
11	-28	-196	622141116	-8	-16	4	-18	0	-3	0	-107	-447	0	-100	28	96
11	-28	-196	622143112	-7	-15	4	-19	0	-2	0	-107	-449	0	-100	28	96
11	-28	-196	622145128	-7	-15	2	-13	-1	-3	0	-108	-452	0	-100	28	96
11	-28	-196	622147116	-5	-12	3	-14	0	-2	0	-108	-454	0	-100	28	96
11	-28	-196	622149116	-3	-8	2	-10	0	-1	0	-108	-455	0	-100	28	96
11	-28	-196	622151112	-4	-9	3	-10	0	-1	0	-108	-456	0	-100	28	96
11	-28	-196	622153116	-3	-6	1	-8	0	-1	0	-108	-457	0	-100	28	96
11	-28	-196	622155100	-1	-4	1	-7	0	-1	0	-108	-458	0	-100	28	96
11	-28	-196	622157132	-1	-5	0	-4	0	-1	0	-108	-459	0	-100	28	96
11	-28	-196	622159092	-1	-1	1	-5	0	0	0	-108	-459	0	-100	28	96
11	-28	-196	622161100	0	-3	0	-2	0	-1	0	-108	-460	0	-100	28	96
11	-28	-196	622163088	0	0	0	-3	0	0	0	-108	-460	0	-100	28	96
11	-28	-196	622165084	0	-1	0	-1	0	0	0	-108	-460	0	-100	28	96
11	-28	-196	622179060	0	0	0	0	0	0	1	-108	-460	0	-100	28	96
