1	-28	196	115512056	0	0	0	1	0	0	1	0	-100	-28	96	0	-100
1	-28	196	115564096	0	0	-1	0	0	0	1	0	-100	-28	96	0	-100
1	-28	196	115566100	0	1	-1	0	0	0	1	0	-100	-28	96	0	-100
1	-28	196	115568096	0	0	-3	0	0	0	1	0	-100	-28	96	0	-100
1	-28	196	115570108	0	1	-3	1	0	0	1	0	-100	-28	96	0	-100
1	-28	196	115572104	0	1	-5	0	0	0	1	0	-100	-28	96	0	-100
1	-28	196	115574104	0	1	-7	3	0	0	1	0	-100	-28	96	0	-100
1	-28	196	115576128	0	1	-6	2	-1	1	1	-1	-99	-28	96	0	-100
1	-28	196	115578100	0	3	-10	3	0	0	1	-1	-99	-28	96	0	-100
1	-28	196	115580104	0	3	-8	3	0	0	0	-1	-99	-28	96	0	-100
1	-28	196	115582104	0	3	-10	2	0	0	0	-1	-99	-28	96	0	-100
1	-28	196	115584124	1	4	-10	2	-1	0	0	-2	-99	-28	96	0	-100
1	-28	196	115586104	0	2	-9	4	0	1	0	-2	-98	-28	96	0	-100
1	-28	196	115588096	0	4	-9	4	0	0	0	-2	-98	-28	96	0	-100
1	-28	196	115590108	0	4	-8	4	-1	0	0	-3	-98	-28	96	0	-100
1	-28	196	115592092	0	3	-8	3	0	0	0	-3	-98	-28	96	0	-100
1	-28	196	115594104	0	5	-6	5	0	1	0	-3	-97	-28	96	0	-100
1	-28	196	115596088	0	4	-7	5	0	0	0	-3	-97	-28	96	0	-100
1	-28	196	115598100	0	5	-6	5	-1	0	0	-4	-97	-28	96	0	-100
1	-28	196	115600088	0	5	-5	4	0	1	0	-4	-96	-28	96	0	-100
1	-28	196	115602088	0	5	-4	5	0	0	0	-4	-96	-28	96	0	-100
1	-28	196	115604096	-2	6	-5	4	0	0	0	-4	-96	-28	96	0	-100
1	-28	196	115606108	-2	5	-5	5	0	1	0	-4	-95	-28	96	0	-100
1	-28	196	115608108	-2	7	-5	6	-1	0	0	-5	-95	-28	96	0	-100
1	-28	196	115610104	-3	7	-6	7	0	0	0	-5	-95	-28	96	0	-100
1	-28	196	115612120	-4	8	-6	8	0	1	0	-5	-94	-28	96	0	-100
1	-28	196	115614120	-3	8	-6	9	0	1	0	-5	-93	-28	96	0	-100
1	-28	196	115616124	-5	10	-7	9	-1	0	0	-6	-93	-28	96	0	-100
1	-28	196	115618120	-6	10	-7	11	0	1	0	-6	-92	-28	96	0	-100
1	-28	196	115620128	-5	10	-8	10	-1	1	0	-7	-91	-28	96	0	-100
1	-28	196	115622108	-7	13	-7	12	0	0	0	-7	-91	-28	96	0	-100
1	-28	196	115624136	-7	13	-10	13	-1	1	0	-8	-90	-28	96	0	-100
1	-28	196	115626120	-9	13	-8	13	0	1	0	-8	-89	-28	96	0	-100
1	-28	196	115628136	-9	14	-9	15	-1	1	0	-9	-88	-28	96	0	-100
1	-28	196	115630120	-10	15	-8	14	-1	1	0	-10	-87	-28	96	0	-100
1	-28	196	115632116	-9	16	-8	18	0	1	0	-10	-86	-28	96	0	-100
1	-28	196	115634128	-10	17	-9	16	-1	1	0	-11	-85	-28	96	0	-100
1	-28	196	115636112	-11	18	-8	16	0	1	0	-11	-84	-28	96	0	-100
1	-28	196	115638132	-12	18	-11	21	-1	2	0	-12	-82	-28	96	0	-100
1	-28	196	115640128	-11	21	-8	19	-1	1	0	-13	-81	-28	96	0	-100
1	-28	196	115642116	-12	21	-9	22	0	1	0	-13	-80	-28	96	0	-100
1	-28	196	115644132	-13	23	-10	22	-1	2	0	-14	-78	-28	96	0	-100
1	-28	196	115646128	-13	25	-9	25	-1	2	0	-15	-76	-28	96	0	-100
1	-28	196	115648132	-14	26	-10	25	-1	1	0	-16	-75	-28	96	0	-100
1	-28	196	115650112	-14	27	-8	24	0	2	0	-16	-73	-28	96	0	-100
1	-28	196	115652124	-14	28	-8	30	-1	2	0	-17	-71	-28	96	0	-100
1	-28	196	115654128	-15	29	-8	28	-1	2	0	-18	-69	-28	96	0	-100
1	-28	196	115656128	-14	31	-8	34	-1	2	0	-19	-67	-28	96	0	-100
1	-28	196	115658116	-15	33	-8	31	0	2	0	-19	-65	-28	96	0	-100
1	-28	196	115660132	-14	33	-8	36	-1	2	0	-20	-63	-28	96	0	-100
1	-28	196	115662136	-15	35	-8	34	-1	3	0	-21	-60	-28	96	0	-100
1	-28	196	115664136	-15	37	-8	39	-1	2	0	-22	-58	-28	96	0	-100
1	-28	196	115666124	-14	37	-8	36	0	3	0	-22	-55	-28	96	0	-100
1	-28	196	115668140	-13	39	-7	37	-1	2	0	-23	-53	-28	96	0	-100
1	-28	196	115670140	-14	41	-8	42	-1	3	0	-24	-50	-28	96	0	-100
1	-28	196	115672132	-13	41	-7	38	-1	3	0	-25	-47	-28	96	0	-100
1	-28	196	115674124	-12	43	-8	46	0	3	0	-25	-44	-28	96	0	-100
1	-28	196	115676140	-12	45	-7	41	-1	2	0	-26	-42	-28	96	0	-100
1	-28	196	115678116	-10	46	-9	50	0	4	0	-26	-38	-28	96	0	-100
1	-28	196	115680136	-9	48	-6	45	-1	3	0	-27	-35	-28	96	0	-100
1	-28	196	115682128	-10	48	-8	46	-1	3	0	-28	-32	-28	96	0	-100
1	-28	196	115684112	-8	49	-6	53	0	3	0	-28	-29	-28	96	0	-100
1	-28	196	115686120	-8	48	-8	46	-1	3	0	-29	-26	-28	96	0	-100
1	-28	196	115688104	-8	49	-6	53	0	4	0	-29	-22	-28	96	0	-100
1	-28	196	115690108	-8	48	-6	47	-1	3	0	-30	-19	-28	96	0	-100
1	-28	196	115692092	-9	48	-6	50	0	3	0	-30	-16	-28	96	0	-100
1	-28	196	115694104	-9	48	-4	45	0	3	0	-30	-13	-28	96	0	-100
1	-28	196	115696116	-9	46	-3	45	-1	3	0	-31	-10	-28	96	0	-100
1	-28	196	115698112	-9	47	-3	50	0	4	0	-31	-6	-28	96	0	-100
1	-28	196	115700120	-9	45	-2	43	-1	3	0	-32	-3	-28	96	0	-100
1	-28	196	115702108	-9	45	-1	49	0	3	0	-32	0	-28	96	0	-100
1	-28	196	115704096	-9	43	0	41	0	3	0	-32	3	-28	96	0	-100
1	-28	196	115706104	-11	44	0	46	-1	3	0	-33	6	-28	96	0	-100
1	-28	196	115708104	-10	41	2	40	0	2	0	-33	8	-28	96	0	-100
1	-28	196	115710104	-10	40	3	38	0	3	0	-33	11	-28	96	0	-100
1	-28	196	115712104	-11	39	4	41	0	2	0	-33	13	-28	96	0	-100
1	-28	196	115714112	-10	37	2	36	-1	3	0	-34	16	-28	96	0	-100
1	-28	196	115716096	-10	37	5	38	0	2	0	-34	18	-28	96	0	-100
1	-28	196	115718092	-11	34	4	33	0	3	0	-34	21	-28	96	0	-100
1	-28	196	115720104	-11	33	5	36	0	2	0	-34	23	-28	96	0	-100
1	-28	196	115722104	-10	32	3	30	0	2	0	-34	25	-28	96	0	-100
1	-28	196	115724112	-10	30	7	33	-1	2	0	-35	27	-28	96	0	-100
1	-28	196	115726096	-11	29	5	28	0	2	0	-35	29	-28	96	0	-100
1	-28	196	115728092	-10	28	6	27	0	2	0	-35	31	-28	96	0	-100
1	-28	196	115730096	-9	26	7	30	0	2	0	-35	33	-28	96	0	-100
1	-28	196	115732088	-11	27	6	26	0	1	0	-35	34	-28	96	0	-100
1	-28	196	115734084	-9	25	8	27	0	2	0	-35	36	-28	96	0	-100
1	-28	196	115736092	-10	24	5	24	0	2	0	-35	38	-28	96	0	-100
1	-28	196	115738092	-10	24	7	26	0	1	0	-35	39	-28	96	0	-100
1	-28	196	115740112	-10	22	5	23	-1	2	0	-36	41	-28	96	0	-100
1	-28	196	115742096	-9	23	5	21	0	1	0	-36	42	-28	96	0	-100
1	-28	196	115744100	-11	21	6	24	0	2	0	-36	44	-28	96	0	-100
1	-28	196	115746100	-11	22	5	20	0	1	0	-36	45	-28	96	0	-100
1	-28	196	115748104	-12	21	4	24	0	2	0	-36	47	-28	96	0	-100
1	-28	196	115750116	-12	21	5	20	-1	1	0	-37	48	-28	96	0	-100
1	-28	196	115752100	-13	21	5	23	0	2	0	-37	50	-28	96	0	-100
1	-28	196	115754100	-14	20	3	19	0	1	0	-37	51	-28	96	0	-100
1	-28	196	115756096	-13	21	4	20	-1	1	0	-38	52	-28	96	0	-100
1	-28	196	115758088	-14	21	4	22	0	2	0	-38	54	-28	96	0	-100
1	-28	196	115760084	-15	20	4	19	0	1	0	-38	55	-28	96	0	-100
1	-28	196	115762092	-14	20	2	23	-1	2	0	-39	57	-28	96	0	-100
1	-28	196	115764080	-16	20	4	19	0	1	0	-39	58	-28	96	0	-100
1	-28	196	115766076	-16	19	4	21	0	1	0	-39	59	-28	96	0	-100
1	-28	196	115768092	-17	19	3	18	-1	1	0	-40	60	-28	96	0	-100
1	-28	196	115770072	-16	19	3	19	0	2	0	-40	62	-28	96	0	-100
1	-28	196	115772084	-18	19	2	19	-1	1	0	-41	63	-28	96	0	-100
1	-28	196	115774064	-17	18	3	19	0	1	0	-41	64	-28	96	0	-100
1	-28	196	115776076	-19	18	3	20	-1	1	0	-42	65	-28	96	0	-100
1	-28	196	115778072	-19	18	3	18	0	2	0	-42	67	-28	96	0	-100
1	-28	196	115780080	-19	18	4	19	-1	1	0	-43	68	-28	96	0	-100
1	-28	196	115782076	-20	17	2	17	0	1	0	-43	69	-28	96	0	-100
1	-28	196	115784088	-21	16	2	16	-1	1	0	-44	70	-28	96	0	-100
1	-28	196	115786084	-21	17	3	18	-1	1	0	-45	71	-28	96	0	-100
1	-28	196	115788072	-22	16	3	15	0	1	0	-45	72	-28	96	0	-100
1	-28	196	115790088	-21	15	3	17	-1	1	0	-46	73	-28	96	0	-100
1	-28	196	115792080	-22	15	3	14	-1	1	0	-47	74	-28	96	0	-100
1	-28	196	115794068	-21	14	1	15	0	1	0	-47	75	-28	96	0	-100
1	-28	196	115796072	-20	13	2	14	-1	1	0	-48	76	-28	96	0	-100
1	-28	196	115798056	-21	14	1	12	-1	1	0	-49	77	-28	96	0	-100
1	-28	196	115800052	-19	12	1	13	0	1	0	-49	78	-28	96	0	-100
1	-28	196	115802060	-19	11	0	12	-1	1	0	-50	79	-28	96	0	-100
1	-28	196	115804032	-18	11	0	13	0	0	0	-50	79	-28	96	0	-100
1	-28	196	115806060	-19	11	0	10	-1	1	0	-51	80	-28	96	0	-100
1	-28	196	115808068	-18	10	1	11	-1	1	0	-52	81	-28	96	0	-100
1	-28	196	115810040	-17	10	0	11	0	1	0	-52	82	-28	96	0	-100
1	-28	196	115812036	-16	10	0	9	-1	0	0	-53	82	-28	96	0	-100
1	-28	196	115814048	-17	9	1	10	0	1	0	-53	83	-28	96	0	-100
1	-28	196	115816036	-16	9	0	9	-1	0	0	-54	83	-28	96	0	-100
1	-28	196	115818044	-16	9	1	10	0	1	0	-54	84	-28	96	0	-100
1	-28	196	115820048	-15	9	0	7	-1	1	0	-55	85	-28	96	0	-100
1	-28	196	115822036	-13	9	1	10	0	0	0	-55	85	-28	96	0	-100
1	-28	196	115824068	-14	8	1	8	-1	1	0	-56	86	-28	96	0	-100
1	-28	196	115826040	-12	8	2	9	0	0	0	-56	86	-28	96	0	-100
1	-28	196	115828048	-13	8	1	8	0	1	0	-56	87	-28	96	0	-100
1	-28	196	115830052	-11	8	1	8	-1	0	0	-57	87	-28	96	0	-100
1	-28	196	115832048	-10	9	1	9	0	1	0	-57	88	-28	96	0	-100
1	-28	196	115834040	-10	7	2	8	0	0	0	-57	88	-28	96	0	-100
1	-28	196	115836048	-8	9	1	8	0	1	0	-57	89	-28	96	0	-100
1	-28	196	115838052	-8	6	2	7	-1	0	0	-58	89	-28	96	0	-100
1	-28	196	115840036	-7	8	2	7	0	1	0	-58	90	-28	96	0	-100
1	-28	196	115842020	-7	5	2	8	0	0	0	-58	90	-28	96	0	-100
1	-28	196	115844032	-5	7	2	5	0	1	0	-58	91	-28	96	0	-100
1	-28	196	115846016	-6	5	3	7	0	0	0	-58	91	-28	96	0	-100
1	-28	196	115848020	-5	5	1	5	0	1	0	-58	92	-28	96	0	-100
1	-28	196	115850012	-4	6	2	6	0	0	0	-58	92	-28	96	0	-100
1	-28	196	115852016	-5	5	2	5	0	0	0	-58	92	-28	96	0	-100
1	-28	196	115854024	-4	3	2	4	-1	0	0	-59	92	-28	96	0	-100
1	-28	196	115856000	-2	4	2	5	0	1	0	-59	93	-28	96	0	-100
1	-28	196	115858012	-4	4	2	3	0	0	0	-59	93	-28	96	0	-100
1	-28	196	115860012	-2	3	2	3	0	0	0	-59	93	-28	96	0	-100
1	-28	196	115862020	-3	3	1	2	0	0	0	-59	93	-28	96	0	-100
1	-28	196	115864036	-3	2	2	2	0	1	0	-59	94	-28	96	0	-100
1	-28	196	115866032	-2	2	1	2	0	0	0	-59	94	-28	96	0	-100
1	-28	196	115868032	-1	1	1	2	0	0	0	-59	94	-28	96	0	-100
1	-28	196	115870028	-1	1	1	1	0	0	0	-59	94	-28	96	0	-100
1	-28	196	115872028	-1	1	1	1	0	0	0	-59	94	-28	96	0	-100
1	-28	196	115874024	-1	0	1	1	0	0	0	-59	94	-28	96	0	-100
1	-28	196	115876024	0	1	1	0	0	0	0	-59	94	-28	96	0	-100
1	-28	196	115878016	0	1	1	1	0	0	0	-59	94	-28	96	0	-100
1	-28	196	115880004	0	1	2	1	0	0	0	-59	94	-28	96	0	-100
1	-28	196	115882008	0	1	1	1	0	0	0	-59	94	-28	96	0	-100
1	-28	196	115884008	0	1	2	0	0	0	0	-59	94	-28	96	0	-100
1	-28	196	115886004	0	1	1	2	0	0	0	-59	94	-28	96	0	-100
1	-28	196	115888016	-1	1	2	1	0	0	0	-59	94	-28	96	0	-100
1	-28	196	115890008	0	1	2	0	0	0	0	-59	94	-28	96	0	-100
1	-28	196	115892012	-2	1	4	2	0	0	0	-59	94	-28	96	0	-100
1	-28	196	115894024	-1	2	3	1	0	1	0	-59	95	-28	96	0	-100
1	-28	196	115896012	-2	1	4	2	0	0	0	-59	95	-28	96	0	-100
1	-28	196	115898008	-1	1	3	2	0	0	0	-59	95	-28	96	0	-100
1	-28	196	115900012	-1	2	4	2	0	0	0	-59	95	-28	96	0	-100
1	-28	196	115902012	-1	2	6	2	0	0	0	-59	95	-28	96	0	-100
1	-28	196	115904012	-1	3	4	2	0	0	0	-59	95	-28	96	0	-100
1	-28	196	115906012	-2	2	4	2	0	0	0	-59	95	-28	96	0	-100
1	-28	196	115908024	-1	2	5	2	1	0	0	-58	95	-28	96	0	-100
1	-28	196	115910020	-1	2	5	3	0	1	0	-58	96	-28	96	0	-100
1	-28	196	115912008	-3	2	4	3	0	0	0	-58	96	-28	96	0	-100
1	-28	196	115914008	-2	2	4	3	0	0	0	-58	96	-28	96	0	-100
1	-28	196	115916004	-1	2	4	2	0	0	1	-58	96	-28	96	0	-100
2	-28	196	115918004	-2	2	4	2	0	0	1	-28	96	-28	96	0	-100
2	82	-180	115920004	-2	3	3	2	0	0	1	-28	96	54	-84	-28	96
2	82	-180	115922000	-1	1	3	2	0	1	1	-28	97	54	-84	-28	96
2	82	-180	115923992	-2	2	3	2	0	0	1	-28	97	54	-84	-28	96
2	82	-180	115925992	-1	1	3	2	0	0	1	-28	97	54	-84	-28	96
2	82	-180	115927988	-1	1	2	0	0	0	1	-28	97	54	-84	-28	96
2	82	-180	115929984	-1	1	1	1	0	0	1	-28	97	54	-84	-28	96
2	82	-180	115931976	0	0	0	1	0	0	1	-28	97	54	-84	-28	96
2	82	-180	115933976	0	1	0	1	0	0	1	-28	97	54	-84	-28	96
2	82	-180	115937980	0	0	1	0	0	0	1	-28	97	54	-84	-28	96
2	82	-180	115939976	0	1	0	0	0	0	1	-28	97	54	-84	-28	96
2	82	-180	115943980	0	0	0	1	0	0	1	-28	97	54	-84	-28	96
2	82	-180	115945980	0	0	1	0	0	0	1	-28	97	54	-84	-28	96
2	82	-180	115949976	0	1	0	0	0	0	1	-28	97	54	-84	-28	96
2	82	-180	115953980	0	0	0	1	0	0	1	-28	97	54	-84	-28	96
2	82	-180	115963972	0	1	0	0	0	0	1	-28	97	54	-84	-28	96
2	82	-180	116001980	0	0	0	0	0	0	0	-28	97	54	-84	-28	96
2	82	-180	116007984	0	-1	0	-1	0	0	0	-28	97	54	-84	-28	96
2	82	-180	116010000	2	-3	-1	-3	0	0	0	-28	97	54	-84	-28	96
2	82	-180	116012000	4	-4	-1	-5	0	0	0	-28	97	54	-84	-28	96
2	82	-180	116013996	6	-5	-4	-6	0	0	0	-28	97	54	-84	-28	96
2	82	-180	116016008	8	-9	-5	-10	1	0	0	-27	97	54	-84	-28	96
2	82	-180	116018008	10	-10	-5	-11	0	-1	0	-27	96	54	-84	-28	96
2	82	-180	116020012	13	-13	-5	-13	0	-1	0	-27	95	54	-84	-28	96
2	82	-180	116022020	13	-14	-5	-14	0	-1	0	-27	94	54	-84	-28	96
2	82	-180	116024032	14	-15	-5	-15	1	-1	0	-26	93	54	-84	-28	96
2	82	-180	116026024	16	-16	-5	-17	0	-1	0	-26	92	54	-84	-28	96
2	82	-180	116028028	16	-17	-4	-17	0	-1	0	-26	91	54	-84	-28	96
2	82	-180	116030048	17	-18	-4	-20	1	-1	0	-25	90	54	-84	-28	96
2	82	-180	116032032	18	-18	-2	-17	0	-2	0	-25	88	54	-84	-28	96
2	82	-180	116034040	17	-19	-2	-22	1	-1	0	-24	87	54	-84	-28	96
2	82	-180	116036036	19	-21	-2	-21	0	-1	0	-24	86	54	-84	-28	96
2	82	-180	116038044	19	-21	-3	-23	1	-2	0	-23	84	54	-84	-28	96
2	82	-180	116040024	20	-23	-2	-22	0	-1	0	-23	83	54	-84	-28	96
2	82	-180	116042032	22	-24	-1	-23	1	-2	0	-22	81	54	-84	-28	96
2	82	-180	116044020	23	-27	0	-28	1	-2	0	-21	79	54	-84	-28	96
2	82	-180	116046024	23	-27	0	-27	1	-2	0	-20	77	54	-84	-28	96
2	82	-180	116048012	24	-29	0	-32	0	-2	0	-20	75	54	-84	-28	96
2	82	-180	116050028	27	-30	0	-29	1	-2	0	-19	73	54	-84	-28	96
2	82	-180	116052036	27	-33	-1	-35	1	-2	0	-18	71	54	-84	-28	96
2	82	-180	116054036	28	-32	-1	-32	1	-2	0	-17	69	54	-84	-28	96
2	82	-180	116056036	29	-35	-2	-34	1	-2	0	-16	67	54	-84	-28	96
2	82	-180	116058044	30	-36	-2	-39	1	-3	0	-15	64	54	-84	-28	96
2	82	-180	116060040	30	-36	-4	-37	1	-2	0	-14	62	54	-84	-28	96
2	82	-180	116062036	31	-38	-4	-41	1	-3	0	-13	59	54	-84	-28	96
2	82	-180	116064040	31	-38	-4	-37	1	-2	0	-12	57	54	-84	-28	96
2	82	-180	116066036	32	-38	-4	-43	1	-3	0	-11	54	54	-84	-28	96
2	82	-180	116068028	33	-38	-5	-39	1	-3	0	-10	51	54	-84	-28	96
2	82	-180	116070012	31	-39	-5	-39	0	-2	0	-10	49	54	-84	-28	96
2	82	-180	116072024	32	-39	-5	-45	1	-3	0	-9	46	54	-84	-28	96
2	82	-180	116074028	32	-40	-6	-41	1	-3	0	-8	43	54	-84	-28	96
2	82	-180	116076024	33	-42	-7	-46	1	-3	0	-7	40	54	-84	-28	96
2	82	-180	116078036	32	-42	-4	-42	1	-2	0	-6	38	54	-84	-28	96
2	82	-180	116080024	32	-41	-7	-46	1	-3	0	-5	35	54	-84	-28	96
2	82	-180	116082028	32	-41	-5	-41	1	-3	0	-4	32	54	-84	-28	96
2	82	-180	116084032	31	-41	-6	-41	1	-3	0	-3	29	54	-84	-28	96
2	82	-180	116086024	31	-42	-6	-46	0	-3	0	-3	26	54	-84	-28	96
2	82	-180	116088040	33	-41	-5	-40	1	-2	0	-2	24	54	-84	-28	96
2	82	-180	116090032	33	-42	-6	-45	1	-3	0	-1	21	54	-84	-28	96
2	82	-180	116092036	32	-41	-4	-40	1	-3	0	0	18	54	-84	-28	96
2	82	-180	116094044	32	-41	-3	-44	1	-3	0	1	15	54	-84	-28	96
2	82	-180	116096040	32	-40	-4	-38	1	-2	0	2	13	54	-84	-28	96
2	82	-180	116098048	32	-38	-3	-43	1	-3	0	3	10	54	-84	-28	96
2	82	-180	116100044	31	-40	-2	-38	1	-3	0	4	7	54	-84	-28	96
2	82	-180	116102032	30	-38	0	-37	1	-2	0	5	5	54	-84	-28	96
2	82	-180	116104032	30	-40	0	-43	1	-3	0	6	2	54	-84	-28	96
2	82	-180	116106044	29	-40	1	-39	1	-3	0	7	-1	54	-84	-28	96
2	82	-180	116108048	30	-40	5	-44	1	-2	0	8	-3	54	-84	-28	96
2	82	-180	116110048	29	-42	5	-40	1	-3	0	9	-6	54	-84	-28	96
2	82	-180	116112036	30	-41	8	-44	2	-3	0	11	-9	54	-84	-28	96
2	82	-180	116114048	29	-41	6	-39	1	-3	0	12	-12	54	-84	-28	96
2	82	-180	116116048	31	-39	9	-42	1	-2	0	13	-14	54	-84	-28	96
2	82	-180	116118048	30	-40	8	-37	1	-3	0	14	-17	54	-84	-28	96
2	82	-180	116120044	30	-36	9	-35	2	-2	0	16	-19	54	-84	-28	96
2	82	-180	116122048	31	-37	10	-40	1	-3	0	17	-22	54	-84	-28	96
2	82	-180	116124056	30	-36	9	-34	1	-2	0	18	-24	54	-84	-28	96
2	82	-180	116126052	30	-34	11	-38	2	-3	0	20	-27	54	-84	-28	96
2	82	-180	116128056	32	-33	8	-32	1	-2	0	21	-29	54	-84	-28	96
2	82	-180	116130060	31	-32	10	-33	1	-2	0	22	-31	54	-84	-28	96
2	82	-180	116132056	31	-31	7	-28	2	-2	0	24	-33	54	-84	-28	96
2	82	-180	116134056	32	-29	8	-29	1	-2	0	25	-35	54	-84	-28	96
2	82	-180	116136056	32	-29	8	-31	1	-2	0	26	-37	54	-84	-28	96
2	82	-180	116138052	33	-26	7	-26	2	-2	0	28	-39	54	-84	-28	96
2	82	-180	116140048	32	-27	8	-30	1	-2	0	29	-41	54	-84	-28	96
2	82	-180	116142052	32	-26	7	-25	1	-1	0	30	-42	54	-84	-28	96
2	82	-180	116144052	31	-24	7	-28	1	-2	0	31	-44	54	-84	-28	96
2	82	-180	116146052	32	-24	7	-25	2	-2	0	33	-46	54	-84	-28	96
2	82	-180	116148052	31	-24	7	-23	1	-1	0	34	-47	54	-84	-28	96
2	82	-180	116150048	32	-23	9	-26	1	-2	0	35	-49	54	-84	-28	96
2	82	-180	116152060	31	-24	7	-23	2	-1	0	37	-50	54	-84	-28	96
2	82	-180	116154060	32	-23	8	-25	1	-2	0	38	-52	54	-84	-28	96
2	82	-180	116156064	31	-23	9	-23	1	-1	0	39	-53	54	-84	-28	96
2	82	-180	116158064	32	-22	9	-25	2	-2	0	41	-55	54	-84	-28	96
2	82	-180	116160060	31	-24	9	-22	1	-2	0	42	-57	54	-84	-28	96
2	82	-180	116162060	32	-22	9	-25	1	-1	0	43	-58	54	-84	-28	96
2	82	-180	116164072	30	-24	9	-22	2	-2	0	45	-60	54	-84	-28	96
2	82	-180	116166072	30	-22	9	-21	1	-1	0	46	-61	54	-84	-28	96
2	82	-180	116168068	31	-22	9	-23	1	-2	0	47	-63	54	-84	-28	96
2	82	-180	116170072	31	-20	9	-21	2	-1	0	49	-64	54	-84	-28	96
2	82	-180	116172072	30	-21	8	-22	1	-1	0	50	-65	54	-84	-28	96
2	82	-180	116174076	31	-20	7	-19	1	-2	0	51	-67	54	-84	-28	96
2	82	-180	116176076	30	-19	8	-23	1	-1	0	52	-68	54	-84	-28	96
2	82	-180	116178076	29	-19	7	-19	2	-1	0	54	-69	54	-84	-28	96
2	82	-180	116180076	30	-20	7	-22	1	-2	0	55	-71	54	-84	-28	96
2	82	-180	116182072	29	-19	6	-20	1	-1	0	56	-72	54	-84	-28	96
2	82	-180	116184068	29	-19	5	-18	1	-1	0	57	-73	54	-84	-28	96
2	82	-180	116186068	28	-19	7	-21	1	-2	0	58	-75	54	-84	-28	96
2	82	-180	116188068	27	-19	4	-19	1	-1	0	59	-76	54	-84	-28	96
2	82	-180	116190072	26	-18	5	-20	1	-1	0	60	-77	54	-84	-28	96
2	82	-180	116192068	24	-18	4	-19	1	-1	0	61	-78	54	-84	-28	96
2	82	-180	116194072	24	-19	5	-21	1	-2	0	62	-80	54	-84	-28	96
2	82	-180	116196072	23	-18	5	-18	1	-1	0	63	-81	54	-84	-28	96
2	82	-180	116198072	23	-19	3	-18	1	-1	0	64	-82	54	-84	-28	96
2	82	-180	116200068	21	-17	5	-20	1	-1	0	65	-83	54	-84	-28	96
2	82	-180	116202068	22	-18	4	-18	1	-2	0	66	-85	54	-84	-28	96
2	82	-180	116204072	21	-17	3	-19	1	-1	0	67	-86	54	-84	-28	96
2	82	-180	116206064	19	-17	3	-16	0	-1	0	67	-87	54	-84	-28	96
2	82	-180	116208080	18	-16	4	-17	1	-1	0	68	-88	54	-84	-28	96
2	82	-180	116210080	17	-15	3	-15	1	-1	0	69	-89	54	-84	-28	96
2	82	-180	116212068	16	-15	3	-17	0	-1	0	69	-90	54	-84	-28	96
2	82	-180	116214084	14	-14	2	-13	1	-1	0	70	-91	54	-84	-28	96
2	82	-180	116216084	14	-14	3	-13	1	-1	0	71	-92	54	-84	-28	96
2	82	-180	116218060	12	-13	2	-14	0	-1	0	71	-93	54	-84	-28	96
2	82	-180	116220064	11	-12	3	-12	0	-1	0	71	-94	54	-84	-28	96
2	82	-180	116222068	11	-12	2	-13	1	0	0	72	-94	54	-84	-28	96
2	82	-180	116224064	10	-12	1	-10	0	-1	0	72	-95	54	-84	-28	96
2	82	-180	116226076	9	-11	2	-12	1	-1	0	73	-96	54	-84	-28	96
2	82	-180	116228060	10	-10	2	-12	0	-1	0	73	-97	54	-84	-28	96
2	82	-180	116230040	8	-11	0	-10	0	0	0	73	-97	54	-84	-28	96
2	82	-180	116232072	9	-11	2	-11	1	-1	0	74	-98	54	-84	-28	96
2	82	-180	116234060	7	-9	1	-10	0	-1	0	74	-99	54	-84	-28	96
2	82	-180	116236040	7	-10	1	-10	0	0	0	74	-99	54	-84	-28	96
2	82	-180	116238056	7	-8	1	-9	0	-1	0	74	-100	54	-84	-28	96
2	82	-180	116240052	6	-8	0	-9	1	-1	0	75	-101	54	-84	-28	96
2	82	-180	116242032	6	-8	1	-7	0	0	0	75	-101	54	-84	-28	96
2	82	-180	116244036	4	-7	1	-7	0	0	0	75	-101	54	-84	-28	96
2	82	-180	116246044	4	-7	0	-7	0	-1	0	75	-102	54	-84	-28	96
2	82	-180	116248036	4	-6	1	-5	0	0	0	75	-102	54	-84	-28	96
2	82	-180	116250048	3	-5	0	-6	0	-1	0	75	-103	54	-84	-28	96
2	82	-180	116252048	2	-4	1	-4	1	0	0	76	-103	54	-84	-28	96
2	82	-180	116254028	2	-4	0	-4	0	0	0	76	-103	54	-84	-28	96
2	82	-180	116256032	1	-3	0	-3	0	0	0	76	-103	54	-84	-28	96
2	82	-180	116258036	1	-1	0	-2	0	-1	0	76	-104	54	-84	-28	96
2	82	-180	116260028	1	-2	0	-1	0	0	0	76	-104	54	-84	-28	96
2	82	-180	116262016	0	0	1	0	0	0	0	76	-104	54	-84	-28	96
2	82	-180	116286024	0	0	0	0	0	0	1	76	-104	54	-84	-28	96
3	-130	149	116346088	-1	1	0	3	0	0	1	54	-84	-76	65	54	-84
3	-130	149	116348096	-2	3	-1	3	0	0	1	54	-84	-76	65	54	-84
3	-130	149	116350096	-3	5	-2	5	0	0	1	54	-84	-76	65	54	-84
3	-130	149	116352096	-4	5	-4	5	0	0	1	54	-84	-76	65	54	-84
3	-130	149	116354096	-6	6	-4	6	0	1	1	54	-83	-76	65	54	-84
3	-130	149	116356096	-7	7	-6	7	-1	0	1	53	-83	-76	65	54	-84
3	-130	149	116358096	-9	7	-6	7	0	1	1	53	-82	-76	65	54	-84
3	-130	149	116360096	-10	9	-7	9	-1	0	1	52	-82	-76	65	54	-84
3	-130	149	116362092	-11	7	-8	9	0	1	0	52	-81	-76	65	54	-84
3	-130	149	116364096	-14	9	-8	9	-1	0	0	51	-81	-76	65	54	-84
3	-130	149	116366112	-17	9	-9	10	-1	1	0	50	-80	-76	65	54	-84
3	-130	149	116368112	-18	9	-11	10	-1	1	0	49	-79	-76	65	54	-84
3	-130	149	116370096	-21	10	-9	9	-1	0	0	48	-79	-76	65	54	-84
3	-130	149	116372100	-22	10	-10	11	-1	1	0	47	-78	-76	65	54	-84
3	-130	149	116374100	-26	9	-13	11	-1	1	0	46	-77	-76	65	54	-84
3	-130	149	116376088	-27	11	-11	9	-1	0	0	45	-77	-76	65	54	-84
3	-130	149	116378100	-30	10	-14	11	-2	1	0	43	-76	-76	65	54	-84
3	-130	149	116380104	-32	10	-14	10	-1	1	0	42	-75	-76	65	54	-84
3	-130	149	116382092	-32	11	-16	11	-2	1	0	40	-74	-76	65	54	-84
3	-130	149	116384088	-36	10	-16	10	-2	0	0	38	-74	-76	65	54	-84
3	-130	149	116386100	-38	11	-18	11	-2	1	0	36	-73	-76	65	54	-84
3	-130	149	116388104	-39	12	-20	14	-2	1	0	34	-72	-76	65	54	-84
3	-130	149	116390100	-42	12	-19	12	-2	1	0	32	-71	-76	65	54	-84
3	-130	149	116392088	-44	13	-24	14	-2	0	0	30	-71	-76	65	54	-84
3	-130	149	116394100	-46	13	-20	14	-2	1	0	28	-70	-76	65	54	-84
3	-130	149	116396088	-48	14	-25	16	-3	1	0	25	-69	-76	65	54	-84
3	-130	149	116398084	-49	14	-22	15	-2	1	0	23	-68	-76	65	54	-84
3	-130	149	116400080	-49	14	-23	16	-2	1	0	21	-67	-76	65	54	-84
3	-130	149	116402076	-51	15	-29	18	-3	1	0	18	-66	-76	65	54	-84
3	-130	149	116404084	-51	15	-25	15	-3	1	0	15	-65	-76	65	54	-84
3	-130	149	116406088	-51	16	-28	18	-2	2	0	13	-63	-76	65	54	-84
3	-130	149	116408084	-53	16	-26	17	-3	1	0	10	-62	-76	65	54	-84
3	-130	149	116410088	-53	18	-29	21	-3	1	0	7	-61	-76	65	54	-84
3	-130	149	116412084	-54	18	-27	19	-2	1	0	5	-60	-76	65	54	-84
3	-130	149	116414080	-56	18	-25	19	-3	1	0	2	-59	-76	65	54	-84
3	-130	149	116416076	-54	20	-29	23	-3	2	0	-1	-57	-76	65	54	-84
3	-130	149	116418076	-55	22	-27	21	-2	1	0	-3	-56	-76	65	54	-84
3	-130	149	116420068	-56	21	-30	24	-3	2	0	-6	-54	-76	65	54	-84
3	-130	149	116422076	-54	24	-26	22	-3	1	0	-9	-53	-76	65	54	-84
3	-130	149	116424068	-55	24	-29	27	-3	2	0	-12	-51	-76	65	54	-84
3	-130	149	116426068	-53	25	-26	25	-2	2	0	-14	-49	-76	65	54	-84
3	-130	149	116428068	-53	27	-24	26	-3	1	0	-17	-48	-76	65	54	-84
3	-130	149	116430060	-54	28	-26	31	-3	2	0	-20	-46	-76	65	54	-84
3	-130	149	116432068	-52	29	-22	28	-2	2	0	-22	-44	-76	65	54	-84
3	-130	149	116434068	-51	31	-23	33	-3	2	0	-25	-42	-76	65	54	-84
3	-130	149	116436056	-49	31	-19	30	-2	3	0	-27	-39	-76	65	54	-84
3	-130	149	116438056	-48	32	-21	35	-2	2	0	-29	-37	-76	65	54	-84
3	-130	149	116440052	-45	34	-18	31	-2	2	0	-31	-35	-76	65	54	-84
3	-130	149	116442052	-43	35	-16	33	-2	2	0	-33	-33	-76	65	54	-84
3	-130	149	116444044	-41	35	-17	37	-2	3	0	-35	-30	-76	65	54	-84
3	-130	149	116446056	-38	36	-15	35	-2	2	0	-37	-28	-76	65	54	-84
3	-130	149	116448052	-37	36	-16	40	-2	2	0	-39	-26	-76	65	54	-84
3	-130	149	116450052	-35	37	-12	36	-1	3	0	-40	-23	-76	65	54	-84
3	-130	149	116452048	-33	39	-14	41	-2	3	0	-42	-20	-76	65	54	-84
3	-130	149	116454056	-32	38	-11	37	-1	2	0	-43	-18	-76	65	54	-84
3	-130	149	116456044	-30	38	-8	37	-2	3	0	-45	-15	-76	65	54	-84
3	-130	149	116458052	-28	38	-10	41	-1	2	0	-46	-13	-76	65	54	-84
3	-130	149	116460060	-28	38	-5	38	-1	3	0	-47	-10	-76	65	54	-84
3	-130	149	116462068	-26	37	-7	42	-1	2	0	-48	-8	-76	65	54	-84
3	-130	149	116464068	-24	38	-4	36	-1	3	0	-49	-5	-76	65	54	-84
3	-130	149	116466068	-25	37	-2	41	-1	2	0	-50	-3	-76	65	54	-84
3	-130	149	116468060	-22	38	-2	35	-1	3	0	-51	0	-76	65	54	-84
3	-130	149	116470044	-23	35	0	40	0	2	0	-51	2	-76	65	54	-84
3	-130	149	116472060	-21	36	0	34	-1	3	0	-52	5	-76	65	54	-84
3	-130	149	116474064	-21	35	0	34	-1	2	0	-53	7	-76	65	54	-84
3	-130	149	116476060	-18	33	1	37	0	2	0	-53	9	-76	65	54	-84
3	-130	149	116478072	-19	34	2	32	-1	3	0	-54	12	-76	65	54	-84
3	-130	149	116480056	-17	32	3	34	0	2	0	-54	14	-76	65	54	-84
3	-130	149	116482064	-18	31	2	30	-1	2	0	-55	16	-76	65	54	-84
3	-130	149	116484044	-17	31	5	33	0	2	0	-55	18	-76	65	54	-84
3	-130	149	116486060	-16	30	3	28	-1	2	0	-56	20	-76	65	54	-84
3	-130	149	116488044	-15	28	3	27	0	2	0	-56	22	-76	65	54	-84
3	-130	149	116490040	-15	28	5	30	0	2	0	-56	24	-76	65	54	-84
3	-130	149	116492052	-14	26	4	26	-1	1	0	-57	25	-76	65	54	-84
3	-130	149	116494032	-14	27	5	28	0	2	0	-57	27	-76	65	54	-84
3	-130	149	116496028	-13	24	4	24	0	2	0	-57	29	-76	65	54	-84
3	-130	149	116498048	-13	24	6	27	-1	1	0	-58	30	-76	65	54	-84
3	-130	149	116500028	-13	25	5	24	0	2	0	-58	32	-76	65	54	-84
3	-130	149	116502028	-12	22	3	22	0	2	0	-58	34	-76	65	54	-84
3	-130	149	116504044	-13	24	4	25	-1	1	0	-59	35	-76	65	54	-84
3	-130	149	116506044	-12	21	4	21	0	2	0	-59	37	-76	65	54	-84
3	-130	149	116508052	-11	22	4	25	0	1	0	-59	38	-76	65	54	-84
3	-130	149	116510044	-12	21	4	19	0	2	0	-59	40	-76	65	54	-84
3	-130	149	116512064	-12	20	4	23	-1	1	0	-60	41	-76	65	54	-84
3	-130	149	116514056	-12	21	3	20	0	1	0	-60	42	-76	65	54	-84
3	-130	149	116516052	-11	19	4	21	0	2	0	-60	44	-76	65	54	-84
3	-130	149	116518052	-12	20	2	19	0	1	0	-60	45	-76	65	54	-84
3	-130	149	116520068	-12	19	2	19	-1	1	0	-61	46	-76	65	54	-84
3	-130	149	116522040	-12	18	3	20	0	1	0	-61	47	-76	65	54	-84
3	-130	149	116524044	-13	19	3	18	0	2	0	-61	49	-76	65	54	-84
3	-130	149	116526060	-12	18	2	20	-1	1	0	-62	50	-76	65	54	-84
3	-130	149	116528040	-13	18	2	17	0	1	0	-62	51	-76	65	54	-84
3	-130	149	116530048	-13	18	1	19	0	1	0	-62	52	-76	65	54	-84
3	-130	149	116532056	-14	17	0	16	-1	1	0	-63	53	-76	65	54	-84
3	-130	149	116534036	-14	15	0	16	0	2	0	-63	55	-76	65	54	-84
3	-130	149	116536052	-15	16	0	18	-1	1	0	-64	56	-76	65	54	-84
3	-130	149	116538036	-14	16	0	14	0	1	0	-64	57	-76	65	54	-84
3	-130	149	116540052	-14	15	0	16	-1	1	0	-65	58	-76	65	54	-84
3	-130	149	116542040	-14	15	0	14	0	1	0	-65	59	-76	65	54	-84
3	-130	149	116544056	-14	15	0	14	-1	1	0	-66	60	-76	65	54	-84
3	-130	149	116546044	-15	14	-2	13	0	1	0	-66	61	-76	65	54	-84
3	-130	149	116548048	-15	14	-2	12	-1	0	0	-67	61	-76	65	54	-84
3	-130	149	116550056	-14	12	-4	15	-1	1	0	-68	62	-76	65	54	-84
3	-130	149	116552044	-14	13	-3	12	0	1	0	-68	63	-76	65	54	-84
3	-130	149	116554060	-15	12	-4	14	-1	1	0	-69	64	-76	65	54	-84
3	-130	149	116556048	-14	13	-3	12	0	1	0	-69	65	-76	65	54	-84
3	-130	149	116558060	-14	12	-4	12	-1	1	0	-70	66	-76	65	54	-84
3	-130	149	116560036	-15	13	-4	12	-1	0	0	-71	66	-76	65	54	-84
3	-130	149	116562040	-14	11	-4	11	0	1	0	-71	67	-76	65	54	-84
3	-130	149	116564060	-13	11	-6	12	-1	1	0	-72	68	-76	65	54	-84
3	-130	149	116566044	-12	10	-4	10	0	1	0	-72	69	-76	65	54	-84
3	-130	149	116568044	-12	11	-5	11	-1	0	0	-73	69	-76	65	54	-84
3	-130	149	116570036	-13	10	-4	10	0	1	0	-73	70	-76	65	54	-84
3	-130	149	116572056	-12	10	-5	11	-1	1	0	-74	71	-76	65	54	-84
3	-130	149	116574040	-12	11	-6	9	-1	0	0	-75	71	-76	65	54	-84
3	-130	149	116576036	-13	9	-5	12	0	1	0	-75	72	-76	65	54	-84
3	-130	149	116578044	-11	10	-5	8	-1	1	0	-76	73	-76	65	54	-84
3	-130	149	116580016	-12	9	-5	9	0	0	0	-76	73	-76	65	54	-84
3	-130	149	116582048	-11	8	-7	10	-1	1	0	-77	74	-76	65	54	-84
3	-130	149	116584020	-10	9	-6	7	0	0	0	-77	74	-76	65	54	-84
3	-130	149	116586048	-11	8	-5	9	-1	1	0	-78	75	-76	65	54	-84
3	-130	149	116588028	-11	8	-5	6	0	0	0	-78	75	-76	65	54	-84
3	-130	149	116590064	-9	7	-6	8	-1	1	0	-79	76	-76	65	54	-84
3	-130	149	116592036	-10	8	-4	6	0	0	0	-79	76	-76	65	54	-84
3	-130	149	116594064	-9	5	-6	7	-1	1	0	-80	77	-76	65	54	-84
3	-130	149	116596040	-8	6	-6	6	0	0	0	-80	77	-76	65	54	-84
3	-130	149	116598064	-8	5	-5	5	-1	1	0	-81	78	-76	65	54	-84
3	-130	149	116600040	-7	6	-6	5	0	0	0	-81	78	-76	65	54	-84
3	-130	149	116602052	-8	5	-5	5	-1	0	0	-82	78	-76	65	54	-84
3	-130	149	116604048	-7	4	-6	5	0	1	0	-82	79	-76	65	54	-84
3	-130	149	116606052	-7	5	-6	4	-1	0	0	-83	79	-76	65	54	-84
3	-130	149	116608032	-6	4	-6	5	0	0	0	-83	79	-76	65	54	-84
3	-130	149	116610028	-8	5	-5	3	0	0	0	-83	79	-76	65	54	-84
3	-130	149	116612056	-5	3	-6	4	-1	1	0	-84	80	-76	65	54	-84
3	-130	149	116614028	-6	5	-5	4	0	0	0	-84	80	-76	65	54	-84
3	-130	149	116616036	-6	4	-5	4	-1	0	0	-85	80	-76	65	54	-84
3	-130	149	116618032	-4	3	-5	2	0	0	0	-85	80	-76	65	54	-84
3	-130	149	116620044	-5	2	-5	4	0	1	0	-85	81	-76	65	54	-84
3	-130	149	116622036	-5	4	-5	3	0	0	0	-85	81	-76	65	54	-84
3	-130	149	116624056	-4	2	-4	2	-1	0	0	-86	81	-76	65	54	-84
3	-130	149	116626036	-2	2	-2	2	0	0	0	-86	81	-76	65	54	-84
3	-130	149	116628040	-2	2	-2	2	0	0	0	-86	81	-76	65	54	-84
3	-130	149	116630040	-2	1	-2	1	0	0	0	-86	81	-76	65	54	-84
3	-130	149	116632052	-1	1	-2	0	0	0	0	-86	81	-76	65	54	-84
3	-130	149	116634052	-2	1	-1	1	0	0	0	-86	81	-76	65	54	-84
3	-130	149	116702072	0	0	0	0	0	0	1	-86	81	-76	65	54	-84
4	167	-107	116714092	0	0	1	0	0	0	1	-76	65	91	-42	-76	65
4	167	-107	116718096	0	0	1	0	0	0	1	-76	65	91	-42	-76	65
4	167	-107	116720096	0	0	2	0	0	0	1	-76	65	91	-42	-76	65
4	167	-107	116722104	0	-1	2	0	0	0	1	-76	65	91	-42	-76	65
4	167	-107	116724104	0	-1	3	-1	0	0	1	-76	65	91	-42	-76	65
4	167	-107	116726100	0	-1	4	-1	0	0	1	-76	65	91	-42	-76	65
4	167	-107	116728096	0	-2	5	-2	0	0	1	-76	65	91	-42	-76	65
4	167	-107	116730076	2	-2	5	-3	0	0	1	-76	65	91	-42	-76	65
4	167	-107	116732092	3	-4	5	-4	0	0	1	-76	65	91	-42	-76	65
4	167	-107	116734096	4	-3	6	-4	0	0	1	-76	65	91	-42	-76	65
4	167	-107	116736108	7	-6	5	-5	1	0	1	-75	65	91	-42	-76	65
4	167	-107	116738088	8	-6	6	-5	0	0	1	-75	65	91	-42	-76	65
4	167	-107	116740108	10	-5	5	-6	0	-1	1	-75	64	91	-42	-76	65
4	167	-107	116742108	11	-8	5	-7	1	0	1	-74	64	91	-42	-76	65
4	167	-107	116744128	12	-7	5	-7	1	-1	1	-73	63	91	-42	-76	65
4	167	-107	116746104	14	-8	6	-10	0	0	1	-73	63	91	-42	-76	65
4	167	-107	116748124	16	-9	4	-8	1	-1	1	-72	62	91	-42	-76	65
4	167	-107	116750124	16	-9	6	-11	1	-1	1	-71	61	91	-42	-76	65
4	167	-107	116752104	18	-10	5	-10	0	0	1	-71	61	91	-42	-76	65
4	167	-107	116754132	20	-10	4	-12	1	-1	1	-70	60	91	-42	-76	65
4	167	-107	116756128	21	-12	5	-10	1	-1	1	-69	59	91	-42	-76	65
4	167	-107	116758124	23	-12	6	-14	1	-1	1	-68	58	91	-42	-76	65
4	167	-107	116760112	23	-12	4	-13	1	0	1	-67	58	91	-42	-76	65
4	167	-107	116762128	25	-13	7	-13	1	-1	1	-66	57	91	-42	-76	65
4	167	-107	116764136	27	-14	6	-14	1	-1	0	-65	56	91	-42	-76	65
4	167	-107	116766144	27	-14	8	-14	1	-1	0	-64	55	91	-42	-76	65
4	167	-107	116768144	28	-16	8	-16	1	-1	0	-63	54	91	-42	-76	65
4	167	-107	116770144	30	-15	9	-16	2	-1	0	-61	53	91	-42	-76	65
4	167	-107	116772140	29	-17	10	-17	1	-1	0	-60	52	91	-42	-76	65
4	167	-107	116774144	31	-16	9	-16	1	-1	0	-59	51	91	-42	-76	65
4	167	-107	116776144	31	-18	9	-16	2	-2	0	-57	49	91	-42	-76	65
4	167	-107	116778144	31	-17	10	-18	1	-1	0	-56	48	91	-42	-76	65
4	167	-107	116780148	30	-17	10	-17	1	-1	0	-55	47	91	-42	-76	65
4	167	-107	116782132	32	-18	10	-19	2	-1	0	-53	46	91	-42	-76	65
4	167	-107	116784140	32	-18	8	-18	1	-1	0	-52	45	91	-42	-76	65
4	167	-107	116786140	31	-18	10	-19	2	-1	0	-50	44	91	-42	-76	65
4	167	-107	116788148	32	-18	8	-18	1	-2	0	-49	42	91	-42	-76	65
4	167	-107	116790136	31	-17	11	-20	1	-1	0	-48	41	91	-42	-76	65
4	167	-107	116792132	31	-18	8	-18	2	-1	0	-46	40	91	-42	-76	65
4	167	-107	116794132	31	-18	8	-18	1	-1	0	-45	39	91	-42	-76	65
4	167	-107	116796124	30	-17	10	-19	1	-2	0	-44	37	91	-42	-76	65
4	167	-107	116798132	30	-18	8	-17	1	-1	0	-43	36	91	-42	-76	65
4	167	-107	116800136	29	-17	10	-19	2	-1	0	-41	35	91	-42	-76	65
4	167	-107	116802124	28	-17	9	-18	1	-1	0	-40	34	91	-42	-76	65
4	167	-107	116804136	29	-18	12	-18	1	-1	0	-39	33	91	-42	-76	65
4	167	-107	116806132	29	-18	12	-18	2	-1	0	-37	32	91	-42	-76	65
4	167	-107	116808136	31	-18	13	-17	1	-2	0	-36	30	91	-42	-76	65
4	167	-107	116810128	31	-18	16	-21	2	-1	0	-34	29	91	-42	-76	65
4	167	-107	116812128	32	-17	15	-17	1	-1	0	-33	28	91	-42	-76	65
4	167	-107	116814132	34	-17	17	-19	2	-1	0	-31	27	91	-42	-76	65
4	167	-107	116816136	34	-17	16	-16	2	-1	0	-29	26	91	-42	-76	65
4	167	-107	116818140	34	-17	18	-19	1	-2	0	-28	24	91	-42	-76	65
4	167	-107	116820144	37	-17	15	-17	2	-1	0	-26	23	91	-42	-76	65
4	167	-107	116822140	37	-17	16	-17	2	-1	0	-24	22	91	-42	-76	65
4	167	-107	116824136	38	-17	18	-19	2	-1	0	-22	21	91	-42	-76	65
4	167	-107	116826140	39	-17	16	-17	2	-1	0	-20	20	91	-42	-76	65
4	167	-107	116828140	45	-18	18	-20	2	-1	0	-18	19	91	-42	-76	65
4	167	-107	116830136	37	-15	15	-17	1	-1	0	-17	18	91	-42	-76	65
4	167	-107	116832132	43	-17	17	-19	2	-2	0	-15	16	91	-42	-76	65
4	167	-107	116834136	49	-19	16	-16	3	-1	0	-12	15	91	-42	-76	65
4	167	-107	116836136	45	-18	18	-19	2	-1	0	-10	14	91	-42	-76	65
4	167	-107	116838132	45	-17	17	-17	2	-1	0	-8	13	91	-42	-76	65
4	167	-107	116840124	39	-16	18	-16	2	-1	0	-6	12	91	-42	-76	65
4	167	-107	116842128	52	-18	20	-20	2	-2	0	-4	10	91	-42	-76	65
4	167	-107	116844128	46	-17	19	-17	2	-1	0	-2	9	91	-42	-76	65
4	167	-107	116846124	47	-17	21	-19	3	-1	0	1	8	91	-42	-76	65
4	167	-107	116848132	47	-17	19	-17	2	-1	0	3	7	91	-42	-76	65
4	167	-107	116850136	49	-18	22	-20	2	-1	0	5	6	91	-42	-76	65
4	167	-107	116852136	50	-17	20	-18	2	-1	0	7	5	91	-42	-76	65
4	167	-107	116854128	50	-18	20	-18	3	-2	0	10	3	91	-42	-76	65
4	167	-107	116856136	51	-18	25	-21	2	-1	0	12	2	91	-42	-76	65
4	167	-107	116858128	52	-18	21	-18	3	-1	0	15	1	91	-42	-76	65
4	167	-107	116860128	52	-19	26	-21	2	-1	0	17	0	91	-42	-76	65
4	167	-107	116862120	53	-19	22	-20	3	-2	0	20	-2	91	-42	-76	65
4	167	-107	116864128	52	-18	25	-22	2	-1	0	22	-3	91	-42	-76	65
4	167	-107	116866124	52	-20	23	-20	3	-1	0	25	-4	91	-42	-76	65
4	167	-107	116868124	51	-20	22	-20	2	-2	0	27	-6	91	-42	-76	65
4	167	-107	116870124	52	-19	25	-22	3	-1	0	30	-7	91	-42	-76	65
4	167	-107	116872124	51	-21	20	-20	2	-2	0	32	-9	91	-42	-76	65
4	167	-107	116874124	52	-21	24	-24	3	-1	0	35	-10	91	-42	-76	65
4	167	-107	116876128	52	-21	20	-19	2	-1	0	37	-11	91	-42	-76	65
4	167	-107	116878120	51	-21	23	-24	3	-2	0	40	-13	91	-42	-76	65
4	167	-107	116880112	51	-20	21	-20	2	-1	0	42	-14	91	-42	-76	65
4	167	-107	116882116	49	-21	19	-21	2	-2	0	44	-16	91	-42	-76	65
4	167	-107	116884116	50	-21	22	-23	3	-1	0	47	-17	91	-42	-76	65
4	167	-107	116886112	49	-20	20	-20	2	-1	0	49	-18	91	-42	-76	65
4	167	-107	116888116	48	-21	20	-24	2	-2	0	51	-20	91	-42	-76	65
4	167	-107	116890116	47	-20	19	-19	3	-1	0	54	-21	91	-42	-76	65
4	167	-107	116892120	47	-18	21	-22	2	-2	0	56	-23	91	-42	-76	65
4	167	-107	116894124	47	-19	17	-19	2	-1	0	58	-24	91	-42	-76	65
4	167	-107	116896128	46	-18	21	-22	2	-1	0	60	-25	91	-42	-76	65
4	167	-107	116898132	45	-19	18	-20	2	-1	0	62	-26	91	-42	-76	65
4	167	-107	116900132	44	-18	19	-18	2	-2	0	64	-28	91	-42	-76	65
4	167	-107	116902140	43	-17	20	-21	2	-1	0	66	-29	91	-42	-76	65
4	167	-107	116904132	42	-18	19	-18	2	-1	0	68	-30	91	-42	-76	65
4	167	-107	116906140	39	-16	20	-19	2	-1	0	70	-31	91	-42	-76	65
4	167	-107	116908136	38	-16	17	-16	2	-1	0	72	-32	91	-42	-76	65
4	167	-107	116910136	37	-15	19	-16	2	-1	0	74	-33	91	-42	-76	65
4	167	-107	116912140	36	-15	17	-14	2	-1	0	76	-34	91	-42	-76	65
4	167	-107	116914144	35	-14	17	-15	2	-1	0	78	-35	91	-42	-76	65
4	167	-107	116916144	33	-13	15	-14	1	-1	0	79	-36	91	-42	-76	65
4	167	-107	116918140	33	-13	14	-12	2	-1	0	81	-37	91	-42	-76	65
4	167	-107	116920148	31	-13	16	-14	1	-1	0	82	-38	91	-42	-76	65
4	167	-107	116922144	30	-13	14	-12	2	-1	0	84	-39	91	-42	-76	65
4	167	-107	116924148	29	-11	15	-13	1	-1	0	85	-40	91	-42	-76	65
4	167	-107	116926132	28	-12	13	-12	2	0	0	87	-40	91	-42	-76	65
4	167	-107	116928140	27	-11	13	-13	1	-1	0	88	-41	91	-42	-76	65
4	167	-107	116930136	26	-11	11	-11	1	-1	0	89	-42	91	-42	-76	65
4	167	-107	116932140	24	-10	11	-10	1	-1	0	90	-43	91	-42	-76	65
4	167	-107	116934128	22	-9	11	-11	2	0	0	92	-43	91	-42	-76	65
4	167	-107	116936136	20	-10	8	-9	0	-1	0	92	-44	91	-42	-76	65
4	167	-107	116938132	20	-8	10	-10	1	0	0	93	-44	91	-42	-76	65
4	167	-107	116940140	18	-9	7	-8	1	-1	0	94	-45	91	-42	-76	65
4	167	-107	116942144	17	-8	8	-8	1	-1	0	95	-46	91	-42	-76	65
4	167	-107	116944132	16	-8	6	-7	1	0	0	96	-46	91	-42	-76	65
4	167	-107	116946132	14	-7	6	-7	1	-1	0	97	-47	91	-42	-76	65
4	167	-107	116948116	13	-7	6	-7	0	0	0	97	-47	91	-42	-76	65
4	167	-107	116950124	13	-5	3	-5	1	0	0	98	-47	91	-42	-76	65
4	167	-107	116952116	12	-6	4	-7	0	-1	0	98	-48	91	-42	-76	65
4	167	-107	116954108	9	-5	4	-5	1	0	0	99	-48	91	-42	-76	65
4	167	-107	116956092	10	-6	2	-5	0	0	0	99	-48	91	-42	-76	65
4	167	-107	116958104	8	-4	3	-5	0	-1	0	99	-49	91	-42	-76	65
4	167	-107	116960104	7	-5	1	-4	1	0	0	100	-49	91	-42	-76	65
4	167	-107	116962096	4	-3	2	-4	0	0	0	100	-49	91	-42	-76	65
4	167	-107	116964100	6	-4	2	-3	0	-1	0	100	-50	91	-42	-76	65
4	167	-107	116966084	4	-4	1	-4	0	0	0	100	-50	91	-42	-76	65
4	167	-107	116968080	3	-3	0	-3	0	0	0	100	-50	91	-42	-76	65
4	167	-107	116970096	3	-1	1	-3	1	0	0	101	-50	91	-42	-76	65
4	167	-107	116972084	3	-3	1	-2	0	0	0	101	-50	91	-42	-76	65
4	167	-107	116974088	4	-3	1	-2	0	0	0	101	-50	91	-42	-76	65
4	167	-107	116976104	3	-3	1	-2	0	-1	0	101	-51	91	-42	-76	65
4	167	-107	116978092	2	-3	1	-2	0	0	0	101	-51	91	-42	-76	65
4	167	-107	116980092	4	-2	1	-4	0	0	0	101	-51	91	-42	-76	65
4	167	-107	116982076	2	-1	0	-2	0	0	0	101	-51	91	-42	-76	65
4	167	-107	116984084	3	-2	1	-2	0	0	0	101	-51	91	-42	-76	65
4	167	-107	116986088	2	-1	0	-2	1	0	0	102	-51	91	-42	-76	65
4	167	-107	116988084	2	-2	1	-1	0	0	0	102	-51	91	-42	-76	65
4	167	-107	116990084	1	-1	0	-1	0	0	0	102	-51	91	-42	-76	65
4	167	-107	116992100	1	-2	1	-1	0	-1	0	102	-52	91	-42	-76	65
4	167	-107	116994064	1	0	0	0	0	0	0	102	-52	91	-42	-76	65
4	167	-107	116996072	0	-1	0	0	0	0	0	102	-52	91	-42	-76	65
4	167	-107	117026076	0	0	0	0	0	0	1	102	-52	91	-42	-76	65
5	-190	56	117110112	0	1	-1	0	0	0	1	91	-42	-99	14	91	-42
5	-190	56	117112112	0	1	-2	0	0	0	1	91	-42	-99	14	91	-42
5	-190	56	117114116	0	2	-3	2	0	0	1	91	-42	-99	14	91	-42
5	-190	56	117116112	0	2	-3	3	0	0	0	91	-42	-99	14	91	-42
5	-190	56	117118124	-1	3	-5	2	0	0	0	91	-42	-99	14	91	-42
5	-190	56	117120128	-3	4	-5	5	0	0	0	91	-42	-99	14	91	-42
5	-190	56	117122140	-4	5	-6	5	0	1	0	91	-41	-99	14	91	-42
5	-190	56	117124136	-4	5	-5	4	-1	0	0	90	-41	-99	14	91	-42
5	-190	56	117126124	-5	4	-7	5	0	0	0	90	-41	-99	14	91	-42
5	-190	56	117128136	-7	4	-7	5	-1	0	0	89	-41	-99	14	91	-42
5	-190	56	117130136	-7	5	-6	4	0	1	0	89	-40	-99	14	91	-42
5	-190	56	117132136	-10	5	-8	5	-1	0	0	88	-40	-99	14	91	-42
5	-190	56	117134124	-11	5	-6	6	0	0	0	88	-40	-99	14	91	-42
5	-190	56	117136148	-14	7	-10	6	-1	1	0	87	-39	-99	14	91	-42
5	-190	56	117138132	-16	6	-8	7	-1	0	0	86	-39	-99	14	91	-42
5	-190	56	117140144	-18	8	-10	7	-1	1	0	85	-38	-99	14	91	-42
5	-190	56	117142132	-21	7	-10	8	-1	0	0	84	-38	-99	14	91	-42
5	-190	56	117144144	-22	9	-11	7	-1	1	0	83	-37	-99	14	91	-42
5	-190	56	117146128	-24	8	-12	10	-1	0	0	82	-37	-99	14	91	-42
5	-190	56	117148148	-29	8	-12	9	-1	1	0	81	-36	-99	14	91	-42
5	-190	56	117150160	-29	10	-14	10	-2	1	0	79	-35	-99	14	91	-42
5	-190	56	117152136	-31	9	-13	9	-1	0	0	78	-35	-99	14	91	-42
5	-190	56	117154152	-34	10	-15	11	-2	1	0	76	-34	-99	14	91	-42
5	-190	56	117156164	-37	9	-14	11	-2	1	0	74	-33	-99	14	91	-42
5	-190	56	117158148	-38	10	-16	11	-1	0	0	73	-33	-99	14	91	-42
5	-190	56	117160152	-40	10	-15	11	-2	1	0	71	-32	-99	14	91	-42
5	-190	56	117162164	-41	10	-15	11	-2	1	0	69	-31	-99	14	91	-42
5	-190	56	117164164	-43	10	-18	13	-2	1	0	67	-30	-99	14	91	-42
5	-190	56	117166144	-45	11	-17	12	-2	0	0	65	-30	-99	14	91	-42
5	-190	56	117168168	-47	11	-19	13	-2	1	0	63	-29	-99	14	91	-42
5	-190	56	117170172	-48	11	-18	13	-3	1	0	60	-28	-99	14	91	-42
5	-190	56	117172176	-49	11	-20	14	-2	1	0	58	-27	-99	14	91	-42
5	-190	56	117174172	-52	12	-20	14	-2	1	0	56	-26	-99	14	91	-42
5	-190	56	117176172	-52	14	-23	16	-3	1	0	53	-25	-99	14	91	-42
5	-190	56	117178168	-55	15	-20	14	-2	1	0	51	-24	-99	14	91	-42
5	-190	56	117180172	-56	15	-21	16	-3	1	0	48	-23	-99	14	91	-42
5	-190	56	117182172	-58	16	-24	18	-3	1	0	45	-22	-99	14	91	-42
5	-190	56	117184168	-60	15	-23	18	-2	1	0	43	-21	-99	14	91	-42
5	-190	56	117186160	-61	17	-25	18	-3	1	0	40	-20	-99	14	91	-42
5	-190	56	117188160	-63	16	-23	18	-3	1	0	37	-19	-99	14	91	-42
5	-190	56	117190164	-63	18	-28	19	-3	1	0	34	-18	-99	14	91	-42
5	-190	56	117192164	-63	16	-23	18	-3	2	0	31	-16	-99	14	91	-42
5	-190	56	117194168	-62	17	-28	19	-3	1	0	28	-15	-99	14	91	-42
5	-190	56	117196168	-62	16	-25	17	-3	1	0	25	-14	-99	14	91	-42
5	-190	56	117198164	-63	16	-25	18	-3	1	0	22	-13	-99	14	91	-42
5	-190	56	117200160	-63	17	-27	20	-3	1	0	19	-12	-99	14	91	-42
5	-190	56	117202164	-63	16	-24	17	-3	1	0	16	-11	-99	14	91	-42
5	-190	56	117204164	-62	16	-29	18	-3	1	0	13	-10	-99	14	91	-42
5	-190	56	117206168	-62	17	-24	17	-3	2	0	10	-8	-99	14	91	-42
5	-190	56	117208172	-60	18	-27	19	-3	1	0	7	-7	-99	14	91	-42
5	-190	56	117210164	-60	17	-24	17	-2	1	0	5	-6	-99	14	91	-42
5	-190	56	117212164	-61	17	-24	17	-3	1	0	2	-5	-99	14	91	-42
5	-190	56	117214164	-59	16	-27	19	-3	1	0	-1	-4	-99	14	91	-42
5	-190	56	117216168	-59	16	-24	16	-3	1	0	-4	-3	-99	14	91	-42
5	-190	56	117218172	-59	16	-26	18	-3	1	0	-7	-2	-99	14	91	-42
5	-190	56	117220176	-56	15	-24	16	-2	1	0	-9	-1	-99	14	91	-42
5	-190	56	117222164	-54	15	-26	17	-3	2	0	-12	1	-99	14	91	-42
5	-190	56	117224168	-53	15	-24	15	-3	1	0	-15	2	-99	14	91	-42
5	-190	56	117226176	-51	15	-22	16	-2	1	0	-17	3	-99	14	91	-42
5	-190	56	117228180	-51	15	-26	17	-3	1	0	-20	4	-99	14	91	-42
5	-190	56	117230180	-49	14	-21	15	-2	1	0	-22	5	-99	14	91	-42
5	-190	56	117232176	-48	14	-24	16	-2	1	0	-24	6	-99	14	91	-42
5	-190	56	117234156	-48	13	-19	14	-3	0	0	-27	6	-99	14	91	-42
5	-190	56	117236180	-47	14	-23	15	-2	1	0	-29	7	-99	14	91	-42
5	-190	56	117238176	-46	14	-20	14	-2	1	0	-31	8	-99	14	91	-42
5	-190	56	117240180	-45	13	-22	16	-2	1	0	-33	9	-99	14	91	-42
5	-190	56	117242176	-43	14	-21	15	-2	1	0	-35	10	-99	14	91	-42
5	-190	56	117244176	-40	14	-19	13	-2	1	0	-37	11	-99	14	91	-42
5	-190	56	117246172	-41	14	-24	16	-3	1	0	-40	12	-99	14	91	-42
5	-190	56	117248168	-40	14	-20	14	-2	1	0	-42	13	-99	14	91	-42
5	-190	56	117250172	-39	15	-24	14	-2	1	0	-44	14	-99	14	91	-42
5	-190	56	117252164	-39	13	-19	14	-2	1	0	-46	15	-99	14	91	-42
5	-190	56	117254172	-37	13	-20	14	-1	1	0	-47	16	-99	14	91	-42
5	-190	56	117256164	-38	13	-18	13	-2	1	0	-49	17	-99	14	91	-42
5	-190	56	117258168	-37	12	-17	12	-2	1	0	-51	18	-99	14	91	-42
5	-190	56	117260164	-37	13	-20	15	-2	1	0	-53	19	-99	14	91	-42
5	-190	56	117262156	-36	12	-16	12	-2	0	0	-55	19	-99	14	91	-42
5	-190	56	117264176	-36	13	-19	13	-2	1	0	-57	20	-99	14	91	-42
5	-190	56	117266172	-35	11	-17	12	-1	1	0	-58	21	-99	14	91	-42
5	-190	56	117268172	-34	11	-18	13	-2	1	0	-60	22	-99	14	91	-42
5	-190	56	117270160	-34	11	-16	11	-2	0	0	-62	22	-99	14	91	-42
5	-190	56	117272168	-34	11	-16	12	-1	1	0	-63	23	-99	14	91	-42
5	-190	56	117274160	-34	10	-17	12	-2	1	0	-65	24	-99	14	91	-42
5	-190	56	117276164	-33	10	-15	10	-2	1	0	-67	25	-99	14	91	-42
5	-190	56	117278160	-33	11	-17	10	-1	0	0	-68	25	-99	14	91	-42
5	-190	56	117280168	-32	9	-15	10	-2	1	0	-70	26	-99	14	91	-42
5	-190	56	117282168	-31	9	-18	10	-2	1	0	-72	27	-99	14	91	-42
5	-190	56	117284156	-31	10	-16	9	-1	0	0	-73	27	-99	14	91	-42
5	-190	56	117286168	-30	8	-17	11	-2	1	0	-75	28	-99	14	91	-42
5	-190	56	117288160	-30	9	-15	8	-1	0	0	-76	28	-99	14	91	-42
5	-190	56	117290172	-27	7	-14	8	-2	1	0	-78	29	-99	14	91	-42
5	-190	56	117292164	-26	8	-15	8	-1	0	0	-79	29	-99	14	91	-42
5	-190	56	117294176	-26	5	-13	7	-1	1	0	-80	30	-99	14	91	-42
5	-190	56	117296156	-23	5	-13	5	-1	0	0	-81	30	-99	14	91	-42
5	-190	56	117298156	-23	4	-12	4	-2	0	0	-83	30	-99	14	91	-42
5	-190	56	117300164	-21	2	-11	4	-1	1	0	-84	31	-99	14	91	-42
5	-190	56	117302144	-19	2	-8	2	-1	0	0	-85	31	-99	14	91	-42
5	-190	56	117304136	-17	2	-8	2	0	0	0	-85	31	-99	14	91	-42
5	-190	56	117306152	-15	0	-7	1	-1	0	0	-86	31	-99	14	91	-42
5	-190	56	117308156	-13	0	-5	1	-1	0	0	-87	31	-99	14	91	-42
5	-190	56	117310120	-10	0	-6	0	0	0	0	-87	31	-99	14	91	-42
5	-190	56	117312132	-9	0	-2	0	-1	0	0	-88	31	-99	14	91	-42
5	-190	56	117314120	-5	0	-2	0	0	0	0	-88	31	-99	14	91	-42
5	-190	56	117316120	-4	0	0	-1	0	0	0	-88	31	-99	14	91	-42
5	-190	56	117318116	-3	0	-1	0	0	0	0	-88	31	-99	14	91	-42
5	-190	56	117320120	-1	0	0	0	0	0	0	-88	31	-99	14	91	-42
5	-190	56	117338116	0	0	0	0	0	0	1	-88	31	-99	14	91	-42
6	198	0	117344136	-1	0	0	-1	0	0	1	-99	14	99	14	-99	14
6	198	0	117348116	0	-1	0	0	0	0	1	-99	14	99	14	-99	14
6	198	0	117368124	0	0	1	0	0	0	1	-99	14	99	14	-99	14
6	198	0	117402144	0	0	1	0	0	0	1	-99	14	99	14	-99	14
6	198	0	117440180	1	-1	0	0	0	0	1	-99	14	99	14	-99	14
6	198	0	117442180	5	0	1	-1	0	0	1	-99	14	99	14	-99	14
6	198	0	117444176	5	-1	1	0	0	0	0	-99	14	99	14	-99	14
6	198	0	117446176	10	0	2	-2	0	0	0	-99	14	99	14	-99	14
6	198	0	117448176	11	-1	4	-1	0	0	0	-99	14	99	14	-99	14
6	198	0	117450196	14	-1	5	-2	1	0	0	-98	14	99	14	-99	14
6	198	0	117452200	17	-2	5	-3	1	0	0	-97	14	99	14	-99	14
6	198	0	117454188	19	-2	8	-2	0	0	0	-97	14	99	14	-99	14
6	198	0	117456192	20	-3	8	-2	1	0	0	-96	14	99	14	-99	14
6	198	0	117458188	22	-3	9	-3	1	0	0	-95	14	99	14	-99	14
6	198	0	117460184	23	-2	9	-3	2	0	0	-93	14	99	14	-99	14
6	198	0	117462196	25	-2	12	-4	1	0	0	-92	14	99	14	-99	14
6	198	0	117464212	26	-3	12	-3	1	-1	0	-91	13	99	14	-99	14
6	198	0	117466188	26	-2	15	-3	1	0	0	-90	13	99	14	-99	14
6	198	0	117468188	27	-3	14	-4	2	0	0	-88	13	99	14	-99	14
6	198	0	117470188	28	-2	17	-4	1	0	0	-87	13	99	14	-99	14
6	198	0	117472192	30	-3	16	-3	2	0	0	-85	13	99	14	-99	14
6	198	0	117474208	30	-1	19	-3	1	-1	0	-84	12	99	14	-99	14
6	198	0	117476184	32	-2	17	-2	2	0	0	-82	12	99	14	-99	14
6	198	0	117478188	31	-2	18	-3	2	0	0	-80	12	99	14	-99	14
6	198	0	117480188	33	-2	21	-3	1	0	0	-79	12	99	14	-99	14
6	198	0	117482188	33	-1	20	-3	2	0	0	-77	12	99	14	-99	14
6	198	0	117484184	35	-2	22	-2	2	0	0	-75	12	99	14	-99	14
6	198	0	117486188	34	-2	20	-2	2	0	0	-73	12	99	14	-99	14
6	198	0	117488204	37	-1	23	-1	2	-1	0	-71	11	99	14	-99	14
6	198	0	117490188	37	-2	20	-2	2	0	0	-69	11	99	14	-99	14
6	198	0	117492196	39	-1	26	-2	2	0	0	-67	11	99	14	-99	14
6	198	0	117494196	40	0	22	-2	2	0	0	-65	11	99	14	-99	14
6	198	0	117496200	41	0	23	-2	2	0	0	-63	11	99	14	-99	14
6	198	0	117498200	43	0	27	-1	3	0	0	-60	11	99	14	-99	14
6	198	0	117500204	42	-1	24	-1	2	0	0	-58	11	99	14	-99	14
6	198	0	117502204	42	0	30	-1	2	0	0	-56	11	99	14	-99	14
6	198	0	117504204	43	0	26	-1	2	0	0	-54	11	99	14	-99	14
6	198	0	117506200	44	0	31	-1	3	0	0	-51	11	99	14	-99	14
6	198	0	117508204	43	0	28	-1	2	0	0	-49	11	99	14	-99	14
6	198	0	117510180	45	0	27	0	3	0	0	-46	11	99	14	-99	14
6	198	0	117512188	45	0	31	0	2	0	0	-44	11	99	14	-99	14
6	198	0	117514188	45	0	28	0	3	0	0	-41	11	99	14	-99	14
6	198	0	117516200	45	1	31	0	2	0	0	-39	11	99	14	-99	14
6	198	0	117518200	45	2	28	0	3	0	0	-36	11	99	14	-99	14
6	198	0	117520204	45	2	31	1	2	0	0	-34	11	99	14	-99	14
6	198	0	117522200	45	2	26	2	3	0	0	-31	11	99	14	-99	14
6	198	0	117524208	44	3	30	3	2	0	0	-29	11	99	14	-99	14
6	198	0	117526208	45	3	26	2	2	0	0	-27	11	99	14	-99	14
6	198	0	117528208	44	2	26	2	3	0	0	-24	11	99	14	-99	14
6	198	0	117530208	43	4	29	3	2	0	0	-22	11	99	14	-99	14
6	198	0	117532204	43	2	25	2	2	0	0	-20	11	99	14	-99	14
6	198	0	117534204	41	3	28	2	3	0	0	-17	11	99	14	-99	14
6	198	0	117536208	41	3	25	2	2	0	0	-15	11	99	14	-99	14
6	198	0	117538220	40	3	28	3	2	1	0	-13	12	99	14	-99	14
6	198	0	117540204	40	2	23	2	2	0	0	-11	12	99	14	-99	14
6	198	0	117542204	38	3	24	2	2	0	0	-9	12	99	14	-99	14
6	198	0	117544204	39	3	28	3	3	0	0	-6	12	99	14	-99	14
6	198	0	117546208	37	3	23	1	2	0	0	-4	12	99	14	-99	14
6	198	0	117548208	39	3	26	2	2	0	0	-2	12	99	14	-99	14
6	198	0	117550224	37	2	24	3	2	1	0	0	13	99	14	-99	14
6	198	0	117552208	38	3	25	2	2	0	0	2	13	99	14	-99	14
6	198	0	117554208	36	2	22	2	2	0	0	4	13	99	14	-99	14
6	198	0	117556204	38	2	23	3	2	0	0	6	13	99	14	-99	14
6	198	0	117558204	37	2	21	2	2	0	0	8	13	99	14	-99	14
6	198	0	117560208	37	3	19	2	2	0	0	10	13	99	14	-99	14
6	198	0	117562216	36	2	22	3	2	1	0	12	14	99	14	-99	14
6	198	0	117564212	37	1	20	2	1	0	0	13	14	99	14	-99	14
6	198	0	117566208	35	3	21	2	2	0	0	15	14	99	14	-99	14
6	198	0	117568208	33	3	18	2	2	0	0	17	14	99	14	-99	14
6	198	0	117570208	34	3	20	3	2	0	0	19	14	99	14	-99	14
6	198	0	117572204	31	3	16	2	1	0	0	20	14	99	14	-99	14
6	198	0	117574204	31	2	15	3	2	0	0	22	14	99	14	-99	14
6	198	0	117576220	31	3	16	3	1	1	0	23	15	99	14	-99	14
6	198	0	117578212	30	3	14	2	2	0	0	25	15	99	14	-99	14
6	198	0	117580216	28	3	15	2	1	0	0	26	15	99	14	-99	14
6	198	0	117582220	27	2	13	2	2	0	0	28	15	99	14	-99	14
6	198	0	117584220	26	3	14	2	1	0	0	29	15	99	14	-99	14
6	198	0	117586220	25	1	12	1	1	0	0	30	15	99	14	-99	14
6	198	0	117588220	23	2	13	1	1	0	0	31	15	99	14	-99	14
6	198	0	117590236	26	3	10	2	2	1	0	33	16	99	14	-99	14
6	198	0	117592224	21	2	11	2	1	0	0	34	16	99	14	-99	14
6	198	0	117594228	22	2	11	2	1	0	0	35	16	99	14	-99	14
6	198	0	117596220	19	2	8	2	1	0	0	36	16	99	14	-99	14
6	198	0	117598216	19	2	9	1	1	0	0	37	16	99	14	-99	14
6	198	0	117600212	18	2	7	1	1	0	0	38	16	99	14	-99	14
6	198	0	117602196	18	1	8	1	0	0	0	38	16	99	14	-99	14
6	198	0	117604212	17	2	6	2	1	0	0	39	16	99	14	-99	14
6	198	0	117606220	17	2	5	1	1	1	0	40	17	99	14	-99	14
6	198	0	117608204	17	2	7	1	1	0	0	41	17	99	14	-99	14
6	198	0	117610200	16	2	4	1	0	0	0	41	17	99	14	-99	14
6	198	0	117612216	16	1	6	2	1	0	0	42	17	99	14	-99	14
6	198	0	117614216	15	2	5	1	1	0	0	43	17	99	14	-99	14
6	198	0	117616200	13	1	4	1	0	0	0	43	17	99	14	-99	14
6	198	0	117618220	14	2	5	1	1	0	0	44	17	99	14	-99	14
6	198	0	117620200	13	0	4	0	1	0	0	45	17	99	14	-99	14
6	198	0	117622208	13	1	5	1	0	0	0	45	17	99	14	-99	14
6	198	0	117624220	12	1	3	0	1	0	0	46	17	99	14	-99	14
6	198	0	117626196	13	0	4	0	0	0	0	46	17	99	14	-99	14
6	198	0	117628208	12	0	5	0	1	0	0	47	17	99	14	-99	14
6	198	0	117630196	14	0	4	0	0	0	0	47	17	99	14	-99	14
6	198	0	117632208	13	0	4	0	1	0	0	48	17	99	14	-99	14
6	198	0	117634208	15	0	6	0	1	0	0	49	17	99	14	-99	14
6	198	0	117636192	14	0	4	0	0	0	0	49	17	99	14	-99	14
6	198	0	117638208	15	0	5	-1	1	0	0	50	17	99	14	-99	14
6	198	0	117640204	16	0	7	-2	1	0	0	51	17	99	14	-99	14
6	198	0	117642192	16	0	4	-1	0	0	0	51	17	99	14	-99	14
6	198	0	117644204	16	-1	8	-2	1	0	0	52	17	99	14	-99	14
6	198	0	117646200	16	0	6	-1	1	0	0	53	17	99	14	-99	14
6	198	0	117648204	16	-2	6	-1	1	0	0	54	17	99	14	-99	14
6	198	0	117650192	18	-1	7	-2	0	0	0	54	17	99	14	-99	14
6	198	0	117652196	18	-2	7	-3	1	0	0	55	17	99	14	-99	14
6	198	0	117654192	18	-2	8	-3	1	0	0	56	17	99	14	-99	14
6	198	0	117656188	18	-2	8	-3	1	0	0	57	17	99	14	-99	14
6	198	0	117658188	19	-2	9	-3	1	0	0	58	17	99	14	-99	14
6	198	0	117660188	19	-3	9	-2	1	0	0	59	17	99	14	-99	14
6	198	0	117662184	20	-2	9	-4	1	0	0	60	17	99	14	-99	14
6	198	0	117664200	20	-2	9	-4	1	-1	0	61	16	99	14	-99	14
6	198	0	117666192	21	-3	8	-3	1	0	0	62	16	99	14	-99	14
6	198	0	117668200	20	-2	10	-3	1	0	0	63	16	99	14	-99	14
6	198	0	117670188	22	-3	9	-3	1	0	0	64	16	99	14	-99	14
6	198	0	117672188	22	-2	9	-3	1	0	0	65	16	99	14	-99	14
6	198	0	117674184	23	-2	9	-3	1	0	0	66	16	99	14	-99	14
6	198	0	117676192	22	-2	8	-3	1	-1	0	67	15	99	14	-99	14
6	198	0	117678176	23	-2	10	-3	1	0	0	68	15	99	14	-99	14
6	198	0	117680172	23	-2	10	-1	1	0	0	69	15	99	14	-99	14
6	198	0	117682172	24	-2	11	-3	1	0	0	70	15	99	14	-99	14
6	198	0	117684168	24	-2	10	-2	1	0	0	71	15	99	14	-99	14
6	198	0	117686168	25	-2	12	-3	2	0	0	73	15	99	14	-99	14
6	198	0	117688172	25	-2	11	-2	1	0	0	74	15	99	14	-99	14
6	198	0	117690188	25	-1	12	-2	1	-1	0	75	14	99	14	-99	14
6	198	0	117692180	26	-1	12	-2	1	0	0	76	14	99	14	-99	14
6	198	0	117694180	26	-2	12	-3	2	0	0	78	14	99	14	-99	14
6	198	0	117696184	26	-2	13	-2	1	0	0	79	14	99	14	-99	14
6	198	0	117698172	26	-1	12	-3	1	0	0	80	14	99	14	-99	14
6	198	0	117700172	27	-2	13	-2	1	0	0	81	14	99	14	-99	14
6	198	0	117702176	27	-1	11	-2	2	0	0	83	14	99	14	-99	14
6	198	0	117704168	27	-1	12	-2	1	0	0	84	14	99	14	-99	14
6	198	0	117706180	27	-2	12	-1	1	-1	0	85	13	99	14	-99	14
6	198	0	117708168	26	-1	11	-1	2	0	0	87	13	99	14	-99	14
6	198	0	117710172	27	-1	13	-2	1	0	0	88	13	99	14	-99	14
6	198	0	117712164	27	-1	11	-2	1	0	0	89	13	99	14	-99	14
6	198	0	117714164	26	-2	12	-2	1	0	0	90	13	99	14	-99	14
6	198	0	117716164	26	-2	11	-1	2	0	0	92	13	99	14	-99	14
6	198	0	117718164	27	-2	11	-2	1	0	0	93	13	99	14	-99	14
6	198	0	117720172	25	-1	10	-2	1	0	0	94	13	99	14	-99	14
6	198	0	117722164	24	-2	11	-3	1	0	0	95	13	99	14	-99	14
6	198	0	117724164	24	-1	12	-1	1	0	0	96	13	99	14	-99	14
6	198	0	117726176	22	-2	9	-3	2	-1	0	98	12	99	14	-99	14
6	198	0	117728164	23	-2	11	-3	1	0	0	99	12	99	14	-99	14
6	198	0	117730168	20	-1	10	-2	1	0	0	100	12	99	14	-99	14
6	198	0	117732168	20	-3	9	-2	1	0	0	101	12	99	14	-99	14
6	198	0	117734160	18	-2	9	-2	1	0	0	102	12	99	14	-99	14
6	198	0	117736144	17	-2	8	-1	0	0	0	102	12	99	14	-99	14
6	198	0	117738156	15	-1	9	-1	1	0	0	103	12	99	14	-99	14
6	198	0	117740164	14	-1	6	-1	1	0	0	104	12	99	14	-99	14
6	198	0	117742164	11	-1	7	-2	0	-1	0	104	11	99	14	-99	14
6	198	0	117744156	9	-2	5	-1	1	0	0	105	11	99	14	-99	14
6	198	0	117746148	8	-1	4	-1	0	0	0	105	11	99	14	-99	14
6	198	0	117748168	5	0	4	-2	1	0	0	106	11	99	14	-99	14
6	198	0	117750156	2	-1	2	0	0	0	0	106	11	99	14	-99	14
6	198	0	117752148	1	0	1	0	0	0	0	106	11	99	14	-99	14
6	198	0	117754148	1	0	1	0	0	0	0	106	11	99	14	-99	14
6	198	0	117778124	0	0	0	0	0	0	1	106	11	99	14	-99	14
7	-190	-56	117824132	0	-1	0	0	0	0	1	99	14	-91	-42	99	14
7	-190	-56	117864164	-1	-1	0	-1	0	0	1	99	14	-91	-42	99	14
7	-190	-56	117866176	-2	-1	1	-1	0	0	1	99	14	-91	-42	99	14
7	-190	-56	117868172	-5	-2	2	-1	0	0	0	99	14	-91	-42	99	14
7	-190	-56	117870144	-7	-2	2	-3	0	0	0	99	14	-91	-42	99	14
7	-190	-56	117872176	-6	-2	1	-2	0	0	0	99	14	-91	-42	99	14
7	-190	-56	117874164	-10	-2	0	-1	0	0	0	99	14	-91	-42	99	14
7	-190	-56	117876192	-10	-3	-1	-3	0	-1	0	99	13	-91	-42	99	14
7	-190	-56	117878188	-12	-3	-4	-3	-1	0	0	98	13	-91	-42	99	14
7	-190	-56	117880180	-14	-4	-6	-4	-1	0	0	97	13	-91	-42	99	14
7	-190	-56	117882176	-16	-5	-9	-4	0	0	0	97	13	-91	-42	99	14
7	-190	-56	117884204	-18	-5	-11	-4	-1	-1	0	96	12	-91	-42	99	14
7	-190	-56	117886188	-22	-5	-11	-6	-1	0	0	95	12	-91	-42	99	14
7	-190	-56	117888200	-23	-7	-15	-6	-2	-1	0	93	11	-91	-42	99	14
7	-190	-56	117890184	-26	-6	-14	-6	-1	0	0	92	11	-91	-42	99	14
7	-190	-56	117892192	-29	-9	-17	-8	-2	-1	0	90	10	-91	-42	99	14
7	-190	-56	117894176	-32	-8	-16	-8	-1	0	0	89	10	-91	-42	99	14
7	-190	-56	117896188	-34	-10	-17	-8	-2	-1	0	87	9	-91	-42	99	14
7	-190	-56	117898172	-36	-10	-20	-11	-2	0	0	85	9	-91	-42	99	14
7	-190	-56	117900184	-39	-11	-18	-9	-2	-1	0	83	8	-91	-42	99	14
7	-190	-56	117902184	-41	-12	-23	-11	-2	-1	0	81	7	-91	-42	99	14
7	-190	-56	117904188	-43	-12	-20	-12	-2	-1	0	79	6	-91	-42	99	14
7	-190	-56	117906188	-46	-15	-27	-13	-2	-1	0	77	5	-91	-42	99	14
7	-190	-56	117908176	-50	-15	-26	-14	-3	0	0	74	5	-91	-42	99	14
7	-190	-56	117910184	-52	-16	-28	-13	-3	-1	0	71	4	-91	-42	99	14
7	-190	-56	117912188	-57	-16	-34	-17	-3	-2	0	68	2	-91	-42	99	14
7	-190	-56	117914192	-58	-17	-32	-14	-3	-1	0	65	1	-91	-42	99	14
7	-190	-56	117916192	-61	-19	-36	-17	-3	-1	0	62	0	-91	-42	99	14
7	-190	-56	117918196	-63	-18	-33	-15	-3	-1	0	59	-1	-91	-42	99	14
7	-190	-56	117920200	-66	-19	-37	-18	-3	-1	0	56	-2	-91	-42	99	14
7	-190	-56	117922200	-69	-19	-32	-15	-4	-1	0	52	-3	-91	-42	99	14
7	-190	-56	117924200	-70	-19	-39	-18	-3	-1	0	49	-4	-91	-42	99	14
7	-190	-56	117926204	-71	-19	-35	-16	-4	-2	0	45	-6	-91	-42	99	14
7	-190	-56	117928204	-73	-18	-35	-16	-4	-1	0	41	-7	-91	-42	99	14
7	-190	-56	117930204	-74	-19	-41	-19	-3	-1	0	38	-8	-91	-42	99	14
7	-190	-56	117932204	-76	-19	-39	-16	-4	-1	0	34	-9	-91	-42	99	14
7	-190	-56	117934208	-77	-20	-44	-18	-4	-1	0	30	-10	-91	-42	99	14
7	-190	-56	117936200	-77	-18	-39	-17	-4	-2	0	26	-12	-91	-42	99	14
7	-190	-56	117938208	-77	-20	-46	-17	-4	-1	0	22	-13	-91	-42	99	14
7	-190	-56	117940204	-78	-20	-41	-17	-4	-1	0	18	-14	-91	-42	99	14
7	-190	-56	117942204	-77	-19	-42	-16	-4	-1	0	14	-15	-91	-42	99	14
7	-190	-56	117944208	-75	-18	-46	-18	-4	-1	0	10	-16	-91	-42	99	14
7	-190	-56	117946200	-77	-19	-41	-16	-4	-2	0	6	-18	-91	-42	99	14
7	-190	-56	117948196	-75	-18	-45	-18	-4	-1	0	2	-19	-91	-42	99	14
7	-190	-56	117950200	-75	-18	-40	-17	-4	-1	0	-2	-20	-91	-42	99	14
7	-190	-56	117952204	-74	-18	-43	-17	-4	-1	0	-6	-21	-91	-42	99	14
7	-190	-56	117954208	-72	-18	-39	-16	-4	-1	0	-10	-22	-91	-42	99	14
7	-190	-56	117956204	-69	-19	-42	-18	-3	-2	0	-13	-24	-91	-42	99	14
7	-190	-56	117958208	-68	-18	-36	-16	-4	-1	0	-17	-25	-91	-42	99	14
7	-190	-56	117960200	-65	-18	-34	-15	-3	-1	0	-20	-26	-91	-42	99	14
7	-190	-56	117962212	-72	-20	-39	-17	-4	-1	0	-24	-27	-91	-42	99	14
7	-190	-56	117964212	-55	-15	-33	-15	-3	-1	0	-27	-28	-91	-42	99	14
7	-190	-56	117966204	-59	-17	-35	-16	-3	-1	0	-30	-29	-91	-42	99	14
7	-190	-56	117968204	-56	-16	-32	-14	-3	-1	0	-33	-30	-91	-42	99	14
7	-190	-56	117970204	-53	-16	-29	-14	-2	-1	0	-35	-31	-91	-42	99	14
7	-190	-56	117972200	-51	-15	-32	-16	-3	-1	0	-38	-32	-91	-42	99	14
7	-190	-56	117974200	-49	-15	-27	-13	-3	-1	0	-41	-33	-91	-42	99	14
7	-190	-56	117976200	-46	-14	-28	-15	-2	-1	0	-43	-34	-91	-42	99	14
7	-190	-56	117978204	-43	-14	-24	-12	-2	-1	0	-45	-35	-91	-42	99	14
7	-190	-56	117980192	-40	-13	-25	-13	-3	-1	0	-48	-36	-91	-42	99	14
7	-190	-56	117982196	-38	-12	-22	-13	-2	-1	0	-50	-37	-91	-42	99	14
7	-190	-56	117984188	-38	-14	-23	-11	-2	0	0	-52	-37	-91	-42	99	14
7	-190	-56	117986192	-31	-11	-18	-10	-1	-1	0	-53	-38	-91	-42	99	14
7	-190	-56	117988192	-28	-10	-17	-10	-2	-1	0	-55	-39	-91	-42	99	14
7	-190	-56	117990180	-25	-9	-17	-10	-1	0	0	-56	-39	-91	-42	99	14
7	-190	-56	117992192	-22	-9	-13	-8	-1	-1	0	-57	-40	-91	-42	99	14
7	-190	-56	117994200	-19	-7	-14	-10	-1	-1	0	-58	-41	-91	-42	99	14
7	-190	-56	117996180	-15	-8	-10	-6	-1	0	0	-59	-41	-91	-42	99	14
7	-190	-56	117998176	-12	-6	-9	-7	-1	0	0	-60	-41	-91	-42	99	14
7	-190	-56	118000192	-9	-7	-8	-5	-1	-1	0	-61	-42	-91	-42	99	14
7	-190	-56	118002160	-8	-5	-5	-6	0	0	0	-61	-42	-91	-42	99	14
7	-190	-56	118004172	-5	-3	-5	-4	0	0	0	-61	-42	-91	-42	99	14
7	-190	-56	118006200	-2	-4	-3	-4	-1	-1	0	-62	-43	-91	-42	99	14
7	-190	-56	118008168	-2	-2	-2	-1	0	0	0	-62	-43	-91	-42	99	14
7	-190	-56	118010168	0	-2	-1	-1	0	0	0	-62	-43	-91	-42	99	14
7	-190	-56	118012168	0	-1	-1	0	0	0	0	-62	-43	-91	-42	99	14
7	-190	-56	118014156	0	-1	0	0	0	0	0	-62	-43	-91	-42	99	14
7	-190	-56	118024144	-1	0	0	0	0	0	0	-62	-43	-91	-42	99	14
7	-190	-56	118118188	0	0	0	0	0	0	1	-62	-43	-91	-42	99	14
8	167	107	118128196	-1	0	0	0	0	0	1	-91	-42	76	65	-91	-42
8	167	107	118194208	1	0	0	0	0	0	1	-91	-42	76	65	-91	-42
8	167	107	118196212	1	0	-1	0	0	0	1	-91	-42	76	65	-91	-42
8	167	107	118198212	3	2	0	0	0	0	1	-91	-42	76	65	-91	-42
8	167	107	118200220	6	2	-1	2	0	0	1	-91	-42	76	65	-91	-42
8	167	107	118202220	8	3	-2	1	0	0	1	-91	-42	76	65	-91	-42
8	167	107	118204216	12	2	-1	4	0	0	1	-91	-42	76	65	-91	-42
8	167	107	118206228	14	4	-2	4	1	0	1	-90	-42	76	65	-91	-42
8	167	107	118208212	16	6	-3	4	0	0	1	-90	-42	76	65	-91	-42
8	167	107	118210216	17	5	-2	5	0	0	1	-90	-42	76	65	-91	-42
8	167	107	118212240	18	6	-1	5	1	1	1	-89	-41	76	65	-91	-42
8	167	107	118214220	20	7	0	7	1	0	1	-88	-41	76	65	-91	-42
8	167	107	118216228	21	6	1	6	0	1	0	-88	-40	76	65	-91	-42
8	167	107	118218220	20	8	4	7	1	0	0	-87	-40	76	65	-91	-42
8	167	107	118220240	22	8	5	8	1	1	0	-86	-39	76	65	-91	-42
8	167	107	118222224	22	9	8	8	1	0	0	-85	-39	76	65	-91	-42
8	167	107	118224236	23	9	11	10	1	1	0	-84	-38	76	65	-91	-42
8	167	107	118226228	24	10	11	8	1	1	0	-83	-37	76	65	-91	-42
8	167	107	118228228	25	10	15	11	2	0	0	-81	-37	76	65	-91	-42
8	167	107	118230236	25	11	14	9	1	1	0	-80	-36	76	65	-91	-42
8	167	107	118232240	26	10	17	11	1	1	0	-79	-35	76	65	-91	-42
8	167	107	118234228	27	11	15	10	2	0	0	-77	-35	76	65	-91	-42
8	167	107	118236228	28	12	15	10	1	1	0	-76	-34	76	65	-91	-42
8	167	107	118238228	29	12	19	11	2	1	0	-74	-33	76	65	-91	-42
8	167	107	118240232	32	13	17	11	2	1	0	-72	-32	76	65	-91	-42
8	167	107	118242220	30	12	19	12	1	0	0	-71	-32	76	65	-91	-42
8	167	107	118244232	31	12	18	11	2	1	0	-69	-31	76	65	-91	-42
8	167	107	118246228	32	14	21	13	2	1	0	-67	-30	76	65	-91	-42
8	167	107	118248232	32	13	20	12	1	1	0	-66	-29	76	65	-91	-42
8	167	107	118250228	33	14	20	13	2	1	0	-64	-28	76	65	-91	-42
8	167	107	118252224	34	14	26	15	2	1	0	-62	-27	76	65	-91	-42
8	167	107	118254236	34	15	23	14	2	1	0	-60	-26	76	65	-91	-42
8	167	107	118256232	35	17	27	16	2	1	0	-58	-25	76	65	-91	-42
8	167	107	118258228	37	17	27	16	2	1	0	-56	-24	76	65	-91	-42
8	167	107	118260228	35	17	30	18	2	1	0	-54	-23	76	65	-91	-42
8	167	107	118262236	37	20	29	17	3	1	0	-51	-22	76	65	-91	-42
8	167	107	118264232	37	20	29	19	2	2	0	-49	-20	76	65	-91	-42
8	167	107	118266232	39	20	33	20	2	1	0	-47	-19	76	65	-91	-42
8	167	107	118268224	39	22	32	21	3	1	0	-44	-18	76	65	-91	-42
8	167	107	118270232	39	22	37	23	2	2	0	-42	-16	76	65	-91	-42
8	167	107	118272236	42	24	33	21	3	1	0	-39	-15	76	65	-91	-42
8	167	107	118274244	42	25	37	25	2	2	0	-37	-13	76	65	-91	-42
8	167	107	118276236	43	25	35	24	3	2	0	-34	-11	76	65	-91	-42
8	167	107	118278236	43	26	40	26	3	1	0	-31	-10	76	65	-91	-42
8	167	107	118280232	44	27	36	24	2	2	0	-29	-8	76	65	-91	-42
8	167	107	118282232	44	26	36	24	3	2	0	-26	-6	76	65	-91	-42
8	167	107	118284228	44	27	43	28	3	2	0	-23	-4	76	65	-91	-42
8	167	107	118286224	45	29	38	25	3	1	0	-20	-3	76	65	-91	-42
8	167	107	118288228	44	27	42	28	2	2	0	-18	-1	76	65	-91	-42
8	167	107	118290220	43	27	38	27	3	2	0	-15	1	76	65	-91	-42
8	167	107	118292220	41	26	40	28	3	2	0	-12	3	76	65	-91	-42
8	167	107	118294212	39	25	35	24	2	2	0	-10	5	76	65	-91	-42
8	167	107	118296212	41	26	34	25	3	1	0	-7	6	76	65	-91	-42
8	167	107	118298208	40	24	39	26	2	2	0	-5	8	76	65	-91	-42
8	167	107	118300204	41	24	34	22	3	1	0	-2	9	76	65	-91	-42
8	167	107	118302200	40	23	37	27	2	2	0	0	11	76	65	-91	-42
8	167	107	118304200	43	24	33	23	3	2	0	3	13	76	65	-91	-42
8	167	107	118306208	41	25	35	26	3	1	0	6	14	76	65	-91	-42
8	167	107	118308204	41	25	30	25	2	2	0	8	16	76	65	-91	-42
8	167	107	118310204	39	25	31	24	2	2	0	10	18	76	65	-91	-42
8	167	107	118312200	39	25	36	26	3	1	0	13	19	76	65	-91	-42
8	167	107	118314196	37	25	31	23	2	2	0	15	21	76	65	-91	-42
8	167	107	118316196	35	24	36	25	2	2	0	17	23	76	65	-91	-42
8	167	107	118318188	34	22	30	21	3	1	0	20	24	76	65	-91	-42
8	167	107	118320184	32	22	30	20	2	1	0	22	25	76	65	-91	-42
8	167	107	118322184	29	20	32	22	2	2	0	24	27	76	65	-91	-42
8	167	107	118324180	28	21	29	18	2	1	0	26	28	76	65	-91	-42
8	167	107	118326176	25	19	29	19	1	1	0	27	29	76	65	-91	-42
8	167	107	118328180	25	18	25	17	2	2	0	29	31	76	65	-91	-42
8	167	107	118330180	23	18	26	19	2	1	0	31	32	76	65	-91	-42
8	167	107	118332176	23	18	23	17	1	1	0	32	33	76	65	-91	-42
8	167	107	118334172	23	17	21	16	2	1	0	34	34	76	65	-91	-42
8	167	107	118336180	22	17	23	18	1	1	0	35	35	76	65	-91	-42
8	167	107	118338176	21	17	19	16	1	1	0	36	36	76	65	-91	-42
8	167	107	118340176	23	16	21	16	2	1	0	38	37	76	65	-91	-42
8	167	107	118342172	21	17	19	16	1	1	0	39	38	76	65	-91	-42
8	167	107	118344180	23	18	20	18	2	2	0	41	40	76	65	-91	-42
8	167	107	118346188	23	18	18	17	1	1	0	42	41	76	65	-91	-42
8	167	107	118348184	23	17	20	19	1	1	0	43	42	76	65	-91	-42
8	167	107	118350184	23	18	18	16	2	1	0	45	43	76	65	-91	-42
8	167	107	118352184	23	17	17	17	1	1	0	46	44	76	65	-91	-42
8	167	107	118354184	24	18	18	17	2	1	0	48	45	76	65	-91	-42
8	167	107	118356180	23	17	16	16	1	2	0	49	47	76	65	-91	-42
8	167	107	118358184	23	16	18	18	1	1	0	50	48	76	65	-91	-42
8	167	107	118360180	21	15	16	15	1	1	0	51	49	76	65	-91	-42
8	167	107	118362172	21	15	17	17	2	1	0	53	50	76	65	-91	-42
8	167	107	118364172	20	15	15	13	1	1	0	54	51	76	65	-91	-42
8	167	107	118366176	18	14	14	12	1	1	0	55	52	76	65	-91	-42
8	167	107	118368156	17	13	16	14	1	0	0	56	52	76	65	-91	-42
8	167	107	118370168	17	12	13	13	1	1	0	57	53	76	65	-91	-42
8	167	107	118372164	16	12	15	11	1	1	0	58	54	76	65	-91	-42
8	167	107	118374160	15	11	13	10	1	1	0	59	55	76	65	-91	-42
8	167	107	118376156	14	10	14	11	1	0	0	60	55	76	65	-91	-42
8	167	107	118378164	13	10	12	10	1	1	0	61	56	76	65	-91	-42
8	167	107	118380164	13	9	12	9	1	1	0	62	57	76	65	-91	-42
8	167	107	118382152	14	9	13	11	1	0	0	63	57	76	65	-91	-42
8	167	107	118384152	12	10	12	8	0	1	0	63	58	76	65	-91	-42
8	167	107	118386168	12	9	12	9	1	1	0	64	59	76	65	-91	-42
8	167	107	118388164	12	9	11	8	1	0	0	65	59	76	65	-91	-42
8	167	107	118390180	12	8	13	9	1	1	0	66	60	76	65	-91	-42
8	167	107	118392152	12	8	10	8	0	0	0	66	60	76	65	-91	-42
8	167	107	118394176	11	8	10	7	1	1	0	67	61	76	65	-91	-42
8	167	107	118396160	11	7	11	8	1	0	0	68	61	76	65	-91	-42
8	167	107	118398172	10	8	10	7	1	1	0	69	62	76	65	-91	-42
8	167	107	118400144	11	8	10	8	0	0	0	69	62	76	65	-91	-42
8	167	107	118402164	10	8	10	6	1	1	0	70	63	76	65	-91	-42
8	167	107	118404144	10	7	10	9	1	0	0	71	63	76	65	-91	-42
8	167	107	118406144	11	7	9	7	0	1	0	71	64	76	65	-91	-42
8	167	107	118408144	10	7	11	7	1	0	0	72	64	76	65	-91	-42
8	167	107	118410152	10	8	10	8	1	1	0	73	65	76	65	-91	-42
8	167	107	118412132	12	7	10	7	0	0	0	73	65	76	65	-91	-42
8	167	107	118414152	10	7	11	6	1	1	0	74	66	76	65	-91	-42
8	167	107	118416136	10	7	10	7	1	0	0	75	66	76	65	-91	-42
8	167	107	118418136	10	6	12	7	0	1	0	75	67	76	65	-91	-42
8	167	107	118420132	10	7	10	6	1	0	0	76	67	76	65	-91	-42
8	167	107	118422132	10	6	11	7	1	0	0	77	67	76	65	-91	-42
8	167	107	118424136	10	7	10	6	1	1	0	78	68	76	65	-91	-42
8	167	107	118426108	8	6	9	7	0	0	0	78	68	76	65	-91	-42
8	167	107	118428144	9	6	11	5	1	1	0	79	69	76	65	-91	-42
8	167	107	118430128	10	7	7	6	0	0	0	79	69	76	65	-91	-42
8	167	107	118432152	7	6	9	7	1	1	0	80	70	76	65	-91	-42
8	167	107	118434132	9	6	9	4	0	0	0	80	70	76	65	-91	-42
8	167	107	118436140	7	5	7	7	1	0	0	81	70	76	65	-91	-42
8	167	107	118438140	8	5	7	4	0	1	0	81	71	76	65	-91	-42
8	167	107	118440136	6	5	6	3	1	0	0	82	71	76	65	-91	-42
8	167	107	118442124	6	4	6	5	0	0	0	82	71	76	65	-91	-42
8	167	107	118444132	5	3	4	3	1	0	0	83	71	76	65	-91	-42
8	167	107	118446128	4	4	5	3	0	1	0	83	72	76	65	-91	-42
8	167	107	118448112	4	3	3	2	0	0	0	83	72	76	65	-91	-42
8	167	107	118450116	3	2	3	3	0	0	0	83	72	76	65	-91	-42
8	167	107	118452116	3	2	3	3	0	0	0	83	72	76	65	-91	-42
8	167	107	118454132	1	1	2	1	1	0	0	84	72	76	65	-91	-42
8	167	107	118456120	2	2	2	1	0	0	0	84	72	76	65	-91	-42
8	167	107	118458124	1	1	1	1	0	0	0	84	72	76	65	-91	-42
8	167	107	118460120	0	1	1	0	0	0	0	84	72	76	65	-91	-42
8	167	107	118462108	1	0	0	0	0	0	0	84	72	76	65	-91	-42
8	167	107	118464104	0	0	1	0	0	0	0	84	72	76	65	-91	-42
8	167	107	118494112	0	0	0	0	0	0	1	84	72	76	65	-91	-42
9	-130	-149	118520164	0	0	1	0	0	0	1	76	65	-54	-84	76	65
9	-130	-149	118578192	0	-2	0	-2	0	0	1	76	65	-54	-84	76	65
9	-130	-149	118580204	0	-3	-1	-4	0	0	1	76	65	-54	-84	76	65
9	-130	-149	118582168	0	-7	-3	-7	0	0	1	76	65	-54	-84	76	65
9	-130	-149	118584184	0	-7	-5	-9	0	0	0	76	65	-54	-84	76	65
9	-130	-149	118586208	-1	-12	-6	-9	0	-1	0	76	64	-54	-84	76	65
9	-130	-149	118588200	-2	-12	-8	-14	0	-1	0	76	63	-54	-84	76	65
9	-130	-149	118590192	-3	-13	-8	-13	0	0	0	76	63	-54	-84	76	65
9	-130	-149	118592208	-4	-15	-11	-16	-1	-2	0	75	61	-54	-84	76	65
9	-130	-149	118594196	-5	-17	-11	-16	0	-1	0	75	60	-54	-84	76	65
9	-130	-149	118596216	-5	-17	-12	-17	-1	-1	0	74	59	-54	-84	76	65
9	-130	-149	118598204	-7	-18	-14	-20	-1	-1	0	73	58	-54	-84	76	65
9	-130	-149	118600188	-7	-20	-13	-18	0	-1	0	73	57	-54	-84	76	65
9	-130	-149	118602212	-10	-21	-15	-22	-1	-2	0	72	55	-54	-84	76	65
9	-130	-149	118604216	-12	-22	-15	-22	-1	-1	0	71	54	-54	-84	76	65
9	-130	-149	118606216	-13	-24	-17	-24	-1	-2	0	70	52	-54	-84	76	65
9	-130	-149	118608212	-15	-24	-15	-22	-1	-1	0	69	51	-54	-84	76	65
9	-130	-149	118610212	-18	-25	-20	-28	-1	-2	0	68	49	-54	-84	76	65
9	-130	-149	118612212	-21	-27	-17	-24	-2	-2	0	66	47	-54	-84	76	65
9	-130	-149	118614216	-22	-27	-18	-25	-1	-2	0	65	45	-54	-84	76	65
9	-130	-149	118616212	-24	-28	-21	-30	-1	-1	0	64	44	-54	-84	76	65
9	-130	-149	118618216	-29	-29	-22	-28	-2	-2	0	62	42	-54	-84	76	65
9	-130	-149	118620216	-29	-30	-25	-31	-2	-2	0	60	40	-54	-84	76	65
9	-130	-149	118622216	-31	-31	-25	-29	-2	-2	0	58	38	-54	-84	76	65
9	-130	-149	118624216	-34	-33	-30	-34	-2	-3	0	56	35	-54	-84	76	65
9	-130	-149	118626220	-41	-37	-29	-31	-2	-2	0	54	33	-54	-84	76	65
9	-130	-149	118628220	-38	-34	-30	-31	-3	-2	0	51	31	-54	-84	76	65
9	-130	-149	118630224	-40	-36	-34	-37	-2	-2	0	49	29	-54	-84	76	65
9	-130	-149	118632220	-43	-34	-33	-32	-3	-3	0	46	26	-54	-84	76	65
9	-130	-149	118634228	-44	-37	-37	-38	-2	-2	0	44	24	-54	-84	76	65
9	-130	-149	118636216	-46	-36	-34	-35	-3	-3	0	41	21	-54	-84	76	65
9	-130	-149	118638220	-48	-37	-41	-38	-3	-2	0	38	19	-54	-84	76	65
9	-130	-149	118640212	-49	-38	-35	-36	-3	-3	0	35	16	-54	-84	76	65
9	-130	-149	118642212	-50	-38	-38	-35	-3	-2	0	32	14	-54	-84	76	65
9	-130	-149	118644216	-50	-38	-43	-41	-3	-3	0	29	11	-54	-84	76	65
9	-130	-149	118646216	-50	-40	-38	-36	-3	-2	0	26	9	-54	-84	76	65
9	-130	-149	118648216	-51	-38	-44	-41	-3	-3	0	23	6	-54	-84	76	65
9	-130	-149	118650216	-49	-39	-39	-35	-3	-2	0	20	4	-54	-84	76	65
9	-130	-149	118652220	-50	-38	-43	-40	-3	-3	0	17	1	-54	-84	76	65
9	-130	-149	118654224	-49	-38	-38	-33	-3	-2	0	14	-1	-54	-84	76	65
9	-130	-149	118656220	-48	-37	-43	-38	-3	-3	0	11	-4	-54	-84	76	65
9	-130	-149	118658220	-47	-37	-38	-32	-3	-2	0	8	-6	-54	-84	76	65
9	-130	-149	118660224	-47	-35	-37	-32	-2	-2	0	6	-8	-54	-84	76	65
9	-130	-149	118662216	-47	-36	-41	-37	-3	-3	0	3	-11	-54	-84	76	65
9	-130	-149	118664224	-45	-36	-36	-32	-3	-2	0	0	-13	-54	-84	76	65
9	-130	-149	118666224	-44	-35	-40	-36	-3	-2	0	-3	-15	-54	-84	76	65
9	-130	-149	118668228	-43	-35	-35	-33	-2	-3	0	-5	-18	-54	-84	76	65
9	-130	-149	118670228	-42	-35	-40	-36	-3	-2	0	-8	-20	-54	-84	76	65
9	-130	-149	118672224	-40	-32	-34	-31	-3	-2	0	-11	-22	-54	-84	76	65
9	-130	-149	118674224	-37	-33	-38	-35	-2	-2	0	-13	-24	-54	-84	76	65
9	-130	-149	118676228	-36	-32	-33	-30	-2	-2	0	-15	-26	-54	-84	76	65
9	-130	-149	118678224	-34	-32	-31	-31	-3	-2	0	-18	-28	-54	-84	76	65
9	-130	-149	118680220	-33	-32	-33	-33	-2	-3	0	-20	-31	-54	-84	76	65
9	-130	-149	118682228	-30	-31	-29	-29	-2	-2	0	-22	-33	-54	-84	76	65
9	-130	-149	118684232	-30	-31	-31	-33	-2	-2	0	-24	-35	-54	-84	76	65
9	-130	-149	118686228	-29	-30	-28	-28	-2	-2	0	-26	-37	-54	-84	76	65
9	-130	-149	118688224	-26	-29	-28	-31	-2	-2	0	-28	-39	-54	-84	76	65
9	-130	-149	118690220	-24	-29	-24	-26	-1	-2	0	-29	-41	-54	-84	76	65
9	-130	-149	118692224	-23	-28	-24	-27	-2	-1	0	-31	-42	-54	-84	76	65
9	-130	-149	118694224	-20	-26	-24	-28	-1	-2	0	-32	-44	-54	-84	76	65
9	-130	-149	118696224	-20	-26	-20	-24	-1	-2	0	-33	-46	-54	-84	76	65
9	-130	-149	118698228	-18	-27	-21	-27	-2	-2	0	-35	-48	-54	-84	76	65
9	-130	-149	118700232	-16	-25	-18	-24	-1	-1	0	-36	-49	-54	-84	76	65
9	-130	-149	118702228	-14	-25	-20	-26	-1	-2	0	-37	-51	-54	-84	76	65
9	-130	-149	118704224	-12	-26	-17	-23	-1	-2	0	-38	-53	-54	-84	76	65
9	-130	-149	118706224	-11	-25	-15	-23	-1	-1	0	-39	-54	-54	-84	76	65
9	-130	-149	118708220	-10	-24	-16	-26	-1	-2	0	-40	-56	-54	-84	76	65
9	-130	-149	118710212	-8	-24	-14	-23	0	-1	0	-40	-57	-54	-84	76	65
9	-130	-149	118712220	-7	-23	-15	-25	-1	-2	0	-41	-59	-54	-84	76	65
9	-130	-149	118714220	-4	-23	-11	-22	-1	-2	0	-42	-61	-54	-84	76	65
9	-130	-149	118716204	-4	-22	-12	-23	0	-1	0	-42	-62	-54	-84	76	65
9	-130	-149	118718224	-3	-22	-10	-21	-1	-1	0	-43	-63	-54	-84	76	65
9	-130	-149	118720208	-3	-21	-10	-19	0	-2	0	-43	-65	-54	-84	76	65
9	-130	-149	118722212	-1	-21	-10	-23	0	-1	0	-43	-66	-54	-84	76	65
9	-130	-149	118724212	0	-21	-8	-20	-1	-2	0	-44	-68	-54	-84	76	65
9	-130	-149	118726192	0	-19	-10	-20	0	-1	0	-44	-69	-54	-84	76	65
9	-130	-149	118728192	0	-20	-9	-20	0	-1	0	-44	-70	-54	-84	76	65
9	-130	-149	118730220	2	-20	-10	-20	-1	-2	0	-45	-72	-54	-84	76	65
9	-130	-149	118732212	1	-18	-9	-19	0	-1	0	-45	-73	-54	-84	76	65
9	-130	-149	118734208	2	-18	-8	-17	0	-1	0	-45	-74	-54	-84	76	65
9	-130	-149	118736208	2	-16	-8	-18	0	-1	0	-45	-75	-54	-84	76	65
9	-130	-149	118738204	1	-16	-5	-15	0	-1	0	-45	-76	-54	-84	76	65
9	-130	-149	118740224	1	-14	-8	-15	-1	-1	0	-46	-77	-54	-84	76	65
9	-130	-149	118742204	0	-13	-5	-12	0	-1	0	-46	-78	-54	-84	76	65
9	-130	-149	118744204	0	-12	-5	-13	0	-1	0	-46	-79	-54	-84	76	65
9	-130	-149	118746220	1	-12	-5	-11	0	-1	0	-46	-80	-54	-84	76	65
9	-130	-149	118748200	0	-11	-5	-12	0	0	0	-46	-80	-54	-84	76	65
9	-130	-149	118750216	0	-9	-4	-10	0	-1	0	-46	-81	-54	-84	76	65
9	-130	-149	118752228	0	-11	-4	-9	-1	-1	0	-47	-82	-54	-84	76	65
9	-130	-149	118754204	0	-8	-4	-10	0	0	0	-47	-82	-54	-84	76	65
9	-130	-149	118756212	0	-9	-4	-8	0	-1	0	-47	-83	-54	-84	76	65
9	-130	-149	118758200	0	-9	-2	-9	0	0	0	-47	-83	-54	-84	76	65
9	-130	-149	118760212	0	-8	-3	-7	0	-1	0	-47	-84	-54	-84	76	65
9	-130	-149	118762196	0	-8	-4	-9	0	0	0	-47	-84	-54	-84	76	65
9	-130	-149	118764216	0	-7	-3	-7	0	-1	0	-47	-85	-54	-84	76	65
9	-130	-149	118766204	0	-9	-4	-8	0	0	0	-47	-85	-54	-84	76	65
9	-130	-149	118768220	0	-7	-2	-7	0	-1	0	-47	-86	-54	-84	76	65
9	-130	-149	118770220	0	-7	-4	-7	-1	0	0	-48	-86	-54	-84	76	65
9	-130	-149	118772220	0	-6	-3	-8	0	-1	0	-48	-87	-54	-84	76	65
9	-130	-149	118774216	0	-8	-3	-7	0	0	0	-48	-87	-54	-84	76	65
9	-130	-149	118776232	0	-5	-3	-6	0	-1	0	-48	-88	-54	-84	76	65
9	-130	-149	118778224	0	-7	-3	-7	0	0	0	-48	-88	-54	-84	76	65
9	-130	-149	118780248	-1	-7	-3	-6	0	-1	0	-48	-89	-54	-84	76	65
9	-130	-149	118782228	0	-6	-3	-6	0	0	0	-48	-89	-54	-84	76	65
9	-130	-149	118784240	0	-7	-3	-7	0	-1	0	-48	-90	-54	-84	76	65
9	-130	-149	118786244	-1	-6	-3	-8	0	0	0	-48	-90	-54	-84	76	65
9	-130	-149	118788240	0	-7	-3	-7	-1	0	0	-49	-90	-54	-84	76	65
9	-130	-149	118790240	0	-6	-3	-7	0	-1	0	-49	-91	-54	-84	76	65
9	-130	-149	118792228	-1	-7	-3	-6	0	0	0	-49	-91	-54	-84	76	65
9	-130	-149	118794240	0	-6	-3	-6	0	-1	0	-49	-92	-54	-84	76	65
9	-130	-149	118796228	0	-5	-3	-5	0	0	0	-49	-92	-54	-84	76	65
9	-130	-149	118798228	0	-6	-2	-6	0	0	0	-49	-92	-54	-84	76	65
9	-130	-149	118800248	-1	-5	-2	-3	0	-1	0	-49	-93	-54	-84	76	65
9	-130	-149	118802236	-1	-3	-2	-5	0	0	0	-49	-93	-54	-84	76	65
9	-130	-149	118804232	-1	-4	-3	-4	0	0	0	-49	-93	-54	-84	76	65
9	-130	-149	118806220	0	-4	-2	-3	0	0	0	-49	-93	-54	-84	76	65
9	-130	-149	118808252	-1	-3	-1	-3	-1	-1	0	-50	-94	-54	-84	76	65
9	-130	-149	118810212	0	-1	-2	-3	0	0	0	-50	-94	-54	-84	76	65
9	-130	-149	118812220	-1	-2	-1	-2	0	0	0	-50	-94	-54	-84	76	65
9	-130	-149	118814216	-1	-1	0	-1	0	0	0	-50	-94	-54	-84	76	65
9	-130	-149	118816204	0	-1	0	-1	0	0	0	-50	-94	-54	-84	76	65
9	-130	-149	118818216	0	0	0	-1	0	0	0	-50	-94	-54	-84	76	65
9	-130	-149	118820212	0	-1	0	-1	0	0	0	-50	-94	-54	-84	76	65
9	-130	-149	118824220	-1	-1	0	-1	0	0	0	-50	-94	-54	-84	76	65
9	-130	-149	118846216	0	0	0	0	0	0	1	-50	-94	-54	-84	76	65
10	82	180	118920260	0	0	-1	0	0	0	1	-54	-84	28	96	-54	-84
10	82	180	118932280	2	0	-1	1	0	0	1	-54	-84	28	96	-54	-84
10	82	180	118934284	4	0	-1	1	0	0	1	-54	-84	28	96	-54	-84
10	82	180	118936256	4	1	-1	2	0	0	1	-54	-84	28	96	-54	-84
10	82	180	118938280	6	3	-2	2	0	0	1	-54	-84	28	96	-54	-84
10	82	180	118940284	8	2	-2	2	0	0	1	-54	-84	28	96	-54	-84
10	82	180	118942280	8	3	-3	3	0	0	1	-54	-84	28	96	-54	-84
10	82	180	118944272	10	4	-2	2	0	0	1	-54	-84	28	96	-54	-84
10	82	180	118946280	9	3	-2	3	1	0	0	-53	-84	28	96	-54	-84
10	82	180	118948276	10	4	-3	4	0	0	0	-53	-84	28	96	-54	-84
10	82	180	118950276	11	3	-3	4	0	0	0	-53	-84	28	96	-54	-84
10	82	180	118952292	10	3	-3	3	0	1	0	-53	-83	28	96	-54	-84
10	82	180	118954280	10	4	-3	2	0	0	0	-53	-83	28	96	-54	-84
10	82	180	118956292	10	4	-2	4	1	0	0	-52	-83	28	96	-54	-84
10	82	180	118958284	9	3	-1	3	0	0	0	-52	-83	28	96	-54	-84
10	82	180	118960280	7	4	-1	4	0	0	0	-52	-83	28	96	-54	-84
10	82	180	118962296	9	5	0	3	1	1	0	-51	-82	28	96	-54	-84
10	82	180	118964280	6	4	-1	6	0	0	0	-51	-82	28	96	-54	-84
10	82	180	118966268	7	6	0	5	0	0	0	-51	-82	28	96	-54	-84
10	82	180	118968288	6	7	0	6	0	1	0	-51	-81	28	96	-54	-84
10	82	180	118970284	5	7	2	8	0	0	0	-51	-81	28	96	-54	-84
10	82	180	118972312	5	9	2	9	1	1	0	-50	-80	28	96	-54	-84
10	82	180	118974292	5	9	3	9	0	1	0	-50	-79	28	96	-54	-84
10	82	180	118976280	5	10	5	10	0	0	0	-50	-79	28	96	-54	-84
10	82	180	118978292	5	12	5	11	1	1	0	-49	-78	28	96	-54	-84
10	82	180	118980280	5	11	5	11	0	1	0	-49	-77	28	96	-54	-84
10	82	180	118982280	4	13	6	14	0	1	0	-49	-76	28	96	-54	-84
10	82	180	118984284	6	13	5	12	1	0	0	-48	-76	28	96	-54	-84
10	82	180	118986280	5	14	8	15	0	1	0	-48	-75	28	96	-54	-84
10	82	180	118988280	5	15	6	14	0	1	0	-48	-74	28	96	-54	-84
10	82	180	118990292	5	16	8	16	1	1	0	-47	-73	28	96	-54	-84
10	82	180	118992280	6	18	9	19	0	2	0	-47	-71	28	96	-54	-84
10	82	180	118994300	4	19	9	17	1	1	0	-46	-70	28	96	-54	-84
10	82	180	118996284	5	18	12	21	0	1	0	-46	-69	28	96	-54	-84
10	82	180	118998304	6	21	11	19	1	2	0	-45	-67	28	96	-54	-84
10	82	180	119000288	4	22	14	22	0	1	0	-45	-66	28	96	-54	-84
10	82	180	119002300	6	22	14	22	1	1	0	-44	-65	28	96	-54	-84
10	82	180	119004292	5	24	15	22	1	2	0	-43	-63	28	96	-54	-84
10	82	180	119006292	6	26	17	27	1	2	0	-42	-61	28	96	-54	-84
10	82	180	119008276	7	27	16	26	0	2	0	-42	-59	28	96	-54	-84
10	82	180	119010288	6	28	18	29	1	1	0	-41	-58	28	96	-54	-84
10	82	180	119012280	8	28	17	27	1	2	0	-40	-56	28	96	-54	-84
10	82	180	119014288	7	30	19	32	1	2	0	-39	-54	28	96	-54	-84
10	82	180	119016280	9	30	16	29	1	2	0	-38	-52	28	96	-54	-84
10	82	180	119018280	9	31	17	31	1	2	0	-37	-50	28	96	-54	-84
10	82	180	119020276	10	33	20	35	1	3	0	-36	-47	28	96	-54	-84
10	82	180	119022264	11	34	18	31	0	2	0	-36	-45	28	96	-54	-84
10	82	180	119024276	10	33	20	38	1	2	0	-35	-43	28	96	-54	-84
10	82	180	119026284	11	36	19	35	1	3	0	-34	-40	28	96	-54	-84
10	82	180	119028284	12	37	22	39	2	2	0	-32	-38	28	96	-54	-84
10	82	180	119030284	13	38	19	37	1	3	0	-31	-35	28	96	-54	-84
10	82	180	119032288	13	40	19	38	1	2	0	-30	-33	28	96	-54	-84
10	82	180	119034280	15	43	24	45	1	3	0	-29	-30	28	96	-54	-84
10	82	180	119036276	14	44	21	40	1	3	0	-28	-27	28	96	-54	-84
10	82	180	119038272	15	45	26	49	2	3	0	-26	-24	28	96	-54	-84
10	82	180	119040272	15	46	22	44	1	3	0	-25	-21	28	96	-54	-84
10	82	180	119042272	16	46	26	50	1	3	0	-24	-18	28	96	-54	-84
10	82	180	119044268	16	49	24	46	2	3	0	-22	-15	28	96	-54	-84
10	82	180	119046276	17	49	24	47	1	4	0	-21	-11	28	96	-54	-84
10	82	180	119048272	18	49	27	52	1	3	0	-20	-8	28	96	-54	-84
10	82	180	119050264	19	49	26	47	2	3	0	-18	-5	28	96	-54	-84
10	82	180	119052256	21	49	29	53	2	4	0	-16	-1	28	96	-54	-84
10	82	180	119054268	19	50	26	48	1	3	0	-15	2	28	96	-54	-84
10	82	180	119056264	20	49	29	54	2	3	0	-13	5	28	96	-54	-84
10	82	180	119058264	21	49	26	47	1	3	0	-12	8	28	96	-54	-84
10	82	180	119060264	18	49	26	46	2	4	0	-10	12	28	96	-54	-84
10	82	180	119062260	20	47	29	49	1	3	0	-9	15	28	96	-54	-84
10	82	180	119064260	19	46	25	43	2	3	0	-7	18	28	96	-54	-84
10	82	180	119066264	19	45	28	48	1	3	0	-6	21	28	96	-54	-84
10	82	180	119068260	18	43	24	40	2	3	0	-4	24	28	96	-54	-84
10	82	180	119070256	18	41	28	45	1	3	0	-3	27	28	96	-54	-84
10	82	180	119072256	18	40	23	37	2	2	0	-1	29	28	96	-54	-84
10	82	180	119074260	17	37	23	36	1	3	0	0	32	28	96	-54	-84
10	82	180	119076256	17	36	28	38	2	2	0	2	34	28	96	-54	-84
10	82	180	119078256	16	34	23	32	1	2	0	3	36	28	96	-54	-84
10	82	180	119080256	15	33	25	35	1	2	0	4	38	28	96	-54	-84
10	82	180	119082260	14	31	22	29	1	2	0	5	40	28	96	-54	-84
10	82	180	119084260	13	29	23	31	2	2	0	7	42	28	96	-54	-84
10	82	180	119086260	13	28	20	25	1	2	0	8	44	28	96	-54	-84
10	82	180	119088260	12	27	22	28	1	2	0	9	46	28	96	-54	-84
10	82	180	119090260	12	24	18	24	1	2	0	10	48	28	96	-54	-84
10	82	180	119092260	11	24	17	23	1	1	0	11	49	28	96	-54	-84
10	82	180	119094260	10	24	19	25	1	2	0	12	51	28	96	-54	-84
10	82	180	119096260	10	23	15	22	1	1	0	13	52	28	96	-54	-84
10	82	180	119098248	10	22	17	23	0	2	0	13	54	28	96	-54	-84
10	82	180	119100256	9	21	14	20	1	1	0	14	55	28	96	-54	-84
10	82	180	119102252	8	22	15	22	1	2	0	15	57	28	96	-54	-84
10	82	180	119104248	9	20	13	19	1	1	0	16	58	28	96	-54	-84
10	82	180	119106232	8	20	11	18	0	1	0	16	59	28	96	-54	-84
10	82	180	119108248	9	19	13	21	1	2	0	17	61	28	96	-54	-84
10	82	180	119110256	8	19	11	17	1	1	0	18	62	28	96	-54	-84
10	82	180	119112236	9	18	12	20	0	1	0	18	63	28	96	-54	-84
10	82	180	119114248	8	18	9	17	1	1	0	19	64	28	96	-54	-84
10	82	180	119116252	9	18	12	19	1	1	0	20	65	28	96	-54	-84
10	82	180	119118232	7	18	9	18	0	2	0	20	67	28	96	-54	-84
10	82	180	119120244	8	19	9	16	1	1	0	21	68	28	96	-54	-84
10	82	180	119122228	9	17	10	20	0	1	0	21	69	28	96	-54	-84
10	82	180	119124244	7	18	9	17	1	1	0	22	70	28	96	-54	-84
10	82	180	119126240	8	18	9	19	1	1	0	23	71	28	96	-54	-84
10	82	180	119128228	7	17	9	17	0	2	0	23	73	28	96	-54	-84
10	82	180	119130240	7	17	9	17	1	1	0	24	74	28	96	-54	-84
10	82	180	119132220	7	17	10	15	0	1	0	24	75	28	96	-54	-84
10	82	180	119134228	7	16	8	16	1	1	0	25	76	28	96	-54	-84
10	82	180	119136220	7	16	10	17	0	1	0	25	77	28	96	-54	-84
10	82	180	119138232	6	15	11	15	1	1	0	26	78	28	96	-54	-84
10	82	180	119140216	7	15	10	17	0	1	0	26	79	28	96	-54	-84
10	82	180	119142224	6	15	10	13	1	1	0	27	80	28	96	-54	-84
10	82	180	119144224	7	14	13	15	1	1	0	28	81	28	96	-54	-84
10	82	180	119146212	6	14	10	13	0	1	0	28	82	28	96	-54	-84
10	82	180	119148216	7	14	10	14	1	1	0	29	83	28	96	-54	-84
10	82	180	119150212	7	13	12	15	0	1	0	29	84	28	96	-54	-84
10	82	180	119152220	5	14	11	13	1	1	0	30	85	28	96	-54	-84
10	82	180	119154200	6	13	12	13	0	0	0	30	85	28	96	-54	-84
10	82	180	119156220	5	13	11	12	1	1	0	31	86	28	96	-54	-84
10	82	180	119158220	6	13	11	13	1	1	0	32	87	28	96	-54	-84
10	82	180	119160216	6	13	11	11	0	1	0	32	88	28	96	-54	-84
10	82	180	119162228	4	13	10	12	1	1	0	33	89	28	96	-54	-84
10	82	180	119164216	6	11	11	13	0	1	0	33	90	28	96	-54	-84
10	82	180	119166212	6	12	11	10	1	0	0	34	90	28	96	-54	-84
10	82	180	119168208	5	11	10	13	0	1	0	34	91	28	96	-54	-84
10	82	180	119170220	6	12	9	10	1	1	0	35	92	28	96	-54	-84
10	82	180	119172212	5	12	11	13	0	1	0	35	93	28	96	-54	-84
10	82	180	119174200	6	11	8	10	1	0	0	36	93	28	96	-54	-84
10	82	180	119176200	6	10	9	10	0	1	0	36	94	28	96	-54	-84
10	82	180	119178208	4	12	10	12	1	1	0	37	95	28	96	-54	-84
10	82	180	119180188	6	10	7	9	0	1	0	37	96	28	96	-54	-84
10	82	180	119182192	6	9	9	10	1	0	0	38	96	28	96	-54	-84
10	82	180	119184192	4	10	8	11	0	1	0	38	97	28	96	-54	-84
10	82	180	119186176	5	9	9	10	0	0	0	38	97	28	96	-54	-84
10	82	180	119188196	4	8	7	9	1	1	0	39	98	28	96	-54	-84
10	82	180	119190184	4	10	8	10	0	1	0	39	99	28	96	-54	-84
10	82	180	119192188	4	9	7	9	1	0	0	40	99	28	96	-54	-84
10	82	180	119194188	5	9	7	8	0	1	0	40	100	28	96	-54	-84
10	82	180	119196188	5	9	7	10	0	1	0	40	101	28	96	-54	-84
10	82	180	119198196	3	8	7	8	1	0	0	41	101	28	96	-54	-84
10	82	180	119200196	5	10	8	9	0	1	0	41	102	28	96	-54	-84
10	82	180	119202192	4	8	7	8	1	0	0	42	102	28	96	-54	-84
10	82	180	119204188	4	8	6	9	0	1	0	42	103	28	96	-54	-84
10	82	180	119206176	4	8	8	9	0	0	0	42	103	28	96	-54	-84
10	82	180	119208204	5	9	6	7	1	1	0	43	104	28	96	-54	-84
10	82	180	119210180	4	7	7	9	0	0	0	43	104	28	96	-54	-84
10	82	180	119212192	4	8	5	7	0	1	0	43	105	28	96	-54	-84
10	82	180	119214196	4	7	7	9	1	0	0	44	105	28	96	-54	-84
10	82	180	119216192	4	8	5	6	0	1	0	44	106	28	96	-54	-84
10	82	180	119218176	3	6	5	7	0	0	0	44	106	28	96	-54	-84
10	82	180	119220192	2	8	4	6	0	1	0	44	107	28	96	-54	-84
10	82	180	119222196	1	5	5	5	1	0	0	45	107	28	96	-54	-84
10	82	180	119224200	3	7	5	8	0	1	0	45	108	28	96	-54	-84
10	82	180	119226184	3	6	6	5	0	0	0	45	108	28	96	-54	-84
10	82	180	119228184	2	6	7	6	0	0	0	45	108	28	96	-54	-84
10	82	180	119230212	3	6	6	6	1	1	0	46	109	28	96	-54	-84
10	82	180	119232188	2	5	7	5	0	0	0	46	109	28	96	-54	-84
10	82	180	119234208	2	6	5	6	0	1	0	46	110	28	96	-54	-84
10	82	180	119236212	3	6	8	5	1	0	0	47	110	28	96	-54	-84
10	82	180	119238204	2	4	5	5	0	0	0	47	110	28	96	-54	-84
10	82	180	119240220	2	6	6	5	0	1	0	47	111	28	96	-54	-84
10	82	180	119242208	1	5	7	4	0	0	0	47	111	28	96	-54	-84
10	82	180	119244220	2	3	5	5	1	0	0	48	111	28	96	-54	-84
10	82	180	119246216	2	5	6	4	0	0	0	48	111	28	96	-54	-84
10	82	180	119248220	1	3	5	4	0	1	0	48	112	28	96	-54	-84
10	82	180	119250208	1	4	5	3	0	0	0	48	112	28	96	-54	-84
10	82	180	119252220	1	2	4	4	1	0	0	49	112	28	96	-54	-84
10	82	180	119254208	2	3	4	2	0	0	0	49	112	28	96	-54	-84
10	82	180	119256212	1	2	3	2	0	0	0	49	112	28	96	-54	-84
10	82	180	119258212	0	2	4	1	0	1	0	49	113	28	96	-54	-84
10	82	180	119260212	1	2	3	1	0	0	0	49	113	28	96	-54	-84
10	82	180	119262208	0	1	3	2	0	0	0	49	113	28	96	-54	-84
10	82	180	119264204	0	1	2	2	0	0	0	49	113	28	96	-54	-84
10	82	180	119266208	0	1	2	1	0	0	0	49	113	28	96	-54	-84
10	82	180	119268208	0	1	1	1	0	0	0	49	113	28	96	-54	-84
10	82	180	119270204	0	1	2	1	0	0	0	49	113	28	96	-54	-84
10	82	180	119272216	0	1	3	1	1	0	0	50	113	28	96	-54	-84
10	82	180	119274204	0	1	3	1	0	0	0	50	113	28	96	-54	-84
10	82	180	119276212	1	0	2	1	0	0	0	50	113	28	96	-54	-84
10	82	180	119278212	0	0	2	1	0	0	0	50	113	28	96	-54	-84
10	82	180	119280212	0	1	2	0	0	0	0	50	113	28	96	-54	-84
10	82	180	119282196	0	0	1	0	0	0	0	50	113	28	96	-54	-84
10	82	180	119284196	0	0	0	1	0	0	0	50	113	28	96	-54	-84
10	82	180	119304188	0	0	0	0	0	0	1	50	113	28	96	-54	-84
11	-28	-196	119370236	0	0	0	-2	0	0	1	28	96	0	-100	28	96
11	-28	-196	119372236	0	-2	0	-3	0	0	1	28	96	0	-100	28	96
11	-28	-196	119374256	1	-3	0	-3	0	0	1	28	96	0	-100	28	96
11	-28	-196	119376252	1	-6	0	-6	0	0	1	28	96	0	-100	28	96
11	-28	-196	119378248	2	-7	0	-9	0	0	1	28	96	0	-100	28	96
11	-28	-196	119380268	4	-10	-1	-10	0	-1	0	28	95	0	-100	28	96
11	-28	-196	119382272	2	-12	-4	-11	0	-1	0	28	94	0	-100	28	96
11	-28	-196	119384260	5	-13	-5	-15	0	0	0	28	94	0	-100	28	96
11	-28	-196	119386276	5	-14	-5	-14	0	-1	0	28	93	0	-100	28	96
11	-28	-196	119388272	4	-16	-5	-17	0	-2	0	28	91	0	-100	28	96
11	-28	-196	119390268	5	-17	-6	-16	0	-1	0	28	90	0	-100	28	96
11	-28	-196	119392276	5	-19	-6	-20	0	-1	0	28	89	0	-100	28	96
11	-28	-196	119394268	5	-19	-6	-18	0	-1	0	28	88	0	-100	28	96
11	-28	-196	119396272	5	-21	-7	-23	0	-2	0	28	86	0	-100	28	96
11	-28	-196	119398276	6	-23	-7	-21	0	-1	0	28	85	0	-100	28	96
11	-28	-196	119400268	4	-23	-8	-23	0	-2	0	28	83	0	-100	28	96
11	-28	-196	119402272	5	-24	-8	-26	0	-1	0	28	82	0	-100	28	96
11	-28	-196	119404268	4	-27	-8	-26	0	-2	0	28	80	0	-100	28	96
11	-28	-196	119406272	5	-26	-10	-28	0	-2	0	28	78	0	-100	28	96
11	-28	-196	119408268	3	-27	-9	-26	0	-2	0	28	76	0	-100	28	96
11	-28	-196	119410268	4	-28	-11	-29	0	-2	0	28	74	0	-100	28	96
11	-28	-196	119412272	3	-28	-11	-27	0	-1	0	28	73	0	-100	28	96
11	-28	-196	119414284	3	-30	-11	-27	-1	-2	0	27	71	0	-100	28	96
11	-28	-196	119416276	2	-31	-13	-33	0	-2	0	27	69	0	-100	28	96
11	-28	-196	119418276	0	-32	-14	-31	-1	-2	0	26	67	0	-100	28	96
11	-28	-196	119420264	0	-34	-17	-37	0	-3	0	26	64	0	-100	28	96
11	-28	-196	119422288	-1	-36	-18	-34	-1	-2	0	25	62	0	-100	28	96
11	-28	-196	119424276	-3	-36	-20	-40	0	-3	0	25	59	0	-100	28	96
11	-28	-196	119426292	-4	-39	-20	-36	-1	-2	0	24	57	0	-100	28	96
11	-28	-196	119428284	-5	-38	-20	-37	-1	-3	0	23	54	0	-100	28	96
11	-28	-196	119430288	-5	-39	-21	-42	-1	-2	0	22	52	0	-100	28	96
11	-28	-196	119432284	-7	-41	-20	-38	-1	-3	0	21	49	0	-100	28	96
11	-28	-196	119434276	-6	-40	-22	-44	-1	-3	0	20	46	0	-100	28	96
11	-28	-196	119436268	-6	-41	-19	-39	-1	-3	0	19	43	0	-100	28	96
11	-28	-196	119438276	-6	-41	-22	-44	-1	-2	0	18	41	0	-100	28	96
11	-28	-196	119440272	-7	-42	-21	-39	-1	-3	0	17	38	0	-100	28	96
11	-28	-196	119442268	-6	-41	-19	-39	0	-3	0	17	35	0	-100	28	96
11	-28	-196	119444276	-6	-42	-23	-44	-1	-3	0	16	32	0	-100	28	96
11	-28	-196	119446276	-6	-40	-20	-39	-1	-2	0	15	30	0	-100	28	96
11	-28	-196	119448272	-5	-42	-22	-43	-1	-3	0	14	27	0	-100	28	96
11	-28	-196	119450268	-5	-39	-21	-39	-1	-3	0	13	24	0	-100	28	96
11	-28	-196	119452264	-4	-39	-22	-43	-1	-2	0	12	22	0	-100	28	96
11	-28	-196	119454264	-3	-40	-20	-37	-1	-3	0	11	19	0	-100	28	96
11	-28	-196	119456256	-3	-38	-19	-38	0	-2	0	11	17	0	-100	28	96
11	-28	-196	119458268	-1	-40	-21	-41	-1	-3	0	10	14	0	-100	28	96
11	-28	-196	119460276	-2	-38	-19	-37	-1	-3	0	9	11	0	-100	28	96
11	-28	-196	119462268	-1	-39	-21	-41	0	-2	0	9	9	0	-100	28	96
11	-28	-196	119464272	-1	-38	-19	-37	-1	-3	0	8	6	0	-100	28	96
11	-28	-196	119466264	0	-38	-21	-40	-1	-2	0	7	4	0	-100	28	96
11	-28	-196	119468264	-1	-37	-18	-35	0	-3	0	7	1	0	-100	28	96
11	-28	-196	119470272	0	-37	-19	-38	-1	-2	0	6	-1	0	-100	28	96
11	-28	-196	119472268	0	-36	-16	-34	-1	-3	0	5	-4	0	-100	28	96
11	-28	-196	119474252	0	-37	-16	-32	0	-2	0	5	-6	0	-100	28	96
11	-28	-196	119476268	1	-34	-17	-36	-1	-2	0	4	-8	0	-100	28	96
11	-28	-196	119478252	2	-36	-14	-33	0	-3	0	4	-11	0	-100	28	96
11	-28	-196	119480268	2	-35	-16	-36	-1	-2	0	3	-13	0	-100	28	96
11	-28	-196	119482248	5	-33	-14	-32	0	-2	0	3	-15	0	-100	28	96
11	-28	-196	119484252	4	-34	-15	-35	0	-2	0	3	-17	0	-100	28	96
11	-28	-196	119486264	5	-34	-14	-31	-1	-3	0	2	-20	0	-100	28	96
11	-28	-196	119488248	4	-33	-12	-31	0	-2	0	2	-22	0	-100	28	96
11	-28	-196	119490240	6	-33	-14	-36	0	-2	0	2	-24	0	-100	28	96
11	-28	-196	119492244	5	-31	-13	-31	0	-2	0	2	-26	0	-100	28	96
11	-28	-196	119494256	4	-32	-12	-35	-1	-2	0	1	-28	0	-100	28	96
11	-28	-196	119496240	6	-31	-11	-30	0	-2	0	1	-30	0	-100	28	96
11	-28	-196	119498236	6	-31	-10	-30	0	-2	0	1	-32	0	-100	28	96
11	-28	-196	119500240	5	-31	-11	-34	0	-3	0	1	-35	0	-100	28	96
11	-28	-196	119502236	7	-30	-8	-28	0	-2	0	1	-37	0	-100	28	96
11	-28	-196	119504240	5	-29	-9	-33	0	-2	0	1	-39	0	-100	28	96
11	-28	-196	119506248	7	-29	-8	-28	0	-1	0	1	-40	0	-100	28	96
11	-28	-196	119508248	6	-27	-9	-31	0	-2	0	1	-42	0	-100	28	96
11	-28	-196	119510248	8	-29	-8	-27	0	-2	0	1	-44	0	-100	28	96
11	-28	-196	119512248	7	-26	-7	-29	0	-2	0	1	-46	0	-100	28	96
11	-28	-196	119514248	6	-26	-6	-26	0	-2	0	1	-48	0	-100	28	96
11	-28	-196	119516252	7	-26	-6	-26	0	-2	0	1	-50	0	-100	28	96
11	-28	-196	119518240	5	-27	-8	-28	0	-1	0	1	-51	0	-100	28	96
11	-28	-196	119520236	7	-26	-6	-25	0	-2	0	1	-53	0	-100	28	96
11	-28	-196	119522232	6	-25	-7	-28	0	-2	0	1	-55	0	-100	28	96
11	-28	-196	119524228	6	-26	-6	-25	0	-2	0	1	-57	0	-100	28	96
11	-28	-196	119526232	6	-26	-6	-28	0	-1	0	1	-58	0	-100	28	96
11	-28	-196	119528224	5	-25	-5	-24	0	-2	0	1	-60	0	-100	28	96
11	-28	-196	119530232	7	-24	-6	-25	0	-2	0	1	-62	0	-100	28	96
11	-28	-196	119532232	5	-26	-5	-26	0	-1	0	1	-63	0	-100	28	96
11	-28	-196	119534224	6	-24	-6	-24	0	-2	0	1	-65	0	-100	28	96
11	-28	-196	119536228	6	-24	-6	-26	0	-2	0	1	-67	0	-100	28	96
11	-28	-196	119538236	6	-25	-7	-23	0	-1	0	1	-68	0	-100	28	96
11	-28	-196	119540236	6	-22	-7	-25	-1	-2	0	0	-70	0	-100	28	96
11	-28	-196	119542232	6	-25	-5	-23	0	-1	0	0	-71	0	-100	28	96
11	-28	-196	119544236	5	-22	-7	-21	0	-2	0	0	-73	0	-100	28	96
11	-28	-196	119546240	5	-22	-6	-24	0	-1	0	0	-74	0	-100	28	96
11	-28	-196	119548240	5	-21	-6	-19	0	-2	0	0	-76	0	-100	28	96
11	-28	-196	119550244	5	-20	-6	-23	0	-1	0	0	-77	0	-100	28	96
11	-28	-196	119552248	4	-21	-6	-19	0	-1	0	0	-78	0	-100	28	96
11	-28	-196	119554248	4	-19	-6	-20	0	-2	0	0	-80	0	-100	28	96
11	-28	-196	119556248	3	-19	-5	-18	0	-1	0	0	-81	0	-100	28	96
11	-28	-196	119558256	4	-20	-7	-21	0	-1	0	0	-82	0	-100	28	96
11	-28	-196	119560240	3	-18	-6	-18	0	-2	0	0	-84	0	-100	28	96
11	-28	-196	119562244	3	-19	-6	-17	0	-1	0	0	-85	0	-100	28	96
11	-28	-196	119564244	3	-19	-7	-20	0	-1	0	0	-86	0	-100	28	96
11	-28	-196	119566244	2	-18	-6	-16	0	-1	0	0	-87	0	-100	28	96
11	-28	-196	119568264	2	-18	-7	-19	-1	-1	0	-1	-88	0	-100	28	96
11	-28	-196	119570244	3	-16	-5	-16	0	-2	0	-1	-90	0	-100	28	96
11	-28	-196	119572252	2	-17	-7	-17	0	-1	0	-1	-91	0	-100	28	96
11	-28	-196	119574260	3	-16	-6	-14	0	-1	0	-1	-92	0	-100	28	96
11	-28	-196	119576256	2	-15	-6	-16	0	-1	0	-1	-93	0	-100	28	96
11	-28	-196	119578252	2	-14	-6	-14	0	-1	0	-1	-94	0	-100	28	96
11	-28	-196	119580248	3	-14	-6	-13	0	-1	0	-1	-95	0	-100	28	96
11	-28	-196	119582244	3	-14	-6	-14	0	0	0	-1	-95	0	-100	28	96
11	-28	-196	119584256	3	-13	-6	-12	0	-1	0	-1	-96	0	-100	28	96
11	-28	-196	119586272	3	-14	-5	-14	-1	-1	0	-2	-97	0	-100	28	96
11	-28	-196	119588256	2	-9	-5	-11	0	-1	0	-2	-98	0	-100	28	96
11	-28	-196	119590256	1	-11	-5	-13	0	-1	0	-2	-99	0	-100	28	96
11	-28	-196	119592236	3	-12	-3	-10	0	0	0	-2	-99	0	-100	28	96
11	-28	-196	119594248	2	-10	-3	-9	0	-1	0	-2	-100	0	-100	28	96
11	-28	-196	119596256	2	-10	-4	-11	0	-1	0	-2	-101	0	-100	28	96
11	-28	-196	119598236	2	-9	-2	-8	0	0	0	-2	-101	0	-100	28	96
11	-28	-196	119600252	1	-7	-3	-8	0	-1	0	-2	-102	0	-100	28	96
11	-28	-196	119602228	1	-7	-1	-7	0	0	0	-2	-102	0	-100	28	96
11	-28	-196	119604240	0	-7	-2	-7	0	-1	0	-2	-103	0	-100	28	96
11	-28	-196	119606228	1	-6	-1	-4	0	0	0	-2	-103	0	-100	28	96
11	-28	-196	119608220	0	-5	0	-5	0	0	0	-2	-103	0	-100	28	96
11	-28	-196	119610240	0	-3	-1	-5	0	-1	0	-2	-104	0	-100	28	96
11	-28	-196	119612212	0	-4	0	-2	0	0	0	-2	-104	0	-100	28	96
11	-28	-196	119614224	0	-3	-1	-4	0	0	0	-2	-104	0	-100	28	96
11	-28	-196	119616204	0	-2	0	-1	0	0	0	-2	-104	0	-100	28	96
11	-28	-196	119618216	0	-2	-1	-1	0	0	0	-2	-104	0	-100	28	96
11	-28	-196	119620208	0	-1	0	0	0	0	0	-2	-104	0	-100	28	96
11	-28	-196	119642240	0	0	0	0	0	0	1	-2	-104	0	-100	28	96
