1	0	-200	2885775432	-3	-5	2	-4	0	0	1	0	-200	0	-200	0	0
1	0	-200	2885777452	-3	-4	2	-4	0	-1	1	0	-201	0	-200	0	0
1	0	-200	2885779452	-2	-3	1	-5	0	-1	1	0	-202	0	-200	0	0
1	0	-200	2885781444	-2	-3	0	-2	0	0	1	0	-202	0	-200	0	0
1	0	-200	2885783440	-2	-2	1	-3	0	0	1	0	-202	0	-200	0	0
1	-56	392	2885785424	-1	-2	1	-1	0	-1	1	0	-203	-56	192	0	-200
1	-56	392	2885787432	-2	-1	0	-2	0	0	1	0	-203	-56	192	0	-200
1	-56	392	2885789400	0	-2	0	0	0	0	1	0	-203	-56	192	0	-200
1	-56	392	2885791432	-1	0	2	-2	0	0	1	0	-203	-56	192	0	-200
1	-56	392	2885793408	0	0	0	-1	0	0	1	0	-203	-56	192	0	-200
1	-56	392	2885797440	-1	-1	0	0	0	0	1	0	-203	-56	192	0	-200
1	-56	392	2885799404	0	0	1	0	0	0	1	0	-203	-56	192	0	-200
1	-56	392	2885817428	0	0	1	0	0	0	1	0	-203	-56	192	0	-200
1	-56	392	2885821420	-1	0	0	0	0	0	1	0	-203	-56	192	0	-200
1	-56	392	2885833436	0	0	0	-1	0	0	1	0	-203	-56	192	0	-200
1	-56	392	2885843468	-2	-1	0	0	0	0	1	0	-203	-56	192	0	-200
1	-56	392	2885863444	0	0	0	0	0	0	0	0	-203	-56	192	0	-200
1	-56	392	2885881476	0	0	-2	0	0	0	0	0	-203	-56	192	0	-200
1	-56	392	2885883476	-1	0	0	0	0	0	0	0	-203	-56	192	0	-200
1	-56	392	2885885520	-1	2	0	2	-1	0	0	-1	-203	-56	192	0	-200
1	-56	392	2885887500	-1	2	-1	2	0	0	0	-1	-203	-56	192	0	-200
1	-56	392	2885889500	-3	3	0	3	0	0	0	-1	-203	-56	192	0	-200
1	-56	392	2885891500	-4	5	0	3	0	0	0	-1	-203	-56	192	0	-200
1	-56	392	2885893520	-2	5	-1	5	0	1	0	-1	-202	-56	192	0	-200
1	-56	392	2885895532	-5	7	-1	7	-1	1	0	-2	-201	-56	192	0	-200
1	-56	392	2885897520	-5	9	-2	8	0	1	0	-2	-200	-56	192	0	-200
1	-56	392	2885899532	-5	10	-2	10	-1	2	0	-3	-198	-56	192	0	-200
1	-56	392	2885901528	-8	14	-3	12	-1	2	0	-4	-196	-56	192	0	-200
1	-56	392	2885903520	-6	13	-3	13	0	2	0	-4	-194	-56	192	0	-200
1	-56	392	2885905532	-9	18	-4	15	-1	2	0	-5	-192	-56	192	0	-200
1	-56	392	2885907528	-7	19	-5	18	-1	3	0	-6	-189	-56	192	0	-200
1	-56	392	2885909536	-9	20	-6	20	-1	3	0	-7	-186	-56	192	0	-200
1	-56	392	2885911524	-10	26	-8	22	-2	4	0	-9	-182	-56	192	0	-200
1	-56	392	2885913524	-10	26	-7	27	-1	4	0	-10	-178	-56	192	0	-200
1	-56	392	2885915528	-10	34	-10	28	-2	4	0	-12	-174	-56	192	0	-200
1	-56	392	2885917532	-10	32	-13	33	-1	5	0	-13	-169	-56	192	0	-200
1	-56	392	2885919536	-11	42	-12	35	-2	6	0	-15	-163	-56	192	0	-200
1	-56	392	2885921528	-9	38	-15	39	-2	6	0	-17	-157	-56	192	0	-200
1	-56	392	2885923528	-9	43	-18	42	-2	6	0	-19	-151	-56	192	0	-200
1	-56	392	2885925528	-10	52	-20	45	-2	7	0	-21	-144	-56	192	0	-200
1	-56	392	2885927532	-7	49	-25	58	-3	8	0	-24	-136	-56	192	0	-200
1	-56	392	2885929532	-8	61	-25	52	-2	9	0	-26	-127	-56	192	0	-200
1	-56	392	2885931536	-5	58	-27	59	-2	9	0	-28	-118	-56	192	0	-200
1	-56	392	2885933536	-5	61	-29	61	-3	9	0	-31	-109	-56	192	0	-200
1	-56	392	2885935536	-3	75	-33	66	-3	10	0	-34	-99	-56	192	0	-200
1	-56	392	2885937540	-2	71	-36	70	-2	11	0	-36	-88	-56	192	0	-200
1	-56	392	2885939536	0	85	-37	75	-3	12	0	-39	-76	-56	192	0	-200
1	-56	392	2885941532	0	80	-43	80	-3	12	0	-42	-64	-56	192	0	-200
1	-56	392	2885943528	1	85	-44	84	-4	13	0	-46	-51	-56	192	0	-200
1	-56	392	2885945532	4	102	-47	89	-3	14	0	-49	-37	-56	192	0	-200
1	-56	392	2885947532	5	93	-51	94	-3	14	0	-52	-23	-56	192	0	-200
1	-56	392	2885949532	7	113	-53	97	-4	16	0	-56	-7	-56	192	0	-200
1	-56	392	2885951536	9	104	-56	103	-3	15	0	-59	8	-56	192	0	-200
1	-56	392	2885953524	10	122	-59	106	-4	17	0	-63	25	-56	192	0	-200
1	-56	392	2885955528	10	111	-61	110	-4	17	0	-67	42	-56	192	0	-200
1	-56	392	2885957528	10	115	-64	114	-4	17	0	-71	59	-56	192	0	-200
1	-56	392	2885959536	14	135	-76	135	-5	20	0	-76	79	-56	192	0	-200
1	-56	392	2885961532	11	123	-68	122	-4	19	0	-80	98	-56	192	0	-200
1	-56	392	2885963524	15	144	-71	125	-4	20	0	-84	118	-56	192	0	-200
1	-56	392	2885965532	12	127	-72	128	-5	19	0	-89	137	-56	192	0	-200
1	-56	392	2885967528	12	131	-75	131	-4	20	0	-93	157	-56	192	0	-200
1	-56	392	2885969516	13	152	-78	132	-5	21	0	-98	178	-56	192	0	-200
1	-56	392	2885971520	13	135	-77	137	-5	20	0	-103	198	-56	192	0	-200
1	-56	392	2885973524	12	156	-80	137	-5	22	0	-108	220	-56	192	0	-200
1	-56	392	2885975528	12	139	-82	139	-5	21	0	-113	241	-56	192	0	-200
1	-56	392	2885977532	11	140	-81	140	-6	21	0	-119	262	-56	192	0	-200
1	-56	392	2885979536	12	161	-82	141	-5	23	0	-124	285	-56	192	0	-200
1	-56	392	2885981540	10	141	-83	143	-5	21	0	-129	306	-56	192	0	-200
1	-56	392	2885983536	10	161	-82	141	-6	23	0	-135	329	-56	192	0	-200
1	-56	392	2885985540	9	143	-84	142	-5	21	0	-140	350	-56	192	0	-200
1	-56	392	2885987540	9	161	-83	143	-6	23	0	-146	373	-56	192	0	-200
1	-56	392	2885989540	9	141	-81	141	-5	21	0	-151	394	-56	192	0	-200
1	-56	392	2885991540	7	142	-94	163	-7	23	0	-158	417	-56	192	0	-200
1	-56	392	2885993540	9	160	-81	140	-5	22	0	-163	439	-56	192	0	-200
1	-56	392	2885995540	7	137	-79	140	-6	21	0	-169	460	-56	192	0	-200
1	-56	392	2885997536	10	156	-77	137	-5	22	0	-174	482	-56	192	0	-200
1	-56	392	2885999532	8	135	-74	136	-5	21	0	-179	503	-56	192	0	-200
1	-56	392	2886001536	10	134	-72	134	-4	20	0	-183	523	-56	192	0	-200
1	-56	392	2886003528	10	149	-69	131	-5	21	0	-188	544	-56	192	0	-200
1	-56	392	2886005536	10	126	-66	129	-4	19	0	-192	563	-56	192	0	-200
1	-56	392	2886007528	11	141	-62	125	-4	20	0	-196	583	-56	192	0	-200
1	-56	392	2886009524	9	120	-58	121	-3	18	0	-199	601	-56	192	0	-200
1	-56	392	2886011524	10	117	-54	118	-4	17	0	-203	618	-56	192	0	-200
1	-56	392	2886013532	11	127	-50	114	-3	18	0	-206	636	-56	192	0	-200
1	-56	392	2886015524	10	108	-45	108	-2	17	0	-208	653	-56	192	0	-200
1	-56	392	2886017528	11	116	-43	104	-3	16	0	-211	669	-56	192	0	-200
1	-56	392	2886019532	10	97	-37	100	-2	15	0	-213	684	-56	192	0	-200
1	-56	392	2886021532	12	105	-38	109	-2	16	0	-215	700	-56	192	0	-200
1	-56	392	2886023536	10	88	-28	89	-1	13	0	-216	713	-56	192	0	-200
1	-56	392	2886025540	8	82	-24	85	-1	13	0	-217	726	-56	192	0	-200
1	-56	392	2886027540	10	88	-21	78	-1	12	0	-218	738	-56	192	0	-200
1	-56	392	2886029544	9	71	-18	74	-1	11	0	-219	731	-56	192	0	-200
1	-56	392	2886031532	9	76	-12	69	0	11	0	-219	742	-56	192	0	-200
1	-56	392	2886033536	6	60	-12	64	0	9	0	-219	751	-56	192	0	-200
1	-56	392	2886035536	6	57	-7	58	0	9	0	-219	760	-56	192	0	-200
1	-56	392	2886037532	7	60	-6	54	0	8	0	-219	768	-56	192	0	-200
1	-56	392	2886039524	3	46	-4	49	0	8	0	-219	776	-56	192	0	-200
1	-56	392	2886041516	5	47	-1	44	0	6	0	-219	782	-56	192	0	-200
1	-56	392	2886043512	3	38	-2	40	0	6	0	-219	788	-56	192	0	-200
1	-56	392	2886045504	2	34	0	35	0	5	0	-219	793	-56	192	0	-200
1	-56	392	2886047512	2	32	0	32	0	5	0	-219	725	-56	192	0	-200
1	-56	392	2886049512	0	26	1	28	0	4	0	-219	729	-56	192	0	-200
1	-56	392	2886051508	0	27	1	25	0	4	0	-219	733	-56	192	0	-200
1	-56	392	2886053508	0	18	3	21	0	3	0	-219	736	-56	192	0	-200
1	-56	392	2886055504	-1	18	2	21	0	3	0	-219	739	-56	192	0	-200
1	-56	392	2886057500	-4	16	1	16	0	2	0	-219	741	-56	192	0	-200
1	-56	392	2886059504	-2	13	3	14	0	2	0	-219	743	-56	192	0	-200
1	-56	392	2886061500	-5	12	1	13	0	2	0	-219	745	-56	192	0	-200
1	-56	392	2886063500	-4	8	1	10	0	2	0	-219	747	-56	192	0	-200
1	-56	392	2886065504	-5	7	2	7	0	1	0	-219	721	-56	192	0	-200
1	-56	392	2886067500	-5	6	0	6	0	1	0	-219	722	-56	192	0	-200
1	-56	392	2886069508	-5	5	0	7	-1	1	0	-220	723	-56	192	0	-200
1	-56	392	2886071476	-6	4	0	3	0	0	0	-220	723	-56	192	0	-200
1	-56	392	2886073508	-6	3	0	4	-1	1	0	-221	724	-56	192	0	-200
1	-56	392	2886075480	-7	2	0	3	0	0	0	-221	724	-56	192	0	-200
1	-56	392	2886077488	-6	3	0	2	-1	0	1	-222	724	-56	192	0	-200
2	-56	392	2886079484	-5	1	-1	3	0	1	1	-56	193	-56	192	0	-200
2	-56	392	2886081488	-6	2	0	1	-1	0	1	-57	193	-56	192	0	-200
2	-56	392	2886083480	-6	2	-1	1	0	0	1	-57	193	-56	192	0	-200
2	-56	392	2886085492	-5	0	-1	1	-1	0	1	-58	193	-56	192	0	-200
2	-56	392	2886087476	-5	1	0	2	0	0	1	-58	193	-56	192	0	-200
2	-56	392	2886089488	-5	1	-2	0	-1	0	1	-59	193	-56	192	0	-200
2	-56	392	2886091488	-4	0	-1	1	0	1	1	-59	194	-56	192	0	-200
2	-56	392	2886093440	-4	0	0	0	0	0	1	-59	194	-56	192	0	-200
2	164	-360	2886095480	-4	1	-1	1	-1	0	1	-60	194	108	-168	-56	192
2	164	-360	2886097440	-3	0	0	0	0	0	1	-60	194	108	-168	-56	192
2	164	-360	2886099440	-3	0	-1	0	0	0	1	-60	194	108	-168	-56	192
2	164	-360	2886101448	-2	0	0	0	0	0	1	-60	194	108	-168	-56	192
2	164	-360	2886103452	-3	0	0	0	0	0	1	-60	194	108	-168	-56	192
2	164	-360	2886105464	-2	0	-2	0	-1	0	1	-61	194	108	-168	-56	192
2	164	-360	2886107456	-3	0	0	0	0	0	1	-61	194	108	-168	-56	192
2	164	-360	2886109460	-1	0	0	0	0	0	1	-61	194	108	-168	-56	192
2	164	-360	2886111460	-1	0	0	0	0	0	1	-61	194	108	-168	-56	192
2	164	-360	2886113464	-2	0	0	0	0	0	1	-61	194	108	-168	-56	192
2	164	-360	2886115468	-1	0	-1	0	0	0	1	-61	194	108	-168	-56	192
2	164	-360	2886117480	-1	0	0	0	-1	0	1	-62	194	108	-168	-56	192
2	164	-360	2886121464	-1	0	0	0	0	0	1	-62	194	108	-168	-56	192
2	164	-360	2886141484	0	-1	0	0	0	0	1	-62	194	108	-168	-56	192
2	164	-360	2886143488	0	0	0	-2	0	0	1	-62	194	108	-168	-56	192
2	164	-360	2886145512	1	-2	0	-1	0	0	1	-62	194	108	-168	-56	192
2	164	-360	2886147516	2	-2	1	-1	0	0	1	-62	194	108	-168	-56	192
2	164	-360	2886149516	1	-3	1	-3	0	0	1	-62	194	108	-168	-56	192
2	164	-360	2886151532	1	-3	1	-3	0	-1	1	-62	193	108	-168	-56	192
2	164	-360	2886153528	3	-5	1	-5	0	-1	0	-62	192	108	-168	-56	192
2	164	-360	2886155524	1	-5	3	-5	1	0	0	-61	192	108	-168	-56	192
2	164	-360	2886157528	2	-8	2	-7	0	-1	0	-61	191	108	-168	-56	192
2	164	-360	2886159524	3	-7	4	-7	0	-2	0	-61	189	108	-168	-56	192
2	164	-360	2886161532	4	-9	4	-9	1	-1	0	-60	188	108	-168	-56	192
2	164	-360	2886163532	2	-11	5	-10	1	-1	0	-59	187	108	-168	-56	192
2	164	-360	2886165516	4	-12	5	-11	0	-2	0	-59	185	108	-168	-56	192
2	164	-360	2886167516	5	-15	6	-14	1	-2	0	-58	183	108	-168	-56	192
2	164	-360	2886169516	4	-15	8	-14	1	-3	0	-57	180	108	-168	-56	192
2	164	-360	2886171516	5	-16	7	-16	1	-2	0	-56	178	108	-168	-56	192
2	164	-360	2886173512	6	-20	10	-19	1	-3	0	-55	175	108	-168	-56	192
2	164	-360	2886175512	5	-20	11	-20	1	-3	0	-54	172	108	-168	-56	192
2	164	-360	2886177512	7	-25	12	-21	2	-3	0	-52	169	108	-168	-56	192
2	164	-360	2886179512	7	-24	12	-24	1	-4	0	-51	165	108	-168	-56	192
2	164	-360	2886181512	7	-25	16	-30	2	-4	0	-49	161	108	-168	-56	192
2	164	-360	2886183516	9	-32	15	-28	2	-5	0	-47	156	108	-168	-56	192
2	164	-360	2886185520	7	-30	17	-30	1	-4	0	-46	152	108	-168	-56	192
2	164	-360	2886187520	9	-36	17	-33	2	-5	0	-44	147	108	-168	-56	192
2	164	-360	2886189516	9	-35	18	-35	2	-5	0	-42	142	108	-168	-56	192
2	164	-360	2886191516	9	-37	18	-37	2	-6	0	-40	136	108	-168	-56	192
2	164	-360	2886193528	11	-45	20	-40	3	-6	0	-37	130	108	-168	-56	192
2	164	-360	2886195524	10	-41	22	-43	2	-7	0	-35	123	108	-168	-56	192
2	164	-360	2886197528	11	-51	22	-44	3	-7	0	-32	116	108	-168	-56	192
2	164	-360	2886199524	10	-48	24	-47	2	-7	0	-30	109	108	-168	-56	192
2	164	-360	2886201520	13	-57	25	-50	3	-8	0	-27	101	108	-168	-56	192
2	164	-360	2886203512	10	-54	27	-54	3	-8	0	-24	93	108	-168	-56	192
2	164	-360	2886205508	11	-55	29	-55	3	-8	0	-21	85	108	-168	-56	192
2	164	-360	2886207512	12	-67	30	-59	3	-10	0	-18	75	108	-168	-56	192
2	164	-360	2886209504	10	-63	33	-61	3	-9	0	-15	66	108	-168	-56	192
2	164	-360	2886211496	13	-74	35	-65	4	-10	0	-11	56	108	-168	-56	192
2	164	-360	2886213496	11	-67	43	-77	4	-11	0	-7	45	108	-168	-56	192
2	164	-360	2886215492	10	-71	42	-70	4	-11	0	-3	34	108	-168	-56	192
2	164	-360	2886217492	11	-84	45	-74	4	-12	0	1	22	108	-168	-56	192
2	164	-360	2886219488	10	-76	47	-76	4	-11	0	5	11	108	-168	-56	192
2	164	-360	2886221488	12	-90	51	-80	5	-13	0	10	-2	108	-168	-56	192
2	164	-360	2886223488	8	-83	55	-82	5	-12	0	15	-14	108	-168	-56	192
2	164	-360	2886225488	9	-84	58	-85	5	-13	0	20	-27	108	-168	-56	192
2	164	-360	2886227492	10	-100	62	-86	5	-14	0	25	-41	108	-168	-56	192
2	164	-360	2886229496	8	-88	65	-90	6	-13	0	31	-54	108	-168	-56	192
2	164	-360	2886231488	8	-107	68	-92	5	-15	0	36	-69	108	-168	-56	192
2	164	-360	2886233496	8	-93	71	-95	6	-14	0	42	-83	108	-168	-56	192
2	164	-360	2886235500	6	-98	75	-98	6	-15	0	48	-98	108	-168	-56	192
2	164	-360	2886237508	8	-115	76	-100	7	-16	0	55	-114	108	-168	-56	192
2	164	-360	2886239512	6	-101	80	-101	6	-15	0	61	-129	108	-168	-56	192
2	164	-360	2886241516	5	-120	82	-105	7	-17	0	68	-146	108	-168	-56	192
2	164	-360	2886243524	5	-106	96	-121	7	-17	0	75	-163	108	-168	-56	192
2	164	-360	2886245528	5	-124	85	-108	7	-18	0	82	-181	108	-168	-56	192
2	164	-360	2886247524	4	-109	85	-110	7	-16	0	89	-197	108	-168	-56	192
2	164	-360	2886249528	3	-111	85	-111	6	-17	0	95	-214	108	-168	-56	192
2	164	-360	2886251516	3	-129	86	-111	7	-18	0	102	-232	108	-168	-56	192
2	164	-360	2886253520	2	-114	85	-114	6	-17	0	108	-249	108	-168	-56	192
2	164	-360	2886255524	3	-131	85	-114	7	-18	0	115	-267	108	-168	-56	192
2	164	-360	2886257524	1	-116	84	-115	6	-17	0	121	-284	108	-168	-56	192
2	164	-360	2886259528	1	-133	84	-116	7	-19	0	128	-303	108	-168	-56	192
2	164	-360	2886261524	0	-116	81	-115	6	-17	0	134	-320	108	-168	-56	192
2	164	-360	2886263528	0	-116	80	-116	6	-18	0	140	-338	108	-168	-56	192
2	164	-360	2886265536	0	-133	77	-117	6	-19	0	146	-357	108	-168	-56	192
2	164	-360	2886267528	-1	-116	78	-116	5	-17	0	151	-374	108	-168	-56	192
2	164	-360	2886269532	-3	-132	74	-116	6	-19	0	157	-393	108	-168	-56	192
2	164	-360	2886271532	-2	-115	72	-116	5	-17	0	162	-410	108	-168	-56	192
2	164	-360	2886273532	-4	-115	80	-133	6	-18	0	168	-428	108	-168	-56	192
2	164	-360	2886275532	-6	-130	66	-115	4	-19	0	172	-447	108	-168	-56	192
2	164	-360	2886277532	-5	-113	65	-114	5	-17	0	177	-464	108	-168	-56	192
2	164	-360	2886279536	-8	-127	62	-112	4	-18	0	181	-482	108	-168	-56	192
2	164	-360	2886281540	-6	-110	57	-113	3	-17	0	184	-499	108	-168	-56	192
2	164	-360	2886283540	-10	-125	56	-110	4	-17	0	188	-516	108	-168	-56	192
2	164	-360	2886285540	-8	-108	53	-110	3	-16	0	191	-532	108	-168	-56	192
2	164	-360	2886287540	-8	-106	51	-107	4	-16	0	195	-548	108	-168	-56	192
2	164	-360	2886289540	-10	-120	48	-108	2	-18	0	197	-566	108	-168	-56	192
2	164	-360	2886291532	-10	-103	45	-103	3	-15	0	200	-581	108	-168	-56	192
2	164	-360	2886293532	-12	-115	42	-103	2	-16	0	202	-597	108	-168	-56	192
2	164	-360	2886295532	-10	-100	40	-101	2	-15	0	204	-612	108	-168	-56	192
2	164	-360	2886297536	-10	-97	38	-100	3	-15	0	207	-627	108	-168	-56	192
2	164	-360	2886299536	-11	-110	35	-98	1	-16	0	208	-643	108	-168	-56	192
2	164	-360	2886301536	-11	-93	33	-95	2	-14	0	210	-657	108	-168	-56	192
2	164	-360	2886303532	-11	-105	35	-105	2	-16	0	212	-673	108	-168	-56	192
2	164	-360	2886305536	-10	-87	29	-90	1	-13	0	213	-686	108	-168	-56	192
2	164	-360	2886307540	-10	-88	28	-87	2	-13	0	215	-699	108	-168	-56	192
2	164	-360	2886309544	-12	-95	26	-84	1	-13	0	216	-712	108	-168	-56	192
2	164	-360	2886311540	-10	-81	24	-82	1	-13	0	217	-725	108	-168	-56	192
2	164	-360	2886313536	-11	-90	23	-79	1	-12	0	218	-737	108	-168	-56	192
2	164	-360	2886315532	-9	-76	22	-78	1	-12	0	219	-749	108	-168	-56	192
2	164	-360	2886317536	-8	-84	21	-73	1	-12	0	220	-761	108	-168	-56	192
2	164	-360	2886319524	-9	-70	21	-72	0	-10	0	220	-771	108	-168	-56	192
2	164	-360	2886321548	-8	-69	20	-70	1	-11	0	221	-782	108	-168	-56	192
2	164	-360	2886323548	-8	-75	19	-66	1	-10	0	222	-730	108	-168	-56	192
2	164	-360	2886325548	-7	-62	19	-64	1	-10	0	223	-740	108	-168	-56	192
2	164	-360	2886327552	-7	-69	17	-61	1	-10	0	224	-750	108	-168	-56	192
2	164	-360	2886329556	-6	-57	18	-59	1	-8	0	225	-758	108	-168	-56	192
2	164	-360	2886331544	-7	-55	16	-55	0	-9	0	225	-767	108	-168	-56	192
2	164	-360	2886333552	-6	-59	17	-60	1	-8	0	226	-775	108	-168	-56	192
2	164	-360	2886335548	-5	-48	15	-50	1	-8	0	227	-783	108	-168	-56	192
2	164	-360	2886337544	-5	-52	14	-46	1	-7	0	228	-790	108	-168	-56	192
2	164	-360	2886339532	-5	-43	13	-44	0	-7	0	228	-797	108	-168	-56	192
2	164	-360	2886341540	-4	-40	12	-40	1	-6	0	229	-803	108	-168	-56	192
2	164	-360	2886343528	-3	-41	11	-37	0	-6	0	229	-726	108	-168	-56	192
2	164	-360	2886345536	-4	-34	10	-35	1	-5	0	230	-731	108	-168	-56	192
2	164	-360	2886347524	-3	-35	10	-33	0	-5	0	230	-736	108	-168	-56	192
2	164	-360	2886349532	-2	-28	9	-28	1	-4	0	231	-740	108	-168	-56	192
2	164	-360	2886351520	-4	-29	8	-28	0	-4	0	231	-744	108	-168	-56	192
2	164	-360	2886353532	-1	-24	7	-24	1	-4	0	232	-748	108	-168	-56	192
2	164	-360	2886355524	-3	-20	6	-22	0	-3	0	232	-723	108	-168	-56	192
2	164	-360	2886357524	-1	-21	5	-19	0	-3	0	232	-726	108	-168	-56	192
2	164	-360	2886359536	-1	-16	5	-17	1	-2	0	233	-728	108	-168	-56	192
2	164	-360	2886361528	-3	-15	4	-17	0	-3	0	233	-731	108	-168	-56	192
2	164	-360	2886363528	-1	-13	3	-15	0	-2	0	233	-733	108	-168	-56	192
2	164	-360	2886365532	-1	-10	2	-11	0	-2	0	233	-735	108	-168	-56	192
2	164	-360	2886367528	-1	-11	3	-10	0	-1	1	233	-736	108	-168	-56	192
3	164	-360	2886369532	-2	-8	1	-9	0	-1	1	108	-169	108	-168	-56	192
3	164	-360	2886371524	0	-7	1	-7	0	-1	1	108	-170	108	-168	-56	192
3	164	-360	2886373496	-1	-6	1	-5	0	-1	1	108	-171	108	-168	-56	192
3	-259	299	2886375524	-1	-4	2	-6	0	-1	1	108	-172	-151	131	108	-168
3	-259	299	2886377520	0	-5	1	-4	0	-1	1	108	-173	-151	131	108	-168
3	-259	299	2886379500	-1	-4	0	-4	0	0	1	108	-173	-151	131	108	-168
3	-259	299	2886381512	0	-2	1	-4	0	-1	1	108	-174	-151	131	108	-168
3	-259	299	2886383500	-2	-3	0	-2	0	0	1	108	-174	-151	131	108	-168
3	-259	299	2886385512	0	-2	1	-3	0	-1	1	108	-175	-151	131	108	-168
3	-259	299	2886387500	-1	-2	0	-1	0	0	1	108	-175	-151	131	108	-168
3	-259	299	2886389472	0	-1	0	-1	0	0	1	108	-175	-151	131	108	-168
3	-259	299	2886391496	-1	-1	0	-1	0	0	1	108	-175	-151	131	108	-168
3	-259	299	2886393468	0	0	0	-2	0	0	1	108	-175	-151	131	108	-168
3	-259	299	2886395464	0	-1	0	0	0	0	1	108	-175	-151	131	108	-168
3	-259	299	2886397464	-1	0	0	0	0	0	1	108	-175	-151	131	108	-168
3	-259	299	2886399472	0	0	0	-1	0	0	1	108	-175	-151	131	108	-168
3	-259	299	2886403464	-2	0	0	0	0	0	1	108	-175	-151	131	108	-168
3	-259	299	2886409480	-1	0	0	0	0	0	1	108	-175	-151	131	108	-168
3	-259	299	2886417484	-1	0	0	0	0	0	1	108	-175	-151	131	108	-168
3	-259	299	2886431480	-1	0	0	0	0	0	1	108	-175	-151	131	108	-168
3	-259	299	2886435484	0	1	0	1	0	0	1	108	-175	-151	131	108	-168
3	-259	299	2886437480	0	0	0	1	0	0	0	108	-175	-151	131	108	-168
3	-259	299	2886439500	-2	3	-1	1	0	0	0	108	-175	-151	131	108	-168
3	-259	299	2886441500	-1	2	-3	3	0	0	0	108	-175	-151	131	108	-168
3	-259	299	2886443500	-2	3	-2	2	0	0	0	108	-175	-151	131	108	-168
3	-259	299	2886445528	-3	5	-5	5	-1	1	0	107	-174	-151	131	108	-168
3	-259	299	2886447512	-2	6	-5	5	0	1	0	107	-173	-151	131	108	-168
3	-259	299	2886449528	-5	8	-7	6	-1	1	0	106	-172	-151	131	108	-168
3	-259	299	2886451528	-4	7	-8	9	-1	1	0	105	-171	-151	131	108	-168
3	-259	299	2886453524	-6	11	-10	10	-1	1	0	104	-170	-151	131	108	-168
3	-259	299	2886455524	-7	12	-12	10	-2	2	0	102	-168	-151	131	108	-168
3	-259	299	2886457524	-7	12	-13	14	-1	2	0	101	-166	-151	131	108	-168
3	-259	299	2886459524	-10	18	-19	16	-3	2	0	98	-164	-151	131	108	-168
3	-259	299	2886461516	-10	16	-20	16	-2	3	0	96	-161	-151	131	108	-168
3	-259	299	2886463520	-13	22	-21	19	-2	3	0	94	-158	-151	131	108	-168
3	-259	299	2886465516	-12	22	-25	21	-3	3	0	91	-155	-151	131	108	-168
3	-259	299	2886467516	-14	25	-28	23	-3	4	0	88	-151	-151	131	108	-168
3	-259	299	2886469520	-17	30	-32	26	-4	4	0	84	-147	-151	131	108	-168
3	-259	299	2886471524	-18	28	-35	28	-4	4	0	80	-143	-151	131	108	-168
3	-259	299	2886473516	-20	38	-38	30	-4	5	0	76	-138	-151	131	108	-168
3	-259	299	2886475520	-20	34	-42	32	-5	5	0	71	-133	-151	131	108	-168
3	-259	299	2886477524	-21	37	-47	35	-5	6	0	66	-127	-151	131	108	-168
3	-259	299	2886479528	-25	45	-50	38	-6	6	0	60	-121	-151	131	108	-168
3	-259	299	2886481524	-24	43	-53	38	-5	6	0	55	-115	-151	131	108	-168
3	-259	299	2886483524	-29	51	-59	42	-7	7	0	48	-108	-151	131	108	-168
3	-259	299	2886485528	-27	47	-63	43	-7	7	0	41	-101	-151	131	108	-168
3	-259	299	2886487524	-31	58	-66	47	-7	8	0	34	-93	-151	131	108	-168
3	-259	299	2886489528	-30	54	-80	56	-8	8	0	26	-85	-151	131	108	-168
3	-259	299	2886491532	-30	56	-75	51	-8	8	0	18	-77	-151	131	108	-168
3	-259	299	2886493536	-37	67	-80	54	-9	9	0	9	-68	-151	131	108	-168
3	-259	299	2886495540	-33	64	-84	57	-9	9	0	0	-59	-151	131	108	-168
3	-259	299	2886497548	-40	75	-88	60	-9	10	0	-9	-49	-151	131	108	-168
3	-259	299	2886499544	-35	70	-94	64	-10	10	0	-19	-39	-151	131	108	-168
3	-259	299	2886501544	-37	73	-99	66	-10	11	0	-29	-28	-151	131	108	-168
3	-259	299	2886503544	-42	86	-102	70	-11	11	0	-40	-17	-151	131	108	-168
3	-259	299	2886505552	-38	79	-108	74	-11	12	0	-51	-5	-151	131	108	-168
3	-259	299	2886507552	-43	95	-112	78	-12	13	0	-63	8	-151	131	108	-168
3	-259	299	2886509544	-39	85	-115	80	-11	12	0	-74	20	-151	131	108	-168
3	-259	299	2886511544	-45	101	-120	82	-13	14	0	-87	34	-151	131	108	-168
3	-259	299	2886513544	-39	91	-125	86	-12	13	0	-99	47	-151	131	108	-168
3	-259	299	2886515540	-39	95	-127	90	-12	14	0	-111	61	-151	131	108	-168
3	-259	299	2886517540	-45	111	-131	93	-13	15	0	-124	76	-151	131	108	-168
3	-259	299	2886519540	-40	100	-152	109	-15	16	0	-139	92	-151	131	108	-168
3	-259	299	2886521548	-46	118	-137	98	-14	16	0	-153	108	-151	131	108	-168
3	-259	299	2886523544	-40	106	-140	100	-13	16	0	-166	124	-151	131	108	-168
3	-259	299	2886525540	-41	106	-141	103	-14	15	0	-180	139	-151	131	108	-168
3	-259	299	2886527536	-46	124	-142	105	-14	17	0	-194	156	-151	131	108	-168
3	-259	299	2886529532	-42	109	-143	105	-14	16	0	-208	172	-151	131	108	-168
3	-259	299	2886531528	-47	125	-144	107	-14	18	0	-222	190	-151	131	108	-168
3	-259	299	2886533536	-41	110	-143	108	-14	16	0	-236	206	-151	131	108	-168
3	-259	299	2886535544	-42	110	-144	109	-14	17	0	-250	223	-151	131	108	-168
3	-259	299	2886537540	-48	125	-141	107	-14	17	0	-264	240	-151	131	108	-168
3	-259	299	2886539536	-43	110	-140	108	-14	16	0	-278	256	-151	131	108	-168
3	-259	299	2886541532	-49	124	-139	106	-14	18	0	-292	274	-151	131	108	-168
3	-259	299	2886543532	-42	106	-136	105	-13	15	0	-305	289	-151	131	108	-168
3	-259	299	2886545524	-44	106	-133	104	-13	16	0	-318	305	-151	131	108	-168
3	-259	299	2886547520	-49	120	-131	102	-14	17	0	-332	322	-151	131	108	-168
3	-259	299	2886549516	-43	103	-128	101	-13	15	0	-345	337	-151	131	108	-168
3	-259	299	2886551508	-50	115	-125	99	-13	16	0	-358	353	-151	131	108	-168
3	-259	299	2886553508	-43	98	-137	110	-13	16	0	-371	369	-151	131	108	-168
3	-259	299	2886555512	-50	112	-119	95	-13	15	0	-384	384	-151	131	108	-168
3	-259	299	2886557516	-41	93	-114	93	-12	14	0	-396	398	-151	131	108	-168
3	-259	299	2886559512	-43	93	-111	90	-11	14	0	-407	412	-151	131	108	-168
3	-259	299	2886561508	-46	102	-107	87	-12	14	0	-419	426	-151	131	108	-168
3	-259	299	2886563512	-40	88	-104	86	-11	13	0	-430	439	-151	131	108	-168
3	-259	299	2886565508	-45	97	-100	84	-10	14	0	-440	453	-151	131	108	-168
3	-259	299	2886567504	-39	84	-98	81	-11	12	0	-451	465	-151	131	108	-168
3	-259	299	2886569504	-37	80	-92	79	-9	12	0	-460	477	-151	131	108	-168
3	-259	299	2886571504	-41	91	-91	76	-10	13	0	-470	490	-151	131	108	-168
3	-259	299	2886573508	-35	77	-87	75	-9	11	0	-479	501	-151	131	108	-168
3	-259	299	2886575520	-39	83	-83	73	-10	12	0	-489	513	-151	131	108	-168
3	-259	299	2886577520	-33	73	-80	70	-8	10	0	-497	523	-151	131	108	-168
3	-259	299	2886579516	-32	69	-77	67	-8	11	0	-505	534	-151	131	108	-168
3	-259	299	2886581512	-34	75	-72	65	-8	10	0	-513	544	-151	131	108	-168
3	-259	299	2886583508	-29	63	-79	73	-8	10	0	-521	554	-151	131	108	-168
3	-259	299	2886585504	-30	70	-64	60	-7	10	0	-528	564	-151	131	108	-168
3	-259	299	2886587504	-26	58	-61	59	-7	9	0	-535	573	-151	131	108	-168
3	-259	299	2886589508	-27	62	-55	55	-6	9	0	-541	582	-151	131	108	-168
3	-259	299	2886591520	-23	53	-51	52	-6	8	0	-547	590	-151	131	108	-168
3	-259	299	2886593508	-21	49	-48	50	-5	7	0	-552	597	-151	131	108	-168
3	-259	299	2886595504	-23	52	-43	48	-5	7	0	-557	604	-151	131	108	-168
3	-259	299	2886597508	-18	44	-40	45	-4	7	0	-561	611	-151	131	108	-168
3	-259	299	2886599504	-19	45	-35	41	-4	7	0	-565	618	-151	131	108	-168
3	-259	299	2886601508	-16	37	-33	39	-4	5	0	-569	623	-151	131	108	-168
3	-259	299	2886603512	-15	34	-29	35	-3	5	0	-572	628	-151	131	108	-168
3	-259	299	2886605516	-15	36	-25	33	-3	6	0	-575	634	-151	131	108	-168
3	-259	299	2886607520	-13	29	-21	30	-3	4	0	-578	638	-151	131	108	-168
3	-259	299	2886609516	-14	30	-19	28	-2	4	0	-580	642	-151	131	108	-168
3	-259	299	2886611512	-11	24	-16	26	-2	4	0	-582	646	-151	131	108	-168
3	-259	299	2886613504	-10	21	-14	23	-2	3	0	-584	649	-151	131	108	-168
3	-259	299	2886615508	-11	23	-13	23	-2	4	0	-586	653	-151	131	108	-168
3	-259	299	2886617516	-9	17	-9	19	-1	3	1	-587	656	-151	131	108	-168
4	-259	299	2886619524	-10	18	-9	16	-1	2	1	-152	133	-151	131	108	-168
4	-259	299	2886621524	-7	13	-6	15	-1	2	1	-153	135	-151	131	108	-168
4	-259	299	2886623520	-9	14	-6	13	-2	2	1	-155	137	-151	131	108	-168
4	-259	299	2886625508	-8	10	-4	11	0	2	1	-155	139	-151	131	108	-168
4	333	-214	2886627516	-7	9	-5	9	-1	1	1	-156	140	182	-83	-151	131
4	333	-214	2886629516	-9	10	-4	9	-1	2	1	-157	142	182	-83	-151	131
4	333	-214	2886631520	-6	6	-2	7	-1	1	1	-158	143	182	-83	-151	131
4	333	-214	2886633516	-6	6	-3	6	-1	1	1	-159	144	182	-83	-151	131
4	333	-214	2886635500	-7	7	-2	7	0	1	1	-159	145	182	-83	-151	131
4	333	-214	2886637504	-6	3	-3	3	-1	0	1	-160	145	182	-83	-151	131
4	333	-214	2886639500	-6	4	-1	5	0	1	1	-160	146	182	-83	-151	131
4	333	-214	2886641504	-5	4	-1	3	-1	0	1	-161	146	182	-83	-151	131
4	333	-214	2886643500	-5	2	-2	4	0	1	1	-161	147	182	-83	-151	131
4	333	-214	2886645504	-5	2	-1	2	-1	0	1	-162	147	182	-83	-151	131
4	333	-214	2886647488	-6	1	-1	1	0	0	1	-162	147	182	-83	-151	131
4	333	-214	2886649508	-5	1	0	2	-1	0	1	-163	147	182	-83	-151	131
4	333	-214	2886651460	-4	0	-1	0	0	0	1	-163	147	182	-83	-151	131
4	333	-214	2886653512	-6	1	0	1	-1	1	1	-164	148	182	-83	-151	131
4	333	-214	2886655456	-4	0	-2	0	0	0	1	-164	148	182	-83	-151	131
4	333	-214	2886657468	-6	0	0	0	-1	0	1	-165	148	182	-83	-151	131
4	333	-214	2886659452	-5	0	-1	0	0	0	1	-165	148	182	-83	-151	131
4	333	-214	2886661460	-5	0	-1	0	0	0	1	-165	148	182	-83	-151	131
4	333	-214	2886663476	-7	0	0	0	-1	0	1	-166	148	182	-83	-151	131
4	333	-214	2886665464	-5	0	-1	0	0	0	1	-166	148	182	-83	-151	131
4	333	-214	2886667508	-7	-1	-2	-1	-1	0	1	-167	148	182	-83	-151	131
4	333	-214	2886669480	-6	0	-1	0	-1	0	1	-168	148	182	-83	-151	131
4	333	-214	2886671496	-7	-2	-1	-1	0	0	1	-168	148	182	-83	-151	131
4	333	-214	2886673512	-8	-1	-1	-1	-1	0	1	-169	148	182	-83	-151	131
4	333	-214	2886675512	-8	-1	-2	-1	-1	0	1	-170	148	182	-83	-151	131
4	333	-214	2886677512	-9	-3	0	-3	0	-1	1	-170	147	182	-83	-151	131
4	333	-214	2886679496	-7	-1	-1	-1	-1	0	1	-171	147	182	-83	-151	131
4	333	-214	2886681492	-9	-2	-1	-3	-1	0	1	-172	147	182	-83	-151	131
4	333	-214	2886683496	-7	-3	0	-2	0	-1	1	-172	146	182	-83	-151	131
4	333	-214	2886685484	-8	-4	-1	-4	-1	0	1	-173	146	182	-83	-151	131
4	333	-214	2886687500	-9	-3	0	-4	-1	-1	1	-174	145	182	-83	-151	131
4	333	-214	2886689476	-7	-5	0	-3	0	0	1	-174	145	182	-83	-151	131
4	333	-214	2886691496	-9	-5	0	-5	-1	-1	1	-175	144	182	-83	-151	131
4	333	-214	2886693484	-6	-5	0	-7	0	-1	1	-175	143	182	-83	-151	131
4	333	-214	2886695504	-6	-7	1	-6	-1	-1	1	-176	142	182	-83	-151	131
4	333	-214	2886697492	-7	-8	3	-6	0	-1	1	-176	141	182	-83	-151	131
4	333	-214	2886699484	-5	-8	4	-9	0	-1	0	-176	140	182	-83	-151	131
4	333	-214	2886701488	-3	-10	6	-9	0	-2	0	-176	138	182	-83	-151	131
4	333	-214	2886703496	-3	-10	7	-10	0	-1	0	-176	137	182	-83	-151	131
4	333	-214	2886705496	-1	-11	9	-12	0	-2	0	-176	135	182	-83	-151	131
4	333	-214	2886707512	-1	-14	13	-14	1	-2	0	-175	133	182	-83	-151	131
4	333	-214	2886709508	0	-14	13	-14	1	-2	0	-174	131	182	-83	-151	131
4	333	-214	2886711508	3	-17	18	-15	2	-2	0	-172	129	182	-83	-151	131
4	333	-214	2886713508	5	-16	20	-15	2	-3	0	-170	126	182	-83	-151	131
4	333	-214	2886715516	7	-20	22	-17	2	-3	0	-168	123	182	-83	-151	131
4	333	-214	2886717508	10	-19	28	-19	3	-2	0	-165	121	182	-83	-151	131
4	333	-214	2886719504	11	-21	30	-20	3	-3	0	-162	118	182	-83	-151	131
4	333	-214	2886721492	15	-25	35	-21	3	-4	0	-159	114	182	-83	-151	131
4	333	-214	2886723496	17	-24	40	-23	5	-3	0	-154	111	182	-83	-151	131
4	333	-214	2886725504	21	-30	42	-25	4	-5	0	-150	106	182	-83	-151	131
4	333	-214	2886727496	21	-26	48	-26	6	-3	0	-144	103	182	-83	-151	131
4	333	-214	2886729492	24	-30	52	-27	5	-5	0	-139	98	182	-83	-151	131
4	333	-214	2886731496	31	-35	57	-29	7	-5	0	-132	93	182	-83	-151	131
4	333	-214	2886733492	29	-33	61	-31	7	-4	0	-125	89	182	-83	-151	131
4	333	-214	2886735492	37	-40	65	-33	7	-6	0	-118	83	182	-83	-151	131
4	333	-214	2886737496	34	-36	70	-34	8	-5	0	-110	78	182	-83	-151	131
4	333	-214	2886739500	38	-39	84	-41	9	-6	0	-101	72	182	-83	-151	131
4	333	-214	2886741508	45	-46	78	-37	9	-6	0	-92	66	182	-83	-151	131
4	333	-214	2886743512	41	-44	82	-40	10	-7	0	-82	59	182	-83	-151	131
4	333	-214	2886745512	50	-51	86	-43	10	-7	0	-72	52	182	-83	-151	131
4	333	-214	2886747512	45	-46	91	-45	10	-6	0	-62	46	182	-83	-151	131
4	333	-214	2886749508	54	-57	94	-47	11	-8	0	-51	38	182	-83	-151	131
4	333	-214	2886751504	48	-52	99	-49	11	-8	0	-40	30	182	-83	-151	131
4	333	-214	2886753504	50	-53	101	-51	12	-8	0	-28	22	182	-83	-151	131
4	333	-214	2886755508	59	-63	106	-54	12	-8	0	-16	14	182	-83	-151	131
4	333	-214	2886757512	53	-58	110	-55	12	-9	0	-4	5	182	-83	-151	131
4	333	-214	2886759516	60	-69	113	-58	13	-9	0	9	-4	182	-83	-151	131
4	333	-214	2886761524	53	-61	115	-58	13	-9	0	22	-13	182	-83	-151	131
4	333	-214	2886763516	62	-72	120	-60	13	-10	0	35	-23	182	-83	-151	131
4	333	-214	2886765516	53	-65	122	-62	13	-10	0	48	-33	182	-83	-151	131
4	333	-214	2886767516	55	-67	125	-63	14	-10	0	62	-43	182	-83	-151	131
4	333	-214	2886769516	62	-77	148	-74	16	-11	0	78	-54	182	-83	-151	131
4	333	-214	2886771512	53	-71	132	-66	14	-10	0	92	-64	182	-83	-151	131
4	333	-214	2886773508	63	-82	135	-68	14	-11	0	106	-75	182	-83	-151	131
4	333	-214	2886775508	54	-73	138	-69	15	-11	0	121	-86	182	-83	-151	131
4	333	-214	2886777504	53	-75	138	-70	14	-11	0	135	-97	182	-83	-151	131
4	333	-214	2886779504	63	-88	143	-71	16	-12	0	151	-109	182	-83	-151	131
4	333	-214	2886781504	54	-77	142	-71	14	-11	0	165	-120	182	-83	-151	131
4	333	-214	2886783500	60	-90	145	-73	16	-12	0	181	-132	182	-83	-151	131
4	333	-214	2886785500	53	-80	147	-72	15	-12	0	196	-144	182	-83	-151	131
4	333	-214	2886787500	53	-82	145	-74	15	-11	0	211	-155	182	-83	-151	131
4	333	-214	2886789504	59	-93	146	-74	15	-13	0	226	-168	182	-83	-151	131
4	333	-214	2886791516	52	-83	146	-75	15	-12	0	241	-180	182	-83	-151	131
4	333	-214	2886793516	59	-95	145	-75	15	-12	0	256	-192	182	-83	-151	131
4	333	-214	2886795516	50	-84	145	-75	15	-12	0	271	-204	182	-83	-151	131
4	333	-214	2886797512	51	-85	144	-76	14	-12	0	285	-216	182	-83	-151	131
4	333	-214	2886799508	58	-96	162	-86	17	-14	0	302	-230	182	-83	-151	131
4	333	-214	2886801504	48	-85	140	-76	14	-12	0	316	-242	182	-83	-151	131
4	333	-214	2886803504	57	-96	139	-77	15	-13	0	331	-255	182	-83	-151	131
4	333	-214	2886805496	48	-84	135	-76	13	-12	0	344	-267	182	-83	-151	131
4	333	-214	2886807492	48	-84	133	-76	14	-12	0	358	-279	182	-83	-151	131
4	333	-214	2886809492	54	-95	128	-76	14	-13	0	372	-292	182	-83	-151	131
4	333	-214	2886811488	45	-81	127	-75	12	-12	0	384	-304	182	-83	-151	131
4	333	-214	2886813484	51	-92	122	-74	13	-12	0	397	-316	182	-83	-151	131
4	333	-214	2886815484	44	-79	119	-74	13	-12	0	410	-328	182	-83	-151	131
4	333	-214	2886817488	48	-89	114	-71	12	-12	0	422	-340	182	-83	-151	131
4	333	-214	2886819484	42	-77	111	-73	11	-11	0	433	-351	182	-83	-151	131
4	333	-214	2886821480	40	-75	105	-70	11	-11	0	444	-362	182	-83	-151	131
4	333	-214	2886823476	45	-84	102	-70	11	-11	0	455	-373	182	-83	-151	131
4	333	-214	2886825472	36	-73	97	-67	10	-11	0	465	-384	182	-83	-151	131
4	333	-214	2886827476	41	-80	92	-68	10	-11	0	475	-395	182	-83	-151	131
4	333	-214	2886829480	35	-68	88	-66	9	-10	0	484	-405	182	-83	-151	131
4	333	-214	2886831488	33	-67	95	-72	10	-10	0	494	-415	182	-83	-151	131
4	333	-214	2886833492	36	-73	77	-64	8	-11	0	502	-426	182	-83	-151	131
4	333	-214	2886835488	30	-63	73	-60	8	-9	0	510	-435	182	-83	-151	131
4	333	-214	2886837496	32	-70	67	-60	8	-10	0	518	-445	182	-83	-151	131
4	333	-214	2886839500	27	-59	64	-58	6	-8	0	524	-453	182	-83	-151	131
4	333	-214	2886841496	23	-56	60	-56	7	-9	0	531	-462	182	-83	-151	131
4	333	-214	2886843488	27	-62	55	-54	6	-8	0	537	-470	182	-83	-151	131
4	333	-214	2886845492	21	-53	51	-52	5	-8	0	542	-478	182	-83	-151	131
4	333	-214	2886847488	21	-57	48	-51	5	-8	0	547	-486	182	-83	-151	131
4	333	-214	2886849492	18	-48	42	-48	5	-8	0	552	-494	182	-83	-151	131
4	333	-214	2886851488	18	-51	40	-46	4	-7	0	556	-501	182	-83	-151	131
4	333	-214	2886853492	15	-43	36	-44	4	-6	0	560	-507	182	-83	-151	131
4	333	-214	2886855496	13	-38	32	-41	3	-6	0	563	-513	182	-83	-151	131
4	333	-214	2886857488	12	-42	28	-38	3	-6	0	566	-519	182	-83	-151	131
4	333	-214	2886859488	10	-33	27	-35	3	-5	0	569	-524	182	-83	-151	131
4	333	-214	2886861496	10	-35	25	-36	3	-6	0	572	-530	182	-83	-151	131
4	333	-214	2886863500	8	-27	20	-29	2	-4	0	574	-534	182	-83	-151	131
4	333	-214	2886865496	6	-25	16	-26	2	-4	0	576	-538	182	-83	-151	131
4	333	-214	2886867496	5	-23	15	-22	1	-3	0	577	-541	182	-83	-151	131
4	333	-214	2886869492	4	-19	12	-20	1	-3	0	578	-544	182	-83	-151	131
4	333	-214	2886871492	4	-19	10	-18	1	-3	0	579	-547	182	-83	-151	131
4	333	-214	2886873504	2	-14	9	-16	1	-2	0	580	-549	182	-83	-151	131
4	333	-214	2886875512	3	-12	6	-13	1	-2	0	581	-551	182	-83	-151	131
4	333	-214	2886877500	1	-10	7	-11	0	-2	0	581	-553	182	-83	-151	131
4	333	-214	2886879508	1	-8	3	-9	1	-1	0	582	-554	182	-83	-151	131
4	333	-214	2886881496	0	-6	4	-7	0	-1	0	582	-555	182	-83	-151	131
4	333	-214	2886883476	1	-4	3	-5	0	0	0	582	-555	182	-83	-151	131
4	333	-214	2886885492	0	-3	1	-4	0	-1	1	582	-556	182	-83	-151	131
5	333	-214	2886887480	0	-3	1	-2	0	0	1	182	-83	182	-83	-151	131
5	333	-214	2886889512	0	0	1	-3	1	-1	1	183	-84	182	-83	-151	131
5	-380	111	2886891444	0	-1	0	-1	0	0	1	183	-84	-198	28	182	-83
5	-380	111	2886945488	0	0	-3	0	0	0	1	183	-84	-198	28	182	-83
5	-380	111	2886947488	0	0	-2	0	0	0	1	183	-84	-198	28	182	-83
5	-380	111	2886949516	-1	2	-6	2	0	0	0	183	-84	-198	28	182	-83
5	-380	111	2886951532	-2	1	-7	1	-1	0	0	182	-84	-198	28	182	-83
5	-380	111	2886953528	-2	2	-8	2	-1	0	0	181	-84	-198	28	182	-83
5	-380	111	2886955536	-4	4	-10	4	-1	1	0	180	-83	-198	28	182	-83
5	-380	111	2886957528	-4	5	-14	4	-1	0	0	179	-83	-198	28	182	-83
5	-380	111	2886959540	-6	4	-16	5	-2	1	0	177	-82	-198	28	182	-83
5	-380	111	2886961544	-6	6	-20	5	-2	1	0	175	-81	-198	28	182	-83
5	-380	111	2886963544	-10	9	-24	7	-2	1	0	173	-80	-198	28	182	-83
5	-380	111	2886965540	-10	7	-26	8	-3	1	0	170	-79	-198	28	182	-83
5	-380	111	2886967532	-14	12	-32	10	-3	2	0	167	-77	-198	28	182	-83
5	-380	111	2886969536	-14	11	-35	10	-4	1	0	163	-76	-198	28	182	-83
5	-380	111	2886971540	-18	14	-38	12	-4	2	0	159	-74	-198	28	182	-83
5	-380	111	2886973544	-19	13	-45	14	-5	2	0	154	-72	-198	28	182	-83
5	-380	111	2886975548	-21	15	-49	16	-5	3	0	149	-69	-198	28	182	-83
5	-380	111	2886977552	-28	20	-55	17	-7	2	0	142	-67	-198	28	182	-83
5	-380	111	2886979552	-27	18	-69	21	-7	3	0	135	-64	-198	28	182	-83
5	-380	111	2886981552	-35	24	-65	20	-7	4	0	128	-60	-198	28	182	-83
5	-380	111	2886983560	-33	21	-70	22	-8	3	0	120	-57	-198	28	182	-83
5	-380	111	2886985552	-36	22	-75	24	-8	3	0	112	-54	-198	28	182	-83
5	-380	111	2886987556	-45	28	-81	25	-10	4	0	102	-50	-198	28	182	-83
5	-380	111	2886989556	-43	26	-85	26	-9	4	0	93	-46	-198	28	182	-83
5	-380	111	2886991560	-52	30	-90	27	-11	4	0	82	-42	-198	28	182	-83
5	-380	111	2886993556	-50	26	-95	28	-11	5	0	71	-37	-198	28	182	-83
5	-380	111	2886995556	-60	33	-100	29	-12	4	0	59	-33	-198	28	182	-83
5	-380	111	2886997548	-56	30	-104	30	-12	5	0	47	-28	-198	28	182	-83
5	-380	111	2886999552	-59	30	-109	30	-13	4	0	34	-24	-198	28	182	-83
5	-380	111	2887001556	-71	36	-113	31	-13	5	0	21	-19	-198	28	182	-83
5	-380	111	2887003560	-67	33	-118	32	-14	5	0	7	-14	-198	28	182	-83
5	-380	111	2887005560	-78	38	-122	32	-15	5	0	-8	-9	-198	28	182	-83
5	-380	111	2887007568	-73	35	-144	38	-17	6	0	-25	-3	-198	28	182	-83
5	-380	111	2887009560	-74	37	-131	32	-15	5	0	-40	2	-198	28	182	-83
5	-380	111	2887011568	-87	42	-134	35	-16	6	0	-56	8	-198	28	182	-83
5	-380	111	2887013560	-80	38	-138	35	-17	5	0	-73	13	-198	28	182	-83
5	-380	111	2887015564	-93	43	-140	35	-17	6	0	-90	19	-198	28	182	-83
5	-380	111	2887017568	-82	40	-142	38	-17	6	0	-107	25	-198	28	182	-83
5	-380	111	2887019560	-84	40	-145	36	-17	6	0	-124	31	-198	28	182	-83
5	-380	111	2887021560	-97	48	-148	37	-19	6	0	-143	37	-198	28	182	-83
5	-380	111	2887023564	-88	41	-148	38	-17	6	0	-160	43	-198	28	182	-83
5	-380	111	2887025564	-100	50	-150	39	-19	7	0	-179	50	-198	28	182	-83
5	-380	111	2887027564	-87	44	-152	38	-18	6	0	-197	56	-198	28	182	-83
5	-380	111	2887029560	-102	50	-152	40	-19	7	0	-216	63	-198	28	182	-83
5	-380	111	2887031556	-88	46	-153	40	-18	6	0	-234	69	-198	28	182	-83
5	-380	111	2887033560	-90	45	-152	42	-18	6	0	-252	75	-198	28	182	-83
5	-380	111	2887035556	-102	53	-153	41	-19	8	0	-271	83	-198	28	182	-83
5	-380	111	2887037556	-88	46	-152	42	-18	6	0	-289	89	-198	28	182	-83
5	-380	111	2887039552	-102	52	-174	48	-21	8	0	-310	97	-198	28	182	-83
5	-380	111	2887041552	-88	47	-150	44	-18	6	0	-328	103	-198	28	182	-83
5	-380	111	2887043552	-89	46	-150	43	-18	7	0	-346	110	-198	28	182	-83
5	-380	111	2887045556	-101	52	-147	43	-18	7	0	-364	117	-198	28	182	-83
5	-380	111	2887047564	-89	47	-148	44	-18	7	0	-382	124	-198	28	182	-83
5	-380	111	2887049568	-100	51	-145	43	-19	7	0	-401	131	-198	28	182	-83
5	-380	111	2887051564	-89	45	-144	44	-17	7	0	-418	138	-198	28	182	-83
5	-380	111	2887053568	-101	51	-141	43	-18	7	0	-436	145	-198	28	182	-83
5	-380	111	2887055564	-88	45	-140	43	-17	6	0	-453	151	-198	28	182	-83
5	-380	111	2887057564	-87	44	-139	43	-17	7	0	-470	158	-198	28	182	-83
5	-380	111	2887059568	-100	50	-136	44	-18	7	0	-488	165	-198	28	182	-83
5	-380	111	2887061564	-88	42	-135	42	-17	6	0	-505	171	-198	28	182	-83
5	-380	111	2887063568	-97	49	-132	43	-17	7	0	-522	178	-198	28	182	-83
5	-380	111	2887065568	-85	41	-130	41	-16	6	0	-538	184	-198	28	182	-83
5	-380	111	2887067568	-84	40	-128	41	-16	6	0	-554	190	-198	28	182	-83
5	-380	111	2887069572	-95	47	-142	46	-18	7	0	-572	197	-198	28	182	-83
5	-380	111	2887071576	-81	38	-123	39	-15	6	0	-587	203	-198	28	182	-83
5	-380	111	2887073576	-91	44	-120	39	-16	6	0	-603	209	-198	28	182	-83
5	-380	111	2887075580	-79	39	-116	39	-14	6	0	-617	215	-198	28	182	-83
5	-380	111	2887077580	-88	41	-114	36	-16	6	0	-633	221	-198	28	182	-83
5	-380	111	2887079588	-75	36	-111	36	-14	5	0	-647	226	-198	28	182	-83
5	-380	111	2887081588	-73	35	-108	36	-13	6	0	-660	232	-198	28	182	-83
5	-380	111	2887083592	-82	39	-105	35	-14	5	0	-674	237	-198	28	182	-83
5	-380	111	2887085592	-67	34	-100	34	-13	5	0	-687	242	-198	28	182	-83
5	-380	111	2887087596	-75	36	-97	33	-13	6	0	-700	248	-198	28	182	-83
5	-380	111	2887089600	-64	31	-94	31	-11	4	0	-711	252	-198	28	182	-83
5	-380	111	2887091604	-67	34	-89	30	-12	5	0	-723	257	-198	28	182	-83
5	-380	111	2887093616	-58	29	-85	29	-11	4	0	-734	261	-198	28	182	-83
5	-380	111	2887095612	-54	27	-91	31	-11	5	0	-745	266	-198	28	182	-83
5	-380	111	2887097612	-57	29	-75	26	-10	4	0	-755	270	-198	28	182	-83
5	-380	111	2887099616	-49	25	-70	25	-9	4	0	-764	274	-198	28	182	-83
5	-380	111	2887101608	-50	26	-64	23	-8	3	0	-772	277	-198	28	182	-83
5	-380	111	2887103604	-41	22	-60	22	-8	4	0	-780	281	-198	28	182	-83
5	-380	111	2887105616	-38	20	-53	20	-7	3	0	-787	284	-198	28	182	-83
5	-380	111	2887107612	-38	21	-49	20	-6	3	0	-793	287	-198	28	182	-83
5	-380	111	2887109608	-32	17	-45	18	-6	2	0	-799	289	-198	28	182	-83
5	-380	111	2887111600	-31	18	-39	16	-5	3	0	-804	292	-198	28	182	-83
5	-380	111	2887113608	-24	14	-34	15	-4	2	0	-808	294	-198	28	182	-83
5	-380	111	2887115612	-23	15	-30	12	-4	2	0	-812	296	-198	28	182	-83
5	-380	111	2887117608	-18	10	-26	12	-4	2	0	-816	298	-198	28	182	-83
5	-380	111	2887119612	-15	10	-21	10	-2	1	0	-818	299	-198	28	182	-83
5	-380	111	2887121616	-14	8	-18	8	-3	1	0	-821	300	-198	28	182	-83
5	-380	111	2887123612	-11	8	-15	8	-2	2	0	-823	302	-198	28	182	-83
5	-380	111	2887125608	-10	7	-12	7	-1	1	0	-824	303	-198	28	182	-83
5	-380	111	2887127596	-6	5	-9	5	-2	0	0	-826	303	-198	28	182	-83
5	-380	111	2887129592	-6	4	-6	4	0	1	0	-826	304	-198	28	182	-83
5	-380	111	2887131604	-4	4	-5	4	-1	1	0	-827	305	-198	28	182	-83
5	-380	111	2887133592	-4	2	-3	4	-1	0	0	-828	305	-198	28	182	-83
5	-380	111	2887135576	-1	3	-1	1	0	0	0	-828	305	-198	28	182	-83
5	-380	111	2887137592	-1	1	-1	2	0	1	1	-828	306	-198	28	182	-83
6	-380	111	2887139584	-2	1	0	2	0	0	1	-198	28	-198	28	182	-83
6	-380	111	2887141552	0	2	0	1	0	0	1	-198	28	-198	28	182	-83
6	-380	111	2887145556	0	1	0	1	0	0	1	-198	28	-198	28	182	-83
6	-380	111	2887151552	0	1	0	1	0	0	1	-198	28	-198	28	182	-83
6	396	0	2887157552	0	0	2	0	0	0	1	-198	28	198	28	-198	28
6	396	0	2887163552	0	0	1	0	0	0	1	-198	28	198	28	-198	28
6	396	0	2887169552	1	0	0	0	0	0	1	-198	28	198	28	-198	28
6	396	0	2887171548	0	0	1	0	0	0	1	-198	28	198	28	-198	28
6	396	0	2887179552	1	0	1	0	0	0	1	-198	28	198	28	-198	28
6	396	0	2887181556	0	-2	0	0	0	0	1	-198	28	198	28	-198	28
6	396	0	2887183588	1	-1	2	-1	0	0	1	-198	28	198	28	-198	28
6	396	0	2887185564	0	0	1	0	0	0	1	-198	28	198	28	-198	28
6	396	0	2887187584	2	-2	1	-3	0	0	1	-198	28	198	28	-198	28
6	396	0	2887189588	2	-3	4	-2	0	0	1	-198	28	198	28	-198	28
6	396	0	2887191600	1	-2	2	-3	1	0	1	-197	28	198	28	-198	28
6	396	0	2887193584	3	-3	5	-2	0	0	1	-197	28	198	28	-198	28
6	396	0	2887195608	2	-4	7	-4	1	-1	1	-196	27	198	28	-198	28
6	396	0	2887197608	4	-5	6	-4	1	-1	1	-195	26	198	28	-198	28
6	396	0	2887199592	5	-5	9	-5	1	0	1	-194	26	198	28	-198	28
6	396	0	2887201608	5	-5	10	-5	1	-1	1	-193	25	198	28	-198	28
6	396	0	2887203608	6	-6	11	-5	1	-1	0	-192	24	198	28	-198	28
6	396	0	2887205612	8	-6	14	-6	2	-1	0	-190	23	198	28	-198	28
6	396	0	2887207612	10	-8	16	-6	2	-1	0	-188	22	198	28	-198	28
6	396	0	2887209612	10	-7	19	-8	2	-1	0	-186	21	198	28	-198	28
6	396	0	2887211604	11	-8	22	-7	2	-1	0	-184	20	198	28	-198	28
6	396	0	2887213608	16	-8	24	-8	3	-1	0	-181	19	198	28	-198	28
6	396	0	2887215600	17	-9	29	-9	4	-2	0	-177	17	198	28	-198	28
6	396	0	2887217604	20	-10	36	-10	4	-1	0	-173	16	198	28	-198	28
6	396	0	2887219608	21	-10	35	-8	4	-2	0	-169	14	198	28	-198	28
6	396	0	2887221608	24	-9	40	-10	5	-1	0	-164	13	198	28	-198	28
6	396	0	2887223608	30	-11	44	-9	6	-2	0	-158	11	198	28	-198	28
6	396	0	2887225608	28	-10	47	-9	5	-1	0	-153	10	198	28	-198	28
6	396	0	2887227608	38	-11	53	-10	7	-2	0	-146	8	198	28	-198	28
6	396	0	2887229604	35	-10	56	-9	7	-1	0	-139	7	198	28	-198	28
6	396	0	2887231600	39	-10	60	-8	7	-1	0	-132	6	198	28	-198	28
6	396	0	2887233604	48	-12	65	-9	9	-2	0	-123	4	198	28	-198	28
6	396	0	2887235604	47	-11	70	-9	9	-1	0	-114	3	198	28	-198	28
6	396	0	2887237596	56	-11	75	-9	9	-2	0	-105	1	198	28	-198	28
6	396	0	2887239596	54	-10	79	-8	10	-1	0	-95	0	198	28	-198	28
6	396	0	2887241588	65	-11	82	-8	11	-2	0	-84	-2	198	28	-198	28
6	396	0	2887243596	61	-10	88	-9	12	-1	0	-72	-3	198	28	-198	28
6	396	0	2887245588	65	-10	92	-8	11	-1	0	-61	-4	198	28	-198	28
6	396	0	2887247592	77	-12	96	-8	13	-2	0	-48	-6	198	28	-198	28
6	396	0	2887249584	70	-10	114	-9	14	-1	0	-34	-7	198	28	-198	28
6	396	0	2887251584	85	-10	104	-7	14	-2	0	-20	-9	198	28	-198	28
6	396	0	2887253584	78	-10	107	-8	14	-1	0	-6	-10	198	28	-198	28
6	396	0	2887255584	79	-8	112	-7	14	-1	0	8	-11	198	28	-198	28
6	396	0	2887257580	93	-10	113	-8	16	-2	0	24	-13	198	28	-198	28
6	396	0	2887259584	84	-8	117	-6	15	-1	0	39	-14	198	28	-198	28
6	396	0	2887261588	99	-9	118	-7	16	-1	0	55	-15	198	28	-198	28
6	396	0	2887263584	90	-6	120	-5	16	-1	0	71	-16	198	28	-198	28
6	396	0	2887265580	90	-6	124	-7	16	-1	0	87	-17	198	28	-198	28
6	396	0	2887267588	106	-8	125	-5	17	-1	0	104	-18	198	28	-198	28
6	396	0	2887269576	95	-5	128	-5	17	0	0	121	-18	198	28	-198	28
6	396	0	2887271588	110	-6	128	-3	18	-1	0	139	-19	198	28	-198	28
6	396	0	2887273588	98	-4	130	-4	17	-1	0	156	-20	198	28	-198	28
6	396	0	2887275568	98	-5	132	-4	17	0	0	173	-20	198	28	-198	28
6	396	0	2887277580	114	-3	133	-2	19	-1	0	192	-21	198	28	-198	28
6	396	0	2887279560	99	-4	134	-3	17	0	0	209	-21	198	28	-198	28
6	396	0	2887281580	114	-3	135	-2	19	-1	0	228	-22	198	28	-198	28
6	396	0	2887283556	100	-2	155	-2	19	0	0	247	-22	198	28	-198	28
6	396	0	2887285560	112	-4	136	-1	19	0	0	266	-22	198	28	-198	28
6	396	0	2887287564	100	-1	137	-1	17	0	0	283	-22	198	28	-198	28
6	396	0	2887289580	99	-3	137	-1	18	-1	0	301	-23	198	28	-198	28
6	396	0	2887291564	112	-2	138	-2	19	0	0	320	-23	198	28	-198	28
6	396	0	2887293568	99	-1	137	0	18	0	0	338	-23	198	28	-198	28
6	396	0	2887295576	113	-3	138	0	18	0	0	356	-23	198	28	-198	28
6	396	0	2887297576	98	-2	137	-1	18	0	0	374	-23	198	28	-198	28
6	396	0	2887299588	97	-3	138	0	18	-1	0	392	-24	198	28	-198	28
6	396	0	2887301576	110	-2	136	-1	18	0	0	410	-24	198	28	-198	28
6	396	0	2887303576	95	-3	136	0	17	0	0	427	-24	198	28	-198	28
6	396	0	2887305584	107	-2	135	-1	19	0	0	446	-24	198	28	-198	28
6	396	0	2887307592	93	-3	134	-3	17	-1	0	463	-25	198	28	-198	28
6	396	0	2887309572	103	-4	134	-1	17	0	0	480	-25	198	28	-198	28
6	396	0	2887311588	90	-2	150	-3	18	-1	0	498	-26	198	28	-198	28
6	396	0	2887313572	89	-4	128	-2	17	0	0	515	-26	198	28	-198	28
6	396	0	2887315584	99	-5	127	-3	17	-1	0	532	-27	198	28	-198	28
6	396	0	2887317564	84	-4	125	-2	15	0	0	547	-27	198	28	-198	28
6	396	0	2887319580	95	-5	121	-4	17	-1	0	564	-28	198	28	-198	28
6	396	0	2887321552	80	-5	119	-4	14	0	0	578	-28	198	28	-198	28
6	396	0	2887323564	77	-5	116	-3	15	-1	0	593	-29	198	28	-198	28
6	396	0	2887325560	86	-6	112	-4	15	-1	0	608	-30	198	28	-198	28
6	396	0	2887327564	73	-6	109	-5	13	-1	0	621	-31	198	28	-198	28
6	396	0	2887329548	79	-8	106	-4	14	0	0	635	-31	198	28	-198	28
6	396	0	2887331556	66	-7	100	-5	13	-1	0	648	-32	198	28	-198	28
6	396	0	2887333564	62	-8	98	-6	12	-1	0	660	-33	198	28	-198	28
6	396	0	2887335564	68	-8	91	-5	12	-1	0	672	-34	198	28	-198	28
6	396	0	2887337568	55	-9	89	-6	10	-2	0	682	-36	198	28	-198	28
6	396	0	2887339568	57	-10	82	-8	11	-1	0	693	-37	198	28	-198	28
6	396	0	2887341564	49	-9	78	-6	9	-1	0	702	-38	198	28	-198	28
6	396	0	2887343564	44	-9	72	-8	9	-1	0	711	-39	198	28	-198	28
6	396	0	2887345572	46	-10	78	-7	9	-2	0	720	-41	198	28	-198	28
6	396	0	2887347572	38	-8	61	-8	8	-1	0	728	-42	198	28	-198	28
6	396	0	2887349568	38	-10	58	-7	7	-1	0	735	-43	198	28	-198	28
6	396	0	2887351568	30	-9	51	-8	6	-1	0	741	-44	198	28	-198	28
6	396	0	2887353568	32	-10	46	-6	6	-2	0	747	-46	198	28	-198	28
6	396	0	2887355572	22	-8	40	-6	5	-1	0	752	-47	198	28	-198	28
6	396	0	2887357560	21	-6	36	-6	4	0	0	756	-47	198	28	-198	28
6	396	0	2887359572	20	-7	33	-7	4	-2	0	760	-49	198	28	-198	28
6	396	0	2887361560	15	-7	27	-5	3	0	0	763	-49	198	28	-198	28
6	396	0	2887363564	15	-6	23	-5	3	-1	0	766	-50	198	28	-198	28
6	396	0	2887365560	10	-4	21	-5	2	-1	0	768	-51	198	28	-198	28
6	396	0	2887367560	9	-5	16	-3	2	-1	0	770	-52	198	28	-198	28
6	396	0	2887369548	8	-3	14	-4	2	0	0	772	-52	198	28	-198	28
6	396	0	2887371560	6	-3	11	-4	1	-1	0	773	-53	198	28	-198	28
6	396	0	2887373540	4	-2	9	-2	1	0	0	774	-53	198	28	-198	28
6	396	0	2887375544	2	-2	8	-3	1	0	0	775	-53	198	28	-198	28
6	396	0	2887377532	1	-1	5	-1	0	0	0	775	-53	198	28	-198	28
6	396	0	2887379548	2	-1	2	-1	0	-1	0	775	-54	198	28	-198	28
6	396	0	2887381548	0	-1	3	-2	1	0	0	776	-54	198	28	-198	28
6	396	0	2887385480	0	0	0	0	0	0	1	776	-54	198	28	-198	28
7	396	0	2887387536	-1	-2	0	-1	0	0	1	198	28	198	28	-198	28
7	396	0	2887391520	-1	0	0	0	0	0	1	198	28	198	28	-198	28
7	-380	-111	2887395528	-1	0	0	0	0	0	1	198	28	-182	-83	198	28
7	-380	-111	2887399532	-2	0	0	0	0	0	1	198	28	-182	-83	198	28
7	-380	-111	2887401524	0	-1	0	0	0	0	1	198	28	-182	-83	198	28
7	-380	-111	2887403556	-1	0	0	-1	0	0	1	198	28	-182	-83	198	28
7	-380	-111	2887405524	-1	0	0	0	0	0	1	198	28	-182	-83	198	28
7	-380	-111	2887409528	-1	0	0	0	0	0	1	198	28	-182	-83	198	28
7	-380	-111	2887413556	-2	-1	0	0	0	0	1	198	28	-182	-83	198	28
7	-380	-111	2887415536	-1	0	0	0	0	0	1	198	28	-182	-83	198	28
7	-380	-111	2887417540	0	0	-1	0	0	0	1	198	28	-182	-83	198	28
7	-380	-111	2887419572	-1	0	0	-1	0	0	1	198	28	-182	-83	198	28
7	-380	-111	2887423580	-1	-1	0	0	0	0	1	198	28	-182	-83	198	28
7	-380	-111	2887425560	-2	0	-1	0	-1	0	1	197	28	-182	-83	198	28
7	-380	-111	2887427560	0	0	0	-2	0	-1	1	197	27	-182	-83	198	28
7	-380	-111	2887429576	-1	-2	-1	0	0	0	1	197	27	-182	-83	198	28
7	-380	-111	2887431572	-1	-1	-2	-1	0	0	1	197	27	-182	-83	198	28
7	-380	-111	2887433576	-1	-1	-1	-2	0	0	1	197	27	-182	-83	198	28
7	-380	-111	2887435568	-3	-3	-1	-2	0	0	0	197	27	-182	-83	198	28
7	-380	-111	2887437600	-2	-2	-4	-2	-1	-1	0	196	26	-182	-83	198	28
7	-380	-111	2887439568	-3	-4	-2	-4	0	0	0	196	26	-182	-83	198	28
7	-380	-111	2887441596	-5	-4	-5	-4	-1	-1	0	195	25	-182	-83	198	28
7	-380	-111	2887443592	-4	-5	-7	-5	-1	-1	0	194	24	-182	-83	198	28
7	-380	-111	2887445576	-5	-6	-7	-5	-1	0	0	193	24	-182	-83	198	28
7	-380	-111	2887447588	-6	-6	-9	-6	-1	-1	0	192	23	-182	-83	198	28
7	-380	-111	2887449580	-7	-8	-11	-7	-1	-2	0	191	21	-182	-83	198	28
7	-380	-111	2887451580	-9	-8	-13	-8	-2	-1	0	189	20	-182	-83	198	28
7	-380	-111	2887453584	-9	-8	-15	-9	-2	-1	0	187	19	-182	-83	198	28
7	-380	-111	2887455584	-12	-11	-17	-8	-2	-1	0	185	18	-182	-83	198	28
7	-380	-111	2887457580	-13	-10	-20	-12	-2	-2	0	183	16	-182	-83	198	28
7	-380	-111	2887459584	-15	-13	-24	-11	-3	-2	0	180	14	-182	-83	198	28
7	-380	-111	2887461588	-16	-12	-26	-11	-3	-2	0	177	12	-182	-83	198	28
7	-380	-111	2887463592	-18	-13	-29	-13	-4	-2	0	173	10	-182	-83	198	28
7	-380	-111	2887465588	-22	-15	-34	-13	-4	-2	0	169	8	-182	-83	198	28
7	-380	-111	2887467588	-21	-13	-41	-17	-5	-2	0	164	6	-182	-83	198	28
7	-380	-111	2887469592	-28	-18	-41	-15	-5	-2	0	159	4	-182	-83	198	28
7	-380	-111	2887471596	-26	-15	-45	-16	-5	-3	0	154	1	-182	-83	198	28
7	-380	-111	2887473600	-29	-16	-49	-16	-6	-2	0	148	-1	-182	-83	198	28
7	-380	-111	2887475604	-35	-18	-52	-18	-7	-3	0	141	-4	-182	-83	198	28
7	-380	-111	2887477608	-34	-17	-57	-17	-6	-2	0	135	-6	-182	-83	198	28
7	-380	-111	2887479608	-41	-19	-61	-18	-8	-3	0	127	-9	-182	-83	198	28
7	-380	-111	2887481612	-40	-19	-65	-20	-8	-3	0	119	-12	-182	-83	198	28
7	-380	-111	2887483612	-47	-20	-69	-18	-9	-3	0	110	-15	-182	-83	198	28
7	-380	-111	2887485616	-45	-20	-73	-20	-8	-3	0	102	-18	-182	-83	198	28
7	-380	-111	2887487616	-49	-18	-79	-22	-10	-3	0	92	-21	-182	-83	198	28
7	-380	-111	2887489612	-59	-24	-83	-21	-11	-3	0	81	-24	-182	-83	198	28
7	-380	-111	2887491608	-54	-20	-87	-21	-10	-3	0	71	-27	-182	-83	198	28
7	-380	-111	2887493608	-66	-24	-93	-23	-12	-4	0	59	-31	-182	-83	198	28
7	-380	-111	2887495604	-61	-22	-110	-26	-13	-3	0	46	-34	-182	-83	198	28
7	-380	-111	2887497608	-64	-22	-102	-24	-13	-4	0	33	-38	-182	-83	198	28
7	-380	-111	2887499608	-76	-26	-108	-25	-13	-4	0	20	-42	-182	-83	198	28
7	-380	-111	2887501612	-71	-22	-111	-23	-14	-3	0	6	-45	-182	-83	198	28
7	-380	-111	2887503612	-84	-27	-117	-25	-15	-4	0	-9	-49	-182	-83	198	28
7	-380	-111	2887505616	-78	-22	-120	-25	-15	-4	0	-24	-53	-182	-83	198	28
7	-380	-111	2887507612	-91	-28	-127	-25	-16	-4	0	-40	-57	-182	-83	198	28
7	-380	-111	2887509612	-82	-22	-128	-27	-16	-3	0	-56	-60	-182	-83	198	28
7	-380	-111	2887511616	-87	-24	-135	-26	-17	-4	0	-73	-64	-182	-83	198	28
7	-380	-111	2887513620	-102	-27	-138	-26	-18	-4	0	-91	-68	-182	-83	198	28
7	-380	-111	2887515616	-93	-25	-141	-26	-17	-4	0	-108	-72	-182	-83	198	28
7	-380	-111	2887517620	-108	-28	-146	-28	-19	-4	0	-127	-76	-182	-83	198	28
7	-380	-111	2887519628	-98	-26	-149	-27	-19	-4	0	-146	-80	-182	-83	198	28
7	-380	-111	2887521632	-101	-25	-153	-29	-19	-4	0	-165	-84	-182	-83	198	28
7	-380	-111	2887523632	-118	-30	-177	-33	-22	-5	0	-187	-89	-182	-83	198	28
7	-380	-111	2887525632	-105	-26	-158	-28	-20	-4	0	-207	-93	-182	-83	198	28
7	-380	-111	2887527628	-121	-30	-160	-30	-21	-4	0	-228	-97	-182	-83	198	28
7	-380	-111	2887529628	-109	-27	-161	-30	-20	-5	0	-248	-102	-182	-83	198	28
7	-380	-111	2887531628	-125	-31	-164	-30	-22	-4	0	-270	-106	-182	-83	198	28
7	-380	-111	2887533624	-111	-27	-163	-30	-20	-4	0	-290	-110	-182	-83	198	28
7	-380	-111	2887535620	-111	-29	-164	-32	-21	-5	0	-311	-115	-182	-83	198	28
7	-380	-111	2887537612	-129	-33	-165	-31	-22	-5	0	-333	-120	-182	-83	198	28
7	-380	-111	2887539612	-112	-28	-165	-31	-21	-4	0	-354	-124	-182	-83	198	28
7	-380	-111	2887541608	-129	-35	-164	-33	-22	-5	0	-376	-129	-182	-83	198	28
7	-380	-111	2887543604	-114	-30	-164	-32	-20	-5	0	-396	-134	-182	-83	198	28
7	-380	-111	2887545600	-112	-30	-162	-34	-21	-5	0	-417	-139	-182	-83	198	28
7	-380	-111	2887547596	-129	-37	-161	-34	-22	-5	0	-439	-144	-182	-83	198	28
7	-380	-111	2887549596	-113	-31	-160	-32	-20	-5	0	-459	-149	-182	-83	198	28
7	-380	-111	2887551596	-126	-35	-158	-34	-22	-5	0	-481	-154	-182	-83	198	28
7	-380	-111	2887553596	-109	-32	-156	-34	-19	-5	0	-500	-159	-182	-83	198	28
7	-380	-111	2887555592	-108	-32	-154	-33	-20	-5	0	-520	-164	-182	-83	198	28
7	-380	-111	2887557592	-123	-36	-150	-34	-21	-5	0	-541	-169	-182	-83	198	28
7	-380	-111	2887559588	-105	-31	-170	-39	-20	-5	0	-561	-174	-182	-83	198	28
7	-380	-111	2887561600	-119	-36	-145	-34	-20	-6	0	-581	-180	-182	-83	198	28
7	-380	-111	2887563592	-102	-32	-141	-33	-18	-4	0	-599	-184	-182	-83	198	28
7	-380	-111	2887565588	-100	-31	-139	-34	-18	-5	0	-617	-189	-182	-83	198	28
7	-380	-111	2887567600	-113	-36	-134	-34	-19	-6	0	-636	-195	-182	-83	198	28
7	-380	-111	2887569596	-95	-31	-131	-32	-17	-4	0	-653	-199	-182	-83	198	28
7	-380	-111	2887571596	-107	-35	-127	-33	-17	-5	0	-670	-204	-182	-83	198	28
7	-380	-111	2887573592	-91	-32	-123	-32	-16	-5	0	-686	-209	-182	-83	198	28
7	-380	-111	2887575592	-89	-30	-120	-33	-16	-5	0	-702	-214	-182	-83	198	28
7	-380	-111	2887577588	-99	-33	-114	-31	-16	-5	0	-718	-219	-182	-83	198	28
7	-380	-111	2887579592	-84	-30	-111	-33	-14	-4	0	-732	-223	-182	-83	198	28
7	-380	-111	2887581592	-92	-34	-106	-31	-15	-5	0	-747	-228	-182	-83	198	28
7	-380	-111	2887583592	-78	-29	-101	-30	-14	-5	0	-761	-233	-182	-83	198	28
7	-380	-111	2887585596	-85	-34	-97	-31	-13	-5	0	-774	-238	-182	-83	198	28
7	-380	-111	2887587596	-72	-27	-105	-35	-14	-4	0	-788	-242	-182	-83	198	28
7	-380	-111	2887589588	-69	-29	-86	-29	-11	-5	0	-799	-247	-182	-83	198	28
7	-380	-111	2887591584	-75	-31	-82	-29	-12	-4	0	-811	-251	-182	-83	198	28
7	-380	-111	2887593580	-61	-26	-77	-28	-10	-4	0	-821	-255	-182	-83	198	28
7	-380	-111	2887595576	-66	-29	-71	-27	-11	-4	0	-832	-259	-182	-83	198	28
7	-380	-111	2887597576	-54	-25	-66	-25	-9	-4	0	-841	-263	-182	-83	198	28
7	-380	-111	2887599580	-50	-23	-60	-25	-8	-4	0	-849	-267	-182	-83	198	28
7	-380	-111	2887601584	-53	-25	-55	-22	-8	-3	0	-857	-270	-182	-83	198	28
7	-380	-111	2887603584	-41	-18	-50	-20	-7	-3	0	-864	-273	-182	-83	198	28
7	-380	-111	2887605584	-42	-22	-44	-20	-6	-3	0	-870	-276	-182	-83	198	28
7	-380	-111	2887607584	-33	-16	-39	-18	-6	-3	0	-876	-279	-182	-83	198	28
7	-380	-111	2887609592	-30	-15	-35	-16	-5	-2	0	-881	-281	-182	-83	198	28
7	-380	-111	2887611596	-29	-16	-30	-15	-4	-2	0	-885	-283	-182	-83	198	28
7	-380	-111	2887613600	-22	-11	-26	-14	-4	-2	0	-889	-285	-182	-83	198	28
7	-380	-111	2887615600	-21	-13	-22	-11	-3	-2	0	-892	-287	-182	-83	198	28
7	-380	-111	2887617592	-15	-9	-18	-10	-2	-1	0	-894	-288	-182	-83	198	28
7	-380	-111	2887619588	-15	-7	-17	-10	-3	-2	0	-897	-290	-182	-83	198	28
7	-380	-111	2887621584	-10	-5	-13	-6	-1	-1	0	-898	-291	-182	-83	198	28
7	-380	-111	2887623564	-8	-5	-9	-6	-2	0	0	-900	-291	-182	-83	198	28
7	-380	-111	2887625580	-5	-4	-6	-4	-1	-1	0	-901	-292	-182	-83	198	28
7	-380	-111	2887627552	-4	-1	-5	-3	0	0	0	-901	-292	-182	-83	198	28
7	-380	-111	2887629584	-2	-1	-2	-2	-1	-1	0	-902	-293	-182	-83	198	28
7	-380	-111	2887631556	-1	-2	-2	-1	0	0	0	-902	-293	-182	-83	198	28
7	-380	-111	2887633496	0	0	0	0	0	0	1	-902	-293	-182	-83	198	28
8	-380	-111	2887649532	0	0	1	0	0	0	1	-182	-83	-182	-83	198	28
8	333	214	2887653528	1	0	0	0	0	0	1	-182	-83	151	131	-182	-83
8	333	214	2887657528	0	0	1	0	0	0	1	-182	-83	151	131	-182	-83
8	333	214	2887663524	2	0	0	0	0	0	1	-182	-83	151	131	-182	-83
8	333	214	2887671524	0	0	1	0	0	0	1	-182	-83	151	131	-182	-83
8	333	214	2887689528	0	0	2	0	0	0	1	-182	-83	151	131	-182	-83
8	333	214	2887691532	1	0	0	0	0	0	0	-182	-83	151	131	-182	-83
8	333	214	2887695540	0	1	0	0	0	0	0	-182	-83	151	131	-182	-83
8	333	214	2887697560	0	0	1	1	0	0	0	-182	-83	151	131	-182	-83
8	333	214	2887699532	0	0	1	0	0	0	0	-182	-83	151	131	-182	-83
8	333	214	2887701564	1	1	1	2	0	0	0	-182	-83	151	131	-182	-83
8	333	214	2887703560	0	1	3	1	0	0	0	-182	-83	151	131	-182	-83
8	333	214	2887705564	1	3	4	1	1	0	0	-181	-83	151	131	-182	-83
8	333	214	2887707548	3	2	5	3	0	0	0	-181	-83	151	131	-182	-83
8	333	214	2887709572	2	4	6	3	1	1	0	-180	-82	151	131	-182	-83
8	333	214	2887711572	4	4	7	4	1	1	0	-179	-81	151	131	-182	-83
8	333	214	2887713560	5	6	12	6	1	0	0	-178	-81	151	131	-182	-83
8	333	214	2887715572	5	6	12	7	1	1	0	-177	-80	151	131	-182	-83
8	333	214	2887717576	9	8	14	7	2	2	0	-175	-78	151	131	-182	-83
8	333	214	2887719572	9	10	17	9	2	1	0	-173	-77	151	131	-182	-83
8	333	214	2887721572	11	11	19	10	2	2	0	-171	-75	151	131	-182	-83
8	333	214	2887723568	14	13	21	12	3	1	0	-168	-74	151	131	-182	-83
8	333	214	2887725560	15	13	25	14	3	2	0	-165	-72	151	131	-182	-83
8	333	214	2887727556	20	18	28	15	4	3	0	-161	-69	151	131	-182	-83
8	333	214	2887729564	20	17	31	18	3	3	0	-158	-66	151	131	-182	-83
8	333	214	2887731572	26	23	35	18	5	3	0	-153	-63	151	131	-182	-83
8	333	214	2887733572	25	21	38	22	5	3	0	-148	-60	151	131	-182	-83
8	333	214	2887735564	29	24	40	23	5	3	0	-143	-57	151	131	-182	-83
8	333	214	2887737572	37	29	45	25	6	4	0	-137	-53	151	131	-182	-83
8	333	214	2887739568	35	27	46	28	6	5	0	-131	-48	151	131	-182	-83
8	333	214	2887741564	44	34	51	29	7	4	0	-124	-44	151	131	-182	-83
8	333	214	2887743560	42	31	53	31	7	5	0	-117	-39	151	131	-182	-83
8	333	214	2887745556	45	34	65	39	9	5	0	-108	-34	151	131	-182	-83
8	333	214	2887747544	55	40	58	35	8	6	0	-100	-28	151	131	-182	-83
8	333	214	2887749552	53	36	62	37	9	6	0	-91	-22	151	131	-182	-83
8	333	214	2887751552	64	45	62	40	9	6	0	-82	-16	151	131	-182	-83
8	333	214	2887753548	60	43	66	43	10	6	0	-72	-10	151	131	-182	-83
8	333	214	2887755544	62	43	68	45	9	7	0	-63	-3	151	131	-182	-83
8	333	214	2887757552	76	53	69	46	11	7	0	-52	4	151	131	-182	-83
8	333	214	2887759552	70	50	71	50	11	8	0	-41	12	151	131	-182	-83
8	333	214	2887761552	84	59	72	52	11	8	0	-30	20	151	131	-182	-83
8	333	214	2887763552	78	53	74	55	12	8	0	-18	28	151	131	-182	-83
8	333	214	2887765552	91	65	75	58	12	10	0	-6	38	151	131	-182	-83
8	333	214	2887767552	85	60	78	60	13	9	0	7	47	151	131	-182	-83
8	333	214	2887769548	86	62	78	62	12	9	0	19	56	151	131	-182	-83
8	333	214	2887771548	103	73	80	65	14	10	0	33	66	151	131	-182	-83
8	333	214	2887773556	92	67	80	68	12	10	0	45	76	151	131	-182	-83
8	333	214	2887775560	110	77	94	80	16	12	0	61	88	151	131	-182	-83
8	333	214	2887777560	98	71	84	71	13	11	0	74	99	151	131	-182	-83
8	333	214	2887779556	101	74	85	75	14	11	0	88	110	151	131	-182	-83
8	333	214	2887781556	117	85	86	76	16	12	0	104	122	151	131	-182	-83
8	333	214	2887783556	105	78	88	78	14	12	0	118	134	151	131	-182	-83
8	333	214	2887785556	122	90	88	80	16	12	0	134	146	151	131	-182	-83
8	333	214	2887787552	108	80	92	81	15	12	0	149	158	151	131	-182	-83
8	333	214	2887789548	124	92	91	83	16	14	0	165	172	151	131	-182	-83
8	333	214	2887791548	110	81	92	83	15	12	0	180	184	151	131	-182	-83
8	333	214	2887793548	110	82	94	84	15	12	0	195	196	151	131	-182	-83
8	333	214	2887795548	125	93	95	84	17	14	0	212	210	151	131	-182	-83
8	333	214	2887797548	110	82	96	84	15	12	0	227	222	151	131	-182	-83
8	333	214	2887799544	125	92	98	82	17	13	0	244	235	151	131	-182	-83
8	333	214	2887801548	109	81	97	84	16	13	0	260	248	151	131	-182	-83
8	333	214	2887803548	107	80	98	82	15	12	0	275	260	151	131	-182	-83
8	333	214	2887805552	123	90	99	82	17	13	0	292	273	151	131	-182	-83
8	333	214	2887807536	105	79	112	92	16	12	0	308	285	151	131	-182	-83
8	333	214	2887809540	120	88	99	79	16	13	0	324	298	151	131	-182	-83
8	333	214	2887811536	102	75	99	77	15	11	0	339	309	151	131	-182	-83
8	333	214	2887813536	100	73	98	78	15	12	0	354	321	151	131	-182	-83
8	333	214	2887815548	113	83	98	74	16	11	0	370	332	151	131	-182	-83
8	333	214	2887817548	96	70	96	73	14	11	0	384	343	151	131	-182	-83
8	333	214	2887819540	108	77	95	70	16	11	0	400	354	151	131	-182	-83
8	333	214	2887821540	90	67	94	69	13	10	0	413	364	151	131	-182	-83
8	333	214	2887823532	88	63	94	68	14	10	0	427	374	151	131	-182	-83
8	333	214	2887825536	98	70	91	63	14	10	0	441	384	151	131	-182	-83
8	333	214	2887827532	82	59	89	63	13	9	0	454	393	151	131	-182	-83
8	333	214	2887829532	90	65	87	60	13	10	0	467	403	151	131	-182	-83
8	333	214	2887831520	77	55	86	57	13	8	0	480	411	151	131	-182	-83
8	333	214	2887833520	83	60	83	55	12	9	0	492	420	151	131	-182	-83
8	333	214	2887835520	69	50	81	53	11	7	0	503	427	151	131	-182	-83
8	333	214	2887837520	66	48	78	50	11	8	0	514	435	151	131	-182	-83
8	333	214	2887839524	73	52	85	55	12	8	0	526	443	151	131	-182	-83
8	333	214	2887841524	59	43	71	45	10	6	0	536	449	151	131	-182	-83
8	333	214	2887843524	63	46	67	42	9	7	0	545	456	151	131	-182	-83
8	333	214	2887845520	52	37	64	42	9	6	0	554	462	151	131	-182	-83
8	333	214	2887847516	47	37	60	37	8	5	0	562	467	151	131	-182	-83
8	333	214	2887849520	50	37	55	35	8	6	0	570	473	151	131	-182	-83
8	333	214	2887851528	40	30	51	33	7	5	0	577	478	151	131	-182	-83
8	333	214	2887853524	41	33	48	28	7	4	0	584	482	151	131	-182	-83
8	333	214	2887855516	33	25	42	28	5	4	0	589	486	151	131	-182	-83
8	333	214	2887857520	29	23	39	25	5	4	0	594	490	151	131	-182	-83
8	333	214	2887859528	28	24	35	22	5	3	0	599	493	151	131	-182	-83
8	333	214	2887861520	23	18	31	20	4	3	0	603	496	151	131	-182	-83
8	333	214	2887863528	21	18	27	18	4	3	0	607	499	151	131	-182	-83
8	333	214	2887865528	16	14	23	16	3	2	0	610	501	151	131	-182	-83
8	333	214	2887867528	15	14	19	14	2	2	0	612	503	151	131	-182	-83
8	333	214	2887869524	12	11	18	11	2	2	1	614	505	151	131	-182	-83
9	333	214	2887871520	8	9	15	11	2	1	1	153	132	151	131	-182	-83
9	333	214	2887873512	9	7	10	8	1	1	1	154	133	151	131	-182	-83
9	333	214	2887875508	5	7	8	7	1	1	1	155	134	151	131	-182	-83
9	333	214	2887877508	4	5	7	5	1	1	1	156	135	151	131	-182	-83
9	333	214	2887879512	2	2	5	4	1	1	1	157	136	151	131	-182	-83
9	333	214	2887881488	2	3	2	4	0	0	1	157	136	151	131	-182	-83
9	-259	-299	2887883488	1	2	3	1	0	0	1	157	136	-108	-168	151	131
9	-259	-299	2887885504	0	1	1	1	0	1	1	157	137	-108	-168	151	131
9	-259	-299	2887887504	0	0	1	2	1	0	1	158	137	-108	-168	151	131
9	-259	-299	2887891500	-1	0	0	1	0	0	1	158	137	-108	-168	151	131
9	-259	-299	2887893468	-1	0	0	0	0	0	1	158	137	-108	-168	151	131
9	-259	-299	2887895472	-1	0	0	0	0	0	1	158	137	-108	-168	151	131
9	-259	-299	2887897472	-1	0	0	0	0	0	1	158	137	-108	-168	151	131
9	-259	-299	2887899472	-2	0	0	0	0	0	1	158	137	-108	-168	151	131
9	-259	-299	2887901476	-2	0	0	0	0	0	1	158	137	-108	-168	151	131
9	-259	-299	2887903480	-1	0	0	0	0	0	1	158	137	-108	-168	151	131
9	-259	-299	2887905480	-3	0	0	0	0	0	1	158	137	-108	-168	151	131
9	-259	-299	2887907512	-2	0	0	-1	0	0	1	158	137	-108	-168	151	131
9	-259	-299	2887909500	-3	0	0	0	-1	0	1	157	137	-108	-168	151	131
9	-259	-299	2887911512	-4	-1	0	-1	0	0	1	157	137	-108	-168	151	131
9	-259	-299	2887913508	-2	-2	-2	0	0	0	1	157	137	-108	-168	151	131
9	-259	-299	2887915512	-5	-1	0	-1	-1	0	1	156	137	-108	-168	151	131
9	-259	-299	2887917492	-5	-1	-1	-3	0	0	1	156	137	-108	-168	151	131
9	-259	-299	2887919508	-5	-3	-1	-1	-1	0	1	155	137	-108	-168	151	131
9	-259	-299	2887921504	-6	-2	-1	-2	0	-1	1	155	136	-108	-168	151	131
9	-259	-299	2887923504	-7	-4	0	-4	-1	0	1	154	136	-108	-168	151	131
9	-259	-299	2887925508	-7	-5	-2	-4	0	-1	1	154	135	-108	-168	151	131
9	-259	-299	2887927520	-8	-4	-1	-5	-1	-1	1	153	134	-108	-168	151	131
9	-259	-299	2887929516	-6	-6	-1	-5	-1	0	1	152	134	-108	-168	151	131
9	-259	-299	2887931516	-9	-7	-1	-7	0	-1	1	152	133	-108	-168	151	131
9	-259	-299	2887933528	-8	-7	-2	-8	-1	-2	1	151	131	-108	-168	151	131
9	-259	-299	2887935524	-9	-10	0	-7	-1	-1	1	150	130	-108	-168	151	131
9	-259	-299	2887937504	-9	-10	-1	-10	0	-1	1	150	129	-108	-168	151	131
9	-259	-299	2887939512	-7	-10	-1	-12	-1	-2	1	149	127	-108	-168	151	131
9	-259	-299	2887941516	-10	-13	-1	-11	-1	-2	1	148	125	-108	-168	151	131
9	-259	-299	2887943512	-9	-13	-2	-12	-1	-2	1	147	123	-108	-168	151	131
9	-259	-299	2887945520	-11	-16	-1	-15	-1	-2	1	146	121	-108	-168	151	131
9	-259	-299	2887947504	-9	-16	-1	-15	0	-2	1	146	119	-108	-168	151	131
9	-259	-299	2887949512	-9	-18	-1	-18	-1	-3	1	145	116	-108	-168	151	131
9	-259	-299	2887951516	-11	-20	-2	-19	-1	-3	1	144	113	-108	-168	151	131
9	-259	-299	2887953516	-10	-20	-2	-20	-1	-3	0	143	110	-108	-168	151	131
9	-259	-299	2887955520	-10	-25	-1	-22	-1	-4	0	142	106	-108	-168	151	131
9	-259	-299	2887957520	-10	-24	-3	-23	-1	-3	0	141	103	-108	-168	151	131
9	-259	-299	2887959512	-11	-25	-2	-26	-1	-4	0	140	99	-108	-168	151	131
9	-259	-299	2887961508	-13	-30	-4	-26	-1	-4	0	139	95	-108	-168	151	131
9	-259	-299	2887963508	-11	-28	-5	-29	-1	-4	0	138	91	-108	-168	151	131
9	-259	-299	2887965508	-14	-34	-5	-35	-2	-6	0	136	85	-108	-168	151	131
9	-259	-299	2887967504	-14	-33	-6	-32	-1	-4	0	135	81	-108	-168	151	131
9	-259	-299	2887969500	-15	-40	-8	-35	-2	-6	0	133	75	-108	-168	151	131
9	-259	-299	2887971512	-15	-36	-7	-38	-2	-6	0	131	69	-108	-168	151	131
9	-259	-299	2887973516	-17	-40	-10	-40	-2	-6	0	129	63	-108	-168	151	131
9	-259	-299	2887975512	-20	-47	-12	-42	-2	-6	0	127	57	-108	-168	151	131
9	-259	-299	2887977504	-20	-44	-11	-44	-2	-7	0	125	50	-108	-168	151	131
9	-259	-299	2887979504	-25	-54	-14	-49	-3	-8	0	122	42	-108	-168	151	131
9	-259	-299	2887981508	-24	-50	-16	-50	-3	-7	0	119	35	-108	-168	151	131
9	-259	-299	2887983508	-25	-54	-16	-52	-3	-8	0	116	27	-108	-168	151	131
9	-259	-299	2887985508	-31	-63	-19	-57	-4	-9	0	112	18	-108	-168	151	131
9	-259	-299	2887987512	-29	-59	-21	-60	-4	-9	0	108	9	-108	-168	151	131
9	-259	-299	2887989512	-36	-71	-23	-61	-4	-10	0	104	-1	-108	-168	151	131
9	-259	-299	2887991512	-35	-65	-25	-65	-5	-10	0	99	-11	-108	-168	151	131
9	-259	-299	2887993508	-36	-68	-26	-69	-4	-10	0	95	-21	-108	-168	151	131
9	-259	-299	2887995504	-45	-81	-34	-81	-6	-12	0	89	-33	-108	-168	151	131
9	-259	-299	2887997500	-42	-75	-32	-75	-6	-11	0	83	-44	-108	-168	151	131
9	-259	-299	2887999496	-52	-90	-35	-79	-6	-13	0	77	-57	-108	-168	151	131
9	-259	-299	2888001496	-49	-81	-36	-81	-7	-12	0	70	-69	-108	-168	151	131
9	-259	-299	2888003492	-59	-97	-40	-85	-7	-14	0	63	-83	-108	-168	151	131
9	-259	-299	2888005496	-55	-87	-42	-87	-7	-13	0	56	-96	-108	-168	151	131
9	-259	-299	2888007492	-57	-90	-43	-92	-8	-13	0	48	-109	-108	-168	151	131
9	-259	-299	2888009496	-69	-106	-48	-93	-9	-15	0	39	-124	-108	-168	151	131
9	-259	-299	2888011500	-64	-95	-49	-95	-8	-15	0	31	-139	-108	-168	151	131
9	-259	-299	2888013496	-75	-110	-51	-99	-10	-15	0	21	-154	-108	-168	151	131
9	-259	-299	2888015492	-68	-100	-54	-99	-9	-15	0	12	-169	-108	-168	151	131
9	-259	-299	2888017492	-70	-100	-55	-102	-9	-15	0	3	-184	-108	-168	151	131
9	-259	-299	2888019484	-84	-118	-58	-104	-11	-17	0	-8	-201	-108	-168	151	131
9	-259	-299	2888021480	-75	-104	-59	-105	-10	-16	0	-18	-217	-108	-168	151	131
9	-259	-299	2888023480	-88	-121	-63	-106	-11	-17	0	-29	-234	-108	-168	151	131
9	-259	-299	2888025488	-78	-106	-62	-108	-11	-16	0	-40	-250	-108	-168	151	131
9	-259	-299	2888027488	-80	-108	-75	-125	-11	-17	0	-51	-267	-108	-168	151	131
9	-259	-299	2888029488	-94	-122	-66	-109	-12	-18	0	-63	-285	-108	-168	151	131
9	-259	-299	2888031484	-83	-109	-68	-111	-12	-16	0	-75	-301	-108	-168	151	131
9	-259	-299	2888033484	-95	-124	-70	-111	-12	-18	0	-87	-319	-108	-168	151	131
9	-259	-299	2888035484	-83	-108	-70	-111	-11	-16	0	-98	-335	-108	-168	151	131
9	-259	-299	2888037480	-85	-109	-72	-113	-12	-17	0	-110	-352	-108	-168	151	131
9	-259	-299	2888039480	-99	-125	-73	-111	-13	-17	0	-123	-369	-108	-168	151	131
9	-259	-299	2888041476	-85	-110	-74	-113	-12	-17	0	-135	-386	-108	-168	151	131
9	-259	-299	2888043472	-99	-125	-75	-112	-13	-18	0	-148	-404	-108	-168	151	131
9	-259	-299	2888045472	-86	-110	-75	-113	-12	-17	0	-160	-421	-108	-168	151	131
9	-259	-299	2888047468	-98	-125	-76	-111	-13	-17	0	-173	-438	-108	-168	151	131
9	-259	-299	2888049468	-86	-109	-76	-112	-12	-17	0	-185	-455	-108	-168	151	131
9	-259	-299	2888051468	-84	-109	-78	-112	-13	-17	0	-198	-472	-108	-168	151	131
9	-259	-299	2888053464	-97	-123	-77	-111	-13	-17	0	-211	-489	-108	-168	151	131
9	-259	-299	2888055464	-84	-107	-78	-110	-12	-16	0	-223	-505	-108	-168	151	131
9	-259	-299	2888057464	-94	-122	-78	-110	-13	-18	0	-236	-523	-108	-168	151	131
9	-259	-299	2888059468	-82	-106	-78	-109	-12	-16	0	-248	-539	-108	-168	151	131
9	-259	-299	2888061464	-81	-104	-89	-123	-12	-17	0	-260	-556	-108	-168	151	131
9	-259	-299	2888063464	-92	-119	-76	-107	-13	-17	0	-273	-573	-108	-168	151	131
9	-259	-299	2888065464	-77	-102	-76	-105	-11	-15	0	-284	-588	-108	-168	151	131
9	-259	-299	2888067472	-88	-115	-76	-103	-13	-17	0	-297	-605	-108	-168	151	131
9	-259	-299	2888069472	-73	-99	-74	-103	-11	-15	0	-308	-620	-108	-168	151	131
9	-259	-299	2888071464	-73	-98	-74	-100	-11	-15	0	-319	-635	-108	-168	151	131
9	-259	-299	2888073472	-80	-108	-71	-97	-11	-15	0	-330	-650	-108	-168	151	131
9	-259	-299	2888075464	-67	-93	-70	-95	-10	-14	0	-340	-664	-108	-168	151	131
9	-259	-299	2888077464	-75	-104	-68	-94	-11	-15	0	-351	-679	-108	-168	151	131
9	-259	-299	2888079452	-64	-88	-66	-91	-10	-13	0	-361	-692	-108	-168	151	131
9	-259	-299	2888081452	-60	-87	-62	-90	-9	-14	0	-370	-706	-108	-168	151	131
9	-259	-299	2888083444	-68	-96	-62	-88	-10	-14	0	-380	-720	-108	-168	151	131
9	-259	-299	2888085440	-56	-82	-58	-84	-8	-12	0	-388	-732	-108	-168	151	131
9	-259	-299	2888087448	-61	-92	-57	-83	-9	-13	0	-397	-745	-108	-168	151	131
9	-259	-299	2888089440	-53	-78	-53	-80	-8	-12	0	-405	-757	-108	-168	151	131
9	-259	-299	2888091444	-56	-87	-50	-78	-8	-12	0	-413	-769	-108	-168	151	131
9	-259	-299	2888093448	-46	-73	-55	-87	-8	-12	0	-421	-781	-108	-168	151	131
9	-259	-299	2888095452	-45	-72	-45	-74	-6	-11	0	-427	-792	-108	-168	151	131
9	-259	-299	2888097456	-49	-78	-42	-70	-7	-11	0	-434	-803	-108	-168	151	131
9	-259	-299	2888099460	-40	-68	-40	-69	-6	-11	0	-440	-814	-108	-168	151	131
9	-259	-299	2888101468	-44	-72	-36	-66	-6	-10	0	-446	-730	-108	-168	151	131
9	-259	-299	2888103476	-36	-63	-35	-64	-6	-10	0	-452	-740	-108	-168	151	131
9	-259	-299	2888105476	-37	-66	-31	-61	-5	-9	0	-457	-749	-108	-168	151	131
9	-259	-299	2888107476	-32	-56	-29	-58	-4	-9	0	-461	-758	-108	-168	151	131
9	-259	-299	2888109480	-27	-54	-27	-55	-4	-8	0	-465	-766	-108	-168	151	131
9	-259	-299	2888111480	-31	-58	-24	-52	-4	-8	0	-469	-774	-108	-168	151	131
9	-259	-299	2888113480	-24	-46	-23	-50	-4	-7	0	-473	-781	-108	-168	151	131
9	-259	-299	2888115480	-25	-51	-21	-46	-3	-8	0	-476	-789	-108	-168	151	131
9	-259	-299	2888117480	-20	-41	-17	-44	-3	-6	0	-479	-726	-108	-168	151	131
9	-259	-299	2888119480	-18	-38	-20	-46	-3	-6	0	-482	-732	-108	-168	151	131
9	-259	-299	2888121480	-17	-40	-14	-37	-2	-6	0	-484	-738	-108	-168	151	131
9	-259	-299	2888123484	-15	-32	-14	-35	-3	-5	0	-487	-743	-108	-168	151	131
9	-259	-299	2888125484	-14	-34	-11	-30	-1	-5	0	-488	-748	-108	-168	151	131
9	-259	-299	2888127480	-10	-26	-11	-28	-2	-4	0	-490	-752	-108	-168	151	131
9	-259	-299	2888129484	-10	-27	-9	-25	-1	-4	0	-491	-756	-108	-168	151	131
9	-259	-299	2888131484	-7	-20	-8	-23	-2	-3	1	-493	-759	-108	-168	151	131
10	-259	-299	2888133472	-5	-18	-7	-20	0	-3	1	-108	-171	-108	-168	151	131
10	164	360	2888135484	-7	-18	-5	-17	-1	-2	1	-109	-173	56	192	-108	-168
10	164	360	2888137476	-3	-14	-6	-15	-1	-3	1	-110	-176	56	192	-108	-168
10	164	360	2888139484	-4	-13	-4	-13	-1	-2	1	-111	-178	56	192	-108	-168
10	164	360	2888141464	-3	-9	-4	-11	0	-1	1	-111	-179	56	192	-108	-168
10	164	360	2888143472	-1	-9	-2	-10	0	-2	1	-111	-181	56	192	-108	-168
10	164	360	2888145488	-2	-9	-3	-8	-1	-1	1	-112	-182	56	192	-108	-168
10	164	360	2888147468	-2	-5	-2	-7	0	-1	1	-112	-183	56	192	-108	-168
10	164	360	2888149468	0	-6	-2	-6	0	-1	1	-112	-184	56	192	-108	-168
10	164	360	2888151460	-1	-4	-1	-4	0	0	1	-112	-184	56	192	-108	-168
10	164	360	2888153480	0	-2	-1	-4	0	-1	1	-112	-185	56	192	-108	-168
10	164	360	2888155460	0	-3	-1	-2	0	0	1	-112	-185	56	192	-108	-168
10	164	360	2888157428	0	-1	0	-3	0	0	1	-112	-185	56	192	-108	-168
10	164	360	2888159428	0	-1	0	-1	0	0	1	-112	-185	56	192	-108	-168
10	164	360	2888161440	0	-1	0	-1	0	-1	1	-112	-186	56	192	-108	-168
10	164	360	2888167416	0	0	0	-2	0	0	1	-112	-186	56	192	-108	-168
10	164	360	2888187436	0	0	0	1	0	0	1	-112	-186	56	192	-108	-168
10	164	360	2888195440	0	0	0	1	0	0	1	-112	-186	56	192	-108	-168
10	164	360	2888197444	0	1	0	0	0	0	1	-112	-186	56	192	-108	-168
10	164	360	2888199448	0	0	0	1	0	0	1	-112	-186	56	192	-108	-168
10	164	360	2888201444	0	2	0	0	0	0	1	-112	-186	56	192	-108	-168
10	164	360	2888203448	0	1	0	3	0	0	1	-112	-186	56	192	-108	-168
10	164	360	2888205444	0	2	0	1	0	0	0	-112	-186	56	192	-108	-168
10	164	360	2888207460	-1	4	1	4	0	1	0	-112	-185	56	192	-108	-168
10	164	360	2888209472	0	4	2	4	0	0	0	-112	-185	56	192	-108	-168
10	164	360	2888211484	0	5	2	5	0	1	0	-112	-184	56	192	-108	-168
10	164	360	2888213480	0	6	3	6	0	1	0	-112	-183	56	192	-108	-168
10	164	360	2888215480	0	8	2	6	0	1	0	-112	-182	56	192	-108	-168
10	164	360	2888217480	0	10	4	9	0	2	0	-112	-180	56	192	-108	-168
10	164	360	2888219472	0	10	4	10	0	1	0	-112	-179	56	192	-108	-168
10	164	360	2888221472	0	12	3	10	0	2	0	-112	-177	56	192	-108	-168
10	164	360	2888223484	2	13	5	12	1	2	0	-111	-175	56	192	-108	-168
10	164	360	2888225468	1	13	7	15	0	2	0	-111	-173	56	192	-108	-168
10	164	360	2888227480	2	19	6	15	1	2	0	-110	-171	56	192	-108	-168
10	164	360	2888229476	4	18	7	18	1	3	0	-109	-168	56	192	-108	-168
10	164	360	2888231464	4	23	8	20	0	3	0	-109	-165	56	192	-108	-168
10	164	360	2888233472	5	22	9	22	2	3	0	-107	-162	56	192	-108	-168
10	164	360	2888235468	5	25	10	24	1	4	0	-106	-158	56	192	-108	-168
10	164	360	2888237472	9	31	12	26	1	4	0	-105	-154	56	192	-108	-168
10	164	360	2888239472	7	29	13	30	2	5	0	-103	-149	56	192	-108	-168
10	164	360	2888241476	13	36	16	37	2	5	0	-101	-144	56	192	-108	-168
10	164	360	2888243472	12	35	15	33	2	5	0	-99	-139	56	192	-108	-168
10	164	360	2888245468	14	37	16	38	2	6	0	-97	-133	56	192	-108	-168
10	164	360	2888247464	20	45	19	40	3	6	0	-94	-127	56	192	-108	-168
10	164	360	2888249456	19	44	19	44	3	7	0	-91	-120	56	192	-108	-168
10	164	360	2888251464	26	53	21	46	3	7	0	-88	-113	56	192	-108	-168
10	164	360	2888253456	26	50	22	50	4	8	0	-84	-105	56	192	-108	-168
10	164	360	2888255460	35	60	24	54	5	8	0	-79	-97	56	192	-108	-168
10	164	360	2888257456	34	57	25	56	4	9	0	-75	-88	56	192	-108	-168
10	164	360	2888259448	37	61	28	61	5	9	0	-70	-79	56	192	-108	-168
10	164	360	2888261460	48	74	28	65	6	11	0	-64	-68	56	192	-108	-168
10	164	360	2888263456	46	70	30	70	5	10	0	-59	-58	56	192	-108	-168
10	164	360	2888265456	58	83	33	73	7	12	0	-52	-46	56	192	-108	-168
10	164	360	2888267456	55	77	32	77	7	11	0	-45	-35	56	192	-108	-168
10	164	360	2888269464	60	81	35	83	7	13	0	-38	-22	56	192	-108	-168
10	164	360	2888271460	72	99	37	86	8	13	0	-30	-9	56	192	-108	-168
10	164	360	2888273464	69	89	41	102	8	15	0	-22	6	56	192	-108	-168
10	164	360	2888275460	82	107	37	95	9	15	0	-13	21	56	192	-108	-168
10	164	360	2888277456	77	98	39	98	9	15	0	-4	36	56	192	-108	-168
10	164	360	2888279460	80	101	39	102	9	15	0	5	51	56	192	-108	-168
10	164	360	2888281460	93	120	40	107	10	17	0	15	68	56	192	-108	-168
10	164	360	2888283456	87	108	41	108	9	16	0	24	84	56	192	-108	-168
10	164	360	2888285456	101	127	41	114	11	18	0	35	102	56	192	-108	-168
10	164	360	2888287456	90	115	42	115	10	17	0	45	119	56	192	-108	-168
10	164	360	2888289460	106	133	42	119	11	19	0	56	138	56	192	-108	-168
10	164	360	2888291460	94	120	43	121	10	18	0	66	156	56	192	-108	-168
10	164	360	2888293468	96	121	42	124	11	19	0	77	175	56	192	-108	-168
10	164	360	2888295464	109	141	43	125	11	20	0	88	195	56	192	-108	-168
10	164	360	2888297456	96	125	42	127	10	19	0	98	214	56	192	-108	-168
10	164	360	2888299460	111	145	43	129	12	20	0	110	234	56	192	-108	-168
10	164	360	2888301460	97	128	42	131	10	20	0	120	254	56	192	-108	-168
10	164	360	2888303456	95	128	41	132	10	19	0	130	273	56	192	-108	-168
10	164	360	2888305452	108	149	49	151	12	23	0	142	296	56	192	-108	-168
10	164	360	2888307452	95	130	41	132	10	19	0	152	315	56	192	-108	-168
10	164	360	2888309448	107	149	42	134	12	21	0	164	336	56	192	-108	-168
10	164	360	2888311452	91	130	41	134	9	20	0	173	356	56	192	-108	-168
10	164	360	2888313440	91	130	41	134	10	20	0	183	376	56	192	-108	-168
10	164	360	2888315448	101	149	41	132	11	21	0	194	397	56	192	-108	-168
10	164	360	2888317448	88	128	40	133	10	20	0	204	417	56	192	-108	-168
10	164	360	2888319448	97	147	40	131	10	21	0	214	438	56	192	-108	-168
10	164	360	2888321448	85	126	40	130	9	19	0	223	457	56	192	-108	-168
10	164	360	2888323448	93	144	39	129	10	20	0	233	477	56	192	-108	-168
10	164	360	2888325452	80	122	39	127	9	19	0	242	496	56	192	-108	-168
10	164	360	2888327452	79	123	39	125	9	18	0	251	514	56	192	-108	-168
10	164	360	2888329456	86	136	37	123	9	20	0	260	534	56	192	-108	-168
10	164	360	2888331456	72	117	38	121	8	18	0	268	552	56	192	-108	-168
10	164	360	2888333460	82	132	37	119	9	19	0	277	571	56	192	-108	-168
10	164	360	2888335460	68	111	41	131	9	18	0	286	589	56	192	-108	-168
10	164	360	2888337460	67	109	37	114	7	16	0	293	605	56	192	-108	-168
10	164	360	2888339452	72	121	36	110	8	18	0	301	623	56	192	-108	-168
10	164	360	2888341452	60	104	34	106	7	16	0	308	639	56	192	-108	-168
10	164	360	2888343448	66	113	35	104	8	16	0	316	655	56	192	-108	-168
10	164	360	2888345452	57	97	32	100	7	15	0	323	670	56	192	-108	-168
10	164	360	2888347448	52	93	33	97	6	14	0	329	684	56	192	-108	-168
10	164	360	2888349452	56	103	31	94	7	15	0	336	699	56	192	-108	-168
10	164	360	2888351448	47	86	30	90	5	13	0	341	712	56	192	-108	-168
10	164	360	2888353448	51	95	30	86	6	13	0	347	725	56	192	-108	-168
10	164	360	2888355448	40	80	27	83	6	13	0	353	738	56	192	-108	-168
10	164	360	2888357448	44	88	27	80	5	12	0	358	750	56	192	-108	-168
10	164	360	2888359448	35	72	25	76	4	11	0	362	731	56	192	-108	-168
10	164	360	2888361448	32	70	23	72	4	11	0	366	742	56	192	-108	-168
10	164	360	2888363448	35	76	23	70	5	11	0	371	753	56	192	-108	-168
10	164	360	2888365460	28	64	24	75	4	10	0	375	763	56	192	-108	-168
10	164	360	2888367456	28	68	18	63	3	10	0	378	773	56	192	-108	-168
10	164	360	2888369456	23	57	19	59	3	9	0	381	782	56	192	-108	-168
10	164	360	2888371464	20	54	15	56	3	8	0	384	790	56	192	-108	-168
10	164	360	2888373460	20	57	15	52	3	8	0	387	798	56	192	-108	-168
10	164	360	2888375456	16	48	13	50	2	8	0	389	728	56	192	-108	-168
10	164	360	2888377452	15	50	11	47	2	7	0	391	735	56	192	-108	-168
10	164	360	2888379448	11	41	10	43	1	6	0	392	741	56	192	-108	-168
10	164	360	2888381436	10	39	9	40	2	6	0	394	747	56	192	-108	-168
10	164	360	2888383440	9	41	7	38	1	6	0	395	753	56	192	-108	-168
10	164	360	2888385436	8	33	6	35	1	5	0	396	758	56	192	-108	-168
10	164	360	2888387432	5	35	5	32	1	5	0	397	763	56	192	-108	-168
10	164	360	2888389420	3	28	5	29	0	4	0	397	767	56	192	-108	-168
10	164	360	2888391432	3	29	3	28	1	5	0	398	772	56	192	-108	-168
10	164	360	2888393420	2	23	4	25	0	3	0	398	775	56	192	-108	-168
10	164	360	2888395420	0	21	1	21	0	3	1	398	778	56	192	-108	-168
11	164	360	2888397420	0	20	1	20	0	3	1	56	195	56	192	-108	-168
11	-56	-392	2888399416	0	16	1	20	0	3	1	56	198	0	-200	56	192
11	-56	-392	2888401432	0	16	2	15	1	3	1	57	201	0	-200	56	192
11	-56	-392	2888403420	-1	12	0	12	0	1	1	57	202	0	-200	56	192
11	-56	-392	2888405416	-3	11	0	12	0	2	1	57	204	0	-200	56	192
11	-56	-392	2888407420	-2	10	0	10	0	2	1	57	206	0	-200	56	192
11	-56	-392	2888409428	-2	7	0	8	0	1	1	57	207	0	-200	56	192
11	-56	-392	2888411424	-2	7	0	7	0	1	1	57	208	0	-200	56	192
11	-56	-392	2888413420	-3	5	-1	6	0	1	1	57	209	0	-200	56	192
11	-56	-392	2888415428	-1	3	0	5	-1	0	1	56	209	0	-200	56	192
11	-56	-392	2888417416	-1	4	0	2	0	1	1	56	210	0	-200	56	192
11	-56	-392	2888419412	-1	3	-1	4	0	0	1	56	210	0	-200	56	192
11	-56	-392	2888421416	-2	1	0	1	0	0	1	56	210	0	-200	56	192
11	-56	-392	2888423404	-1	0	0	2	0	0	1	56	210	0	-200	56	192
11	-56	-392	2888425412	-1	1	0	1	0	1	1	56	211	0	-200	56	192
11	-56	-392	2888433380	-1	0	0	0	0	0	1	56	211	0	-200	56	192
11	-56	-392	2888441384	0	0	0	-1	0	0	1	56	211	0	-200	56	192
11	-56	-392	2888443404	-2	-2	0	0	0	0	1	56	211	0	-200	56	192
11	-56	-392	2888445380	0	-1	0	-1	0	0	1	56	211	0	-200	56	192
11	-56	-392	2888447404	-1	-1	0	-1	0	0	1	56	211	0	-200	56	192
11	-56	-392	2888449404	-1	-3	0	-3	0	0	1	56	211	0	-200	56	192
11	-56	-392	2888451428	-1	-3	0	-2	-1	-1	1	55	210	0	-200	56	192
11	-56	-392	2888453404	-3	-4	0	-5	0	0	1	55	210	0	-200	56	192
11	-56	-392	2888455412	-2	-6	0	-5	0	-1	1	55	209	0	-200	56	192
11	-56	-392	2888457416	-3	-8	0	-6	0	-1	1	55	208	0	-200	56	192
11	-56	-392	2888459412	-4	-7	2	-9	0	-2	1	55	206	0	-200	56	192
11	-56	-392	2888461420	-3	-12	1	-9	0	-1	1	55	205	0	-200	56	192
11	-56	-392	2888463428	-4	-11	1	-12	-1	-2	1	54	203	0	-200	56	192
11	-56	-392	2888465412	-5	-15	1	-14	0	-2	1	54	201	0	-200	56	192
11	-56	-392	2888467412	-5	-14	2	-14	0	-2	1	54	199	0	-200	56	192
11	-56	-392	2888469424	-6	-20	1	-17	-1	-3	1	53	196	0	-200	56	192
11	-56	-392	2888471412	-5	-18	2	-18	0	-3	1	53	193	0	-200	56	192
11	-56	-392	2888473416	-7	-20	2	-21	0	-3	1	53	190	0	-200	56	192
11	-56	-392	2888475424	-7	-27	2	-23	-1	-3	0	52	187	0	-200	56	192
11	-56	-392	2888477408	-6	-26	3	-25	0	-4	0	52	183	0	-200	56	192
11	-56	-392	2888479412	-9	-31	2	-27	0	-5	0	52	178	0	-200	56	192
11	-56	-392	2888481424	-8	-31	3	-30	-1	-4	0	51	174	0	-200	56	192
11	-56	-392	2888483408	-8	-33	2	-34	0	-5	0	51	169	0	-200	56	192
11	-56	-392	2888485424	-10	-41	3	-35	-1	-6	0	50	163	0	-200	56	192
11	-56	-392	2888487416	-9	-38	3	-37	0	-6	0	50	157	0	-200	56	192
11	-56	-392	2888489432	-10	-46	4	-42	-1	-6	0	49	151	0	-200	56	192
11	-56	-392	2888491412	-10	-42	4	-48	0	-7	0	49	144	0	-200	56	192
11	-56	-392	2888493432	-11	-53	4	-45	-1	-7	0	48	137	0	-200	56	192
11	-56	-392	2888495416	-9	-47	5	-49	0	-7	0	48	130	0	-200	56	192
11	-56	-392	2888497416	-11	-50	5	-51	0	-8	0	48	122	0	-200	56	192
11	-56	-392	2888499440	-12	-62	5	-54	-1	-9	0	47	113	0	-200	56	192
11	-56	-392	2888501428	-11	-56	6	-56	0	-8	0	47	105	0	-200	56	192
11	-56	-392	2888503440	-12	-67	6	-59	-1	-10	0	46	95	0	-200	56	192
11	-56	-392	2888505420	-12	-62	8	-63	0	-9	0	46	86	0	-200	56	192
11	-56	-392	2888507428	-12	-65	7	-65	0	-10	0	46	76	0	-200	56	192
11	-56	-392	2888509432	-14	-76	9	-67	-1	-10	0	45	66	0	-200	56	192
11	-56	-392	2888511416	-12	-71	9	-70	0	-11	0	45	55	0	-200	56	192
11	-56	-392	2888513416	-14	-84	8	-74	0	-12	0	45	43	0	-200	56	192
11	-56	-392	2888515428	-14	-76	10	-76	-1	-11	0	44	32	0	-200	56	192
11	-56	-392	2888517412	-14	-79	12	-80	0	-12	0	44	20	0	-200	56	192
11	-56	-392	2888519404	-17	-95	11	-83	0	-13	0	44	7	0	-200	56	192
11	-56	-392	2888521408	-15	-85	12	-85	0	-13	0	44	-6	0	-200	56	192
11	-56	-392	2888523424	-19	-101	15	-101	-1	-15	0	43	-21	0	-200	56	192
11	-56	-392	2888525412	-17	-93	14	-92	0	-14	0	43	-35	0	-200	56	192
11	-56	-392	2888527428	-22	-107	14	-95	-1	-15	0	42	-50	0	-200	56	192
11	-56	-392	2888529416	-20	-99	15	-98	0	-15	0	42	-65	0	-200	56	192
11	-56	-392	2888531424	-21	-100	15	-100	0	-15	0	42	-80	0	-200	56	192
11	-56	-392	2888533440	-25	-116	16	-102	-1	-17	0	41	-97	0	-200	56	192
11	-56	-392	2888535436	-24	-105	16	-105	-1	-15	0	40	-112	0	-200	56	192
11	-56	-392	2888537440	-28	-123	17	-107	-1	-18	0	39	-130	0	-200	56	192
11	-56	-392	2888539428	-27	-108	17	-108	0	-16	0	39	-146	0	-200	56	192
11	-56	-392	2888541444	-26	-112	18	-112	-1	-17	0	38	-163	0	-200	56	192
11	-56	-392	2888543448	-32	-128	17	-112	-1	-18	0	37	-181	0	-200	56	192
11	-56	-392	2888545448	-29	-114	18	-114	-1	-17	0	36	-198	0	-200	56	192
11	-56	-392	2888547448	-35	-131	17	-116	-1	-18	0	35	-216	0	-200	56	192
11	-56	-392	2888549448	-31	-115	18	-116	-1	-17	0	34	-233	0	-200	56	192
11	-56	-392	2888551452	-37	-134	20	-134	-1	-21	0	33	-254	0	-200	56	192
11	-56	-392	2888553444	-32	-116	18	-118	-1	-17	0	32	-271	0	-200	56	192
11	-56	-392	2888555444	-34	-118	18	-118	-2	-18	0	30	-289	0	-200	56	192
11	-56	-392	2888557448	-37	-135	17	-119	-1	-19	0	29	-308	0	-200	56	192
11	-56	-392	2888559452	-35	-116	18	-119	-1	-18	0	28	-326	0	-200	56	192
11	-56	-392	2888561456	-39	-135	17	-119	-2	-19	0	26	-345	0	-200	56	192
11	-56	-392	2888563452	-34	-118	17	-118	-1	-17	0	25	-362	0	-200	56	192
11	-56	-392	2888565452	-35	-117	16	-119	-2	-18	0	23	-380	0	-200	56	192
11	-56	-392	2888567452	-40	-135	16	-119	-2	-19	0	21	-399	0	-200	56	192
11	-56	-392	2888569456	-36	-118	15	-119	-1	-18	0	20	-417	0	-200	56	192
11	-56	-392	2888571460	-41	-135	16	-120	-2	-19	0	18	-436	0	-200	56	192
11	-56	-392	2888573460	-37	-118	14	-118	-2	-18	0	16	-454	0	-200	56	192
11	-56	-392	2888575464	-42	-137	15	-120	-2	-19	0	14	-473	0	-200	56	192
11	-56	-392	2888577468	-38	-118	16	-137	-1	-19	0	13	-492	0	-200	56	192
11	-56	-392	2888579468	-37	-118	14	-120	-2	-18	0	11	-510	0	-200	56	192
11	-56	-392	2888581472	-44	-135	14	-120	-2	-19	0	9	-529	0	-200	56	192
11	-56	-392	2888583472	-39	-119	12	-118	-2	-18	0	7	-547	0	-200	56	192
11	-56	-392	2888585476	-45	-133	14	-118	-3	-19	0	4	-566	0	-200	56	192
11	-56	-392	2888587476	-38	-117	13	-119	-2	-17	0	2	-583	0	-200	56	192
11	-56	-392	2888589476	-40	-115	11	-116	-2	-18	0	0	-601	0	-200	56	192
11	-56	-392	2888591476	-44	-131	12	-115	-2	-18	0	-2	-619	0	-200	56	192
11	-56	-392	2888593476	-39	-112	12	-114	-2	-17	0	-4	-636	0	-200	56	192
11	-56	-392	2888595476	-44	-128	11	-113	-3	-18	0	-7	-654	0	-200	56	192
11	-56	-392	2888597472	-37	-110	10	-110	-2	-17	0	-9	-671	0	-200	56	192
11	-56	-392	2888599476	-43	-122	10	-109	-2	-17	0	-11	-688	0	-200	56	192
11	-56	-392	2888601476	-36	-105	10	-108	-2	-16	0	-13	-704	0	-200	56	192
11	-56	-392	2888603476	-35	-102	9	-103	-2	-15	0	-15	-719	0	-200	56	192
11	-56	-392	2888605480	-39	-113	8	-102	-2	-16	0	-17	-735	0	-200	56	192
11	-56	-392	2888607476	-32	-97	9	-112	-2	-16	0	-19	-751	0	-200	56	192
11	-56	-392	2888609476	-36	-107	8	-96	-2	-15	0	-21	-766	0	-200	56	192
11	-56	-392	2888611476	-32	-91	7	-93	-2	-14	0	-23	-780	0	-200	56	192
11	-56	-392	2888613472	-28	-88	5	-90	-2	-13	0	-25	-793	0	-200	56	192
11	-56	-392	2888615468	-32	-97	5	-86	-2	-14	0	-27	-734	0	-200	56	192
11	-56	-392	2888617472	-26	-82	5	-84	-1	-13	0	-28	-747	0	-200	56	192
11	-56	-392	2888619476	-29	-91	4	-81	-2	-13	0	-30	-760	0	-200	56	192
11	-56	-392	2888621472	-25	-76	2	-78	-2	-11	0	-32	-771	0	-200	56	192
11	-56	-392	2888623480	-22	-73	3	-75	-1	-11	0	-33	-782	0	-200	56	192
11	-56	-392	2888625476	-26	-81	1	-73	-2	-12	0	-35	-794	0	-200	56	192
11	-56	-392	2888627476	-22	-67	1	-69	-2	-10	0	-37	-804	0	-200	56	192
11	-56	-392	2888629468	-22	-75	0	-68	-2	-11	0	-39	-731	0	-200	56	192
11	-56	-392	2888631468	-20	-63	0	-65	-1	-9	0	-40	-740	0	-200	56	192
11	-56	-392	2888633468	-21	-69	0	-61	-2	-10	0	-42	-750	0	-200	56	192
11	-56	-392	2888635468	-18	-57	0	-60	-1	-9	0	-43	-759	0	-200	56	192
11	-56	-392	2888637472	-16	-55	-1	-57	-1	-8	0	-44	-767	0	-200	56	192
11	-56	-392	2888639464	-19	-60	-3	-63	-2	-9	0	-46	-776	0	-200	56	192
11	-56	-392	2888641460	-16	-51	-2	-52	-1	-8	0	-47	-784	0	-200	56	192
11	-56	-392	2888643456	-16	-55	-3	-50	-2	-8	0	-49	-792	0	-200	56	192
11	-56	-392	2888645452	-15	-45	-2	-48	-1	-7	0	-50	-799	0	-200	56	192
11	-56	-392	2888647448	-14	-44	-4	-45	-1	-7	0	-51	-727	0	-200	56	192
11	-56	-392	2888649448	-14	-46	-3	-42	-2	-6	0	-53	-733	0	-200	56	192
11	-56	-392	2888651444	-11	-38	-3	-39	-1	-6	0	-54	-739	0	-200	56	192
11	-56	-392	2888653444	-13	-40	-4	-38	-1	-6	0	-55	-745	0	-200	56	192
11	-56	-392	2888655440	-10	-31	-3	-33	-1	-5	0	-56	-750	0	-200	56	192
11	-56	-392	2888657440	-10	-30	-3	-32	-1	-4	0	-57	-754	0	-200	56	192
11	-56	-392	2888659440	-8	-30	-4	-27	-1	-5	0	-58	-759	0	-200	56	192
11	-56	-392	2888661432	-8	-23	-3	-26	-1	-3	0	-59	-762	0	-200	56	192
11	-56	-392	2888663428	-7	-23	-2	-23	0	-4	0	-59	-766	0	-200	56	192
11	-56	-392	2888665436	-5	-19	-3	-20	-1	-3	0	-60	-769	0	-200	56	192
11	-56	-392	2888667428	-5	-16	-2	-17	0	-2	0	-60	-771	0	-200	56	192
11	-56	-392	2888669440	-5	-15	-3	-17	-1	-3	0	-61	-774	0	-200	56	192
11	-56	-392	2888671420	-4	-13	-2	-12	0	-1	0	-61	-775	0	-200	56	192
11	-56	-392	2888673432	-4	-11	-1	-14	-1	-2	0	-62	-777	0	-200	56	192
11	-56	-392	2888675424	-2	-8	-2	-9	0	-2	0	-62	-779	0	-200	56	192
11	-56	-392	2888677412	-2	-5	-1	-7	0	0	0	-62	-720	0	-200	56	192
11	-56	-392	2888679420	-2	-6	-1	-5	-1	-1	0	-63	-721	0	-200	56	192
11	-56	-392	2888681416	-1	-2	0	-4	0	-1	0	-63	-722	0	-200	56	192
11	-56	-392	2888683396	0	-3	-1	-4	0	0	0	-63	-720	0	-200	56	192
11	-56	-392	2888685396	-2	-1	0	-2	0	0	0	-63	-720	0	-200	56	192
11	-56	-392	2888687380	0	-1	0	-1	0	-1	1	-63	-721	0	-200	56	192
