1	0	-200	1279102716	0	-2	0	-1	0	0	1	0	-200	0	-200	0	0
1	-56	392	1279104716	0	-1	0	-1	0	0	1	0	-200	-56	192	0	-200
1	-56	392	1279106712	0	-2	0	-1	0	0	1	0	-200	-56	192	0	-200
1	-56	392	1279108752	-1	-3	0	-3	0	-1	1	0	-201	-56	192	0	-200
1	-56	392	1279110748	-1	-4	0	-4	0	-1	1	0	-202	-56	192	0	-200
1	-56	392	1279112756	-3	-3	0	-3	-1	-1	1	-1	-203	-56	192	0	-200
1	-56	392	1279114744	-1	-5	0	-5	0	-2	1	-1	-205	-56	192	0	-200
1	-56	392	1279116752	-3	-7	0	-5	0	-2	1	-1	-207	-56	192	0	-200
1	-56	392	1279118760	-3	-7	0	-7	-1	-2	1	-2	-209	-56	192	0	-200
1	-56	392	1279120752	-3	-6	0	-6	0	-1	1	-2	-210	-56	192	0	-200
1	-56	392	1279122756	-4	-9	2	-9	0	-3	1	-2	-213	-56	192	0	-200
1	-56	392	1279124776	-3	-9	0	-6	-1	-2	1	-3	-215	-56	192	0	-200
1	-56	392	1279126780	-4	-9	0	-10	-1	-3	1	-4	-218	-56	192	0	-200
1	-56	392	1279128760	-5	-10	0	-9	0	-3	1	-4	-221	-56	192	0	-200
1	-56	392	1279130772	-4	-10	0	-8	-1	-3	1	-5	-224	-56	192	0	-200
1	-56	392	1279132756	-5	-10	1	-12	0	-3	1	-5	-227	-56	192	0	-200
1	-56	392	1279134772	-5	-11	0	-8	-1	-3	1	-6	-230	-56	192	0	-200
1	-56	392	1279136760	-4	-10	0	-12	-1	-3	1	-7	-233	-56	192	0	-200
1	-56	392	1279138764	-5	-9	0	-10	-1	-3	1	-8	-236	-56	192	0	-200
1	-56	392	1279140748	-3	-11	1	-10	0	-3	0	-8	-239	-56	192	0	-200
1	-56	392	1279142760	-5	-9	0	-8	-1	-3	0	-9	-242	-56	192	0	-200
1	-56	392	1279144752	-4	-7	0	-9	0	-2	0	-9	-244	-56	192	0	-200
1	-56	392	1279146760	-4	-9	0	-9	-1	-3	0	-10	-247	-56	192	0	-200
1	-56	392	1279148748	-4	-7	0	-7	0	-2	0	-10	-249	-56	192	0	-200
1	-56	392	1279150768	-2	-7	0	-7	-1	-2	0	-11	-251	-56	192	0	-200
1	-56	392	1279152748	-4	-6	1	-7	0	-2	0	-11	-253	-56	192	0	-200
1	-56	392	1279154756	-2	-5	0	-5	0	-2	0	-11	-255	-56	192	0	-200
1	-56	392	1279156768	-2	-4	0	-5	-1	-1	0	-12	-256	-56	192	0	-200
1	-56	392	1279158744	-2	-5	0	-5	0	-1	0	-12	-257	-56	192	0	-200
1	-56	392	1279160756	-3	-2	0	-4	-1	-1	0	-13	-258	-56	192	0	-200
1	-56	392	1279162752	-1	-3	0	-4	0	-1	0	-13	-259	-56	192	0	-200
1	-56	392	1279164748	-1	-2	0	-2	0	-1	0	-13	-260	-56	192	0	-200
1	-56	392	1279166716	0	-3	0	-3	0	-1	0	-13	-261	-56	192	0	-200
1	-56	392	1279168728	-1	-1	0	-2	0	0	0	-13	-261	-56	192	0	-200
1	-56	392	1279170704	0	0	0	-1	0	0	0	-13	-261	-56	192	0	-200
1	-56	392	1279172736	-2	-1	0	-2	0	-1	0	-13	-262	-56	192	0	-200
1	-56	392	1279174692	0	0	0	-1	0	0	0	-13	-262	-56	192	0	-200
1	-56	392	1279194696	0	2	0	2	0	0	0	-13	-262	-56	192	0	-200
1	-56	392	1279196724	-1	2	0	2	0	0	0	-13	-262	-56	192	0	-200
1	-56	392	1279198748	0	4	-1	3	-1	1	0	-14	-261	-56	192	0	-200
1	-56	392	1279200732	0	4	-1	6	0	2	0	-14	-259	-56	192	0	-200
1	-56	392	1279202728	-1	7	0	5	0	1	0	-14	-258	-56	192	0	-200
1	-56	392	1279204736	0	9	-3	9	0	3	0	-14	-255	-56	192	0	-200
1	-56	392	1279206744	-1	10	-1	9	-1	3	0	-15	-252	-56	192	0	-200
1	-56	392	1279208736	0	12	-3	12	0	4	0	-15	-248	-56	192	0	-200
1	-56	392	1279210744	-2	14	-2	13	-1	4	0	-16	-244	-56	192	0	-200
1	-56	392	1279212732	0	16	-4	17	0	5	0	-16	-239	-56	192	0	-200
1	-56	392	1279214740	0	22	-4	16	-1	5	0	-17	-234	-56	192	0	-200
1	-56	392	1279216744	0	22	-6	22	-1	7	0	-18	-227	-56	192	0	-200
1	-56	392	1279218748	0	24	-5	22	-1	7	0	-19	-220	-56	192	0	-200
1	-56	392	1279220744	0	31	-9	28	-1	9	0	-20	-211	-56	192	0	-200
1	-56	392	1279222732	1	31	-8	32	-1	9	0	-21	-202	-56	192	0	-200
1	-56	392	1279224736	2	34	-9	30	-1	10	0	-22	-192	-56	192	0	-200
1	-56	392	1279226732	3	41	-11	39	-1	12	0	-23	-180	-56	192	0	-200
1	-56	392	1279228736	2	40	-12	36	-2	11	0	-25	-169	-56	192	0	-200
1	-56	392	1279230736	4	43	-15	45	-1	13	0	-26	-156	-56	192	0	-200
1	-56	392	1279232736	4	51	-13	43	-2	14	0	-28	-142	-56	192	0	-200
1	-56	392	1279234740	3	49	-18	52	-2	16	0	-30	-126	-56	192	0	-200
1	-56	392	1279236740	5	51	-16	48	-2	14	0	-32	-112	-56	192	0	-200
1	-56	392	1279238744	5	61	-20	58	-2	18	0	-34	-94	-56	192	0	-200
1	-56	392	1279240744	5	58	-20	54	-2	17	0	-36	-77	-56	192	0	-200
1	-56	392	1279242748	5	61	-23	65	-3	19	0	-39	-58	-56	192	0	-200
1	-56	392	1279244748	7	71	-21	59	-2	19	0	-41	-39	-56	192	0	-200
1	-56	392	1279246752	6	67	-26	71	-3	21	0	-44	-18	-56	192	0	-200
1	-56	392	1279248752	5	77	-26	74	-3	23	0	-47	5	-56	192	0	-200
1	-56	392	1279250752	5	71	-25	69	-3	21	0	-50	26	-56	192	0	-200
1	-56	392	1279252756	5	74	-29	80	-4	23	0	-54	49	-56	192	0	-200
1	-56	392	1279254760	4	85	-28	72	-3	23	0	-57	72	-56	192	0	-200
1	-56	392	1279256760	3	78	-31	85	-4	25	0	-61	97	-56	192	0	-200
1	-56	392	1279258760	3	78	-27	76	-4	23	0	-65	120	-56	192	0	-200
1	-56	392	1279260760	1	92	-34	89	-5	27	0	-70	147	-56	192	0	-200
1	-56	392	1279262764	1	82	-30	79	-4	24	0	-74	171	-56	192	0	-200
1	-56	392	1279264756	0	83	-35	91	-6	26	0	-80	197	-56	192	0	-200
1	-56	392	1279266756	0	95	-31	81	-4	27	0	-84	224	-56	192	0	-200
1	-56	392	1279268756	0	83	-37	93	-6	26	0	-90	250	-56	192	0	-200
1	-56	392	1279270756	-4	84	-32	82	-5	25	0	-95	275	-56	192	0	-200
1	-56	392	1279272760	-5	95	-38	93	-7	28	0	-102	303	-56	192	0	-200
1	-56	392	1279274756	-5	83	-38	94	-6	27	0	-108	330	-56	192	0	-200
1	-56	392	1279276752	-6	82	-35	80	-6	24	0	-114	354	-56	192	0	-200
1	-56	392	1279278744	-7	81	-40	91	-7	26	0	-121	380	-56	192	0	-200
1	-56	392	1279280748	-10	89	-35	77	-7	25	0	-128	405	-56	192	0	-200
1	-56	392	1279282752	-10	79	-42	88	-8	25	0	-136	430	-56	192	0	-200
1	-56	392	1279284752	-10	76	-35	76	-7	23	0	-143	453	-56	192	0	-200
1	-56	392	1279286756	-13	83	-41	84	-8	25	0	-151	478	-56	192	0	-200
1	-56	392	1279288756	-11	72	-36	71	-7	21	0	-158	499	-56	192	0	-200
1	-56	392	1279290760	-14	79	-41	80	-8	24	0	-166	523	-56	192	0	-200
1	-56	392	1279292756	-12	67	-37	69	-7	20	0	-173	543	-56	192	0	-200
1	-56	392	1279294756	-13	68	-40	76	-8	22	0	-181	565	-56	192	0	-200
1	-56	392	1279296756	-14	65	-36	66	-8	20	0	-189	585	-56	192	0	-200
1	-56	392	1279298752	-13	71	-40	73	-8	21	0	-197	606	-56	192	0	-200
1	-56	392	1279300756	-14	61	-34	62	-7	19	0	-204	625	-56	192	0	-200
1	-56	392	1279302760	-13	62	-38	69	-8	19	0	-212	644	-56	192	0	-200
1	-56	392	1279304764	-13	66	-38	68	-7	21	0	-219	665	-56	192	0	-200
1	-56	392	1279306764	-13	57	-31	56	-7	16	0	-226	681	-56	192	0	-200
1	-56	392	1279308756	-12	57	-35	64	-7	19	0	-233	700	-56	192	0	-200
1	-56	392	1279310760	-13	61	-29	55	-6	17	0	-239	717	-56	192	0	-200
1	-56	392	1279312756	-11	54	-32	60	-7	17	0	-246	734	-56	192	0	-200
1	-56	392	1279314756	-11	57	-27	51	-5	16	0	-251	750	-56	192	0	-200
1	-56	392	1279316756	-10	51	-28	57	-6	17	0	-257	767	-56	192	0	-200
1	-56	392	1279318756	-10	49	-24	49	-5	14	0	-262	781	-56	192	0	-200
1	-56	392	1279320756	-9	46	-26	53	-5	15	0	-267	735	-56	192	0	-200
1	-56	392	1279322752	-9	50	-20	45	-5	14	0	-272	749	-56	192	0	-200
1	-56	392	1279324748	-7	42	-23	47	-4	14	0	-276	763	-56	192	0	-200
1	-56	392	1279326740	-8	38	-17	40	-4	11	0	-280	774	-56	192	0	-200
1	-56	392	1279328748	-6	42	-18	41	-4	13	0	-284	787	-56	192	0	-200
1	-56	392	1279330744	-6	32	-14	35	-3	10	0	-287	797	-56	192	0	-200
1	-56	392	1279332752	-5	30	-15	35	-3	10	0	-290	807	-56	192	0	-200
1	-56	392	1279334752	-4	29	-11	29	-2	8	0	-292	815	-56	192	0	-200
1	-56	392	1279336752	-4	24	-10	29	-2	8	0	-294	728	-56	192	0	-200
1	-56	392	1279338756	-2	20	-10	25	-2	7	0	-296	735	-56	192	0	-200
1	-56	392	1279340756	-3	20	-6	20	-1	6	0	-297	741	-56	192	0	-200
1	-56	392	1279342756	-2	15	-8	20	-2	5	0	-299	746	-56	192	0	-200
1	-56	392	1279344756	-2	11	-5	14	-1	4	0	-300	750	-56	192	0	-200
1	-56	392	1279346740	-1	11	-3	13	0	4	0	-300	754	-56	192	0	-200
1	-56	392	1279348756	0	8	-4	10	-1	2	0	-301	756	-56	192	0	-200
1	-56	392	1279350736	-1	6	-3	10	0	3	1	-301	759	-56	192	0	-200
2	-56	392	1279352748	0	5	-1	7	-1	2	1	-57	194	-56	192	0	-200
2	164	-360	1279354732	0	2	-1	5	0	1	1	-57	195	108	-168	-56	192
2	164	-360	1279356720	0	3	-1	3	0	0	1	-57	195	108	-168	-56	192
2	164	-360	1279358728	0	1	-2	3	0	1	1	-57	196	108	-168	-56	192
2	164	-360	1279360692	0	0	0	1	0	0	1	-57	196	108	-168	-56	192
2	164	-360	1279362688	0	0	0	1	0	0	1	-57	196	108	-168	-56	192
2	164	-360	1279364700	0	1	0	0	0	1	1	-57	197	108	-168	-56	192
2	164	-360	1279386704	-1	0	0	0	0	0	1	-57	197	108	-168	-56	192
2	164	-360	1279424748	0	0	1	0	0	0	1	-57	197	108	-168	-56	192
2	164	-360	1279440764	0	-1	0	0	0	0	1	-57	197	108	-168	-56	192
2	164	-360	1279442780	0	-2	1	-1	0	0	1	-57	197	108	-168	-56	192
2	164	-360	1279444800	0	-1	1	-2	0	-1	0	-57	196	108	-168	-56	192
2	164	-360	1279446788	0	-4	3	-2	0	0	0	-57	196	108	-168	-56	192
2	164	-360	1279448792	1	-3	1	-4	0	-1	0	-57	195	108	-168	-56	192
2	164	-360	1279450800	3	-4	4	-5	1	-2	0	-56	193	108	-168	-56	192
2	164	-360	1279452804	1	-8	5	-6	1	-2	0	-55	191	108	-168	-56	192
2	164	-360	1279454800	2	-6	5	-8	1	-2	0	-54	189	108	-168	-56	192
2	164	-360	1279456800	3	-9	6	-7	1	-2	0	-53	187	108	-168	-56	192
2	164	-360	1279458800	4	-11	9	-10	2	-4	0	-51	183	108	-168	-56	192
2	164	-360	1279460796	2	-11	8	-10	2	-3	0	-49	180	108	-168	-56	192
2	164	-360	1279462808	4	-14	13	-14	2	-4	0	-47	176	108	-168	-56	192
2	164	-360	1279464808	5	-17	11	-14	3	-5	0	-44	171	108	-168	-56	192
2	164	-360	1279466812	5	-17	16	-17	3	-5	0	-41	166	108	-168	-56	192
2	164	-360	1279468804	4	-18	15	-18	3	-5	0	-38	161	108	-168	-56	192
2	164	-360	1279470804	6	-24	20	-21	4	-7	0	-34	154	108	-168	-56	192
2	164	-360	1279472808	6	-23	22	-24	4	-7	0	-30	147	108	-168	-56	192
2	164	-360	1279474800	6	-25	21	-22	4	-7	0	-26	140	108	-168	-56	192
2	164	-360	1279476804	8	-30	26	-29	5	-9	0	-21	131	108	-168	-56	192
2	164	-360	1279478808	6	-27	25	-26	5	-8	0	-16	123	108	-168	-56	192
2	164	-360	1279480808	8	-30	30	-33	5	-9	0	-11	114	108	-168	-56	192
2	164	-360	1279482796	8	-38	29	-30	6	-10	0	-5	104	108	-168	-56	192
2	164	-360	1279484796	8	-33	35	-36	6	-11	0	1	93	108	-168	-56	192
2	164	-360	1279486792	9	-37	32	-34	6	-10	0	7	83	108	-168	-56	192
2	164	-360	1279488788	8	-43	39	-41	7	-13	0	14	70	108	-168	-56	192
2	164	-360	1279490792	10	-42	35	-37	7	-12	0	21	58	108	-168	-56	192
2	164	-360	1279492788	9	-43	44	-47	8	-13	0	29	45	108	-168	-56	192
2	164	-360	1279494792	11	-52	39	-42	8	-14	0	37	31	108	-168	-56	192
2	164	-360	1279496796	12	-48	47	-51	8	-15	0	45	16	108	-168	-56	192
2	164	-360	1279498792	10	-50	43	-48	8	-15	0	53	1	108	-168	-56	192
2	164	-360	1279500792	13	-59	51	-55	10	-17	0	63	-16	108	-168	-56	192
2	164	-360	1279502796	12	-55	52	-59	10	-17	0	73	-33	108	-168	-56	192
2	164	-360	1279504804	12	-56	49	-52	9	-16	0	82	-49	108	-168	-56	192
2	164	-360	1279506804	14	-67	58	-63	11	-20	0	93	-69	108	-168	-56	192
2	164	-360	1279508800	14	-60	51	-57	9	-17	0	102	-86	108	-168	-56	192
2	164	-360	1279510800	13	-62	61	-66	11	-20	0	113	-106	108	-168	-56	192
2	164	-360	1279512804	17	-71	55	-62	11	-20	0	124	-126	108	-168	-56	192
2	164	-360	1279514804	13	-65	65	-70	12	-20	0	136	-146	108	-168	-56	192
2	164	-360	1279516812	17	-67	59	-63	11	-19	0	147	-165	108	-168	-56	192
2	164	-360	1279518804	17	-76	70	-74	13	-23	0	160	-188	108	-168	-56	192
2	164	-360	1279520808	16	-69	61	-66	12	-20	0	172	-208	108	-168	-56	192
2	164	-360	1279522808	18	-68	74	-75	14	-22	0	186	-230	108	-168	-56	192
2	164	-360	1279524804	19	-79	65	-68	12	-22	0	198	-252	108	-168	-56	192
2	164	-360	1279526808	17	-70	76	-77	14	-22	0	212	-274	108	-168	-56	192
2	164	-360	1279528808	19	-71	78	-79	15	-22	0	227	-296	108	-168	-56	192
2	164	-360	1279530812	20	-80	70	-68	13	-22	0	240	-318	108	-168	-56	192
2	164	-360	1279532816	19	-72	81	-78	15	-23	0	255	-341	108	-168	-56	192
2	164	-360	1279534824	17	-71	71	-70	14	-21	0	269	-362	108	-168	-56	192
2	164	-360	1279536816	21	-80	83	-79	15	-24	0	284	-386	108	-168	-56	192
2	164	-360	1279538820	19	-71	73	-69	14	-21	0	298	-407	108	-168	-56	192
2	164	-360	1279540816	19	-70	85	-79	16	-22	0	314	-429	108	-168	-56	192
2	164	-360	1279542808	21	-80	75	-67	14	-22	0	328	-451	108	-168	-56	192
2	164	-360	1279544812	19	-69	85	-78	16	-22	0	344	-473	108	-168	-56	192
2	164	-360	1279546804	19	-70	75	-67	14	-21	0	358	-494	108	-168	-56	192
2	164	-360	1279548812	20	-76	87	-76	16	-23	0	374	-517	108	-168	-56	192
2	164	-360	1279550808	17	-68	73	-65	13	-20	0	387	-537	108	-168	-56	192
2	164	-360	1279552812	18	-66	85	-74	16	-21	0	403	-558	108	-168	-56	192
2	164	-360	1279554816	20	-74	83	-73	15	-22	0	418	-580	108	-168	-56	192
2	164	-360	1279556812	17	-63	72	-62	13	-18	0	431	-598	108	-168	-56	192
2	164	-360	1279558804	16	-64	82	-69	15	-20	0	446	-618	108	-168	-56	192
2	164	-360	1279560808	19	-69	70	-60	13	-20	0	459	-638	108	-168	-56	192
2	164	-360	1279562808	16	-59	78	-66	15	-18	0	474	-656	108	-168	-56	192
2	164	-360	1279564796	17	-57	68	-58	12	-18	0	486	-674	108	-168	-56	192
2	164	-360	1279566796	17	-63	74	-62	14	-18	0	500	-692	108	-168	-56	192
2	164	-360	1279568792	14	-53	63	-54	12	-16	0	512	-708	108	-168	-56	192
2	164	-360	1279570784	15	-52	70	-57	12	-17	0	524	-725	108	-168	-56	192
2	164	-360	1279572792	16	-55	59	-49	12	-15	0	536	-740	108	-168	-56	192
2	164	-360	1279574784	14	-46	64	-53	11	-15	0	547	-755	108	-168	-56	192
2	164	-360	1279576788	12	-44	54	-43	10	-13	0	557	-768	108	-168	-56	192
2	164	-360	1279578796	14	-45	57	-48	11	-14	0	568	-782	108	-168	-56	192
2	164	-360	1279580792	13	-37	48	-39	9	-12	0	577	-794	108	-168	-56	192
2	164	-360	1279582792	10	-35	50	-41	9	-11	0	586	-805	108	-168	-56	192
2	164	-360	1279584792	11	-36	40	-32	8	-10	0	594	-815	108	-168	-56	192
2	164	-360	1279586796	10	-28	42	-34	7	-10	0	601	-825	108	-168	-56	192
2	164	-360	1279588796	7	-26	38	-31	7	-8	0	608	-728	108	-168	-56	192
2	164	-360	1279590800	9	-25	30	-24	6	-7	0	614	-735	108	-168	-56	192
2	164	-360	1279592800	8	-19	30	-25	6	-7	0	620	-742	108	-168	-56	192
2	164	-360	1279594800	6	-16	22	-19	4	-5	0	624	-747	108	-168	-56	192
2	164	-360	1279596796	5	-15	23	-17	4	-5	0	628	-752	108	-168	-56	192
2	164	-360	1279598800	5	-11	16	-14	3	-4	0	631	-756	108	-168	-56	192
2	164	-360	1279600800	4	-10	16	-13	3	-3	0	634	-759	108	-168	-56	192
2	164	-360	1279602796	3	-8	11	-10	2	-3	0	636	-762	108	-168	-56	192
2	164	-360	1279604796	3	-6	12	-8	3	-2	0	639	-722	108	-168	-56	192
2	164	-360	1279606800	1	-4	7	-5	1	-1	0	640	-723	108	-168	-56	192
2	164	-360	1279608796	3	-4	5	-7	1	-2	0	641	-725	108	-168	-56	192
2	164	-360	1279610796	0	-1	5	-2	1	-1	0	642	-726	108	-168	-56	192
2	164	-360	1279612772	1	-1	3	-3	0	0	1	642	-726	108	-168	-56	192
3	164	-360	1279614792	0	-1	1	-2	0	-1	1	108	-169	108	-168	-56	192
3	164	-360	1279616764	1	0	1	0	1	0	1	109	-169	108	-168	-56	192
3	164	-360	1279618752	0	0	0	-1	0	0	1	109	-169	108	-168	-56	192
3	-259	299	1279628756	0	0	1	0	0	0	1	109	-169	-151	131	108	-168
3	-259	299	1279636772	1	0	0	0	0	0	1	109	-169	-151	131	108	-168
3	-259	299	1279686792	0	0	0	0	0	0	0	109	-169	-151	131	108	-168
3	-259	299	1279700824	0	1	0	0	0	0	0	109	-169	-151	131	108	-168
3	-259	299	1279712832	0	2	0	1	0	0	0	109	-169	-151	131	108	-168
3	-259	299	1279714828	0	1	0	2	0	0	0	109	-169	-151	131	108	-168
3	-259	299	1279716840	0	1	0	2	0	1	0	109	-168	-151	131	108	-168
3	-259	299	1279718836	0	4	0	4	0	1	0	109	-167	-151	131	108	-168
3	-259	299	1279720864	0	5	-1	4	0	1	0	109	-166	-151	131	108	-168
3	-259	299	1279722872	0	5	-1	5	0	2	0	109	-164	-151	131	108	-168
3	-259	299	1279724844	2	6	-2	6	0	2	0	109	-162	-151	131	108	-168
3	-259	299	1279726872	1	9	-2	9	0	2	0	109	-160	-151	131	108	-168
3	-259	299	1279728844	1	10	-1	8	0	3	0	109	-157	-151	131	108	-168
3	-259	299	1279730868	3	10	-4	12	0	3	0	109	-154	-151	131	108	-168
3	-259	299	1279732868	2	12	-3	11	0	4	0	109	-150	-151	131	108	-168
3	-259	299	1279734860	3	15	-5	14	0	4	0	109	-146	-151	131	108	-168
3	-259	299	1279736820	3	17	-3	15	0	5	0	109	-141	-151	131	108	-168
3	-259	299	1279738864	3	17	-7	17	-1	5	0	108	-136	-151	131	108	-168
3	-259	299	1279740840	4	23	-6	18	0	6	0	108	-130	-151	131	108	-168
3	-259	299	1279742860	3	21	-9	22	-1	7	0	107	-123	-151	131	108	-168
3	-259	299	1279744868	4	22	-10	25	-1	7	0	106	-116	-151	131	108	-168
3	-259	299	1279746864	4	29	-10	24	-1	8	0	105	-108	-151	131	108	-168
3	-259	299	1279748864	4	26	-13	27	-1	8	0	104	-100	-151	131	108	-168
3	-259	299	1279750864	3	28	-14	28	-2	8	0	102	-92	-151	131	108	-168
3	-259	299	1279752860	3	34	-18	32	-2	10	0	100	-82	-151	131	108	-168
3	-259	299	1279754864	2	31	-17	30	-2	9	0	98	-73	-151	131	108	-168
3	-259	299	1279756860	2	34	-24	37	-3	11	0	95	-62	-151	131	108	-168
3	-259	299	1279758860	1	40	-24	33	-4	11	0	91	-51	-151	131	108	-168
3	-259	299	1279760864	0	38	-30	42	-4	12	0	87	-39	-151	131	108	-168
3	-259	299	1279762868	0	40	-28	38	-5	11	0	82	-28	-151	131	108	-168
3	-259	299	1279764868	0	49	-37	47	-5	15	0	77	-13	-151	131	108	-168
3	-259	299	1279766868	-2	45	-36	43	-6	13	0	71	0	-151	131	108	-168
3	-259	299	1279768872	-3	48	-45	52	-7	15	0	64	15	-151	131	108	-168
3	-259	299	1279770868	-5	57	-42	47	-7	15	0	57	30	-151	131	108	-168
3	-259	299	1279772864	-5	54	-54	58	-9	17	0	48	47	-151	131	108	-168
3	-259	299	1279774860	-8	55	-51	52	-9	16	0	39	63	-151	131	108	-168
3	-259	299	1279776864	-9	66	-62	64	-10	20	0	29	83	-151	131	108	-168
3	-259	299	1279778864	-10	63	-67	67	-12	19	0	17	102	-151	131	108	-168
3	-259	299	1279780856	-11	65	-63	60	-11	19	0	6	121	-151	131	108	-168
3	-259	299	1279782864	-14	76	-76	74	-14	23	0	-8	144	-151	131	108	-168
3	-259	299	1279784860	-13	70	-70	66	-12	20	0	-20	164	-151	131	108	-168
3	-259	299	1279786852	-17	72	-84	78	-15	22	0	-35	186	-151	131	108	-168
3	-259	299	1279788864	-20	84	-76	70	-15	24	0	-50	210	-151	131	108	-168
3	-259	299	1279790856	-20	75	-92	82	-16	23	0	-66	233	-151	131	108	-168
3	-259	299	1279792860	-22	78	-83	74	-16	23	0	-82	256	-151	131	108	-168
3	-259	299	1279794856	-28	88	-99	85	-19	26	0	-101	282	-151	131	108	-168
3	-259	299	1279796852	-27	79	-88	76	-17	23	0	-118	305	-151	131	108	-168
3	-259	299	1279798844	-29	80	-104	87	-20	25	0	-138	330	-151	131	108	-168
3	-259	299	1279800840	-36	89	-95	76	-20	25	0	-158	355	-151	131	108	-168
3	-259	299	1279802848	-35	79	-109	87	-22	25	0	-180	380	-151	131	108	-168
3	-259	299	1279804844	-38	77	-97	75	-20	23	0	-200	403	-151	131	108	-168
3	-259	299	1279806848	-43	85	-113	85	-23	25	0	-223	428	-151	131	108	-168
3	-259	299	1279808848	-43	75	-115	84	-24	24	0	-247	452	-151	131	108	-168
3	-259	299	1279810844	-44	71	-101	71	-22	21	0	-269	473	-151	131	108	-168
3	-259	299	1279812844	-52	79	-116	79	-25	24	0	-294	497	-151	131	108	-168
3	-259	299	1279814844	-48	66	-102	66	-22	20	0	-316	517	-151	131	108	-168
3	-259	299	1279816844	-50	64	-116	74	-25	20	0	-341	537	-151	131	108	-168
3	-259	299	1279818840	-57	68	-101	61	-24	20	0	-365	557	-151	131	108	-168
3	-259	299	1279820840	-53	56	-114	67	-25	18	0	-390	575	-151	131	108	-168
3	-259	299	1279822832	-53	54	-100	55	-23	17	0	-413	592	-151	131	108	-168
3	-259	299	1279824836	-60	56	-112	60	-26	17	0	-439	609	-151	131	108	-168
3	-259	299	1279826836	-54	47	-97	48	-22	14	0	-461	623	-151	131	108	-168
3	-259	299	1279828840	-53	44	-108	53	-25	15	0	-486	638	-151	131	108	-168
3	-259	299	1279830836	-60	45	-92	42	-22	13	0	-508	651	-151	131	108	-168
3	-259	299	1279832844	-51	38	-102	45	-23	12	0	-531	663	-151	131	108	-168
3	-259	299	1279834840	-51	35	-88	38	-21	11	0	-552	674	-151	131	108	-168
3	-259	299	1279836844	-55	35	-96	39	-23	11	0	-575	685	-151	131	108	-168
3	-259	299	1279838848	-48	28	-92	36	-21	10	0	-596	695	-151	131	108	-168
3	-259	299	1279840852	-46	27	-78	29	-18	8	0	-614	703	-151	131	108	-168
3	-259	299	1279842856	-50	27	-85	31	-21	9	0	-635	712	-151	131	108	-168
3	-259	299	1279844852	-41	23	-71	24	-16	7	0	-651	719	-151	131	108	-168
3	-259	299	1279846852	-39	20	-78	26	-18	7	0	-669	726	-151	131	108	-168
3	-259	299	1279848864	-40	20	-63	20	-15	6	0	-684	732	-151	131	108	-168
3	-259	299	1279850864	-34	17	-69	22	-16	6	0	-700	738	-151	131	108	-168
3	-259	299	1279852864	-31	16	-55	18	-13	5	0	-713	743	-151	131	108	-168
3	-259	299	1279854864	-31	17	-60	17	-13	5	0	-726	725	-151	131	108	-168
3	-259	299	1279856860	-25	12	-48	15	-11	4	0	-737	729	-151	131	108	-168
3	-259	299	1279858860	-23	13	-50	15	-11	4	0	-748	733	-151	131	108	-168
3	-259	299	1279860860	-22	11	-40	13	-10	4	0	-758	737	-151	131	108	-168
3	-259	299	1279862860	-18	10	-40	12	-8	3	0	-766	740	-151	131	108	-168
3	-259	299	1279864856	-15	7	-36	12	-8	3	0	-774	743	-151	131	108	-168
3	-259	299	1279866852	-13	9	-27	7	-6	2	0	-780	745	-151	131	108	-168
3	-259	299	1279868852	-10	6	-28	9	-6	3	0	-786	748	-151	131	108	-168
3	-259	299	1279870848	-9	5	-21	7	-4	2	0	-790	722	-151	131	108	-168
3	-259	299	1279872844	-8	7	-19	7	-4	2	0	-794	724	-151	131	108	-168
3	-259	299	1279874848	-6	3	-15	5	-3	1	0	-797	725	-151	131	108	-168
3	-259	299	1279876852	-4	4	-14	5	-3	1	0	-800	726	-151	131	108	-168
3	-259	299	1279878856	-3	4	-8	2	-2	1	0	-802	727	-151	131	108	-168
3	-259	299	1279880856	-3	1	-9	4	-2	1	0	-804	728	-151	131	108	-168
3	-259	299	1279882844	-1	3	-5	2	0	1	0	-804	729	-151	131	108	-168
3	-259	299	1279884852	0	1	-5	3	-1	0	1	-805	729	-151	131	108	-168
4	-259	299	1279886856	0	0	-3	1	-1	0	1	-152	131	-151	131	108	-168
4	333	-214	1279888840	0	0	-1	1	0	0	1	-152	131	182	-83	-151	131
4	333	-214	1279898812	0	-1	0	0	0	0	1	-152	131	182	-83	-151	131
4	333	-214	1279900844	1	-1	3	-1	0	0	1	-152	131	182	-83	-151	131
4	333	-214	1279902860	3	-1	2	-3	1	0	1	-151	131	182	-83	-151	131
4	333	-214	1279904844	2	-3	4	-2	0	0	1	-151	131	182	-83	-151	131
4	333	-214	1279906872	3	-3	4	-4	1	-1	1	-150	130	182	-83	-151	131
4	333	-214	1279908872	4	-4	4	-3	2	-1	1	-148	129	182	-83	-151	131
4	333	-214	1279910864	3	-5	5	-5	1	-2	1	-147	127	182	-83	-151	131
4	333	-214	1279912864	3	-4	5	-5	1	-1	1	-146	126	182	-83	-151	131
4	333	-214	1279914868	5	-6	6	-5	2	-2	1	-144	124	182	-83	-151	131
4	333	-214	1279916868	4	-6	6	-5	1	-2	1	-143	122	182	-83	-151	131
4	333	-214	1279918872	3	-7	8	-6	2	-2	1	-141	120	182	-83	-151	131
4	333	-214	1279920876	4	-7	7	-7	2	-2	1	-139	118	182	-83	-151	131
4	333	-214	1279922876	5	-6	6	-7	1	-2	1	-138	116	182	-83	-151	131
4	333	-214	1279924876	4	-8	9	-8	2	-2	1	-136	114	182	-83	-151	131
4	333	-214	1279926880	4	-9	8	-8	2	-3	1	-134	111	182	-83	-151	131
4	333	-214	1279928876	3	-7	8	-9	2	-2	1	-132	109	182	-83	-151	131
4	333	-214	1279930876	3	-9	8	-7	1	-2	1	-131	107	182	-83	-151	131
4	333	-214	1279932876	4	-9	9	-9	2	-3	1	-129	104	182	-83	-151	131
4	333	-214	1279934876	2	-7	6	-7	1	-2	1	-128	102	182	-83	-151	131
4	333	-214	1279936876	1	-8	9	-9	2	-3	1	-126	99	182	-83	-151	131
4	333	-214	1279938876	3	-8	6	-8	1	-2	1	-125	97	182	-83	-151	131
4	333	-214	1279940872	1	-8	7	-8	1	-2	1	-124	95	182	-83	-151	131
4	333	-214	1279942872	1	-7	7	-8	2	-3	1	-122	92	182	-83	-151	131
4	333	-214	1279944872	2	-9	6	-9	1	-2	1	-121	90	182	-83	-151	131
4	333	-214	1279946876	1	-8	6	-7	1	-3	1	-120	87	182	-83	-151	131
4	333	-214	1279948876	1	-6	6	-8	1	-2	1	-119	85	182	-83	-151	131
4	333	-214	1279950876	1	-7	7	-7	1	-2	1	-118	83	182	-83	-151	131
4	333	-214	1279952872	2	-8	5	-8	1	-2	1	-117	81	182	-83	-151	131
4	333	-214	1279954872	1	-6	6	-7	1	-2	1	-116	79	182	-83	-151	131
4	333	-214	1279956872	1	-6	6	-6	1	-2	1	-115	77	182	-83	-151	131
4	333	-214	1279958872	1	-7	6	-8	1	-2	1	-114	75	182	-83	-151	131
4	333	-214	1279960876	2	-6	7	-5	2	-2	1	-112	73	182	-83	-151	131
4	333	-214	1279962876	1	-6	6	-7	1	-2	1	-111	71	182	-83	-151	131
4	333	-214	1279964880	1	-6	6	-5	1	-2	1	-110	69	182	-83	-151	131
4	333	-214	1279966884	3	-5	8	-7	1	-1	1	-109	68	182	-83	-151	131
4	333	-214	1279968884	2	-5	7	-5	2	-2	1	-107	66	182	-83	-151	131
4	333	-214	1279970884	1	-5	9	-6	1	-1	0	-106	65	182	-83	-151	131
4	333	-214	1279972880	3	-5	7	-5	2	-2	0	-104	63	182	-83	-151	131
4	333	-214	1279974880	2	-5	10	-5	2	-1	0	-102	62	182	-83	-151	131
4	333	-214	1279976876	3	-5	9	-5	1	-2	0	-101	60	182	-83	-151	131
4	333	-214	1279978888	4	-5	11	-5	3	-1	0	-98	59	182	-83	-151	131
4	333	-214	1279980880	3	-5	13	-5	2	-2	0	-96	57	182	-83	-151	131
4	333	-214	1279982884	3	-5	11	-5	2	-1	0	-94	56	182	-83	-151	131
4	333	-214	1279984892	4	-5	15	-6	3	-2	0	-91	54	182	-83	-151	131
4	333	-214	1279986896	5	-7	13	-5	3	-2	0	-88	52	182	-83	-151	131
4	333	-214	1279988892	3	-5	16	-6	3	-2	0	-85	50	182	-83	-151	131
4	333	-214	1279990892	5	-5	15	-5	3	-1	0	-82	49	182	-83	-151	131
4	333	-214	1279992884	5	-7	19	-8	3	-2	0	-79	47	182	-83	-151	131
4	333	-214	1279994872	5	-6	17	-6	3	-2	0	-76	45	182	-83	-151	131
4	333	-214	1279996868	7	-7	20	-8	4	-2	0	-72	43	182	-83	-151	131
4	333	-214	1279998864	6	-8	20	-6	4	-2	0	-68	41	182	-83	-151	131
4	333	-214	1280000860	7	-9	23	-9	5	-3	0	-63	38	182	-83	-151	131
4	333	-214	1280002856	7	-8	22	-8	4	-3	0	-59	35	182	-83	-151	131
4	333	-214	1280004852	8	-10	25	-9	5	-2	0	-54	33	182	-83	-151	131
4	333	-214	1280006848	8	-10	25	-9	5	-3	0	-49	30	182	-83	-151	131
4	333	-214	1280008848	9	-10	29	-11	6	-3	0	-43	27	182	-83	-151	131
4	333	-214	1280010856	11	-11	26	-10	5	-4	0	-38	23	182	-83	-151	131
4	333	-214	1280012860	10	-11	31	-13	7	-3	0	-31	20	182	-83	-151	131
4	333	-214	1280014860	11	-11	34	-13	6	-4	0	-25	16	182	-83	-151	131
4	333	-214	1280016860	13	-15	31	-12	7	-4	0	-18	12	182	-83	-151	131
4	333	-214	1280018860	12	-13	37	-15	7	-4	0	-11	8	182	-83	-151	131
4	333	-214	1280020860	13	-14	33	-13	7	-4	0	-4	4	182	-83	-151	131
4	333	-214	1280022860	15	-16	42	-17	9	-5	0	5	-1	182	-83	-151	131
4	333	-214	1280024860	13	-15	37	-15	7	-5	0	12	-6	182	-83	-151	131
4	333	-214	1280026864	15	-16	45	-18	9	-5	0	21	-11	182	-83	-151	131
4	333	-214	1280028864	18	-19	41	-17	9	-5	0	30	-16	182	-83	-151	131
4	333	-214	1280030868	17	-17	50	-20	10	-6	0	40	-22	182	-83	-151	131
4	333	-214	1280032860	17	-19	47	-18	10	-5	0	50	-27	182	-83	-151	131
4	333	-214	1280034856	20	-23	55	-23	11	-7	0	61	-34	182	-83	-151	131
4	333	-214	1280036844	17	-20	51	-20	10	-6	0	71	-40	182	-83	-151	131
4	333	-214	1280038848	19	-22	61	-25	12	-7	0	83	-47	182	-83	-151	131
4	333	-214	1280040852	22	-26	55	-22	12	-7	0	95	-54	182	-83	-151	131
4	333	-214	1280042860	22	-24	68	-27	13	-8	0	108	-62	182	-83	-151	131
4	333	-214	1280044852	21	-26	70	-28	14	-8	0	122	-70	182	-83	-151	131
4	333	-214	1280046860	25	-30	63	-25	13	-8	0	135	-78	182	-83	-151	131
4	333	-214	1280048856	22	-28	78	-30	15	-9	0	150	-87	182	-83	-151	131
4	333	-214	1280050852	24	-30	69	-28	14	-9	0	164	-96	182	-83	-151	131
4	333	-214	1280052852	28	-34	83	-32	17	-10	0	181	-106	182	-83	-151	131
4	333	-214	1280054856	26	-30	75	-29	15	-8	0	196	-114	182	-83	-151	131
4	333	-214	1280056848	26	-32	90	-35	17	-10	0	213	-124	182	-83	-151	131
4	333	-214	1280058848	33	-36	80	-30	17	-10	0	230	-134	182	-83	-151	131
4	333	-214	1280060848	28	-34	95	-36	19	-11	0	249	-145	182	-83	-151	131
4	333	-214	1280062852	30	-34	87	-32	17	-10	0	266	-155	182	-83	-151	131
4	333	-214	1280064848	35	-39	100	-37	20	-11	0	286	-166	182	-83	-151	131
4	333	-214	1280066852	32	-33	88	-33	18	-10	0	304	-176	182	-83	-151	131
4	333	-214	1280068852	33	-35	104	-36	21	-11	0	325	-187	182	-83	-151	131
4	333	-214	1280070852	39	-38	91	-34	19	-11	0	344	-198	182	-83	-151	131
4	333	-214	1280072852	35	-35	107	-37	22	-10	0	366	-208	182	-83	-151	131
4	333	-214	1280074856	36	-34	107	-36	21	-11	0	387	-219	182	-83	-151	131
4	333	-214	1280076852	42	-37	94	-33	21	-10	0	408	-229	182	-83	-151	131
4	333	-214	1280078844	38	-33	109	-36	22	-11	0	430	-240	182	-83	-151	131
4	333	-214	1280080840	39	-32	95	-33	20	-9	0	450	-249	182	-83	-151	131
4	333	-214	1280082836	45	-35	108	-35	23	-11	0	473	-260	182	-83	-151	131
4	333	-214	1280084840	40	-30	94	-30	20	-9	0	493	-269	182	-83	-151	131
4	333	-214	1280086836	41	-29	108	-33	22	-9	0	515	-278	182	-83	-151	131
4	333	-214	1280088836	48	-31	92	-29	21	-9	0	536	-287	182	-83	-151	131
4	333	-214	1280090840	42	-28	105	-31	22	-9	0	558	-296	182	-83	-151	131
4	333	-214	1280092840	44	-26	90	-28	20	-8	0	578	-304	182	-83	-151	131
4	333	-214	1280094848	49	-27	103	-29	23	-9	0	601	-313	182	-83	-151	131
4	333	-214	1280096848	45	-24	87	-25	20	-7	0	621	-320	182	-83	-151	131
4	333	-214	1280098844	44	-24	98	-27	21	-8	0	642	-328	182	-83	-151	131
4	333	-214	1280100840	50	-24	85	-21	20	-6	0	662	-334	182	-83	-151	131
4	333	-214	1280102832	45	-20	95	-25	21	-7	0	683	-341	182	-83	-151	131
4	333	-214	1280104840	43	-18	91	-23	21	-6	0	704	-347	182	-83	-151	131
4	333	-214	1280106836	49	-20	79	-19	19	-6	0	723	-353	182	-83	-151	131
4	333	-214	1280108832	44	-17	87	-20	19	-6	0	742	-359	182	-83	-151	131
4	333	-214	1280110828	42	-15	75	-16	18	-4	0	760	-363	182	-83	-151	131
4	333	-214	1280112828	43	-15	81	-17	19	-5	0	779	-368	182	-83	-151	131
4	333	-214	1280114820	47	-15	70	-14	17	-4	0	796	-372	182	-83	-151	131
4	333	-214	1280116820	40	-12	77	-15	18	-4	0	814	-376	182	-83	-151	131
4	333	-214	1280118816	39	-11	65	-13	15	-4	0	829	-380	182	-83	-151	131
4	333	-214	1280120808	41	-12	70	-12	17	-4	0	846	-384	182	-83	-151	131
4	333	-214	1280122804	35	-10	57	-10	14	-3	0	860	-387	182	-83	-151	131
4	333	-214	1280124800	34	-8	64	-10	14	-2	0	874	-389	182	-83	-151	131
4	333	-214	1280126800	36	-8	51	-8	13	-3	0	887	-392	182	-83	-151	131
4	333	-214	1280128800	30	-7	56	-8	13	-2	0	900	-394	182	-83	-151	131
4	333	-214	1280130796	28	-7	45	-8	11	-2	0	911	-396	182	-83	-151	131
4	333	-214	1280132796	29	-6	49	-6	12	-2	0	923	-398	182	-83	-151	131
4	333	-214	1280134796	23	-5	38	-5	9	-2	0	932	-400	182	-83	-151	131
4	333	-214	1280136788	20	-4	40	-5	9	-1	0	941	-401	182	-83	-151	131
4	333	-214	1280138784	22	-3	31	-4	8	-1	0	949	-402	182	-83	-151	131
4	333	-214	1280140788	17	-3	31	-4	7	-1	0	956	-403	182	-83	-151	131
4	333	-214	1280142784	14	-2	24	-2	6	-1	0	962	-404	182	-83	-151	131
4	333	-214	1280144788	14	-3	24	-4	6	-1	0	968	-405	182	-83	-151	131
4	333	-214	1280146772	10	-1	20	-2	4	0	0	972	-405	182	-83	-151	131
4	333	-214	1280148780	8	-3	15	-2	4	-1	0	976	-406	182	-83	-151	131
4	333	-214	1280150768	8	-1	13	-1	3	0	0	979	-406	182	-83	-151	131
4	333	-214	1280152764	6	0	12	-1	2	0	0	981	-406	182	-83	-151	131
4	333	-214	1280154776	4	-1	8	-1	2	-1	0	983	-407	182	-83	-151	131
4	333	-214	1280156760	4	0	7	-2	2	0	1	985	-407	182	-83	-151	131
5	333	-214	1280158756	2	0	5	-1	1	0	1	183	-83	182	-83	-151	131
5	333	-214	1280160744	3	-1	3	0	1	0	1	184	-83	182	-83	-151	131
5	333	-214	1280162708	1	0	3	0	0	0	1	184	-83	182	-83	-151	131
5	333	-214	1280164724	0	0	1	0	1	0	1	185	-83	182	-83	-151	131
5	333	-214	1280166708	1	0	1	0	0	0	1	185	-83	182	-83	-151	131
5	-380	111	1280188728	1	0	0	0	0	0	1	185	-83	-198	28	182	-83
5	-380	111	1280194736	0	0	2	0	0	0	1	185	-83	-198	28	182	-83
5	-380	111	1280196752	2	0	0	0	1	0	1	186	-83	-198	28	182	-83
5	-380	111	1280202728	1	0	0	0	0	0	1	186	-83	-198	28	182	-83
5	-380	111	1280206736	1	0	0	0	0	0	1	186	-83	-198	28	182	-83
5	-380	111	1280212744	1	0	0	0	0	0	1	186	-83	-198	28	182	-83
5	-380	111	1280214748	0	0	1	0	0	0	1	186	-83	-198	28	182	-83
5	-380	111	1280218756	2	0	0	0	1	0	1	187	-83	-198	28	182	-83
5	-380	111	1280232728	0	0	0	0	0	0	0	187	-83	-198	28	182	-83
5	-380	111	1280250756	0	0	0	1	0	0	0	187	-83	-198	28	182	-83
5	-380	111	1280252780	0	1	-2	0	0	0	0	187	-83	-198	28	182	-83
5	-380	111	1280254772	0	2	-2	1	0	0	0	187	-83	-198	28	182	-83
5	-380	111	1280256776	0	2	-3	2	0	0	0	187	-83	-198	28	182	-83
5	-380	111	1280258804	0	3	-5	3	-1	1	0	186	-82	-198	28	182	-83
5	-380	111	1280260804	-1	3	-6	4	-1	1	0	185	-81	-198	28	182	-83
5	-380	111	1280262808	0	5	-7	5	-1	2	0	184	-79	-198	28	182	-83
5	-380	111	1280264808	-1	5	-8	5	-2	1	0	182	-78	-198	28	182	-83
5	-380	111	1280266816	-2	7	-11	6	-2	2	0	180	-76	-198	28	182	-83
5	-380	111	1280268816	-2	7	-11	6	-2	2	0	178	-74	-198	28	182	-83
5	-380	111	1280270820	-2	9	-15	8	-2	3	0	176	-71	-198	28	182	-83
5	-380	111	1280272820	-3	9	-15	8	-3	2	0	173	-69	-198	28	182	-83
5	-380	111	1280274828	-2	10	-20	10	-3	3	0	170	-66	-198	28	182	-83
5	-380	111	1280276828	-4	12	-19	10	-4	3	0	166	-63	-198	28	182	-83
5	-380	111	1280278824	-4	13	-25	13	-4	4	0	162	-59	-198	28	182	-83
5	-380	111	1280280824	-5	12	-29	15	-5	4	0	157	-55	-198	28	182	-83
5	-380	111	1280282820	-6	18	-29	12	-5	5	0	152	-50	-198	28	182	-83
5	-380	111	1280284816	-6	15	-35	18	-6	5	0	146	-45	-198	28	182	-83
5	-380	111	1280286812	-6	16	-32	15	-6	4	0	140	-41	-198	28	182	-83
5	-380	111	1280288808	-10	19	-41	19	-8	6	0	132	-35	-198	28	182	-83
5	-380	111	1280290804	-10	18	-40	17	-7	5	0	125	-30	-198	28	182	-83
5	-380	111	1280292804	-12	19	-48	20	-9	6	0	116	-24	-198	28	182	-83
5	-380	111	1280294808	-13	23	-45	19	-9	7	0	107	-17	-198	28	182	-83
5	-380	111	1280296808	-15	20	-56	22	-11	6	0	96	-11	-198	28	182	-83
5	-380	111	1280298804	-17	22	-51	20	-10	6	0	86	-5	-198	28	182	-83
5	-380	111	1280300800	-20	25	-64	25	-12	8	0	74	3	-198	28	182	-83
5	-380	111	1280302800	-21	24	-59	23	-12	7	0	62	10	-198	28	182	-83
5	-380	111	1280304800	-22	24	-72	26	-15	7	0	47	17	-198	28	182	-83
5	-380	111	1280306796	-29	28	-67	24	-14	8	0	33	25	-198	28	182	-83
5	-380	111	1280308792	-28	25	-81	29	-16	8	0	17	33	-198	28	182	-83
5	-380	111	1280310788	-31	27	-76	25	-16	8	0	1	41	-198	28	182	-83
5	-380	111	1280312788	-37	30	-90	30	-19	9	0	-18	50	-198	28	182	-83
5	-380	111	1280314788	-35	26	-85	26	-18	8	0	-36	58	-198	28	182	-83
5	-380	111	1280316796	-39	27	-101	30	-21	8	0	-57	66	-198	28	182	-83
5	-380	111	1280318800	-48	30	-107	31	-24	9	0	-81	75	-198	28	182	-83
5	-380	111	1280320800	-45	27	-97	26	-21	8	0	-102	83	-198	28	182	-83
5	-380	111	1280322808	-47	27	-116	32	-24	9	0	-126	92	-198	28	182	-83
5	-380	111	1280324808	-56	30	-107	26	-25	9	0	-151	101	-198	28	182	-83
5	-380	111	1280326812	-53	26	-125	31	-27	8	0	-178	109	-198	28	182	-83
5	-380	111	1280328804	-55	27	-113	26	-25	8	0	-203	117	-198	28	182	-83
5	-380	111	1280330808	-66	28	-133	30	-30	9	0	-233	126	-198	28	182	-83
5	-380	111	1280332808	-60	25	-121	27	-27	8	0	-260	134	-198	28	182	-83
5	-380	111	1280334804	-63	24	-140	30	-30	8	0	-290	142	-198	28	182	-83
5	-380	111	1280336808	-72	28	-125	25	-30	8	0	-320	150	-198	28	182	-83
5	-380	111	1280338816	-66	23	-146	28	-32	7	0	-352	157	-198	28	182	-83
5	-380	111	1280340816	-68	23	-149	28	-32	8	0	-384	165	-198	28	182	-83
5	-380	111	1280342820	-77	26	-130	24	-31	7	0	-415	172	-198	28	182	-83
5	-380	111	1280344820	-72	23	-150	27	-33	8	0	-448	180	-198	28	182	-83
5	-380	111	1280346824	-71	21	-131	23	-31	7	0	-479	187	-198	28	182	-83
5	-380	111	1280348824	-80	24	-150	25	-34	7	0	-513	194	-198	28	182	-83
5	-380	111	1280350828	-72	21	-130	22	-31	6	0	-544	200	-198	28	182	-83
5	-380	111	1280352836	-72	20	-148	24	-33	7	0	-577	207	-198	28	182	-83
5	-380	111	1280354828	-81	22	-127	21	-31	6	0	-608	213	-198	28	182	-83
5	-380	111	1280356832	-71	19	-143	23	-32	7	0	-640	220	-198	28	182	-83
5	-380	111	1280358832	-70	18	-124	20	-29	5	0	-669	225	-198	28	182	-83
5	-380	111	1280360848	-79	20	-136	21	-32	7	0	-701	232	-198	28	182	-83
5	-380	111	1280362848	-69	17	-134	21	-31	5	0	-732	237	-198	28	182	-83
5	-380	111	1280364848	-66	15	-112	18	-26	5	0	-758	242	-198	28	182	-83
5	-380	111	1280366848	-74	18	-125	18	-30	6	0	-788	248	-198	28	182	-83
5	-380	111	1280368848	-63	13	-105	15	-25	4	0	-813	252	-198	28	182	-83
5	-380	111	1280370852	-63	14	-115	18	-27	5	0	-840	257	-198	28	182	-83
5	-380	111	1280372856	-66	14	-96	14	-24	4	0	-864	261	-198	28	182	-83
5	-380	111	1280374852	-58	11	-105	15	-25	4	0	-889	265	-198	28	182	-83
5	-380	111	1280376856	-55	10	-88	12	-21	3	0	-910	268	-198	28	182	-83
5	-380	111	1280378844	-58	11	-94	14	-23	4	0	-933	272	-198	28	182	-83
5	-380	111	1280380848	-49	8	-76	10	-19	2	0	-952	274	-198	28	182	-83
5	-380	111	1280382840	-46	7	-82	10	-19	3	0	-971	277	-198	28	182	-83
5	-380	111	1280384844	-49	9	-67	9	-17	3	0	-988	280	-198	28	182	-83
5	-380	111	1280386840	-39	5	-70	8	-17	2	0	-1005	282	-198	28	182	-83
5	-380	111	1280388844	-36	6	-56	7	-14	2	0	-1019	284	-198	28	182	-83
5	-380	111	1280390844	-36	5	-57	7	-14	1	0	-1033	285	-198	28	182	-83
5	-380	111	1280392844	-29	4	-52	5	-12	2	0	-1045	287	-198	28	182	-83
5	-380	111	1280394848	-26	3	-40	5	-10	1	0	-1055	288	-198	28	182	-83
5	-380	111	1280396848	-25	2	-38	4	-9	1	0	-1064	289	-198	28	182	-83
5	-380	111	1280398840	-18	3	-30	4	-7	1	0	-1071	290	-198	28	182	-83
5	-380	111	1280400820	-16	2	-30	2	-7	0	0	-1078	290	-198	28	182	-83
5	-380	111	1280402840	-15	1	-23	1	-6	1	0	-1084	291	-198	28	182	-83
5	-380	111	1280404836	-10	2	-20	3	-4	1	0	-1088	292	-198	28	182	-83
5	-380	111	1280406816	-9	0	-15	1	-4	0	0	-1092	292	-198	28	182	-83
5	-380	111	1280408816	-7	1	-14	1	-3	0	0	-1095	292	-198	28	182	-83
5	-380	111	1280410792	-5	0	-8	0	-2	0	0	-1097	292	-198	28	182	-83
5	-380	111	1280412820	-3	1	-8	2	-2	0	0	-1099	292	-198	28	182	-83
5	-380	111	1280414788	-2	0	-5	0	-1	0	0	-1100	292	-198	28	182	-83
5	-380	111	1280416776	0	0	-2	0	0	0	0	-1100	292	-198	28	182	-83
5	-380	111	1280418772	0	0	-2	0	0	0	0	-1100	292	-198	28	182	-83
5	-380	111	1280422776	1	0	2	0	0	0	0	-1100	292	-198	28	182	-83
5	-380	111	1280424780	1	0	2	0	0	0	0	-1100	292	-198	28	182	-83
5	-380	111	1280426824	4	-2	5	-1	1	0	0	-1099	292	-198	28	182	-83
5	-380	111	1280428828	3	-1	4	-2	1	0	0	-1098	292	-198	28	182	-83
5	-380	111	1280430828	3	-2	6	-2	1	0	1	-1097	292	-198	28	182	-83
6	-380	111	1280432840	5	-2	7	-1	2	-1	1	-196	27	-198	28	182	-83
6	-380	111	1280434824	5	-2	7	-2	2	0	1	-194	27	-198	28	182	-83
6	-380	111	1280436836	5	-3	8	-3	2	-1	1	-192	26	-198	28	182	-83
6	396	0	1280438832	8	-3	8	-2	2	-1	1	-190	25	198	28	-198	28
6	396	0	1280440828	6	-3	9	-3	3	-1	1	-187	24	198	28	-198	28
6	396	0	1280442828	8	-4	10	-4	2	-1	1	-185	23	198	28	-198	28
6	396	0	1280444828	7	-3	10	-3	3	-1	1	-182	22	198	28	-198	28
6	396	0	1280446832	8	-4	11	-4	3	-1	1	-179	21	198	28	-198	28
6	396	0	1280448832	7	-4	12	-4	2	-1	1	-177	20	198	28	-198	28
6	396	0	1280450832	8	-4	12	-4	3	-1	1	-174	19	198	28	-198	28
6	396	0	1280452832	7	-5	13	-5	3	-2	1	-171	17	198	28	-198	28
6	396	0	1280454832	8	-3	10	-3	3	-1	1	-168	16	198	28	-198	28
6	396	0	1280456832	8	-4	12	-4	3	-1	1	-165	15	198	28	-198	28
6	396	0	1280458832	7	-4	10	-4	3	-1	1	-162	14	198	28	-198	28
6	396	0	1280460832	7	-5	13	-5	3	-2	1	-159	12	198	28	-198	28
6	396	0	1280462828	8	-4	10	-4	2	-1	1	-157	11	198	28	-198	28
6	396	0	1280464828	6	-3	11	-3	3	-1	1	-154	10	198	28	-198	28
6	396	0	1280466832	7	-4	10	-5	3	-1	1	-151	9	198	28	-198	28
6	396	0	1280468836	7	-5	11	-4	2	-1	1	-149	8	198	28	-198	28
6	396	0	1280470836	7	-4	10	-5	3	-2	1	-146	6	198	28	-198	28
6	396	0	1280472836	6	-4	10	-5	2	-1	1	-144	5	198	28	-198	28
6	396	0	1280474836	8	-5	10	-4	3	-2	1	-141	3	198	28	-198	28
6	396	0	1280476840	7	-3	11	-5	3	-1	1	-138	2	198	28	-198	28
6	396	0	1280478840	7	-5	12	-5	2	-1	1	-136	1	198	28	-198	28
6	396	0	1280480840	8	-5	10	-5	3	-2	1	-133	-1	198	28	-198	28
6	396	0	1280482840	8	-4	11	-5	3	-1	1	-130	-2	198	28	-198	28
6	396	0	1280484840	7	-5	11	-5	3	-2	1	-127	-4	198	28	-198	28
6	396	0	1280486844	10	-5	13	-5	3	-1	1	-124	-5	198	28	-198	28
6	396	0	1280488848	8	-4	11	-5	3	-1	1	-121	-6	198	28	-198	28
6	396	0	1280490848	9	-5	12	-6	3	-2	1	-118	-8	198	28	-198	28
6	396	0	1280492848	10	-5	13	-5	4	-2	1	-114	-10	198	28	-198	28
6	396	0	1280494844	8	-4	15	-5	3	-1	1	-111	-11	198	28	-198	28
6	396	0	1280496844	9	-5	12	-5	3	-1	1	-108	-12	198	28	-198	28
6	396	0	1280498844	10	-5	17	-5	4	-2	1	-104	-14	198	28	-198	28
6	396	0	1280500836	9	-3	13	-5	4	-1	1	-100	-15	198	28	-198	28
6	396	0	1280502840	9	-4	17	-5	3	-1	1	-97	-16	198	28	-198	28
6	396	0	1280504840	11	-5	15	-5	4	-2	1	-93	-18	198	28	-198	28
6	396	0	1280506828	10	-4	18	-5	5	-1	1	-88	-19	198	28	-198	28
6	396	0	1280508828	9	-4	17	-4	3	-2	1	-85	-21	198	28	-198	28
6	396	0	1280510832	11	-5	18	-4	5	-1	0	-80	-22	198	28	-198	28
6	396	0	1280512828	11	-2	20	-5	4	-1	0	-76	-23	198	28	-198	28
6	396	0	1280514820	10	-4	19	-2	5	-1	0	-71	-24	198	28	-198	28
6	396	0	1280516824	13	-2	21	-4	5	-1	0	-66	-25	198	28	-198	28
6	396	0	1280518808	10	-3	20	-2	4	0	0	-62	-25	198	28	-198	28
6	396	0	1280520816	12	-1	23	-3	6	-1	0	-56	-26	198	28	-198	28
6	396	0	1280522824	13	-3	21	-2	5	-1	0	-51	-27	198	28	-198	28
6	396	0	1280524800	11	-1	25	-2	5	0	0	-46	-27	198	28	-198	28
6	396	0	1280526808	12	0	21	-1	5	0	0	-41	-27	198	28	-198	28
6	396	0	1280528828	15	-1	28	-1	7	-1	0	-34	-28	198	28	-198	28
6	396	0	1280530792	13	0	24	0	5	0	0	-29	-28	198	28	-198	28
6	396	0	1280532784	14	0	28	0	6	0	0	-23	-28	198	28	-198	28
6	396	0	1280534788	16	0	27	0	7	0	0	-16	-28	198	28	-198	28
6	396	0	1280536816	15	2	30	0	7	0	0	-9	-28	198	28	-198	28
6	396	0	1280538816	15	2	28	2	6	0	0	-3	-28	198	28	-198	28
6	396	0	1280540824	19	3	35	2	8	1	0	5	-27	198	28	-198	28
6	396	0	1280542820	16	2	35	3	8	1	0	13	-26	198	28	-198	28
6	396	0	1280544820	19	4	34	3	8	1	0	21	-25	198	28	-198	28
6	396	0	1280546812	21	5	40	4	9	1	0	30	-24	198	28	-198	28
6	396	0	1280548804	20	4	36	4	8	1	0	38	-23	198	28	-198	28
6	396	0	1280550800	22	5	44	5	10	2	0	48	-21	198	28	-198	28
6	396	0	1280552800	27	6	41	5	10	1	0	58	-20	198	28	-198	28
6	396	0	1280554800	23	6	50	6	11	2	0	69	-18	198	28	-198	28
6	396	0	1280556800	27	6	45	6	11	2	0	80	-16	198	28	-198	28
6	396	0	1280558804	27	7	57	8	13	2	0	93	-14	198	28	-198	28
6	396	0	1280560804	33	7	51	6	12	2	0	105	-12	198	28	-198	28
6	396	0	1280562804	31	6	61	8	14	2	0	119	-10	198	28	-198	28
6	396	0	1280564808	36	8	56	6	14	2	0	133	-8	198	28	-198	28
6	396	0	1280566808	34	7	69	7	15	3	0	148	-5	198	28	-198	28
6	396	0	1280568812	36	8	63	7	15	2	0	163	-3	198	28	-198	28
6	396	0	1280570816	43	7	75	8	18	2	0	181	-1	198	28	-198	28
6	396	0	1280572820	38	8	78	8	17	2	0	198	1	198	28	-198	28
6	396	0	1280574820	42	7	72	6	17	2	0	215	3	198	28	-198	28
6	396	0	1280576820	47	9	85	9	20	3	0	235	6	198	28	-198	28
6	396	0	1280578816	45	6	77	6	19	2	0	254	8	198	28	-198	28
6	396	0	1280580816	45	8	93	8	20	2	0	274	10	198	28	-198	28
6	396	0	1280582816	53	7	82	6	20	2	0	294	12	198	28	-198	28
6	396	0	1280584816	47	7	96	7	22	2	0	316	14	198	28	-198	28
6	396	0	1280586816	49	6	88	7	20	2	0	336	16	198	28	-198	28
6	396	0	1280588820	57	7	102	6	24	2	0	360	18	198	28	-198	28
6	396	0	1280590804	52	7	92	6	22	2	0	382	20	198	28	-198	28
6	396	0	1280592808	52	7	105	8	23	2	0	405	22	198	28	-198	28
6	396	0	1280594804	60	6	93	5	23	2	0	428	24	198	28	-198	28
6	396	0	1280596804	55	8	109	7	25	2	0	453	26	198	28	-198	28
6	396	0	1280598796	56	6	95	6	23	2	0	476	28	198	28	-198	28
6	396	0	1280600804	57	8	110	8	25	3	0	501	31	198	28	-198	28
6	396	0	1280602804	63	7	96	6	24	1	0	525	32	198	28	-198	28
6	396	0	1280604792	57	6	110	8	25	3	0	550	35	198	28	-198	28
6	396	0	1280606800	57	8	110	8	25	2	0	575	37	198	28	-198	28
6	396	0	1280608796	65	9	97	7	24	2	0	599	39	198	28	-198	28
6	396	0	1280610796	56	8	108	8	25	3	0	624	42	198	28	-198	28
6	396	0	1280612788	58	8	94	7	22	2	0	646	44	198	28	-198	28
6	396	0	1280614792	65	9	106	8	26	3	0	672	47	198	28	-198	28
6	396	0	1280616788	57	8	92	8	22	2	0	694	49	198	28	-198	28
6	396	0	1280618788	57	9	102	9	24	3	0	718	52	198	28	-198	28
6	396	0	1280620788	62	10	88	7	23	2	0	741	54	198	28	-198	28
6	396	0	1280622784	55	8	98	10	23	3	0	764	57	198	28	-198	28
6	396	0	1280624776	54	8	84	8	20	2	0	784	59	198	28	-198	28
6	396	0	1280626776	60	10	93	8	23	3	0	807	62	198	28	-198	28
6	396	0	1280628772	51	9	78	8	20	3	0	827	65	198	28	-198	28
6	396	0	1280630764	50	8	88	9	20	2	0	847	67	198	28	-198	28
6	396	0	1280632764	54	10	74	7	20	3	0	867	70	198	28	-198	28
6	396	0	1280634760	47	7	81	9	19	2	0	886	72	198	28	-198	28
6	396	0	1280636764	45	8	67	6	17	2	0	903	74	198	28	-198	28
6	396	0	1280638756	49	8	74	8	18	3	0	921	77	198	28	-198	28
6	396	0	1280640760	40	7	61	7	15	2	0	936	79	198	28	-198	28
6	396	0	1280642764	39	6	67	6	16	1	0	952	80	198	28	-198	28
6	396	0	1280644764	40	7	62	8	15	3	0	967	83	198	28	-198	28
6	396	0	1280646764	34	5	50	5	13	1	0	980	84	198	28	-198	28
6	396	0	1280648764	30	5	53	5	12	2	0	992	86	198	28	-198	28
6	396	0	1280650768	31	7	42	5	11	2	0	1003	88	198	28	-198	28
6	396	0	1280652772	25	3	43	5	11	1	0	1014	89	198	28	-198	28
6	396	0	1280654764	22	4	35	4	8	1	0	1022	90	198	28	-198	28
6	396	0	1280656772	22	4	33	2	8	1	0	1030	91	198	28	-198	28
6	396	0	1280658776	16	4	27	4	7	1	0	1037	92	198	28	-198	28
6	396	0	1280660772	15	2	26	2	6	1	0	1043	93	198	28	-198	28
6	396	0	1280662756	12	1	20	2	5	0	0	1048	93	198	28	-198	28
6	396	0	1280664764	10	3	19	2	4	1	0	1052	94	198	28	-198	28
6	396	0	1280666748	9	1	13	1	3	0	0	1055	94	198	28	-198	28
6	396	0	1280668760	6	1	13	2	3	1	0	1058	95	198	28	-198	28
6	396	0	1280670752	5	0	9	1	2	0	0	1060	95	198	28	-198	28
6	396	0	1280672744	4	2	8	1	2	0	0	1062	95	198	28	-198	28
6	396	0	1280674712	3	0	5	0	1	0	0	1063	95	198	28	-198	28
6	396	0	1280676744	1	1	3	0	1	0	0	1064	95	198	28	-198	28
6	396	0	1280678708	0	0	2	0	0	0	0	1064	95	198	28	-198	28
6	396	0	1280680752	1	0	2	1	1	0	0	1065	95	198	28	-198	28
6	396	0	1280682712	0	0	1	0	0	0	0	1065	95	198	28	-198	28
6	396	0	1280690700	0	0	0	0	0	0	1	1065	95	198	28	-198	28
7	-380	-111	1280770768	0	0	0	0	0	0	0	198	28	-182	-83	198	28
7	-380	-111	1280788808	-1	0	-2	0	0	0	0	198	28	-182	-83	198	28
7	-380	-111	1280790812	0	0	-3	0	0	0	0	198	28	-182	-83	198	28
7	-380	-111	1280792856	-3	-1	-3	0	-1	0	0	197	28	-182	-83	198	28
7	-380	-111	1280794820	-2	0	-6	0	-1	0	0	196	28	-182	-83	198	28
7	-380	-111	1280796852	-3	-1	-6	0	-1	0	0	195	28	-182	-83	198	28
7	-380	-111	1280798852	-4	-1	-9	-1	-2	0	0	193	28	-182	-83	198	28
7	-380	-111	1280800848	-6	-1	-13	0	-3	0	0	190	28	-182	-83	198	28
7	-380	-111	1280802844	-6	-2	-12	-2	-3	0	0	187	28	-182	-83	198	28
7	-380	-111	1280804836	-8	-1	-16	-2	-4	0	0	183	28	-182	-83	198	28
7	-380	-111	1280806852	-10	-2	-18	-1	-4	-1	0	179	27	-182	-83	198	28
7	-380	-111	1280808852	-10	-3	-24	-3	-5	-1	0	174	26	-182	-83	198	28
7	-380	-111	1280810856	-13	-4	-23	-2	-5	-1	0	169	25	-182	-83	198	28
7	-380	-111	1280812860	-15	-3	-32	-4	-7	-1	0	162	24	-182	-83	198	28
7	-380	-111	1280814852	-18	-4	-31	-5	-8	-1	0	154	23	-182	-83	198	28
7	-380	-111	1280816856	-21	-6	-40	-5	-9	-2	0	145	21	-182	-83	198	28
7	-380	-111	1280818864	-23	-5	-39	-5	-9	-1	0	136	20	-182	-83	198	28
7	-380	-111	1280820856	-25	-7	-48	-8	-11	-2	0	125	18	-182	-83	198	28
7	-380	-111	1280822864	-30	-8	-47	-7	-12	-3	0	113	15	-182	-83	198	28
7	-380	-111	1280824860	-31	-9	-58	-10	-13	-2	0	100	13	-182	-83	198	28
7	-380	-111	1280826860	-32	-9	-64	-10	-14	-3	0	86	10	-182	-83	198	28
7	-380	-111	1280828860	-40	-11	-59	-10	-15	-3	0	71	7	-182	-83	198	28
7	-380	-111	1280830864	-39	-13	-74	-14	-17	-5	0	54	2	-182	-83	198	28
7	-380	-111	1280832856	-43	-12	-68	-11	-17	-3	0	37	-1	-182	-83	198	28
7	-380	-111	1280834864	-50	-16	-84	-15	-20	-5	0	17	-6	-182	-83	198	28
7	-380	-111	1280836860	-48	-15	-78	-15	-19	-4	0	-2	-10	-182	-83	198	28
7	-380	-111	1280838856	-52	-17	-95	-18	-22	-5	0	-24	-15	-182	-83	198	28
7	-380	-111	1280840848	-61	-18	-87	-16	-22	-5	0	-46	-20	-182	-83	198	28
7	-380	-111	1280842852	-57	-18	-105	-20	-24	-6	0	-70	-26	-182	-83	198	28
7	-380	-111	1280844852	-60	-19	-96	-17	-24	-6	0	-94	-32	-182	-83	198	28
7	-380	-111	1280846856	-70	-21	-114	-22	-27	-6	0	-121	-38	-182	-83	198	28
7	-380	-111	1280848848	-67	-20	-105	-18	-26	-6	0	-147	-44	-182	-83	198	28
7	-380	-111	1280850848	-67	-20	-124	-23	-29	-6	0	-176	-50	-182	-83	198	28
7	-380	-111	1280852848	-79	-24	-112	-20	-28	-7	0	-204	-57	-182	-83	198	28
7	-380	-111	1280854844	-72	-20	-132	-22	-31	-6	0	-235	-63	-182	-83	198	28
7	-380	-111	1280856844	-74	-21	-118	-20	-29	-6	0	-264	-69	-182	-83	198	28
7	-380	-111	1280858844	-85	-24	-139	-23	-33	-7	0	-297	-76	-182	-83	198	28
7	-380	-111	1280860844	-78	-20	-143	-22	-34	-7	0	-331	-83	-182	-83	198	28
7	-380	-111	1280862844	-77	-21	-126	-20	-30	-6	0	-361	-89	-182	-83	198	28
7	-380	-111	1280864844	-90	-22	-147	-23	-36	-6	0	-397	-95	-182	-83	198	28
7	-380	-111	1280866840	-80	-20	-130	-19	-31	-6	0	-428	-101	-182	-83	198	28
7	-380	-111	1280868840	-81	-19	-150	-22	-35	-6	0	-463	-107	-182	-83	198	28
7	-380	-111	1280870840	-92	-21	-132	-19	-33	-6	0	-496	-113	-182	-83	198	28
7	-380	-111	1280872848	-81	-19	-150	-21	-35	-6	0	-531	-119	-182	-83	198	28
7	-380	-111	1280874848	-80	-18	-131	-18	-32	-6	0	-563	-125	-182	-83	198	28
7	-380	-111	1280876852	-90	-20	-149	-21	-36	-6	0	-599	-131	-182	-83	198	28
7	-380	-111	1280878852	-80	-17	-128	-17	-31	-5	0	-630	-136	-182	-83	198	28
7	-380	-111	1280880852	-77	-18	-145	-20	-33	-6	0	-663	-142	-182	-83	198	28
7	-380	-111	1280882852	-88	-20	-124	-18	-32	-6	0	-695	-148	-182	-83	198	28
7	-380	-111	1280884852	-75	-16	-140	-19	-32	-5	0	-727	-153	-182	-83	198	28
7	-380	-111	1280886852	-74	-16	-119	-17	-29	-5	0	-756	-158	-182	-83	198	28
7	-380	-111	1280888848	-81	-18	-131	-19	-32	-5	0	-788	-163	-182	-83	198	28
7	-380	-111	1280890848	-70	-16	-128	-19	-30	-6	0	-818	-169	-182	-83	198	28
7	-380	-111	1280892840	-67	-15	-106	-16	-25	-4	0	-843	-173	-182	-83	198	28
7	-380	-111	1280894836	-73	-17	-117	-17	-29	-5	0	-872	-178	-182	-83	198	28
7	-380	-111	1280896836	-61	-15	-98	-17	-24	-5	0	-896	-183	-182	-83	198	28
7	-380	-111	1280898844	-59	-14	-106	-17	-25	-5	0	-921	-188	-182	-83	198	28
7	-380	-111	1280900844	-62	-16	-86	-15	-22	-4	0	-943	-192	-182	-83	198	28
7	-380	-111	1280902852	-52	-14	-93	-16	-22	-5	0	-965	-197	-182	-83	198	28
7	-380	-111	1280904848	-48	-14	-76	-14	-18	-4	0	-983	-201	-182	-83	198	28
7	-380	-111	1280906856	-50	-15	-79	-16	-19	-5	0	-1002	-206	-182	-83	198	28
7	-380	-111	1280908852	-42	-12	-64	-14	-16	-4	0	-1018	-210	-182	-83	198	28
7	-380	-111	1280910848	-37	-12	-66	-14	-16	-4	0	-1034	-214	-182	-83	198	28
7	-380	-111	1280912840	-38	-12	-51	-12	-13	-3	0	-1047	-217	-182	-83	198	28
7	-380	-111	1280914844	-28	-10	-53	-13	-12	-4	0	-1059	-221	-182	-83	198	28
7	-380	-111	1280916852	-27	-9	-40	-10	-10	-2	0	-1069	-223	-182	-83	198	28
7	-380	-111	1280918852	-23	-10	-40	-11	-10	-4	0	-1079	-227	-182	-83	198	28
7	-380	-111	1280920848	-19	-7	-33	-9	-8	-2	0	-1087	-229	-182	-83	198	28
7	-380	-111	1280922844	-16	-7	-25	-9	-6	-2	0	-1093	-231	-182	-83	198	28
7	-380	-111	1280924848	-14	-6	-25	-7	-6	-2	0	-1099	-233	-182	-83	198	28
7	-380	-111	1280926848	-11	-5	-18	-5	-4	-2	0	-1103	-235	-182	-83	198	28
7	-380	-111	1280928848	-8	-4	-16	-6	-4	-1	0	-1107	-236	-182	-83	198	28
7	-380	-111	1280930848	-7	-3	-10	-5	-2	-2	0	-1109	-238	-182	-83	198	28
7	-380	-111	1280932844	-4	-3	-10	-4	-2	-1	0	-1111	-239	-182	-83	198	28
7	-380	-111	1280934828	-4	-2	-6	-4	-2	0	0	-1113	-239	-182	-83	198	28
7	-380	-111	1280936840	-1	-2	-5	-2	-1	-1	0	-1114	-240	-182	-83	198	28
7	-380	-111	1280938824	-1	-1	-2	-2	0	-1	0	-1114	-241	-182	-83	198	28
7	-380	-111	1280940812	0	-1	-1	-2	0	0	0	-1114	-241	-182	-83	198	28
7	-380	-111	1280942780	0	-1	0	-1	0	0	0	-1114	-241	-182	-83	198	28
7	-380	-111	1280944788	0	-2	0	-2	0	-1	0	-1114	-242	-182	-83	198	28
7	-380	-111	1280946804	2	-1	3	-1	0	0	0	-1114	-242	-182	-83	198	28
7	-380	-111	1280948832	3	-2	4	-1	1	-1	0	-1113	-243	-182	-83	198	28
7	-380	-111	1280950832	2	-3	5	-3	1	-1	0	-1112	-244	-182	-83	198	28
7	-380	-111	1280952820	4	-2	6	-2	1	0	1	-1111	-244	-182	-83	198	28
8	-380	-111	1280954828	5	-4	6	-3	2	-1	1	-180	-84	-182	-83	198	28
8	-380	-111	1280956836	5	-4	6	-2	1	-1	1	-179	-85	-182	-83	198	28
8	-380	-111	1280958844	6	-2	9	-4	3	-1	1	-176	-86	-182	-83	198	28
8	-380	-111	1280960844	7	-5	8	-4	2	-1	1	-174	-87	-182	-83	198	28
8	-380	-111	1280962840	6	-4	8	-3	2	-1	1	-172	-88	-182	-83	198	28
8	-380	-111	1280964836	6	-4	9	-4	2	-2	1	-170	-90	-182	-83	198	28
8	-380	-111	1280966832	8	-5	10	-4	3	-1	1	-167	-91	-182	-83	198	28
8	-380	-111	1280968832	7	-5	9	-4	2	-1	1	-165	-92	-182	-83	198	28
8	333	214	1280970828	8	-4	11	-5	3	-2	1	-162	-94	151	131	-182	-83
8	333	214	1280972832	6	-3	9	-3	2	-1	1	-160	-95	151	131	-182	-83
8	333	214	1280974824	9	-5	11	-5	3	-1	1	-157	-96	151	131	-182	-83
8	333	214	1280976824	6	-4	9	-4	3	-1	1	-154	-97	151	131	-182	-83
8	333	214	1280978820	6	-4	11	-5	2	-2	1	-152	-99	151	131	-182	-83
8	333	214	1280980824	6	-4	8	-3	2	-1	1	-150	-100	151	131	-182	-83
8	333	214	1280982820	5	-2	10	-5	3	-1	1	-147	-101	151	131	-182	-83
8	333	214	1280984824	5	-4	7	-2	1	-1	1	-146	-102	151	131	-182	-83
8	333	214	1280986808	5	-2	8	-4	2	0	1	-144	-102	151	131	-182	-83
8	333	214	1280988820	5	-3	7	-2	2	-1	1	-142	-103	151	131	-182	-83
8	333	214	1280990816	4	-2	6	-4	2	-1	1	-140	-104	151	131	-182	-83
8	333	214	1280992816	4	-4	8	-3	1	-1	1	-139	-105	151	131	-182	-83
8	333	214	1280994808	4	-3	5	-2	2	-1	1	-137	-106	151	131	-182	-83
8	333	214	1280996808	3	-2	6	-4	1	-1	1	-136	-107	151	131	-182	-83
8	333	214	1280998812	4	-3	6	-2	2	-1	1	-134	-108	151	131	-182	-83
8	333	214	1281000808	3	-2	7	-3	1	0	1	-133	-108	151	131	-182	-83
8	333	214	1281002820	3	-3	5	-2	1	-1	1	-132	-109	151	131	-182	-83
8	333	214	1281004816	4	-3	6	-3	2	-1	1	-130	-110	151	131	-182	-83
8	333	214	1281006816	3	-3	6	-2	1	-1	1	-129	-111	151	131	-182	-83
8	333	214	1281008800	3	-2	6	-3	2	0	1	-127	-111	151	131	-182	-83
8	333	214	1281010812	4	-3	7	-2	1	-1	1	-126	-112	151	131	-182	-83
8	333	214	1281012812	3	-2	6	-3	2	-1	1	-124	-113	151	131	-182	-83
8	333	214	1281014812	3	-3	5	-2	1	-1	1	-123	-114	151	131	-182	-83
8	333	214	1281016788	3	-2	7	-3	1	0	1	-122	-114	151	131	-182	-83
8	333	214	1281018804	4	-3	8	-2	2	-1	1	-120	-115	151	131	-182	-83
8	333	214	1281020804	2	-1	6	-2	1	-1	1	-119	-116	151	131	-182	-83
8	333	214	1281022788	4	-3	8	-2	2	0	1	-117	-116	151	131	-182	-83
8	333	214	1281024804	2	-1	6	-1	1	-1	1	-116	-117	151	131	-182	-83
8	333	214	1281026784	4	-1	7	-3	2	0	1	-114	-117	151	131	-182	-83
8	333	214	1281028796	4	-1	7	-1	2	-1	1	-112	-118	151	131	-182	-83
8	333	214	1281030784	4	-2	8	-1	1	0	1	-111	-118	151	131	-182	-83
8	333	214	1281032796	2	-1	8	-2	2	-1	1	-109	-119	151	131	-182	-83
8	333	214	1281034752	5	0	7	0	2	0	1	-107	-119	151	131	-182	-83
8	333	214	1281036788	4	0	9	-1	2	0	1	-105	-119	151	131	-182	-83
8	333	214	1281038756	4	0	9	0	2	0	1	-103	-119	151	131	-182	-83
8	333	214	1281040764	6	0	9	0	2	0	0	-101	-119	151	131	-182	-83
8	333	214	1281042768	5	0	10	0	2	0	0	-99	-119	151	131	-182	-83
8	333	214	1281044792	5	2	10	1	2	0	0	-97	-119	151	131	-182	-83
8	333	214	1281046796	7	2	12	1	3	0	0	-94	-119	151	131	-182	-83
8	333	214	1281048808	7	3	13	2	3	1	0	-91	-118	151	131	-182	-83
8	333	214	1281050812	7	4	12	4	3	1	0	-88	-117	151	131	-182	-83
8	333	214	1281052816	10	3	15	5	4	1	0	-84	-116	151	131	-182	-83
8	333	214	1281054812	9	7	14	4	3	2	0	-81	-114	151	131	-182	-83
8	333	214	1281056816	10	5	17	6	4	2	0	-77	-112	151	131	-182	-83
8	333	214	1281058808	11	7	18	8	5	2	0	-72	-110	151	131	-182	-83
8	333	214	1281060808	13	8	21	7	5	2	0	-67	-108	151	131	-182	-83
8	333	214	1281062804	12	8	20	9	5	3	0	-62	-105	151	131	-182	-83
8	333	214	1281064804	16	12	24	12	6	3	0	-56	-102	151	131	-182	-83
8	333	214	1281066800	17	11	24	12	6	4	0	-50	-98	151	131	-182	-83
8	333	214	1281068796	18	12	28	13	7	4	0	-43	-94	151	131	-182	-83
8	333	214	1281070796	22	17	27	14	7	4	0	-36	-90	151	131	-182	-83
8	333	214	1281072792	21	15	33	18	8	5	0	-28	-85	151	131	-182	-83
8	333	214	1281074784	24	17	30	16	8	5	0	-20	-80	151	131	-182	-83
8	333	214	1281076788	27	21	38	21	10	6	0	-10	-74	151	131	-182	-83
8	333	214	1281078788	28	20	40	23	10	7	0	0	-67	151	131	-182	-83
8	333	214	1281080784	28	22	36	20	10	6	0	10	-61	151	131	-182	-83
8	333	214	1281082784	35	27	45	26	12	8	0	22	-53	151	131	-182	-83
8	333	214	1281084800	33	25	40	25	11	8	0	33	-45	151	131	-182	-83
8	333	214	1281086800	35	26	49	29	12	8	0	45	-37	151	131	-182	-83
8	333	214	1281088800	40	33	45	27	13	9	0	58	-28	151	131	-182	-83
8	333	214	1281090800	39	31	54	34	14	10	0	72	-18	151	131	-182	-83
8	333	214	1281092792	38	33	48	31	13	9	0	85	-9	151	131	-182	-83
8	333	214	1281094792	48	37	59	38	16	11	0	101	2	151	131	-182	-83
8	333	214	1281096796	42	36	53	33	14	11	0	115	13	151	131	-182	-83
8	333	214	1281098804	45	38	62	42	16	12	0	131	25	151	131	-182	-83
8	333	214	1281100808	53	44	58	38	17	12	0	148	37	151	131	-182	-83
8	333	214	1281102808	49	41	67	45	17	13	0	165	50	151	131	-182	-83
8	333	214	1281104800	50	44	63	42	17	13	0	182	63	151	131	-182	-83
8	333	214	1281106804	57	50	72	48	20	15	0	202	78	151	131	-182	-83
8	333	214	1281108800	53	46	75	53	19	14	0	221	92	151	131	-182	-83
8	333	214	1281110796	53	49	68	46	18	15	0	239	107	151	131	-182	-83
8	333	214	1281112792	63	56	80	55	21	16	0	260	123	151	131	-182	-83
8	333	214	1281114788	57	51	72	50	20	15	0	280	138	151	131	-182	-83
8	333	214	1281116784	58	53	84	58	21	17	0	301	155	151	131	-182	-83
8	333	214	1281118780	67	60	76	52	21	17	0	322	172	151	131	-182	-83
8	333	214	1281120772	60	53	89	60	23	17	0	345	189	151	131	-182	-83
8	333	214	1281122776	63	55	79	54	21	16	0	366	205	151	131	-182	-83
8	333	214	1281124776	70	62	91	62	24	19	0	390	224	151	131	-182	-83
8	333	214	1281126780	62	55	82	54	22	16	0	412	240	151	131	-182	-83
8	333	214	1281128784	63	53	94	61	23	17	0	435	257	151	131	-182	-83
8	333	214	1281130788	70	60	84	54	23	17	0	458	274	151	131	-182	-83
8	333	214	1281132792	62	53	95	60	24	17	0	482	291	151	131	-182	-83
8	333	214	1281134784	62	52	85	53	22	16	0	504	307	151	131	-182	-83
8	333	214	1281136792	68	55	96	57	25	17	0	529	324	151	131	-182	-83
8	333	214	1281138796	62	49	96	56	23	16	0	552	340	151	131	-182	-83
8	333	214	1281140792	60	46	84	48	22	14	0	574	354	151	131	-182	-83
8	333	214	1281142784	67	49	95	52	24	15	0	598	369	151	131	-182	-83
8	333	214	1281144780	60	41	83	44	22	13	0	620	382	151	131	-182	-83
8	333	214	1281146776	59	40	92	49	22	13	0	642	395	151	131	-182	-83
8	333	214	1281148768	64	42	79	40	22	12	0	664	407	151	131	-182	-83
8	333	214	1281150764	56	35	89	42	22	12	0	686	419	151	131	-182	-83
8	333	214	1281152768	55	32	76	35	19	10	0	705	429	151	131	-182	-83
8	333	214	1281154772	61	34	84	38	22	11	0	727	440	151	131	-182	-83
8	333	214	1281156784	53	27	72	30	19	8	0	746	448	151	131	-182	-83
8	333	214	1281158776	51	27	79	31	19	9	0	765	457	151	131	-182	-83
8	333	214	1281160776	56	26	67	26	19	8	0	784	465	151	131	-182	-83
8	333	214	1281162780	48	22	74	28	18	7	0	802	472	151	131	-182	-83
8	333	214	1281164780	47	20	61	22	16	7	0	818	479	151	131	-182	-83
8	333	214	1281166780	50	22	68	24	18	6	0	836	485	151	131	-182	-83
8	333	214	1281168792	43	16	65	21	16	6	0	852	491	151	131	-182	-83
8	333	214	1281170792	40	16	54	18	14	5	0	866	496	151	131	-182	-83
8	333	214	1281172792	43	16	57	19	15	5	0	881	501	151	131	-182	-83
8	333	214	1281174792	37	14	48	15	13	5	0	894	506	151	131	-182	-83
8	333	214	1281176792	35	11	51	15	13	4	0	907	510	151	131	-182	-83
8	333	214	1281178796	35	13	42	12	11	3	0	918	513	151	131	-182	-83
8	333	214	1281180796	30	10	44	14	11	4	0	929	517	151	131	-182	-83
8	333	214	1281182796	27	10	36	10	10	3	0	939	520	151	131	-182	-83
8	333	214	1281184796	28	10	38	11	10	3	0	949	523	151	131	-182	-83
8	333	214	1281186792	21	7	30	9	7	2	0	956	525	151	131	-182	-83
8	333	214	1281188792	20	7	30	9	8	3	0	964	528	151	131	-182	-83
8	333	214	1281190788	19	7	25	6	7	2	0	971	530	151	131	-182	-83
8	333	214	1281192784	15	5	24	7	5	2	0	976	532	151	131	-182	-83
8	333	214	1281194784	13	5	17	7	5	1	0	981	533	151	131	-182	-83
8	333	214	1281196784	13	5	19	5	5	2	0	986	535	151	131	-182	-83
8	333	214	1281198784	10	3	15	5	3	1	0	989	536	151	131	-182	-83
8	333	214	1281200780	7	3	11	3	3	1	0	992	537	151	131	-182	-83
8	333	214	1281202784	8	3	10	4	3	1	0	995	538	151	131	-182	-83
8	333	214	1281204788	5	1	8	3	2	1	0	997	539	151	131	-182	-83
8	333	214	1281206776	4	1	6	2	1	0	0	998	539	151	131	-182	-83
8	333	214	1281208788	2	2	5	1	1	1	0	999	540	151	131	-182	-83
8	333	214	1281210776	3	0	4	2	1	0	0	1000	540	151	131	-182	-83
8	333	214	1281212788	1	1	2	1	1	0	1	1001	540	151	131	-182	-83
9	333	214	1281214752	0	0	1	0	0	0	1	151	131	151	131	-182	-83
9	333	214	1281218752	0	0	2	0	0	0	1	151	131	151	131	-182	-83
9	-259	-299	1281246776	0	-1	0	0	0	0	1	151	131	-108	-168	151	131
9	-259	-299	1281262804	0	-1	0	-1	0	0	1	151	131	-108	-168	151	131
9	-259	-299	1281268804	-2	0	0	0	0	0	1	151	131	-108	-168	151	131
9	-259	-299	1281270804	0	-1	0	-1	0	0	1	151	131	-108	-168	151	131
9	-259	-299	1281272820	-1	-3	0	-2	0	0	1	151	131	-108	-168	151	131
9	-259	-299	1281274828	-2	-2	0	-3	0	-1	1	151	130	-108	-168	151	131
9	-259	-299	1281276832	-2	-4	0	-4	0	-1	1	151	129	-108	-168	151	131
9	-259	-299	1281278832	-2	-5	0	-3	0	-1	1	151	128	-108	-168	151	131
9	-259	-299	1281280848	-4	-5	0	-5	-1	-2	1	150	126	-108	-168	151	131
9	-259	-299	1281282832	-2	-6	0	-5	0	-2	1	150	124	-108	-168	151	131
9	-259	-299	1281284848	-4	-6	0	-8	-1	-2	1	149	122	-108	-168	151	131
9	-259	-299	1281286832	-4	-8	0	-6	0	-2	1	149	120	-108	-168	151	131
9	-259	-299	1281288848	-5	-9	0	-9	-1	-3	1	148	117	-108	-168	151	131
9	-259	-299	1281290844	-5	-10	-1	-7	-1	-2	1	147	115	-108	-168	151	131
9	-259	-299	1281292840	-5	-10	-1	-12	-1	-3	1	146	112	-108	-168	151	131
9	-259	-299	1281294844	-5	-11	-1	-10	-1	-4	1	145	108	-108	-168	151	131
9	-259	-299	1281296844	-7	-14	-1	-11	-1	-3	0	144	105	-108	-168	151	131
9	-259	-299	1281298848	-7	-12	-2	-12	-1	-4	0	143	101	-108	-168	151	131
9	-259	-299	1281300848	-6	-14	-2	-15	-1	-4	0	142	97	-108	-168	151	131
9	-259	-299	1281302848	-9	-16	-4	-15	-2	-5	0	140	92	-108	-168	151	131
9	-259	-299	1281304848	-8	-15	-2	-15	-2	-4	0	138	88	-108	-168	151	131
9	-259	-299	1281306848	-8	-16	-5	-17	-2	-5	0	136	83	-108	-168	151	131
9	-259	-299	1281308852	-11	-18	-4	-16	-2	-5	0	134	78	-108	-168	151	131
9	-259	-299	1281310848	-10	-17	-6	-19	-2	-6	0	132	72	-108	-168	151	131
9	-259	-299	1281312840	-10	-19	-8	-17	-3	-5	0	129	67	-108	-168	151	131
9	-259	-299	1281314852	-14	-21	-9	-21	-4	-7	0	125	60	-108	-168	151	131
9	-259	-299	1281316844	-12	-22	-8	-19	-3	-6	0	122	54	-108	-168	151	131
9	-259	-299	1281318840	-14	-21	-12	-24	-3	-6	0	119	48	-108	-168	151	131
9	-259	-299	1281320840	-18	-26	-11	-22	-5	-8	0	114	40	-108	-168	151	131
9	-259	-299	1281322844	-17	-25	-15	-27	-5	-7	0	109	33	-108	-168	151	131
9	-259	-299	1281324844	-18	-25	-14	-25	-4	-8	0	105	25	-108	-168	151	131
9	-259	-299	1281326844	-21	-31	-18	-30	-6	-9	0	99	16	-108	-168	151	131
9	-259	-299	1281328844	-21	-29	-19	-27	-6	-8	0	93	8	-108	-168	151	131
9	-259	-299	1281330840	-23	-31	-23	-34	-7	-10	0	86	-2	-108	-168	151	131
9	-259	-299	1281332832	-26	-37	-22	-31	-7	-10	0	79	-12	-108	-168	151	131
9	-259	-299	1281334836	-25	-35	-29	-38	-8	-11	0	71	-23	-108	-168	151	131
9	-259	-299	1281336840	-27	-36	-30	-40	-9	-12	0	62	-35	-108	-168	151	131
9	-259	-299	1281338836	-33	-44	-29	-36	-9	-12	0	53	-47	-108	-168	151	131
9	-259	-299	1281340840	-30	-41	-36	-45	-10	-13	0	43	-60	-108	-168	151	131
9	-259	-299	1281342852	-31	-42	-34	-41	-10	-12	0	33	-72	-108	-168	151	131
9	-259	-299	1281344848	-38	-52	-42	-50	-12	-15	0	21	-87	-108	-168	151	131
9	-259	-299	1281346844	-35	-48	-39	-48	-11	-15	0	10	-102	-108	-168	151	131
9	-259	-299	1281348844	-37	-50	-47	-55	-13	-16	0	-3	-118	-108	-168	151	131
9	-259	-299	1281350844	-43	-60	-45	-51	-13	-16	0	-16	-134	-108	-168	151	131
9	-259	-299	1281352844	-40	-57	-54	-61	-14	-18	0	-30	-152	-108	-168	151	131
9	-259	-299	1281354844	-41	-58	-50	-58	-14	-17	0	-44	-169	-108	-168	151	131
9	-259	-299	1281356840	-49	-68	-61	-67	-16	-21	0	-60	-190	-108	-168	151	131
9	-259	-299	1281358832	-43	-64	-57	-61	-15	-18	0	-75	-208	-108	-168	151	131
9	-259	-299	1281360828	-47	-65	-66	-74	-17	-21	0	-92	-229	-108	-168	151	131
9	-259	-299	1281362828	-53	-76	-61	-66	-17	-21	0	-109	-250	-108	-168	151	131
9	-259	-299	1281364824	-49	-71	-73	-79	-18	-23	0	-127	-273	-108	-168	151	131
9	-259	-299	1281366828	-51	-71	-76	-81	-19	-23	0	-146	-296	-108	-168	151	131
9	-259	-299	1281368828	-58	-83	-70	-74	-20	-23	0	-166	-319	-108	-168	151	131
9	-259	-299	1281370824	-54	-75	-82	-85	-20	-24	0	-186	-343	-108	-168	151	131
9	-259	-299	1281372824	-55	-76	-74	-76	-19	-23	0	-205	-366	-108	-168	151	131
9	-259	-299	1281374824	-63	-86	-86	-87	-23	-26	0	-228	-392	-108	-168	151	131
9	-259	-299	1281376824	-58	-77	-79	-77	-20	-23	0	-248	-415	-108	-168	151	131
9	-259	-299	1281378824	-59	-77	-90	-88	-23	-25	0	-271	-440	-108	-168	151	131
9	-259	-299	1281380824	-66	-85	-80	-76	-22	-24	0	-293	-464	-108	-168	151	131
9	-259	-299	1281382820	-60	-75	-91	-86	-22	-24	0	-315	-488	-108	-168	151	131
9	-259	-299	1281384832	-60	-75	-82	-74	-22	-23	0	-337	-511	-108	-168	151	131
9	-259	-299	1281386832	-67	-81	-91	-84	-23	-24	0	-360	-535	-108	-168	151	131
9	-259	-299	1281388828	-60	-70	-80	-71	-21	-21	0	-381	-556	-108	-168	151	131
9	-259	-299	1281390832	-60	-69	-89	-79	-23	-23	0	-404	-579	-108	-168	151	131
9	-259	-299	1281392828	-68	-75	-75	-66	-21	-21	0	-425	-600	-108	-168	151	131
9	-259	-299	1281394828	-57	-63	-85	-74	-21	-20	0	-446	-620	-108	-168	151	131
9	-259	-299	1281396828	-57	-60	-81	-70	-21	-20	0	-467	-640	-108	-168	151	131
9	-259	-299	1281398828	-61	-63	-67	-57	-19	-18	0	-486	-658	-108	-168	151	131
9	-259	-299	1281400824	-52	-54	-74	-64	-19	-18	0	-505	-676	-108	-168	151	131
9	-259	-299	1281402820	-52	-50	-61	-51	-17	-15	0	-522	-691	-108	-168	151	131
9	-259	-299	1281404824	-53	-54	-64	-55	-18	-16	0	-540	-707	-108	-168	151	131
9	-259	-299	1281406824	-45	-44	-53	-46	-14	-14	0	-554	-721	-108	-168	151	131
9	-259	-299	1281408824	-44	-40	-56	-49	-15	-13	0	-569	-734	-108	-168	151	131
9	-259	-299	1281410820	-45	-42	-44	-40	-14	-12	0	-583	-746	-108	-168	151	131
9	-259	-299	1281412820	-36	-35	-45	-43	-12	-12	0	-595	-758	-108	-168	151	131
9	-259	-299	1281414816	-35	-33	-36	-33	-10	-10	0	-605	-768	-108	-168	151	131
9	-259	-299	1281416816	-35	-33	-36	-38	-11	-10	0	-616	-778	-108	-168	151	131
9	-259	-299	1281418816	-29	-27	-28	-29	-9	-9	0	-625	-787	-108	-168	151	131
9	-259	-299	1281420816	-26	-25	-28	-31	-8	-8	0	-633	-728	-108	-168	151	131
9	-259	-299	1281422816	-27	-25	-20	-26	-7	-8	0	-640	-736	-108	-168	151	131
9	-259	-299	1281424816	-20	-21	-22	-26	-6	-7	0	-646	-743	-108	-168	151	131
9	-259	-299	1281426816	-18	-20	-17	-25	-5	-7	0	-651	-750	-108	-168	151	131
9	-259	-299	1281428816	-19	-20	-13	-20	-5	-6	0	-656	-756	-108	-168	151	131
9	-259	-299	1281430820	-15	-17	-11	-22	-4	-6	0	-660	-762	-108	-168	151	131
9	-259	-299	1281432820	-13	-17	-7	-18	-3	-5	0	-663	-767	-108	-168	151	131
9	-259	-299	1281434816	-12	-17	-8	-19	-3	-5	0	-666	-772	-108	-168	151	131
9	-259	-299	1281436824	-10	-15	-4	-16	-2	-5	0	-668	-777	-108	-168	151	131
9	-259	-299	1281438820	-9	-15	-3	-19	-2	-5	0	-670	-725	-108	-168	151	131
9	-259	-299	1281440820	-7	-16	-2	-15	-1	-5	0	-671	-730	-108	-168	151	131
9	-259	-299	1281442824	-7	-14	0	-16	-1	-4	0	-672	-734	-108	-168	151	131
9	-259	-299	1281444812	-6	-15	0	-14	-1	-4	0	-673	-738	-108	-168	151	131
9	-259	-299	1281446812	-4	-14	1	-16	-1	-5	0	-674	-743	-108	-168	151	131
9	-259	-299	1281448796	-5	-16	2	-14	0	-4	0	-674	-747	-108	-168	151	131
9	-259	-299	1281450796	-3	-14	4	-16	0	-5	0	-674	-752	-108	-168	151	131
9	-259	-299	1281452772	-4	-15	4	-14	0	-4	0	-674	-756	-108	-168	151	131
9	-259	-299	1281454796	-3	-14	6	-15	0	-5	0	-674	-725	-108	-168	151	131
9	-259	-299	1281456796	-2	-13	5	-13	0	-4	0	-674	-729	-108	-168	151	131
9	-259	-299	1281458800	-1	-14	5	-15	0	-4	0	-674	-733	-108	-168	151	131
9	-259	-299	1281460812	-2	-13	6	-13	1	-4	0	-673	-737	-108	-168	151	131
9	-259	-299	1281462812	-1	-11	6	-12	1	-3	1	-672	-740	-108	-168	151	131
10	-259	-299	1281464812	-1	-12	7	-12	1	-4	1	-107	-172	-108	-168	151	131
10	-259	-299	1281466804	-1	-10	5	-11	0	-3	1	-107	-175	-108	-168	151	131
10	-259	-299	1281468816	0	-9	5	-10	1	-3	1	-106	-178	-108	-168	151	131
10	-259	-299	1281470820	-2	-9	5	-9	1	-3	1	-105	-181	-108	-168	151	131
10	-259	-299	1281472804	0	-6	5	-9	0	-2	1	-105	-183	-108	-168	151	131
10	-259	-299	1281474812	0	-6	3	-6	1	-2	1	-104	-185	-108	-168	151	131
10	164	360	1281476796	0	-5	4	-6	0	-1	1	-104	-186	56	192	-108	-168
10	164	360	1281478808	0	-5	3	-5	1	-2	1	-103	-188	56	192	-108	-168
10	164	360	1281480792	0	-4	3	-5	0	-1	1	-103	-189	56	192	-108	-168
10	164	360	1281482804	0	-3	3	-4	1	-1	1	-102	-190	56	192	-108	-168
10	164	360	1281484780	0	-2	1	-4	0	-1	1	-102	-191	56	192	-108	-168
10	164	360	1281486768	0	-1	3	-1	0	0	1	-102	-191	56	192	-108	-168
10	164	360	1281488780	0	-2	1	-3	0	-1	1	-102	-192	56	192	-108	-168
10	164	360	1281490740	0	0	0	-1	0	0	1	-102	-192	56	192	-108	-168
10	164	360	1281492752	0	0	1	0	1	0	1	-101	-192	56	192	-108	-168
10	164	360	1281494740	0	0	0	-1	0	0	1	-101	-192	56	192	-108	-168
10	164	360	1281520764	0	1	0	0	0	0	1	-101	-192	56	192	-108	-168
10	164	360	1281530760	1	0	0	0	0	0	1	-101	-192	56	192	-108	-168
10	164	360	1281546784	0	1	0	0	0	0	1	-101	-192	56	192	-108	-168
10	164	360	1281548752	0	0	0	0	0	0	0	-101	-192	56	192	-108	-168
10	164	360	1281554784	0	0	0	2	0	0	0	-101	-192	56	192	-108	-168
10	164	360	1281564812	0	1	1	1	0	0	0	-101	-192	56	192	-108	-168
10	164	360	1281566812	1	2	0	2	0	0	0	-101	-192	56	192	-108	-168
10	164	360	1281568820	0	3	2	3	0	1	0	-101	-191	56	192	-108	-168
10	164	360	1281570836	1	4	2	4	1	1	0	-100	-190	56	192	-108	-168
10	164	360	1281572816	1	5	3	5	0	2	0	-100	-188	56	192	-108	-168
10	164	360	1281574824	2	6	3	5	1	1	0	-99	-187	56	192	-108	-168
10	164	360	1281576824	2	8	4	8	1	3	0	-98	-184	56	192	-108	-168
10	164	360	1281578824	4	10	5	8	1	2	0	-97	-182	56	192	-108	-168
10	164	360	1281580828	4	11	6	11	2	4	0	-95	-178	56	192	-108	-168
10	164	360	1281582824	6	13	7	11	2	3	0	-93	-175	56	192	-108	-168
10	164	360	1281584820	6	16	8	15	2	5	0	-91	-170	56	192	-108	-168
10	164	360	1281586820	9	16	10	15	3	5	0	-88	-165	56	192	-108	-168
10	164	360	1281588824	9	18	12	19	3	5	0	-85	-160	56	192	-108	-168
10	164	360	1281590824	12	23	11	19	3	6	0	-82	-154	56	192	-108	-168
10	164	360	1281592816	11	23	15	25	4	8	0	-78	-146	56	192	-108	-168
10	164	360	1281594824	14	25	14	22	4	7	0	-74	-139	56	192	-108	-168
10	164	360	1281596832	18	30	18	29	6	9	0	-68	-130	56	192	-108	-168
10	164	360	1281598840	17	29	19	31	5	9	0	-63	-121	56	192	-108	-168
10	164	360	1281600840	20	31	19	30	6	9	0	-57	-112	56	192	-108	-168
10	164	360	1281602832	24	36	21	37	7	11	0	-50	-101	56	192	-108	-168
10	164	360	1281604832	24	35	20	33	6	10	0	-44	-91	56	192	-108	-168
10	164	360	1281606828	25	36	25	40	8	11	0	-36	-80	56	192	-108	-168
10	164	360	1281608828	28	44	21	39	7	13	0	-29	-67	56	192	-108	-168
10	164	360	1281610828	28	41	27	45	9	13	0	-20	-54	56	192	-108	-168
10	164	360	1281612832	29	43	23	41	7	12	0	-13	-42	56	192	-108	-168
10	164	360	1281614824	35	51	28	52	10	16	0	-3	-26	56	192	-108	-168
10	164	360	1281616820	31	48	24	45	8	14	0	5	-12	56	192	-108	-168
10	164	360	1281618820	32	48	28	55	9	15	0	14	3	56	192	-108	-168
10	164	360	1281620820	39	59	25	50	10	16	0	24	19	56	192	-108	-168
10	164	360	1281622828	34	54	30	60	9	18	0	33	37	56	192	-108	-168
10	164	360	1281624828	35	56	29	61	10	17	0	43	54	56	192	-108	-168
10	164	360	1281626832	40	65	25	56	10	18	0	53	72	56	192	-108	-168
10	164	360	1281628828	36	60	29	66	9	19	0	62	91	56	192	-108	-168
10	164	360	1281630828	35	63	25	60	9	19	0	71	110	56	192	-108	-168
10	164	360	1281632828	40	72	29	72	11	21	0	82	131	56	192	-108	-168
10	164	360	1281634836	36	66	25	63	9	20	0	91	151	56	192	-108	-168
10	164	360	1281636836	35	68	27	75	9	21	0	100	172	56	192	-108	-168
10	164	360	1281638836	42	80	24	68	10	22	0	110	194	56	192	-108	-168
10	164	360	1281640840	35	71	26	79	9	23	0	119	217	56	192	-108	-168
10	164	360	1281642840	35	74	23	71	9	21	0	128	238	56	192	-108	-168
10	164	360	1281644840	40	85	25	82	10	25	0	138	263	56	192	-108	-168
10	164	360	1281646840	35	76	21	74	8	23	0	146	286	56	192	-108	-168
10	164	360	1281648844	33	79	24	86	9	25	0	155	311	56	192	-108	-168
10	164	360	1281650844	39	89	20	77	8	25	0	163	336	56	192	-108	-168
10	164	360	1281652840	34	80	23	88	9	25	0	172	361	56	192	-108	-168
10	164	360	1281654840	34	81	22	90	8	25	0	180	386	56	192	-108	-168
10	164	360	1281656840	38	91	18	79	9	26	0	189	412	56	192	-108	-168
10	164	360	1281658832	33	83	22	91	8	26	0	197	438	56	192	-108	-168
10	164	360	1281660832	32	81	17	80	7	24	0	204	462	56	192	-108	-168
10	164	360	1281662832	38	91	20	92	9	28	0	213	490	56	192	-108	-168
10	164	360	1281664836	31	80	18	80	7	24	0	220	514	56	192	-108	-168
10	164	360	1281666832	31	80	18	90	8	25	0	228	539	56	192	-108	-168
10	164	360	1281668832	35	88	17	77	8	25	0	236	564	56	192	-108	-168
10	164	360	1281670836	32	77	17	89	7	25	0	243	589	56	192	-108	-168
10	164	360	1281672832	30	75	16	75	7	22	0	250	611	56	192	-108	-168
10	164	360	1281674836	33	83	18	85	8	26	0	258	637	56	192	-108	-168
10	164	360	1281676840	29	71	14	72	6	21	0	264	658	56	192	-108	-168
10	164	360	1281678840	29	70	16	80	7	22	0	271	680	56	192	-108	-168
10	164	360	1281680840	32	75	16	79	7	24	0	278	704	56	192	-108	-168
10	164	360	1281682840	29	65	14	66	6	19	0	284	723	56	192	-108	-168
10	164	360	1281684836	28	61	14	73	7	20	0	291	743	56	192	-108	-168
10	164	360	1281686836	30	68	13	61	6	20	0	297	740	56	192	-108	-168
10	164	360	1281688836	26	56	14	66	6	18	0	303	758	56	192	-108	-168
10	164	360	1281690836	26	55	13	57	6	17	0	309	775	56	192	-108	-168
10	164	360	1281692836	29	57	13	61	6	17	0	315	792	56	192	-108	-168
10	164	360	1281694836	26	50	12	51	6	16	0	321	808	56	192	-108	-168
10	164	360	1281696840	25	47	12	55	6	15	0	327	823	56	192	-108	-168
10	164	360	1281698840	26	50	11	46	5	14	0	332	837	56	192	-108	-168
10	164	360	1281700832	24	42	13	49	6	14	0	338	851	56	192	-108	-168
10	164	360	1281702832	24	39	11	41	5	12	0	343	863	56	192	-108	-168
10	164	360	1281704832	26	42	11	44	5	13	0	348	733	56	192	-108	-168
10	164	360	1281706832	23	35	12	36	6	11	0	354	744	56	192	-108	-168
10	164	360	1281708832	21	32	11	39	4	10	0	358	754	56	192	-108	-168
10	164	360	1281710832	24	33	10	31	6	10	0	364	764	56	192	-108	-168
10	164	360	1281712836	18	28	11	33	4	9	0	368	773	56	192	-108	-168
10	164	360	1281714832	19	24	10	31	4	8	0	372	781	56	192	-108	-168
10	164	360	1281716828	20	26	9	24	5	8	0	377	789	56	192	-108	-168
10	164	360	1281718832	16	20	9	24	3	6	0	380	795	56	192	-108	-168
10	164	360	1281720832	14	17	7	20	4	6	0	384	801	56	192	-108	-168
10	164	360	1281722836	15	18	9	20	3	6	0	387	807	56	192	-108	-168
10	164	360	1281724840	13	12	5	15	3	4	0	390	811	56	192	-108	-168
10	164	360	1281726840	10	12	7	13	2	3	0	392	723	56	192	-108	-168
10	164	360	1281728844	11	10	4	12	3	4	0	395	727	56	192	-108	-168
10	164	360	1281730844	7	7	5	11	1	2	0	396	729	56	192	-108	-168
10	164	360	1281732848	7	6	4	7	2	2	0	398	731	56	192	-108	-168
10	164	360	1281734844	6	5	4	8	2	2	0	400	733	56	192	-108	-168
10	164	360	1281736832	4	4	2	5	0	2	0	400	722	56	192	-108	-168
10	164	360	1281738844	2	3	3	4	1	1	0	401	723	56	192	-108	-168
10	164	360	1281740836	3	1	1	3	1	0	0	402	723	56	192	-108	-168
10	164	360	1281742828	2	1	1	2	0	1	0	402	724	56	192	-108	-168
10	164	360	1281744816	0	0	1	1	0	0	0	402	724	56	192	-108	-168
10	164	360	1281746828	1	0	0	1	1	0	1	403	724	56	192	-108	-168
11	164	360	1281748788	0	0	2	0	0	0	1	56	192	56	192	-108	-168
11	-56	-392	1281760800	0	-2	0	0	0	0	1	56	192	0	-200	56	192
11	-56	-392	1281762800	0	-1	0	-2	0	0	1	56	192	0	-200	56	192
11	-56	-392	1281764792	0	-2	0	-2	0	0	1	56	192	0	-200	56	192
11	-56	-392	1281766800	0	-3	0	-3	0	-1	1	56	191	0	-200	56	192
11	-56	-392	1281768816	0	-2	0	-3	0	-1	1	56	190	0	-200	56	192
11	-56	-392	1281770844	-1	-5	-1	-4	0	-1	1	56	189	0	-200	56	192
11	-56	-392	1281772844	-1	-5	0	-5	0	-2	1	56	187	0	-200	56	192
11	-56	-392	1281774844	-2	-5	0	-6	0	-2	1	56	185	0	-200	56	192
11	-56	-392	1281776852	-2	-8	-1	-5	0	-1	1	56	184	0	-200	56	192
11	-56	-392	1281778864	-3	-7	0	-9	-1	-3	1	55	181	0	-200	56	192
11	-56	-392	1281780848	-2	-8	0	-8	0	-2	1	55	179	0	-200	56	192
11	-56	-392	1281782868	-3	-11	0	-10	-1	-3	1	54	176	0	-200	56	192
11	-56	-392	1281784852	-3	-10	-1	-8	0	-3	1	54	173	0	-200	56	192
11	-56	-392	1281786860	-4	-11	0	-13	-1	-4	1	53	169	0	-200	56	192
11	-56	-392	1281788844	-5	-14	0	-11	0	-3	1	53	166	0	-200	56	192
11	-56	-392	1281790860	-5	-13	-1	-14	-1	-5	1	52	161	0	-200	56	192
11	-56	-392	1281792852	-5	-13	0	-12	-1	-3	1	51	158	0	-200	56	192
11	-56	-392	1281794848	-6	-17	-2	-15	-1	-5	1	50	153	0	-200	56	192
11	-56	-392	1281796852	-7	-15	0	-17	-1	-5	1	49	148	0	-200	56	192
11	-56	-392	1281798848	-6	-15	-1	-13	-1	-4	1	48	144	0	-200	56	192
11	-56	-392	1281800848	-7	-17	0	-18	-1	-5	1	47	139	0	-200	56	192
11	-56	-392	1281802844	-7	-18	-1	-15	-2	-5	1	45	134	0	-200	56	192
11	-56	-392	1281804848	-7	-16	-1	-19	-1	-6	1	44	128	0	-200	56	192
11	-56	-392	1281806852	-9	-20	-2	-16	-2	-5	1	42	123	0	-200	56	192
11	-56	-392	1281808852	-7	-17	-1	-20	-1	-5	1	41	118	0	-200	56	192
11	-56	-392	1281810856	-9	-19	-1	-19	-1	-6	1	40	112	0	-200	56	192
11	-56	-392	1281812856	-10	-23	-3	-21	-2	-7	1	38	105	0	-200	56	192
11	-56	-392	1281814856	-9	-20	-1	-19	-2	-6	1	36	99	0	-200	56	192
11	-56	-392	1281816860	-10	-21	-2	-23	-1	-6	1	35	93	0	-200	56	192
11	-56	-392	1281818856	-11	-26	-3	-22	-3	-7	1	32	86	0	-200	56	192
11	-56	-392	1281820856	-10	-24	-4	-26	-2	-8	1	30	78	0	-200	56	192
11	-56	-392	1281822852	-11	-25	-2	-24	-2	-7	1	28	71	0	-200	56	192
11	-56	-392	1281824848	-13	-30	-4	-28	-2	-9	1	26	62	0	-200	56	192
11	-56	-392	1281826848	-12	-29	-5	-32	-3	-9	0	23	53	0	-200	56	192
11	-56	-392	1281828840	-14	-30	-4	-28	-2	-9	0	21	44	0	-200	56	192
11	-56	-392	1281830836	-15	-36	-5	-35	-3	-10	0	18	34	0	-200	56	192
11	-56	-392	1281832836	-15	-35	-5	-33	-3	-11	0	15	23	0	-200	56	192
11	-56	-392	1281834840	-15	-36	-6	-40	-4	-11	0	11	12	0	-200	56	192
11	-56	-392	1281836844	-19	-44	-6	-36	-3	-12	0	8	0	0	-200	56	192
11	-56	-392	1281838844	-16	-41	-8	-45	-4	-13	0	4	-13	0	-200	56	192
11	-56	-392	1281840844	-19	-44	-7	-41	-4	-13	0	0	-26	0	-200	56	192
11	-56	-392	1281842848	-21	-52	-9	-52	-4	-15	0	-4	-41	0	-200	56	192
11	-56	-392	1281844852	-20	-50	-9	-46	-5	-15	0	-9	-56	0	-200	56	192
11	-56	-392	1281846852	-21	-53	-11	-56	-4	-16	0	-13	-72	0	-200	56	192
11	-56	-392	1281848848	-25	-62	-10	-54	-6	-17	0	-19	-89	0	-200	56	192
11	-56	-392	1281850856	-23	-59	-12	-62	-5	-19	0	-24	-108	0	-200	56	192
11	-56	-392	1281852852	-25	-61	-14	-68	-6	-19	0	-30	-127	0	-200	56	192
11	-56	-392	1281854856	-29	-73	-13	-61	-6	-20	0	-36	-147	0	-200	56	192
11	-56	-392	1281856860	-26	-67	-16	-74	-6	-21	0	-42	-168	0	-200	56	192
11	-56	-392	1281858868	-27	-70	-15	-66	-7	-21	0	-49	-189	0	-200	56	192
11	-56	-392	1281860860	-34	-83	-19	-80	-8	-24	0	-57	-213	0	-200	56	192
11	-56	-392	1281862856	-30	-76	-17	-73	-7	-22	0	-64	-235	0	-200	56	192
11	-56	-392	1281864856	-31	-79	-21	-86	-8	-25	0	-72	-260	0	-200	56	192
11	-56	-392	1281866852	-37	-91	-20	-77	-8	-25	0	-80	-285	0	-200	56	192
11	-56	-392	1281868848	-32	-84	-24	-93	-8	-27	0	-88	-312	0	-200	56	192
11	-56	-392	1281870836	-35	-87	-23	-82	-9	-25	0	-97	-337	0	-200	56	192
11	-56	-392	1281872832	-39	-99	-26	-97	-10	-30	0	-107	-367	0	-200	56	192
11	-56	-392	1281874832	-36	-91	-24	-87	-9	-26	0	-116	-393	0	-200	56	192
11	-56	-392	1281876832	-36	-92	-28	-100	-10	-29	0	-126	-422	0	-200	56	192
11	-56	-392	1281878824	-43	-105	-25	-90	-10	-29	0	-136	-451	0	-200	56	192
11	-56	-392	1281880820	-39	-93	-32	-104	-10	-30	0	-146	-481	0	-200	56	192
11	-56	-392	1281882816	-38	-94	-27	-91	-10	-28	0	-156	-509	0	-200	56	192
11	-56	-392	1281884820	-39	-95	-31	-104	-11	-30	0	-167	-539	0	-200	56	192
11	-56	-392	1281886812	-45	-105	-29	-91	-11	-29	0	-178	-568	0	-200	56	192
11	-56	-392	1281888820	-39	-94	-33	-103	-11	-30	0	-189	-598	0	-200	56	192
11	-56	-392	1281890816	-39	-92	-31	-102	-10	-29	0	-199	-627	0	-200	56	192
11	-56	-392	1281892820	-43	-102	-27	-89	-11	-28	0	-210	-655	0	-200	56	192
11	-56	-392	1281894824	-39	-88	-32	-99	-10	-28	0	-220	-683	0	-200	56	192
11	-56	-392	1281896836	-43	-97	-26	-83	-11	-27	0	-231	-710	0	-200	56	192
11	-56	-392	1281898836	-37	-82	-30	-94	-10	-27	0	-241	-737	0	-200	56	192
11	-56	-392	1281900836	-35	-79	-24	-79	-8	-23	0	-249	-760	0	-200	56	192
11	-56	-392	1281902832	-35	-76	-26	-87	-10	-25	0	-259	-745	0	-200	56	192
11	-56	-392	1281904836	-38	-83	-22	-73	-9	-23	0	-268	-768	0	-200	56	192
11	-56	-392	1281906832	-32	-68	-23	-80	-8	-22	0	-276	-790	0	-200	56	192
11	-56	-392	1281908828	-30	-65	-19	-66	-7	-20	0	-283	-810	0	-200	56	192
11	-56	-392	1281910820	-31	-69	-20	-71	-8	-21	0	-291	-831	0	-200	56	192
11	-56	-392	1281912820	-28	-56	-15	-59	-6	-17	0	-297	-848	0	-200	56	192
11	-56	-392	1281914812	-24	-54	-15	-64	-6	-18	0	-303	-866	0	-200	56	192
11	-56	-392	1281916820	-26	-55	-13	-59	-6	-17	0	-309	-883	0	-200	56	192
11	-56	-392	1281918816	-21	-46	-10	-47	-5	-14	0	-314	-897	0	-200	56	192
11	-56	-392	1281920812	-20	-43	-10	-51	-4	-14	0	-318	-734	0	-200	56	192
11	-56	-392	1281922816	-21	-45	-7	-43	-4	-13	0	-322	-747	0	-200	56	192
11	-56	-392	1281924816	-17	-37	-6	-44	-4	-13	0	-326	-760	0	-200	56	192
11	-56	-392	1281926816	-15	-34	-4	-36	-3	-10	0	-329	-770	0	-200	56	192
11	-56	-392	1281928816	-16	-36	-3	-39	-2	-11	0	-331	-781	0	-200	56	192
11	-56	-392	1281930820	-12	-30	-3	-31	-3	-9	0	-334	-790	0	-200	56	192
11	-56	-392	1281932816	-13	-28	-1	-32	-2	-9	0	-336	-799	0	-200	56	192
11	-56	-392	1281934812	-12	-27	0	-27	-2	-9	0	-338	-808	0	-200	56	192
11	-56	-392	1281936816	-9	-24	0	-28	-1	-7	0	-339	-815	0	-200	56	192
11	-56	-392	1281938820	-10	-23	0	-23	-1	-7	0	-340	-727	0	-200	56	192
11	-56	-392	1281940820	-9	-22	0	-24	-2	-7	0	-342	-734	0	-200	56	192
11	-56	-392	1281942812	-7	-19	3	-20	0	-6	0	-342	-740	0	-200	56	192
11	-56	-392	1281944828	-7	-17	2	-20	-1	-6	0	-343	-746	0	-200	56	192
11	-56	-392	1281946828	-7	-18	1	-16	-1	-5	0	-344	-751	0	-200	56	192
11	-56	-392	1281948812	-5	-14	4	-17	0	-4	0	-344	-755	0	-200	56	192
11	-56	-392	1281950828	-5	-13	3	-17	-1	-5	0	-345	-760	0	-200	56	192
11	-56	-392	1281952812	-5	-14	2	-12	0	-4	0	-345	-764	0	-200	56	192
11	-56	-392	1281954808	-4	-10	3	-13	0	-3	0	-345	-723	0	-200	56	192
11	-56	-392	1281956808	-4	-10	2	-10	0	-3	0	-345	-726	0	-200	56	192
11	-56	-392	1281958780	-3	-10	3	-11	0	-3	0	-345	-729	0	-200	56	192
11	-56	-392	1281960816	-3	-8	1	-9	-1	-3	0	-346	-732	0	-200	56	192
11	-56	-392	1281962772	-2	-6	2	-7	0	-2	0	-346	-734	0	-200	56	192
11	-56	-392	1281964800	-3	-7	2	-8	0	-2	0	-346	-736	0	-200	56	192
11	-56	-392	1281966776	-2	-5	2	-6	0	-2	1	-346	-738	0	-200	56	192
