1	-113	784	1309187556	0	-2	0	0	0	0	1	0	-400	-113	384	0	-400
1	-113	784	1309191560	0	0	0	-1	0	0	1	0	-400	-113	384	0	-400
1	-113	784	1309195568	0	0	1	0	0	0	1	0	-400	-113	384	0	-400
1	-113	784	1309197564	0	-1	0	-1	0	0	1	0	-400	-113	384	0	-400
1	-113	784	1309199600	0	-1	1	-2	0	-1	1	0	-401	-113	384	0	-400
1	-113	784	1309201588	1	-1	0	-1	0	0	1	0	-401	-113	384	0	-400
1	-113	784	1309203592	0	-2	1	-1	0	0	1	0	-401	-113	384	0	-400
1	-113	784	1309205604	1	-2	1	-3	0	-1	1	0	-402	-113	384	0	-400
1	-113	784	1309207616	0	-3	2	-2	1	-1	1	1	-403	-113	384	0	-400
1	-113	784	1309209596	2	-2	1	-3	0	-1	1	1	-404	-113	384	0	-400
1	-113	784	1309211584	1	-3	1	-2	0	0	1	1	-404	-113	384	0	-400
1	-113	784	1309213608	1	-3	1	-4	1	-1	1	2	-405	-113	384	0	-400
1	-113	784	1309215596	1	-4	2	-2	0	-1	1	2	-406	-113	384	0	-400
1	-113	784	1309217608	2	-3	1	-4	1	-1	1	3	-407	-113	384	0	-400
1	-113	784	1309219596	1	-3	1	-3	0	-1	1	3	-408	-113	384	0	-400
1	-113	784	1309221596	1	-4	1	-3	0	-1	1	3	-409	-113	384	0	-400
1	-113	784	1309223596	0	-4	2	-4	0	-2	1	3	-411	-113	384	0	-400
1	-113	784	1309225612	1	-4	1	-4	1	-1	1	4	-412	-113	384	0	-400
1	-113	784	1309227584	2	-2	1	-2	0	0	1	4	-412	-113	384	0	-400
1	-113	784	1309229612	1	-3	1	-3	1	-1	1	5	-413	-113	384	0	-400
1	-113	784	1309231600	0	-2	2	-4	0	-1	0	5	-414	-113	384	0	-400
1	-113	784	1309233600	1	-3	1	-2	0	-1	0	5	-415	-113	384	0	-400
1	-113	784	1309235572	0	-1	0	-1	0	0	0	5	-415	-113	384	0	-400
1	-113	784	1309237620	1	-1	0	-3	0	-1	0	5	-416	-113	384	0	-400
1	-113	784	1309239608	0	-1	1	-1	0	0	0	5	-416	-113	384	0	-400
1	-113	784	1309241588	0	0	0	-1	0	0	0	5	-416	-113	384	0	-400
1	-113	784	1309243592	0	-2	0	0	0	-1	0	5	-417	-113	384	0	-400
1	-113	784	1309245584	0	0	0	-2	0	0	0	5	-417	-113	384	0	-400
1	-113	784	1309273616	0	1	0	1	0	0	0	5	-417	-113	384	0	-400
1	-113	784	1309275612	0	1	0	2	0	0	0	5	-417	-113	384	0	-400
1	-113	784	1309277648	-1	3	0	3	0	1	0	5	-416	-113	384	0	-400
1	-113	784	1309279644	0	5	-1	4	0	1	0	5	-415	-113	384	0	-400
1	-113	784	1309281656	-1	5	-2	5	0	2	0	5	-413	-113	384	0	-400
1	-113	784	1309283656	-2	8	-2	7	0	2	0	5	-411	-113	384	0	-400
1	-113	784	1309285672	-1	9	-4	9	-1	3	0	4	-408	-113	384	0	-400
1	-113	784	1309287660	-1	13	-4	12	0	3	0	4	-405	-113	384	0	-400
1	-113	784	1309289672	-3	15	-5	13	-2	5	0	2	-400	-113	384	0	-400
1	-113	784	1309291668	-1	17	-6	17	-1	5	0	1	-395	-113	384	0	-400
1	-113	784	1309293668	0	20	-7	18	-1	5	0	0	-390	-113	384	0	-400
1	-113	784	1309295668	-1	23	-9	25	-1	8	0	-1	-382	-113	384	0	-400
1	-113	784	1309297660	0	30	-9	24	-2	8	0	-3	-374	-113	384	0	-400
1	-113	784	1309299664	0	30	-11	31	-1	9	0	-4	-365	-113	384	0	-400
1	-113	784	1309301660	0	33	-11	31	-2	9	0	-6	-356	-113	384	0	-400
1	-113	784	1309303660	0	43	-15	40	-2	13	0	-8	-343	-113	384	0	-400
1	-113	784	1309305660	0	42	-17	45	-3	13	0	-11	-330	-113	384	0	-400
1	-113	784	1309307664	3	47	-16	44	-2	14	0	-13	-316	-113	384	0	-400
1	-113	784	1309309664	3	56	-20	54	-2	16	0	-15	-300	-113	384	0	-400
1	-113	784	1309311668	4	54	-19	51	-2	16	0	-17	-284	-113	384	0	-400
1	-113	784	1309313656	3	58	-22	64	-3	18	0	-20	-266	-113	384	0	-400
1	-113	784	1309315656	5	72	-23	60	-3	20	0	-23	-246	-113	384	0	-400
1	-113	784	1309317656	3	67	-27	73	-4	21	0	-27	-225	-113	384	0	-400
1	-113	784	1309319660	5	74	-25	70	-3	21	0	-30	-204	-113	384	0	-400
1	-113	784	1309321664	5	87	-30	85	-3	26	0	-33	-178	-113	384	0	-400
1	-113	784	1309323672	4	84	-29	80	-4	25	0	-37	-153	-113	384	0	-400
1	-113	784	1309325676	5	89	-34	97	-4	28	0	-41	-125	-113	384	0	-400
1	-113	784	1309327676	4	106	-30	91	-4	29	0	-45	-96	-113	384	0	-400
1	-113	784	1309329680	4	101	-36	109	-5	32	0	-50	-64	-113	384	0	-400
1	-113	784	1309331680	2	107	-34	102	-5	31	0	-55	-33	-113	384	0	-400
1	-113	784	1309333680	3	126	-38	123	-5	38	0	-60	5	-113	384	0	-400
1	-113	784	1309335680	1	119	-42	128	-6	37	0	-66	42	-113	384	0	-400
1	-113	784	1309337676	0	122	-37	118	-6	36	0	-72	78	-113	384	0	-400
1	-113	784	1309339680	-2	145	-45	140	-7	42	0	-79	120	-113	384	0	-400
1	-113	784	1309341668	-3	133	-40	127	-6	39	0	-85	159	-113	384	0	-400
1	-113	784	1309343668	-7	135	-48	149	-9	43	0	-94	202	-113	384	0	-400
1	-113	784	1309345664	-8	156	-43	134	-7	43	0	-101	245	-113	384	0	-400
1	-113	784	1309347664	-12	141	-50	156	-10	45	0	-111	290	-113	384	0	-400
1	-113	784	1309349660	-13	143	-45	138	-8	42	0	-119	332	-113	384	0	-400
1	-113	784	1309351664	-19	160	-54	158	-11	48	0	-130	380	-113	384	0	-400
1	-113	784	1309353656	-19	141	-48	139	-10	42	0	-140	422	-113	384	0	-400
1	-113	784	1309355656	-22	141	-56	159	-12	45	0	-152	467	-113	384	0	-400
1	-113	784	1309357652	-29	156	-49	137	-12	44	0	-164	511	-113	384	0	-400
1	-113	784	1309359648	-28	137	-58	157	-13	44	0	-177	555	-113	384	0	-400
1	-113	784	1309361644	-31	132	-52	133	-12	40	0	-189	595	-113	384	0	-400
1	-113	784	1309363640	-36	144	-60	149	-14	44	0	-203	639	-113	384	0	-400
1	-113	784	1309365640	-36	124	-52	128	-14	37	0	-217	676	-113	384	0	-400
1	-113	784	1309367648	-37	120	-61	140	-14	39	0	-231	715	-113	384	0	-400
1	-113	784	1309369644	-43	130	-54	118	-15	38	0	-246	753	-113	384	0	-400
1	-113	784	1309371636	-39	110	-61	132	-15	36	0	-261	789	-113	384	0	-400
1	-113	784	1309373644	-40	106	-60	125	-15	35	0	-276	824	-113	384	0	-400
1	-113	784	1309375640	-39	102	-53	105	-14	31	0	-290	855	-113	384	0	-400
1	-113	784	1309377632	-44	110	-60	115	-15	33	0	-305	888	-113	384	0	-400
1	-113	784	1309379636	-37	94	-51	97	-13	29	0	-318	749	-113	384	0	-400
1	-113	784	1309381628	-36	91	-58	106	-15	30	0	-333	779	-113	384	0	-400
1	-113	784	1309383628	-38	99	-48	90	-12	28	0	-345	807	-113	384	0	-400
1	-113	784	1309385632	-31	85	-55	99	-13	27	0	-358	834	-113	384	0	-400
1	-113	784	1309387628	-30	83	-48	84	-12	26	0	-370	860	-113	384	0	-400
1	-113	784	1309389620	-30	90	-51	94	-12	27	0	-382	887	-113	384	0	-400
1	-113	784	1309391624	-25	78	-45	80	-11	24	0	-393	911	-113	384	0	-400
1	-113	784	1309393632	-21	78	-50	88	-10	25	0	-403	936	-113	384	0	-400
1	-113	784	1309395628	-22	85	-43	75	-10	24	0	-413	744	-113	384	0	-400
1	-113	784	1309397636	-17	74	-46	85	-10	24	0	-423	768	-113	384	0	-400
1	-113	784	1309399632	-14	72	-40	74	-8	21	0	-431	789	-113	384	0	-400
1	-113	784	1309401632	-14	80	-44	81	-8	25	0	-439	814	-113	384	0	-400
1	-113	784	1309403632	-10	70	-37	69	-7	20	0	-446	834	-113	384	0	-400
1	-113	784	1309405632	-7	69	-40	79	-7	23	0	-453	857	-113	384	0	-400
1	-113	784	1309407640	-6	74	-39	75	-7	22	0	-460	879	-113	384	0	-400
1	-113	784	1309409636	-5	63	-31	65	-6	19	0	-466	898	-113	384	0	-400
1	-113	784	1309411632	-3	63	-35	71	-5	20	0	-471	740	-113	384	0	-400
1	-113	784	1309413636	-2	67	-29	60	-5	19	0	-476	759	-113	384	0	-400
1	-113	784	1309415636	-2	57	-30	66	-5	19	0	-481	778	-113	384	0	-400
1	-113	784	1309417632	0	53	-24	54	-3	16	0	-484	794	-113	384	0	-400
1	-113	784	1309419628	0	58	-26	60	-4	18	0	-488	812	-113	384	0	-400
1	-113	784	1309421632	2	46	-20	49	-3	14	0	-491	826	-113	384	0	-400
1	-113	784	1309423632	2	44	-21	51	-3	14	0	-494	840	-113	384	0	-400
1	-113	784	1309425624	4	45	-16	43	-2	13	0	-496	853	-113	384	0	-400
1	-113	784	1309427628	4	36	-17	43	-2	12	0	-498	865	-113	384	0	-400
1	-113	784	1309429628	5	31	-12	35	-1	10	0	-499	730	-113	384	0	-400
1	-113	784	1309431632	5	32	-11	35	-1	10	0	-500	740	-113	384	0	-400
1	-113	784	1309433620	5	25	-9	27	0	8	0	-500	748	-113	384	0	-400
1	-113	784	1309435640	4	21	-8	27	-1	7	0	-501	755	-113	384	0	-400
1	-113	784	1309437632	5	19	-6	23	0	6	1	-501	761	-113	384	0	-400
2	-113	784	1309439600	5	15	-5	17	0	5	1	-113	389	-113	384	0	-400
2	-113	784	1309441628	3	12	-2	16	0	4	1	-113	393	-113	384	0	-400
2	-113	784	1309443632	5	11	-3	12	0	4	1	-113	397	-113	384	0	-400
2	329	-721	1309445624	3	8	-2	11	0	3	1	-113	400	216	-337	-113	384
2	329	-721	1309447628	4	5	0	7	0	1	1	-113	401	216	-337	-113	384
2	329	-721	1309449600	2	5	-2	7	0	2	1	-113	403	216	-337	-113	384
2	329	-721	1309451644	3	4	0	5	1	2	1	-112	405	216	-337	-113	384
2	329	-721	1309453620	1	1	0	3	0	0	1	-112	405	216	-337	-113	384
2	329	-721	1309455632	1	1	0	3	0	1	1	-112	406	216	-337	-113	384
2	329	-721	1309457624	1	1	0	1	0	0	1	-112	406	216	-337	-113	384
2	329	-721	1309461600	0	0	0	1	0	0	1	-112	406	216	-337	-113	384
2	329	-721	1309463608	2	0	0	0	1	0	1	-111	406	216	-337	-113	384
2	329	-721	1309477596	1	0	0	0	0	0	1	-111	406	216	-337	-113	384
2	329	-721	1309479596	0	0	1	0	0	0	1	-111	406	216	-337	-113	384
2	329	-721	1309481592	1	0	0	0	0	0	1	-111	406	216	-337	-113	384
2	329	-721	1309483600	3	0	1	0	1	0	1	-110	406	216	-337	-113	384
2	329	-721	1309485612	2	-1	0	0	0	0	1	-110	406	216	-337	-113	384
2	329	-721	1309487620	4	-2	1	0	1	0	1	-109	406	216	-337	-113	384
2	329	-721	1309489608	4	0	1	-1	0	0	1	-109	406	216	-337	-113	384
2	329	-721	1309491616	5	-1	2	-2	1	0	1	-108	406	216	-337	-113	384
2	329	-721	1309493620	6	-1	1	-1	1	0	1	-107	406	216	-337	-113	384
2	329	-721	1309495620	6	-1	2	-1	2	0	1	-105	406	216	-337	-113	384
2	329	-721	1309497628	6	-2	3	-1	1	-1	1	-104	405	216	-337	-113	384
2	329	-721	1309499612	9	-2	2	-2	2	0	1	-102	405	216	-337	-113	384
2	329	-721	1309501632	9	-1	3	-1	1	-1	1	-101	404	216	-337	-113	384
2	329	-721	1309503616	9	-3	2	-2	2	0	1	-99	404	216	-337	-113	384
2	329	-721	1309505632	11	-1	4	-3	2	-1	1	-97	403	216	-337	-113	384
2	329	-721	1309507624	10	-3	3	-1	2	-1	1	-95	402	216	-337	-113	384
2	329	-721	1309509608	10	-1	3	-3	2	0	1	-93	402	216	-337	-113	384
2	329	-721	1309511620	11	-2	3	-2	2	-1	1	-91	401	216	-337	-113	384
2	329	-721	1309513612	10	-2	4	-3	2	-1	1	-89	400	216	-337	-113	384
2	329	-721	1309515604	10	-2	3	-1	2	0	1	-87	400	216	-337	-113	384
2	329	-721	1309517612	11	-3	4	-2	3	-1	1	-84	399	216	-337	-113	384
2	329	-721	1309519604	10	-1	3	-3	2	0	1	-82	399	216	-337	-113	384
2	329	-721	1309521616	9	-2	3	-2	1	-1	1	-81	398	216	-337	-113	384
2	329	-721	1309523612	10	-2	3	-3	2	-1	1	-79	397	216	-337	-113	384
2	329	-721	1309525604	8	-2	4	-2	2	0	1	-77	397	216	-337	-113	384
2	329	-721	1309527616	7	-3	3	-3	2	-1	1	-75	396	216	-337	-113	384
2	329	-721	1309529616	9	-2	3	-4	1	-1	1	-74	395	216	-337	-113	384
2	329	-721	1309531616	7	-4	4	-2	2	-1	1	-72	394	216	-337	-113	384
2	329	-721	1309533616	7	-4	3	-5	2	-1	1	-70	393	216	-337	-113	384
2	329	-721	1309535628	7	-6	4	-5	1	-2	1	-69	391	216	-337	-113	384
2	329	-721	1309537628	6	-5	5	-5	2	-2	0	-67	389	216	-337	-113	384
2	329	-721	1309539628	8	-7	5	-8	2	-2	0	-65	387	216	-337	-113	384
2	329	-721	1309541628	6	-9	5	-7	2	-2	0	-63	385	216	-337	-113	384
2	329	-721	1309543624	8	-10	6	-10	2	-3	0	-61	382	216	-337	-113	384
2	329	-721	1309545624	6	-10	7	-10	2	-3	0	-59	379	216	-337	-113	384
2	329	-721	1309547620	6	-15	8	-14	2	-5	0	-57	374	216	-337	-113	384
2	329	-721	1309549620	6	-14	8	-12	2	-3	0	-55	371	216	-337	-113	384
2	329	-721	1309551612	8	-16	11	-17	3	-5	0	-52	366	216	-337	-113	384
2	329	-721	1309553612	7	-20	10	-16	2	-6	0	-50	360	216	-337	-113	384
2	329	-721	1309555612	7	-19	13	-21	3	-6	0	-47	354	216	-337	-113	384
2	329	-721	1309557616	7	-22	12	-20	3	-6	0	-44	348	216	-337	-113	384
2	329	-721	1309559616	9	-25	16	-24	4	-7	0	-40	341	216	-337	-113	384
2	329	-721	1309561620	7	-25	14	-24	3	-8	0	-37	333	216	-337	-113	384
2	329	-721	1309563620	8	-28	19	-28	4	-8	0	-33	325	216	-337	-113	384
2	329	-721	1309565620	9	-31	16	-27	4	-9	0	-29	316	216	-337	-113	384
2	329	-721	1309567624	7	-30	21	-31	4	-9	0	-25	307	216	-337	-113	384
2	329	-721	1309569620	9	-31	22	-35	5	-10	0	-20	297	216	-337	-113	384
2	329	-721	1309571612	9	-37	21	-30	4	-10	0	-16	287	216	-337	-113	384
2	329	-721	1309573608	8	-35	24	-37	5	-11	0	-11	276	216	-337	-113	384
2	329	-721	1309575612	9	-35	22	-35	5	-10	0	-6	266	216	-337	-113	384
2	329	-721	1309577620	11	-42	28	-40	5	-13	0	-1	253	216	-337	-113	384
2	329	-721	1309579620	9	-39	25	-38	5	-11	0	4	242	216	-337	-113	384
2	329	-721	1309581616	9	-40	28	-45	6	-13	0	10	229	216	-337	-113	384
2	329	-721	1309583620	11	-47	27	-40	6	-13	0	16	216	216	-337	-113	384
2	329	-721	1309585624	10	-44	31	-47	6	-14	0	22	202	216	-337	-113	384
2	329	-721	1309587624	9	-46	29	-44	6	-13	0	28	189	216	-337	-113	384
2	329	-721	1309589620	11	-53	33	-51	6	-16	0	34	173	216	-337	-113	384
2	329	-721	1309591620	10	-50	32	-47	6	-14	0	40	159	216	-337	-113	384
2	329	-721	1309593620	10	-51	37	-56	8	-16	0	48	143	216	-337	-113	384
2	329	-721	1309595616	11	-60	34	-50	6	-17	0	54	126	216	-337	-113	384
2	329	-721	1309597616	10	-56	40	-61	8	-17	0	62	109	216	-337	-113	384
2	329	-721	1309599616	10	-59	42	-63	8	-19	0	70	90	216	-337	-113	384
2	329	-721	1309601616	12	-68	38	-56	7	-18	0	77	72	216	-337	-113	384
2	329	-721	1309603616	10	-62	46	-69	8	-20	0	85	52	216	-337	-113	384
2	329	-721	1309605616	11	-65	43	-61	9	-19	0	94	33	216	-337	-113	384
2	329	-721	1309607620	11	-75	51	-72	9	-22	0	103	11	216	-337	-113	384
2	329	-721	1309609620	10	-70	46	-65	8	-20	0	111	-9	216	-337	-113	384
2	329	-721	1309611616	11	-70	56	-78	10	-22	0	121	-31	216	-337	-113	384
2	329	-721	1309613620	12	-83	52	-70	10	-23	0	131	-54	216	-337	-113	384
2	329	-721	1309615624	11	-76	62	-82	11	-24	0	142	-78	216	-337	-113	384
2	329	-721	1309617620	10	-77	56	-74	10	-23	0	152	-101	216	-337	-113	384
2	329	-721	1309619612	12	-89	69	-88	12	-26	0	164	-127	216	-337	-113	384
2	329	-721	1309621616	10	-81	63	-77	11	-24	0	175	-151	216	-337	-113	384
2	329	-721	1309623624	12	-84	75	-91	13	-26	0	188	-177	216	-337	-113	384
2	329	-721	1309625616	11	-85	68	-82	12	-25	0	200	-202	216	-337	-113	384
2	329	-721	1309627620	12	-98	83	-96	14	-29	0	214	-231	216	-337	-113	384
2	329	-721	1309629628	12	-87	86	-96	15	-28	0	229	-259	216	-337	-113	384
2	329	-721	1309631624	11	-89	79	-86	13	-26	0	242	-285	216	-337	-113	384
2	329	-721	1309633616	14	-102	94	-100	16	-30	0	258	-315	216	-337	-113	384
2	329	-721	1309635620	11	-92	83	-89	15	-27	0	273	-342	216	-337	-113	384
2	329	-721	1309637616	12	-92	100	-101	16	-29	0	289	-371	216	-337	-113	384
2	329	-721	1309639620	15	-105	92	-92	16	-30	0	305	-401	216	-337	-113	384
2	329	-721	1309641620	14	-95	106	-103	18	-30	0	323	-431	216	-337	-113	384
2	329	-721	1309643620	18	-108	95	-93	17	-30	0	340	-461	216	-337	-113	384
2	329	-721	1309645624	15	-97	112	-107	19	-30	0	359	-491	216	-337	-113	384
2	329	-721	1309647616	16	-99	100	-95	18	-29	0	377	-520	216	-337	-113	384
2	329	-721	1309649616	17	-99	115	-110	20	-32	0	397	-552	216	-337	-113	384
2	329	-721	1309651620	22	-115	104	-98	18	-32	0	415	-584	216	-337	-113	384
2	329	-721	1309653616	20	-102	119	-112	21	-32	0	436	-616	216	-337	-113	384
2	329	-721	1309655616	21	-104	105	-100	19	-30	0	455	-646	216	-337	-113	384
2	329	-721	1309657616	24	-117	121	-117	22	-36	0	477	-682	216	-337	-113	384
2	329	-721	1309659616	22	-108	105	-102	19	-31	0	496	-713	216	-337	-113	384
2	329	-721	1309661616	24	-107	121	-119	22	-34	0	518	-747	216	-337	-113	384
2	329	-721	1309663624	27	-123	122	-120	22	-36	0	540	-783	216	-337	-113	384
2	329	-721	1309665620	27	-110	105	-106	20	-33	0	560	-816	216	-337	-113	384
2	329	-721	1309667620	26	-111	120	-121	22	-35	0	582	-851	216	-337	-113	384
2	329	-721	1309669616	30	-125	103	-108	20	-35	0	602	-886	216	-337	-113	384
2	329	-721	1309671616	27	-113	119	-124	22	-35	0	624	-921	216	-337	-113	384
2	329	-721	1309673616	29	-111	101	-107	19	-33	0	643	-954	216	-337	-113	384
2	329	-721	1309675612	31	-125	115	-124	22	-37	0	665	-991	216	-337	-113	384
2	329	-721	1309677616	28	-110	99	-107	19	-33	0	684	-1024	216	-337	-113	384
2	329	-721	1309679604	29	-109	110	-122	21	-34	0	705	-754	216	-337	-113	384
2	329	-721	1309681604	31	-118	96	-105	19	-34	0	724	-788	216	-337	-113	384
2	329	-721	1309683600	27	-105	107	-117	20	-33	0	744	-821	216	-337	-113	384
2	329	-721	1309685600	28	-102	91	-101	18	-31	0	762	-852	216	-337	-113	384
2	329	-721	1309687588	31	-112	102	-113	20	-33	0	782	-885	216	-337	-113	384
2	329	-721	1309689588	26	-96	88	-96	17	-29	0	799	-914	216	-337	-113	384
2	329	-721	1309691584	27	-93	96	-106	18	-30	0	817	-944	216	-337	-113	384
2	329	-721	1309693588	30	-100	84	-90	18	-28	0	835	-972	216	-337	-113	384
2	329	-721	1309695588	25	-86	91	-100	17	-28	0	852	-748	216	-337	-113	384
2	329	-721	1309697592	25	-83	78	-84	15	-25	0	867	-773	216	-337	-113	384
2	329	-721	1309699596	26	-87	86	-91	17	-27	0	884	-800	216	-337	-113	384
2	329	-721	1309701596	24	-75	82	-88	16	-25	0	900	-825	216	-337	-113	384
2	329	-721	1309703604	22	-73	70	-74	14	-22	0	914	-847	216	-337	-113	384
2	329	-721	1309705608	24	-76	75	-80	15	-23	0	929	-870	216	-337	-113	384
2	329	-721	1309707612	21	-65	64	-66	13	-20	0	942	-890	216	-337	-113	384
2	329	-721	1309709604	21	-61	69	-71	13	-19	0	955	-909	216	-337	-113	384
2	329	-721	1309711600	22	-64	57	-60	12	-19	0	967	-928	216	-337	-113	384
2	329	-721	1309713596	18	-54	63	-64	12	-18	0	979	-738	216	-337	-113	384
2	329	-721	1309715592	18	-51	50	-52	10	-15	0	989	-753	216	-337	-113	384
2	329	-721	1309717596	19	-52	55	-57	11	-17	0	1000	-770	216	-337	-113	384
2	329	-721	1309719592	16	-43	45	-46	9	-13	0	1009	-783	216	-337	-113	384
2	329	-721	1309721588	14	-40	46	-47	9	-13	0	1018	-796	216	-337	-113	384
2	329	-721	1309723592	13	-37	39	-40	8	-12	0	1026	-808	216	-337	-113	384
2	329	-721	1309725592	14	-39	39	-42	8	-12	0	1034	-820	216	-337	-113	384
2	329	-721	1309727596	11	-30	31	-32	7	-9	0	1041	-729	216	-337	-113	384
2	329	-721	1309729592	10	-28	32	-34	6	-9	0	1047	-738	216	-337	-113	384
2	329	-721	1309731592	10	-27	28	-30	6	-9	0	1053	-747	216	-337	-113	384
2	329	-721	1309733592	8	-21	22	-24	4	-7	0	1057	-754	216	-337	-113	384
2	329	-721	1309735584	6	-18	22	-22	4	-6	0	1061	-760	216	-337	-113	384
2	329	-721	1309737588	6	-17	17	-19	4	-5	0	1065	-765	216	-337	-113	384
2	329	-721	1309739592	5	-14	16	-17	3	-5	0	1068	-770	216	-337	-113	384
2	329	-721	1309741592	4	-10	12	-13	2	-3	0	1070	-773	216	-337	-113	384
2	329	-721	1309743596	4	-10	11	-12	2	-3	0	1072	-776	216	-337	-113	384
2	329	-721	1309745600	2	-8	9	-10	2	-3	0	1074	-723	216	-337	-113	384
2	329	-721	1309747604	2	-5	7	-8	1	-2	0	1075	-725	216	-337	-113	384
2	329	-721	1309749600	2	-5	6	-6	2	-2	1	1077	-727	216	-337	-113	384
3	329	-721	1309751588	1	-2	4	-5	0	-1	1	216	-338	216	-337	-113	384
3	329	-721	1309753600	0	-3	4	-4	1	-1	1	217	-339	216	-337	-113	384
3	329	-721	1309755588	2	-1	2	-2	1	0	1	218	-339	216	-337	-113	384
3	329	-721	1309757584	0	0	2	-3	0	-1	1	218	-340	216	-337	-113	384
3	329	-721	1309759576	0	-1	1	0	0	0	1	218	-340	216	-337	-113	384
3	-518	599	1309761576	0	0	1	-1	0	0	1	218	-340	-302	262	216	-337
3	-518	599	1309765544	0	0	1	0	0	0	1	218	-340	-302	262	216	-337
3	-518	599	1309767544	0	0	0	-1	0	0	1	218	-340	-302	262	216	-337
3	-518	599	1309777556	0	0	2	0	1	0	1	219	-340	-302	262	216	-337
3	-518	599	1309821560	0	0	0	0	0	0	0	219	-340	-302	262	216	-337
3	-518	599	1309837592	0	0	-1	0	0	0	0	219	-340	-302	262	216	-337
3	-518	599	1309841604	0	0	0	1	0	0	0	219	-340	-302	262	216	-337
3	-518	599	1309847632	0	0	-1	2	0	0	0	219	-340	-302	262	216	-337
3	-518	599	1309851600	0	2	0	1	0	0	0	219	-340	-302	262	216	-337
3	-518	599	1309853620	0	1	-1	1	0	0	0	219	-340	-302	262	216	-337
3	-518	599	1309855604	0	2	0	3	0	1	0	219	-339	-302	262	216	-337
3	-518	599	1309857628	0	4	-1	3	0	1	0	219	-338	-302	262	216	-337
3	-518	599	1309859628	-1	4	0	4	0	1	0	219	-337	-302	262	216	-337
3	-518	599	1309861640	-1	6	-2	5	-1	2	0	218	-335	-302	262	216	-337
3	-518	599	1309863628	-1	6	-1	8	0	2	0	218	-333	-302	262	216	-337
3	-518	599	1309865632	0	8	-2	6	0	2	0	218	-331	-302	262	216	-337
3	-518	599	1309867640	-3	10	-2	10	-1	3	0	217	-328	-302	262	216	-337
3	-518	599	1309869624	-1	11	-3	9	0	3	0	217	-325	-302	262	216	-337
3	-518	599	1309871632	-1	13	-4	13	-1	4	0	216	-321	-302	262	216	-337
3	-518	599	1309873632	-3	15	-5	13	-1	4	0	215	-317	-302	262	216	-337
3	-518	599	1309875628	-1	18	-6	16	-1	5	0	214	-312	-302	262	216	-337
3	-518	599	1309877636	-2	19	-8	18	-2	6	0	212	-306	-302	262	216	-337
3	-518	599	1309879636	-3	21	-11	22	-2	6	0	210	-300	-302	262	216	-337
3	-518	599	1309881636	-2	23	-13	25	-2	7	0	208	-293	-302	262	216	-337
3	-518	599	1309883640	-3	30	-12	24	-3	8	0	205	-285	-302	262	216	-337
3	-518	599	1309885644	-2	29	-19	31	-3	9	0	202	-276	-302	262	216	-337
3	-518	599	1309887636	-4	32	-19	31	-3	10	0	199	-266	-302	262	216	-337
3	-518	599	1309889632	-3	39	-23	38	-4	11	0	195	-255	-302	262	216	-337
3	-518	599	1309891628	-3	39	-25	36	-4	12	0	191	-243	-302	262	216	-337
3	-518	599	1309893620	-3	41	-33	45	-6	13	0	185	-230	-302	262	216	-337
3	-518	599	1309895620	-4	51	-31	44	-5	14	0	180	-216	-302	262	216	-337
3	-518	599	1309897620	-3	50	-41	52	-7	15	0	173	-201	-302	262	216	-337
3	-518	599	1309899612	-5	53	-40	52	-6	16	0	167	-185	-302	262	216	-337
3	-518	599	1309901612	-5	65	-52	62	-9	19	0	158	-166	-302	262	216	-337
3	-518	599	1309903608	-7	61	-48	59	-8	18	0	150	-148	-302	262	216	-337
3	-518	599	1309905604	-6	66	-62	71	-10	20	0	140	-128	-302	262	216	-337
3	-518	599	1309907600	-9	79	-58	66	-10	22	0	130	-106	-302	262	216	-337
3	-518	599	1309909600	-10	74	-73	80	-13	23	0	117	-83	-302	262	216	-337
3	-518	599	1309911592	-12	77	-69	75	-12	23	0	105	-60	-302	262	216	-337
3	-518	599	1309913600	-15	93	-85	90	-15	28	0	90	-32	-302	262	216	-337
3	-518	599	1309915600	-16	85	-78	83	-14	25	0	76	-7	-302	262	216	-337
3	-518	599	1309917604	-19	90	-97	99	-17	28	0	59	21	-302	262	216	-337
3	-518	599	1309919612	-25	103	-102	102	-19	31	0	40	52	-302	262	216	-337
3	-518	599	1309921612	-26	95	-94	93	-18	28	0	22	80	-302	262	216	-337
3	-518	599	1309923616	-30	99	-114	110	-22	31	0	0	111	-302	262	216	-337
3	-518	599	1309925620	-38	113	-103	97	-21	32	0	-21	143	-302	262	216	-337
3	-518	599	1309927624	-37	103	-124	116	-24	33	0	-45	176	-302	262	216	-337
3	-518	599	1309929624	-43	105	-113	103	-24	31	0	-69	207	-302	262	216	-337
3	-518	599	1309931624	-51	120	-133	119	-27	36	0	-96	243	-302	262	216	-337
3	-518	599	1309933620	-51	108	-120	106	-26	32	0	-122	275	-302	262	216	-337
3	-518	599	1309935620	-54	107	-143	122	-30	34	0	-152	309	-302	262	216	-337
3	-518	599	1309937612	-65	123	-127	109	-28	35	0	-180	344	-302	262	216	-337
3	-518	599	1309939612	-63	109	-149	124	-32	35	0	-212	379	-302	262	216	-337
3	-518	599	1309941608	-66	108	-134	107	-30	32	0	-242	411	-302	262	216	-337
3	-518	599	1309943608	-77	123	-155	124	-35	37	0	-277	448	-302	262	216	-337
3	-518	599	1309945608	-72	107	-137	108	-31	33	0	-308	481	-302	262	216	-337
3	-518	599	1309947608	-75	107	-160	121	-36	34	0	-344	515	-302	262	216	-337
3	-518	599	1309949608	-86	118	-160	121	-36	36	0	-380	551	-302	262	216	-337
3	-518	599	1309951604	-79	105	-142	105	-34	31	0	-414	582	-302	262	216	-337
3	-518	599	1309953604	-80	104	-162	119	-36	34	0	-450	616	-302	262	216	-337
3	-518	599	1309955600	-81	103	-141	102	-33	30	0	-483	646	-302	262	216	-337
3	-518	599	1309957604	-92	113	-163	115	-38	35	0	-521	681	-302	262	216	-337
3	-518	599	1309959600	-82	99	-141	100	-34	29	0	-555	710	-302	262	216	-337
3	-518	599	1309961604	-81	98	-161	113	-36	32	0	-591	742	-302	262	216	-337
3	-518	599	1309963608	-92	107	-140	96	-35	30	0	-626	772	-302	262	216	-337
3	-518	599	1309965612	-82	95	-159	109	-36	31	0	-662	803	-302	262	216	-337
3	-518	599	1309967616	-80	94	-136	94	-33	28	0	-695	831	-302	262	216	-337
3	-518	599	1309969616	-90	102	-155	105	-36	31	0	-731	862	-302	262	216	-337
3	-518	599	1309971616	-77	90	-134	90	-32	27	0	-763	889	-302	262	216	-337
3	-518	599	1309973616	-78	89	-149	101	-34	29	0	-797	918	-302	262	216	-337
3	-518	599	1309975628	-83	98	-147	100	-35	30	0	-832	948	-302	262	216	-337
3	-518	599	1309977624	-74	86	-125	86	-29	25	0	-861	973	-302	262	216	-337
3	-518	599	1309979616	-73	85	-142	96	-33	27	0	-894	747	-302	262	216	-337
3	-518	599	1309981612	-78	94	-120	84	-29	27	0	-923	774	-302	262	216	-337
3	-518	599	1309983612	-68	81	-133	93	-30	26	0	-953	800	-302	262	216	-337
3	-518	599	1309985612	-66	80	-115	80	-28	24	0	-981	824	-302	262	216	-337
3	-518	599	1309987612	-73	87	-128	88	-30	27	0	-1011	851	-302	262	216	-337
3	-518	599	1309989612	-62	78	-110	77	-26	23	0	-1037	874	-302	262	216	-337
3	-518	599	1309991612	-60	75	-121	85	-27	24	0	-1064	898	-302	262	216	-337
3	-518	599	1309993616	-65	81	-103	72	-25	23	0	-1089	921	-302	262	216	-337
3	-518	599	1309995616	-55	71	-115	81	-25	23	0	-1114	743	-302	262	216	-337
3	-518	599	1309997616	-54	69	-97	68	-23	20	0	-1137	763	-302	262	216	-337
3	-518	599	1309999612	-57	75	-109	76	-25	23	0	-1162	786	-302	262	216	-337
3	-518	599	1310001616	-49	64	-92	63	-21	19	0	-1183	805	-302	262	216	-337
3	-518	599	1310003620	-46	61	-100	70	-22	19	0	-1205	824	-302	262	216	-337
3	-518	599	1310005620	-49	65	-85	57	-20	19	0	-1225	843	-302	262	216	-337
3	-518	599	1310007616	-41	54	-94	63	-20	17	0	-1245	860	-302	262	216	-337
3	-518	599	1310009620	-39	51	-90	58	-20	17	0	-1265	877	-302	262	216	-337
3	-518	599	1310011628	-39	54	-75	48	-17	15	0	-1282	892	-302	262	216	-337
3	-518	599	1310013624	-32	42	-81	50	-17	14	0	-1299	906	-302	262	216	-337
3	-518	599	1310015616	-30	40	-67	41	-14	12	0	-1294	732	-302	262	216	-337
3	-518	599	1310017612	-32	39	-70	43	-16	12	0	-1310	744	-302	262	216	-337
3	-518	599	1310019620	-23	31	-57	33	-12	10	0	-1322	754	-302	262	216	-337
3	-518	599	1310021612	-22	28	-60	34	-12	9	0	-1334	763	-302	262	216	-337
3	-518	599	1310023608	-21	27	-48	26	-10	8	0	-1344	771	-302	262	216	-337
3	-518	599	1310025608	-16	20	-48	27	-10	7	0	-1354	778	-302	262	216	-337
3	-518	599	1310027608	-14	17	-38	20	-8	6	0	-1362	784	-302	262	216	-337
3	-518	599	1310029608	-12	16	-37	18	-7	5	1	-1287	725	-302	262	216	-337
4	-518	599	1310031604	-9	11	-29	14	-6	3	1	-308	265	-302	262	216	-337
4	-518	599	1310033604	-8	9	-28	13	-5	4	1	-313	269	-302	262	216	-337
4	-518	599	1310035604	-6	7	-21	10	-4	2	1	-317	271	-302	262	216	-337
4	-518	599	1310037600	-4	5	-19	7	-4	2	1	-321	273	-302	262	216	-337
4	-518	599	1310039608	-1	4	-12	5	-2	1	1	-323	274	-302	262	216	-337
4	-518	599	1310041600	-1	3	-11	5	-1	2	1	-324	276	-302	262	216	-337
4	-518	599	1310043592	0	1	-8	3	-2	0	1	-326	276	-302	262	216	-337
4	666	-428	1310045548	3	0	-4	0	0	0	1	-326	276	364	-166	-302	262
4	666	-428	1310047556	3	0	-2	0	0	0	1	-326	276	364	-166	-302	262
4	666	-428	1310049588	8	-2	0	0	1	0	1	-325	276	364	-166	-302	262
4	666	-428	1310051588	7	-2	1	-3	1	0	1	-324	276	364	-166	-302	262
4	666	-428	1310053596	9	-4	4	-3	2	-1	1	-322	275	364	-166	-302	262
4	666	-428	1310055596	11	-6	6	-5	2	-1	1	-320	274	364	-166	-302	262
4	666	-428	1310057592	10	-7	5	-6	3	-2	1	-317	272	364	-166	-302	262
4	666	-428	1310059588	13	-6	8	-6	3	-2	1	-314	270	364	-166	-302	262
4	666	-428	1310061584	14	-9	7	-8	3	-3	1	-311	267	364	-166	-302	262
4	666	-428	1310063572	13	-8	9	-9	3	-2	1	-308	265	364	-166	-302	262
4	666	-428	1310065576	14	-9	9	-8	4	-3	1	-304	262	364	-166	-302	262
4	666	-428	1310067584	16	-13	10	-12	4	-4	1	-300	258	364	-166	-302	262
4	666	-428	1310069584	15	-11	10	-10	3	-3	1	-297	255	364	-166	-302	262
4	666	-428	1310071580	14	-11	12	-12	4	-3	1	-293	252	364	-166	-302	262
4	666	-428	1310073576	16	-15	10	-13	4	-4	1	-289	248	364	-166	-302	262
4	666	-428	1310075572	14	-14	14	-15	4	-5	1	-285	243	364	-166	-302	262
4	666	-428	1310077572	14	-15	11	-13	4	-4	1	-281	239	364	-166	-302	262
4	666	-428	1310079568	14	-16	14	-17	4	-5	1	-277	234	364	-166	-302	262
4	666	-428	1310081568	11	-16	11	-15	4	-5	1	-273	229	364	-166	-302	262
4	666	-428	1310083564	10	-15	14	-17	3	-4	1	-270	225	364	-166	-302	262
4	666	-428	1310085560	11	-18	13	-18	4	-6	1	-266	219	364	-166	-302	262
4	666	-428	1310087568	10	-16	11	-16	3	-5	1	-263	214	364	-166	-302	262
4	666	-428	1310089564	9	-16	14	-17	3	-5	1	-260	209	364	-166	-302	262
4	666	-428	1310091556	9	-18	11	-15	3	-4	1	-257	205	364	-166	-302	262
4	666	-428	1310093556	8	-16	11	-19	3	-6	1	-254	199	364	-166	-302	262
4	666	-428	1310095560	8	-15	11	-15	3	-4	1	-251	195	364	-166	-302	262
4	666	-428	1310097560	7	-18	12	-18	3	-6	1	-248	189	364	-166	-302	262
4	666	-428	1310099564	7	-16	8	-16	2	-4	1	-246	185	364	-166	-302	262
4	666	-428	1310101560	6	-15	12	-16	3	-5	1	-243	180	364	-166	-302	262
4	666	-428	1310103568	6	-15	8	-15	2	-5	1	-241	175	364	-166	-302	262
4	666	-428	1310105564	5	-16	10	-16	2	-4	1	-239	171	364	-166	-302	262
4	666	-428	1310107560	6	-14	9	-15	2	-5	1	-237	166	364	-166	-302	262
4	666	-428	1310109556	4	-12	9	-15	2	-4	1	-235	162	364	-166	-302	262
4	666	-428	1310111552	5	-14	7	-13	2	-4	1	-233	158	364	-166	-302	262
4	666	-428	1310113552	4	-13	9	-14	2	-4	1	-231	154	364	-166	-302	262
4	666	-428	1310115548	4	-11	6	-11	2	-3	1	-229	151	364	-166	-302	262
4	666	-428	1310117548	3	-11	8	-12	1	-4	1	-228	147	364	-166	-302	262
4	666	-428	1310119548	3	-10	5	-12	1	-3	1	-227	144	364	-166	-302	262
4	666	-428	1310121544	2	-10	6	-11	2	-3	1	-225	141	364	-166	-302	262
4	666	-428	1310123544	3	-10	5	-10	1	-3	1	-224	138	364	-166	-302	262
4	666	-428	1310125544	1	-8	5	-9	1	-3	1	-223	135	364	-166	-302	262
4	666	-428	1310127548	1	-7	4	-10	1	-2	0	-222	133	364	-166	-302	262
4	666	-428	1310129540	2	-9	4	-7	0	-3	0	-222	130	364	-166	-302	262
4	666	-428	1310131552	1	-7	5	-9	1	-2	0	-221	128	364	-166	-302	262
4	666	-428	1310133556	1	-7	3	-7	1	-2	0	-220	126	364	-166	-302	262
4	666	-428	1310135556	1	-8	4	-9	1	-3	0	-219	123	364	-166	-302	262
4	666	-428	1310137548	0	-7	3	-6	0	-2	0	-219	121	364	-166	-302	262
4	666	-428	1310139564	0	-7	3	-9	1	-2	0	-218	119	364	-166	-302	262
4	666	-428	1310141552	0	-8	4	-8	0	-2	0	-218	117	364	-166	-302	262
4	666	-428	1310143568	0	-7	4	-8	1	-3	0	-217	114	364	-166	-302	262
4	666	-428	1310145556	0	-8	2	-8	0	-2	0	-217	112	364	-166	-302	262
4	666	-428	1310147564	0	-10	5	-9	1	-3	0	-216	109	364	-166	-302	262
4	666	-428	1310149556	0	-8	5	-10	1	-3	0	-215	106	364	-166	-302	262
4	666	-428	1310151544	0	-9	4	-8	0	-2	0	-215	104	364	-166	-302	262
4	666	-428	1310153556	0	-11	6	-12	1	-4	0	-214	100	364	-166	-302	262
4	666	-428	1310155556	0	-12	7	-10	1	-3	0	-213	97	364	-166	-302	262
4	666	-428	1310157552	0	-11	6	-12	1	-3	0	-212	94	364	-166	-302	262
4	666	-428	1310159552	2	-14	7	-13	1	-4	0	-211	90	364	-166	-302	262
4	666	-428	1310161548	0	-13	9	-13	2	-4	0	-209	86	364	-166	-302	262
4	666	-428	1310163548	1	-14	9	-14	1	-4	0	-208	82	364	-166	-302	262
4	666	-428	1310165548	2	-16	11	-15	2	-5	0	-206	77	364	-166	-302	262
4	666	-428	1310167552	3	-15	11	-15	2	-5	0	-204	72	364	-166	-302	262
4	666	-428	1310169556	4	-17	14	-18	3	-5	0	-201	67	364	-166	-302	262
4	666	-428	1310171556	3	-20	15	-16	3	-5	0	-198	62	364	-166	-302	262
4	666	-428	1310173560	5	-17	18	-19	3	-6	0	-195	56	364	-166	-302	262
4	666	-428	1310175560	7	-19	16	-18	4	-5	0	-191	51	364	-166	-302	262
4	666	-428	1310177564	7	-22	22	-22	4	-7	0	-187	44	364	-166	-302	262
4	666	-428	1310179572	9	-20	22	-18	5	-6	0	-182	38	364	-166	-302	262
4	666	-428	1310181564	10	-23	27	-24	5	-7	0	-177	31	364	-166	-302	262
4	666	-428	1310183560	12	-25	29	-25	6	-7	0	-171	24	364	-166	-302	262
4	666	-428	1310185556	13	-25	30	-23	7	-7	0	-164	17	364	-166	-302	262
4	666	-428	1310187552	15	-25	35	-26	7	-8	0	-157	9	364	-166	-302	262
4	666	-428	1310189540	17	-29	35	-24	8	-8	0	-149	1	364	-166	-302	262
4	666	-428	1310191552	18	-27	44	-28	9	-8	0	-140	-7	364	-166	-302	262
4	666	-428	1310193548	20	-28	41	-27	9	-8	0	-131	-15	364	-166	-302	262
4	666	-428	1310195544	24	-33	50	-31	12	-10	0	-119	-25	364	-166	-302	262
4	666	-428	1310197552	22	-30	49	-29	10	-9	0	-109	-34	364	-166	-302	262
4	666	-428	1310199556	24	-30	58	-33	13	-9	0	-96	-43	364	-166	-302	262
4	666	-428	1310201556	30	-37	55	-30	12	-10	0	-84	-53	364	-166	-302	262
4	666	-428	1310203564	29	-32	69	-35	15	-10	0	-69	-63	364	-166	-302	262
4	666	-428	1310205556	31	-34	63	-33	14	-10	0	-55	-73	364	-166	-302	262
4	666	-428	1310207564	37	-39	77	-37	17	-12	0	-38	-85	364	-166	-302	262
4	666	-428	1310209560	35	-35	73	-33	16	-10	0	-22	-95	364	-166	-302	262
4	666	-428	1310211556	37	-35	87	-39	19	-11	0	-3	-106	364	-166	-302	262
4	666	-428	1310213552	40	-36	80	-35	18	-11	0	15	-117	364	-166	-302	262
4	666	-428	1310215556	46	-41	98	-40	22	-12	0	37	-129	364	-166	-302	262
4	666	-428	1310217552	44	-36	103	-41	22	-11	0	59	-140	364	-166	-302	262
4	666	-428	1310219552	45	-39	95	-36	21	-12	0	80	-152	364	-166	-302	262
4	666	-428	1310221560	53	-43	113	-43	25	-13	0	105	-165	364	-166	-302	262
4	666	-428	1310223560	52	-37	105	-36	23	-11	0	128	-176	364	-166	-302	262
4	666	-428	1310225556	52	-39	122	-44	26	-12	0	154	-188	364	-166	-302	262
4	666	-428	1310227556	61	-44	112	-37	26	-12	0	180	-200	364	-166	-302	262
4	666	-428	1310229556	57	-40	132	-43	28	-13	0	208	-213	364	-166	-302	262
4	666	-428	1310231556	58	-40	120	-38	27	-11	0	235	-224	364	-166	-302	262
4	666	-428	1310233552	67	-43	140	-44	31	-13	0	266	-237	364	-166	-302	262
4	666	-428	1310235552	61	-40	128	-38	29	-12	0	295	-249	364	-166	-302	262
4	666	-428	1310237552	64	-42	147	-45	31	-13	0	326	-262	364	-166	-302	262
4	666	-428	1310239552	71	-45	133	-37	31	-12	0	357	-274	364	-166	-302	262
4	666	-428	1310241552	66	-41	155	-45	33	-13	0	390	-287	364	-166	-302	262
4	666	-428	1310243552	66	-41	137	-39	30	-12	0	420	-299	364	-166	-302	262
4	666	-428	1310245552	77	-45	159	-44	36	-14	0	456	-313	364	-166	-302	262
4	666	-428	1310247552	68	-41	161	-45	34	-13	0	490	-326	364	-166	-302	262
4	666	-428	1310249552	70	-40	141	-38	32	-11	0	522	-337	364	-166	-302	262
4	666	-428	1310251552	79	-47	164	-45	36	-14	0	558	-351	364	-166	-302	262
4	666	-428	1310253548	71	-40	143	-39	32	-12	0	590	-363	364	-166	-302	262
4	666	-428	1310255552	72	-41	163	-45	36	-13	0	626	-376	364	-166	-302	262
4	666	-428	1310257552	81	-46	143	-39	33	-13	0	659	-389	364	-166	-302	262
4	666	-428	1310259552	71	-40	164	-45	35	-12	0	694	-401	364	-166	-302	262
4	666	-428	1310261552	73	-41	142	-39	33	-12	0	727	-413	364	-166	-302	262
4	666	-428	1310263556	81	-45	161	-43	36	-14	0	763	-427	364	-166	-302	262
4	666	-428	1310265552	74	-42	140	-39	32	-12	0	795	-439	364	-166	-302	262
4	666	-428	1310267556	72	-40	160	-45	35	-12	0	830	-451	364	-166	-302	262
4	666	-428	1310269556	81	-45	138	-39	33	-13	0	863	-464	364	-166	-302	262
4	666	-428	1310271556	72	-41	156	-45	34	-13	0	897	-477	364	-166	-302	262
4	666	-428	1310273560	71	-40	135	-39	31	-12	0	928	-489	364	-166	-302	262
4	666	-428	1310275552	80	-45	153	-45	35	-13	0	963	-502	364	-166	-302	262
4	666	-428	1310277556	69	-39	150	-43	33	-13	0	996	-515	364	-166	-302	262
4	666	-428	1310279556	68	-40	128	-39	29	-11	0	1025	-526	364	-166	-302	262
4	666	-428	1310281556	75	-45	145	-44	33	-14	0	1058	-540	364	-166	-302	262
4	666	-428	1310283560	65	-38	124	-37	28	-11	0	1086	-551	364	-166	-302	262
4	666	-428	1310285560	64	-39	140	-44	31	-12	0	1117	-563	364	-166	-302	262
4	666	-428	1310287556	70	-43	119	-36	28	-12	0	1145	-575	364	-166	-302	262
4	666	-428	1310289560	61	-38	134	-43	30	-12	0	1175	-587	364	-166	-302	262
4	666	-428	1310291560	59	-38	115	-36	26	-12	0	1201	-599	364	-166	-302	262
4	666	-428	1310293560	64	-41	126	-41	28	-12	0	1229	-611	364	-166	-302	262
4	666	-428	1310295560	55	-36	109	-37	25	-11	0	1254	-622	364	-166	-302	262
4	666	-428	1310297560	54	-37	120	-40	26	-11	0	1280	-633	364	-166	-302	262
4	666	-428	1310299564	56	-40	102	-35	24	-12	0	1304	-645	364	-166	-302	262
4	666	-428	1310301560	49	-33	113	-38	24	-10	0	1328	-655	364	-166	-302	262
4	666	-428	1310303560	46	-34	95	-33	21	-10	0	1349	-665	364	-166	-302	262
4	666	-428	1310305556	50	-36	103	-36	23	-11	0	1372	-676	364	-166	-302	262
4	666	-428	1310307560	41	-33	88	-31	19	-10	0	1391	-686	364	-166	-302	262
4	666	-428	1310309556	40	-30	95	-34	21	-9	0	1412	-695	364	-166	-302	262
4	666	-428	1310311548	38	-30	80	-30	17	-9	0	1297	-704	364	-166	-302	262
4	666	-428	1310313556	40	-31	86	-31	19	-10	0	1316	-714	364	-166	-302	262
4	666	-428	1310315548	33	-28	81	-30	17	-8	0	1333	-722	364	-166	-302	262
4	666	-428	1310317544	32	-25	68	-27	15	-8	0	1348	-730	364	-166	-302	262
4	666	-428	1310319544	32	-27	72	-27	16	-8	0	1364	-738	364	-166	-302	262
4	666	-428	1310321544	28	-24	60	-23	13	-7	0	1377	-745	364	-166	-302	262
4	666	-428	1310323540	25	-21	63	-25	13	-7	0	1390	-752	364	-166	-302	262
4	666	-428	1310325544	25	-23	51	-20	12	-7	0	1402	-759	364	-166	-302	262
4	666	-428	1310327544	21	-17	53	-21	11	-5	0	1413	-764	364	-166	-302	262
4	666	-428	1310329548	19	-16	42	-16	9	-5	0	1422	-769	364	-166	-302	262
4	666	-428	1310331544	18	-17	44	-18	9	-5	0	1431	-774	364	-166	-302	262
4	666	-428	1310333540	15	-13	34	-13	8	-4	0	1288	-724	364	-166	-302	262
4	666	-428	1310335536	13	-12	33	-14	7	-4	0	1295	-728	364	-166	-302	262
4	666	-428	1310337536	12	-11	27	-10	5	-3	0	1300	-731	364	-166	-302	262
4	666	-428	1310339528	10	-9	25	-10	6	-3	0	1306	-734	364	-166	-302	262
4	666	-428	1310341544	8	-6	20	-8	4	-2	1	1310	-736	364	-166	-302	262
5	666	-428	1310343548	7	-6	18	-7	4	-2	1	368	-168	364	-166	-302	262
5	-760	223	1310345556	7	-5	15	-6	3	-2	1	371	-170	-396	57	364	-166
5	-760	223	1310347552	3	-4	12	-5	2	-1	1	373	-171	-396	57	364	-166
5	-760	223	1310349544	4	-4	10	-4	2	-1	1	375	-172	-396	57	364	-166
5	-760	223	1310351552	3	-1	6	-3	2	-1	1	377	-173	-396	57	364	-166
5	-760	223	1310353528	1	-1	5	-2	0	0	1	377	-173	-396	57	364	-166
5	-760	223	1310355548	1	-1	4	-1	1	-1	1	378	-174	-396	57	364	-166
5	-760	223	1310357536	1	0	2	-2	1	0	1	379	-174	-396	57	364	-166
5	-760	223	1310359520	0	-2	1	0	0	0	1	379	-174	-396	57	364	-166
5	-760	223	1310361492	0	0	2	0	0	0	1	379	-174	-396	57	364	-166
5	-760	223	1310423516	0	0	0	0	0	0	0	379	-174	-396	57	364	-166
5	-760	223	1310437588	0	1	-1	0	0	0	0	379	-174	-396	57	364	-166
5	-760	223	1310439560	0	0	-1	0	0	0	0	379	-174	-396	57	364	-166
5	-760	223	1310441580	0	1	-1	0	0	0	0	379	-174	-396	57	364	-166
5	-760	223	1310443552	0	0	-3	0	0	0	0	379	-174	-396	57	364	-166
5	-760	223	1310445584	0	1	-3	1	0	0	0	379	-174	-396	57	364	-166
5	-760	223	1310447584	-1	3	-5	1	-1	0	0	378	-174	-396	57	364	-166
5	-760	223	1310449588	0	1	-5	1	-1	0	0	377	-174	-396	57	364	-166
5	-760	223	1310451596	-3	3	-8	3	-2	1	0	375	-173	-396	57	364	-166
5	-760	223	1310453588	-1	2	-7	1	-1	0	0	374	-173	-396	57	364	-166
5	-760	223	1310455600	-1	4	-12	4	-2	2	0	372	-171	-396	57	364	-166
5	-760	223	1310457592	-3	4	-11	2	-2	1	0	370	-170	-396	57	364	-166
5	-760	223	1310459592	-3	5	-16	5	-3	1	0	367	-169	-396	57	364	-166
5	-760	223	1310461588	-3	5	-15	4	-2	1	0	365	-168	-396	57	364	-166
5	-760	223	1310463584	-4	6	-21	6	-4	2	0	361	-166	-396	57	364	-166
5	-760	223	1310465592	-6	7	-24	7	-5	2	0	356	-164	-396	57	364	-166
5	-760	223	1310467584	-5	9	-24	7	-4	3	0	352	-161	-396	57	364	-166
5	-760	223	1310469580	-6	9	-31	9	-5	2	0	347	-159	-396	57	364	-166
5	-760	223	1310471584	-8	11	-30	9	-6	3	0	341	-156	-396	57	364	-166
5	-760	223	1310473592	-8	11	-39	11	-7	4	0	334	-152	-396	57	364	-166
5	-760	223	1310475592	-10	13	-37	11	-7	3	0	327	-149	-396	57	364	-166
5	-760	223	1310477592	-14	16	-48	15	-10	5	0	317	-144	-396	57	364	-166
5	-760	223	1310479596	-14	15	-45	14	-8	4	0	309	-140	-396	57	364	-166
5	-760	223	1310481588	-15	16	-57	16	-11	5	0	298	-135	-396	57	364	-166
5	-760	223	1310483588	-20	22	-54	16	-11	6	0	287	-129	-396	57	364	-166
5	-760	223	1310485592	-20	18	-68	22	-14	6	0	273	-123	-396	57	364	-166
5	-760	223	1310487596	-22	22	-65	18	-13	6	0	260	-117	-396	57	364	-166
5	-760	223	1310489592	-29	26	-78	24	-16	7	0	244	-110	-396	57	364	-166
5	-760	223	1310491592	-29	24	-87	26	-17	8	0	227	-102	-396	57	364	-166
5	-760	223	1310493592	-32	26	-81	24	-17	7	0	210	-95	-396	57	364	-166
5	-760	223	1310495596	-39	30	-97	30	-20	9	0	190	-86	-396	57	364	-166
5	-760	223	1310497596	-39	30	-93	28	-20	9	0	170	-77	-396	57	364	-166
5	-760	223	1310499600	-42	30	-112	32	-23	9	0	147	-68	-396	57	364	-166
5	-760	223	1310501596	-53	37	-105	31	-24	11	0	123	-57	-396	57	364	-166
5	-760	223	1310503596	-50	34	-128	38	-27	10	0	96	-47	-396	57	364	-166
5	-760	223	1310505596	-54	36	-117	35	-25	11	0	71	-36	-396	57	364	-166
5	-760	223	1310507600	-65	43	-143	42	-32	13	0	39	-23	-396	57	364	-166
5	-760	223	1310509600	-62	40	-131	38	-28	11	0	11	-12	-396	57	364	-166
5	-760	223	1310511604	-65	41	-158	46	-34	13	0	-23	1	-396	57	364	-166
5	-760	223	1310513608	-79	49	-145	41	-34	14	0	-57	15	-396	57	364	-166
5	-760	223	1310515612	-74	44	-173	50	-37	14	0	-94	29	-396	57	364	-166
5	-760	223	1310517612	-77	46	-158	45	-35	14	0	-129	43	-396	57	364	-166
5	-760	223	1310519616	-93	54	-189	54	-42	16	0	-171	59	-396	57	364	-166
5	-760	223	1310521620	-85	50	-195	55	-42	16	0	-213	75	-396	57	364	-166
5	-760	223	1310523620	-88	50	-176	50	-40	15	0	-253	90	-396	57	364	-166
5	-760	223	1310525624	-104	57	-209	58	-47	17	0	-300	107	-396	57	364	-166
5	-760	223	1310527616	-96	53	-188	50	-42	15	0	-342	122	-396	57	364	-166
5	-760	223	1310529616	-100	52	-220	58	-48	17	0	-390	139	-396	57	364	-166
5	-760	223	1310531628	-115	59	-197	52	-47	17	0	-437	156	-396	57	364	-166
5	-760	223	1310533616	-104	54	-230	58	-50	16	0	-487	172	-396	57	364	-166
5	-760	223	1310535612	-108	52	-205	52	-47	16	0	-534	188	-396	57	364	-166
5	-760	223	1310537612	-123	59	-236	58	-54	17	0	-588	205	-396	57	364	-166
5	-760	223	1310539608	-112	51	-210	50	-48	16	0	-636	221	-396	57	364	-166
5	-760	223	1310541608	-112	49	-240	57	-53	16	0	-689	237	-396	57	364	-166
5	-760	223	1310543604	-129	55	-211	47	-51	15	0	-740	252	-396	57	364	-166
5	-760	223	1310545600	-115	46	-240	53	-53	15	0	-793	267	-396	57	364	-166
5	-760	223	1310547600	-115	44	-209	43	-49	13	0	-842	280	-396	57	364	-166
5	-760	223	1310549600	-129	47	-236	48	-55	14	0	-897	294	-396	57	364	-166
5	-760	223	1310551600	-115	39	-204	39	-48	12	0	-945	306	-396	57	364	-166
5	-760	223	1310553600	-113	36	-229	42	-51	11	0	-996	317	-396	57	364	-166
5	-760	223	1310555596	-127	38	-225	39	-53	12	0	-1049	329	-396	57	364	-166
5	-760	223	1310557608	-110	31	-192	31	-45	9	0	-1094	338	-396	57	364	-166
5	-760	223	1310559612	-108	28	-213	34	-48	10	0	-1142	348	-396	57	364	-166
5	-760	223	1310561608	-120	27	-181	26	-45	7	0	-1187	355	-396	57	364	-166
5	-760	223	1310563608	-103	23	-200	29	-46	8	0	-1233	363	-396	57	364	-166
5	-760	223	1310565608	-101	20	-167	21	-40	6	0	-1273	369	-396	57	364	-166
5	-760	223	1310567608	-109	20	-184	24	-44	7	0	-1317	376	-396	57	364	-166
5	-760	223	1310569608	-94	15	-154	17	-37	5	0	-1354	381	-396	57	364	-166
5	-760	223	1310571620	-88	13	-169	18	-39	4	0	-1393	385	-396	57	364	-166
5	-760	223	1310573612	-97	13	-138	12	-35	4	0	-1428	389	-396	57	364	-166
5	-760	223	1310575604	-80	9	-152	14	-35	4	0	-1463	393	-396	57	364	-166
5	-760	223	1310577604	-77	8	-123	10	-30	2	0	-1310	395	-396	57	364	-166
5	-760	223	1310579604	-80	8	-134	10	-32	3	0	-1342	398	-396	57	364	-166
5	-760	223	1310581604	-68	6	-110	6	-26	2	0	-1368	400	-396	57	364	-166
5	-760	223	1310583604	-62	5	-118	8	-27	2	0	-1395	402	-396	57	364	-166
5	-760	223	1310585600	-65	5	-95	5	-24	1	0	-1419	403	-396	57	364	-166
5	-760	223	1310587604	-53	4	-101	5	-24	2	0	-1443	405	-396	57	364	-166
5	-760	223	1310589604	-47	2	-92	4	-20	1	0	-1463	406	-396	57	364	-166
5	-760	223	1310591596	-49	3	-73	3	-19	0	0	-1482	406	-396	57	364	-166
5	-760	223	1310593608	-37	1	-76	3	-17	1	0	-1499	407	-396	57	364	-166
5	-760	223	1310595604	-34	1	-60	2	-14	1	0	-1294	408	-396	57	364	-166
5	-760	223	1310597584	-29	2	-60	2	-13	0	0	-1307	408	-396	57	364	-166
5	-760	223	1310599588	-29	1	-48	1	-12	0	0	-1319	408	-396	57	364	-166
5	-760	223	1310601568	-20	0	-46	0	-10	0	0	-1329	408	-396	57	364	-166
5	-760	223	1310603608	-18	0	-35	1	-7	1	0	-1336	409	-396	57	364	-166
5	-760	223	1310605596	-15	1	-34	0	-8	0	0	-1344	409	-396	57	364	-166
5	-760	223	1310607568	-13	0	-26	0	-6	0	0	-1350	409	-396	57	364	-166
5	-760	223	1310609564	-9	0	-24	0	-5	0	0	-1355	409	-396	57	364	-166
5	-760	223	1310611568	-6	0	-16	0	-3	0	0	-1283	409	-396	57	364	-166
5	-760	223	1310613568	-5	0	-16	0	-3	0	0	-1286	409	-396	57	364	-166
5	-760	223	1310615568	-2	0	-10	0	-2	0	0	-1288	409	-396	57	364	-166
5	-760	223	1310617568	-3	0	-8	0	-2	0	0	-1290	409	-396	57	364	-166
5	-760	223	1310619556	0	0	-6	0	0	0	1	-1290	409	-396	57	364	-166
6	-760	223	1310621568	0	0	-2	0	-1	0	1	-397	57	-396	57	364	-166
6	-760	223	1310623556	0	0	-2	0	0	0	1	-397	57	-396	57	364	-166
6	-760	223	1310625552	2	0	0	0	0	0	1	-397	57	-396	57	364	-166
6	-760	223	1310627552	2	0	0	0	0	0	1	-397	57	-396	57	364	-166
6	-760	223	1310629548	5	0	0	0	0	0	1	-397	57	-396	57	364	-166
6	-760	223	1310631588	4	-2	2	-2	1	0	1	-396	57	-396	57	364	-166
6	792	0	1310633584	5	-1	1	0	1	0	1	-395	57	396	57	-396	57
6	792	0	1310635584	6	0	3	-1	1	0	1	-394	57	396	57	-396	57
6	792	0	1310637584	6	-1	2	-1	2	0	1	-392	57	396	57	-396	57
6	792	0	1310639592	7	-1	3	-1	1	-1	1	-391	56	396	57	-396	57
6	792	0	1310641568	7	-2	1	-2	1	0	1	-390	56	396	57	-396	57
6	792	0	1310643588	8	-1	4	-1	2	-1	1	-388	55	396	57	-396	57
6	792	0	1310645576	7	-1	2	-1	2	0	1	-386	55	396	57	-396	57
6	792	0	1310647580	8	-1	3	-1	1	0	1	-385	55	396	57	-396	57
6	792	0	1310649588	7	-2	2	-2	2	-1	1	-383	54	396	57	-396	57
6	792	0	1310651580	8	-1	3	-2	1	0	1	-382	54	396	57	-396	57
6	792	0	1310653588	8	-2	2	-1	2	-1	1	-380	53	396	57	-396	57
6	792	0	1310655576	7	-2	4	-2	1	0	1	-379	53	396	57	-396	57
6	792	0	1310657584	7	-1	2	-2	2	-1	1	-377	52	396	57	-396	57
6	792	0	1310659568	8	-1	3	-1	1	0	1	-376	52	396	57	-396	57
6	792	0	1310661588	5	-1	2	-3	1	-1	1	-375	51	396	57	-396	57
6	792	0	1310663576	6	-3	3	-1	2	0	1	-373	51	396	57	-396	57
6	792	0	1310665584	6	-1	4	-3	1	-1	1	-372	50	396	57	-396	57
6	792	0	1310667584	4	-3	2	-2	1	-1	1	-371	49	396	57	-396	57
6	792	0	1310669572	5	-2	3	-3	1	0	1	-370	49	396	57	-396	57
6	792	0	1310671588	5	-3	3	-2	2	-1	1	-368	48	396	57	-396	57
6	792	0	1310673592	5	-3	4	-4	1	-1	1	-367	47	396	57	-396	57
6	792	0	1310675584	4	-4	4	-4	1	-1	1	-366	46	396	57	-396	57
6	792	0	1310677584	5	-4	4	-3	1	-1	1	-365	45	396	57	-396	57
6	792	0	1310679588	5	-5	3	-4	2	-2	1	-363	43	396	57	-396	57
6	792	0	1310681588	3	-5	5	-5	1	-1	1	-362	42	396	57	-396	57
6	792	0	1310683592	4	-5	5	-5	1	-2	1	-361	40	396	57	-396	57
6	792	0	1310685604	5	-6	5	-5	2	-1	1	-359	39	396	57	-396	57
6	792	0	1310687616	4	-5	7	-6	1	-2	1	-358	37	396	57	-396	57
6	792	0	1310689616	4	-6	5	-5	2	-2	1	-356	35	396	57	-396	57
6	792	0	1310691620	2	-7	5	-7	1	-2	1	-355	33	396	57	-396	57
6	792	0	1310693612	3	-6	6	-5	1	-2	1	-354	31	396	57	-396	57
6	792	0	1310695616	3	-6	5	-6	1	-1	1	-353	30	396	57	-396	57
6	792	0	1310697616	3	-5	6	-6	2	-2	1	-351	28	396	57	-396	57
6	792	0	1310699620	1	-5	6	-6	1	-2	1	-350	26	396	57	-396	57
6	792	0	1310701620	3	-6	5	-5	1	-1	1	-349	25	396	57	-396	57
6	792	0	1310703624	2	-5	5	-5	1	-2	0	-348	23	396	57	-396	57
6	792	0	1310705620	1	-5	5	-5	1	-1	0	-347	22	396	57	-396	57
6	792	0	1310707620	3	-5	7	-7	1	-2	0	-346	20	396	57	-396	57
6	792	0	1310709624	0	-4	5	-5	1	-1	0	-345	19	396	57	-396	57
6	792	0	1310711628	1	-5	5	-3	1	-2	0	-344	17	396	57	-396	57
6	792	0	1310713620	3	-4	5	-5	1	-1	0	-343	16	396	57	-396	57
6	792	0	1310715624	1	-4	5	-3	1	-1	0	-342	15	396	57	-396	57
6	792	0	1310717628	1	-3	5	-5	1	-1	0	-341	14	396	57	-396	57
6	792	0	1310719620	1	-4	6	-4	1	-1	0	-340	13	396	57	-396	57
6	792	0	1310721624	2	-3	6	-3	1	-1	0	-339	12	396	57	-396	57
6	792	0	1310723628	1	-2	6	-3	1	-1	0	-338	11	396	57	-396	57
6	792	0	1310725632	2	-4	8	-4	2	-1	0	-336	10	396	57	-396	57
6	792	0	1310727636	2	-4	7	-3	1	-1	0	-335	9	396	57	-396	57
6	792	0	1310729640	2	-2	9	-3	2	-1	0	-333	8	396	57	-396	57
6	792	0	1310731648	3	-4	10	-2	2	-1	0	-331	7	396	57	-396	57
6	792	0	1310733648	2	-2	11	-4	2	-1	0	-329	6	396	57	-396	57
6	792	0	1310735648	4	-3	12	-3	2	-1	0	-327	5	396	57	-396	57
6	792	0	1310737632	4	-1	13	-2	3	0	0	-324	5	396	57	-396	57
6	792	0	1310739648	3	-3	17	-3	3	-1	0	-321	4	396	57	-396	57
6	792	0	1310741652	5	-2	16	-1	3	-1	0	-318	3	396	57	-396	57
6	792	0	1310743636	5	-1	19	-2	3	0	0	-315	3	396	57	-396	57
6	792	0	1310745652	7	-2	20	-2	4	-1	0	-311	2	396	57	-396	57
6	792	0	1310747632	7	-1	23	-2	5	0	0	-306	2	396	57	-396	57
6	792	0	1310749636	9	-1	23	-1	5	0	0	-301	2	396	57	-396	57
6	792	0	1310751652	9	-1	29	-2	5	-1	0	-296	1	396	57	-396	57
6	792	0	1310753640	10	-2	27	0	6	0	0	-290	1	396	57	-396	57
6	792	0	1310755640	12	0	34	-1	7	0	0	-283	1	396	57	-396	57
6	792	0	1310757644	14	-1	31	0	7	0	0	-276	1	396	57	-396	57
6	792	0	1310759660	14	0	40	-1	8	-1	0	-268	0	396	57	-396	57
6	792	0	1310761648	17	-1	36	-1	8	0	0	-260	0	396	57	-396	57
6	792	0	1310763620	19	0	47	0	10	0	0	-250	0	396	57	-396	57
6	792	0	1310765640	20	-1	42	0	9	0	0	-241	0	396	57	-396	57
6	792	0	1310767616	21	0	53	0	11	0	0	-230	0	396	57	-396	57
6	792	0	1310769652	28	-2	56	-2	13	-1	0	-217	-1	396	57	-396	57
6	792	0	1310771612	26	0	52	0	11	0	0	-206	-1	396	57	-396	57
6	792	0	1310773644	30	-1	63	0	14	0	0	-192	-1	396	57	-396	57
6	792	0	1310775624	35	0	60	0	14	0	0	-178	-1	396	57	-396	57
6	792	0	1310777644	35	-1	71	0	16	0	0	-162	-1	396	57	-396	57
6	792	0	1310779624	37	0	66	0	16	0	0	-146	-1	396	57	-396	57
6	792	0	1310781620	45	0	80	0	19	0	0	-127	-1	396	57	-396	57
6	792	0	1310783616	44	0	73	0	17	0	0	-110	-1	396	57	-396	57
6	792	0	1310785640	46	0	89	1	20	0	0	-90	-1	396	57	-396	57
6	792	0	1310787612	55	0	80	0	21	0	0	-69	-1	396	57	-396	57
6	792	0	1310789624	52	0	96	2	22	0	0	-47	-1	396	57	-396	57
6	792	0	1310791624	55	3	87	2	21	0	0	-26	-1	396	57	-396	57
6	792	0	1310793636	66	2	104	3	26	1	0	0	0	396	57	-396	57
6	792	0	1310795632	61	3	94	3	23	1	0	23	1	396	57	-396	57
6	792	0	1310797632	64	4	111	5	26	1	0	49	2	396	57	-396	57
6	792	0	1310799624	75	5	100	4	26	2	0	75	4	396	57	-396	57
6	792	0	1310801632	70	5	119	5	29	1	0	104	5	396	57	-396	57
6	792	0	1310803628	72	6	106	6	26	2	0	130	7	396	57	-396	57
6	792	0	1310805632	85	7	124	7	32	2	0	162	9	396	57	-396	57
6	792	0	1310807628	78	8	129	8	31	2	0	193	11	396	57	-396	57
6	792	0	1310809620	81	9	115	9	29	3	0	222	14	396	57	-396	57
6	792	0	1310811620	93	11	133	10	34	3	0	256	17	396	57	-396	57
6	792	0	1310813624	85	11	120	10	31	3	0	287	20	396	57	-396	57
6	792	0	1310815624	87	11	139	13	34	4	0	321	24	396	57	-396	57
6	792	0	1310817632	101	17	124	13	34	5	0	355	29	396	57	-396	57
6	792	0	1310819632	92	13	145	15	35	4	0	390	33	396	57	-396	57
6	792	0	1310821640	92	17	127	15	33	5	0	423	38	396	57	-396	57
6	792	0	1310823632	106	18	150	17	38	5	0	461	43	396	57	-396	57
6	792	0	1310825632	97	18	133	18	35	5	0	496	48	396	57	-396	57
6	792	0	1310827632	96	17	154	20	37	6	0	533	54	396	57	-396	57
6	792	0	1310829628	110	23	136	19	37	6	0	570	60	396	57	-396	57
6	792	0	1310831628	97	20	157	22	38	6	0	608	66	396	57	-396	57
6	792	0	1310833612	99	21	140	20	36	6	0	644	72	396	57	-396	57
6	792	0	1310835616	98	21	160	25	39	7	0	683	79	396	57	-396	57
6	792	0	1310837620	111	25	142	21	38	7	0	721	86	396	57	-396	57
6	792	0	1310839624	97	23	162	25	39	7	0	760	93	396	57	-396	57
6	792	0	1310841620	97	22	161	25	38	8	0	798	101	396	57	-396	57
6	792	0	1310843620	107	25	142	23	38	7	0	836	108	396	57	-396	57
6	792	0	1310845620	95	22	161	25	38	7	0	874	115	396	57	-396	57
6	792	0	1310847612	94	22	139	22	35	6	0	909	121	396	57	-396	57
6	792	0	1310849620	104	24	157	25	39	8	0	948	129	396	57	-396	57
6	792	0	1310851620	90	20	135	22	34	6	0	982	135	396	57	-396	57
6	792	0	1310853624	87	21	153	23	36	7	0	1018	142	396	57	-396	57
6	792	0	1310855616	98	21	128	20	34	6	0	1052	148	396	57	-396	57
6	792	0	1310857624	82	20	145	22	34	6	0	1086	154	396	57	-396	57
6	792	0	1310859616	81	18	123	18	31	5	0	1117	159	396	57	-396	57
6	792	0	1310861616	89	20	135	22	33	7	0	1150	166	396	57	-396	57
6	792	0	1310863620	76	17	115	16	29	5	0	1179	171	396	57	-396	57
6	792	0	1310865616	74	17	125	20	30	5	0	1209	176	396	57	-396	57
6	792	0	1310867616	79	17	105	15	27	5	0	1236	181	396	57	-396	57
6	792	0	1310869620	69	14	115	17	28	5	0	1264	186	396	57	-396	57
6	792	0	1310871616	65	15	96	14	24	4	0	1288	190	396	57	-396	57
6	792	0	1310873620	70	15	105	16	26	5	0	1314	195	396	57	-396	57
6	792	0	1310875604	58	12	99	15	24	4	0	1338	199	396	57	-396	57
6	792	0	1310877608	57	13	82	12	21	4	0	1301	203	396	57	-396	57
6	792	0	1310879608	60	12	89	13	22	3	0	1323	206	396	57	-396	57
6	792	0	1310881604	50	12	73	12	18	4	0	1341	210	396	57	-396	57
6	792	0	1310883604	46	10	78	12	19	3	0	1360	213	396	57	-396	57
6	792	0	1310885604	50	11	65	10	17	3	0	1377	216	396	57	-396	57
6	792	0	1310887600	41	10	69	11	17	3	0	1394	219	396	57	-396	57
6	792	0	1310889600	39	9	56	10	14	3	0	1408	222	396	57	-396	57
6	792	0	1310891592	40	8	59	10	15	3	0	1423	225	396	57	-396	57
6	792	0	1310893600	32	8	49	8	12	2	0	1435	227	396	57	-396	57
6	792	0	1310895596	30	7	50	10	12	3	0	1292	230	396	57	-396	57
6	792	0	1310897604	30	8	41	6	11	2	0	1303	232	396	57	-396	57
6	792	0	1310899608	24	5	41	9	9	2	0	1312	234	396	57	-396	57
6	792	0	1310901604	23	6	33	6	9	2	0	1321	236	396	57	-396	57
6	792	0	1310903600	21	5	34	6	8	2	0	1329	238	396	57	-396	57
6	792	0	1310905596	16	5	26	5	6	1	0	1335	239	396	57	-396	57
6	792	0	1310907592	14	4	25	5	6	1	0	1341	240	396	57	-396	57
6	792	0	1310909588	12	2	19	4	5	1	0	1346	241	396	57	-396	57
6	792	0	1310911584	12	4	18	4	4	2	0	1350	243	396	57	-396	57
6	792	0	1310913572	7	1	14	4	4	0	0	1284	243	396	57	-396	57
6	792	0	1310915584	8	3	14	2	3	1	0	1287	244	396	57	-396	57
6	792	0	1310917576	5	1	10	3	2	1	0	1289	245	396	57	-396	57
6	792	0	1310919564	5	1	7	1	2	0	0	1291	245	396	57	-396	57
6	792	0	1310921576	2	2	7	2	1	1	0	1292	246	396	57	-396	57
6	792	0	1310923564	3	1	5	2	1	0	0	1293	246	396	57	-396	57
6	792	0	1310925536	1	0	2	0	1	0	0	1294	246	396	57	-396	57
6	792	0	1310927544	1	0	3	1	0	0	0	1294	246	396	57	-396	57
6	792	0	1310929528	1	0	1	0	1	0	0	1281	246	396	57	-396	57
6	792	0	1310931512	0	0	1	0	0	0	0	1281	246	396	57	-396	57
6	792	0	1310933492	0	0	0	0	0	0	1	1281	246	396	57	-396	57
7	792	0	1310935516	0	0	1	0	0	0	1	396	57	396	57	-396	57
7	-760	-223	1311019596	-1	0	0	0	0	0	0	396	57	-364	-166	396	57
7	-760	-223	1311023596	-1	0	0	0	0	0	0	396	57	-364	-166	396	57
7	-760	-223	1311025600	-2	0	0	0	0	0	0	396	57	-364	-166	396	57
7	-760	-223	1311027604	-1	0	0	0	0	0	0	396	57	-364	-166	396	57
7	-760	-223	1311029612	-2	0	-1	0	0	0	0	396	57	-364	-166	396	57
7	-760	-223	1311031660	-4	-1	-1	0	-1	0	0	395	57	-364	-166	396	57
7	-760	-223	1311033652	-5	0	-3	-1	-1	0	0	394	57	-364	-166	396	57
7	-760	-223	1311035656	-5	-1	-4	0	-1	0	0	393	57	-364	-166	396	57
7	-760	-223	1311037648	-6	0	-5	-1	-2	0	0	391	57	-364	-166	396	57
7	-760	-223	1311039648	-8	-1	-5	-1	-2	0	0	389	57	-364	-166	396	57
7	-760	-223	1311041648	-7	-3	-7	-1	-2	0	0	387	57	-364	-166	396	57
7	-760	-223	1311043652	-12	-1	-9	-3	-3	-1	0	384	56	-364	-166	396	57
7	-760	-223	1311045640	-10	-2	-12	-1	-4	0	0	380	56	-364	-166	396	57
7	-760	-223	1311047640	-12	-3	-13	-3	-3	-1	0	377	55	-364	-166	396	57
7	-760	-223	1311049644	-15	-2	-16	-3	-5	-1	0	372	54	-364	-166	396	57
7	-760	-223	1311051644	-15	-4	-18	-4	-5	-1	0	367	53	-364	-166	396	57
7	-760	-223	1311053644	-18	-4	-22	-4	-6	-1	0	361	52	-364	-166	396	57
7	-760	-223	1311055644	-20	-5	-23	-5	-6	-2	0	355	50	-364	-166	396	57
7	-760	-223	1311057644	-20	-5	-30	-5	-8	-1	0	347	49	-364	-166	396	57
7	-760	-223	1311059648	-22	-5	-33	-6	-8	-2	0	339	47	-364	-166	396	57
7	-760	-223	1311061648	-26	-7	-34	-6	-9	-2	0	330	45	-364	-166	396	57
7	-760	-223	1311063652	-27	-7	-43	-8	-11	-2	0	319	43	-364	-166	396	57
7	-760	-223	1311065648	-27	-7	-41	-9	-10	-3	0	309	40	-364	-166	396	57
7	-760	-223	1311067652	-35	-10	-52	-10	-13	-3	0	296	37	-364	-166	396	57
7	-760	-223	1311069648	-33	-10	-50	-8	-12	-2	0	284	35	-364	-166	396	57
7	-760	-223	1311071648	-35	-10	-63	-13	-15	-4	0	269	31	-364	-166	396	57
7	-760	-223	1311073652	-43	-14	-59	-10	-15	-3	0	254	28	-364	-166	396	57
7	-760	-223	1311075656	-40	-12	-73	-15	-17	-4	0	237	24	-364	-166	396	57
7	-760	-223	1311077652	-44	-15	-69	-12	-17	-5	0	220	19	-364	-166	396	57
7	-760	-223	1311079644	-46	-15	-85	-17	-20	-4	0	200	15	-364	-166	396	57
7	-760	-223	1311081648	-57	-20	-79	-16	-20	-6	0	180	9	-364	-166	396	57
7	-760	-223	1311083656	-53	-19	-96	-20	-23	-6	0	157	3	-364	-166	396	57
7	-760	-223	1311085652	-57	-20	-89	-19	-22	-5	0	135	-2	-364	-166	396	57
7	-760	-223	1311087644	-66	-25	-107	-23	-25	-8	0	110	-10	-364	-166	396	57
7	-760	-223	1311089640	-64	-24	-99	-23	-25	-7	0	85	-17	-364	-166	396	57
7	-760	-223	1311091648	-65	-26	-119	-26	-28	-7	0	57	-24	-364	-166	396	57
7	-760	-223	1311093652	-77	-31	-125	-30	-30	-10	0	27	-34	-364	-166	396	57
7	-760	-223	1311095644	-73	-30	-114	-28	-28	-8	0	-1	-42	-364	-166	396	57
7	-760	-223	1311097644	-73	-32	-136	-33	-31	-10	0	-32	-52	-364	-166	396	57
7	-760	-223	1311099648	-87	-37	-124	-33	-32	-11	0	-64	-63	-364	-166	396	57
7	-760	-223	1311101652	-80	-36	-146	-37	-34	-11	0	-98	-74	-364	-166	396	57
7	-760	-223	1311103644	-82	-37	-132	-35	-32	-10	0	-130	-84	-364	-166	396	57
7	-760	-223	1311105652	-95	-43	-157	-42	-38	-13	0	-168	-97	-364	-166	396	57
7	-760	-223	1311107656	-88	-40	-141	-38	-34	-12	0	-202	-109	-364	-166	396	57
7	-760	-223	1311109652	-90	-42	-165	-45	-38	-13	0	-240	-122	-364	-166	396	57
7	-760	-223	1311111656	-103	-48	-149	-42	-38	-13	0	-278	-135	-364	-166	396	57
7	-760	-223	1311113660	-94	-44	-172	-48	-40	-14	0	-318	-149	-364	-166	396	57
7	-760	-223	1311115664	-98	-45	-156	-44	-38	-13	0	-356	-162	-364	-166	396	57
7	-760	-223	1311117664	-111	-51	-180	-50	-44	-16	0	-400	-178	-364	-166	396	57
7	-760	-223	1311119664	-101	-47	-185	-51	-43	-14	0	-443	-192	-364	-166	396	57
7	-760	-223	1311121664	-103	-46	-164	-45	-40	-14	0	-483	-206	-364	-166	396	57
7	-760	-223	1311123660	-117	-52	-190	-52	-46	-16	0	-529	-222	-364	-166	396	57
7	-760	-223	1311125656	-106	-47	-169	-45	-41	-13	0	-570	-235	-364	-166	396	57
7	-760	-223	1311127660	-109	-46	-192	-51	-45	-15	0	-615	-250	-364	-166	396	57
7	-760	-223	1311129664	-124	-51	-172	-45	-45	-14	0	-660	-264	-364	-166	396	57
7	-760	-223	1311131664	-111	-45	-196	-51	-46	-15	0	-706	-279	-364	-166	396	57
7	-760	-223	1311133648	-113	-45	-171	-44	-42	-13	0	-748	-292	-364	-166	396	57
7	-760	-223	1311135648	-128	-50	-196	-51	-49	-15	0	-797	-307	-364	-166	396	57
7	-760	-223	1311137644	-114	-44	-170	-43	-42	-13	0	-839	-320	-364	-166	396	57
7	-760	-223	1311139644	-114	-42	-194	-50	-47	-14	0	-886	-334	-364	-166	396	57
7	-760	-223	1311141644	-127	-48	-169	-42	-44	-14	0	-930	-348	-364	-166	396	57
7	-760	-223	1311143644	-114	-41	-190	-48	-46	-13	0	-976	-361	-364	-166	396	57
7	-760	-223	1311145640	-113	-41	-165	-42	-41	-12	0	-1017	-373	-364	-166	396	57
7	-760	-223	1311147644	-125	-47	-185	-48	-47	-15	0	-1064	-388	-364	-166	396	57
7	-760	-223	1311149640	-108	-41	-159	-41	-40	-12	0	-1104	-400	-364	-166	396	57
7	-760	-223	1311151640	-108	-41	-177	-47	-43	-13	0	-1147	-413	-364	-166	396	57
7	-760	-223	1311153640	-119	-46	-173	-48	-43	-14	0	-1190	-427	-364	-166	396	57
7	-760	-223	1311155636	-102	-42	-147	-41	-38	-13	0	-1228	-440	-364	-166	396	57
7	-760	-223	1311157648	-100	-41	-163	-46	-39	-13	0	-1267	-453	-364	-166	396	57
7	-760	-223	1311159648	-109	-46	-138	-42	-37	-13	0	-1304	-466	-364	-166	396	57
7	-760	-223	1311161644	-94	-41	-152	-47	-37	-13	0	-1317	-479	-364	-166	396	57
7	-760	-223	1311163648	-90	-42	-127	-41	-33	-13	0	-1350	-492	-364	-166	396	57
7	-760	-223	1311165652	-96	-45	-140	-47	-35	-13	0	-1385	-505	-364	-166	396	57
7	-760	-223	1311167660	-84	-41	-115	-41	-30	-13	0	-1415	-518	-364	-166	396	57
7	-760	-223	1311169660	-78	-41	-126	-46	-31	-13	0	-1446	-531	-364	-166	396	57
7	-760	-223	1311171652	-84	-48	-104	-41	-28	-13	0	-1474	-544	-364	-166	396	57
7	-760	-223	1311173648	-71	-41	-113	-48	-27	-13	0	-1501	-557	-364	-166	396	57
7	-760	-223	1311175644	-68	-41	-91	-40	-24	-13	0	-1525	-570	-364	-166	396	57
7	-760	-223	1311177648	-70	-46	-99	-46	-26	-13	0	-1551	-583	-364	-166	396	57
7	-760	-223	1311179644	-60	-40	-78	-40	-20	-12	0	-1300	-595	-364	-166	396	57
7	-760	-223	1311181644	-55	-40	-84	-45	-21	-13	0	-1321	-608	-364	-166	396	57
7	-760	-223	1311183640	-57	-43	-76	-43	-20	-13	0	-1341	-621	-364	-166	396	57
7	-760	-223	1311185640	-47	-37	-60	-37	-16	-11	0	-1357	-632	-364	-166	396	57
7	-760	-223	1311187640	-43	-37	-63	-41	-16	-12	0	-1373	-644	-364	-166	396	57
7	-760	-223	1311189636	-39	-35	-49	-35	-13	-10	0	-1386	-654	-364	-166	396	57
7	-760	-223	1311191636	-40	-37	-48	-38	-13	-12	0	-1399	-666	-364	-166	396	57
7	-760	-223	1311193636	-31	-33	-39	-32	-11	-9	0	-1410	-675	-364	-166	396	57
7	-760	-223	1311195640	-29	-31	-38	-35	-10	-10	0	-1290	-685	-364	-166	396	57
7	-760	-223	1311197644	-28	-32	-30	-30	-9	-10	0	-1299	-695	-364	-166	396	57
7	-760	-223	1311199652	-21	-28	-27	-32	-7	-9	0	-1306	-704	-364	-166	396	57
7	-760	-223	1311201652	-19	-25	-21	-26	-6	-7	0	-1312	-711	-364	-166	396	57
7	-760	-223	1311203648	-18	-25	-22	-27	-6	-8	0	-1318	-719	-364	-166	396	57
7	-760	-223	1311205652	-13	-22	-15	-23	-4	-7	0	-1322	-726	-364	-166	396	57
7	-760	-223	1311207652	-11	-19	-12	-24	-3	-6	0	-1325	-732	-364	-166	396	57
7	-760	-223	1311209652	-10	-20	-10	-18	-3	-6	0	-1328	-738	-364	-166	396	57
7	-760	-223	1311211648	-6	-16	-9	-20	-3	-5	0	-1331	-743	-364	-166	396	57
7	-760	-223	1311213648	-5	-15	-5	-17	-1	-5	0	-1281	-725	-364	-166	396	57
7	-760	-223	1311215648	-5	-17	-4	-17	-2	-5	0	-1283	-730	-364	-166	396	57
7	-760	-223	1311217632	-3	-12	-3	-15	0	-4	0	-1283	-734	-364	-166	396	57
7	-760	-223	1311219652	-1	-11	-2	-13	-1	-4	0	-1284	-738	-364	-166	396	57
7	-760	-223	1311221612	0	-12	0	-12	0	-3	0	-1284	-741	-364	-166	396	57
7	-760	-223	1311223612	0	-10	0	-10	0	-3	1	-1284	-744	-364	-166	396	57
8	-760	-223	1311225612	0	-8	0	-11	0	-3	1	-364	-169	-364	-166	396	57
8	-760	-223	1311227608	0	-9	0	-9	0	-3	1	-364	-172	-364	-166	396	57
8	666	428	1311229640	1	-8	1	-9	0	-3	1	-364	-175	302	262	-364	-166
8	666	428	1311231640	3	-7	2	-7	0	-2	1	-364	-177	302	262	-364	-166
8	666	428	1311233648	2	-6	1	-8	1	-2	1	-363	-179	302	262	-364	-166
8	666	428	1311235632	3	-7	3	-6	0	-2	1	-363	-181	302	262	-364	-166
8	666	428	1311237640	2	-5	2	-6	1	-1	1	-362	-182	302	262	-364	-166
8	666	428	1311239644	3	-5	3	-5	1	-2	1	-361	-184	302	262	-364	-166
8	666	428	1311241640	2	-5	2	-7	1	-2	1	-360	-186	302	262	-364	-166
8	666	428	1311243648	3	-5	4	-5	1	-1	1	-359	-187	302	262	-364	-166
8	666	428	1311245644	4	-3	3	-3	1	-1	1	-358	-188	302	262	-364	-166
8	666	428	1311247632	2	-4	2	-5	0	-1	1	-358	-189	302	262	-364	-166
8	666	428	1311249636	3	-3	3	-4	1	-1	1	-357	-190	302	262	-364	-166
8	666	428	1311251636	3	-3	2	-4	1	-1	1	-356	-191	302	262	-364	-166
8	666	428	1311253632	3	-3	4	-2	1	-1	1	-355	-192	302	262	-364	-166
8	666	428	1311255628	2	-4	2	-4	1	-1	1	-354	-193	302	262	-364	-166
8	666	428	1311257636	4	-2	3	-3	1	-1	1	-353	-194	302	262	-364	-166
8	666	428	1311259628	3	-3	4	-2	1	-1	1	-352	-195	302	262	-364	-166
8	666	428	1311261612	3	-2	2	-4	0	-1	1	-352	-196	302	262	-364	-166
8	666	428	1311263620	3	-4	4	-2	1	-1	1	-351	-197	302	262	-364	-166
8	666	428	1311265604	4	-2	4	-3	2	0	1	-349	-197	302	262	-364	-166
8	666	428	1311267616	2	-4	5	-4	1	-2	1	-348	-199	302	262	-364	-166
8	666	428	1311269600	3	-3	3	-2	1	0	1	-347	-199	302	262	-364	-166
8	666	428	1311271612	3	-3	7	-4	1	-1	1	-346	-200	302	262	-364	-166
8	666	428	1311273608	4	-3	5	-2	1	-1	1	-345	-201	302	262	-364	-166
8	666	428	1311275604	3	-4	6	-4	2	-1	1	-343	-202	302	262	-364	-166
8	666	428	1311277608	3	-3	5	-3	1	-1	1	-342	-203	302	262	-364	-166
8	666	428	1311279604	4	-4	7	-3	2	-1	1	-340	-204	302	262	-364	-166
8	666	428	1311281600	3	-4	8	-4	1	-2	1	-339	-206	302	262	-364	-166
8	666	428	1311283608	3	-5	7	-4	2	-1	1	-337	-207	302	262	-364	-166
8	666	428	1311285604	4	-4	9	-4	2	-1	1	-335	-208	302	262	-364	-166
8	666	428	1311287600	3	-2	8	-3	1	-1	1	-334	-209	302	262	-364	-166
8	666	428	1311289596	3	-4	10	-4	2	-1	1	-332	-210	302	262	-364	-166
8	666	428	1311291600	3	-4	8	-3	2	-1	1	-330	-211	302	262	-364	-166
8	666	428	1311293596	4	-3	10	-3	2	-1	1	-328	-212	302	262	-364	-166
8	666	428	1311295596	3	-4	9	-4	2	-1	1	-326	-213	302	262	-364	-166
8	666	428	1311297596	3	-3	11	-4	2	-1	1	-324	-214	302	262	-364	-166
8	666	428	1311299596	2	-2	9	-2	2	-1	1	-322	-215	302	262	-364	-166
8	666	428	1311301588	4	-3	11	-3	2	-1	1	-320	-216	302	262	-364	-166
8	666	428	1311303580	3	-2	9	-2	2	0	1	-318	-216	302	262	-364	-166
8	666	428	1311305592	2	-3	11	-3	2	-1	1	-316	-217	302	262	-364	-166
8	666	428	1311307596	3	-1	9	-1	1	-1	1	-315	-218	302	262	-364	-166
8	666	428	1311309580	2	-1	10	-1	2	0	1	-313	-218	302	262	-364	-166
8	666	428	1311311576	3	-1	9	-2	2	0	0	-311	-218	302	262	-364	-166
8	666	428	1311313592	2	-2	11	-1	2	-1	0	-309	-219	302	262	-364	-166
8	666	428	1311315568	3	0	9	-1	2	0	0	-307	-219	302	262	-364	-166
8	666	428	1311317544	2	0	11	0	2	0	0	-305	-219	302	262	-364	-166
8	666	428	1311319548	4	0	9	0	2	0	0	-303	-219	302	262	-364	-166
8	666	428	1311321540	2	0	11	0	2	0	0	-301	-219	302	262	-364	-166
8	666	428	1311323568	3	2	13	2	2	0	0	-299	-219	302	262	-364	-166
8	666	428	1311325572	4	3	10	1	2	0	0	-297	-219	302	262	-364	-166
8	666	428	1311327588	3	2	13	4	3	1	0	-294	-218	302	262	-364	-166
8	666	428	1311329592	5	5	13	3	2	1	0	-292	-217	302	262	-364	-166
8	666	428	1311331596	7	5	15	5	4	2	0	-288	-215	302	262	-364	-166
8	666	428	1311333604	6	6	15	5	3	2	0	-285	-213	302	262	-364	-166
8	666	428	1311335600	9	8	17	8	4	2	0	-281	-211	302	262	-364	-166
8	666	428	1311337604	11	10	18	9	4	3	0	-277	-208	302	262	-364	-166
8	666	428	1311339604	11	10	22	10	5	3	0	-272	-205	302	262	-364	-166
8	666	428	1311341600	14	12	23	11	5	3	0	-267	-202	302	262	-364	-166
8	666	428	1311343588	16	14	26	14	7	4	0	-260	-198	302	262	-364	-166
8	666	428	1311345584	20	18	26	15	7	5	0	-253	-193	302	262	-364	-166
8	666	428	1311347580	21	17	34	17	8	5	0	-245	-188	302	262	-364	-166
8	666	428	1311349584	24	20	31	19	8	6	0	-237	-182	302	262	-364	-166
8	666	428	1311351580	30	24	40	22	11	7	0	-226	-175	302	262	-364	-166
8	666	428	1311353580	29	25	43	27	10	8	0	-216	-167	302	262	-364	-166
8	666	428	1311355584	34	26	41	25	12	8	0	-204	-159	302	262	-364	-166
8	666	428	1311357584	40	33	51	31	13	9	0	-191	-150	302	262	-364	-166
8	666	428	1311359584	38	32	49	30	13	10	0	-178	-140	302	262	-364	-166
8	666	428	1311361580	44	34	59	36	16	10	0	-162	-130	302	262	-364	-166
8	666	428	1311363584	51	41	56	35	16	11	0	-146	-119	302	262	-364	-166
8	666	428	1311365592	50	39	68	43	18	13	0	-128	-106	302	262	-364	-166
8	666	428	1311367588	52	41	63	40	17	12	0	-111	-94	302	262	-364	-166
8	666	428	1311369592	62	50	78	48	21	15	0	-90	-79	302	262	-364	-166
8	666	428	1311371588	59	48	71	44	19	13	0	-71	-66	302	262	-364	-166
8	666	428	1311373584	61	48	88	54	23	16	0	-48	-50	302	262	-364	-166
8	666	428	1311375580	73	59	80	50	23	16	0	-25	-34	302	262	-364	-166
8	666	428	1311377572	67	54	97	59	24	17	0	-1	-17	302	262	-364	-166
8	666	428	1311379576	71	57	89	55	24	17	0	23	0	302	262	-364	-166
8	666	428	1311381584	84	67	109	63	29	19	0	52	19	302	262	-364	-166
8	666	428	1311383580	78	61	98	59	27	18	0	79	37	302	262	-364	-166
8	666	428	1311385568	80	62	119	69	29	20	0	108	57	302	262	-364	-166
8	666	428	1311387568	93	73	109	62	31	20	0	139	77	302	262	-364	-166
8	666	428	1311389564	87	67	129	74	32	21	0	171	98	302	262	-364	-166
8	666	428	1311391564	87	68	136	75	34	22	0	205	120	302	262	-364	-166
8	666	428	1311393560	104	77	121	66	33	21	0	238	141	302	262	-364	-166
8	666	428	1311395564	95	72	145	79	36	23	0	274	164	302	262	-364	-166
8	666	428	1311397564	97	71	130	70	34	21	0	308	185	302	262	-364	-166
8	666	428	1311399564	99	72	154	81	38	23	0	346	208	302	262	-364	-166
8	666	428	1311401564	115	82	137	73	38	23	0	384	231	302	262	-364	-166
8	666	428	1311403564	103	73	160	82	40	24	0	424	255	302	262	-364	-166
8	666	428	1311405564	117	85	144	74	39	23	0	463	278	302	262	-364	-166
8	666	428	1311407568	106	75	166	85	41	24	0	504	302	302	262	-364	-166
8	666	428	1311409572	108	75	148	75	38	23	0	542	325	302	262	-364	-166
8	666	428	1311411580	122	84	170	85	44	25	0	586	350	302	262	-364	-166
8	666	428	1311413584	109	76	150	75	39	23	0	625	373	302	262	-364	-166
8	666	428	1311415580	110	75	171	86	42	24	0	667	397	302	262	-364	-166
8	666	428	1311417584	123	84	150	75	41	24	0	708	421	302	262	-364	-166
8	666	428	1311419576	108	75	170	87	41	24	0	749	445	302	262	-364	-166
8	666	428	1311421584	109	74	169	85	42	24	0	791	469	302	262	-364	-166
8	666	428	1311423576	106	72	145	73	38	22	0	829	491	302	262	-364	-166
8	666	428	1311425576	119	82	164	83	42	25	0	871	516	302	262	-364	-166
8	666	428	1311427560	104	71	140	72	37	21	0	908	537	302	262	-364	-166
8	666	428	1311429568	102	71	156	80	39	23	0	947	560	302	262	-364	-166
8	666	428	1311431560	114	79	132	70	36	22	0	983	582	302	262	-364	-166
8	666	428	1311433564	99	69	148	79	37	22	0	1020	604	302	262	-364	-166
8	666	428	1311435564	96	66	125	66	34	20	0	1054	624	302	262	-364	-166
8	666	428	1311437564	106	74	136	77	36	23	0	1090	647	302	262	-364	-166
8	666	428	1311439564	93	65	115	65	31	19	0	1121	666	302	262	-364	-166
8	666	428	1311441564	89	62	125	72	32	20	0	1153	686	302	262	-364	-166
8	666	428	1311443564	97	70	105	63	31	20	0	1184	706	302	262	-364	-166
8	666	428	1311445560	84	61	114	70	29	20	0	1213	726	302	262	-364	-166
8	666	428	1311447560	80	60	94	61	26	18	0	1239	744	302	262	-364	-166
8	666	428	1311449568	87	67	101	67	29	20	0	1268	764	302	262	-364	-166
8	666	428	1311451564	75	58	84	58	23	17	0	1291	781	302	262	-364	-166
8	666	428	1311453572	70	58	88	65	24	19	0	1315	800	302	262	-364	-166
8	666	428	1311455564	78	64	84	64	24	19	0	1339	819	302	262	-364	-166
8	666	428	1311457568	64	56	69	53	20	16	0	1359	835	302	262	-364	-166
8	666	428	1311459576	61	55	74	62	21	18	0	1380	853	302	262	-364	-166
8	666	428	1311461568	64	60	60	52	18	17	0	1298	737	302	262	-364	-166
8	666	428	1311463564	53	51	63	59	18	16	0	1316	753	302	262	-364	-166
8	666	428	1311465572	50	50	52	49	15	15	0	1331	768	302	262	-364	-166
8	666	428	1311467580	53	55	53	55	16	17	0	1347	785	302	262	-364	-166
8	666	428	1311469568	41	46	43	46	12	13	0	1359	798	302	262	-364	-166
8	666	428	1311471572	39	44	45	50	13	15	0	1372	813	302	262	-364	-166
8	666	428	1311473568	37	46	36	41	11	13	0	1383	826	302	262	-364	-166
8	666	428	1311475564	30	38	36	44	10	12	0	1393	838	302	262	-364	-166
8	666	428	1311477568	28	35	28	35	8	10	0	1401	848	302	262	-364	-166
8	666	428	1311479568	25	35	29	36	8	11	0	1288	731	302	262	-364	-166
8	666	428	1311481568	20	27	21	30	6	9	0	1294	740	302	262	-364	-166
8	666	428	1311483564	16	25	20	30	6	8	0	1300	748	302	262	-364	-166
8	666	428	1311485572	15	24	19	25	5	7	0	1305	755	302	262	-364	-166
8	666	428	1311487564	11	19	12	21	3	6	0	1308	761	302	262	-364	-166
8	666	428	1311489560	9	15	13	19	4	5	0	1312	766	302	262	-364	-166
8	666	428	1311491564	8	12	7	15	2	4	0	1314	770	302	262	-364	-166
8	666	428	1311493572	5	10	8	14	2	4	0	1316	774	302	262	-364	-166
8	666	428	1311495580	3	8	5	9	1	3	0	1281	723	302	262	-364	-166
8	666	428	1311497580	3	6	5	8	1	2	0	1282	725	302	262	-364	-166
8	666	428	1311499584	1	4	2	7	1	1	1	1283	726	302	262	-364	-166
9	666	428	1311501568	1	2	1	5	0	1	1	302	263	302	262	-364	-166
9	666	428	1311503568	0	3	2	2	0	1	1	302	264	302	262	-364	-166
9	666	428	1311505532	0	0	0	1	0	0	1	302	264	302	262	-364	-166
9	666	428	1311507540	0	0	0	2	0	1	1	302	265	302	262	-364	-166
9	666	428	1311509524	0	0	0	1	0	0	1	302	265	302	262	-364	-166
9	-518	-599	1311527532	0	0	0	-1	0	0	1	302	265	-216	-337	302	262
9	-518	-599	1311531536	0	-1	0	-1	0	0	1	302	265	-216	-337	302	262
9	-518	-599	1311533528	0	-1	0	-1	0	0	1	302	265	-216	-337	302	262
9	-518	-599	1311535548	0	-2	0	-3	0	-1	1	302	264	-216	-337	302	262
9	-518	-599	1311537552	0	-4	0	-2	0	-1	1	302	263	-216	-337	302	262
9	-518	-599	1311539556	0	-4	0	-4	0	-1	1	302	262	-216	-337	302	262
9	-518	-599	1311541560	0	-4	0	-4	0	-1	1	302	261	-216	-337	302	262
9	-518	-599	1311543560	0	-5	0	-5	0	-2	1	302	259	-216	-337	302	262
9	-518	-599	1311545564	0	-5	0	-5	0	-1	1	302	258	-216	-337	302	262
9	-518	-599	1311547564	0	-7	0	-6	0	-2	1	302	256	-216	-337	302	262
9	-518	-599	1311549568	0	-8	0	-6	0	-2	1	302	254	-216	-337	302	262
9	-518	-599	1311551612	0	-7	1	-8	1	-2	1	303	252	-216	-337	302	262
9	-518	-599	1311553568	0	-9	0	-8	0	-3	1	303	249	-216	-337	302	262
9	-518	-599	1311555568	0	-9	0	-8	0	-3	1	303	246	-216	-337	302	262
9	-518	-599	1311557596	0	-11	1	-11	0	-3	1	303	243	-216	-337	302	262
9	-518	-599	1311559564	0	-11	0	-9	0	-3	1	303	240	-216	-337	302	262
9	-518	-599	1311561560	0	-11	0	-12	0	-3	1	303	237	-216	-337	302	262
9	-518	-599	1311563560	0	-12	0	-12	0	-4	1	303	233	-216	-337	302	262
9	-518	-599	1311565588	-2	-13	0	-12	0	-4	1	303	229	-216	-337	302	262
9	-518	-599	1311567592	-4	-13	0	-13	0	-4	1	303	225	-216	-337	302	262
9	-518	-599	1311569604	-4	-14	0	-15	-1	-4	1	302	221	-216	-337	302	262
9	-518	-599	1311571600	-5	-15	0	-13	-1	-4	1	301	217	-216	-337	302	262
9	-518	-599	1311573584	-5	-15	0	-15	0	-5	1	301	212	-216	-337	302	262
9	-518	-599	1311575600	-6	-15	0	-18	-1	-5	1	300	207	-216	-337	302	262
9	-518	-599	1311577596	-9	-17	-3	-15	-2	-4	1	298	203	-216	-337	302	262
9	-518	-599	1311579600	-7	-16	-2	-19	-1	-6	1	297	197	-216	-337	302	262
9	-518	-599	1311581604	-10	-18	-4	-16	-2	-5	1	295	192	-216	-337	302	262
9	-518	-599	1311583612	-12	-21	-5	-20	-3	-6	1	292	186	-216	-337	302	262
9	-518	-599	1311585608	-12	-20	-5	-20	-3	-6	1	289	180	-216	-337	302	262
9	-518	-599	1311587604	-13	-21	-7	-22	-3	-6	1	286	174	-216	-337	302	262
9	-518	-599	1311589600	-16	-25	-8	-22	-3	-7	1	283	167	-216	-337	302	262
9	-518	-599	1311591596	-16	-24	-10	-26	-4	-8	0	279	159	-216	-337	302	262
9	-518	-599	1311593596	-16	-25	-11	-24	-4	-7	0	275	152	-216	-337	302	262
9	-518	-599	1311595600	-22	-30	-14	-28	-6	-9	0	269	143	-216	-337	302	262
9	-518	-599	1311597604	-20	-29	-14	-28	-5	-8	0	264	135	-216	-337	302	262
9	-518	-599	1311599596	-20	-30	-17	-32	-5	-10	0	259	125	-216	-337	302	262
9	-518	-599	1311601592	-26	-36	-18	-32	-7	-10	0	252	115	-216	-337	302	262
9	-518	-599	1311603588	-24	-35	-22	-36	-7	-11	0	245	104	-216	-337	302	262
9	-518	-599	1311605584	-25	-36	-21	-34	-7	-10	0	238	94	-216	-337	302	262
9	-518	-599	1311607580	-30	-44	-28	-41	-8	-13	0	230	81	-216	-337	302	262
9	-518	-599	1311609576	-27	-41	-25	-39	-8	-12	0	222	69	-216	-337	302	262
9	-518	-599	1311611580	-29	-43	-32	-46	-9	-13	0	213	56	-216	-337	302	262
9	-518	-599	1311613576	-35	-51	-35	-49	-11	-15	0	202	41	-216	-337	302	262
9	-518	-599	1311615576	-31	-49	-33	-45	-9	-14	0	193	27	-216	-337	302	262
9	-518	-599	1311617568	-33	-50	-40	-53	-11	-16	0	182	11	-216	-337	302	262
9	-518	-599	1311619568	-33	-54	-37	-49	-11	-15	0	171	-4	-216	-337	302	262
9	-518	-599	1311621568	-39	-62	-45	-60	-12	-18	0	159	-22	-216	-337	302	262
9	-518	-599	1311623576	-36	-58	-43	-54	-12	-17	0	147	-39	-216	-337	302	262
9	-518	-599	1311625576	-39	-61	-51	-65	-14	-19	0	133	-58	-216	-337	302	262
9	-518	-599	1311627580	-44	-71	-48	-60	-14	-20	0	119	-78	-216	-337	302	262
9	-518	-599	1311629580	-40	-65	-57	-71	-14	-20	0	105	-98	-216	-337	302	262
9	-518	-599	1311631576	-41	-69	-53	-65	-14	-20	0	91	-118	-216	-337	302	262
9	-518	-599	1311633576	-48	-81	-63	-78	-17	-24	0	74	-142	-216	-337	302	262
9	-518	-599	1311635576	-43	-74	-59	-70	-15	-22	0	59	-164	-216	-337	302	262
9	-518	-599	1311637580	-47	-76	-70	-82	-18	-23	0	41	-187	-216	-337	302	262
9	-518	-599	1311639580	-52	-90	-64	-75	-17	-25	0	24	-212	-216	-337	302	262
9	-518	-599	1311641576	-48	-81	-76	-89	-19	-26	0	5	-238	-216	-337	302	262
9	-518	-599	1311643580	-50	-84	-81	-91	-19	-26	0	-14	-264	-216	-337	302	262
9	-518	-599	1311645580	-57	-96	-73	-83	-20	-27	0	-34	-291	-216	-337	302	262
9	-518	-599	1311647580	-54	-88	-86	-95	-21	-27	0	-55	-318	-216	-337	302	262
9	-518	-599	1311649584	-55	-89	-79	-86	-20	-27	0	-75	-345	-216	-337	302	262
9	-518	-599	1311651584	-62	-101	-92	-99	-23	-30	0	-98	-375	-216	-337	302	262
9	-518	-599	1311653576	-59	-91	-84	-88	-21	-26	0	-119	-401	-216	-337	302	262
9	-518	-599	1311655576	-59	-93	-98	-103	-24	-30	0	-143	-431	-216	-337	302	262
9	-518	-599	1311657572	-67	-103	-88	-90	-23	-29	0	-166	-460	-216	-337	302	262
9	-518	-599	1311659564	-62	-94	-104	-104	-25	-29	0	-191	-489	-216	-337	302	262
9	-518	-599	1311661572	-62	-93	-93	-92	-23	-28	0	-214	-517	-216	-337	302	262
9	-518	-599	1311663572	-73	-106	-107	-105	-27	-32	0	-241	-549	-216	-337	302	262
9	-518	-599	1311665580	-66	-94	-95	-93	-25	-28	0	-266	-577	-216	-337	302	262
9	-518	-599	1311667580	-66	-93	-110	-106	-26	-30	0	-292	-607	-216	-337	302	262
9	-518	-599	1311669580	-76	-105	-99	-92	-26	-29	0	-318	-636	-216	-337	302	262
9	-518	-599	1311671576	-70	-93	-112	-105	-28	-30	0	-346	-666	-216	-337	302	262
9	-518	-599	1311673580	-72	-92	-100	-93	-25	-28	0	-371	-694	-216	-337	302	262
9	-518	-599	1311675572	-80	-104	-114	-104	-29	-31	0	-400	-725	-216	-337	302	262
9	-518	-599	1311677580	-73	-91	-115	-103	-29	-29	0	-429	-754	-216	-337	302	262
9	-518	-599	1311679576	-74	-92	-103	-90	-26	-27	0	-455	-747	-216	-337	302	262
9	-518	-599	1311681584	-84	-100	-117	-102	-30	-31	0	-485	-778	-216	-337	302	262
9	-518	-599	1311683580	-75	-88	-104	-87	-27	-26	0	-512	-804	-216	-337	302	262
9	-518	-599	1311685584	-76	-87	-119	-99	-29	-28	0	-541	-832	-216	-337	302	262
9	-518	-599	1311687580	-86	-96	-103	-86	-29	-27	0	-570	-859	-216	-337	302	262
9	-518	-599	1311689584	-78	-85	-120	-95	-29	-27	0	-599	-886	-216	-337	302	262
9	-518	-599	1311691580	-77	-82	-105	-83	-28	-25	0	-627	-911	-216	-337	302	262
9	-518	-599	1311693584	-89	-90	-120	-92	-31	-27	0	-658	-938	-216	-337	302	262
9	-518	-599	1311695580	-79	-79	-105	-79	-28	-24	0	-686	-962	-216	-337	302	262
9	-518	-599	1311697588	-80	-76	-120	-89	-30	-25	0	-716	-745	-216	-337	302	262
9	-518	-599	1311699580	-89	-83	-104	-75	-29	-23	0	-745	-768	-216	-337	302	262
9	-518	-599	1311701584	-78	-71	-118	-83	-29	-23	0	-774	-791	-216	-337	302	262
9	-518	-599	1311703580	-79	-70	-102	-72	-27	-22	0	-801	-813	-216	-337	302	262
9	-518	-599	1311705584	-88	-76	-116	-80	-31	-23	0	-832	-836	-216	-337	302	262
9	-518	-599	1311707580	-75	-65	-114	-76	-28	-21	0	-860	-857	-216	-337	302	262
9	-518	-599	1311709584	-75	-63	-96	-65	-26	-19	0	-886	-876	-216	-337	302	262
9	-518	-599	1311711584	-82	-69	-109	-72	-28	-22	0	-914	-742	-216	-337	302	262
9	-518	-599	1311713588	-71	-58	-91	-60	-25	-17	0	-939	-759	-216	-337	302	262
9	-518	-599	1311715592	-70	-58	-102	-67	-26	-19	0	-965	-778	-216	-337	302	262
9	-518	-599	1311717584	-77	-61	-83	-56	-24	-18	0	-989	-796	-216	-337	302	262
9	-518	-599	1311719584	-65	-53	-93	-62	-23	-17	0	-1012	-813	-216	-337	302	262
9	-518	-599	1311721584	-62	-50	-75	-52	-21	-15	0	-1033	-828	-216	-337	302	262
9	-518	-599	1311723580	-68	-55	-82	-57	-22	-17	0	-1055	-845	-216	-337	302	262
9	-518	-599	1311725584	-55	-46	-67	-48	-19	-14	0	-1074	-859	-216	-337	302	262
9	-518	-599	1311727580	-53	-45	-70	-53	-18	-15	0	-1092	-874	-216	-337	302	262
9	-518	-599	1311729580	-55	-47	-57	-44	-17	-13	0	-1109	-733	-216	-337	302	262
9	-518	-599	1311731584	-47	-42	-59	-48	-16	-14	0	-1125	-747	-216	-337	302	262
9	-518	-599	1311733584	-43	-38	-47	-41	-13	-12	0	-1138	-759	-216	-337	302	262
9	-518	-599	1311735584	-45	-43	-48	-44	-14	-13	0	-1152	-772	-216	-337	302	262
9	-518	-599	1311737580	-39	-35	-41	-41	-12	-11	0	-1164	-783	-216	-337	302	262
9	-518	-599	1311739580	-35	-35	-33	-35	-10	-11	0	-1174	-794	-216	-337	302	262
9	-518	-599	1311741580	-31	-32	-32	-39	-10	-10	0	-1184	-804	-216	-337	302	262
9	-518	-599	1311743584	-34	-37	-25	-32	-9	-11	0	-1193	-815	-216	-337	302	262
9	-518	-599	1311745584	-28	-30	-24	-35	-8	-9	0	-1201	-729	-216	-337	302	262
9	-518	-599	1311747576	-25	-30	-17	-30	-6	-9	0	-1207	-738	-216	-337	302	262
9	-518	-599	1311749572	-25	-31	-17	-34	-6	-10	0	-1213	-748	-216	-337	302	262
9	-518	-599	1311751576	-21	-27	-11	-27	-5	-8	0	-1218	-756	-216	-337	302	262
9	-518	-599	1311753576	-19	-28	-10	-32	-4	-9	0	-1222	-765	-216	-337	302	262
9	-518	-599	1311755580	-18	-29	-6	-26	-4	-9	0	-1226	-774	-216	-337	302	262
9	-518	-599	1311757576	-17	-25	-6	-29	-3	-8	0	-1229	-782	-216	-337	302	262
9	-518	-599	1311759588	-13	-23	-3	-23	-3	-7	0	-1232	-789	-216	-337	302	262
9	-518	-599	1311761584	-14	-25	-1	-27	-2	-7	0	-1234	-796	-216	-337	302	262
9	-518	-599	1311763576	-10	-23	0	-22	-1	-7	0	-1235	-727	-216	-337	302	262
9	-518	-599	1311765580	-10	-21	0	-25	-2	-7	0	-1237	-734	-216	-337	302	262
9	-518	-599	1311767580	-9	-23	1	-20	-1	-6	0	-1238	-740	-216	-337	302	262
9	-518	-599	1311769572	-7	-20	3	-23	-1	-7	0	-1239	-747	-216	-337	302	262
9	-518	-599	1311771556	-7	-17	5	-21	0	-6	0	-1239	-753	-216	-337	302	262
9	-518	-599	1311773560	-6	-20	4	-17	0	-5	0	-1239	-758	-216	-337	302	262
9	-518	-599	1311775560	-4	-15	5	-19	0	-5	0	-1239	-763	-216	-337	302	262
9	-518	-599	1311777564	-3	-15	5	-15	0	-5	1	-1239	-768	-216	-337	302	262
10	-518	-599	1311779564	-4	-15	5	-16	0	-4	1	-216	-341	-216	-337	302	262
10	329	721	1311781564	-3	-13	5	-13	0	-4	1	-216	-345	113	384	-216	-337
10	329	721	1311783564	-1	-10	6	-14	0	-4	1	-216	-349	113	384	-216	-337
10	329	721	1311785576	-1	-11	5	-11	1	-3	1	-215	-352	113	384	-216	-337
10	329	721	1311787580	-1	-9	6	-10	1	-3	1	-214	-355	113	384	-216	-337
10	329	721	1311789572	-2	-7	4	-9	0	-2	1	-214	-357	113	384	-216	-337
10	329	721	1311791584	0	-8	5	-8	1	-3	1	-213	-360	113	384	-216	-337
10	329	721	1311793572	0	-5	5	-7	0	-2	1	-213	-362	113	384	-216	-337
10	329	721	1311795596	-1	-5	4	-6	1	-1	1	-212	-363	113	384	-216	-337
10	329	721	1311797572	0	-5	3	-5	0	-2	1	-212	-365	113	384	-216	-337
10	329	721	1311799596	0	-3	4	-5	1	-1	1	-211	-366	113	384	-216	-337
10	329	721	1311801592	0	-3	4	-4	1	-1	1	-210	-367	113	384	-216	-337
10	329	721	1311803580	0	-2	2	-2	0	-1	1	-210	-368	113	384	-216	-337
10	329	721	1311805576	0	-3	3	-4	0	-1	1	-210	-369	113	384	-216	-337
10	329	721	1311807572	0	-1	2	-1	1	0	1	-209	-369	113	384	-216	-337
10	329	721	1311809576	0	-3	4	-3	0	-1	1	-209	-370	113	384	-216	-337
10	329	721	1311811568	0	-1	3	-2	1	0	1	-208	-370	113	384	-216	-337
10	329	721	1311813568	0	-1	3	-1	0	-1	1	-208	-371	113	384	-216	-337
10	329	721	1311815564	0	-1	4	-2	1	0	1	-207	-371	113	384	-216	-337
10	329	721	1311817580	2	-2	4	-2	1	-1	1	-206	-372	113	384	-216	-337
10	329	721	1311819552	0	-1	5	-1	0	0	1	-206	-372	113	384	-216	-337
10	329	721	1311821564	1	-1	5	-2	1	0	1	-205	-372	113	384	-216	-337
10	329	721	1311823580	1	-1	5	-1	1	-1	1	-204	-373	113	384	-216	-337
10	329	721	1311825564	1	-2	7	-1	1	0	1	-203	-373	113	384	-216	-337
10	329	721	1311827580	2	-2	7	-1	2	-1	1	-201	-374	113	384	-216	-337
10	329	721	1311829564	1	-1	7	-3	1	0	1	-200	-374	113	384	-216	-337
10	329	721	1311831576	1	-2	9	-1	1	-1	1	-199	-375	113	384	-216	-337
10	329	721	1311833564	3	-1	7	-1	2	0	1	-197	-375	113	384	-216	-337
10	329	721	1311835564	1	0	10	-2	2	0	1	-195	-375	113	384	-216	-337
10	329	721	1311837568	1	-1	9	0	1	0	1	-194	-375	113	384	-216	-337
10	329	721	1311839588	3	0	10	-1	2	-1	1	-192	-376	113	384	-216	-337
10	329	721	1311841548	1	0	10	0	2	0	1	-190	-376	113	384	-216	-337
10	329	721	1311843548	2	0	11	0	2	0	1	-188	-376	113	384	-216	-337
10	329	721	1311845548	3	0	10	0	2	0	1	-186	-376	113	384	-216	-337
10	329	721	1311847548	1	0	12	0	1	0	1	-185	-376	113	384	-216	-337
10	329	721	1311849548	3	0	10	0	2	0	1	-183	-376	113	384	-216	-337
10	329	721	1311851576	1	0	11	1	2	0	1	-181	-376	113	384	-216	-337
10	329	721	1311853580	2	2	10	1	2	0	1	-179	-376	113	384	-216	-337
10	329	721	1311855580	2	2	11	1	2	0	1	-177	-376	113	384	-216	-337
10	329	721	1311857584	2	1	9	3	2	1	1	-175	-375	113	384	-216	-337
10	329	721	1311859588	1	4	10	1	1	1	1	-174	-374	113	384	-216	-337
10	329	721	1311861568	2	1	10	2	2	0	1	-172	-374	113	384	-216	-337
10	329	721	1311863584	2	3	9	3	2	1	1	-170	-373	113	384	-216	-337
10	329	721	1311865584	1	4	8	4	1	1	1	-169	-372	113	384	-216	-337
10	329	721	1311867588	3	2	8	2	2	1	1	-167	-371	113	384	-216	-337
10	329	721	1311869588	1	3	9	4	1	1	0	-166	-370	113	384	-216	-337
10	329	721	1311871588	3	5	6	2	2	1	0	-164	-369	113	384	-216	-337
10	329	721	1311873588	2	3	9	5	1	1	0	-163	-368	113	384	-216	-337
10	329	721	1311875588	3	4	7	4	2	1	0	-161	-367	113	384	-216	-337
10	329	721	1311877584	3	5	8	6	1	2	0	-160	-365	113	384	-216	-337
10	329	721	1311879584	5	6	7	5	2	2	0	-158	-363	113	384	-216	-337
10	329	721	1311881596	5	7	10	8	2	2	0	-156	-361	113	384	-216	-337
10	329	721	1311883588	8	8	8	6	3	2	0	-153	-359	113	384	-216	-337
10	329	721	1311885584	7	8	10	9	2	3	0	-151	-356	113	384	-216	-337
10	329	721	1311887588	8	9	10	7	3	2	0	-148	-354	113	384	-216	-337
10	329	721	1311889592	11	11	11	12	3	4	0	-145	-350	113	384	-216	-337
10	329	721	1311891588	11	11	12	11	4	3	0	-141	-347	113	384	-216	-337
10	329	721	1311893584	14	11	13	11	4	3	0	-137	-344	113	384	-216	-337
10	329	721	1311895580	16	15	16	15	5	5	0	-132	-339	113	384	-216	-337
10	329	721	1311897572	17	15	14	14	4	4	0	-128	-335	113	384	-216	-337
10	329	721	1311899572	17	17	19	17	6	5	0	-122	-330	113	384	-216	-337
10	329	721	1311901580	23	21	17	18	6	6	0	-116	-324	113	384	-216	-337
10	329	721	1311903576	22	20	21	21	6	6	0	-110	-318	113	384	-216	-337
10	329	721	1311905572	24	21	20	20	7	6	0	-103	-312	113	384	-216	-337
10	329	721	1311907580	29	26	24	25	8	8	0	-95	-304	113	384	-216	-337
10	329	721	1311909580	27	27	23	24	7	8	0	-88	-296	113	384	-216	-337
10	329	721	1311911576	29	27	27	30	9	8	0	-79	-288	113	384	-216	-337
10	329	721	1311913572	34	34	25	29	8	10	0	-71	-278	113	384	-216	-337
10	329	721	1311915576	32	32	30	35	10	10	0	-61	-268	113	384	-216	-337
10	329	721	1311917572	34	37	28	32	9	10	0	-52	-258	113	384	-216	-337
10	329	721	1311919576	39	42	32	41	11	12	0	-41	-246	113	384	-216	-337
10	329	721	1311921568	37	41	30	39	10	12	0	-31	-234	113	384	-216	-337
10	329	721	1311923584	39	45	35	48	11	14	0	-20	-220	113	384	-216	-337
10	329	721	1311925588	45	54	36	51	12	16	0	-8	-204	113	384	-216	-337
10	329	721	1311927596	41	51	33	49	11	15	0	3	-189	113	384	-216	-337
10	329	721	1311929588	43	57	37	58	12	17	0	15	-172	113	384	-216	-337
10	329	721	1311931596	50	66	35	57	13	19	0	28	-153	113	384	-216	-337
10	329	721	1311933596	45	64	40	68	13	20	0	41	-133	113	384	-216	-337
10	329	721	1311935592	45	67	35	64	12	19	0	53	-114	113	384	-216	-337
10	329	721	1311937588	51	81	43	79	14	24	0	67	-90	113	384	-216	-337
10	329	721	1311939580	47	78	37	74	12	23	0	79	-67	113	384	-216	-337
10	329	721	1311941572	47	82	43	90	14	26	0	93	-41	113	384	-216	-337
10	329	721	1311943580	53	98	39	82	14	27	0	107	-14	113	384	-216	-337
10	329	721	1311945580	48	94	45	101	14	29	0	121	15	113	384	-216	-337
10	329	721	1311947584	47	97	38	93	12	29	0	133	44	113	384	-216	-337
10	329	721	1311949576	49	104	45	112	14	32	0	147	76	113	384	-216	-337
10	329	721	1311951584	55	121	40	104	15	34	0	162	110	113	384	-216	-337
10	329	721	1311953588	48	114	47	124	14	35	0	176	145	113	384	-216	-337
10	329	721	1311955584	47	117	45	130	14	37	0	190	182	113	384	-216	-337
10	329	721	1311957580	54	139	40	117	14	39	0	204	221	113	384	-216	-337
10	329	721	1311959576	47	128	46	140	14	40	0	218	261	113	384	-216	-337
10	329	721	1311961576	47	131	40	127	13	39	0	231	300	113	384	-216	-337
10	329	721	1311963572	52	152	45	148	14	45	0	245	345	113	384	-216	-337
10	329	721	1311965576	46	139	40	134	13	41	0	258	386	113	384	-216	-337
10	329	721	1311967568	47	143	44	158	14	45	0	272	431	113	384	-216	-337
10	329	721	1311969576	51	162	38	138	13	45	0	285	476	113	384	-216	-337
10	329	721	1311971572	45	146	45	163	14	46	0	299	522	113	384	-216	-337
10	329	721	1311973572	45	149	38	144	12	44	0	311	566	113	384	-216	-337
10	329	721	1311975568	50	169	42	167	14	51	0	325	617	113	384	-216	-337
10	329	721	1311977560	44	151	38	146	12	44	0	337	661	113	384	-216	-337
10	329	721	1311979568	42	151	42	169	13	48	0	350	709	113	384	-216	-337
10	329	721	1311981560	48	170	37	148	13	48	0	363	757	113	384	-216	-337
10	329	721	1311983556	42	153	41	170	12	48	0	375	805	113	384	-216	-337
10	329	721	1311985552	40	151	35	147	11	45	0	386	850	113	384	-216	-337
10	329	721	1311987548	46	169	40	169	13	51	0	399	901	113	384	-216	-337
10	329	721	1311989540	39	149	35	145	11	44	0	410	945	113	384	-216	-337
10	329	721	1311991544	39	146	39	164	12	46	0	422	991	113	384	-216	-337
10	329	721	1311993552	42	162	40	162	12	49	0	434	1040	113	384	-216	-337
10	329	721	1311995552	38	140	32	139	11	42	0	445	762	113	384	-216	-337
10	329	721	1311997544	37	138	39	155	11	44	0	456	806	113	384	-216	-337
10	329	721	1311999540	37	134	32	132	11	40	0	467	846	113	384	-216	-337
10	329	721	1312001536	41	145	37	147	11	43	0	478	889	113	384	-216	-337
10	329	721	1312003540	36	123	32	125	11	38	0	489	927	113	384	-216	-337
10	329	721	1312005544	36	120	36	137	10	38	0	499	965	113	384	-216	-337
10	329	721	1312007544	42	130	30	116	11	37	0	510	1002	113	384	-216	-337
10	329	721	1312009548	36	109	35	127	11	35	0	521	1037	113	384	-216	-337
10	329	721	1312011548	37	105	29	106	10	32	0	531	1069	113	384	-216	-337
10	329	721	1312013552	42	111	34	115	11	34	0	542	754	113	384	-216	-337
10	329	721	1312015556	36	94	29	96	10	28	0	552	782	113	384	-216	-337
10	329	721	1312017556	37	89	32	104	10	29	0	562	811	113	384	-216	-337
10	329	721	1312019552	43	94	28	86	11	27	0	573	838	113	384	-216	-337
10	329	721	1312021556	36	78	30	94	10	26	0	583	864	113	384	-216	-337
10	329	721	1312023560	38	75	27	76	9	23	0	592	887	113	384	-216	-337
10	329	721	1312025556	42	80	29	84	11	24	0	603	911	113	384	-216	-337
10	329	721	1312027556	36	67	30	79	10	22	0	613	933	113	384	-216	-337
10	329	721	1312029560	37	63	25	65	9	20	0	622	953	113	384	-216	-337
10	329	721	1312031556	40	67	27	70	10	20	0	632	973	113	384	-216	-337
10	329	721	1312033556	35	56	25	57	9	17	0	641	990	113	384	-216	-337
10	329	721	1312035556	35	54	27	63	10	18	0	651	738	113	384	-216	-337
10	329	721	1312037560	37	57	23	51	9	16	0	660	754	113	384	-216	-337
10	329	721	1312039564	34	48	25	55	9	15	0	669	769	113	384	-216	-337
10	329	721	1312041564	31	45	22	46	7	14	0	676	783	113	384	-216	-337
10	329	721	1312043560	35	47	23	49	9	14	0	685	797	113	384	-216	-337
10	329	721	1312045560	29	39	20	41	8	12	0	693	809	113	384	-216	-337
10	329	721	1312047556	29	36	22	43	7	12	0	700	732	113	384	-216	-337
10	329	721	1312049556	30	38	17	35	7	11	0	707	743	113	384	-216	-337
10	329	721	1312051552	25	31	20	36	7	10	0	714	753	113	384	-216	-337
10	329	721	1312053552	23	29	15	29	6	9	0	720	762	113	384	-216	-337
10	329	721	1312055544	25	27	18	31	6	9	0	726	771	113	384	-216	-337
10	329	721	1312057548	20	23	15	26	5	7	0	731	778	113	384	-216	-337
10	329	721	1312059556	19	18	11	21	5	6	0	736	784	113	384	-216	-337
10	329	721	1312061560	20	20	12	22	5	6	0	741	790	113	384	-216	-337
10	329	721	1312063552	15	14	9	16	3	5	0	744	795	113	384	-216	-337
10	329	721	1312065552	14	13	10	16	4	4	0	748	799	113	384	-216	-337
10	329	721	1312067552	12	12	6	13	3	4	0	751	803	113	384	-216	-337
10	329	721	1312069560	12	8	8	11	3	3	1	754	723	113	384	-216	-337
11	329	721	1312071556	7	7	5	9	1	2	1	114	386	113	384	-216	-337
11	329	721	1312073556	9	5	4	7	2	2	1	116	388	113	384	-216	-337
11	329	721	1312075552	6	4	3	5	2	1	1	118	389	113	384	-216	-337
11	329	721	1312077552	5	4	3	5	1	1	1	119	390	113	384	-216	-337
11	-113	-784	1312079552	5	2	2	3	1	1	1	120	391	0	-400	113	384
11	-113	-784	1312081548	3	1	2	2	1	1	1	121	392	0	-400	113	384
11	-113	-784	1312083520	2	0	2	1	0	0	1	121	392	0	-400	113	384
11	-113	-784	1312085516	1	2	0	2	0	0	1	121	392	0	-400	113	384
11	-113	-784	1312087500	2	0	1	0	1	0	1	122	392	0	-400	113	384
11	-113	-784	1312089484	1	0	0	0	0	0	1	122	392	0	-400	113	384
11	-113	-784	1312091488	1	0	0	0	0	0	1	122	392	0	-400	113	384
11	-113	-784	1312093532	1	-1	2	0	1	0	1	123	392	0	-400	113	384
11	-113	-784	1312095516	3	-1	0	-1	0	0	1	123	392	0	-400	113	384
11	-113	-784	1312097512	1	-3	0	-2	0	0	1	123	392	0	-400	113	384
11	-113	-784	1312099536	3	-5	0	-4	1	-1	1	124	391	0	-400	113	384
11	-113	-784	1312101520	2	-3	0	-4	0	-1	1	124	390	0	-400	113	384
11	-113	-784	1312103528	4	-5	1	-6	1	-2	1	125	388	0	-400	113	384
11	-113	-784	1312105512	4	-8	0	-5	0	-2	1	125	386	0	-400	113	384
11	-113	-784	1312107528	2	-7	0	-8	1	-2	1	126	384	0	-400	113	384
11	-113	-784	1312109520	5	-9	1	-7	1	-2	1	127	382	0	-400	113	384
11	-113	-784	1312111504	4	-10	0	-10	0	-3	1	127	379	0	-400	113	384
11	-113	-784	1312113508	5	-10	1	-9	1	-3	1	128	376	0	-400	113	384
11	-113	-784	1312115508	4	-11	0	-11	1	-4	1	129	372	0	-400	113	384
11	-113	-784	1312117504	6	-14	2	-11	1	-3	1	130	369	0	-400	113	384
11	-113	-784	1312119496	4	-14	1	-14	1	-5	1	131	364	0	-400	113	384
11	-113	-784	1312121492	5	-14	1	-13	0	-4	1	131	360	0	-400	113	384
11	-113	-784	1312123500	5	-17	1	-16	1	-5	1	132	355	0	-400	113	384
11	-113	-784	1312125496	3	-15	3	-15	1	-4	1	133	351	0	-400	113	384
11	-113	-784	1312127488	5	-16	1	-17	1	-5	1	134	346	0	-400	113	384
11	-113	-784	1312129496	4	-19	3	-15	1	-5	1	135	341	0	-400	113	384
11	-113	-784	1312131500	3	-16	2	-19	1	-5	1	136	336	0	-400	113	384
11	-113	-784	1312133504	3	-18	3	-19	1	-6	1	137	330	0	-400	113	384
11	-113	-784	1312135508	3	-19	2	-16	1	-5	1	138	325	0	-400	113	384
11	-113	-784	1312137500	1	-17	3	-20	0	-6	1	138	319	0	-400	113	384
11	-113	-784	1312139508	3	-18	2	-16	1	-5	1	139	314	0	-400	113	384
11	-113	-784	1312141512	0	-21	4	-20	1	-6	1	140	308	0	-400	113	384
11	-113	-784	1312143496	1	-17	2	-18	0	-5	1	140	303	0	-400	113	384
11	-113	-784	1312145500	0	-19	3	-20	0	-6	1	140	297	0	-400	113	384
11	-113	-784	1312147504	0	-21	2	-19	1	-6	1	141	291	0	-400	113	384
11	-113	-784	1312149480	0	-19	3	-21	0	-6	1	141	285	0	-400	113	384
11	-113	-784	1312151488	-3	-19	2	-19	0	-6	1	141	279	0	-400	113	384
11	-113	-784	1312153492	-2	-20	3	-21	0	-6	1	141	273	0	-400	113	384
11	-113	-784	1312155496	-4	-22	1	-20	0	-6	0	141	267	0	-400	113	384
11	-113	-784	1312157492	-4	-22	0	-22	0	-7	0	141	260	0	-400	113	384
11	-113	-784	1312159504	-5	-21	0	-22	-1	-6	0	140	254	0	-400	113	384
11	-113	-784	1312161488	-6	-25	0	-25	0	-8	0	140	246	0	-400	113	384
11	-113	-784	1312163496	-8	-24	0	-25	-2	-7	0	138	239	0	-400	113	384
11	-113	-784	1312165504	-6	-23	-1	-23	-1	-7	0	137	232	0	-400	113	384
11	-113	-784	1312167508	-10	-29	-3	-29	-2	-9	0	135	223	0	-400	113	384
11	-113	-784	1312169504	-9	-26	-4	-25	-2	-7	0	133	216	0	-400	113	384
11	-113	-784	1312171508	-8	-28	-5	-31	-2	-9	0	131	207	0	-400	113	384
11	-113	-784	1312173512	-13	-34	-5	-29	-2	-10	0	129	197	0	-400	113	384
11	-113	-784	1312175512	-10	-31	-6	-35	-3	-10	0	126	187	0	-400	113	384
11	-113	-784	1312177516	-11	-32	-7	-31	-2	-9	0	124	178	0	-400	113	384
11	-113	-784	1312179508	-13	-39	-9	-39	-4	-12	0	120	166	0	-400	113	384
11	-113	-784	1312181512	-12	-38	-8	-35	-3	-11	0	117	155	0	-400	113	384
11	-113	-784	1312183512	-13	-38	-11	-43	-3	-12	0	114	143	0	-400	113	384
11	-113	-784	1312185516	-13	-47	-10	-40	-4	-13	0	110	130	0	-400	113	384
11	-113	-784	1312187512	-14	-42	-11	-47	-3	-13	0	107	117	0	-400	113	384
11	-113	-784	1312189516	-14	-46	-11	-44	-4	-14	0	103	103	0	-400	113	384
11	-113	-784	1312191524	-15	-54	-14	-52	-5	-16	0	98	87	0	-400	113	384
11	-113	-784	1312193512	-14	-51	-15	-57	-4	-16	0	94	71	0	-400	113	384
11	-113	-784	1312195508	-15	-54	-13	-52	-4	-16	0	90	55	0	-400	113	384
11	-113	-784	1312197504	-17	-64	-16	-63	-5	-19	0	85	36	0	-400	113	384
11	-113	-784	1312199500	-16	-60	-14	-56	-5	-17	0	80	19	0	-400	113	384
11	-113	-784	1312201492	-18	-64	-17	-69	-5	-20	0	75	-1	0	-400	113	384
11	-113	-784	1312203496	-20	-73	-16	-62	-5	-20	0	70	-21	0	-400	113	384
11	-113	-784	1312205500	-19	-69	-19	-75	-6	-22	0	64	-43	0	-400	113	384
11	-113	-784	1312207508	-20	-73	-19	-68	-6	-21	0	58	-64	0	-400	113	384
11	-113	-784	1312209500	-23	-82	-20	-81	-6	-25	0	52	-89	0	-400	113	384
11	-113	-784	1312211504	-23	-78	-20	-72	-7	-22	0	45	-111	0	-400	113	384
11	-113	-784	1312213512	-24	-78	-22	-87	-7	-25	0	38	-136	0	-400	113	384
11	-113	-784	1312215508	-27	-93	-20	-77	-7	-25	0	31	-161	0	-400	113	384
11	-113	-784	1312217516	-26	-84	-24	-91	-7	-27	0	24	-188	0	-400	113	384
11	-113	-784	1312219520	-27	-86	-21	-83	-7	-25	0	17	-213	0	-400	113	384
11	-113	-784	1312221524	-32	-100	-24	-96	-9	-29	0	8	-242	0	-400	113	384
11	-113	-784	1312223524	-28	-90	-25	-99	-8	-29	0	0	-271	0	-400	113	384
11	-113	-784	1312225528	-30	-91	-21	-87	-7	-26	0	-7	-297	0	-400	113	384
11	-113	-784	1312227524	-32	-105	-24	-103	-9	-32	0	-16	-329	0	-400	113	384
11	-113	-784	1312229528	-30	-95	-23	-92	-8	-28	0	-24	-357	0	-400	113	384
11	-113	-784	1312231524	-28	-98	-23	-108	-7	-31	0	-31	-388	0	-400	113	384
11	-113	-784	1312233524	-31	-112	-22	-97	-8	-31	0	-39	-419	0	-400	113	384
11	-113	-784	1312235516	-26	-101	-23	-114	-8	-32	0	-47	-451	0	-400	113	384
11	-113	-784	1312237524	-26	-105	-22	-101	-7	-31	0	-54	-482	0	-400	113	384
11	-113	-784	1312239516	-28	-120	-22	-119	-7	-36	0	-61	-518	0	-400	113	384
11	-113	-784	1312241512	-24	-109	-20	-106	-7	-32	0	-68	-550	0	-400	113	384
11	-113	-784	1312243520	-22	-111	-23	-125	-7	-36	0	-75	-586	0	-400	113	384
11	-113	-784	1312245512	-25	-129	-18	-110	-6	-35	0	-81	-621	0	-400	113	384
11	-113	-784	1312247520	-21	-115	-22	-128	-7	-37	0	-88	-658	0	-400	113	384
11	-113	-784	1312249512	-20	-116	-18	-114	-5	-34	0	-93	-692	0	-400	113	384
11	-113	-784	1312251520	-23	-134	-20	-132	-7	-40	0	-100	-732	0	-400	113	384
11	-113	-784	1312253512	-19	-119	-18	-116	-5	-35	0	-105	-767	0	-400	113	384
11	-113	-784	1312255520	-17	-120	-20	-134	-6	-39	0	-111	-806	0	-400	113	384
11	-113	-784	1312257512	-21	-135	-20	-134	-6	-40	0	-117	-846	0	-400	113	384
11	-113	-784	1312259516	-18	-120	-17	-117	-5	-35	0	-122	-881	0	-400	113	384
11	-113	-784	1312261524	-17	-120	-19	-134	-6	-39	0	-128	-920	0	-400	113	384
11	-113	-784	1312263516	-22	-131	-15	-115	-5	-36	0	-133	-956	0	-400	113	384
11	-113	-784	1312265520	-17	-116	-18	-131	-5	-38	0	-138	-758	0	-400	113	384
11	-113	-784	1312267520	-19	-113	-13	-113	-5	-33	0	-143	-791	0	-400	113	384
11	-113	-784	1312269528	-21	-125	-17	-126	-6	-38	0	-149	-829	0	-400	113	384
11	-113	-784	1312271520	-19	-107	-12	-108	-5	-32	0	-154	-861	0	-400	113	384
11	-113	-784	1312273520	-17	-105	-14	-120	-4	-34	0	-158	-895	0	-400	113	384
11	-113	-784	1312275516	-20	-114	-10	-101	-5	-32	0	-163	-927	0	-400	113	384
11	-113	-784	1312277520	-18	-99	-10	-114	-4	-32	0	-167	-959	0	-400	113	384
11	-113	-784	1312279512	-17	-96	-9	-97	-4	-29	0	-171	-988	0	-400	113	384
11	-113	-784	1312281512	-18	-105	-7	-108	-4	-32	0	-175	-1020	0	-400	113	384
11	-113	-784	1312283516	-16	-91	-5	-92	-3	-28	0	-178	-1048	0	-400	113	384
11	-113	-784	1312285516	-15	-88	-5	-101	-3	-28	0	-181	-748	0	-400	113	384
11	-113	-784	1312287508	-16	-96	-3	-100	-3	-29	0	-184	-777	0	-400	113	384
11	-113	-784	1312289516	-14	-84	0	-84	-2	-26	0	-186	-803	0	-400	113	384
11	-113	-784	1312291512	-13	-81	0	-95	-2	-26	0	-188	-829	0	-400	113	384
11	-113	-784	1312293508	-12	-80	1	-80	-1	-24	0	-189	-853	0	-400	113	384
11	-113	-784	1312295504	-13	-88	5	-91	-1	-27	0	-190	-880	0	-400	113	384
11	-113	-784	1312297500	-11	-77	6	-78	-1	-23	0	-191	-903	0	-400	113	384
11	-113	-784	1312299496	-10	-75	7	-86	-1	-24	0	-192	-744	0	-400	113	384
11	-113	-784	1312301452	-10	-84	10	-75	0	-24	0	-192	-768	0	-400	113	384
11	-113	-784	1312303488	-7	-72	12	-84	0	-23	0	-192	-791	0	-400	113	384
11	-113	-784	1312305500	-8	-73	12	-74	1	-23	0	-191	-814	0	-400	113	384
11	-113	-784	1312307500	-7	-80	18	-81	1	-24	0	-190	-838	0	-400	113	384
11	-113	-784	1312309496	-5	-71	15	-70	2	-21	0	-188	-859	0	-400	113	384
11	-113	-784	1312311496	-4	-69	21	-80	2	-22	0	-186	-881	0	-400	113	384
11	-113	-784	1312313496	-4	-77	19	-69	3	-22	0	-183	-903	0	-400	113	384
11	-113	-784	1312315496	-1	-69	23	-77	3	-22	0	-180	-742	0	-400	113	384
11	-113	-784	1312317496	-1	-68	23	-68	3	-20	0	-177	-762	0	-400	113	384
11	-113	-784	1312319492	0	-73	27	-75	4	-23	0	-173	-785	0	-400	113	384
11	-113	-784	1312321492	0	-65	27	-65	4	-19	0	-169	-804	0	-400	113	384
11	-113	-784	1312323496	0	-65	30	-73	5	-21	0	-164	-825	0	-400	113	384
11	-113	-784	1312325488	4	-72	32	-72	5	-21	0	-159	-846	0	-400	113	384
11	-113	-784	1312327488	2	-61	30	-61	5	-19	0	-154	-865	0	-400	113	384
11	-113	-784	1312329496	4	-60	35	-69	6	-19	0	-148	-884	0	-400	113	384
11	-113	-784	1312331488	6	-66	31	-58	5	-19	0	-143	-739	0	-400	113	384
11	-113	-784	1312333496	5	-58	37	-65	7	-18	0	-136	-757	0	-400	113	384
11	-113	-784	1312335496	5	-56	33	-57	5	-17	0	-131	-774	0	-400	113	384
11	-113	-784	1312337500	8	-61	38	-62	7	-18	0	-124	-792	0	-400	113	384
11	-113	-784	1312339504	6	-53	34	-53	6	-16	0	-118	-808	0	-400	113	384
11	-113	-784	1312341508	6	-51	37	-58	7	-17	0	-111	-825	0	-400	113	384
11	-113	-784	1312343500	8	-56	34	-50	6	-16	0	-105	-841	0	-400	113	384
11	-113	-784	1312345508	7	-48	37	-55	7	-15	0	-98	-856	0	-400	113	384
11	-113	-784	1312347512	8	-46	34	-47	6	-14	0	-92	-870	0	-400	113	384
11	-113	-784	1312349508	7	-50	38	-50	7	-15	0	-85	-885	0	-400	113	384
11	-113	-784	1312351512	8	-42	36	-50	6	-14	0	-79	-734	0	-400	113	384
11	-113	-784	1312353512	7	-42	32	-41	6	-12	0	-73	-746	0	-400	113	384
11	-113	-784	1312355516	8	-43	35	-45	7	-13	0	-66	-759	0	-400	113	384
11	-113	-784	1312357520	7	-39	32	-39	5	-12	0	-61	-771	0	-400	113	384
11	-113	-784	1312359512	8	-36	33	-41	7	-12	0	-54	-783	0	-400	113	384
11	-113	-784	1312361516	7	-40	28	-35	5	-11	0	-49	-794	0	-400	113	384
11	-113	-784	1312363512	6	-34	31	-39	5	-11	0	-44	-805	0	-400	113	384
11	-113	-784	1312365516	7	-31	28	-31	6	-9	0	-38	-729	0	-400	113	384
11	-113	-784	1312367512	6	-35	28	-36	5	-11	0	-33	-740	0	-400	113	384
11	-113	-784	1312369516	5	-29	24	-29	4	-9	0	-29	-749	0	-400	113	384
11	-113	-784	1312371512	6	-28	26	-31	5	-8	0	-24	-757	0	-400	113	384
11	-113	-784	1312373512	5	-28	22	-26	4	-9	0	-20	-766	0	-400	113	384
11	-113	-784	1312375508	5	-25	23	-29	4	-8	0	-16	-774	0	-400	113	384
11	-113	-784	1312377508	4	-23	19	-24	4	-7	0	-12	-781	0	-400	113	384
11	-113	-784	1312379508	4	-24	20	-25	3	-7	1	-9	-788	0	-400	113	384
