1	-85	588	1947193564	0	0	0	0	0	0	0	0	-300	-85	288	0	-300
1	-85	588	1947207584	0	1	0	1	0	0	0	0	-300	-85	288	0	-300
1	-85	588	1947209576	0	3	0	3	0	0	0	0	-300	-85	288	0	-300
1	-85	588	1947211600	-2	3	0	2	0	0	0	0	-300	-85	288	0	-300
1	-85	588	1947213608	-1	7	0	7	0	1	0	0	-299	-85	288	0	-300
1	-85	588	1947215616	-2	7	0	7	-1	2	0	-1	-297	-85	288	0	-300
1	-85	588	1947217608	-3	11	0	10	0	2	0	-1	-295	-85	288	0	-300
1	-85	588	1947219600	-2	12	-1	11	0	2	0	-1	-293	-85	288	0	-300
1	-85	588	1947221616	-4	13	-2	15	-1	3	0	-2	-290	-85	288	0	-300
1	-85	588	1947223596	-3	18	-1	15	0	3	0	-2	-287	-85	288	0	-300
1	-85	588	1947225608	-3	21	-1	19	-1	4	0	-3	-283	-85	288	0	-300
1	-85	588	1947227604	-4	21	-3	20	0	4	0	-3	-279	-85	288	0	-300
1	-85	588	1947229616	-4	24	-2	25	-1	5	0	-4	-274	-85	288	0	-300
1	-85	588	1947231624	-4	31	-4	26	-1	6	0	-5	-268	-85	288	0	-300
1	-85	588	1947233608	-2	32	-4	32	0	6	0	-5	-262	-85	288	0	-300
1	-85	588	1947235616	-3	36	-3	32	-1	7	0	-6	-255	-85	288	0	-300
1	-85	588	1947237612	-1	44	-7	41	-1	9	0	-7	-246	-85	288	0	-300
1	-85	588	1947239596	0	43	-5	42	0	8	0	-7	-238	-85	288	0	-300
1	-85	588	1947241612	0	48	-7	50	-1	10	0	-8	-228	-85	288	0	-300
1	-85	588	1947243604	5	59	-8	48	0	11	0	-8	-217	-85	288	0	-300
1	-85	588	1947245608	7	56	-8	62	0	12	0	-8	-205	-85	288	0	-300
1	-85	588	1947247600	8	60	-9	57	0	11	0	-8	-194	-85	288	0	-300
1	-85	588	1947249596	13	65	-10	70	0	14	0	-8	-180	-85	288	0	-300
1	-85	588	1947251592	16	80	-10	65	0	14	0	-8	-166	-85	288	0	-300
1	-85	588	1947253592	18	75	-11	81	0	16	0	-8	-150	-85	288	0	-300
1	-85	588	1947255600	21	81	-12	75	1	15	0	-7	-135	-85	288	0	-300
1	-85	588	1947257600	26	98	-12	93	2	20	0	-5	-115	-85	288	0	-300
1	-85	588	1947259596	28	92	-11	86	1	17	0	-4	-98	-85	288	0	-300
1	-85	588	1947261592	31	99	-13	105	2	21	0	-2	-77	-85	288	0	-300
1	-85	588	1947263596	37	117	-12	98	3	21	0	1	-56	-85	288	0	-300
1	-85	588	1947265600	38	110	-13	117	2	23	0	3	-33	-85	288	0	-300
1	-85	588	1947267596	40	117	-12	109	3	23	0	6	-10	-85	288	0	-300
1	-85	588	1947269592	49	136	-13	130	3	26	0	9	16	-85	288	0	-300
1	-85	588	1947271592	46	126	-12	119	4	25	0	13	41	-85	288	0	-300
1	-85	588	1947273600	49	131	-14	142	3	27	0	16	68	-85	288	0	-300
1	-85	588	1947275596	50	137	-11	129	4	27	0	20	95	-85	288	0	-300
1	-85	588	1947277596	60	158	-15	152	5	31	0	25	126	-85	288	0	-300
1	-85	588	1947279596	53	147	-13	139	4	28	0	29	154	-85	288	0	-300
1	-85	588	1947281596	55	150	-14	164	4	32	0	33	186	-85	288	0	-300
1	-85	588	1947283596	63	175	-15	146	5	32	0	38	218	-85	288	0	-300
1	-85	588	1947285592	57	158	-16	173	4	33	0	42	251	-85	288	0	-300
1	-85	588	1947287592	57	163	-17	177	4	34	0	46	285	-85	288	0	-300
1	-85	588	1947289584	63	186	-18	158	4	34	0	50	319	-85	288	0	-300
1	-85	588	1947291584	57	168	-20	183	4	35	0	54	354	-85	288	0	-300
1	-85	588	1947293584	56	170	-20	163	4	34	0	58	388	-85	288	0	-300
1	-85	588	1947295584	55	171	-24	189	3	36	0	61	424	-85	288	0	-300
1	-85	588	1947297580	60	195	-22	167	3	36	0	64	460	-85	288	0	-300
1	-85	588	1947299584	52	174	-29	194	3	37	0	67	497	-85	288	0	-300
1	-85	588	1947301580	53	173	-27	169	2	34	0	69	531	-85	288	0	-300
1	-85	588	1947303576	55	197	-34	196	2	39	0	71	570	-85	288	0	-300
1	-85	588	1947305576	49	175	-33	170	2	35	0	73	605	-85	288	0	-300
1	-85	588	1947307572	47	173	-38	195	1	36	0	74	641	-85	288	0	-300
1	-85	588	1947309572	50	195	-35	170	1	37	0	75	678	-85	288	0	-300
1	-85	588	1947311572	45	172	-43	194	1	36	0	76	714	-85	288	0	-300
1	-85	588	1947313560	43	170	-40	167	0	34	0	76	748	-85	288	0	-300
1	-85	588	1947315572	47	190	-45	191	0	38	0	76	786	-85	288	0	-300
1	-85	588	1947317568	40	166	-42	164	0	33	0	76	819	-85	288	0	-300
1	-85	588	1947319568	40	164	-48	186	0	35	0	76	854	-85	288	0	-300
1	-85	588	1947321568	38	161	-42	162	0	33	0	76	887	-85	288	0	-300
1	-85	588	1947323580	41	180	-50	181	-1	36	0	75	923	-85	288	0	-300
1	-85	588	1947325576	36	156	-44	156	-1	31	0	74	954	-85	288	0	-300
1	-85	588	1947327568	34	154	-50	175	-2	33	0	72	987	-85	288	0	-300
1	-85	588	1947329560	37	169	-44	150	0	32	0	72	752	-85	288	0	-300
1	-85	588	1947331560	33	148	-49	168	-2	31	0	70	783	-85	288	0	-300
1	-85	588	1947333564	30	144	-42	145	-1	29	0	69	812	-85	288	0	-300
1	-85	588	1947335560	30	143	-46	160	-2	30	0	67	842	-85	288	0	-300
1	-85	588	1947337548	32	155	-39	137	0	30	0	67	872	-85	288	0	-300
1	-85	588	1947339556	27	133	-44	154	-2	28	0	65	900	-85	288	0	-300
1	-85	588	1947341560	26	132	-36	130	-1	27	0	64	927	-85	288	0	-300
1	-85	588	1947343564	29	142	-41	145	-1	28	0	63	955	-85	288	0	-300
1	-85	588	1947345556	22	124	-34	124	-1	25	0	62	980	-85	288	0	-300
1	-85	588	1947347564	23	120	-36	137	-2	26	0	60	746	-85	288	0	-300
1	-85	588	1947349556	25	130	-32	118	0	25	0	60	771	-85	288	0	-300
1	-85	588	1947351564	20	112	-33	128	-2	24	0	58	795	-85	288	0	-300
1	-85	588	1947353568	18	110	-28	110	-1	22	0	57	817	-85	288	0	-300
1	-85	588	1947355564	22	119	-30	120	-1	23	0	56	840	-85	288	0	-300
1	-85	588	1947357572	17	103	-29	118	-1	23	0	55	863	-85	288	0	-300
1	-85	588	1947359552	16	100	-23	99	0	19	0	55	882	-85	288	0	-300
1	-85	588	1947361568	18	107	-27	110	-1	22	0	54	904	-85	288	0	-300
1	-85	588	1947363572	15	93	-22	91	-1	19	0	53	739	-85	288	0	-300
1	-85	588	1947365560	14	88	-24	102	-1	19	0	52	758	-85	288	0	-300
1	-85	588	1947367556	12	87	-20	85	-1	17	0	51	775	-85	288	0	-300
1	-85	588	1947369564	13	93	-21	95	-1	19	0	50	794	-85	288	0	-300
1	-85	588	1947371544	11	79	-19	80	0	15	0	50	809	-85	288	0	-300
1	-85	588	1947373548	10	76	-21	88	-2	17	0	48	826	-85	288	0	-300
1	-85	588	1947375540	9	83	-18	74	0	16	0	48	842	-85	288	0	-300
1	-85	588	1947377548	7	71	-18	80	-2	15	0	46	857	-85	288	0	-300
1	-85	588	1947379552	6	68	-17	67	-1	13	0	45	733	-85	288	0	-300
1	-85	588	1947381552	7	72	-18	74	-1	15	0	44	748	-85	288	0	-300
1	-85	588	1947383552	5	61	-17	62	-1	12	0	43	760	-85	288	0	-300
1	-85	588	1947385552	3	59	-17	68	-1	13	0	42	773	-85	288	0	-300
1	-85	588	1947387556	3	55	-15	56	-2	11	0	40	784	-85	288	0	-300
1	-85	588	1947389560	2	60	-16	61	-1	12	0	39	796	-85	288	0	-300
1	-85	588	1947391560	2	50	-15	52	-1	10	0	38	806	-85	288	0	-300
1	-85	588	1947393564	0	48	-15	55	-2	10	0	36	816	-85	288	0	-300
1	-85	588	1947395564	0	50	-14	45	-1	10	0	35	730	-85	288	0	-300
1	-85	588	1947397564	0	42	-15	50	-2	9	0	33	739	-85	288	0	-300
1	-85	588	1947399572	-1	39	-13	40	-1	8	0	32	747	-85	288	0	-300
1	-85	588	1947401572	-1	42	-15	45	-2	9	0	30	756	-85	288	0	-300
1	-85	588	1947403572	-2	35	-11	35	-1	7	0	29	763	-85	288	0	-300
1	-85	588	1947405572	-2	33	-12	38	-1	7	0	28	770	-85	288	0	-300
1	-85	588	1947407576	-2	35	-10	33	-2	7	0	26	777	-85	288	0	-300
1	-85	588	1947409580	-3	29	-12	34	-1	6	0	25	783	-85	288	0	-300
1	-85	588	1947411580	-2	26	-11	31	-1	6	0	24	789	-85	288	0	-300
1	-85	588	1947413584	-3	29	-9	26	-2	5	0	22	725	-85	288	0	-300
1	-85	588	1947415580	-2	23	-8	28	-1	5	0	21	730	-85	288	0	-300
1	-85	588	1947417576	-3	22	-8	22	-1	5	0	20	735	-85	288	0	-300
1	-85	588	1947419572	-2	21	-9	25	-1	4	0	19	739	-85	288	0	-300
1	-85	588	1947421568	-3	21	-6	20	-1	4	0	18	743	-85	288	0	-300
1	-85	588	1947423552	-2	19	-6	21	0	4	0	18	747	-85	288	0	-300
1	-85	588	1947425564	-3	16	-5	18	-1	4	0	17	751	-85	288	0	-300
1	-85	588	1947427560	-2	19	-5	19	-1	4	0	16	755	-85	288	0	-300
1	-85	588	1947429556	-3	14	-5	15	-1	2	0	15	757	-85	288	0	-300
1	-85	588	1947431540	-2	13	-4	15	0	3	0	15	760	-85	288	0	-300
1	-85	588	1947433556	-4	14	-4	13	-1	3	0	14	763	-85	288	0	-300
1	-85	588	1947435540	-1	11	-2	14	0	2	0	14	765	-85	288	0	-300
1	-85	588	1947437552	-3	12	-3	10	-1	3	0	13	768	-85	288	0	-300
1	-85	588	1947439540	-2	8	-2	11	0	2	0	13	770	-85	288	0	-300
1	-85	588	1947441560	-1	9	-3	9	-1	1	0	12	771	-85	288	0	-300
1	-85	588	1947443544	-3	8	-1	9	0	2	1	12	722	-85	288	0	-300
2	-85	588	1947445544	-1	6	-1	6	0	1	1	-85	289	-85	288	0	-300
2	-85	588	1947447560	-3	6	-1	8	-1	2	1	-86	291	-85	288	0	-300
2	247	-540	1947449548	-1	4	0	5	0	1	1	-86	292	162	-252	-85	288
2	247	-540	1947451532	-1	4	-2	5	0	0	1	-86	292	162	-252	-85	288
2	247	-540	1947453548	-1	3	0	3	0	1	1	-86	293	162	-252	-85	288
2	247	-540	1947455560	-2	3	-1	3	-1	1	1	-87	294	162	-252	-85	288
2	247	-540	1947457500	0	1	0	2	0	0	1	-87	294	162	-252	-85	288
2	247	-540	1947459524	-1	1	0	3	0	0	1	-87	294	162	-252	-85	288
2	247	-540	1947461508	0	2	0	1	0	1	1	-87	295	162	-252	-85	288
2	247	-540	1947463520	-1	1	0	1	0	0	1	-87	295	162	-252	-85	288
2	247	-540	1947467508	0	0	0	2	0	0	1	-87	295	162	-252	-85	288
2	247	-540	1947471508	-1	0	0	0	0	0	1	-87	295	162	-252	-85	288
2	247	-540	1947473512	0	1	0	0	0	0	1	-87	295	162	-252	-85	288
2	247	-540	1947529528	0	0	0	0	0	0	0	-87	295	162	-252	-85	288
2	247	-540	1947533556	0	-1	0	-1	0	0	0	-87	295	162	-252	-85	288
2	247	-540	1947535556	0	-3	0	-2	0	0	0	-87	295	162	-252	-85	288
2	247	-540	1947537584	1	-5	0	-4	0	0	0	-87	295	162	-252	-85	288
2	247	-540	1947539588	0	-6	1	-6	0	-2	0	-87	293	162	-252	-85	288
2	247	-540	1947541588	1	-9	2	-9	0	-1	0	-87	292	162	-252	-85	288
2	247	-540	1947543588	2	-14	4	-13	0	-3	0	-87	289	162	-252	-85	288
2	247	-540	1947545592	1	-16	4	-13	1	-3	0	-86	286	162	-252	-85	288
2	247	-540	1947547580	1	-19	5	-20	0	-4	0	-86	282	162	-252	-85	288
2	247	-540	1947549596	1	-26	6	-20	1	-5	0	-85	277	162	-252	-85	288
2	247	-540	1947551596	2	-27	10	-28	1	-5	0	-84	272	162	-252	-85	288
2	247	-540	1947553600	1	-33	9	-29	1	-6	0	-83	266	162	-252	-85	288
2	247	-540	1947555596	2	-41	12	-36	2	-8	0	-81	258	162	-252	-85	288
2	247	-540	1947557600	2	-43	13	-37	1	-8	0	-80	250	162	-252	-85	288
2	247	-540	1947559600	2	-46	17	-47	2	-9	0	-78	241	162	-252	-85	288
2	247	-540	1947561600	4	-59	18	-47	2	-11	0	-76	230	162	-252	-85	288
2	247	-540	1947563596	2	-57	22	-59	3	-11	0	-73	219	162	-252	-85	288
2	247	-540	1947565592	4	-64	23	-56	2	-12	0	-71	207	162	-252	-85	288
2	247	-540	1947567588	4	-67	28	-70	3	-14	0	-68	193	162	-252	-85	288
2	247	-540	1947569580	4	-82	28	-66	4	-15	0	-64	178	162	-252	-85	288
2	247	-540	1947571592	5	-76	35	-80	4	-16	0	-60	162	162	-252	-85	288
2	247	-540	1947573584	5	-80	32	-75	3	-15	0	-57	147	162	-252	-85	288
2	247	-540	1947575580	5	-96	40	-92	5	-19	0	-52	128	162	-252	-85	288
2	247	-540	1947577580	6	-89	39	-82	4	-17	0	-48	111	162	-252	-85	288
2	247	-540	1947579572	6	-92	45	-99	5	-19	0	-43	92	162	-252	-85	288
2	247	-540	1947581564	6	-97	44	-91	5	-19	0	-38	73	162	-252	-85	288
2	247	-540	1947583572	9	-112	51	-106	6	-22	0	-32	51	162	-252	-85	288
2	247	-540	1947585568	8	-103	48	-98	6	-20	0	-26	31	162	-252	-85	288
2	247	-540	1947587564	7	-106	56	-115	6	-22	0	-20	9	162	-252	-85	288
2	247	-540	1947589560	9	-122	51	-104	6	-22	0	-14	-13	162	-252	-85	288
2	247	-540	1947591552	9	-112	61	-121	7	-24	0	-7	-37	162	-252	-85	288
2	247	-540	1947593560	8	-115	55	-109	7	-22	0	0	-59	162	-252	-85	288
2	247	-540	1947595556	9	-132	65	-128	7	-26	0	7	-85	162	-252	-85	288
2	247	-540	1947597552	9	-119	58	-114	7	-23	0	14	-108	162	-252	-85	288
2	247	-540	1947599548	9	-122	67	-134	7	-26	0	21	-134	162	-252	-85	288
2	247	-540	1947601552	7	-124	60	-120	7	-24	0	28	-158	162	-252	-85	288
2	247	-540	1947603560	10	-143	70	-139	8	-29	0	36	-187	162	-252	-85	288
2	247	-540	1947605560	8	-127	70	-141	8	-26	0	44	-213	162	-252	-85	288
2	247	-540	1947607556	7	-130	64	-125	7	-26	0	51	-239	162	-252	-85	288
2	247	-540	1947609560	9	-148	71	-146	8	-29	0	59	-268	162	-252	-85	288
2	247	-540	1947611556	7	-132	64	-129	7	-26	0	66	-294	162	-252	-85	288
2	247	-540	1947613564	7	-134	74	-149	8	-29	0	74	-323	162	-252	-85	288
2	247	-540	1947615560	6	-152	64	-131	7	-28	0	81	-351	162	-252	-85	288
2	247	-540	1947617556	5	-138	73	-152	8	-29	0	89	-380	162	-252	-85	288
2	247	-540	1947619552	5	-137	64	-134	7	-27	0	96	-407	162	-252	-85	288
2	247	-540	1947621564	4	-155	75	-155	8	-31	0	104	-438	162	-252	-85	288
2	247	-540	1947623564	3	-139	65	-136	7	-28	0	111	-466	162	-252	-85	288
2	247	-540	1947625560	3	-140	74	-157	7	-29	0	118	-495	162	-252	-85	288
2	247	-540	1947627556	2	-140	64	-136	7	-28	0	125	-523	162	-252	-85	288
2	247	-540	1947629560	2	-158	73	-157	7	-31	0	132	-554	162	-252	-85	288
2	247	-540	1947631556	1	-140	64	-138	7	-28	0	139	-582	162	-252	-85	288
2	247	-540	1947633552	0	-140	73	-157	7	-30	0	146	-612	162	-252	-85	288
2	247	-540	1947635552	0	-157	63	-138	6	-29	0	152	-641	162	-252	-85	288
2	247	-540	1947637552	0	-139	72	-156	8	-30	0	160	-671	162	-252	-85	288
2	247	-540	1947639548	-3	-137	61	-136	5	-27	0	165	-698	162	-252	-85	288
2	247	-540	1947641552	-4	-155	70	-155	7	-31	0	172	-729	162	-252	-85	288
2	247	-540	1947643556	-3	-135	59	-134	6	-27	0	178	-756	162	-252	-85	288
2	247	-540	1947645564	-5	-135	67	-151	6	-29	0	184	-785	162	-252	-85	288
2	247	-540	1947647556	-5	-150	58	-132	5	-28	0	189	-813	162	-252	-85	288
2	247	-540	1947649564	-7	-133	65	-148	6	-28	0	195	-841	162	-252	-85	288
2	247	-540	1947651564	-7	-130	55	-129	5	-26	0	200	-867	162	-252	-85	288
2	247	-540	1947653564	-9	-145	61	-144	5	-29	0	205	-749	162	-252	-85	288
2	247	-540	1947655564	-9	-126	51	-124	4	-25	0	209	-774	162	-252	-85	288
2	247	-540	1947657564	-10	-124	58	-140	5	-26	0	214	-800	162	-252	-85	288
2	247	-540	1947659568	-11	-121	56	-136	4	-26	0	218	-826	162	-252	-85	288
2	247	-540	1947661572	-14	-134	47	-117	4	-25	0	222	-851	162	-252	-85	288
2	247	-540	1947663580	-12	-116	53	-130	4	-25	0	226	-876	162	-252	-85	288
2	247	-540	1947665572	-13	-113	45	-113	3	-22	0	229	-898	162	-252	-85	288
2	247	-540	1947667580	-15	-125	49	-124	3	-25	0	232	-923	162	-252	-85	288
2	247	-540	1947669572	-13	-106	41	-106	3	-21	0	235	-741	162	-252	-85	288
2	247	-540	1947671576	-15	-104	45	-117	3	-22	0	238	-763	162	-252	-85	288
2	247	-540	1947673576	-15	-113	39	-100	3	-22	0	241	-785	162	-252	-85	288
2	247	-540	1947675572	-15	-97	42	-110	2	-20	0	243	-805	162	-252	-85	288
2	247	-540	1947677568	-14	-93	35	-94	2	-19	0	245	-824	162	-252	-85	288
2	247	-540	1947679576	-15	-102	39	-103	3	-21	0	248	-845	162	-252	-85	288
2	247	-540	1947681572	-14	-86	32	-87	2	-17	0	250	-862	162	-252	-85	288
2	247	-540	1947683568	-12	-84	37	-95	2	-18	0	252	-880	162	-252	-85	288
2	247	-540	1947685564	-12	-80	30	-80	2	-16	0	254	-896	162	-252	-85	288
2	247	-540	1947687568	-13	-85	32	-88	2	-17	0	256	-913	162	-252	-85	288
2	247	-540	1947689564	-10	-72	28	-73	2	-15	0	258	-735	162	-252	-85	288
2	247	-540	1947691560	-9	-70	30	-80	2	-15	0	260	-750	162	-252	-85	288
2	247	-540	1947693564	-10	-74	25	-68	1	-14	0	261	-764	162	-252	-85	288
2	247	-540	1947695560	-8	-64	27	-72	2	-13	0	263	-777	162	-252	-85	288
2	247	-540	1947697560	-7	-58	24	-60	2	-12	0	265	-789	162	-252	-85	288
2	247	-540	1947699560	-6	-64	25	-67	2	-13	0	267	-802	162	-252	-85	288
2	247	-540	1947701560	-5	-54	21	-53	1	-11	0	268	-813	162	-252	-85	288
2	247	-540	1947703560	-5	-50	24	-59	2	-11	0	270	-824	162	-252	-85	288
2	247	-540	1947705560	-4	-52	19	-48	2	-10	0	272	-730	162	-252	-85	288
2	247	-540	1947707560	-4	-44	21	-51	1	-9	0	273	-739	162	-252	-85	288
2	247	-540	1947709556	-2	-40	17	-42	2	-9	0	275	-748	162	-252	-85	288
2	247	-540	1947711564	-3	-38	19	-44	2	-8	0	277	-756	162	-252	-85	288
2	247	-540	1947713560	-2	-38	15	-36	1	-7	0	278	-763	162	-252	-85	288
2	247	-540	1947715552	-2	-32	16	-38	1	-7	0	279	-770	162	-252	-85	288
2	247	-540	1947717560	-1	-28	13	-30	1	-6	0	280	-776	162	-252	-85	288
2	247	-540	1947719556	0	-28	14	-30	2	-6	0	282	-782	162	-252	-85	288
2	247	-540	1947721556	-1	-21	10	-24	1	-4	0	283	-724	162	-252	-85	288
2	247	-540	1947723556	0	-19	11	-23	1	-5	0	284	-729	162	-252	-85	288
2	247	-540	1947725560	0	-17	9	-20	1	-3	0	285	-732	162	-252	-85	288
2	247	-540	1947727544	0	-14	7	-15	0	-3	0	285	-735	162	-252	-85	288
2	247	-540	1947729552	0	-11	8	-15	1	-3	0	286	-738	162	-252	-85	288
2	247	-540	1947731552	0	-10	5	-12	1	-2	0	287	-740	162	-252	-85	288
2	247	-540	1947733548	0	-7	3	-10	0	-2	0	287	-742	162	-252	-85	288
2	247	-540	1947735548	0	-5	4	-7	0	-1	0	287	-721	162	-252	-85	288
2	247	-540	1947737560	0	-3	3	-6	1	-1	0	288	-722	162	-252	-85	288
2	247	-540	1947739532	0	-3	2	-4	0	0	0	288	-722	162	-252	-85	288
2	247	-540	1947741548	0	-2	1	-3	0	-1	0	288	-723	162	-252	-85	288
2	247	-540	1947743536	0	0	2	-2	0	0	0	288	-723	162	-252	-85	288
2	247	-540	1947745516	0	-2	0	-1	0	0	0	288	-723	162	-252	-85	288
2	247	-540	1947747516	0	0	1	0	0	0	0	288	-723	162	-252	-85	288
2	247	-540	1947757488	0	0	0	0	0	0	1	288	-720	162	-252	-85	288
3	-389	448	1947835552	0	0	0	0	0	0	0	162	-252	-227	196	162	-252
3	-389	448	1947855596	-1	0	0	0	0	0	0	162	-252	-227	196	162	-252
3	-389	448	1947857616	0	1	-1	0	0	0	0	162	-252	-227	196	162	-252
3	-389	448	1947859612	-2	1	-1	0	0	0	0	162	-252	-227	196	162	-252
3	-389	448	1947861616	-1	4	-2	5	0	0	0	162	-252	-227	196	162	-252
3	-389	448	1947863624	-2	6	-4	5	0	1	0	162	-251	-227	196	162	-252
3	-389	448	1947865636	-4	9	-6	8	-1	1	0	161	-250	-227	196	162	-252
3	-389	448	1947867636	-5	11	-9	11	-1	3	0	160	-247	-227	196	162	-252
3	-389	448	1947869628	-6	14	-9	12	-2	2	0	158	-245	-227	196	162	-252
3	-389	448	1947871636	-7	16	-15	18	-2	4	0	156	-241	-227	196	162	-252
3	-389	448	1947873640	-10	22	-16	17	-3	4	0	153	-237	-227	196	162	-252
3	-389	448	1947875636	-8	24	-21	25	-3	4	0	150	-233	-227	196	162	-252
3	-389	448	1947877636	-10	26	-23	24	-3	5	0	147	-228	-227	196	162	-252
3	-389	448	1947879628	-14	35	-30	33	-4	7	0	143	-221	-227	196	162	-252
3	-389	448	1947881636	-13	37	-30	32	-5	7	0	138	-214	-227	196	162	-252
3	-389	448	1947883632	-13	41	-39	43	-5	9	0	133	-205	-227	196	162	-252
3	-389	448	1947885628	-15	46	-38	42	-5	8	0	128	-197	-227	196	162	-252
3	-389	448	1947887620	-18	58	-50	54	-7	12	0	121	-185	-227	196	162	-252
3	-389	448	1947889616	-16	57	-49	52	-6	10	0	115	-175	-227	196	162	-252
3	-389	448	1947891616	-18	61	-60	65	-8	13	0	107	-162	-227	196	162	-252
3	-389	448	1947893616	-20	74	-59	63	-8	14	0	99	-148	-227	196	162	-252
3	-389	448	1947895616	-17	71	-71	77	-9	15	0	90	-133	-227	196	162	-252
3	-389	448	1947897616	-18	77	-69	72	-9	14	0	81	-119	-227	196	162	-252
3	-389	448	1947899612	-21	91	-82	87	-10	18	0	71	-101	-227	196	162	-252
3	-389	448	1947901616	-17	85	-77	81	-9	17	0	62	-84	-227	196	162	-252
3	-389	448	1947903620	-20	91	-93	99	-12	19	0	50	-65	-227	196	162	-252
3	-389	448	1947905616	-23	109	-87	91	-11	20	0	39	-45	-227	196	162	-252
3	-389	448	1947907616	-20	101	-102	109	-12	21	0	27	-24	-227	196	162	-252
3	-389	448	1947909616	-21	106	-94	101	-11	21	0	16	-3	-227	196	162	-252
3	-389	448	1947911616	-23	112	-114	122	-14	23	0	2	20	-227	196	162	-252
3	-389	448	1947913624	-25	130	-103	110	-13	24	0	-11	44	-227	196	162	-252
3	-389	448	1947915620	-23	120	-123	131	-14	25	0	-25	69	-227	196	162	-252
3	-389	448	1947917616	-25	123	-111	119	-14	24	0	-39	93	-227	196	162	-252
3	-389	448	1947919612	-30	143	-133	140	-16	29	0	-55	122	-227	196	162	-252
3	-389	448	1947921612	-29	131	-120	125	-15	25	0	-70	147	-227	196	162	-252
3	-389	448	1947923612	-29	134	-142	146	-17	28	0	-87	175	-227	196	162	-252
3	-389	448	1947925612	-35	152	-128	131	-17	28	0	-104	203	-227	196	162	-252
3	-389	448	1947927616	-32	139	-150	153	-18	30	0	-122	233	-227	196	162	-252
3	-389	448	1947929616	-34	139	-135	135	-17	27	0	-139	260	-227	196	162	-252
3	-389	448	1947931608	-35	141	-157	156	-19	30	0	-158	290	-227	196	162	-252
3	-389	448	1947933608	-41	159	-141	137	-18	29	0	-176	319	-227	196	162	-252
3	-389	448	1947935608	-38	142	-163	158	-20	30	0	-196	349	-227	196	162	-252
3	-389	448	1947937608	-39	142	-166	157	-21	30	0	-217	379	-227	196	162	-252
3	-389	448	1947939612	-45	157	-146	138	-19	30	0	-236	409	-227	196	162	-252
3	-389	448	1947941612	-42	139	-169	156	-21	29	0	-257	438	-227	196	162	-252
3	-389	448	1947943612	-43	136	-148	135	-19	27	0	-276	465	-227	196	162	-252
3	-389	448	1947945612	-50	151	-167	151	-22	31	0	-298	496	-227	196	162	-252
3	-389	448	1947947612	-43	132	-146	130	-19	26	0	-317	522	-227	196	162	-252
3	-389	448	1947949616	-45	127	-165	147	-21	27	0	-338	549	-227	196	162	-252
3	-389	448	1947951616	-50	140	-144	125	-19	27	0	-357	576	-227	196	162	-252
3	-389	448	1947953616	-45	121	-159	137	-20	25	0	-377	601	-227	196	162	-252
3	-389	448	1947955616	-47	118	-137	119	-19	24	0	-396	625	-227	196	162	-252
3	-389	448	1947957628	-51	127	-153	130	-20	26	0	-416	651	-227	196	162	-252
3	-389	448	1947959628	-45	110	-129	110	-18	22	0	-434	673	-227	196	162	-252
3	-389	448	1947961628	-45	105	-142	122	-18	23	0	-452	696	-227	196	162	-252
3	-389	448	1947963624	-45	102	-119	103	-17	20	0	-469	716	-227	196	162	-252
3	-389	448	1947965620	-50	110	-131	114	-18	22	0	-487	738	-227	196	162	-252
3	-389	448	1947967620	-42	93	-109	96	-15	19	0	-502	757	-227	196	162	-252
3	-389	448	1947969616	-43	90	-119	106	-16	20	0	-518	777	-227	196	162	-252
3	-389	448	1947971624	-46	98	-98	89	-15	19	0	-533	739	-227	196	162	-252
3	-389	448	1947973612	-39	82	-107	97	-14	18	0	-547	757	-227	196	162	-252
3	-389	448	1947975608	-39	80	-87	83	-13	16	0	-560	773	-227	196	162	-252
3	-389	448	1947977616	-41	88	-95	90	-13	18	0	-573	791	-227	196	162	-252
3	-389	448	1947979612	-35	74	-78	76	-12	15	0	-585	806	-227	196	162	-252
3	-389	448	1947981608	-34	72	-83	85	-11	15	0	-596	821	-227	196	162	-252
3	-389	448	1947983600	-32	69	-69	71	-10	14	0	-606	835	-227	196	162	-252
3	-389	448	1947985600	-35	76	-74	78	-11	16	0	-617	851	-227	196	162	-252
3	-389	448	1947987604	-29	64	-61	66	-9	13	0	-626	864	-227	196	162	-252
3	-389	448	1947989604	-27	62	-65	74	-10	13	0	-636	733	-227	196	162	-252
3	-389	448	1947991596	-29	69	-54	62	-8	13	0	-644	746	-227	196	162	-252
3	-389	448	1947993596	-24	58	-57	68	-8	13	0	-652	759	-227	196	162	-252
3	-389	448	1947995596	-22	56	-49	57	-7	11	0	-659	770	-227	196	162	-252
3	-389	448	1947997600	-24	61	-51	64	-8	13	0	-667	783	-227	196	162	-252
3	-389	448	1947999600	-20	51	-49	60	-6	11	0	-673	794	-227	196	162	-252
3	-389	448	1948001600	-19	50	-41	50	-6	10	0	-679	804	-227	196	162	-252
3	-389	448	1948003600	-17	47	-44	55	-7	10	0	-686	814	-227	196	162	-252
3	-389	448	1948005600	-19	51	-36	45	-5	10	0	-691	824	-227	196	162	-252
3	-389	448	1948007596	-15	42	-39	50	-5	9	0	-696	833	-227	196	162	-252
3	-389	448	1948009592	-14	40	-33	40	-5	8	0	-701	841	-227	196	162	-252
3	-389	448	1948011600	-15	42	-35	44	-5	9	0	-706	729	-227	196	162	-252
3	-389	448	1948013596	-12	35	-28	36	-4	7	0	-710	736	-227	196	162	-252
3	-389	448	1948015584	-12	32	-32	39	-5	7	0	-715	743	-227	196	162	-252
3	-389	448	1948017584	-11	35	-25	31	-3	6	0	-718	749	-227	196	162	-252
3	-389	448	1948019580	-10	28	-27	34	-4	7	0	-722	756	-227	196	162	-252
3	-389	448	1948021576	-9	26	-23	27	-3	5	0	-725	725	-227	196	162	-252
3	-389	448	1948023580	-7	24	-23	29	-3	5	0	-728	730	-227	196	162	-252
3	-389	448	1948025580	-8	25	-20	23	-3	5	0	-731	735	-227	196	162	-252
3	-389	448	1948027584	-7	20	-20	25	-3	4	0	-734	739	-227	196	162	-252
3	-389	448	1948029584	-5	18	-17	20	-2	4	0	-736	743	-227	196	162	-252
3	-389	448	1948031584	-6	19	-17	20	-2	4	0	-738	747	-227	196	162	-252
3	-389	448	1948033588	-4	15	-13	16	-2	3	0	-740	750	-227	196	162	-252
3	-389	448	1948035592	-4	14	-13	17	-1	3	0	-741	753	-227	196	162	-252
3	-389	448	1948037588	-4	14	-12	13	-2	3	0	-743	756	-227	196	162	-252
3	-389	448	1948039592	-2	11	-10	14	-1	3	0	-744	723	-227	196	162	-252
3	-389	448	1948041596	-3	9	-8	10	-1	1	0	-745	724	-227	196	162	-252
3	-389	448	1948043588	-2	8	-8	10	-1	2	0	-746	726	-227	196	162	-252
3	-389	448	1948045588	-1	8	-6	7	-1	2	0	-747	728	-227	196	162	-252
3	-389	448	1948047584	-2	5	-6	8	-1	1	1	-748	729	-227	196	162	-252
4	-389	448	1948049572	-1	5	-4	6	0	1	1	-227	197	-227	196	162	-252
4	-389	448	1948051588	-1	5	-4	6	-1	1	1	-228	198	-227	196	162	-252
4	-389	448	1948053576	0	2	-4	4	0	1	1	-228	199	-227	196	162	-252
4	-389	448	1948055588	-1	3	-2	4	-1	1	1	-229	200	-227	196	162	-252
4	500	-321	1948057556	0	2	-1	2	0	0	1	-229	200	273	-125	-227	196
4	500	-321	1948059556	0	2	-2	3	0	0	1	-229	200	273	-125	-227	196
4	500	-321	1948061576	0	0	-1	1	0	1	1	-229	201	273	-125	-227	196
4	500	-321	1948063536	0	0	0	1	0	0	1	-229	201	273	-125	-227	196
4	500	-321	1948065556	0	1	-1	0	0	0	1	-229	201	273	-125	-227	196
4	500	-321	1948069536	0	0	0	1	0	0	1	-229	201	273	-125	-227	196
4	500	-321	1948139548	0	0	0	0	0	0	0	-229	201	273	-125	-227	196
4	500	-321	1948151604	0	-2	2	-3	0	0	0	-229	201	273	-125	-227	196
4	500	-321	1948153604	0	-3	2	-2	0	0	0	-229	201	273	-125	-227	196
4	500	-321	1948155620	0	-5	5	-5	0	-1	0	-229	200	273	-125	-227	196
4	500	-321	1948157632	1	-7	6	-8	1	-2	0	-228	198	273	-125	-227	196
4	500	-321	1948159620	1	-10	8	-8	0	-1	0	-228	197	273	-125	-227	196
4	500	-321	1948161636	3	-11	11	-12	2	-3	0	-226	194	273	-125	-227	196
4	500	-321	1948163636	4	-14	13	-12	2	-2	0	-224	192	273	-125	-227	196
4	500	-321	1948165632	3	-18	17	-16	2	-4	0	-222	188	273	-125	-227	196
4	500	-321	1948167632	5	-19	19	-18	2	-3	0	-220	185	273	-125	-227	196
4	500	-321	1948169632	7	-21	25	-22	3	-5	0	-217	180	273	-125	-227	196
4	500	-321	1948171644	8	-29	26	-22	4	-5	0	-213	175	273	-125	-227	196
4	500	-321	1948173644	10	-28	34	-28	4	-5	0	-209	170	273	-125	-227	196
4	500	-321	1948175648	12	-31	34	-29	5	-6	0	-204	164	273	-125	-227	196
4	500	-321	1948177644	12	-35	45	-35	5	-7	0	-199	157	273	-125	-227	196
4	500	-321	1948179648	16	-42	42	-35	6	-8	0	-193	149	273	-125	-227	196
4	500	-321	1948181652	18	-42	55	-43	7	-9	0	-186	140	273	-125	-227	196
4	500	-321	1948183656	19	-45	54	-41	8	-8	0	-178	132	273	-125	-227	196
4	500	-321	1948185664	25	-52	66	-50	9	-10	0	-169	122	273	-125	-227	196
4	500	-321	1948187660	23	-49	64	-46	8	-10	0	-161	112	273	-125	-227	196
4	500	-321	1948189652	27	-51	76	-55	11	-11	0	-150	101	273	-125	-227	196
4	500	-321	1948191644	33	-61	73	-50	10	-11	0	-140	90	273	-125	-227	196
4	500	-321	1948193652	33	-57	88	-61	12	-11	0	-128	79	273	-125	-227	196
4	500	-321	1948195656	35	-57	82	-54	12	-12	0	-116	67	273	-125	-227	196
4	500	-321	1948197656	42	-68	98	-65	14	-13	0	-102	54	273	-125	-227	196
4	500	-321	1948199664	42	-62	92	-58	14	-12	0	-88	42	273	-125	-227	196
4	500	-321	1948201660	42	-63	108	-67	15	-13	0	-73	29	273	-125	-227	196
4	500	-321	1948203652	51	-72	102	-61	15	-13	0	-58	16	273	-125	-227	196
4	500	-321	1948205652	49	-66	118	-72	17	-14	0	-41	2	273	-125	-227	196
4	500	-321	1948207652	50	-68	125	-72	17	-14	0	-24	-12	273	-125	-227	196
4	500	-321	1948209648	54	-67	114	-65	17	-13	0	-7	-25	273	-125	-227	196
4	500	-321	1948211652	62	-78	135	-76	20	-16	0	13	-41	273	-125	-227	196
4	500	-321	1948213644	58	-70	123	-67	18	-13	0	31	-54	273	-125	-227	196
4	500	-321	1948215644	60	-71	143	-77	20	-15	0	51	-69	273	-125	-227	196
4	500	-321	1948217644	71	-80	132	-68	20	-15	0	71	-84	273	-125	-227	196
4	500	-321	1948219640	65	-73	152	-78	22	-15	0	93	-99	273	-125	-227	196
4	500	-321	1948221640	66	-71	138	-70	20	-14	0	113	-113	273	-125	-227	196
4	500	-321	1948223636	69	-72	160	-80	23	-15	0	136	-128	273	-125	-227	196
4	500	-321	1948225636	80	-82	143	-70	23	-15	0	159	-143	273	-125	-227	196
4	500	-321	1948227632	73	-72	168	-80	24	-16	0	183	-159	273	-125	-227	196
4	500	-321	1948229624	73	-73	150	-70	22	-14	0	205	-173	273	-125	-227	196
4	500	-321	1948231628	84	-82	172	-80	26	-16	0	231	-189	273	-125	-227	196
4	500	-321	1948233620	76	-71	153	-70	22	-14	0	253	-203	273	-125	-227	196
4	500	-321	1948235620	78	-73	176	-80	26	-16	0	279	-219	273	-125	-227	196
4	500	-321	1948237620	87	-81	155	-70	24	-15	0	303	-234	273	-125	-227	196
4	500	-321	1948239620	79	-71	178	-80	26	-15	0	329	-249	273	-125	-227	196
4	500	-321	1948241620	79	-70	155	-69	23	-14	0	352	-263	273	-125	-227	196
4	500	-321	1948243624	87	-79	177	-79	27	-15	0	379	-278	273	-125	-227	196
4	500	-321	1948245620	78	-69	154	-67	23	-14	0	402	-292	273	-125	-227	196
4	500	-321	1948247620	76	-69	174	-77	25	-15	0	427	-307	273	-125	-227	196
4	500	-321	1948249620	76	-66	152	-66	23	-13	0	450	-320	273	-125	-227	196
4	500	-321	1948251620	84	-75	170	-75	25	-15	0	475	-335	273	-125	-227	196
4	500	-321	1948253616	73	-65	148	-64	22	-13	0	497	-348	273	-125	-227	196
4	500	-321	1948255616	72	-65	166	-72	24	-13	0	521	-361	273	-125	-227	196
4	500	-321	1948257616	79	-71	142	-63	22	-14	0	543	-375	273	-125	-227	196
4	500	-321	1948259616	67	-63	159	-70	23	-13	0	566	-388	273	-125	-227	196
4	500	-321	1948261612	67	-60	136	-60	20	-12	0	586	-400	273	-125	-227	196
4	500	-321	1948263612	71	-67	152	-67	22	-14	0	608	-414	273	-125	-227	196
4	500	-321	1948265608	62	-59	130	-58	19	-11	0	627	-425	273	-125	-227	196
4	500	-321	1948267620	59	-59	143	-65	21	-13	0	648	-438	273	-125	-227	196
4	500	-321	1948269620	65	-63	123	-56	18	-12	0	666	-450	273	-125	-227	196
4	500	-321	1948271608	55	-57	135	-64	19	-12	0	685	-462	273	-125	-227	196
4	500	-321	1948273608	54	-55	116	-53	17	-10	0	702	-472	273	-125	-227	196
4	500	-321	1948275604	51	-53	128	-62	18	-12	0	720	-484	273	-125	-227	196
4	500	-321	1948277600	56	-60	108	-52	17	-11	0	737	-495	273	-125	-227	196
4	500	-321	1948279600	48	-53	119	-60	16	-11	0	753	-506	273	-125	-227	196
4	500	-321	1948281600	45	-51	101	-50	15	-11	0	768	-517	273	-125	-227	196
4	500	-321	1948283596	49	-56	112	-58	16	-11	0	784	-528	273	-125	-227	196
4	500	-321	1948285592	41	-50	95	-48	14	-10	0	798	-538	273	-125	-227	196
4	500	-321	1948287596	40	-49	103	-55	14	-10	0	812	-548	273	-125	-227	196
4	500	-321	1948289596	42	-54	99	-55	14	-11	0	826	-559	273	-125	-227	196
4	500	-321	1948291592	37	-47	83	-47	12	-9	0	838	-568	273	-125	-227	196
4	500	-321	1948293592	35	-45	90	-52	13	-10	0	851	-578	273	-125	-227	196
4	500	-321	1948295596	32	-45	76	-44	10	-9	0	861	-587	273	-125	-227	196
4	500	-321	1948297596	34	-49	81	-50	12	-10	0	873	-597	273	-125	-227	196
4	500	-321	1948299600	29	-43	66	-42	9	-8	0	882	-605	273	-125	-227	196
4	500	-321	1948301604	27	-40	72	-45	10	-9	0	892	-614	273	-125	-227	196
4	500	-321	1948303604	28	-42	58	-39	9	-8	0	901	-622	273	-125	-227	196
4	500	-321	1948305608	23	-36	62	-43	8	-8	0	909	-630	273	-125	-227	196
4	500	-321	1948307612	22	-34	47	-33	7	-7	0	916	-637	273	-125	-227	196
4	500	-321	1948309620	22	-35	51	-38	8	-7	0	924	-644	273	-125	-227	196
4	500	-321	1948311616	16	-29	39	-30	5	-6	0	929	-650	273	-125	-227	196
4	500	-321	1948313612	17	-27	40	-31	6	-6	0	935	-656	273	-125	-227	196
4	500	-321	1948315612	15	-27	31	-25	4	-5	0	939	-661	273	-125	-227	196
4	500	-321	1948317604	11	-20	30	-25	4	-4	0	943	-665	273	-125	-227	196
4	500	-321	1948319608	9	-18	23	-20	4	-4	0	947	-669	273	-125	-227	196
4	500	-321	1948321612	8	-17	22	-20	3	-4	0	950	-673	273	-125	-227	196
4	500	-321	1948323612	8	-15	17	-15	2	-3	0	952	-676	273	-125	-227	196
4	500	-321	1948325612	5	-10	13	-15	2	-2	0	954	-678	273	-125	-227	196
4	500	-321	1948327612	4	-10	12	-11	2	-2	0	956	-680	273	-125	-227	196
4	500	-321	1948329612	3	-7	8	-10	1	-2	0	957	-682	273	-125	-227	196
4	500	-321	1948331600	3	-5	5	-8	0	-1	0	957	-683	273	-125	-227	196
4	500	-321	1948333612	1	-5	5	-6	1	-2	0	958	-685	273	-125	-227	196
4	500	-321	1948335584	1	-3	3	-5	0	0	0	958	-685	273	-125	-227	196
4	500	-321	1948337616	0	-2	2	-4	1	-1	0	959	-686	273	-125	-227	196
4	500	-321	1948339588	2	-1	0	-1	0	0	1	959	-686	273	-125	-227	196
5	500	-321	1948341592	0	0	2	-3	0	0	1	273	-125	273	-125	-227	196
5	-570	168	1948345608	0	-2	1	0	0	-1	1	273	-126	-297	43	273	-125
5	-570	168	1948415608	0	0	0	0	0	0	0	273	-126	-297	43	273	-125
5	-570	168	1948425648	0	0	-1	0	0	0	0	273	-126	-297	43	273	-125
5	-570	168	1948427652	0	0	-1	0	0	0	0	273	-126	-297	43	273	-125
5	-570	168	1948429656	-1	0	-2	0	0	0	0	273	-126	-297	43	273	-125
5	-570	168	1948431652	-1	0	-4	0	0	0	0	273	-126	-297	43	273	-125
5	-570	168	1948433664	-1	0	-6	0	-1	0	0	272	-126	-297	43	273	-125
5	-570	168	1948435684	-4	1	-12	0	-1	0	0	271	-126	-297	43	273	-125
5	-570	168	1948437688	-4	2	-12	2	-2	0	0	269	-126	-297	43	273	-125
5	-570	168	1948439704	-6	4	-18	3	-2	1	0	267	-125	-297	43	273	-125
5	-570	168	1948441692	-7	4	-21	3	-3	0	0	264	-125	-297	43	273	-125
5	-570	168	1948443704	-12	6	-29	5	-4	1	0	260	-124	-297	43	273	-125
5	-570	168	1948445696	-13	6	-31	7	-4	2	0	256	-122	-297	43	273	-125
5	-570	168	1948447692	-15	9	-41	7	-6	1	0	250	-121	-297	43	273	-125
5	-570	168	1948449684	-20	11	-44	9	-6	2	0	244	-119	-297	43	273	-125
5	-570	168	1948451680	-23	11	-57	10	-8	2	0	236	-117	-297	43	273	-125
5	-570	168	1948453688	-25	14	-58	11	-9	3	0	227	-114	-297	43	273	-125
5	-570	168	1948455684	-30	15	-75	15	-10	3	0	217	-111	-297	43	273	-125
5	-570	168	1948457684	-37	19	-74	15	-11	3	0	206	-108	-297	43	273	-125
5	-570	168	1948459684	-39	19	-95	19	-14	4	0	192	-104	-297	43	273	-125
5	-570	168	1948461680	-44	20	-91	17	-13	4	0	179	-100	-297	43	273	-125
5	-570	168	1948463684	-54	25	-115	23	-17	5	0	162	-95	-297	43	273	-125
5	-570	168	1948465676	-53	23	-109	21	-16	4	0	146	-91	-297	43	273	-125
5	-570	168	1948467680	-59	27	-135	28	-20	5	0	126	-86	-297	43	273	-125
5	-570	168	1948469684	-71	28	-125	23	-19	6	0	107	-80	-297	43	273	-125
5	-570	168	1948471688	-69	28	-152	30	-22	5	0	85	-75	-297	43	273	-125
5	-570	168	1948473692	-74	29	-141	28	-22	6	0	63	-69	-297	43	273	-125
5	-570	168	1948475700	-87	33	-170	32	-26	7	0	37	-62	-297	43	273	-125
5	-570	168	1948477696	-84	32	-157	30	-24	6	0	13	-56	-297	43	273	-125
5	-570	168	1948479696	-88	32	-186	35	-27	6	0	-14	-50	-297	43	273	-125
5	-570	168	1948481688	-92	34	-169	34	-26	7	0	-40	-43	-297	43	273	-125
5	-570	168	1948483692	-110	40	-200	40	-31	8	0	-71	-35	-297	43	273	-125
5	-570	168	1948485692	-101	37	-207	41	-31	8	0	-102	-27	-297	43	273	-125
5	-570	168	1948487692	-107	40	-186	39	-29	8	0	-131	-19	-297	43	273	-125
5	-570	168	1948489684	-123	47	-218	46	-34	9	0	-165	-10	-297	43	273	-125
5	-570	168	1948491684	-113	43	-195	43	-31	9	0	-196	-1	-297	43	273	-125
5	-570	168	1948493688	-116	47	-226	51	-34	10	0	-230	9	-297	43	273	-125
5	-570	168	1948495680	-133	53	-200	45	-34	9	0	-264	18	-297	43	273	-125
5	-570	168	1948497684	-118	49	-233	55	-35	11	0	-299	29	-297	43	273	-125
5	-570	168	1948499680	-120	51	-205	49	-32	10	0	-331	39	-297	43	273	-125
5	-570	168	1948501672	-122	53	-235	59	-36	11	0	-367	50	-297	43	273	-125
5	-570	168	1948503668	-137	61	-206	52	-34	11	0	-401	61	-297	43	273	-125
5	-570	168	1948505664	-123	56	-236	61	-36	12	0	-437	73	-297	43	273	-125
5	-570	168	1948507668	-122	57	-206	55	-33	11	0	-470	84	-297	43	273	-125
5	-570	168	1948509672	-136	63	-234	64	-37	13	0	-507	97	-297	43	273	-125
5	-570	168	1948511668	-120	58	-203	55	-32	11	0	-539	108	-297	43	273	-125
5	-570	168	1948513672	-119	56	-228	64	-35	12	0	-574	120	-297	43	273	-125
5	-570	168	1948515676	-131	63	-199	56	-33	12	0	-607	132	-297	43	273	-125
5	-570	168	1948517684	-115	56	-223	63	-34	12	0	-641	144	-297	43	273	-125
5	-570	168	1948519680	-113	54	-190	55	-30	11	0	-671	155	-297	43	273	-125
5	-570	168	1948521676	-124	58	-213	60	-34	12	0	-705	167	-297	43	273	-125
5	-570	168	1948523672	-107	52	-183	52	-29	10	0	-734	177	-297	43	273	-125
5	-570	168	1948525668	-105	48	-204	58	-31	11	0	-765	188	-297	43	273	-125
5	-570	168	1948527664	-104	49	-172	48	-27	9	0	-792	197	-297	43	273	-125
5	-570	168	1948529660	-112	51	-191	54	-31	11	0	-823	208	-297	43	273	-125
5	-570	168	1948531652	-97	44	-163	46	-26	9	0	-849	217	-297	43	273	-125
5	-570	168	1948533644	-95	43	-179	50	-27	9	0	-876	226	-297	43	273	-125
5	-570	168	1948535652	-102	46	-150	42	-25	9	0	-901	235	-297	43	273	-125
5	-570	168	1948537652	-89	39	-166	46	-26	9	0	-927	244	-297	43	273	-125
5	-570	168	1948539648	-85	37	-139	39	-22	7	0	-949	251	-297	43	273	-125
5	-570	168	1948541644	-82	36	-152	42	-24	8	0	-973	259	-297	43	273	-125
5	-570	168	1948543648	-89	39	-128	35	-21	7	0	-994	266	-297	43	273	-125
5	-570	168	1948545644	-75	34	-138	39	-22	8	0	-1016	274	-297	43	273	-125
5	-570	168	1948547648	-73	31	-115	32	-18	6	0	-1034	280	-297	43	273	-125
5	-570	168	1948549644	-76	34	-127	35	-21	7	0	-1055	287	-297	43	273	-125
5	-570	168	1948551648	-64	29	-103	30	-16	6	0	-1071	293	-297	43	273	-125
5	-570	168	1948553644	-60	27	-113	32	-18	6	0	-1089	299	-297	43	273	-125
5	-570	168	1948555652	-65	29	-92	26	-15	5	0	-1104	304	-297	43	273	-125
5	-570	168	1948557652	-52	25	-99	29	-15	6	0	-1119	310	-297	43	273	-125
5	-570	168	1948559652	-50	22	-83	23	-14	4	0	-1133	314	-297	43	273	-125
5	-570	168	1948561648	-51	24	-86	25	-13	5	0	-1146	319	-297	43	273	-125
5	-570	168	1948563648	-42	20	-70	20	-12	4	0	-1158	323	-297	43	273	-125
5	-570	168	1948565648	-38	19	-74	23	-11	4	0	-1169	327	-297	43	273	-125
5	-570	168	1948567648	-34	17	-66	21	-10	4	0	-1179	331	-297	43	273	-125
5	-570	168	1948569652	-35	19	-54	16	-9	3	0	-1188	334	-297	43	273	-125
5	-570	168	1948571636	-28	14	-55	18	-8	4	0	-1196	338	-297	43	273	-125
5	-570	168	1948573640	-23	12	-42	14	-7	2	0	-1203	340	-297	43	273	-125
5	-570	168	1948575648	-23	14	-43	13	-6	3	0	-1209	343	-297	43	273	-125
5	-570	168	1948577640	-17	10	-32	10	-5	2	0	-1214	345	-297	43	273	-125
5	-570	168	1948579644	-15	9	-31	12	-5	2	0	-1219	347	-297	43	273	-125
5	-570	168	1948581648	-15	7	-25	8	-4	2	0	-1223	349	-297	43	273	-125
5	-570	168	1948583648	-10	7	-23	8	-3	1	0	-1226	350	-297	43	273	-125
5	-570	168	1948585644	-9	6	-17	6	-3	1	0	-1229	351	-297	43	273	-125
5	-570	168	1948587648	-8	5	-15	6	-2	1	0	-1231	352	-297	43	273	-125
5	-570	168	1948589640	-5	4	-12	4	-2	1	0	-1233	353	-297	43	273	-125
5	-570	168	1948591648	-3	2	-10	5	-1	1	0	-1234	354	-297	43	273	-125
5	-570	168	1948593628	-3	3	-6	3	-1	0	0	-1235	354	-297	43	273	-125
5	-570	168	1948595624	-1	1	-5	2	0	1	0	-1235	355	-297	43	273	-125
5	-570	168	1948597628	-1	1	-2	1	-1	0	0	-1236	355	-297	43	273	-125
5	-570	168	1948599616	0	0	-3	2	0	0	0	-1236	355	-297	43	273	-125
5	-570	168	1948601612	0	1	-1	1	0	0	0	-1236	355	-297	43	273	-125
5	-570	168	1948605556	0	0	0	0	0	0	1	-1236	355	-297	43	273	-125
6	594	0	1948699580	0	0	0	0	0	0	0	-297	43	297	43	-297	43
6	594	0	1948713644	1	0	2	-1	0	0	0	-297	43	297	43	-297	43
6	594	0	1948715640	4	-1	5	0	0	0	0	-297	43	297	43	-297	43
6	594	0	1948717648	5	-1	5	-1	1	0	0	-296	43	297	43	-297	43
6	594	0	1948719652	6	-2	8	-1	2	0	0	-294	43	297	43	-297	43
6	594	0	1948721644	10	-2	10	-3	2	0	0	-292	43	297	43	-297	43
6	594	0	1948723648	13	-3	17	-2	3	0	0	-289	43	297	43	-297	43
6	594	0	1948725660	13	-2	16	-3	2	-1	0	-287	42	297	43	-297	43
6	594	0	1948727660	17	-4	24	-3	5	-1	0	-282	41	297	43	-297	43
6	594	0	1948729648	20	-4	23	-3	4	0	0	-278	41	297	43	-297	43
6	594	0	1948731656	25	-5	34	-5	6	-1	0	-272	40	297	43	-297	43
6	594	0	1948733656	26	-5	33	-4	6	-1	0	-266	39	297	43	-297	43
6	594	0	1948735652	30	-6	43	-6	7	-1	0	-259	38	297	43	-297	43
6	594	0	1948737648	37	-6	44	-5	8	-1	0	-251	37	297	43	-297	43
6	594	0	1948739644	38	-8	55	-7	9	-2	0	-242	35	297	43	-297	43
6	594	0	1948741640	41	-7	54	-7	10	-1	0	-232	34	297	43	-297	43
6	594	0	1948743636	51	-9	67	-7	12	-2	0	-220	32	297	43	-297	43
6	594	0	1948745640	49	-7	75	-9	12	-2	0	-208	30	297	43	-297	43
6	594	0	1948747644	51	-9	70	-7	12	-1	0	-196	29	297	43	-297	43
6	594	0	1948749644	57	-8	85	-9	14	-2	0	-182	27	297	43	-297	43
6	594	0	1948751644	65	-10	79	-8	15	-2	0	-167	25	297	43	-297	43
6	594	0	1948753644	62	-7	96	-8	16	-1	0	-151	24	297	43	-297	43
6	594	0	1948755632	65	-8	88	-8	15	-2	0	-136	22	297	43	-297	43
6	594	0	1948757636	78	-8	105	-9	18	-1	0	-118	21	297	43	-297	43
6	594	0	1948759632	71	-8	95	-7	17	-2	0	-101	19	297	43	-297	43
6	594	0	1948761636	75	-6	114	-8	19	-1	0	-82	18	297	43	-297	43
6	594	0	1948763632	89	-8	102	-6	19	-2	0	-63	16	297	43	-297	43
6	594	0	1948765628	81	-6	121	-6	20	-1	0	-43	15	297	43	-297	43
6	594	0	1948767632	84	-5	110	-6	19	-1	0	-24	14	297	43	-297	43
6	594	0	1948769628	86	-4	128	-5	22	-1	0	-2	13	297	43	-297	43
6	594	0	1948771632	99	-3	116	-5	21	-1	0	19	12	297	43	-297	43
6	594	0	1948773616	91	-3	135	-4	23	0	0	42	12	297	43	-297	43
6	594	0	1948775632	94	-2	123	-3	22	-1	0	64	11	297	43	-297	43
6	594	0	1948777616	108	-2	142	-2	25	0	0	89	11	297	43	-297	43
6	594	0	1948779632	98	0	129	-3	22	-1	0	111	10	297	43	-297	43
6	594	0	1948781624	101	0	150	-1	25	0	0	136	10	297	43	-297	43
6	594	0	1948783624	115	1	135	0	25	0	0	161	10	297	43	-297	43
6	594	0	1948785616	105	1	157	0	27	0	0	188	10	297	43	-297	43
6	594	0	1948787608	106	2	142	0	24	0	0	212	10	297	43	-297	43
6	594	0	1948789612	122	4	163	0	29	0	0	241	10	297	43	-297	43
6	594	0	1948791632	108	4	148	2	25	1	0	266	11	297	43	-297	43
6	594	0	1948793616	110	4	171	2	29	0	0	295	11	297	43	-297	43
6	594	0	1948795620	113	3	151	3	26	1	0	321	12	297	43	-297	43
6	594	0	1948797616	126	5	177	2	30	1	0	351	13	297	43	-297	43
6	594	0	1948799600	114	5	157	4	27	0	0	378	13	297	43	-297	43
6	594	0	1948801608	115	5	181	4	30	1	0	408	14	297	43	-297	43
6	594	0	1948803608	129	7	162	2	29	1	0	437	15	297	43	-297	43
6	594	0	1948805616	115	6	185	5	30	1	0	467	16	297	43	-297	43
6	594	0	1948807608	115	6	162	5	28	1	0	495	17	297	43	-297	43
6	594	0	1948809612	128	6	186	5	31	2	0	526	19	297	43	-297	43
6	594	0	1948811604	114	7	164	5	28	1	0	554	20	297	43	-297	43
6	594	0	1948813608	113	5	188	5	30	1	0	584	21	297	43	-297	43
6	594	0	1948815612	111	6	186	7	30	1	0	614	22	297	43	-297	43
6	594	0	1948817620	122	6	161	5	28	1	0	642	23	297	43	-297	43
6	594	0	1948819612	109	5	184	6	29	1	0	671	24	297	43	-297	43
6	594	0	1948821616	106	6	160	6	27	1	0	698	25	297	43	-297	43
6	594	0	1948823608	118	7	179	6	30	2	0	728	27	297	43	-297	43
6	594	0	1948825612	102	5	155	5	25	1	0	753	28	297	43	-297	43
6	594	0	1948827608	100	5	173	5	28	1	0	781	29	297	43	-297	43
6	594	0	1948829612	109	6	150	5	26	1	0	807	30	297	43	-297	43
6	594	0	1948831608	95	4	168	7	26	1	0	833	31	297	43	-297	43
6	594	0	1948833608	93	5	144	5	24	1	0	857	32	297	43	-297	43
6	594	0	1948835604	101	5	161	5	26	1	0	883	33	297	43	-297	43
6	594	0	1948837604	87	3	137	5	22	1	0	905	34	297	43	-297	43
6	594	0	1948839600	85	4	153	5	24	1	0	929	35	297	43	-297	43
6	594	0	1948841588	82	3	131	3	21	0	0	950	35	297	43	-297	43
6	594	0	1948843600	88	3	145	4	24	1	0	974	36	297	43	-297	43
6	594	0	1948845596	77	3	123	3	20	1	0	994	37	297	43	-297	43
6	594	0	1948847580	73	2	136	3	20	0	0	1014	37	297	43	-297	43
6	594	0	1948849588	80	3	115	3	20	1	0	1034	38	297	43	-297	43
6	594	0	1948851588	68	2	126	2	19	0	0	1053	38	297	43	-297	43
6	594	0	1948853584	66	2	108	2	18	0	0	1071	38	297	43	-297	43
6	594	0	1948855592	69	1	116	2	18	1	0	1089	39	297	43	-297	43
6	594	0	1948857580	59	1	99	1	16	0	0	1105	39	297	43	-297	43
6	594	0	1948859584	56	1	106	2	16	0	0	1121	39	297	43	-297	43
6	594	0	1948861596	54	2	89	1	15	1	0	1136	40	297	43	-297	43
6	594	0	1948863576	56	1	96	1	15	0	0	1151	40	297	43	-297	43
6	594	0	1948865556	46	0	80	0	12	0	0	1163	40	297	43	-297	43
6	594	0	1948867572	44	1	85	1	13	0	0	1176	40	297	43	-297	43
6	594	0	1948869552	46	0	70	0	12	0	0	1188	40	297	43	-297	43
6	594	0	1948871576	39	1	75	2	11	0	0	1199	40	297	43	-297	43
6	594	0	1948873584	35	0	60	1	10	0	0	1209	40	297	43	-297	43
6	594	0	1948875592	36	2	65	0	10	1	0	1219	41	297	43	-297	43
6	594	0	1948877576	30	1	52	1	8	0	0	1227	41	297	43	-297	43
6	594	0	1948879572	28	1	55	1	8	0	0	1235	41	297	43	-297	43
6	594	0	1948881568	26	1	44	2	7	0	0	1242	41	297	43	-297	43
6	594	0	1948883576	22	0	46	1	7	0	0	1249	41	297	43	-297	43
6	594	0	1948885588	20	2	43	1	6	1	0	1255	42	297	43	-297	43
6	594	0	1948887576	18	1	34	1	6	0	0	1261	42	297	43	-297	43
6	594	0	1948889576	19	2	35	3	5	0	0	1266	42	297	43	-297	43
6	594	0	1948891588	13	2	27	1	4	1	0	1270	43	297	43	-297	43
6	594	0	1948893584	13	1	29	1	4	0	0	1274	43	297	43	-297	43
6	594	0	1948895592	12	1	24	3	4	0	0	1278	43	297	43	-297	43
6	594	0	1948897592	10	1	25	1	3	0	0	1281	43	297	43	-297	43
6	594	0	1948899604	9	2	18	1	3	1	0	1284	44	297	43	-297	43
6	594	0	1948901596	9	2	20	3	3	0	1	1287	44	297	43	-297	43
7	594	0	1948903600	7	1	17	1	2	0	1	299	43	297	43	-297	43
7	594	0	1948905616	7	2	17	1	3	1	1	302	44	297	43	-297	43
7	594	0	1948907612	6	1	13	2	2	0	1	304	44	297	43	-297	43
7	594	0	1948909604	5	0	13	1	1	0	1	305	44	297	43	-297	43
7	594	0	1948911604	4	1	12	1	2	0	1	307	44	297	43	-297	43
7	594	0	1948913600	3	1	11	0	1	0	1	308	44	297	43	-297	43
7	-570	-168	1948915616	3	2	9	1	2	1	1	310	45	-273	-125	297	43
7	-570	-168	1948917580	2	0	7	0	1	0	1	311	45	-273	-125	297	43
7	-570	-168	1948919604	3	1	8	2	1	0	1	312	45	-273	-125	297	43
7	-570	-168	1948921568	1	0	6	0	0	0	1	312	45	-273	-125	297	43
7	-570	-168	1948923600	1	1	5	1	1	0	1	313	45	-273	-125	297	43
7	-570	-168	1948925576	2	0	4	0	1	0	1	314	45	-273	-125	297	43
7	-570	-168	1948927556	1	0	3	0	0	0	1	314	45	-273	-125	297	43
7	-570	-168	1948929580	1	1	4	1	0	0	1	314	45	-273	-125	297	43
7	-570	-168	1948931568	0	0	3	0	1	0	1	315	45	-273	-125	297	43
7	-570	-168	1948933552	0	0	1	0	0	0	1	315	45	-273	-125	297	43
7	-570	-168	1948935548	0	0	1	0	0	0	1	315	45	-273	-125	297	43
7	-570	-168	1948937560	0	0	1	0	0	0	1	315	45	-273	-125	297	43
7	-570	-168	1948939556	0	0	2	0	0	0	1	315	45	-273	-125	297	43
7	-570	-168	1948941552	0	0	1	0	0	0	1	315	45	-273	-125	297	43
7	-570	-168	1948947568	0	2	0	0	0	1	1	315	46	-273	-125	297	43
7	-570	-168	1948985552	0	0	0	0	0	0	0	315	46	-273	-125	297	43
7	-570	-168	1948993584	0	0	-1	0	0	0	0	315	46	-273	-125	297	43
7	-570	-168	1948995568	-3	0	-1	0	0	0	0	315	46	-273	-125	297	43
7	-570	-168	1948997592	-2	-1	-2	0	0	0	0	315	46	-273	-125	297	43
7	-570	-168	1948999592	-4	-1	-4	0	0	0	0	315	46	-273	-125	297	43
7	-570	-168	1949001604	-6	-2	-6	-3	-2	0	0	313	46	-273	-125	297	43
7	-570	-168	1949003616	-6	-3	-9	-2	-1	-1	0	312	45	-273	-125	297	43
7	-570	-168	1949005616	-12	-5	-13	-5	-3	-1	0	309	44	-273	-125	297	43
7	-570	-168	1949007612	-12	-6	-13	-4	-2	-1	0	307	43	-273	-125	297	43
7	-570	-168	1949009608	-15	-8	-22	-8	-4	-1	0	303	42	-273	-125	297	43
7	-570	-168	1949011600	-20	-8	-22	-7	-4	-2	0	299	40	-273	-125	297	43
7	-570	-168	1949013596	-23	-10	-31	-10	-5	-2	0	294	38	-273	-125	297	43
7	-570	-168	1949015600	-25	-12	-34	-10	-6	-2	0	288	36	-273	-125	297	43
7	-570	-168	1949017596	-30	-13	-44	-14	-8	-3	0	280	33	-273	-125	297	43
7	-570	-168	1949019596	-37	-17	-45	-12	-8	-2	0	272	31	-273	-125	297	43
7	-570	-168	1949021600	-39	-16	-60	-18	-10	-4	0	262	27	-273	-125	297	43
7	-570	-168	1949023608	-44	-19	-59	-16	-10	-3	0	252	24	-273	-125	297	43
7	-570	-168	1949025604	-53	-22	-76	-20	-13	-5	0	239	19	-273	-125	297	43
7	-570	-168	1949027604	-54	-21	-75	-21	-13	-4	0	226	15	-273	-125	297	43
7	-570	-168	1949029600	-59	-24	-94	-25	-15	-5	0	211	10	-273	-125	297	43
7	-570	-168	1949031600	-72	-29	-91	-24	-16	-5	0	195	5	-273	-125	297	43
7	-570	-168	1949033596	-69	-26	-111	-30	-18	-6	0	177	-1	-273	-125	297	43
7	-570	-168	1949035604	-75	-29	-106	-28	-19	-5	0	158	-6	-273	-125	297	43
7	-570	-168	1949037604	-91	-35	-132	-33	-22	-7	0	136	-13	-273	-125	297	43
7	-570	-168	1949039604	-87	-32	-121	-32	-21	-6	0	115	-19	-273	-125	297	43
7	-570	-168	1949041596	-92	-34	-147	-38	-24	-8	0	91	-27	-273	-125	297	43
7	-570	-168	1949043596	-111	-41	-137	-35	-24	-7	0	67	-34	-273	-125	297	43
7	-570	-168	1949045604	-105	-39	-163	-42	-27	-8	0	40	-42	-273	-125	297	43
7	-570	-168	1949047600	-109	-39	-150	-38	-26	-8	0	14	-50	-273	-125	297	43
7	-570	-168	1949049600	-116	-41	-179	-45	-30	-9	0	-16	-59	-273	-125	297	43
7	-570	-168	1949051596	-135	-49	-164	-42	-29	-9	0	-45	-68	-273	-125	297	43
7	-570	-168	1949053596	-127	-44	-192	-48	-32	-9	0	-77	-77	-273	-125	297	43
7	-570	-168	1949055596	-131	-46	-175	-45	-31	-9	0	-108	-86	-273	-125	297	43
7	-570	-168	1949057596	-152	-52	-207	-52	-36	-10	0	-144	-96	-273	-125	297	43
7	-570	-168	1949059600	-139	-48	-212	-52	-35	-10	0	-179	-106	-273	-125	297	43
7	-570	-168	1949061600	-144	-49	-190	-46	-33	-10	0	-212	-116	-273	-125	297	43
7	-570	-168	1949063604	-166	-55	-224	-54	-39	-11	0	-251	-127	-273	-125	297	43
7	-570	-168	1949065608	-150	-50	-200	-48	-35	-10	0	-286	-137	-273	-125	297	43
7	-570	-168	1949067612	-154	-50	-231	-55	-39	-10	0	-325	-147	-273	-125	297	43
7	-570	-168	1949069604	-155	-50	-208	-47	-36	-10	0	-361	-157	-273	-125	297	43
7	-570	-168	1949071612	-177	-56	-238	-55	-42	-11	0	-403	-168	-273	-125	297	43
7	-570	-168	1949073600	-160	-50	-213	-49	-37	-10	0	-440	-178	-273	-125	297	43
7	-570	-168	1949075604	-160	-50	-244	-54	-40	-10	0	-480	-188	-273	-125	297	43
7	-570	-168	1949077608	-182	-56	-215	-47	-40	-11	0	-520	-199	-273	-125	297	43
7	-570	-168	1949079612	-161	-50	-245	-54	-41	-10	0	-561	-209	-273	-125	297	43
7	-570	-168	1949081616	-161	-50	-215	-46	-37	-10	0	-598	-219	-273	-125	297	43
7	-570	-168	1949083612	-181	-55	-245	-53	-43	-10	0	-641	-229	-273	-125	297	43
7	-570	-168	1949085612	-160	-50	-213	-46	-37	-10	0	-678	-239	-273	-125	297	43
7	-570	-168	1949087616	-159	-49	-243	-52	-40	-10	0	-718	-249	-273	-125	297	43
7	-570	-168	1949089620	-178	-54	-210	-45	-39	-10	0	-757	-259	-273	-125	297	43
7	-570	-168	1949091620	-156	-47	-237	-53	-39	-10	0	-796	-269	-273	-125	297	43
7	-570	-168	1949093624	-154	-48	-205	-44	-36	-9	0	-832	-278	-273	-125	297	43
7	-570	-168	1949095620	-170	-52	-230	-51	-40	-10	0	-872	-288	-273	-125	297	43
7	-570	-168	1949097624	-147	-48	-198	-45	-35	-10	0	-907	-298	-273	-125	297	43
7	-570	-168	1949099628	-144	-46	-220	-50	-36	-9	0	-943	-307	-273	-125	297	43
7	-570	-168	1949101628	-159	-50	-186	-44	-35	-10	0	-978	-317	-273	-125	297	43
7	-570	-168	1949103632	-136	-45	-208	-48	-34	-9	0	-1012	-326	-273	-125	297	43
7	-570	-168	1949105632	-132	-44	-201	-49	-33	-9	0	-1045	-335	-273	-125	297	43
7	-570	-168	1949107628	-129	-43	-169	-43	-30	-9	0	-1075	-344	-273	-125	297	43
7	-570	-168	1949109640	-140	-49	-187	-47	-33	-10	0	-1108	-354	-273	-125	297	43
7	-570	-168	1949111632	-120	-43	-156	-43	-28	-8	0	-1136	-362	-273	-125	297	43
7	-570	-168	1949113628	-115	-41	-173	-46	-28	-9	0	-1164	-371	-273	-125	297	43
7	-570	-168	1949115632	-125	-46	-144	-41	-27	-9	0	-1191	-380	-273	-125	297	43
7	-570	-168	1949117628	-105	-40	-156	-46	-26	-8	0	-1217	-388	-273	-125	297	43
7	-570	-168	1949119624	-100	-40	-130	-39	-23	-8	0	-1240	-396	-273	-125	297	43
7	-570	-168	1949121620	-108	-45	-140	-45	-25	-9	0	-1265	-405	-273	-125	297	43
7	-570	-168	1949123616	-90	-39	-115	-39	-21	-8	0	-1286	-413	-273	-125	297	43
7	-570	-168	1949125616	-86	-37	-124	-42	-21	-8	0	-1307	-421	-273	-125	297	43
7	-570	-168	1949127616	-80	-38	-100	-37	-18	-7	0	-1325	-428	-273	-125	297	43
7	-570	-168	1949129624	-85	-41	-106	-41	-19	-8	0	-1344	-436	-273	-125	297	43
7	-570	-168	1949131624	-70	-36	-86	-36	-15	-8	0	-1359	-444	-273	-125	297	43
7	-570	-168	1949133620	-64	-34	-90	-39	-16	-7	0	-1296	-451	-273	-125	297	43
7	-570	-168	1949135616	-67	-38	-73	-34	-14	-7	0	-1310	-458	-273	-125	297	43
7	-570	-168	1949137616	-54	-32	-73	-37	-12	-7	0	-1322	-465	-273	-125	297	43
7	-570	-168	1949139612	-47	-30	-59	-31	-11	-6	0	-1333	-471	-273	-125	297	43
7	-570	-168	1949141612	-49	-33	-59	-34	-11	-7	0	-1344	-478	-273	-125	297	43
7	-570	-168	1949143608	-38	-27	-46	-28	-8	-5	0	-1352	-483	-273	-125	297	43
7	-570	-168	1949145612	-33	-25	-46	-30	-8	-6	0	-1360	-489	-273	-125	297	43
7	-570	-168	1949147612	-33	-26	-35	-25	-7	-5	0	-1367	-494	-273	-125	297	43
7	-570	-168	1949149616	-25	-22	-34	-25	-6	-5	0	-1373	-499	-273	-125	297	43
7	-570	-168	1949151620	-21	-20	-24	-20	-4	-4	0	-1284	-503	-273	-125	297	43
7	-570	-168	1949153624	-18	-16	-24	-21	-5	-3	0	-1289	-506	-273	-125	297	43
7	-570	-168	1949155632	-15	-16	-17	-16	-3	-4	0	-1292	-510	-273	-125	297	43
7	-570	-168	1949157628	-11	-13	-16	-16	-2	-2	0	-1294	-512	-273	-125	297	43
7	-570	-168	1949159628	-9	-11	-10	-13	-2	-3	0	-1296	-515	-273	-125	297	43
7	-570	-168	1949161628	-8	-10	-10	-12	-2	-2	0	-1298	-517	-273	-125	297	43
7	-570	-168	1949163628	-5	-6	-7	-9	-1	-2	0	-1299	-519	-273	-125	297	43
7	-570	-168	1949165624	-3	-6	-5	-9	-1	-1	0	-1281	-520	-273	-125	297	43
7	-570	-168	1949167612	-4	-5	-3	-5	-1	-1	0	-1282	-521	-273	-125	297	43
7	-570	-168	1949169596	-1	-3	-2	-6	0	-1	0	-1282	-522	-273	-125	297	43
7	-570	-168	1949171588	0	-2	-1	-3	0	0	0	-1282	-522	-273	-125	297	43
7	-570	-168	1949173596	-1	-2	-1	-2	0	-1	0	-1282	-523	-273	-125	297	43
7	-570	-168	1949175556	0	-1	0	-3	0	0	0	-1282	-523	-273	-125	297	43
7	-570	-168	1949177560	0	0	0	-1	0	0	0	-1282	-523	-273	-125	297	43
7	-570	-168	1949181528	0	0	0	0	0	0	1	-1282	-523	-273	-125	297	43
8	500	321	1949255556	0	0	0	0	0	0	0	-273	-125	227	196	-273	-125
8	500	321	1949269592	0	0	2	0	0	0	0	-273	-125	227	196	-273	-125
8	500	321	1949271620	1	2	2	1	0	0	0	-273	-125	227	196	-273	-125
8	500	321	1949273620	2	2	4	2	0	0	0	-273	-125	227	196	-273	-125
8	500	321	1949275620	2	4	6	4	0	0	0	-273	-125	227	196	-273	-125
8	500	321	1949277640	4	5	9	4	2	1	0	-271	-124	227	196	-273	-125
8	500	321	1949279656	5	5	11	6	1	1	0	-270	-123	227	196	-273	-125
8	500	321	1949281660	6	7	13	6	2	1	0	-268	-122	227	196	-273	-125
8	500	321	1949283652	8	9	17	9	3	2	0	-265	-120	227	196	-273	-125
8	500	321	1949285656	8	9	19	7	2	2	0	-263	-118	227	196	-273	-125
8	500	321	1949287664	12	10	22	12	4	2	0	-259	-116	227	196	-273	-125
8	500	321	1949289660	13	12	24	10	4	2	0	-255	-114	227	196	-273	-125
8	500	321	1949291660	15	14	30	12	4	3	0	-251	-111	227	196	-273	-125
8	500	321	1949293660	17	14	30	13	5	3	0	-246	-108	227	196	-273	-125
8	500	321	1949295660	18	15	38	15	5	3	0	-241	-105	227	196	-273	-125
8	500	321	1949297652	25	19	36	15	6	3	0	-235	-102	227	196	-273	-125
8	500	321	1949299648	24	17	46	17	7	3	0	-228	-99	227	196	-273	-125
8	500	321	1949301644	28	19	44	18	8	4	0	-220	-95	227	196	-273	-125
8	500	321	1949303640	33	22	54	21	8	4	0	-212	-91	227	196	-273	-125
8	500	321	1949305640	33	22	50	20	9	5	0	-203	-86	227	196	-273	-125
8	500	321	1949307640	36	22	61	24	9	4	0	-194	-82	227	196	-273	-125
8	500	321	1949309636	39	23	55	22	10	5	0	-184	-77	227	196	-273	-125
8	500	321	1949311640	49	27	67	26	11	5	0	-173	-72	227	196	-273	-125
8	500	321	1949313644	46	26	60	24	11	5	0	-162	-67	227	196	-273	-125
8	500	321	1949315644	50	28	74	30	12	6	0	-150	-61	227	196	-273	-125
8	500	321	1949317648	60	34	66	28	13	6	0	-137	-55	227	196	-273	-125
8	500	321	1949319652	59	31	79	32	14	6	0	-123	-49	227	196	-273	-125
8	500	321	1949321644	62	34	73	31	13	7	0	-110	-42	227	196	-273	-125
8	500	321	1949323648	75	40	86	38	16	8	0	-94	-34	227	196	-273	-125
8	500	321	1949325652	71	38	77	35	15	7	0	-79	-27	227	196	-273	-125
8	500	321	1949327640	75	40	93	44	17	8	0	-62	-19	227	196	-273	-125
8	500	321	1949329644	89	49	84	40	17	9	0	-45	-10	227	196	-273	-125
8	500	321	1949331644	84	45	100	48	19	9	0	-26	-1	227	196	-273	-125
8	500	321	1949333644	89	49	90	47	18	10	0	-8	9	227	196	-273	-125
8	500	321	1949335640	92	51	106	55	19	11	0	11	20	227	196	-273	-125
8	500	321	1949337644	109	61	95	51	21	11	0	32	31	227	196	-273	-125
8	500	321	1949339640	102	58	112	61	21	12	0	53	43	227	196	-273	-125
8	500	321	1949341632	105	60	117	65	22	12	0	75	55	227	196	-273	-125
8	500	321	1949343632	124	71	103	60	23	13	0	98	68	227	196	-273	-125
8	500	321	1949345628	113	68	123	71	24	14	0	122	82	227	196	-273	-125
8	500	321	1949347624	117	70	110	67	22	14	0	144	96	227	196	-273	-125
8	500	321	1949349620	135	82	129	78	27	16	0	171	112	227	196	-273	-125
8	500	321	1949351616	124	76	115	72	24	15	0	195	127	227	196	-273	-125
8	500	321	1949353616	127	79	135	83	26	16	0	221	143	227	196	-273	-125
8	500	321	1949355612	130	81	120	77	25	16	0	246	159	227	196	-273	-125
8	500	321	1949357612	152	95	142	90	29	18	0	275	177	227	196	-273	-125
8	500	321	1949359608	136	87	126	81	26	17	0	301	194	227	196	-273	-125
8	500	321	1949361608	139	88	148	95	29	18	0	330	212	227	196	-273	-125
8	500	321	1949363616	160	102	132	85	29	19	0	359	231	227	196	-273	-125
8	500	321	1949365620	142	92	153	97	30	19	0	389	250	227	196	-273	-125
8	500	321	1949367620	145	91	136	88	28	18	0	417	268	227	196	-273	-125
8	500	321	1949369620	165	105	159	101	32	20	0	449	288	227	196	-273	-125
8	500	321	1949371616	146	94	141	89	29	19	0	478	307	227	196	-273	-125
8	500	321	1949373612	148	94	163	102	31	19	0	509	326	227	196	-273	-125
8	500	321	1949375616	147	94	143	90	29	19	0	538	345	227	196	-273	-125
8	500	321	1949377616	167	103	167	102	34	20	0	572	365	227	196	-273	-125
8	500	321	1949379612	146	93	147	90	29	19	0	601	384	227	196	-273	-125
8	500	321	1949381608	146	91	169	100	31	19	0	632	403	227	196	-273	-125
8	500	321	1949383600	164	101	147	87	31	18	0	663	421	227	196	-273	-125
8	500	321	1949385600	142	89	170	99	32	19	0	695	440	227	196	-273	-125
8	500	321	1949387600	142	88	148	85	29	18	0	724	458	227	196	-273	-125
8	500	321	1949389596	156	96	167	95	32	19	0	756	477	227	196	-273	-125
8	500	321	1949391596	136	84	147	81	28	16	0	784	493	227	196	-273	-125
8	500	321	1949393592	133	81	165	91	30	17	0	814	510	227	196	-273	-125
8	500	321	1949395592	130	79	142	79	27	16	0	841	526	227	196	-273	-125
8	500	321	1949397588	142	87	160	86	30	17	0	871	543	227	196	-273	-125
8	500	321	1949399588	123	75	139	74	27	15	0	898	558	227	196	-273	-125
8	500	321	1949401584	120	73	155	83	27	16	0	925	574	227	196	-273	-125
8	500	321	1949403584	131	80	132	70	26	15	0	951	589	227	196	-273	-125
8	500	321	1949405592	112	67	148	76	26	14	0	977	603	227	196	-273	-125
8	500	321	1949407584	109	65	126	65	24	13	0	1001	616	227	196	-273	-125
8	500	321	1949409596	118	70	140	71	26	14	0	1027	630	227	196	-273	-125
8	500	321	1949411596	100	60	118	60	22	12	0	1049	642	227	196	-273	-125
8	500	321	1949413588	96	58	131	66	22	13	0	1071	655	227	196	-273	-125
8	500	321	1949415592	104	62	110	55	22	11	0	1093	666	227	196	-273	-125
8	500	321	1949417592	88	53	121	60	21	12	0	1114	678	227	196	-273	-125
8	500	321	1949419584	85	50	100	52	18	10	0	1132	688	227	196	-273	-125
8	500	321	1949421584	80	47	111	55	19	10	0	1151	698	227	196	-273	-125
8	500	321	1949423580	85	51	107	51	19	10	0	1170	708	227	196	-273	-125
8	500	321	1949425584	72	43	87	44	16	9	0	1186	717	227	196	-273	-125
8	500	321	1949427588	68	40	95	46	17	9	0	1203	726	227	196	-273	-125
8	500	321	1949429580	72	42	79	39	15	8	0	1218	728	227	196	-273	-125
8	500	321	1949431588	58	35	84	41	14	7	0	1232	735	227	196	-273	-125
8	500	321	1949433592	55	34	70	34	12	7	0	1244	742	227	196	-273	-125
8	500	321	1949435584	58	34	73	36	13	7	0	1257	749	227	196	-273	-125
8	500	321	1949437592	46	29	60	29	11	6	0	1268	755	227	196	-273	-125
8	500	321	1949439584	43	26	64	31	11	6	0	1279	761	227	196	-273	-125
8	500	321	1949441584	38	24	50	25	9	5	0	1288	725	227	196	-273	-125
8	500	321	1949443588	39	25	54	25	9	5	0	1297	730	227	196	-273	-125
8	500	321	1949445588	31	20	41	21	7	4	0	1304	734	227	196	-273	-125
8	500	321	1949447584	28	17	44	21	7	3	0	1311	737	227	196	-273	-125
8	500	321	1949449584	26	19	34	18	6	4	0	1317	741	227	196	-273	-125
8	500	321	1949451584	20	15	33	16	6	3	0	1323	744	227	196	-273	-125
8	500	321	1949453584	18	12	27	14	4	3	0	1327	747	227	196	-273	-125
8	500	321	1949455580	16	12	25	14	4	2	0	1331	749	227	196	-273	-125
8	500	321	1949457580	12	10	18	10	3	2	0	1334	751	227	196	-273	-125
8	500	321	1949459576	10	7	19	10	3	2	0	1283	722	227	196	-273	-125
8	500	321	1949461584	9	8	14	7	2	2	0	1285	724	227	196	-273	-125
8	500	321	1949463576	6	6	12	6	2	1	0	1287	725	227	196	-273	-125
8	500	321	1949465564	4	4	9	5	1	1	0	1288	726	227	196	-273	-125
8	500	321	1949467568	4	3	9	5	2	1	0	1290	727	227	196	-273	-125
8	500	321	1949469544	2	4	5	4	0	0	1	1290	727	227	196	-273	-125
9	500	321	1949471568	2	3	4	3	1	1	1	228	197	227	196	-273	-125
9	500	321	1949473548	0	1	3	2	0	0	1	228	197	227	196	-273	-125
9	-389	-448	1949475564	1	1	2	1	1	0	1	229	197	-162	-252	227	196
9	-389	-448	1949477568	0	1	1	2	0	1	1	229	198	-162	-252	227	196
9	-389	-448	1949479560	0	0	1	1	0	0	1	229	198	-162	-252	227	196
9	-389	-448	1949485540	-3	0	0	0	0	0	1	229	198	-162	-252	227	196
9	-389	-448	1949487572	-4	0	0	1	0	0	1	229	198	-162	-252	227	196
9	-389	-448	1949489572	-3	2	0	0	0	0	1	229	198	-162	-252	227	196
9	-389	-448	1949491592	-4	0	-2	1	-1	0	1	228	198	-162	-252	227	196
9	-389	-448	1949493616	-6	1	-2	2	-1	1	1	227	199	-162	-252	227	196
9	-389	-448	1949495592	-7	0	-1	1	0	0	1	227	199	-162	-252	227	196
9	-389	-448	1949497608	-6	1	-3	1	-1	0	1	226	199	-162	-252	227	196
9	-389	-448	1949499604	-6	1	-1	1	-1	0	1	225	199	-162	-252	227	196
9	-389	-448	1949501600	-9	2	-3	2	-1	0	1	224	199	-162	-252	227	196
9	-389	-448	1949503612	-6	1	-2	1	-1	1	1	223	200	-162	-252	227	196
9	-389	-448	1949505596	-8	1	-3	1	-1	0	1	222	200	-162	-252	227	196
9	-389	-448	1949507596	-8	1	-1	1	-1	0	1	221	200	-162	-252	227	196
9	-389	-448	1949509588	-7	2	-2	2	-1	0	1	220	200	-162	-252	227	196
9	-389	-448	1949511600	-7	1	-3	1	-1	1	1	219	201	-162	-252	227	196
9	-389	-448	1949513588	-8	1	-1	1	-1	0	1	218	201	-162	-252	227	196
9	-389	-448	1949515588	-5	1	-3	1	-1	0	1	217	201	-162	-252	227	196
9	-389	-448	1949517576	-5	2	-1	2	0	0	1	217	201	-162	-252	227	196
9	-389	-448	1949519608	-5	1	-2	0	-1	1	1	216	202	-162	-252	227	196
9	-389	-448	1949521584	-2	0	-2	1	0	0	1	216	202	-162	-252	227	196
9	-389	-448	1949523596	-3	1	-1	0	-1	0	1	215	202	-162	-252	227	196
9	-389	-448	1949525556	-2	0	0	0	0	0	1	215	202	-162	-252	227	196
9	-389	-448	1949527588	-1	0	-1	1	0	0	1	215	202	-162	-252	227	196
9	-389	-448	1949531568	-2	0	-1	0	0	0	1	215	202	-162	-252	227	196
9	-389	-448	1949543616	-1	-1	-2	0	-1	0	0	214	202	-162	-252	227	196
9	-389	-448	1949545596	-1	-3	-1	-2	0	0	0	214	202	-162	-252	227	196
9	-389	-448	1949547612	-1	-4	-2	-5	0	-1	0	214	201	-162	-252	227	196
9	-389	-448	1949549624	-3	-6	-3	-5	-1	-1	0	213	200	-162	-252	227	196
9	-389	-448	1949551624	-4	-7	-4	-7	-1	-1	0	212	199	-162	-252	227	196
9	-389	-448	1949553616	-6	-13	-5	-9	-1	-2	0	211	197	-162	-252	227	196
9	-389	-448	1949555616	-7	-12	-8	-12	-1	-3	0	210	194	-162	-252	227	196
9	-389	-448	1949557612	-9	-15	-8	-14	-2	-3	0	208	191	-162	-252	227	196
9	-389	-448	1949559604	-11	-22	-11	-19	-2	-4	0	206	187	-162	-252	227	196
9	-389	-448	1949561608	-13	-21	-13	-19	-3	-4	0	203	183	-162	-252	227	196
9	-389	-448	1949563612	-16	-25	-16	-25	-3	-5	0	200	178	-162	-252	227	196
9	-389	-448	1949565616	-20	-31	-17	-25	-4	-5	0	196	173	-162	-252	227	196
9	-389	-448	1949567612	-20	-33	-23	-32	-4	-7	0	192	166	-162	-252	227	196
9	-389	-448	1949569616	-24	-37	-22	-31	-4	-7	0	188	159	-162	-252	227	196
9	-389	-448	1949571620	-31	-45	-30	-42	-7	-8	0	181	151	-162	-252	227	196
9	-389	-448	1949573616	-31	-46	-30	-40	-6	-9	0	175	142	-162	-252	227	196
9	-389	-448	1949575620	-34	-49	-38	-50	-7	-10	0	168	132	-162	-252	227	196
9	-389	-448	1949577632	-44	-60	-37	-48	-8	-11	0	160	121	-162	-252	227	196
9	-389	-448	1949579640	-41	-58	-48	-60	-9	-11	0	151	110	-162	-252	227	196
9	-389	-448	1949581640	-46	-61	-52	-65	-10	-13	0	141	97	-162	-252	227	196
9	-389	-448	1949583636	-52	-65	-49	-60	-10	-13	0	131	84	-162	-252	227	196
9	-389	-448	1949585628	-61	-77	-54	-65	-11	-14	0	120	70	-162	-252	227	196
9	-389	-448	1949587632	-60	-75	-66	-78	-13	-15	0	107	55	-162	-252	227	196
9	-389	-448	1949589624	-64	-78	-73	-84	-14	-16	0	93	39	-162	-252	227	196
9	-389	-448	1949591628	-77	-92	-66	-76	-14	-17	0	79	22	-162	-252	227	196
9	-389	-448	1949593632	-75	-87	-81	-92	-15	-18	0	64	4	-162	-252	227	196
9	-389	-448	1949595628	-79	-91	-76	-85	-16	-18	0	48	-14	-162	-252	227	196
9	-389	-448	1949597632	-95	-106	-93	-103	-19	-20	0	29	-34	-162	-252	227	196
9	-389	-448	1949599632	-90	-99	-86	-94	-17	-20	0	12	-54	-162	-252	227	196
9	-389	-448	1949601636	-94	-102	-103	-111	-20	-21	0	-8	-75	-162	-252	227	196
9	-389	-448	1949603640	-112	-119	-93	-101	-21	-22	0	-29	-97	-162	-252	227	196
9	-389	-448	1949605636	-105	-110	-113	-119	-21	-23	0	-50	-120	-162	-252	227	196
9	-389	-448	1949607640	-110	-111	-102	-107	-22	-22	0	-72	-142	-162	-252	227	196
9	-389	-448	1949609640	-114	-115	-122	-127	-23	-24	0	-95	-166	-162	-252	227	196
9	-389	-448	1949611640	-132	-132	-110	-113	-24	-24	0	-119	-190	-162	-252	227	196
9	-389	-448	1949613644	-122	-118	-130	-132	-26	-25	0	-145	-215	-162	-252	227	196
9	-389	-448	1949615644	-125	-119	-117	-117	-24	-24	0	-169	-239	-162	-252	227	196
9	-389	-448	1949617648	-143	-136	-138	-136	-28	-27	0	-197	-266	-162	-252	227	196
9	-389	-448	1949619652	-130	-122	-123	-119	-25	-24	0	-222	-290	-162	-252	227	196
9	-389	-448	1949621656	-133	-122	-144	-139	-28	-26	0	-250	-316	-162	-252	227	196
9	-389	-448	1949623648	-151	-138	-128	-120	-28	-26	0	-278	-342	-162	-252	227	196
9	-389	-448	1949625656	-135	-122	-147	-139	-28	-26	0	-306	-368	-162	-252	227	196
9	-389	-448	1949627648	-138	-123	-131	-121	-27	-25	0	-333	-393	-162	-252	227	196
9	-389	-448	1949629652	-155	-137	-153	-137	-31	-27	0	-364	-420	-162	-252	227	196
9	-389	-448	1949631648	-137	-121	-134	-122	-27	-24	0	-391	-444	-162	-252	227	196
9	-389	-448	1949633652	-138	-120	-152	-136	-29	-26	0	-420	-470	-162	-252	227	196
9	-389	-448	1949635660	-137	-119	-153	-136	-29	-26	0	-449	-496	-162	-252	227	196
9	-389	-448	1949637652	-153	-133	-133	-116	-28	-24	0	-477	-520	-162	-252	227	196
9	-389	-448	1949639652	-135	-116	-152	-133	-29	-25	0	-506	-545	-162	-252	227	196
9	-389	-448	1949641656	-133	-116	-131	-115	-26	-23	0	-532	-568	-162	-252	227	196
9	-389	-448	1949643656	-149	-129	-147	-130	-30	-26	0	-562	-594	-162	-252	227	196
9	-389	-448	1949645660	-130	-114	-128	-111	-26	-23	0	-588	-617	-162	-252	227	196
9	-389	-448	1949647664	-130	-112	-142	-128	-27	-24	0	-615	-641	-162	-252	227	196
9	-389	-448	1949649660	-143	-124	-123	-108	-27	-23	0	-642	-664	-162	-252	227	196
9	-389	-448	1949651660	-125	-110	-135	-124	-26	-23	0	-668	-687	-162	-252	227	196
9	-389	-448	1949653664	-121	-109	-115	-108	-23	-22	0	-691	-709	-162	-252	227	196
9	-389	-448	1949655668	-132	-120	-127	-121	-26	-24	0	-717	-733	-162	-252	227	196
9	-389	-448	1949657668	-115	-105	-109	-105	-23	-21	0	-740	-754	-162	-252	227	196
9	-389	-448	1949659668	-112	-105	-119	-119	-23	-23	0	-763	-777	-162	-252	227	196
9	-389	-448	1949661672	-122	-115	-99	-102	-22	-21	0	-785	-741	-162	-252	227	196
9	-389	-448	1949663668	-104	-102	-108	-115	-21	-22	0	-806	-763	-162	-252	227	196
9	-389	-448	1949665672	-100	-100	-90	-99	-19	-20	0	-825	-783	-162	-252	227	196
9	-389	-448	1949667672	-97	-98	-99	-111	-20	-21	0	-845	-804	-162	-252	227	196
9	-389	-448	1949669668	-104	-108	-81	-96	-18	-20	0	-863	-824	-162	-252	227	196
9	-389	-448	1949671672	-88	-95	-90	-108	-18	-21	0	-881	-845	-162	-252	227	196
9	-389	-448	1949673672	-83	-94	-74	-94	-16	-18	0	-897	-863	-162	-252	227	196
9	-389	-448	1949675672	-90	-103	-80	-105	-17	-21	0	-914	-741	-162	-252	227	196
9	-389	-448	1949677676	-77	-90	-65	-90	-14	-18	0	-928	-759	-162	-252	227	196
9	-389	-448	1949679680	-71	-87	-71	-101	-14	-19	0	-942	-778	-162	-252	227	196
9	-389	-448	1949681676	-76	-95	-58	-86	-13	-18	0	-955	-796	-162	-252	227	196
9	-389	-448	1949683676	-64	-84	-61	-95	-13	-18	0	-968	-814	-162	-252	227	196
9	-389	-448	1949685668	-60	-81	-58	-94	-12	-17	0	-980	-831	-162	-252	227	196
9	-389	-448	1949687676	-64	-88	-46	-79	-11	-17	0	-991	-848	-162	-252	227	196
9	-389	-448	1949689668	-53	-76	-49	-87	-10	-16	0	-1001	-864	-162	-252	227	196
9	-389	-448	1949691672	-50	-72	-40	-73	-9	-15	0	-1010	-879	-162	-252	227	196
9	-389	-448	1949693672	-47	-70	-41	-81	-9	-15	0	-1019	-735	-162	-252	227	196
9	-389	-448	1949695672	-48	-75	-34	-67	-8	-14	0	-1027	-749	-162	-252	227	196
9	-389	-448	1949697672	-40	-64	-35	-74	-7	-14	0	-1034	-763	-162	-252	227	196
9	-389	-448	1949699668	-38	-60	-28	-63	-7	-12	0	-1041	-775	-162	-252	227	196
9	-389	-448	1949701660	-39	-64	-29	-66	-7	-13	0	-1048	-788	-162	-252	227	196
9	-389	-448	1949703668	-31	-52	-24	-55	-5	-11	0	-1053	-799	-162	-252	227	196
9	-389	-448	1949705664	-27	-49	-24	-59	-5	-11	0	-1058	-810	-162	-252	227	196
9	-389	-448	1949707668	-29	-51	-17	-47	-5	-10	0	-1063	-820	-162	-252	227	196
9	-389	-448	1949709664	-23	-42	-19	-50	-4	-9	0	-1067	-829	-162	-252	227	196
9	-389	-448	1949711668	-20	-37	-14	-40	-4	-8	0	-1071	-837	-162	-252	227	196
9	-389	-448	1949713660	-16	-35	-13	-43	-2	-7	0	-1073	-844	-162	-252	227	196
9	-389	-448	1949715660	-16	-34	-12	-32	-3	-7	0	-1076	-851	-162	-252	227	196
9	-389	-448	1949717664	-13	-27	-10	-34	-3	-6	0	-1079	-857	-162	-252	227	196
9	-389	-448	1949719660	-10	-23	-7	-25	-1	-5	0	-1080	-862	-162	-252	227	196
9	-389	-448	1949721656	-10	-22	-8	-26	-2	-5	0	-1082	-867	-162	-252	227	196
9	-389	-448	1949723664	-7	-18	-6	-20	-1	-3	0	-1083	-723	-162	-252	227	196
9	-389	-448	1949725648	-5	-14	-5	-19	-1	-4	0	-1084	-727	-162	-252	227	196
9	-389	-448	1949727652	-5	-12	-4	-14	-1	-2	0	-1085	-729	-162	-252	227	196
9	-389	-448	1949729656	-4	-10	-2	-13	-1	-3	0	-1086	-732	-162	-252	227	196
9	-389	-448	1949731648	-2	-8	-3	-10	0	-1	0	-1086	-721	-162	-252	227	196
9	-389	-448	1949733668	-2	-6	-1	-9	-1	-2	0	-1087	-723	-162	-252	227	196
9	-389	-448	1949735648	-1	-4	-1	-5	0	-1	0	-1087	-724	-162	-252	227	196
9	-389	-448	1949737648	0	-3	-1	-6	0	-1	0	-1087	-725	-162	-252	227	196
9	-389	-448	1949739636	-1	-2	0	-4	0	0	0	-1087	-725	-162	-252	227	196
9	-389	-448	1949741620	0	-2	0	-3	0	-1	0	-1087	-726	-162	-252	227	196
9	-389	-448	1949743600	0	0	0	-1	0	0	1	-1087	-726	-162	-252	227	196
10	-389	-448	1949745604	0	-1	0	-1	0	0	1	-162	-252	-162	-252	227	196
10	247	540	1949747600	0	0	0	-1	0	0	1	-162	-252	85	288	-162	-252
10	247	540	1949789580	0	-2	0	0	0	0	1	-162	-252	85	288	-162	-252
10	247	540	1949817560	0	0	0	0	0	0	0	-162	-252	85	288	-162	-252
10	247	540	1949821588	0	1	0	1	0	0	0	-162	-252	85	288	-162	-252
10	247	540	1949823596	0	1	0	2	0	0	0	-162	-252	85	288	-162	-252
10	247	540	1949825620	0	2	1	2	0	0	0	-162	-252	85	288	-162	-252
10	247	540	1949827620	0	4	2	3	0	0	0	-162	-252	85	288	-162	-252
10	247	540	1949829632	0	5	2	5	0	1	0	-162	-251	85	288	-162	-252
10	247	540	1949831632	1	8	4	5	0	1	0	-162	-250	85	288	-162	-252
10	247	540	1949833644	2	7	4	8	1	2	0	-161	-248	85	288	-162	-252
10	247	540	1949835636	2	9	3	8	0	2	0	-161	-246	85	288	-162	-252
10	247	540	1949837644	1	10	7	11	1	2	0	-160	-244	85	288	-162	-252
10	247	540	1949839644	3	14	6	10	1	2	0	-159	-242	85	288	-162	-252
10	247	540	1949841644	4	13	9	14	1	3	0	-158	-239	85	288	-162	-252
10	247	540	1949843644	3	15	7	14	1	3	0	-157	-236	85	288	-162	-252
10	247	540	1949845644	5	20	11	18	2	4	0	-155	-232	85	288	-162	-252
10	247	540	1949847640	5	20	10	18	1	3	0	-154	-229	85	288	-162	-252
10	247	540	1949849632	7	23	14	22	2	5	0	-152	-224	85	288	-162	-252
10	247	540	1949851624	8	27	14	23	2	5	0	-150	-219	85	288	-162	-252
10	247	540	1949853632	9	28	16	29	3	6	0	-147	-213	85	288	-162	-252
10	247	540	1949855636	10	29	18	27	3	5	0	-144	-208	85	288	-162	-252
10	247	540	1949857632	13	32	20	34	3	7	0	-141	-201	85	288	-162	-252
10	247	540	1949859628	16	39	18	31	3	7	0	-138	-194	85	288	-162	-252
10	247	540	1949861628	17	37	24	40	5	7	0	-133	-187	85	288	-162	-252
10	247	540	1949863624	20	40	23	38	4	8	0	-129	-179	85	288	-162	-252
10	247	540	1949865620	25	49	28	46	5	10	0	-124	-169	85	288	-162	-252
10	247	540	1949867620	28	48	25	44	5	9	0	-119	-160	85	288	-162	-252
10	247	540	1949869616	30	50	33	55	7	10	0	-112	-150	85	288	-162	-252
10	247	540	1949871620	39	61	30	51	7	12	0	-105	-138	85	288	-162	-252
10	247	540	1949873624	37	60	36	64	7	12	0	-98	-126	85	288	-162	-252
10	247	540	1949875624	44	62	34	58	8	12	0	-90	-114	85	288	-162	-252
10	247	540	1949877636	52	78	41	74	9	15	0	-81	-99	85	288	-162	-252
10	247	540	1949879640	53	72	43	78	10	15	0	-71	-84	85	288	-162	-252
10	247	540	1949881636	57	79	40	73	9	15	0	-62	-69	85	288	-162	-252
10	247	540	1949883636	62	83	48	88	11	18	0	-51	-51	85	288	-162	-252
10	247	540	1949885632	73	98	44	82	12	18	0	-39	-33	85	288	-162	-252
10	247	540	1949887628	72	93	53	100	13	19	0	-26	-14	85	288	-162	-252
10	247	540	1949889636	73	96	47	92	12	19	0	-14	5	85	288	-162	-252
10	247	540	1949891632	88	114	56	108	14	22	0	0	27	85	288	-162	-252
10	247	540	1949893620	81	106	50	102	13	21	0	13	48	85	288	-162	-252
10	247	540	1949895616	85	110	59	118	14	22	0	27	70	85	288	-162	-252
10	247	540	1949897612	88	114	54	109	15	23	0	42	93	85	288	-162	-252
10	247	540	1949899620	101	134	60	129	16	26	0	58	119	85	288	-162	-252
10	247	540	1949901624	91	123	54	116	14	24	0	72	143	85	288	-162	-252
10	247	540	1949903620	94	127	61	139	16	27	0	88	170	85	288	-162	-252
10	247	540	1949905616	106	147	54	124	16	27	0	104	197	85	288	-162	-252
10	247	540	1949907616	96	135	60	145	15	28	0	119	225	85	288	-162	-252
10	247	540	1949909612	97	138	52	131	15	27	0	134	252	85	288	-162	-252
10	247	540	1949911612	110	158	58	152	17	31	0	151	283	85	288	-162	-252
10	247	540	1949913612	97	144	51	138	15	28	0	166	311	85	288	-162	-252
10	247	540	1949915612	99	146	56	160	15	30	0	181	341	85	288	-162	-252
10	247	540	1949917608	111	167	49	142	16	31	0	197	372	85	288	-162	-252
10	247	540	1949919620	98	150	52	164	15	32	0	212	404	85	288	-162	-252
10	247	540	1949921616	98	152	47	146	15	29	0	227	433	85	288	-162	-252
10	247	540	1949923612	99	153	51	167	15	32	0	242	465	85	288	-162	-252
10	247	540	1949925624	110	172	42	147	15	32	0	257	497	85	288	-162	-252
10	247	540	1949927628	98	153	49	169	15	33	0	272	530	85	288	-162	-252
10	247	540	1949929620	96	152	41	146	13	29	0	285	559	85	288	-162	-252
10	247	540	1949931616	107	171	47	168	16	34	0	301	593	85	288	-162	-252
10	247	540	1949933620	94	149	41	145	13	30	0	314	623	85	288	-162	-252
10	247	540	1949935608	94	148	46	165	14	31	0	328	654	85	288	-162	-252
10	247	540	1949937620	102	161	40	141	15	30	0	343	684	85	288	-162	-252
10	247	540	1949939612	92	141	48	160	14	30	0	357	714	85	288	-162	-252
10	247	540	1949941608	87	139	41	137	12	28	0	369	742	85	288	-162	-252
10	247	540	1949943616	98	151	47	153	15	30	0	384	772	85	288	-162	-252
10	247	540	1949945616	83	130	44	131	13	26	0	397	798	85	288	-162	-252
10	247	540	1949947612	83	128	50	145	13	28	0	410	826	85	288	-162	-252
10	247	540	1949949612	80	123	45	125	12	24	0	422	850	85	288	-162	-252
10	247	540	1949951620	86	137	53	138	14	28	0	436	878	85	288	-162	-252
10	247	540	1949953612	76	116	53	132	13	25	0	449	903	85	288	-162	-252
10	247	540	1949955608	73	114	48	114	12	23	0	461	926	85	288	-162	-252
10	247	540	1949957616	80	123	56	126	14	24	0	475	744	85	288	-162	-252
10	247	540	1949959620	69	107	50	106	12	22	0	487	766	85	288	-162	-252
10	247	540	1949961628	67	103	58	119	12	22	0	499	788	85	288	-162	-252
10	247	540	1949963624	74	114	51	101	13	21	0	512	809	85	288	-162	-252
10	247	540	1949965620	62	98	59	112	12	21	0	524	830	85	288	-162	-252
10	247	540	1949967620	62	96	50	95	11	20	0	535	740	85	288	-162	-252
10	247	540	1949969620	67	104	58	105	13	20	0	548	760	85	288	-162	-252
10	247	540	1949971624	58	90	50	90	10	18	0	558	778	85	288	-162	-252
10	247	540	1949973624	55	87	57	98	12	19	0	570	797	85	288	-162	-252
10	247	540	1949975620	53	85	48	84	10	17	0	580	814	85	288	-162	-252
10	247	540	1949977620	59	93	54	94	11	19	0	591	833	85	288	-162	-252
10	247	540	1949979608	50	80	45	80	9	16	0	600	849	85	288	-162	-252
10	247	540	1949981608	48	76	51	87	10	16	0	610	865	85	288	-162	-252
10	247	540	1949983616	51	84	43	74	10	16	0	620	881	85	288	-162	-252
10	247	540	1949985616	44	71	46	83	9	15	0	629	896	85	288	-162	-252
10	247	540	1949987616	41	70	39	68	8	14	0	637	910	85	288	-162	-252
10	247	540	1949989608	42	74	41	77	8	15	0	645	735	85	288	-162	-252
10	247	540	1949991612	37	63	34	63	7	13	0	652	748	85	288	-162	-252
10	247	540	1949993612	33	62	36	70	7	13	0	659	761	85	288	-162	-252
10	247	540	1949995616	35	65	29	59	6	12	0	665	773	85	288	-162	-252
10	247	540	1949997620	29	55	31	64	6	12	0	671	785	85	288	-162	-252
10	247	540	1949999624	26	52	25	54	6	11	0	677	796	85	288	-162	-252
10	247	540	1950001620	25	50	26	57	5	10	0	682	730	85	288	-162	-252
10	247	540	1950003620	25	53	22	48	4	10	0	686	740	85	288	-162	-252
10	247	540	1950005624	20	45	22	50	5	10	0	691	750	85	288	-162	-252
10	247	540	1950007628	18	41	19	47	3	9	0	694	759	85	288	-162	-252
10	247	540	1950009624	19	42	16	39	4	8	0	698	767	85	288	-162	-252
10	247	540	1950011624	13	35	16	41	3	7	0	701	774	85	288	-162	-252
10	247	540	1950013620	14	32	13	33	2	7	1	703	781	85	288	-162	-252
11	247	540	1950015620	13	32	12	33	3	6	1	88	294	85	288	-162	-252
11	-85	-588	1950017620	10	26	10	28	2	6	1	90	300	0	-300	85	288
11	-85	-588	1950019620	8	23	9	27	2	5	1	92	305	0	-300	85	288
11	-85	-588	1950021612	8	21	8	23	1	4	1	93	309	0	-300	85	288
11	-85	-588	1950023612	6	20	7	21	1	4	1	94	313	0	-300	85	288
11	-85	-588	1950025612	6	15	6	16	2	3	1	96	316	0	-300	85	288
11	-85	-588	1950027612	4	13	5	17	1	3	1	97	319	0	-300	85	288
11	-85	-588	1950029600	4	12	5	12	0	3	1	97	322	0	-300	85	288
11	-85	-588	1950031612	4	9	4	13	1	2	1	98	324	0	-300	85	288
11	-85	-588	1950033620	1	7	3	7	1	1	1	99	325	0	-300	85	288
11	-85	-588	1950035608	2	7	2	9	0	2	1	99	327	0	-300	85	288
11	-85	-588	1950037620	2	3	3	5	1	1	1	100	328	0	-300	85	288
11	-85	-588	1950039608	1	4	1	5	0	1	1	100	329	0	-300	85	288
11	-85	-588	1950041600	0	3	1	4	0	0	1	100	329	0	-300	85	288
11	-85	-588	1950043612	1	2	0	2	0	1	1	100	330	0	-300	85	288
11	-85	-588	1950045604	0	0	1	1	0	0	1	100	330	0	-300	85	288
11	-85	-588	1950047576	0	1	0	2	0	0	1	100	330	0	-300	85	288
11	-85	-588	1950049576	0	0	0	1	0	0	1	100	330	0	-300	85	288
11	-85	-588	1950073592	0	-1	0	0	0	0	1	100	330	0	-300	85	288
11	-85	-588	1950077588	0	-1	0	-1	0	0	1	100	330	0	-300	85	288
11	-85	-588	1950083592	0	-2	0	0	0	0	1	100	330	0	-300	85	288
11	-85	-588	1950085584	0	0	0	-1	0	0	1	100	330	0	-300	85	288
11	-85	-588	1950091604	0	-1	0	-1	0	0	1	100	330	0	-300	85	288
11	-85	-588	1950093604	0	-1	0	0	0	0	1	100	330	0	-300	85	288
11	-85	-588	1950095608	0	-1	0	-3	0	0	1	100	330	0	-300	85	288
11	-85	-588	1950097644	-1	-4	0	-2	0	-1	1	100	329	0	-300	85	288
11	-85	-588	1950099652	-3	-5	-1	-5	0	-1	1	100	328	0	-300	85	288
11	-85	-588	1950101652	-1	-8	0	-8	0	-1	1	100	327	0	-300	85	288
11	-85	-588	1950103648	-4	-8	-2	-7	0	-2	1	100	325	0	-300	85	288
11	-85	-588	1950105664	-5	-13	-1	-13	-1	-2	1	99	323	0	-300	85	288
11	-85	-588	1950107656	-5	-15	-1	-12	0	-3	0	99	320	0	-300	85	288
11	-85	-588	1950109660	-5	-17	-1	-19	-1	-4	0	98	316	0	-300	85	288
11	-85	-588	1950111652	-7	-20	-3	-17	-1	-3	0	97	313	0	-300	85	288
11	-85	-588	1950113652	-10	-28	-2	-25	-1	-6	0	96	307	0	-300	85	288
11	-85	-588	1950115652	-10	-27	-3	-24	-1	-5	0	95	302	0	-300	85	288
11	-85	-588	1950117648	-12	-32	-4	-31	-2	-6	0	93	296	0	-300	85	288
11	-85	-588	1950119648	-13	-40	-3	-32	-2	-7	0	91	289	0	-300	85	288
11	-85	-588	1950121644	-14	-40	-4	-38	-1	-8	0	90	281	0	-300	85	288
11	-85	-588	1950123640	-16	-43	-5	-45	-3	-9	0	87	272	0	-300	85	288
11	-85	-588	1950125644	-19	-54	-4	-43	-2	-9	0	85	263	0	-300	85	288
11	-85	-588	1950127640	-20	-51	-5	-52	-2	-11	0	83	252	0	-300	85	288
11	-85	-588	1950129644	-20	-55	-4	-50	-3	-10	0	80	242	0	-300	85	288
11	-85	-588	1950131648	-23	-58	-5	-62	-3	-12	0	77	230	0	-300	85	288
11	-85	-588	1950133652	-26	-69	-5	-56	-3	-13	0	74	217	0	-300	85	288
11	-85	-588	1950135644	-25	-63	-5	-67	-3	-13	0	71	204	0	-300	85	288
11	-85	-588	1950137652	-26	-68	-5	-64	-3	-13	0	68	191	0	-300	85	288
11	-85	-588	1950139656	-31	-80	-5	-75	-3	-15	0	65	176	0	-300	85	288
11	-85	-588	1950141648	-30	-74	-5	-70	-4	-15	0	61	161	0	-300	85	288
11	-85	-588	1950143652	-30	-77	-5	-83	-3	-16	0	58	145	0	-300	85	288
11	-85	-588	1950145644	-37	-90	-3	-75	-4	-16	0	54	129	0	-300	85	288
11	-85	-588	1950147644	-33	-84	-4	-90	-4	-18	0	50	111	0	-300	85	288
11	-85	-588	1950149648	-35	-86	-4	-81	-4	-16	0	46	95	0	-300	85	288
11	-85	-588	1950151644	-42	-100	-4	-96	-5	-20	0	41	75	0	-300	85	288
11	-85	-588	1950153644	-36	-91	-3	-86	-3	-18	0	38	57	0	-300	85	288
11	-85	-588	1950155648	-39	-95	-4	-103	-5	-20	0	33	37	0	-300	85	288
11	-85	-588	1950157648	-38	-97	-3	-92	-4	-18	0	29	19	0	-300	85	288
11	-85	-588	1950159652	-44	-111	-3	-108	-5	-22	0	24	-3	0	-300	85	288
11	-85	-588	1950161656	-40	-101	-4	-96	-4	-20	0	20	-23	0	-300	85	288
11	-85	-588	1950163652	-40	-104	-4	-114	-4	-22	0	16	-45	0	-300	85	288
11	-85	-588	1950165652	-48	-119	-2	-100	-5	-22	0	11	-67	0	-300	85	288
11	-85	-588	1950167656	-42	-108	-4	-119	-5	-22	0	6	-89	0	-300	85	288
11	-85	-588	1950169660	-43	-109	-4	-105	-5	-22	0	1	-111	0	-300	85	288
11	-85	-588	1950171664	-50	-125	-5	-121	-5	-24	0	-4	-135	0	-300	85	288
11	-85	-588	1950173652	-45	-114	-4	-109	-5	-23	0	-9	-158	0	-300	85	288
11	-85	-588	1950175656	-46	-114	-5	-126	-5	-24	0	-14	-182	0	-300	85	288
11	-85	-588	1950177664	-51	-131	-6	-127	-6	-26	0	-20	-208	0	-300	85	288
11	-85	-588	1950179656	-48	-117	-5	-113	-5	-23	0	-25	-231	0	-300	85	288
11	-85	-588	1950181648	-47	-119	-5	-115	-5	-23	0	-30	-254	0	-300	85	288
11	-85	-588	1950183652	-50	-121	-6	-132	-6	-25	0	-36	-279	0	-300	85	288
11	-85	-588	1950185648	-56	-137	-6	-119	-6	-26	0	-42	-305	0	-300	85	288
11	-85	-588	1950187656	-53	-125	-9	-136	-6	-26	0	-48	-331	0	-300	85	288
11	-85	-588	1950189648	-52	-123	-9	-138	-6	-26	0	-54	-357	0	-300	85	288
11	-85	-588	1950191652	-63	-143	-7	-122	-7	-27	0	-61	-384	0	-300	85	288
11	-85	-588	1950193636	-56	-127	-10	-140	-7	-26	0	-68	-410	0	-300	85	288
11	-85	-588	1950195636	-56	-128	-10	-124	-7	-25	0	-75	-435	0	-300	85	288
11	-85	-588	1950197636	-65	-144	-12	-143	-7	-29	0	-82	-464	0	-300	85	288
11	-85	-588	1950199632	-59	-130	-10	-125	-7	-26	0	-89	-490	0	-300	85	288
11	-85	-588	1950201632	-59	-128	-12	-143	-7	-27	0	-96	-517	0	-300	85	288
11	-85	-588	1950203628	-60	-130	-13	-125	-8	-25	0	-104	-542	0	-300	85	288
11	-85	-588	1950205628	-67	-147	-13	-145	-8	-29	0	-112	-571	0	-300	85	288
11	-85	-588	1950207628	-62	-130	-14	-125	-7	-26	0	-119	-597	0	-300	85	288
11	-85	-588	1950209628	-61	-128	-15	-144	-8	-27	0	-127	-624	0	-300	85	288
11	-85	-588	1950211624	-69	-145	-14	-126	-8	-27	0	-135	-651	0	-300	85	288
11	-85	-588	1950213620	-62	-128	-17	-143	-8	-27	0	-143	-678	0	-300	85	288
11	-85	-588	1950215620	-61	-127	-15	-124	-8	-25	0	-151	-703	0	-300	85	288
11	-85	-588	1950217628	-69	-142	-19	-140	-8	-29	0	-159	-732	0	-300	85	288
11	-85	-588	1950219624	-61	-123	-16	-121	-8	-24	0	-167	-756	0	-300	85	288
11	-85	-588	1950221632	-60	-123	-19	-136	-8	-26	0	-175	-746	0	-300	85	288
11	-85	-588	1950223628	-59	-120	-16	-118	-8	-24	0	-183	-770	0	-300	85	288
11	-85	-588	1950225628	-66	-134	-20	-132	-8	-26	0	-191	-796	0	-300	85	288
11	-85	-588	1950227624	-58	-116	-17	-115	-8	-23	0	-199	-819	0	-300	85	288
11	-85	-588	1950229632	-56	-115	-20	-129	-7	-25	0	-206	-844	0	-300	85	288
11	-85	-588	1950231632	-63	-126	-17	-111	-8	-24	0	-214	-868	0	-300	85	288
11	-85	-588	1950233628	-55	-111	-20	-124	-8	-23	0	-222	-891	0	-300	85	288
11	-85	-588	1950235632	-53	-108	-16	-107	-7	-22	0	-229	-913	0	-300	85	288
11	-85	-588	1950237628	-60	-119	-20	-122	-8	-24	0	-237	-744	0	-300	85	288
11	-85	-588	1950239628	-52	-103	-17	-102	-7	-20	0	-244	-764	0	-300	85	288
11	-85	-588	1950241624	-50	-102	-18	-116	-6	-22	0	-250	-786	0	-300	85	288
11	-85	-588	1950243620	-55	-111	-17	-99	-8	-21	0	-258	-807	0	-300	85	288
11	-85	-588	1950245620	-47	-96	-18	-111	-6	-21	0	-264	-828	0	-300	85	288
11	-85	-588	1950247628	-46	-94	-17	-95	-6	-19	0	-270	-847	0	-300	85	288
11	-85	-588	1950249624	-45	-92	-17	-105	-7	-19	0	-277	-866	0	-300	85	288
11	-85	-588	1950251624	-49	-100	-16	-104	-6	-21	0	-283	-887	0	-300	85	288
11	-85	-588	1950253620	-43	-88	-15	-88	-6	-17	0	-289	-904	0	-300	85	288
11	-85	-588	1950255620	-40	-85	-17	-97	-6	-18	0	-295	-922	0	-300	85	288
11	-85	-588	1950257620	-43	-91	-13	-83	-5	-18	0	-300	-940	0	-300	85	288
11	-85	-588	1950259628	-38	-79	-15	-92	-5	-17	0	-305	-957	0	-300	85	288
11	-85	-588	1950261632	-36	-76	-13	-78	-5	-15	0	-310	-972	0	-300	85	288
11	-85	-588	1950263632	-39	-83	-14	-85	-6	-17	0	-316	-989	0	-300	85	288
11	-85	-588	1950265628	-32	-71	-12	-71	-4	-14	0	-320	-734	0	-300	85	288
11	-85	-588	1950267624	-30	-66	-13	-79	-4	-15	0	-324	-749	0	-300	85	288
11	-85	-588	1950269632	-33	-73	-10	-66	-5	-14	0	-329	-763	0	-300	85	288
11	-85	-588	1950271632	-27	-61	-11	-71	-3	-13	0	-332	-733	0	-300	85	288
11	-85	-588	1950273628	-25	-57	-10	-60	-4	-12	0	-336	-745	0	-300	85	288
11	-85	-588	1950275628	-24	-54	-11	-65	-3	-12	0	-339	-757	0	-300	85	288
11	-85	-588	1950277620	-24	-58	-8	-53	-4	-11	0	-343	-768	0	-300	85	288
11	-85	-588	1950279628	-21	-47	-10	-56	-3	-10	0	-346	-778	0	-300	85	288
11	-85	-588	1950281628	-18	-44	-7	-46	-2	-9	0	-348	-787	0	-300	85	288
11	-85	-588	1950283624	-20	-46	-8	-49	-3	-9	0	-351	-796	0	-300	85	288
11	-85	-588	1950285620	-15	-38	-6	-40	-2	-8	0	-353	-804	0	-300	85	288
11	-85	-588	1950287616	-13	-33	-6	-41	-2	-8	0	-355	-812	0	-300	85	288
11	-85	-588	1950289632	-14	-35	-5	-34	-2	-7	0	-357	-727	0	-300	85	288
11	-85	-588	1950291628	-11	-29	-6	-35	-2	-6	0	-359	-733	0	-300	85	288
11	-85	-588	1950293628	-10	-25	-4	-27	-1	-5	0	-360	-738	0	-300	85	288
11	-85	-588	1950295624	-10	-25	-5	-28	-2	-5	0	-362	-743	0	-300	85	288
11	-85	-588	1950297628	-8	-20	-4	-22	-1	-5	0	-363	-748	0	-300	85	288
11	-85	-588	1950299624	-6	-18	-4	-23	-1	-4	0	-364	-752	0	-300	85	288
11	-85	-588	1950301628	-6	-15	-2	-17	-1	-3	0	-365	-755	0	-300	85	288
11	-85	-588	1950303624	-5	-13	-3	-17	0	-3	0	-365	-758	0	-300	85	288
11	-85	-588	1950305636	-4	-10	-2	-15	-1	-2	0	-366	-760	0	-300	85	288
11	-85	-588	1950307628	-4	-9	-3	-10	-1	-2	0	-367	-762	0	-300	85	288
11	-85	-588	1950309616	-2	-8	-1	-10	0	-2	0	-367	-764	0	-300	85	288
11	-85	-588	1950311624	-2	-6	-1	-7	0	-1	1	-367	-721	0	-300	85	288
