1	0	-200	111584956	2	1	0	1	0	0	1	0	-200	0	-200	0	0
1	0	-200	111586968	2	2	1	2	0	1	1	0	-199	0	-200	0	0
1	0	-200	111588960	1	1	0	2	0	0	1	0	-199	0	-200	0	0
1	0	-200	111590964	2	1	0	0	1	0	1	1	-199	0	-200	0	0
1	0	-200	111592944	2	0	0	1	0	0	1	1	-199	0	-200	0	0
1	0	-200	111594948	1	1	1	2	0	0	1	1	-199	0	-200	0	0
1	0	-200	111596928	2	0	0	0	0	0	1	1	-199	0	-200	0	0
1	0	-200	111598972	2	2	0	0	0	1	1	1	-198	0	-200	0	0
1	-56	392	111600924	2	0	2	0	1	0	1	2	-198	-56	192	0	-200
1	-56	392	111602908	3	0	0	0	0	0	1	2	-198	-56	192	0	-200
1	-56	392	111604904	2	0	1	0	0	0	1	2	-198	-56	192	0	-200
1	-56	392	111606912	3	0	0	0	1	0	1	3	-198	-56	192	0	-200
1	-56	392	111608896	3	0	1	0	0	0	1	3	-198	-56	192	0	-200
1	-56	392	111610956	4	-1	1	0	1	0	1	4	-198	-56	192	0	-200
1	-56	392	111612908	4	0	0	0	0	0	1	4	-198	-56	192	0	-200
1	-56	392	111614948	5	-1	2	-1	1	0	1	5	-198	-56	192	0	-200
1	-56	392	111616904	4	0	1	0	0	0	1	5	-198	-56	192	0	-200
1	-56	392	111618940	5	-1	1	-1	1	0	1	6	-198	-56	192	0	-200
1	-56	392	111620900	3	0	1	0	0	0	1	6	-198	-56	192	0	-200
1	-56	392	111622940	5	-2	0	-1	1	0	1	7	-198	-56	192	0	-200
1	-56	392	111624920	4	-1	2	0	0	0	1	7	-198	-56	192	0	-200
1	-56	392	111626944	5	0	1	-2	1	-1	1	8	-199	-56	192	0	-200
1	-56	392	111628912	4	-1	1	0	0	0	1	8	-199	-56	192	0	-200
1	-56	392	111630936	4	0	1	-1	1	0	1	9	-199	-56	192	0	-200
1	-56	392	111632896	2	0	0	0	0	0	1	9	-199	-56	192	0	-200
1	-56	392	111634932	3	-1	2	-1	1	0	1	10	-199	-56	192	0	-200
1	-56	392	111636896	2	0	0	0	0	0	1	10	-199	-56	192	0	-200
1	-56	392	111638888	1	0	1	0	0	0	1	10	-199	-56	192	0	-200
1	-56	392	111640896	2	0	0	0	0	0	1	10	-199	-56	192	0	-200
1	-56	392	111642896	1	0	0	0	0	0	1	10	-199	-56	192	0	-200
1	-56	392	111644892	1	0	0	0	0	0	1	10	-199	-56	192	0	-200
1	-56	392	111646900	0	0	1	0	1	0	1	11	-199	-56	192	0	-200
1	-56	392	111658820	0	0	0	0	0	0	0	11	-199	-56	192	0	-200
1	-56	392	111662820	0	3	0	2	0	0	0	11	-199	-56	192	0	-200
1	-56	392	111664844	0	2	0	3	0	0	0	11	-199	-56	192	0	-200
1	-56	392	111666860	0	5	0	4	0	1	0	11	-198	-56	192	0	-200
1	-56	392	111668916	-2	6	0	5	0	1	0	11	-197	-56	192	0	-200
1	-56	392	111670916	-1	8	0	8	0	2	0	11	-195	-56	192	0	-200
1	-56	392	111672916	-1	9	0	8	0	1	0	11	-194	-56	192	0	-200
1	-56	392	111674912	-1	10	-2	10	0	2	0	11	-192	-56	192	0	-200
1	-56	392	111676920	-2	13	0	12	0	3	0	11	-189	-56	192	0	-200
1	-56	392	111678924	0	14	-1	12	-1	2	0	10	-187	-56	192	0	-200
1	-56	392	111680916	0	18	-1	16	0	4	0	10	-183	-56	192	0	-200
1	-56	392	111682924	0	17	-3	19	0	3	0	10	-180	-56	192	0	-200
1	-56	392	111684920	0	20	-1	18	0	4	0	10	-176	-56	192	0	-200
1	-56	392	111686916	2	25	-1	23	0	5	0	10	-171	-56	192	0	-200
1	-56	392	111688924	4	25	-1	23	0	5	0	10	-166	-56	192	0	-200
1	-56	392	111690920	5	30	-3	29	0	6	0	10	-160	-56	192	0	-200
1	-56	392	111692916	5	29	-1	31	0	6	0	10	-154	-56	192	0	-200
1	-56	392	111694932	9	35	-1	30	1	6	0	11	-148	-56	192	0	-200
1	-56	392	111696928	10	34	-3	35	1	7	0	12	-141	-56	192	0	-200
1	-56	392	111698920	12	38	-1	34	1	7	0	13	-134	-56	192	0	-200
1	-56	392	111700916	14	37	0	40	1	8	0	14	-126	-56	192	0	-200
1	-56	392	111702924	14	40	-1	42	1	8	0	15	-118	-56	192	0	-200
1	-56	392	111704924	20	46	-2	39	2	9	0	17	-109	-56	192	0	-200
1	-56	392	111706920	18	42	0	46	2	9	0	19	-100	-56	192	0	-200
1	-56	392	111708924	24	50	0	49	2	9	0	21	-91	-56	192	0	-200
1	-56	392	111710928	23	48	0	45	3	10	0	24	-81	-56	192	0	-200
1	-56	392	111712928	27	55	0	52	2	10	0	26	-71	-56	192	0	-200
1	-56	392	111714928	28	50	0	49	3	10	0	29	-61	-56	192	0	-200
1	-56	392	111716928	31	59	1	56	3	12	0	32	-49	-56	192	0	-200
1	-56	392	111718932	30	53	1	59	3	11	0	35	-38	-56	192	0	-200
1	-56	392	111720932	31	57	3	54	4	11	0	39	-27	-56	192	0	-200
1	-56	392	111722928	36	63	1	62	4	13	0	43	-14	-56	192	0	-200
1	-56	392	111724940	35	59	2	65	3	12	0	46	-2	-56	192	0	-200
1	-56	392	111726940	39	68	3	58	4	13	0	50	11	-56	192	0	-200
1	-56	392	111728940	36	62	1	69	4	13	0	54	24	-56	192	0	-200
1	-56	392	111730940	42	71	3	61	5	13	0	59	37	-56	192	0	-200
1	-56	392	111732944	38	67	2	71	4	14	0	63	51	-56	192	0	-200
1	-56	392	111734944	45	75	3	75	4	15	0	67	66	-56	192	0	-200
1	-56	392	111736940	42	70	2	68	5	14	0	72	80	-56	192	0	-200
1	-56	392	111738940	42	71	1	78	4	14	0	76	94	-56	192	0	-200
1	-56	392	111740936	50	84	2	73	5	16	0	81	110	-56	192	0	-200
1	-56	392	111742932	44	76	1	85	5	16	0	86	126	-56	192	0	-200
1	-56	392	111744932	52	90	0	87	5	18	0	91	144	-56	192	0	-200
1	-56	392	111746928	47	81	0	80	5	16	0	96	160	-56	192	0	-200
1	-56	392	111748928	55	95	0	94	5	19	0	101	179	-56	192	0	-200
1	-56	392	111750928	48	88	-2	85	5	17	0	106	196	-56	192	0	-200
1	-56	392	111752924	58	101	-2	101	5	20	0	111	216	-56	192	0	-200
1	-56	392	111754916	52	95	-5	104	5	20	0	116	236	-56	192	0	-200
1	-56	392	111756908	54	97	-5	95	5	20	0	121	256	-56	192	0	-200
1	-56	392	111758908	61	114	-8	111	5	22	0	126	278	-56	192	0	-200
1	-56	392	111760916	57	104	-9	115	5	22	0	131	300	-56	192	0	-200
1	-56	392	111762904	63	121	-7	105	6	23	0	137	323	-56	192	0	-200
1	-56	392	111764908	57	110	-11	123	4	23	0	141	346	-56	192	0	-200
1	-56	392	111766916	62	129	-12	111	5	24	0	146	370	-56	192	0	-200
1	-56	392	111768916	56	116	-13	129	5	24	0	151	394	-56	192	0	-200
1	-56	392	111770912	55	120	-14	132	4	26	0	155	420	-56	192	0	-200
1	-56	392	111772912	62	136	-14	118	5	25	0	160	445	-56	192	0	-200
1	-56	392	111774920	52	124	-17	137	3	26	0	163	471	-56	192	0	-200
1	-56	392	111776924	59	141	-15	122	4	26	0	167	497	-56	192	0	-200
1	-56	392	111778924	50	128	-18	140	4	27	0	171	524	-56	192	0	-200
1	-56	392	111780928	55	142	-20	141	3	28	0	174	552	-56	192	0	-200
1	-56	392	111782920	47	127	-16	124	3	26	0	177	578	-56	192	0	-200
1	-56	392	111784912	52	142	-20	141	3	28	0	180	606	-56	192	0	-200
1	-56	392	111786916	42	124	-19	141	3	26	0	183	632	-56	192	0	-200
1	-56	392	111788916	41	124	-17	121	2	25	0	185	657	-56	192	0	-200
1	-56	392	111790920	43	136	-22	137	2	27	0	187	684	-56	192	0	-200
1	-56	392	111792920	36	119	-17	116	2	24	0	189	708	-56	192	0	-200
1	-56	392	111794912	39	128	-20	131	2	26	0	191	734	-56	192	0	-200
1	-56	392	111796920	31	112	-20	126	1	23	0	192	757	-56	192	0	-200
1	-56	392	111798920	34	120	-18	107	2	23	0	194	780	-56	192	0	-200
1	-56	392	111800908	27	101	-20	117	0	22	0	194	802	-56	192	0	-200
1	-56	392	111802920	29	109	-16	99	2	21	0	196	823	-56	192	0	-200
1	-56	392	111804904	24	90	-20	106	0	19	0	196	739	-56	192	0	-200
1	-56	392	111806900	21	85	-19	100	0	19	0	196	758	-56	192	0	-200
1	-56	392	111808916	23	90	-15	83	1	17	0	197	775	-56	192	0	-200
1	-56	392	111810880	17	75	-17	87	0	16	0	197	791	-56	192	0	-200
1	-56	392	111812908	19	77	-15	73	1	15	0	198	806	-56	192	0	-200
1	-56	392	111814900	16	63	-15	76	0	14	0	198	820	-56	192	0	-200
1	-56	392	111816876	15	66	-15	69	0	14	0	198	734	-56	192	0	-200
1	-56	392	111818868	13	52	-13	57	0	11	0	198	745	-56	192	0	-200
1	-56	392	111820864	12	49	-13	59	0	10	0	198	755	-56	192	0	-200
1	-56	392	111822836	13	49	-13	52	0	10	0	198	765	-56	192	0	-200
1	-56	392	111824892	10	39	-9	43	0	9	0	198	774	-56	192	0	-200
1	-56	392	111826892	11	40	-10	44	0	8	0	198	782	-56	192	0	-200
1	-56	392	111828876	10	32	-7	33	0	7	1	198	789	-56	192	0	-200
2	-56	392	111830888	11	31	-8	37	0	6	1	-56	198	-56	192	0	-200
2	-56	392	111832904	10	27	-7	31	1	6	1	-55	204	-56	192	0	-200
2	164	-360	111834884	11	26	-4	25	0	5	1	-55	209	108	-168	-56	192
2	164	-360	111836896	12	20	-5	25	1	5	1	-54	214	108	-168	-56	192
2	164	-360	111838900	10	19	-2	20	1	4	1	-53	218	108	-168	-56	192
2	164	-360	111840896	12	18	-3	21	1	4	1	-52	222	108	-168	-56	192
2	164	-360	111842900	11	15	-1	18	1	3	1	-51	225	108	-168	-56	192
2	164	-360	111844900	13	15	-1	13	1	3	1	-50	228	108	-168	-56	192
2	164	-360	111846900	11	12	0	15	1	2	1	-49	230	108	-168	-56	192
2	164	-360	111848908	14	11	0	12	1	3	1	-48	233	108	-168	-56	192
2	164	-360	111850908	11	9	0	10	2	2	1	-46	235	108	-168	-56	192
2	164	-360	111852920	13	8	0	8	1	1	1	-45	236	108	-168	-56	192
2	164	-360	111854916	11	7	0	8	1	2	1	-44	238	108	-168	-56	192
2	164	-360	111856916	11	6	3	6	1	1	1	-43	239	108	-168	-56	192
2	164	-360	111858912	13	5	1	5	2	1	1	-41	240	108	-168	-56	192
2	164	-360	111860896	10	2	2	4	1	0	1	-40	240	108	-168	-56	192
2	164	-360	111862908	11	4	3	4	1	1	1	-39	241	108	-168	-56	192
2	164	-360	111864896	10	1	2	2	2	1	1	-37	242	108	-168	-56	192
2	164	-360	111866892	11	2	3	1	1	0	1	-36	242	108	-168	-56	192
2	164	-360	111868880	9	1	2	2	1	0	1	-35	242	108	-168	-56	192
2	164	-360	111870860	10	0	3	0	1	0	1	-34	242	108	-168	-56	192
2	164	-360	111872852	9	0	1	0	1	0	1	-33	242	108	-168	-56	192
2	164	-360	111874852	7	0	3	0	1	0	1	-32	242	108	-168	-56	192
2	164	-360	111876876	8	-1	2	0	1	0	1	-31	242	108	-168	-56	192
2	164	-360	111878872	7	0	3	-1	1	0	1	-30	242	108	-168	-56	192
2	164	-360	111880876	8	-1	1	0	1	0	1	-29	242	108	-168	-56	192
2	164	-360	111882872	6	-1	2	-1	1	0	1	-28	242	108	-168	-56	192
2	164	-360	111884876	6	-1	2	-1	1	0	1	-27	242	108	-168	-56	192
2	164	-360	111886868	4	-2	1	-3	0	0	1	-27	242	108	-168	-56	192
2	164	-360	111888884	5	-1	2	-1	1	0	1	-26	242	108	-168	-56	192
2	164	-360	111890876	4	0	0	-1	0	0	1	-26	242	108	-168	-56	192
2	164	-360	111892900	3	-1	2	-2	1	-1	1	-25	241	108	-168	-56	192
2	164	-360	111894880	4	0	1	-1	0	0	1	-25	241	108	-168	-56	192
2	164	-360	111896888	3	-1	1	-1	1	0	1	-24	241	108	-168	-56	192
2	164	-360	111898884	1	0	0	-1	0	0	1	-24	241	108	-168	-56	192
2	164	-360	111900884	2	-2	1	0	0	0	1	-24	241	108	-168	-56	192
2	164	-360	111902904	2	0	2	-2	1	-1	1	-23	240	108	-168	-56	192
2	164	-360	111904884	1	-1	0	-1	0	0	1	-23	240	108	-168	-56	192
2	164	-360	111906860	0	-1	0	-2	0	0	1	-23	240	108	-168	-56	192
2	164	-360	111908896	1	-3	1	-2	0	-1	1	-23	239	108	-168	-56	192
2	164	-360	111910876	0	-2	1	-3	0	0	1	-23	239	108	-168	-56	192
2	164	-360	111912864	0	-4	0	-3	0	-1	1	-23	238	108	-168	-56	192
2	164	-360	111914888	0	-5	1	-5	0	-1	1	-23	237	108	-168	-56	192
2	164	-360	111916864	0	-7	0	-6	0	-1	0	-23	236	108	-168	-56	192
2	164	-360	111918896	-3	-8	2	-8	0	-2	0	-23	234	108	-168	-56	192
2	164	-360	111920896	-2	-11	1	-10	0	-2	0	-23	232	108	-168	-56	192
2	164	-360	111922892	-4	-11	2	-10	0	-2	0	-23	230	108	-168	-56	192
2	164	-360	111924888	-5	-17	2	-12	0	-3	0	-23	227	108	-168	-56	192
2	164	-360	111926884	-5	-16	2	-14	0	-3	0	-23	224	108	-168	-56	192
2	164	-360	111928880	-6	-17	4	-19	0	-3	0	-23	221	108	-168	-56	192
2	164	-360	111930880	-9	-24	5	-21	-1	-5	0	-24	216	108	-168	-56	192
2	164	-360	111932868	-8	-25	4	-21	0	-4	0	-24	212	108	-168	-56	192
2	164	-360	111934876	-11	-30	6	-28	0	-6	0	-24	206	108	-168	-56	192
2	164	-360	111936900	-11	-30	6	-27	-1	-6	0	-25	200	108	-168	-56	192
2	164	-360	111938880	-14	-38	9	-34	0	-7	0	-25	193	108	-168	-56	192
2	164	-360	111940892	-12	-37	11	-39	-1	-8	0	-26	185	108	-168	-56	192
2	164	-360	111942876	-15	-39	10	-36	0	-7	0	-26	178	108	-168	-56	192
2	164	-360	111944880	-18	-49	14	-45	0	-10	0	-26	168	108	-168	-56	192
2	164	-360	111946892	-16	-46	15	-49	-1	-9	0	-27	159	108	-168	-56	192
2	164	-360	111948876	-20	-57	15	-46	0	-10	0	-27	149	108	-168	-56	192
2	164	-360	111950880	-19	-54	20	-57	0	-12	0	-27	137	108	-168	-56	192
2	164	-360	111952872	-22	-64	19	-53	0	-11	0	-27	126	108	-168	-56	192
2	164	-360	111954872	-22	-61	23	-65	0	-13	0	-27	113	108	-168	-56	192
2	164	-360	111956872	-25	-74	27	-69	0	-14	0	-27	99	108	-168	-56	192
2	164	-360	111958872	-22	-69	25	-63	0	-13	0	-27	86	108	-168	-56	192
2	164	-360	111960868	-24	-72	31	-77	0	-15	0	-27	71	108	-168	-56	192
2	164	-360	111962868	-27	-85	30	-71	0	-16	0	-27	55	108	-168	-56	192
2	164	-360	111964880	-24	-80	36	-85	2	-16	0	-25	39	108	-168	-56	192
2	164	-360	111966888	-29	-94	40	-90	1	-19	0	-24	20	108	-168	-56	192
2	164	-360	111968884	-25	-87	36	-81	1	-17	0	-23	3	108	-168	-56	192
2	164	-360	111970892	-29	-103	45	-98	1	-20	0	-22	-17	108	-168	-56	192
2	164	-360	111972896	-26	-94	48	-102	3	-19	0	-19	-36	108	-168	-56	192
2	164	-360	111974896	-29	-110	45	-93	1	-21	0	-18	-57	108	-168	-56	192
2	164	-360	111976896	-26	-101	52	-108	3	-20	0	-15	-77	108	-168	-56	192
2	164	-360	111978904	-30	-117	50	-99	2	-22	0	-13	-99	108	-168	-56	192
2	164	-360	111980908	-26	-108	59	-116	3	-22	0	-10	-121	108	-168	-56	192
2	164	-360	111982904	-25	-109	63	-120	4	-23	0	-6	-144	108	-168	-56	192
2	164	-360	111984904	-28	-126	57	-108	3	-24	0	-3	-168	108	-168	-56	192
2	164	-360	111986900	-23	-115	69	-125	4	-24	0	1	-192	108	-168	-56	192
2	164	-360	111988896	-25	-131	61	-111	4	-24	0	5	-216	108	-168	-56	192
2	164	-360	111990908	-23	-118	74	-129	5	-25	0	10	-241	108	-168	-56	192
2	164	-360	111992900	-22	-133	76	-131	6	-26	0	16	-267	108	-168	-56	192
2	164	-360	111994908	-18	-120	70	-116	5	-24	0	21	-291	108	-168	-56	192
2	164	-360	111996900	-19	-135	81	-133	6	-26	0	27	-317	108	-168	-56	192
2	164	-360	111998900	-15	-120	84	-132	7	-26	0	34	-343	108	-168	-56	192
2	164	-360	112000900	-12	-120	75	-117	6	-23	0	40	-366	108	-168	-56	192
2	164	-360	112002900	-13	-133	89	-132	8	-27	0	48	-393	108	-168	-56	192
2	164	-360	112004896	-7	-117	79	-114	7	-23	0	55	-416	108	-168	-56	192
2	164	-360	112006896	-6	-130	91	-130	8	-26	0	63	-442	108	-168	-56	192
2	164	-360	112008896	-3	-114	92	-127	9	-24	0	72	-466	108	-168	-56	192
2	164	-360	112010888	0	-125	82	-110	9	-24	0	81	-490	108	-168	-56	192
2	164	-360	112012888	1	-110	93	-123	9	-23	0	90	-513	108	-168	-56	192
2	164	-360	112014896	6	-119	82	-105	9	-22	0	99	-535	108	-168	-56	192
2	164	-360	112016892	7	-104	93	-117	10	-22	0	109	-557	108	-168	-56	192
2	164	-360	112018892	10	-101	92	-114	10	-22	0	119	-579	108	-168	-56	192
2	164	-360	112020900	13	-110	80	-99	9	-21	0	128	-600	108	-168	-56	192
2	164	-360	112022908	14	-95	91	-107	11	-20	0	139	-620	108	-168	-56	192
2	164	-360	112024908	15	-104	87	-105	10	-21	0	149	-641	108	-168	-56	192
2	164	-360	112026904	16	-87	77	-89	9	-17	0	158	-658	108	-168	-56	192
2	164	-360	112028904	17	-96	83	-98	10	-20	0	168	-678	108	-168	-56	192
2	164	-360	112030896	18	-83	70	-82	9	-16	0	177	-694	108	-168	-56	192
2	164	-360	112032892	16	-79	79	-91	10	-17	0	187	-711	108	-168	-56	192
2	164	-360	112034892	19	-85	74	-87	9	-18	0	196	-729	108	-168	-56	192
2	164	-360	112036892	17	-71	61	-73	8	-14	0	204	-734	108	-168	-56	192
2	164	-360	112038880	18	-77	65	-79	8	-16	0	212	-750	108	-168	-56	192
2	164	-360	112040880	16	-65	54	-66	7	-13	0	219	-763	108	-168	-56	192
2	164	-360	112042884	16	-69	57	-72	7	-14	0	226	-777	108	-168	-56	192
2	164	-360	112044884	14	-58	54	-67	7	-12	0	233	-789	108	-168	-56	192
2	164	-360	112046884	15	-60	43	-56	6	-12	0	239	-801	108	-168	-56	192
2	164	-360	112048888	13	-50	43	-60	5	-11	0	244	-812	108	-168	-56	192
2	164	-360	112050888	11	-46	35	-49	5	-9	0	249	-821	108	-168	-56	192
2	164	-360	112052884	11	-47	37	-51	5	-10	0	254	-831	108	-168	-56	192
2	164	-360	112054884	10	-39	32	-48	4	-9	0	258	-840	108	-168	-56	192
2	164	-360	112056892	9	-40	25	-39	3	-8	0	261	-848	108	-168	-56	192
2	164	-360	112058896	9	-31	24	-38	4	-7	0	265	-855	108	-168	-56	192
2	164	-360	112060896	7	-33	21	-37	3	-7	0	268	-862	108	-168	-56	192
2	164	-360	112062900	6	-26	16	-27	2	-5	0	270	-867	108	-168	-56	192
2	164	-360	112064904	8	-25	15	-29	2	-5	0	272	-872	108	-168	-56	192
2	164	-360	112066904	5	-19	13	-22	2	-4	0	274	-724	108	-168	-56	192
2	164	-360	112068908	5	-20	10	-22	1	-5	0	275	-729	108	-168	-56	192
2	164	-360	112070912	4	-14	9	-18	2	-3	0	277	-732	108	-168	-56	192
2	164	-360	112072904	3	-12	6	-15	1	-3	0	278	-723	108	-168	-56	192
2	164	-360	112074904	4	-13	6	-14	1	-2	0	279	-725	108	-168	-56	192
2	164	-360	112076892	3	-8	5	-13	0	-2	0	279	-727	108	-168	-56	192
2	164	-360	112078904	2	-8	3	-7	1	-2	0	280	-729	108	-168	-56	192
2	164	-360	112080888	1	-6	3	-9	0	-1	0	280	-730	108	-168	-56	192
2	164	-360	112082900	2	-5	2	-6	1	-1	1	281	-731	108	-168	-56	192
3	164	-360	112084888	1	-4	2	-5	0	-1	1	108	-169	108	-168	-56	192
3	164	-360	112086888	1	-2	1	-4	0	-1	1	108	-170	108	-168	-56	192
3	164	-360	112088872	1	-2	2	-2	0	0	1	108	-170	108	-168	-56	192
3	164	-360	112090904	2	-1	0	-3	1	-1	1	109	-171	108	-168	-56	192
3	-259	299	112092880	0	-1	1	-1	0	0	1	109	-171	-151	131	108	-168
3	-259	299	112094856	0	0	0	-1	0	0	1	109	-171	-151	131	108	-168
3	-259	299	112098848	1	0	0	0	0	0	1	109	-171	-151	131	108	-168
3	-259	299	112100848	0	0	0	-2	0	0	1	109	-171	-151	131	108	-168
3	-259	299	112122860	1	0	0	0	0	0	1	109	-171	-151	131	108	-168
3	-259	299	112142880	0	0	0	1	0	0	1	109	-171	-151	131	108	-168
3	-259	299	112146884	0	2	0	1	0	0	1	109	-171	-151	131	108	-168
3	-259	299	112148880	0	1	0	3	0	0	1	109	-171	-151	131	108	-168
3	-259	299	112150920	0	4	-1	2	0	0	0	109	-171	-151	131	108	-168
3	-259	299	112152928	0	3	-1	4	0	1	0	109	-170	-151	131	108	-168
3	-259	299	112154900	0	5	-2	5	0	1	0	109	-169	-151	131	108	-168
3	-259	299	112156920	0	7	-3	5	0	1	0	109	-168	-151	131	108	-168
3	-259	299	112158912	0	7	-4	7	0	2	0	109	-166	-151	131	108	-168
3	-259	299	112160924	-2	9	-3	8	-1	1	0	108	-165	-151	131	108	-168
3	-259	299	112162920	-1	10	-7	10	-1	2	0	107	-163	-151	131	108	-168
3	-259	299	112164904	-1	12	-7	12	0	3	0	107	-160	-151	131	108	-168
3	-259	299	112166920	-1	14	-8	12	-1	2	0	106	-158	-151	131	108	-168
3	-259	299	112168908	-3	18	-10	16	-2	4	0	104	-154	-151	131	108	-168
3	-259	299	112170912	-2	17	-11	16	-1	3	0	103	-151	-151	131	108	-168
3	-259	299	112172916	-4	23	-15	20	-2	4	0	101	-147	-151	131	108	-168
3	-259	299	112174920	-4	22	-17	24	-2	5	0	99	-142	-151	131	108	-168
3	-259	299	112176920	-4	28	-18	22	-2	5	0	97	-137	-151	131	108	-168
3	-259	299	112178920	-3	27	-22	29	-3	5	0	94	-132	-151	131	108	-168
3	-259	299	112180924	-5	29	-27	31	-3	6	0	91	-126	-151	131	108	-168
3	-259	299	112182924	-7	36	-25	30	-3	7	0	88	-119	-151	131	108	-168
3	-259	299	112184928	-6	34	-32	38	-4	7	0	84	-112	-151	131	108	-168
3	-259	299	112186924	-7	41	-31	35	-4	8	0	80	-104	-151	131	108	-168
3	-259	299	112188928	-8	39	-39	42	-4	8	0	76	-96	-151	131	108	-168
3	-259	299	112190928	-9	47	-43	47	-5	9	0	71	-87	-151	131	108	-168
3	-259	299	112192932	-8	47	-41	43	-5	9	0	66	-78	-151	131	108	-168
3	-259	299	112194932	-12	53	-51	53	-7	11	0	59	-67	-151	131	108	-168
3	-259	299	112196932	-11	52	-48	49	-6	10	0	53	-57	-151	131	108	-168
3	-259	299	112198932	-11	53	-58	58	-6	11	0	47	-46	-151	131	108	-168
3	-259	299	112200936	-14	64	-64	63	-8	13	0	39	-33	-151	131	108	-168
3	-259	299	112202932	-12	60	-59	57	-7	12	0	32	-21	-151	131	108	-168
3	-259	299	112204932	-17	73	-71	70	-9	14	0	23	-7	-151	131	108	-168
3	-259	299	112206936	-15	66	-78	74	-9	14	0	14	7	-151	131	108	-168
3	-259	299	112208936	-17	80	-71	68	-9	15	0	5	22	-151	131	108	-168
3	-259	299	112210932	-18	74	-85	81	-11	15	0	-6	37	-151	131	108	-168
3	-259	299	112212932	-21	86	-79	74	-10	16	0	-16	53	-151	131	108	-168
3	-259	299	112214936	-19	80	-95	87	-11	17	0	-27	70	-151	131	108	-168
3	-259	299	112216940	-23	94	-100	93	-12	19	0	-39	89	-151	131	108	-168
3	-259	299	112218928	-23	87	-90	83	-12	17	0	-51	106	-151	131	108	-168
3	-259	299	112220940	-24	90	-108	99	-13	18	0	-64	124	-151	131	108	-168
3	-259	299	112222940	-27	105	-114	101	-14	21	0	-78	145	-151	131	108	-168
3	-259	299	112224944	-26	96	-103	93	-13	19	0	-91	164	-151	131	108	-168
3	-259	299	112226944	-33	112	-121	109	-15	22	0	-106	186	-151	131	108	-168
3	-259	299	112228944	-30	101	-110	98	-14	20	0	-120	206	-151	131	108	-168
3	-259	299	112230936	-35	117	-129	115	-17	23	0	-137	229	-151	131	108	-168
3	-259	299	112232932	-34	108	-133	119	-16	23	0	-153	252	-151	131	108	-168
3	-259	299	112234932	-40	122	-122	106	-16	23	0	-169	275	-151	131	108	-168
3	-259	299	112236932	-37	113	-142	124	-18	23	0	-187	298	-151	131	108	-168
3	-259	299	112238928	-39	114	-128	111	-17	23	0	-204	321	-151	131	108	-168
3	-259	299	112240932	-45	130	-148	129	-19	26	0	-223	347	-151	131	108	-168
3	-259	299	112242932	-42	116	-153	131	-20	24	0	-243	371	-151	131	108	-168
3	-259	299	112244932	-48	132	-137	117	-18	25	0	-261	396	-151	131	108	-168
3	-259	299	112246932	-45	120	-160	135	-21	26	0	-282	422	-151	131	108	-168
3	-259	299	112248932	-52	135	-143	118	-19	25	0	-301	447	-151	131	108	-168
3	-259	299	112250936	-48	122	-166	135	-22	26	0	-323	473	-151	131	108	-168
3	-259	299	112252920	-49	120	-169	137	-22	26	0	-345	499	-151	131	108	-168
3	-259	299	112254924	-56	135	-149	120	-20	25	0	-365	524	-151	131	108	-168
3	-259	299	112256920	-51	120	-173	135	-22	26	0	-387	550	-151	131	108	-168
3	-259	299	112258924	-59	133	-154	117	-22	25	0	-409	575	-151	131	108	-168
3	-259	299	112260932	-54	118	-175	134	-23	25	0	-432	600	-151	131	108	-168
3	-259	299	112262936	-60	130	-178	132	-23	26	0	-455	626	-151	131	108	-168
3	-259	299	112264936	-55	112	-155	113	-21	22	0	-476	648	-151	131	108	-168
3	-259	299	112266936	-62	125	-176	127	-24	26	0	-500	674	-151	131	108	-168
3	-259	299	112268940	-55	108	-175	124	-23	23	0	-523	697	-151	131	108	-168
3	-259	299	112270940	-63	117	-151	106	-22	22	0	-545	719	-151	131	108	-168
3	-259	299	112272944	-55	102	-170	117	-22	22	0	-567	741	-151	131	108	-168
3	-259	299	112274936	-53	97	-146	98	-20	20	0	-587	761	-151	131	108	-168
3	-259	299	112276944	-60	105	-163	109	-22	21	0	-609	741	-151	131	108	-168
3	-259	299	112278944	-53	89	-157	104	-21	19	0	-630	760	-151	131	108	-168
3	-259	299	112280948	-57	96	-134	86	-19	18	0	-649	778	-151	131	108	-168
3	-259	299	112282952	-49	80	-145	94	-20	18	0	-669	796	-151	131	108	-168
3	-259	299	112284952	-53	86	-140	89	-19	17	0	-688	813	-151	131	108	-168
3	-259	299	112286952	-45	72	-115	73	-16	15	0	-704	828	-151	131	108	-168
3	-259	299	112288952	-47	73	-125	79	-17	15	0	-721	843	-151	131	108	-168
3	-259	299	112290944	-39	63	-103	65	-15	13	0	-736	856	-151	131	108	-168
3	-259	299	112292944	-36	56	-108	69	-14	12	0	-750	732	-151	131	108	-168
3	-259	299	112294948	-38	60	-100	64	-14	13	0	-764	745	-151	131	108	-168
3	-259	299	112296940	-28	48	-80	51	-11	10	0	-775	755	-151	131	108	-168
3	-259	299	112298940	-30	47	-84	52	-11	10	0	-786	765	-151	131	108	-168
3	-259	299	112300944	-24	38	-66	43	-9	8	0	-795	773	-151	131	108	-168
3	-259	299	112302944	-23	38	-68	42	-9	8	0	-804	781	-151	131	108	-168
3	-259	299	112304944	-17	30	-59	38	-8	6	0	-812	787	-151	131	108	-168
3	-259	299	112306944	-16	29	-45	29	-6	6	0	-818	793	-151	131	108	-168
3	-259	299	112308940	-12	21	-43	28	-5	5	0	-823	798	-151	131	108	-168
3	-259	299	112310936	-8	19	-34	23	-4	4	0	-827	724	-151	131	108	-168
3	-259	299	112312936	-5	18	-31	21	-4	4	0	-831	728	-151	131	108	-168
3	-259	299	112314944	-3	11	-27	18	-3	3	0	-834	731	-151	131	108	-168
3	-259	299	112316944	0	11	-18	11	-2	2	1	-836	733	-151	131	108	-168
4	-259	299	112318940	3	8	-15	11	-1	2	1	-152	133	-151	131	108	-168
4	-259	299	112320944	8	5	-13	9	-1	2	1	-153	135	-151	131	108	-168
4	-259	299	112322928	8	3	-6	5	0	0	1	-153	135	-151	131	108	-168
4	-259	299	112324936	12	2	-5	4	0	1	1	-153	136	-151	131	108	-168
4	-259	299	112326932	12	0	-1	2	2	0	1	-151	136	-151	131	108	-168
4	333	-214	112328908	15	0	0	0	1	0	1	-150	136	182	-83	-151	131
4	333	-214	112330912	16	0	0	0	2	0	1	-148	136	182	-83	-151	131
4	333	-214	112332940	18	-2	4	0	2	0	1	-146	136	182	-83	-151	131
4	333	-214	112334916	20	-3	4	-2	2	0	1	-144	136	182	-83	-151	131
4	333	-214	112336948	19	-2	6	-2	3	0	1	-141	136	182	-83	-151	131
4	333	-214	112338956	21	-4	5	-4	2	-1	1	-139	135	182	-83	-151	131
4	333	-214	112340952	19	-4	6	-4	3	-1	1	-136	134	182	-83	-151	131
4	333	-214	112342940	21	-3	5	-2	2	0	1	-134	134	182	-83	-151	131
4	333	-214	112344952	19	-4	6	-4	3	-1	1	-131	133	182	-83	-151	131
4	333	-214	112346944	18	-3	7	-4	2	-1	1	-129	132	182	-83	-151	131
4	333	-214	112348936	19	-3	5	-3	3	0	1	-126	132	182	-83	-151	131
4	333	-214	112350948	15	-4	6	-4	2	-1	1	-124	131	182	-83	-151	131
4	333	-214	112352952	18	-3	5	-4	2	-1	1	-122	130	182	-83	-151	131
4	333	-214	112354936	12	-3	5	-4	2	0	1	-120	130	182	-83	-151	131
4	333	-214	112356948	14	-3	4	-2	2	-1	1	-118	129	182	-83	-151	131
4	333	-214	112358940	11	-2	3	-4	1	0	1	-117	129	182	-83	-151	131
4	333	-214	112360952	11	-3	4	-2	2	-1	1	-115	128	182	-83	-151	131
4	333	-214	112362936	9	-2	4	-3	1	0	1	-114	128	182	-83	-151	131
4	333	-214	112364952	9	-2	2	-2	1	-1	1	-113	127	182	-83	-151	131
4	333	-214	112366940	6	-2	3	-3	1	0	1	-112	127	182	-83	-151	131
4	333	-214	112368940	6	-1	2	-1	1	-1	1	-111	126	182	-83	-151	131
4	333	-214	112370924	5	-2	3	-3	1	0	1	-110	126	182	-83	-151	131
4	333	-214	112372916	4	-1	1	-1	0	0	1	-110	126	182	-83	-151	131
4	333	-214	112374928	4	-1	1	-1	1	0	1	-109	126	182	-83	-151	131
4	333	-214	112376928	2	-3	2	-3	0	-1	1	-109	125	182	-83	-151	131
4	333	-214	112378920	2	-1	1	-1	0	0	1	-109	125	182	-83	-151	131
4	333	-214	112380924	1	-4	2	-4	1	-1	1	-108	124	182	-83	-151	131
4	333	-214	112382916	1	-3	2	-3	0	-1	1	-108	123	182	-83	-151	131
4	333	-214	112384912	0	-5	2	-4	0	-1	1	-108	122	182	-83	-151	131
4	333	-214	112386912	0	-5	4	-6	0	-1	1	-108	121	182	-83	-151	131
4	333	-214	112388924	0	-9	4	-5	1	-1	1	-107	120	182	-83	-151	131
4	333	-214	112390912	-2	-8	5	-9	0	-2	1	-107	118	182	-83	-151	131
4	333	-214	112392908	-2	-10	5	-10	0	-2	1	-107	116	182	-83	-151	131
4	333	-214	112394916	-3	-11	7	-10	1	-2	1	-106	114	182	-83	-151	131
4	333	-214	112396896	-3	-12	9	-13	0	-2	1	-106	112	182	-83	-151	131
4	333	-214	112398916	-5	-17	10	-12	1	-3	0	-105	109	182	-83	-151	131
4	333	-214	112400912	-4	-17	12	-18	1	-4	0	-104	105	182	-83	-151	131
4	333	-214	112402908	-5	-20	15	-18	1	-4	0	-103	101	182	-83	-151	131
4	333	-214	112404904	-5	-21	15	-18	1	-3	0	-102	98	182	-83	-151	131
4	333	-214	112406916	-6	-25	20	-24	1	-5	0	-101	93	182	-83	-151	131
4	333	-214	112408912	-7	-25	20	-22	1	-5	0	-100	88	182	-83	-151	131
4	333	-214	112410904	-6	-27	27	-29	3	-6	0	-97	82	182	-83	-151	131
4	333	-214	112412904	-7	-33	28	-30	2	-6	0	-95	76	182	-83	-151	131
4	333	-214	112414904	-7	-32	29	-29	2	-6	0	-93	70	182	-83	-151	131
4	333	-214	112416904	-6	-37	36	-36	3	-7	0	-90	63	182	-83	-151	131
4	333	-214	112418904	-6	-36	34	-34	3	-7	0	-87	56	182	-83	-151	131
4	333	-214	112420904	-6	-44	44	-41	3	-9	0	-84	47	182	-83	-151	131
4	333	-214	112422892	-4	-41	49	-44	5	-8	0	-79	39	182	-83	-151	131
4	333	-214	112424900	-5	-50	46	-41	4	-9	0	-75	30	182	-83	-151	131
4	333	-214	112426896	-4	-47	56	-50	5	-10	0	-70	20	182	-83	-151	131
4	333	-214	112428900	-4	-50	61	-52	6	-10	0	-64	10	182	-83	-151	131
4	333	-214	112430888	-2	-60	58	-50	6	-11	0	-58	-1	182	-83	-151	131
4	333	-214	112432896	-1	-56	71	-59	7	-12	0	-51	-13	182	-83	-151	131
4	333	-214	112434900	-2	-66	66	-55	6	-12	0	-45	-25	182	-83	-151	131
4	333	-214	112436904	0	-63	80	-65	8	-13	0	-37	-38	182	-83	-151	131
4	333	-214	112438896	2	-73	87	-70	9	-14	0	-28	-52	182	-83	-151	131
4	333	-214	112440896	3	-68	80	-64	8	-13	0	-20	-65	182	-83	-151	131
4	333	-214	112442904	6	-80	96	-76	10	-16	0	-10	-81	182	-83	-151	131
4	333	-214	112444900	7	-75	90	-69	10	-14	0	0	-95	182	-83	-151	131
4	333	-214	112446900	9	-77	106	-82	12	-16	0	12	-111	182	-83	-151	131
4	333	-214	112448904	13	-90	114	-85	12	-18	0	24	-129	182	-83	-151	131
4	333	-214	112450904	13	-84	105	-78	12	-16	0	36	-145	182	-83	-151	131
4	333	-214	112452900	18	-96	124	-91	14	-19	0	50	-164	182	-83	-151	131
4	333	-214	112454900	20	-88	130	-94	15	-18	0	65	-182	182	-83	-151	131
4	333	-214	112456896	25	-101	118	-84	15	-18	0	80	-200	182	-83	-151	131
4	333	-214	112458900	27	-90	142	-97	16	-19	0	96	-219	182	-83	-151	131
4	333	-214	112460900	34	-105	128	-88	17	-19	0	113	-238	182	-83	-151	131
4	333	-214	112462900	35	-93	153	-100	18	-20	0	131	-258	182	-83	-151	131
4	333	-214	112464904	40	-93	157	-101	20	-19	0	151	-277	182	-83	-151	131
4	333	-214	112466904	50	-105	142	-89	19	-19	0	170	-296	182	-83	-151	131
4	333	-214	112468908	50	-94	166	-102	22	-20	0	192	-316	182	-83	-151	131
4	333	-214	112470916	63	-104	171	-103	23	-21	0	215	-337	182	-83	-151	131
4	333	-214	112472912	58	-92	154	-88	22	-18	0	237	-355	182	-83	-151	131
4	333	-214	112474916	74	-102	179	-100	25	-20	0	262	-375	182	-83	-151	131
4	333	-214	112476916	70	-88	160	-87	23	-17	0	285	-392	182	-83	-151	131
4	333	-214	112478920	85	-99	185	-98	27	-20	0	312	-412	182	-83	-151	131
4	333	-214	112480920	79	-85	188	-97	27	-18	0	339	-430	182	-83	-151	131
4	333	-214	112482920	95	-94	168	-82	26	-18	0	365	-448	182	-83	-151	131
4	333	-214	112484924	87	-81	191	-91	28	-17	0	393	-465	182	-83	-151	131
4	333	-214	112486924	90	-79	170	-79	26	-16	0	419	-481	182	-83	-151	131
4	333	-214	112488928	107	-86	194	-89	30	-17	0	449	-498	182	-83	-151	131
4	333	-214	112490924	96	-74	195	-86	29	-16	0	478	-514	182	-83	-151	131
4	333	-214	112492928	110	-81	170	-73	28	-16	0	506	-530	182	-83	-151	131
4	333	-214	112494928	99	-70	192	-81	29	-15	0	535	-545	182	-83	-151	131
4	333	-214	112496920	112	-76	168	-67	28	-14	0	563	-559	182	-83	-151	131
4	333	-214	112498912	100	-67	189	-77	29	-15	0	592	-574	182	-83	-151	131
4	333	-214	112500920	99	-65	186	-72	28	-13	0	620	-587	182	-83	-151	131
4	333	-214	112502912	111	-70	161	-63	28	-14	0	648	-601	182	-83	-151	131
4	333	-214	112504916	98	-58	179	-68	27	-12	0	675	-613	182	-83	-151	131
4	333	-214	112506920	106	-65	174	-67	28	-13	0	703	-626	182	-83	-151	131
4	333	-214	112508908	92	-55	148	-55	24	-11	0	727	-637	182	-83	-151	131
4	333	-214	112510912	102	-60	164	-61	27	-12	0	754	-649	182	-83	-151	131
4	333	-214	112512904	87	-50	136	-51	22	-11	0	776	-660	182	-83	-151	131
4	333	-214	112514900	95	-54	150	-56	25	-11	0	801	-671	182	-83	-151	131
4	333	-214	112516904	80	-45	143	-53	22	-9	0	823	-680	182	-83	-151	131
4	333	-214	112518896	76	-43	117	-44	19	-9	0	842	-689	182	-83	-151	131
4	333	-214	112520904	80	-45	125	-47	21	-9	0	863	-698	182	-83	-151	131
4	333	-214	112522904	68	-37	103	-39	17	-8	0	880	-706	182	-83	-151	131
4	333	-214	112524900	70	-39	109	-40	18	-8	0	898	-714	182	-83	-151	131
4	333	-214	112526892	56	-31	97	-37	15	-7	0	913	-721	182	-83	-151	131
4	333	-214	112528904	59	-33	79	-30	14	-6	0	927	-727	182	-83	-151	131
4	333	-214	112530904	47	-25	80	-33	13	-6	0	940	-733	182	-83	-151	131
4	333	-214	112532908	47	-26	62	-25	10	-5	0	950	-725	182	-83	-151	131
4	333	-214	112534908	37	-19	63	-25	10	-4	0	960	-729	182	-83	-151	131
4	333	-214	112536908	33	-17	54	-22	9	-4	0	969	-733	182	-83	-151	131
4	333	-214	112538908	31	-18	40	-18	7	-4	0	976	-737	182	-83	-151	131
4	333	-214	112540908	24	-12	38	-16	6	-2	0	982	-739	182	-83	-151	131
4	333	-214	112542904	22	-11	33	-15	6	-3	0	988	-742	182	-83	-151	131
4	333	-214	112544912	16	-9	24	-10	4	-2	0	992	-744	182	-83	-151	131
4	333	-214	112546916	14	-8	21	-10	3	-2	0	995	-746	182	-83	-151	131
4	333	-214	112548920	10	-5	15	-8	3	-1	0	998	-747	182	-83	-151	131
4	333	-214	112550916	9	-5	12	-6	2	-1	0	1000	-721	182	-83	-151	131
4	333	-214	112552908	6	-2	10	-5	2	-1	1	1002	-722	182	-83	-151	131
5	333	-214	112554892	5	-1	5	-4	1	0	1	183	-83	182	-83	-151	131
5	333	-214	112556888	3	-2	5	-2	0	-1	1	183	-84	182	-83	-151	131
5	333	-214	112558888	2	-1	3	-1	1	0	1	184	-84	182	-83	-151	131
5	333	-214	112560884	1	0	1	-2	0	0	1	184	-84	182	-83	-151	131
5	333	-214	112562884	0	0	1	-1	0	0	1	184	-84	182	-83	-151	131
5	333	-214	112564884	2	-1	0	0	0	0	1	184	-84	182	-83	-151	131
5	-380	111	112624872	0	0	0	0	0	0	0	184	-84	-198	28	182	-83
5	-380	111	112626896	0	0	0	1	0	0	0	184	-84	-198	28	182	-83
5	-380	111	112632900	-1	0	0	0	0	0	0	184	-84	-198	28	182	-83
5	-380	111	112634924	0	2	-3	1	0	0	0	184	-84	-198	28	182	-83
5	-380	111	112636920	-1	1	-2	1	0	0	0	184	-84	-198	28	182	-83
5	-380	111	112638912	-3	2	-4	3	0	0	0	184	-84	-198	28	182	-83
5	-380	111	112640920	-1	4	-6	2	-1	0	0	183	-84	-198	28	182	-83
5	-380	111	112642932	-4	3	-8	4	-1	1	0	182	-83	-198	28	182	-83
5	-380	111	112644928	-3	5	-10	4	-1	1	0	181	-82	-198	28	182	-83
5	-380	111	112646928	-5	5	-12	5	-2	1	0	179	-81	-198	28	182	-83
5	-380	111	112648932	-5	6	-14	6	-2	1	0	177	-80	-198	28	182	-83
5	-380	111	112650932	-8	9	-19	7	-3	2	0	174	-78	-198	28	182	-83
5	-380	111	112652932	-9	8	-20	8	-2	1	0	172	-77	-198	28	182	-83
5	-380	111	112654936	-12	12	-27	10	-4	3	0	168	-74	-198	28	182	-83
5	-380	111	112656932	-13	10	-31	11	-5	2	0	163	-72	-198	28	182	-83
5	-380	111	112658928	-17	15	-32	11	-5	2	0	158	-70	-198	28	182	-83
5	-380	111	112660920	-18	13	-41	14	-6	3	0	152	-67	-198	28	182	-83
5	-380	111	112662924	-20	15	-40	14	-6	3	0	146	-64	-198	28	182	-83
5	-380	111	112664928	-26	19	-52	19	-7	4	0	139	-60	-198	28	182	-83
5	-380	111	112666924	-26	18	-58	18	-9	3	0	130	-57	-198	28	182	-83
5	-380	111	112668920	-34	21	-56	18	-9	4	0	121	-53	-198	28	182	-83
5	-380	111	112670916	-34	20	-70	22	-10	4	0	111	-49	-198	28	182	-83
5	-380	111	112672916	-41	25	-68	20	-11	5	0	100	-44	-198	28	182	-83
5	-380	111	112674916	-40	22	-82	25	-12	5	0	88	-39	-198	28	182	-83
5	-380	111	112676920	-50	28	-90	27	-14	5	0	74	-34	-198	28	182	-83
5	-380	111	112678920	-47	25	-85	23	-13	5	0	61	-29	-198	28	182	-83
5	-380	111	112680912	-52	26	-104	29	-16	5	0	45	-24	-198	28	182	-83
5	-380	111	112682920	-62	31	-111	31	-17	7	0	28	-17	-198	28	182	-83
5	-380	111	112684916	-60	29	-104	28	-17	5	0	11	-12	-198	28	182	-83
5	-380	111	112686908	-71	33	-125	34	-19	7	0	-8	-5	-198	28	182	-83
5	-380	111	112688916	-68	31	-116	30	-19	6	0	-27	1	-198	28	182	-83
5	-380	111	112690912	-81	36	-140	35	-22	7	0	-49	8	-198	28	182	-83
5	-380	111	112692908	-75	31	-148	35	-22	7	0	-71	15	-198	28	182	-83
5	-380	111	112694900	-89	38	-135	32	-23	7	0	-94	22	-198	28	182	-83
5	-380	111	112696904	-84	35	-160	38	-24	7	0	-118	29	-198	28	182	-83
5	-380	111	112698912	-86	35	-146	35	-23	7	0	-141	36	-198	28	182	-83
5	-380	111	112700904	-100	40	-174	40	-28	8	0	-169	44	-198	28	182	-83
5	-380	111	112702904	-92	37	-180	41	-27	8	0	-196	52	-198	28	182	-83
5	-380	111	112704912	-108	44	-162	37	-27	8	0	-223	60	-198	28	182	-83
5	-380	111	112706916	-99	39	-190	44	-29	8	0	-252	68	-198	28	182	-83
5	-380	111	112708904	-113	45	-196	45	-31	9	0	-283	77	-198	28	182	-83
5	-380	111	112710908	-103	41	-177	40	-28	8	0	-311	85	-198	28	182	-83
5	-380	111	112712912	-117	48	-203	46	-32	10	0	-343	95	-198	28	182	-83
5	-380	111	112714920	-107	42	-182	42	-28	8	0	-371	103	-198	28	182	-83
5	-380	111	112716920	-107	43	-208	47	-32	9	0	-403	112	-198	28	182	-83
5	-380	111	112718924	-121	48	-212	49	-33	10	0	-436	122	-198	28	182	-83
5	-380	111	112720916	-108	45	-185	42	-30	9	0	-466	131	-198	28	182	-83
5	-380	111	112722916	-121	50	-212	50	-33	10	0	-499	141	-198	28	182	-83
5	-380	111	112724912	-108	47	-185	44	-29	9	0	-528	150	-198	28	182	-83
5	-380	111	112726912	-118	52	-211	51	-33	10	0	-561	160	-198	28	182	-83
5	-380	111	112728912	-107	45	-210	52	-32	10	0	-593	170	-198	28	182	-83
5	-380	111	112730908	-102	46	-182	45	-28	9	0	-621	179	-198	28	182	-83
5	-380	111	112732912	-115	50	-203	50	-32	10	0	-653	189	-198	28	182	-83
5	-380	111	112734908	-100	44	-175	45	-27	9	0	-680	198	-198	28	182	-83
5	-380	111	112736912	-109	49	-194	48	-31	9	0	-711	207	-198	28	182	-83
5	-380	111	112738908	-94	42	-189	49	-28	10	0	-739	217	-198	28	182	-83
5	-380	111	112740904	-101	48	-159	41	-26	8	0	-765	225	-198	28	182	-83
5	-380	111	112742908	-86	40	-175	45	-26	9	0	-791	234	-198	28	182	-83
5	-380	111	112744916	-91	44	-167	45	-26	9	0	-817	243	-198	28	182	-83
5	-380	111	112746912	-78	37	-140	38	-22	7	0	-839	250	-198	28	182	-83
5	-380	111	112748912	-82	40	-151	42	-23	9	0	-862	259	-198	28	182	-83
5	-380	111	112750908	-68	35	-125	35	-19	7	0	-881	266	-198	28	182	-83
5	-380	111	112752912	-62	33	-135	39	-20	7	0	-901	273	-198	28	182	-83
5	-380	111	112754920	-65	33	-124	36	-19	7	0	-920	280	-198	28	182	-83
5	-380	111	112756916	-53	29	-101	32	-15	6	0	-935	286	-198	28	182	-83
5	-380	111	112758908	-52	31	-105	32	-16	6	0	-951	292	-198	28	182	-83
5	-380	111	112760916	-43	25	-85	28	-13	5	0	-964	297	-198	28	182	-83
5	-380	111	112762916	-41	28	-89	30	-13	6	0	-977	303	-198	28	182	-83
5	-380	111	112764912	-33	22	-79	26	-11	5	0	-988	308	-198	28	182	-83
5	-380	111	112766912	-27	20	-62	22	-9	4	0	-997	312	-198	28	182	-83
5	-380	111	112768908	-28	22	-64	24	-9	5	0	-1006	317	-198	28	182	-83
5	-380	111	112770900	-20	17	-55	21	-8	4	0	-1014	321	-198	28	182	-83
5	-380	111	112772908	-18	18	-44	18	-6	3	0	-1020	324	-198	28	182	-83
5	-380	111	112774904	-13	13	-42	19	-5	3	0	-1025	327	-198	28	182	-83
5	-380	111	112776912	-12	15	-34	13	-5	3	0	-1030	330	-198	28	182	-83
5	-380	111	112778908	-8	13	-33	17	-4	3	0	-1034	333	-198	28	182	-83
5	-380	111	112780912	-7	12	-27	13	-3	3	0	-1037	336	-198	28	182	-83
5	-380	111	112782916	-4	10	-21	12	-3	2	0	-1040	338	-198	28	182	-83
5	-380	111	112784904	-3	10	-23	11	-3	2	1	-1043	340	-198	28	182	-83
6	396	0	112786904	0	9	-15	9	-1	2	1	-199	30	198	28	-198	28
6	396	0	112788908	-1	8	-17	10	-2	2	1	-201	32	198	28	-198	28
6	396	0	112790920	0	8	-14	8	-1	1	1	-202	33	198	28	-198	28
6	396	0	112792916	2	7	-11	7	-1	2	1	-203	35	198	28	-198	28
6	396	0	112794912	1	7	-13	7	-1	1	1	-204	36	198	28	-198	28
6	396	0	112796912	3	6	-10	6	-1	1	1	-205	37	198	28	-198	28
6	396	0	112798920	2	8	-10	8	-1	2	1	-206	39	198	28	-198	28
6	396	0	112800916	3	5	-10	6	-1	1	1	-207	40	198	28	-198	28
6	396	0	112802900	2	5	-9	5	0	1	1	-207	41	198	28	-198	28
6	396	0	112804920	3	6	-10	6	-1	1	1	-208	42	198	28	-198	28
6	396	0	112806924	2	5	-10	5	-1	1	1	-209	43	198	28	-198	28
6	396	0	112808904	3	6	-8	5	0	1	1	-209	44	198	28	-198	28
6	396	0	112810912	1	5	-10	7	-1	1	1	-210	45	198	28	-198	28
6	396	0	112812908	0	4	-8	3	-1	1	1	-211	46	198	28	-198	28
6	396	0	112814908	1	5	-10	5	-1	1	1	-212	47	198	28	-198	28
6	396	0	112816908	0	4	-9	5	-1	1	1	-213	48	198	28	-198	28
6	396	0	112818908	0	4	-8	4	-1	1	1	-214	49	198	28	-198	28
6	396	0	112820888	0	3	-9	4	0	0	1	-214	49	198	28	-198	28
6	396	0	112822912	0	4	-8	4	-1	1	1	-215	50	198	28	-198	28
6	396	0	112824916	0	4	-7	3	-1	1	1	-216	51	198	28	-198	28
6	396	0	112826916	0	2	-8	4	-1	1	1	-217	52	198	28	-198	28
6	396	0	112828904	-2	3	-6	3	-1	0	1	-218	52	198	28	-198	28
6	396	0	112830900	-1	2	-6	2	0	1	1	-218	53	198	28	-198	28
6	396	0	112832916	0	3	-5	3	-1	0	1	-219	53	198	28	-198	28
6	396	0	112834908	-1	1	-4	2	0	0	1	-219	53	198	28	-198	28
6	396	0	112836936	-1	1	-5	1	-1	1	1	-220	54	198	28	-198	28
6	396	0	112838912	0	3	-2	3	0	0	1	-220	54	198	28	-198	28
6	396	0	112840924	-2	0	-4	1	-1	0	1	-221	54	198	28	-198	28
6	396	0	112842920	0	1	-3	1	0	1	1	-221	55	198	28	-198	28
6	396	0	112844908	-1	1	-1	0	0	0	1	-221	55	198	28	-198	28
6	396	0	112846912	0	0	-1	2	0	0	1	-221	55	198	28	-198	28
6	396	0	112848908	0	2	-1	0	0	0	1	-221	55	198	28	-198	28
6	396	0	112850876	0	0	0	1	0	0	1	-221	55	198	28	-198	28
6	396	0	112852884	0	0	-2	0	-1	0	1	-222	55	198	28	-198	28
6	396	0	112884876	0	0	1	0	0	0	1	-222	55	198	28	-198	28
6	396	0	112888904	0	-1	1	0	0	0	0	-222	55	198	28	-198	28
6	396	0	112890900	0	0	3	-1	0	0	0	-222	55	198	28	-198	28
6	396	0	112892892	0	-1	3	-1	0	0	0	-222	55	198	28	-198	28
6	396	0	112894880	0	-1	5	-1	1	0	0	-221	55	198	28	-198	28
6	396	0	112896896	1	-3	5	-1	0	0	0	-221	55	198	28	-198	28
6	396	0	112898904	1	-2	8	-3	1	0	0	-220	55	198	28	-198	28
6	396	0	112900916	1	-3	11	-2	2	-1	0	-218	54	198	28	-198	28
6	396	0	112902920	3	-4	10	-3	1	-1	0	-217	53	198	28	-198	28
6	396	0	112904908	2	-3	15	-4	2	0	0	-215	53	198	28	-198	28
6	396	0	112906920	5	-4	15	-3	2	-1	0	-213	52	198	28	-198	28
6	396	0	112908920	5	-5	21	-5	2	-1	0	-211	51	198	28	-198	28
6	396	0	112910920	5	-5	24	-5	3	-1	0	-208	50	198	28	-198	28
6	396	0	112912924	10	-6	24	-5	3	-1	0	-205	49	198	28	-198	28
6	396	0	112914924	9	-7	31	-5	4	-1	0	-201	48	198	28	-198	28
6	396	0	112916928	14	-7	31	-7	5	-2	0	-196	46	198	28	-198	28
6	396	0	112918932	15	-6	40	-7	5	-1	0	-191	45	198	28	-198	28
6	396	0	112920932	18	-9	45	-8	7	-2	0	-184	43	198	28	-198	28
6	396	0	112922932	22	-8	43	-6	6	-1	0	-178	42	198	28	-198	28
6	396	0	112924928	26	-8	55	-7	8	-2	0	-170	40	198	28	-198	28
6	396	0	112926928	27	-8	60	-9	9	-1	0	-161	39	198	28	-198	28
6	396	0	112928924	32	-7	57	-8	9	-2	0	-152	37	198	28	-198	28
6	396	0	112930920	38	-10	72	-8	11	-2	0	-141	35	198	28	-198	28
6	396	0	112932924	40	-8	67	-8	11	-1	0	-130	34	198	28	-198	28
6	396	0	112934924	50	-9	83	-9	13	-2	0	-117	32	198	28	-198	28
6	396	0	112936920	49	-8	90	-8	14	-2	0	-103	30	198	28	-198	28
6	396	0	112938924	60	-9	83	-8	14	-1	0	-89	29	198	28	-198	28
6	396	0	112940924	59	-9	104	-9	16	-2	0	-73	27	198	28	-198	28
6	396	0	112942924	71	-9	96	-7	17	-2	0	-56	25	198	28	-198	28
6	396	0	112944928	70	-7	117	-10	19	-1	0	-37	24	198	28	-198	28
6	396	0	112946932	73	-8	125	-9	20	-2	0	-17	22	198	28	-198	28
6	396	0	112948932	88	-8	115	-7	20	-2	0	3	20	198	28	-198	28
6	396	0	112950928	85	-8	140	-9	22	-1	0	25	19	198	28	-198	28
6	396	0	112952924	100	-9	128	-9	23	-2	0	48	17	198	28	-198	28
6	396	0	112954928	95	-7	155	-9	25	-2	0	73	15	198	28	-198	28
6	396	0	112956928	112	-9	164	-10	28	-2	0	101	13	198	28	-198	28
6	396	0	112958928	105	-7	150	-7	25	-1	0	126	12	198	28	-198	28
6	396	0	112960932	122	-8	179	-9	30	-2	0	156	10	198	28	-198	28
6	396	0	112962936	115	-7	187	-9	31	-1	0	187	9	198	28	-198	28
6	396	0	112964940	120	-7	170	-8	29	-2	0	216	7	198	28	-198	28
6	396	0	112966940	140	-7	203	-9	34	-1	0	250	6	198	28	-198	28
6	396	0	112968944	129	-8	182	-8	31	-2	0	281	4	198	28	-198	28
6	396	0	112970944	149	-7	217	-8	37	-2	0	318	2	198	28	-198	28
6	396	0	112972948	137	-8	223	-9	36	-1	0	354	1	198	28	-198	28
6	396	0	112974944	158	-7	200	-6	35	-2	0	389	-1	198	28	-198	28
6	396	0	112976948	143	-6	234	-9	38	-1	0	427	-2	198	28	-198	28
6	396	0	112978936	164	-7	240	-8	41	-2	0	468	-4	198	28	-198	28
6	396	0	112980940	149	-5	213	-6	36	-1	0	504	-5	198	28	-198	28
6	396	0	112982944	169	-6	246	-7	41	-1	0	545	-6	198	28	-198	28
6	396	0	112984948	152	-4	216	-5	37	-1	0	582	-7	198	28	-198	28
6	396	0	112986956	154	-3	250	-7	40	-1	0	622	-8	198	28	-198	28
6	396	0	112988944	172	-4	249	-5	43	-1	0	665	-9	198	28	-198	28
6	396	0	112990932	155	-3	219	-2	37	0	0	702	-9	198	28	-198	28
6	396	0	112992944	173	-2	247	-4	42	-1	0	744	-10	198	28	-198	28
6	396	0	112994932	152	-1	214	-1	37	0	0	781	-10	198	28	-198	28
6	396	0	112996940	169	0	240	-1	40	0	0	821	-10	198	28	-198	28
6	396	0	112998944	148	0	235	-2	39	0	0	860	-10	198	28	-198	28
6	396	0	113000912	162	0	200	0	36	0	0	896	-10	198	28	-198	28
6	396	0	113002916	141	0	222	0	36	0	0	932	-10	198	28	-198	28
6	396	0	113004944	137	1	214	2	35	0	0	967	-10	198	28	-198	28
6	396	0	113006916	147	4	179	1	33	0	0	1000	-10	198	28	-198	28
6	396	0	113008944	128	3	195	3	32	0	0	1032	-10	198	28	-198	28
6	396	0	113010948	136	5	162	4	30	1	0	1062	-9	198	28	-198	28
6	396	0	113012956	114	3	174	3	29	1	0	1091	-8	198	28	-198	28
6	396	0	113014952	121	5	161	5	28	1	0	1119	-7	198	28	-198	28
6	396	0	113016944	100	5	133	4	23	1	0	1142	-6	198	28	-198	28
6	396	0	113018952	104	5	137	6	24	1	0	1166	-5	198	28	-198	28
6	396	0	113020952	83	5	110	4	20	1	0	1186	-4	198	28	-198	28
6	396	0	113022940	75	5	113	5	19	1	0	1205	-3	198	28	-198	28
6	396	0	113024932	77	5	100	5	17	1	0	1222	-2	198	28	-198	28
6	396	0	113026932	58	4	76	4	14	0	0	1236	-2	198	28	-198	28
6	396	0	113028948	58	5	78	5	13	1	0	1249	-1	198	28	-198	28
6	396	0	113030948	44	4	65	2	11	1	1	1260	0	198	28	-198	28
7	396	0	113032940	41	4	48	4	9	1	1	207	29	198	28	-198	28
7	396	0	113034932	31	2	48	3	8	0	1	215	29	198	28	-198	28
7	396	0	113036944	28	4	34	3	6	1	1	221	30	198	28	-198	28
7	396	0	113038936	20	2	31	3	5	0	1	226	30	198	28	-198	28
7	-380	-111	113040948	15	2	24	1	4	1	1	230	31	-182	-83	198	28
7	-380	-111	113042940	12	1	16	3	3	0	1	233	31	-182	-83	198	28
7	-380	-111	113044944	9	1	14	1	2	0	1	235	31	-182	-83	198	28
7	-380	-111	113046948	5	1	7	1	1	1	1	236	32	-182	-83	198	28
7	-380	-111	113048940	4	0	6	1	1	0	1	237	32	-182	-83	198	28
7	-380	-111	113050944	1	2	4	2	1	0	1	238	32	-182	-83	198	28
7	-380	-111	113052908	1	0	1	0	0	0	1	238	32	-182	-83	198	28
7	-380	-111	113054904	0	0	2	0	0	0	1	238	32	-182	-83	198	28
7	-380	-111	113092900	-2	0	0	0	0	0	1	238	32	-182	-83	198	28
7	-380	-111	113094900	-1	0	0	0	0	0	1	238	32	-182	-83	198	28
7	-380	-111	113096904	-2	0	-1	0	0	0	1	238	32	-182	-83	198	28
7	-380	-111	113098932	-4	1	-1	1	0	0	1	238	32	-182	-83	198	28
7	-380	-111	113100908	-5	0	-1	0	0	0	1	238	32	-182	-83	198	28
7	-380	-111	113102948	-5	1	-2	1	-1	0	1	237	32	-182	-83	198	28
7	-380	-111	113104960	-6	1	-2	1	-1	1	1	236	33	-182	-83	198	28
7	-380	-111	113106916	-7	0	-3	0	-1	0	1	235	33	-182	-83	198	28
7	-380	-111	113108932	-8	2	-3	2	-1	0	1	234	33	-182	-83	198	28
7	-380	-111	113110928	-10	1	-5	1	-2	0	1	232	33	-182	-83	198	28
7	-380	-111	113112936	-10	1	-7	1	-1	0	0	231	33	-182	-83	198	28
7	-380	-111	113114912	-14	0	-7	0	-2	0	0	229	33	-182	-83	198	28
7	-380	-111	113116956	-14	1	-10	1	-3	1	0	226	34	-182	-83	198	28
7	-380	-111	113118916	-19	0	-14	0	-3	0	0	223	34	-182	-83	198	28
7	-380	-111	113120924	-17	0	-14	0	-3	0	0	220	34	-182	-83	198	28
7	-380	-111	113122944	-24	0	-21	2	-5	0	0	215	34	-182	-83	198	28
7	-380	-111	113124916	-24	0	-21	0	-4	0	0	211	34	-182	-83	198	28
7	-380	-111	113126912	-26	0	-29	0	-6	0	0	205	34	-182	-83	198	28
7	-380	-111	113128928	-34	0	-35	-1	-7	0	0	198	34	-182	-83	198	28
7	-380	-111	113130932	-32	-3	-35	-1	-6	0	0	192	34	-182	-83	198	28
7	-380	-111	113132932	-43	-2	-47	-3	-9	0	0	183	34	-182	-83	198	28
7	-380	-111	113134944	-41	-4	-47	-2	-9	-1	0	174	33	-182	-83	198	28
7	-380	-111	113136940	-51	-4	-60	-4	-11	-1	0	163	32	-182	-83	198	28
7	-380	-111	113138936	-51	-5	-68	-4	-12	-1	0	151	31	-182	-83	198	28
7	-380	-111	113140936	-64	-6	-68	-5	-13	-1	0	138	30	-182	-83	198	28
7	-380	-111	113142940	-61	-5	-85	-5	-15	-1	0	123	29	-182	-83	198	28
7	-380	-111	113144944	-68	-7	-81	-5	-15	-1	0	108	28	-182	-83	198	28
7	-380	-111	113146944	-82	-8	-101	-7	-18	-1	0	90	27	-182	-83	198	28
7	-380	-111	113148936	-79	-9	-112	-8	-19	-2	0	71	25	-182	-83	198	28
7	-380	-111	113150936	-96	-10	-105	-7	-20	-2	0	51	23	-182	-83	198	28
7	-380	-111	113152940	-92	-10	-128	-9	-22	-2	0	29	21	-182	-83	198	28
7	-380	-111	113154940	-108	-11	-138	-10	-25	-2	0	4	19	-182	-83	198	28
7	-380	-111	113156940	-103	-12	-127	-10	-23	-2	0	-19	17	-182	-83	198	28
7	-380	-111	113158936	-124	-14	-155	-12	-28	-3	0	-47	14	-182	-83	198	28
7	-380	-111	113160936	-115	-14	-142	-12	-25	-2	0	-72	12	-182	-83	198	28
7	-380	-111	113162936	-120	-15	-170	-15	-29	-3	0	-101	9	-182	-83	198	28
7	-380	-111	113164936	-142	-16	-178	-15	-32	-3	0	-133	6	-182	-83	198	28
7	-380	-111	113166940	-131	-16	-162	-15	-30	-3	0	-163	3	-182	-83	198	28
7	-380	-111	113168936	-154	-20	-192	-17	-34	-4	0	-197	-1	-182	-83	198	28
7	-380	-111	113170932	-141	-19	-174	-16	-32	-4	0	-229	-5	-182	-83	198	28
7	-380	-111	113172936	-164	-21	-204	-20	-37	-4	0	-266	-9	-182	-83	198	28
7	-380	-111	113174944	-151	-22	-210	-22	-36	-4	0	-302	-13	-182	-83	198	28
7	-380	-111	113176952	-173	-25	-188	-20	-36	-5	0	-338	-18	-182	-83	198	28
7	-380	-111	113178952	-159	-23	-220	-23	-38	-4	0	-376	-22	-182	-83	198	28
7	-380	-111	113180956	-161	-24	-225	-24	-38	-5	0	-414	-27	-182	-83	198	28
7	-380	-111	113182956	-184	-29	-200	-24	-39	-5	0	-453	-32	-182	-83	198	28
7	-380	-111	113184952	-167	-26	-232	-27	-40	-6	0	-493	-38	-182	-83	198	28
7	-380	-111	113186948	-189	-29	-205	-24	-39	-5	0	-532	-43	-182	-83	198	28
7	-380	-111	113188948	-171	-27	-237	-30	-41	-6	0	-573	-49	-182	-83	198	28
7	-380	-111	113190948	-193	-32	-239	-30	-43	-6	0	-616	-55	-182	-83	198	28
7	-380	-111	113192940	-172	-27	-211	-26	-38	-5	0	-654	-60	-182	-83	198	28
7	-380	-111	113194940	-194	-33	-241	-32	-44	-7	0	-698	-67	-182	-83	198	28
7	-380	-111	113196940	-172	-28	-212	-26	-38	-5	0	-736	-72	-182	-83	198	28
7	-380	-111	113198936	-172	-29	-241	-31	-42	-6	0	-778	-78	-182	-83	198	28
7	-380	-111	113200936	-191	-31	-240	-31	-43	-6	0	-821	-84	-182	-83	198	28
7	-380	-111	113202940	-167	-28	-209	-27	-37	-6	0	-858	-90	-182	-83	198	28
7	-380	-111	113204940	-185	-30	-233	-30	-42	-6	0	-900	-96	-182	-83	198	28
7	-380	-111	113206936	-162	-25	-233	-28	-40	-5	0	-940	-101	-182	-83	198	28
7	-380	-111	113208932	-176	-27	-199	-24	-37	-5	0	-977	-106	-182	-83	198	28
7	-380	-111	113210932	-152	-24	-222	-28	-37	-5	0	-1014	-111	-182	-83	198	28
7	-380	-111	113212936	-148	-23	-189	-21	-34	-5	0	-1048	-116	-182	-83	198	28
7	-380	-111	113214936	-159	-23	-210	-25	-37	-4	0	-1085	-120	-182	-83	198	28
7	-380	-111	113216936	-136	-20	-202	-22	-34	-5	0	-1119	-125	-182	-83	198	28
7	-380	-111	113218940	-146	-22	-170	-18	-31	-4	0	-1150	-129	-182	-83	198	28
7	-380	-111	113220940	-123	-17	-187	-20	-31	-3	0	-1181	-132	-182	-83	198	28
7	-380	-111	113222940	-130	-18	-153	-15	-29	-4	0	-1210	-136	-182	-83	198	28
7	-380	-111	113224944	-106	-15	-167	-16	-27	-3	0	-1237	-139	-182	-83	198	28
7	-380	-111	113226948	-112	-15	-155	-15	-27	-3	0	-1264	-142	-182	-83	198	28
7	-380	-111	113228948	-90	-11	-126	-11	-21	-2	0	-1285	-144	-182	-83	198	28
7	-380	-111	113230948	-94	-12	-132	-13	-23	-2	0	-1308	-146	-182	-83	198	28
7	-380	-111	113232952	-75	-10	-120	-10	-19	-2	0	-1327	-148	-182	-83	198	28
7	-380	-111	113234940	-66	-9	-95	-7	-17	-2	0	-1344	-150	-182	-83	198	28
7	-380	-111	113236952	-67	-9	-97	-8	-16	-2	0	-1360	-152	-182	-83	198	28
7	-380	-111	113238948	-51	-6	-75	-6	-13	-1	0	-1373	-153	-182	-83	198	28
7	-380	-111	113240944	-50	-6	-75	-6	-12	-1	0	-1385	-154	-182	-83	198	28
7	-380	-111	113242948	-36	-5	-63	-5	-10	-1	0	-1290	-155	-182	-83	198	28
7	-380	-111	113244944	-35	-5	-48	-4	-8	-1	0	-1298	-156	-182	-83	198	28
7	-380	-111	113246952	-25	-4	-46	-5	-7	-1	0	-1305	-157	-182	-83	198	28
7	-380	-111	113248944	-23	-3	-34	-3	-6	-1	0	-1311	-158	-182	-83	198	28
7	-380	-111	113250940	-15	-2	-31	-2	-5	0	0	-1316	-158	-182	-83	198	28
7	-380	-111	113252940	-11	-1	-24	-3	-3	0	0	-1319	-158	-182	-83	198	28
7	-380	-111	113254956	-10	-3	-16	-1	-3	-1	0	-1322	-159	-182	-83	198	28
7	-380	-111	113256940	-5	0	-14	-1	-2	0	0	-1324	-159	-182	-83	198	28
7	-380	-111	113258944	-2	-1	-9	0	-1	0	1	-1281	-159	-182	-83	198	28
8	-380	-111	113260936	-2	0	-5	-1	0	0	1	-182	-83	-182	-83	198	28
8	-380	-111	113262964	0	-1	-3	0	-1	0	1	-183	-83	-182	-83	198	28
8	-380	-111	113264952	0	0	-2	-2	0	0	1	-183	-83	-182	-83	198	28
8	-380	-111	113266920	2	0	0	0	0	0	1	-183	-83	-182	-83	198	28
8	-380	-111	113268948	1	0	0	-1	0	0	1	-183	-83	-182	-83	198	28
8	-380	-111	113270920	3	0	0	0	0	0	1	-183	-83	-182	-83	198	28
8	-380	-111	113272956	2	-2	1	0	0	-1	1	-183	-84	-182	-83	198	28
8	-380	-111	113274940	2	0	0	-1	0	0	1	-183	-84	-182	-83	198	28
8	-380	-111	113276912	2	0	1	0	1	0	1	-182	-84	-182	-83	198	28
8	-380	-111	113278928	1	-1	1	0	0	0	1	-182	-84	-182	-83	198	28
8	-380	-111	113280928	3	0	0	-1	0	0	1	-182	-84	-182	-83	198	28
8	-380	-111	113282896	1	0	2	0	0	0	1	-182	-84	-182	-83	198	28
8	-380	-111	113284936	3	0	0	-2	1	0	1	-181	-84	-182	-83	198	28
8	-380	-111	113286924	1	-1	1	0	0	0	1	-181	-84	-182	-83	198	28
8	-380	-111	113288896	1	0	0	0	0	0	1	-181	-84	-182	-83	198	28
8	333	214	113290920	1	0	0	-1	0	0	1	-181	-84	151	131	-182	-83
8	333	214	113292892	2	0	1	0	0	0	1	-181	-84	151	131	-182	-83
8	333	214	113294892	1	0	0	0	0	0	1	-181	-84	151	131	-182	-83
8	333	214	113298932	1	-1	0	0	1	0	1	-180	-84	151	131	-182	-83
8	333	214	113300876	0	0	0	-1	0	-1	1	-180	-85	151	131	-182	-83
8	333	214	113320864	0	0	1	0	0	0	1	-180	-85	151	131	-182	-83
8	333	214	113342824	0	0	0	0	0	0	0	-180	-85	151	131	-182	-83
8	333	214	113352868	0	0	2	0	0	0	0	-180	-85	151	131	-182	-83
8	333	214	113354860	0	0	2	0	0	0	0	-180	-85	151	131	-182	-83
8	333	214	113356868	1	0	3	0	0	0	0	-180	-85	151	131	-182	-83
8	333	214	113358924	2	1	3	2	1	0	0	-179	-85	151	131	-182	-83
8	333	214	113360928	2	2	7	1	1	0	0	-178	-85	151	131	-182	-83
8	333	214	113362928	5	2	7	2	1	1	0	-177	-84	151	131	-182	-83
8	333	214	113364916	5	4	10	3	2	0	0	-175	-84	151	131	-182	-83
8	333	214	113366932	8	4	14	4	2	1	0	-173	-83	151	131	-182	-83
8	333	214	113368940	10	3	14	3	2	1	0	-171	-82	151	131	-182	-83
8	333	214	113370940	12	7	18	7	3	1	0	-168	-81	151	131	-182	-83
8	333	214	113372940	15	6	19	5	4	1	0	-164	-80	151	131	-182	-83
8	333	214	113374936	18	7	25	7	4	2	0	-160	-78	151	131	-182	-83
8	333	214	113376936	23	10	30	9	5	1	0	-155	-77	151	131	-182	-83
8	333	214	113378928	25	10	29	9	6	2	0	-149	-75	151	131	-182	-83
8	333	214	113380924	33	13	37	12	7	3	0	-142	-72	151	131	-182	-83
8	333	214	113382936	32	12	37	11	6	2	0	-136	-70	151	131	-182	-83
8	333	214	113384932	43	17	46	15	9	3	0	-127	-67	151	131	-182	-83
8	333	214	113386932	42	16	51	17	10	4	0	-117	-63	151	131	-182	-83
8	333	214	113388940	54	20	50	15	10	3	0	-107	-60	151	131	-182	-83
8	333	214	113390944	53	19	63	20	12	4	0	-95	-56	151	131	-182	-83
8	333	214	113392948	57	20	67	21	12	4	0	-83	-52	151	131	-182	-83
8	333	214	113394952	70	25	64	20	13	5	0	-70	-47	151	131	-182	-83
8	333	214	113396944	68	23	80	25	15	4	0	-55	-43	151	131	-182	-83
8	333	214	113398952	81	28	74	22	16	5	0	-39	-38	151	131	-182	-83
8	333	214	113400956	77	27	90	29	16	6	0	-23	-32	151	131	-182	-83
8	333	214	113402956	94	33	97	30	20	6	0	-3	-26	151	131	-182	-83
8	333	214	113404960	88	30	90	29	17	6	0	14	-20	151	131	-182	-83
8	333	214	113406956	105	37	110	34	22	7	0	36	-13	151	131	-182	-83
8	333	214	113408964	97	35	116	36	21	7	0	57	-6	151	131	-182	-83
8	333	214	113410952	116	42	108	34	23	8	0	80	2	151	131	-182	-83
8	333	214	113412952	108	38	130	40	23	8	0	103	10	151	131	-182	-83
8	333	214	113414952	112	40	120	36	24	7	0	127	17	151	131	-182	-83
8	333	214	113416956	130	49	144	45	27	10	0	154	27	151	131	-182	-83
8	333	214	113418956	120	44	151	46	27	9	0	181	36	151	131	-182	-83
8	333	214	113420952	140	52	137	41	28	9	0	209	45	151	131	-182	-83
8	333	214	113422948	129	48	162	50	29	10	0	238	55	151	131	-182	-83
8	333	214	113424948	148	56	146	45	29	10	0	267	65	151	131	-182	-83
8	333	214	113426948	135	50	172	54	31	10	0	298	75	151	131	-182	-83
8	333	214	113428948	137	53	178	55	31	11	0	329	86	151	131	-182	-83
8	333	214	113430948	159	61	160	49	32	11	0	361	97	151	131	-182	-83
8	333	214	113432948	142	55	185	57	33	11	0	394	108	151	131	-182	-83
8	333	214	113434948	164	61	166	52	33	12	0	427	120	151	131	-182	-83
8	333	214	113436944	146	56	194	60	34	11	0	461	131	151	131	-182	-83
8	333	214	113438944	165	64	195	61	36	13	0	497	144	151	131	-182	-83
8	333	214	113440944	149	58	172	54	32	11	0	529	155	151	131	-182	-83
8	333	214	113442944	148	57	198	61	35	12	0	564	167	151	131	-182	-83
8	333	214	113444944	166	64	172	55	34	12	0	598	179	151	131	-182	-83
8	333	214	113446936	147	57	197	61	34	12	0	632	191	151	131	-182	-83
8	333	214	113448928	165	63	195	63	36	12	0	668	203	151	131	-182	-83
8	333	214	113450928	147	56	168	53	31	11	0	699	214	151	131	-182	-83
8	333	214	113452932	161	63	189	60	35	12	0	734	226	151	131	-182	-83
8	333	214	113454932	140	53	185	62	33	12	0	767	238	151	131	-182	-83
8	333	214	113456932	155	62	159	51	31	11	0	798	249	151	131	-182	-83
8	333	214	113458936	135	52	176	60	31	11	0	829	260	151	131	-182	-83
8	333	214	113460940	132	53	150	50	29	11	0	858	271	151	131	-182	-83
8	333	214	113462936	144	57	166	57	31	11	0	889	282	151	131	-182	-83
8	333	214	113464932	125	50	159	57	28	11	0	917	293	151	131	-182	-83
8	333	214	113466932	136	55	134	48	27	10	0	944	303	151	131	-182	-83
8	333	214	113468928	118	48	146	54	26	10	0	970	313	151	131	-182	-83
8	333	214	113470928	127	52	121	46	25	10	0	995	323	151	131	-182	-83
8	333	214	113472936	109	45	132	52	24	10	0	1019	333	151	131	-182	-83
8	333	214	113474944	118	50	125	50	25	10	0	1044	343	151	131	-182	-83
8	333	214	113476944	100	43	102	43	20	8	0	1064	351	151	131	-182	-83
8	333	214	113478948	96	41	110	48	20	9	0	1084	360	151	131	-182	-83
8	333	214	113480944	102	46	104	46	21	9	0	1105	369	151	131	-182	-83
8	333	214	113482944	88	40	85	40	17	8	0	1122	377	151	131	-182	-83
8	333	214	113484948	92	43	91	44	19	9	0	1141	386	151	131	-182	-83
8	333	214	113486936	79	37	75	37	15	8	1	1156	394	151	131	-182	-83
9	333	214	113488940	83	41	79	42	16	8	1	167	139	151	131	-182	-83
9	333	214	113490936	68	34	72	40	14	7	1	181	146	151	131	-182	-83
9	333	214	113492928	73	36	59	32	13	7	1	194	153	151	131	-182	-83
9	333	214	113494936	59	32	61	36	12	7	1	206	160	151	131	-182	-83
9	333	214	113496932	55	28	50	30	11	6	1	217	166	151	131	-182	-83
9	333	214	113498928	56	30	52	33	11	6	1	228	172	151	131	-182	-83
9	333	214	113500936	45	25	46	29	9	5	1	237	177	151	131	-182	-83
9	333	214	113502928	45	27	35	25	8	6	1	245	183	151	131	-182	-83
9	333	214	113504928	35	21	36	25	7	4	1	252	187	151	131	-182	-83
9	333	214	113506932	35	20	28	18	6	4	1	258	191	151	131	-182	-83
9	-259	-299	113508932	27	16	27	22	6	4	1	264	195	-108	-168	151	131
9	-259	-299	113510928	25	16	24	17	5	3	1	269	198	-108	-168	151	131
9	-259	-299	113512928	20	13	17	14	3	3	1	272	201	-108	-168	151	131
9	-259	-299	113514932	17	10	18	12	4	2	1	276	203	-108	-168	151	131
9	-259	-299	113516928	13	9	14	12	2	2	1	278	205	-108	-168	151	131
9	-259	-299	113518932	10	7	10	8	2	2	1	280	207	-108	-168	151	131
9	-259	-299	113520932	9	5	8	8	2	1	1	282	208	-108	-168	151	131
9	-259	-299	113522936	6	4	7	5	1	1	1	283	209	-108	-168	151	131
9	-259	-299	113524936	5	4	5	4	1	1	1	284	210	-108	-168	151	131
9	-259	-299	113526924	3	1	2	3	1	0	1	285	210	-108	-168	151	131
9	-259	-299	113528916	1	1	3	3	0	0	1	285	210	-108	-168	151	131
9	-259	-299	113530936	1	1	1	1	1	1	1	286	211	-108	-168	151	131
9	-259	-299	113532912	0	0	1	1	0	0	1	286	211	-108	-168	151	131
9	-259	-299	113534888	2	0	0	0	0	0	1	286	211	-108	-168	151	131
9	-259	-299	113568896	0	0	0	-1	0	0	1	286	211	-108	-168	151	131
9	-259	-299	113570924	0	-1	0	0	0	0	1	286	211	-108	-168	151	131
9	-259	-299	113572948	-1	-3	0	-2	0	0	1	286	211	-108	-168	151	131
9	-259	-299	113574956	-2	-2	-2	-2	0	-1	1	286	210	-108	-168	151	131
9	-259	-299	113576940	-3	-3	-2	-4	0	0	1	286	210	-108	-168	151	131
9	-259	-299	113578972	-6	-5	-4	-4	-1	-1	1	285	209	-108	-168	151	131
9	-259	-299	113580972	-6	-5	-4	-5	-1	-1	1	284	208	-108	-168	151	131
9	-259	-299	113582968	-12	-9	-6	-7	-2	-2	0	282	206	-108	-168	151	131
9	-259	-299	113584968	-11	-8	-9	-9	-2	-1	0	280	205	-108	-168	151	131
9	-259	-299	113586968	-15	-12	-7	-10	-2	-3	0	278	202	-108	-168	151	131
9	-259	-299	113588972	-17	-13	-13	-12	-3	-2	0	275	200	-108	-168	151	131
9	-259	-299	113590968	-20	-15	-12	-14	-3	-3	0	272	197	-108	-168	151	131
9	-259	-299	113592964	-27	-19	-18	-18	-5	-4	0	267	193	-108	-168	151	131
9	-259	-299	113594968	-27	-20	-20	-20	-5	-4	0	262	189	-108	-168	151	131
9	-259	-299	113596964	-35	-25	-20	-20	-5	-4	0	257	185	-108	-168	151	131
9	-259	-299	113598964	-35	-25	-26	-25	-6	-5	0	251	180	-108	-168	151	131
9	-259	-299	113600960	-44	-31	-27	-26	-7	-6	0	244	174	-108	-168	151	131
9	-259	-299	113602964	-44	-32	-34	-31	-8	-6	0	236	168	-108	-168	151	131
9	-259	-299	113604956	-47	-32	-39	-36	-9	-7	0	227	161	-108	-168	151	131
9	-259	-299	113606956	-59	-41	-37	-34	-9	-8	0	218	153	-108	-168	151	131
9	-259	-299	113608956	-56	-39	-49	-41	-11	-8	0	207	145	-108	-168	151	131
9	-259	-299	113610964	-70	-48	-51	-45	-12	-9	0	195	136	-108	-168	151	131
9	-259	-299	113612960	-66	-46	-50	-43	-12	-9	0	183	127	-108	-168	151	131
9	-259	-299	113614956	-80	-54	-63	-51	-14	-10	0	169	117	-108	-168	151	131
9	-259	-299	113616960	-77	-51	-57	-48	-13	-10	0	156	107	-108	-168	151	131
9	-259	-299	113618968	-91	-61	-73	-57	-17	-12	0	139	95	-108	-168	151	131
9	-259	-299	113620956	-86	-56	-76	-61	-16	-12	0	123	83	-108	-168	151	131
9	-259	-299	113622952	-90	-60	-70	-57	-16	-11	0	107	72	-108	-168	151	131
9	-259	-299	113624944	-109	-70	-86	-67	-19	-14	0	88	58	-108	-168	151	131
9	-259	-299	113626940	-100	-67	-80	-61	-18	-13	0	70	45	-108	-168	151	131
9	-259	-299	113628940	-120	-76	-97	-74	-22	-15	0	48	30	-108	-168	151	131
9	-259	-299	113630940	-110	-71	-101	-78	-21	-15	0	27	15	-108	-168	151	131
9	-259	-299	113632932	-130	-83	-92	-68	-22	-15	0	5	0	-108	-168	151	131
9	-259	-299	113634920	-120	-75	-112	-82	-24	-16	0	-19	-16	-108	-168	151	131
9	-259	-299	113636924	-124	-77	-100	-73	-22	-15	0	-41	-31	-108	-168	151	131
9	-259	-299	113638940	-143	-88	-118	-85	-26	-17	0	-67	-48	-108	-168	151	131
9	-259	-299	113640948	-132	-80	-124	-88	-26	-17	0	-93	-65	-108	-168	151	131
9	-259	-299	113642936	-150	-90	-111	-79	-26	-17	0	-119	-82	-108	-168	151	131
9	-259	-299	113644952	-137	-81	-132	-91	-27	-17	0	-146	-99	-108	-168	151	131
9	-259	-299	113646948	-156	-94	-135	-92	-29	-18	0	-175	-117	-108	-168	151	131
9	-259	-299	113648940	-143	-83	-120	-82	-26	-17	0	-201	-134	-108	-168	151	131
9	-259	-299	113650948	-162	-95	-141	-95	-30	-19	0	-231	-153	-108	-168	151	131
9	-259	-299	113652944	-145	-87	-126	-83	-27	-17	0	-258	-170	-108	-168	151	131
9	-259	-299	113654936	-148	-85	-148	-98	-30	-18	0	-288	-188	-108	-168	151	131
9	-259	-299	113656944	-166	-97	-148	-96	-31	-19	0	-319	-207	-108	-168	151	131
9	-259	-299	113658936	-149	-85	-134	-86	-29	-18	0	-348	-225	-108	-168	151	131
9	-259	-299	113660940	-167	-96	-153	-97	-32	-19	0	-380	-244	-108	-168	151	131
9	-259	-299	113662940	-152	-87	-135	-85	-28	-17	0	-408	-261	-108	-168	151	131
9	-259	-299	113664932	-168	-95	-153	-95	-33	-19	0	-441	-280	-108	-168	151	131
9	-259	-299	113666932	-150	-85	-157	-96	-30	-18	0	-471	-298	-108	-168	151	131
9	-259	-299	113668940	-170	-95	-136	-82	-31	-18	0	-502	-316	-108	-168	151	131
9	-259	-299	113670928	-150	-85	-157	-95	-31	-18	0	-533	-334	-108	-168	151	131
9	-259	-299	113672932	-149	-83	-139	-82	-28	-16	0	-561	-350	-108	-168	151	131
9	-259	-299	113674936	-168	-93	-156	-93	-33	-19	0	-594	-369	-108	-168	151	131
9	-259	-299	113676940	-146	-81	-158	-90	-30	-17	0	-624	-386	-108	-168	151	131
9	-259	-299	113678944	-162	-89	-137	-79	-30	-17	0	-654	-403	-108	-168	151	131
9	-259	-299	113680940	-143	-76	-157	-88	-30	-16	0	-684	-419	-108	-168	151	131
9	-259	-299	113682948	-157	-84	-155	-85	-31	-17	0	-715	-436	-108	-168	151	131
9	-259	-299	113684940	-138	-71	-133	-72	-27	-14	0	-742	-450	-108	-168	151	131
9	-259	-299	113686940	-150	-78	-152	-79	-31	-16	0	-773	-466	-108	-168	151	131
9	-259	-299	113688936	-130	-66	-130	-67	-26	-13	0	-799	-479	-108	-168	151	131
9	-259	-299	113690940	-126	-62	-145	-73	-27	-14	0	-826	-493	-108	-168	151	131
9	-259	-299	113692948	-138	-69	-142	-70	-28	-14	0	-854	-507	-108	-168	151	131
9	-259	-299	113694952	-117	-56	-123	-59	-24	-11	0	-878	-518	-108	-168	151	131
9	-259	-299	113696944	-126	-62	-135	-62	-26	-13	0	-904	-531	-108	-168	151	131
9	-259	-299	113698952	-107	-50	-115	-54	-22	-10	0	-926	-541	-108	-168	151	131
9	-259	-299	113700952	-115	-53	-125	-56	-24	-11	0	-950	-552	-108	-168	151	131
9	-259	-299	113702956	-96	-45	-118	-53	-21	-10	0	-971	-562	-108	-168	151	131
9	-259	-299	113704944	-101	-45	-100	-42	-20	-9	0	-991	-571	-108	-168	151	131
9	-259	-299	113706936	-84	-38	-107	-46	-20	-8	0	-1011	-579	-108	-168	151	131
9	-259	-299	113708936	-79	-35	-100	-42	-17	-8	0	-1028	-587	-108	-168	151	131
9	-259	-299	113710936	-81	-36	-81	-33	-17	-7	0	-1045	-594	-108	-168	151	131
9	-259	-299	113712936	-66	-29	-84	-35	-15	-6	0	-1060	-600	-108	-168	151	131
9	-259	-299	113714940	-66	-29	-67	-28	-13	-6	0	-1073	-606	-108	-168	151	131
9	-259	-299	113716940	-54	-23	-70	-27	-12	-5	0	-1085	-611	-108	-168	151	131
9	-259	-299	113718940	-53	-23	-61	-25	-12	-4	0	-1097	-615	-108	-168	151	131
9	-259	-299	113720936	-41	-19	-47	-19	-9	-4	0	-1106	-619	-108	-168	151	131
9	-259	-299	113722940	-40	-17	-47	-19	-8	-4	0	-1114	-623	-108	-168	151	131
9	-259	-299	113724940	-30	-13	-35	-14	-7	-3	0	-1121	-626	-108	-168	151	131
9	-259	-299	113726944	-25	-11	-35	-15	-6	-2	0	-1127	-628	-108	-168	151	131
9	-259	-299	113728940	-24	-11	-28	-11	-5	-2	0	-1132	-630	-108	-168	151	131
9	-259	-299	113730944	-17	-6	-21	-9	-4	-2	0	-1136	-632	-108	-168	151	131
9	-259	-299	113732952	-14	-8	-17	-8	-3	-1	0	-1139	-633	-108	-168	151	131
9	-259	-299	113734948	-10	-4	-14	-5	-2	-1	0	-1141	-634	-108	-168	151	131
9	-259	-299	113736944	-7	-3	-11	-5	-2	-1	0	-1143	-635	-108	-168	151	131
9	-259	-299	113738944	-5	-3	-8	-4	-1	-1	0	-1144	-636	-108	-168	151	131
9	-259	-299	113740932	-4	-1	-5	-3	-1	0	0	-1145	-636	-108	-168	151	131
9	-259	-299	113742936	-1	0	-4	-2	-1	0	0	-1146	-636	-108	-168	151	131
9	-259	-299	113744928	-2	-1	-1	0	0	-1	0	-1146	-637	-108	-168	151	131
9	-259	-299	113746916	0	0	-1	-1	0	0	0	-1146	-637	-108	-168	151	131
9	-259	-299	113762884	0	0	0	0	0	0	1	-1146	-637	-108	-168	151	131
10	164	360	113794932	1	0	0	0	0	0	1	-108	-168	56	192	-108	-168
10	164	360	113826900	0	0	0	0	0	0	0	-108	-168	56	192	-108	-168
10	164	360	113828932	0	0	2	0	0	0	0	-108	-168	56	192	-108	-168
10	164	360	113832956	0	3	1	1	0	0	0	-108	-168	56	192	-108	-168
10	164	360	113834936	0	2	2	3	0	0	0	-108	-168	56	192	-108	-168
10	164	360	113836972	1	3	3	2	0	1	0	-108	-167	56	192	-108	-168
10	164	360	113838972	0	3	4	4	0	1	0	-108	-166	56	192	-108	-168
10	164	360	113840984	3	7	3	5	1	1	0	-107	-165	56	192	-108	-168
10	164	360	113842984	1	5	5	5	1	1	0	-106	-164	56	192	-108	-168
10	164	360	113844976	4	8	5	6	0	1	0	-106	-163	56	192	-108	-168
10	164	360	113846988	3	8	8	9	2	2	0	-104	-161	56	192	-108	-168
10	164	360	113848992	5	11	7	10	1	2	0	-103	-159	56	192	-108	-168
10	164	360	113850992	8	13	9	11	1	2	0	-102	-157	56	192	-108	-168
10	164	360	113852988	10	16	11	14	3	3	0	-99	-154	56	192	-108	-168
10	164	360	113854992	11	16	12	15	2	3	0	-97	-151	56	192	-108	-168
10	164	360	113856992	15	20	13	20	3	4	0	-94	-147	56	192	-108	-168
10	164	360	113858992	20	25	17	23	3	5	0	-91	-142	56	192	-108	-168
10	164	360	113861004	21	26	15	23	4	5	0	-87	-137	56	192	-108	-168
10	164	360	113863004	29	33	20	32	5	7	0	-82	-130	56	192	-108	-168
10	164	360	113865008	29	34	22	33	5	6	0	-77	-124	56	192	-108	-168
10	164	360	113867008	39	40	21	34	6	8	0	-71	-116	56	192	-108	-168
10	164	360	113869012	37	40	25	43	6	8	0	-65	-108	56	192	-108	-168
10	164	360	113871008	48	50	25	40	7	9	0	-58	-99	56	192	-108	-168
10	164	360	113873004	47	48	29	50	8	10	0	-50	-89	56	192	-108	-168
10	164	360	113875008	58	59	33	55	9	11	0	-41	-78	56	192	-108	-168
10	164	360	113877004	55	58	30	51	9	11	0	-32	-67	56	192	-108	-168
10	164	360	113878996	58	61	37	64	9	13	0	-23	-54	56	192	-108	-168
10	164	360	113880992	72	72	35	60	11	13	0	-12	-41	56	192	-108	-168
10	164	360	113882992	67	70	41	72	11	14	0	-1	-27	56	192	-108	-168
10	164	360	113884988	79	82	45	78	12	16	0	11	-11	56	192	-108	-168
10	164	360	113886988	74	77	42	72	12	15	0	23	4	56	192	-108	-168
10	164	360	113888984	86	90	50	86	13	18	0	36	22	56	192	-108	-168
10	164	360	113890988	79	85	52	90	13	17	0	49	39	56	192	-108	-168
10	164	360	113892988	81	88	48	83	13	17	0	62	56	56	192	-108	-168
10	164	360	113894988	92	101	57	99	15	20	0	77	76	56	192	-108	-168
10	164	360	113896988	85	95	51	88	14	18	0	91	94	56	192	-108	-168
10	164	360	113898988	97	110	60	107	15	22	0	106	116	56	192	-108	-168
10	164	360	113900988	88	100	64	110	16	21	0	122	137	56	192	-108	-168
10	164	360	113903000	100	117	56	98	15	22	0	137	159	56	192	-108	-168
10	164	360	113905000	92	108	67	117	16	22	0	153	181	56	192	-108	-168
10	164	360	113907000	103	124	60	103	16	23	0	169	204	56	192	-108	-168
10	164	360	113908996	93	112	68	123	17	23	0	186	227	56	192	-108	-168
10	164	360	113911000	95	115	70	125	16	24	0	202	251	56	192	-108	-168
10	164	360	113913012	106	133	63	111	17	25	0	219	276	56	192	-108	-168
10	164	360	113915012	96	118	72	130	17	25	0	236	301	56	192	-108	-168
10	164	360	113917012	109	137	75	131	18	26	0	254	327	56	192	-108	-168
10	164	360	113919012	98	122	65	118	16	24	0	270	351	56	192	-108	-168
10	164	360	113921008	112	140	77	136	19	28	0	289	379	56	192	-108	-168
10	164	360	113923008	100	125	67	120	17	24	0	306	403	56	192	-108	-168
10	164	360	113925012	115	143	78	139	19	29	0	325	432	56	192	-108	-168
10	164	360	113927004	103	126	78	139	18	26	0	343	458	56	192	-108	-168
10	164	360	113929000	102	127	69	121	18	25	0	361	483	56	192	-108	-168
10	164	360	113931004	118	143	81	140	19	28	0	380	511	56	192	-108	-168
10	164	360	113933004	105	126	72	122	18	25	0	398	536	56	192	-108	-168
10	164	360	113935008	118	141	81	140	20	28	0	418	564	56	192	-108	-168
10	164	360	113937000	108	127	82	140	19	27	0	437	591	56	192	-108	-168
10	164	360	113939004	121	140	73	122	19	26	0	456	617	56	192	-108	-168
10	164	360	113941008	108	125	84	138	20	26	0	476	643	56	192	-108	-168
10	164	360	113943012	121	138	83	138	20	28	0	496	671	56	192	-108	-168
10	164	360	113945016	107	123	74	120	18	24	0	514	695	56	192	-108	-168
10	164	360	113947024	122	136	84	135	21	27	0	535	722	56	192	-108	-168
10	164	360	113949012	106	119	72	116	18	24	0	553	746	56	192	-108	-168
10	164	360	113951008	104	117	83	130	18	25	0	571	771	56	192	-108	-168
10	164	360	113953012	115	128	80	128	20	25	0	591	796	56	192	-108	-168
10	164	360	113955008	98	111	70	108	17	22	0	608	818	56	192	-108	-168
10	164	360	113957016	109	121	77	122	18	24	0	626	744	56	192	-108	-168
10	164	360	113959016	95	104	67	101	16	21	0	642	765	56	192	-108	-168
10	164	360	113961012	103	113	73	114	18	23	0	660	788	56	192	-108	-168
10	164	360	113963008	87	95	70	107	16	20	0	676	808	56	192	-108	-168
10	164	360	113965000	85	91	60	90	14	18	0	690	826	56	192	-108	-168
10	164	360	113967004	91	96	64	98	16	19	0	706	845	56	192	-108	-168
10	164	360	113969000	77	81	54	81	13	16	0	719	861	56	192	-108	-168
10	164	360	113970996	81	84	59	87	14	18	0	733	879	56	192	-108	-168
10	164	360	113973004	69	70	53	82	12	15	0	745	735	56	192	-108	-168
10	164	360	113975004	71	70	44	65	11	13	0	756	748	56	192	-108	-168
10	164	360	113977004	57	58	45	68	11	13	0	767	761	56	192	-108	-168
10	164	360	113979004	62	58	43	63	10	12	0	777	773	56	192	-108	-168
10	164	360	113981000	50	47	33	49	8	10	0	785	783	56	192	-108	-168
10	164	360	113982996	46	41	35	50	9	9	0	794	792	56	192	-108	-168
10	164	360	113985008	47	40	28	40	7	8	0	801	800	56	192	-108	-168
10	164	360	113987000	38	31	29	38	7	7	0	808	807	56	192	-108	-168
10	164	360	113989012	39	30	23	34	6	6	0	814	813	56	192	-108	-168
10	164	360	113991016	30	23	20	26	5	5	0	819	818	56	192	-108	-168
10	164	360	113993016	31	21	19	25	5	4	0	824	822	56	192	-108	-168
10	164	360	113995016	24	16	15	22	4	4	1	828	826	56	192	-108	-168
11	164	360	113997020	22	14	13	15	3	3	1	59	195	56	192	-108	-168
11	164	360	113999020	19	10	12	13	3	2	1	62	197	56	192	-108	-168
11	164	360	114001020	16	7	9	10	3	2	1	65	199	56	192	-108	-168
11	164	360	114003020	15	5	7	8	2	1	1	67	200	56	192	-108	-168
11	-56	-392	114005016	14	4	8	6	2	1	1	69	201	0	-200	56	192
11	-56	-392	114007012	12	3	6	4	2	1	1	71	202	0	-200	56	192
11	-56	-392	114008996	12	1	5	2	2	0	1	73	202	0	-200	56	192
11	-56	-392	114011008	11	0	4	2	1	1	1	74	203	0	-200	56	192
11	-56	-392	114012968	9	0	4	0	2	0	1	76	203	0	-200	56	192
11	-56	-392	114014968	8	0	2	0	1	0	1	77	203	0	-200	56	192
11	-56	-392	114016992	10	-2	4	-1	1	0	1	78	203	0	-200	56	192
11	-56	-392	114018992	9	-1	2	-1	1	0	1	79	203	0	-200	56	192
11	-56	-392	114020996	9	-3	3	-3	1	-1	1	80	202	0	-200	56	192
11	-56	-392	114022984	7	-2	1	-2	1	0	1	81	202	0	-200	56	192
11	-56	-392	114025000	9	-4	3	-3	1	-1	1	82	201	0	-200	56	192
11	-56	-392	114026988	8	-4	2	-2	1	0	1	83	201	0	-200	56	192
11	-56	-392	114029000	7	-3	1	-5	1	-1	1	84	200	0	-200	56	192
11	-56	-392	114031012	6	-4	2	-4	1	-1	1	85	199	0	-200	56	192
11	-56	-392	114033012	7	-5	1	-4	1	-1	1	86	198	0	-200	56	192
11	-56	-392	114035004	5	-5	0	-6	0	-1	1	86	197	0	-200	56	192
11	-56	-392	114037012	3	-6	0	-5	1	-1	1	87	196	0	-200	56	192
11	-56	-392	114039000	4	-8	0	-6	0	-1	1	87	195	0	-200	56	192
11	-56	-392	114041000	1	-7	0	-8	0	-2	1	87	193	0	-200	56	192
11	-56	-392	114043000	2	-9	-1	-7	0	-1	1	87	192	0	-200	56	192
11	-56	-392	114044996	0	-9	-1	-10	0	-2	1	87	190	0	-200	56	192
11	-56	-392	114046996	0	-12	-2	-9	0	-2	1	87	188	0	-200	56	192
11	-56	-392	114048984	-3	-10	-4	-11	0	-3	1	87	185	0	-200	56	192
11	-56	-392	114050996	-4	-13	-4	-13	-1	-2	1	86	183	0	-200	56	192
11	-56	-392	114052992	-6	-15	-4	-11	-1	-3	1	85	180	0	-200	56	192
11	-56	-392	114054992	-7	-15	-5	-15	-1	-3	1	84	177	0	-200	56	192
11	-56	-392	114056988	-10	-17	-5	-15	-1	-3	1	83	174	0	-200	56	192
11	-56	-392	114058988	-10	-18	-6	-17	-2	-3	1	81	171	0	-200	56	192
11	-56	-392	114060988	-12	-20	-7	-19	-2	-4	1	79	167	0	-200	56	192
11	-56	-392	114062984	-13	-20	-7	-19	-2	-4	1	77	163	0	-200	56	192
11	-56	-392	114064988	-17	-24	-8	-21	-2	-5	1	75	158	0	-200	56	192
11	-56	-392	114066984	-16	-22	-10	-24	-3	-4	1	72	154	0	-200	56	192
11	-56	-392	114068992	-18	-24	-9	-22	-3	-5	1	69	149	0	-200	56	192
11	-56	-392	114070992	-22	-29	-11	-28	-3	-6	1	66	143	0	-200	56	192
11	-56	-392	114072992	-23	-27	-10	-25	-3	-5	1	63	138	0	-200	56	192
11	-56	-392	114074996	-27	-34	-13	-31	-4	-6	1	59	132	0	-200	56	192
11	-56	-392	114077000	-27	-30	-14	-34	-4	-7	1	55	125	0	-200	56	192
11	-56	-392	114079008	-32	-39	-13	-31	-5	-7	0	50	118	0	-200	56	192
11	-56	-392	114081004	-30	-35	-17	-39	-5	-7	0	45	111	0	-200	56	192
11	-56	-392	114083008	-39	-43	-13	-36	-5	-8	0	40	103	0	-200	56	192
11	-56	-392	114085004	-35	-42	-19	-44	-5	-9	0	35	94	0	-200	56	192
11	-56	-392	114087008	-39	-45	-19	-47	-6	-9	0	29	85	0	-200	56	192
11	-56	-392	114088996	-47	-52	-19	-45	-7	-10	0	22	75	0	-200	56	192
11	-56	-392	114091000	-45	-51	-21	-54	-6	-10	0	16	65	0	-200	56	192
11	-56	-392	114093000	-54	-60	-22	-59	-8	-12	0	8	53	0	-200	56	192
11	-56	-392	114094996	-51	-59	-22	-55	-7	-11	0	1	42	0	-200	56	192
11	-56	-392	114096996	-61	-69	-25	-65	-9	-14	0	-8	28	0	-200	56	192
11	-56	-392	114099000	-57	-65	-22	-61	-8	-12	0	-16	16	0	-200	56	192
11	-56	-392	114100996	-68	-77	-28	-75	-9	-16	0	-25	0	0	-200	56	192
11	-56	-392	114102992	-64	-73	-28	-78	-9	-15	0	-34	-15	0	-200	56	192
11	-56	-392	114104988	-65	-77	-27	-72	-10	-15	0	-44	-30	0	-200	56	192
11	-56	-392	114106984	-78	-92	-31	-88	-11	-18	0	-55	-48	0	-200	56	192
11	-56	-392	114108984	-72	-86	-27	-81	-9	-16	0	-64	-64	0	-200	56	192
11	-56	-392	114110992	-85	-100	-33	-96	-12	-20	0	-76	-84	0	-200	56	192
11	-56	-392	114112992	-76	-94	-32	-101	-11	-19	0	-87	-103	0	-200	56	192
11	-56	-392	114114988	-90	-108	-30	-92	-12	-20	0	-99	-123	0	-200	56	192
11	-56	-392	114116996	-82	-100	-35	-108	-12	-21	0	-111	-144	0	-200	56	192
11	-56	-392	114119000	-92	-118	-30	-99	-12	-22	0	-123	-166	0	-200	56	192
11	-56	-392	114121000	-83	-107	-37	-116	-12	-22	0	-135	-188	0	-200	56	192
11	-56	-392	114123000	-85	-110	-36	-120	-12	-23	0	-147	-211	0	-200	56	192
11	-56	-392	114125008	-95	-127	-31	-109	-13	-24	0	-160	-235	0	-200	56	192
11	-56	-392	114127012	-85	-116	-36	-126	-12	-24	0	-172	-259	0	-200	56	192
11	-56	-392	114129004	-96	-134	-37	-130	-13	-26	0	-185	-285	0	-200	56	192
11	-56	-392	114131008	-86	-120	-32	-117	-12	-24	0	-197	-309	0	-200	56	192
11	-56	-392	114133012	-96	-138	-35	-136	-13	-27	0	-210	-336	0	-200	56	192
11	-56	-392	114135000	-84	-124	-31	-120	-11	-25	0	-221	-361	0	-200	56	192
11	-56	-392	114137004	-95	-141	-35	-140	-13	-28	0	-234	-389	0	-200	56	192
11	-56	-392	114139000	-83	-128	-35	-142	-12	-27	0	-246	-416	0	-200	56	192
11	-56	-392	114140996	-81	-127	-30	-125	-11	-25	0	-257	-441	0	-200	56	192
11	-56	-392	114143004	-90	-144	-33	-144	-13	-29	0	-270	-470	0	-200	56	192
11	-56	-392	114144992	-79	-128	-27	-128	-10	-26	0	-280	-496	0	-200	56	192
11	-56	-392	114146996	-86	-143	-30	-143	-12	-28	0	-292	-524	0	-200	56	192
11	-56	-392	114148992	-75	-128	-29	-145	-10	-27	0	-302	-551	0	-200	56	192
11	-56	-392	114150992	-81	-141	-25	-127	-11	-27	0	-313	-578	0	-200	56	192
11	-56	-392	114152988	-70	-125	-25	-142	-9	-27	0	-322	-605	0	-200	56	192
11	-56	-392	114154988	-68	-124	-21	-124	-9	-25	0	-331	-630	0	-200	56	192
11	-56	-392	114156988	-72	-137	-24	-139	-10	-27	0	-341	-657	0	-200	56	192
11	-56	-392	114158996	-63	-122	-20	-138	-8	-26	0	-349	-683	0	-200	56	192
11	-56	-392	114160996	-67	-133	-18	-120	-9	-26	0	-358	-709	0	-200	56	192
11	-56	-392	114162996	-56	-118	-17	-135	-7	-25	0	-365	-734	0	-200	56	192
11	-56	-392	114165000	-62	-131	-16	-134	-8	-26	0	-373	-760	0	-200	56	192
11	-56	-392	114167000	-51	-115	-13	-115	-6	-23	0	-379	-783	0	-200	56	192
11	-56	-392	114168996	-55	-128	-14	-131	-7	-26	0	-386	-809	0	-200	56	192
11	-56	-392	114170996	-47	-112	-10	-113	-6	-23	0	-392	-832	0	-200	56	192
11	-56	-392	114172996	-45	-110	-10	-126	-5	-23	0	-397	-855	0	-200	56	192
11	-56	-392	114175000	-49	-123	-8	-125	-6	-25	0	-403	-880	0	-200	56	192
11	-56	-392	114176992	-43	-106	-7	-108	-5	-22	0	-408	-902	0	-200	56	192
11	-56	-392	114178984	-45	-117	-7	-120	-5	-23	0	-413	-743	0	-200	56	192
11	-56	-392	114180988	-38	-103	-5	-101	-4	-21	0	-417	-764	0	-200	56	192
11	-56	-392	114182992	-43	-112	-4	-114	-5	-22	0	-422	-786	0	-200	56	192
11	-56	-392	114184984	-35	-97	-5	-111	-4	-21	0	-426	-807	0	-200	56	192
11	-56	-392	114186984	-39	-103	-2	-94	-4	-20	0	-430	-827	0	-200	56	192
11	-56	-392	114188984	-32	-90	-4	-102	-4	-19	0	-434	-846	0	-200	56	192
11	-56	-392	114190976	-30	-85	-3	-100	-3	-19	0	-437	-865	0	-200	56	192
11	-56	-392	114192976	-34	-90	-1	-83	-4	-17	0	-441	-882	0	-200	56	192
11	-56	-392	114194980	-26	-77	-1	-90	-2	-17	0	-443	-899	0	-200	56	192
11	-56	-392	114196984	-29	-78	-1	-73	-3	-15	0	-446	-914	0	-200	56	192
11	-56	-392	114198980	-24	-67	-2	-80	-3	-14	0	-449	-928	0	-200	56	192
11	-56	-392	114200984	-23	-67	0	-73	-2	-14	0	-451	-942	0	-200	56	192
11	-56	-392	114202984	-19	-55	-1	-60	-2	-12	0	-453	-954	0	-200	56	192
11	-56	-392	114204988	-19	-56	0	-61	-2	-12	0	-455	-966	0	-200	56	192
11	-56	-392	114206980	-14	-45	0	-49	-2	-9	0	-457	-729	0	-200	56	192
11	-56	-392	114208984	-12	-40	0	-50	-1	-9	0	-458	-738	0	-200	56	192
11	-56	-392	114210992	-11	-42	0	-45	-1	-9	0	-459	-747	0	-200	56	192
11	-56	-392	114212988	-8	-32	0	-35	-1	-6	0	-460	-726	0	-200	56	192
11	-56	-392	114214984	-9	-31	0	-36	-1	-7	0	-461	-733	0	-200	56	192
11	-56	-392	114216972	-5	-25	0	-28	0	-5	0	-461	-738	0	-200	56	192
11	-56	-392	114218964	-5	-25	1	-27	0	-6	0	-461	-744	0	-200	56	192
11	-56	-392	114220984	-3	-19	0	-25	-1	-4	0	-462	-748	0	-200	56	192
11	-56	-392	114222964	-4	-18	0	-18	0	-4	0	-462	-752	0	-200	56	192
11	-56	-392	114224968	-1	-13	0	-17	0	-3	0	-462	-755	0	-200	56	192
11	-56	-392	114226972	-2	-12	1	-15	0	-2	0	-462	-757	0	-200	56	192
11	-56	-392	114228972	-1	-11	0	-11	0	-2	0	-462	-759	0	-200	56	192
11	-56	-392	114230936	0	-7	0	-12	0	-2	0	-462	-761	0	-200	56	192
11	-56	-392	114232940	-1	-8	1	-7	0	-2	0	-462	-722	0	-200	56	192
11	-56	-392	114234940	0	-4	0	-8	0	-1	0	-462	-723	0	-200	56	192
11	-56	-392	114236936	0	-5	0	-5	0	-1	0	-462	-724	0	-200	56	192
11	-56	-392	114238940	0	-2	0	-3	0	-1	0	-462	-725	0	-200	56	192
11	-56	-392	114240936	0	-3	0	-4	0	0	0	-462	-725	0	-200	56	192
11	-56	-392	114242948	0	-1	0	-3	0	-1	0	-462	-726	0	-200	56	192
11	-56	-392	114244972	0	0	1	-1	0	0	1	-462	-726	0	-200	56	192
