1	0	-300	127065400	4	5	0	4	0	1	1	0	-299	0	-300	0	0
1	0	-300	127067416	4	3	0	4	1	1	1	1	-298	0	-300	0	0
1	0	-300	127069412	3	7	0	3	0	1	1	1	-297	0	-300	0	0
1	0	-300	127071428	5	5	0	5	1	1	1	2	-296	0	-300	0	0
1	0	-300	127073408	4	5	2	5	0	1	1	2	-295	0	-300	0	0
1	0	-300	127075424	6	5	0	5	1	1	1	3	-294	0	-300	0	0
1	0	-300	127077416	4	6	0	7	0	1	1	3	-293	0	-300	0	0
1	-85	588	127079432	6	6	0	3	1	1	1	4	-292	-85	288	0	-300
1	-85	588	127081416	5	5	1	7	0	1	1	4	-291	-85	288	0	-300
1	-85	588	127083424	5	5	0	5	1	1	1	5	-290	-85	288	0	-300
1	-85	588	127085416	5	5	0	5	0	1	1	5	-289	-85	288	0	-300
1	-85	588	127087428	5	5	1	5	1	1	1	6	-288	-85	288	0	-300
1	-85	588	127089420	4	4	0	3	0	1	1	6	-287	-85	288	0	-300
1	-85	588	127091436	4	2	0	5	1	1	1	7	-286	-85	288	0	-300
1	-85	588	127093408	4	3	1	3	0	0	1	7	-286	-85	288	0	-300
1	-85	588	127095432	2	2	0	2	1	1	1	8	-285	-85	288	0	-300
1	-85	588	127097412	4	3	0	3	0	0	1	8	-285	-85	288	0	-300
1	-85	588	127099428	1	1	2	2	0	1	1	8	-284	-85	288	0	-300
1	-85	588	127101428	3	0	0	2	1	0	1	9	-284	-85	288	0	-300
1	-85	588	127103420	1	1	0	1	0	0	1	9	-284	-85	288	0	-300
1	-85	588	127105424	1	2	0	1	0	0	1	9	-284	-85	288	0	-300
1	-85	588	127107404	1	0	0	0	0	0	1	9	-284	-85	288	0	-300
1	-85	588	127109428	2	0	1	1	0	0	1	9	-284	-85	288	0	-300
1	-85	588	127113412	1	0	0	0	0	0	1	9	-284	-85	288	0	-300
1	-85	588	127129396	0	0	0	0	0	0	0	9	-284	-85	288	0	-300
1	-85	588	127141440	0	1	0	2	0	1	0	9	-283	-85	288	0	-300
1	-85	588	127143428	0	1	0	0	0	0	0	9	-283	-85	288	0	-300
1	-85	588	127145424	0	1	0	2	0	0	0	9	-283	-85	288	0	-300
1	-85	588	127147436	0	3	0	3	0	1	0	9	-282	-85	288	0	-300
1	-85	588	127149428	0	4	0	2	0	0	0	9	-282	-85	288	0	-300
1	-85	588	127151476	1	3	0	4	0	1	0	9	-281	-85	288	0	-300
1	-85	588	127153468	1	5	0	5	0	1	0	9	-280	-85	288	0	-300
1	-85	588	127155488	2	7	0	6	1	1	0	10	-279	-85	288	0	-300
1	-85	588	127157464	2	7	0	6	0	2	0	10	-277	-85	288	0	-300
1	-85	588	127159464	3	8	0	8	0	1	0	10	-276	-85	288	0	-300
1	-85	588	127161472	2	10	1	7	0	2	0	10	-274	-85	288	0	-300
1	-85	588	127163476	4	10	0	12	1	2	0	11	-272	-85	288	0	-300
1	-85	588	127165464	4	13	0	12	0	3	0	11	-269	-85	288	0	-300
1	-85	588	127167468	5	14	1	11	1	2	0	12	-267	-85	288	0	-300
1	-85	588	127169472	6	16	2	15	1	3	0	13	-264	-85	288	0	-300
1	-85	588	127171464	6	17	0	15	0	3	0	13	-261	-85	288	0	-300
1	-85	588	127173476	9	20	2	19	1	4	0	14	-257	-85	288	0	-300
1	-85	588	127175476	7	20	1	21	1	4	0	15	-253	-85	288	0	-300
1	-85	588	127177480	10	21	2	19	1	4	0	16	-249	-85	288	0	-300
1	-85	588	127179472	12	25	2	24	2	5	0	18	-244	-85	288	0	-300
1	-85	588	127181472	11	24	3	24	1	5	0	19	-239	-85	288	0	-300
1	-85	588	127183464	15	30	1	27	2	6	0	21	-233	-85	288	0	-300
1	-85	588	127185456	14	28	2	30	1	6	0	22	-227	-85	288	0	-300
1	-85	588	127187460	16	35	3	29	2	6	0	24	-221	-85	288	0	-300
1	-85	588	127189456	17	34	2	36	2	7	0	26	-214	-85	288	0	-300
1	-85	588	127191460	18	38	3	34	2	7	0	28	-207	-85	288	0	-300
1	-85	588	127193464	22	45	1	42	3	9	0	31	-198	-85	288	0	-300
1	-85	588	127195472	22	42	1	47	2	9	0	33	-189	-85	288	0	-300
1	-85	588	127197472	27	54	2	43	3	9	0	36	-180	-85	288	0	-300
1	-85	588	127199468	25	50	0	54	2	11	0	38	-169	-85	288	0	-300
1	-85	588	127201468	31	62	0	59	3	12	0	41	-157	-85	288	0	-300
1	-85	588	127203468	30	59	0	55	3	11	0	44	-146	-85	288	0	-300
1	-85	588	127205468	37	71	-2	67	4	14	0	48	-132	-85	288	0	-300
1	-85	588	127207460	35	69	-3	64	3	13	0	51	-119	-85	288	0	-300
1	-85	588	127209464	36	73	-5	76	3	15	0	54	-104	-85	288	0	-300
1	-85	588	127211456	44	86	-5	83	4	17	0	58	-87	-85	288	0	-300
1	-85	588	127213460	40	82	-7	76	3	16	0	61	-71	-85	288	0	-300
1	-85	588	127215456	48	98	-8	93	4	19	0	65	-52	-85	288	0	-300
1	-85	588	127217464	44	90	-10	85	4	18	0	69	-34	-85	288	0	-300
1	-85	588	127219464	51	106	-11	101	4	20	0	73	-14	-85	288	0	-300
1	-85	588	127221464	47	99	-12	105	3	21	0	76	7	-85	288	0	-300
1	-85	588	127223460	48	101	-13	95	4	19	0	80	26	-85	288	0	-300
1	-85	588	127225468	55	119	-16	114	4	24	0	84	50	-85	288	0	-300
1	-85	588	127227468	49	107	-14	101	3	20	0	87	70	-85	288	0	-300
1	-85	588	127229468	56	125	-19	121	4	25	0	91	95	-85	288	0	-300
1	-85	588	127231464	50	113	-18	123	3	24	0	94	119	-85	288	0	-300
1	-85	588	127233468	55	130	-17	111	4	24	0	98	143	-85	288	0	-300
1	-85	588	127235468	49	117	-21	127	3	24	0	101	167	-85	288	0	-300
1	-85	588	127237472	54	134	-20	132	3	27	0	104	194	-85	288	0	-300
1	-85	588	127239472	47	120	-19	115	3	23	0	107	217	-85	288	0	-300
1	-85	588	127241464	47	120	-20	133	3	26	0	110	243	-85	288	0	-300
1	-85	588	127243468	52	136	-17	118	3	25	0	113	268	-85	288	0	-300
1	-85	588	127245476	46	122	-20	134	3	26	0	116	294	-85	288	0	-300
1	-85	588	127247476	52	136	-19	135	3	27	0	119	321	-85	288	0	-300
1	-85	588	127249480	45	120	-15	118	3	23	0	122	344	-85	288	0	-300
1	-85	588	127251476	48	136	-16	135	3	28	0	125	372	-85	288	0	-300
1	-85	588	127253468	44	120	-13	119	3	23	0	128	395	-85	288	0	-300
1	-85	588	127255468	41	120	-13	134	3	26	0	131	421	-85	288	0	-300
1	-85	588	127257468	48	134	-13	134	4	27	0	135	448	-85	288	0	-300
1	-85	588	127259468	41	117	-9	116	3	23	0	138	471	-85	288	0	-300
1	-85	588	127261468	45	129	-10	130	3	26	0	141	497	-85	288	0	-300
1	-85	588	127263468	40	114	-6	112	4	22	0	145	519	-85	288	0	-300
1	-85	588	127265464	45	125	-5	127	4	26	0	149	545	-85	288	0	-300
1	-85	588	127267460	39	110	-5	123	3	23	0	152	568	-85	288	0	-300
1	-85	588	127269452	39	107	-2	108	4	21	0	156	589	-85	288	0	-300
1	-85	588	127271460	43	118	-2	119	4	24	0	160	613	-85	288	0	-300
1	-85	588	127273448	38	102	0	102	4	21	0	164	634	-85	288	0	-300
1	-85	588	127275448	41	113	0	114	4	22	0	168	656	-85	288	0	-300
1	-85	588	127277460	35	99	1	111	3	21	0	171	677	-85	288	0	-300
1	-85	588	127279452	40	106	1	95	4	20	0	175	697	-85	288	0	-300
1	-85	588	127281460	35	91	3	105	4	20	0	179	717	-85	288	0	-300
1	-85	588	127283460	40	101	3	89	5	19	0	184	736	-85	288	0	-300
1	-85	588	127285464	34	87	4	100	3	19	0	187	755	-85	288	0	-300
1	-85	588	127287456	35	83	4	95	4	17	0	191	772	-85	288	0	-300
1	-85	588	127289460	37	92	5	81	4	18	0	195	790	-85	288	0	-300
1	-85	588	127291456	34	77	4	90	4	16	0	199	806	-85	288	0	-300
1	-85	588	127293448	38	85	5	86	5	18	0	204	824	-85	288	0	-300
1	-85	588	127295452	32	73	5	73	3	14	0	207	734	-85	288	0	-300
1	-85	588	127297452	36	77	5	80	4	16	0	211	750	-85	288	0	-300
1	-85	588	127299452	30	66	5	66	4	13	0	215	763	-85	288	0	-300
1	-85	588	127301452	30	63	5	71	3	13	0	218	776	-85	288	0	-300
1	-85	588	127303452	33	66	5	69	4	14	0	222	790	-85	288	0	-300
1	-85	588	127305452	27	55	3	56	3	11	0	225	801	-85	288	0	-300
1	-85	588	127307452	30	59	5	60	4	12	0	229	813	-85	288	0	-300
1	-85	588	127309452	25	49	4	50	3	10	0	232	823	-85	288	0	-300
1	-85	588	127311452	27	51	4	53	3	10	0	235	833	-85	288	0	-300
1	-85	588	127313452	22	41	4	50	2	9	0	237	842	-85	288	0	-300
1	-85	588	127315452	24	43	3	40	3	9	0	240	729	-85	288	0	-300
1	-85	588	127317448	19	35	3	41	2	7	1	242	736	-85	288	0	-300
2	-85	588	127319452	17	32	2	34	2	7	1	-83	295	-85	288	0	-300
2	-85	588	127321460	19	31	3	34	2	6	1	-81	301	-85	288	0	-300
2	-85	588	127323460	15	25	2	31	2	6	1	-79	307	-85	288	0	-300
2	-85	588	127325452	16	27	3	24	2	5	1	-77	312	-85	288	0	-300
2	247	-540	127327460	13	18	1	25	1	4	1	-76	316	162	-252	-85	288
2	247	-540	127329456	13	20	3	18	2	4	1	-74	320	162	-252	-85	288
2	247	-540	127331448	12	15	1	19	1	4	1	-73	324	162	-252	-85	288
2	247	-540	127333456	11	13	1	16	1	2	1	-72	326	162	-252	-85	288
2	247	-540	127335448	11	12	1	13	2	3	1	-70	329	162	-252	-85	288
2	247	-540	127337448	9	10	3	12	1	2	1	-69	331	162	-252	-85	288
2	247	-540	127339448	11	8	1	10	1	2	1	-68	333	162	-252	-85	288
2	247	-540	127341452	8	6	1	7	1	1	1	-67	334	162	-252	-85	288
2	247	-540	127343452	10	6	2	7	1	2	1	-66	336	162	-252	-85	288
2	247	-540	127345448	7	3	2	4	1	0	1	-65	336	162	-252	-85	288
2	247	-540	127347460	8	4	1	4	1	1	1	-64	337	162	-252	-85	288
2	247	-540	127349452	7	1	3	3	1	0	1	-63	337	162	-252	-85	288
2	247	-540	127351472	8	1	1	2	1	1	1	-62	338	162	-252	-85	288
2	247	-540	127353424	7	0	1	0	1	0	1	-61	338	162	-252	-85	288
2	247	-540	127355440	6	0	3	1	0	0	1	-61	338	162	-252	-85	288
2	247	-540	127357428	8	0	1	0	1	0	1	-60	338	162	-252	-85	288
2	247	-540	127359456	6	0	3	-1	1	0	1	-59	338	162	-252	-85	288
2	247	-540	127361456	6	-3	1	-1	1	0	1	-58	338	162	-252	-85	288
2	247	-540	127363460	5	-1	2	-1	1	0	1	-57	338	162	-252	-85	288
2	247	-540	127365476	7	-4	2	-3	1	-1	1	-56	337	162	-252	-85	288
2	247	-540	127367452	5	-2	1	-3	0	0	1	-56	337	162	-252	-85	288
2	247	-540	127369468	5	-4	1	-4	1	-1	1	-55	336	162	-252	-85	288
2	247	-540	127371456	6	-4	1	-4	0	-1	1	-55	335	162	-252	-85	288
2	247	-540	127373468	4	-5	2	-5	1	-1	1	-54	334	162	-252	-85	288
2	247	-540	127375472	5	-5	1	-5	1	-1	1	-53	333	162	-252	-85	288
2	247	-540	127377460	3	-6	1	-6	0	-1	1	-53	332	162	-252	-85	288
2	247	-540	127379468	4	-8	1	-6	1	-1	1	-52	331	162	-252	-85	288
2	247	-540	127381452	3	-7	0	-8	0	-2	1	-52	329	162	-252	-85	288
2	247	-540	127383452	2	-9	2	-9	0	-2	1	-52	327	162	-252	-85	288
2	247	-540	127385456	1	-10	0	-8	0	-1	1	-52	326	162	-252	-85	288
2	247	-540	127387460	2	-10	0	-10	1	-2	1	-51	324	162	-252	-85	288
2	247	-540	127389448	1	-12	0	-12	0	-3	1	-51	321	162	-252	-85	288
2	247	-540	127391420	0	-12	0	-10	0	-2	1	-51	319	162	-252	-85	288
2	247	-540	127393416	0	-15	0	-13	0	-3	1	-51	316	162	-252	-85	288
2	247	-540	127395412	0	-13	0	-15	0	-3	1	-51	313	162	-252	-85	288
2	247	-540	127397408	-1	-15	0	-13	0	-2	1	-51	311	162	-252	-85	288
2	247	-540	127399436	-1	-17	0	-17	0	-4	1	-51	307	162	-252	-85	288
2	247	-540	127401444	-2	-15	0	-15	0	-3	1	-51	304	162	-252	-85	288
2	247	-540	127403436	-3	-18	0	-18	0	-3	1	-51	301	162	-252	-85	288
2	247	-540	127405452	-4	-18	0	-19	-1	-4	1	-52	297	162	-252	-85	288
2	247	-540	127407440	-2	-21	0	-17	0	-4	1	-52	293	162	-252	-85	288
2	247	-540	127409440	-4	-20	0	-21	0	-4	1	-52	289	162	-252	-85	288
2	247	-540	127411444	-5	-24	1	-20	-1	-4	0	-53	285	162	-252	-85	288
2	247	-540	127413432	-4	-21	1	-24	0	-5	0	-53	280	162	-252	-85	288
2	247	-540	127415412	-3	-24	3	-25	0	-5	0	-53	275	162	-252	-85	288
2	247	-540	127417440	-4	-29	2	-24	0	-5	0	-53	270	162	-252	-85	288
2	247	-540	127419420	-4	-26	4	-29	0	-6	0	-53	264	162	-252	-85	288
2	247	-540	127421408	-4	-32	4	-27	0	-6	0	-53	258	162	-252	-85	288
2	247	-540	127423436	-2	-32	6	-34	0	-6	0	-53	252	162	-252	-85	288
2	247	-540	127425432	-4	-37	7	-35	0	-7	0	-53	245	162	-252	-85	288
2	247	-540	127427440	-1	-35	9	-32	1	-7	0	-52	238	162	-252	-85	288
2	247	-540	127429428	-3	-43	10	-42	0	-9	0	-52	229	162	-252	-85	288
2	247	-540	127431444	0	-40	13	-42	2	-8	0	-50	221	162	-252	-85	288
2	247	-540	127433448	-1	-42	12	-40	1	-8	0	-49	213	162	-252	-85	288
2	247	-540	127435448	0	-51	18	-49	1	-10	0	-48	203	162	-252	-85	288
2	247	-540	127437444	0	-49	16	-46	2	-9	0	-46	194	162	-252	-85	288
2	247	-540	127439448	0	-59	21	-55	2	-12	0	-44	182	162	-252	-85	288
2	247	-540	127441444	0	-55	24	-60	3	-11	0	-41	171	162	-252	-85	288
2	247	-540	127443436	0	-66	22	-56	2	-13	0	-39	158	162	-252	-85	288
2	247	-540	127445436	0	-63	29	-67	3	-13	0	-36	145	162	-252	-85	288
2	247	-540	127447448	0	-65	26	-62	2	-12	0	-34	133	162	-252	-85	288
2	247	-540	127449440	0	-78	34	-75	4	-16	0	-30	117	162	-252	-85	288
2	247	-540	127451436	-1	-74	35	-79	3	-15	0	-27	102	162	-252	-85	288
2	247	-540	127453444	-1	-86	34	-72	3	-16	0	-24	86	162	-252	-85	288
2	247	-540	127455436	-3	-83	41	-89	4	-17	0	-20	69	162	-252	-85	288
2	247	-540	127457440	-2	-96	38	-80	4	-17	0	-16	52	162	-252	-85	288
2	247	-540	127459444	-4	-91	45	-98	4	-19	0	-12	33	162	-252	-85	288
2	247	-540	127461448	-5	-107	48	-101	4	-21	0	-8	12	162	-252	-85	288
2	247	-540	127463448	-6	-100	44	-94	4	-20	0	-4	-8	162	-252	-85	288
2	247	-540	127465448	-5	-102	53	-110	5	-21	0	1	-29	162	-252	-85	288
2	247	-540	127467452	-9	-121	55	-116	4	-23	0	5	-52	162	-252	-85	288
2	247	-540	127469444	-8	-112	48	-105	4	-22	0	9	-74	162	-252	-85	288
2	247	-540	127471440	-8	-130	59	-124	5	-26	0	14	-100	162	-252	-85	288
2	247	-540	127473436	-9	-118	53	-112	5	-23	0	19	-123	162	-252	-85	288
2	247	-540	127475444	-11	-138	62	-133	5	-27	0	24	-150	162	-252	-85	288
2	247	-540	127477440	-12	-126	65	-137	5	-26	0	29	-176	162	-252	-85	288
2	247	-540	127479440	-11	-129	58	-123	5	-25	0	34	-201	162	-252	-85	288
2	247	-540	127481432	-14	-149	68	-145	5	-30	0	39	-231	162	-252	-85	288
2	247	-540	127483440	-15	-135	62	-128	5	-26	0	44	-257	162	-252	-85	288
2	247	-540	127485444	-16	-153	72	-150	6	-30	0	50	-287	162	-252	-85	288
2	247	-540	127487440	-17	-140	75	-154	5	-30	0	55	-317	162	-252	-85	288
2	247	-540	127489436	-19	-160	66	-136	5	-29	0	60	-346	162	-252	-85	288
2	247	-540	127491448	-19	-144	79	-159	6	-30	0	66	-376	162	-252	-85	288
2	247	-540	127493444	-22	-164	71	-141	5	-31	0	71	-407	162	-252	-85	288
2	247	-540	127495444	-20	-149	84	-163	6	-31	0	77	-438	162	-252	-85	288
2	247	-540	127497444	-22	-148	85	-165	7	-31	0	84	-469	162	-252	-85	288
2	247	-540	127499444	-23	-170	78	-145	5	-32	0	89	-501	162	-252	-85	288
2	247	-540	127501440	-22	-153	90	-169	7	-32	0	96	-533	162	-252	-85	288
2	247	-540	127503440	-25	-174	81	-147	6	-32	0	102	-565	162	-252	-85	288
2	247	-540	127505440	-22	-156	95	-171	7	-33	0	109	-598	162	-252	-85	288
2	247	-540	127507436	-25	-175	97	-172	7	-35	0	116	-633	162	-252	-85	288
2	247	-540	127509432	-23	-157	89	-151	7	-30	0	123	-663	162	-252	-85	288
2	247	-540	127511432	-22	-158	103	-172	8	-33	0	131	-696	162	-252	-85	288
2	247	-540	127513436	-24	-176	92	-152	7	-33	0	138	-729	162	-252	-85	288
2	247	-540	127515436	-20	-156	108	-172	8	-33	0	146	-762	162	-252	-85	288
2	247	-540	127517436	-21	-175	108	-170	9	-35	0	155	-797	162	-252	-85	288
2	247	-540	127519440	-18	-154	98	-149	8	-30	0	163	-827	162	-252	-85	288
2	247	-540	127521440	-17	-169	112	-167	10	-33	0	173	-860	162	-252	-85	288
2	247	-540	127523436	-14	-147	114	-164	10	-32	0	183	-892	162	-252	-85	288
2	247	-540	127525432	-12	-144	100	-140	8	-28	0	191	-920	162	-252	-85	288
2	247	-540	127527436	-10	-156	115	-155	11	-31	0	202	-951	162	-252	-85	288
2	247	-540	127529432	-8	-134	99	-133	9	-27	0	211	-978	162	-252	-85	288
2	247	-540	127531424	-6	-143	112	-145	11	-29	0	222	-749	162	-252	-85	288
2	247	-540	127533436	-3	-121	112	-138	11	-25	0	233	-774	162	-252	-85	288
2	247	-540	127535432	0	-129	95	-115	9	-25	0	242	-799	162	-252	-85	288
2	247	-540	127537432	1	-107	103	-127	10	-23	0	252	-822	162	-252	-85	288
2	247	-540	127539424	5	-111	89	-102	10	-22	0	262	-844	162	-252	-85	288
2	247	-540	127541424	7	-93	96	-110	10	-20	0	272	-864	162	-252	-85	288
2	247	-540	127543420	9	-85	90	-101	10	-18	0	282	-882	162	-252	-85	288
2	247	-540	127545412	11	-86	74	-82	9	-17	0	291	-899	162	-252	-85	288
2	247	-540	127547412	10	-69	79	-83	8	-15	0	299	-914	162	-252	-85	288
2	247	-540	127549408	13	-70	62	-67	8	-14	0	307	-928	162	-252	-85	288
2	247	-540	127551416	12	-54	65	-68	8	-12	0	315	-732	162	-252	-85	288
2	247	-540	127553408	14	-53	58	-60	7	-12	0	322	-744	162	-252	-85	288
2	247	-540	127555412	11	-42	45	-45	5	-8	0	327	-752	162	-252	-85	288
2	247	-540	127557404	12	-35	45	-47	6	-9	0	333	-761	162	-252	-85	288
2	247	-540	127559412	11	-35	32	-33	4	-6	0	337	-767	162	-252	-85	288
2	247	-540	127561412	10	-25	33	-35	5	-6	0	342	-773	162	-252	-85	288
2	247	-540	127563412	10	-23	26	-28	3	-5	0	345	-725	162	-252	-85	288
2	247	-540	127565408	6	-18	19	-21	3	-4	0	348	-729	162	-252	-85	288
2	247	-540	127567404	8	-15	16	-20	2	-4	1	350	-733	162	-252	-85	288
3	247	-540	127569408	5	-10	11	-14	2	-2	1	164	-254	162	-252	-85	288
3	247	-540	127571412	5	-9	10	-12	1	-2	1	165	-256	162	-252	-85	288
3	247	-540	127573412	3	-6	8	-10	1	-2	1	166	-258	162	-252	-85	288
3	247	-540	127575416	3	-4	4	-7	1	-1	1	167	-259	162	-252	-85	288
3	247	-540	127577420	2	-3	3	-5	1	-1	1	168	-260	162	-252	-85	288
3	247	-540	127579396	2	-2	2	-3	0	0	1	168	-260	162	-252	-85	288
3	-389	448	127581416	1	-2	1	-3	0	-1	1	168	-261	-227	196	162	-252
3	-389	448	127583384	0	0	0	-1	0	0	1	168	-261	-227	196	162	-252
3	-389	448	127585408	1	-1	0	-1	0	0	1	168	-261	-227	196	162	-252
3	-389	448	127589376	0	0	1	0	0	0	1	168	-261	-227	196	162	-252
3	-389	448	127591368	0	0	0	-2	0	0	1	168	-261	-227	196	162	-252
3	-389	448	127593372	1	0	0	0	1	0	1	169	-261	-227	196	162	-252
3	-389	448	127613344	2	0	0	0	0	0	1	169	-261	-227	196	162	-252
3	-389	448	127625360	0	0	0	1	0	0	1	169	-261	-227	196	162	-252
3	-389	448	127637364	0	1	0	1	0	0	1	169	-261	-227	196	162	-252
3	-389	448	127639364	0	2	0	1	0	0	1	169	-261	-227	196	162	-252
3	-389	448	127641364	0	1	0	2	0	0	1	169	-261	-227	196	162	-252
3	-389	448	127643364	0	2	0	2	0	0	1	169	-261	-227	196	162	-252
3	-389	448	127645400	-1	5	0	4	0	1	1	169	-260	-227	196	162	-252
3	-389	448	127647400	0	4	-2	4	0	1	1	169	-259	-227	196	162	-252
3	-389	448	127649400	-1	6	-2	6	0	1	1	169	-258	-227	196	162	-252
3	-389	448	127651404	-1	7	-1	5	0	1	1	169	-257	-227	196	162	-252
3	-389	448	127653412	-2	7	-4	9	-1	2	0	168	-255	-227	196	162	-252
3	-389	448	127655400	-1	10	-5	8	0	2	0	168	-253	-227	196	162	-252
3	-389	448	127657416	-2	11	-5	10	-1	2	0	167	-251	-227	196	162	-252
3	-389	448	127659432	-3	14	-8	13	-1	2	0	166	-249	-227	196	162	-252
3	-389	448	127661432	-2	14	-8	15	-1	3	0	165	-246	-227	196	162	-252
3	-389	448	127663432	-4	19	-10	15	-2	4	0	163	-242	-227	196	162	-252
3	-389	448	127665436	-5	17	-13	19	-1	3	0	162	-239	-227	196	162	-252
3	-389	448	127667440	-5	24	-15	18	-2	4	0	160	-235	-227	196	162	-252
3	-389	448	127669444	-5	22	-19	24	-3	5	0	157	-230	-227	196	162	-252
3	-389	448	127671448	-8	28	-21	26	-3	5	0	154	-225	-227	196	162	-252
3	-389	448	127673436	-7	26	-22	25	-3	6	0	151	-219	-227	196	162	-252
3	-389	448	127675436	-8	28	-29	30	-3	5	0	148	-214	-227	196	162	-252
3	-389	448	127677436	-11	35	-29	29	-4	7	0	144	-207	-227	196	162	-252
3	-389	448	127679436	-11	32	-36	35	-5	6	0	139	-201	-227	196	162	-252
3	-389	448	127681436	-14	39	-40	38	-5	8	0	134	-193	-227	196	162	-252
3	-389	448	127683432	-12	36	-39	35	-5	7	0	129	-186	-227	196	162	-252
3	-389	448	127685432	-18	44	-49	42	-7	9	0	122	-177	-227	196	162	-252
3	-389	448	127687432	-16	41	-46	40	-6	8	0	116	-169	-227	196	162	-252
3	-389	448	127689428	-16	44	-57	48	-8	9	0	108	-160	-227	196	162	-252
3	-389	448	127691428	-22	52	-63	50	-8	10	0	100	-150	-227	196	162	-252
3	-389	448	127693420	-20	49	-59	47	-8	10	0	92	-140	-227	196	162	-252
3	-389	448	127695420	-23	58	-70	56	-9	11	0	83	-129	-227	196	162	-252
3	-389	448	127697424	-23	55	-66	52	-9	11	0	74	-118	-227	196	162	-252
3	-389	448	127699420	-27	63	-80	62	-11	13	0	63	-105	-227	196	162	-252
3	-389	448	127701424	-25	60	-86	66	-11	12	0	52	-93	-227	196	162	-252
3	-389	448	127703436	-27	63	-79	60	-11	12	0	41	-81	-227	196	162	-252
3	-389	448	127705436	-31	75	-95	73	-12	15	0	29	-66	-227	196	162	-252
3	-389	448	127707436	-30	69	-100	77	-13	15	0	16	-51	-227	196	162	-252
3	-389	448	127709440	-35	80	-92	70	-13	15	0	3	-36	-227	196	162	-252
3	-389	448	127711432	-34	76	-112	84	-15	16	0	-12	-20	-227	196	162	-252
3	-389	448	127713432	-40	89	-101	75	-14	16	0	-26	-4	-227	196	162	-252
3	-389	448	127715436	-37	81	-121	90	-15	17	0	-41	13	-227	196	162	-252
3	-389	448	127717440	-45	95	-128	94	-18	19	0	-59	32	-227	196	162	-252
3	-389	448	127719444	-44	89	-117	85	-16	18	0	-75	50	-227	196	162	-252
3	-389	448	127721444	-45	90	-139	100	-18	19	0	-93	69	-227	196	162	-252
3	-389	448	127723440	-55	106	-127	91	-18	19	0	-111	88	-227	196	162	-252
3	-389	448	127725436	-50	96	-150	108	-20	21	0	-131	109	-227	196	162	-252
3	-389	448	127727432	-60	113	-157	110	-22	22	0	-153	131	-227	196	162	-252
3	-389	448	127729436	-56	102	-142	100	-20	20	0	-173	151	-227	196	162	-252
3	-389	448	127731436	-66	119	-168	117	-23	24	0	-196	175	-227	196	162	-252
3	-389	448	127733436	-60	109	-172	120	-24	23	0	-220	198	-227	196	162	-252
3	-389	448	127735436	-72	123	-155	108	-22	23	0	-242	221	-227	196	162	-252
3	-389	448	127737440	-65	114	-183	125	-25	24	0	-267	245	-227	196	162	-252
3	-389	448	127739444	-66	115	-161	111	-23	22	0	-290	267	-227	196	162	-252
3	-389	448	127741448	-75	131	-189	130	-26	26	0	-316	293	-227	196	162	-252
3	-389	448	127743456	-69	119	-191	131	-26	25	0	-342	318	-227	196	162	-252
3	-389	448	127745448	-77	136	-169	116	-25	26	0	-367	344	-227	196	162	-252
3	-389	448	127747452	-69	122	-195	135	-26	25	0	-393	369	-227	196	162	-252
3	-389	448	127749444	-79	137	-171	120	-25	26	0	-418	395	-227	196	162	-252
3	-389	448	127751452	-70	124	-197	137	-27	26	0	-445	421	-227	196	162	-252
3	-389	448	127753448	-68	124	-197	137	-26	26	0	-471	447	-227	196	162	-252
3	-389	448	127755444	-78	138	-171	120	-25	26	0	-496	473	-227	196	162	-252
3	-389	448	127757444	-69	123	-194	138	-27	26	0	-523	499	-227	196	162	-252
3	-389	448	127759444	-76	135	-168	118	-24	25	0	-547	524	-227	196	162	-252
3	-389	448	127761448	-66	120	-192	134	-26	26	0	-573	550	-227	196	162	-252
3	-389	448	127763440	-74	131	-187	133	-26	26	0	-599	576	-227	196	162	-252
3	-389	448	127765428	-65	115	-161	113	-22	23	0	-621	599	-227	196	162	-252
3	-389	448	127767432	-64	113	-180	129	-25	24	0	-646	623	-227	196	162	-252
3	-389	448	127769432	-71	123	-155	109	-22	23	0	-668	646	-227	196	162	-252
3	-389	448	127771436	-62	107	-173	121	-24	23	0	-692	669	-227	196	162	-252
3	-389	448	127773432	-68	115	-167	118	-23	24	0	-715	693	-227	196	162	-252
3	-389	448	127775432	-57	97	-143	98	-20	19	0	-735	712	-227	196	162	-252
3	-389	448	127777436	-63	106	-157	110	-22	22	0	-757	734	-227	196	162	-252
3	-389	448	127779440	-54	89	-153	104	-21	19	0	-778	753	-227	196	162	-252
3	-389	448	127781436	-58	96	-129	89	-19	18	0	-797	771	-227	196	162	-252
3	-389	448	127783436	-50	82	-142	95	-19	18	0	-816	789	-227	196	162	-252
3	-389	448	127785444	-48	76	-119	80	-17	16	0	-833	736	-227	196	162	-252
3	-389	448	127787440	-51	82	-130	86	-18	17	0	-851	753	-227	196	162	-252
3	-389	448	127789456	-44	68	-124	83	-17	15	0	-868	768	-227	196	162	-252
3	-389	448	127791456	-47	72	-103	67	-15	14	0	-883	782	-227	196	162	-252
3	-389	448	127793456	-39	62	-112	73	-15	13	0	-898	795	-227	196	162	-252
3	-389	448	127795460	-41	62	-93	58	-13	12	0	-911	807	-227	196	162	-252
3	-389	448	127797452	-34	53	-100	64	-14	12	0	-925	819	-227	196	162	-252
3	-389	448	127799448	-35	53	-94	59	-12	11	0	-937	830	-227	196	162	-252
3	-389	448	127801456	-29	44	-78	47	-11	9	0	-948	839	-227	196	162	-252
3	-389	448	127803460	-25	41	-82	50	-11	9	0	-959	848	-227	196	162	-252
3	-389	448	127805460	-26	44	-76	47	-10	9	0	-969	857	-227	196	162	-252
3	-389	448	127807456	-21	35	-63	37	-8	7	0	-977	864	-227	196	162	-252
3	-389	448	127809452	-22	35	-65	39	-9	8	0	-986	872	-227	196	162	-252
3	-389	448	127811452	-16	30	-54	31	-7	6	0	-993	878	-227	196	162	-252
3	-389	448	127813452	-16	29	-55	33	-7	6	0	-1000	884	-227	196	162	-252
3	-389	448	127815448	-11	24	-50	28	-6	5	0	-1006	725	-227	196	162	-252
3	-389	448	127817444	-12	22	-40	23	-6	5	0	-1012	730	-227	196	162	-252
3	-389	448	127819448	-7	19	-41	24	-4	4	0	-1016	734	-227	196	162	-252
3	-389	448	127821452	-5	15	-31	17	-4	3	1	-1020	723	-227	196	162	-252
4	-389	448	127823456	-4	16	-33	18	-4	4	1	-231	200	-227	196	162	-252
4	-389	448	127825448	-1	13	-27	15	-2	3	1	-233	203	-227	196	162	-252
4	-389	448	127827444	0	11	-21	11	-3	2	1	-236	205	-227	196	162	-252
4	-389	448	127829444	0	7	-20	11	-2	2	1	-238	207	-227	196	162	-252
4	-389	448	127831460	4	8	-15	9	-1	1	1	-239	208	-227	196	162	-252
4	-389	448	127833476	4	5	-15	6	-1	1	1	-240	209	-227	196	162	-252
4	-389	448	127835464	6	5	-12	6	0	1	1	-240	210	-227	196	162	-252
4	-389	448	127837456	6	2	-7	4	0	1	1	-240	211	-227	196	162	-252
4	500	-321	127839452	8	2	-6	3	0	1	1	-240	212	273	-125	-227	196
4	500	-321	127841440	7	1	-4	2	0	0	1	-240	212	273	-125	-227	196
4	500	-321	127843440	9	0	-4	1	0	0	1	-240	212	273	-125	-227	196
4	500	-321	127845412	9	0	-1	0	0	0	1	-240	212	273	-125	-227	196
4	500	-321	127847412	7	0	-1	0	1	0	1	-239	212	273	-125	-227	196
4	500	-321	127849440	10	-2	0	0	1	0	1	-238	212	273	-125	-227	196
4	500	-321	127851416	8	-1	0	-1	1	0	1	-237	212	273	-125	-227	196
4	500	-321	127853440	7	-3	1	-2	1	0	1	-236	212	273	-125	-227	196
4	500	-321	127855448	9	-2	3	-2	1	0	1	-235	212	273	-125	-227	196
4	500	-321	127857452	6	-1	1	-1	1	-1	1	-234	211	273	-125	-227	196
4	500	-321	127859444	8	-3	3	-3	1	0	1	-233	211	273	-125	-227	196
4	500	-321	127861436	6	-1	2	-1	0	0	1	-233	211	273	-125	-227	196
4	500	-321	127863452	5	-3	3	-3	1	-1	1	-232	210	273	-125	-227	196
4	500	-321	127865444	5	-1	1	-1	1	0	1	-231	210	273	-125	-227	196
4	500	-321	127867428	4	-1	1	-1	0	0	1	-231	210	273	-125	-227	196
4	500	-321	127869452	2	-1	1	-1	1	-1	1	-230	209	273	-125	-227	196
4	500	-321	127871428	4	-2	2	-2	0	0	1	-230	209	273	-125	-227	196
4	500	-321	127873424	1	-1	1	-1	0	0	1	-230	209	273	-125	-227	196
4	500	-321	127875444	3	-1	0	-1	1	0	1	-229	209	273	-125	-227	196
4	500	-321	127877400	1	0	1	0	0	0	1	-229	209	273	-125	-227	196
4	500	-321	127879436	1	-1	0	-1	0	-1	1	-229	208	273	-125	-227	196
4	500	-321	127881428	0	-2	1	0	0	0	1	-229	208	273	-125	-227	196
4	500	-321	127883404	0	-1	0	-2	0	0	1	-229	208	273	-125	-227	196
4	500	-321	127885432	0	-1	2	-2	0	0	1	-229	208	273	-125	-227	196
4	500	-321	127887440	0	-4	1	-3	0	-1	1	-229	207	273	-125	-227	196
4	500	-321	127889444	-3	-4	2	-3	0	-1	1	-229	206	273	-125	-227	196
4	500	-321	127891436	-5	-5	3	-7	0	-1	1	-229	205	273	-125	-227	196
4	500	-321	127893432	-3	-6	2	-5	0	-1	1	-229	204	273	-125	-227	196
4	500	-321	127895428	-7	-9	5	-7	0	-2	1	-229	202	273	-125	-227	196
4	500	-321	127897424	-6	-8	5	-10	0	-2	1	-229	200	273	-125	-227	196
4	500	-321	127899392	-7	-10	7	-10	0	-2	1	-229	198	273	-125	-227	196
4	500	-321	127901420	-8	-15	7	-13	0	-2	1	-229	196	273	-125	-227	196
4	500	-321	127903388	-9	-14	9	-13	0	-3	1	-229	193	273	-125	-227	196
4	500	-321	127905416	-10	-19	12	-17	0	-4	1	-229	189	273	-125	-227	196
4	500	-321	127907412	-8	-17	12	-16	0	-3	1	-229	186	273	-125	-227	196
4	500	-321	127909420	-12	-24	15	-21	1	-4	1	-228	182	273	-125	-227	196
4	500	-321	127911416	-11	-24	18	-25	0	-5	0	-228	177	273	-125	-227	196
4	500	-321	127913428	-11	-25	18	-23	1	-5	0	-227	172	273	-125	-227	196
4	500	-321	127915432	-11	-31	22	-28	1	-6	0	-226	166	273	-125	-227	196
4	500	-321	127917436	-12	-30	27	-33	2	-6	0	-224	160	273	-125	-227	196
4	500	-321	127919440	-11	-36	23	-29	1	-7	0	-223	153	273	-125	-227	196
4	500	-321	127921444	-10	-34	32	-36	2	-7	0	-221	146	273	-125	-227	196
4	500	-321	127923440	-11	-41	28	-34	2	-7	0	-219	139	273	-125	-227	196
4	500	-321	127925444	-9	-39	37	-41	2	-8	0	-217	131	273	-125	-227	196
4	500	-321	127927444	-10	-46	38	-44	3	-9	0	-214	122	273	-125	-227	196
4	500	-321	127929436	-7	-44	38	-41	3	-9	0	-211	113	273	-125	-227	196
4	500	-321	127931436	-7	-46	46	-49	4	-9	0	-207	104	273	-125	-227	196
4	500	-321	127933432	-7	-55	43	-45	4	-10	0	-203	94	273	-125	-227	196
4	500	-321	127935420	-5	-52	52	-55	5	-11	0	-198	83	273	-125	-227	196
4	500	-321	127937424	-5	-61	56	-57	5	-12	0	-193	71	273	-125	-227	196
4	500	-321	127939432	-3	-56	54	-53	5	-11	0	-188	60	273	-125	-227	196
4	500	-321	127941420	-1	-66	64	-62	6	-13	0	-182	47	273	-125	-227	196
4	500	-321	127943428	0	-60	59	-56	6	-11	0	-176	36	273	-125	-227	196
4	500	-321	127945424	1	-62	71	-67	7	-13	0	-169	23	273	-125	-227	196
4	500	-321	127947420	3	-72	76	-68	8	-14	0	-161	9	273	-125	-227	196
4	500	-321	127949420	7	-66	70	-63	8	-13	0	-153	-4	273	-125	-227	196
4	500	-321	127951416	10	-77	86	-74	9	-15	0	-144	-19	273	-125	-227	196
4	500	-321	127953416	10	-71	92	-77	11	-15	0	-133	-34	273	-125	-227	196
4	500	-321	127955412	15	-84	83	-70	9	-15	0	-124	-49	273	-125	-227	196
4	500	-321	127957416	15	-76	104	-83	12	-16	0	-112	-65	273	-125	-227	196
4	500	-321	127959412	17	-79	95	-75	11	-16	0	-101	-81	273	-125	-227	196
4	500	-321	127961420	23	-92	115	-87	14	-17	0	-87	-98	273	-125	-227	196
4	500	-321	127963424	22	-84	124	-91	15	-18	0	-72	-116	273	-125	-227	196
4	500	-321	127965424	30	-97	112	-83	14	-18	0	-58	-134	273	-125	-227	196
4	500	-321	127967428	29	-89	138	-96	17	-18	0	-41	-152	273	-125	-227	196
4	500	-321	127969428	37	-103	126	-86	16	-19	0	-25	-171	273	-125	-227	196
4	500	-321	127971416	38	-92	151	-100	19	-20	0	-6	-191	273	-125	-227	196
4	500	-321	127973420	41	-96	160	-103	20	-19	0	14	-210	273	-125	-227	196
4	500	-321	127975416	53	-110	147	-91	20	-21	0	34	-231	273	-125	-227	196
4	500	-321	127977424	51	-100	175	-106	23	-20	0	57	-251	273	-125	-227	196
4	500	-321	127979424	65	-113	160	-95	22	-21	0	79	-272	273	-125	-227	196
4	500	-321	127981424	62	-101	190	-109	25	-21	0	104	-293	273	-125	-227	196
4	500	-321	127983428	79	-115	197	-110	28	-22	0	132	-315	273	-125	-227	196
4	500	-321	127985424	76	-100	180	-96	26	-20	0	158	-335	273	-125	-227	196
4	500	-321	127987436	93	-113	210	-109	30	-22	0	188	-357	273	-125	-227	196
4	500	-321	127989440	90	-100	218	-109	31	-21	0	219	-378	273	-125	-227	196
4	500	-321	127991432	95	-96	193	-94	28	-19	0	247	-397	273	-125	-227	196
4	500	-321	127993440	114	-107	225	-103	34	-21	0	281	-418	273	-125	-227	196
4	500	-321	127995432	107	-94	200	-90	31	-19	0	312	-437	273	-125	-227	196
4	500	-321	127997432	128	-101	233	-102	36	-20	0	348	-457	273	-125	-227	196
4	500	-321	127999432	117	-88	234	-98	35	-18	0	383	-475	273	-125	-227	196
4	500	-321	128001428	136	-96	207	-84	35	-18	0	418	-493	273	-125	-227	196
4	500	-321	128003428	125	-83	236	-93	36	-18	0	454	-511	273	-125	-227	196
4	500	-321	128005436	144	-88	208	-78	35	-17	0	489	-528	273	-125	-227	196
4	500	-321	128007424	130	-77	237	-87	37	-16	0	526	-544	273	-125	-227	196
4	500	-321	128009428	131	-73	235	-85	36	-16	0	562	-560	273	-125	-227	196
4	500	-321	128011436	148	-79	205	-70	35	-15	0	597	-575	273	-125	-227	196
4	500	-321	128013432	131	-68	232	-78	37	-14	0	634	-589	273	-125	-227	196
4	500	-321	128015420	148	-72	200	-65	35	-14	0	669	-603	273	-125	-227	196
4	500	-321	128017424	128	-61	223	-73	35	-13	0	704	-616	273	-125	-227	196
4	500	-321	128019408	144	-67	220	-69	36	-14	0	740	-630	273	-125	-227	196
4	500	-321	128021416	125	-56	188	-57	31	-11	0	771	-641	273	-125	-227	196
4	500	-321	128023420	123	-52	207	-63	33	-12	0	804	-653	273	-125	-227	196
4	500	-321	128025420	135	-58	178	-52	32	-11	0	836	-664	273	-125	-227	196
4	500	-321	128027416	116	-47	195	-58	31	-10	0	867	-674	273	-125	-227	196
4	500	-321	128029412	126	-52	189	-53	31	-11	0	898	-685	273	-125	-227	196
4	500	-321	128031404	109	-42	157	-45	27	-9	0	925	-694	273	-125	-227	196
4	500	-321	128033404	117	-45	173	-49	29	-9	0	954	-703	273	-125	-227	196
4	500	-321	128035400	99	-36	142	-40	24	-8	0	978	-711	273	-125	-227	196
4	500	-321	128037404	95	-35	154	-43	25	-7	0	1003	-718	273	-125	-227	196
4	500	-321	128039400	101	-37	142	-38	24	-8	0	1027	-726	273	-125	-227	196
4	500	-321	128041400	84	-30	118	-33	20	-6	0	1047	-726	273	-125	-227	196
4	500	-321	128043400	89	-30	124	-34	22	-7	0	1069	-733	273	-125	-227	196
4	500	-321	128045404	72	-23	112	-31	18	-5	0	1087	-738	273	-125	-227	196
4	500	-321	128047404	75	-25	90	-24	17	-5	0	1104	-743	273	-125	-227	196
4	500	-321	128049400	60	-20	91	-25	15	-4	0	1119	-747	273	-125	-227	196
4	500	-321	128051400	54	-17	73	-20	12	-4	0	1131	-751	273	-125	-227	196
4	500	-321	128053400	55	-17	72	-20	13	-4	0	1144	-755	273	-125	-227	196
4	500	-321	128055396	43	-14	62	-17	11	-3	0	1155	-758	273	-125	-227	196
4	500	-321	128057396	41	-12	47	-14	8	-2	0	1163	-760	273	-125	-227	196
4	500	-321	128059400	31	-10	46	-12	8	-3	0	1171	-723	273	-125	-227	196
4	500	-321	128061396	30	-9	34	-10	6	-2	0	1177	-725	273	-125	-227	196
4	500	-321	128063396	23	-6	33	-9	6	-1	0	1183	-726	273	-125	-227	196
4	500	-321	128065400	20	-5	25	-9	5	-1	0	1188	-727	273	-125	-227	196
4	500	-321	128067404	15	-4	17	-5	3	-1	0	1191	-728	273	-125	-227	196
4	500	-321	128069404	11	-4	15	-5	2	-1	1	1193	-729	273	-125	-227	196
5	500	-321	128071400	10	-2	10	-4	2	-1	1	275	-126	273	-125	-227	196
5	500	-321	128073384	6	-2	9	-2	2	0	1	277	-126	273	-125	-227	196
5	500	-321	128075400	5	-1	5	-3	1	-1	1	278	-127	273	-125	-227	196
5	-570	168	128077376	3	0	2	-1	0	0	1	278	-127	-297	43	273	-125
5	-570	168	128079360	2	0	3	0	1	0	1	279	-127	-297	43	273	-125
5	-570	168	128081372	1	0	0	-1	0	0	1	279	-127	-297	43	273	-125
5	-570	168	128083344	2	0	1	0	0	0	1	279	-127	-297	43	273	-125
5	-570	168	128135408	-1	0	0	0	0	0	1	279	-127	-297	43	273	-125
5	-570	168	128139404	-1	0	0	0	0	0	1	279	-127	-297	43	273	-125
5	-570	168	128141396	-3	0	0	0	0	0	1	279	-127	-297	43	273	-125
5	-570	168	128143372	-2	1	0	2	0	0	1	279	-127	-297	43	273	-125
5	-570	168	128145420	-3	1	-2	1	0	0	0	279	-127	-297	43	273	-125
5	-570	168	128147416	-3	1	-1	1	0	0	0	279	-127	-297	43	273	-125
5	-570	168	128149432	-5	1	-2	1	-1	0	0	278	-127	-297	43	273	-125
5	-570	168	128151444	-5	3	-3	3	-1	1	0	277	-126	-297	43	273	-125
5	-570	168	128153440	-7	4	-5	4	-1	1	0	276	-125	-297	43	273	-125
5	-570	168	128155424	-7	3	-5	2	-1	0	0	275	-125	-297	43	273	-125
5	-570	168	128157432	-9	5	-7	5	-2	1	0	273	-124	-297	43	273	-125
5	-570	168	128159428	-10	5	-8	5	-2	1	0	271	-123	-297	43	273	-125
5	-570	168	128161432	-12	8	-12	6	-2	1	0	269	-122	-297	43	273	-125
5	-570	168	128163432	-13	7	-15	8	-3	2	0	266	-120	-297	43	273	-125
5	-570	168	128165424	-16	9	-18	7	-3	2	0	263	-118	-297	43	273	-125
5	-570	168	128167424	-18	10	-22	10	-4	2	0	259	-116	-297	43	273	-125
5	-570	168	128169432	-20	11	-25	10	-5	2	0	254	-114	-297	43	273	-125
5	-570	168	128171428	-25	14	-33	13	-6	2	0	248	-112	-297	43	273	-125
5	-570	168	128173436	-25	14	-39	15	-6	3	0	242	-109	-297	43	273	-125
5	-570	168	128175432	-31	17	-40	14	-7	3	0	235	-106	-297	43	273	-125
5	-570	168	128177428	-31	17	-52	17	-8	4	0	227	-102	-297	43	273	-125
5	-570	168	128179424	-39	18	-51	16	-9	3	0	218	-99	-297	43	273	-125
5	-570	168	128181420	-39	20	-68	22	-11	4	0	207	-95	-297	43	273	-125
5	-570	168	128183412	-43	20	-76	22	-12	5	0	195	-90	-297	43	273	-125
5	-570	168	128185424	-53	24	-74	21	-13	4	0	182	-86	-297	43	273	-125
5	-570	168	128187424	-51	24	-94	25	-14	5	0	168	-81	-297	43	273	-125
5	-570	168	128189420	-64	27	-90	25	-16	5	0	152	-76	-297	43	273	-125
5	-570	168	128191424	-61	28	-112	29	-17	6	0	135	-70	-297	43	273	-125
5	-570	168	128193420	-75	31	-124	31	-20	6	0	115	-64	-297	43	273	-125
5	-570	168	128195416	-71	30	-115	30	-18	6	0	97	-58	-297	43	273	-125
5	-570	168	128197412	-85	35	-142	34	-23	7	0	74	-51	-297	43	273	-125
5	-570	168	128199396	-80	33	-134	33	-22	7	0	52	-44	-297	43	273	-125
5	-570	168	128201400	-85	35	-161	38	-24	7	0	28	-37	-297	43	273	-125
5	-570	168	128203408	-100	41	-172	42	-27	8	0	1	-29	-297	43	273	-125
5	-570	168	128205404	-94	37	-157	37	-25	8	0	-24	-21	-297	43	273	-125
5	-570	168	128207408	-111	45	-189	44	-30	8	0	-54	-13	-297	43	273	-125
5	-570	168	128209412	-103	43	-199	46	-31	9	0	-85	-4	-297	43	273	-125
5	-570	168	128211404	-121	49	-180	43	-30	10	0	-115	6	-297	43	273	-125
5	-570	168	128213408	-111	46	-215	50	-32	9	0	-147	15	-297	43	273	-125
5	-570	168	128215424	-115	46	-193	45	-31	9	0	-178	24	-297	43	273	-125
5	-570	168	128217424	-134	55	-228	52	-36	11	0	-214	35	-297	43	273	-125
5	-570	168	128219420	-121	49	-235	55	-36	10	0	-250	45	-297	43	273	-125
5	-570	168	128221416	-142	57	-211	50	-35	11	0	-285	56	-297	43	273	-125
5	-570	168	128223416	-127	53	-248	58	-38	11	0	-323	67	-297	43	273	-125
5	-570	168	128225416	-146	60	-220	51	-36	11	0	-359	78	-297	43	273	-125
5	-570	168	128227412	-133	55	-256	60	-39	12	0	-398	90	-297	43	273	-125
5	-570	168	128229404	-135	56	-260	62	-40	12	0	-438	102	-297	43	273	-125
5	-570	168	128231392	-154	65	-230	54	-38	11	0	-476	113	-297	43	273	-125
5	-570	168	128233404	-138	59	-267	64	-41	13	0	-517	126	-297	43	273	-125
5	-570	168	128235396	-157	66	-237	57	-39	12	0	-556	138	-297	43	273	-125
5	-570	168	128237400	-140	60	-271	65	-41	13	0	-597	151	-297	43	273	-125
5	-570	168	128239404	-157	68	-275	67	-43	13	0	-640	164	-297	43	273	-125
5	-570	168	128241408	-141	60	-241	57	-39	12	0	-679	176	-297	43	273	-125
5	-570	168	128243408	-159	70	-276	68	-43	14	0	-722	190	-297	43	273	-125
5	-570	168	128245412	-140	61	-278	67	-42	12	0	-764	202	-297	43	273	-125
5	-570	168	128247412	-140	61	-242	60	-38	12	0	-802	214	-297	43	273	-125
5	-570	168	128249408	-158	71	-278	69	-44	14	0	-846	228	-297	43	273	-125
5	-570	168	128251400	-138	62	-241	60	-38	13	0	-884	241	-297	43	273	-125
5	-570	168	128253400	-154	71	-276	69	-43	14	0	-927	255	-297	43	273	-125
5	-570	168	128255400	-136	61	-273	68	-40	13	0	-967	268	-297	43	273	-125
5	-570	168	128257400	-150	70	-236	60	-39	13	0	-1006	281	-297	43	273	-125
5	-570	168	128259396	-132	61	-268	69	-40	13	0	-1046	294	-297	43	273	-125
5	-570	168	128261404	-127	59	-231	59	-36	11	0	-1082	305	-297	43	273	-125
5	-570	168	128263400	-141	68	-259	67	-40	14	0	-1122	319	-297	43	273	-125
5	-570	168	128265400	-123	57	-255	68	-38	12	0	-1160	331	-297	43	273	-125
5	-570	168	128267392	-134	65	-217	57	-35	13	0	-1195	344	-297	43	273	-125
5	-570	168	128269400	-113	55	-241	64	-35	11	0	-1230	355	-297	43	273	-125
5	-570	168	128271392	-124	61	-207	55	-33	12	0	-1263	367	-297	43	273	-125
5	-570	168	128273384	-106	54	-227	61	-34	12	0	-1297	379	-297	43	273	-125
5	-570	168	128275388	-102	51	-219	60	-32	11	0	-1329	390	-297	43	273	-125
5	-570	168	128277396	-108	55	-184	50	-29	10	0	-1358	400	-297	43	273	-125
5	-570	168	128279392	-90	48	-201	55	-29	10	0	-1309	410	-297	43	273	-125
5	-570	168	128281396	-97	51	-167	47	-26	10	0	-1335	420	-297	43	273	-125
5	-570	168	128283400	-78	43	-180	51	-26	10	0	-1361	430	-297	43	273	-125
5	-570	168	128285400	-83	46	-170	47	-25	9	0	-1386	439	-297	43	273	-125
5	-570	168	128287396	-67	39	-139	40	-21	8	0	-1407	447	-297	43	273	-125
5	-570	168	128289388	-69	40	-148	42	-22	8	0	-1429	455	-297	43	273	-125
5	-570	168	128291396	-56	32	-118	35	-17	7	0	-1446	462	-297	43	273	-125
5	-570	168	128293392	-50	31	-125	36	-18	6	0	-1464	468	-297	43	273	-125
5	-570	168	128295388	-50	32	-113	32	-16	7	0	-1480	475	-297	43	273	-125
5	-570	168	128297384	-39	23	-89	27	-13	5	0	-1293	480	-297	43	273	-125
5	-570	168	128299380	-38	25	-90	27	-13	5	0	-1306	485	-297	43	273	-125
5	-570	168	128301376	-27	20	-70	20	-9	4	0	-1315	489	-297	43	273	-125
5	-570	168	128303380	-26	19	-70	21	-10	4	0	-1325	493	-297	43	273	-125
5	-570	168	128305376	-19	15	-58	18	-8	3	0	-1333	496	-297	43	273	-125
5	-570	168	128307384	-14	13	-45	14	-5	3	0	-1338	499	-297	43	273	-125
5	-570	168	128309388	-12	11	-43	13	-6	2	0	-1344	501	-297	43	273	-125
5	-570	168	128311380	-7	7	-34	12	-4	2	0	-1284	503	-297	43	273	-125
5	-570	168	128313376	-2	8	-23	7	-3	2	0	-1287	505	-297	43	273	-125
5	-570	168	128315376	0	5	-23	8	-2	1	0	-1289	506	-297	43	273	-125
5	-570	168	128317372	2	2	-14	5	-1	1	1	-1290	507	-297	43	273	-125
6	-570	168	128319360	5	3	-11	3	-1	0	1	-298	43	-297	43	273	-125
6	-570	168	128321360	6	0	-7	3	0	1	1	-298	44	-297	43	273	-125
6	-570	168	128323320	9	0	-4	0	0	0	1	-298	44	-297	43	273	-125
6	-570	168	128325348	8	0	-3	1	0	0	1	-298	44	-297	43	273	-125
6	-570	168	128327332	10	0	0	0	1	0	1	-297	44	-297	43	273	-125
6	-570	168	128329360	10	-1	0	0	1	0	1	-296	44	-297	43	273	-125
6	-570	168	128331360	12	-2	2	-2	2	0	1	-294	44	-297	43	273	-125
6	-570	168	128333356	10	-1	3	-1	1	0	1	-293	44	-297	43	273	-125
6	-570	168	128335364	11	-3	2	-2	1	0	1	-292	44	-297	43	273	-125
6	-570	168	128337376	9	-1	4	-2	2	-1	1	-290	43	-297	43	273	-125
6	-570	168	128339360	8	-1	2	-2	1	0	1	-289	43	-297	43	273	-125
6	-570	168	128341364	10	-3	3	-1	1	0	1	-288	43	-297	43	273	-125
6	594	0	128343384	7	-1	2	-2	1	-1	1	-287	42	297	43	-297	43
6	594	0	128345372	7	-1	3	-2	1	0	1	-286	42	297	43	-297	43
6	594	0	128347372	5	-2	2	-1	1	0	1	-285	42	297	43	-297	43
6	594	0	128349380	5	-1	2	-2	0	-1	1	-285	41	297	43	-297	43
6	594	0	128351380	4	-1	1	-1	1	0	1	-284	41	297	43	-297	43
6	594	0	128353372	2	0	1	-1	0	0	1	-284	41	297	43	-297	43
6	594	0	128355368	3	-1	1	-1	0	0	1	-284	41	297	43	-297	43
6	594	0	128357352	1	0	2	0	1	0	1	-283	41	297	43	-297	43
6	594	0	128359372	3	-2	0	-2	0	-1	1	-283	40	297	43	-297	43
6	594	0	128361308	1	0	1	0	0	0	1	-283	40	297	43	-297	43
6	594	0	128365356	1	0	0	-1	0	0	1	-283	40	297	43	-297	43
6	594	0	128369332	0	0	1	0	0	0	1	-283	40	297	43	-297	43
6	594	0	128399356	0	0	1	0	1	0	1	-282	40	297	43	-297	43
6	594	0	128411312	0	-1	0	0	0	0	1	-282	40	297	43	-297	43
6	594	0	128413316	0	0	0	-1	0	0	1	-282	40	297	43	-297	43
6	594	0	128417340	0	0	2	0	0	0	1	-282	40	297	43	-297	43
6	594	0	128421340	1	0	2	0	0	0	0	-282	40	297	43	-297	43
6	594	0	128423360	0	-1	4	-1	0	0	0	-282	40	297	43	-297	43
6	594	0	128425376	0	-1	4	-2	1	0	0	-281	40	297	43	-297	43
6	594	0	128427396	2	-3	7	-2	1	-1	0	-280	39	297	43	-297	43
6	594	0	128429384	0	-2	10	-3	1	0	0	-279	39	297	43	-297	43
6	594	0	128431392	2	-4	10	-2	1	-1	0	-278	38	297	43	-297	43
6	594	0	128433392	1	-4	15	-4	2	-1	0	-276	37	297	43	-297	43
6	594	0	128435392	4	-5	16	-5	2	-1	0	-274	36	297	43	-297	43
6	594	0	128437396	5	-6	22	-5	2	-1	0	-272	35	297	43	-297	43
6	594	0	128439400	5	-6	25	-6	3	-1	0	-269	34	297	43	-297	43
6	594	0	128441404	8	-8	26	-6	4	-1	0	-265	33	297	43	-297	43
6	594	0	128443408	8	-9	34	-9	4	-2	0	-261	31	297	43	-297	43
6	594	0	128445404	13	-10	32	-8	4	-2	0	-257	29	297	43	-297	43
6	594	0	128447408	14	-11	43	-10	6	-2	0	-251	27	297	43	-297	43
6	594	0	128449408	18	-14	48	-12	7	-3	0	-244	24	297	43	-297	43
6	594	0	128451404	19	-12	47	-11	6	-2	0	-238	22	297	43	-297	43
6	594	0	128453400	23	-13	58	-14	8	-3	0	-230	19	297	43	-297	43
6	594	0	128455396	28	-16	58	-14	9	-3	0	-221	16	297	43	-297	43
6	594	0	128457392	30	-15	70	-16	10	-3	0	-211	13	297	43	-297	43
6	594	0	128459396	38	-19	75	-16	11	-3	0	-200	10	297	43	-297	43
6	594	0	128461396	37	-16	71	-17	11	-4	0	-189	6	297	43	-297	43
6	594	0	128463396	48	-19	86	-17	13	-3	0	-176	3	297	43	-297	43
6	594	0	128465396	45	-17	93	-19	14	-4	0	-162	-1	297	43	-297	43
6	594	0	128467392	56	-20	86	-17	14	-4	0	-148	-5	297	43	-297	43
6	594	0	128469404	55	-19	104	-20	16	-3	0	-132	-8	297	43	-297	43
6	594	0	128471408	59	-19	96	-19	16	-4	0	-116	-12	297	43	-297	43
6	594	0	128473404	71	-21	116	-21	19	-4	0	-97	-16	297	43	-297	43
6	594	0	128475408	68	-20	123	-22	19	-5	0	-78	-21	297	43	-297	43
6	594	0	128477408	80	-22	112	-20	19	-4	0	-59	-25	297	43	-297	43
6	594	0	128479404	76	-19	137	-22	21	-4	0	-38	-29	297	43	-297	43
6	594	0	128481400	90	-23	125	-20	22	-4	0	-16	-33	297	43	-297	43
6	594	0	128483396	85	-21	147	-24	23	-5	0	7	-38	297	43	-297	43
6	594	0	128485392	87	-21	156	-24	24	-4	0	31	-42	297	43	-297	43
6	594	0	128487384	104	-24	142	-21	25	-5	0	56	-47	297	43	-297	43
6	594	0	128489384	96	-21	167	-24	26	-4	0	82	-51	297	43	-297	43
6	594	0	128491384	114	-25	153	-21	27	-5	0	109	-56	297	43	-297	43
6	594	0	128493376	105	-23	181	-25	28	-5	0	137	-61	297	43	-297	43
6	594	0	128495380	123	-25	187	-25	31	-5	0	168	-66	297	43	-297	43
6	594	0	128497384	112	-22	172	-21	29	-4	0	197	-70	297	43	-297	43
6	594	0	128499388	118	-23	201	-25	32	-5	0	229	-75	297	43	-297	43
6	594	0	128501388	135	-26	181	-23	31	-5	0	260	-80	297	43	-297	43
6	594	0	128503392	123	-24	215	-26	34	-5	0	294	-85	297	43	-297	43
6	594	0	128505396	143	-26	221	-25	36	-5	0	330	-90	297	43	-297	43
6	594	0	128507400	131	-24	199	-22	33	-4	0	363	-94	297	43	-297	43
6	594	0	128509404	151	-26	233	-25	39	-5	0	402	-99	297	43	-297	43
6	594	0	128511408	138	-25	238	-25	37	-5	0	439	-104	297	43	-297	43
6	594	0	128513412	159	-26	213	-22	38	-5	0	477	-109	297	43	-297	43
6	594	0	128515412	143	-23	249	-23	39	-5	0	516	-114	297	43	-297	43
6	594	0	128517416	145	-22	221	-22	36	-4	0	552	-118	297	43	-297	43
6	594	0	128519416	167	-25	256	-23	43	-5	0	595	-123	297	43	-297	43
6	594	0	128521420	150	-21	259	-23	41	-4	0	636	-127	297	43	-297	43
6	594	0	128523420	170	-24	230	-19	40	-5	0	676	-132	297	43	-297	43
6	594	0	128525420	152	-21	264	-22	41	-4	0	717	-136	297	43	-297	43
6	594	0	128527424	174	-23	231	-18	41	-4	0	758	-140	297	43	-297	43
6	594	0	128529420	154	-19	264	-21	42	-4	0	800	-144	297	43	-297	43
6	594	0	128531412	175	-20	263	-19	43	-4	0	843	-148	297	43	-297	43
6	594	0	128533416	153	-17	230	-17	39	-3	0	882	-151	297	43	-297	43
6	594	0	128535416	155	-16	262	-18	41	-4	0	923	-155	297	43	-297	43
6	594	0	128537424	173	-18	258	-16	43	-3	0	966	-158	297	43	-297	43
6	594	0	128539428	152	-15	223	-14	38	-3	0	1004	-161	297	43	-297	43
6	594	0	128541428	170	-14	251	-15	42	-3	0	1046	-164	297	43	-297	43
6	594	0	128543424	149	-12	216	-13	37	-3	0	1083	-167	297	43	-297	43
6	594	0	128545432	165	-13	242	-13	40	-2	0	1123	-169	297	43	-297	43
6	594	0	128547436	145	-11	235	-12	38	-2	0	1161	-171	297	43	-297	43
6	594	0	128549424	159	-11	200	-10	36	-3	0	1197	-174	297	43	-297	43
6	594	0	128551428	139	-9	223	-10	36	-1	0	1233	-175	297	43	-297	43
6	594	0	128553416	133	-7	189	-9	33	-2	0	1266	-177	297	43	-297	43
6	594	0	128555428	147	-8	209	-9	35	-2	0	1301	-179	297	43	-297	43
6	594	0	128557432	125	-6	200	-7	33	-1	0	1334	-180	297	43	-297	43
6	594	0	128559424	135	-5	169	-7	30	-1	0	1364	-181	297	43	-297	43
6	594	0	128561428	115	-4	183	-6	30	-1	0	1394	-182	297	43	-297	43
6	594	0	128563416	123	-4	154	-4	28	-1	0	1422	-183	297	43	-297	43
6	594	0	128565416	105	-2	168	-5	27	-1	0	1449	-184	297	43	-297	43
6	594	0	128567408	100	-3	158	-2	26	0	0	1475	-184	297	43	-297	43
6	594	0	128569416	104	-1	130	-3	23	-1	0	1303	-185	297	43	-297	43
6	594	0	128571408	88	0	139	-2	23	0	0	1326	-185	297	43	-297	43
6	594	0	128573400	90	-1	129	0	22	0	0	1348	-185	297	43	-297	43
6	594	0	128575372	73	0	105	0	17	0	0	1365	-185	297	43	-297	43
6	594	0	128577364	77	0	110	0	19	0	0	1384	-185	297	43	-297	43
6	594	0	128579388	60	2	86	0	15	0	0	1399	-185	297	43	-297	43
6	594	0	128581352	53	2	90	0	14	0	0	1413	-185	297	43	-297	43
6	594	0	128583380	54	3	70	2	12	0	1	1292	-185	297	43	-297	43
7	594	0	128585380	41	1	70	1	12	0	1	309	43	297	43	-297	43
7	594	0	128587400	40	2	61	2	10	1	1	319	44	297	43	-297	43
7	594	0	128589380	29	2	45	3	7	0	1	326	44	297	43	-297	43
7	594	0	128591380	29	2	45	1	7	0	1	333	44	297	43	-297	43
7	594	0	128593396	20	1	38	3	6	1	1	339	45	297	43	-297	43
7	594	0	128595380	16	3	27	2	5	0	1	344	45	297	43	-297	43
7	594	0	128597400	14	1	25	1	3	1	1	347	46	297	43	-297	43
7	594	0	128599400	10	1	17	3	3	0	1	350	46	297	43	-297	43
7	594	0	128601404	7	2	15	1	2	0	1	352	46	297	43	-297	43
7	594	0	128603400	4	1	11	1	2	0	1	354	46	297	43	-297	43
7	594	0	128605408	3	1	6	2	1	1	1	355	47	297	43	-297	43
7	594	0	128607388	1	1	4	1	0	0	1	355	47	297	43	-297	43
7	-570	-168	128609392	0	0	2	1	0	0	1	355	47	-273	-125	297	43
7	-570	-168	128611408	0	2	2	0	1	0	1	356	47	-273	-125	297	43
7	-570	-168	128613360	0	0	0	1	0	0	1	356	47	-273	-125	297	43
7	-570	-168	128615332	-1	0	0	0	0	0	1	356	47	-273	-125	297	43
7	-570	-168	128617348	0	1	0	2	0	1	1	356	48	-273	-125	297	43
7	-570	-168	128619356	-1	0	0	0	0	0	1	356	48	-273	-125	297	43
7	-570	-168	128621360	0	1	0	0	0	0	1	356	48	-273	-125	297	43
7	-570	-168	128623384	-1	0	0	1	0	0	1	356	48	-273	-125	297	43
7	-570	-168	128625384	-1	1	0	0	0	0	1	356	48	-273	-125	297	43
7	-570	-168	128627376	-2	0	0	1	0	0	1	356	48	-273	-125	297	43
7	-570	-168	128629356	0	2	0	0	0	0	1	356	48	-273	-125	297	43
7	-570	-168	128631384	-1	0	0	1	0	0	1	356	48	-273	-125	297	43
7	-570	-168	128633384	-2	1	0	0	0	0	1	356	48	-273	-125	297	43
7	-570	-168	128635404	-2	1	0	2	-1	1	1	355	49	-273	-125	297	43
7	-570	-168	128637384	-2	1	0	1	0	0	1	355	49	-273	-125	297	43
7	-570	-168	128639384	-1	2	0	1	0	0	1	355	49	-273	-125	297	43
7	-570	-168	128641384	-3	1	0	1	0	0	1	355	49	-273	-125	297	43
7	-570	-168	128643392	-2	1	0	2	0	1	1	355	50	-273	-125	297	43
7	-570	-168	128645392	-3	1	0	1	-1	0	1	354	50	-273	-125	297	43
7	-570	-168	128647384	-4	2	-1	1	0	0	1	354	50	-273	-125	297	43
7	-570	-168	128649388	-3	1	0	1	0	0	1	354	50	-273	-125	297	43
7	-570	-168	128651408	-4	2	0	2	-1	1	1	353	51	-273	-125	297	43
7	-570	-168	128653376	-4	2	-1	2	0	0	1	353	51	-273	-125	297	43
7	-570	-168	128655400	-5	2	0	1	-1	1	1	352	52	-273	-125	297	43
7	-570	-168	128657372	-5	1	-1	3	0	0	1	352	52	-273	-125	297	43
7	-570	-168	128659388	-5	3	-2	2	-1	0	1	351	52	-273	-125	297	43
7	-570	-168	128661400	-6	1	-1	2	-1	1	1	350	53	-273	-125	297	43
7	-570	-168	128663384	-6	3	-1	2	-1	0	1	349	53	-273	-125	297	43
7	-570	-168	128665380	-8	2	-1	1	0	1	1	349	54	-273	-125	297	43
7	-570	-168	128667384	-6	3	-2	3	-1	0	1	348	54	-273	-125	297	43
7	-570	-168	128669392	-9	2	-2	2	-1	1	1	347	55	-273	-125	297	43
7	-570	-168	128671376	-9	1	-1	3	-1	0	1	346	55	-273	-125	297	43
7	-570	-168	128673376	-7	3	-3	2	-1	0	1	345	55	-273	-125	297	43
7	-570	-168	128675384	-10	2	-1	3	-1	1	1	344	56	-273	-125	297	43
7	-570	-168	128677376	-9	3	-3	2	-2	0	1	342	56	-273	-125	297	43
7	-570	-168	128679384	-11	2	-3	4	-1	1	1	341	57	-273	-125	297	43
7	-570	-168	128681388	-11	4	-3	3	-1	1	1	340	58	-273	-125	297	43
7	-570	-168	128683380	-12	3	-2	2	-2	0	1	338	58	-273	-125	297	43
7	-570	-168	128685396	-12	2	-4	4	-1	1	1	337	59	-273	-125	297	43
7	-570	-168	128687376	-13	4	-4	2	-2	0	1	335	59	-273	-125	297	43
7	-570	-168	128689388	-13	2	-4	4	-2	1	1	333	60	-273	-125	297	43
7	-570	-168	128691396	-13	4	-2	3	-1	1	1	332	61	-273	-125	297	43
7	-570	-168	128693376	-15	3	-5	3	-2	0	1	330	61	-273	-125	297	43
7	-570	-168	128695388	-15	3	-5	4	-2	1	0	328	62	-273	-125	297	43
7	-570	-168	128697392	-16	3	-4	3	-2	1	0	326	63	-273	-125	297	43
7	-570	-168	128699380	-14	4	-5	3	-2	0	0	324	63	-273	-125	297	43
7	-570	-168	128701392	-17	2	-5	3	-2	1	0	322	64	-273	-125	297	43
7	-570	-168	128703388	-17	4	-6	4	-3	1	0	319	65	-273	-125	297	43
7	-570	-168	128705368	-16	2	-8	2	-2	0	0	317	65	-273	-125	297	43
7	-570	-168	128707380	-20	2	-8	3	-3	1	0	314	66	-273	-125	297	43
7	-570	-168	128709372	-17	2	-10	2	-3	0	0	311	66	-273	-125	297	43
7	-570	-168	128711372	-22	1	-12	1	-3	0	0	308	66	-273	-125	297	43
7	-570	-168	128713364	-20	0	-15	2	-4	0	0	304	66	-273	-125	297	43
7	-570	-168	128715380	-23	2	-17	1	-4	1	0	300	67	-273	-125	297	43
7	-570	-168	128717352	-24	0	-19	0	-4	0	0	296	67	-273	-125	297	43
7	-570	-168	128719356	-28	0	-26	0	-5	0	0	291	67	-273	-125	297	43
7	-570	-168	128721392	-27	-2	-30	-1	-6	0	0	285	67	-273	-125	297	43
7	-570	-168	128723392	-31	-3	-31	-1	-6	0	0	279	67	-273	-125	297	43
7	-570	-168	128725396	-38	-2	-43	-2	-8	-1	0	271	66	-273	-125	297	43
7	-570	-168	128727392	-37	-4	-42	-4	-8	0	0	263	66	-273	-125	297	43
7	-570	-168	128729404	-48	-6	-57	-5	-11	-1	0	252	65	-273	-125	297	43
7	-570	-168	128731404	-46	-5	-66	-5	-11	-1	0	241	64	-273	-125	297	43
7	-570	-168	128733404	-59	-8	-65	-6	-12	-2	0	229	62	-273	-125	297	43
7	-570	-168	128735404	-57	-8	-84	-8	-14	-1	0	215	61	-273	-125	297	43
7	-570	-168	128737404	-72	-10	-81	-7	-16	-2	0	199	59	-273	-125	297	43
7	-570	-168	128739412	-68	-9	-102	-12	-17	-2	0	182	57	-273	-125	297	43
7	-570	-168	128741412	-77	-11	-114	-11	-19	-2	0	163	55	-273	-125	297	43
7	-570	-168	128743400	-92	-14	-109	-11	-20	-3	0	143	52	-273	-125	297	43
7	-570	-168	128745408	-90	-13	-134	-14	-22	-3	0	121	49	-273	-125	297	43
7	-570	-168	128747400	-110	-16	-127	-14	-24	-3	0	97	46	-273	-125	297	43
7	-570	-168	128749404	-104	-15	-156	-17	-26	-3	0	71	43	-273	-125	297	43
7	-570	-168	128751400	-125	-19	-168	-18	-29	-4	0	42	39	-273	-125	297	43
7	-570	-168	128753400	-120	-17	-156	-17	-28	-3	0	14	36	-273	-125	297	43
7	-570	-168	128755400	-125	-20	-189	-20	-31	-4	0	-17	32	-273	-125	297	43
7	-570	-168	128757400	-150	-23	-200	-23	-35	-5	0	-52	27	-273	-125	297	43
7	-570	-168	128759400	-140	-21	-182	-20	-32	-4	0	-84	23	-273	-125	297	43
7	-570	-168	128761400	-164	-25	-218	-23	-39	-4	0	-123	19	-273	-125	297	43
7	-570	-168	128763400	-152	-25	-199	-23	-35	-5	0	-158	14	-273	-125	297	43
7	-570	-168	128765400	-180	-29	-233	-27	-41	-6	0	-199	8	-273	-125	297	43
7	-570	-168	128767400	-168	-27	-242	-29	-41	-5	0	-240	3	-273	-125	297	43
7	-570	-168	128769400	-195	-33	-217	-28	-41	-7	0	-281	-4	-273	-125	297	43
7	-570	-168	128771392	-178	-31	-255	-32	-44	-6	0	-325	-10	-273	-125	297	43
7	-570	-168	128773404	-185	-32	-228	-30	-41	-6	0	-366	-16	-273	-125	297	43
7	-570	-168	128775396	-212	-38	-265	-36	-48	-7	0	-414	-23	-273	-125	297	43
7	-570	-168	128777396	-193	-35	-271	-38	-46	-8	0	-460	-31	-273	-125	297	43
7	-570	-168	128779400	-223	-41	-240	-34	-46	-7	0	-506	-38	-273	-125	297	43
7	-570	-168	128781400	-200	-36	-277	-40	-48	-8	0	-554	-46	-273	-125	297	43
7	-570	-168	128783400	-227	-44	-247	-35	-47	-8	0	-601	-54	-273	-125	297	43
7	-570	-168	128785392	-204	-38	-281	-40	-49	-8	0	-650	-62	-273	-125	297	43
7	-570	-168	128787392	-204	-38	-284	-40	-49	-7	0	-699	-69	-273	-125	297	43
7	-570	-168	128789388	-230	-43	-248	-36	-47	-8	0	-746	-77	-273	-125	297	43
7	-570	-168	128791388	-205	-39	-285	-40	-49	-8	0	-795	-85	-273	-125	297	43
7	-570	-168	128793388	-229	-42	-248	-36	-48	-8	0	-843	-93	-273	-125	297	43
7	-570	-168	128795384	-200	-36	-282	-40	-48	-8	0	-891	-101	-273	-125	297	43
7	-570	-168	128797396	-222	-40	-282	-39	-51	-7	0	-942	-108	-273	-125	297	43
7	-570	-168	128799396	-194	-34	-242	-34	-43	-7	0	-985	-115	-273	-125	297	43
7	-570	-168	128801392	-212	-36	-275	-37	-49	-8	0	-1034	-123	-273	-125	297	43
7	-570	-168	128803396	-184	-32	-271	-35	-46	-6	0	-1080	-129	-273	-125	297	43
7	-570	-168	128805408	-179	-30	-233	-30	-41	-6	0	-1121	-135	-273	-125	297	43
7	-570	-168	128807408	-195	-32	-260	-33	-45	-7	0	-1166	-142	-273	-125	297	43
7	-570	-168	128809408	-167	-26	-222	-26	-39	-5	0	-1205	-147	-273	-125	297	43
7	-570	-168	128811404	-180	-29	-249	-27	-43	-6	0	-1248	-153	-273	-125	297	43
7	-570	-168	128813400	-154	-24	-240	-28	-39	-5	0	-1287	-158	-273	-125	297	43
7	-570	-168	128815400	-166	-25	-203	-21	-37	-4	0	-1324	-162	-273	-125	297	43
7	-570	-168	128817400	-142	-20	-223	-24	-37	-5	0	-1361	-167	-273	-125	297	43
7	-570	-168	128819404	-133	-20	-187	-19	-32	-4	0	-1393	-171	-273	-125	297	43
7	-570	-168	128821400	-142	-21	-205	-21	-35	-4	0	-1428	-175	-273	-125	297	43
7	-570	-168	128823392	-118	-18	-192	-20	-31	-4	0	-1311	-179	-273	-125	297	43
7	-570	-168	128825400	-124	-18	-160	-16	-28	-3	0	-1339	-182	-273	-125	297	43
7	-570	-168	128827396	-101	-15	-171	-18	-27	-3	0	-1366	-185	-273	-125	297	43
7	-570	-168	128829384	-105	-17	-139	-13	-25	-3	0	-1391	-188	-273	-125	297	43
7	-570	-168	128831392	-85	-12	-148	-15	-23	-3	0	-1414	-191	-273	-125	297	43
7	-570	-168	128833396	-87	-13	-133	-14	-22	-3	0	-1436	-194	-273	-125	297	43
7	-570	-168	128835392	-67	-10	-107	-11	-17	-2	0	-1453	-196	-273	-125	297	43
7	-570	-168	128837392	-61	-10	-110	-13	-17	-2	0	-1297	-198	-273	-125	297	43
7	-570	-168	128839396	-59	-8	-86	-9	-15	-2	0	-1312	-200	-273	-125	297	43
7	-570	-168	128841400	-44	-8	-86	-8	-13	-1	0	-1325	-201	-273	-125	297	43
7	-570	-168	128843396	-42	-6	-74	-8	-11	-2	0	-1336	-203	-273	-125	297	43
7	-570	-168	128845396	-32	-6	-56	-6	-9	-1	0	-1345	-204	-273	-125	297	43
7	-570	-168	128847400	-27	-5	-55	-6	-8	-1	0	-1353	-205	-273	-125	297	43
7	-570	-168	128849392	-20	-4	-45	-5	-7	-1	0	-1360	-206	-273	-125	297	43
7	-570	-168	128851396	-15	-4	-33	-4	-5	-1	0	-1365	-207	-273	-125	297	43
7	-570	-168	128853400	-13	-2	-30	-5	-4	-1	0	-1369	-208	-273	-125	297	43
7	-570	-168	128855396	-6	-3	-21	-3	-3	0	0	-1372	-208	-273	-125	297	43
7	-570	-168	128857404	-5	-2	-17	-3	-2	-1	0	-1282	-209	-273	-125	297	43
7	-570	-168	128859396	-1	-2	-12	-3	-1	0	0	-1283	-209	-273	-125	297	43
7	-570	-168	128861392	0	-2	-7	-1	-1	0	0	-1284	-209	-273	-125	297	43
7	-570	-168	128863388	2	-1	-5	-3	0	-1	0	-1284	-210	-273	-125	297	43
7	-570	-168	128865372	2	0	-1	-1	0	0	1	-1284	-210	-273	-125	297	43
8	-570	-168	128867376	4	-2	-2	-1	0	0	1	-273	-125	-273	-125	297	43
8	-570	-168	128869372	2	-1	0	-1	0	0	1	-273	-125	-273	-125	297	43
8	500	321	128871376	4	0	0	-2	0	-1	1	-273	-126	227	196	-273	-125
8	500	321	128873368	4	-1	1	0	0	0	1	-273	-126	227	196	-273	-125
8	500	321	128875376	4	-1	1	-1	1	0	1	-272	-126	227	196	-273	-125
8	500	321	128877368	3	0	1	-1	0	0	1	-272	-126	227	196	-273	-125
8	500	321	128879380	4	-2	2	-1	1	0	1	-271	-126	227	196	-273	-125
8	500	321	128881344	3	0	0	0	0	0	1	-271	-126	227	196	-273	-125
8	500	321	128883392	3	-1	1	-2	0	-1	1	-271	-127	227	196	-273	-125
8	500	321	128885388	3	-1	1	-1	1	0	1	-270	-127	227	196	-273	-125
8	500	321	128887344	2	0	1	0	0	0	1	-270	-127	227	196	-273	-125
8	500	321	128889344	3	0	0	0	0	0	1	-270	-127	227	196	-273	-125
8	500	321	128891384	1	0	2	-1	1	0	1	-269	-127	227	196	-273	-125
8	500	321	128893372	1	-1	0	0	0	0	1	-269	-127	227	196	-273	-125
8	500	321	128895344	0	0	1	0	0	0	1	-269	-127	227	196	-273	-125
8	500	321	128897340	2	0	0	0	0	0	1	-269	-127	227	196	-273	-125
8	500	321	128899348	1	0	0	0	0	0	1	-269	-127	227	196	-273	-125
8	500	321	128907348	0	0	1	0	0	0	1	-269	-127	227	196	-273	-125
8	500	321	128927336	0	0	1	0	0	0	1	-269	-127	227	196	-273	-125
8	500	321	128929360	0	0	2	0	1	0	1	-268	-127	227	196	-273	-125
8	500	321	128931344	0	0	1	0	0	0	1	-268	-127	227	196	-273	-125
8	500	321	128933340	1	0	4	0	0	0	1	-268	-127	227	196	-273	-125
8	500	321	128935352	0	0	5	0	1	0	1	-267	-127	227	196	-273	-125
8	500	321	128937340	1	3	5	2	0	0	0	-267	-127	227	196	-273	-125
8	500	321	128939384	3	1	8	2	1	0	0	-266	-127	227	196	-273	-125
8	500	321	128941388	1	2	13	3	2	0	0	-264	-127	227	196	-273	-125
8	500	321	128943396	3	4	11	2	1	1	0	-263	-126	227	196	-273	-125
8	500	321	128945388	3	3	16	3	2	1	0	-261	-125	227	196	-273	-125
8	500	321	128947384	4	3	18	3	2	0	0	-259	-125	227	196	-273	-125
8	500	321	128949400	6	5	22	4	3	1	0	-256	-124	227	196	-273	-125
8	500	321	128951388	7	4	27	5	4	1	0	-252	-123	227	196	-273	-125
8	500	321	128953392	10	6	26	5	3	1	0	-249	-122	227	196	-273	-125
8	500	321	128955380	10	5	34	5	5	1	0	-244	-121	227	196	-273	-125
8	500	321	128957392	13	8	33	6	4	1	0	-240	-120	227	196	-273	-125
8	500	321	128959396	17	6	43	8	6	2	0	-234	-118	227	196	-273	-125
8	500	321	128961400	21	9	47	7	7	1	0	-227	-117	227	196	-273	-125
8	500	321	128963396	22	7	47	9	7	2	0	-220	-115	227	196	-273	-125
8	500	321	128965396	27	9	56	10	8	2	0	-212	-113	227	196	-273	-125
8	500	321	128967392	33	13	54	10	9	2	0	-203	-111	227	196	-273	-125
8	500	321	128969392	34	11	66	13	10	3	0	-193	-108	227	196	-273	-125
8	500	321	128971400	44	15	71	15	11	3	0	-182	-105	227	196	-273	-125
8	500	321	128973392	45	14	68	13	12	2	0	-170	-103	227	196	-273	-125
8	500	321	128975396	55	18	81	18	13	4	0	-157	-99	227	196	-273	-125
8	500	321	128977400	54	18	86	20	14	4	0	-143	-95	227	196	-273	-125
8	500	321	128979404	68	24	81	19	15	4	0	-128	-91	227	196	-273	-125
8	500	321	128981404	65	21	98	23	16	4	0	-112	-87	227	196	-273	-125
8	500	321	128983408	73	25	91	23	17	5	0	-95	-82	227	196	-273	-125
8	500	321	128985416	86	31	109	29	19	6	0	-76	-76	227	196	-273	-125
8	500	321	128987416	84	30	115	32	20	6	0	-56	-70	227	196	-273	-125
8	500	321	128989412	100	36	106	30	21	7	0	-35	-63	227	196	-273	-125
8	500	321	128991412	95	37	126	38	22	8	0	-13	-55	227	196	-273	-125
8	500	321	128993408	112	42	117	35	23	7	0	10	-48	227	196	-273	-125
8	500	321	128995416	107	41	137	43	24	9	0	34	-39	227	196	-273	-125
8	500	321	128997412	112	44	145	48	26	9	0	60	-30	227	196	-273	-125
8	500	321	128999396	131	53	131	44	26	10	0	86	-20	227	196	-273	-125
8	500	321	129001388	123	48	155	52	28	10	0	114	-10	227	196	-273	-125
8	500	321	129003400	145	59	143	50	29	10	0	143	0	227	196	-273	-125
8	500	321	129005400	134	55	166	59	30	12	0	173	12	227	196	-273	-125
8	500	321	129007400	156	65	174	62	33	13	0	206	25	227	196	-273	-125
8	500	321	129009400	144	61	156	58	30	11	0	236	36	227	196	-273	-125
8	500	321	129011396	167	72	184	69	35	15	0	271	51	227	196	-273	-125
8	500	321	129013396	154	65	166	62	32	12	0	303	63	227	196	-273	-125
8	500	321	129015392	156	68	194	75	35	15	0	338	78	227	196	-273	-125
8	500	321	129017396	181	80	199	76	38	15	0	376	93	227	196	-273	-125
8	500	321	129019396	165	73	178	70	34	14	0	410	107	227	196	-273	-125
8	500	321	129021400	190	85	208	82	40	17	0	450	124	227	196	-273	-125
8	500	321	129023400	173	77	212	85	38	16	0	488	140	227	196	-273	-125
8	500	321	129025400	196	89	188	76	39	17	0	527	157	227	196	-273	-125
8	500	321	129027396	179	80	219	87	40	17	0	567	174	227	196	-273	-125
8	500	321	129029396	180	81	195	79	37	16	0	604	190	227	196	-273	-125
8	500	321	129031404	206	93	223	91	43	18	0	647	208	227	196	-273	-125
8	500	321	129033404	185	84	228	93	41	18	0	688	226	227	196	-273	-125
8	500	321	129035404	209	95	200	81	41	17	0	729	243	227	196	-273	-125
8	500	321	129037404	187	85	229	94	42	18	0	771	261	227	196	-273	-125
8	500	321	129039400	213	95	201	84	41	18	0	812	279	227	196	-273	-125
8	500	321	129041396	189	83	231	93	42	18	0	854	297	227	196	-273	-125
8	500	321	129043400	187	85	230	95	42	18	0	896	315	227	196	-273	-125
8	500	321	129045400	211	94	201	82	41	17	0	937	332	227	196	-273	-125
8	500	321	129047400	187	83	229	93	42	18	0	979	350	227	196	-273	-125
8	500	321	129049400	206	92	199	82	40	17	0	1019	367	227	196	-273	-125
8	500	321	129051400	182	80	224	90	41	17	0	1060	384	227	196	-273	-125
8	500	321	129053400	200	88	221	90	42	18	0	1102	402	227	196	-273	-125
8	500	321	129055392	175	76	191	76	37	15	0	1139	417	227	196	-273	-125
8	500	321	129057404	192	82	215	84	40	17	0	1179	434	227	196	-273	-125
8	500	321	129059404	166	72	209	81	38	15	0	1217	449	227	196	-273	-125
8	500	321	129061404	161	68	179	69	34	14	0	1251	463	227	196	-273	-125
8	500	321	129063408	175	74	197	76	37	15	0	1288	478	227	196	-273	-125
8	500	321	129065408	149	61	168	62	32	12	0	1320	490	227	196	-273	-125
8	500	321	129067408	160	65	185	68	34	13	0	1354	503	227	196	-273	-125
8	500	321	129069408	136	55	176	65	31	12	0	1385	515	227	196	-273	-125
8	500	321	129071400	145	58	147	52	30	11	0	1415	526	227	196	-273	-125
8	500	321	129073408	121	46	162	57	28	11	0	1443	537	227	196	-273	-125
8	500	321	129075408	129	50	132	45	26	9	0	1306	546	227	196	-273	-125
8	500	321	129077396	108	40	143	48	25	9	0	1331	555	227	196	-273	-125
8	500	321	129079396	101	36	132	44	23	8	0	1354	563	227	196	-273	-125
8	500	321	129081400	104	37	106	35	21	7	0	1375	570	227	196	-273	-125
8	500	321	129083400	86	30	114	36	20	7	0	1395	577	227	196	-273	-125
8	500	321	129085388	87	28	90	29	18	6	0	1413	583	227	196	-273	-125
8	500	321	129087392	72	24	94	29	17	5	1	1430	588	227	196	-273	-125
9	500	321	129089400	71	23	84	26	15	5	1	242	201	227	196	-273	-125
9	500	321	129091392	56	17	63	19	12	3	1	254	204	227	196	-273	-125
9	-389	-448	129093396	49	15	65	20	11	4	1	265	208	-162	-252	227	196
9	-389	-448	129095404	47	15	50	14	10	3	1	275	211	-162	-252	227	196
9	-389	-448	129097396	37	11	49	15	9	2	1	284	213	-162	-252	227	196
9	-389	-448	129099392	35	10	41	12	7	3	1	291	216	-162	-252	227	196
9	-389	-448	129101392	26	8	30	9	6	1	1	297	217	-162	-252	227	196
9	-389	-448	129103396	24	7	29	9	5	2	1	302	219	-162	-252	227	196
9	-389	-448	129105396	16	5	23	6	4	1	1	306	220	-162	-252	227	196
9	-389	-448	129107400	15	4	16	5	3	1	1	309	221	-162	-252	227	196
9	-389	-448	129109396	10	3	14	4	3	1	1	312	222	-162	-252	227	196
9	-389	-448	129111388	6	1	10	2	1	0	1	313	222	-162	-252	227	196
9	-389	-448	129113392	6	1	7	3	2	0	1	315	222	-162	-252	227	196
9	-389	-448	129115380	4	1	5	1	0	0	1	315	222	-162	-252	227	196
9	-389	-448	129117368	1	0	3	0	1	0	1	316	222	-162	-252	227	196
9	-389	-448	129119392	2	0	2	1	0	1	1	316	223	-162	-252	227	196
9	-389	-448	129121336	0	0	1	0	0	0	1	316	223	-162	-252	227	196
9	-389	-448	129133328	1	0	0	0	0	0	1	316	223	-162	-252	227	196
9	-389	-448	129139328	1	0	0	0	1	0	1	317	223	-162	-252	227	196
9	-389	-448	129143328	0	0	0	-2	0	0	1	317	223	-162	-252	227	196
9	-389	-448	129145332	0	-1	0	-1	0	0	1	317	223	-162	-252	227	196
9	-389	-448	129147380	0	-3	-1	-1	0	0	1	317	223	-162	-252	227	196
9	-389	-448	129149392	0	-2	-3	-3	0	-1	1	317	222	-162	-252	227	196
9	-389	-448	129151372	0	-3	-1	-2	0	0	1	317	222	-162	-252	227	196
9	-389	-448	129153396	0	-4	-3	-3	0	-1	1	317	221	-162	-252	227	196
9	-389	-448	129155404	-3	-3	-5	-5	-1	-1	1	316	220	-162	-252	227	196
9	-389	-448	129157412	-4	-5	-3	-3	-1	-1	1	315	219	-162	-252	227	196
9	-389	-448	129159412	-6	-8	-7	-7	-1	-1	1	314	218	-162	-252	227	196
9	-389	-448	129161408	-6	-6	-7	-6	-1	-1	1	313	217	-162	-252	227	196
9	-389	-448	129163404	-9	-9	-8	-7	-2	-2	1	311	215	-162	-252	227	196
9	-389	-448	129165400	-9	-10	-10	-9	-2	-2	1	309	213	-162	-252	227	196
9	-389	-448	129167404	-12	-11	-11	-10	-2	-2	1	307	211	-162	-252	227	196
9	-389	-448	129169404	-14	-13	-15	-11	-3	-2	1	304	209	-162	-252	227	196
9	-389	-448	129171408	-19	-15	-17	-14	-4	-3	1	300	206	-162	-252	227	196
9	-389	-448	129173404	-18	-15	-18	-14	-3	-3	1	297	203	-162	-252	227	196
9	-389	-448	129175400	-22	-16	-22	-17	-5	-3	1	292	200	-162	-252	227	196
9	-389	-448	129177396	-27	-20	-24	-17	-5	-4	0	287	196	-162	-252	227	196
9	-389	-448	129179400	-28	-19	-30	-20	-6	-4	0	281	192	-162	-252	227	196
9	-389	-448	129181400	-33	-23	-34	-22	-6	-5	0	275	187	-162	-252	227	196
9	-389	-448	129183404	-34	-23	-34	-21	-7	-4	0	268	183	-162	-252	227	196
9	-389	-448	129185404	-43	-26	-45	-25	-9	-5	0	259	178	-162	-252	227	196
9	-389	-448	129187408	-41	-25	-48	-28	-9	-5	0	250	173	-162	-252	227	196
9	-389	-448	129189416	-51	-31	-48	-26	-10	-6	0	240	167	-162	-252	227	196
9	-389	-448	129191416	-50	-28	-59	-31	-11	-6	0	229	161	-162	-252	227	196
9	-389	-448	129193420	-54	-31	-57	-29	-11	-6	0	218	155	-162	-252	227	196
9	-389	-448	129195416	-66	-36	-70	-35	-13	-7	0	205	148	-162	-252	227	196
9	-389	-448	129197408	-63	-34	-78	-38	-15	-7	0	190	141	-162	-252	227	196
9	-389	-448	129199416	-77	-40	-72	-35	-14	-8	0	176	133	-162	-252	227	196
9	-389	-448	129201416	-74	-36	-89	-41	-17	-7	0	159	126	-162	-252	227	196
9	-389	-448	129203412	-89	-44	-84	-37	-17	-9	0	142	117	-162	-252	227	196
9	-389	-448	129205412	-83	-41	-102	-45	-19	-8	0	123	109	-162	-252	227	196
9	-389	-448	129207416	-89	-43	-108	-48	-19	-9	0	104	100	-162	-252	227	196
9	-389	-448	129209420	-105	-49	-101	-42	-21	-9	0	83	91	-162	-252	227	196
9	-389	-448	129211416	-99	-46	-121	-52	-22	-10	0	61	81	-162	-252	227	196
9	-389	-448	129213412	-117	-54	-111	-46	-23	-10	0	38	71	-162	-252	227	196
9	-389	-448	129215404	-110	-48	-133	-55	-24	-10	0	14	61	-162	-252	227	196
9	-389	-448	129217400	-129	-59	-139	-57	-27	-12	0	-13	49	-162	-252	227	196
9	-389	-448	129219404	-120	-54	-126	-53	-24	-11	0	-37	38	-162	-252	227	196
9	-389	-448	129221408	-124	-55	-150	-61	-28	-11	0	-65	27	-162	-252	227	196
9	-389	-448	129223416	-145	-64	-155	-64	-30	-13	0	-95	14	-162	-252	227	196
9	-389	-448	129225412	-134	-58	-141	-59	-27	-12	0	-122	2	-162	-252	227	196
9	-389	-448	129227408	-155	-69	-166	-67	-32	-13	0	-154	-11	-162	-252	227	196
9	-389	-448	129229412	-142	-63	-149	-61	-29	-13	0	-183	-24	-162	-252	227	196
9	-389	-448	129231412	-165	-72	-176	-73	-35	-14	0	-218	-38	-162	-252	227	196
9	-389	-448	129233412	-151	-68	-180	-74	-33	-15	0	-251	-53	-162	-252	227	196
9	-389	-448	129235412	-174	-76	-162	-65	-33	-14	0	-284	-67	-162	-252	227	196
9	-389	-448	129237420	-160	-69	-187	-77	-35	-14	0	-319	-81	-162	-252	227	196
9	-389	-448	129239428	-163	-71	-166	-68	-33	-14	0	-352	-95	-162	-252	227	196
9	-389	-448	129241432	-186	-81	-194	-81	-38	-16	0	-390	-111	-162	-252	227	196
9	-389	-448	129243428	-170	-75	-196	-81	-36	-16	0	-426	-127	-162	-252	227	196
9	-389	-448	129245424	-192	-85	-174	-74	-37	-16	0	-463	-143	-162	-252	227	196
9	-389	-448	129247424	-175	-76	-200	-85	-38	-16	0	-501	-159	-162	-252	227	196
9	-389	-448	129249428	-198	-89	-176	-76	-37	-16	0	-538	-175	-162	-252	227	196
9	-389	-448	129251432	-177	-79	-203	-89	-38	-17	0	-576	-192	-162	-252	227	196
9	-389	-448	129253428	-200	-91	-202	-91	-40	-18	0	-616	-210	-162	-252	227	196
9	-389	-448	129255420	-179	-83	-178	-80	-36	-17	0	-652	-227	-162	-252	227	196
9	-389	-448	129257416	-179	-83	-204	-94	-38	-17	0	-690	-244	-162	-252	227	196
9	-389	-448	129259408	-201	-94	-176	-82	-38	-18	0	-728	-262	-162	-252	227	196
9	-389	-448	129261416	-178	-85	-201	-95	-38	-18	0	-766	-280	-162	-252	227	196
9	-389	-448	129263412	-200	-95	-199	-95	-40	-19	0	-806	-299	-162	-252	227	196
9	-389	-448	129265404	-176	-86	-171	-85	-34	-17	0	-840	-316	-162	-252	227	196
9	-389	-448	129267412	-196	-98	-193	-98	-39	-20	0	-879	-336	-162	-252	227	196
9	-389	-448	129269404	-174	-87	-167	-85	-34	-17	0	-913	-353	-162	-252	227	196
9	-389	-448	129271404	-171	-88	-188	-99	-36	-19	0	-949	-372	-162	-252	227	196
9	-389	-448	129273412	-189	-100	-182	-100	-37	-20	0	-986	-392	-162	-252	227	196
9	-389	-448	129275404	-166	-87	-158	-87	-33	-17	0	-1019	-409	-162	-252	227	196
9	-389	-448	129277412	-184	-100	-176	-99	-36	-20	0	-1055	-429	-162	-252	227	196
9	-389	-448	129279412	-161	-89	-172	-100	-33	-19	0	-1088	-448	-162	-252	227	196
9	-389	-448	129281420	-178	-98	-147	-86	-33	-18	0	-1121	-466	-162	-252	227	196
9	-389	-448	129283420	-155	-87	-161	-98	-31	-19	0	-1152	-485	-162	-252	227	196
9	-389	-448	129285424	-170	-96	-139	-85	-31	-18	0	-1183	-503	-162	-252	227	196
9	-389	-448	129287420	-147	-85	-151	-95	-30	-18	0	-1213	-521	-162	-252	227	196
9	-389	-448	129289412	-144	-84	-147	-93	-29	-18	0	-1242	-539	-162	-252	227	196
9	-389	-448	129291412	-156	-93	-124	-80	-28	-17	0	-1270	-556	-162	-252	227	196
9	-389	-448	129293420	-134	-81	-135	-92	-27	-17	0	-1297	-573	-162	-252	227	196
9	-389	-448	129295424	-144	-87	-114	-76	-26	-16	0	-1323	-589	-162	-252	227	196
9	-389	-448	129297408	-121	-75	-125	-86	-24	-17	0	-1347	-606	-162	-252	227	196
9	-389	-448	129299408	-130	-83	-119	-83	-25	-16	0	-1372	-622	-162	-252	227	196
9	-389	-448	129301412	-110	-70	-98	-70	-21	-14	0	-1393	-636	-162	-252	227	196
9	-389	-448	129303408	-102	-66	-107	-76	-21	-14	0	-1414	-650	-162	-252	227	196
9	-389	-448	129305412	-109	-70	-87	-64	-19	-14	0	-1433	-664	-162	-252	227	196
9	-389	-448	129307404	-89	-60	-95	-68	-19	-13	0	-1452	-677	-162	-252	227	196
9	-389	-448	129309404	-94	-63	-88	-65	-18	-12	0	-1298	-689	-162	-252	227	196
9	-389	-448	129311408	-76	-52	-71	-54	-15	-11	0	-1313	-700	-162	-252	227	196
9	-389	-448	129313404	-79	-55	-75	-58	-15	-11	0	-1328	-711	-162	-252	227	196
9	-389	-448	129315408	-62	-44	-61	-47	-12	-9	0	-1340	-720	-162	-252	227	196
9	-389	-448	129317408	-58	-41	-64	-50	-13	-9	0	-1353	-729	-162	-252	227	196
9	-389	-448	129319408	-56	-43	-57	-45	-11	-9	0	-1364	-738	-162	-252	227	196
9	-389	-448	129321404	-45	-33	-45	-36	-9	-7	0	-1373	-745	-162	-252	227	196
9	-389	-448	129323404	-44	-35	-47	-39	-9	-8	0	-1382	-753	-162	-252	227	196
9	-389	-448	129325408	-33	-29	-40	-34	-7	-6	0	-1389	-759	-162	-252	227	196
9	-389	-448	129327412	-34	-28	-31	-27	-7	-5	0	-1287	-725	-162	-252	227	196
9	-389	-448	129329404	-26	-23	-31	-28	-6	-5	0	-1293	-730	-162	-252	227	196
9	-389	-448	129331404	-24	-23	-24	-22	-4	-5	0	-1297	-735	-162	-252	227	196
9	-389	-448	129333408	-19	-17	-24	-23	-5	-4	0	-1302	-739	-162	-252	227	196
9	-389	-448	129335416	-15	-17	-20	-20	-3	-4	0	-1305	-743	-162	-252	227	196
9	-389	-448	129337412	-15	-16	-13	-16	-3	-3	0	-1308	-746	-162	-252	227	196
9	-389	-448	129339404	-10	-12	-15	-15	-2	-3	0	-1310	-749	-162	-252	227	196
9	-389	-448	129341400	-10	-13	-10	-13	-2	-2	0	-1312	-751	-162	-252	227	196
9	-389	-448	129343404	-7	-9	-10	-12	-2	-2	0	-1282	-722	-162	-252	227	196
9	-389	-448	129345412	-7	-8	-8	-10	-2	-2	0	-1284	-724	-162	-252	227	196
9	-389	-448	129347404	-3	-7	-6	-8	-1	-2	0	-1285	-726	-162	-252	227	196
9	-389	-448	129349400	-4	-6	-5	-8	0	-1	0	-1285	-727	-162	-252	227	196
9	-389	-448	129351416	-3	-4	-4	-5	-1	-1	0	-1286	-728	-162	-252	227	196
9	-389	-448	129353416	-1	-3	-4	-5	-1	-1	0	-1287	-729	-162	-252	227	196
9	-389	-448	129355396	-2	-4	-2	-5	0	-1	0	-1287	-730	-162	-252	227	196
9	-389	-448	129357384	0	-1	-1	-4	0	0	0	-1287	-730	-162	-252	227	196
9	-389	-448	129359408	-2	-3	-3	-3	-1	-1	0	-1288	-731	-162	-252	227	196
9	-389	-448	129361384	-1	-1	-1	-2	0	0	0	-1288	-731	-162	-252	227	196
9	-389	-448	129363352	0	-1	0	-1	0	0	1	-1288	-731	-162	-252	227	196
10	-389	-448	129365392	0	0	-1	-2	0	0	1	-162	-252	-162	-252	227	196
10	-389	-448	129367372	0	0	0	-1	0	0	1	-162	-252	-162	-252	227	196
10	-389	-448	129369404	0	0	-2	-1	0	-1	1	-162	-253	-162	-252	227	196
10	-389	-448	129371368	0	-2	0	-1	0	0	1	-162	-253	-162	-252	227	196
10	247	540	129409408	-1	0	0	0	0	0	1	-162	-253	85	288	-162	-252
10	247	540	129435412	0	0	0	0	0	0	0	-162	-253	85	288	-162	-252
10	247	540	129437432	0	0	1	0	0	0	0	-162	-253	85	288	-162	-252
10	247	540	129441436	0	0	0	1	0	0	0	-162	-253	85	288	-162	-252
10	247	540	129443460	2	1	1	2	0	0	0	-162	-253	85	288	-162	-252
10	247	540	129445460	1	2	3	2	0	0	0	-162	-253	85	288	-162	-252
10	247	540	129447472	2	3	2	4	0	1	0	-162	-252	85	288	-162	-252
10	247	540	129449484	4	5	4	4	1	1	0	-161	-251	85	288	-162	-252
10	247	540	129451488	5	5	4	5	1	1	0	-160	-250	85	288	-162	-252
10	247	540	129453492	6	6	5	6	1	1	0	-159	-249	85	288	-162	-252
10	247	540	129455496	8	8	6	7	1	1	0	-158	-248	85	288	-162	-252
10	247	540	129457484	9	10	9	9	2	2	0	-156	-246	85	288	-162	-252
10	247	540	129459488	12	11	10	11	2	2	0	-154	-244	85	288	-162	-252
10	247	540	129461488	14	14	10	12	3	3	0	-151	-241	85	288	-162	-252
10	247	540	129463488	20	16	15	16	3	3	0	-148	-238	85	288	-162	-252
10	247	540	129465488	20	17	15	15	4	3	0	-144	-235	85	288	-162	-252
10	247	540	129467488	27	24	18	20	4	5	0	-140	-230	85	288	-162	-252
10	247	540	129469488	30	24	23	24	5	5	0	-135	-225	85	288	-162	-252
10	247	540	129471476	34	26	22	23	6	5	0	-129	-220	85	288	-162	-252
10	247	540	129473476	44	34	30	32	7	6	0	-122	-214	85	288	-162	-252
10	247	540	129475476	44	32	29	28	8	6	0	-114	-208	85	288	-162	-252
10	247	540	129477472	56	43	36	39	9	8	0	-105	-200	85	288	-162	-252
10	247	540	129479472	56	41	42	43	10	9	0	-95	-191	85	288	-162	-252
10	247	540	129481472	70	51	38	41	11	9	0	-84	-182	85	288	-162	-252
10	247	540	129483472	68	50	50	51	11	10	0	-73	-172	85	288	-162	-252
10	247	540	129485472	75	54	48	49	13	10	0	-60	-162	85	288	-162	-252
10	247	540	129487468	90	66	59	60	15	13	0	-45	-149	85	288	-162	-252
10	247	540	129489464	86	64	65	65	15	13	0	-30	-136	85	288	-162	-252
10	247	540	129491460	104	75	60	61	16	13	0	-14	-123	85	288	-162	-252
10	247	540	129493464	97	73	75	75	17	15	0	3	-108	85	288	-162	-252
10	247	540	129495464	116	85	70	70	19	16	0	22	-92	85	288	-162	-252
10	247	540	129497468	108	80	85	84	19	16	0	41	-76	85	288	-162	-252
10	247	540	129499472	112	83	90	90	20	17	0	61	-59	85	288	-162	-252
10	247	540	129501472	132	99	82	81	22	18	0	83	-41	85	288	-162	-252
10	247	540	129503480	121	90	101	98	22	19	0	105	-22	85	288	-162	-252
10	247	540	129505476	140	106	105	101	24	21	0	129	-1	85	288	-162	-252
10	247	540	129507472	127	98	97	92	23	19	0	152	18	85	288	-162	-252
10	247	540	129509468	147	112	115	109	26	22	0	178	40	85	288	-162	-252
10	247	540	129511460	132	103	103	99	24	20	0	202	60	85	288	-162	-252
10	247	540	129513452	136	105	124	115	26	22	0	228	82	85	288	-162	-252
10	247	540	129515456	155	121	128	117	28	24	0	256	106	85	288	-162	-252
10	247	540	129517460	140	110	113	107	25	22	0	281	128	85	288	-162	-252
10	247	540	129519460	159	126	134	123	29	25	0	310	153	85	288	-162	-252
10	247	540	129521460	143	114	120	110	27	22	0	337	175	85	288	-162	-252
10	247	540	129523460	162	130	139	129	30	26	0	367	201	85	288	-162	-252
10	247	540	129525456	145	118	142	130	29	25	0	396	226	85	288	-162	-252
10	247	540	129527456	165	135	127	115	29	25	0	425	251	85	288	-162	-252
10	247	540	129529460	146	121	145	135	29	25	0	454	276	85	288	-162	-252
10	247	540	129531460	148	122	128	119	27	24	0	481	300	85	288	-162	-252
10	247	540	129533460	166	140	149	136	32	28	0	513	328	85	288	-162	-252
10	247	540	129535460	149	125	150	139	30	26	0	543	354	85	288	-162	-252
10	247	540	129537468	167	142	131	122	30	27	0	573	381	85	288	-162	-252
10	247	540	129539476	150	125	150	140	30	26	0	603	407	85	288	-162	-252
10	247	540	129541476	168	143	149	142	31	29	0	634	436	85	288	-162	-252
10	247	540	129543476	149	127	130	122	28	25	0	662	461	85	288	-162	-252
10	247	540	129545480	166	141	146	141	31	28	0	693	489	85	288	-162	-252
10	247	540	129547476	146	126	128	123	28	25	0	721	514	85	288	-162	-252
10	247	540	129549476	145	125	142	140	29	26	0	750	540	85	288	-162	-252
10	247	540	129551468	160	140	140	139	30	28	0	780	568	85	288	-162	-252
10	247	540	129553472	141	123	120	120	26	25	0	806	593	85	288	-162	-252
10	247	540	129555472	154	136	135	136	29	27	0	835	620	85	288	-162	-252
10	247	540	129557472	135	119	114	117	24	23	0	859	643	85	288	-162	-252
10	247	540	129559476	149	131	128	133	28	27	0	887	670	85	288	-162	-252
10	247	540	129561472	127	114	121	130	25	24	0	912	694	85	288	-162	-252
10	247	540	129563464	124	112	102	110	23	22	0	935	716	85	288	-162	-252
10	247	540	129565472	134	121	113	124	24	25	0	959	741	85	288	-162	-252
10	247	540	129567480	112	107	92	105	21	21	0	980	762	85	288	-162	-252
10	247	540	129569484	123	113	102	116	22	23	0	1002	785	85	288	-162	-252
10	247	540	129571472	101	98	93	111	20	21	0	1022	806	85	288	-162	-252
10	247	540	129573468	109	105	79	95	18	20	0	1040	826	85	288	-162	-252
10	247	540	129575480	91	90	83	104	18	19	0	1058	845	85	288	-162	-252
10	247	540	129577468	96	96	68	87	16	19	0	1074	864	85	288	-162	-252
10	247	540	129579476	80	80	72	94	15	17	0	1089	881	85	288	-162	-252
10	247	540	129581472	75	78	66	90	14	17	0	1103	737	85	288	-162	-252
10	247	540	129583480	79	81	52	74	14	15	0	1117	752	85	288	-162	-252
10	247	540	129585480	65	66	57	80	12	15	1	1129	767	85	288	-162	-252
11	247	540	129587472	68	70	50	74	12	14	1	97	302	85	288	-162	-252
11	247	540	129589472	55	59	38	60	9	12	1	106	314	85	288	-162	-252
11	247	540	129591468	56	60	40	65	9	13	1	115	327	85	288	-162	-252
11	247	540	129593464	46	49	32	51	8	10	1	123	337	85	288	-162	-252
11	-85	-588	129595456	43	45	32	54	8	10	1	131	347	0	-300	85	288
11	-85	-588	129597460	42	45	25	42	6	8	1	137	355	0	-300	85	288
11	-85	-588	129599452	35	36	25	45	6	8	1	143	363	0	-300	85	288
11	-85	-588	129601452	36	36	21	40	6	8	1	149	371	0	-300	85	288
11	-85	-588	129603452	29	28	17	31	5	6	1	154	377	0	-300	85	288
11	-85	-588	129605452	29	28	16	32	4	6	1	158	383	0	-300	85	288
11	-85	-588	129607448	24	22	14	27	4	5	1	162	388	0	-300	85	288
11	-85	-588	129609444	21	18	11	20	3	4	1	165	392	0	-300	85	288
11	-85	-588	129611444	21	17	10	20	3	3	1	168	395	0	-300	85	288
11	-85	-588	129613444	16	13	7	15	3	3	1	171	398	0	-300	85	288
11	-85	-588	129615440	17	13	8	15	2	3	1	173	401	0	-300	85	288
11	-85	-588	129617432	13	9	6	10	2	2	1	175	403	0	-300	85	288
11	-85	-588	129619432	13	7	5	9	2	1	1	177	404	0	-300	85	288
11	-85	-588	129621424	11	5	5	7	1	2	1	178	406	0	-300	85	288
11	-85	-588	129623420	10	4	4	5	2	0	1	180	406	0	-300	85	288
11	-85	-588	129625440	10	2	4	5	1	1	1	181	407	0	-300	85	288
11	-85	-588	129627440	8	2	2	3	1	1	1	182	408	0	-300	85	288
11	-85	-588	129629420	8	0	3	1	1	0	1	183	408	0	-300	85	288
11	-85	-588	129631396	7	0	2	0	1	0	1	184	408	0	-300	85	288
11	-85	-588	129633396	7	0	3	0	1	0	1	185	408	0	-300	85	288
11	-85	-588	129635424	6	-1	1	0	1	0	1	186	408	0	-300	85	288
11	-85	-588	129637396	5	-1	2	0	1	0	1	187	408	0	-300	85	288
11	-85	-588	129639412	8	-3	2	-3	1	0	1	188	408	0	-300	85	288
11	-85	-588	129641416	5	-3	1	-2	0	-1	1	188	407	0	-300	85	288
11	-85	-588	129643416	6	-4	0	-4	1	0	1	189	407	0	-300	85	288
11	-85	-588	129645420	5	-4	1	-4	0	-1	1	189	406	0	-300	85	288
11	-85	-588	129647432	4	-5	0	-5	1	-1	1	190	405	0	-300	85	288
11	-85	-588	129649424	4	-5	0	-5	0	-1	1	190	404	0	-300	85	288
11	-85	-588	129651420	1	-7	0	-6	0	-2	1	190	402	0	-300	85	288
11	-85	-588	129653420	1	-8	0	-8	0	-1	1	190	401	0	-300	85	288
11	-85	-588	129655424	0	-7	-3	-8	0	-2	1	190	399	0	-300	85	288
11	-85	-588	129657420	0	-12	-4	-10	0	-2	1	190	397	0	-300	85	288
11	-85	-588	129659412	-4	-10	-2	-9	0	-2	1	190	395	0	-300	85	288
11	-85	-588	129661416	-6	-13	-5	-13	-1	-2	1	189	393	0	-300	85	288
11	-85	-588	129663428	-8	-14	-5	-12	-1	-3	1	188	390	0	-300	85	288
11	-85	-588	129665432	-10	-18	-8	-15	-2	-3	1	186	387	0	-300	85	288
11	-85	-588	129667432	-11	-16	-7	-18	-2	-4	1	184	383	0	-300	85	288
11	-85	-588	129669432	-13	-17	-8	-16	-2	-3	1	182	380	0	-300	85	288
11	-85	-588	129671432	-17	-23	-10	-21	-3	-4	1	179	376	0	-300	85	288
11	-85	-588	129673424	-18	-20	-10	-20	-3	-4	1	176	372	0	-300	85	288
11	-85	-588	129675428	-21	-26	-12	-24	-3	-5	1	173	367	0	-300	85	288
11	-85	-588	129677432	-22	-25	-14	-26	-3	-5	1	170	362	0	-300	85	288
11	-85	-588	129679428	-27	-30	-12	-25	-4	-6	1	166	356	0	-300	85	288
11	-85	-588	129681428	-25	-28	-17	-30	-5	-6	1	161	350	0	-300	85	288
11	-85	-588	129683424	-28	-31	-17	-33	-4	-6	1	157	344	0	-300	85	288
11	-85	-588	129685428	-34	-36	-18	-31	-5	-7	1	152	337	0	-300	85	288
11	-85	-588	129687420	-33	-34	-20	-37	-6	-7	0	146	330	0	-300	85	288
11	-85	-588	129689420	-38	-42	-20	-34	-5	-8	0	141	322	0	-300	85	288
11	-85	-588	129691424	-38	-39	-23	-43	-6	-8	0	135	314	0	-300	85	288
11	-85	-588	129693424	-44	-48	-25	-45	-7	-9	0	128	305	0	-300	85	288
11	-85	-588	129695432	-42	-46	-24	-42	-7	-9	0	121	296	0	-300	85	288
11	-85	-588	129697432	-51	-54	-30	-50	-8	-10	0	113	286	0	-300	85	288
11	-85	-588	129699432	-49	-50	-28	-46	-8	-10	0	105	276	0	-300	85	288
11	-85	-588	129701436	-50	-52	-35	-58	-8	-11	0	97	265	0	-300	85	288
11	-85	-588	129703432	-61	-63	-36	-59	-10	-12	0	87	253	0	-300	85	288
11	-85	-588	129705436	-58	-57	-35	-55	-9	-11	0	78	242	0	-300	85	288
11	-85	-588	129707440	-69	-69	-42	-65	-11	-14	0	67	228	0	-300	85	288
11	-85	-588	129709444	-63	-64	-45	-67	-11	-13	0	56	215	0	-300	85	288
11	-85	-588	129711436	-75	-73	-42	-63	-12	-13	0	44	202	0	-300	85	288
11	-85	-588	129713436	-70	-69	-50	-73	-12	-15	0	32	187	0	-300	85	288
11	-85	-588	129715440	-83	-80	-46	-67	-13	-14	0	19	173	0	-300	85	288
11	-85	-588	129717444	-76	-73	-55	-78	-13	-15	0	6	158	0	-300	85	288
11	-85	-588	129719448	-79	-75	-57	-82	-13	-16	0	-7	142	0	-300	85	288
11	-85	-588	129721452	-91	-87	-52	-73	-15	-16	0	-22	126	0	-300	85	288
11	-85	-588	129723456	-85	-79	-62	-85	-14	-16	0	-36	110	0	-300	85	288
11	-85	-588	129725460	-96	-90	-56	-78	-16	-17	0	-52	93	0	-300	85	288
11	-85	-588	129727456	-89	-82	-67	-90	-15	-17	0	-67	76	0	-300	85	288
11	-85	-588	129729452	-103	-94	-68	-91	-17	-19	0	-84	57	0	-300	85	288
11	-85	-588	129731448	-92	-86	-62	-83	-16	-17	0	-100	40	0	-300	85	288
11	-85	-588	129733452	-106	-98	-71	-95	-17	-19	0	-117	21	0	-300	85	288
11	-85	-588	129735444	-95	-89	-64	-85	-16	-18	0	-133	3	0	-300	85	288
11	-85	-588	129737448	-97	-90	-73	-97	-17	-18	0	-150	-15	0	-300	85	288
11	-85	-588	129739448	-110	-102	-74	-101	-19	-21	0	-169	-36	0	-300	85	288
11	-85	-588	129741436	-98	-91	-65	-89	-16	-18	0	-185	-54	0	-300	85	288
11	-85	-588	129743444	-110	-105	-75	-104	-19	-20	0	-204	-74	0	-300	85	288
11	-85	-588	129745448	-99	-95	-76	-105	-17	-20	0	-221	-94	0	-300	85	288
11	-85	-588	129747440	-110	-107	-65	-92	-18	-20	0	-239	-114	0	-300	85	288
11	-85	-588	129749440	-99	-97	-75	-108	-17	-21	0	-256	-135	0	-300	85	288
11	-85	-588	129751452	-97	-98	-65	-96	-16	-19	0	-272	-154	0	-300	85	288
11	-85	-588	129753448	-110	-110	-75	-109	-19	-22	0	-291	-176	0	-300	85	288
11	-85	-588	129755448	-98	-100	-73	-112	-17	-21	0	-308	-197	0	-300	85	288
11	-85	-588	129757440	-109	-113	-64	-98	-17	-21	0	-325	-218	0	-300	85	288
11	-85	-588	129759444	-95	-103	-71	-114	-17	-22	0	-342	-240	0	-300	85	288
11	-85	-588	129761440	-107	-115	-61	-100	-16	-22	0	-358	-262	0	-300	85	288
11	-85	-588	129763432	-94	-104	-70	-115	-17	-22	0	-375	-284	0	-300	85	288
11	-85	-588	129765432	-94	-102	-68	-115	-16	-21	0	-391	-305	0	-300	85	288
11	-85	-588	129767432	-105	-118	-58	-102	-16	-22	0	-407	-327	0	-300	85	288
11	-85	-588	129769420	-93	-105	-65	-118	-16	-23	0	-423	-350	0	-300	85	288
11	-85	-588	129771416	-104	-118	-57	-102	-16	-22	0	-439	-372	0	-300	85	288
11	-85	-588	129773420	-93	-108	-63	-119	-16	-22	0	-455	-394	0	-300	85	288
11	-85	-588	129775424	-102	-120	-62	-117	-16	-24	0	-471	-418	0	-300	85	288
11	-85	-588	129777420	-91	-106	-51	-104	-14	-21	0	-485	-439	0	-300	85	288
11	-85	-588	129779420	-92	-108	-59	-119	-16	-23	0	-501	-462	0	-300	85	288
11	-85	-588	129781420	-101	-120	-51	-105	-15	-22	0	-516	-484	0	-300	85	288
11	-85	-588	129783420	-89	-107	-55	-120	-14	-23	0	-530	-507	0	-300	85	288
11	-85	-588	129785424	-100	-120	-55	-120	-16	-24	0	-546	-531	0	-300	85	288
11	-85	-588	129787420	-88	-108	-46	-104	-13	-21	0	-559	-552	0	-300	85	288
11	-85	-588	129789420	-98	-120	-51	-120	-15	-24	0	-574	-576	0	-300	85	288
11	-85	-588	129791424	-86	-106	-43	-103	-13	-21	0	-587	-597	0	-300	85	288
11	-85	-588	129793428	-95	-119	-47	-119	-14	-24	0	-601	-621	0	-300	85	288
11	-85	-588	129795432	-84	-106	-47	-119	-13	-22	0	-614	-643	0	-300	85	288
11	-85	-588	129797424	-82	-105	-37	-102	-12	-21	0	-626	-664	0	-300	85	288
11	-85	-588	129799424	-90	-117	-41	-117	-13	-23	0	-639	-687	0	-300	85	288
11	-85	-588	129801424	-79	-104	-35	-102	-12	-21	0	-651	-708	0	-300	85	288
11	-85	-588	129803424	-88	-115	-38	-116	-12	-23	0	-663	-731	0	-300	85	288
11	-85	-588	129805428	-75	-103	-35	-115	-11	-22	0	-674	-753	0	-300	85	288
11	-85	-588	129807420	-83	-113	-29	-100	-11	-21	0	-685	-774	0	-300	85	288
11	-85	-588	129809424	-73	-100	-31	-113	-11	-21	0	-696	-795	0	-300	85	288
11	-85	-588	129811416	-70	-99	-26	-97	-9	-20	0	-705	-815	0	-300	85	288
11	-85	-588	129813416	-79	-109	-28	-110	-11	-22	0	-716	-742	0	-300	85	288
11	-85	-588	129815420	-66	-94	-26	-108	-9	-20	0	-725	-762	0	-300	85	288
11	-85	-588	129817420	-72	-105	-21	-92	-10	-20	0	-735	-782	0	-300	85	288
11	-85	-588	129819428	-63	-90	-24	-103	-8	-19	0	-743	-801	0	-300	85	288
11	-85	-588	129821432	-69	-98	-21	-100	-9	-20	0	-752	-821	0	-300	85	288
11	-85	-588	129823436	-57	-85	-18	-84	-8	-17	0	-760	-838	0	-300	85	288
11	-85	-588	129825436	-63	-93	-20	-93	-8	-18	0	-768	-856	0	-300	85	288
11	-85	-588	129827432	-53	-80	-16	-80	-7	-16	0	-775	-872	0	-300	85	288
11	-85	-588	129829432	-50	-75	-19	-89	-7	-17	0	-782	-737	0	-300	85	288
11	-85	-588	129831432	-55	-82	-16	-84	-7	-16	0	-789	-753	0	-300	85	288
11	-85	-588	129833432	-45	-69	-15	-71	-6	-14	0	-795	-767	0	-300	85	288
11	-85	-588	129835432	-49	-74	-16	-76	-6	-15	0	-801	-782	0	-300	85	288
11	-85	-588	129837432	-40	-61	-14	-64	-6	-13	0	-807	-795	0	-300	85	288
11	-85	-588	129839432	-43	-65	-15	-69	-6	-13	0	-813	-808	0	-300	85	288
11	-85	-588	129841436	-33	-54	-14	-64	-4	-12	0	-817	-820	0	-300	85	288
11	-85	-588	129843436	-35	-56	-11	-51	-5	-11	0	-822	-831	0	-300	85	288
11	-85	-588	129845432	-29	-46	-14	-56	-4	-10	0	-826	-841	0	-300	85	288
11	-85	-588	129847428	-28	-44	-10	-45	-4	-9	0	-830	-729	0	-300	85	288
11	-85	-588	129849432	-26	-44	-11	-48	-4	-9	0	-834	-738	0	-300	85	288
11	-85	-588	129851440	-21	-36	-11	-42	-3	-8	0	-837	-746	0	-300	85	288
11	-85	-588	129853436	-23	-38	-9	-35	-3	-7	0	-840	-753	0	-300	85	288
11	-85	-588	129855440	-16	-28	-10	-36	-3	-7	0	-843	-760	0	-300	85	288
11	-85	-588	129857436	-17	-32	-9	-34	-2	-6	0	-845	-766	0	-300	85	288
11	-85	-588	129859432	-14	-23	-7	-25	-2	-5	0	-847	-771	0	-300	85	288
11	-85	-588	129861428	-11	-22	-8	-28	-2	-5	0	-849	-776	0	-300	85	288
11	-85	-588	129863428	-12	-21	-6	-20	-2	-4	0	-851	-724	0	-300	85	288
11	-85	-588	129865428	-7	-16	-6	-21	-1	-4	0	-852	-728	0	-300	85	288
11	-85	-588	129867424	-9	-16	-6	-19	-2	-3	0	-854	-731	0	-300	85	288
11	-85	-588	129869420	-6	-14	-4	-13	-1	-3	0	-855	-734	0	-300	85	288
11	-85	-588	129871420	-5	-11	-4	-14	-1	-3	0	-856	-737	0	-300	85	288
11	-85	-588	129873428	-4	-10	-4	-11	-1	-2	0	-857	-739	0	-300	85	288
11	-85	-588	129875416	-4	-8	-3	-10	0	-1	0	-857	-740	0	-300	85	288
11	-85	-588	129877420	-2	-9	-4	-10	-1	-2	0	-858	-742	0	-300	85	288
11	-85	-588	129879416	-3	-5	-3	-7	-1	-2	0	-859	-744	0	-300	85	288
11	-85	-588	129881412	-1	-6	-2	-6	0	-1	0	-859	-745	0	-300	85	288
11	-85	-588	129883412	-1	-4	-1	-5	0	-1	0	-859	-746	0	-300	85	288
11	-85	-588	129885404	-1	-3	-2	-5	0	0	1	-859	-746	0	-300	85	288
