1	0	-300	3809787380	2	-1	1	-1	0	0	1	0	-300	0	-300	0	0
1	-85	588	3809789396	0	-2	2	-1	0	-1	1	0	-301	-85	288	0	-300
1	-85	588	3809791384	1	-1	0	-1	0	0	1	0	-301	-85	288	0	-300
1	-85	588	3809793404	0	0	1	-2	1	0	1	1	-301	-85	288	0	-300
1	-85	588	3809805368	1	0	0	0	0	0	1	1	-301	-85	288	0	-300
1	-85	588	3809827380	0	1	0	0	0	0	1	1	-301	-85	288	0	-300
1	-85	588	3809841384	0	1	0	0	0	0	1	1	-301	-85	288	0	-300
1	-85	588	3809845384	0	0	0	1	0	0	1	1	-301	-85	288	0	-300
1	-85	588	3809847380	0	1	0	1	0	0	1	1	-301	-85	288	0	-300
1	-85	588	3809849376	0	3	0	1	0	0	1	1	-301	-85	288	0	-300
1	-85	588	3809851380	0	2	0	3	0	1	1	1	-300	-85	288	0	-300
1	-85	588	3809853404	0	4	-1	4	0	1	1	1	-299	-85	288	0	-300
1	-85	588	3809855400	-2	6	0	5	0	2	0	1	-297	-85	288	0	-300
1	-85	588	3809857400	-1	6	-2	6	0	2	0	1	-295	-85	288	0	-300
1	-85	588	3809859404	-1	9	-1	7	0	2	0	1	-293	-85	288	0	-300
1	-85	588	3809861408	-1	9	-3	9	-1	3	0	0	-290	-85	288	0	-300
1	-85	588	3809863408	-2	11	-2	11	-1	3	0	-1	-287	-85	288	0	-300
1	-85	588	3809865392	-2	15	-3	12	0	4	0	-1	-283	-85	288	0	-300
1	-85	588	3809867404	-1	14	-4	13	-1	4	0	-2	-279	-85	288	0	-300
1	-85	588	3809869404	-3	16	-3	15	-1	5	0	-3	-274	-85	288	0	-300
1	-85	588	3809871400	-4	20	-7	18	-2	5	0	-5	-269	-85	288	0	-300
1	-85	588	3809873396	-2	19	-5	20	-1	6	0	-6	-263	-85	288	0	-300
1	-85	588	3809875396	-4	22	-6	20	-1	7	0	-7	-256	-85	288	0	-300
1	-85	588	3809877404	-5	27	-7	24	-2	7	0	-9	-249	-85	288	0	-300
1	-85	588	3809879400	-5	25	-8	23	-2	7	0	-11	-242	-85	288	0	-300
1	-85	588	3809881400	-5	26	-10	28	-2	8	0	-13	-234	-85	288	0	-300
1	-85	588	3809883388	-6	27	-9	26	-2	8	0	-15	-226	-85	288	0	-300
1	-85	588	3809885384	-8	34	-11	31	-3	10	0	-18	-216	-85	288	0	-300
1	-85	588	3809887392	-6	30	-11	30	-3	9	0	-21	-207	-85	288	0	-300
1	-85	588	3809889392	-7	33	-13	34	-3	10	0	-24	-197	-85	288	0	-300
1	-85	588	3809891400	-10	37	-12	33	-3	11	0	-27	-186	-85	288	0	-300
1	-85	588	3809893400	-9	36	-15	38	-4	11	0	-31	-175	-85	288	0	-300
1	-85	588	3809895388	-10	42	-14	35	-3	11	0	-34	-164	-85	288	0	-300
1	-85	588	3809897388	-11	38	-16	42	-4	12	0	-38	-152	-85	288	0	-300
1	-85	588	3809899388	-10	42	-16	37	-4	12	0	-42	-140	-85	288	0	-300
1	-85	588	3809901384	-14	47	-18	45	-5	14	0	-47	-126	-85	288	0	-300
1	-85	588	3809903388	-13	44	-17	41	-5	13	0	-52	-113	-85	288	0	-300
1	-85	588	3809905388	-12	46	-20	50	-4	14	0	-56	-99	-85	288	0	-300
1	-85	588	3809907388	-15	53	-23	52	-6	16	0	-62	-83	-85	288	0	-300
1	-85	588	3809909384	-15	50	-19	46	-5	14	0	-67	-69	-85	288	0	-300
1	-85	588	3809911384	-15	52	-23	56	-6	17	0	-73	-52	-85	288	0	-300
1	-85	588	3809913384	-16	54	-20	53	-5	16	0	-78	-36	-85	288	0	-300
1	-85	588	3809915388	-18	64	-25	61	-7	18	0	-85	-18	-85	288	0	-300
1	-85	588	3809917388	-17	58	-22	56	-6	17	0	-91	-1	-85	288	0	-300
1	-85	588	3809919392	-19	70	-26	68	-6	21	0	-97	20	-85	288	0	-300
1	-85	588	3809921392	-19	64	-24	62	-7	19	0	-104	39	-85	288	0	-300
1	-85	588	3809923392	-17	68	-26	75	-6	21	0	-110	60	-85	288	0	-300
1	-85	588	3809925388	-20	78	-25	68	-7	22	0	-117	82	-85	288	0	-300
1	-85	588	3809927388	-19	74	-27	81	-7	24	0	-124	106	-85	288	0	-300
1	-85	588	3809929384	-20	76	-25	74	-7	22	0	-131	128	-85	288	0	-300
1	-85	588	3809931384	-19	80	-30	88	-7	25	0	-138	153	-85	288	0	-300
1	-85	588	3809933384	-22	94	-25	82	-7	27	0	-145	180	-85	288	0	-300
1	-85	588	3809935384	-20	88	-30	96	-8	27	0	-153	207	-85	288	0	-300
1	-85	588	3809937380	-20	91	-27	89	-7	27	0	-160	234	-85	288	0	-300
1	-85	588	3809939380	-23	106	-28	105	-7	32	0	-167	266	-85	288	0	-300
1	-85	588	3809941376	-20	99	-30	108	-8	31	0	-175	297	-85	288	0	-300
1	-85	588	3809943384	-24	116	-25	100	-7	32	0	-182	329	-85	288	0	-300
1	-85	588	3809945380	-20	106	-30	117	-8	34	0	-190	363	-85	288	0	-300
1	-85	588	3809947380	-20	109	-25	106	-6	32	0	-196	395	-85	288	0	-300
1	-85	588	3809949380	-20	111	-30	124	-8	35	0	-204	430	-85	288	0	-300
1	-85	588	3809951380	-22	130	-27	111	-7	37	0	-211	467	-85	288	0	-300
1	-85	588	3809953380	-21	117	-30	129	-8	36	0	-219	503	-85	288	0	-300
1	-85	588	3809955376	-22	117	-27	115	-7	35	0	-226	538	-85	288	0	-300
1	-85	588	3809957376	-23	135	-30	132	-8	40	0	-234	578	-85	288	0	-300
1	-85	588	3809959376	-22	120	-28	116	-8	36	0	-242	614	-85	288	0	-300
1	-85	588	3809961388	-26	136	-31	134	-8	40	0	-250	654	-85	288	0	-300
1	-85	588	3809963396	-22	120	-26	118	-7	36	0	-257	690	-85	288	0	-300
1	-85	588	3809965396	-24	120	-33	132	-9	38	0	-266	728	-85	288	0	-300
1	-85	588	3809967396	-26	133	-27	116	-8	37	0	-274	765	-85	288	0	-300
1	-85	588	3809969396	-25	115	-31	130	-8	37	0	-282	802	-85	288	0	-300
1	-85	588	3809971396	-25	112	-33	129	-9	36	0	-291	756	-85	288	0	-300
1	-85	588	3809973396	-28	124	-27	110	-8	35	0	-299	791	-85	288	0	-300
1	-85	588	3809975396	-25	106	-33	123	-9	34	0	-308	825	-85	288	0	-300
1	-85	588	3809977392	-26	104	-29	102	-8	31	0	-316	856	-85	288	0	-300
1	-85	588	3809979388	-30	111	-32	115	-10	34	0	-326	890	-85	288	0	-300
1	-85	588	3809981380	-25	94	-29	95	-8	29	0	-334	919	-85	288	0	-300
1	-85	588	3809983380	-26	90	-31	105	-8	29	0	-342	948	-85	288	0	-300
1	-85	588	3809985376	-25	86	-28	88	-8	26	0	-350	974	-85	288	0	-300
1	-85	588	3809987376	-28	92	-30	93	-9	28	0	-359	1002	-85	288	0	-300
1	-85	588	3809989376	-22	75	-26	79	-7	23	0	-366	1025	-85	288	0	-300
1	-85	588	3809991376	-24	80	-29	84	-8	24	0	-374	1049	-85	288	0	-300
1	-85	588	3809993372	-20	65	-25	67	-7	20	0	-381	740	-85	288	0	-300
1	-85	588	3809995372	-18	61	-26	73	-6	20	0	-387	760	-85	288	0	-300
1	-85	588	3809997372	-17	62	-22	59	-6	18	0	-393	778	-85	288	0	-300
1	-85	588	3809999372	-14	50	-24	61	-6	17	0	-399	795	-85	288	0	-300
1	-85	588	3810001372	-12	47	-20	49	-5	14	0	-404	809	-85	288	0	-300
1	-85	588	3810003368	-9	41	-21	50	-4	14	0	-408	734	-85	288	0	-300
1	-85	588	3810005372	-9	40	-17	40	-4	12	0	-412	746	-85	288	0	-300
1	-85	588	3810007384	-6	31	-17	40	-4	11	0	-416	757	-85	288	0	-300
1	-85	588	3810009380	-4	28	-16	35	-3	9	0	-419	766	-85	288	0	-300
1	-85	588	3810011384	-1	26	-12	26	-1	8	0	-420	774	-85	288	0	-300
1	-85	588	3810013388	0	20	-12	26	-2	7	0	-422	781	-85	288	0	-300
1	-85	588	3810015384	0	19	-10	19	-2	6	0	-424	787	-85	288	0	-300
1	-85	588	3810017380	2	13	-9	19	-1	4	0	-425	791	-85	288	0	-300
1	-85	588	3810019368	3	10	-6	12	0	4	0	-425	795	-85	288	0	-300
1	-85	588	3810021328	5	9	-5	13	0	3	0	-425	723	-85	288	0	-300
1	-85	588	3810023356	7	6	-4	8	0	2	0	-425	725	-85	288	0	-300
1	-85	588	3810025352	6	5	-4	7	0	2	0	-425	727	-85	288	0	-300
1	-85	588	3810027348	7	3	-1	5	0	1	0	-425	728	-85	288	0	-300
1	-85	588	3810029360	9	1	0	2	2	1	0	-423	729	-85	288	0	-300
1	-85	588	3810031348	10	1	0	3	1	0	0	-422	729	-85	288	0	-300
1	-85	588	3810033320	10	0	1	0	2	0	0	-420	729	-85	288	0	-300
1	-85	588	3810035320	14	0	1	0	2	0	0	-418	729	-85	288	0	-300
1	-85	588	3810037348	12	-1	4	-1	3	0	0	-415	729	-85	288	0	-300
1	-85	588	3810039348	13	-3	3	-2	2	0	0	-413	729	-85	288	0	-300
1	-85	588	3810041360	16	-4	4	-3	3	-1	0	-410	728	-85	288	0	-300
1	-85	588	3810043364	15	-3	5	-4	3	-1	0	-407	719	-85	288	0	-300
1	-85	588	3810045368	16	-4	4	-3	3	-1	0	-404	718	-85	288	0	-300
1	-85	588	3810047372	20	-4	5	-5	4	-1	0	-400	717	-85	288	0	-300
1	-85	588	3810049364	18	-5	5	-4	3	-2	1	-397	715	-85	288	0	-300
2	-85	588	3810051368	17	-5	5	-6	3	-1	1	-82	287	-85	288	0	-300
2	-85	588	3810053372	22	-5	5	-5	4	-2	1	-78	285	-85	288	0	-300
2	247	-540	3810055372	17	-5	6	-5	4	-1	1	-74	284	162	-252	-85	288
2	247	-540	3810057380	19	-5	5	-7	4	-2	1	-70	282	162	-252	-85	288
2	247	-540	3810059372	20	-6	5	-6	3	-2	1	-67	280	162	-252	-85	288
2	247	-540	3810061376	16	-6	5	-5	3	-2	1	-64	278	162	-252	-85	288
2	247	-540	3810063376	19	-7	5	-7	4	-2	1	-60	276	162	-252	-85	288
2	247	-540	3810065376	15	-5	4	-5	3	-1	1	-57	275	162	-252	-85	288
2	247	-540	3810067380	14	-6	5	-8	3	-2	1	-54	273	162	-252	-85	288
2	247	-540	3810069384	15	-6	4	-6	3	-2	1	-51	271	162	-252	-85	288
2	247	-540	3810071376	12	-6	3	-6	2	-2	1	-49	269	162	-252	-85	288
2	247	-540	3810073384	11	-7	4	-8	2	-2	1	-47	267	162	-252	-85	288
2	247	-540	3810075380	13	-7	3	-6	2	-2	1	-45	265	162	-252	-85	288
2	247	-540	3810077380	9	-6	2	-8	2	-2	1	-43	263	162	-252	-85	288
2	247	-540	3810079380	8	-7	3	-6	2	-2	1	-41	261	162	-252	-85	288
2	247	-540	3810081380	10	-7	2	-7	2	-2	1	-39	259	162	-252	-85	288
2	247	-540	3810083384	8	-6	1	-7	1	-2	1	-38	257	162	-252	-85	288
2	247	-540	3810085384	7	-7	3	-7	1	-2	1	-37	255	162	-252	-85	288
2	247	-540	3810087380	8	-8	1	-8	2	-3	1	-35	252	162	-252	-85	288
2	247	-540	3810089384	6	-8	1	-7	1	-2	1	-34	250	162	-252	-85	288
2	247	-540	3810091392	6	-7	2	-8	1	-2	1	-33	248	162	-252	-85	288
2	247	-540	3810093392	8	-9	1	-8	1	-3	1	-32	245	162	-252	-85	288
2	247	-540	3810095392	6	-9	1	-9	1	-3	1	-31	242	162	-252	-85	288
2	247	-540	3810097392	6	-9	1	-10	1	-2	1	-30	240	162	-252	-85	288
2	247	-540	3810099388	8	-10	2	-9	2	-3	1	-28	237	162	-252	-85	288
2	247	-540	3810101388	6	-8	1	-10	1	-3	1	-27	234	162	-252	-85	288
2	247	-540	3810103392	6	-10	1	-11	1	-3	1	-26	231	162	-252	-85	288
2	247	-540	3810105388	8	-13	3	-10	2	-4	1	-24	227	162	-252	-85	288
2	247	-540	3810107380	6	-11	1	-13	1	-3	1	-23	224	162	-252	-85	288
2	247	-540	3810109380	6	-11	2	-11	1	-3	1	-22	221	162	-252	-85	288
2	247	-540	3810111376	8	-15	2	-14	1	-5	1	-21	216	162	-252	-85	288
2	247	-540	3810113376	7	-13	2	-12	2	-4	1	-19	212	162	-252	-85	288
2	247	-540	3810115368	7	-15	3	-16	1	-4	1	-18	208	162	-252	-85	288
2	247	-540	3810117364	7	-15	2	-15	2	-5	1	-16	203	162	-252	-85	288
2	247	-540	3810119364	8	-19	4	-19	1	-5	1	-15	198	162	-252	-85	288
2	247	-540	3810121360	6	-18	4	-16	2	-5	1	-13	193	162	-252	-85	288
2	247	-540	3810123360	7	-19	3	-22	1	-7	0	-12	186	162	-252	-85	288
2	247	-540	3810125356	8	-23	4	-20	2	-6	0	-10	180	162	-252	-85	288
2	247	-540	3810127352	6	-22	5	-23	2	-7	0	-8	173	162	-252	-85	288
2	247	-540	3810129348	8	-23	5	-22	2	-7	0	-6	166	162	-252	-85	288
2	247	-540	3810131356	7	-28	8	-27	2	-8	0	-4	158	162	-252	-85	288
2	247	-540	3810133356	8	-27	6	-26	2	-8	0	-2	150	162	-252	-85	288
2	247	-540	3810135352	7	-27	7	-30	2	-8	0	0	142	162	-252	-85	288
2	247	-540	3810137348	8	-34	9	-29	3	-10	0	3	132	162	-252	-85	288
2	247	-540	3810139352	7	-32	10	-35	2	-10	0	5	122	162	-252	-85	288
2	247	-540	3810141348	8	-34	10	-31	3	-10	0	8	112	162	-252	-85	288
2	247	-540	3810143340	8	-39	11	-40	3	-11	0	11	101	162	-252	-85	288
2	247	-540	3810145344	8	-37	13	-35	3	-11	0	14	90	162	-252	-85	288
2	247	-540	3810147352	9	-40	15	-44	4	-13	0	18	77	162	-252	-85	288
2	247	-540	3810149340	8	-47	16	-45	3	-14	0	21	63	162	-252	-85	288
2	247	-540	3810151336	9	-42	16	-41	4	-12	0	25	51	162	-252	-85	288
2	247	-540	3810153332	9	-45	20	-49	4	-14	0	29	37	162	-252	-85	288
2	247	-540	3810155328	10	-53	19	-45	5	-15	0	34	22	162	-252	-85	288
2	247	-540	3810157328	9	-48	23	-54	5	-15	0	39	7	162	-252	-85	288
2	247	-540	3810159324	10	-50	21	-49	4	-15	0	43	-8	162	-252	-85	288
2	247	-540	3810161328	10	-59	27	-57	6	-17	0	49	-25	162	-252	-85	288
2	247	-540	3810163328	11	-55	25	-53	5	-17	0	54	-42	162	-252	-85	288
2	247	-540	3810165328	11	-56	30	-61	6	-17	0	60	-59	162	-252	-85	288
2	247	-540	3810167328	14	-68	29	-56	7	-19	0	67	-78	162	-252	-85	288
2	247	-540	3810169328	14	-61	35	-68	7	-19	0	74	-97	162	-252	-85	288
2	247	-540	3810171332	15	-64	33	-61	7	-19	0	81	-116	162	-252	-85	288
2	247	-540	3810173332	17	-75	40	-72	9	-22	0	90	-138	162	-252	-85	288
2	247	-540	3810175332	18	-70	37	-65	8	-20	0	98	-158	162	-252	-85	288
2	247	-540	3810177336	17	-71	46	-79	10	-23	0	108	-181	162	-252	-85	288
2	247	-540	3810179332	23	-84	43	-70	9	-23	0	117	-204	162	-252	-85	288
2	247	-540	3810181332	21	-77	51	-84	11	-24	0	128	-228	162	-252	-85	288
2	247	-540	3810183340	22	-79	54	-85	12	-25	0	140	-253	162	-252	-85	288
2	247	-540	3810185332	28	-91	50	-77	11	-25	0	151	-278	162	-252	-85	288
2	247	-540	3810187336	26	-83	59	-90	13	-26	0	164	-304	162	-252	-85	288
2	247	-540	3810189340	26	-84	55	-80	12	-24	0	176	-328	162	-252	-85	288
2	247	-540	3810191340	33	-96	65	-94	15	-29	0	191	-357	162	-252	-85	288
2	247	-540	3810193336	30	-87	60	-83	13	-25	0	204	-382	162	-252	-85	288
2	247	-540	3810195332	32	-88	70	-95	16	-28	0	220	-410	162	-252	-85	288
2	247	-540	3810197332	37	-99	63	-83	15	-27	0	235	-437	162	-252	-85	288
2	247	-540	3810199324	33	-87	77	-97	16	-28	0	251	-465	162	-252	-85	288
2	247	-540	3810201320	35	-88	68	-85	16	-26	0	267	-491	162	-252	-85	288
2	247	-540	3810203316	42	-97	82	-96	18	-29	0	285	-520	162	-252	-85	288
2	247	-540	3810205312	37	-86	72	-84	17	-25	0	302	-545	162	-252	-85	288
2	247	-540	3810207320	40	-85	85	-95	18	-27	0	320	-572	162	-252	-85	288
2	247	-540	3810209316	45	-95	78	-82	19	-27	0	339	-599	162	-252	-85	288
2	247	-540	3810211308	44	-84	90	-94	20	-26	0	359	-625	162	-252	-85	288
2	247	-540	3810213304	44	-81	80	-80	19	-24	0	378	-649	162	-252	-85	288
2	247	-540	3810215308	51	-92	92	-91	21	-28	0	399	-677	162	-252	-85	288
2	247	-540	3810217312	47	-80	96	-90	21	-25	0	420	-702	162	-252	-85	288
2	247	-540	3810219316	49	-80	84	-78	20	-24	0	440	-726	162	-252	-85	288
2	247	-540	3810221320	58	-87	99	-88	24	-26	0	464	-752	162	-252	-85	288
2	247	-540	3810223328	51	-78	87	-75	21	-23	0	485	-775	162	-252	-85	288
2	247	-540	3810225324	52	-77	102	-88	23	-25	0	508	-800	162	-252	-85	288
2	247	-540	3810227324	62	-85	90	-75	23	-24	0	531	-744	162	-252	-85	288
2	247	-540	3810229316	55	-75	103	-84	23	-24	0	554	-768	162	-252	-85	288
2	247	-540	3810231312	56	-75	92	-73	22	-22	0	576	-790	162	-252	-85	288
2	247	-540	3810233300	64	-84	105	-83	26	-25	0	602	-815	162	-252	-85	288
2	247	-540	3810235300	57	-74	91	-72	22	-22	0	624	-837	162	-252	-85	288
2	247	-540	3810237296	58	-72	105	-82	24	-23	0	648	-743	162	-252	-85	288
2	247	-540	3810239296	66	-80	92	-70	24	-23	0	672	-766	162	-252	-85	288
2	247	-540	3810241288	56	-71	104	-78	24	-22	0	696	-788	162	-252	-85	288
2	247	-540	3810243288	56	-69	91	-69	22	-21	0	718	-809	162	-252	-85	288
2	247	-540	3810245292	64	-78	103	-76	25	-23	0	743	-832	162	-252	-85	288
2	247	-540	3810247292	55	-67	89	-67	22	-20	0	765	-852	162	-252	-85	288
2	247	-540	3810249296	54	-66	100	-73	23	-21	0	788	-873	162	-252	-85	288
2	247	-540	3810251296	61	-73	86	-64	22	-20	0	810	-893	162	-252	-85	288
2	247	-540	3810253288	53	-62	96	-70	22	-20	0	832	-740	162	-252	-85	288
2	247	-540	3810255292	51	-60	94	-69	22	-19	0	854	-759	162	-252	-85	288
2	247	-540	3810257300	55	-67	80	-57	20	-19	0	874	-778	162	-252	-85	288
2	247	-540	3810259292	47	-56	87	-64	20	-18	0	894	-796	162	-252	-85	288
2	247	-540	3810261300	47	-52	74	-53	19	-16	0	913	-812	162	-252	-85	288
2	247	-540	3810263292	50	-58	80	-58	19	-17	0	932	-829	162	-252	-85	288
2	247	-540	3810265296	41	-47	66	-48	16	-14	0	948	-843	162	-252	-85	288
2	247	-540	3810267304	40	-44	72	-51	17	-15	0	965	-858	162	-252	-85	288
2	247	-540	3810269308	42	-46	60	-43	15	-13	0	980	-871	162	-252	-85	288
2	247	-540	3810271304	35	-38	61	-45	15	-12	0	995	-732	162	-252	-85	288
2	247	-540	3810273308	34	-34	51	-36	12	-11	0	1007	-743	162	-252	-85	288
2	247	-540	3810275296	34	-35	51	-39	13	-11	0	1020	-754	162	-252	-85	288
2	247	-540	3810277300	29	-26	42	-28	11	-8	0	1031	-762	162	-252	-85	288
2	247	-540	3810279300	23	-24	42	-32	10	-9	0	1041	-771	162	-252	-85	288
2	247	-540	3810281304	25	-22	31	-22	8	-6	0	1049	-777	162	-252	-85	288
2	247	-540	3810283296	19	-18	33	-23	8	-6	0	1057	-783	162	-252	-85	288
2	247	-540	3810285292	18	-13	24	-17	6	-5	0	1063	-788	162	-252	-85	288
2	247	-540	3810287296	15	-13	22	-16	6	-4	0	1069	-724	162	-252	-85	288
2	247	-540	3810289292	12	-9	19	-14	4	-4	0	1073	-728	162	-252	-85	288
2	247	-540	3810291296	10	-7	14	-10	4	-2	0	1077	-730	162	-252	-85	288
2	247	-540	3810293296	9	-6	12	-10	3	-3	0	1080	-733	162	-252	-85	288
2	247	-540	3810295296	6	-4	8	-6	2	-1	0	1082	-734	162	-252	-85	288
2	247	-540	3810297292	4	-3	7	-5	2	-1	0	1084	-735	162	-252	-85	288
2	247	-540	3810299304	4	-2	5	-4	1	-1	0	1085	-736	162	-252	-85	288
2	247	-540	3810301316	1	-1	4	-3	1	-1	0	1086	-737	162	-252	-85	288
2	247	-540	3810303292	1	0	1	-1	0	0	0	1086	-737	162	-252	-85	288
2	247	-540	3810305292	1	-2	1	-1	0	0	0	1086	-720	162	-252	-85	288
2	247	-540	3810307280	0	0	2	0	1	0	0	1087	-720	162	-252	-85	288
2	247	-540	3810309280	0	0	0	-1	0	-1	0	1087	-721	162	-252	-85	288
2	247	-540	3810343256	0	0	0	0	0	0	1	1087	-720	162	-252	-85	288
3	-389	448	3810417360	-1	1	-1	1	0	0	1	162	-252	-227	196	162	-252
3	-389	448	3810419364	-2	1	-2	2	0	0	1	162	-252	-227	196	162	-252
3	-389	448	3810421392	-2	4	-4	2	-1	1	1	161	-251	-227	196	162	-252
3	-389	448	3810423392	-3	5	-5	5	-1	2	0	160	-249	-227	196	162	-252
3	-389	448	3810425392	-3	5	-5	4	-1	1	0	159	-248	-227	196	162	-252
3	-389	448	3810427392	-4	6	-9	7	-2	2	0	157	-246	-227	196	162	-252
3	-389	448	3810429388	-6	9	-10	7	-3	2	0	154	-244	-227	196	162	-252
3	-389	448	3810431392	-8	9	-14	8	-3	3	0	151	-241	-227	196	162	-252
3	-389	448	3810433396	-7	10	-13	9	-3	3	0	148	-238	-227	196	162	-252
3	-389	448	3810435392	-10	11	-20	11	-5	3	0	143	-235	-227	196	162	-252
3	-389	448	3810437388	-10	12	-20	12	-4	4	0	139	-231	-227	196	162	-252
3	-389	448	3810439384	-12	14	-27	13	-6	4	0	133	-227	-227	196	162	-252
3	-389	448	3810441380	-13	18	-27	13	-6	4	0	127	-223	-227	196	162	-252
3	-389	448	3810443372	-15	16	-35	16	-7	5	0	120	-218	-227	196	162	-252
3	-389	448	3810445376	-17	17	-34	15	-8	5	0	112	-213	-227	196	162	-252
3	-389	448	3810447380	-20	20	-45	20	-10	6	0	102	-207	-227	196	162	-252
3	-389	448	3810449376	-20	19	-42	18	-9	5	0	93	-202	-227	196	162	-252
3	-389	448	3810451372	-22	20	-55	21	-12	7	0	81	-195	-227	196	162	-252
3	-389	448	3810453372	-24	20	-52	19	-11	5	0	70	-190	-227	196	162	-252
3	-389	448	3810455372	-29	23	-63	22	-14	7	0	56	-183	-227	196	162	-252
3	-389	448	3810457372	-27	21	-68	23	-14	7	0	42	-176	-227	196	162	-252
3	-389	448	3810459372	-30	20	-64	20	-14	6	0	28	-170	-227	196	162	-252
3	-389	448	3810461368	-38	24	-76	22	-17	7	0	11	-163	-227	196	162	-252
3	-389	448	3810463368	-35	21	-70	21	-16	6	0	-5	-157	-227	196	162	-252
3	-389	448	3810465372	-36	20	-85	23	-18	6	0	-23	-151	-227	196	162	-252
3	-389	448	3810467372	-46	24	-77	20	-19	7	0	-42	-144	-227	196	162	-252
3	-389	448	3810469372	-43	21	-92	25	-20	7	0	-62	-137	-227	196	162	-252
3	-389	448	3810471372	-46	21	-83	21	-19	6	0	-81	-131	-227	196	162	-252
3	-389	448	3810473384	-54	25	-99	25	-23	8	0	-104	-123	-227	196	162	-252
3	-389	448	3810475384	-51	24	-89	24	-21	7	0	-125	-116	-227	196	162	-252
3	-389	448	3810477380	-54	25	-105	27	-24	8	0	-149	-108	-227	196	162	-252
3	-389	448	3810479388	-63	29	-95	27	-24	8	0	-173	-100	-227	196	162	-252
3	-389	448	3810481388	-59	27	-111	31	-25	9	0	-198	-91	-227	196	162	-252
3	-389	448	3810483392	-70	35	-114	34	-28	10	0	-226	-81	-227	196	162	-252
3	-389	448	3810485392	-64	33	-101	32	-25	10	0	-251	-71	-227	196	162	-252
3	-389	448	3810487392	-65	35	-119	39	-27	11	0	-278	-60	-227	196	162	-252
3	-389	448	3810489388	-67	37	-106	36	-26	11	0	-304	-49	-227	196	162	-252
3	-389	448	3810491384	-79	46	-123	45	-30	14	0	-334	-35	-227	196	162	-252
3	-389	448	3810493380	-73	45	-110	43	-28	13	0	-362	-22	-227	196	162	-252
3	-389	448	3810495384	-72	49	-126	51	-30	15	0	-392	-7	-227	196	162	-252
3	-389	448	3810497380	-84	59	-112	49	-29	16	0	-421	9	-227	196	162	-252
3	-389	448	3810499380	-76	56	-130	58	-31	17	0	-452	26	-227	196	162	-252
3	-389	448	3810501380	-78	59	-114	55	-29	17	0	-481	43	-227	196	162	-252
3	-389	448	3810503380	-90	70	-133	67	-33	21	0	-514	64	-227	196	162	-252
3	-389	448	3810505380	-80	64	-115	60	-29	18	0	-543	82	-227	196	162	-252
3	-389	448	3810507384	-82	67	-132	72	-33	21	0	-576	103	-227	196	162	-252
3	-389	448	3810509384	-94	78	-116	65	-31	22	0	-607	125	-227	196	162	-252
3	-389	448	3810511384	-85	71	-133	79	-33	22	0	-640	147	-227	196	162	-252
3	-389	448	3810513384	-86	74	-115	71	-30	22	0	-670	169	-227	196	162	-252
3	-389	448	3810515384	-98	83	-131	84	-34	25	0	-704	194	-227	196	162	-252
3	-389	448	3810517396	-87	78	-130	86	-33	25	0	-737	219	-227	196	162	-252
3	-389	448	3810519392	-89	79	-113	78	-30	23	0	-767	242	-227	196	162	-252
3	-389	448	3810521392	-101	90	-127	90	-34	27	0	-801	269	-227	196	162	-252
3	-389	448	3810523384	-91	81	-110	80	-30	24	0	-831	293	-227	196	162	-252
3	-389	448	3810525384	-92	84	-124	93	-33	27	0	-864	320	-227	196	162	-252
3	-389	448	3810527380	-103	92	-107	83	-31	26	0	-895	346	-227	196	162	-252
3	-389	448	3810529384	-94	84	-120	95	-32	27	0	-927	373	-227	196	162	-252
3	-389	448	3810531384	-94	84	-104	84	-30	25	0	-957	398	-227	196	162	-252
3	-389	448	3810533384	-106	95	-118	97	-34	29	0	-991	427	-227	196	162	-252
3	-389	448	3810535372	-94	85	-101	84	-29	25	0	-1020	452	-227	196	162	-252
3	-389	448	3810537372	-95	85	-114	97	-31	28	0	-1051	480	-227	196	162	-252
3	-389	448	3810539368	-105	95	-97	84	-31	26	0	-1082	506	-227	196	162	-252
3	-389	448	3810541368	-94	83	-109	96	-30	27	0	-1112	533	-227	196	162	-252
3	-389	448	3810543368	-92	84	-94	84	-28	26	0	-1140	559	-227	196	162	-252
3	-389	448	3810545372	-103	93	-105	94	-31	28	0	-1171	587	-227	196	162	-252
3	-389	448	3810547364	-91	80	-90	80	-27	24	0	-1198	611	-227	196	162	-252
3	-389	448	3810549368	-89	78	-100	91	-29	25	0	-1227	636	-227	196	162	-252
3	-389	448	3810551372	-98	85	-97	88	-29	26	0	-1256	662	-227	196	162	-252
3	-389	448	3810553368	-87	74	-84	75	-26	22	0	-1282	684	-227	196	162	-252
3	-389	448	3810555360	-83	71	-92	82	-26	23	0	-1308	707	-227	196	162	-252
3	-389	448	3810557352	-92	77	-78	69	-25	22	0	-1333	729	-227	196	162	-252
3	-389	448	3810559360	-78	65	-87	76	-25	21	0	-1358	750	-227	196	162	-252
3	-389	448	3810561356	-75	61	-73	63	-22	19	0	-1380	769	-227	196	162	-252
3	-389	448	3810563348	-80	66	-79	70	-24	20	0	-1404	789	-227	196	162	-252
3	-389	448	3810565352	-68	55	-67	56	-20	17	0	-1424	806	-227	196	162	-252
3	-389	448	3810567360	-62	53	-73	61	-21	17	0	-1445	823	-227	196	162	-252
3	-389	448	3810569356	-67	53	-60	51	-19	16	0	-1464	839	-227	196	162	-252
3	-389	448	3810571352	-53	45	-65	54	-17	14	0	-1297	734	-227	196	162	-252
3	-389	448	3810573348	-49	42	-52	44	-16	13	0	-1313	747	-227	196	162	-252
3	-389	448	3810575348	-49	42	-58	46	-16	14	0	-1329	761	-227	196	162	-252
3	-389	448	3810577336	-39	34	-45	38	-12	10	0	-1341	771	-227	196	162	-252
3	-389	448	3810579340	-33	31	-48	38	-12	11	0	-1353	782	-227	196	162	-252
3	-389	448	3810581336	-34	31	-38	30	-11	9	0	-1364	791	-227	196	162	-252
3	-389	448	3810583336	-25	25	-39	32	-10	8	0	-1374	799	-227	196	162	-252
3	-389	448	3810585336	-20	22	-31	23	-7	7	0	-1381	806	-227	196	162	-252
3	-389	448	3810587328	-16	17	-30	24	-7	6	0	-1388	812	-227	196	162	-252
3	-389	448	3810589336	-15	19	-24	19	-6	6	0	-1394	818	-227	196	162	-252
3	-389	448	3810591340	-10	12	-22	17	-5	4	0	-1399	822	-227	196	162	-252
3	-389	448	3810593336	-8	12	-20	14	-4	4	0	-1284	724	-227	196	162	-252
3	-389	448	3810595336	-5	11	-14	11	-3	4	0	-1287	728	-227	196	162	-252
3	-389	448	3810597340	-2	7	-14	10	-2	2	0	-1289	730	-227	196	162	-252
3	-389	448	3810599336	-2	5	-8	8	-2	2	0	-1291	732	-227	196	162	-252
3	-389	448	3810601348	0	5	-9	7	-1	2	0	-1292	734	-227	196	162	-252
3	-389	448	3810603352	2	4	-4	4	-1	1	0	-1281	721	-227	196	162	-252
3	-389	448	3810605348	5	3	-4	4	0	1	0	-1281	722	-227	196	162	-252
3	-389	448	3810607332	5	0	-1	2	0	0	0	-1281	722	-227	196	162	-252
3	-389	448	3810609352	8	1	0	2	1	1	0	-1280	723	-227	196	162	-252
3	-389	448	3810611316	10	0	1	0	2	0	0	-1278	723	-227	196	162	-252
3	-389	448	3810613348	11	-1	3	0	2	0	0	-1276	723	-227	196	162	-252
3	-389	448	3810615348	12	-1	4	-1	3	0	0	-1273	723	-227	196	162	-252
3	-389	448	3810617340	15	-2	5	-1	3	0	0	-1270	723	-227	196	162	-252
3	-389	448	3810619348	17	-2	6	-3	3	-1	0	-1267	722	-227	196	162	-252
3	-389	448	3810621340	17	-2	7	-2	4	0	0	-1263	720	-227	196	162	-252
3	-389	448	3810623352	19	-3	7	-3	4	-1	0	-1259	719	-227	196	162	-252
3	-389	448	3810625344	24	-3	8	-2	4	-1	0	-1255	718	-227	196	162	-252
3	-389	448	3810627348	21	-4	8	-4	5	-1	0	-1250	717	-227	196	162	-252
3	-389	448	3810629352	24	-4	8	-4	4	-1	0	-1246	716	-227	196	162	-252
3	-389	448	3810631356	26	-4	9	-3	6	-2	0	-1240	714	-227	196	162	-252
3	-389	448	3810633356	24	-3	8	-4	5	-1	1	-1235	713	-227	196	162	-252
4	-389	448	3810635348	23	-5	10	-5	4	-1	1	-223	195	-227	196	162	-252
4	-389	448	3810637348	28	-4	9	-4	6	-1	1	-217	194	-227	196	162	-252
4	-389	448	3810639348	24	-5	10	-5	5	-2	1	-212	192	-227	196	162	-252
4	-389	448	3810641348	22	-4	8	-4	5	-1	1	-207	191	-227	196	162	-252
4	500	-321	3810643352	25	-5	10	-5	5	-1	1	-202	190	273	-125	-227	196
4	500	-321	3810645348	20	-4	7	-3	4	-2	1	-198	188	273	-125	-227	196
4	500	-321	3810647356	21	-5	9	-5	4	-1	1	-194	187	273	-125	-227	196
4	500	-321	3810649348	22	-5	7	-4	5	-1	1	-189	186	273	-125	-227	196
4	500	-321	3810651344	17	-3	8	-5	4	-2	1	-185	184	273	-125	-227	196
4	500	-321	3810653352	18	-5	7	-4	3	-1	1	-182	183	273	-125	-227	196
4	500	-321	3810655344	18	-4	7	-4	4	-1	1	-178	182	273	-125	-227	196
4	500	-321	3810657348	17	-5	7	-5	4	-2	1	-174	180	273	-125	-227	196
4	500	-321	3810659352	15	-4	6	-3	3	-1	1	-171	179	273	-125	-227	196
4	500	-321	3810661340	17	-5	7	-5	3	-1	1	-168	178	273	-125	-227	196
4	500	-321	3810663344	14	-4	6	-4	3	-1	1	-165	177	273	-125	-227	196
4	500	-321	3810665348	15	-5	6	-5	4	-2	1	-161	175	273	-125	-227	196
4	500	-321	3810667352	15	-5	6	-4	3	-1	1	-158	174	273	-125	-227	196
4	500	-321	3810669344	14	-5	7	-5	3	-2	1	-155	172	273	-125	-227	196
4	500	-321	3810671352	13	-5	6	-5	3	-1	1	-152	171	273	-125	-227	196
4	500	-321	3810673344	15	-6	6	-5	3	-2	1	-149	169	273	-125	-227	196
4	500	-321	3810675348	14	-6	6	-6	3	-2	1	-146	167	273	-125	-227	196
4	500	-321	3810677352	14	-5	8	-6	3	-1	1	-143	166	273	-125	-227	196
4	500	-321	3810679344	16	-8	7	-7	4	-3	1	-139	163	273	-125	-227	196
4	500	-321	3810681352	14	-7	8	-7	3	-2	1	-136	161	273	-125	-227	196
4	500	-321	3810683344	14	-8	7	-8	3	-2	1	-133	159	273	-125	-227	196
4	500	-321	3810685348	16	-8	10	-8	4	-2	1	-129	157	273	-125	-227	196
4	500	-321	3810687356	14	-9	9	-9	3	-3	1	-126	154	273	-125	-227	196
4	500	-321	3810689360	13	-9	9	-9	4	-3	1	-122	151	273	-125	-227	196
4	500	-321	3810691364	17	-10	11	-10	4	-3	1	-118	148	273	-125	-227	196
4	500	-321	3810693356	13	-10	10	-10	3	-3	1	-115	145	273	-125	-227	196
4	500	-321	3810695364	15	-10	11	-11	4	-3	1	-111	142	273	-125	-227	196
4	500	-321	3810697356	18	-12	12	-10	5	-3	1	-106	139	273	-125	-227	196
4	500	-321	3810699352	15	-12	13	-13	4	-4	1	-102	135	273	-125	-227	196
4	500	-321	3810701348	15	-12	14	-12	4	-4	1	-98	131	273	-125	-227	196
4	500	-321	3810703336	19	-14	15	-14	5	-4	1	-93	127	273	-125	-227	196
4	500	-321	3810705344	16	-14	15	-12	5	-4	1	-88	123	273	-125	-227	196
4	500	-321	3810707340	17	-13	19	-15	5	-4	1	-83	119	273	-125	-227	196
4	500	-321	3810709336	20	-17	17	-15	6	-5	1	-77	114	273	-125	-227	196
4	500	-321	3810711332	19	-15	22	-17	6	-5	1	-71	109	273	-125	-227	196
4	500	-321	3810713332	19	-16	20	-16	6	-4	0	-65	105	273	-125	-227	196
4	500	-321	3810715332	22	-19	25	-17	7	-6	0	-58	99	273	-125	-227	196
4	500	-321	3810717324	22	-18	22	-18	7	-5	0	-51	94	273	-125	-227	196
4	500	-321	3810719320	23	-19	29	-20	7	-6	0	-44	88	273	-125	-227	196
4	500	-321	3810721320	27	-21	27	-20	9	-6	0	-35	82	273	-125	-227	196
4	500	-321	3810723316	26	-22	34	-22	9	-7	0	-26	75	273	-125	-227	196
4	500	-321	3810725312	26	-22	36	-24	9	-7	0	-17	68	273	-125	-227	196
4	500	-321	3810727320	33	-25	34	-23	10	-7	0	-7	61	273	-125	-227	196
4	500	-321	3810729320	31	-25	41	-26	11	-8	0	4	53	273	-125	-227	196
4	500	-321	3810731320	32	-25	38	-24	10	-7	0	14	46	273	-125	-227	196
4	500	-321	3810733320	39	-29	47	-28	13	-8	0	27	38	273	-125	-227	196
4	500	-321	3810735320	35	-27	44	-25	12	-8	0	39	30	273	-125	-227	196
4	500	-321	3810737324	38	-28	53	-32	14	-9	0	53	21	273	-125	-227	196
4	500	-321	3810739328	45	-32	48	-27	14	-9	0	67	12	273	-125	-227	196
4	500	-321	3810741328	40	-30	59	-31	14	-9	0	81	3	273	-125	-227	196
4	500	-321	3810743328	42	-32	55	-29	15	-9	0	96	-6	273	-125	-227	196
4	500	-321	3810745324	50	-35	66	-34	17	-11	0	113	-17	273	-125	-227	196
4	500	-321	3810747320	46	-31	62	-31	17	-9	0	130	-26	273	-125	-227	196
4	500	-321	3810749324	48	-32	72	-35	18	-10	0	148	-36	273	-125	-227	196
4	500	-321	3810751328	55	-38	68	-33	18	-11	0	166	-47	273	-125	-227	196
4	500	-321	3810753328	50	-34	80	-36	19	-10	0	185	-57	273	-125	-227	196
4	500	-321	3810755320	51	-35	83	-37	21	-11	0	206	-68	273	-125	-227	196
4	500	-321	3810757312	60	-38	78	-34	20	-11	0	226	-79	273	-125	-227	196
4	500	-321	3810759316	55	-37	92	-39	22	-11	0	248	-90	273	-125	-227	196
4	500	-321	3810761312	56	-36	85	-34	21	-11	0	269	-101	273	-125	-227	196
4	500	-321	3810763316	65	-41	100	-40	25	-12	0	294	-113	273	-125	-227	196
4	500	-321	3810765316	59	-39	93	-36	23	-11	0	317	-124	273	-125	-227	196
4	500	-321	3810767320	63	-37	109	-41	26	-12	0	343	-136	273	-125	-227	196
4	500	-321	3810769320	71	-44	98	-36	25	-12	0	368	-148	273	-125	-227	196
4	500	-321	3810771324	65	-40	118	-43	28	-12	0	396	-160	273	-125	-227	196
4	500	-321	3810773320	67	-39	106	-37	26	-12	0	422	-172	273	-125	-227	196
4	500	-321	3810775320	78	-46	125	-44	30	-13	0	452	-185	273	-125	-227	196
4	500	-321	3810777320	71	-41	114	-39	28	-12	0	480	-197	273	-125	-227	196
4	500	-321	3810779320	71	-42	134	-45	31	-13	0	511	-210	273	-125	-227	196
4	500	-321	3810781320	74	-41	120	-40	29	-12	0	540	-222	273	-125	-227	196
4	500	-321	3810783320	85	-49	141	-46	34	-15	0	574	-237	273	-125	-227	196
4	500	-321	3810785320	78	-43	127	-41	30	-12	0	604	-249	273	-125	-227	196
4	500	-321	3810787316	78	-44	149	-47	34	-14	0	638	-263	273	-125	-227	196
4	500	-321	3810789316	90	-50	153	-47	37	-14	0	675	-277	273	-125	-227	196
4	500	-321	3810791316	83	-45	135	-43	32	-14	0	707	-291	273	-125	-227	196
4	500	-321	3810793316	82	-45	158	-50	36	-14	0	743	-305	273	-125	-227	196
4	500	-321	3810795316	95	-51	140	-42	36	-14	0	779	-319	273	-125	-227	196
4	500	-321	3810797320	85	-47	164	-50	37	-14	0	816	-333	273	-125	-227	196
4	500	-321	3810799320	87	-46	144	-44	35	-14	0	851	-347	273	-125	-227	196
4	500	-321	3810801320	98	-52	167	-50	39	-15	0	890	-362	273	-125	-227	196
4	500	-321	3810803320	88	-47	147	-44	36	-14	0	926	-376	273	-125	-227	196
4	500	-321	3810805320	89	-47	168	-50	38	-14	0	964	-390	273	-125	-227	196
4	500	-321	3810807320	101	-51	149	-45	38	-15	0	1002	-405	273	-125	-227	196
4	500	-321	3810809324	90	-47	170	-50	39	-14	0	1041	-419	273	-125	-227	196
4	500	-321	3810811328	90	-45	149	-42	36	-13	0	1077	-432	273	-125	-227	196
4	500	-321	3810813328	102	-51	169	-50	40	-16	0	1117	-448	273	-125	-227	196
4	500	-321	3810815324	90	-44	146	-43	36	-13	0	1153	-461	273	-125	-227	196
4	500	-321	3810817328	92	-43	166	-48	38	-13	0	1191	-474	273	-125	-227	196
4	500	-321	3810819328	101	-48	165	-48	40	-15	0	1231	-489	273	-125	-227	196
4	500	-321	3810821320	89	-41	143	-41	35	-12	0	1266	-501	273	-125	-227	196
4	500	-321	3810823320	88	-40	160	-45	37	-13	0	1303	-514	273	-125	-227	196
4	500	-321	3810825320	99	-44	137	-39	36	-12	0	1339	-526	273	-125	-227	196
4	500	-321	3810827320	88	-37	155	-44	36	-12	0	1316	-538	273	-125	-227	196
4	500	-321	3810829320	86	-38	131	-36	33	-11	0	1349	-549	273	-125	-227	196
4	500	-321	3810831316	94	-40	148	-41	36	-13	0	1385	-562	273	-125	-227	196
4	500	-321	3810833316	82	-34	125	-35	31	-10	0	1416	-572	273	-125	-227	196
4	500	-321	3810835320	80	-32	139	-39	33	-11	0	1449	-583	273	-125	-227	196
4	500	-321	3810837320	89	-36	117	-32	31	-10	0	1311	-593	273	-125	-227	196
4	500	-321	3810839320	77	-30	130	-37	31	-10	0	1342	-603	273	-125	-227	196
4	500	-321	3810841320	74	-29	109	-28	27	-8	0	1369	-611	273	-125	-227	196
4	500	-321	3810843316	81	-31	119	-33	30	-10	0	1399	-621	273	-125	-227	196
4	500	-321	3810845312	70	-27	100	-27	26	-8	0	1425	-629	273	-125	-227	196
4	500	-321	3810847308	68	-25	108	-29	26	-8	0	1451	-637	273	-125	-227	196
4	500	-321	3810849312	71	-26	90	-24	24	-8	0	1475	-645	273	-125	-227	196
4	500	-321	3810851316	61	-21	98	-25	24	-7	0	1499	-652	273	-125	-227	196
4	500	-321	3810853308	59	-20	90	-24	23	-6	0	1522	-658	273	-125	-227	196
4	500	-321	3810855316	61	-20	75	-20	20	-6	0	1300	-664	273	-125	-227	196
4	500	-321	3810857320	52	-18	79	-21	20	-6	0	1320	-670	273	-125	-227	196
4	500	-321	3810859324	47	-15	62	-16	16	-5	0	1336	-675	273	-125	-227	196
4	500	-321	3810861316	49	-15	66	-18	17	-5	0	1353	-680	273	-125	-227	196
4	500	-321	3810863316	40	-12	53	-13	14	-3	0	1367	-683	273	-125	-227	196
4	500	-321	3810865316	37	-11	54	-14	14	-4	0	1381	-687	273	-125	-227	196
4	500	-321	3810867320	37	-10	42	-10	12	-3	0	1393	-690	273	-125	-227	196
4	500	-321	3810869320	28	-9	44	-11	10	-3	0	1403	-693	273	-125	-227	196
4	500	-321	3810871316	25	-6	32	-8	9	-2	0	1412	-695	273	-125	-227	196
4	500	-321	3810873312	24	-7	33	-9	9	-3	0	1421	-698	273	-125	-227	196
4	500	-321	3810875312	19	-5	24	-5	6	-1	0	1427	-699	273	-125	-227	196
4	500	-321	3810877312	15	-3	23	-6	6	-1	0	1286	-700	273	-125	-227	196
4	500	-321	3810879312	14	-4	17	-5	4	-2	0	1290	-702	273	-125	-227	196
4	500	-321	3810881308	10	-3	16	-4	4	-1	0	1294	-703	273	-125	-227	196
4	500	-321	3810883292	7	-2	11	-2	3	0	0	1297	-703	273	-125	-227	196
4	500	-321	3810885300	8	-1	10	-3	3	-1	0	1300	-704	273	-125	-227	196
4	500	-321	3810887308	3	-2	8	-2	1	-1	0	1301	-705	273	-125	-227	196
4	500	-321	3810889296	4	-1	5	-1	2	0	0	1282	-705	273	-125	-227	196
4	500	-321	3810891272	3	0	3	0	1	0	0	1283	-705	273	-125	-227	196
4	500	-321	3810893288	0	0	3	-2	0	0	0	1283	-705	273	-125	-227	196
4	500	-321	3810895256	1	0	1	0	0	0	0	1283	-705	273	-125	-227	196
4	500	-321	3810897268	0	0	1	0	0	0	0	1283	-705	273	-125	-227	196
4	500	-321	3810899268	0	-1	0	0	0	0	0	1283	-705	273	-125	-227	196
4	500	-321	3810923260	0	0	0	0	0	0	1	1280	-705	273	-125	-227	196
5	500	-321	3810933304	0	0	2	0	1	0	1	274	-125	273	-125	-227	196
5	-570	168	3810999372	0	2	-1	0	0	0	1	274	-125	-297	43	273	-125
5	-570	168	3811001372	-1	1	-2	1	0	0	1	274	-125	-297	43	273	-125
5	-570	168	3811003368	-1	1	-3	1	0	0	1	274	-125	-297	43	273	-125
5	-570	168	3811005384	-2	3	-5	1	-2	0	1	272	-125	-297	43	273	-125
5	-570	168	3811007400	-4	2	-7	4	-1	1	1	271	-124	-297	43	273	-125
5	-570	168	3811009400	-5	4	-9	3	-2	1	0	269	-123	-297	43	273	-125
5	-570	168	3811011400	-5	4	-13	5	-3	1	0	266	-122	-297	43	273	-125
5	-570	168	3811013404	-6	5	-13	5	-3	2	0	263	-120	-297	43	273	-125
5	-570	168	3811015404	-10	7	-19	5	-4	2	0	259	-118	-297	43	273	-125
5	-570	168	3811017408	-9	6	-20	6	-5	2	0	254	-116	-297	43	273	-125
5	-570	168	3811019400	-11	7	-26	7	-5	2	0	249	-114	-297	43	273	-125
5	-570	168	3811021400	-15	8	-32	9	-7	2	0	242	-112	-297	43	273	-125
5	-570	168	3811023396	-15	9	-32	8	-7	3	0	235	-109	-297	43	273	-125
5	-570	168	3811025392	-17	9	-41	8	-9	2	0	226	-107	-297	43	273	-125
5	-570	168	3811027388	-22	10	-42	9	-9	3	0	217	-104	-297	43	273	-125
5	-570	168	3811029392	-23	9	-52	10	-12	3	0	205	-101	-297	43	273	-125
5	-570	168	3811031388	-23	10	-51	10	-11	3	0	194	-98	-297	43	273	-125
5	-570	168	3811033388	-27	8	-65	11	-14	3	0	180	-95	-297	43	273	-125
5	-570	168	3811035388	-32	12	-62	9	-14	3	0	166	-92	-297	43	273	-125
5	-570	168	3811037384	-33	8	-76	11	-16	3	0	150	-89	-297	43	273	-125
5	-570	168	3811039384	-33	9	-71	9	-16	3	0	134	-86	-297	43	273	-125
5	-570	168	3811041388	-43	9	-88	10	-19	2	0	115	-84	-297	43	273	-125
5	-570	168	3811043384	-40	7	-81	9	-18	3	0	97	-81	-297	43	273	-125
5	-570	168	3811045384	-42	8	-99	9	-22	2	0	75	-79	-297	43	273	-125
5	-570	168	3811047380	-53	7	-91	7	-21	2	0	54	-77	-297	43	273	-125
5	-570	168	3811049380	-50	7	-109	9	-24	3	0	30	-74	-297	43	273	-125
5	-570	168	3811051380	-52	6	-98	7	-23	2	0	7	-72	-297	43	273	-125
5	-570	168	3811053380	-63	6	-118	8	-27	2	0	-20	-70	-297	43	273	-125
5	-570	168	3811055380	-59	6	-107	6	-25	2	0	-45	-68	-297	43	273	-125
5	-570	168	3811057376	-62	5	-127	8	-28	2	0	-73	-66	-297	43	273	-125
5	-570	168	3811059372	-74	5	-131	6	-31	1	0	-104	-65	-297	43	273	-125
5	-570	168	3811061372	-69	5	-117	5	-28	2	0	-132	-63	-297	43	273	-125
5	-570	168	3811063368	-71	5	-140	7	-31	2	0	-163	-61	-297	43	273	-125
5	-570	168	3811065364	-85	5	-124	5	-32	1	0	-195	-60	-297	43	273	-125
5	-570	168	3811067360	-77	5	-146	8	-33	2	0	-228	-58	-297	43	273	-125
5	-570	168	3811069356	-82	5	-132	6	-32	2	0	-260	-56	-297	43	273	-125
5	-570	168	3811071368	-93	7	-153	8	-37	2	0	-297	-54	-297	43	273	-125
5	-570	168	3811073364	-87	7	-137	6	-34	2	0	-331	-52	-297	43	273	-125
5	-570	168	3811075372	-90	8	-160	10	-37	3	0	-368	-49	-297	43	273	-125
5	-570	168	3811077376	-102	8	-141	7	-37	2	0	-405	-47	-297	43	273	-125
5	-570	168	3811079376	-95	9	-166	10	-39	3	0	-444	-44	-297	43	273	-125
5	-570	168	3811081384	-96	9	-148	10	-36	3	0	-480	-41	-297	43	273	-125
5	-570	168	3811083392	-110	11	-171	12	-43	3	0	-523	-38	-297	43	273	-125
5	-570	168	3811085380	-100	11	-152	11	-37	3	0	-560	-35	-297	43	273	-125
5	-570	168	3811087380	-103	12	-177	14	-42	4	0	-602	-31	-297	43	273	-125
5	-570	168	3811089372	-116	15	-178	13	-44	4	0	-646	-27	-297	43	273	-125
5	-570	168	3811091376	-105	12	-159	13	-40	4	0	-686	-23	-297	43	273	-125
5	-570	168	3811093380	-106	14	-184	14	-44	4	0	-730	-19	-297	43	273	-125
5	-570	168	3811095380	-120	15	-162	13	-42	5	0	-772	-14	-297	43	273	-125
5	-570	168	3811097384	-109	14	-188	15	-44	4	0	-816	-10	-297	43	273	-125
5	-570	168	3811099388	-110	12	-165	14	-42	4	0	-858	-6	-297	43	273	-125
5	-570	168	3811101388	-125	15	-190	15	-47	4	0	-905	-2	-297	43	273	-125
5	-570	168	3811103392	-113	14	-169	13	-42	4	0	-947	2	-297	43	273	-125
5	-570	168	3811105396	-113	12	-192	15	-46	4	0	-993	6	-297	43	273	-125
5	-570	168	3811107396	-128	13	-170	12	-45	4	0	-1038	10	-297	43	273	-125
5	-570	168	3811109396	-114	11	-194	14	-46	4	0	-1084	14	-297	43	273	-125
5	-570	168	3811111400	-115	11	-171	11	-43	3	0	-1127	17	-297	43	273	-125
5	-570	168	3811113400	-128	12	-195	13	-48	4	0	-1175	21	-297	43	273	-125
5	-570	168	3811115404	-117	10	-196	11	-47	3	0	-1222	24	-297	43	273	-125
5	-570	168	3811117408	-115	8	-172	10	-43	3	0	-1265	27	-297	43	273	-125
5	-570	168	3811119404	-128	9	-196	10	-49	3	0	-1314	30	-297	43	273	-125
5	-570	168	3811121404	-115	8	-171	7	-43	2	0	-1323	32	-297	43	273	-125
5	-570	168	3811123408	-114	6	-195	9	-46	2	0	-1369	34	-297	43	273	-125
5	-570	168	3811125412	-128	6	-169	6	-45	2	0	-1414	36	-297	43	273	-125
5	-570	168	3811127404	-112	4	-191	7	-45	2	0	-1459	38	-297	43	273	-125
5	-570	168	3811129412	-111	4	-166	3	-42	1	0	-1501	39	-297	43	273	-125
5	-570	168	3811131408	-124	2	-189	5	-47	1	0	-1548	40	-297	43	273	-125
5	-570	168	3811133380	-109	1	-163	3	-40	0	0	-1588	40	-297	43	273	-125
5	-570	168	3811135396	-107	2	-182	2	-44	1	0	-1632	41	-297	43	273	-125
5	-570	168	3811137388	-118	0	-158	2	-41	0	0	-1673	41	-297	43	273	-125
5	-570	168	3811139392	-102	-1	-176	0	-42	0	0	-1715	41	-297	43	273	-125
5	-570	168	3811141392	-102	-1	-150	0	-38	0	0	-1318	41	-297	43	273	-125
5	-570	168	3811143392	-111	-3	-169	0	-42	0	0	-1360	41	-297	43	273	-125
5	-570	168	3811145392	-96	-3	-162	-2	-38	0	0	-1398	41	-297	43	273	-125
5	-570	168	3811147404	-94	-4	-139	-3	-35	-1	0	-1433	40	-297	43	273	-125
5	-570	168	3811149400	-102	-5	-154	-5	-39	-2	0	-1472	38	-297	43	273	-125
5	-570	168	3811151396	-89	-5	-128	-3	-32	-1	0	-1504	37	-297	43	273	-125
5	-570	168	3811153400	-85	-5	-142	-5	-34	-2	0	-1314	35	-297	43	273	-125
5	-570	168	3811155408	-91	-5	-118	-5	-32	-1	0	-1346	34	-297	43	273	-125
5	-570	168	3811157416	-79	-6	-129	-7	-31	-2	0	-1377	32	-297	43	273	-125
5	-570	168	3811159424	-74	-5	-108	-5	-27	-2	0	-1404	30	-297	43	273	-125
5	-570	168	3811161420	-77	-5	-115	-6	-29	-1	0	-1433	29	-297	43	273	-125
5	-570	168	3811163416	-67	-5	-95	-6	-24	-2	0	-1457	27	-297	43	273	-125
5	-570	168	3811165416	-60	-5	-102	-6	-24	-1	0	-1481	26	-297	43	273	-125
5	-570	168	3811167420	-63	-7	-81	-5	-22	-2	0	-1503	24	-297	43	273	-125
5	-570	168	3811169420	-52	-3	-87	-7	-21	-2	0	-1524	22	-297	43	273	-125
5	-570	168	3811171420	-45	-5	-68	-5	-17	-1	0	-1297	21	-297	43	273	-125
5	-570	168	3811173416	-46	-5	-70	-5	-17	-2	0	-1314	19	-297	43	273	-125
5	-570	168	3811175416	-36	-3	-63	-5	-15	-1	0	-1329	18	-297	43	273	-125
5	-570	168	3811177416	-31	-4	-49	-3	-12	-1	0	-1341	17	-297	43	273	-125
5	-570	168	3811179416	-30	-3	-47	-4	-12	-1	0	-1353	16	-297	43	273	-125
5	-570	168	3811181420	-23	-3	-36	-4	-9	-1	0	-1362	15	-297	43	273	-125
5	-570	168	3811183420	-19	-2	-35	-2	-8	-1	0	-1370	14	-297	43	273	-125
5	-570	168	3811185404	-16	-2	-27	-3	-6	0	0	-1376	14	-297	43	273	-125
5	-570	168	3811187416	-12	-2	-23	-2	-5	-1	0	-1285	13	-297	43	273	-125
5	-570	168	3811189416	-9	0	-18	-3	-4	-1	0	-1289	12	-297	43	273	-125
5	-570	168	3811191400	-9	-1	-15	-1	-4	0	0	-1293	12	-297	43	273	-125
5	-570	168	3811193396	-4	-2	-10	-1	-2	0	0	-1295	12	-297	43	273	-125
5	-570	168	3811195404	-3	0	-9	-2	-2	-1	1	-1297	11	-297	43	273	-125
6	-570	168	3811197396	-2	-1	-5	0	-1	0	1	-298	43	-297	43	273	-125
6	-570	168	3811199392	-1	0	-3	-1	-1	0	1	-299	43	-297	43	273	-125
6	-570	168	3811201364	0	0	-2	0	0	0	1	-299	43	-297	43	273	-125
6	-570	168	3811203340	1	0	-1	0	0	0	1	-299	43	-297	43	273	-125
6	594	0	3811205392	2	-1	0	0	0	0	1	-299	43	297	43	-297	43
6	594	0	3811207388	4	0	1	-1	0	0	1	-299	43	297	43	-297	43
6	594	0	3811209396	5	-1	1	-1	1	0	1	-298	43	297	43	-297	43
6	594	0	3811211416	7	-2	2	0	1	-1	1	-297	42	297	43	-297	43
6	594	0	3811213396	9	-1	4	-3	2	0	1	-295	42	297	43	-297	43
6	594	0	3811215412	11	-2	3	-1	3	-1	1	-292	41	297	43	-297	43
6	594	0	3811217420	13	-3	5	-3	2	-1	1	-290	40	297	43	-297	43
6	594	0	3811219392	14	-2	5	-2	3	0	1	-287	40	297	43	-297	43
6	594	0	3811221404	17	-3	6	-3	4	-1	1	-283	39	297	43	-297	43
6	594	0	3811223396	18	-2	6	-2	3	-1	1	-280	38	297	43	-297	43
6	594	0	3811225400	17	-4	8	-3	4	-1	1	-276	37	297	43	-297	43
6	594	0	3811227408	23	-4	7	-3	4	-1	1	-272	36	297	43	-297	43
6	594	0	3811229412	21	-4	9	-4	5	-1	1	-267	35	297	43	-297	43
6	594	0	3811231416	22	-3	9	-4	5	-1	1	-262	34	297	43	-297	43
6	594	0	3811233408	25	-4	10	-4	5	-1	1	-257	33	297	43	-297	43
6	594	0	3811235404	24	-4	10	-3	5	-1	1	-252	32	297	43	-297	43
6	594	0	3811237400	23	-4	11	-4	5	-2	1	-247	30	297	43	-297	43
6	594	0	3811239400	23	-5	9	-4	5	-1	1	-242	29	297	43	-297	43
6	594	0	3811241396	22	-3	11	-4	5	-1	1	-237	28	297	43	-297	43
6	594	0	3811243408	20	-3	11	-3	4	-1	1	-233	27	297	43	-297	43
6	594	0	3811245404	22	-4	10	-4	5	-1	1	-228	26	297	43	-297	43
6	594	0	3811247404	18	-3	11	-4	5	-1	1	-223	25	297	43	-297	43
6	594	0	3811249404	16	-3	9	-2	3	-1	1	-220	24	297	43	-297	43
6	594	0	3811251396	17	-2	10	-4	4	-1	1	-216	23	297	43	-297	43
6	594	0	3811253392	15	-4	9	-3	4	-1	1	-212	22	297	43	-297	43
6	594	0	3811255400	14	-3	10	-3	4	-1	1	-208	21	297	43	-297	43
6	594	0	3811257400	15	-2	7	-3	3	-1	1	-205	20	297	43	-297	43
6	594	0	3811259376	13	-3	10	-2	3	0	1	-202	20	297	43	-297	43
6	594	0	3811261388	11	-2	8	-3	3	-1	1	-199	19	297	43	-297	43
6	594	0	3811263392	12	-3	10	-4	3	-1	1	-196	18	297	43	-297	43
6	594	0	3811265392	10	-2	7	-2	3	-1	1	-193	17	297	43	-297	43
6	594	0	3811267384	12	-3	10	-3	3	-1	1	-190	16	297	43	-297	43
6	594	0	3811269368	11	-2	9	-2	3	0	1	-187	16	297	43	-297	43
6	594	0	3811271376	9	-3	10	-4	3	-1	1	-184	15	297	43	-297	43
6	594	0	3811273380	10	-2	9	-2	3	-1	1	-181	14	297	43	-297	43
6	594	0	3811275376	11	-4	11	-3	3	-1	1	-178	13	297	43	-297	43
6	594	0	3811277372	10	-2	10	-4	3	-1	1	-175	12	297	43	-297	43
6	594	0	3811279372	10	-3	13	-2	4	-1	1	-171	11	297	43	-297	43
6	594	0	3811281372	10	-4	15	-4	3	-1	1	-168	10	297	43	-297	43
6	594	0	3811283360	11	-2	12	-2	4	0	1	-164	10	297	43	-297	43
6	594	0	3811285372	11	-4	18	-4	4	-2	1	-160	8	297	43	-297	43
6	594	0	3811287360	12	-2	15	-3	4	0	1	-156	8	297	43	-297	43
6	594	0	3811289368	13	-4	20	-3	5	-1	1	-151	7	297	43	-297	43
6	594	0	3811291368	13	-3	20	-4	5	-1	0	-146	6	297	43	-297	43
6	594	0	3811293364	14	-3	23	-4	6	-1	0	-140	5	297	43	-297	43
6	594	0	3811295364	16	-4	24	-4	6	-2	0	-134	3	297	43	-297	43
6	594	0	3811297364	16	-4	30	-3	7	-1	0	-127	2	297	43	-297	43
6	594	0	3811299348	18	-2	29	-3	7	0	0	-120	2	297	43	-297	43
6	594	0	3811301356	21	-4	36	-4	8	-2	0	-112	0	297	43	-297	43
6	594	0	3811303360	20	-3	35	-3	9	-1	0	-103	-1	297	43	-297	43
6	594	0	3811305348	22	-2	44	-3	9	0	0	-94	-1	297	43	-297	43
6	594	0	3811307360	28	-3	41	-4	11	-1	0	-83	-2	297	43	-297	43
6	594	0	3811309364	26	-2	51	-2	11	-1	0	-72	-3	297	43	-297	43
6	594	0	3811311356	29	-1	50	-1	12	0	0	-60	-3	297	43	-297	43
6	594	0	3811313364	35	-2	62	-2	15	-1	0	-45	-4	297	43	-297	43
6	594	0	3811315348	34	0	66	-1	15	0	0	-30	-4	297	43	-297	43
6	594	0	3811317320	35	0	61	0	14	0	0	-16	-4	297	43	-297	43
6	594	0	3811319348	42	1	78	0	18	0	0	2	-4	297	43	-297	43
6	594	0	3811321356	40	1	71	0	17	0	0	19	-4	297	43	-297	43
6	594	0	3811323352	44	3	87	2	19	0	0	38	-4	297	43	-297	43
6	594	0	3811325360	51	3	82	2	20	1	0	58	-3	297	43	-297	43
6	594	0	3811327364	49	4	97	4	22	1	0	80	-2	297	43	-297	43
6	594	0	3811329372	51	5	91	4	22	1	0	102	-1	297	43	-297	43
6	594	0	3811331372	61	6	109	5	25	2	0	127	1	297	43	-297	43
6	594	0	3811333368	58	7	101	5	24	2	0	151	3	297	43	-297	43
6	594	0	3811335368	60	7	120	7	27	2	0	178	5	297	43	-297	43
6	594	0	3811337368	71	9	109	7	27	2	0	205	7	297	43	-297	43
6	594	0	3811339368	65	7	130	7	29	2	0	234	9	297	43	-297	43
6	594	0	3811341364	69	10	119	9	28	3	0	262	12	297	43	-297	43
6	594	0	3811343364	81	10	140	10	34	3	0	296	15	297	43	-297	43
6	594	0	3811345356	74	10	126	9	30	3	0	326	18	297	43	-297	43
6	594	0	3811347360	76	12	149	11	33	4	0	359	22	297	43	-297	43
6	594	0	3811349356	90	13	152	12	37	3	0	396	25	297	43	-297	43
6	594	0	3811351352	83	13	137	12	33	4	0	429	29	297	43	-297	43
6	594	0	3811353348	85	12	158	13	36	4	0	465	33	297	43	-297	43
6	594	0	3811355344	97	17	142	13	36	4	0	501	37	297	43	-297	43
6	594	0	3811357344	89	13	163	15	38	5	0	539	42	297	43	-297	43
6	594	0	3811359348	91	17	145	14	35	4	0	574	46	297	43	-297	43
6	594	0	3811361344	104	17	168	17	41	5	0	615	51	297	43	-297	43
6	594	0	3811363344	95	18	149	16	36	5	0	651	56	297	43	-297	43
6	594	0	3811365344	96	18	171	19	41	6	0	692	62	297	43	-297	43
6	594	0	3811367344	109	22	151	18	39	6	0	731	68	297	43	-297	43
6	594	0	3811369348	100	20	174	21	41	6	0	772	74	297	43	-297	43
6	594	0	3811371352	100	21	152	20	37	6	0	809	80	297	43	-297	43
6	594	0	3811373356	114	25	175	24	44	8	0	853	88	297	43	-297	43
6	594	0	3811375360	102	24	154	21	38	6	0	891	94	297	43	-297	43
6	594	0	3811377364	103	23	176	25	42	8	0	933	102	297	43	-297	43
6	594	0	3811379364	117	28	177	27	44	8	0	977	110	297	43	-297	43
6	594	0	3811381368	104	26	153	24	39	7	0	1016	117	297	43	-297	43
6	594	0	3811383360	105	26	177	28	42	8	0	1058	125	297	43	-297	43
6	594	0	3811385364	117	32	155	25	41	9	0	1099	134	297	43	-297	43
6	594	0	3811387360	107	28	176	30	42	9	0	1141	143	297	43	-297	43
6	594	0	3811389368	105	29	154	26	39	8	0	1180	151	297	43	-297	43
6	594	0	3811391360	118	33	177	32	44	10	0	1224	161	297	43	-297	43
6	594	0	3811393360	105	30	155	28	39	8	0	1263	169	297	43	-297	43
6	594	0	3811395352	104	30	176	32	42	10	0	1305	179	297	43	-297	43
6	594	0	3811397352	118	35	155	29	41	9	0	1346	188	297	43	-297	43
6	594	0	3811399344	103	31	175	34	42	10	0	1388	198	297	43	-297	43
6	594	0	3811401348	103	31	154	30	39	9	0	1427	207	297	43	-297	43
6	594	0	3811403340	116	35	174	34	43	10	0	1470	217	297	43	-297	43
6	594	0	3811405340	101	33	151	30	38	10	0	1318	227	297	43	-297	43
6	594	0	3811407340	102	31	173	33	41	10	0	1359	237	297	43	-297	43
6	594	0	3811409340	111	34	148	30	39	9	0	1398	246	297	43	-297	43
6	594	0	3811411340	99	31	169	34	40	10	0	1438	256	297	43	-297	43
6	594	0	3811413344	98	31	168	35	40	10	0	1478	266	297	43	-297	43
6	594	0	3811415352	108	34	145	29	38	9	0	1516	275	297	43	-297	43
6	594	0	3811417348	95	29	162	34	39	10	0	1555	285	297	43	-297	43
6	594	0	3811419340	94	30	140	28	35	8	0	1590	293	297	43	-297	43
6	594	0	3811421336	91	28	159	33	37	10	0	1627	303	297	43	-297	43
6	594	0	3811423340	102	32	135	27	36	8	0	1663	311	297	43	-297	43
6	594	0	3811425344	88	27	150	30	35	9	0	1698	320	297	43	-297	43
6	594	0	3811427340	86	26	129	27	33	8	0	1313	328	297	43	-297	43
6	594	0	3811429332	95	29	142	28	35	8	0	1348	336	297	43	-297	43
6	594	0	3811431328	81	24	121	25	30	8	0	1378	344	297	43	-297	43
6	594	0	3811433324	79	24	134	27	32	7	0	1410	351	297	43	-297	43
6	594	0	3811435320	86	25	114	22	30	7	0	1440	358	297	43	-297	43
6	594	0	3811437320	73	20	124	24	30	7	0	1470	365	297	43	-297	43
6	594	0	3811439316	70	21	105	20	26	6	0	1306	371	297	43	-297	43
6	594	0	3811441312	75	20	113	21	28	6	0	1334	377	297	43	-297	43
6	594	0	3811443308	64	19	94	18	24	6	0	1358	383	297	43	-297	43
6	594	0	3811445308	61	16	104	18	25	5	0	1383	388	297	43	-297	43
6	594	0	3811447308	64	16	85	15	22	5	0	1405	393	297	43	-297	43
6	594	0	3811449312	53	14	90	17	22	4	0	1427	397	297	43	-297	43
6	594	0	3811451316	50	11	85	15	20	4	0	1447	401	297	43	-297	43
6	594	0	3811453316	53	13	69	11	18	4	0	1465	405	297	43	-297	43
6	594	0	3811455320	42	10	72	12	17	3	0	1297	408	297	43	-297	43
6	594	0	3811457324	40	8	59	10	15	3	0	1312	411	297	43	-297	43
6	594	0	3811459324	42	9	61	9	16	3	0	1328	414	297	43	-297	43
6	594	0	3811461332	33	8	50	8	12	2	0	1340	416	297	43	-297	43
6	594	0	3811463324	30	6	50	8	12	2	0	1352	418	297	43	-297	43
6	594	0	3811465332	30	5	40	5	11	2	0	1363	420	297	43	-297	43
6	594	0	3811467332	24	5	40	7	9	1	0	1372	421	297	43	-297	43
6	594	0	3811469328	21	4	30	5	8	2	0	1380	423	297	43	-297	43
6	594	0	3811471312	20	2	30	3	7	0	0	1287	423	297	43	-297	43
6	594	0	3811473324	17	3	24	4	6	1	0	1293	424	297	43	-297	43
6	594	0	3811475324	12	2	22	4	6	1	0	1299	425	297	43	-297	43
6	594	0	3811477324	13	1	17	1	4	1	0	1303	426	297	43	-297	43
6	594	0	3811479312	10	2	16	3	4	0	0	1307	426	297	43	-297	43
6	594	0	3811481328	7	1	12	1	3	1	0	1310	427	297	43	-297	43
6	594	0	3811483312	6	1	9	1	2	0	0	1312	427	297	43	-297	43
6	594	0	3811485316	4	0	8	1	2	0	0	1314	427	297	43	-297	43
6	594	0	3811487316	4	0	6	2	1	0	0	1315	427	297	43	-297	43
6	594	0	3811489292	2	0	4	0	1	0	0	1281	427	297	43	-297	43
6	594	0	3811491332	2	1	3	1	1	1	0	1282	428	297	43	-297	43
6	594	0	3811493284	1	0	2	0	0	0	1	1282	428	297	43	-297	43
7	594	0	3811495296	1	0	1	0	1	0	1	298	43	297	43	-297	43
7	594	0	3811497284	0	0	1	0	0	0	1	298	43	297	43	-297	43
7	-570	-168	3811523300	0	0	1	0	0	0	1	298	43	-273	-125	297	43
7	-570	-168	3811539308	0	2	0	0	0	0	1	298	43	-273	-125	297	43
7	-570	-168	3811541308	-2	0	0	0	0	0	1	298	43	-273	-125	297	43
7	-570	-168	3811547316	-1	0	0	0	0	0	1	298	43	-273	-125	297	43
7	-570	-168	3811551348	-1	1	0	0	0	0	1	298	43	-273	-125	297	43
7	-570	-168	3811557316	-1	0	0	0	0	0	1	298	43	-273	-125	297	43
7	-570	-168	3811561312	-2	0	0	0	0	0	1	298	43	-273	-125	297	43
7	-570	-168	3811567320	-1	0	-1	0	0	0	1	298	43	-273	-125	297	43
7	-570	-168	3811569320	-1	0	0	0	0	0	1	298	43	-273	-125	297	43
7	-570	-168	3811571324	-1	0	-3	0	-1	0	1	297	43	-273	-125	297	43
7	-570	-168	3811573320	-3	0	-4	0	-1	0	1	296	43	-273	-125	297	43
7	-570	-168	3811575316	-4	0	-5	0	-1	0	1	295	43	-273	-125	297	43
7	-570	-168	3811577312	-5	0	-6	0	-2	0	1	293	43	-273	-125	297	43
7	-570	-168	3811579316	-6	0	-9	0	-2	0	0	291	43	-273	-125	297	43
7	-570	-168	3811581340	-7	-1	-10	0	-3	0	0	288	43	-273	-125	297	43
7	-570	-168	3811583348	-9	-1	-15	-1	-3	0	0	285	43	-273	-125	297	43
7	-570	-168	3811585344	-11	-2	-15	-2	-4	0	0	281	43	-273	-125	297	43
7	-570	-168	3811587336	-13	-2	-21	-1	-5	0	0	276	43	-273	-125	297	43
7	-570	-168	3811589348	-15	-3	-22	-3	-6	-1	0	270	42	-273	-125	297	43
7	-570	-168	3811591352	-19	-4	-32	-4	-8	-1	0	262	41	-273	-125	297	43
7	-570	-168	3811593360	-20	-4	-30	-3	-7	-1	0	255	40	-273	-125	297	43
7	-570	-168	3811595352	-21	-6	-41	-7	-9	-2	0	246	38	-273	-125	297	43
7	-570	-168	3811597352	-27	-8	-40	-6	-11	-2	0	235	36	-273	-125	297	43
7	-570	-168	3811599344	-29	-7	-54	-7	-12	-3	0	223	33	-273	-125	297	43
7	-570	-168	3811601344	-30	-10	-51	-9	-12	-2	0	211	31	-273	-125	297	43
7	-570	-168	3811603336	-38	-13	-66	-11	-16	-4	0	195	27	-273	-125	297	43
7	-570	-168	3811605344	-36	-12	-74	-14	-16	-4	0	179	23	-273	-125	297	43
7	-570	-168	3811607340	-39	-15	-71	-15	-17	-4	0	162	19	-273	-125	297	43
7	-570	-168	3811609340	-48	-19	-86	-18	-20	-6	0	142	13	-273	-125	297	43
7	-570	-168	3811611336	-47	-19	-83	-17	-19	-5	0	123	8	-273	-125	297	43
7	-570	-168	3811613332	-50	-21	-102	-24	-23	-7	0	100	1	-273	-125	297	43
7	-570	-168	3811615332	-60	-26	-95	-21	-23	-7	0	77	-6	-273	-125	297	43
7	-570	-168	3811617328	-58	-25	-115	-28	-26	-8	0	51	-14	-273	-125	297	43
7	-570	-168	3811619332	-60	-28	-108	-26	-26	-8	0	25	-22	-273	-125	297	43
7	-570	-168	3811621332	-74	-33	-130	-32	-30	-10	0	-5	-32	-273	-125	297	43
7	-570	-168	3811623344	-69	-33	-119	-30	-28	-9	0	-33	-41	-273	-125	297	43
7	-570	-168	3811625348	-72	-34	-143	-38	-33	-11	0	-66	-52	-273	-125	297	43
7	-570	-168	3811627340	-87	-40	-132	-34	-32	-11	0	-98	-63	-273	-125	297	43
7	-570	-168	3811629348	-81	-38	-157	-42	-36	-12	0	-134	-75	-273	-125	297	43
7	-570	-168	3811631344	-85	-40	-143	-39	-34	-12	0	-168	-87	-273	-125	297	43
7	-570	-168	3811633344	-100	-47	-168	-46	-41	-14	0	-209	-101	-273	-125	297	43
7	-570	-168	3811635332	-92	-43	-153	-43	-36	-13	0	-245	-114	-273	-125	297	43
7	-570	-168	3811637340	-97	-45	-180	-51	-42	-14	0	-287	-128	-273	-125	297	43
7	-570	-168	3811639344	-112	-53	-186	-51	-45	-16	0	-332	-144	-273	-125	297	43
7	-570	-168	3811641340	-103	-47	-165	-48	-40	-14	0	-372	-158	-273	-125	297	43
7	-570	-168	3811643340	-105	-50	-195	-55	-45	-16	0	-417	-174	-273	-125	297	43
7	-570	-168	3811645340	-122	-57	-173	-48	-44	-16	0	-461	-190	-273	-125	297	43
7	-570	-168	3811647348	-110	-51	-201	-58	-47	-16	0	-508	-206	-273	-125	297	43
7	-570	-168	3811649340	-113	-52	-179	-51	-43	-16	0	-551	-222	-273	-125	297	43
7	-570	-168	3811651340	-130	-59	-206	-60	-51	-17	0	-602	-239	-273	-125	297	43
7	-570	-168	3811653348	-116	-54	-184	-53	-45	-16	0	-647	-255	-273	-125	297	43
7	-570	-168	3811655340	-119	-54	-210	-61	-49	-18	0	-696	-273	-273	-125	297	43
7	-570	-168	3811657348	-133	-61	-186	-54	-48	-17	0	-744	-290	-273	-125	297	43
7	-570	-168	3811659340	-120	-54	-211	-61	-50	-17	0	-794	-307	-273	-125	297	43
7	-570	-168	3811661336	-120	-55	-186	-54	-46	-17	0	-840	-324	-273	-125	297	43
7	-570	-168	3811663340	-135	-61	-212	-62	-52	-18	0	-892	-342	-273	-125	297	43
7	-570	-168	3811665340	-120	-55	-185	-53	-45	-16	0	-937	-358	-273	-125	297	43
7	-570	-168	3811667348	-120	-54	-210	-61	-50	-17	0	-987	-375	-273	-125	297	43
7	-570	-168	3811669352	-135	-61	-208	-61	-51	-19	0	-1038	-394	-273	-125	297	43
7	-570	-168	3811671348	-119	-54	-182	-53	-45	-16	0	-1083	-410	-273	-125	297	43
7	-570	-168	3811673340	-118	-53	-205	-58	-49	-16	0	-1132	-426	-273	-125	297	43
7	-570	-168	3811675348	-116	-53	-178	-53	-44	-16	0	-1176	-442	-273	-125	297	43
7	-570	-168	3811677352	-130	-60	-202	-59	-50	-18	0	-1226	-460	-273	-125	297	43
7	-570	-168	3811679344	-115	-54	-175	-51	-43	-16	0	-1269	-476	-273	-125	297	43
7	-570	-168	3811681352	-112	-52	-196	-59	-47	-17	0	-1316	-493	-273	-125	297	43
7	-570	-168	3811683348	-125	-59	-171	-50	-44	-16	0	-1360	-509	-273	-125	297	43
7	-570	-168	3811685344	-109	-52	-193	-57	-45	-16	0	-1405	-525	-273	-125	297	43
7	-570	-168	3811687352	-120	-59	-165	-49	-43	-17	0	-1323	-542	-273	-125	297	43
7	-570	-168	3811689344	-105	-51	-187	-56	-44	-16	0	-1367	-558	-273	-125	297	43
7	-570	-168	3811691344	-104	-50	-160	-50	-39	-15	0	-1406	-573	-273	-125	297	43
7	-570	-168	3811693352	-114	-58	-181	-55	-45	-17	0	-1451	-590	-273	-125	297	43
7	-570	-168	3811695344	-98	-50	-157	-49	-38	-14	0	-1489	-604	-273	-125	297	43
7	-570	-168	3811697344	-98	-50	-175	-55	-41	-16	0	-1530	-620	-273	-125	297	43
7	-570	-168	3811699340	-95	-49	-150	-47	-37	-15	0	-1567	-635	-273	-125	297	43
7	-570	-168	3811701340	-105	-55	-168	-54	-41	-16	0	-1608	-651	-273	-125	297	43
7	-570	-168	3811703344	-91	-47	-164	-54	-38	-15	0	-1646	-666	-273	-125	297	43
7	-570	-168	3811705340	-88	-46	-140	-45	-34	-14	0	-1314	-680	-273	-125	297	43
7	-570	-168	3811707340	-96	-50	-156	-51	-38	-15	0	-1352	-695	-273	-125	297	43
7	-570	-168	3811709340	-84	-45	-134	-44	-32	-13	0	-1384	-708	-273	-125	297	43
7	-570	-168	3811711336	-80	-43	-148	-50	-35	-14	0	-1419	-722	-273	-125	297	43
7	-570	-168	3811713336	-87	-47	-125	-42	-31	-13	0	-1450	-735	-273	-125	297	43
7	-570	-168	3811715328	-75	-42	-138	-47	-32	-14	0	-1482	-749	-273	-125	297	43
7	-570	-168	3811717336	-71	-40	-115	-40	-28	-12	0	-1510	-761	-273	-125	297	43
7	-570	-168	3811719332	-78	-42	-128	-43	-31	-13	0	-1541	-774	-273	-125	297	43
7	-570	-168	3811721328	-65	-38	-107	-38	-26	-11	0	-1567	-785	-273	-125	297	43
7	-570	-168	3811723324	-62	-35	-117	-40	-27	-11	0	-1594	-796	-273	-125	297	43
7	-570	-168	3811725320	-67	-38	-96	-34	-24	-11	0	-1618	-807	-273	-125	297	43
7	-570	-168	3811727316	-55	-32	-105	-37	-24	-10	0	-1304	-730	-273	-125	297	43
7	-570	-168	3811729316	-51	-31	-86	-30	-21	-10	0	-1325	-740	-273	-125	297	43
7	-570	-168	3811731320	-54	-32	-91	-34	-22	-9	0	-1347	-749	-273	-125	297	43
7	-570	-168	3811733324	-43	-28	-77	-27	-18	-9	0	-1365	-758	-273	-125	297	43
7	-570	-168	3811735316	-42	-25	-78	-30	-18	-8	0	-1383	-766	-273	-125	297	43
7	-570	-168	3811737320	-41	-26	-65	-24	-16	-7	0	-1296	-727	-273	-125	297	43
7	-570	-168	3811739320	-32	-23	-68	-25	-15	-8	0	-1311	-735	-273	-125	297	43
7	-570	-168	3811741320	-29	-18	-61	-23	-13	-6	0	-1324	-741	-273	-125	297	43
7	-570	-168	3811743316	-29	-20	-48	-18	-12	-5	0	-1336	-746	-273	-125	297	43
7	-570	-168	3811745312	-22	-15	-48	-18	-10	-5	0	-1346	-751	-273	-125	297	43
7	-570	-168	3811747320	-20	-14	-37	-15	-9	-5	0	-1355	-756	-273	-125	297	43
7	-570	-168	3811749316	-18	-14	-37	-14	-8	-4	0	-1363	-760	-273	-125	297	43
7	-570	-168	3811751320	-14	-10	-28	-11	-6	-3	0	-1369	-763	-273	-125	297	43
7	-570	-168	3811753324	-11	-9	-27	-11	-6	-3	0	-1375	-766	-273	-125	297	43
7	-570	-168	3811755324	-10	-7	-20	-8	-4	-2	0	-1379	-768	-273	-125	297	43
7	-570	-168	3811757316	-7	-5	-19	-7	-4	-2	0	-1383	-770	-273	-125	297	43
7	-570	-168	3811759316	-5	-5	-14	-5	-3	-2	0	-1283	-722	-273	-125	297	43
7	-570	-168	3811761316	-5	-4	-12	-5	-3	-1	0	-1286	-723	-273	-125	297	43
7	-570	-168	3811763320	-3	-2	-9	-4	-1	-1	0	-1287	-724	-273	-125	297	43
7	-570	-168	3811765316	-1	-2	-7	-2	-2	-1	0	-1289	-725	-273	-125	297	43
7	-570	-168	3811767284	-1	-1	-4	-2	0	0	0	-1289	-725	-273	-125	297	43
7	-570	-168	3811769288	0	-1	-4	-2	-1	0	0	-1290	-725	-273	-125	297	43
7	-570	-168	3811771236	0	0	-1	0	0	0	0	-1280	-720	-273	-125	297	43
7	-570	-168	3811773240	0	0	-1	0	0	0	0	-1280	-720	-273	-125	297	43
7	-570	-168	3811775260	0	0	0	-1	0	-1	1	-1280	-721	-273	-125	297	43
8	500	321	3811819284	0	0	1	0	0	0	1	-273	-125	227	196	-273	-125
8	500	321	3811829292	0	2	0	1	0	0	1	-273	-125	227	196	-273	-125
8	500	321	3811831288	0	0	2	0	0	0	1	-273	-125	227	196	-273	-125
8	500	321	3811841292	0	1	0	0	0	0	1	-273	-125	227	196	-273	-125
8	500	321	3811843288	1	0	1	0	0	0	1	-273	-125	227	196	-273	-125
8	500	321	3811845284	0	0	0	2	0	0	1	-273	-125	227	196	-273	-125
8	500	321	3811847308	0	1	1	0	0	0	1	-273	-125	227	196	-273	-125
8	500	321	3811849320	2	1	3	1	0	1	1	-273	-124	227	196	-273	-125
8	500	321	3811851324	1	2	2	1	1	0	1	-272	-124	227	196	-273	-125
8	500	321	3811853336	1	2	4	3	1	1	1	-271	-123	227	196	-273	-125
8	500	321	3811855336	3	4	6	2	1	1	1	-270	-122	227	196	-273	-125
8	500	321	3811857328	2	4	6	4	1	1	0	-269	-121	227	196	-273	-125
8	500	321	3811859332	5	6	9	5	2	2	0	-267	-119	227	196	-273	-125
8	500	321	3811861332	4	6	10	6	2	2	0	-265	-117	227	196	-273	-125
8	500	321	3811863328	6	8	13	8	3	2	0	-262	-115	227	196	-273	-125
8	500	321	3811865324	8	10	16	8	4	3	0	-258	-112	227	196	-273	-125
8	500	321	3811867324	7	10	15	9	3	2	0	-255	-110	227	196	-273	-125
8	500	321	3811869328	9	12	21	13	5	4	0	-250	-106	227	196	-273	-125
8	500	321	3811871316	12	15	21	12	4	4	0	-246	-102	227	196	-273	-125
8	500	321	3811873316	13	16	29	16	7	5	0	-239	-97	227	196	-273	-125
8	500	321	3811875312	14	18	28	15	6	5	0	-233	-92	227	196	-273	-125
8	500	321	3811877308	17	22	36	20	8	6	0	-225	-86	227	196	-273	-125
8	500	321	3811879316	19	23	35	20	8	7	0	-217	-79	227	196	-273	-125
8	500	321	3811881316	19	22	44	24	10	7	0	-207	-72	227	196	-273	-125
8	500	321	3811883320	25	29	42	24	10	8	0	-197	-64	227	196	-273	-125
8	500	321	3811885312	25	28	54	27	11	8	0	-186	-56	227	196	-273	-125
8	500	321	3811887316	26	28	50	28	12	8	0	-174	-48	227	196	-273	-125
8	500	321	3811889316	34	35	62	32	14	10	0	-160	-38	227	196	-273	-125
8	500	321	3811891312	32	34	59	30	14	10	0	-146	-28	227	196	-273	-125
8	500	321	3811893320	34	34	71	37	16	11	0	-130	-17	227	196	-273	-125
8	500	321	3811895320	42	41	68	32	16	11	0	-114	-6	227	196	-273	-125
8	500	321	3811897308	40	38	81	40	18	11	0	-96	5	227	196	-273	-125
8	500	321	3811899308	43	40	75	38	18	12	0	-78	17	227	196	-273	-125
8	500	321	3811901304	51	46	91	43	21	13	0	-57	30	227	196	-273	-125
8	500	321	3811903300	49	42	95	45	22	13	0	-35	43	227	196	-273	-125
8	500	321	3811905296	52	45	89	43	21	14	0	-14	57	227	196	-273	-125
8	500	321	3811907292	62	52	104	49	25	15	0	11	72	227	196	-273	-125
8	500	321	3811909296	57	47	96	45	23	13	0	34	85	227	196	-273	-125
8	500	321	3811911292	60	50	113	52	26	16	0	60	101	227	196	-273	-125
8	500	321	3811913292	71	56	102	48	26	15	0	86	116	227	196	-273	-125
8	500	321	3811915296	68	53	121	57	28	17	0	114	133	227	196	-273	-125
8	500	321	3811917296	69	55	109	51	27	16	0	141	149	227	196	-273	-125
8	500	321	3811919300	80	64	129	62	31	19	0	172	168	227	196	-273	-125
8	500	321	3811921304	75	57	115	55	29	16	0	201	184	227	196	-273	-125
8	500	321	3811923312	77	61	135	65	32	19	0	233	203	227	196	-273	-125
8	500	321	3811925300	90	70	120	58	31	20	0	264	223	227	196	-273	-125
8	500	321	3811927300	83	65	140	70	33	20	0	297	243	227	196	-273	-125
8	500	321	3811929304	83	67	126	64	32	19	0	329	262	227	196	-273	-125
8	500	321	3811931304	98	77	145	75	36	23	0	365	285	227	196	-273	-125
8	500	321	3811933308	89	70	130	68	33	21	0	398	306	227	196	-273	-125
8	500	321	3811935312	90	74	149	78	36	23	0	434	329	227	196	-273	-125
8	500	321	3811937316	103	85	151	83	38	25	0	472	354	227	196	-273	-125
8	500	321	3811939308	93	77	134	74	34	23	0	506	377	227	196	-273	-125
8	500	321	3811941308	94	80	154	87	37	25	0	543	402	227	196	-273	-125
8	500	321	3811943312	106	93	136	79	37	25	0	580	427	227	196	-273	-125
8	500	321	3811945308	95	82	155	91	37	26	0	617	453	227	196	-273	-125
8	500	321	3811947308	95	87	137	81	35	26	0	652	479	227	196	-273	-125
8	500	321	3811949308	109	97	157	95	40	28	0	692	507	227	196	-273	-125
8	500	321	3811951308	95	88	136	84	34	26	0	726	533	227	196	-273	-125
8	500	321	3811953308	96	88	155	98	38	28	0	764	561	227	196	-273	-125
8	500	321	3811955312	106	102	136	86	36	28	0	800	589	227	196	-273	-125
8	500	321	3811957312	95	92	154	100	38	29	0	838	618	227	196	-273	-125
8	500	321	3811959308	94	93	134	87	34	27	0	872	645	227	196	-273	-125
8	500	321	3811961312	104	105	151	102	38	31	0	910	676	227	196	-273	-125
8	500	321	3811963308	92	93	132	90	34	28	0	944	704	227	196	-273	-125
8	500	321	3811965308	91	94	149	101	36	29	0	980	733	227	196	-273	-125
8	500	321	3811967320	103	105	148	102	37	31	0	1017	764	227	196	-273	-125
8	500	321	3811969320	90	95	127	90	33	28	0	1050	792	227	196	-273	-125
8	500	321	3811971320	89	94	145	103	35	29	0	1085	821	227	196	-273	-125
8	500	321	3811973316	100	106	124	90	34	30	0	1119	750	227	196	-273	-125
8	500	321	3811975316	87	94	141	101	34	29	0	1153	779	227	196	-273	-125
8	500	321	3811977312	88	94	121	89	31	27	0	1184	806	227	196	-273	-125
8	500	321	3811979320	97	105	138	100	36	31	0	1220	837	227	196	-273	-125
8	500	321	3811981320	85	92	119	87	30	27	0	1250	864	227	196	-273	-125
8	500	321	3811983316	85	93	132	100	33	29	0	1283	893	227	196	-273	-125
8	500	321	3811985316	95	101	115	87	31	28	0	1314	921	227	196	-273	-125
8	500	321	3811987308	84	90	128	97	32	28	0	1312	748	227	196	-273	-125
8	500	321	3811989312	84	86	110	84	29	26	0	1341	774	227	196	-273	-125
8	500	321	3811991312	91	96	123	94	32	28	0	1373	802	227	196	-273	-125
8	500	321	3811993312	80	84	107	81	28	25	0	1401	827	227	196	-273	-125
8	500	321	3811995316	77	80	117	89	29	25	0	1430	852	227	196	-273	-125
8	500	321	3811997316	85	88	115	86	30	26	0	1460	878	227	196	-273	-125
8	500	321	3811999316	73	75	98	74	26	23	0	1486	901	227	196	-273	-125
8	500	321	3812001316	70	72	106	80	26	22	0	1512	923	227	196	-273	-125
8	500	321	3812003316	75	76	90	67	25	22	0	1537	945	227	196	-273	-125
8	500	321	3812005312	62	65	100	73	24	21	0	1304	741	227	196	-273	-125
8	500	321	3812007316	60	60	82	61	22	18	0	1326	759	227	196	-273	-125
8	500	321	3812009316	64	63	92	65	23	19	0	1349	778	227	196	-273	-125
8	500	321	3812011312	54	52	73	54	19	16	0	1368	794	227	196	-273	-125
8	500	321	3812013308	50	48	82	56	20	15	0	1388	809	227	196	-273	-125
8	500	321	3812015312	51	49	66	45	18	15	0	1406	824	227	196	-273	-125
8	500	321	3812017308	43	40	70	47	16	13	0	1422	837	227	196	-273	-125
8	500	321	3812019308	38	35	56	38	15	11	0	1437	848	227	196	-273	-125
8	500	321	3812021308	40	35	60	39	15	11	0	1452	859	227	196	-273	-125
8	500	321	3812023308	32	27	48	30	12	8	0	1464	867	227	196	-273	-125
8	500	321	3812025304	28	25	48	31	11	9	0	1291	729	227	196	-273	-125
8	500	321	3812027308	29	23	39	22	10	6	0	1301	735	227	196	-273	-125
8	500	321	3812029312	21	18	39	24	9	7	0	1310	742	227	196	-273	-125
8	500	321	3812031308	20	14	34	19	8	5	0	1318	747	227	196	-273	-125
8	500	321	3812033308	20	14	25	15	7	4	0	1325	751	227	196	-273	-125
8	500	321	3812035304	15	10	25	12	6	3	0	1331	754	227	196	-273	-125
8	500	321	3812037300	13	9	18	10	5	3	0	1336	757	227	196	-273	-125
8	500	321	3812039296	11	7	18	10	4	3	0	1284	723	227	196	-273	-125
8	500	321	3812041300	9	5	12	7	3	1	0	1287	724	227	196	-273	-125
8	500	321	3812043296	6	4	12	5	3	2	0	1290	726	227	196	-273	-125
8	500	321	3812045300	5	2	8	3	2	1	1	1292	727	227	196	-273	-125
9	500	321	3812047292	4	2	7	4	1	0	1	228	196	227	196	-273	-125
9	500	321	3812049304	2	1	3	1	1	1	1	229	197	227	196	-273	-125
9	500	321	3812051292	2	1	4	2	1	0	1	230	197	227	196	-273	-125
9	500	321	3812053296	1	0	3	1	1	0	1	231	197	227	196	-273	-125
9	500	321	3812055256	0	0	1	0	0	0	1	231	197	227	196	-273	-125
9	-389	-448	3812075260	-1	0	0	0	0	0	1	231	197	-162	-252	227	196
9	-389	-448	3812079264	0	0	-1	0	0	0	1	231	197	-162	-252	227	196
9	-389	-448	3812081300	-1	-2	0	0	0	0	1	231	197	-162	-252	227	196
9	-389	-448	3812083292	0	-1	-1	-1	0	0	1	231	197	-162	-252	227	196
9	-389	-448	3812085292	-1	-1	-1	-2	0	0	1	231	197	-162	-252	227	196
9	-389	-448	3812087296	-1	-4	-1	-1	0	0	1	231	197	-162	-252	227	196
9	-389	-448	3812089324	-2	-2	-4	-4	-1	-1	1	230	196	-162	-252	227	196
9	-389	-448	3812091316	-1	-5	-3	-5	-1	-2	1	229	194	-162	-252	227	196
9	-389	-448	3812093324	-4	-8	-5	-5	-1	-2	1	228	192	-162	-252	227	196
9	-389	-448	3812095324	-2	-6	-5	-8	-1	-2	1	227	190	-162	-252	227	196
9	-389	-448	3812097320	-4	-9	-6	-8	-2	-2	1	225	188	-162	-252	227	196
9	-389	-448	3812099316	-5	-12	-9	-10	-2	-4	1	223	184	-162	-252	227	196
9	-389	-448	3812101320	-5	-12	-7	-12	-2	-3	1	221	181	-162	-252	227	196
9	-389	-448	3812103324	-5	-13	-11	-13	-2	-4	1	219	177	-162	-252	227	196
9	-389	-448	3812105324	-7	-18	-10	-14	-3	-5	1	216	172	-162	-252	227	196
9	-389	-448	3812107324	-8	-17	-15	-19	-3	-5	1	213	167	-162	-252	227	196
9	-389	-448	3812109320	-7	-20	-14	-17	-3	-6	1	210	161	-162	-252	227	196
9	-389	-448	3812111316	-10	-25	-19	-23	-5	-7	1	205	154	-162	-252	227	196
9	-389	-448	3812113308	-12	-24	-17	-22	-4	-7	1	201	147	-162	-252	227	196
9	-389	-448	3812115312	-11	-28	-24	-28	-5	-8	1	196	139	-162	-252	227	196
9	-389	-448	3812117316	-14	-31	-23	-26	-6	-9	0	190	130	-162	-252	227	196
9	-389	-448	3812119320	-12	-31	-27	-33	-6	-10	0	184	120	-162	-252	227	196
9	-389	-448	3812121320	-15	-33	-28	-31	-6	-9	0	178	111	-162	-252	227	196
9	-389	-448	3812123312	-19	-38	-33	-37	-8	-11	0	170	100	-162	-252	227	196
9	-389	-448	3812125312	-17	-38	-34	-35	-7	-11	0	163	89	-162	-252	227	196
9	-389	-448	3812127312	-20	-40	-40	-43	-9	-13	0	154	76	-162	-252	227	196
9	-389	-448	3812129312	-24	-46	-45	-45	-11	-14	0	143	62	-162	-252	227	196
9	-389	-448	3812131316	-24	-45	-41	-41	-10	-12	0	133	50	-162	-252	227	196
9	-389	-448	3812133316	-25	-46	-53	-50	-11	-15	0	122	35	-162	-252	227	196
9	-389	-448	3812135320	-31	-55	-49	-46	-12	-15	0	110	20	-162	-252	227	196
9	-389	-448	3812137320	-30	-53	-61	-57	-14	-16	0	96	4	-162	-252	227	196
9	-389	-448	3812139312	-33	-54	-56	-51	-13	-16	0	83	-12	-162	-252	227	196
9	-389	-448	3812141320	-40	-63	-69	-61	-17	-19	0	66	-31	-162	-252	227	196
9	-389	-448	3812143308	-37	-59	-64	-56	-15	-17	0	51	-48	-162	-252	227	196
9	-389	-448	3812145316	-41	-61	-77	-68	-17	-19	0	34	-67	-162	-252	227	196
9	-389	-448	3812147308	-49	-72	-71	-61	-18	-20	0	16	-87	-162	-252	227	196
9	-389	-448	3812149308	-48	-66	-85	-73	-20	-21	0	-4	-108	-162	-252	227	196
9	-389	-448	3812151308	-50	-69	-78	-65	-20	-20	0	-24	-128	-162	-252	227	196
9	-389	-448	3812153300	-60	-80	-92	-77	-22	-24	0	-46	-152	-162	-252	227	196
9	-389	-448	3812155304	-56	-73	-84	-70	-21	-21	0	-67	-173	-162	-252	227	196
9	-389	-448	3812157308	-59	-77	-99	-84	-24	-24	0	-91	-197	-162	-252	227	196
9	-389	-448	3812159308	-68	-87	-101	-85	-25	-26	0	-116	-223	-162	-252	227	196
9	-389	-448	3812161304	-65	-81	-91	-79	-24	-24	0	-140	-247	-162	-252	227	196
9	-389	-448	3812163304	-68	-84	-107	-92	-26	-27	0	-166	-274	-162	-252	227	196
9	-389	-448	3812165300	-79	-98	-95	-83	-26	-27	0	-192	-301	-162	-252	227	196
9	-389	-448	3812167304	-72	-88	-111	-98	-28	-28	0	-220	-329	-162	-252	227	196
9	-389	-448	3812169300	-75	-90	-99	-88	-26	-26	0	-246	-355	-162	-252	227	196
9	-389	-448	3812171304	-86	-104	-113	-101	-30	-31	0	-276	-386	-162	-252	227	196
9	-389	-448	3812173300	-79	-95	-102	-91	-27	-28	0	-303	-414	-162	-252	227	196
9	-389	-448	3812175308	-81	-95	-117	-107	-29	-30	0	-332	-444	-162	-252	227	196
9	-389	-448	3812177308	-93	-110	-104	-95	-30	-31	0	-362	-475	-162	-252	227	196
9	-389	-448	3812179312	-84	-99	-120	-108	-31	-31	0	-393	-506	-162	-252	227	196
9	-389	-448	3812181312	-83	-100	-106	-98	-28	-30	0	-421	-536	-162	-252	227	196
9	-389	-448	3812183316	-97	-114	-123	-112	-33	-34	0	-454	-570	-162	-252	227	196
9	-389	-448	3812185312	-85	-100	-106	-100	-29	-30	0	-483	-600	-162	-252	227	196
9	-389	-448	3812187308	-86	-102	-125	-114	-31	-32	0	-514	-632	-162	-252	227	196
9	-389	-448	3812189316	-96	-114	-109	-101	-31	-32	0	-545	-664	-162	-252	227	196
9	-389	-448	3812191312	-86	-101	-123	-115	-31	-33	0	-576	-697	-162	-252	227	196
9	-389	-448	3812193308	-85	-101	-109	-100	-29	-30	0	-605	-727	-162	-252	227	196
9	-389	-448	3812195296	-95	-114	-124	-114	-33	-34	0	-638	-761	-162	-252	227	196
9	-389	-448	3812197300	-84	-100	-122	-114	-31	-32	0	-669	-793	-162	-252	227	196
9	-389	-448	3812199296	-83	-100	-108	-99	-29	-30	0	-698	-823	-162	-252	227	196
9	-389	-448	3812201300	-91	-111	-120	-111	-31	-33	0	-729	-856	-162	-252	227	196
9	-389	-448	3812203292	-79	-99	-104	-99	-28	-30	0	-757	-886	-162	-252	227	196
9	-389	-448	3812205292	-77	-99	-116	-111	-29	-32	0	-786	-918	-162	-252	227	196
9	-389	-448	3812207296	-85	-111	-100	-96	-28	-31	0	-814	-949	-162	-252	227	196
9	-389	-448	3812209296	-73	-98	-111	-111	-27	-31	0	-841	-751	-162	-252	227	196
9	-389	-448	3812211296	-71	-98	-95	-97	-25	-29	0	-866	-780	-162	-252	227	196
9	-389	-448	3812213300	-77	-109	-104	-110	-27	-33	0	-893	-813	-162	-252	227	196
9	-389	-448	3812215296	-67	-98	-89	-96	-24	-29	0	-917	-842	-162	-252	227	196
9	-389	-448	3812217296	-63	-97	-97	-109	-24	-31	0	-941	-873	-162	-252	227	196
9	-389	-448	3812219308	-70	-109	-83	-95	-23	-31	0	-964	-904	-162	-252	227	196
9	-389	-448	3812221304	-59	-96	-90	-107	-22	-30	0	-986	-750	-162	-252	227	196
9	-389	-448	3812223304	-58	-95	-75	-93	-20	-28	0	-1006	-778	-162	-252	227	196
9	-389	-448	3812225308	-60	-108	-81	-106	-21	-32	0	-1027	-810	-162	-252	227	196
9	-389	-448	3812227308	-52	-92	-77	-105	-19	-30	0	-1046	-840	-162	-252	227	196
9	-389	-448	3812229308	-49	-93	-64	-91	-17	-28	0	-1063	-868	-162	-252	227	196
9	-389	-448	3812231312	-52	-102	-69	-103	-19	-30	0	-1082	-898	-162	-252	227	196
9	-389	-448	3812233312	-45	-90	-57	-87	-15	-27	0	-1097	-925	-162	-252	227	196
9	-389	-448	3812235316	-42	-86	-62	-99	-15	-28	0	-1112	-953	-162	-252	227	196
9	-389	-448	3812237300	-45	-97	-51	-85	-15	-27	0	-1127	-980	-162	-252	227	196
9	-389	-448	3812239304	-37	-82	-54	-94	-13	-26	0	-1140	-1006	-162	-252	227	196
9	-389	-448	3812241304	-35	-80	-43	-80	-12	-24	0	-1152	-1030	-162	-252	227	196
9	-389	-448	3812243308	-36	-86	-47	-88	-13	-26	0	-1165	-746	-162	-252	227	196
9	-389	-448	3812245312	-30	-73	-37	-74	-10	-23	0	-1175	-769	-162	-252	227	196
9	-389	-448	3812247304	-28	-70	-40	-81	-10	-22	0	-1185	-791	-162	-252	227	196
9	-389	-448	3812249304	-27	-74	-30	-68	-8	-21	0	-1193	-812	-162	-252	227	196
9	-389	-448	3812251304	-23	-62	-33	-72	-9	-21	0	-1202	-833	-162	-252	227	196
9	-389	-448	3812253300	-19	-58	-25	-60	-6	-17	0	-1208	-850	-162	-252	227	196
9	-389	-448	3812255308	-18	-62	-25	-65	-7	-19	0	-1215	-739	-162	-252	227	196
9	-389	-448	3812257304	-15	-50	-23	-62	-6	-17	0	-1221	-756	-162	-252	227	196
9	-389	-448	3812259304	-13	-48	-18	-48	-4	-15	0	-1225	-771	-162	-252	227	196
9	-389	-448	3812261304	-11	-50	-17	-53	-4	-15	0	-1229	-786	-162	-252	227	196
9	-389	-448	3812263312	-9	-40	-14	-42	-4	-12	0	-1233	-798	-162	-252	227	196
9	-389	-448	3812265316	-6	-36	-13	-45	-3	-12	0	-1236	-810	-162	-252	227	196
9	-389	-448	3812267320	-6	-37	-10	-35	-2	-11	0	-1238	-821	-162	-252	227	196
9	-389	-448	3812269320	-4	-29	-8	-38	-2	-10	0	-1240	-831	-162	-252	227	196
9	-389	-448	3812271324	-3	-26	-7	-29	-1	-9	0	-1241	-729	-162	-252	227	196
9	-389	-448	3812273320	-1	-27	-6	-28	-1	-8	0	-1242	-737	-162	-252	227	196
9	-389	-448	3812275316	0	-21	-4	-24	-1	-7	0	-1243	-744	-162	-252	227	196
9	-389	-448	3812277308	0	-17	-2	-23	0	-6	0	-1243	-750	-162	-252	227	196
9	-389	-448	3812279324	0	-19	-3	-17	-1	-5	0	-1244	-755	-162	-252	227	196
9	-389	-448	3812281272	1	-14	-1	-19	0	-5	0	-1244	-760	-162	-252	227	196
9	-389	-448	3812283304	2	-12	-1	-14	0	-4	0	-1244	-764	-162	-252	227	196
9	-389	-448	3812285276	1	-12	-1	-13	0	-4	0	-1244	-768	-162	-252	227	196
9	-389	-448	3812287312	3	-8	0	-12	0	-3	0	-1244	-771	-162	-252	227	196
9	-389	-448	3812289308	1	-7	0	-8	0	-2	0	-1244	-722	-162	-252	227	196
9	-389	-448	3812291304	3	-7	0	-9	0	-2	0	-1244	-724	-162	-252	227	196
9	-389	-448	3812293316	2	-5	0	-5	1	-2	1	-1243	-726	-162	-252	227	196
10	-389	-448	3812295304	3	-4	0	-6	0	-1	1	-162	-253	-162	-252	227	196
10	-389	-448	3812297304	2	-2	0	-4	0	-1	1	-162	-254	-162	-252	227	196
10	-389	-448	3812299320	1	-3	0	-4	1	-1	1	-161	-255	-162	-252	227	196
10	-389	-448	3812301308	2	-2	1	-2	0	-1	1	-161	-256	-162	-252	227	196
10	-389	-448	3812303296	2	-2	0	-3	0	0	1	-161	-256	-162	-252	227	196
10	-389	-448	3812305316	1	-1	0	-1	0	-1	1	-161	-257	-162	-252	227	196
10	-389	-448	3812307316	0	-1	2	-3	1	0	1	-160	-257	-162	-252	227	196
10	-389	-448	3812309276	2	0	0	0	0	0	1	-160	-257	-162	-252	227	196
10	247	540	3812311320	1	-1	0	-1	0	-1	1	-160	-258	85	288	-162	-252
10	247	540	3812313296	1	0	1	0	1	0	1	-159	-258	85	288	-162	-252
10	247	540	3812315276	0	0	0	-1	0	0	1	-159	-258	85	288	-162	-252
10	247	540	3812329284	1	0	0	0	0	0	1	-159	-258	85	288	-162	-252
10	247	540	3812339284	0	0	1	0	0	0	1	-159	-258	85	288	-162	-252
10	247	540	3812341284	0	0	0	2	0	0	1	-159	-258	85	288	-162	-252
10	247	540	3812343284	0	1	0	1	0	0	1	-159	-258	85	288	-162	-252
10	247	540	3812345312	2	2	1	1	0	0	1	-159	-258	85	288	-162	-252
10	247	540	3812347340	1	3	3	4	1	1	1	-158	-257	85	288	-162	-252
10	247	540	3812349332	1	4	2	4	0	1	1	-158	-256	85	288	-162	-252
10	247	540	3812351344	3	6	4	6	1	2	1	-157	-254	85	288	-162	-252
10	247	540	3812353352	3	8	4	7	1	3	1	-156	-251	85	288	-162	-252
10	247	540	3812355356	3	9	5	9	2	2	1	-154	-249	85	288	-162	-252
10	247	540	3812357348	5	11	6	9	1	3	1	-153	-246	85	288	-162	-252
10	247	540	3812359340	5	12	8	12	2	4	1	-151	-242	85	288	-162	-252
10	247	540	3812361340	6	14	8	13	2	4	1	-149	-238	85	288	-162	-252
10	247	540	3812363340	8	18	10	16	3	5	1	-146	-233	85	288	-162	-252
10	247	540	3812365344	6	17	12	15	3	5	1	-143	-228	85	288	-162	-252
10	247	540	3812367332	9	19	12	20	3	6	1	-140	-222	85	288	-162	-252
10	247	540	3812369336	10	24	14	19	3	6	1	-137	-216	85	288	-162	-252
10	247	540	3812371336	10	23	16	24	4	7	1	-133	-209	85	288	-162	-252
10	247	540	3812373332	11	25	16	22	4	7	1	-129	-202	85	288	-162	-252
10	247	540	3812375332	12	30	22	29	6	9	1	-123	-193	85	288	-162	-252
10	247	540	3812377336	13	28	18	26	4	8	1	-119	-185	85	288	-162	-252
10	247	540	3812379332	12	27	24	31	6	9	1	-113	-176	85	288	-162	-252
10	247	540	3812381332	15	34	25	33	6	10	1	-107	-166	85	288	-162	-252
10	247	540	3812383336	14	30	23	30	5	9	1	-102	-157	85	288	-162	-252
10	247	540	3812385336	15	33	28	36	7	10	0	-95	-147	85	288	-162	-252
10	247	540	3812387340	16	37	25	31	6	10	0	-89	-137	85	288	-162	-252
10	247	540	3812389340	17	34	32	39	7	11	0	-82	-126	85	288	-162	-252
10	247	540	3812391348	16	35	27	35	7	11	0	-75	-115	85	288	-162	-252
10	247	540	3812393348	19	42	34	40	7	12	0	-68	-103	85	288	-162	-252
10	247	540	3812395352	18	38	31	38	8	12	0	-60	-91	85	288	-162	-252
10	247	540	3812397356	19	40	36	45	8	12	0	-52	-79	85	288	-162	-252
10	247	540	3812399348	21	46	34	40	8	13	0	-44	-66	85	288	-162	-252
10	247	540	3812401352	20	43	39	47	9	14	0	-35	-52	85	288	-162	-252
10	247	540	3812403344	22	45	35	44	9	13	0	-26	-39	85	288	-162	-252
10	247	540	3812405348	25	51	42	50	10	15	0	-16	-24	85	288	-162	-252
10	247	540	3812407344	23	47	39	47	9	14	0	-7	-10	85	288	-162	-252
10	247	540	3812409340	24	49	45	54	10	16	0	3	6	85	288	-162	-252
10	247	540	3812411340	28	59	46	58	12	17	0	15	23	85	288	-162	-252
10	247	540	3812413336	26	52	42	51	10	16	0	25	39	85	288	-162	-252
10	247	540	3812415332	26	55	50	60	11	17	0	36	56	85	288	-162	-252
10	247	540	3812417332	31	64	43	55	11	18	0	47	74	85	288	-162	-252
10	247	540	3812419328	29	59	53	65	13	18	0	60	92	85	288	-162	-252
10	247	540	3812421324	29	60	47	59	11	18	0	71	110	85	288	-162	-252
10	247	540	3812423320	34	70	54	68	13	21	0	84	131	85	288	-162	-252
10	247	540	3812425320	31	65	50	63	12	19	0	96	150	85	288	-162	-252
10	247	540	3812427316	32	65	56	74	13	21	0	109	171	85	288	-162	-252
10	247	540	3812429316	38	77	52	66	14	22	0	123	193	85	288	-162	-252
10	247	540	3812431312	34	70	58	77	14	22	0	137	215	85	288	-162	-252
10	247	540	3812433312	35	73	53	72	13	21	0	150	236	85	288	-162	-252
10	247	540	3812435312	40	84	60	82	15	25	0	165	261	85	288	-162	-252
10	247	540	3812437308	36	76	54	74	13	23	0	178	284	85	288	-162	-252
10	247	540	3812439308	37	79	62	87	15	25	0	193	309	85	288	-162	-252
10	247	540	3812441300	43	91	55	79	15	25	0	208	334	85	288	-162	-252
10	247	540	3812443312	39	84	63	93	15	27	0	223	361	85	288	-162	-252
10	247	540	3812445308	38	85	55	83	14	25	0	237	386	85	288	-162	-252
10	247	540	3812447304	44	98	62	98	16	29	0	253	415	85	288	-162	-252
10	247	540	3812449300	39	92	55	87	14	27	0	267	442	85	288	-162	-252
10	247	540	3812451284	39	91	61	102	15	29	0	282	471	85	288	-162	-252
10	247	540	3812453288	42	106	54	92	15	30	0	297	501	85	288	-162	-252
10	247	540	3812455280	38	98	60	106	14	30	0	311	531	85	288	-162	-252
10	247	540	3812457284	37	97	60	110	15	31	0	326	562	85	288	-162	-252
10	247	540	3812459288	40	113	51	98	14	32	0	340	594	85	288	-162	-252
10	247	540	3812461292	35	102	58	114	14	32	0	354	626	85	288	-162	-252
10	247	540	3812463288	33	103	49	101	12	31	0	366	657	85	288	-162	-252
10	247	540	3812465300	36	117	56	117	14	35	0	380	692	85	288	-162	-252
10	247	540	3812467292	31	105	47	103	11	31	0	391	723	85	288	-162	-252
10	247	540	3812469288	29	106	53	120	13	34	0	404	757	85	288	-162	-252
10	247	540	3812471284	31	122	45	106	11	34	0	415	791	85	288	-162	-252
10	247	540	3812473280	26	108	50	123	11	35	0	426	755	85	288	-162	-252
10	247	540	3812475288	25	110	42	107	10	33	0	436	788	85	288	-162	-252
10	247	540	3812477284	28	125	48	124	12	37	0	448	825	85	288	-162	-252
10	247	540	3812479280	24	112	41	110	10	33	0	458	858	85	288	-162	-252
10	247	540	3812481280	23	111	45	125	10	36	0	468	894	85	288	-162	-252
10	247	540	3812483288	25	126	39	110	9	35	0	477	929	85	288	-162	-252
10	247	540	3812485284	22	114	44	126	10	36	0	487	965	85	288	-162	-252
10	247	540	3812487292	21	112	36	111	9	34	0	496	999	85	288	-162	-252
10	247	540	3812489300	22	127	41	127	9	38	0	505	758	85	288	-162	-252
10	247	540	3812491304	19	112	39	125	9	35	0	514	793	85	288	-162	-252
10	247	540	3812493300	19	111	34	110	8	33	0	522	826	85	288	-162	-252
10	247	540	3812495308	20	124	37	123	9	37	0	531	863	85	288	-162	-252
10	247	540	3812497300	16	109	31	107	7	33	0	538	896	85	288	-162	-252
10	247	540	3812499300	16	107	34	121	7	34	0	545	930	85	288	-162	-252
10	247	540	3812501304	17	119	30	104	7	33	0	552	963	85	288	-162	-252
10	247	540	3812503308	13	103	31	115	7	33	0	559	996	85	288	-162	-252
10	247	540	3812505312	13	98	27	98	6	30	0	565	1026	85	288	-162	-252
10	247	540	3812507304	12	109	28	110	6	32	0	571	1058	85	288	-162	-252
10	247	540	3812509308	10	93	25	94	5	28	0	576	1086	85	288	-162	-252
10	247	540	3812511308	9	88	27	103	5	29	0	581	749	85	288	-162	-252
10	247	540	3812513312	9	95	21	86	5	27	0	586	776	85	288	-162	-252
10	247	540	3812515308	6	80	22	92	4	26	0	590	802	85	288	-162	-252
10	247	540	3812517308	6	75	18	79	4	23	0	594	825	85	288	-162	-252
10	247	540	3812519320	7	79	20	83	4	24	0	598	849	85	288	-162	-252
10	247	540	3812521320	3	66	17	78	3	22	0	601	742	85	288	-162	-252
10	247	540	3812523324	5	60	14	63	3	19	0	604	761	85	288	-162	-252
10	247	540	3812525324	4	63	15	66	2	19	0	606	780	85	288	-162	-252
10	247	540	3812527324	4	51	11	54	3	16	0	609	796	85	288	-162	-252
10	247	540	3812529328	4	45	12	55	2	15	0	611	811	85	288	-162	-252
10	247	540	3812531328	2	46	8	44	2	13	0	613	824	85	288	-162	-252
10	247	540	3812533332	3	35	9	43	1	12	0	614	836	85	288	-162	-252
10	247	540	3812535324	2	32	6	34	2	10	0	616	846	85	288	-162	-252
10	247	540	3812537316	3	28	7	34	1	9	0	617	855	85	288	-162	-252
10	247	540	3812539320	1	23	5	26	1	7	0	618	727	85	288	-162	-252
10	247	540	3812541320	2	19	3	25	1	7	0	619	734	85	288	-162	-252
10	247	540	3812543312	2	16	3	19	0	5	0	619	739	85	288	-162	-252
10	247	540	3812545328	1	12	2	17	1	5	0	620	744	85	288	-162	-252
10	247	540	3812547332	1	9	3	14	1	3	0	621	747	85	288	-162	-252
10	247	540	3812549316	1	9	1	10	0	3	0	621	750	85	288	-162	-252
10	247	540	3812551312	0	5	1	9	0	2	0	621	752	85	288	-162	-252
10	247	540	3812553308	2	2	0	5	0	1	0	621	753	85	288	-162	-252
10	247	540	3812555276	0	4	0	5	0	1	0	621	754	85	288	-162	-252
10	247	540	3812557280	0	1	0	2	0	1	0	621	755	85	288	-162	-252
10	247	540	3812559264	0	0	0	2	0	0	0	621	755	85	288	-162	-252
10	247	540	3812561264	0	0	0	1	0	0	0	621	720	85	288	-162	-252
10	247	540	3812567276	0	0	0	1	0	0	0	621	720	85	288	-162	-252
10	247	540	3812571252	0	0	0	0	0	0	1	621	720	85	288	-162	-252
11	247	540	3812583312	1	0	2	0	1	0	1	86	288	85	288	-162	-252
11	247	540	3812587316	1	0	0	-2	0	0	1	86	288	85	288	-162	-252
11	247	540	3812589312	3	-3	0	-2	0	0	1	86	288	85	288	-162	-252
11	247	540	3812591332	2	-2	1	-3	1	0	1	87	288	85	288	-162	-252
11	-85	-588	3812593324	4	-5	0	-5	0	-2	1	87	286	0	-300	85	288
11	-85	-588	3812595336	4	-5	1	-5	1	-1	1	88	285	0	-300	85	288
11	-85	-588	3812597336	5	-8	0	-7	1	-3	1	89	282	0	-300	85	288
11	-85	-588	3812599340	5	-10	1	-9	1	-2	1	90	280	0	-300	85	288
11	-85	-588	3812601332	6	-10	2	-10	1	-3	1	91	277	0	-300	85	288
11	-85	-588	3812603328	7	-13	1	-11	1	-4	1	92	273	0	-300	85	288
11	-85	-588	3812605340	8	-15	1	-15	2	-5	1	94	268	0	-300	85	288
11	-85	-588	3812607344	7	-17	0	-15	1	-4	1	95	264	0	-300	85	288
11	-85	-588	3812609344	10	-21	1	-19	1	-6	1	96	258	0	-300	85	288
11	-85	-588	3812611340	9	-21	2	-22	2	-7	1	98	251	0	-300	85	288
11	-85	-588	3812613340	9	-24	0	-20	1	-6	1	99	245	0	-300	85	288
11	-85	-588	3812615336	10	-29	1	-28	2	-9	1	101	236	0	-300	85	288
11	-85	-588	3812617336	9	-27	0	-25	1	-8	1	102	228	0	-300	85	288
11	-85	-588	3812619336	8	-30	0	-31	1	-9	1	103	219	0	-300	85	288
11	-85	-588	3812621332	10	-35	0	-30	2	-10	1	105	209	0	-300	85	288
11	-85	-588	3812623324	8	-34	0	-35	1	-10	1	106	199	0	-300	85	288
11	-85	-588	3812625324	6	-34	-1	-33	1	-10	1	107	189	0	-300	85	288
11	-85	-588	3812627324	8	-41	-2	-40	1	-12	1	108	177	0	-300	85	288
11	-85	-588	3812629308	5	-39	-1	-36	0	-11	1	108	166	0	-300	85	288
11	-85	-588	3812631320	5	-38	-4	-42	1	-12	1	109	154	0	-300	85	288
11	-85	-588	3812633304	5	-47	-3	-39	0	-13	1	109	141	0	-300	85	288
11	-85	-588	3812635308	3	-42	-5	-46	0	-14	1	109	127	0	-300	85	288
11	-85	-588	3812637304	4	-44	-3	-42	0	-12	1	109	115	0	-300	85	288
11	-85	-588	3812639296	3	-51	-7	-50	0	-16	1	109	99	0	-300	85	288
11	-85	-588	3812641312	1	-46	-6	-45	-1	-13	1	108	86	0	-300	85	288
11	-85	-588	3812643316	0	-49	-6	-52	-1	-15	1	107	71	0	-300	85	288
11	-85	-588	3812645312	1	-56	-8	-48	-1	-16	1	106	55	0	-300	85	288
11	-85	-588	3812647316	0	-52	-8	-56	-1	-16	1	105	39	0	-300	85	288
11	-85	-588	3812649320	0	-52	-10	-57	-1	-17	1	104	22	0	-300	85	288
11	-85	-588	3812651316	-3	-61	-10	-53	-2	-17	1	102	5	0	-300	85	288
11	-85	-588	3812653324	-2	-57	-13	-60	-3	-17	1	99	-12	0	-300	85	288
11	-85	-588	3812655320	-4	-57	-11	-55	-2	-17	1	97	-29	0	-300	85	288
11	-85	-588	3812657328	-5	-65	-15	-64	-3	-19	1	94	-48	0	-300	85	288
11	-85	-588	3812659324	-6	-60	-13	-57	-3	-18	1	91	-66	0	-300	85	288
11	-85	-588	3812661328	-7	-61	-17	-68	-3	-19	1	88	-85	0	-300	85	288
11	-85	-588	3812663320	-8	-72	-15	-60	-4	-20	0	84	-105	0	-300	85	288
11	-85	-588	3812665316	-10	-63	-19	-70	-4	-20	0	80	-125	0	-300	85	288
11	-85	-588	3812667316	-10	-65	-17	-62	-4	-19	0	76	-144	0	-300	85	288
11	-85	-588	3812669312	-12	-75	-22	-73	-5	-22	0	71	-166	0	-300	85	288
11	-85	-588	3812671308	-12	-68	-20	-63	-5	-20	0	66	-186	0	-300	85	288
11	-85	-588	3812673308	-14	-67	-22	-75	-5	-21	0	61	-207	0	-300	85	288
11	-85	-588	3812675296	-16	-78	-21	-67	-6	-22	0	55	-229	0	-300	85	288
11	-85	-588	3812677296	-15	-70	-24	-76	-6	-22	0	49	-251	0	-300	85	288
11	-85	-588	3812679292	-15	-70	-23	-67	-5	-20	0	44	-271	0	-300	85	288
11	-85	-588	3812681288	-19	-79	-26	-79	-7	-24	0	37	-295	0	-300	85	288
11	-85	-588	3812683288	-17	-71	-26	-79	-7	-23	0	30	-318	0	-300	85	288
11	-85	-588	3812685284	-18	-71	-24	-69	-6	-21	0	24	-339	0	-300	85	288
11	-85	-588	3812687280	-17	-71	-26	-78	-6	-22	0	18	-361	0	-300	85	288
11	-85	-588	3812689292	-22	-82	-24	-70	-7	-23	0	11	-384	0	-300	85	288
11	-85	-588	3812691288	-17	-71	-26	-82	-7	-23	0	4	-407	0	-300	85	288
11	-85	-588	3812693288	-19	-72	-24	-70	-6	-21	0	-2	-428	0	-300	85	288
11	-85	-588	3812695284	-21	-80	-26	-81	-7	-24	0	-9	-452	0	-300	85	288
11	-85	-588	3812697280	-19	-73	-23	-71	-7	-22	0	-16	-474	0	-300	85	288
11	-85	-588	3812699284	-19	-72	-25	-81	-6	-23	0	-22	-497	0	-300	85	288
11	-85	-588	3812701280	-22	-83	-21	-73	-7	-23	0	-29	-520	0	-300	85	288
11	-85	-588	3812703280	-19	-72	-25	-81	-6	-23	0	-35	-543	0	-300	85	288
11	-85	-588	3812705272	-19	-74	-20	-73	-6	-22	0	-41	-565	0	-300	85	288
11	-85	-588	3812707272	-21	-84	-22	-83	-7	-25	0	-48	-590	0	-300	85	288
11	-85	-588	3812709268	-19	-74	-19	-73	-5	-22	0	-53	-612	0	-300	85	288
11	-85	-588	3812711268	-18	-75	-21	-85	-6	-24	0	-59	-636	0	-300	85	288
11	-85	-588	3812713264	-20	-86	-18	-74	-6	-24	0	-65	-660	0	-300	85	288
11	-85	-588	3812715264	-19	-77	-19	-86	-5	-25	0	-70	-685	0	-300	85	288
11	-85	-588	3812717264	-19	-78	-16	-76	-6	-23	0	-76	-708	0	-300	85	288
11	-85	-588	3812719264	-21	-90	-16	-88	-5	-26	0	-81	-734	0	-300	85	288
11	-85	-588	3812721264	-19	-80	-16	-90	-6	-26	0	-87	-746	0	-300	85	288
11	-85	-588	3812723260	-17	-82	-14	-78	-4	-24	0	-91	-770	0	-300	85	288
11	-85	-588	3812725260	-22	-94	-14	-93	-6	-28	0	-97	-798	0	-300	85	288
11	-85	-588	3812727260	-17	-86	-12	-82	-4	-25	0	-101	-823	0	-300	85	288
11	-85	-588	3812729256	-16	-88	-13	-98	-4	-28	0	-105	-851	0	-300	85	288
11	-85	-588	3812731264	-20	-101	-10	-86	-5	-28	0	-110	-879	0	-300	85	288
11	-85	-588	3812733268	-17	-93	-11	-100	-4	-29	0	-114	-908	0	-300	85	288
11	-85	-588	3812735272	-16	-93	-9	-91	-4	-28	0	-118	-936	0	-300	85	288
11	-85	-588	3812737268	-17	-109	-10	-105	-4	-32	0	-122	-968	0	-300	85	288
11	-85	-588	3812739268	-15	-99	-7	-95	-3	-29	0	-125	-749	0	-300	85	288
11	-85	-588	3812741272	-14	-100	-9	-109	-4	-31	0	-129	-780	0	-300	85	288
11	-85	-588	3812743272	-16	-114	-6	-98	-3	-32	0	-132	-812	0	-300	85	288
11	-85	-588	3812745272	-14	-103	-8	-113	-3	-32	0	-135	-844	0	-300	85	288
11	-85	-588	3812747276	-14	-104	-5	-100	-3	-31	0	-138	-875	0	-300	85	288
11	-85	-588	3812749272	-15	-119	-6	-115	-3	-35	0	-141	-910	0	-300	85	288
11	-85	-588	3812751276	-14	-105	-5	-117	-3	-33	0	-144	-943	0	-300	85	288
11	-85	-588	3812753280	-15	-120	-3	-102	-3	-34	0	-147	-977	0	-300	85	288
11	-85	-588	3812755288	-13	-105	-3	-119	-2	-33	0	-149	-1010	0	-300	85	288
11	-85	-588	3812757280	-13	-106	-3	-102	-2	-32	0	-151	-1042	0	-300	85	288
11	-85	-588	3812759284	-12	-104	-2	-118	-3	-33	0	-154	-1075	0	-300	85	288
11	-85	-588	3812761292	-15	-116	-2	-101	-2	-32	0	-156	-752	0	-300	85	288
11	-85	-588	3812763284	-13	-101	-1	-115	-2	-33	0	-158	-785	0	-300	85	288
11	-85	-588	3812765288	-14	-113	0	-99	-2	-32	0	-160	-817	0	-300	85	288
11	-85	-588	3812767292	-12	-99	0	-111	-2	-31	0	-162	-848	0	-300	85	288
11	-85	-588	3812769296	-13	-96	0	-96	-2	-29	0	-164	-877	0	-300	85	288
11	-85	-588	3812771292	-13	-106	1	-108	-2	-32	0	-166	-909	0	-300	85	288
11	-85	-588	3812773288	-12	-91	2	-91	-1	-27	0	-167	-747	0	-300	85	288
11	-85	-588	3812775300	-11	-89	3	-101	-2	-29	0	-169	-776	0	-300	85	288
11	-85	-588	3812777312	-11	-98	3	-99	-1	-29	0	-170	-805	0	-300	85	288
11	-85	-588	3812779308	-10	-82	4	-84	-1	-25	0	-171	-830	0	-300	85	288
11	-85	-588	3812781288	-9	-81	4	-92	0	-26	0	-171	-856	0	-300	85	288
11	-85	-588	3812783300	-9	-87	5	-78	-1	-25	0	-172	-881	0	-300	85	288
11	-85	-588	3812785284	-7	-75	4	-86	0	-24	0	-172	-905	0	-300	85	288
11	-85	-588	3812787292	-6	-70	5	-71	-1	-21	0	-173	-926	0	-300	85	288
11	-85	-588	3812789276	-8	-76	5	-79	0	-24	0	-173	-744	0	-300	85	288
11	-85	-588	3812791244	-5	-64	5	-65	0	-19	0	-173	-763	0	-300	85	288
11	-85	-588	3812793268	-4	-60	5	-70	0	-19	0	-173	-782	0	-300	85	288
11	-85	-588	3812795264	-3	-55	5	-58	0	-17	0	-173	-799	0	-300	85	288
11	-85	-588	3812797264	-3	-58	5	-62	0	-18	0	-173	-817	0	-300	85	288
11	-85	-588	3812799260	-2	-48	5	-49	0	-15	0	-173	-832	0	-300	85	288
11	-85	-588	3812801272	-2	-42	5	-52	1	-14	0	-172	-846	0	-300	85	288
11	-85	-588	3812803260	-1	-45	5	-43	0	-13	0	-172	-859	0	-300	85	288
11	-85	-588	3812805276	0	-34	5	-42	1	-12	0	-171	-871	0	-300	85	288
11	-85	-588	3812807264	0	-31	3	-34	0	-9	0	-171	-880	0	-300	85	288
11	-85	-588	3812809272	0	-30	5	-34	1	-10	0	-170	-890	0	-300	85	288
11	-85	-588	3812811276	0	-24	4	-26	1	-7	0	-169	-727	0	-300	85	288
11	-85	-588	3812813264	1	-19	4	-25	0	-7	0	-169	-734	0	-300	85	288
11	-85	-588	3812815272	1	-19	2	-21	1	-6	0	-168	-740	0	-300	85	288
11	-85	-588	3812817288	1	-13	3	-17	1	-5	1	-167	-745	0	-300	85	288
