1	0	-200	1248071144	-5	-2	-3	-1	-1	0	1	-1	-200	0	-200	0	0
1	0	-200	1248073128	-3	0	-1	-1	0	0	1	-1	-200	0	-200	0	0
1	0	-200	1248075148	-4	-1	-2	-2	-1	0	1	-2	-200	0	-200	0	0
1	0	-200	1248077108	-3	0	-2	0	0	0	1	-2	-200	0	-200	0	0
1	-56	392	1248079132	-2	0	-1	-1	0	0	1	-2	-200	-56	192	0	-200
1	-56	392	1248081112	-3	0	-1	0	-1	0	1	-3	-200	-56	192	0	-200
1	-56	392	1248083104	-2	0	0	0	0	0	1	-3	-200	-56	192	0	-200
1	-56	392	1248085104	-1	0	-1	0	0	0	1	-3	-200	-56	192	0	-200
1	-56	392	1248087116	-2	0	-2	0	-1	0	1	-4	-200	-56	192	0	-200
1	-56	392	1248089132	-1	0	0	-1	0	0	1	-4	-200	-56	192	0	-200
1	-56	392	1248091104	-1	0	0	0	0	0	1	-4	-200	-56	192	0	-200
1	-56	392	1248093104	-1	0	-1	0	0	0	1	-4	-200	-56	192	0	-200
1	-56	392	1248095100	-2	0	0	0	0	0	1	-4	-200	-56	192	0	-200
1	-56	392	1248099104	-1	0	-1	0	0	0	1	-4	-200	-56	192	0	-200
1	-56	392	1248109116	-1	0	0	0	-1	0	1	-5	-200	-56	192	0	-200
1	-56	392	1248137040	0	0	0	0	0	0	0	-5	-200	-56	192	0	-200
1	-56	392	1248195016	0	1	0	0	0	0	0	-5	-200	-56	192	0	-200
1	-56	392	1248197040	-1	0	0	0	0	0	0	-5	-200	-56	192	0	-200
1	-56	392	1248199044	-2	0	-1	0	0	0	0	-5	-200	-56	192	0	-200
1	-56	392	1248201084	-2	1	0	0	0	0	0	-5	-200	-56	192	0	-200
1	-56	392	1248203092	-3	0	-2	1	-1	0	0	-6	-200	-56	192	0	-200
1	-56	392	1248205072	-3	1	0	0	0	0	0	-6	-200	-56	192	0	-200
1	-56	392	1248207076	-4	3	-1	3	0	0	0	-6	-200	-56	192	0	-200
1	-56	392	1248209096	-4	1	-1	1	-1	0	0	-7	-200	-56	192	0	-200
1	-56	392	1248211088	-5	2	-1	1	-1	0	0	-8	-200	-56	192	0	-200
1	-56	392	1248213096	-5	2	-2	3	0	1	0	-8	-199	-56	192	0	-200
1	-56	392	1248215096	-5	2	-1	2	-1	0	0	-9	-199	-56	192	0	-200
1	-56	392	1248217100	-5	4	-2	3	-1	1	1	-10	-198	-56	192	0	-200
2	-56	392	1248219060	-6	2	-3	2	0	0	1	-56	192	-56	192	0	-200
2	-56	392	1248221092	-6	3	-1	4	-1	1	1	-57	193	-56	192	0	-200
2	-56	392	1248223088	-5	4	-3	3	-1	1	1	-58	194	-56	192	0	-200
2	-56	392	1248225064	-7	3	-2	3	-1	0	1	-59	194	-56	192	0	-200
2	-56	392	1248227072	-6	4	-3	4	-1	1	1	-60	195	-56	192	0	-200
2	-56	392	1248229060	-5	4	-2	3	0	1	1	-60	196	-56	192	0	-200
2	-56	392	1248231064	-5	2	-3	3	-1	0	1	-61	196	-56	192	0	-200
2	-56	392	1248233068	-5	4	-2	4	-1	1	1	-62	197	-56	192	0	-200
2	164	-360	1248235068	-4	4	-3	4	-1	1	1	-63	198	108	-168	-56	192
2	164	-360	1248237040	-3	2	-1	2	0	0	1	-63	198	108	-168	-56	192
2	164	-360	1248239056	-3	4	-2	4	-1	1	1	-64	199	108	-168	-56	192
2	164	-360	1248241052	-2	3	-3	4	0	1	1	-64	200	108	-168	-56	192
2	164	-360	1248243048	-3	2	-1	2	0	0	1	-64	200	108	-168	-56	192
2	164	-360	1248245076	-2	3	-3	3	-1	1	1	-65	201	108	-168	-56	192
2	164	-360	1248247048	-2	1	-1	2	0	0	1	-65	201	108	-168	-56	192
2	164	-360	1248249052	-1	2	-1	2	0	0	1	-65	201	108	-168	-56	192
2	164	-360	1248251076	-1	2	-1	2	-1	1	1	-66	202	108	-168	-56	192
2	164	-360	1248253052	-1	1	-2	1	0	0	1	-66	202	108	-168	-56	192
2	164	-360	1248255052	0	1	-1	2	0	0	1	-66	202	108	-168	-56	192
2	164	-360	1248257052	-2	1	-1	1	0	0	1	-66	202	108	-168	-56	192
2	164	-360	1248259032	0	2	0	1	0	1	1	-66	203	108	-168	-56	192
2	164	-360	1248261044	0	0	-1	1	0	0	1	-66	203	108	-168	-56	192
2	164	-360	1248263052	-1	1	0	0	-1	0	1	-67	203	108	-168	-56	192
2	164	-360	1248264988	0	0	0	2	0	0	1	-67	203	108	-168	-56	192
2	164	-360	1248267016	0	0	-2	0	0	0	1	-67	203	108	-168	-56	192
2	164	-360	1248269016	0	1	0	1	0	0	1	-67	203	108	-168	-56	192
2	164	-360	1248297020	0	0	0	0	0	0	0	-67	203	108	-168	-56	192
2	164	-360	1248321064	0	0	0	1	0	0	0	-67	203	108	-168	-56	192
2	164	-360	1248343088	0	1	0	0	0	1	0	-67	204	108	-168	-56	192
2	164	-360	1248347044	-1	0	0	0	0	0	1	-67	204	108	-168	-56	192
3	164	-360	1248355096	-1	2	0	0	0	0	1	108	-168	108	-168	-56	192
3	164	-360	1248357064	0	0	0	1	0	0	1	108	-168	108	-168	-56	192
3	-259	299	1248363064	-2	0	0	0	0	0	1	108	-168	-151	131	108	-168
3	-259	299	1248365068	0	1	0	0	0	0	1	108	-168	-151	131	108	-168
3	-259	299	1248367064	0	0	0	2	0	0	1	108	-168	-151	131	108	-168
3	-259	299	1248371064	-1	0	0	0	0	0	1	108	-168	-151	131	108	-168
3	-259	299	1248373068	0	1	0	0	0	0	1	108	-168	-151	131	108	-168
3	-259	299	1248375068	0	0	0	1	0	0	1	108	-168	-151	131	108	-168
3	-259	299	1248377064	0	0	-1	0	0	0	1	108	-168	-151	131	108	-168
3	-259	299	1248379068	-1	0	0	0	0	0	1	108	-168	-151	131	108	-168
3	-259	299	1248387092	0	1	0	1	0	1	1	108	-167	-151	131	108	-168
3	-259	299	1248434988	0	0	0	0	0	0	0	108	-167	-151	131	108	-168
3	-259	299	1248483032	-1	2	0	0	-1	0	0	107	-167	-151	131	108	-168
3	-259	299	1248484948	0	0	0	0	0	0	1	107	-167	-151	131	108	-168
4	-259	299	1248486972	0	0	0	1	0	0	1	-151	131	-151	131	108	-168
4	-259	299	1248488976	0	1	0	0	0	0	1	-151	131	-151	131	108	-168
4	-259	299	1248491028	0	0	-1	2	0	0	1	-151	131	-151	131	108	-168
4	-259	299	1248493024	-2	1	0	1	0	0	1	-151	131	-151	131	108	-168
4	-259	299	1248495040	0	3	-1	1	0	1	1	-151	132	-151	131	108	-168
4	-259	299	1248497036	-1	1	-2	3	0	0	1	-151	132	-151	131	108	-168
4	-259	299	1248499060	-1	4	-1	2	0	1	1	-151	133	-151	131	108	-168
4	-259	299	1248501064	-1	2	-2	4	-1	0	1	-152	133	-151	131	108	-168
4	333	-214	1248503060	-2	4	-2	2	0	1	1	-152	134	182	-83	-151	131
4	333	-214	1248505060	-1	4	-2	4	0	1	1	-152	135	182	-83	-151	131
4	333	-214	1248507072	-2	5	-3	4	-1	1	1	-153	136	182	-83	-151	131
4	333	-214	1248509056	-2	5	-3	5	0	1	1	-153	137	182	-83	-151	131
4	333	-214	1248511072	-1	5	-3	5	-1	1	1	-154	138	182	-83	-151	131
4	333	-214	1248513060	-2	5	-2	5	0	1	1	-154	139	182	-83	-151	131
4	333	-214	1248515064	-2	6	-4	6	-1	1	1	-155	140	182	-83	-151	131
4	333	-214	1248517048	-2	6	-4	6	0	1	1	-155	141	182	-83	-151	131
4	333	-214	1248519060	-1	6	-4	5	-1	1	1	-156	142	182	-83	-151	131
4	333	-214	1248521044	-2	8	-3	7	0	2	1	-156	144	182	-83	-151	131
4	333	-214	1248523056	-2	6	-4	6	-1	1	1	-157	145	182	-83	-151	131
4	333	-214	1248525048	-1	5	-4	6	-1	1	1	-158	146	182	-83	-151	131
4	333	-214	1248527040	-2	6	-4	6	0	1	1	-158	147	182	-83	-151	131
4	333	-214	1248529044	0	5	-2	5	0	1	1	-158	148	182	-83	-151	131
4	333	-214	1248531052	-1	5	-4	5	-1	1	1	-159	149	182	-83	-151	131
4	333	-214	1248533032	-1	4	-2	5	0	1	1	-159	150	182	-83	-151	131
4	333	-214	1248535036	0	5	-3	4	0	1	1	-159	151	182	-83	-151	131
4	333	-214	1248537044	0	3	-2	4	-1	1	1	-160	152	182	-83	-151	131
4	333	-214	1248539020	-1	3	-3	4	0	0	1	-160	152	182	-83	-151	131
4	333	-214	1248541048	0	3	-1	3	0	1	1	-160	153	182	-83	-151	131
4	333	-214	1248543032	0	2	-1	3	0	0	1	-160	153	182	-83	-151	131
4	333	-214	1248545048	0	3	-3	2	-1	1	1	-161	154	182	-83	-151	131
4	333	-214	1248546976	0	1	0	2	0	0	1	-161	154	182	-83	-151	131
4	333	-214	1248549036	0	1	-1	2	0	1	1	-161	155	182	-83	-151	131
4	333	-214	1248551032	0	2	-1	1	0	0	1	-161	155	182	-83	-151	131
4	333	-214	1248553000	0	0	0	2	0	0	1	-161	155	182	-83	-151	131
4	333	-214	1248555000	0	1	0	0	0	0	1	-161	155	182	-83	-151	131
4	333	-214	1248557024	0	0	-2	1	0	0	1	-161	155	182	-83	-151	131
4	333	-214	1248558992	0	1	0	0	0	0	1	-161	155	182	-83	-151	131
4	333	-214	1248560992	0	0	0	1	0	0	1	-161	155	182	-83	-151	131
4	333	-214	1248580976	0	0	0	0	0	0	0	-161	155	182	-83	-151	131
4	333	-214	1248633008	0	0	0	0	0	0	1	-161	155	182	-83	-151	131
5	-380	111	1248663060	0	0	0	1	0	1	1	182	-82	-198	28	182	-83
5	-380	111	1248691004	0	0	-1	0	0	0	1	182	-82	-198	28	182	-83
5	-380	111	1248718940	0	0	0	0	0	0	0	182	-82	-198	28	182	-83
5	-380	111	1248786832	0	0	0	0	0	0	1	182	-82	-198	28	182	-83
6	396	0	1248798864	-2	0	0	0	0	0	1	-198	28	198	28	-198	28
6	396	0	1248818896	-1	0	0	-1	0	0	1	-198	28	198	28	-198	28
6	396	0	1248830880	0	-2	0	0	0	0	1	-198	28	198	28	-198	28
6	396	0	1248834884	-1	0	0	0	0	0	1	-198	28	198	28	-198	28
6	396	0	1248840900	-1	0	0	0	-1	0	1	-199	28	198	28	-198	28
6	396	0	1248842888	0	0	-1	0	0	0	1	-199	28	198	28	-198	28
6	396	0	1248844916	-2	0	0	-1	0	0	0	-199	28	198	28	-198	28
6	396	0	1248846912	-2	-1	0	0	0	0	0	-199	28	198	28	-198	28
6	396	0	1248848916	-1	-1	0	-2	0	0	0	-199	28	198	28	-198	28
6	396	0	1248850888	-3	0	-1	0	-1	0	0	-200	28	198	28	-198	28
6	396	0	1248852916	-4	-1	-2	-1	0	-1	0	-200	27	198	28	-198	28
6	396	0	1248854900	-2	-2	0	-1	0	0	0	-200	27	198	28	-198	28
6	396	0	1248856912	-4	-1	-1	0	-1	0	0	-201	27	198	28	-198	28
6	396	0	1248858892	-4	-1	-1	-1	0	0	0	-201	27	198	28	-198	28
6	396	0	1248860908	-5	-1	0	-2	-1	0	0	-202	27	198	28	-198	28
6	396	0	1248862900	-3	0	-1	-1	0	-1	0	-202	26	198	28	-198	28
6	396	0	1248864900	-5	-2	-2	-1	-1	0	0	-203	26	198	28	-198	28
6	396	0	1248866888	-4	-2	-1	-1	0	0	0	-203	26	198	28	-198	28
6	396	0	1248868900	-5	-1	-1	-2	-1	0	0	-204	26	198	28	-198	28
6	396	0	1248870908	-4	-2	-1	0	-1	-1	0	-205	25	198	28	-198	28
6	396	0	1248872880	-5	-1	0	-1	0	0	0	-205	25	198	28	-198	28
6	396	0	1248874896	-4	-1	-2	-1	-1	0	0	-206	25	198	28	-198	28
6	396	0	1248876880	-3	-1	-1	-1	0	0	0	-206	25	198	28	-198	28
6	396	0	1248878900	-4	-2	-1	-2	-1	-1	0	-207	24	198	28	-198	28
6	396	0	1248880880	-3	-1	-1	-1	0	0	0	-207	24	198	28	-198	28
6	396	0	1248882856	-2	0	0	0	0	0	0	-207	24	198	28	-198	28
6	396	0	1248884896	-3	-1	-2	-1	-1	0	0	-208	24	198	28	-198	28
6	396	0	1248886852	-1	0	0	0	0	0	0	-208	24	198	28	-198	28
6	396	0	1248888880	-1	0	-1	-1	0	0	0	-208	24	198	28	-198	28
6	396	0	1248890872	-1	-1	0	0	0	0	0	-208	24	198	28	-198	28
6	396	0	1248892848	-2	0	0	0	0	0	0	-208	24	198	28	-198	28
6	396	0	1248894848	-1	0	-1	0	0	0	0	-208	24	198	28	-198	28
6	396	0	1248896856	0	-2	0	-2	0	-1	0	-208	23	198	28	-198	28
6	396	0	1248898848	-1	0	0	0	-1	0	0	-209	23	198	28	-198	28
6	396	0	1248940764	0	0	0	0	0	0	1	-209	23	198	28	-198	28
7	-380	-111	1248972772	0	0	0	-1	0	0	1	198	28	-182	-83	198	28
7	-380	-111	1248974772	0	-1	0	0	0	0	1	198	28	-182	-83	198	28
7	-380	-111	1248986740	0	0	0	0	0	0	0	198	28	-182	-83	198	28
7	-380	-111	1249032740	0	0	0	-1	0	0	0	198	28	-182	-83	198	28
7	-380	-111	1249086696	0	0	0	0	0	0	1	198	28	-182	-83	198	28
8	333	214	1249122664	0	0	0	0	0	0	0	-182	-83	151	131	-182	-83
8	333	214	1249132728	-1	0	0	0	0	0	0	-182	-83	151	131	-182	-83
8	333	214	1249170752	-2	0	0	0	0	0	0	-182	-83	151	131	-182	-83
8	333	214	1249180764	0	0	-1	0	0	0	0	-182	-83	151	131	-182	-83
8	333	214	1249186752	-1	0	0	0	0	0	0	-182	-83	151	131	-182	-83
8	333	214	1249194728	0	0	0	0	0	0	1	-182	-83	151	131	-182	-83
9	333	214	1249198760	-1	0	0	0	0	0	1	151	131	151	131	-182	-83
9	333	214	1249206772	0	1	0	0	0	0	1	151	131	151	131	-182	-83
9	-259	-299	1249210772	0	0	-2	0	0	0	1	151	131	-108	-168	151	131
9	-259	-299	1249220784	-1	0	0	0	0	0	1	151	131	-108	-168	151	131
9	-259	-299	1249268804	0	0	0	0	0	0	0	151	131	-108	-168	151	131
9	-259	-299	1249284852	-2	0	0	0	-1	0	0	150	131	-108	-168	151	131
9	-259	-299	1249288840	-1	0	0	0	0	0	0	150	131	-108	-168	151	131
9	-259	-299	1249290836	-1	0	-1	0	0	0	0	150	131	-108	-168	151	131
9	-259	-299	1249292868	-1	-1	0	0	0	0	0	150	131	-108	-168	151	131
9	-259	-299	1249294840	-3	0	-1	0	0	0	0	150	131	-108	-168	151	131
9	-259	-299	1249296848	-2	0	0	0	-1	0	0	149	131	-108	-168	151	131
9	-259	-299	1249298856	-3	-1	-1	-1	0	0	0	149	131	-108	-168	151	131
9	-259	-299	1249300868	-2	-1	0	0	0	0	0	149	131	-108	-168	151	131
9	-259	-299	1249302880	-4	0	-2	-2	-1	0	0	148	131	-108	-168	151	131
9	-259	-299	1249304884	-3	-2	-1	0	0	-1	0	148	130	-108	-168	151	131
9	-259	-299	1249306884	-3	-1	0	-1	-1	0	0	147	130	-108	-168	151	131
9	-259	-299	1249308844	-3	0	-1	0	0	0	0	147	130	-108	-168	151	131
9	-259	-299	1249310864	-4	-1	-1	-1	0	0	0	147	130	-108	-168	151	131
9	-259	-299	1249312848	-2	0	0	0	-1	0	0	146	130	-108	-168	151	131
9	-259	-299	1249314860	-4	-1	-2	0	0	0	0	146	130	-108	-168	151	131
9	-259	-299	1249316860	-2	0	-1	-1	-1	0	0	145	130	-108	-168	151	131
9	-259	-299	1249318852	-3	-2	0	0	0	0	0	145	130	-108	-168	151	131
9	-259	-299	1249320824	-2	0	-1	0	0	0	0	145	130	-108	-168	151	131
9	-259	-299	1249322860	-3	0	0	-2	0	-1	0	145	129	-108	-168	151	131
9	-259	-299	1249324832	-1	0	-1	0	-1	0	0	144	129	-108	-168	151	131
9	-259	-299	1249326820	-1	0	0	0	0	0	0	144	129	-108	-168	151	131
9	-259	-299	1249328820	-2	0	0	0	0	0	0	144	129	-108	-168	151	131
9	-259	-299	1249330820	0	0	-2	0	0	0	0	144	129	-108	-168	151	131
9	-259	-299	1249334828	-1	0	0	0	0	0	1	144	129	-108	-168	151	131
10	164	360	1249414876	0	0	0	0	0	0	0	-108	-168	56	192	-108	-168
10	164	360	1249465036	-1	0	0	0	0	0	0	-108	-168	56	192	-108	-168
10	164	360	1249479008	0	0	0	0	0	0	1	-108	-168	56	192	-108	-168
11	-56	-392	1249493012	-1	0	0	0	0	0	1	56	192	0	-200	56	192
11	-56	-392	1249504972	0	1	0	0	0	0	1	56	192	0	-200	56	192
11	-56	-392	1249513012	-2	0	0	0	-1	0	1	55	192	0	-200	56	192
11	-56	-392	1249555016	0	0	0	0	0	0	0	55	192	0	-200	56	192
11	-56	-392	1249567060	-1	0	0	0	0	0	0	55	192	0	-200	56	192
11	-56	-392	1249577072	-1	0	0	0	0	0	0	55	192	0	-200	56	192
11	-56	-392	1249579076	-1	0	0	0	0	0	0	55	192	0	-200	56	192
11	-56	-392	1249581080	-2	0	0	0	0	0	0	55	192	0	-200	56	192
11	-56	-392	1249583080	-1	0	0	0	0	0	0	55	192	0	-200	56	192
11	-56	-392	1249585084	-2	0	0	0	0	0	0	55	192	0	-200	56	192
11	-56	-392	1249587100	-3	0	0	0	-1	0	0	54	192	0	-200	56	192
11	-56	-392	1249589088	-4	0	0	0	0	0	0	54	192	0	-200	56	192
11	-56	-392	1249591004	-2	1	0	0	0	0	0	54	192	0	-200	56	192
11	-56	-392	1249592988	-4	0	0	0	-1	0	0	53	192	0	-200	56	192
11	-56	-392	1249594972	-4	0	0	0	0	0	0	53	192	0	-200	56	192
11	-56	-392	1249597000	-3	1	0	0	0	0	0	53	192	0	-200	56	192
11	-56	-392	1249598980	-4	0	-1	0	-1	0	0	52	192	0	-200	56	192
11	-56	-392	1249601000	-5	0	0	1	0	0	0	52	192	0	-200	56	192
11	-56	-392	1249603016	-4	2	0	0	-1	0	0	51	192	0	-200	56	192
11	-56	-392	1249605004	-5	0	-1	1	0	0	0	51	192	0	-200	56	192
11	-56	-392	1249607020	-4	1	0	0	-1	0	0	50	192	0	-200	56	192
11	-56	-392	1249609012	-5	0	-1	1	0	0	0	50	192	0	-200	56	192
11	-56	-392	1249611024	-3	1	0	0	-1	0	0	49	192	0	-200	56	192
11	-56	-392	1249613024	-4	0	-2	1	0	1	0	49	193	0	-200	56	192
11	-56	-392	1249614972	-4	0	0	0	-1	0	0	48	193	0	-200	56	192
11	-56	-392	1249617004	-2	1	0	2	0	0	0	48	193	0	-200	56	192
11	-56	-392	1249618984	-3	0	0	0	0	0	0	48	193	0	-200	56	192
11	-56	-392	1249621020	-2	2	-1	1	-1	0	0	47	193	0	-200	56	192
11	-56	-392	1249622984	-3	0	0	0	0	0	0	47	193	0	-200	56	192
11	-56	-392	1249624984	-1	0	0	0	0	0	0	47	193	0	-200	56	192
11	-56	-392	1249627012	-3	0	0	1	0	0	0	47	193	0	-200	56	192
11	-56	-392	1249629012	-1	1	0	0	0	0	0	47	193	0	-200	56	192
11	-56	-392	1249630980	-1	0	0	0	0	0	0	47	193	0	-200	56	192
11	-56	-392	1249632992	-1	0	0	0	-1	0	0	46	193	0	-200	56	192
11	-56	-392	1249634976	-2	0	0	0	0	0	0	46	193	0	-200	56	192
11	-56	-392	1249637004	-1	1	0	0	0	0	0	46	193	0	-200	56	192
11	-56	-392	1249640976	-1	0	0	0	0	0	0	46	193	0	-200	56	192
11	-56	-392	1249642952	0	0	0	0	0	0	1	46	193	0	-200	56	192
