1	0	-200	1163830292	0	0	1	0	0	0	1	0	-200	0	-200	0	0
1	0	-200	1163838296	0	0	0	-2	0	0	1	0	-200	0	-200	0	0
1	0	-200	1163840296	1	0	0	0	0	0	1	0	-200	0	-200	0	0
1	0	-200	1163844292	0	0	1	0	0	0	1	0	-200	0	-200	0	0
1	-56	392	1163866320	0	-1	0	0	0	0	1	0	-200	-56	192	0	-200
1	-56	392	1163902340	0	0	0	0	0	0	0	0	-200	-56	192	0	-200
1	-56	392	1163906380	1	0	0	0	0	0	0	0	-200	-56	192	0	-200
1	-56	392	1163914388	0	0	0	1	0	0	0	0	-200	-56	192	0	-200
1	-56	392	1163916380	0	1	0	1	0	0	0	0	-200	-56	192	0	-200
1	-56	392	1163918412	2	3	0	1	0	0	0	0	-200	-56	192	0	-200
1	-56	392	1163920376	0	4	0	3	0	0	0	0	-200	-56	192	0	-200
1	-56	392	1163922404	1	3	0	5	0	0	0	0	-200	-56	192	0	-200
1	-56	392	1163924420	1	8	0	6	0	1	0	0	-199	-56	192	0	-200
1	-56	392	1163926412	3	7	0	8	0	1	0	0	-198	-56	192	0	-200
1	-56	392	1163928420	2	12	0	10	0	1	0	0	-197	-56	192	0	-200
1	-56	392	1163930416	4	15	-1	11	0	2	0	0	-195	-56	192	0	-200
1	-56	392	1163932416	5	15	-2	15	0	2	0	0	-193	-56	192	0	-200
1	-56	392	1163934424	6	20	-1	20	1	2	0	1	-191	-56	192	0	-200
1	-56	392	1163936412	9	23	-2	22	0	3	0	1	-188	-56	192	0	-200
1	-56	392	1163938408	11	29	-4	25	0	3	0	1	-185	-56	192	0	-200
1	-56	392	1163940420	13	33	-4	28	1	4	0	2	-181	-56	192	0	-200
1	-56	392	1163942424	15	38	-4	34	1	4	0	3	-177	-56	192	0	-200
1	-56	392	1163944412	18	43	-7	42	0	5	0	3	-172	-56	192	0	-200
1	-56	392	1163946424	20	49	-6	43	1	6	0	4	-166	-56	192	0	-200
1	-56	392	1163948428	25	53	-9	48	1	6	0	5	-160	-56	192	0	-200
1	-56	392	1163950428	27	60	-9	53	1	7	0	6	-153	-56	192	0	-200
1	-56	392	1163952432	31	65	-12	67	1	8	0	7	-145	-56	192	0	-200
1	-56	392	1163954432	34	73	-13	64	2	8	0	9	-137	-56	192	0	-200
1	-56	392	1163956432	37	76	-14	69	1	9	0	10	-128	-56	192	0	-200
1	-56	392	1163958432	41	83	-15	75	2	9	0	12	-119	-56	192	0	-200
1	-56	392	1163960432	45	88	-17	79	1	11	0	13	-108	-56	192	0	-200
1	-56	392	1163962432	48	94	-21	97	2	11	0	15	-97	-56	192	0	-200
1	-56	392	1163964436	51	100	-20	91	2	12	0	17	-85	-56	192	0	-200
1	-56	392	1163966428	48	91	-22	98	1	11	0	18	-74	-56	192	0	-200
1	-56	392	1163968428	56	112	-23	101	2	13	0	20	-61	-56	192	0	-200
1	-56	392	1163970432	60	116	-28	124	2	15	0	22	-46	-56	192	0	-200
1	-56	392	1163972432	61	121	-25	112	2	14	0	24	-32	-56	192	0	-200
1	-56	392	1163974432	63	126	-25	118	3	14	0	27	-18	-56	192	0	-200
1	-56	392	1163976436	65	132	-26	121	2	16	0	29	-2	-56	192	0	-200
1	-56	392	1163978436	63	133	-28	125	2	15	0	31	13	-56	192	0	-200
1	-56	392	1163980436	65	138	-30	145	2	17	0	33	30	-56	192	0	-200
1	-56	392	1163982436	64	139	-26	130	3	17	0	36	47	-56	192	0	-200
1	-56	392	1163984436	63	140	-26	131	2	16	0	38	63	-56	192	0	-200
1	-56	392	1163986440	62	142	-26	134	2	17	0	40	80	-56	192	0	-200
1	-56	392	1163988444	60	143	-30	153	2	18	0	42	98	-56	192	0	-200
1	-56	392	1163990440	56	141	-27	133	2	16	0	44	114	-56	192	0	-200
1	-56	392	1163992444	55	141	-25	134	1	17	0	45	131	-56	192	0	-200
1	-56	392	1163994448	50	140	-23	133	2	16	0	47	147	-56	192	0	-200
1	-56	392	1163996456	48	138	-24	132	2	17	0	49	164	-56	192	0	-200
1	-56	392	1163998440	39	120	-26	149	0	16	0	49	180	-56	192	0	-200
1	-56	392	1164000444	41	132	-22	127	1	16	0	50	196	-56	192	0	-200
1	-56	392	1164002448	37	131	-21	127	1	15	0	51	211	-56	192	0	-200
1	-56	392	1164004448	34	129	-19	123	1	15	0	52	226	-56	192	0	-200
1	-56	392	1164006452	30	125	-22	139	1	16	0	53	242	-56	192	0	-200
1	-56	392	1164008436	29	124	-18	119	0	15	0	53	257	-56	192	0	-200
1	-56	392	1164010448	26	121	-17	117	1	15	0	54	272	-56	192	0	-200
1	-56	392	1164012448	25	119	-16	115	1	14	0	55	286	-56	192	0	-200
1	-56	392	1164014436	23	117	-18	114	0	14	0	55	300	-56	192	0	-200
1	-56	392	1164016440	22	117	-19	128	0	14	0	55	314	-56	192	0	-200
1	-56	392	1164018440	21	115	-16	111	0	14	0	55	328	-56	192	0	-200
1	-56	392	1164020452	23	115	-16	110	1	14	0	56	342	-56	192	0	-200
1	-56	392	1164022444	21	115	-15	109	0	13	0	56	355	-56	192	0	-200
1	-56	392	1164024448	23	113	-19	123	0	15	0	56	370	-56	192	0	-200
1	-56	392	1164026464	21	114	-15	108	1	13	0	57	383	-56	192	0	-200
1	-56	392	1164028452	24	113	-16	106	0	13	0	57	396	-56	192	0	-200
1	-56	392	1164030468	22	112	-16	106	1	13	0	58	409	-56	192	0	-200
1	-56	392	1164032444	24	110	-15	105	0	13	0	58	422	-56	192	0	-200
1	-56	392	1164034456	24	109	-19	119	0	14	0	58	436	-56	192	0	-200
1	-56	392	1164036480	20	94	-15	101	1	12	0	59	448	-56	192	0	-200
1	-56	392	1164038464	23	103	-16	100	0	12	0	59	460	-56	192	0	-200
1	-56	392	1164040476	24	103	-17	97	1	12	0	60	472	-56	192	0	-200
1	-56	392	1164042460	23	97	-17	107	0	13	0	60	485	-56	192	0	-200
1	-56	392	1164044456	21	94	-15	91	0	11	0	60	496	-56	192	0	-200
1	-56	392	1164046472	20	91	-15	88	1	11	0	61	507	-56	192	0	-200
1	-56	392	1164048460	17	87	-15	84	0	10	0	61	517	-56	192	0	-200
1	-56	392	1164050460	18	81	-14	80	0	10	0	61	527	-56	192	0	-200
1	-56	392	1164052432	15	76	-15	87	0	10	0	61	537	-56	192	0	-200
1	-56	392	1164054456	12	73	-11	71	0	8	0	61	545	-56	192	0	-200
1	-56	392	1164056456	12	66	-11	68	0	9	0	61	554	-56	192	0	-200
1	-56	392	1164058452	8	62	-12	64	0	7	0	61	561	-56	192	0	-200
1	-56	392	1164060460	9	57	-8	58	0	7	0	61	568	-56	192	0	-200
1	-56	392	1164062460	5	52	-10	62	0	7	0	61	575	-56	192	0	-200
1	-56	392	1164064452	5	48	-8	50	0	6	0	61	581	-56	192	0	-200
1	-56	392	1164066448	3	37	-6	45	0	5	0	61	586	-56	192	0	-200
1	-56	392	1164068444	1	40	-6	41	0	5	0	61	591	-56	192	0	-200
1	-56	392	1164070448	1	35	-5	42	0	4	0	61	595	-56	192	0	-200
1	-56	392	1164072456	0	31	-5	34	-1	4	0	60	599	-56	192	0	-200
1	-56	392	1164074440	0	29	-3	30	0	4	0	60	603	-56	192	0	-200
1	-56	392	1164076440	-2	25	-4	26	0	3	0	60	606	-56	192	0	-200
1	-56	392	1164078448	-2	21	-2	25	0	3	0	60	609	-56	192	0	-200
1	-56	392	1164080468	-3	19	-1	24	-1	2	0	59	611	-56	192	0	-200
1	-56	392	1164082456	-2	18	-2	18	0	3	0	59	614	-56	192	0	-200
1	-56	392	1164084452	-4	13	-2	16	0	1	0	59	615	-56	192	0	-200
1	-56	392	1164086468	-4	13	-1	14	-1	2	0	58	617	-56	192	0	-200
1	-56	392	1164088456	-3	10	-2	13	0	1	0	58	618	-56	192	0	-200
1	-56	392	1164090460	-3	9	0	10	0	2	0	58	620	-56	192	0	-200
1	-56	392	1164092444	-4	6	-1	8	0	0	0	58	620	-56	192	0	-200
1	-56	392	1164094460	-3	5	-1	7	-1	1	0	57	621	-56	192	0	-200
1	-56	392	1164096448	-3	5	0	5	0	1	0	57	622	-56	192	0	-200
1	-56	392	1164098436	-2	2	-1	5	0	0	0	57	622	-56	192	0	-200
1	-56	392	1164100448	-3	3	0	4	0	1	0	57	623	-56	192	0	-200
1	-56	392	1164102424	-2	2	-2	3	0	0	1	57	623	-56	192	0	-200
2	164	-360	1164108580	-2	1	-1	2	0	0	1	-56	192	108	-168	-56	192
2	164	-360	1164110552	-1	0	0	0	0	0	1	-56	192	108	-168	-56	192
2	164	-360	1164112580	-2	1	0	1	0	0	1	-56	192	108	-168	-56	192
2	164	-360	1164114552	-2	0	0	0	0	0	1	-56	192	108	-168	-56	192
2	164	-360	1164118572	-1	0	0	1	0	0	1	-56	192	108	-168	-56	192
2	164	-360	1164120544	-1	0	0	0	0	0	1	-56	192	108	-168	-56	192
2	164	-360	1164126548	-1	0	0	0	0	0	1	-56	192	108	-168	-56	192
2	164	-360	1164136560	-2	0	0	0	0	0	1	-56	192	108	-168	-56	192
2	164	-360	1164154612	0	-1	1	0	0	0	1	-56	192	108	-168	-56	192
2	164	-360	1164160584	0	-2	0	-2	0	0	1	-56	192	108	-168	-56	192
2	164	-360	1164164592	0	-1	0	0	0	0	1	-56	192	108	-168	-56	192
2	164	-360	1164166616	1	0	0	-1	0	0	1	-56	192	108	-168	-56	192
2	164	-360	1164168592	0	-1	0	0	0	0	1	-56	192	108	-168	-56	192
2	164	-360	1164170628	0	0	1	-1	0	0	1	-56	192	108	-168	-56	192
2	164	-360	1164172596	0	-3	0	-1	0	0	1	-56	192	108	-168	-56	192
2	164	-360	1164174600	0	-1	0	-2	0	0	1	-56	192	108	-168	-56	192
2	164	-360	1164176632	0	-2	1	-2	0	0	1	-56	192	108	-168	-56	192
2	164	-360	1164178600	0	-4	0	-4	0	0	0	-56	192	108	-168	-56	192
2	164	-360	1164180628	0	-5	1	-4	0	0	0	-56	192	108	-168	-56	192
2	164	-360	1164182644	0	-6	3	-5	0	-1	0	-56	191	108	-168	-56	192
2	164	-360	1164184632	-1	-8	2	-8	0	-1	0	-56	190	108	-168	-56	192
2	164	-360	1164186636	-2	-9	3	-8	0	-1	0	-56	189	108	-168	-56	192
2	164	-360	1164188632	-1	-10	4	-10	0	-1	0	-56	188	108	-168	-56	192
2	164	-360	1164190632	-4	-13	3	-12	0	-1	0	-56	187	108	-168	-56	192
2	164	-360	1164192632	-4	-15	5	-13	0	-1	0	-56	186	108	-168	-56	192
2	164	-360	1164194628	-5	-18	8	-17	0	-2	0	-56	184	108	-168	-56	192
2	164	-360	1164196624	-5	-20	7	-19	0	-2	0	-56	182	108	-168	-56	192
2	164	-360	1164198616	-6	-22	8	-20	0	-2	0	-56	180	108	-168	-56	192
2	164	-360	1164200612	-6	-25	10	-23	0	-2	0	-56	178	108	-168	-56	192
2	164	-360	1164202612	-8	-29	12	-28	0	-3	0	-56	175	108	-168	-56	192
2	164	-360	1164204612	-7	-31	12	-29	0	-3	0	-56	172	108	-168	-56	192
2	164	-360	1164206616	-10	-34	13	-31	0	-3	0	-56	169	108	-168	-56	192
2	164	-360	1164208624	-9	-39	15	-35	1	-4	0	-55	165	108	-168	-56	192
2	164	-360	1164210616	-11	-41	17	-38	0	-4	0	-55	161	108	-168	-56	192
2	164	-360	1164212632	-12	-44	21	-46	1	-4	0	-54	157	108	-168	-56	192
2	164	-360	1164214612	-12	-49	20	-44	0	-5	0	-54	152	108	-168	-56	192
2	164	-360	1164216620	-10	-45	21	-47	0	-4	0	-54	148	108	-168	-56	192
2	164	-360	1164218636	-14	-55	23	-52	1	-6	0	-53	142	108	-168	-56	192
2	164	-360	1164220616	-14	-58	25	-53	0	-5	0	-53	137	108	-168	-56	192
2	164	-360	1164222636	-15	-64	28	-68	1	-7	0	-52	130	108	-168	-56	192
2	164	-360	1164224632	-15	-68	28	-62	1	-6	0	-51	124	108	-168	-56	192
2	164	-360	1164226612	-16	-72	29	-67	0	-7	0	-51	117	108	-168	-56	192
2	164	-360	1164228628	-17	-76	31	-70	1	-7	0	-50	110	108	-168	-56	192
2	164	-360	1164230628	-18	-82	36	-83	1	-8	0	-49	102	108	-168	-56	192
2	164	-360	1164232632	-19	-86	35	-79	1	-8	0	-48	94	108	-168	-56	192
2	164	-360	1164234616	-20	-90	35	-84	0	-9	0	-48	85	108	-168	-56	192
2	164	-360	1164236632	-20	-94	36	-86	1	-9	0	-47	76	108	-168	-56	192
2	164	-360	1164238628	-22	-98	38	-90	1	-9	0	-46	67	108	-168	-56	192
2	164	-360	1164240636	-23	-103	46	-108	1	-11	0	-45	56	108	-168	-56	192
2	164	-360	1164242636	-23	-106	41	-97	1	-10	0	-44	46	108	-168	-56	192
2	164	-360	1164244620	-24	-109	43	-100	1	-10	0	-43	36	108	-168	-56	192
2	164	-360	1164246628	-25	-111	44	-104	1	-10	0	-42	26	108	-168	-56	192
2	164	-360	1164248624	-24	-100	52	-120	1	-11	0	-41	15	108	-168	-56	192
2	164	-360	1164250620	-26	-116	48	-109	1	-11	0	-40	4	108	-168	-56	192
2	164	-360	1164252628	-28	-118	47	-108	1	-12	0	-39	-8	108	-168	-56	192
2	164	-360	1164254624	-26	-119	50	-112	2	-11	0	-37	-19	108	-168	-56	192
2	164	-360	1164256636	-27	-120	51	-111	1	-11	0	-36	-30	108	-168	-56	192
2	164	-360	1164258636	-28	-120	60	-129	1	-13	0	-35	-43	108	-168	-56	192
2	164	-360	1164260632	-27	-120	53	-113	2	-11	0	-33	-54	108	-168	-56	192
2	164	-360	1164262632	-28	-121	55	-114	1	-12	0	-32	-66	108	-168	-56	192
2	164	-360	1164264632	-26	-120	55	-115	1	-11	0	-31	-77	108	-168	-56	192
2	164	-360	1164266628	-26	-120	55	-114	2	-12	0	-29	-89	108	-168	-56	192
2	164	-360	1164268628	-25	-120	65	-130	2	-12	0	-27	-101	108	-168	-56	192
2	164	-360	1164270624	-25	-117	59	-112	1	-11	0	-26	-112	108	-168	-56	192
2	164	-360	1164272616	-23	-118	58	-113	2	-12	0	-24	-124	108	-168	-56	192
2	164	-360	1164274612	-22	-117	59	-111	2	-11	0	-22	-135	108	-168	-56	192
2	164	-360	1164276612	-22	-115	68	-125	2	-12	0	-20	-147	108	-168	-56	192
2	164	-360	1164278608	-18	-115	60	-110	2	-11	0	-18	-158	108	-168	-56	192
2	164	-360	1164280604	-17	-100	60	-108	2	-10	0	-16	-168	108	-168	-56	192
2	164	-360	1164282600	-16	-113	60	-107	3	-11	0	-13	-179	108	-168	-56	192
2	164	-360	1164284600	-15	-112	61	-106	2	-11	0	-11	-190	108	-168	-56	192
2	164	-360	1164286600	-12	-112	69	-122	3	-12	0	-8	-202	108	-168	-56	192
2	164	-360	1164288600	-13	-110	60	-105	2	-10	0	-6	-212	108	-168	-56	192
2	164	-360	1164290596	-10	-110	58	-102	2	-11	0	-4	-223	108	-168	-56	192
2	164	-360	1164292588	-9	-108	59	-104	3	-10	0	-1	-233	108	-168	-56	192
2	164	-360	1164294592	-7	-107	59	-101	2	-10	0	1	-243	108	-168	-56	192
2	164	-360	1164296592	-5	-106	65	-115	3	-11	0	4	-254	108	-168	-56	192
2	164	-360	1164298592	-4	-105	57	-99	3	-10	0	7	-264	108	-168	-56	192
2	164	-360	1164300592	-4	-104	55	-99	3	-10	0	10	-274	108	-168	-56	192
2	164	-360	1164302592	-1	-102	54	-96	2	-10	0	12	-284	108	-168	-56	192
2	164	-360	1164304588	-1	-101	54	-95	3	-10	0	15	-294	108	-168	-56	192
2	164	-360	1164306588	0	-99	59	-107	3	-10	0	18	-304	108	-168	-56	192
2	164	-360	1164308580	0	-85	50	-93	2	-9	0	20	-313	108	-168	-56	192
2	164	-360	1164310588	0	-96	48	-91	3	-9	0	23	-322	108	-168	-56	192
2	164	-360	1164312584	3	-95	47	-89	2	-9	0	25	-331	108	-168	-56	192
2	164	-360	1164314572	2	-92	51	-100	3	-9	0	28	-340	108	-168	-56	192
2	164	-360	1164316572	3	-91	42	-86	2	-9	0	30	-349	108	-168	-56	192
2	164	-360	1164318572	2	-87	40	-84	2	-9	0	32	-358	108	-168	-56	192
2	164	-360	1164320580	3	-85	38	-82	2	-8	0	34	-366	108	-168	-56	192
2	164	-360	1164322572	4	-83	36	-80	2	-8	0	36	-374	108	-168	-56	192
2	164	-360	1164324572	3	-80	38	-89	2	-8	0	38	-382	108	-168	-56	192
2	164	-360	1164326572	4	-76	31	-75	2	-8	0	40	-390	108	-168	-56	192
2	164	-360	1164328580	4	-73	29	-71	1	-7	0	41	-397	108	-168	-56	192
2	164	-360	1164330576	5	-68	26	-69	2	-7	0	43	-404	108	-168	-56	192
2	164	-360	1164332568	4	-67	24	-66	1	-6	0	44	-410	108	-168	-56	192
2	164	-360	1164334572	5	-62	23	-72	2	-7	0	46	-417	108	-168	-56	192
2	164	-360	1164336580	3	-59	20	-58	1	-6	0	47	-423	108	-168	-56	192
2	164	-360	1164338584	5	-55	17	-55	1	-5	0	48	-428	108	-168	-56	192
2	164	-360	1164340588	5	-51	16	-53	1	-5	0	49	-433	108	-168	-56	192
2	164	-360	1164342592	4	-41	15	-55	1	-5	0	50	-438	108	-168	-56	192
2	164	-360	1164344596	5	-44	11	-44	1	-4	0	51	-442	108	-168	-56	192
2	164	-360	1164346588	4	-39	10	-40	0	-4	0	51	-446	108	-168	-56	192
2	164	-360	1164348608	5	-34	8	-36	1	-4	0	52	-450	108	-168	-56	192
2	164	-360	1164350596	4	-30	8	-37	0	-3	0	52	-453	108	-168	-56	192
2	164	-360	1164352612	3	-26	5	-28	1	-2	0	53	-455	108	-168	-56	192
2	164	-360	1164354600	4	-22	5	-25	0	-3	0	53	-458	108	-168	-56	192
2	164	-360	1164356600	4	-19	4	-21	1	-2	0	54	-460	108	-168	-56	192
2	164	-360	1164358592	2	-16	3	-18	0	-1	0	54	-461	108	-168	-56	192
2	164	-360	1164360592	3	-14	2	-17	0	-2	0	54	-463	108	-168	-56	192
2	164	-360	1164362596	1	-10	3	-14	0	-1	1	54	-464	108	-168	-56	192
3	-259	299	1164396548	0	-1	0	0	0	0	1	108	-168	-151	131	108	-168
3	-259	299	1164412556	0	0	0	-1	0	0	1	108	-168	-151	131	108	-168
3	-259	299	1164434556	1	0	0	0	0	0	1	108	-168	-151	131	108	-168
3	-259	299	1164438552	0	0	0	1	0	0	1	108	-168	-151	131	108	-168
3	-259	299	1164442516	0	0	0	0	0	0	0	108	-168	-151	131	108	-168
3	-259	299	1164446552	0	1	0	1	0	0	0	108	-168	-151	131	108	-168
3	-259	299	1164450544	0	2	0	0	0	0	0	108	-168	-151	131	108	-168
3	-259	299	1164452576	0	0	-2	1	0	0	0	108	-168	-151	131	108	-168
3	-259	299	1164454552	0	1	0	0	0	0	0	108	-168	-151	131	108	-168
3	-259	299	1164456580	0	1	-1	1	0	0	0	108	-168	-151	131	108	-168
3	-259	299	1164458584	0	3	-2	3	0	0	0	108	-168	-151	131	108	-168
3	-259	299	1164460584	-1	3	-3	2	0	0	0	108	-168	-151	131	108	-168
3	-259	299	1164462584	-2	4	-4	4	0	0	0	108	-168	-151	131	108	-168
3	-259	299	1164464576	-2	5	-5	5	0	0	0	108	-168	-151	131	108	-168
3	-259	299	1164466584	-4	8	-7	6	0	1	0	108	-167	-151	131	108	-168
3	-259	299	1164468592	-4	8	-9	8	-1	0	0	107	-167	-151	131	108	-168
3	-259	299	1164470608	-5	10	-12	11	-1	1	0	106	-166	-151	131	108	-168
3	-259	299	1164472592	-6	14	-13	11	0	1	0	106	-165	-151	131	108	-168
3	-259	299	1164474600	-5	13	-16	14	-1	2	0	105	-163	-151	131	108	-168
3	-259	299	1164476600	-7	17	-19	15	-1	1	0	104	-162	-151	131	108	-168
3	-259	299	1164478596	-9	20	-22	18	-2	2	0	102	-160	-151	131	108	-168
3	-259	299	1164480592	-10	23	-29	21	-1	1	0	101	-159	-151	131	108	-168
3	-259	299	1164482592	-11	26	-30	22	-2	3	0	99	-156	-151	131	108	-168
3	-259	299	1164484584	-13	29	-33	25	-2	2	0	97	-154	-151	131	108	-168
3	-259	299	1164486584	-14	32	-37	28	-2	2	0	95	-152	-151	131	108	-168
3	-259	299	1164488584	-15	35	-48	35	-3	3	0	92	-149	-151	131	108	-168
3	-259	299	1164490584	-15	40	-46	34	-3	4	0	89	-145	-151	131	108	-168
3	-259	299	1164492588	-17	44	-50	37	-2	3	0	87	-142	-151	131	108	-168
3	-259	299	1164494588	-18	47	-54	40	-4	4	0	83	-138	-151	131	108	-168
3	-259	299	1164496588	-18	50	-57	43	-3	4	0	80	-134	-151	131	108	-168
3	-259	299	1164498584	-20	55	-71	53	-4	4	0	76	-130	-151	131	108	-168
3	-259	299	1164500584	-22	59	-68	50	-3	5	0	73	-125	-151	131	108	-168
3	-259	299	1164502580	-21	63	-70	54	-4	5	0	69	-120	-151	131	108	-168
3	-259	299	1164504580	-20	58	-74	56	-4	5	0	65	-115	-151	131	108	-168
3	-259	299	1164506580	-24	70	-87	69	-5	6	0	60	-109	-151	131	108	-168
3	-259	299	1164508580	-23	77	-81	65	-5	6	0	55	-103	-151	131	108	-168
3	-259	299	1164510588	-25	80	-84	68	-4	6	0	51	-97	-151	131	108	-168
3	-259	299	1164512584	-25	83	-88	71	-5	7	0	46	-90	-151	131	108	-168
3	-259	299	1164514588	-25	88	-91	75	-5	7	0	41	-83	-151	131	108	-168
3	-259	299	1164516584	-28	92	-107	90	-6	7	0	35	-76	-151	131	108	-168
3	-259	299	1164518588	-26	95	-98	82	-5	8	0	30	-68	-151	131	108	-168
3	-259	299	1164520584	-28	98	-100	85	-5	8	0	25	-60	-151	131	108	-168
3	-259	299	1164522588	-28	101	-102	88	-6	8	0	19	-52	-151	131	108	-168
3	-259	299	1164524588	-29	104	-105	91	-6	8	0	13	-44	-151	131	108	-168
3	-259	299	1164526580	-29	106	-123	106	-6	9	0	7	-35	-151	131	108	-168
3	-259	299	1164528580	-30	109	-110	97	-6	9	0	1	-26	-151	131	108	-168
3	-259	299	1164530580	-30	109	-112	97	-6	9	0	-5	-17	-151	131	108	-168
3	-259	299	1164532580	-31	111	-114	99	-6	9	0	-11	-8	-151	131	108	-168
3	-259	299	1164534580	-30	112	-133	115	-7	9	0	-18	1	-151	131	108	-168
3	-259	299	1164536580	-28	98	-117	101	-6	9	0	-24	10	-151	131	108	-168
3	-259	299	1164538588	-31	112	-118	103	-7	9	0	-31	19	-151	131	108	-168
3	-259	299	1164540592	-31	113	-120	101	-6	9	0	-37	28	-151	131	108	-168
3	-259	299	1164542592	-33	111	-136	116	-7	10	0	-44	38	-151	131	108	-168
3	-259	299	1164544592	-31	110	-119	101	-7	9	0	-51	47	-151	131	108	-168
3	-259	299	1164546600	-32	110	-120	100	-6	9	0	-57	56	-151	131	108	-168
3	-259	299	1164548600	-32	108	-117	99	-7	8	0	-64	64	-151	131	108	-168
3	-259	299	1164550600	-32	107	-118	98	-6	9	0	-70	73	-151	131	108	-168
3	-259	299	1164552608	-31	105	-132	108	-7	9	0	-77	82	-151	131	108	-168
3	-259	299	1164554608	-32	103	-115	94	-6	9	0	-83	91	-151	131	108	-168
3	-259	299	1164556608	-31	100	-113	91	-6	8	0	-89	99	-151	131	108	-168
3	-259	299	1164558600	-30	97	-110	90	-6	8	0	-95	107	-151	131	108	-168
3	-259	299	1164560604	-29	95	-123	99	-7	8	0	-102	115	-151	131	108	-168
3	-259	299	1164562612	-28	91	-105	84	-6	7	0	-108	122	-151	131	108	-168
3	-259	299	1164564604	-28	89	-103	81	-5	8	0	-113	130	-151	131	108	-168
3	-259	299	1164566612	-27	85	-100	78	-6	7	0	-119	137	-151	131	108	-168
3	-259	299	1164568608	-27	83	-96	75	-5	6	0	-124	143	-151	131	108	-168
3	-259	299	1164570600	-25	77	-106	82	-5	7	0	-129	150	-151	131	108	-168
3	-259	299	1164572600	-21	66	-89	69	-5	6	0	-134	156	-151	131	108	-168
3	-259	299	1164574596	-25	72	-85	66	-5	6	0	-139	162	-151	131	108	-168
3	-259	299	1164576596	-22	67	-83	63	-4	5	0	-143	167	-151	131	108	-168
3	-259	299	1164578596	-23	65	-80	61	-5	6	0	-148	173	-151	131	108	-168
3	-259	299	1164580592	-22	63	-86	66	-4	5	0	-152	178	-151	131	108	-168
3	-259	299	1164582588	-20	58	-72	55	-4	5	0	-156	183	-151	131	108	-168
3	-259	299	1164584584	-20	57	-69	54	-4	5	0	-160	188	-151	131	108	-168
3	-259	299	1164586588	-19	53	-66	51	-4	4	0	-164	192	-151	131	108	-168
3	-259	299	1164588588	-19	52	-72	56	-3	5	0	-167	197	-151	131	108	-168
3	-259	299	1164590584	-17	50	-60	48	-4	4	0	-171	201	-151	131	108	-168
3	-259	299	1164592584	-17	47	-56	45	-3	4	0	-174	205	-151	131	108	-168
3	-259	299	1164594592	-15	45	-52	44	-3	4	0	-177	209	-151	131	108	-168
3	-259	299	1164596592	-15	45	-52	42	-2	3	0	-179	212	-151	131	108	-168
3	-259	299	1164598588	-13	43	-53	48	-3	4	0	-182	216	-151	131	108	-168
3	-259	299	1164600596	-13	41	-44	38	-3	4	0	-185	220	-151	131	108	-168
3	-259	299	1164602596	-11	40	-43	39	-2	3	0	-187	223	-151	131	108	-168
3	-259	299	1164604596	-10	34	-38	38	-2	3	0	-189	226	-151	131	108	-168
3	-259	299	1164606596	-9	37	-37	36	-2	3	0	-191	229	-151	131	108	-168
3	-259	299	1164608588	-7	36	-38	39	-2	3	0	-193	232	-151	131	108	-168
3	-259	299	1164610588	-8	34	-33	33	-2	3	0	-195	235	-151	131	108	-168
3	-259	299	1164612588	-6	33	-29	32	-1	3	0	-196	238	-151	131	108	-168
3	-259	299	1164614584	-5	31	-27	30	-2	3	0	-198	241	-151	131	108	-168
3	-259	299	1164616592	-4	29	-28	32	-1	2	1	-199	243	-151	131	108	-168
4	333	-214	1164622588	-2	22	-17	23	-1	2	1	-152	133	182	-83	-151	131
4	333	-214	1164624588	0	20	-17	20	-1	2	1	-153	135	182	-83	-151	131
4	333	-214	1164626592	-2	16	-15	21	-1	2	1	-154	137	182	-83	-151	131
4	333	-214	1164628576	0	15	-11	15	0	1	1	-154	138	182	-83	-151	131
4	333	-214	1164630596	0	13	-10	14	-1	2	1	-155	140	182	-83	-151	131
4	333	-214	1164632584	0	11	-9	12	0	1	1	-155	141	182	-83	-151	131
4	333	-214	1164634600	0	9	-7	11	-1	1	1	-156	142	182	-83	-151	131
4	333	-214	1164636592	0	7	-6	9	0	1	1	-156	143	182	-83	-151	131
4	333	-214	1164638596	0	5	-5	8	0	1	1	-156	144	182	-83	-151	131
4	333	-214	1164640580	0	5	-3	6	0	0	1	-156	144	182	-83	-151	131
4	333	-214	1164642584	1	4	-4	4	0	0	1	-156	144	182	-83	-151	131
4	333	-214	1164644612	0	1	-1	3	-1	1	1	-157	145	182	-83	-151	131
4	333	-214	1164646588	1	3	-2	3	0	0	1	-157	145	182	-83	-151	131
4	333	-214	1164648564	0	0	0	2	0	0	1	-157	145	182	-83	-151	131
4	333	-214	1164652600	0	0	-2	2	0	0	1	-157	145	182	-83	-151	131
4	333	-214	1164666572	1	0	0	0	0	0	1	-157	145	182	-83	-151	131
4	333	-214	1164672572	0	0	1	0	0	0	1	-157	145	182	-83	-151	131
4	333	-214	1164674572	0	-1	0	0	0	0	1	-157	145	182	-83	-151	131
4	333	-214	1164680576	0	-1	0	0	0	0	1	-157	145	182	-83	-151	131
4	333	-214	1164682584	0	0	0	-1	0	0	1	-157	145	182	-83	-151	131
4	333	-214	1164684608	2	-1	0	0	0	0	1	-157	145	182	-83	-151	131
4	333	-214	1164686616	0	0	1	-1	0	0	1	-157	145	182	-83	-151	131
4	333	-214	1164688588	0	-1	0	-1	0	0	1	-157	145	182	-83	-151	131
4	333	-214	1164690620	1	-3	1	-2	0	0	1	-157	145	182	-83	-151	131
4	333	-214	1164692620	0	-1	2	-1	0	0	1	-157	145	182	-83	-151	131
4	333	-214	1164694620	1	-4	2	-4	0	0	1	-157	145	182	-83	-151	131
4	333	-214	1164696620	0	-4	3	-3	0	0	0	-157	145	182	-83	-151	131
4	333	-214	1164698628	1	-6	5	-5	0	-1	0	-157	144	182	-83	-151	131
4	333	-214	1164700640	0	-6	5	-7	1	-1	0	-156	143	182	-83	-151	131
4	333	-214	1164702608	2	-9	7	-6	0	0	0	-156	143	182	-83	-151	131
4	333	-214	1164704616	0	-10	8	-9	0	-1	0	-156	142	182	-83	-151	131
4	333	-214	1164706628	1	-11	12	-12	1	-1	0	-155	141	182	-83	-151	131
4	333	-214	1164708628	0	-11	11	-11	1	-2	0	-154	139	182	-83	-151	131
4	333	-214	1164710616	0	-15	15	-14	0	-1	0	-154	138	182	-83	-151	131
4	333	-214	1164712624	0	-18	17	-16	1	-2	0	-153	136	182	-83	-151	131
4	333	-214	1164714620	1	-20	20	-18	1	-2	0	-152	134	182	-83	-151	131
4	333	-214	1164716616	0	-22	25	-22	2	-2	0	-150	132	182	-83	-151	131
4	333	-214	1164718616	0	-25	25	-23	1	-2	0	-149	130	182	-83	-151	131
4	333	-214	1164720612	1	-29	28	-25	1	-3	0	-148	127	182	-83	-151	131
4	333	-214	1164722608	2	-30	33	-26	2	-3	0	-146	124	182	-83	-151	131
4	333	-214	1164724612	1	-34	41	-34	2	-3	0	-144	121	182	-83	-151	131
4	333	-214	1164726616	1	-35	39	-32	2	-4	0	-142	117	182	-83	-151	131
4	333	-214	1164728612	4	-39	44	-34	3	-3	0	-139	114	182	-83	-151	131
4	333	-214	1164730620	4	-42	47	-38	2	-4	0	-137	110	182	-83	-151	131
4	333	-214	1164732616	5	-45	51	-38	3	-5	0	-134	105	182	-83	-151	131
4	333	-214	1164734616	6	-48	64	-48	4	-5	0	-130	100	182	-83	-151	131
4	333	-214	1164736608	7	-51	61	-45	3	-4	0	-127	96	182	-83	-151	131
4	333	-214	1164738612	8	-47	64	-47	4	-5	0	-123	91	182	-83	-151	131
4	333	-214	1164740616	11	-57	69	-50	4	-6	0	-119	85	182	-83	-151	131
4	333	-214	1164742608	13	-61	72	-53	4	-5	0	-115	80	182	-83	-151	131
4	333	-214	1164744604	13	-65	87	-64	5	-7	0	-110	73	182	-83	-151	131
4	333	-214	1164746604	15	-67	81	-58	5	-6	0	-105	67	182	-83	-151	131
4	333	-214	1164748600	18	-73	84	-62	5	-7	0	-100	60	182	-83	-151	131
4	333	-214	1164750600	19	-75	86	-63	6	-7	0	-94	53	182	-83	-151	131
4	333	-214	1164752600	20	-79	104	-77	6	-8	0	-88	45	182	-83	-151	131
4	333	-214	1164754600	22	-81	93	-68	6	-8	0	-82	37	182	-83	-151	131
4	333	-214	1164756596	24	-84	98	-72	6	-7	0	-76	30	182	-83	-151	131
4	333	-214	1164758596	25	-86	100	-72	6	-8	0	-70	22	182	-83	-151	131
4	333	-214	1164760604	26	-87	104	-75	7	-9	0	-63	13	182	-83	-151	131
4	333	-214	1164762608	29	-90	122	-86	7	-9	0	-56	4	182	-83	-151	131
4	333	-214	1164764612	30	-90	111	-77	8	-8	0	-48	-4	182	-83	-151	131
4	333	-214	1164766620	32	-90	113	-77	7	-8	0	-41	-12	182	-83	-151	131
4	333	-214	1164768616	35	-92	116	-79	8	-9	0	-33	-21	182	-83	-151	131
4	333	-214	1164770612	32	-80	135	-90	8	-9	0	-25	-30	182	-83	-151	131
4	333	-214	1164772604	38	-90	121	-77	8	-8	0	-17	-38	182	-83	-151	131
4	333	-214	1164774612	42	-88	123	-79	9	-9	0	-8	-47	182	-83	-151	131
4	333	-214	1164776604	43	-88	124	-78	8	-8	0	0	-55	182	-83	-151	131
4	333	-214	1164778608	45	-86	126	-76	9	-8	0	9	-63	182	-83	-151	131
4	333	-214	1164780616	49	-84	145	-86	9	-9	0	18	-72	182	-83	-151	131
4	333	-214	1164782608	51	-82	129	-75	10	-8	0	28	-80	182	-83	-151	131
4	333	-214	1164784604	54	-80	130	-73	9	-8	0	37	-88	182	-83	-151	131
4	333	-214	1164786596	56	-78	130	-71	9	-7	0	46	-95	182	-83	-151	131
4	333	-214	1164788592	59	-75	131	-70	10	-8	0	56	-103	182	-83	-151	131
4	333	-214	1164790592	60	-74	149	-79	11	-7	0	67	-110	182	-83	-151	131
4	333	-214	1164792588	64	-70	130	-66	9	-7	0	76	-117	182	-83	-151	131
4	333	-214	1164794592	65	-70	127	-66	10	-7	0	86	-124	182	-83	-151	131
4	333	-214	1164796592	67	-66	128	-64	10	-7	0	96	-131	182	-83	-151	131
4	333	-214	1164798596	68	-65	143	-72	11	-7	0	107	-138	182	-83	-151	131
4	333	-214	1164800600	69	-62	123	-62	9	-6	0	116	-144	182	-83	-151	131
4	333	-214	1164802600	61	-53	122	-60	10	-6	0	126	-150	182	-83	-151	131
4	333	-214	1164804600	70	-59	119	-58	9	-6	0	135	-156	182	-83	-151	131
4	333	-214	1164806596	69	-57	118	-57	10	-5	0	145	-161	182	-83	-151	131
4	333	-214	1164808600	70	-55	130	-63	10	-6	0	155	-167	182	-83	-151	131
4	333	-214	1164810596	68	-54	112	-54	9	-6	0	164	-173	182	-83	-151	131
4	333	-214	1164812600	68	-52	109	-53	9	-5	0	173	-178	182	-83	-151	131
4	333	-214	1164814592	66	-50	107	-51	9	-5	0	182	-183	182	-83	-151	131
4	333	-214	1164816592	65	-50	103	-50	8	-5	0	190	-188	182	-83	-151	131
4	333	-214	1164818596	64	-48	115	-54	9	-5	0	199	-193	182	-83	-151	131
4	333	-214	1164820592	61	-46	96	-46	8	-5	0	207	-198	182	-83	-151	131
4	333	-214	1164822600	59	-46	93	-46	8	-5	0	215	-203	182	-83	-151	131
4	333	-214	1164824596	56	-44	90	-44	7	-4	0	222	-207	182	-83	-151	131
4	333	-214	1164826584	54	-44	98	-47	8	-5	0	230	-212	182	-83	-151	131
4	333	-214	1164828580	50	-42	83	-42	7	-4	0	237	-216	182	-83	-151	131
4	333	-214	1164830576	47	-42	79	-38	6	-4	0	243	-220	182	-83	-151	131
4	333	-214	1164832576	39	-35	73	-39	6	-4	0	249	-224	182	-83	-151	131
4	333	-214	1164834580	41	-38	70	-38	6	-4	0	255	-228	182	-83	-151	131
4	333	-214	1164836576	39	-38	75	-40	5	-4	0	260	-232	182	-83	-151	131
4	333	-214	1164838572	35	-36	60	-33	5	-3	0	265	-235	182	-83	-151	131
4	333	-214	1164840568	33	-34	55	-32	5	-4	0	270	-239	182	-83	-151	131
4	333	-214	1164842572	28	-31	50	-30	4	-3	0	274	-242	182	-83	-151	131
4	333	-214	1164844572	25	-29	44	-26	3	-2	0	277	-244	182	-83	-151	131
4	333	-214	1164846568	23	-26	45	-29	3	-3	0	280	-247	182	-83	-151	131
4	333	-214	1164848564	19	-23	35	-22	3	-2	0	283	-249	182	-83	-151	131
4	333	-214	1164850576	16	-21	30	-21	3	-3	0	286	-252	182	-83	-151	131
4	333	-214	1164852584	15	-19	26	-18	2	-2	0	288	-254	182	-83	-151	131
4	333	-214	1164854572	11	-16	25	-19	1	-1	0	289	-255	182	-83	-151	131
4	333	-214	1164856568	10	-12	18	-15	2	-2	0	291	-257	182	-83	-151	131
4	333	-214	1164858568	8	-12	15	-12	1	-1	0	292	-258	182	-83	-151	131
4	333	-214	1164860564	6	-10	12	-10	1	-1	0	293	-259	182	-83	-151	131
4	333	-214	1164862560	4	-6	10	-9	1	-1	0	294	-260	182	-83	-151	131
4	333	-214	1164864532	3	-5	8	-9	0	0	0	294	-260	182	-83	-151	131
4	333	-214	1164866556	3	-4	5	-6	1	-1	0	295	-261	182	-83	-151	131
4	333	-214	1164868528	1	-2	4	-4	0	0	0	295	-261	182	-83	-151	131
4	333	-214	1164870536	1	-1	1	-2	0	0	0	295	-261	182	-83	-151	131
4	333	-214	1164872536	0	0	1	-1	0	0	0	295	-261	182	-83	-151	131
4	333	-214	1164874508	0	0	1	0	0	0	0	295	-261	182	-83	-151	131
4	333	-214	1164876508	0	0	0	-2	0	0	0	295	-261	182	-83	-151	131
4	333	-214	1164878476	0	0	0	0	0	0	1	295	-261	182	-83	-151	131
5	-380	111	1164932620	2	0	0	0	0	0	1	182	-83	-198	28	182	-83
5	-380	111	1164946596	0	0	0	0	0	0	0	182	-83	-198	28	182	-83
5	-380	111	1164952636	0	0	-1	0	0	0	0	182	-83	-198	28	182	-83
5	-380	111	1164956632	0	0	0	1	0	0	0	182	-83	-198	28	182	-83
5	-380	111	1164958632	0	0	-1	0	0	0	0	182	-83	-198	28	182	-83
5	-380	111	1164960668	0	1	-1	1	0	0	0	182	-83	-198	28	182	-83
5	-380	111	1164962668	0	2	-3	0	0	0	0	182	-83	-198	28	182	-83
5	-380	111	1164964672	-1	1	-2	3	0	0	0	182	-83	-198	28	182	-83
5	-380	111	1164966668	0	2	-4	1	0	0	0	182	-83	-198	28	182	-83
5	-380	111	1164968668	-2	3	-6	2	0	0	0	182	-83	-198	28	182	-83
5	-380	111	1164970672	-2	4	-8	4	0	0	0	182	-83	-198	28	182	-83
5	-380	111	1164972680	-2	5	-7	4	-1	0	0	181	-83	-198	28	182	-83
5	-380	111	1164974680	-3	5	-12	5	0	1	0	181	-82	-198	28	182	-83
5	-380	111	1164976684	-3	7	-12	6	-1	0	0	180	-82	-198	28	182	-83
5	-380	111	1164978692	-4	6	-16	8	-1	1	0	179	-81	-198	28	182	-83
5	-380	111	1164980688	-5	10	-18	7	-1	1	0	178	-80	-198	28	182	-83
5	-380	111	1164982680	-8	10	-21	9	-1	0	0	177	-80	-198	28	182	-83
5	-380	111	1164984692	-7	13	-23	11	-2	2	0	175	-78	-198	28	182	-83
5	-380	111	1164986688	-9	14	-26	11	-1	1	0	174	-77	-198	28	182	-83
5	-380	111	1164988680	-10	15	-35	15	-2	1	0	172	-76	-198	28	182	-83
5	-380	111	1164990680	-12	17	-34	15	-2	2	0	170	-74	-198	28	182	-83
5	-380	111	1164992684	-14	19	-36	17	-3	1	0	167	-73	-198	28	182	-83
5	-380	111	1164994684	-15	21	-41	18	-2	2	0	165	-71	-198	28	182	-83
5	-380	111	1164996680	-18	23	-51	23	-3	2	0	162	-69	-198	28	182	-83
5	-380	111	1164998680	-18	23	-50	21	-4	2	0	158	-67	-198	28	182	-83
5	-380	111	1165000676	-22	27	-53	23	-3	2	0	155	-65	-198	28	182	-83
5	-380	111	1165002672	-23	26	-57	25	-4	3	0	151	-62	-198	28	182	-83
5	-380	111	1165004676	-27	30	-62	26	-4	2	0	147	-60	-198	28	182	-83
5	-380	111	1165006676	-28	30	-75	31	-4	3	0	143	-57	-198	28	182	-83
5	-380	111	1165008676	-27	27	-68	29	-5	3	0	138	-54	-198	28	182	-83
5	-380	111	1165010676	-33	34	-74	31	-5	3	0	133	-51	-198	28	182	-83
5	-380	111	1165012680	-37	35	-78	33	-5	3	0	128	-48	-198	28	182	-83
5	-380	111	1165014676	-38	36	-93	37	-6	3	0	122	-45	-198	28	182	-83
5	-380	111	1165016676	-43	38	-88	35	-6	3	0	116	-42	-198	28	182	-83
5	-380	111	1165018672	-45	37	-90	36	-6	4	0	110	-38	-198	28	182	-83
5	-380	111	1165020672	-47	40	-95	38	-7	3	0	103	-35	-198	28	182	-83
5	-380	111	1165022668	-52	39	-100	37	-6	4	0	97	-31	-198	28	182	-83
5	-380	111	1165024672	-53	41	-119	44	-8	4	0	89	-27	-198	28	182	-83
5	-380	111	1165026672	-58	40	-108	40	-8	3	0	81	-24	-198	28	182	-83
5	-380	111	1165028672	-60	42	-113	40	-8	4	0	73	-20	-198	28	182	-83
5	-380	111	1165030672	-64	42	-116	40	-8	4	0	65	-16	-198	28	182	-83
5	-380	111	1165032676	-65	41	-121	41	-9	4	0	56	-12	-198	28	182	-83
5	-380	111	1165034684	-68	44	-145	48	-9	4	0	47	-8	-198	28	182	-83
5	-380	111	1165036680	-72	43	-130	42	-10	4	0	37	-4	-198	28	182	-83
5	-380	111	1165038676	-72	45	-134	44	-9	4	0	28	0	-198	28	182	-83
5	-380	111	1165040672	-66	38	-138	44	-9	3	0	19	3	-198	28	182	-83
5	-380	111	1165042664	-78	45	-163	50	-11	5	0	8	8	-198	28	182	-83
5	-380	111	1165044660	-79	45	-147	45	-11	4	0	-3	12	-198	28	182	-83
5	-380	111	1165046656	-80	47	-151	45	-10	4	0	-13	16	-198	28	182	-83
5	-380	111	1165048652	-82	46	-152	46	-11	4	0	-24	20	-198	28	182	-83
5	-380	111	1165050648	-83	47	-158	46	-11	5	0	-35	25	-198	28	182	-83
5	-380	111	1165052644	-83	48	-181	54	-12	4	0	-47	29	-198	28	182	-83
5	-380	111	1165054640	-85	49	-160	48	-11	5	0	-58	34	-198	28	182	-83
5	-380	111	1165056636	-85	48	-161	46	-11	4	0	-69	38	-198	28	182	-83
5	-380	111	1165058648	-85	48	-164	47	-12	4	0	-81	42	-198	28	182	-83
5	-380	111	1165060640	-85	50	-163	47	-11	5	0	-92	47	-198	28	182	-83
5	-380	111	1165062640	-85	47	-187	53	-13	4	0	-105	51	-198	28	182	-83
5	-380	111	1165064636	-84	49	-165	48	-11	5	0	-116	56	-198	28	182	-83
5	-380	111	1165066644	-85	48	-163	46	-11	4	0	-127	60	-198	28	182	-83
5	-380	111	1165068636	-73	41	-161	46	-11	4	0	-138	64	-198	28	182	-83
5	-380	111	1165070636	-81	45	-182	52	-12	4	0	-150	68	-198	28	182	-83
5	-380	111	1165072632	-81	45	-157	42	-11	4	0	-161	72	-198	28	182	-83
5	-380	111	1165074632	-79	42	-152	43	-11	4	0	-172	76	-198	28	182	-83
5	-380	111	1165076624	-77	42	-150	40	-10	4	0	-182	80	-198	28	182	-83
5	-380	111	1165078628	-74	40	-144	38	-10	4	0	-192	84	-198	28	182	-83
5	-380	111	1165080628	-73	37	-159	43	-11	3	0	-203	87	-198	28	182	-83
5	-380	111	1165082620	-70	35	-133	34	-9	3	0	-212	90	-198	28	182	-83
5	-380	111	1165084620	-67	33	-128	32	-9	3	0	-221	93	-198	28	182	-83
5	-380	111	1165086624	-64	30	-121	30	-8	3	0	-229	96	-198	28	182	-83
5	-380	111	1165088624	-61	28	-116	28	-8	3	0	-237	99	-198	28	182	-83
5	-380	111	1165090628	-58	25	-125	28	-9	2	0	-246	101	-198	28	182	-83
5	-380	111	1165092632	-55	24	-103	24	-7	2	0	-253	103	-198	28	182	-83
5	-380	111	1165094636	-51	21	-95	21	-7	2	0	-260	105	-198	28	182	-83
5	-380	111	1165096636	-47	20	-89	20	-6	2	0	-266	107	-198	28	182	-83
5	-380	111	1165098636	-44	18	-92	20	-6	2	0	-272	109	-198	28	182	-83
5	-380	111	1165100632	-40	15	-74	17	-5	1	0	-277	110	-198	28	182	-83
5	-380	111	1165102632	-33	12	-67	13	-5	1	0	-282	111	-198	28	182	-83
5	-380	111	1165104632	-33	13	-60	13	-4	2	0	-286	113	-198	28	182	-83
5	-380	111	1165106632	-30	11	-54	11	-4	1	0	-290	114	-198	28	182	-83
5	-380	111	1165108644	-27	9	-53	11	-4	1	0	-294	115	-198	28	182	-83
5	-380	111	1165110636	-23	7	-41	8	-2	0	0	-296	115	-198	28	182	-83
5	-380	111	1165112656	-20	7	-35	7	-3	1	0	-299	116	-198	28	182	-83
5	-380	111	1165114640	-18	6	-31	5	-2	0	0	-301	116	-198	28	182	-83
5	-380	111	1165116656	-15	4	-29	7	-2	1	0	-303	117	-198	28	182	-83
5	-380	111	1165118644	-12	3	-21	3	-2	0	0	-305	117	-198	28	182	-83
5	-380	111	1165120660	-10	4	-18	4	-1	1	0	-306	118	-198	28	182	-83
5	-380	111	1165122652	-9	3	-13	4	-1	0	0	-307	118	-198	28	182	-83
5	-380	111	1165124640	-6	2	-13	2	-1	0	0	-308	118	-198	28	182	-83
5	-380	111	1165126632	-5	1	-9	2	-1	0	1	-309	118	-198	28	182	-83
6	396	0	1165162636	1	0	0	-1	0	0	1	-198	28	198	28	-198	28
6	396	0	1165164608	0	-2	0	0	0	0	1	-198	28	198	28	-198	28
6	396	0	1165168596	1	0	0	0	0	0	1	-198	28	198	28	-198	28
6	396	0	1165172592	1	0	0	0	0	0	1	-198	28	198	28	-198	28
6	396	0	1165174592	0	-1	0	-1	0	0	1	-198	28	198	28	-198	28
6	396	0	1165176596	2	0	0	0	0	0	1	-198	28	198	28	-198	28
6	396	0	1165180588	0	0	1	0	0	0	1	-198	28	198	28	-198	28
6	396	0	1165186596	1	0	0	0	0	0	1	-198	28	198	28	-198	28
6	396	0	1165188596	0	-1	0	0	0	0	1	-198	28	198	28	-198	28
6	396	0	1165190592	0	0	0	-1	0	0	1	-198	28	198	28	-198	28
6	396	0	1165208568	0	0	0	0	0	0	0	-198	28	198	28	-198	28
6	396	0	1165212636	1	-1	1	0	0	0	0	-198	28	198	28	-198	28
6	396	0	1165214640	0	0	3	-2	0	0	0	-198	28	198	28	-198	28
6	396	0	1165216644	0	-2	2	0	0	0	0	-198	28	198	28	-198	28
6	396	0	1165218652	1	0	4	-1	0	0	0	-198	28	198	28	-198	28
6	396	0	1165220656	2	-2	6	-1	1	0	0	-197	28	198	28	-198	28
6	396	0	1165222636	2	-1	6	-1	0	0	0	-197	28	198	28	-198	28
6	396	0	1165224632	3	-3	10	-3	0	0	0	-197	28	198	28	-198	28
6	396	0	1165226664	3	-2	13	-1	1	-1	0	-196	27	198	28	-198	28
6	396	0	1165228652	4	-3	14	-3	1	0	0	-195	27	198	28	-198	28
6	396	0	1165230656	6	-2	17	-1	1	0	0	-194	27	198	28	-198	28
6	396	0	1165232660	8	-4	20	-2	1	0	0	-193	27	198	28	-198	28
6	396	0	1165234660	10	-4	29	-4	2	0	0	-191	27	198	28	-198	28
6	396	0	1165236672	11	-2	29	-3	1	-1	0	-190	26	198	28	-198	28
6	396	0	1165238660	14	-5	33	-2	2	0	0	-188	26	198	28	-198	28
6	396	0	1165240664	19	-4	38	-3	2	0	0	-186	26	198	28	-198	28
6	396	0	1165242684	21	-4	49	-3	3	-1	0	-183	25	198	28	-198	28
6	396	0	1165244672	25	-4	48	-3	3	0	0	-180	25	198	28	-198	28
6	396	0	1165246676	29	-3	54	-2	4	0	0	-176	25	198	28	-198	28
6	396	0	1165248672	33	-4	60	-3	4	0	0	-172	25	198	28	-198	28
6	396	0	1165250692	39	-4	64	-1	4	-1	0	-168	24	198	28	-198	28
6	396	0	1165252672	44	-2	80	-3	5	0	0	-163	24	198	28	-198	28
6	396	0	1165254676	47	-3	76	-1	5	0	0	-158	24	198	28	-198	28
6	396	0	1165256676	54	-1	81	-1	6	0	0	-152	24	198	28	-198	28
6	396	0	1165258672	59	-1	87	0	6	0	0	-146	24	198	28	-198	28
6	396	0	1165260676	65	-2	106	0	7	0	0	-139	24	198	28	-198	28
6	396	0	1165262672	69	-1	100	0	7	0	0	-132	24	198	28	-198	28
6	396	0	1165264640	75	0	105	0	7	0	0	-125	24	198	28	-198	28
6	396	0	1165266676	78	0	111	2	8	0	0	-117	24	198	28	-198	28
6	396	0	1165268676	84	0	118	1	8	0	0	-109	24	198	28	-198	28
6	396	0	1165270676	89	0	138	2	10	0	0	-99	24	198	28	-198	28
6	396	0	1165272668	81	1	128	4	8	0	0	-91	24	198	28	-198	28
6	396	0	1165274664	96	2	132	4	10	0	0	-81	24	198	28	-198	28
6	396	0	1165276668	100	1	138	4	9	0	0	-72	24	198	28	-198	28
6	396	0	1165278668	103	4	164	5	11	0	0	-61	24	198	28	-198	28
6	396	0	1165280676	107	3	148	5	11	0	0	-50	24	198	28	-198	28
6	396	0	1165282700	109	2	153	5	11	1	0	-39	25	198	28	-198	28
6	396	0	1165284688	111	4	157	6	11	0	0	-28	25	198	28	-198	28
6	396	0	1165286700	115	4	163	7	11	1	0	-17	26	198	28	-198	28
6	396	0	1165288688	117	5	190	8	13	0	0	-4	26	198	28	-198	28
6	396	0	1165290696	118	5	171	7	12	1	0	8	27	198	28	-198	28
6	396	0	1165292684	120	5	174	9	12	0	0	20	27	198	28	-198	28
6	396	0	1165294696	122	5	176	9	12	1	0	32	28	198	28	-198	28
6	396	0	1165296684	122	6	179	9	13	0	0	45	28	198	28	-198	28
6	396	0	1165298692	124	7	206	11	13	1	0	58	29	198	28	-198	28
6	396	0	1165300688	125	7	181	10	13	1	0	71	30	198	28	-198	28
6	396	0	1165302692	125	8	183	11	12	1	0	83	31	198	28	-198	28
6	396	0	1165304684	110	7	181	11	12	0	0	95	31	198	28	-198	28
6	396	0	1165306696	126	8	209	14	14	1	0	109	32	198	28	-198	28
6	396	0	1165308700	125	10	182	13	13	1	0	122	33	198	28	-198	28
6	396	0	1165310700	126	9	182	12	13	1	0	135	34	198	28	-198	28
6	396	0	1165312692	125	10	178	13	12	1	0	147	35	198	28	-198	28
6	396	0	1165314700	125	10	203	15	14	1	0	161	36	198	28	-198	28
6	396	0	1165316692	124	10	175	12	12	1	0	173	37	198	28	-198	28
6	396	0	1165318700	124	10	171	14	12	1	0	185	38	198	28	-198	28
6	396	0	1165320696	121	11	169	14	12	1	0	197	39	198	28	-198	28
6	396	0	1165322692	121	10	164	12	12	1	0	209	40	198	28	-198	28
6	396	0	1165324700	118	10	183	15	12	1	0	221	41	198	28	-198	28
6	396	0	1165326692	116	10	154	13	11	1	0	232	42	198	28	-198	28
6	396	0	1165328700	114	9	150	12	11	1	0	243	43	198	28	-198	28
6	396	0	1165330700	111	10	145	11	11	1	0	254	44	198	28	-198	28
6	396	0	1165332688	106	8	139	12	10	0	0	264	44	198	28	-198	28
6	396	0	1165334696	104	7	151	11	10	1	0	274	45	198	28	-198	28
6	396	0	1165336696	88	6	126	10	9	1	0	283	46	198	28	-198	28
6	396	0	1165338684	95	5	119	9	9	0	0	292	46	198	28	-198	28
6	396	0	1165340704	90	7	113	7	8	1	0	300	47	198	28	-198	28
6	396	0	1165342684	86	3	120	9	9	0	0	309	47	198	28	-198	28
6	396	0	1165344696	79	4	97	6	7	1	0	316	48	198	28	-198	28
6	396	0	1165346684	75	4	90	5	7	0	0	323	48	198	28	-198	28
6	396	0	1165348700	67	2	81	5	6	1	0	329	49	198	28	-198	28
6	396	0	1165350684	63	3	75	5	6	0	0	335	49	198	28	-198	28
6	396	0	1165352688	56	1	75	4	5	0	0	340	49	198	28	-198	28
6	396	0	1165354684	50	1	58	2	4	0	0	344	49	198	28	-198	28
6	396	0	1165356688	42	2	51	3	4	0	0	348	49	198	28	-198	28
6	396	0	1165358708	38	1	45	2	4	1	0	352	50	198	28	-198	28
6	396	0	1165360688	32	0	44	2	3	0	0	355	50	198	28	-198	28
6	396	0	1165362688	28	0	32	1	2	0	0	357	50	198	28	-198	28
6	396	0	1165364692	21	0	27	1	2	0	0	359	50	198	28	-198	28
6	396	0	1165366668	19	0	22	0	2	0	0	361	50	198	28	-198	28
6	396	0	1165368704	14	0	20	1	1	0	1	362	50	198	28	-198	28
7	-380	-111	1165388668	-1	0	0	0	0	0	1	198	28	-182	-83	198	28
7	-380	-111	1165392672	-1	0	0	0	0	0	1	198	28	-182	-83	198	28
7	-380	-111	1165394668	-1	0	0	0	0	0	1	198	28	-182	-83	198	28
7	-380	-111	1165396664	-1	0	0	0	0	0	1	198	28	-182	-83	198	28
7	-380	-111	1165398668	-2	0	0	0	0	0	1	198	28	-182	-83	198	28
7	-380	-111	1165400664	-1	0	0	0	0	0	1	198	28	-182	-83	198	28
7	-380	-111	1165402660	-1	0	-2	0	0	0	1	198	28	-182	-83	198	28
7	-380	-111	1165404664	-1	0	0	0	0	0	1	198	28	-182	-83	198	28
7	-380	-111	1165406672	-3	0	-1	0	-1	0	1	197	28	-182	-83	198	28
7	-380	-111	1165408656	-1	0	0	0	0	0	1	197	28	-182	-83	198	28
7	-380	-111	1165410664	-1	0	-1	0	0	0	1	197	28	-182	-83	198	28
7	-380	-111	1165412664	-2	0	-1	0	0	0	1	197	28	-182	-83	198	28
7	-380	-111	1165414668	-1	0	0	0	0	0	1	197	28	-182	-83	198	28
7	-380	-111	1165416716	-1	0	-2	-1	-1	0	1	196	28	-182	-83	198	28
7	-380	-111	1165418704	-1	-2	-1	0	0	0	1	196	28	-182	-83	198	28
7	-380	-111	1165420708	-3	0	-1	-1	0	0	1	196	28	-182	-83	198	28
7	-380	-111	1165422712	-1	-1	-3	0	0	0	1	196	28	-182	-83	198	28
7	-380	-111	1165424728	-3	-1	-3	-3	-1	0	1	195	28	-182	-83	198	28
7	-380	-111	1165426708	-2	-1	-4	-1	0	0	1	195	28	-182	-83	198	28
7	-380	-111	1165428716	-3	-3	-5	-2	-1	0	1	194	28	-182	-83	198	28
7	-380	-111	1165430724	-5	-2	-6	-3	-1	-1	1	193	27	-182	-83	198	28
7	-380	-111	1165432712	-5	-4	-9	-2	-1	0	0	192	27	-182	-83	198	28
7	-380	-111	1165434728	-6	-4	-9	-4	-1	-1	0	191	26	-182	-83	198	28
7	-380	-111	1165436728	-9	-5	-11	-4	-2	-1	0	189	25	-182	-83	198	28
7	-380	-111	1165438720	-7	-5	-14	-5	-2	-1	0	187	24	-182	-83	198	28
7	-380	-111	1165440716	-11	-5	-17	-5	-2	0	0	185	24	-182	-83	198	28
7	-380	-111	1165442724	-14	-7	-22	-6	-3	-2	0	182	22	-182	-83	198	28
7	-380	-111	1165444724	-16	-8	-23	-8	-3	-1	0	179	21	-182	-83	198	28
7	-380	-111	1165446720	-19	-7	-27	-7	-4	-1	0	175	20	-182	-83	198	28
7	-380	-111	1165448720	-21	-9	-30	-8	-4	-1	0	171	19	-182	-83	198	28
7	-380	-111	1165450716	-24	-10	-33	-10	-5	-2	0	166	17	-182	-83	198	28
7	-380	-111	1165452712	-28	-11	-44	-11	-6	-2	0	160	15	-182	-83	198	28
7	-380	-111	1165454720	-31	-13	-44	-11	-6	-2	0	154	13	-182	-83	198	28
7	-380	-111	1165456716	-35	-12	-49	-13	-7	-2	0	147	11	-182	-83	198	28
7	-380	-111	1165458712	-39	-14	-53	-12	-8	-2	0	139	9	-182	-83	198	28
7	-380	-111	1165460712	-42	-15	-67	-16	-9	-3	0	130	6	-182	-83	198	28
7	-380	-111	1165462708	-48	-15	-65	-17	-10	-2	0	120	4	-182	-83	198	28
7	-380	-111	1165464708	-51	-18	-70	-16	-10	-3	0	110	1	-182	-83	198	28
7	-380	-111	1165466712	-57	-18	-77	-17	-11	-3	0	99	-2	-182	-83	198	28
7	-380	-111	1165468708	-53	-17	-83	-20	-11	-3	0	88	-5	-182	-83	198	28
7	-380	-111	1165470700	-66	-21	-102	-24	-14	-4	0	74	-9	-182	-83	198	28
7	-380	-111	1165472708	-71	-24	-95	-23	-14	-4	0	60	-13	-182	-83	198	28
7	-380	-111	1165474708	-77	-23	-103	-25	-15	-4	0	45	-17	-182	-83	198	28
7	-380	-111	1165476704	-82	-28	-110	-26	-16	-4	0	29	-21	-182	-83	198	28
7	-380	-111	1165478696	-89	-27	-115	-27	-17	-5	0	12	-26	-182	-83	198	28
7	-380	-111	1165480700	-94	-32	-140	-34	-20	-5	0	-8	-31	-182	-83	198	28
7	-380	-111	1165482708	-100	-31	-128	-33	-19	-6	0	-27	-37	-182	-83	198	28
7	-380	-111	1165484708	-106	-35	-134	-33	-20	-5	0	-47	-42	-182	-83	198	28
7	-380	-111	1165486708	-112	-36	-140	-35	-21	-6	0	-68	-48	-182	-83	198	28
7	-380	-111	1165488708	-119	-40	-168	-44	-23	-7	0	-91	-55	-182	-83	198	28
7	-380	-111	1165490712	-125	-41	-150	-41	-23	-7	0	-114	-62	-182	-83	198	28
7	-380	-111	1165492712	-130	-45	-156	-43	-24	-8	0	-138	-70	-182	-83	198	28
7	-380	-111	1165494716	-136	-47	-160	-45	-25	-7	0	-163	-77	-182	-83	198	28
7	-380	-111	1165496720	-142	-48	-187	-52	-27	-9	0	-190	-86	-182	-83	198	28
7	-380	-111	1165498724	-146	-52	-168	-49	-26	-8	0	-216	-94	-182	-83	198	28
7	-380	-111	1165500724	-151	-51	-171	-50	-27	-8	0	-243	-102	-182	-83	198	28
7	-380	-111	1165502728	-135	-47	-174	-51	-26	-9	0	-269	-111	-182	-83	198	28
7	-380	-111	1165504732	-156	-54	-176	-53	-28	-8	0	-297	-119	-182	-83	198	28
7	-380	-111	1165506736	-160	-55	-204	-60	-30	-10	0	-327	-129	-182	-83	198	28
7	-380	-111	1165508732	-162	-55	-180	-54	-29	-9	0	-356	-138	-182	-83	198	28
7	-380	-111	1165510732	-162	-55	-180	-52	-28	-9	0	-384	-147	-182	-83	198	28
7	-380	-111	1165512736	-164	-54	-180	-53	-29	-9	0	-413	-156	-182	-83	198	28
7	-380	-111	1165514736	-162	-55	-205	-60	-30	-10	0	-443	-166	-182	-83	198	28
7	-380	-111	1165516732	-163	-52	-179	-52	-29	-8	0	-472	-174	-182	-83	198	28
7	-380	-111	1165518736	-161	-53	-177	-50	-28	-9	0	-500	-183	-182	-83	198	28
7	-380	-111	1165520732	-158	-50	-176	-49	-28	-8	0	-528	-191	-182	-83	198	28
7	-380	-111	1165522736	-155	-47	-175	-47	-27	-8	0	-555	-199	-182	-83	198	28
7	-380	-111	1165524736	-152	-47	-198	-54	-29	-8	0	-584	-207	-182	-83	198	28
7	-380	-111	1165526740	-148	-45	-170	-44	-27	-8	0	-611	-215	-182	-83	198	28
7	-380	-111	1165528740	-145	-41	-166	-44	-26	-7	0	-637	-222	-182	-83	198	28
7	-380	-111	1165530744	-140	-40	-165	-40	-25	-6	0	-662	-228	-182	-83	198	28
7	-380	-111	1165532744	-135	-39	-183	-45	-27	-7	0	-689	-235	-182	-83	198	28
7	-380	-111	1165534748	-130	-36	-156	-37	-24	-7	0	-713	-242	-182	-83	198	28
7	-380	-111	1165536740	-126	-35	-151	-36	-23	-5	0	-736	-247	-182	-83	198	28
7	-380	-111	1165538740	-106	-30	-148	-35	-21	-6	0	-757	-253	-182	-83	198	28
7	-380	-111	1165540740	-118	-32	-142	-33	-22	-5	0	-779	-258	-182	-83	198	28
7	-380	-111	1165542740	-111	-32	-156	-36	-22	-6	0	-801	-264	-182	-83	198	28
7	-380	-111	1165544740	-107	-31	-132	-31	-20	-5	0	-821	-269	-182	-83	198	28
7	-380	-111	1165546744	-103	-29	-126	-30	-19	-5	0	-840	-274	-182	-83	198	28
7	-380	-111	1165548744	-97	-30	-120	-29	-18	-5	0	-858	-279	-182	-83	198	28
7	-380	-111	1165550740	-93	-27	-130	-33	-18	-5	0	-876	-284	-182	-83	198	28
7	-380	-111	1165552736	-87	-28	-107	-28	-17	-5	0	-893	-289	-182	-83	198	28
7	-380	-111	1165554732	-82	-25	-102	-27	-15	-4	0	-908	-293	-182	-83	198	28
7	-380	-111	1165556724	-77	-25	-95	-26	-14	-4	0	-922	-297	-182	-83	198	28
7	-380	-111	1165558724	-70	-25	-87	-24	-13	-4	0	-935	-301	-182	-83	198	28
7	-380	-111	1165560724	-65	-22	-93	-27	-14	-4	0	-949	-305	-182	-83	198	28
7	-380	-111	1165562724	-60	-20	-72	-21	-11	-4	0	-960	-309	-182	-83	198	28
7	-380	-111	1165564724	-53	-20	-68	-20	-10	-3	0	-970	-312	-182	-83	198	28
7	-380	-111	1165566724	-47	-18	-58	-19	-8	-3	0	-978	-315	-182	-83	198	28
7	-380	-111	1165568720	-36	-13	-53	-16	-8	-3	0	-986	-318	-182	-83	198	28
7	-380	-111	1165570728	-37	-14	-54	-18	-7	-2	0	-993	-320	-182	-83	198	28
7	-380	-111	1165572724	-31	-14	-40	-14	-6	-3	0	-999	-323	-182	-83	198	28
7	-380	-111	1165574720	-27	-10	-33	-12	-5	-1	0	-1004	-324	-182	-83	198	28
7	-380	-111	1165576716	-22	-10	-30	-11	-5	-2	0	-1009	-326	-182	-83	198	28
7	-380	-111	1165578712	-18	-7	-24	-9	-3	-2	0	-1012	-328	-182	-83	198	28
7	-380	-111	1165580720	-14	-7	-23	-9	-3	-1	0	-1015	-329	-182	-83	198	28
7	-380	-111	1165582728	-11	-5	-15	-6	-2	-1	0	-1017	-330	-182	-83	198	28
7	-380	-111	1165584716	-8	-3	-12	-5	-2	0	0	-1019	-330	-182	-83	198	28
7	-380	-111	1165586728	-5	-3	-9	-4	-1	-1	0	-1020	-331	-182	-83	198	28
7	-380	-111	1165588728	-4	-2	-7	-4	-1	-1	1	-1021	-332	-182	-83	198	28
8	333	214	1165616648	1	0	1	0	0	0	1	-182	-83	151	131	-182	-83
8	333	214	1165618644	1	0	0	0	0	0	1	-182	-83	151	131	-182	-83
8	333	214	1165620648	0	0	1	0	0	0	1	-182	-83	151	131	-182	-83
8	333	214	1165622680	2	-1	0	-1	0	0	1	-182	-83	151	131	-182	-83
8	333	214	1165624660	1	0	0	0	0	0	1	-182	-83	151	131	-182	-83
8	333	214	1165626660	1	0	2	0	0	0	1	-182	-83	151	131	-182	-83
8	333	214	1165628664	1	0	0	0	0	0	1	-182	-83	151	131	-182	-83
8	333	214	1165630664	2	0	1	0	0	0	1	-182	-83	151	131	-182	-83
8	333	214	1165632668	0	0	0	-1	0	0	1	-182	-83	151	131	-182	-83
8	333	214	1165634664	1	0	0	0	0	0	1	-182	-83	151	131	-182	-83
8	333	214	1165636676	1	0	1	0	1	0	1	-181	-83	151	131	-182	-83
8	333	214	1165638712	1	-1	0	0	0	-1	1	-181	-84	151	131	-182	-83
8	333	214	1165640664	2	0	0	0	0	0	1	-181	-84	151	131	-182	-83
8	333	214	1165642664	1	0	1	0	0	0	1	-181	-84	151	131	-182	-83
8	333	214	1165646672	1	0	0	0	0	0	1	-181	-84	151	131	-182	-83
8	333	214	1165648704	1	0	2	-1	0	0	1	-181	-84	151	131	-182	-83
8	333	214	1165652680	2	0	0	0	0	0	1	-181	-84	151	131	-182	-83
8	333	214	1165656680	1	0	0	0	0	0	1	-181	-84	151	131	-182	-83
8	333	214	1165662704	1	0	0	0	1	0	1	-180	-84	151	131	-182	-83
8	333	214	1165666688	1	0	0	0	0	0	1	-180	-84	151	131	-182	-83
8	333	214	1165670704	0	0	1	0	0	0	1	-180	-84	151	131	-182	-83
8	333	214	1165672704	2	0	0	0	0	0	1	-180	-84	151	131	-182	-83
8	333	214	1165674704	1	0	1	0	0	0	1	-180	-84	151	131	-182	-83
8	333	214	1165676708	1	0	3	0	0	0	0	-180	-84	151	131	-182	-83
8	333	214	1165678752	3	0	2	1	1	0	0	-179	-84	151	131	-182	-83
8	333	214	1165680740	3	3	4	2	0	0	0	-179	-84	151	131	-182	-83
8	333	214	1165682748	5	2	5	1	1	0	0	-178	-84	151	131	-182	-83
8	333	214	1165684744	7	3	7	2	1	0	0	-177	-84	151	131	-182	-83
8	333	214	1165686744	8	3	10	5	1	1	0	-176	-83	151	131	-182	-83
8	333	214	1165688744	10	5	10	4	2	1	0	-174	-82	151	131	-182	-83
8	333	214	1165690748	13	7	14	6	2	1	0	-172	-81	151	131	-182	-83
8	333	214	1165692748	15	8	16	8	2	1	0	-170	-80	151	131	-182	-83
8	333	214	1165694744	17	10	19	7	2	1	0	-168	-79	151	131	-182	-83
8	333	214	1165696744	20	12	25	13	4	2	0	-164	-77	151	131	-182	-83
8	333	214	1165698748	24	13	26	11	3	2	0	-161	-75	151	131	-182	-83
8	333	214	1165700752	28	15	29	15	4	2	0	-157	-73	151	131	-182	-83
8	333	214	1165702748	27	17	34	16	5	2	0	-152	-71	151	131	-182	-83
8	333	214	1165704748	34	20	42	22	5	3	0	-147	-68	151	131	-182	-83
8	333	214	1165706752	40	22	42	21	6	3	0	-141	-65	151	131	-182	-83
8	333	214	1165708756	42	26	46	25	7	4	0	-134	-61	151	131	-182	-83
8	333	214	1165710760	49	29	49	26	7	4	0	-127	-57	151	131	-182	-83
8	333	214	1165712764	53	33	62	34	8	5	0	-119	-52	151	131	-182	-83
8	333	214	1165714760	57	35	59	34	8	5	0	-111	-47	151	131	-182	-83
8	333	214	1165716764	63	37	64	35	9	5	0	-102	-42	151	131	-182	-83
8	333	214	1165718768	68	41	67	38	10	6	0	-92	-36	151	131	-182	-83
8	333	214	1165720764	74	45	71	43	11	6	0	-81	-30	151	131	-182	-83
8	333	214	1165722764	79	48	88	50	12	7	0	-69	-23	151	131	-182	-83
8	333	214	1165724756	85	51	81	49	12	7	0	-57	-16	151	131	-182	-83
8	333	214	1165726752	90	54	86	50	12	8	0	-45	-8	151	131	-182	-83
8	333	214	1165728752	95	57	89	53	14	8	0	-31	0	151	131	-182	-83
8	333	214	1165730744	101	60	94	57	14	8	0	-17	8	151	131	-182	-83
8	333	214	1165732748	106	64	111	68	15	10	0	-2	18	151	131	-182	-83
8	333	214	1165734748	98	59	103	63	15	8	0	13	26	151	131	-182	-83
8	333	214	1165736748	116	69	106	65	16	10	0	29	36	151	131	-182	-83
8	333	214	1165738752	121	72	111	69	17	10	0	46	46	151	131	-182	-83
8	333	214	1165740752	125	74	130	80	18	11	0	64	57	151	131	-182	-83
8	333	214	1165742752	130	76	119	72	18	11	0	82	68	151	131	-182	-83
8	333	214	1165744756	134	79	122	74	18	11	0	100	79	151	131	-182	-83
8	333	214	1165746756	139	80	127	76	19	11	0	119	90	151	131	-182	-83
8	333	214	1165748760	141	81	147	90	21	13	0	140	103	151	131	-182	-83
8	333	214	1165750760	144	84	134	79	20	11	0	160	114	151	131	-182	-83
8	333	214	1165752764	146	85	135	81	21	12	0	181	126	151	131	-182	-83
8	333	214	1165754760	149	85	139	81	20	12	0	201	138	151	131	-182	-83
8	333	214	1165756764	150	86	140	84	21	13	0	222	151	151	131	-182	-83
8	333	214	1165758764	150	88	162	96	23	13	0	245	164	151	131	-182	-83
8	333	214	1165760768	151	87	145	84	21	12	0	266	176	151	131	-182	-83
8	333	214	1165762768	153	88	145	85	22	13	0	288	189	151	131	-182	-83
8	333	214	1165764768	150	86	146	85	21	12	0	309	201	151	131	-182	-83
8	333	214	1165766772	150	86	169	96	23	13	0	332	214	151	131	-182	-83
8	333	214	1165768772	130	74	146	83	20	11	0	352	225	151	131	-182	-83
8	333	214	1165770772	146	84	148	82	21	12	0	373	237	151	131	-182	-83
8	333	214	1165772768	144	81	145	80	21	12	0	394	249	151	131	-182	-83
8	333	214	1165774772	140	80	144	80	20	11	0	414	260	151	131	-182	-83
8	333	214	1165776772	137	77	161	88	22	12	0	436	272	151	131	-182	-83
8	333	214	1165778776	133	75	139	75	19	11	0	455	283	151	131	-182	-83
8	333	214	1165780780	127	73	135	72	19	11	0	474	294	151	131	-182	-83
8	333	214	1165782784	124	70	132	70	19	10	0	493	304	151	131	-182	-83
8	333	214	1165784788	117	66	145	77	19	10	0	512	314	151	131	-182	-83
8	333	214	1165786792	113	63	123	65	17	9	0	529	323	151	131	-182	-83
8	333	214	1165788788	107	58	117	60	16	9	0	545	332	151	131	-182	-83
8	333	214	1165790780	102	55	111	58	15	8	0	560	340	151	131	-182	-83
8	333	214	1165792776	93	53	107	54	15	8	0	575	348	151	131	-182	-83
8	333	214	1165794780	89	47	115	59	14	7	0	589	355	151	131	-182	-83
8	333	214	1165796780	83	45	92	47	13	7	0	602	362	151	131	-182	-83
8	333	214	1165798788	75	42	88	44	12	6	0	614	368	151	131	-182	-83
8	333	214	1165800784	70	36	80	40	11	6	0	625	374	151	131	-182	-83
8	333	214	1165802780	55	31	83	43	10	5	0	635	379	151	131	-182	-83
8	333	214	1165804780	56	31	67	33	8	5	0	643	384	151	131	-182	-83
8	333	214	1165806784	51	28	58	30	8	4	1	651	388	151	131	-182	-83
9	333	214	1165808788	45	25	54	28	7	4	1	158	135	151	131	-182	-83
9	-259	-299	1165810792	39	22	46	24	7	3	1	165	138	-108	-168	151	131
9	-259	-299	1165812784	34	19	47	25	5	3	1	170	141	-108	-168	151	131
9	-259	-299	1165814780	27	16	35	18	5	3	1	175	144	-108	-168	151	131
9	-259	-299	1165816784	24	15	30	17	4	2	1	179	146	-108	-168	151	131
9	-259	-299	1165818788	20	12	26	13	3	2	1	182	148	-108	-168	151	131
9	-259	-299	1165820792	16	11	24	14	3	1	1	185	149	-108	-168	151	131
9	-259	-299	1165822784	13	7	17	10	2	2	1	187	151	-108	-168	151	131
9	-259	-299	1165824788	8	7	14	8	2	1	1	189	152	-108	-168	151	131
9	-259	-299	1165826784	7	6	11	7	1	1	1	190	153	-108	-168	151	131
9	-259	-299	1165828772	5	4	8	5	1	0	1	191	153	-108	-168	151	131
9	-259	-299	1165830792	2	2	7	5	1	1	1	192	154	-108	-168	151	131
9	-259	-299	1165832768	0	3	4	4	0	0	1	192	154	-108	-168	151	131
9	-259	-299	1165834780	0	1	2	1	0	1	1	192	155	-108	-168	151	131
9	-259	-299	1165836768	0	0	2	1	0	0	1	192	155	-108	-168	151	131
9	-259	-299	1165838764	-3	1	1	2	0	0	1	192	155	-108	-168	151	131
9	-259	-299	1165840768	-2	0	0	1	0	0	1	192	155	-108	-168	151	131
9	-259	-299	1165842740	-4	0	0	0	0	0	1	192	155	-108	-168	151	131
9	-259	-299	1165844736	-4	0	0	0	0	0	1	192	155	-108	-168	151	131
9	-259	-299	1165846756	-2	1	-1	0	0	0	1	192	155	-108	-168	151	131
9	-259	-299	1165848724	-5	0	0	0	0	0	1	192	155	-108	-168	151	131
9	-259	-299	1165850732	-4	0	-1	0	-1	0	1	191	155	-108	-168	151	131
9	-259	-299	1165852748	-4	0	0	1	0	0	1	191	155	-108	-168	151	131
9	-259	-299	1165854716	-5	0	-1	0	0	0	1	191	155	-108	-168	151	131
9	-259	-299	1165856732	-4	0	-1	0	-1	0	1	190	155	-108	-168	151	131
9	-259	-299	1165858744	-3	2	0	0	0	0	1	190	155	-108	-168	151	131
9	-259	-299	1165860716	-4	0	-2	0	0	0	1	190	155	-108	-168	151	131
9	-259	-299	1165862732	-4	0	-1	0	-1	0	1	189	155	-108	-168	151	131
9	-259	-299	1165864716	-4	0	0	0	0	0	1	189	155	-108	-168	151	131
9	-259	-299	1165866712	-2	0	-1	0	0	0	1	189	155	-108	-168	151	131
9	-259	-299	1165868712	-3	0	0	0	0	0	1	189	155	-108	-168	151	131
9	-259	-299	1165870724	-2	0	-1	0	-1	0	1	188	155	-108	-168	151	131
9	-259	-299	1165872708	-3	0	-2	0	0	0	1	188	155	-108	-168	151	131
9	-259	-299	1165874744	-2	-1	0	0	0	0	1	188	155	-108	-168	151	131
9	-259	-299	1165876712	-1	0	-1	0	0	0	1	188	155	-108	-168	151	131
9	-259	-299	1165878760	-3	-1	-1	0	-1	0	1	187	155	-108	-168	151	131
9	-259	-299	1165880748	-2	-1	-1	0	0	0	1	187	155	-108	-168	151	131
9	-259	-299	1165882748	-4	-2	-2	-2	0	0	1	187	155	-108	-168	151	131
9	-259	-299	1165884760	-4	-1	-2	-1	-1	0	1	186	155	-108	-168	151	131
9	-259	-299	1165886748	-4	-2	-3	-1	0	0	1	186	155	-108	-168	151	131
9	-259	-299	1165888760	-6	-4	-2	-3	-1	0	1	185	155	-108	-168	151	131
9	-259	-299	1165890768	-6	-4	-5	-3	-1	-1	0	184	154	-108	-168	151	131
9	-259	-299	1165892756	-9	-5	-5	-5	-1	0	0	183	154	-108	-168	151	131
9	-259	-299	1165894760	-9	-6	-6	-7	-1	-1	0	182	153	-108	-168	151	131
9	-259	-299	1165896764	-11	-9	-9	-7	-1	-2	0	181	151	-108	-168	151	131
9	-259	-299	1165898772	-12	-9	-9	-9	-2	-1	0	179	150	-108	-168	151	131
9	-259	-299	1165900760	-15	-11	-11	-10	-1	-1	0	178	149	-108	-168	151	131
9	-259	-299	1165902756	-18	-14	-13	-12	-3	-2	0	175	147	-108	-168	151	131
9	-259	-299	1165904756	-20	-16	-17	-17	-2	-3	0	173	144	-108	-168	151	131
9	-259	-299	1165906748	-21	-19	-18	-16	-3	-2	0	170	142	-108	-168	151	131
9	-259	-299	1165908748	-26	-21	-20	-20	-4	-3	0	166	139	-108	-168	151	131
9	-259	-299	1165910744	-28	-25	-23	-22	-3	-3	0	163	136	-108	-168	151	131
9	-259	-299	1165912740	-31	-27	-27	-24	-4	-4	0	159	132	-108	-168	151	131
9	-259	-299	1165914732	-35	-32	-33	-33	-5	-5	0	154	127	-108	-168	151	131
9	-259	-299	1165916740	-38	-33	-34	-31	-5	-4	0	149	123	-108	-168	151	131
9	-259	-299	1165918740	-41	-38	-38	-34	-6	-6	0	143	117	-108	-168	151	131
9	-259	-299	1165920732	-45	-41	-40	-37	-6	-5	0	137	112	-108	-168	151	131
9	-259	-299	1165922728	-50	-45	-52	-46	-8	-7	0	129	105	-108	-168	151	131
9	-259	-299	1165924732	-52	-49	-50	-45	-7	-7	0	122	98	-108	-168	151	131
9	-259	-299	1165926732	-50	-45	-54	-49	-8	-6	0	114	92	-108	-168	151	131
9	-259	-299	1165928724	-62	-55	-59	-51	-8	-8	0	106	84	-108	-168	151	131
9	-259	-299	1165930720	-65	-60	-62	-55	-9	-8	0	97	76	-108	-168	151	131
9	-259	-299	1165932716	-70	-62	-78	-68	-11	-10	0	86	66	-108	-168	151	131
9	-259	-299	1165934712	-75	-68	-72	-62	-11	-9	0	75	57	-108	-168	151	131
9	-259	-299	1165936712	-80	-70	-76	-67	-11	-10	0	64	47	-108	-168	151	131
9	-259	-299	1165938708	-85	-76	-82	-70	-12	-10	0	52	37	-108	-168	151	131
9	-259	-299	1165940696	-90	-79	-86	-73	-13	-11	0	39	26	-108	-168	151	131
9	-259	-299	1165942704	-95	-84	-104	-90	-14	-13	0	25	13	-108	-168	151	131
9	-259	-299	1165944700	-101	-86	-93	-83	-14	-12	0	11	1	-108	-168	151	131
9	-259	-299	1165946700	-106	-91	-99	-85	-15	-13	0	-4	-12	-108	-168	151	131
9	-259	-299	1165948704	-111	-95	-103	-89	-15	-13	0	-19	-25	-108	-168	151	131
9	-259	-299	1165950700	-117	-98	-120	-106	-17	-15	0	-36	-40	-108	-168	151	131
9	-259	-299	1165952700	-120	-100	-108	-95	-17	-14	0	-53	-54	-108	-168	151	131
9	-259	-299	1165954696	-125	-103	-112	-97	-17	-14	0	-70	-68	-108	-168	151	131
9	-259	-299	1165956696	-112	-92	-112	-100	-16	-14	0	-86	-82	-108	-168	151	131
9	-259	-299	1165958696	-133	-106	-115	-102	-18	-15	0	-104	-97	-108	-168	151	131
9	-259	-299	1165960692	-135	-107	-133	-117	-19	-16	0	-123	-113	-108	-168	151	131
9	-259	-299	1165962684	-136	-108	-116	-104	-18	-16	0	-141	-129	-108	-168	151	131
9	-259	-299	1165964696	-139	-109	-116	-105	-19	-15	0	-160	-144	-108	-168	151	131
9	-259	-299	1165966692	-141	-108	-115	-105	-18	-15	0	-178	-159	-108	-168	151	131
9	-259	-299	1165968688	-141	-108	-115	-105	-19	-16	0	-197	-175	-108	-168	151	131
9	-259	-299	1165970684	-141	-107	-130	-120	-19	-16	0	-216	-191	-108	-168	151	131
9	-259	-299	1165972676	-140	-107	-111	-105	-18	-15	0	-234	-206	-108	-168	151	131
9	-259	-299	1165974680	-140	-105	-110	-102	-18	-15	0	-252	-221	-108	-168	151	131
9	-259	-299	1165976684	-138	-102	-107	-103	-18	-15	0	-270	-236	-108	-168	151	131
9	-259	-299	1165978688	-136	-101	-118	-116	-18	-16	0	-288	-252	-108	-168	151	131
9	-259	-299	1165980692	-134	-100	-100	-99	-17	-14	0	-305	-266	-108	-168	151	131
9	-259	-299	1165982684	-130	-99	-98	-97	-17	-14	0	-322	-280	-108	-168	151	131
9	-259	-299	1165984684	-127	-96	-94	-97	-16	-14	0	-338	-294	-108	-168	151	131
9	-259	-299	1165986684	-108	-83	-90	-93	-14	-13	0	-352	-307	-108	-168	151	131
9	-259	-299	1165988688	-120	-92	-98	-104	-16	-14	0	-368	-321	-108	-168	151	131
9	-259	-299	1165990680	-116	-92	-83	-90	-14	-13	0	-382	-334	-108	-168	151	131
9	-259	-299	1165992680	-110	-88	-77	-88	-13	-13	0	-395	-347	-108	-168	151	131
9	-259	-299	1165994680	-106	-87	-74	-85	-13	-12	0	-408	-359	-108	-168	151	131
9	-259	-299	1165996680	-102	-83	-79	-95	-13	-13	0	-421	-372	-108	-168	151	131
9	-259	-299	1165998680	-95	-82	-66	-81	-12	-12	0	-433	-384	-108	-168	151	131
9	-259	-299	1166000688	-90	-78	-61	-77	-11	-11	0	-444	-395	-108	-168	151	131
9	-259	-299	1166002680	-83	-75	-58	-75	-10	-11	0	-454	-406	-108	-168	151	131
9	-259	-299	1166004676	-79	-73	-54	-72	-10	-10	0	-464	-416	-108	-168	151	131
9	-259	-299	1166006684	-73	-69	-56	-78	-9	-11	0	-473	-427	-108	-168	151	131
9	-259	-299	1166008684	-66	-65	-45	-65	-8	-9	0	-481	-436	-108	-168	151	131
9	-259	-299	1166010680	-61	-61	-42	-62	-7	-9	0	-488	-445	-108	-168	151	131
9	-259	-299	1166012676	-55	-57	-39	-58	-7	-8	0	-495	-453	-108	-168	151	131
9	-259	-299	1166014672	-50	-53	-34	-55	-6	-8	0	-501	-461	-108	-168	151	131
9	-259	-299	1166016672	-38	-44	-36	-58	-6	-8	0	-507	-469	-108	-168	151	131
9	-259	-299	1166018668	-40	-45	-28	-46	-5	-6	0	-512	-475	-108	-168	151	131
9	-259	-299	1166020664	-33	-40	-23	-43	-4	-6	0	-516	-481	-108	-168	151	131
9	-259	-299	1166022648	-29	-36	-23	-38	-3	-5	0	-519	-486	-108	-168	151	131
9	-259	-299	1166024644	-25	-32	-17	-35	-3	-5	0	-522	-491	-108	-168	151	131
9	-259	-299	1166026640	-21	-28	-19	-35	-3	-5	0	-525	-496	-108	-168	151	131
9	-259	-299	1166028640	-18	-24	-14	-27	-3	-4	0	-528	-500	-108	-168	151	131
9	-259	-299	1166030636	-15	-21	-11	-23	-1	-3	0	-529	-503	-108	-168	151	131
9	-259	-299	1166032632	-11	-17	-9	-20	-2	-2	0	-531	-505	-108	-168	151	131
9	-259	-299	1166034636	-10	-15	-9	-20	-1	-3	0	-532	-508	-108	-168	151	131
9	-259	-299	1166036640	-8	-13	-6	-14	-1	-2	0	-533	-510	-108	-168	151	131
9	-259	-299	1166038644	-5	-9	-5	-13	-1	-1	0	-534	-511	-108	-168	151	131
9	-259	-299	1166040640	-5	-7	-4	-10	-1	-2	1	-535	-513	-108	-168	151	131
10	164	360	1166072672	2	0	0	0	0	0	1	-108	-168	56	192	-108	-168
10	164	360	1166078708	1	0	0	-2	0	0	1	-108	-168	56	192	-108	-168
10	164	360	1166086688	1	0	0	0	0	0	1	-108	-168	56	192	-108	-168
10	164	360	1166098696	1	0	0	0	0	0	1	-108	-168	56	192	-108	-168
10	164	360	1166112720	0	1	0	0	0	0	1	-108	-168	56	192	-108	-168
10	164	360	1166114748	2	0	0	1	0	0	1	-108	-168	56	192	-108	-168
10	164	360	1166120724	0	1	0	0	0	0	1	-108	-168	56	192	-108	-168
10	164	360	1166122728	0	0	0	1	0	0	1	-108	-168	56	192	-108	-168
10	164	360	1166124756	1	1	0	0	0	0	1	-108	-168	56	192	-108	-168
10	164	360	1166126728	0	1	0	1	0	0	0	-108	-168	56	192	-108	-168
10	164	360	1166128756	1	2	0	2	0	0	0	-108	-168	56	192	-108	-168
10	164	360	1166130752	0	1	2	1	0	0	0	-108	-168	56	192	-108	-168
10	164	360	1166132748	3	2	1	2	0	0	0	-108	-168	56	192	-108	-168
10	164	360	1166134744	1	4	1	4	0	0	0	-108	-168	56	192	-108	-168
10	164	360	1166136776	4	5	3	4	1	1	0	-107	-167	56	192	-108	-168
10	164	360	1166138760	3	6	3	5	0	0	0	-107	-167	56	192	-108	-168
10	164	360	1166140764	5	8	5	9	0	1	0	-107	-166	56	192	-108	-168
10	164	360	1166142784	7	10	7	8	1	1	0	-106	-165	56	192	-108	-168
10	164	360	1166144780	7	11	6	10	1	1	0	-105	-164	56	192	-108	-168
10	164	360	1166146788	9	14	9	13	1	1	0	-104	-163	56	192	-108	-168
10	164	360	1166148780	11	16	11	16	1	2	0	-103	-161	56	192	-108	-168
10	164	360	1166150788	14	19	11	16	1	2	0	-102	-159	56	192	-108	-168
10	164	360	1166152780	15	20	14	19	1	1	0	-101	-158	56	192	-108	-168
10	164	360	1166154784	19	25	15	21	2	3	0	-99	-155	56	192	-108	-168
10	164	360	1166156780	21	27	16	24	2	2	0	-97	-153	56	192	-108	-168
10	164	360	1166158784	24	30	23	31	2	3	0	-95	-150	56	192	-108	-168
10	164	360	1166160784	26	34	21	30	2	3	0	-93	-147	56	192	-108	-168
10	164	360	1166162784	31	38	22	34	3	4	0	-90	-143	56	192	-108	-168
10	164	360	1166164788	29	36	27	38	3	4	0	-87	-139	56	192	-108	-168
10	164	360	1166166792	37	42	32	45	3	4	0	-84	-135	56	192	-108	-168
10	164	360	1166168792	42	48	30	43	4	4	0	-80	-131	56	192	-108	-168
10	164	360	1166170792	43	51	33	47	4	5	0	-76	-126	56	192	-108	-168
10	164	360	1166172796	49	54	33	50	4	5	0	-72	-121	56	192	-108	-168
10	164	360	1166174800	53	59	37	53	4	6	0	-68	-115	56	192	-108	-168
10	164	360	1166176800	55	61	43	65	5	6	0	-63	-109	56	192	-108	-168
10	164	360	1166178800	60	65	40	60	5	6	0	-58	-103	56	192	-108	-168
10	164	360	1166180796	65	69	42	64	5	7	0	-53	-96	56	192	-108	-168
10	164	360	1166182812	67	72	43	68	5	7	0	-48	-89	56	192	-108	-168
10	164	360	1166184812	71	76	52	81	7	7	0	-41	-82	56	192	-108	-168
10	164	360	1166186816	75	80	46	75	6	8	0	-35	-74	56	192	-108	-168
10	164	360	1166188816	79	84	47	77	6	8	0	-29	-66	56	192	-108	-168
10	164	360	1166190816	83	88	48	83	6	9	0	-23	-57	56	192	-108	-168
10	164	360	1166192816	83	92	56	97	7	9	0	-16	-48	56	192	-108	-168
10	164	360	1166194816	88	95	50	90	7	9	0	-9	-39	56	192	-108	-168
10	164	360	1166196820	91	100	51	93	7	9	0	-2	-30	56	192	-108	-168
10	164	360	1166198816	93	104	52	97	7	10	0	5	-20	56	192	-108	-168
10	164	360	1166200808	83	94	52	100	7	10	0	12	-10	56	192	-108	-168
10	164	360	1166202808	97	111	60	120	7	11	0	19	1	56	192	-108	-168
10	164	360	1166204800	100	114	54	108	8	11	0	27	12	56	192	-108	-168
10	164	360	1166206804	101	118	54	111	8	12	0	35	24	56	192	-108	-168
10	164	360	1166208804	102	122	53	115	7	11	0	42	35	56	192	-108	-168
10	164	360	1166210800	104	125	54	116	8	12	0	50	47	56	192	-108	-168
10	164	360	1166212800	105	126	61	138	8	13	0	58	60	56	192	-108	-168
10	164	360	1166214800	105	131	54	122	8	13	0	66	73	56	192	-108	-168
10	164	360	1166216800	106	131	54	125	8	12	0	74	85	56	192	-108	-168
10	164	360	1166218796	107	134	54	128	8	13	0	82	98	56	192	-108	-168
10	164	360	1166220800	107	135	61	146	8	14	0	90	112	56	192	-108	-168
10	164	360	1166222796	106	136	54	129	8	13	0	98	125	56	192	-108	-168
10	164	360	1166224796	105	137	52	130	8	13	0	106	138	56	192	-108	-168
10	164	360	1166226796	105	135	53	130	8	13	0	114	151	56	192	-108	-168
10	164	360	1166228800	104	133	51	130	7	13	0	121	164	56	192	-108	-168
10	164	360	1166230800	89	118	57	146	8	13	0	129	177	56	192	-108	-168
10	164	360	1166232796	100	130	49	126	7	13	0	136	190	56	192	-108	-168
10	164	360	1166234796	97	129	48	125	7	13	0	143	203	56	192	-108	-168
10	164	360	1166236788	95	125	46	122	7	12	0	150	215	56	192	-108	-168
10	164	360	1166238796	92	121	44	118	7	12	0	157	227	56	192	-108	-168
10	164	360	1166240792	88	117	48	132	6	12	0	163	239	56	192	-108	-168
10	164	360	1166242780	84	113	40	111	7	11	0	170	250	56	192	-108	-168
10	164	360	1166244784	80	106	38	106	5	10	0	175	260	56	192	-108	-168
10	164	360	1166246776	75	101	36	101	6	10	0	181	270	56	192	-108	-168
10	164	360	1166248780	71	95	39	110	5	10	0	186	280	56	192	-108	-168
10	164	360	1166250780	67	90	31	90	5	9	0	191	289	56	192	-108	-168
10	164	360	1166252780	61	83	29	84	5	9	0	196	298	56	192	-108	-168
10	164	360	1166254784	56	77	26	80	4	7	0	200	305	56	192	-108	-168
10	164	360	1166256784	51	72	24	73	3	8	0	203	313	56	192	-108	-168
10	164	360	1166258784	45	63	25	77	4	6	0	207	319	56	192	-108	-168
10	164	360	1166260788	42	59	19	61	3	6	0	210	325	56	192	-108	-168
10	164	360	1166262788	36	54	17	57	2	6	0	212	331	56	192	-108	-168
10	164	360	1166264796	29	41	15	51	3	4	0	215	335	56	192	-108	-168
10	164	360	1166266796	27	43	15	51	2	5	0	217	340	56	192	-108	-168
10	164	360	1166268800	24	36	13	40	2	4	0	219	344	56	192	-108	-168
10	164	360	1166270804	20	31	10	35	1	3	0	220	347	56	192	-108	-168
10	164	360	1166272796	16	28	7	30	1	3	0	221	350	56	192	-108	-168
10	164	360	1166274792	13	23	8	26	1	2	0	222	352	56	192	-108	-168
10	164	360	1166276788	11	19	6	25	1	2	0	223	354	56	192	-108	-168
10	164	360	1166278788	7	16	5	19	1	2	0	224	356	56	192	-108	-168
10	164	360	1166280772	7	14	5	15	0	2	1	224	358	56	192	-108	-168
11	-56	-392	1166292760	1	2	1	4	0	0	1	56	192	0	-200	56	192
11	-56	-392	1166294760	0	2	1	3	0	0	1	56	192	0	-200	56	192
11	-56	-392	1166296732	0	1	0	1	0	0	1	56	192	0	-200	56	192
11	-56	-392	1166298736	0	0	0	1	0	0	1	56	192	0	-200	56	192
11	-56	-392	1166300736	0	0	0	1	0	0	1	56	192	0	-200	56	192
11	-56	-392	1166306748	0	0	2	0	0	0	1	56	192	0	-200	56	192
11	-56	-392	1166316760	0	-1	0	0	0	0	1	56	192	0	-200	56	192
11	-56	-392	1166320736	-1	0	1	0	0	0	1	56	192	0	-200	56	192
11	-56	-392	1166322768	0	-1	0	0	0	0	1	56	192	0	-200	56	192
11	-56	-392	1166324796	-2	-1	0	0	0	0	1	56	192	0	-200	56	192
11	-56	-392	1166326760	0	0	0	-1	0	0	1	56	192	0	-200	56	192
11	-56	-392	1166328760	0	-1	0	0	0	0	1	56	192	0	-200	56	192
11	-56	-392	1166330788	-1	-2	0	-2	0	0	1	56	192	0	-200	56	192
11	-56	-392	1166332752	0	-1	0	-1	0	0	1	56	192	0	-200	56	192
11	-56	-392	1166334788	-1	-1	0	-1	0	0	1	56	192	0	-200	56	192
11	-56	-392	1166336752	0	-3	0	-3	0	0	1	56	192	0	-200	56	192
11	-56	-392	1166338780	-1	-3	0	-2	0	0	1	56	192	0	-200	56	192
11	-56	-392	1166340784	-2	-5	0	-4	0	0	1	56	192	0	-200	56	192
11	-56	-392	1166342800	-1	-5	0	-5	0	-1	1	56	191	0	-200	56	192
11	-56	-392	1166344788	-2	-8	0	-6	0	0	1	56	191	0	-200	56	192
11	-56	-392	1166346792	-3	-9	-1	-9	0	-1	1	56	190	0	-200	56	192
11	-56	-392	1166348788	-4	-10	0	-10	0	-1	1	56	189	0	-200	56	192
11	-56	-392	1166350788	-3	-12	-1	-11	0	-1	1	56	188	0	-200	56	192
11	-56	-392	1166352792	-7	-15	-1	-13	0	-1	1	56	187	0	-200	56	192
11	-56	-392	1166354784	-6	-16	-3	-15	0	-1	1	56	186	0	-200	56	192
11	-56	-392	1166356800	-7	-20	-1	-16	-1	-2	1	55	184	0	-200	56	192
11	-56	-392	1166358788	-10	-23	-2	-22	0	-2	1	55	182	0	-200	56	192
11	-56	-392	1166360800	-10	-25	-3	-23	-1	-2	0	54	180	0	-200	56	192
11	-56	-392	1166362792	-13	-27	-2	-25	0	-2	0	54	178	0	-200	56	192
11	-56	-392	1166364804	-11	-28	-4	-29	-1	-3	0	53	175	0	-200	56	192
11	-56	-392	1166366808	-15	-35	-4	-35	-1	-3	0	52	172	0	-200	56	192
11	-56	-392	1166368804	-16	-37	-4	-33	-1	-3	0	51	169	0	-200	56	192
11	-56	-392	1166370792	-19	-40	-5	-38	-1	-3	0	50	166	0	-200	56	192
11	-56	-392	1166372788	-20	-44	-5	-39	-1	-3	0	49	163	0	-200	56	192
11	-56	-392	1166374788	-21	-46	-5	-42	-1	-4	0	48	159	0	-200	56	192
11	-56	-392	1166376796	-24	-50	-6	-53	-1	-5	0	47	154	0	-200	56	192
11	-56	-392	1166378788	-24	-53	-6	-48	-1	-4	0	46	150	0	-200	56	192
11	-56	-392	1166380792	-26	-55	-6	-50	-2	-4	0	44	146	0	-200	56	192
11	-56	-392	1166382792	-28	-59	-8	-55	-1	-5	0	43	141	0	-200	56	192
11	-56	-392	1166384800	-30	-61	-9	-65	-2	-6	0	41	135	0	-200	56	192
11	-56	-392	1166386800	-31	-65	-7	-60	-1	-5	0	40	130	0	-200	56	192
11	-56	-392	1166388804	-32	-67	-10	-64	-2	-5	0	38	125	0	-200	56	192
11	-56	-392	1166390800	-34	-72	-9	-66	-2	-6	0	36	119	0	-200	56	192
11	-56	-392	1166392804	-36	-73	-11	-69	-2	-6	0	34	113	0	-200	56	192
11	-56	-392	1166394800	-39	-78	-13	-83	-2	-7	0	32	106	0	-200	56	192
11	-56	-392	1166396804	-36	-70	-11	-76	-2	-6	0	30	100	0	-200	56	192
11	-56	-392	1166398800	-43	-84	-12	-79	-3	-7	0	27	93	0	-200	56	192
11	-56	-392	1166400808	-45	-87	-14	-81	-2	-8	0	25	85	0	-200	56	192
11	-56	-392	1166402808	-47	-91	-16	-97	-3	-8	0	22	77	0	-200	56	192
11	-56	-392	1166404804	-50	-94	-15	-90	-3	-7	0	19	70	0	-200	56	192
11	-56	-392	1166406804	-53	-99	-17	-92	-3	-9	0	16	61	0	-200	56	192
11	-56	-392	1166408796	-56	-102	-16	-96	-3	-8	0	13	53	0	-200	56	192
11	-56	-392	1166410796	-58	-107	-17	-100	-3	-9	0	10	44	0	-200	56	192
11	-56	-392	1166412788	-62	-110	-22	-116	-3	-9	0	7	35	0	-200	56	192
11	-56	-392	1166414784	-64	-112	-20	-106	-4	-10	0	3	25	0	-200	56	192
11	-56	-392	1166416784	-67	-116	-18	-109	-4	-9	0	-1	16	0	-200	56	192
11	-56	-392	1166418780	-70	-119	-22	-110	-4	-10	0	-5	6	0	-200	56	192
11	-56	-392	1166420780	-73	-120	-20	-114	-4	-10	0	-9	-4	0	-200	56	192
11	-56	-392	1166422784	-75	-121	-25	-130	-4	-11	0	-13	-15	0	-200	56	192
11	-56	-392	1166424784	-76	-123	-21	-116	-4	-10	0	-17	-25	0	-200	56	192
11	-56	-392	1166426780	-79	-124	-21	-116	-4	-10	0	-21	-35	0	-200	56	192
11	-56	-392	1166428784	-70	-107	-21	-118	-4	-10	0	-25	-45	0	-200	56	192
11	-56	-392	1166430788	-80	-124	-25	-134	-5	-11	0	-30	-56	0	-200	56	192
11	-56	-392	1166432788	-81	-124	-20	-117	-4	-10	0	-34	-66	0	-200	56	192
11	-56	-392	1166434788	-83	-121	-20	-116	-4	-10	0	-38	-76	0	-200	56	192
11	-56	-392	1166436788	-81	-121	-20	-117	-5	-10	0	-43	-86	0	-200	56	192
11	-56	-392	1166438788	-81	-119	-19	-115	-4	-10	0	-47	-96	0	-200	56	192
11	-56	-392	1166440788	-81	-116	-21	-128	-4	-11	0	-51	-107	0	-200	56	192
11	-56	-392	1166442788	-80	-115	-17	-113	-4	-9	0	-55	-116	0	-200	56	192
11	-56	-392	1166444784	-79	-113	-16	-109	-4	-10	0	-59	-126	0	-200	56	192
11	-56	-392	1166446784	-78	-111	-15	-108	-4	-9	0	-63	-135	0	-200	56	192
11	-56	-392	1166448776	-76	-107	-14	-105	-4	-9	0	-67	-144	0	-200	56	192
11	-56	-392	1166450780	-74	-108	-13	-119	-4	-10	0	-71	-154	0	-200	56	192
11	-56	-392	1166452784	-72	-104	-12	-103	-3	-9	0	-74	-163	0	-200	56	192
11	-56	-392	1166454772	-70	-103	-8	-100	-4	-8	0	-78	-171	0	-200	56	192
11	-56	-392	1166456772	-69	-102	-9	-98	-3	-9	0	-81	-180	0	-200	56	192
11	-56	-392	1166458768	-59	-87	-8	-110	-3	-8	0	-84	-188	0	-200	56	192
11	-56	-392	1166460768	-66	-99	-5	-97	-3	-9	0	-87	-197	0	-200	56	192
11	-56	-392	1166462772	-64	-99	-5	-93	-3	-8	0	-90	-205	0	-200	56	192
11	-56	-392	1166464764	-62	-96	-2	-94	-3	-8	0	-93	-213	0	-200	56	192
11	-56	-392	1166466768	-61	-96	-3	-93	-2	-8	0	-95	-221	0	-200	56	192
11	-56	-392	1166468768	-60	-95	0	-103	-3	-8	0	-98	-229	0	-200	56	192
11	-56	-392	1166470768	-59	-94	0	-90	-2	-8	0	-100	-237	0	-200	56	192
11	-56	-392	1166472760	-58	-94	0	-90	-3	-8	0	-103	-245	0	-200	56	192
11	-56	-392	1166474756	-56	-92	1	-89	-2	-8	0	-105	-253	0	-200	56	192
11	-56	-392	1166476756	-55	-93	2	-103	-2	-8	0	-107	-261	0	-200	56	192
11	-56	-392	1166478760	-54	-91	4	-87	-3	-8	0	-110	-269	0	-200	56	192
11	-56	-392	1166480756	-53	-90	4	-88	-2	-7	0	-112	-276	0	-200	56	192
11	-56	-392	1166482752	-52	-91	4	-86	-2	-8	0	-114	-284	0	-200	56	192
11	-56	-392	1166484748	-51	-90	5	-87	-2	-7	0	-116	-291	0	-200	56	192
11	-56	-392	1166486744	-42	-78	6	-98	-1	-8	0	-117	-299	0	-200	56	192
11	-56	-392	1166488740	-49	-88	6	-85	-2	-7	0	-119	-306	0	-200	56	192
11	-56	-392	1166490736	-48	-88	6	-84	-2	-8	0	-121	-314	0	-200	56	192
11	-56	-392	1166492732	-46	-86	7	-83	-2	-7	0	-123	-321	0	-200	56	192
11	-56	-392	1166494728	-45	-84	6	-82	-1	-7	0	-124	-328	0	-200	56	192
11	-56	-392	1166496716	-42	-82	7	-90	-2	-7	0	-126	-335	0	-200	56	192
11	-56	-392	1166498712	-42	-80	7	-77	-1	-7	0	-127	-342	0	-200	56	192
11	-56	-392	1166500712	-38	-77	6	-75	-2	-6	0	-129	-348	0	-200	56	192
11	-56	-392	1166502708	-37	-72	5	-71	-1	-6	0	-130	-354	0	-200	56	192
11	-56	-392	1166504704	-33	-70	5	-68	-1	-6	0	-131	-360	0	-200	56	192
11	-56	-392	1166506700	-30	-64	6	-74	-1	-6	0	-132	-366	0	-200	56	192
11	-56	-392	1166508696	-29	-60	4	-58	-1	-5	0	-133	-371	0	-200	56	192
11	-56	-392	1166510696	-25	-55	5	-57	-1	-5	0	-134	-376	0	-200	56	192
11	-56	-392	1166512692	-20	-44	4	-51	-1	-4	0	-135	-380	0	-200	56	192
11	-56	-392	1166514676	-21	-45	3	-46	0	-4	0	-135	-384	0	-200	56	192
11	-56	-392	1166516688	-18	-40	3	-48	-1	-4	0	-136	-388	0	-200	56	192
11	-56	-392	1166518700	-15	-33	2	-36	-1	-3	0	-137	-391	0	-200	56	192
11	-56	-392	1166520684	-12	-29	3	-32	0	-2	0	-137	-393	0	-200	56	192
11	-56	-392	1166522684	-10	-24	1	-28	0	-2	0	-137	-395	0	-200	56	192
11	-56	-392	1166524700	-9	-20	1	-27	-1	-2	0	-138	-397	0	-200	56	192
11	-56	-392	1166526680	-6	-16	2	-19	0	-2	0	-138	-399	0	-200	56	192
11	-56	-392	1166528680	-5	-13	0	-16	0	-1	1	-138	-400	0	-200	56	192
