1	0	-300	2590642892	-1	0	0	0	0	0	1	0	-300	0	-300	0	0
1	0	-300	2590648904	-1	0	0	0	0	0	1	0	-300	0	-300	0	0
1	-85	588	2590652912	0	0	2	0	0	0	1	0	-300	-85	288	0	-300
1	-85	588	2590654912	-2	0	0	0	0	0	1	0	-300	-85	288	0	-300
1	-85	588	2590656908	0	0	1	0	0	0	1	0	-300	-85	288	0	-300
1	-85	588	2590662916	0	0	1	0	0	0	1	0	-300	-85	288	0	-300
1	-85	588	2590664916	-1	0	0	0	0	0	1	0	-300	-85	288	0	-300
1	-85	588	2590668924	0	0	1	0	0	0	1	0	-300	-85	288	0	-300
1	-85	588	2590674924	-1	0	0	0	0	0	1	0	-300	-85	288	0	-300
1	-85	588	2590676956	-1	0	0	-2	0	0	1	0	-300	-85	288	0	-300
1	-85	588	2590678924	-2	0	0	0	0	0	1	0	-300	-85	288	0	-300
1	-85	588	2590680948	-1	-2	0	0	0	0	1	0	-300	-85	288	0	-300
1	-85	588	2590682944	-2	0	0	-1	0	0	1	0	-300	-85	288	0	-300
1	-85	588	2590684948	-3	-1	0	0	0	0	1	0	-300	-85	288	0	-300
1	-85	588	2590686944	-1	-1	0	-1	0	0	1	0	-300	-85	288	0	-300
1	-85	588	2590688944	-4	-1	0	0	0	0	1	0	-300	-85	288	0	-300
1	-85	588	2590690944	-2	-2	-1	-1	0	0	1	0	-300	-85	288	0	-300
1	-85	588	2590692940	-3	-1	0	-2	0	0	1	0	-300	-85	288	0	-300
1	-85	588	2590694944	-4	-1	-2	-1	0	0	1	0	-300	-85	288	0	-300
1	-85	588	2590696940	-2	0	-1	-1	0	0	1	0	-300	-85	288	0	-300
1	-85	588	2590698940	-4	-1	0	0	0	0	1	0	-300	-85	288	0	-300
1	-85	588	2590700940	-4	-2	-1	-1	0	0	1	0	-300	-85	288	0	-300
1	-85	588	2590702948	-2	-1	0	-2	0	0	1	0	-300	-85	288	0	-300
1	-85	588	2590704948	-4	-1	-1	-1	0	0	1	0	-300	-85	288	0	-300
1	-85	588	2590706944	-2	-1	-2	-1	0	0	1	0	-300	-85	288	0	-300
1	-85	588	2590708940	-4	-2	0	0	0	0	1	0	-300	-85	288	0	-300
1	-85	588	2590710948	-1	-1	-1	-1	0	0	1	0	-300	-85	288	0	-300
1	-85	588	2590712944	-3	0	-1	-2	0	0	1	0	-300	-85	288	0	-300
1	-85	588	2590714948	-2	-1	0	0	0	0	1	0	-300	-85	288	0	-300
1	-85	588	2590716944	-2	-1	-1	0	0	0	0	0	-300	-85	288	0	-300
1	-85	588	2590718916	0	0	0	-1	0	0	0	0	-300	-85	288	0	-300
1	-85	588	2590720912	-1	0	0	0	0	0	0	0	-300	-85	288	0	-300
1	-85	588	2590724920	0	0	-2	0	0	0	0	0	-300	-85	288	0	-300
1	-85	588	2590728924	0	0	0	-1	0	0	0	0	-300	-85	288	0	-300
1	-85	588	2590730932	0	0	-1	0	0	0	0	0	-300	-85	288	0	-300
1	-85	588	2590734940	0	0	-1	0	0	0	0	0	-300	-85	288	0	-300
1	-85	588	2590738948	0	0	-1	0	0	0	0	0	-300	-85	288	0	-300
1	-85	588	2590742944	0	0	-2	0	0	0	0	0	-300	-85	288	0	-300
1	-85	588	2590744976	0	0	-1	2	0	0	0	0	-300	-85	288	0	-300
1	-85	588	2590746948	0	2	0	1	0	0	0	0	-300	-85	288	0	-300
1	-85	588	2590748984	0	2	-2	2	0	0	0	0	-300	-85	288	0	-300
1	-85	588	2590750956	2	3	-2	4	0	0	0	0	-300	-85	288	0	-300
1	-85	588	2590752972	0	5	-2	4	0	0	0	0	-300	-85	288	0	-300
1	-85	588	2590754972	1	5	-3	5	0	0	0	0	-300	-85	288	0	-300
1	-85	588	2590756972	0	8	-3	6	0	0	0	0	-300	-85	288	0	-300
1	-85	588	2590758968	1	7	-4	9	0	0	0	0	-300	-85	288	0	-300
1	-85	588	2590760964	3	12	-5	9	0	0	0	0	-300	-85	288	0	-300
1	-85	588	2590762960	1	11	-6	11	0	0	0	0	-300	-85	288	0	-300
1	-85	588	2590764956	2	12	-7	12	0	0	0	0	-300	-85	288	0	-300
1	-85	588	2590766952	3	18	-7	14	0	0	0	0	-300	-85	288	0	-300
1	-85	588	2590768948	4	17	-9	16	0	0	0	0	-300	-85	288	0	-300
1	-85	588	2590770944	5	22	-10	19	0	0	0	0	-300	-85	288	0	-300
1	-85	588	2590772944	5	22	-10	21	0	0	0	0	-300	-85	288	0	-300
1	-85	588	2590774944	5	24	-11	24	0	0	0	0	-300	-85	288	0	-300
1	-85	588	2590776944	7	31	-11	26	0	0	0	0	-300	-85	288	0	-300
1	-85	588	2590778944	9	31	-14	30	0	0	0	0	-300	-85	288	0	-300
1	-85	588	2590780948	11	39	-16	38	0	0	0	0	-300	-85	288	0	-300
1	-85	588	2590782940	10	38	-15	36	0	0	0	0	-300	-85	288	0	-300
1	-85	588	2590784948	15	46	-17	40	0	0	0	0	-300	-85	288	0	-300
1	-85	588	2590786952	14	42	-17	43	0	0	0	0	-300	-85	288	0	-300
1	-85	588	2590788960	16	47	-18	45	0	0	0	0	-300	-85	288	0	-300
1	-85	588	2590790936	20	57	-20	50	0	0	0	0	-300	-85	288	0	-300
1	-85	588	2590792964	19	53	-20	51	0	0	0	0	-300	-85	288	0	-300
1	-85	588	2590794960	24	63	-20	55	0	0	0	0	-300	-85	288	0	-300
1	-85	588	2590796940	22	59	-22	59	0	0	0	0	-300	-85	288	0	-300
1	-85	588	2590798964	24	63	-23	61	0	0	0	0	-300	-85	288	0	-300
1	-85	588	2590800960	29	75	-22	64	0	0	0	0	-300	-85	288	0	-300
1	-85	588	2590802956	26	67	-24	67	0	0	0	0	-300	-85	288	0	-300
1	-85	588	2590804956	32	81	-25	70	0	0	0	0	-300	-85	288	0	-300
1	-85	588	2590806924	29	73	-29	84	0	0	0	0	-300	-85	288	0	-300
1	-85	588	2590808948	35	86	-26	75	0	0	0	0	-300	-85	288	0	-300
1	-85	588	2590810956	33	78	-26	77	0	0	0	0	-300	-85	288	0	-300
1	-85	588	2590812948	32	78	-26	79	0	0	0	0	-300	-85	288	0	-300
1	-85	588	2590814956	39	92	-28	80	0	0	0	0	-300	-85	288	0	-300
1	-85	588	2590816948	34	80	-26	81	0	0	0	0	-300	-85	288	0	-300
1	-85	588	2590818952	40	92	-28	83	0	0	0	0	-300	-85	288	0	-300
1	-85	588	2590820960	35	83	-26	82	0	0	0	0	-300	-85	288	0	-300
1	-85	588	2590822952	35	82	-27	84	0	0	0	0	-300	-85	288	0	-300
1	-85	588	2590824956	41	94	-27	84	0	0	0	0	-300	-85	288	0	-300
1	-85	588	2590826952	35	81	-26	84	0	0	0	0	-300	-85	288	0	-300
1	-85	588	2590828944	40	94	-26	83	0	0	0	0	-300	-85	288	0	-300
1	-85	588	2590830948	35	82	-25	84	0	0	0	0	-300	-85	288	0	-300
1	-85	588	2590832956	34	82	-25	83	0	0	0	0	-300	-85	288	0	-300
1	-85	588	2590834960	38	91	-29	95	0	0	0	0	-300	-85	288	0	-300
1	-85	588	2590836964	34	80	-24	82	0	0	0	0	-300	-85	288	0	-300
1	-85	588	2590838968	38	90	-23	81	0	0	0	0	-300	-85	288	0	-300
1	-85	588	2590840972	32	79	-23	82	0	0	0	0	-300	-85	288	0	-300
1	-85	588	2590842976	35	88	-22	80	0	0	0	0	-300	-85	288	0	-300
1	-85	588	2590844972	30	78	-23	78	0	0	0	0	-300	-85	288	0	-300
1	-85	588	2590846960	30	75	-22	78	0	0	0	0	-300	-85	288	0	-300
1	-85	588	2590848968	33	86	-23	77	0	0	0	0	-300	-85	288	0	-300
1	-85	588	2590850968	26	75	-22	77	0	0	0	0	-300	-85	288	0	-300
1	-85	588	2590852976	29	84	-23	76	0	0	0	0	-300	-85	288	0	-300
1	-85	588	2590854968	25	72	-22	75	0	0	0	0	-300	-85	288	0	-300
1	-85	588	2590856976	26	82	-23	74	0	0	0	0	-300	-85	288	0	-300
1	-85	588	2590858972	21	71	-22	72	0	0	0	0	-300	-85	288	0	-300
1	-85	588	2590860964	21	70	-27	81	0	0	0	0	-300	-85	288	0	-300
1	-85	588	2590862944	23	79	-23	72	0	0	0	0	-300	-85	288	0	-300
1	-85	588	2590864972	17	67	-24	70	0	0	0	0	-300	-85	288	0	-300
1	-85	588	2590866964	20	76	-24	67	0	0	0	0	-300	-85	288	0	-300
1	-85	588	2590868972	15	65	-24	68	0	0	0	0	-300	-85	288	0	-300
1	-85	588	2590870964	15	65	-23	66	0	0	0	0	-300	-85	288	0	-300
1	-85	588	2590872972	17	73	-24	65	0	0	0	0	-300	-85	288	0	-300
1	-85	588	2590874980	12	61	-23	64	0	0	0	0	-300	-85	288	0	-300
1	-85	588	2590876984	14	69	-23	62	0	0	0	0	-300	-85	288	0	-300
1	-85	588	2590878988	11	59	-23	60	0	0	0	0	-300	-85	288	0	-300
1	-85	588	2590880984	11	65	-24	60	0	0	0	0	-300	-85	288	0	-300
1	-85	588	2590882980	10	56	-22	58	0	0	0	0	-300	-85	288	0	-300
1	-85	588	2590884988	9	55	-21	57	0	0	0	0	-300	-85	288	0	-300
1	-85	588	2590886984	9	60	-25	63	0	0	0	0	-300	-85	288	0	-300
1	-85	588	2590888988	7	51	-20	53	0	0	0	0	-300	-85	288	0	-300
1	-85	588	2590890980	9	58	-20	53	0	0	0	0	-300	-85	288	0	-300
1	-85	588	2590892980	6	48	-20	50	0	0	0	0	-300	-85	288	0	-300
1	-85	588	2590894984	7	48	-19	49	0	0	0	0	-300	-85	288	0	-300
1	-85	588	2590896984	6	52	-18	48	0	0	0	0	-300	-85	288	0	-300
1	-85	588	2590898984	6	44	-17	47	0	0	0	0	-300	-85	288	0	-300
1	-85	588	2590900984	6	49	-18	45	0	0	0	0	-300	-85	288	0	-300
1	-85	588	2590902984	5	41	-15	42	0	0	0	0	-300	-85	288	0	-300
1	-85	588	2590904984	7	46	-16	43	0	0	0	0	-300	-85	288	0	-300
1	-85	588	2590906984	3	39	-14	41	0	0	0	0	-300	-85	288	0	-300
1	-85	588	2590908988	5	38	-15	40	0	0	0	0	-300	-85	288	0	-300
1	-85	588	2590910988	5	42	-12	37	0	0	0	0	-300	-85	288	0	-300
1	-85	588	2590912988	4	35	-14	38	0	0	0	0	-300	-85	288	0	-300
1	-85	588	2590914988	4	39	-14	41	0	0	0	0	-300	-85	288	0	-300
1	-85	588	2590916992	4	34	-12	35	0	0	0	0	-300	-85	288	0	-300
1	-85	588	2590918992	3	32	-11	34	0	0	0	0	-300	-85	288	0	-300
1	-85	588	2590920992	4	35	-12	32	0	0	0	0	-300	-85	288	0	-300
1	-85	588	2590922996	3	30	-10	32	0	0	0	0	-300	-85	288	0	-300
1	-85	588	2590924988	3	33	-10	30	0	0	0	0	-300	-85	288	0	-300
1	-85	588	2590926992	3	28	-10	30	0	0	0	0	-300	-85	288	0	-300
1	-85	588	2590928992	2	30	-8	27	0	0	0	0	-300	-85	288	0	-300
1	-85	588	2590930988	3	27	-10	28	0	0	0	0	-300	-85	288	0	-300
1	-85	588	2590932984	1	26	-9	27	0	0	0	0	-300	-85	288	0	-300
1	-85	588	2590934980	3	27	-8	25	0	0	0	0	-300	-85	288	0	-300
1	-85	588	2590936980	1	24	-7	25	0	0	0	0	-300	-85	288	0	-300
1	-85	588	2590938976	0	25	-9	23	0	0	0	0	-300	-85	288	0	-300
1	-85	588	2590940972	1	21	-6	22	0	0	0	0	-300	-85	288	0	-300
1	-85	588	2590942964	0	22	-8	21	0	0	0	0	-300	-85	288	0	-300
1	-85	588	2590944964	0	21	-7	24	0	0	0	0	-300	-85	288	0	-300
1	-85	588	2590946964	0	19	-6	20	0	0	0	0	-300	-85	288	0	-300
1	-85	588	2590948960	0	20	-7	19	0	0	0	0	-300	-85	288	0	-300
1	-85	588	2590950960	-1	17	-6	17	0	0	0	0	-300	-85	288	0	-300
1	-85	588	2590952960	-3	16	-5	17	0	0	0	0	-300	-85	288	0	-300
1	-85	588	2590954964	-1	18	-5	16	0	0	0	0	-300	-85	288	0	-300
1	-85	588	2590956968	-3	14	-5	15	0	0	0	0	-300	-85	288	0	-300
1	-85	588	2590958972	-2	16	-5	15	0	0	0	0	-300	-85	288	0	-300
1	-85	588	2590960976	-4	14	-5	14	0	0	0	0	-300	-85	288	0	-300
1	-85	588	2590962980	-2	12	-5	13	0	0	0	0	-300	-85	288	0	-300
1	-85	588	2590964972	-4	13	-4	13	0	0	0	0	-300	-85	288	0	-300
1	-85	588	2590966976	-4	12	-5	11	0	0	0	0	-300	-85	288	0	-300
1	-85	588	2590968980	-4	13	-3	11	0	0	0	0	-300	-85	288	0	-300
1	-85	588	2590970980	-3	10	-5	13	0	0	0	0	-300	-85	288	0	-300
1	-85	588	2590972984	-4	11	-4	10	0	0	0	0	-300	-85	288	0	-300
1	-85	588	2590974984	-5	10	-5	10	0	0	0	0	-300	-85	288	0	-300
1	-85	588	2590976980	-4	9	-4	10	0	0	0	0	-300	-85	288	0	-300
1	-85	588	2590978988	-5	11	-4	10	0	0	0	0	-300	-85	288	0	-300
1	-85	588	2590980988	-5	9	-3	9	0	0	0	0	-300	-85	288	0	-300
1	-85	588	2590982992	-5	10	-5	8	0	0	0	0	-300	-85	288	0	-300
1	-85	588	2590984988	-5	7	-4	9	0	0	0	0	-300	-85	288	0	-300
1	-85	588	2590986992	-5	10	-5	9	0	0	0	0	-300	-85	288	0	-300
1	-85	588	2590988988	-5	8	-4	7	0	0	0	0	-300	-85	288	0	-300
1	-85	588	2590990992	-5	7	-4	8	0	0	0	0	-300	-85	288	0	-300
1	-85	588	2590992996	-6	9	-5	7	0	0	0	0	-300	-85	288	0	-300
1	-85	588	2590994996	-5	7	-3	8	0	0	0	0	-300	-85	288	0	-300
1	-85	588	2590997004	-5	8	-5	9	0	0	0	0	-300	-85	288	0	-300
1	-85	588	2590999008	-6	7	-4	7	0	0	0	0	-300	-85	288	0	-300
1	-85	588	2591001012	-7	8	-5	6	0	0	0	0	-300	-85	288	0	-300
1	-85	588	2591003008	-5	7	-4	8	0	0	0	0	-300	-85	288	0	-300
1	-85	588	2591005012	-5	7	-5	6	0	0	0	0	-300	-85	288	0	-300
1	-85	588	2591007008	-6	7	-4	6	0	0	0	0	-300	-85	288	0	-300
1	-85	588	2591009008	-5	8	-5	8	0	0	0	0	-300	-85	288	0	-300
1	-85	588	2591011012	-6	7	-3	6	0	0	0	0	-300	-85	288	0	-300
1	-85	588	2591013020	-5	6	-5	6	0	0	0	0	-300	-85	288	0	-300
1	-85	588	2591015012	-5	7	-5	8	0	0	0	0	-300	-85	288	0	-300
1	-85	588	2591017016	-6	8	-4	6	0	0	0	0	-300	-85	288	0	-300
1	-85	588	2591019020	-5	7	-5	8	0	0	0	0	-300	-85	288	0	-300
1	-85	588	2591021020	-5	8	-5	6	0	0	0	0	-300	-85	288	0	-300
1	-85	588	2591023016	-5	8	-6	9	0	0	0	0	-300	-85	288	0	-300
1	-85	588	2591025012	-7	7	-7	7	0	0	0	0	-300	-85	288	0	-300
1	-85	588	2591027004	-5	9	-5	9	0	0	0	0	-300	-85	288	0	-300
1	-85	588	2591029012	-5	8	-6	7	0	0	0	0	-300	-85	288	0	-300
1	-85	588	2591031016	-6	10	-6	9	0	0	0	0	-300	-85	288	0	-300
1	-85	588	2591033016	-5	7	-6	8	0	0	0	0	-300	-85	288	0	-300
1	-85	588	2591035020	-6	10	-8	8	0	0	0	0	-300	-85	288	0	-300
1	-85	588	2591037016	-5	9	-6	9	0	0	0	0	-300	-85	288	0	-300
1	-85	588	2591039024	-5	9	-8	9	0	0	0	0	-300	-85	288	0	-300
1	-85	588	2591041016	-5	11	-6	9	0	0	0	0	-300	-85	288	0	-300
1	-85	588	2591043016	-5	9	-7	10	0	0	0	0	-300	-85	288	0	-300
1	-85	588	2591045016	-6	11	-8	8	0	0	0	0	-300	-85	288	0	-300
1	-85	588	2591047012	-5	10	-7	10	0	0	0	0	-300	-85	288	0	-300
1	-85	588	2591049016	-5	9	-8	10	0	0	0	0	-300	-85	288	0	-300
1	-85	588	2591051016	-5	11	-9	10	0	0	0	0	-300	-85	288	0	-300
1	-85	588	2591053016	-5	10	-7	10	0	0	0	0	-300	-85	288	0	-300
1	-85	588	2591055020	-5	11	-8	10	0	0	0	0	-300	-85	288	0	-300
1	-85	588	2591057024	-5	10	-7	10	0	0	0	0	-300	-85	288	0	-300
1	-85	588	2591059028	-4	10	-8	10	0	0	0	0	-300	-85	288	0	-300
1	-85	588	2591061028	-5	10	-7	9	0	0	0	0	-300	-85	288	0	-300
1	-85	588	2591063020	-4	10	-6	10	0	0	0	0	-300	-85	288	0	-300
1	-85	588	2591065012	-4	10	-8	9	0	0	0	0	-300	-85	288	0	-300
1	-85	588	2591067012	-3	10	-6	10	0	0	0	0	-300	-85	288	0	-300
1	-85	588	2591069016	-3	10	-6	9	0	0	0	0	-300	-85	288	0	-300
1	-85	588	2591071012	-4	10	-7	10	0	0	0	0	-300	-85	288	0	-300
1	-85	588	2591073016	-2	9	-6	8	0	0	0	0	-300	-85	288	0	-300
1	-85	588	2591075020	-3	10	-6	9	0	0	0	0	-300	-85	288	0	-300
1	-85	588	2591077016	-2	9	-6	9	0	0	0	0	-300	-85	288	0	-300
1	-85	588	2591079024	-1	10	-5	10	0	0	0	0	-300	-85	288	0	-300
1	-85	588	2591081024	-3	8	-7	9	0	0	0	0	-300	-85	288	0	-300
1	-85	588	2591083028	-1	9	-3	8	0	0	0	0	-300	-85	288	0	-300
1	-85	588	2591085036	-1	9	-5	9	0	0	0	0	-300	-85	288	0	-300
1	-85	588	2591087040	-2	9	-5	8	0	0	0	0	-300	-85	288	0	-300
1	-85	588	2591089036	0	8	-5	8	0	0	0	0	-300	-85	288	0	-300
1	-85	588	2591091044	-1	9	-4	8	0	0	0	0	-300	-85	288	0	-300
1	-85	588	2591093048	0	9	-4	9	0	0	0	0	-300	-85	288	0	-300
1	-85	588	2591095048	0	7	-5	7	0	0	0	0	-300	-85	288	0	-300
1	-85	588	2591097048	0	9	-2	8	0	0	0	0	-300	-85	288	0	-300
1	-85	588	2591099048	0	8	-4	7	0	0	0	0	-300	-85	288	0	-300
1	-85	588	2591101048	0	6	-4	8	0	0	0	0	-300	-85	288	0	-300
1	-85	588	2591103048	0	9	-4	8	0	0	0	0	-300	-85	288	0	-300
1	-85	588	2591105016	2	6	-2	7	0	0	0	0	-300	-85	288	0	-300
1	-85	588	2591107036	2	7	-3	7	0	0	0	0	-300	-85	288	0	-300
1	-85	588	2591109036	1	8	-2	6	0	0	0	0	-300	-85	288	0	-300
1	-85	588	2591111036	2	5	-1	7	0	0	0	0	-300	-85	288	0	-300
1	-85	588	2591113040	2	7	-3	6	0	0	0	0	-300	-85	288	0	-300
1	-85	588	2591115036	3	5	-1	6	0	0	0	0	-300	-85	288	0	-300
1	-85	588	2591117040	2	7	-3	5	0	0	0	0	-300	-85	288	0	-300
1	-85	588	2591119036	3	3	-1	5	0	0	0	0	-300	-85	288	0	-300
1	-85	588	2591121036	2	5	-1	5	0	0	0	0	-300	-85	288	0	-300
1	-85	588	2591123036	3	4	-1	4	0	0	0	0	-300	-85	288	0	-300
1	-85	588	2591125032	2	4	0	4	0	0	0	0	-300	-85	288	0	-300
1	-85	588	2591127040	3	4	-2	3	0	0	0	0	-300	-85	288	0	-300
1	-85	588	2591129040	2	2	0	4	0	0	0	0	-300	-85	288	0	-300
1	-85	588	2591131044	4	3	0	3	0	0	0	0	-300	-85	288	0	-300
1	-85	588	2591133044	2	2	0	2	0	0	0	0	-300	-85	288	0	-300
1	-85	588	2591135048	3	1	0	1	0	0	0	0	-300	-85	288	0	-300
1	-85	588	2591137052	2	3	0	3	0	0	0	0	-300	-85	288	0	-300
1	-85	588	2591139056	3	1	0	1	0	0	0	0	-300	-85	288	0	-300
1	-85	588	2591141048	2	1	0	1	0	0	0	0	-300	-85	288	0	-300
1	-85	588	2591143024	4	0	0	0	0	0	0	0	-300	-85	288	0	-300
1	-85	588	2591145052	3	2	0	2	0	0	0	0	-300	-85	288	0	-300
1	-85	588	2591147028	2	0	1	0	0	0	0	0	-300	-85	288	0	-300
1	-85	588	2591149020	3	0	1	0	0	0	0	0	-300	-85	288	0	-300
1	-85	588	2591151020	3	0	0	0	0	0	0	0	-300	-85	288	0	-300
1	-85	588	2591153016	4	0	1	0	0	0	0	0	-300	-85	288	0	-300
1	-85	588	2591155016	4	0	2	0	0	0	0	0	-300	-85	288	0	-300
1	-85	588	2591157016	4	0	1	0	0	0	0	0	-300	-85	288	0	-300
1	-85	588	2591159016	3	0	2	0	0	0	0	0	-300	-85	288	0	-300
1	-85	588	2591161016	4	0	2	0	0	0	0	0	-300	-85	288	0	-300
1	-85	588	2591163016	5	0	2	0	0	0	0	0	-300	-85	288	0	-300
1	-85	588	2591165016	5	0	1	0	0	0	0	0	-300	-85	288	0	-300
1	-85	588	2591167040	5	-1	3	0	0	0	0	0	-300	-85	288	0	-300
1	-85	588	2591169040	5	0	2	-1	0	0	0	0	-300	-85	288	0	-300
1	-85	588	2591171040	6	-1	2	0	0	0	0	0	-300	-85	288	0	-300
1	-85	588	2591173040	5	0	2	-1	0	0	0	0	-300	-85	288	0	-300
1	-85	588	2591175040	7	-1	3	0	0	0	0	0	-300	-85	288	0	-300
1	-85	588	2591177048	6	-1	3	-1	0	0	0	0	-300	-85	288	0	-300
1	-85	588	2591179052	7	-2	3	-2	0	0	0	0	-300	-85	288	0	-300
1	-85	588	2591181032	7	0	4	0	0	0	0	0	-300	-85	288	0	-300
1	-85	588	2591183056	6	-1	2	-1	0	0	0	0	-300	-85	288	0	-300
1	-85	588	2591185060	7	-1	4	0	0	0	0	0	-300	-85	288	0	-300
1	-85	588	2591187060	8	0	4	-1	0	0	0	0	-300	-85	288	0	-300
1	-85	588	2591189060	7	-1	2	0	0	0	0	0	-300	-85	288	0	-300
1	-85	588	2591191060	7	-2	4	-1	0	0	0	0	-300	-85	288	0	-300
1	-85	588	2591193020	7	0	4	0	0	0	0	0	-300	-85	288	0	-300
1	-85	588	2591195048	8	-1	3	-2	0	0	0	0	-300	-85	288	0	-300
1	-85	588	2591197016	7	0	4	0	0	0	0	0	-300	-85	288	0	-300
1	-85	588	2591199044	9	-1	4	0	0	0	0	0	-300	-85	288	0	-300
1	-85	588	2591201044	7	0	4	-1	0	0	0	0	-300	-85	288	0	-300
1	-85	588	2591203040	8	-1	3	0	0	0	0	0	-300	-85	288	0	-300
1	-85	588	2591205012	9	0	4	0	0	0	0	0	-300	-85	288	0	-300
1	-85	588	2591207012	7	0	4	0	0	0	0	0	-300	-85	288	0	-300
1	-85	588	2591209012	10	0	5	0	0	0	0	0	-300	-85	288	0	-300
1	-85	588	2591211016	8	0	4	0	0	0	0	0	-300	-85	288	0	-300
1	-85	588	2591213016	8	0	5	0	0	0	0	0	-300	-85	288	0	-300
1	-85	588	2591215012	9	0	5	0	0	0	0	0	-300	-85	288	0	-300
1	-85	588	2591217012	8	0	3	0	0	0	0	0	-300	-85	288	0	-300
1	-85	588	2591219012	10	0	5	0	0	0	0	0	-300	-85	288	0	-300
1	-85	588	2591221016	7	0	5	0	0	0	0	0	-300	-85	288	0	-300
1	-85	588	2591223016	9	0	4	0	0	0	0	0	-300	-85	288	0	-300
1	-85	588	2591225016	9	0	5	0	0	0	0	0	-300	-85	288	0	-300
1	-85	588	2591227040	7	0	4	1	0	0	0	0	-300	-85	288	0	-300
1	-85	588	2591229020	9	0	4	0	0	0	0	0	-300	-85	288	0	-300
1	-85	588	2591231044	7	1	5	1	0	0	0	0	-300	-85	288	0	-300
1	-85	588	2591233048	9	1	3	0	0	0	0	0	-300	-85	288	0	-300
1	-85	588	2591235044	8	0	4	1	0	0	0	0	-300	-85	288	0	-300
1	-85	588	2591237048	8	2	5	1	0	0	0	0	-300	-85	288	0	-300
1	-85	588	2591239044	7	1	4	0	0	0	0	0	-300	-85	288	0	-300
1	-85	588	2591241044	6	0	2	2	0	0	0	0	-300	-85	288	0	-300
1	-85	588	2591243048	7	1	4	1	0	0	0	0	-300	-85	288	0	-300
1	-85	588	2591245024	7	0	4	0	0	0	0	0	-300	-85	288	0	-300
1	-85	588	2591247048	6	1	2	1	0	0	0	0	-300	-85	288	0	-300
1	-85	588	2591249048	5	2	3	1	0	0	0	0	-300	-85	288	0	-300
1	-85	588	2591251028	5	0	2	0	0	0	0	0	-300	-85	288	0	-300
1	-85	588	2591253052	5	1	3	2	0	0	0	0	-300	-85	288	0	-300
1	-85	588	2591255028	5	0	1	0	0	0	0	0	-300	-85	288	0	-300
1	-85	588	2591257056	5	1	3	1	0	0	0	0	-300	-85	288	0	-300
1	-85	588	2591259060	4	0	1	1	0	0	0	0	-300	-85	288	0	-300
1	-85	588	2591261036	3	0	1	0	0	0	0	0	-300	-85	288	0	-300
1	-85	588	2591263044	3	0	1	0	0	0	0	0	-300	-85	288	0	-300
1	-85	588	2591265080	4	1	2	1	0	0	0	0	-300	-85	288	0	-300
1	-85	588	2591267060	2	0	1	0	0	0	0	0	-300	-85	288	0	-300
1	-85	588	2591269056	3	0	1	0	0	0	0	0	-300	-85	288	0	-300
1	-85	588	2591271084	1	0	1	2	0	0	0	0	-300	-85	288	0	-300
1	-85	588	2591273060	2	0	2	0	0	0	0	0	-300	-85	288	0	-300
1	-85	588	2591275056	2	0	0	0	0	0	0	0	-300	-85	288	0	-300
1	-85	588	2591277048	1	0	1	0	0	0	0	0	-300	-85	288	0	-300
1	-85	588	2591279048	2	0	0	0	0	0	0	0	-300	-85	288	0	-300
1	-85	588	2591281048	2	0	0	0	0	0	0	0	-300	-85	288	0	-300
1	-85	588	2591283044	1	0	1	0	0	0	0	0	-300	-85	288	0	-300
1	-85	588	2591285044	1	0	1	0	0	0	0	0	-300	-85	288	0	-300
1	-85	588	2591287044	1	0	0	0	0	0	0	0	-300	-85	288	0	-300
1	-85	588	2591289040	2	0	2	0	0	0	0	0	-300	-85	288	0	-300
1	-85	588	2591291068	1	0	1	-1	0	0	0	0	-300	-85	288	0	-300
1	-85	588	2591293040	1	0	1	0	0	0	0	0	-300	-85	288	0	-300
1	-85	588	2591295068	1	0	1	-1	0	0	0	0	-300	-85	288	0	-300
1	-85	588	2591297036	2	0	2	0	0	0	0	0	-300	-85	288	0	-300
1	-85	588	2591299064	1	-1	1	-1	0	0	0	0	-300	-85	288	0	-300
1	-85	588	2591301040	1	0	1	0	0	0	0	0	-300	-85	288	0	-300
1	-85	588	2591303064	1	-1	1	-2	0	0	0	0	-300	-85	288	0	-300
1	-85	588	2591305032	2	0	3	0	0	0	0	0	-300	-85	288	0	-300
1	-85	588	2591307068	1	-2	1	-1	0	0	0	0	-300	-85	288	0	-300
1	-85	588	2591309076	2	-1	3	0	0	0	0	0	-300	-85	288	0	-300
1	-85	588	2591311072	2	0	1	-1	0	0	0	0	-300	-85	288	0	-300
1	-85	588	2591313072	1	-1	1	0	0	0	0	0	-300	-85	288	0	-300
1	-85	588	2591315072	1	-1	3	-1	0	0	0	0	-300	-85	288	0	-300
1	-85	588	2591317076	1	-2	2	-2	0	0	0	0	-300	-85	288	0	-300
1	-85	588	2591319084	2	-1	1	-1	0	0	0	0	-300	-85	288	0	-300
1	-85	588	2591321044	2	0	3	0	0	0	0	0	-300	-85	288	0	-300
1	-85	588	2591323072	1	-1	2	-1	0	0	0	0	-300	-85	288	0	-300
1	-85	588	2591325064	2	-1	2	-1	0	0	0	0	-300	-85	288	0	-300
1	-85	588	2591327056	1	-2	1	-2	0	0	0	0	-300	-85	288	0	-300
1	-85	588	2591329036	1	0	2	0	0	0	0	0	-300	-85	288	0	-300
1	-85	588	2591331064	1	-1	2	-1	0	0	0	0	-300	-85	288	0	-300
1	-85	588	2591333060	3	-1	1	0	0	0	0	0	-300	-85	288	0	-300
1	-85	588	2591335060	1	0	2	-1	0	0	0	0	-300	-85	288	0	-300
1	-85	588	2591337060	1	-1	2	-1	0	0	0	0	-300	-85	288	0	-300
1	-85	588	2591339052	2	-2	1	0	0	0	0	0	-300	-85	288	0	-300
1	-85	588	2591341052	2	0	1	-2	0	0	0	0	-300	-85	288	0	-300
1	-85	588	2591343052	1	-1	1	0	0	0	0	0	-300	-85	288	0	-300
1	-85	588	2591345052	2	0	2	-1	0	0	0	0	-300	-85	288	0	-300
1	-85	588	2591347048	1	-1	1	0	0	0	0	0	-300	-85	288	0	-300
1	-85	588	2591349048	1	0	1	-1	0	0	0	0	-300	-85	288	0	-300
1	-85	588	2591351048	0	-1	1	0	0	0	0	0	-300	-85	288	0	-300
1	-85	588	2591353048	1	0	0	-1	0	0	0	0	-300	-85	288	0	-300
1	-85	588	2591355020	2	0	2	0	0	0	0	0	-300	-85	288	0	-300
1	-85	588	2591357020	0	-2	0	0	0	0	0	0	-300	-85	288	0	-300
1	-85	588	2591359040	1	0	1	-2	0	0	0	0	-300	-85	288	0	-300
1	-85	588	2591363012	1	0	1	0	0	0	0	0	-300	-85	288	0	-300
1	-85	588	2591365008	0	-1	0	-1	0	0	0	0	-300	-85	288	0	-300
1	-85	588	2591367012	0	0	1	0	0	0	0	0	-300	-85	288	0	-300
1	-85	588	2591369008	1	0	0	0	0	0	0	0	-300	-85	288	0	-300
1	-85	588	2591373000	0	0	2	0	0	0	0	0	-300	-85	288	0	-300
1	-85	588	2591375000	0	0	0	-1	0	0	0	0	-300	-85	288	0	-300
1	-85	588	2591383004	0	0	1	0	0	0	0	0	-300	-85	288	0	-300
1	-85	588	2591394996	0	0	0	0	0	0	1	0	-300	-85	288	0	-300
2	247	-540	2591419016	0	0	1	0	0	0	1	-85	288	162	-252	-85	288
2	247	-540	2591462980	0	0	0	0	0	0	0	-85	288	162	-252	-85	288
2	247	-540	2591471024	0	0	1	0	0	0	0	-85	288	162	-252	-85	288
2	247	-540	2591473052	-1	-1	0	-1	0	0	0	-85	288	162	-252	-85	288
2	247	-540	2591475052	0	-3	2	-2	0	0	0	-85	288	162	-252	-85	288
2	247	-540	2591477032	-1	-1	1	-2	0	0	0	-85	288	162	-252	-85	288
2	247	-540	2591479056	-3	-4	2	-3	0	0	0	-85	288	162	-252	-85	288
2	247	-540	2591481060	-1	-3	2	-3	0	0	0	-85	288	162	-252	-85	288
2	247	-540	2591483060	-3	-4	2	-4	0	0	0	-85	288	162	-252	-85	288
2	247	-540	2591485060	-2	-6	4	-5	0	0	0	-85	288	162	-252	-85	288
2	247	-540	2591487060	-3	-5	4	-6	0	0	0	-85	288	162	-252	-85	288
2	247	-540	2591489060	-2	-9	3	-7	0	0	0	-85	288	162	-252	-85	288
2	247	-540	2591491024	-4	-8	4	-10	0	0	0	-85	288	162	-252	-85	288
2	247	-540	2591493052	-4	-11	5	-8	0	0	0	-85	288	162	-252	-85	288
2	247	-540	2591495048	-3	-11	5	-12	0	0	0	-85	288	162	-252	-85	288
2	247	-540	2591497044	-5	-14	6	-13	0	0	0	-85	288	162	-252	-85	288
2	247	-540	2591499016	-7	-16	7	-15	0	0	0	-85	288	162	-252	-85	288
2	247	-540	2591501048	-6	-18	7	-18	0	0	0	-85	288	162	-252	-85	288
2	247	-540	2591503044	-7	-22	8	-19	0	0	0	-85	288	162	-252	-85	288
2	247	-540	2591505044	-9	-21	8	-22	0	0	0	-85	288	162	-252	-85	288
2	247	-540	2591507044	-9	-27	10	-24	0	0	0	-85	288	162	-252	-85	288
2	247	-540	2591509020	-9	-26	9	-25	0	0	0	-85	288	162	-252	-85	288
2	247	-540	2591511024	-10	-29	10	-29	0	0	0	-85	288	162	-252	-85	288
2	247	-540	2591513056	-12	-33	11	-30	0	0	0	-85	288	162	-252	-85	288
2	247	-540	2591515056	-11	-34	10	-32	0	0	0	-85	288	162	-252	-85	288
2	247	-540	2591517052	-14	-40	12	-34	0	0	0	-85	288	162	-252	-85	288
2	247	-540	2591519064	-14	-38	13	-42	0	0	0	-85	288	162	-252	-85	288
2	247	-540	2591521060	-16	-46	13	-40	0	0	0	-85	288	162	-252	-85	288
2	247	-540	2591523060	-16	-42	12	-43	0	0	0	-85	288	162	-252	-85	288
2	247	-540	2591525056	-17	-45	14	-45	0	0	0	-85	288	162	-252	-85	288
2	247	-540	2591527052	-20	-54	15	-47	0	0	0	-85	288	162	-252	-85	288
2	247	-540	2591529052	-17	-50	16	-49	0	0	0	-85	288	162	-252	-85	288
2	247	-540	2591531048	-21	-59	18	-53	0	0	0	-85	288	162	-252	-85	288
2	247	-540	2591533040	-19	-55	17	-52	0	0	0	-85	288	162	-252	-85	288
2	247	-540	2591535012	-19	-55	19	-56	0	0	0	-85	288	162	-252	-85	288
2	247	-540	2591537016	-20	-65	20	-57	0	0	0	-85	288	162	-252	-85	288
2	247	-540	2591539048	-19	-59	20	-58	0	0	0	-85	288	162	-252	-85	288
2	247	-540	2591541020	-21	-68	21	-59	0	0	0	-85	288	162	-252	-85	288
2	247	-540	2591543048	-17	-60	23	-60	0	0	0	-85	288	162	-252	-85	288
2	247	-540	2591545044	-17	-62	22	-61	0	0	0	-85	288	162	-252	-85	288
2	247	-540	2591547044	-17	-70	24	-62	0	0	0	-85	288	162	-252	-85	288
2	247	-540	2591549040	-15	-61	26	-71	0	0	0	-85	288	162	-252	-85	288
2	247	-540	2591551036	-15	-70	24	-60	0	0	0	-85	288	162	-252	-85	288
2	247	-540	2591553036	-13	-60	24	-61	0	0	0	-85	288	162	-252	-85	288
2	247	-540	2591555032	-11	-59	24	-60	0	0	0	-85	288	162	-252	-85	288
2	247	-540	2591557032	-11	-66	22	-58	0	0	0	-85	288	162	-252	-85	288
2	247	-540	2591559028	-9	-56	23	-57	0	0	0	-85	288	162	-252	-85	288
2	247	-540	2591561032	-9	-63	21	-55	0	0	0	-85	288	162	-252	-85	288
2	247	-540	2591563036	-5	-52	20	-53	0	0	0	-85	288	162	-252	-85	288
2	247	-540	2591565040	-6	-58	19	-51	0	0	0	-85	288	162	-252	-85	288
2	247	-540	2591567044	-4	-47	17	-49	0	0	0	-85	288	162	-252	-85	288
2	247	-540	2591569036	-3	-44	18	-45	0	0	0	-85	288	162	-252	-85	288
2	247	-540	2591571036	-3	-49	15	-43	0	0	0	-85	288	162	-252	-85	288
2	247	-540	2591573044	-1	-38	13	-40	0	0	0	-85	288	162	-252	-85	288
2	247	-540	2591575044	-1	-43	13	-39	0	0	0	-85	288	162	-252	-85	288
2	247	-540	2591577044	0	-34	12	-40	0	0	0	-85	288	162	-252	-85	288
2	247	-540	2591579040	-2	-35	9	-33	0	0	0	-85	288	162	-252	-85	288
2	247	-540	2591581040	0	-30	8	-30	0	0	1	-85	288	162	-252	-85	288
3	247	-540	2591583048	0	-27	7	-28	0	0	1	162	-252	162	-252	-85	288
3	247	-540	2591585040	0	-29	5	-27	0	0	1	162	-252	162	-252	-85	288
3	247	-540	2591587044	0	-22	5	-23	0	0	1	162	-252	162	-252	-85	288
3	247	-540	2591589048	0	-25	5	-24	0	0	1	162	-252	162	-252	-85	288
3	247	-540	2591591052	0	-20	4	-21	0	0	1	162	-252	162	-252	-85	288
3	-389	448	2591593056	0	-19	4	-20	0	0	1	162	-252	-227	196	162	-252
3	-389	448	2591595060	0	-20	2	-19	0	0	1	162	-252	-227	196	162	-252
3	-389	448	2591597056	0	-18	3	-18	0	0	1	162	-252	-227	196	162	-252
3	-389	448	2591599060	1	-17	2	-16	0	0	1	162	-252	-227	196	162	-252
3	-389	448	2591601064	0	-15	3	-16	0	0	1	162	-252	-227	196	162	-252
3	-389	448	2591603060	1	-16	2	-15	0	0	1	162	-252	-227	196	162	-252
3	-389	448	2591605064	1	-15	3	-18	0	0	1	162	-252	-227	196	162	-252
3	-389	448	2591607068	0	-14	1	-13	0	0	1	162	-252	-227	196	162	-252
3	-389	448	2591609060	1	-15	2	-14	0	0	1	162	-252	-227	196	162	-252
3	-389	448	2591611064	2	-13	2	-14	0	0	1	162	-252	-227	196	162	-252
3	-389	448	2591613072	1	-13	2	-12	0	0	1	162	-252	-227	196	162	-252
3	-389	448	2591615064	0	-12	1	-13	0	0	1	162	-252	-227	196	162	-252
3	-389	448	2591617068	1	-12	3	-12	0	0	1	162	-252	-227	196	162	-252
3	-389	448	2591619068	1	-13	1	-12	0	0	1	162	-252	-227	196	162	-252
3	-389	448	2591621072	0	-11	3	-11	0	0	1	162	-252	-227	196	162	-252
3	-389	448	2591623068	2	-11	1	-11	0	0	1	162	-252	-227	196	162	-252
3	-389	448	2591625072	0	-10	2	-11	0	0	1	162	-252	-227	196	162	-252
3	-389	448	2591627076	0	-11	2	-10	0	0	1	162	-252	-227	196	162	-252
3	-389	448	2591629080	0	-9	1	-9	0	0	1	162	-252	-227	196	162	-252
3	-389	448	2591631084	0	-9	2	-11	0	0	1	162	-252	-227	196	162	-252
3	-389	448	2591633084	0	-10	2	-9	0	0	1	162	-252	-227	196	162	-252
3	-389	448	2591635080	0	-7	1	-8	0	0	1	162	-252	-227	196	162	-252
3	-389	448	2591637076	0	-9	1	-7	0	0	1	162	-252	-227	196	162	-252
3	-389	448	2591639072	0	-6	1	-8	0	0	1	162	-252	-227	196	162	-252
3	-389	448	2591641068	-1	-8	2	-6	0	0	1	162	-252	-227	196	162	-252
3	-389	448	2591643044	-1	-6	1	-6	0	0	1	162	-252	-227	196	162	-252
3	-389	448	2591645068	0	-5	1	-6	0	0	0	162	-252	-227	196	162	-252
3	-389	448	2591647072	-2	-5	0	-5	0	0	0	162	-252	-227	196	162	-252
3	-389	448	2591649084	-2	-5	1	-5	0	0	0	162	-252	-227	196	162	-252
3	-389	448	2591651084	-1	-4	0	-4	0	0	0	162	-252	-227	196	162	-252
3	-389	448	2591653084	-1	-4	2	-4	0	0	0	162	-252	-227	196	162	-252
3	-389	448	2591655084	-3	-2	0	-4	0	0	0	162	-252	-227	196	162	-252
3	-389	448	2591657088	-1	-3	0	-2	0	0	0	162	-252	-227	196	162	-252
3	-389	448	2591659088	-2	-2	1	-3	0	0	0	162	-252	-227	196	162	-252
3	-389	448	2591661088	-3	-3	0	-2	0	0	0	162	-252	-227	196	162	-252
3	-389	448	2591663084	-1	-1	0	-1	0	0	0	162	-252	-227	196	162	-252
3	-389	448	2591665084	-3	-1	0	-3	0	0	0	162	-252	-227	196	162	-252
3	-389	448	2591667088	-2	-1	0	-1	0	0	0	162	-252	-227	196	162	-252
3	-389	448	2591669088	-3	-2	0	0	0	0	0	162	-252	-227	196	162	-252
3	-389	448	2591671084	-3	-1	0	-1	0	0	0	162	-252	-227	196	162	-252
3	-389	448	2591673084	-2	0	0	-2	0	0	0	162	-252	-227	196	162	-252
3	-389	448	2591675056	-3	0	0	0	0	0	0	162	-252	-227	196	162	-252
3	-389	448	2591677076	-2	-1	0	0	0	0	0	162	-252	-227	196	162	-252
3	-389	448	2591679044	-2	0	0	0	0	0	0	162	-252	-227	196	162	-252
3	-389	448	2591681040	-3	0	0	0	0	0	0	162	-252	-227	196	162	-252
3	-389	448	2591683064	-1	0	0	-1	0	0	0	162	-252	-227	196	162	-252
3	-389	448	2591685040	-2	0	0	0	0	0	0	162	-252	-227	196	162	-252
3	-389	448	2591687036	-2	0	0	0	0	0	0	162	-252	-227	196	162	-252
3	-389	448	2591689040	-1	0	0	0	0	0	0	162	-252	-227	196	162	-252
3	-389	448	2591691048	-1	0	0	0	0	0	0	162	-252	-227	196	162	-252
3	-389	448	2591693040	-1	0	0	0	0	0	0	162	-252	-227	196	162	-252
3	-389	448	2591695048	-2	0	0	0	0	0	0	162	-252	-227	196	162	-252
3	-389	448	2591697052	0	0	1	0	0	0	0	162	-252	-227	196	162	-252
3	-389	448	2591699052	0	0	0	1	0	0	0	162	-252	-227	196	162	-252
3	-389	448	2591701052	-1	0	0	0	0	0	0	162	-252	-227	196	162	-252
3	-389	448	2591703076	0	0	1	1	0	0	0	162	-252	-227	196	162	-252
3	-389	448	2591705036	0	1	0	0	0	0	0	162	-252	-227	196	162	-252
3	-389	448	2591707064	0	2	2	1	0	0	0	162	-252	-227	196	162	-252
3	-389	448	2591709040	0	1	0	1	0	0	0	162	-252	-227	196	162	-252
3	-389	448	2591711068	0	1	1	2	0	0	0	162	-252	-227	196	162	-252
3	-389	448	2591713072	0	1	1	1	0	0	0	162	-252	-227	196	162	-252
3	-389	448	2591715040	0	3	0	1	0	0	0	162	-252	-227	196	162	-252
3	-389	448	2591717068	0	1	1	3	0	0	0	162	-252	-227	196	162	-252
3	-389	448	2591719044	0	3	0	2	0	0	0	162	-252	-227	196	162	-252
3	-389	448	2591721044	0	2	0	3	0	0	1	162	-252	-227	196	162	-252
4	-389	448	2591723068	2	3	2	2	0	0	1	-227	196	-227	196	162	-252
4	-389	448	2591725076	1	3	0	3	0	0	1	-227	196	-227	196	162	-252
4	500	-321	2591727056	0	4	0	2	0	0	1	-227	196	273	-125	-227	196
4	500	-321	2591729080	1	4	0	4	0	0	1	-227	196	273	-125	-227	196
4	500	-321	2591731084	1	2	0	4	0	0	1	-227	196	273	-125	-227	196
4	500	-321	2591733092	2	5	0	2	0	0	1	-227	196	273	-125	-227	196
4	500	-321	2591735100	1	3	0	4	0	0	1	-227	196	273	-125	-227	196
4	500	-321	2591737092	1	4	0	4	0	0	1	-227	196	273	-125	-227	196
4	500	-321	2591739096	1	3	0	2	0	0	1	-227	196	273	-125	-227	196
4	500	-321	2591741092	3	4	-1	4	0	0	1	-227	196	273	-125	-227	196
4	500	-321	2591743092	2	4	0	4	0	0	1	-227	196	273	-125	-227	196
4	500	-321	2591745096	2	2	-1	2	0	0	1	-227	196	273	-125	-227	196
4	500	-321	2591747096	2	4	0	3	0	0	1	-227	196	273	-125	-227	196
4	500	-321	2591749084	4	3	-1	2	0	0	1	-227	196	273	-125	-227	196
4	500	-321	2591751080	2	1	0	3	0	0	1	-227	196	273	-125	-227	196
4	500	-321	2591753084	4	2	0	1	0	0	1	-227	196	273	-125	-227	196
4	500	-321	2591755080	3	2	0	2	0	0	1	-227	196	273	-125	-227	196
4	500	-321	2591757084	5	2	-2	2	0	0	1	-227	196	273	-125	-227	196
4	500	-321	2591759084	3	0	0	1	0	0	1	-227	196	273	-125	-227	196
4	500	-321	2591761088	4	1	0	0	0	0	1	-227	196	273	-125	-227	196
4	500	-321	2591763092	5	2	0	1	0	0	1	-227	196	273	-125	-227	196
4	500	-321	2591765068	5	0	0	0	0	0	1	-227	196	273	-125	-227	196
4	500	-321	2591767096	5	0	0	1	0	0	1	-227	196	273	-125	-227	196
4	500	-321	2591769072	4	0	1	0	0	0	1	-227	196	273	-125	-227	196
4	500	-321	2591771072	5	0	0	0	0	0	1	-227	196	273	-125	-227	196
4	500	-321	2591773072	5	0	1	0	0	0	1	-227	196	273	-125	-227	196
4	500	-321	2591775072	5	0	0	0	0	0	1	-227	196	273	-125	-227	196
4	500	-321	2591777072	5	0	1	0	0	0	1	-227	196	273	-125	-227	196
4	500	-321	2591779068	4	0	0	0	0	0	1	-227	196	273	-125	-227	196
4	500	-321	2591781068	5	0	2	0	0	0	1	-227	196	273	-125	-227	196
4	500	-321	2591783072	3	0	0	0	0	0	1	-227	196	273	-125	-227	196
4	500	-321	2591785068	4	0	1	0	0	0	1	-227	196	273	-125	-227	196
4	500	-321	2591787068	3	0	0	0	0	0	1	-227	196	273	-125	-227	196
4	500	-321	2591789068	3	0	1	0	0	0	1	-227	196	273	-125	-227	196
4	500	-321	2591791060	3	0	0	0	0	0	1	-227	196	273	-125	-227	196
4	500	-321	2591793060	2	0	0	0	0	0	1	-227	196	273	-125	-227	196
4	500	-321	2591795088	2	-1	0	0	0	0	1	-227	196	273	-125	-227	196
4	500	-321	2591797060	1	0	1	0	0	0	1	-227	196	273	-125	-227	196
4	500	-321	2591799060	1	0	0	0	0	0	1	-227	196	273	-125	-227	196
4	500	-321	2591801060	1	0	0	0	0	0	1	-227	196	273	-125	-227	196
4	500	-321	2591803060	2	0	0	0	0	0	0	-227	196	273	-125	-227	196
4	500	-321	2591811068	1	0	0	0	0	0	0	-227	196	273	-125	-227	196
4	500	-321	2591843068	0	0	0	2	0	0	0	-227	196	273	-125	-227	196
4	500	-321	2591847072	0	1	0	0	0	0	0	-227	196	273	-125	-227	196
4	500	-321	2591853068	0	0	0	1	0	0	0	-227	196	273	-125	-227	196
4	500	-321	2591855068	0	1	0	0	0	0	0	-227	196	273	-125	-227	196
4	500	-321	2591857068	0	0	2	0	0	0	0	-227	196	273	-125	-227	196
4	500	-321	2591859068	0	1	0	1	0	0	0	-227	196	273	-125	-227	196
4	500	-321	2591863072	0	0	1	0	0	0	1	-227	196	273	-125	-227	196
5	500	-321	2591865072	0	1	0	0	0	0	1	273	-125	273	-125	-227	196
5	500	-321	2591867076	0	0	0	1	0	0	1	273	-125	273	-125	-227	196
5	500	-321	2591871108	0	2	1	0	0	0	1	273	-125	273	-125	-227	196
5	-570	168	2591877076	0	1	0	0	0	0	1	273	-125	-297	43	273	-125
5	-570	168	2591881080	0	0	0	2	0	0	1	273	-125	-297	43	273	-125
5	-570	168	2591887088	0	0	1	0	0	0	1	273	-125	-297	43	273	-125
5	-570	168	2591935096	1	0	0	0	0	0	0	273	-125	-297	43	273	-125
5	-570	168	2591955120	0	0	-1	0	0	0	0	273	-125	-297	43	273	-125
5	-570	168	2591965100	0	0	-2	0	0	0	0	273	-125	-297	43	273	-125
5	-570	168	2591969100	0	0	0	1	0	0	0	273	-125	-297	43	273	-125
5	-570	168	2591977108	0	1	0	0	0	0	0	273	-125	-297	43	273	-125
5	-570	168	2591981112	0	0	0	1	0	0	0	273	-125	-297	43	273	-125
5	-570	168	2591983112	0	1	0	0	0	0	0	273	-125	-297	43	273	-125
5	-570	168	2591985116	0	0	0	1	0	0	0	273	-125	-297	43	273	-125
5	-570	168	2591987112	0	2	0	2	0	0	0	273	-125	-297	43	273	-125
5	-570	168	2591989116	0	1	0	0	0	0	0	273	-125	-297	43	273	-125
5	-570	168	2591991116	0	1	0	2	0	0	0	273	-125	-297	43	273	-125
5	-570	168	2591993128	0	3	0	1	0	0	0	273	-125	-297	43	273	-125
5	-570	168	2591995128	0	2	0	3	0	0	0	273	-125	-297	43	273	-125
5	-570	168	2591997156	0	1	1	1	0	0	0	273	-125	-297	43	273	-125
5	-570	168	2591999148	1	3	0	3	0	0	0	273	-125	-297	43	273	-125
5	-570	168	2592001128	0	2	0	1	0	0	0	273	-125	-297	43	273	-125
5	-570	168	2592003124	0	3	0	2	0	0	0	273	-125	-297	43	273	-125
5	-570	168	2592005148	2	2	0	3	0	0	1	273	-125	-297	43	273	-125
6	-570	168	2592007144	0	3	1	1	0	0	1	-297	43	-297	43	273	-125
6	-570	168	2592009144	1	1	0	3	0	0	1	-297	43	-297	43	273	-125
6	594	0	2592011120	0	3	0	1	0	0	1	-297	43	297	43	-297	43
6	594	0	2592013144	1	2	0	2	0	0	1	-297	43	297	43	-297	43
6	594	0	2592015116	0	3	0	3	0	0	1	-297	43	297	43	-297	43
6	594	0	2592017144	1	2	0	1	0	0	1	-297	43	297	43	-297	43
6	594	0	2592019120	0	1	0	1	0	0	1	-297	43	297	43	-297	43
6	594	0	2592021144	2	2	1	2	0	0	1	-297	43	297	43	-297	43
6	594	0	2592023144	1	1	0	1	0	0	1	-297	43	297	43	-297	43
6	594	0	2592025148	1	1	0	1	0	0	1	-297	43	297	43	-297	43
6	594	0	2592027124	0	0	0	1	0	0	1	-297	43	297	43	-297	43
6	594	0	2592029148	1	1	0	0	0	0	1	-297	43	297	43	-297	43
6	594	0	2592031124	2	0	0	0	0	0	1	-297	43	297	43	-297	43
6	594	0	2592033120	1	0	0	0	0	0	1	-297	43	297	43	-297	43
6	594	0	2592035156	1	0	0	2	0	0	1	-297	43	297	43	-297	43
6	594	0	2592037132	1	0	0	0	0	0	1	-297	43	297	43	-297	43
6	594	0	2592039128	2	0	0	0	0	0	1	-297	43	297	43	-297	43
6	594	0	2592043132	1	0	2	0	0	0	1	-297	43	297	43	-297	43
6	594	0	2592045128	1	0	0	0	0	0	1	-297	43	297	43	-297	43
6	594	0	2592047124	1	0	0	0	0	0	1	-297	43	297	43	-297	43
6	594	0	2592049116	2	0	0	0	0	0	1	-297	43	297	43	-297	43
6	594	0	2592051116	1	0	0	0	0	0	1	-297	43	297	43	-297	43
6	594	0	2592053116	1	0	0	0	0	0	1	-297	43	297	43	-297	43
6	594	0	2592057116	1	0	0	0	0	0	1	-297	43	297	43	-297	43
6	594	0	2592061108	2	0	0	0	0	0	1	-297	43	297	43	-297	43
6	594	0	2592065108	1	0	0	0	0	0	1	-297	43	297	43	-297	43
6	594	0	2592085092	0	0	0	0	0	0	0	-297	43	297	43	-297	43
6	594	0	2592099112	-2	0	0	0	0	0	0	-297	43	297	43	-297	43
6	594	0	2592105116	-1	0	0	0	0	0	0	-297	43	297	43	-297	43
6	594	0	2592111144	-1	0	0	1	0	0	0	-297	43	297	43	-297	43
6	594	0	2592121128	0	2	0	1	0	0	0	-297	43	297	43	-297	43
6	594	0	2592123128	-1	0	0	0	0	0	0	-297	43	297	43	-297	43
6	594	0	2592127136	0	0	0	1	0	0	0	-297	43	297	43	-297	43
6	594	0	2592129136	0	1	0	0	0	0	0	-297	43	297	43	-297	43
6	594	0	2592131132	0	0	0	2	0	0	0	-297	43	297	43	-297	43
6	594	0	2592135128	0	1	0	0	0	0	0	-297	43	297	43	-297	43
6	594	0	2592137156	0	0	1	1	0	0	0	-297	43	297	43	-297	43
6	594	0	2592139120	0	1	0	0	0	0	0	-297	43	297	43	-297	43
6	594	0	2592141120	0	0	0	1	0	0	0	-297	43	297	43	-297	43
6	594	0	2592143144	0	2	1	0	0	0	0	-297	43	297	43	-297	43
6	594	0	2592145120	0	1	0	1	0	0	0	-297	43	297	43	-297	43
6	594	0	2592147120	0	1	0	2	0	0	0	-297	43	297	43	-297	43
6	594	0	2592149120	0	0	1	0	0	0	0	-297	43	297	43	-297	43
6	594	0	2592151120	0	1	0	1	0	0	1	-297	43	297	43	-297	43
7	594	0	2592153144	0	2	2	0	0	0	1	297	43	297	43	-297	43
7	594	0	2592155120	0	1	0	1	0	0	1	297	43	297	43	-297	43
7	594	0	2592157120	0	1	0	0	0	0	1	297	43	297	43	-297	43
7	594	0	2592159116	0	0	0	1	0	0	1	297	43	297	43	-297	43
7	594	0	2592161144	0	1	1	0	0	0	1	297	43	297	43	-297	43
7	594	0	2592163120	0	0	0	2	0	0	1	297	43	297	43	-297	43
7	-570	-168	2592167124	0	2	0	1	0	0	1	297	43	-273	-125	297	43
7	-570	-168	2592169120	0	0	1	0	0	0	1	297	43	-273	-125	297	43
7	-570	-168	2592171116	1	0	0	0	0	0	1	297	43	-273	-125	297	43
7	-570	-168	2592175108	0	1	0	1	0	0	1	297	43	-273	-125	297	43
7	-570	-168	2592179104	1	0	0	0	0	0	1	297	43	-273	-125	297	43
7	-570	-168	2592183108	2	0	1	0	0	0	1	297	43	-273	-125	297	43
7	-570	-168	2592185108	1	0	0	0	0	0	1	297	43	-273	-125	297	43
7	-570	-168	2592189100	1	0	0	0	0	0	1	297	43	-273	-125	297	43
7	-570	-168	2592191100	1	0	0	0	0	0	1	297	43	-273	-125	297	43
7	-570	-168	2592193096	2	0	0	0	0	0	1	297	43	-273	-125	297	43
7	-570	-168	2592195096	1	0	2	0	0	0	1	297	43	-273	-125	297	43
7	-570	-168	2592197096	1	0	0	0	0	0	1	297	43	-273	-125	297	43
7	-570	-168	2592199092	1	0	0	0	0	0	1	297	43	-273	-125	297	43
7	-570	-168	2592201092	2	0	0	0	0	0	1	297	43	-273	-125	297	43
7	-570	-168	2592203088	1	0	0	0	0	0	1	297	43	-273	-125	297	43
7	-570	-168	2592205124	1	-2	1	0	0	0	1	297	43	-273	-125	297	43
7	-570	-168	2592207096	1	0	0	0	0	0	1	297	43	-273	-125	297	43
7	-570	-168	2592211096	2	0	0	0	0	0	1	297	43	-273	-125	297	43
7	-570	-168	2592213096	1	0	0	0	0	0	1	297	43	-273	-125	297	43
7	-570	-168	2592215096	1	0	1	0	0	0	1	297	43	-273	-125	297	43
7	-570	-168	2592221084	1	0	0	0	0	0	1	297	43	-273	-125	297	43
7	-570	-168	2592233064	0	0	0	0	0	0	0	297	43	-273	-125	297	43
7	-570	-168	2592255084	-1	0	0	0	0	0	0	297	43	-273	-125	297	43
7	-570	-168	2592259084	0	0	-2	0	0	0	0	297	43	-273	-125	297	43
7	-570	-168	2592263088	0	1	0	0	0	0	0	297	43	-273	-125	297	43
7	-570	-168	2592265084	-1	0	0	0	0	0	0	297	43	-273	-125	297	43
7	-570	-168	2592279088	0	1	0	0	0	0	0	297	43	-273	-125	297	43
7	-570	-168	2592295100	0	0	0	1	0	0	0	297	43	-273	-125	297	43
7	-570	-168	2592297124	0	1	1	0	0	0	1	297	43	-273	-125	297	43
8	-570	-168	2592305084	0	0	1	0	0	0	1	-273	-125	-273	-125	297	43
8	500	321	2592311092	1	0	0	0	0	0	1	-273	-125	227	196	-273	-125
8	500	321	2592315096	0	0	1	0	0	0	1	-273	-125	227	196	-273	-125
8	500	321	2592319096	1	0	0	0	0	0	1	-273	-125	227	196	-273	-125
8	500	321	2592327108	2	0	0	0	0	0	1	-273	-125	227	196	-273	-125
8	500	321	2592331100	0	0	2	0	0	0	1	-273	-125	227	196	-273	-125
8	500	321	2592333108	1	0	0	0	0	0	1	-273	-125	227	196	-273	-125
8	500	321	2592337112	1	0	0	0	0	0	1	-273	-125	227	196	-273	-125
8	500	321	2592341144	1	-1	0	0	0	0	1	-273	-125	227	196	-273	-125
8	500	321	2592343112	2	0	0	0	0	0	1	-273	-125	227	196	-273	-125
8	500	321	2592347108	1	0	1	0	0	0	1	-273	-125	227	196	-273	-125
8	500	321	2592351140	1	-2	0	0	0	0	1	-273	-125	227	196	-273	-125
8	500	321	2592355116	1	0	0	0	0	0	1	-273	-125	227	196	-273	-125
8	500	321	2592359120	2	0	0	0	0	0	1	-273	-125	227	196	-273	-125
8	500	321	2592361120	0	0	0	-1	0	0	1	-273	-125	227	196	-273	-125
8	500	321	2592363112	1	0	0	0	0	0	1	-273	-125	227	196	-273	-125
8	500	321	2592371128	1	-1	0	0	0	0	1	-273	-125	227	196	-273	-125
8	500	321	2592381088	0	0	0	0	0	0	0	-273	-125	227	196	-273	-125
8	500	321	2592401132	0	0	-1	0	0	0	0	-273	-125	227	196	-273	-125
8	500	321	2592403136	0	2	0	0	0	0	0	-273	-125	227	196	-273	-125
8	500	321	2592417144	0	1	0	1	0	0	0	-273	-125	227	196	-273	-125
8	500	321	2592439144	0	0	0	0	0	0	1	-273	-125	227	196	-273	-125
9	-389	-448	2592445184	0	0	1	0	0	0	1	227	196	-162	-252	227	196
9	-389	-448	2592457192	0	0	1	0	0	0	1	227	196	-162	-252	227	196
9	-389	-448	2592475220	1	0	0	0	0	0	1	227	196	-162	-252	227	196
9	-389	-448	2592483224	2	0	0	0	0	0	1	227	196	-162	-252	227	196
9	-389	-448	2592489228	1	0	0	0	0	0	1	227	196	-162	-252	227	196
9	-389	-448	2592493232	0	-2	0	0	0	0	1	227	196	-162	-252	227	196
9	-389	-448	2592495224	1	0	0	0	0	0	1	227	196	-162	-252	227	196
9	-389	-448	2592497224	0	0	0	-1	0	0	1	227	196	-162	-252	227	196
9	-389	-448	2592503224	1	0	0	0	0	0	1	227	196	-162	-252	227	196
9	-389	-448	2592513236	2	0	0	0	0	0	1	227	196	-162	-252	227	196
9	-389	-448	2592523204	0	0	0	0	0	0	0	227	196	-162	-252	227	196
9	-389	-448	2592535232	-1	0	0	0	0	0	0	227	196	-162	-252	227	196
9	-389	-448	2592541244	-1	0	0	0	0	0	0	227	196	-162	-252	227	196
9	-389	-448	2592545240	0	1	0	0	0	0	0	227	196	-162	-252	227	196
9	-389	-448	2592549244	-1	0	0	0	0	0	0	227	196	-162	-252	227	196
9	-389	-448	2592553252	0	1	0	0	0	0	0	227	196	-162	-252	227	196
9	-389	-448	2592555252	-1	0	0	0	0	0	0	227	196	-162	-252	227	196
9	-389	-448	2592559252	0	0	0	1	0	0	0	227	196	-162	-252	227	196
9	-389	-448	2592563256	0	1	0	0	0	0	0	227	196	-162	-252	227	196
9	-389	-448	2592567252	-2	0	0	0	0	0	0	227	196	-162	-252	227	196
9	-389	-448	2592571236	0	0	0	0	0	0	1	227	196	-162	-252	227	196
10	247	540	2592581280	0	0	0	2	0	0	1	-162	-252	85	288	-162	-252
10	247	540	2592585272	0	1	0	0	0	0	1	-162	-252	85	288	-162	-252
10	247	540	2592599284	0	0	1	0	0	0	1	-162	-252	85	288	-162	-252
10	247	540	2592627256	0	-1	0	0	0	0	1	-162	-252	85	288	-162	-252
10	247	540	2592629260	0	0	0	-1	0	0	1	-162	-252	85	288	-162	-252
10	247	540	2592637256	0	-1	0	0	0	0	1	-162	-252	85	288	-162	-252
10	247	540	2592639264	0	0	0	-1	0	0	1	-162	-252	85	288	-162	-252
10	247	540	2592647244	0	0	0	0	0	0	0	-162	-252	85	288	-162	-252
10	247	540	2592653276	1	0	0	0	0	0	0	-162	-252	85	288	-162	-252
10	247	540	2592667284	0	0	-1	0	0	0	0	-162	-252	85	288	-162	-252
10	247	540	2592677280	0	0	-2	0	0	0	0	-162	-252	85	288	-162	-252
10	247	540	2592681276	-1	0	0	0	0	0	0	-162	-252	85	288	-162	-252
10	247	540	2592699280	0	1	0	0	0	0	0	-162	-252	85	288	-162	-252
10	247	540	2592703280	0	0	0	2	0	0	0	-162	-252	85	288	-162	-252
10	247	540	2592707312	-1	1	0	0	0	0	1	-162	-252	85	288	-162	-252
11	-85	-588	2592709284	0	0	0	1	0	0	1	85	288	0	-300	85	288
11	-85	-588	2592711284	0	2	0	1	0	0	1	85	288	0	-300	85	288
11	-85	-588	2592713312	-1	1	0	0	0	0	1	85	288	0	-300	85	288
11	-85	-588	2592715284	0	0	0	1	0	0	1	85	288	0	-300	85	288
11	-85	-588	2592717312	-1	1	0	0	0	0	1	85	288	0	-300	85	288
11	-85	-588	2592719284	0	1	0	2	0	0	1	85	288	0	-300	85	288
11	-85	-588	2592721308	-2	0	0	1	0	0	1	85	288	0	-300	85	288
11	-85	-588	2592723280	0	2	0	0	0	0	1	85	288	0	-300	85	288
11	-85	-588	2592725316	-1	1	0	1	0	0	1	85	288	0	-300	85	288
11	-85	-588	2592729320	-1	1	0	1	0	0	1	85	288	0	-300	85	288
11	-85	-588	2592733324	-1	1	0	2	0	0	1	85	288	0	-300	85	288
11	-85	-588	2592737316	-2	2	0	1	0	0	1	85	288	0	-300	85	288
11	-85	-588	2592741276	-1	0	0	0	0	0	1	85	288	0	-300	85	288
11	-85	-588	2592747288	-1	0	0	0	0	0	1	85	288	0	-300	85	288
11	-85	-588	2592761284	0	-1	0	0	0	0	1	85	288	0	-300	85	288
11	-85	-588	2592769280	0	-1	0	0	0	0	1	85	288	0	-300	85	288
11	-85	-588	2592781268	0	0	0	0	0	0	0	85	288	0	-300	85	288
11	-85	-588	2592783296	0	0	0	-1	0	0	0	85	288	0	-300	85	288
11	-85	-588	2592809332	0	0	-1	0	0	0	0	85	288	0	-300	85	288
11	-85	-588	2592813336	1	0	0	0	0	0	0	85	288	0	-300	85	288
11	-85	-588	2592815336	0	0	0	1	0	0	0	85	288	0	-300	85	288
11	-85	-588	2592817336	0	2	0	0	0	0	0	85	288	0	-300	85	288
11	-85	-588	2592821336	0	1	0	1	0	0	0	85	288	0	-300	85	288
11	-85	-588	2592823332	0	1	0	1	0	0	0	85	288	0	-300	85	288
11	-85	-588	2592825324	0	1	0	2	0	0	0	85	288	0	-300	85	288
11	-85	-588	2592827324	0	2	0	1	0	0	0	85	288	0	-300	85	288
11	-85	-588	2592829320	0	1	0	1	0	0	0	85	288	0	-300	85	288
11	-85	-588	2592831320	0	1	0	1	0	0	0	85	288	0	-300	85	288
11	-85	-588	2592833320	0	1	0	2	0	0	0	85	288	0	-300	85	288
11	-85	-588	2592835344	-1	2	0	1	0	0	1	85	288	0	-300	85	288
