1	0	-300	554534204	-2	-6	1	-9	0	-2	1	0	-302	0	-300	0	0
1	0	-300	554536176	-2	-6	2	-6	0	-1	1	0	-303	0	-300	0	0
1	0	-300	554538180	-1	-5	2	-5	0	-1	1	0	-304	0	-300	0	0
1	0	-300	554540160	-1	-4	1	-5	0	-1	1	0	-305	0	-300	0	0
1	0	-300	554542208	0	-4	1	-4	0	-1	1	0	-306	0	-300	0	0
1	0	-300	554544168	-1	-2	1	-3	0	0	1	0	-306	0	-300	0	0
1	0	-300	554546188	0	-1	2	-3	0	0	1	0	-306	0	-300	0	0
1	-85	588	554548180	0	-2	0	-1	0	-1	1	0	-307	-85	288	0	-300
1	-85	588	554550164	0	0	0	-1	0	0	1	0	-307	-85	288	0	-300
1	-85	588	554552188	-2	0	0	-2	0	0	1	0	-307	-85	288	0	-300
1	-85	588	554556164	0	0	1	0	0	0	1	0	-307	-85	288	0	-300
1	-85	588	554592168	0	-1	0	0	0	0	1	0	-307	-85	288	0	-300
1	-85	588	554594164	1	0	0	0	0	0	1	0	-307	-85	288	0	-300
1	-85	588	554622176	0	0	0	0	0	0	0	0	-307	-85	288	0	-300
1	-85	588	554638208	0	1	0	1	0	0	0	0	-307	-85	288	0	-300
1	-85	588	554640212	0	1	0	1	0	0	0	0	-307	-85	288	0	-300
1	-85	588	554642212	0	4	0	4	0	0	0	0	-307	-85	288	0	-300
1	-85	588	554644244	1	5	0	4	0	1	0	0	-306	-85	288	0	-300
1	-85	588	554646252	0	8	-2	8	0	2	0	0	-304	-85	288	0	-300
1	-85	588	554648220	1	10	-1	9	0	2	0	0	-302	-85	288	0	-300
1	-85	588	554650244	2	15	-1	14	0	2	0	0	-300	-85	288	0	-300
1	-85	588	554652216	1	18	-4	16	0	4	0	0	-296	-85	288	0	-300
1	-85	588	554654196	2	20	-2	19	0	4	0	0	-292	-85	288	0	-300
1	-85	588	554656248	3	26	-5	24	0	5	0	0	-287	-85	288	0	-300
1	-85	588	554658244	4	28	-5	25	0	5	0	0	-282	-85	288	0	-300
1	-85	588	554660244	3	32	-7	32	0	6	0	0	-276	-85	288	0	-300
1	-85	588	554662224	7	41	-7	33	0	8	0	0	-268	-85	288	0	-300
1	-85	588	554664256	7	43	-10	42	-1	8	0	-1	-260	-85	288	0	-300
1	-85	588	554666240	8	47	-10	43	0	9	0	-1	-251	-85	288	0	-300
1	-85	588	554668240	12	60	-14	53	0	12	0	-1	-239	-85	288	0	-300
1	-85	588	554670244	11	59	-15	53	0	11	0	-1	-228	-85	288	0	-300
1	-85	588	554672260	14	65	-19	66	-1	13	0	-2	-215	-85	288	0	-300
1	-85	588	554674244	18	78	-17	63	0	14	0	-2	-201	-85	288	0	-300
1	-85	588	554676252	17	75	-25	78	-1	15	0	-3	-186	-85	288	0	-300
1	-85	588	554678232	19	80	-23	73	0	16	0	-3	-170	-85	288	0	-300
1	-85	588	554680248	22	95	-30	90	-1	18	0	-4	-152	-85	288	0	-300
1	-85	588	554682248	23	90	-32	95	-1	19	0	-5	-133	-85	288	0	-300
1	-85	588	554684248	21	93	-33	89	-1	18	0	-6	-115	-85	288	0	-300
1	-85	588	554686248	26	113	-38	106	-1	22	0	-7	-93	-85	288	0	-300
1	-85	588	554688240	24	105	-39	97	-2	20	0	-9	-73	-85	288	0	-300
1	-85	588	554690244	25	110	-46	118	-2	23	0	-11	-50	-85	288	0	-300
1	-85	588	554692244	28	127	-44	107	-1	23	0	-12	-27	-85	288	0	-300
1	-85	588	554694240	23	120	-54	128	-3	25	0	-15	-2	-85	288	0	-300
1	-85	588	554696236	24	124	-50	116	-3	24	0	-18	22	-85	288	0	-300
1	-85	588	554698240	28	145	-61	138	-3	28	0	-21	50	-85	288	0	-300
1	-85	588	554700232	22	133	-55	125	-4	26	0	-25	76	-85	288	0	-300
1	-85	588	554702240	23	136	-66	147	-4	28	0	-29	104	-85	288	0	-300
1	-85	588	554704240	23	159	-60	133	-4	30	0	-33	134	-85	288	0	-300
1	-85	588	554706240	22	145	-73	155	-5	30	0	-38	164	-85	288	0	-300
1	-85	588	554708252	21	147	-64	140	-4	28	0	-42	192	-85	288	0	-300
1	-85	588	554710252	25	169	-75	161	-5	33	0	-47	225	-85	288	0	-300
1	-85	588	554712248	21	154	-77	165	-6	32	0	-53	257	-85	288	0	-300
1	-85	588	554714244	21	155	-68	146	-4	30	0	-57	287	-85	288	0	-300
1	-85	588	554716244	25	176	-78	169	-6	35	0	-63	322	-85	288	0	-300
1	-85	588	554718240	24	157	-69	149	-4	30	0	-67	352	-85	288	0	-300
1	-85	588	554720232	24	157	-78	171	-5	33	0	-72	385	-85	288	0	-300
1	-85	588	554722232	29	177	-66	150	-4	33	0	-76	418	-85	288	0	-300
1	-85	588	554724228	25	155	-74	170	-5	32	0	-81	450	-85	288	0	-300
1	-85	588	554726228	26	154	-62	147	-4	30	0	-85	480	-85	288	0	-300
1	-85	588	554728228	30	169	-68	167	-3	34	0	-88	514	-85	288	0	-300
1	-85	588	554730228	26	146	-55	142	-3	29	0	-91	543	-85	288	0	-300
1	-85	588	554732228	25	142	-60	159	-4	30	0	-95	573	-85	288	0	-300
1	-85	588	554734232	29	154	-47	136	-2	29	0	-97	602	-85	288	0	-300
1	-85	588	554736232	25	133	-50	150	-2	28	0	-99	630	-85	288	0	-300
1	-85	588	554738232	26	142	-39	126	-1	27	0	-100	657	-85	288	0	-300
1	-85	588	554740228	23	120	-39	140	-2	26	0	-102	683	-85	288	0	-300
1	-85	588	554742236	20	115	-33	133	-1	25	0	-103	708	-85	288	0	-300
1	-85	588	554744232	23	121	-25	111	-1	23	0	-104	731	-85	288	0	-300
1	-85	588	554746228	18	103	-24	121	0	22	0	-104	753	-85	288	0	-300
1	-85	588	554748228	17	97	-16	100	0	20	0	-104	773	-85	288	0	-300
1	-85	588	554750224	17	104	-15	109	0	21	0	-104	794	-85	288	0	-300
1	-85	588	554752196	12	86	-9	90	0	18	0	-104	738	-85	288	0	-300
1	-85	588	554754228	13	83	-6	96	0	18	0	-104	756	-85	288	0	-300
1	-85	588	554756232	11	86	-4	79	1	16	0	-103	772	-85	288	0	-300
1	-85	588	554758228	10	73	0	85	1	16	0	-102	788	-85	288	0	-300
1	-85	588	554760232	9	67	0	70	1	14	0	-101	802	-85	288	0	-300
1	-85	588	554762220	8	73	4	76	1	15	0	-100	817	-85	288	0	-300
1	-85	588	554764220	8	60	5	62	1	12	0	-99	829	-85	288	0	-300
1	-85	588	554766228	7	57	6	67	2	12	0	-97	841	-85	288	0	-300
1	-85	588	554768220	8	60	6	56	1	12	0	-96	853	-85	288	0	-300
1	-85	588	554770228	6	50	7	59	1	11	0	-95	731	-85	288	0	-300
1	-85	588	554772224	8	48	8	55	2	10	0	-93	741	-85	288	0	-300
1	-85	588	554774224	7	50	7	45	1	10	0	-92	751	-85	288	0	-300
1	-85	588	554776220	6	40	7	49	2	9	0	-90	760	-85	288	0	-300
1	-85	588	554778216	7	37	6	39	1	7	1	-89	767	-85	288	0	-300
2	-85	588	554780220	6	39	8	41	1	8	1	-84	296	-85	288	0	-300
2	-85	588	554782224	5	30	6	32	1	6	1	-83	302	-85	288	0	-300
2	247	-540	554784208	5	27	6	34	2	7	1	-81	309	162	-252	-85	288
2	247	-540	554786216	5	29	7	26	1	5	1	-80	314	162	-252	-85	288
2	247	-540	554788232	4	21	5	28	1	5	1	-79	319	162	-252	-85	288
2	247	-540	554790224	3	19	5	20	0	4	1	-79	323	162	-252	-85	288
2	247	-540	554792244	4	18	3	21	1	4	1	-78	327	162	-252	-85	288
2	247	-540	554794236	3	13	4	16	1	3	1	-77	330	162	-252	-85	288
2	247	-540	554796228	2	12	4	15	0	2	1	-77	332	162	-252	-85	288
2	247	-540	554798248	3	10	4	13	1	3	1	-76	335	162	-252	-85	288
2	247	-540	554800228	1	7	2	10	0	1	1	-76	336	162	-252	-85	288
2	247	-540	554802240	1	6	3	7	1	2	1	-75	338	162	-252	-85	288
2	247	-540	554804232	1	5	1	7	0	1	1	-75	339	162	-252	-85	288
2	247	-540	554806232	0	3	1	5	0	1	1	-75	340	162	-252	-85	288
2	247	-540	554808216	2	4	1	3	0	0	1	-75	340	162	-252	-85	288
2	247	-540	554810248	0	1	2	4	1	1	1	-74	341	162	-252	-85	288
2	247	-540	554812220	0	0	1	1	0	0	1	-74	341	162	-252	-85	288
2	247	-540	554814188	0	1	0	2	0	0	1	-74	341	162	-252	-85	288
2	247	-540	554818192	0	0	0	1	0	0	1	-74	341	162	-252	-85	288
2	247	-540	554824200	0	0	1	0	0	0	1	-74	341	162	-252	-85	288
2	247	-540	554838216	0	0	0	-1	0	0	1	-74	341	162	-252	-85	288
2	247	-540	554840212	-1	-2	1	-1	0	0	1	-74	341	162	-252	-85	288
2	247	-540	554842212	-1	-2	2	-2	0	0	1	-74	341	162	-252	-85	288
2	247	-540	554844220	-1	-6	1	-5	0	-1	0	-74	340	162	-252	-85	288
2	247	-540	554846252	-3	-8	4	-7	0	-1	0	-74	339	162	-252	-85	288
2	247	-540	554848240	-4	-9	5	-10	0	-2	0	-74	337	162	-252	-85	288
2	247	-540	554850244	-5	-13	6	-11	0	-2	0	-74	335	162	-252	-85	288
2	247	-540	554852248	-3	-15	6	-14	1	-3	0	-73	332	162	-252	-85	288
2	247	-540	554854232	-5	-18	9	-17	0	-4	0	-73	328	162	-252	-85	288
2	247	-540	554856228	-8	-22	10	-18	0	-4	0	-73	324	162	-252	-85	288
2	247	-540	554858240	-6	-24	12	-22	1	-4	0	-72	320	162	-252	-85	288
2	247	-540	554860228	-6	-26	13	-23	0	-5	0	-72	315	162	-252	-85	288
2	247	-540	554862240	-9	-33	16	-30	1	-7	0	-71	308	162	-252	-85	288
2	247	-540	554864244	-8	-34	15	-28	1	-6	0	-70	302	162	-252	-85	288
2	247	-540	554866244	-8	-40	20	-35	1	-7	0	-69	295	162	-252	-85	288
2	247	-540	554868244	-9	-41	20	-35	1	-8	0	-68	287	162	-252	-85	288
2	247	-540	554870236	-10	-42	24	-44	2	-9	0	-66	278	162	-252	-85	288
2	247	-540	554872240	-10	-52	22	-41	1	-9	0	-65	269	162	-252	-85	288
2	247	-540	554874248	-10	-48	29	-52	2	-10	0	-63	259	162	-252	-85	288
2	247	-540	554876240	-11	-52	30	-55	2	-11	0	-61	248	162	-252	-85	288
2	247	-540	554878244	-12	-60	28	-50	1	-11	0	-60	237	162	-252	-85	288
2	247	-540	554880252	-10	-55	32	-60	2	-11	0	-58	226	162	-252	-85	288
2	247	-540	554882260	-11	-57	30	-55	2	-11	0	-56	215	162	-252	-85	288
2	247	-540	554884260	-11	-69	35	-65	3	-14	0	-53	201	162	-252	-85	288
2	247	-540	554886260	-11	-62	31	-60	2	-12	0	-51	189	162	-252	-85	288
2	247	-540	554888260	-12	-67	39	-71	2	-14	0	-49	175	162	-252	-85	288
2	247	-540	554890260	-13	-76	34	-66	2	-14	0	-47	161	162	-252	-85	288
2	247	-540	554892256	-13	-71	41	-79	3	-15	0	-44	146	162	-252	-85	288
2	247	-540	554894252	-14	-75	36	-71	2	-14	0	-42	132	162	-252	-85	288
2	247	-540	554896252	-15	-89	44	-86	3	-18	0	-39	114	162	-252	-85	288
2	247	-540	554898252	-15	-81	39	-78	3	-16	0	-36	98	162	-252	-85	288
2	247	-540	554900248	-16	-85	46	-92	3	-18	0	-33	80	162	-252	-85	288
2	247	-540	554902248	-19	-99	41	-84	2	-18	0	-31	62	162	-252	-85	288
2	247	-540	554904248	-16	-91	50	-99	3	-19	0	-28	43	162	-252	-85	288
2	247	-540	554906248	-17	-94	50	-101	4	-19	0	-24	24	162	-252	-85	288
2	247	-540	554908252	-20	-109	47	-91	2	-20	0	-22	4	162	-252	-85	288
2	247	-540	554910252	-19	-98	53	-108	4	-21	0	-18	-17	162	-252	-85	288
2	247	-540	554912260	-19	-102	48	-95	3	-20	0	-15	-37	162	-252	-85	288
2	247	-540	554914264	-21	-116	55	-111	3	-22	0	-12	-59	162	-252	-85	288
2	247	-540	554916264	-19	-104	49	-99	3	-21	0	-9	-80	162	-252	-85	288
2	247	-540	554918268	-21	-120	57	-112	4	-23	0	-5	-103	162	-252	-85	288
2	247	-540	554920272	-18	-106	50	-102	3	-21	0	-2	-124	162	-252	-85	288
2	247	-540	554922268	-17	-107	59	-115	4	-22	0	2	-146	162	-252	-85	288
2	247	-540	554924268	-19	-123	51	-101	3	-22	0	5	-168	162	-252	-85	288
2	247	-540	554926268	-15	-107	59	-115	5	-22	0	10	-190	162	-252	-85	288
2	247	-540	554928264	-15	-108	59	-116	4	-23	0	14	-213	162	-252	-85	288
2	247	-540	554930264	-14	-121	51	-100	4	-22	0	18	-235	162	-252	-85	288
2	247	-540	554932256	-11	-106	59	-115	5	-22	0	23	-257	162	-252	-85	288
2	247	-540	554934260	-10	-107	51	-100	4	-21	0	27	-278	162	-252	-85	288
2	247	-540	554936256	-10	-117	59	-113	5	-23	0	32	-301	162	-252	-85	288
2	247	-540	554938252	-6	-105	50	-98	4	-20	0	36	-321	162	-252	-85	288
2	247	-540	554940248	-6	-104	57	-112	5	-22	0	41	-343	162	-252	-85	288
2	247	-540	554942252	-4	-116	49	-96	5	-21	0	46	-364	162	-252	-85	288
2	247	-540	554944252	-3	-103	56	-110	5	-21	0	51	-385	162	-252	-85	288
2	247	-540	554946256	-2	-102	50	-95	5	-20	0	56	-405	162	-252	-85	288
2	247	-540	554948260	-1	-114	56	-109	5	-22	0	61	-427	162	-252	-85	288
2	247	-540	554950244	0	-101	49	-93	5	-20	0	66	-447	162	-252	-85	288
2	247	-540	554952248	0	-100	56	-108	6	-20	0	72	-467	162	-252	-85	288
2	247	-540	554954248	1	-114	50	-94	5	-21	0	77	-488	162	-252	-85	288
2	247	-540	554956252	3	-99	57	-107	6	-21	0	83	-509	162	-252	-85	288
2	247	-540	554958248	2	-100	50	-94	5	-19	0	88	-528	162	-252	-85	288
2	247	-540	554960252	4	-111	57	-106	6	-22	0	94	-550	162	-252	-85	288
2	247	-540	554962252	5	-97	58	-105	6	-20	0	100	-570	162	-252	-85	288
2	247	-540	554964244	5	-98	50	-93	6	-19	0	106	-589	162	-252	-85	288
2	247	-540	554966240	6	-109	58	-105	6	-22	0	112	-611	162	-252	-85	288
2	247	-540	554968248	8	-96	52	-90	6	-18	0	118	-629	162	-252	-85	288
2	247	-540	554970248	7	-95	58	-103	7	-20	0	125	-649	162	-252	-85	288
2	247	-540	554972252	9	-105	52	-90	6	-19	0	131	-668	162	-252	-85	288
2	247	-540	554974256	9	-92	60	-102	7	-20	0	138	-688	162	-252	-85	288
2	247	-540	554976264	10	-92	51	-87	6	-18	0	144	-706	162	-252	-85	288
2	247	-540	554978252	12	-101	60	-99	7	-20	0	151	-726	162	-252	-85	288
2	247	-540	554980252	12	-87	51	-85	6	-17	0	157	-743	162	-252	-85	288
2	247	-540	554982244	12	-87	58	-96	7	-18	0	164	-738	162	-252	-85	288
2	247	-540	554984236	15	-95	50	-81	7	-18	0	171	-756	162	-252	-85	288
2	247	-540	554986244	14	-82	56	-93	7	-17	0	178	-773	162	-252	-85	288
2	247	-540	554988248	16	-89	55	-89	7	-18	0	185	-738	162	-252	-85	288
2	247	-540	554990252	15	-77	46	-75	6	-15	0	191	-753	162	-252	-85	288
2	247	-540	554992248	15	-74	50	-82	7	-16	0	198	-769	162	-252	-85	288
2	247	-540	554994252	18	-80	43	-70	6	-15	0	204	-784	162	-252	-85	288
2	247	-540	554996256	15	-68	45	-78	6	-15	0	210	-799	162	-252	-85	288
2	247	-540	554998260	15	-65	37	-63	5	-12	0	215	-811	162	-252	-85	288
2	247	-540	555000252	16	-70	39	-70	5	-14	0	220	-825	162	-252	-85	288
2	247	-540	555002256	14	-58	32	-59	5	-12	0	225	-837	162	-252	-85	288
2	247	-540	555004264	13	-55	34	-63	5	-12	0	230	-732	162	-252	-85	288
2	247	-540	555006260	14	-59	28	-52	4	-11	0	234	-743	162	-252	-85	288
2	247	-540	555008256	11	-49	27	-56	4	-10	0	238	-753	162	-252	-85	288
2	247	-540	555010260	10	-45	23	-47	3	-10	0	241	-763	162	-252	-85	288
2	247	-540	555012252	12	-47	21	-48	3	-9	0	244	-772	162	-252	-85	288
2	247	-540	555014252	8	-38	20	-47	3	-9	0	247	-781	162	-252	-85	288
2	247	-540	555016260	7	-36	15	-36	2	-7	0	249	-788	162	-252	-85	288
2	247	-540	555018252	7	-36	14	-39	2	-7	0	251	-795	162	-252	-85	288
2	247	-540	555020248	6	-30	11	-31	2	-6	0	253	-801	162	-252	-85	288
2	247	-540	555022248	5	-27	10	-32	2	-6	0	255	-726	162	-252	-85	288
2	247	-540	555024256	5	-28	7	-27	1	-6	0	256	-732	162	-252	-85	288
2	247	-540	555026256	3	-23	8	-27	1	-5	0	257	-737	162	-252	-85	288
2	247	-540	555028256	4	-20	5	-21	1	-4	0	258	-741	162	-252	-85	288
2	247	-540	555030244	2	-21	5	-23	0	-4	0	258	-745	162	-252	-85	288
2	247	-540	555032256	1	-16	4	-19	1	-4	0	259	-749	162	-252	-85	288
2	247	-540	555034252	3	-15	3	-17	1	-3	0	260	-752	162	-252	-85	288
2	247	-540	555036244	1	-15	3	-14	0	-3	0	260	-755	162	-252	-85	288
2	247	-540	555038244	1	-12	2	-15	0	-3	1	260	-758	162	-252	-85	288
3	247	-540	555040260	2	-11	3	-12	1	-2	1	163	-254	162	-252	-85	288
3	247	-540	555042248	1	-9	1	-10	0	-2	1	163	-256	162	-252	-85	288
3	-389	448	555044244	1	-7	1	-9	0	-1	1	163	-257	-227	196	162	-252
3	-389	448	555046244	0	-8	2	-8	0	-2	1	163	-259	-227	196	162	-252
3	-389	448	555048256	1	-5	1	-6	1	-1	1	164	-260	-227	196	162	-252
3	-389	448	555050196	0	-5	0	-6	0	-1	1	164	-261	-227	196	162	-252
3	-389	448	555052240	0	-3	1	-5	0	-1	1	164	-262	-227	196	162	-252
3	-389	448	555054216	0	-4	0	-3	0	-1	1	164	-263	-227	196	162	-252
3	-389	448	555056228	2	-1	0	-3	0	0	1	164	-263	-227	196	162	-252
3	-389	448	555058208	0	-3	0	-3	0	-1	1	164	-264	-227	196	162	-252
3	-389	448	555060188	0	-1	0	-2	0	0	1	164	-264	-227	196	162	-252
3	-389	448	555062192	0	-1	0	-2	0	0	1	164	-264	-227	196	162	-252
3	-389	448	555064208	0	-2	0	-1	0	-1	1	164	-265	-227	196	162	-252
3	-389	448	555066196	0	0	0	-1	0	0	1	164	-265	-227	196	162	-252
3	-389	448	555068196	0	0	0	-1	0	0	1	164	-265	-227	196	162	-252
3	-389	448	555072196	0	-1	0	0	0	0	1	164	-265	-227	196	162	-252
3	-389	448	555100196	0	0	0	0	0	0	0	164	-265	-227	196	162	-252
3	-389	448	555106220	0	1	0	0	0	0	0	164	-265	-227	196	162	-252
3	-389	448	555108236	-1	1	0	1	0	0	0	164	-265	-227	196	162	-252
3	-389	448	555110212	-1	4	-1	4	0	0	0	164	-265	-227	196	162	-252
3	-389	448	555112252	-3	5	-3	5	0	1	0	164	-264	-227	196	162	-252
3	-389	448	555114260	-2	6	-5	6	-1	1	0	163	-263	-227	196	162	-252
3	-389	448	555116260	-5	10	-6	9	-1	2	0	162	-261	-227	196	162	-252
3	-389	448	555118252	-4	11	-9	11	-1	3	0	161	-258	-227	196	162	-252
3	-389	448	555120252	-6	14	-10	13	-2	2	0	159	-256	-227	196	162	-252
3	-389	448	555122252	-8	17	-15	16	-2	4	0	157	-252	-227	196	162	-252
3	-389	448	555124252	-8	19	-15	16	-2	3	0	155	-249	-227	196	162	-252
3	-389	448	555126252	-9	21	-22	22	-4	4	0	151	-245	-227	196	162	-252
3	-389	448	555128256	-13	29	-23	21	-3	5	0	148	-240	-227	196	162	-252
3	-389	448	555130268	-12	29	-31	29	-4	6	0	144	-234	-227	196	162	-252
3	-389	448	555132268	-13	31	-30	27	-5	6	0	139	-228	-227	196	162	-252
3	-389	448	555134264	-17	41	-41	36	-6	8	0	133	-220	-227	196	162	-252
3	-389	448	555136260	-16	40	-42	34	-5	7	0	128	-213	-227	196	162	-252
3	-389	448	555138260	-18	44	-53	44	-7	9	0	121	-204	-227	196	162	-252
3	-389	448	555140256	-20	53	-53	41	-8	9	0	113	-195	-227	196	162	-252
3	-389	448	555142256	-21	51	-66	51	-8	10	0	105	-185	-227	196	162	-252
3	-389	448	555144260	-21	54	-63	48	-9	11	0	96	-174	-227	196	162	-252
3	-389	448	555146264	-25	65	-78	59	-10	12	0	86	-162	-227	196	162	-252
3	-389	448	555148256	-25	61	-87	61	-11	12	0	75	-150	-227	196	162	-252
3	-389	448	555150256	-25	65	-80	57	-11	12	0	64	-138	-227	196	162	-252
3	-389	448	555152252	-32	77	-98	69	-13	15	0	51	-123	-227	196	162	-252
3	-389	448	555154252	-28	73	-92	63	-12	14	0	39	-109	-227	196	162	-252
3	-389	448	555156252	-30	76	-111	76	-14	15	0	25	-94	-227	196	162	-252
3	-389	448	555158248	-37	90	-101	69	-14	16	0	11	-78	-227	196	162	-252
3	-389	448	555160244	-35	83	-123	83	-16	16	0	-5	-62	-227	196	162	-252
3	-389	448	555162248	-35	87	-112	77	-14	17	0	-19	-45	-227	196	162	-252
3	-389	448	555164252	-41	101	-134	90	-18	19	0	-37	-26	-227	196	162	-252
3	-389	448	555166248	-39	93	-121	82	-16	17	0	-53	-9	-227	196	162	-252
3	-389	448	555168244	-41	95	-144	99	-18	20	0	-71	11	-227	196	162	-252
3	-389	448	555170248	-46	111	-130	89	-18	20	0	-89	31	-227	196	162	-252
3	-389	448	555172256	-43	101	-152	106	-19	20	0	-108	51	-227	196	162	-252
3	-389	448	555174256	-43	103	-155	109	-20	22	0	-128	73	-227	196	162	-252
3	-389	448	555176264	-50	119	-140	97	-19	21	0	-147	94	-227	196	162	-252
3	-389	448	555178260	-47	107	-163	115	-21	22	0	-168	116	-227	196	162	-252
3	-389	448	555180264	-51	123	-145	101	-20	23	0	-188	139	-227	196	162	-252
3	-389	448	555182264	-47	110	-166	120	-21	23	0	-209	162	-227	196	162	-252
3	-389	448	555184264	-47	111	-148	105	-20	21	0	-229	183	-227	196	162	-252
3	-389	448	555186256	-52	127	-170	124	-22	26	0	-251	209	-227	196	162	-252
3	-389	448	555188252	-48	113	-150	109	-20	22	0	-271	231	-227	196	162	-252
3	-389	448	555190248	-46	112	-170	125	-21	23	0	-292	254	-227	196	162	-252
3	-389	448	555192252	-52	127	-150	110	-20	24	0	-312	278	-227	196	162	-252
3	-389	448	555194256	-47	112	-168	125	-22	24	0	-334	302	-227	196	162	-252
3	-389	448	555196260	-46	111	-148	109	-19	22	0	-353	324	-227	196	162	-252
3	-389	448	555198264	-51	125	-166	123	-22	25	0	-375	349	-227	196	162	-252
3	-389	448	555200260	-45	109	-163	122	-21	23	0	-396	372	-227	196	162	-252
3	-389	448	555202264	-45	108	-140	103	-18	21	0	-414	393	-227	196	162	-252
3	-389	448	555204256	-49	118	-156	117	-21	23	0	-435	416	-227	196	162	-252
3	-389	448	555206256	-44	103	-132	98	-17	20	0	-452	436	-227	196	162	-252
3	-389	448	555208252	-41	100	-147	110	-19	21	0	-471	457	-227	196	162	-252
3	-389	448	555210252	-44	107	-123	93	-17	20	0	-488	477	-227	196	162	-252
3	-389	448	555212248	-38	93	-135	102	-17	20	0	-505	497	-227	196	162	-252
3	-389	448	555214248	-37	90	-113	88	-15	18	0	-520	515	-227	196	162	-252
3	-389	448	555216252	-40	95	-121	94	-16	19	0	-536	534	-227	196	162	-252
3	-389	448	555218244	-32	81	-100	80	-13	16	0	-549	550	-227	196	162	-252
3	-389	448	555220244	-31	78	-106	86	-14	16	0	-563	566	-227	196	162	-252
3	-389	448	555222248	-32	83	-88	72	-12	16	0	-575	582	-227	196	162	-252
3	-389	448	555224248	-26	72	-91	80	-12	15	0	-587	597	-227	196	162	-252
3	-389	448	555226248	-24	67	-74	68	-10	13	0	-597	610	-227	196	162	-252
3	-389	448	555228244	-23	73	-77	72	-10	15	0	-607	625	-227	196	162	-252
3	-389	448	555230244	-18	62	-69	72	-8	13	0	-615	638	-227	196	162	-252
3	-389	448	555232244	-16	59	-54	58	-7	12	0	-622	650	-227	196	162	-252
3	-389	448	555234244	-16	64	-55	67	-7	13	0	-629	663	-227	196	162	-252
3	-389	448	555236244	-12	55	-42	55	-6	11	0	-635	674	-227	196	162	-252
3	-389	448	555238252	-10	52	-43	60	-5	11	1	-640	685	-227	196	162	-252
4	-389	448	555240256	-8	56	-32	51	-4	11	1	-231	207	-227	196	162	-252
4	-389	448	555242252	-5	49	-32	56	-4	10	1	-235	217	-227	196	162	-252
4	-389	448	555244248	-5	53	-23	48	-3	11	1	-238	228	-227	196	162	-252
4	500	-321	555246248	-3	45	-23	51	-2	9	1	-240	237	273	-125	-227	196
4	500	-321	555248252	0	42	-16	44	-2	9	1	-242	246	273	-125	-227	196
4	500	-321	555250252	0	46	-15	47	-1	9	1	-243	255	273	-125	-227	196
4	500	-321	555252252	1	38	-11	39	-1	8	1	-244	263	273	-125	-227	196
4	500	-321	555254248	2	36	-10	42	-1	8	1	-245	271	273	-125	-227	196
4	500	-321	555256232	5	38	-8	40	0	7	1	-245	278	273	-125	-227	196
4	500	-321	555258216	5	30	-5	33	0	7	1	-245	285	273	-125	-227	196
4	500	-321	555260236	5	27	-4	32	0	6	1	-245	291	273	-125	-227	196
4	500	-321	555262236	8	29	-2	28	0	5	1	-245	296	273	-125	-227	196
4	500	-321	555264232	6	21	-1	27	0	5	1	-245	301	273	-125	-227	196
4	500	-321	555266228	6	19	-2	20	0	4	1	-245	305	273	-125	-227	196
4	500	-321	555268232	8	19	0	22	1	4	1	-244	309	273	-125	-227	196
4	500	-321	555270236	6	13	1	16	1	3	1	-243	312	273	-125	-227	196
4	500	-321	555272220	5	12	1	15	0	3	1	-243	315	273	-125	-227	196
4	500	-321	555274228	6	10	1	12	1	2	1	-242	317	273	-125	-227	196
4	500	-321	555276232	5	8	1	10	1	2	1	-241	319	273	-125	-227	196
4	500	-321	555278220	5	7	3	9	0	1	1	-241	320	273	-125	-227	196
4	500	-321	555280224	5	5	1	6	1	1	1	-240	321	273	-125	-227	196
4	500	-321	555282228	3	3	3	5	1	1	1	-239	322	273	-125	-227	196
4	500	-321	555284220	3	3	1	5	0	1	1	-239	323	273	-125	-227	196
4	500	-321	555286212	2	2	1	3	0	0	1	-239	323	273	-125	-227	196
4	500	-321	555288236	2	0	1	2	1	1	1	-238	324	273	-125	-227	196
4	500	-321	555290204	1	2	0	2	0	0	1	-238	324	273	-125	-227	196
4	500	-321	555292180	0	0	2	0	0	0	1	-238	324	273	-125	-227	196
4	500	-321	555294180	2	0	0	0	0	0	1	-238	324	273	-125	-227	196
4	500	-321	555296180	0	0	1	0	0	0	1	-238	324	273	-125	-227	196
4	500	-321	555302180	1	0	0	0	0	0	1	-238	324	273	-125	-227	196
4	500	-321	555304208	0	-2	1	-1	0	0	1	-238	324	273	-125	-227	196
4	500	-321	555306216	1	-1	1	-2	1	0	1	-237	324	273	-125	-227	196
4	500	-321	555308204	3	-4	3	-4	0	0	1	-237	324	273	-125	-227	196
4	500	-321	555310216	2	-6	4	-5	1	-2	1	-236	322	273	-125	-227	196
4	500	-321	555312208	3	-8	3	-8	0	-1	1	-236	321	273	-125	-227	196
4	500	-321	555314216	3	-9	8	-8	2	-2	0	-234	319	273	-125	-227	196
4	500	-321	555316212	4	-12	9	-13	1	-2	0	-233	317	273	-125	-227	196
4	500	-321	555318216	5	-14	11	-12	1	-3	0	-232	314	273	-125	-227	196
4	500	-321	555320208	5	-16	14	-17	2	-3	0	-230	311	273	-125	-227	196
4	500	-321	555322216	8	-20	16	-16	3	-4	0	-227	307	273	-125	-227	196
4	500	-321	555324212	7	-20	20	-21	2	-4	0	-225	303	273	-125	-227	196
4	500	-321	555326204	8	-24	21	-20	3	-4	0	-222	299	273	-125	-227	196
4	500	-321	555328212	10	-29	29	-26	4	-6	0	-218	293	273	-125	-227	196
4	500	-321	555330208	10	-27	29	-24	4	-5	0	-214	288	273	-125	-227	196
4	500	-321	555332212	10	-31	36	-31	5	-6	0	-209	282	273	-125	-227	196
4	500	-321	555334212	13	-38	36	-29	5	-7	0	-204	275	273	-125	-227	196
4	500	-321	555336208	13	-35	46	-36	6	-7	0	-198	268	273	-125	-227	196
4	500	-321	555338204	14	-37	44	-34	5	-7	0	-193	261	273	-125	-227	196
4	500	-321	555340196	16	-45	56	-40	8	-9	0	-185	252	273	-125	-227	196
4	500	-321	555342208	16	-42	62	-43	7	-8	0	-178	244	273	-125	-227	196
4	500	-321	555344220	19	-48	57	-38	8	-9	0	-170	235	273	-125	-227	196
4	500	-321	555346216	19	-44	71	-45	9	-9	0	-161	226	273	-125	-227	196
4	500	-321	555348208	18	-46	68	-43	9	-8	0	-152	218	273	-125	-227	196
4	500	-321	555350212	24	-55	81	-49	10	-11	0	-142	207	273	-125	-227	196
4	500	-321	555352212	21	-50	75	-45	10	-9	0	-132	198	273	-125	-227	196
4	500	-321	555354208	24	-53	90	-53	11	-11	0	-121	187	273	-125	-227	196
4	500	-321	555356204	28	-61	83	-50	11	-11	0	-110	176	273	-125	-227	196
4	500	-321	555358192	26	-56	100	-59	13	-12	0	-97	164	273	-125	-227	196
4	500	-321	555360192	27	-59	91	-53	12	-11	0	-85	153	273	-125	-227	196
4	500	-321	555362196	33	-69	110	-63	14	-13	0	-71	140	273	-125	-227	196
4	500	-321	555364200	30	-64	100	-57	13	-12	0	-58	128	273	-125	-227	196
4	500	-321	555366204	31	-65	117	-68	15	-13	0	-43	115	273	-125	-227	196
4	500	-321	555368200	38	-77	108	-62	14	-14	0	-29	101	273	-125	-227	196
4	500	-321	555370200	32	-70	127	-72	16	-14	0	-13	87	273	-125	-227	196
4	500	-321	555372204	35	-71	133	-74	17	-15	0	4	72	273	-125	-227	196
4	500	-321	555374208	40	-84	119	-67	16	-15	0	20	57	273	-125	-227	196
4	500	-321	555376204	36	-76	140	-79	17	-16	0	37	41	273	-125	-227	196
4	500	-321	555378208	38	-79	125	-70	17	-14	0	54	27	273	-125	-227	196
4	500	-321	555380208	42	-90	146	-83	19	-18	0	73	9	273	-125	-227	196
4	500	-321	555382200	40	-81	130	-72	17	-15	0	90	-6	273	-125	-227	196
4	500	-321	555384216	40	-84	151	-84	19	-17	0	109	-23	273	-125	-227	196
4	500	-321	555386220	47	-94	136	-74	18	-17	0	127	-40	273	-125	-227	196
4	500	-321	555388212	41	-84	158	-85	20	-17	0	147	-57	273	-125	-227	196
4	500	-321	555390208	44	-85	139	-75	18	-16	0	165	-73	273	-125	-227	196
4	500	-321	555392208	48	-96	161	-85	21	-18	0	186	-91	273	-125	-227	196
4	500	-321	555394212	45	-85	142	-76	19	-16	0	205	-107	273	-125	-227	196
4	500	-321	555396220	47	-84	164	-85	21	-17	0	226	-124	273	-125	-227	196
4	500	-321	555398208	53	-95	164	-86	22	-18	0	248	-142	273	-125	-227	196
4	500	-321	555400204	50	-83	144	-75	19	-16	0	267	-158	273	-125	-227	196
4	500	-321	555402200	50	-83	165	-86	21	-16	0	288	-174	273	-125	-227	196
4	500	-321	555404204	59	-92	143	-74	21	-17	0	309	-191	273	-125	-227	196
4	500	-321	555406208	54	-82	164	-85	21	-17	0	330	-208	273	-125	-227	196
4	500	-321	555408212	62	-90	143	-74	21	-16	0	351	-224	273	-125	-227	196
4	500	-321	555410216	57	-77	161	-84	22	-16	0	373	-240	273	-125	-227	196
4	500	-321	555412208	57	-78	140	-72	19	-15	0	392	-255	273	-125	-227	196
4	500	-321	555414216	65	-86	157	-81	23	-17	0	415	-272	273	-125	-227	196
4	500	-321	555416204	59	-74	137	-72	19	-15	0	434	-287	273	-125	-227	196
4	500	-321	555418204	60	-73	153	-80	22	-15	0	456	-302	273	-125	-227	196
4	500	-321	555420204	66	-80	130	-70	19	-15	0	475	-317	273	-125	-227	196
4	500	-321	555422208	60	-72	147	-77	21	-15	0	496	-332	273	-125	-227	196
4	500	-321	555424204	59	-68	142	-76	20	-14	0	516	-346	273	-125	-227	196
4	500	-321	555426200	66	-77	120	-65	19	-14	0	535	-360	273	-125	-227	196
4	500	-321	555428212	59	-66	133	-74	19	-14	0	554	-374	273	-125	-227	196
4	500	-321	555430208	57	-65	111	-61	17	-13	0	571	-387	273	-125	-227	196
4	500	-321	555432208	63	-71	121	-70	18	-14	0	589	-401	273	-125	-227	196
4	500	-321	555434204	55	-60	101	-59	16	-12	0	605	-413	273	-125	-227	196
4	500	-321	555436200	52	-59	108	-65	16	-12	0	621	-425	273	-125	-227	196
4	500	-321	555438200	57	-62	87	-54	14	-12	0	635	-437	273	-125	-227	196
4	500	-321	555440208	47	-54	93	-60	14	-11	0	649	-448	273	-125	-227	196
4	500	-321	555442204	45	-50	75	-49	12	-10	0	661	-458	273	-125	-227	196
4	500	-321	555444196	46	-53	77	-53	12	-11	0	673	-469	273	-125	-227	196
4	500	-321	555446196	39	-45	62	-44	10	-9	0	683	-478	273	-125	-227	196
4	500	-321	555448188	36	-41	62	-46	10	-8	0	693	-486	273	-125	-227	196
4	500	-321	555450192	37	-42	49	-38	9	-8	0	702	-494	273	-125	-227	196
4	500	-321	555452192	28	-34	47	-39	7	-8	0	709	-502	273	-125	-227	196
4	500	-321	555454192	27	-31	42	-36	7	-6	0	716	-508	273	-125	-227	196
4	500	-321	555456192	26	-33	31	-29	6	-7	0	722	-515	273	-125	-227	196
4	500	-321	555458192	20	-25	29	-30	5	-5	0	727	-520	273	-125	-227	196
4	500	-321	555460196	16	-22	21	-25	3	-5	0	730	-525	273	-125	-227	196
4	500	-321	555462192	16	-23	19	-23	4	-4	0	734	-529	273	-125	-227	196
4	500	-321	555464192	12	-17	12	-20	2	-4	0	736	-533	273	-125	-227	196
4	500	-321	555466192	8	-17	11	-20	2	-4	1	738	-537	273	-125	-227	196
5	500	-321	555468196	9	-16	8	-17	2	-3	1	275	-128	273	-125	-227	196
5	500	-321	555470196	5	-14	6	-16	1	-3	1	276	-131	273	-125	-227	196
5	500	-321	555472196	5	-11	4	-12	1	-2	1	277	-133	273	-125	-227	196
5	500	-321	555474192	4	-12	2	-14	1	-3	1	278	-136	273	-125	-227	196
5	500	-321	555476180	2	-12	2	-11	0	-2	1	278	-138	273	-125	-227	196
5	500	-321	555478180	3	-10	1	-13	0	-3	1	278	-141	273	-125	-227	196
5	-570	168	555480184	1	-11	0	-11	0	-2	1	278	-143	-297	43	273	-125
5	-570	168	555482196	1	-10	0	-10	1	-2	1	279	-145	-297	43	273	-125
5	-570	168	555484184	2	-10	0	-11	0	-2	1	279	-147	-297	43	273	-125
5	-570	168	555486180	1	-11	0	-10	0	-2	1	279	-149	-297	43	273	-125
5	-570	168	555488180	0	-11	-2	-13	0	-2	1	279	-151	-297	43	273	-125
5	-570	168	555490152	1	-13	-1	-10	0	-3	1	279	-154	-297	43	273	-125
5	-570	168	555492180	0	-11	-2	-12	0	-2	1	279	-156	-297	43	273	-125
5	-570	168	555494176	0	-11	-2	-10	0	-2	1	279	-158	-297	43	273	-125
5	-570	168	555496176	0	-13	-2	-13	0	-3	1	279	-161	-297	43	273	-125
5	-570	168	555498172	0	-11	-3	-11	0	-2	1	279	-163	-297	43	273	-125
5	-570	168	555500176	0	-13	-2	-13	-1	-3	1	278	-166	-297	43	273	-125
5	-570	168	555502164	0	-13	-3	-11	0	-2	1	278	-168	-297	43	273	-125
5	-570	168	555504168	-2	-12	-3	-14	0	-3	1	278	-171	-297	43	273	-125
5	-570	168	555506184	-2	-12	-3	-12	-1	-2	1	277	-173	-297	43	273	-125
5	-570	168	555508180	-3	-14	-4	-13	-1	-3	1	276	-176	-297	43	273	-125
5	-570	168	555510164	-2	-12	-3	-13	0	-2	1	276	-178	-297	43	273	-125
5	-570	168	555512192	-3	-13	-4	-13	-1	-3	1	275	-181	-297	43	273	-125
5	-570	168	555514176	-3	-14	-4	-14	0	-3	1	275	-184	-297	43	273	-125
5	-570	168	555516192	-4	-12	-5	-12	-1	-2	1	274	-186	-297	43	273	-125
5	-570	168	555518192	-4	-13	-5	-14	-1	-3	1	273	-189	-297	43	273	-125
5	-570	168	555520192	-5	-12	-4	-11	-1	-2	1	272	-191	-297	43	273	-125
5	-570	168	555522188	-6	-11	-5	-13	-1	-2	1	271	-193	-297	43	273	-125
5	-570	168	555524188	-5	-12	-6	-11	-1	-3	1	270	-196	-297	43	273	-125
5	-570	168	555526180	-8	-12	-6	-12	-2	-2	1	268	-198	-297	43	273	-125
5	-570	168	555528172	-7	-10	-5	-12	-1	-2	1	267	-200	-297	43	273	-125
5	-570	168	555530164	-8	-10	-8	-11	-2	-2	1	265	-202	-297	43	273	-125
5	-570	168	555532172	-10	-11	-7	-10	-1	-2	1	264	-204	-297	43	273	-125
5	-570	168	555534172	-8	-9	-9	-11	-2	-2	1	262	-206	-297	43	273	-125
5	-570	168	555536172	-12	-9	-10	-10	-2	-2	0	260	-208	-297	43	273	-125
5	-570	168	555538172	-12	-9	-10	-8	-2	-2	0	258	-210	-297	43	273	-125
5	-570	168	555540176	-13	-7	-12	-8	-3	-2	0	255	-212	-297	43	273	-125
5	-570	168	555542184	-13	-8	-13	-8	-2	-1	0	253	-213	-297	43	273	-125
5	-570	168	555544180	-18	-6	-15	-7	-4	-1	0	249	-214	-297	43	273	-125
5	-570	168	555546176	-17	-6	-15	-5	-3	-2	0	246	-216	-297	43	273	-125
5	-570	168	555548184	-19	-4	-20	-7	-4	-1	0	242	-217	-297	43	273	-125
5	-570	168	555550172	-23	-5	-20	-3	-4	0	0	238	-217	-297	43	273	-125
5	-570	168	555552184	-21	-2	-26	-4	-5	-1	0	233	-218	-297	43	273	-125
5	-570	168	555554180	-27	-2	-26	-1	-5	0	0	228	-218	-297	43	273	-125
5	-570	168	555556192	-27	0	-33	-2	-6	-1	0	222	-219	-297	43	273	-125
5	-570	168	555558132	-28	0	-39	0	-7	0	0	215	-219	-297	43	273	-125
5	-570	168	555560180	-34	2	-36	1	-7	0	0	208	-219	-297	43	273	-125
5	-570	168	555562192	-33	5	-47	4	-8	1	0	200	-218	-297	43	273	-125
5	-570	168	555564188	-35	6	-47	6	-8	1	0	192	-217	-297	43	273	-125
5	-570	168	555566184	-41	9	-58	7	-10	2	0	182	-215	-297	43	273	-125
5	-570	168	555568188	-40	10	-58	9	-10	1	0	172	-214	-297	43	273	-125
5	-570	168	555570188	-42	13	-70	11	-11	3	0	161	-211	-297	43	273	-125
5	-570	168	555572192	-52	16	-67	13	-12	3	0	149	-208	-297	43	273	-125
5	-570	168	555574184	-47	16	-84	16	-13	3	0	136	-205	-297	43	273	-125
5	-570	168	555576176	-51	18	-79	16	-13	3	0	123	-202	-297	43	273	-125
5	-570	168	555578184	-60	23	-97	20	-16	5	0	107	-197	-297	43	273	-125
5	-570	168	555580184	-57	23	-92	20	-15	4	0	92	-193	-297	43	273	-125
5	-570	168	555582184	-58	25	-111	25	-16	5	0	76	-188	-297	43	273	-125
5	-570	168	555584184	-70	29	-102	24	-18	5	0	58	-183	-297	43	273	-125
5	-570	168	555586184	-64	28	-124	29	-18	6	0	40	-177	-297	43	273	-125
5	-570	168	555588180	-68	32	-131	31	-20	6	0	20	-171	-297	43	273	-125
5	-570	168	555590180	-77	36	-122	29	-20	7	0	0	-164	-297	43	273	-125
5	-570	168	555592180	-73	34	-142	35	-22	7	0	-22	-157	-297	43	273	-125
5	-570	168	555594180	-73	35	-131	31	-20	6	0	-42	-151	-297	43	273	-125
5	-570	168	555596188	-87	41	-153	36	-24	8	0	-66	-143	-297	43	273	-125
5	-570	168	555598196	-78	37	-139	34	-22	7	0	-88	-136	-297	43	273	-125
5	-570	168	555600196	-82	40	-162	40	-24	8	0	-112	-128	-297	43	273	-125
5	-570	168	555602188	-92	45	-146	38	-24	8	0	-136	-120	-297	43	273	-125
5	-570	168	555604188	-83	43	-170	45	-25	9	0	-161	-111	-297	43	273	-125
5	-570	168	555606176	-85	44	-152	40	-24	9	0	-185	-102	-297	43	273	-125
5	-570	168	555608188	-95	50	-176	48	-27	9	0	-212	-93	-297	43	273	-125
5	-570	168	555610184	-86	46	-155	44	-24	9	0	-236	-84	-297	43	273	-125
5	-570	168	555612184	-85	46	-179	51	-27	10	0	-263	-74	-297	43	273	-125
5	-570	168	555614180	-96	53	-181	53	-27	11	0	-290	-63	-297	43	273	-125
5	-570	168	555616172	-85	47	-159	47	-25	9	0	-315	-54	-297	43	273	-125
5	-570	168	555618172	-85	49	-181	55	-26	10	0	-341	-44	-297	43	273	-125
5	-570	168	555620176	-95	54	-159	49	-26	11	0	-367	-33	-297	43	273	-125
5	-570	168	555622184	-84	47	-181	55	-26	10	0	-393	-23	-297	43	273	-125
5	-570	168	555624176	-94	54	-156	49	-25	10	0	-418	-13	-297	43	273	-125
5	-570	168	555626172	-82	46	-178	56	-26	10	0	-444	-3	-297	43	273	-125
5	-570	168	555628168	-80	46	-153	49	-24	10	0	-468	7	-297	43	273	-125
5	-570	168	555630168	-89	50	-173	55	-26	10	0	-494	17	-297	43	273	-125
5	-570	168	555632172	-77	44	-149	46	-22	9	0	-516	26	-297	43	273	-125
5	-570	168	555634172	-77	41	-166	53	-25	10	0	-541	36	-297	43	273	-125
5	-570	168	555636176	-83	45	-141	43	-22	9	0	-563	45	-297	43	273	-125
5	-570	168	555638172	-72	38	-158	48	-23	8	0	-586	53	-297	43	273	-125
5	-570	168	555640180	-70	36	-150	45	-22	8	0	-608	61	-297	43	273	-125
5	-570	168	555642176	-76	38	-127	37	-20	8	0	-628	69	-297	43	273	-125
5	-570	168	555644176	-65	31	-140	39	-21	7	0	-649	76	-297	43	273	-125
5	-570	168	555646176	-64	30	-116	33	-18	6	0	-667	82	-297	43	273	-125
5	-570	168	555648176	-67	30	-125	33	-19	6	0	-686	88	-297	43	273	-125
5	-570	168	555650172	-58	26	-105	28	-16	6	0	-702	94	-297	43	273	-125
5	-570	168	555652172	-53	24	-112	30	-17	5	0	-719	99	-297	43	273	-125
5	-570	168	555654168	-59	25	-91	25	-15	5	0	-734	104	-297	43	273	-125
5	-570	168	555656168	-48	21	-96	26	-14	5	0	-748	109	-297	43	273	-125
5	-570	168	555658172	-45	20	-79	23	-13	4	0	-761	113	-297	43	273	-125
5	-570	168	555660160	-47	23	-82	22	-13	5	0	-774	118	-297	43	273	-125
5	-570	168	555662156	-38	18	-67	20	-10	4	0	-784	122	-297	43	273	-125
5	-570	168	555664156	-36	19	-68	21	-10	4	0	-794	126	-297	43	273	-125
5	-570	168	555666152	-36	19	-55	19	-10	3	0	-804	129	-297	43	273	-125
5	-570	168	555668152	-30	17	-55	19	-8	4	1	-812	133	-297	43	273	-125
6	-570	168	555670164	-26	17	-50	20	-8	4	1	-305	47	-297	43	273	-125
6	-570	168	555672164	-27	18	-39	16	-6	3	1	-311	50	-297	43	273	-125
6	-570	168	555674164	-21	15	-40	18	-6	3	1	-317	53	-297	43	273	-125
6	-570	168	555676160	-19	17	-30	15	-5	4	1	-322	57	-297	43	273	-125
6	-570	168	555678156	-17	16	-30	16	-5	3	1	-327	60	-297	43	273	-125
6	-570	168	555680160	-14	15	-24	14	-4	3	1	-331	63	-297	43	273	-125
6	-570	168	555682168	-11	12	-22	15	-3	2	1	-334	65	-297	43	273	-125
6	594	0	555684168	-10	15	-18	12	-3	3	1	-337	68	297	43	-297	43
6	594	0	555686160	-9	12	-16	13	-2	3	1	-339	71	297	43	-297	43
6	594	0	555688160	-5	10	-13	10	-2	2	1	-341	73	297	43	-297	43
6	594	0	555690164	-6	10	-11	11	-2	2	1	-343	75	297	43	-297	43
6	594	0	555692168	-3	7	-7	7	-1	1	1	-344	76	297	43	-297	43
6	594	0	555694168	-3	8	-8	9	-1	2	1	-345	78	297	43	-297	43
6	594	0	555696172	-2	6	-6	8	-1	1	1	-346	79	297	43	-297	43
6	594	0	555698156	-1	4	-4	5	0	1	1	-346	80	297	43	-297	43
6	594	0	555700160	0	5	-4	5	-1	1	1	-347	81	297	43	-297	43
6	594	0	555702152	0	2	-2	3	0	1	1	-347	82	297	43	-297	43
6	594	0	555704144	0	3	-1	3	0	0	1	-347	82	297	43	-297	43
6	594	0	555706148	0	1	-2	2	0	0	1	-347	82	297	43	-297	43
6	594	0	555708136	0	1	0	2	0	1	1	-347	83	297	43	-297	43
6	594	0	555710152	1	0	0	1	0	0	1	-347	83	297	43	-297	43
6	594	0	555714124	2	0	0	0	0	0	1	-347	83	297	43	-297	43
6	594	0	555716124	1	0	0	0	0	0	1	-347	83	297	43	-297	43
6	594	0	555718128	3	0	0	0	0	0	1	-347	83	297	43	-297	43
6	594	0	555720128	2	0	1	0	0	0	1	-347	83	297	43	-297	43
6	594	0	555722156	4	0	0	-1	0	0	1	-347	83	297	43	-297	43
6	594	0	555724144	5	-2	1	0	1	0	1	-346	83	297	43	-297	43
6	594	0	555726168	5	-1	2	-1	1	0	1	-345	83	297	43	-297	43
6	594	0	555728148	5	-2	2	-1	0	0	1	-345	83	297	43	-297	43
6	594	0	555730176	8	-2	1	-3	1	-1	1	-344	82	297	43	-297	43
6	594	0	555732164	6	-2	2	-1	1	0	1	-343	82	297	43	-297	43
6	594	0	555734164	7	-1	3	-2	1	0	1	-342	82	297	43	-297	43
6	594	0	555736184	8	-4	2	-3	1	-1	1	-341	81	297	43	-297	43
6	594	0	555738184	9	-3	4	-4	1	-1	1	-340	80	297	43	-297	43
6	594	0	555740168	8	-5	4	-2	2	0	1	-338	80	297	43	-297	43
6	594	0	555742180	9	-5	5	-5	1	-1	1	-337	79	297	43	-297	43
6	594	0	555744184	9	-5	6	-6	1	-1	1	-336	78	297	43	-297	43
6	594	0	555746188	11	-7	8	-7	2	-2	1	-334	76	297	43	-297	43
6	594	0	555748192	9	-8	8	-7	2	-1	1	-332	75	297	43	-297	43
6	594	0	555750188	10	-8	10	-8	2	-2	1	-330	73	297	43	-297	43
6	594	0	555752188	11	-10	14	-10	3	-2	0	-327	71	297	43	-297	43
6	594	0	555754196	10	-10	14	-8	2	-2	0	-325	69	297	43	-297	43
6	594	0	555756192	11	-12	17	-12	3	-2	0	-322	67	297	43	-297	43
6	594	0	555758188	13	-13	19	-10	3	-2	0	-319	65	297	43	-297	43
6	594	0	555760188	14	-14	25	-13	4	-3	0	-315	62	297	43	-297	43
6	594	0	555762188	13	-13	25	-13	4	-3	0	-311	59	297	43	-297	43
6	594	0	555764188	19	-17	33	-15	5	-3	0	-306	56	297	43	-297	43
6	594	0	555766192	19	-15	32	-14	5	-3	0	-301	53	297	43	-297	43
6	594	0	555768192	22	-16	41	-17	6	-3	0	-295	50	297	43	-297	43
6	594	0	555770188	27	-18	49	-18	8	-4	0	-287	46	297	43	-297	43
6	594	0	555772192	27	-16	46	-15	7	-3	0	-280	43	297	43	-297	43
6	594	0	555774192	31	-18	60	-18	9	-3	0	-271	40	297	43	-297	43
6	594	0	555776188	39	-18	59	-18	10	-4	0	-261	36	297	43	-297	43
6	594	0	555778192	38	-18	71	-19	11	-4	0	-250	32	297	43	-297	43
6	594	0	555780184	41	-19	70	-17	11	-3	0	-239	29	297	43	-297	43
6	594	0	555782188	51	-20	87	-21	14	-4	0	-225	25	297	43	-297	43
6	594	0	555784184	50	-18	80	-18	13	-4	0	-212	21	297	43	-297	43
6	594	0	555786188	54	-19	100	-20	15	-4	0	-197	17	297	43	-297	43
6	594	0	555788184	66	-21	92	-19	16	-4	0	-181	13	297	43	-297	43
6	594	0	555790188	63	-19	114	-21	18	-4	0	-163	9	297	43	-297	43
6	594	0	555792188	75	-23	105	-17	18	-4	0	-145	5	297	43	-297	43
6	594	0	555794184	71	-20	126	-22	19	-4	0	-126	1	297	43	-297	43
6	594	0	555796180	74	-20	115	-18	19	-4	0	-107	-3	297	43	-297	43
6	594	0	555798176	88	-23	139	-20	23	-4	0	-84	-7	297	43	-297	43
6	594	0	555800176	82	-20	144	-22	23	-4	0	-61	-11	297	43	-297	43
6	594	0	555802176	85	-19	130	-17	21	-4	0	-40	-15	297	43	-297	43
6	594	0	555804172	100	-21	153	-20	25	-4	0	-15	-19	297	43	-297	43
6	594	0	555806168	90	-19	139	-16	23	-4	0	8	-23	297	43	-297	43
6	594	0	555808176	93	-16	163	-19	26	-3	0	34	-26	297	43	-297	43
6	594	0	555810184	109	-18	145	-15	25	-3	0	59	-29	297	43	-297	43
6	594	0	555812192	99	-14	170	-16	27	-3	0	86	-32	297	43	-297	43
6	594	0	555814192	101	-12	151	-14	25	-3	0	111	-35	297	43	-297	43
6	594	0	555816180	116	-14	175	-14	30	-3	0	141	-38	297	43	-297	43
6	594	0	555818184	105	-9	156	-11	26	-2	0	167	-40	297	43	-297	43
6	594	0	555820184	108	-8	179	-11	28	-2	0	195	-42	297	43	-297	43
6	594	0	555822188	121	-8	159	-8	28	-1	0	223	-43	297	43	-297	43
6	594	0	555824184	110	-5	183	-7	30	-1	0	253	-44	297	43	-297	43
6	594	0	555826168	113	-4	185	-7	29	-2	0	282	-46	297	43	-297	43
6	594	0	555828160	126	-2	164	-5	29	0	0	311	-46	297	43	-297	43
6	594	0	555830168	114	0	186	-3	30	-1	0	341	-47	297	43	-297	43
6	594	0	555832156	115	0	165	-2	28	0	0	369	-47	297	43	-297	43
6	594	0	555834160	130	0	188	-2	32	0	0	401	-47	297	43	-297	43
6	594	0	555836152	115	0	165	-1	28	0	0	429	-47	297	43	-297	43
6	594	0	555838160	116	0	189	-2	31	0	0	460	-47	297	43	-297	43
6	594	0	555840148	130	2	163	0	29	0	0	489	-47	297	43	-297	43
6	594	0	555842156	116	1	188	0	30	0	0	519	-47	297	43	-297	43
6	594	0	555844128	115	0	162	0	28	0	0	547	-47	297	43	-297	43
6	594	0	555846132	129	1	184	-1	31	0	0	578	-47	297	43	-297	43
6	594	0	555848132	112	0	160	0	28	0	0	606	-47	297	43	-297	43
6	594	0	555850136	113	0	180	0	29	0	0	635	-47	297	43	-297	43
6	594	0	555852168	122	0	176	-1	30	0	0	665	-47	297	43	-297	43
6	594	0	555854168	108	0	150	-1	26	0	0	691	-47	297	43	-297	43
6	594	0	555856172	104	0	168	-2	27	0	0	718	-47	297	43	-297	43
6	594	0	555858184	113	0	142	-2	25	-1	0	743	-48	297	43	-297	43
6	594	0	555860168	99	-2	155	-3	26	0	0	769	-48	297	43	-297	43
6	594	0	555862172	94	-1	132	-2	22	0	0	791	-48	297	43	-297	43
6	594	0	555864172	101	-1	142	-3	25	-1	0	816	-49	297	43	-297	43
6	594	0	555866164	85	-1	119	-1	20	0	0	836	-49	297	43	-297	43
6	594	0	555868152	80	-2	126	-2	21	0	0	857	-49	297	43	-297	43
6	594	0	555870164	85	0	104	-2	18	-1	0	875	-50	297	43	-297	43
6	594	0	555872104	69	0	110	0	18	0	0	893	-50	297	43	-297	43
6	594	0	555874108	72	0	89	0	16	0	0	909	-50	297	43	-297	43
6	594	0	555876108	58	0	92	0	15	0	0	924	-50	297	43	-297	43
6	594	0	555878156	52	1	73	0	13	0	0	937	-50	297	43	-297	43
6	594	0	555880152	53	2	73	0	13	0	0	950	-50	297	43	-297	43
6	594	0	555882156	40	2	64	2	10	0	0	960	-50	297	43	-297	43
6	594	0	555884160	35	2	49	1	8	1	1	968	-49	297	43	-297	43
7	594	0	555886148	34	3	47	2	8	0	1	305	43	297	43	-297	43
7	594	0	555888152	25	1	37	1	7	0	1	312	43	297	43	-297	43
7	594	0	555890168	20	2	33	2	5	1	1	317	44	297	43	-297	43
7	594	0	555892152	18	3	25	2	4	0	1	321	44	297	43	-297	43
7	594	0	555894160	13	2	23	2	4	1	1	325	45	297	43	-297	43
7	594	0	555896152	10	2	16	1	2	0	1	327	45	297	43	-297	43
7	594	0	555898152	7	1	14	3	3	0	1	330	45	297	43	-297	43
7	594	0	555900152	5	1	9	1	1	0	1	331	45	297	43	-297	43
7	594	0	555902168	3	1	7	1	1	1	1	332	46	297	43	-297	43
7	594	0	555904152	2	2	5	2	1	0	1	333	46	297	43	-297	43
7	-570	-168	555906116	0	0	3	0	0	0	1	333	46	-273	-125	297	43
7	-570	-168	555908144	0	0	1	1	0	0	1	333	46	-273	-125	297	43
7	-570	-168	555910120	-3	0	0	0	0	0	1	333	46	-273	-125	297	43
7	-570	-168	555912116	-2	1	0	0	0	0	1	333	46	-273	-125	297	43
7	-570	-168	555914112	-4	0	0	0	0	0	1	333	46	-273	-125	297	43
7	-570	-168	555916132	-5	0	-2	0	-1	0	1	332	46	-273	-125	297	43
7	-570	-168	555918120	-5	0	-2	0	0	0	1	332	46	-273	-125	297	43
7	-570	-168	555920132	-5	0	-3	0	-1	0	1	331	46	-273	-125	297	43
7	-570	-168	555922156	-7	-1	-2	0	-1	0	1	330	46	-273	-125	297	43
7	-570	-168	555924152	-8	-2	-4	-2	-1	0	1	329	46	-273	-125	297	43
7	-570	-168	555926152	-9	-4	-4	-2	-2	0	1	327	46	-273	-125	297	43
7	-570	-168	555928168	-11	-4	-6	-4	-1	-1	1	326	45	-273	-125	297	43
7	-570	-168	555930172	-10	-6	-6	-5	-2	-1	1	324	44	-273	-125	297	43
7	-570	-168	555932172	-14	-6	-8	-6	-2	-1	1	322	43	-273	-125	297	43
7	-570	-168	555934176	-12	-9	-10	-9	-2	-2	1	320	41	-273	-125	297	43
7	-570	-168	555936172	-14	-9	-10	-8	-3	-2	1	317	39	-273	-125	297	43
7	-570	-168	555938176	-15	-11	-12	-11	-2	-2	1	315	37	-273	-125	297	43
7	-570	-168	555940176	-17	-14	-13	-11	-3	-2	1	312	35	-273	-125	297	43
7	-570	-168	555942172	-15	-15	-16	-14	-3	-3	1	309	32	-273	-125	297	43
7	-570	-168	555944172	-19	-17	-16	-14	-4	-3	1	305	29	-273	-125	297	43
7	-570	-168	555946168	-19	-18	-21	-17	-4	-4	1	301	25	-273	-125	297	43
7	-570	-168	555948164	-19	-18	-20	-16	-4	-3	0	297	22	-273	-125	297	43
7	-570	-168	555950156	-21	-22	-27	-22	-5	-5	0	292	17	-273	-125	297	43
7	-570	-168	555952164	-24	-23	-26	-20	-5	-4	0	287	13	-273	-125	297	43
7	-570	-168	555954152	-23	-24	-32	-23	-5	-5	0	282	8	-273	-125	297	43
7	-570	-168	555956160	-29	-28	-32	-23	-6	-5	0	276	3	-273	-125	297	43
7	-570	-168	555958160	-26	-26	-40	-26	-7	-5	0	269	-2	-273	-125	297	43
7	-570	-168	555960156	-30	-27	-38	-25	-7	-5	0	262	-7	-273	-125	297	43
7	-570	-168	555962152	-35	-33	-49	-30	-8	-6	0	254	-13	-273	-125	297	43
7	-570	-168	555964148	-35	-30	-55	-31	-9	-6	0	245	-19	-273	-125	297	43
7	-570	-168	555966144	-38	-30	-51	-29	-9	-6	0	236	-25	-273	-125	297	43
7	-570	-168	555968140	-46	-36	-65	-35	-11	-7	0	225	-32	-273	-125	297	43
7	-570	-168	555970140	-46	-33	-63	-31	-11	-7	0	214	-39	-273	-125	297	43
7	-570	-168	555972136	-49	-33	-77	-39	-13	-7	0	201	-46	-273	-125	297	43
7	-570	-168	555974132	-60	-40	-74	-35	-13	-8	0	188	-54	-273	-125	297	43
7	-570	-168	555976140	-59	-37	-91	-41	-15	-7	0	173	-61	-273	-125	297	43
7	-570	-168	555978144	-62	-38	-85	-39	-15	-8	0	158	-69	-273	-125	297	43
7	-570	-168	555980144	-78	-45	-107	-45	-18	-9	0	140	-78	-273	-125	297	43
7	-570	-168	555982136	-74	-42	-97	-43	-17	-9	0	123	-87	-273	-125	297	43
7	-570	-168	555984128	-78	-42	-120	-48	-20	-9	0	103	-96	-273	-125	297	43
7	-570	-168	555986132	-94	-51	-113	-47	-21	-9	0	82	-105	-273	-125	297	43
7	-570	-168	555988128	-89	-48	-133	-53	-22	-10	0	60	-115	-273	-125	297	43
7	-570	-168	555990132	-95	-49	-124	-50	-22	-10	0	38	-125	-273	-125	297	43
7	-570	-168	555992136	-111	-57	-149	-58	-26	-12	0	12	-137	-273	-125	297	43
7	-570	-168	555994132	-105	-53	-156	-59	-26	-11	0	-14	-148	-273	-125	297	43
7	-570	-168	555996116	-110	-53	-141	-52	-25	-11	0	-39	-159	-273	-125	297	43
7	-570	-168	555998124	-129	-63	-168	-61	-30	-12	0	-69	-171	-273	-125	297	43
7	-570	-168	556000120	-119	-56	-151	-55	-27	-11	0	-96	-182	-273	-125	297	43
7	-570	-168	556002120	-122	-56	-179	-62	-30	-12	0	-126	-194	-273	-125	297	43
7	-570	-168	556004116	-143	-65	-160	-55	-30	-12	0	-156	-206	-273	-125	297	43
7	-570	-168	556006116	-130	-58	-186	-62	-32	-12	0	-188	-218	-273	-125	297	43
7	-570	-168	556008108	-132	-57	-166	-54	-30	-11	0	-218	-229	-273	-125	297	43
7	-570	-168	556010108	-151	-64	-194	-62	-34	-13	0	-252	-242	-273	-125	297	43
7	-570	-168	556012116	-138	-58	-171	-53	-31	-11	0	-283	-253	-273	-125	297	43
7	-570	-168	556014116	-139	-55	-199	-60	-34	-11	0	-317	-264	-273	-125	297	43
7	-570	-168	556016112	-157	-61	-176	-52	-33	-11	0	-350	-275	-273	-125	297	43
7	-570	-168	556018120	-141	-52	-203	-58	-34	-11	0	-384	-286	-273	-125	297	43
7	-570	-168	556020128	-140	-52	-202	-56	-35	-11	0	-419	-297	-273	-125	297	43
7	-570	-168	556022124	-158	-55	-178	-46	-33	-10	0	-452	-307	-273	-125	297	43
7	-570	-168	556024120	-139	-47	-201	-53	-34	-10	0	-486	-317	-273	-125	297	43
7	-570	-168	556026128	-137	-45	-174	-44	-31	-9	0	-517	-326	-273	-125	297	43
7	-570	-168	556028128	-153	-50	-197	-48	-35	-10	0	-552	-336	-273	-125	297	43
7	-570	-168	556030120	-132	-44	-170	-43	-31	-9	0	-583	-345	-273	-125	297	43
7	-570	-168	556032116	-130	-42	-193	-46	-32	-9	0	-615	-354	-273	-125	297	43
7	-570	-168	556034128	-144	-47	-165	-40	-31	-8	0	-646	-362	-273	-125	297	43
7	-570	-168	556036124	-124	-41	-184	-46	-31	-9	0	-677	-371	-273	-125	297	43
7	-570	-168	556038120	-120	-40	-157	-39	-27	-8	0	-704	-379	-273	-125	297	43
7	-570	-168	556040124	-130	-45	-174	-44	-31	-9	0	-735	-388	-273	-125	297	43
7	-570	-168	556042116	-111	-39	-147	-39	-25	-8	0	-760	-396	-273	-125	297	43
7	-570	-168	556044112	-107	-38	-162	-42	-27	-8	0	-787	-404	-273	-125	297	43
7	-570	-168	556046124	-114	-43	-136	-38	-25	-8	0	-812	-412	-273	-125	297	43
7	-570	-168	556048120	-96	-37	-147	-42	-25	-8	0	-837	-420	-273	-125	297	43
7	-570	-168	556050124	-93	-39	-139	-43	-23	-8	0	-860	-428	-273	-125	297	43
7	-570	-168	556052116	-97	-41	-115	-35	-21	-7	0	-881	-435	-273	-125	297	43
7	-570	-168	556054116	-82	-37	-123	-41	-21	-8	0	-902	-443	-273	-125	297	43
7	-570	-168	556056120	-85	-38	-101	-35	-18	-7	0	-920	-450	-273	-125	297	43
7	-570	-168	556058120	-68	-34	-106	-39	-18	-8	0	-938	-458	-273	-125	297	43
7	-570	-168	556060128	-65	-34	-86	-33	-15	-6	0	-953	-464	-273	-125	297	43
7	-570	-168	556062128	-65	-35	-90	-37	-15	-8	0	-968	-472	-273	-125	297	43
7	-570	-168	556064128	-53	-29	-72	-30	-13	-6	0	-981	-478	-273	-125	297	43
7	-570	-168	556066124	-46	-27	-72	-33	-11	-6	0	-992	-484	-273	-125	297	43
7	-570	-168	556068124	-48	-29	-56	-27	-11	-5	0	-1003	-489	-273	-125	297	43
7	-570	-168	556070124	-35	-24	-58	-28	-9	-5	0	-1012	-494	-273	-125	297	43
7	-570	-168	556072124	-31	-20	-44	-23	-8	-5	0	-1020	-499	-273	-125	297	43
7	-570	-168	556074120	-30	-21	-42	-24	-7	-4	0	-1027	-503	-273	-125	297	43
7	-570	-168	556076128	-22	-16	-36	-20	-6	-4	0	-1033	-507	-273	-125	297	43
7	-570	-168	556078128	-19	-14	-28	-16	-4	-3	0	-1037	-510	-273	-125	297	43
7	-570	-168	556080120	-16	-14	-25	-15	-4	-3	0	-1041	-513	-273	-125	297	43
7	-570	-168	556082116	-12	-10	-17	-11	-3	-2	0	-1044	-515	-273	-125	297	43
7	-570	-168	556084108	-8	-7	-15	-11	-3	-2	1	-1047	-517	-273	-125	297	43
8	-570	-168	556086116	-8	-8	-12	-9	-2	-1	1	-275	-126	-273	-125	297	43
8	-570	-168	556088116	-5	-5	-8	-8	-1	-2	1	-276	-128	-273	-125	297	43
8	-570	-168	556090104	-4	-2	-5	-5	-1	0	1	-277	-128	-273	-125	297	43
8	-570	-168	556092112	-2	-4	-5	-3	-1	-1	1	-278	-129	-273	-125	297	43
8	-570	-168	556094084	-1	-1	-4	-4	0	0	1	-278	-129	-273	-125	297	43
8	-570	-168	556096108	0	-1	-1	-1	0	-1	1	-278	-130	-273	-125	297	43
8	500	321	556098096	0	-2	-2	-3	0	0	1	-278	-130	227	196	-273	-125
8	500	321	556100072	0	0	-1	0	0	0	1	-278	-130	227	196	-273	-125
8	500	321	556102068	0	0	0	-1	0	0	1	-278	-130	227	196	-273	-125
8	500	321	556106108	1	-1	0	-1	0	0	1	-278	-130	227	196	-273	-125
8	500	321	556108076	4	0	0	0	0	0	1	-278	-130	227	196	-273	-125
8	500	321	556110088	4	-1	0	-2	0	-1	1	-278	-131	227	196	-273	-125
8	500	321	556112100	5	-1	2	-1	0	0	1	-278	-131	227	196	-273	-125
8	500	321	556114116	5	-3	2	-1	1	0	1	-277	-131	227	196	-273	-125
8	500	321	556116120	7	-1	1	-3	1	-1	1	-276	-132	227	196	-273	-125
8	500	321	556118112	7	-3	2	-1	1	0	1	-275	-132	227	196	-273	-125
8	500	321	556120096	6	-1	2	-2	0	0	1	-275	-132	227	196	-273	-125
8	500	321	556122128	9	-2	1	-3	1	-1	1	-274	-133	227	196	-273	-125
8	500	321	556124108	7	-3	3	-1	1	0	1	-273	-133	227	196	-273	-125
8	500	321	556126128	8	-2	2	-4	1	-1	1	-272	-134	227	196	-273	-125
8	500	321	556128124	7	-4	3	-2	1	-1	1	-271	-135	227	196	-273	-125
8	500	321	556130116	9	-3	1	-3	1	0	1	-270	-135	227	196	-273	-125
8	500	321	556132124	7	-5	3	-5	1	-1	1	-269	-136	227	196	-273	-125
8	500	321	556134124	8	-3	2	-4	1	-1	1	-268	-137	227	196	-273	-125
8	500	321	556136128	6	-4	3	-5	1	-1	1	-267	-138	227	196	-273	-125
8	500	321	556138132	6	-6	2	-3	1	-1	1	-266	-139	227	196	-273	-125
8	500	321	556140128	5	-4	1	-5	1	-1	1	-265	-140	227	196	-273	-125
8	500	321	556142116	4	-5	3	-5	0	-1	1	-265	-141	227	196	-273	-125
8	500	321	556144132	4	-6	1	-5	1	-1	1	-264	-142	227	196	-273	-125
8	500	321	556146124	1	-5	1	-5	0	-1	1	-264	-143	227	196	-273	-125
8	500	321	556148128	3	-5	2	-7	1	-1	1	-263	-144	227	196	-273	-125
8	500	321	556150116	1	-7	1	-5	0	-1	1	-263	-145	227	196	-273	-125
8	500	321	556152120	0	-5	1	-5	0	-1	1	-263	-146	227	196	-273	-125
8	500	321	556154120	0	-5	1	-5	0	-1	1	-263	-147	227	196	-273	-125
8	500	321	556156124	1	-6	0	-5	0	-1	1	-263	-148	227	196	-273	-125
8	500	321	556158124	0	-4	2	-5	0	-1	1	-263	-149	227	196	-273	-125
8	500	321	556160100	0	-5	0	-3	0	-1	1	-263	-150	227	196	-273	-125
8	500	321	556162124	0	-3	1	-5	0	-1	1	-263	-151	227	196	-273	-125
8	500	321	556164084	0	-4	0	-3	0	0	1	-263	-151	227	196	-273	-125
8	500	321	556166132	0	-3	1	-4	1	-1	1	-262	-152	227	196	-273	-125
8	500	321	556168056	0	-2	0	-2	0	0	1	-262	-152	227	196	-273	-125
8	500	321	556170068	0	-3	0	-3	0	-1	0	-262	-153	227	196	-273	-125
8	500	321	556172060	0	-1	0	-2	0	0	0	-262	-153	227	196	-273	-125
8	500	321	556174120	0	-1	1	-1	0	-1	0	-262	-154	227	196	-273	-125
8	500	321	556176084	0	0	0	-2	0	0	0	-262	-154	227	196	-273	-125
8	500	321	556178080	0	-1	0	0	0	0	0	-262	-154	227	196	-273	-125
8	500	321	556180076	0	0	0	-1	0	0	0	-262	-154	227	196	-273	-125
8	500	321	556184076	0	0	2	0	0	0	0	-262	-154	227	196	-273	-125
8	500	321	556186072	0	0	2	0	0	0	0	-262	-154	227	196	-273	-125
8	500	321	556188100	0	3	4	2	0	0	0	-262	-154	227	196	-273	-125
8	500	321	556190116	0	3	5	4	1	0	0	-261	-154	227	196	-273	-125
8	500	321	556192132	1	5	7	3	1	1	0	-260	-153	227	196	-273	-125
8	500	321	556194132	3	7	9	7	1	2	0	-259	-151	227	196	-273	-125
8	500	321	556196136	4	8	14	7	2	1	0	-257	-150	227	196	-273	-125
8	500	321	556198132	6	9	14	8	2	2	0	-255	-148	227	196	-273	-125
8	500	321	556200132	6	11	18	11	2	2	0	-253	-146	227	196	-273	-125
8	500	321	556202124	11	15	20	11	3	3	0	-250	-143	227	196	-273	-125
8	500	321	556204128	12	17	27	15	4	3	0	-246	-140	227	196	-273	-125
8	500	321	556206128	15	16	26	15	4	3	0	-242	-137	227	196	-273	-125
8	500	321	556208124	20	22	34	20	6	4	0	-236	-133	227	196	-273	-125
8	500	321	556210120	21	23	38	21	6	4	0	-230	-129	227	196	-273	-125
8	500	321	556212124	26	25	37	23	6	5	0	-224	-124	227	196	-273	-125
8	500	321	556214124	33	31	47	27	8	6	0	-216	-118	227	196	-273	-125
8	500	321	556216124	33	30	44	28	8	6	0	-208	-112	227	196	-273	-125
8	500	321	556218120	38	33	55	34	9	7	0	-199	-105	227	196	-273	-125
8	500	321	556220120	47	40	51	32	10	7	0	-189	-98	227	196	-273	-125
8	500	321	556222108	48	38	61	40	11	8	0	-178	-90	227	196	-273	-125
8	500	321	556224112	50	40	57	38	10	7	0	-168	-83	227	196	-273	-125
8	500	321	556226112	62	49	66	47	13	10	0	-155	-73	227	196	-273	-125
8	500	321	556228116	59	46	60	43	12	9	0	-143	-64	227	196	-273	-125
8	500	321	556230124	64	49	70	52	13	10	0	-130	-54	227	196	-273	-125
8	500	321	556232124	74	59	64	49	14	11	0	-116	-43	227	196	-273	-125
8	500	321	556234136	70	55	75	60	15	11	0	-101	-32	227	196	-273	-125
8	500	321	556236132	73	59	76	64	15	13	0	-86	-19	227	196	-273	-125
8	500	321	556238128	87	71	69	58	15	12	0	-71	-7	227	196	-273	-125
8	500	321	556240140	80	65	80	70	16	14	0	-55	7	227	196	-273	-125
8	500	321	556242136	81	70	71	65	15	13	0	-40	20	227	196	-273	-125
8	500	321	556244136	96	81	84	78	18	16	0	-22	36	227	196	-273	-125
8	500	321	556246132	89	75	75	71	17	15	0	-5	51	227	196	-273	-125
8	500	321	556248132	90	79	87	84	17	16	0	12	67	227	196	-273	-125
8	500	321	556250132	105	90	79	76	19	17	0	31	84	227	196	-273	-125
8	500	321	556252124	95	84	90	90	18	17	0	49	101	227	196	-273	-125
8	500	321	556254124	109	96	81	80	19	18	0	68	119	227	196	-273	-125
8	500	321	556256124	98	86	94	94	20	18	0	88	137	227	196	-273	-125
8	500	321	556258132	100	89	96	95	19	18	0	107	155	227	196	-273	-125
8	500	321	556260136	114	100	85	84	20	19	0	127	174	227	196	-273	-125
8	500	321	556262132	101	90	99	97	20	18	0	147	192	227	196	-273	-125
8	500	321	556264128	104	90	89	86	19	18	0	166	210	227	196	-273	-125
8	500	321	556266132	115	100	102	98	22	20	0	188	230	227	196	-273	-125
8	500	321	556268136	103	89	90	85	19	17	0	207	247	227	196	-273	-125
8	500	321	556270128	101	87	104	96	21	18	0	228	265	227	196	-273	-125
8	500	321	556272128	114	96	90	84	20	18	0	248	283	227	196	-273	-125
8	500	321	556274128	98	85	105	94	21	18	0	269	301	227	196	-273	-125
8	500	321	556276132	98	83	90	81	18	17	0	287	318	227	196	-273	-125
8	500	321	556278144	107	90	104	91	21	18	0	308	336	227	196	-273	-125
8	500	321	556280144	94	80	90	78	19	16	0	327	352	227	196	-273	-125
8	500	321	556282144	91	76	101	86	19	16	0	346	368	227	196	-273	-125
8	500	321	556284140	100	85	87	75	19	16	0	365	384	227	196	-273	-125
8	500	321	556286136	87	73	98	82	18	15	0	383	399	227	196	-273	-125
8	500	321	556288136	83	71	96	82	18	16	0	401	415	227	196	-273	-125
8	500	321	556290136	92	77	84	68	18	14	0	419	429	227	196	-273	-125
8	500	321	556292140	77	68	92	77	17	15	0	436	444	227	196	-273	-125
8	500	321	556294136	76	66	79	66	15	13	0	451	457	227	196	-273	-125
8	500	321	556296124	83	73	88	74	17	15	0	468	472	227	196	-273	-125
8	500	321	556298132	70	63	75	63	15	12	0	483	484	227	196	-273	-125
8	500	321	556300136	69	63	82	72	15	14	0	498	498	227	196	-273	-125
8	500	321	556302140	73	70	70	61	14	13	0	512	511	227	196	-273	-125
8	500	321	556304140	63	60	79	69	14	13	0	526	524	227	196	-273	-125
8	500	321	556306144	61	60	66	58	13	11	1	539	535	227	196	-273	-125
9	500	321	556308144	65	65	73	68	14	14	1	241	210	227	196	-273	-125
9	500	321	556310148	56	57	70	65	12	12	1	253	222	227	196	-273	-125
9	500	321	556312148	60	64	60	56	12	12	1	265	234	227	196	-273	-125
9	500	321	556314152	52	55	66	63	12	12	1	277	246	227	196	-273	-125
9	500	321	556316152	50	54	54	52	11	10	1	288	256	227	196	-273	-125
9	500	321	556318156	52	57	61	59	11	12	1	299	268	227	196	-273	-125
9	-389	-448	556320156	45	50	50	51	9	10	1	308	278	-162	-252	227	196
9	-389	-448	556322160	44	49	55	55	10	10	1	318	288	-162	-252	227	196
9	-389	-448	556324160	45	53	45	46	9	10	1	327	298	-162	-252	227	196
9	-389	-448	556326152	37	43	49	50	9	10	1	336	308	-162	-252	227	196
9	-389	-448	556328148	35	42	40	42	7	8	1	343	316	-162	-252	227	196
9	-389	-448	556330144	38	43	43	45	9	9	1	352	325	-162	-252	227	196
9	-389	-448	556332144	30	35	34	36	6	7	1	358	332	-162	-252	227	196
9	-389	-448	556334148	27	33	36	37	6	7	1	364	339	-162	-252	227	196
9	-389	-448	556336152	28	32	34	35	6	7	1	370	346	-162	-252	227	196
9	-389	-448	556338148	21	27	25	28	5	5	1	375	351	-162	-252	227	196
9	-389	-448	556340148	20	22	26	27	5	5	1	380	356	-162	-252	227	196
9	-389	-448	556342144	19	23	20	22	4	5	1	384	361	-162	-252	227	196
9	-389	-448	556344144	14	17	20	21	3	3	1	387	364	-162	-252	227	196
9	-389	-448	556346148	12	14	15	16	3	3	1	390	367	-162	-252	227	196
9	-389	-448	556348148	10	14	15	16	2	3	1	392	370	-162	-252	227	196
9	-389	-448	556350148	8	10	10	12	2	3	1	394	373	-162	-252	227	196
9	-389	-448	556352140	6	7	10	10	2	1	1	396	374	-162	-252	227	196
9	-389	-448	556354140	5	6	8	7	1	2	1	397	376	-162	-252	227	196
9	-389	-448	556356140	2	5	5	8	1	1	1	398	377	-162	-252	227	196
9	-389	-448	556358132	3	3	5	5	0	1	1	398	378	-162	-252	227	196
9	-389	-448	556360140	1	2	2	3	1	0	1	399	378	-162	-252	227	196
9	-389	-448	556362136	0	2	3	3	0	1	1	399	379	-162	-252	227	196
9	-389	-448	556364132	0	0	1	1	0	0	1	399	379	-162	-252	227	196
9	-389	-448	556368100	-2	0	0	0	0	0	1	399	379	-162	-252	227	196
9	-389	-448	556370096	-2	-2	0	0	0	0	1	399	379	-162	-252	227	196
9	-389	-448	556372124	-4	-4	0	-4	0	0	1	399	379	-162	-252	227	196
9	-389	-448	556374136	-5	-6	-1	-5	0	-1	1	399	378	-162	-252	227	196
9	-389	-448	556376152	-6	-9	-2	-8	-1	-2	1	398	376	-162	-252	227	196
9	-389	-448	556378152	-9	-12	-1	-12	-1	-3	1	397	373	-162	-252	227	196
9	-389	-448	556380140	-9	-15	-2	-13	-1	-2	1	396	371	-162	-252	227	196
9	-389	-448	556382136	-10	-19	-4	-18	-2	-4	1	394	367	-162	-252	227	196
9	-389	-448	556384144	-12	-24	-3	-19	-1	-4	1	393	363	-162	-252	227	196
9	-389	-448	556386132	-13	-25	-5	-25	-2	-5	0	391	358	-162	-252	227	196
9	-389	-448	556388136	-13	-29	-3	-25	-2	-6	0	389	352	-162	-252	227	196
9	-389	-448	556390140	-18	-36	-7	-34	-2	-7	0	387	345	-162	-252	227	196
9	-389	-448	556392128	-16	-37	-6	-31	-2	-7	0	385	338	-162	-252	227	196
9	-389	-448	556394124	-20	-47	-9	-43	-3	-9	0	382	329	-162	-252	227	196
9	-389	-448	556396124	-20	-46	-8	-46	-3	-9	0	379	320	-162	-252	227	196
9	-389	-448	556398128	-21	-50	-10	-45	-3	-9	0	376	311	-162	-252	227	196
9	-389	-448	556400124	-25	-62	-13	-56	-4	-12	0	372	299	-162	-252	227	196
9	-389	-448	556402120	-24	-60	-12	-54	-4	-11	0	368	288	-162	-252	227	196
9	-389	-448	556404124	-25	-63	-15	-66	-4	-13	0	364	275	-162	-252	227	196
9	-389	-448	556406136	-30	-76	-17	-63	-4	-14	0	360	261	-162	-252	227	196
9	-389	-448	556408136	-28	-70	-20	-76	-5	-15	0	355	246	-162	-252	227	196
9	-389	-448	556410136	-31	-75	-20	-70	-5	-14	0	350	232	-162	-252	227	196
9	-389	-448	556412140	-36	-89	-25	-84	-6	-18	0	344	214	-162	-252	227	196
9	-389	-448	556414140	-36	-82	-23	-77	-6	-16	0	338	198	-162	-252	227	196
9	-389	-448	556416132	-38	-87	-32	-93	-7	-18	0	331	180	-162	-252	227	196
9	-389	-448	556418136	-47	-102	-32	-98	-8	-20	0	323	160	-162	-252	227	196
9	-389	-448	556420136	-45	-95	-33	-90	-8	-18	0	315	142	-162	-252	227	196
9	-389	-448	556422132	-50	-100	-40	-108	-9	-21	0	306	121	-162	-252	227	196
9	-389	-448	556424136	-60	-119	-38	-99	-10	-22	0	296	99	-162	-252	227	196
9	-389	-448	556426140	-59	-110	-47	-117	-10	-22	0	286	77	-162	-252	227	196
9	-389	-448	556428124	-63	-114	-45	-108	-11	-23	0	275	54	-162	-252	227	196
9	-389	-448	556430132	-76	-133	-53	-126	-13	-25	0	262	29	-162	-252	227	196
9	-389	-448	556432140	-72	-122	-52	-116	-12	-24	0	250	5	-162	-252	227	196
9	-389	-448	556434132	-77	-126	-62	-135	-14	-26	0	236	-21	-162	-252	227	196
9	-389	-448	556436128	-92	-144	-56	-123	-15	-27	0	221	-48	-162	-252	227	196
9	-389	-448	556438136	-86	-131	-70	-142	-16	-27	0	205	-75	-162	-252	227	196
9	-389	-448	556440132	-90	-134	-64	-126	-15	-26	0	190	-101	-162	-252	227	196
9	-389	-448	556442124	-107	-152	-78	-148	-19	-30	0	171	-131	-162	-252	227	196
9	-389	-448	556444132	-97	-136	-70	-130	-16	-27	0	155	-158	-162	-252	227	196
9	-389	-448	556446132	-101	-138	-85	-151	-19	-29	0	136	-187	-162	-252	227	196
9	-389	-448	556448128	-118	-156	-88	-151	-20	-31	0	116	-218	-162	-252	227	196
9	-389	-448	556450124	-106	-139	-80	-134	-19	-27	0	97	-245	-162	-252	227	196
9	-389	-448	556452140	-108	-136	-95	-153	-20	-29	0	77	-274	-162	-252	227	196
9	-389	-448	556454140	-123	-153	-87	-133	-21	-28	0	56	-302	-162	-252	227	196
9	-389	-448	556456140	-110	-135	-101	-150	-21	-29	0	35	-331	-162	-252	227	196
9	-389	-448	556458140	-125	-147	-90	-132	-22	-28	0	13	-359	-162	-252	227	196
9	-389	-448	556460136	-110	-130	-106	-146	-22	-27	0	-9	-386	-162	-252	227	196
9	-389	-448	556462140	-110	-129	-94	-127	-20	-26	0	-29	-412	-162	-252	227	196
9	-389	-448	556464140	-123	-141	-109	-143	-23	-28	0	-52	-440	-162	-252	227	196
9	-389	-448	556466124	-107	-123	-97	-121	-21	-25	0	-73	-465	-162	-252	227	196
9	-389	-448	556468124	-107	-120	-111	-136	-21	-25	0	-94	-490	-162	-252	227	196
9	-389	-448	556470128	-115	-131	-99	-117	-22	-25	0	-116	-515	-162	-252	227	196
9	-389	-448	556472124	-100	-114	-114	-130	-21	-25	0	-137	-540	-162	-252	227	196
9	-389	-448	556474128	-97	-111	-112	-126	-21	-23	0	-158	-563	-162	-252	227	196
9	-389	-448	556476124	-106	-120	-99	-106	-21	-23	0	-179	-586	-162	-252	227	196
9	-389	-448	556478124	-92	-104	-111	-119	-20	-22	0	-199	-608	-162	-252	227	196
9	-389	-448	556480124	-86	-101	-97	-100	-18	-20	0	-217	-628	-162	-252	227	196
9	-389	-448	556482128	-95	-109	-108	-111	-20	-22	0	-237	-650	-162	-252	227	196
9	-389	-448	556484128	-79	-95	-94	-94	-18	-19	0	-255	-669	-162	-252	227	196
9	-389	-448	556486120	-76	-90	-104	-104	-18	-20	0	-273	-689	-162	-252	227	196
9	-389	-448	556488120	-81	-98	-89	-87	-17	-18	0	-290	-707	-162	-252	227	196
9	-389	-448	556490136	-68	-84	-98	-96	-16	-18	0	-306	-725	-162	-252	227	196
9	-389	-448	556492140	-65	-81	-84	-83	-15	-16	0	-321	-741	-162	-252	227	196
9	-389	-448	556494144	-67	-89	-91	-90	-16	-18	0	-337	-759	-162	-252	227	196
9	-389	-448	556496144	-56	-75	-89	-89	-15	-17	0	-352	-776	-162	-252	227	196
9	-389	-448	556498148	-54	-73	-75	-73	-12	-14	0	-364	-790	-162	-252	227	196
9	-389	-448	556500152	-56	-80	-81	-83	-14	-17	0	-378	-807	-162	-252	227	196
9	-389	-448	556502152	-47	-68	-68	-70	-12	-13	0	-390	-820	-162	-252	227	196
9	-389	-448	556504140	-45	-67	-74	-79	-12	-15	0	-402	-735	-162	-252	227	196
9	-389	-448	556506148	-46	-72	-61	-66	-10	-14	0	-412	-749	-162	-252	227	196
9	-389	-448	556508136	-39	-64	-66	-74	-11	-14	0	-423	-763	-162	-252	227	196
9	-389	-448	556510136	-36	-61	-54	-62	-9	-12	0	-432	-775	-162	-252	227	196
9	-389	-448	556512136	-37	-66	-59	-69	-9	-13	0	-441	-788	-162	-252	227	196
9	-389	-448	556514136	-33	-57	-47	-59	-8	-12	0	-449	-800	-162	-252	227	196
9	-389	-448	556516136	-29	-55	-51	-63	-8	-12	0	-457	-812	-162	-252	227	196
9	-389	-448	556518132	-30	-60	-42	-54	-8	-11	0	-465	-823	-162	-252	227	196
9	-389	-448	556520136	-25	-50	-43	-59	-6	-11	0	-471	-834	-162	-252	227	196
9	-389	-448	556522140	-22	-47	-37	-50	-6	-10	0	-477	-730	-162	-252	227	196
9	-389	-448	556524140	-24	-50	-36	-52	-6	-10	0	-483	-740	-162	-252	227	196
9	-389	-448	556526140	-17	-43	-35	-50	-5	-9	0	-488	-749	-162	-252	227	196
9	-389	-448	556528136	-19	-43	-27	-42	-5	-9	0	-493	-758	-162	-252	227	196
9	-389	-448	556530144	-15	-37	-28	-42	-4	-8	0	-497	-766	-162	-252	227	196
9	-389	-448	556532136	-13	-33	-21	-35	-4	-7	0	-501	-773	-162	-252	227	196
9	-389	-448	556534136	-12	-34	-23	-36	-3	-7	0	-504	-780	-162	-252	227	196
9	-389	-448	556536144	-9	-26	-17	-30	-3	-5	0	-507	-785	-162	-252	227	196
9	-389	-448	556538148	-6	-24	-18	-29	-2	-5	0	-509	-725	-162	-252	227	196
9	-389	-448	556540152	-6	-24	-13	-23	-2	-5	0	-511	-730	-162	-252	227	196
9	-389	-448	556542156	-5	-17	-13	-23	-2	-4	0	-513	-734	-162	-252	227	196
9	-389	-448	556544164	-3	-17	-9	-18	-1	-4	1	-514	-738	-162	-252	227	196
10	-389	-448	556546160	-2	-15	-10	-17	-1	-3	1	-163	-255	-162	-252	227	196
10	-389	-448	556548164	-2	-11	-7	-15	-1	-2	1	-164	-257	-162	-252	227	196
10	-389	-448	556550160	-1	-10	-6	-10	-1	-2	1	-165	-259	-162	-252	227	196
10	-389	-448	556552136	0	-9	-5	-12	0	-3	1	-165	-262	-162	-252	227	196
10	247	540	556554148	1	-7	-3	-8	-1	-1	1	-166	-263	85	288	-162	-252
10	247	540	556556140	1	-5	-2	-8	0	-1	1	-166	-264	85	288	-162	-252
10	247	540	556558112	2	-5	-2	-5	0	-1	1	-166	-265	85	288	-162	-252
10	247	540	556560144	4	-4	-1	-5	0	-1	1	-166	-266	85	288	-162	-252
10	247	540	556562140	4	-2	0	-4	0	-1	1	-166	-267	85	288	-162	-252
10	247	540	556564144	5	-4	0	-3	1	-1	1	-165	-268	85	288	-162	-252
10	247	540	556566120	5	-1	0	-3	0	0	1	-165	-268	85	288	-162	-252
10	247	540	556568132	5	-3	0	-2	1	0	1	-164	-268	85	288	-162	-252
10	247	540	556570140	6	-1	2	-3	0	-1	1	-164	-269	85	288	-162	-252
10	247	540	556572136	6	-1	1	-1	1	0	1	-163	-269	85	288	-162	-252
10	247	540	556574156	7	-3	1	-3	1	-1	1	-162	-270	85	288	-162	-252
10	247	540	556576144	6	-1	1	-1	1	0	1	-161	-270	85	288	-162	-252
10	247	540	556578136	6	0	3	-1	0	0	1	-161	-270	85	288	-162	-252
10	247	540	556580148	6	-3	1	-1	1	0	1	-160	-270	85	288	-162	-252
10	247	540	556582156	5	0	1	-2	1	-1	1	-159	-271	85	288	-162	-252
10	247	540	556584128	5	-1	2	0	0	0	1	-159	-271	85	288	-162	-252
10	247	540	556586140	7	-1	2	-1	1	0	1	-158	-271	85	288	-162	-252
10	247	540	556588132	3	-1	1	-1	1	0	1	-157	-271	85	288	-162	-252
10	247	540	556590120	4	0	2	-1	0	0	1	-157	-271	85	288	-162	-252
10	247	540	556592136	3	-2	0	0	1	0	1	-156	-271	85	288	-162	-252
10	247	540	556594116	2	0	1	-2	0	-1	1	-156	-272	85	288	-162	-252
10	247	540	556596112	3	-1	0	0	0	0	1	-156	-272	85	288	-162	-252
10	247	540	556598088	1	0	1	0	0	0	1	-156	-272	85	288	-162	-252
10	247	540	556600096	1	0	0	0	1	0	1	-155	-272	85	288	-162	-252
10	247	540	556602064	0	0	0	-1	0	0	1	-155	-272	85	288	-162	-252
10	247	540	556604080	1	0	1	0	0	0	1	-155	-272	85	288	-162	-252
10	247	540	556620068	0	1	0	1	0	0	1	-155	-272	85	288	-162	-252
10	247	540	556622092	0	1	0	1	0	0	1	-155	-272	85	288	-162	-252
10	247	540	556624128	2	4	2	4	0	1	1	-155	-271	85	288	-162	-252
10	247	540	556626120	1	5	1	3	0	0	1	-155	-271	85	288	-162	-252
10	247	540	556628136	1	8	0	8	0	2	1	-155	-269	85	288	-162	-252
10	247	540	556630144	1	9	2	10	1	2	0	-154	-267	85	288	-162	-252
10	247	540	556632132	3	11	2	10	0	2	0	-154	-265	85	288	-162	-252
10	247	540	556634152	4	15	2	12	1	3	0	-153	-262	85	288	-162	-252
10	247	540	556636124	2	15	1	14	0	3	0	-153	-259	85	288	-162	-252
10	247	540	556638140	4	18	4	19	1	3	0	-152	-256	85	288	-162	-252
10	247	540	556640132	5	22	3	17	1	4	0	-151	-252	85	288	-162	-252
10	247	540	556642124	4	23	3	23	0	5	0	-151	-247	85	288	-162	-252
10	247	540	556644128	5	25	3	21	1	4	0	-150	-243	85	288	-162	-252
10	247	540	556646136	5	31	4	29	1	6	0	-149	-237	85	288	-162	-252
10	247	540	556648124	6	30	3	27	1	6	0	-148	-231	85	288	-162	-252
10	247	540	556650128	6	34	5	35	1	7	0	-147	-224	85	288	-162	-252
10	247	540	556652132	9	41	4	33	1	7	0	-146	-217	85	288	-162	-252
10	247	540	556654132	7	40	5	41	2	8	0	-144	-209	85	288	-162	-252
10	247	540	556656132	10	46	4	45	1	10	0	-143	-199	85	288	-162	-252
10	247	540	556658140	10	44	4	41	1	8	0	-142	-191	85	288	-162	-252
10	247	540	556660136	12	46	3	50	2	10	0	-140	-181	85	288	-162	-252
10	247	540	556662140	13	54	4	47	2	10	0	-138	-171	85	288	-162	-252
10	247	540	556664144	14	51	3	56	1	10	0	-137	-161	85	288	-162	-252
10	247	540	556666144	15	54	2	50	2	11	0	-135	-150	85	288	-162	-252
10	247	540	556668148	18	64	3	61	2	12	0	-133	-138	85	288	-162	-252
10	247	540	556670144	18	59	1	58	2	12	0	-131	-126	85	288	-162	-252
10	247	540	556672148	20	62	2	67	2	13	0	-129	-113	85	288	-162	-252
10	247	540	556674152	25	74	2	63	3	14	0	-126	-99	85	288	-162	-252
10	247	540	556676140	24	70	2	76	3	14	0	-123	-85	85	288	-162	-252
10	247	540	556678136	28	71	1	69	2	14	0	-121	-71	85	288	-162	-252
10	247	540	556680136	32	85	3	82	4	17	0	-117	-54	85	288	-162	-252
10	247	540	556682132	33	80	1	86	3	17	0	-114	-37	85	288	-162	-252
10	247	540	556684132	33	83	3	80	4	16	0	-110	-21	85	288	-162	-252
10	247	540	556686132	42	97	2	95	4	19	0	-106	-2	85	288	-162	-252
10	247	540	556688124	38	90	4	85	5	18	0	-101	16	85	288	-162	-252
10	247	540	556690132	43	94	2	103	4	19	0	-97	35	85	288	-162	-252
10	247	540	556692140	49	109	4	91	5	20	0	-92	55	85	288	-162	-252
10	247	540	556694136	46	101	4	109	5	21	0	-87	76	85	288	-162	-252
10	247	540	556696132	49	104	4	99	6	21	0	-81	97	85	288	-162	-252
10	247	540	556698140	56	122	5	117	6	23	0	-75	120	85	288	-162	-252
10	247	540	556700140	52	111	3	105	5	22	0	-70	142	85	288	-162	-252
10	247	540	556702144	54	114	4	124	6	24	0	-64	166	85	288	-162	-252
10	247	540	556704144	63	133	4	110	7	24	0	-57	190	85	288	-162	-252
10	247	540	556706148	56	120	4	130	6	25	0	-51	215	85	288	-162	-252
10	247	540	556708156	57	122	3	134	6	26	0	-45	241	85	288	-162	-252
10	247	540	556710160	65	140	4	117	7	25	0	-38	266	85	288	-162	-252
10	247	540	556712156	59	126	4	138	6	27	0	-32	293	85	288	-162	-252
10	247	540	556714152	68	142	4	121	7	26	0	-25	319	85	288	-162	-252
10	247	540	556716148	60	126	6	139	7	27	0	-18	346	85	288	-162	-252
10	247	540	556718152	60	126	5	122	6	24	0	-12	370	85	288	-162	-252
10	247	540	556720148	67	141	7	140	8	29	0	-4	399	85	288	-162	-252
10	247	540	556722144	60	125	7	121	6	24	0	2	423	85	288	-162	-252
10	247	540	556724148	59	124	10	138	7	26	0	9	449	85	288	-162	-252
10	247	540	556726144	66	136	10	120	8	26	0	17	475	85	288	-162	-252
10	247	540	556728144	59	120	12	135	7	25	0	24	500	85	288	-162	-252
10	247	540	556730140	59	118	14	116	7	24	0	31	524	85	288	-162	-252
10	247	540	556732148	63	129	17	130	8	26	0	39	550	85	288	-162	-252
10	247	540	556734144	58	111	19	129	8	24	0	47	574	85	288	-162	-252
10	247	540	556736136	55	109	20	109	7	22	0	54	596	85	288	-162	-252
10	247	540	556738136	62	120	24	122	9	24	0	63	620	85	288	-162	-252
10	247	540	556740144	54	102	24	104	8	20	0	71	640	85	288	-162	-252
10	247	540	556742148	54	100	28	115	8	22	0	79	662	85	288	-162	-252
10	247	540	556744148	59	109	27	97	9	20	0	88	682	85	288	-162	-252
10	247	540	556746148	50	94	31	109	8	21	0	96	703	85	288	-162	-252
10	247	540	556748152	50	91	27	93	7	18	0	103	721	85	288	-162	-252
10	247	540	556750148	55	99	34	101	9	20	0	112	741	85	288	-162	-252
10	247	540	556752148	47	85	30	86	8	17	0	120	758	85	288	-162	-252
10	247	540	556754152	46	82	34	96	8	18	0	128	776	85	288	-162	-252
10	247	540	556756156	50	89	30	80	8	17	0	136	793	85	288	-162	-252
10	247	540	556758160	44	77	34	89	8	17	0	144	810	85	288	-162	-252
10	247	540	556760160	41	74	32	86	7	16	0	151	826	85	288	-162	-252
10	247	540	556762164	44	80	29	73	7	15	0	158	841	85	288	-162	-252
10	247	540	556764152	39	69	31	79	7	15	0	165	856	85	288	-162	-252
10	247	540	556766152	35	65	28	66	7	13	0	172	869	85	288	-162	-252
10	247	540	556768152	39	70	28	72	6	14	0	178	883	85	288	-162	-252
10	247	540	556770148	31	59	25	60	6	12	0	184	732	85	288	-162	-252
10	247	540	556772148	29	56	27	67	6	12	0	190	744	85	288	-162	-252
10	247	540	556774144	31	60	22	53	5	11	1	195	755	85	288	-162	-252
11	-85	-588	556776144	24	50	24	59	5	11	1	90	299	0	-300	85	288
11	-85	-588	556778140	22	47	20	48	4	10	1	94	309	0	-300	85	288
11	-85	-588	556780136	23	50	20	51	4	10	1	98	319	0	-300	85	288
11	-85	-588	556782136	17	40	17	42	4	8	1	102	327	0	-300	85	288
11	-85	-588	556784136	16	38	18	45	3	8	1	105	335	0	-300	85	288
11	-85	-588	556786136	15	40	15	35	3	8	1	108	343	0	-300	85	288
11	-85	-588	556788144	12	31	14	38	3	7	1	111	350	0	-300	85	288
11	-85	-588	556790148	10	31	13	35	2	6	1	113	356	0	-300	85	288
11	-85	-588	556792152	8	27	10	26	2	6	1	115	362	0	-300	85	288
11	-85	-588	556794152	7	22	10	28	1	5	1	116	367	0	-300	85	288
11	-85	-588	556796148	5	23	8	21	2	4	1	118	371	0	-300	85	288
11	-85	-588	556798144	3	17	9	22	1	4	1	119	375	0	-300	85	288
11	-85	-588	556800148	3	15	5	17	1	3	1	120	378	0	-300	85	288
11	-85	-588	556802148	2	15	6	16	1	3	1	121	381	0	-300	85	288
11	-85	-588	556804132	0	10	4	12	0	3	1	121	384	0	-300	85	288
11	-85	-588	556806128	0	9	3	13	0	2	1	121	386	0	-300	85	288
11	-85	-588	556808132	0	9	3	9	1	2	1	122	388	0	-300	85	288
11	-85	-588	556810124	-1	5	2	8	0	1	1	122	389	0	-300	85	288
11	-85	-588	556812124	-3	5	0	5	0	1	1	122	390	0	-300	85	288
11	-85	-588	556814100	-2	3	2	7	0	1	1	122	391	0	-300	85	288
11	-85	-588	556816108	-4	3	0	3	0	0	1	122	391	0	-300	85	288
11	-85	-588	556818136	-4	2	0	3	-1	1	1	121	392	0	-300	85	288
11	-85	-588	556820116	-5	2	0	2	0	0	1	121	392	0	-300	85	288
11	-85	-588	556822140	-4	1	-1	2	-1	1	1	120	393	0	-300	85	288
11	-85	-588	556824092	-6	0	-1	0	0	0	1	120	393	0	-300	85	288
11	-85	-588	556826104	-6	0	-1	0	-1	0	1	119	393	0	-300	85	288
11	-85	-588	556828100	-6	0	-3	0	-1	0	1	118	393	0	-300	85	288
11	-85	-588	556830124	-9	-2	-2	0	-1	0	1	117	393	0	-300	85	288
11	-85	-588	556832132	-10	-2	-3	-2	-1	0	1	116	393	0	-300	85	288
11	-85	-588	556834148	-10	-5	-2	-5	-1	-1	1	115	392	0	-300	85	288
11	-85	-588	556836148	-13	-7	-3	-6	-2	-1	1	113	391	0	-300	85	288
11	-85	-588	556838148	-13	-10	-2	-8	-2	-2	1	111	389	0	-300	85	288
11	-85	-588	556840156	-13	-11	-4	-11	-1	-2	1	110	387	0	-300	85	288
11	-85	-588	556842160	-16	-16	-4	-14	-2	-3	1	108	384	0	-300	85	288
11	-85	-588	556844160	-15	-16	-3	-15	-2	-3	1	106	381	0	-300	85	288
11	-85	-588	556846164	-15	-22	-3	-21	-2	-5	1	104	376	0	-300	85	288
11	-85	-588	556848160	-19	-27	-4	-21	-2	-5	1	102	371	0	-300	85	288
11	-85	-588	556850156	-17	-28	-3	-29	-2	-5	1	100	366	0	-300	85	288
11	-85	-588	556852160	-18	-32	-4	-28	-2	-6	0	98	360	0	-300	85	288
11	-85	-588	556854160	-21	-41	-4	-36	-3	-8	0	95	352	0	-300	85	288
11	-85	-588	556856156	-20	-40	-2	-36	-2	-8	0	93	344	0	-300	85	288
11	-85	-588	556858164	-19	-44	-5	-45	-2	-8	0	91	336	0	-300	85	288
11	-85	-588	556860168	-22	-55	-3	-43	-3	-10	0	88	326	0	-300	85	288
11	-85	-588	556862160	-20	-53	-5	-55	-2	-11	0	86	315	0	-300	85	288
11	-85	-588	556864168	-22	-56	-4	-58	-3	-11	0	83	304	0	-300	85	288
11	-85	-588	556866168	-23	-69	-2	-57	-3	-13	0	80	291	0	-300	85	288
11	-85	-588	556868172	-22	-65	-4	-68	-2	-13	0	78	278	0	-300	85	288
11	-85	-588	556870164	-23	-68	-4	-64	-3	-14	0	75	264	0	-300	85	288
11	-85	-588	556872172	-28	-83	-3	-78	-3	-16	0	72	248	0	-300	85	288
11	-85	-588	556874168	-26	-76	-3	-71	-3	-14	0	69	234	0	-300	85	288
11	-85	-588	556876176	-28	-80	-4	-86	-3	-17	0	66	217	0	-300	85	288
11	-85	-588	556878176	-33	-96	-3	-80	-4	-18	0	62	199	0	-300	85	288
11	-85	-588	556880184	-32	-89	-5	-95	-3	-18	0	59	181	0	-300	85	288
11	-85	-588	556882188	-37	-105	-4	-88	-4	-19	0	55	162	0	-300	85	288
11	-85	-588	556884188	-36	-99	-5	-106	-5	-21	0	50	141	0	-300	85	288
11	-85	-588	556886180	-38	-102	-5	-96	-4	-20	0	46	121	0	-300	85	288
11	-85	-588	556888180	-44	-122	-6	-116	-5	-23	0	41	98	0	-300	85	288
11	-85	-588	556890176	-41	-112	-5	-105	-4	-22	0	37	76	0	-300	85	288
11	-85	-588	556892176	-44	-118	-8	-127	-6	-25	0	31	51	0	-300	85	288
11	-85	-588	556894176	-52	-136	-6	-132	-5	-26	0	26	25	0	-300	85	288
11	-85	-588	556896172	-49	-127	-8	-120	-6	-25	0	20	0	0	-300	85	288
11	-85	-588	556898176	-50	-130	-7	-140	-6	-27	0	14	-27	0	-300	85	288
11	-85	-588	556900176	-59	-152	-9	-128	-7	-28	0	7	-55	0	-300	85	288
11	-85	-588	556902168	-55	-137	-9	-148	-6	-29	0	1	-84	0	-300	85	288
11	-85	-588	556904164	-56	-140	-10	-134	-7	-27	0	-6	-111	0	-300	85	288
11	-85	-588	556906168	-65	-161	-11	-156	-7	-32	0	-13	-143	0	-300	85	288
11	-85	-588	556908164	-59	-145	-11	-139	-7	-28	0	-20	-171	0	-300	85	288
11	-85	-588	556910168	-60	-147	-14	-160	-8	-31	0	-28	-202	0	-300	85	288
11	-85	-588	556912164	-68	-166	-12	-141	-8	-30	0	-36	-232	0	-300	85	288
11	-85	-588	556914164	-62	-149	-17	-164	-8	-32	0	-44	-264	0	-300	85	288
11	-85	-588	556916164	-62	-147	-15	-143	-7	-29	0	-51	-293	0	-300	85	288
11	-85	-588	556918168	-70	-166	-18	-163	-9	-33	0	-60	-326	0	-300	85	288
11	-85	-588	556920168	-61	-147	-20	-163	-8	-31	0	-68	-357	0	-300	85	288
11	-85	-588	556922172	-63	-145	-18	-141	-8	-28	0	-76	-385	0	-300	85	288
11	-85	-588	556924176	-67	-160	-22	-159	-9	-32	0	-85	-417	0	-300	85	288
11	-85	-588	556926168	-60	-140	-20	-137	-8	-28	0	-93	-445	0	-300	85	288
11	-85	-588	556928164	-59	-137	-25	-155	-9	-29	0	-102	-474	0	-300	85	288
11	-85	-588	556930164	-64	-153	-22	-133	-8	-29	0	-110	-503	0	-300	85	288
11	-85	-588	556932168	-55	-131	-27	-149	-8	-28	0	-118	-531	0	-300	85	288
11	-85	-588	556934168	-52	-130	-23	-127	-8	-25	0	-126	-556	0	-300	85	288
11	-85	-588	556936156	-58	-141	-28	-141	-8	-29	0	-134	-585	0	-300	85	288
11	-85	-588	556938152	-47	-121	-24	-122	-8	-24	0	-142	-609	0	-300	85	288
11	-85	-588	556940160	-44	-119	-28	-133	-7	-25	0	-149	-634	0	-300	85	288
11	-85	-588	556942160	-48	-129	-25	-114	-7	-24	0	-156	-658	0	-300	85	288
11	-85	-588	556944160	-38	-110	-26	-125	-6	-24	0	-162	-682	0	-300	85	288
11	-85	-588	556946160	-37	-106	-22	-106	-6	-21	0	-168	-703	0	-300	85	288
11	-85	-588	556948156	-37	-115	-25	-117	-7	-23	0	-175	-726	0	-300	85	288
11	-85	-588	556950156	-30	-99	-23	-112	-5	-21	0	-180	-747	0	-300	85	288
11	-85	-588	556952152	-26	-95	-20	-95	-4	-19	0	-184	-766	0	-300	85	288
11	-85	-588	556954152	-28	-101	-20	-104	-5	-21	0	-189	-787	0	-300	85	288
11	-85	-588	556956152	-22	-86	-16	-87	-4	-17	0	-193	-804	0	-300	85	288
11	-85	-588	556958156	-19	-83	-18	-95	-4	-18	0	-197	-738	0	-300	85	288
11	-85	-588	556960160	-19	-87	-12	-80	-3	-17	0	-200	-755	0	-300	85	288
11	-85	-588	556962160	-14	-74	-13	-87	-3	-16	0	-203	-771	0	-300	85	288
11	-85	-588	556964160	-11	-69	-10	-71	-2	-14	0	-205	-734	0	-300	85	288
11	-85	-588	556966164	-11	-74	-10	-76	-2	-15	0	-207	-749	0	-300	85	288
11	-85	-588	556968168	-8	-60	-6	-63	-1	-12	0	-208	-761	0	-300	85	288
11	-85	-588	556970168	-6	-62	-6	-66	-1	-13	0	-209	-774	0	-300	85	288
11	-85	-588	556972172	-5	-51	-4	-54	-1	-10	0	-210	-784	0	-300	85	288
11	-85	-588	556974164	-4	-48	-4	-57	-1	-11	0	-211	-795	0	-300	85	288
11	-85	-588	556976152	-2	-49	-2	-53	0	-10	0	-211	-805	0	-300	85	288
11	-85	-588	556978168	-1	-40	-1	-41	-1	-8	0	-212	-813	0	-300	85	288
11	-85	-588	556980152	-2	-35	-2	-42	0	-8	0	-212	-821	0	-300	85	288
11	-85	-588	556982156	0	-35	-1	-34	0	-7	0	-212	-727	0	-300	85	288
11	-85	-588	556984128	0	-26	0	-35	0	-6	0	-212	-733	0	-300	85	288
11	-85	-588	556986152	1	-24	0	-26	0	-5	0	-212	-738	0	-300	85	288
11	-85	-588	556988148	1	-22	0	-25	0	-5	0	-212	-743	0	-300	85	288
11	-85	-588	556990152	1	-16	0	-20	0	-3	1	-212	-746	0	-300	85	288
12	-85	-588	556992156	2	-14	0	-19	0	-3	1	0	-303	0	-300	85	288
12	-85	-588	556994156	2	-13	0	-13	0	-3	1	0	-306	0	-300	85	288
12	-85	-588	556996156	1	-7	2	-12	0	-2	1	0	-308	0	-300	85	288
12	-85	-588	556998152	2	-8	0	-9	0	-2	1	0	-310	0	-300	85	288
12	-85	-588	557000160	1	-6	0	-7	0	-1	1	0	-311	0	-300	85	288
12	-85	-588	557002160	1	-4	1	-7	0	-1	1	0	-312	0	-300	85	288
12	-85	-588	557004168	1	-2	0	-3	1	-1	1	1	-313	0	-300	85	288
12	-85	-588	557006148	2	-3	0	-4	0	0	1	1	-313	0	-300	85	288
12	-85	-588	557008128	0	-1	0	-3	0	-1	1	1	-314	0	-300	85	288
12	-85	588	557010116	0	-1	0	-1	0	0	1	1	-314	-85	288	0	-300
12	-85	588	557012148	1	0	0	-1	0	0	1	1	-314	-85	288	0	-300
12	-85	588	557014124	0	0	1	0	0	0	1	1	-314	-85	288	0	-300
12	-85	588	557016116	0	0	0	-1	0	0	1	1	-314	-85	288	0	-300
12	-85	588	557020108	0	-1	0	0	0	0	1	1	-314	-85	288	0	-300
12	-85	588	557028112	0	0	1	0	0	0	1	1	-314	-85	288	0	-300
12	-85	588	557038124	0	-2	0	-2	0	-1	1	1	-315	-85	288	0	-300
12	-85	588	557048104	0	0	0	-1	0	0	1	1	-315	-85	288	0	-300
12	-85	588	557052128	1	-1	0	0	0	0	1	1	-315	-85	288	0	-300
12	-85	588	557062084	0	0	0	0	0	0	0	1	-315	-85	288	0	-300
12	-85	588	557106152	0	0	2	0	0	0	0	1	-315	-85	288	0	-300
12	-85	588	557108152	0	0	1	0	0	0	0	1	-315	-85	288	0	-300
12	-85	588	557110160	0	0	1	0	1	0	0	2	-315	-85	288	0	-300
12	-85	588	557112152	0	0	1	0	0	0	0	2	-315	-85	288	0	-300
12	-85	588	557114152	0	0	2	0	0	0	0	2	-315	-85	288	0	-300
12	-85	588	557116152	0	0	1	0	0	0	0	2	-315	-85	288	0	-300
12	-85	588	557118152	0	0	1	0	0	0	0	2	-315	-85	288	0	-300
12	-85	588	557120180	0	0	1	-1	0	0	0	2	-315	-85	288	0	-300
12	-85	588	557122152	0	0	2	0	0	0	0	2	-315	-85	288	0	-300
12	-85	588	557126184	0	-1	1	0	0	0	0	2	-315	-85	288	0	-300
12	-85	588	557128168	0	0	1	0	1	0	0	3	-315	-85	288	0	-300
12	-85	588	557130156	0	0	1	0	0	0	0	3	-315	-85	288	0	-300
12	-85	588	557132156	0	0	2	0	0	0	0	3	-315	-85	288	0	-300
12	-85	588	557134156	0	0	1	0	0	0	0	3	-315	-85	288	0	-300
12	-85	588	557138156	0	0	1	0	0	0	0	3	-315	-85	288	0	-300
12	-85	588	557140156	0	3	0	2	0	0	0	3	-315	-85	288	0	-300
12	-85	588	557142180	-2	4	0	2	0	0	0	3	-315	-85	288	0	-300
12	-85	588	557144192	-2	5	0	5	0	1	0	3	-314	-85	288	0	-300
12	-85	588	557146192	-4	5	0	5	0	1	0	3	-313	-85	288	0	-300
12	-85	588	557148188	-6	7	0	9	0	2	0	3	-311	-85	288	0	-300
12	-85	588	557150192	-6	11	0	7	-1	2	0	2	-309	-85	288	0	-300
12	-85	588	557152192	-8	12	-1	12	-1	2	0	1	-307	-85	288	0	-300
12	-85	588	557154184	-9	12	-2	12	-1	2	0	0	-305	-85	288	0	-300
12	-85	588	557156180	-8	18	-2	15	-1	4	0	-1	-301	-85	288	0	-300
12	-85	588	557158180	-8	18	-1	16	-1	3	0	-2	-298	-85	288	0	-300
12	-85	588	557160180	-6	22	0	23	-1	5	0	-3	-293	-85	288	0	-300
12	-85	588	557162164	-3	28	-2	26	0	5	0	-3	-288	-85	288	0	-300
12	-85	588	557164172	0	30	1	26	0	6	0	-3	-282	-85	288	0	-300
12	-85	588	557166172	7	34	3	37	0	7	0	-3	-275	-85	288	0	-300
12	-85	588	557168184	15	45	4	36	2	8	0	-1	-267	-85	288	0	-300
12	-85	588	557170192	20	46	9	47	3	9	0	2	-258	-85	288	0	-300
12	-85	588	557172188	28	52	9	48	4	10	0	6	-248	-85	288	0	-300
12	-85	588	557174192	41	65	12	61	5	13	0	11	-235	-85	288	0	-300
12	-85	588	557176196	46	65	15	59	6	12	0	17	-223	-85	288	0	-300
12	-85	588	557178192	54	70	19	75	7	15	0	24	-208	-85	288	0	-300
12	-85	588	557180188	70	86	20	71	9	15	0	33	-193	-85	288	0	-300
12	-85	588	557182180	70	82	26	86	10	17	0	43	-176	-85	288	0	-300
12	-85	588	557184180	74	88	26	82	10	17	0	53	-159	-85	288	0	-300
12	-85	588	557186176	88	105	33	98	12	20	0	65	-139	-85	288	0	-300
12	-85	588	557188176	80	97	30	90	11	19	0	76	-120	-85	288	0	-300
12	-85	588	557190180	80	100	37	107	12	21	0	88	-99	-85	288	0	-300
12	-85	588	557192172	87	117	40	111	12	23	0	100	-76	-85	288	0	-300
12	-85	588	557194172	72	105	35	99	11	20	0	111	-56	-85	288	0	-300
12	-85	588	557196176	68	106	40	116	11	22	0	122	-34	-85	288	0	-300
12	-85	588	557198176	65	119	35	101	10	22	0	132	-12	-85	288	0	-300
12	-85	588	557200176	50	103	39	118	9	22	0	141	10	-85	288	0	-300
12	-85	588	557202168	40	104	33	102	7	21	0	148	31	-85	288	0	-300
12	-85	588	557204172	NA	NA	35	115	4	11	0	152	42	-85	288	0	-300
12	-85	588	557206172	NA	NA	27	100	2	10	0	154	52	-85	288	0	-300
12	-85	588	557208172	NA	NA	29	113	3	12	0	157	64	-85	288	0	-300
12	-85	588	557210168	NA	NA	21	97	2	9	0	159	73	-85	288	0	-300
12	-85	588	557212168	NA	NA	20	109	2	11	0	161	84	-85	288	0	-300
12	-85	588	557214092	NA	NA	NA	NA	NA	NA	NA	161	84	-85	288	0	-300
12	-85	588	557232184	NA	NA	-29	53	-2	6	0	159	90	-85	288	0	-300
12	-85	588	557234104	NA	NA	NA	NA	NA	NA	NA	159	90	-85	288	0	-300
12	-85	588	557374272	NA	NA	37	12	3	1	0	162	91	-85	288	0	-300
12	-85	588	557376264	NA	NA	40	14	4	1	0	166	92	-85	288	0	-300
12	-85	588	557378264	NA	NA	37	12	4	1	0	170	93	-85	288	0	-300
12	-85	588	557380264	NA	NA	36	12	3	2	0	173	95	-85	288	0	-300
12	-85	588	557382256	NA	NA	29	8	3	0	0	176	95	-85	288	0	-300
12	-85	588	557384260	58	17	21	9	8	3	0	184	98	-85	288	0	-300
12	-85	588	557386268	50	18	22	11	7	3	0	191	101	-85	288	0	-300
12	-85	588	557388268	41	15	18	12	6	3	0	197	104	-85	288	0	-300
12	-85	588	557390268	34	12	16	13	5	2	0	202	106	-85	288	0	-300
12	-85	588	557392264	25	11	13	13	4	3	0	206	109	-85	288	0	-300
12	-85	588	557394268	22	14	12	16	4	3	0	210	112	-85	288	0	-300
12	-85	588	557396280	19	15	13	16	3	3	0	213	115	-85	288	0	-300
12	-85	588	557398284	15	15	15	22	3	3	0	216	118	-85	288	0	-300
12	-85	588	557400284	12	16	15	23	2	4	0	218	122	-85	288	0	-300
12	-85	588	557402284	10	18	17	28	3	5	0	221	127	-85	288	0	-300
12	-85	588	557404280	14	21	15	26	3	5	0	224	132	-85	288	0	-300
12	-85	588	557406284	14	25	13	29	3	5	0	227	137	-85	288	0	-300
12	-85	588	557408284	15	30	10	29	2	6	0	229	143	-85	288	0	-300
12	-85	588	557410276	15	34	8	31	3	6	0	232	149	-85	288	0	-300
12	-85	588	557412264	12	32	8	35	2	7	0	234	156	-85	288	0	-300
12	-85	588	557414272	13	38	5	36	1	7	0	235	163	-85	288	0	-300
12	-85	588	557416268	12	41	2	41	2	9	0	237	172	-85	288	0	-300
12	-85	588	557418268	12	44	3	40	1	8	0	238	180	-85	288	0	-300
12	-85	588	557420264	11	46	0	48	1	9	0	239	189	-85	288	0	-300
12	-85	588	557422260	11	50	0	47	1	10	0	240	199	-85	288	0	-300
12	-85	588	557424260	10	54	0	55	1	11	0	241	210	-85	288	0	-300
12	-85	588	557426260	13	56	-3	54	1	11	0	242	221	-85	288	0	-300
12	-85	588	557428268	11	60	-4	63	1	12	0	243	233	-85	288	0	-300
12	-85	588	557430268	12	64	-6	61	1	13	0	244	246	-85	288	0	-300
12	-85	588	557432256	12	61	-6	64	0	12	0	244	258	-85	288	0	-300
12	-85	588	557434272	11	70	-8	72	1	15	0	245	273	-85	288	0	-300
12	-85	588	557436264	11	74	-8	75	0	14	0	245	287	-85	288	0	-300
12	-85	588	557438272	11	76	-10	74	0	15	0	245	302	-85	288	0	-300
12	-85	588	557440272	9	80	-13	76	0	16	0	245	318	-85	288	0	-300
12	-85	588	557442268	9	84	-14	86	0	17	0	245	335	-85	288	0	-300
12	-85	588	557444284	5	86	-15	83	-1	17	0	244	352	-85	288	0	-300
12	-85	588	557446288	4	90	-17	92	-1	18	0	243	370	-85	288	0	-300
12	-85	588	557448292	2	93	-19	89	-2	18	0	241	388	-85	288	0	-300
12	-85	588	557450292	0	95	-21	98	-2	20	0	239	408	-85	288	0	-300
12	-85	588	557452296	0	98	-20	93	-2	19	0	237	427	-85	288	0	-300
12	-85	588	557454296	-3	102	-25	104	-3	20	0	234	447	-85	288	0	-300
12	-85	588	557456292	-4	102	-25	98	-3	20	0	231	467	-85	288	0	-300
12	-85	588	557458284	-5	99	-28	108	-3	21	0	228	488	-85	288	0	-300
12	-85	588	557460288	-6	106	-27	103	-3	21	0	225	509	-85	288	0	-300
12	-85	588	557462280	-6	109	-30	112	-4	22	0	221	531	-85	288	0	-300
12	-85	588	557464280	-8	111	-29	108	-4	22	0	217	553	-85	288	0	-300
12	-85	588	557466276	-8	111	-31	109	-4	22	0	213	575	-85	288	0	-300
12	-85	588	557468280	-8	114	-33	118	-4	23	0	209	598	-85	288	0	-300
12	-85	588	557470280	-9	116	-32	112	-4	23	0	205	621	-85	288	0	-300
12	-85	588	557472280	-8	117	-34	122	-4	24	0	201	645	-85	288	0	-300
12	-85	588	557474276	-10	117	-32	114	-4	23	0	197	668	-85	288	0	-300
12	-85	588	557476272	-9	110	-35	124	-5	23	0	192	691	-85	288	0	-300
12	-85	588	557478280	-10	118	-33	115	-4	24	0	188	715	-85	288	0	-300
12	-85	588	557480284	-10	116	-35	122	-4	23	0	184	738	-85	288	0	-300
12	-85	588	557482284	-9	114	-31	113	-4	23	0	180	761	-85	288	0	-300
12	-85	588	557484280	-9	112	-34	117	-5	23	0	175	784	-85	288	0	-300
12	-85	588	557486280	-7	109	-29	108	-3	22	0	172	742	-85	288	0	-300
12	-85	588	557488272	-8	106	-28	102	-4	21	0	168	763	-85	288	0	-300
12	-85	588	557490276	-6	101	-29	108	-3	20	0	165	783	-85	288	0	-300
12	-85	588	557492268	-6	97	-26	96	-4	20	0	161	740	-85	288	0	-300
12	-85	588	557494280	-4	92	-27	97	-3	19	0	158	759	-85	288	0	-300
12	-85	588	557496276	-4	83	-22	87	-2	17	0	156	776	-85	288	0	-300
12	-85	588	557498276	-2	83	-23	90	-3	17	0	153	793	-85	288	0	-300
12	-85	588	557500276	0	82	-20	78	-2	16	0	151	809	-85	288	0	-300
12	-85	588	557502280	0	77	-20	82	-2	16	0	149	825	-85	288	0	-300
12	-85	588	557504268	0	75	-16	72	-1	15	0	148	840	-85	288	0	-300
12	-85	588	557506272	4	73	-17	75	-2	14	0	146	854	-85	288	0	-300
12	-85	588	557508276	4	70	-15	68	-1	14	0	145	868	-85	288	0	-300
12	-85	588	557510280	5	67	-14	71	-1	14	0	144	734	-85	288	0	-300
12	-85	588	557512264	6	68	-13	65	0	13	0	144	747	-85	288	0	-300
12	-85	588	557514272	6	65	-10	62	-1	13	0	143	760	-85	288	0	-300
12	-85	588	557516248	7	58	-11	68	0	13	0	143	773	-85	288	0	-300
12	-85	588	557518256	7	64	-9	61	0	12	0	143	785	-85	288	0	-300
12	-85	588	557520268	6	61	-8	65	-1	13	0	142	798	-85	288	0	-300
12	-85	588	557522204	8	62	-8	59	0	12	0	142	810	-85	288	0	-300
12	-85	588	557524200	7	60	-7	64	0	12	0	142	822	-85	288	0	-300
12	-85	588	557526248	9	58	-7	58	0	12	0	142	834	-85	288	0	-300
12	-85	588	557528248	9	59	-6	62	0	12	0	142	846	-85	288	0	-300
12	-85	588	557530252	10	59	-6	56	0	11	0	142	857	-85	288	0	-300
12	-85	588	557532252	10	56	-5	56	1	12	0	143	869	-85	288	0	-300
12	-85	588	557534248	10	56	-6	60	0	11	0	143	731	-85	288	0	-300
12	-85	588	557536252	11	53	-7	54	1	11	0	144	742	-85	288	0	-300
12	-85	588	557538236	11	54	-6	59	0	11	0	144	753	-85	288	0	-300
12	-85	588	557540244	12	53	-5	52	1	11	0	145	764	-85	288	0	-300
12	-85	588	557542232	11	54	-6	56	0	11	0	145	731	-85	288	0	-300
12	-85	588	557544240	12	53	-6	52	1	10	0	146	741	-85	288	0	-300
12	-85	588	557546228	12	51	-7	53	1	11	0	147	752	-85	288	0	-300
12	-85	588	557548216	11	50	-6	50	0	10	0	147	762	-85	288	0	-300
12	-85	588	557550232	11	50	-6	53	1	10	0	148	772	-85	288	0	-300
12	-85	588	557552224	10	49	-6	47	0	9	0	148	781	-85	288	0	-300
12	-85	588	557554228	10	43	-7	47	0	9	0	148	790	-85	288	0	-300
12	-85	588	557556244	10	48	-6	50	1	10	0	149	800	-85	288	0	-300
12	-85	588	557558224	10	45	-6	45	0	9	0	149	809	-85	288	0	-300
12	-85	588	557560228	9	44	-6	46	0	9	0	149	729	-85	288	0	-300
12	-85	588	557562240	9	42	-5	42	1	9	0	150	738	-85	288	0	-300
12	-85	588	557564228	8	41	-7	44	0	8	0	150	746	-85	288	0	-300
12	-85	588	557566224	9	40	-5	40	0	8	0	150	754	-85	288	0	-300
12	-85	588	557568236	9	39	-3	41	1	8	0	151	762	-85	288	0	-300
12	-85	588	557570220	9	38	-5	37	0	8	0	151	770	-85	288	0	-300
12	-85	588	557572228	7	33	-4	38	1	7	0	152	777	-85	288	0	-300
12	-85	588	557574212	9	35	-4	34	0	7	0	152	784	-85	288	0	-300
12	-85	588	557576236	9	34	-2	33	1	6	0	153	790	-85	288	0	-300
12	-85	588	557578216	8	31	-3	33	0	7	0	153	797	-85	288	0	-300
12	-85	588	557580224	8	32	-2	32	1	6	0	154	726	-85	288	0	-300
12	-85	588	557582224	9	30	-2	31	1	6	0	155	732	-85	288	0	-300
12	-85	588	557584208	8	28	-1	29	0	6	0	155	738	-85	288	0	-300
12	-85	588	557586212	3	8	0	28	1	4	0	156	742	-85	288	0	-300
12	-85	588	557588152	1	2	-1	28	0	3	0	156	745	-85	288	0	-300
12	-85	588	557590212	3	5	0	27	0	3	0	156	748	-85	288	0	-300
12	-85	588	557592208	3	8	1	25	0	3	0	156	751	-85	288	0	-300
12	-85	588	557594216	5	9	3	25	1	3	0	157	723	-85	288	0	-300
12	-85	588	557596216	7	11	2	20	1	4	0	158	727	-85	288	0	-300
12	-85	588	557598220	7	14	0	0	1	1	0	159	728	-85	288	0	-300
12	-85	588	557600216	9	13	2	3	1	2	0	160	730	-85	288	0	-300
12	-85	588	557602212	10	17	1	4	1	2	0	161	732	-85	288	0	-300
12	-85	588	557604212	11	17	1	5	1	2	0	162	734	-85	288	0	-300
12	-85	588	557606216	11	18	3	7	1	2	0	163	736	-85	288	0	-300
12	-85	588	557608216	14	20	3	8	2	3	0	165	739	-85	288	0	-300
12	-85	588	557610220	14	17	4	8	2	3	0	167	723	-85	288	0	-300
12	-85	588	557612224	14	18	5	9	2	2	0	169	725	-85	288	0	-300
12	-85	588	557614228	13	15	5	11	2	3	0	171	728	-85	288	0	-300
12	-85	588	557616220	14	13	5	12	2	2	0	173	730	-85	288	0	-300
12	-85	588	557618220	14	13	6	12	2	3	0	175	733	-85	288	0	-300
12	-85	588	557620224	12	12	7	13	1	2	0	176	735	-85	288	0	-300
12	-85	588	557622216	13	10	6	10	2	2	0	178	737	-85	288	0	-300
12	-85	588	557624204	11	10	6	11	2	3	0	180	740	-85	288	0	-300
12	-85	588	557626212	10	8	6	10	2	1	0	182	721	-85	288	0	-300
12	-85	588	557628216	10	7	5	7	1	2	0	183	723	-85	288	0	-300
12	-85	588	557630212	8	5	5	8	1	1	0	184	724	-85	288	0	-300
12	-85	588	557632212	7	7	4	6	2	1	0	186	725	-85	288	0	-300
12	-85	588	557634216	6	5	5	6	1	1	0	187	726	-85	288	0	-300
12	-85	588	557636200	5	3	3	4	0	1	0	187	727	-85	288	0	-300
12	-85	588	557638216	5	3	3	4	1	1	0	188	728	-85	288	0	-300
12	-85	588	557640200	3	2	2	4	1	0	0	189	728	-85	288	0	-300
12	-85	588	557642204	2	3	2	2	0	1	0	189	729	-85	288	0	-300
12	-85	588	557644200	3	1	1	3	1	0	0	190	729	-85	288	0	-300
12	-85	588	557646216	1	1	2	1	0	1	0	190	730	-85	288	0	-300
12	-85	588	557648204	1	2	1	1	0	0	0	190	730	-85	288	0	-300
12	-85	588	557650208	2	1	0	1	0	0	0	190	730	-85	288	0	-300
12	-85	588	557652184	1	0	1	0	0	0	0	190	730	-85	288	0	-300
12	-85	588	557654184	0	1	0	2	0	0	0	190	730	-85	288	0	-300
12	-85	588	557658160	0	0	0	0	0	0	1	190	720	-85	288	0	-300
