1	0	-150	75304060	0	0	0	1	0	0	1	0	-150	0	-150	0	0
1	0	-150	75308080	1	1	0	0	0	0	1	0	-150	0	-150	0	0
1	0	-150	75314052	0	0	0	1	0	0	1	0	-150	0	-150	0	0
1	-31	297	75320080	2	2	0	0	0	0	1	0	-150	-31	147	0	-150
1	-31	297	75324028	0	0	0	1	0	0	1	0	-150	-31	147	0	-150
1	-31	297	75326032	0	0	1	0	0	0	1	0	-150	-31	147	0	-150
1	-31	297	75330060	0	1	0	0	0	0	1	0	-150	-31	147	0	-150
1	-31	297	75336060	0	0	0	2	0	0	1	0	-150	-31	147	0	-150
1	-31	297	75340068	0	1	0	0	0	0	1	0	-150	-31	147	0	-150
1	-31	297	75346064	0	0	0	1	0	0	1	0	-150	-31	147	0	-150
1	-31	297	75348060	0	1	0	0	0	0	1	0	-150	-31	147	0	-150
1	-31	297	75350056	0	2	0	1	0	0	1	0	-150	-31	147	0	-150
1	-31	297	75352060	0	1	0	1	0	1	1	0	-149	-31	147	0	-150
1	-31	297	75354044	0	1	0	2	0	0	1	0	-149	-31	147	0	-150
1	-31	297	75356052	0	3	0	2	0	0	1	0	-149	-31	147	0	-150
1	-31	297	75358056	0	3	0	3	0	1	0	0	-148	-31	147	0	-150
1	-31	297	75360048	0	3	0	2	0	1	0	0	-147	-31	147	0	-150
1	-31	297	75362040	0	5	0	4	0	0	0	0	-147	-31	147	0	-150
1	-31	297	75364060	0	5	0	5	0	1	0	0	-146	-31	147	0	-150
1	-31	297	75366052	0	5	0	5	0	1	0	0	-145	-31	147	0	-150
1	-31	297	75368048	0	6	0	6	0	2	0	0	-143	-31	147	0	-150
1	-31	297	75370052	0	8	0	6	0	1	0	0	-142	-31	147	0	-150
1	-31	297	75372080	0	7	-1	8	0	2	0	0	-140	-31	147	0	-150
1	-31	297	75374080	0	9	-2	7	0	1	0	0	-139	-31	147	0	-150
1	-31	297	75376056	0	9	0	9	0	2	0	0	-137	-31	147	0	-150
1	-31	297	75378088	0	10	-2	9	0	2	0	0	-135	-31	147	0	-150
1	-31	297	75380096	0	11	-1	11	0	2	0	0	-133	-31	147	0	-150
1	-31	297	75382096	-1	11	-2	10	0	2	0	0	-131	-31	147	0	-150
1	-31	297	75384100	-1	13	-2	11	-1	3	0	-1	-128	-31	147	0	-150
1	-31	297	75386088	-1	12	-3	14	0	2	0	-1	-126	-31	147	0	-150
1	-31	297	75388092	-2	13	-2	11	0	3	0	-1	-123	-31	147	0	-150
1	-31	297	75390112	-1	13	-4	14	-1	2	0	-2	-121	-31	147	0	-150
1	-31	297	75392108	-1	14	-2	13	0	3	0	-2	-118	-31	147	0	-150
1	-31	297	75394116	-3	15	-5	15	-1	3	0	-3	-115	-31	147	0	-150
1	-31	297	75396108	-2	15	-4	15	-1	3	0	-4	-112	-31	147	0	-150
1	-31	297	75398092	-4	15	-5	13	0	3	0	-4	-109	-31	147	0	-150
1	-31	297	75400104	-2	15	-6	15	-1	3	0	-5	-106	-31	147	0	-150
1	-31	297	75402100	-4	16	-7	18	-1	3	0	-6	-103	-31	147	0	-150
1	-31	297	75404104	-4	17	-7	16	-1	3	0	-7	-100	-31	147	0	-150
1	-31	297	75406096	-5	17	-8	15	-2	4	0	-9	-96	-31	147	0	-150
1	-31	297	75408104	-5	18	-10	19	-1	3	0	-10	-93	-31	147	0	-150
1	-31	297	75410096	-5	18	-8	17	-2	4	0	-12	-89	-31	147	0	-150
1	-31	297	75412096	-6	19	-10	18	-1	4	0	-13	-85	-31	147	0	-150
1	-31	297	75414104	-6	19	-12	19	-2	3	0	-15	-82	-31	147	0	-150
1	-31	297	75416096	-8	21	-12	21	-2	5	0	-17	-77	-31	147	0	-150
1	-31	297	75418096	-7	20	-14	20	-2	4	0	-19	-73	-31	147	0	-150
1	-31	297	75420104	-8	23	-14	20	-2	4	0	-21	-69	-31	147	0	-150
1	-31	297	75422116	-7	22	-17	24	-3	4	0	-24	-65	-31	147	0	-150
1	-31	297	75424120	-9	24	-18	22	-2	5	0	-26	-60	-31	147	0	-150
1	-31	297	75426128	-10	26	-17	23	-3	5	0	-29	-55	-31	147	0	-150
1	-31	297	75428128	-10	26	-20	25	-3	5	0	-32	-50	-31	147	0	-150
1	-31	297	75430128	-10	28	-25	28	-4	6	0	-36	-44	-31	147	0	-150
1	-31	297	75432132	-11	30	-23	28	-3	5	0	-39	-39	-31	147	0	-150
1	-31	297	75434120	-12	32	-25	29	-4	7	0	-43	-32	-31	147	0	-150
1	-31	297	75436124	-12	35	-26	31	-3	6	0	-46	-26	-31	147	0	-150
1	-31	297	75438116	-13	37	-32	39	-5	8	0	-51	-18	-31	147	0	-150
1	-31	297	75440112	-12	40	-29	35	-4	7	0	-55	-11	-31	147	0	-150
1	-31	297	75442112	-13	42	-31	40	-4	8	0	-59	-3	-31	147	0	-150
1	-31	297	75444116	-12	46	-38	47	-5	10	0	-64	7	-31	147	0	-150
1	-31	297	75446112	-13	49	-34	45	-5	9	0	-69	16	-31	147	0	-150
1	-31	297	75448104	-11	54	-36	49	-5	10	0	-74	26	-31	147	0	-150
1	-31	297	75450100	-12	57	-37	54	-5	12	0	-79	38	-31	147	0	-150
1	-31	297	75452104	-12	63	-44	65	-5	12	0	-84	50	-31	147	0	-150
1	-31	297	75454100	-10	69	-41	61	-5	13	0	-89	63	-31	147	0	-150
1	-31	297	75456096	-8	72	-42	66	-5	14	0	-94	77	-31	147	0	-150
1	-31	297	75458096	-8	78	-42	71	-5	15	0	-99	92	-31	147	0	-150
1	-31	297	75460096	-6	83	-50	88	-6	17	0	-105	109	-31	147	0	-150
1	-31	297	75462100	-3	90	-44	81	-5	17	0	-110	126	-31	147	0	-150
1	-31	297	75464088	-1	95	-45	88	-4	19	0	-114	145	-31	147	0	-150
1	-31	297	75466104	1	100	-44	91	-5	19	0	-119	164	-31	147	0	-150
1	-31	297	75468104	7	107	-51	110	-4	21	0	-123	185	-31	147	0	-150
1	-31	297	75470096	10	111	-45	102	-4	22	0	-127	207	-31	147	0	-150
1	-31	297	75472092	15	116	-45	108	-3	22	0	-130	229	-31	147	0	-150
1	-31	297	75474092	20	121	-51	127	-3	25	0	-133	254	-31	147	0	-150
1	-31	297	75476092	24	127	-43	117	-2	24	0	-135	278	-31	147	0	-150
1	-31	297	75478096	30	130	-43	121	-1	25	0	-136	303	-31	147	0	-150
1	-31	297	75480096	35	135	-42	125	-1	26	0	-137	329	-31	147	0	-150
1	-31	297	75482080	39	138	-47	146	0	29	0	-137	358	-31	147	0	-150
1	-31	297	75484076	43	142	-40	133	0	27	0	-137	385	-31	147	0	-150
1	-31	297	75486072	48	145	-38	136	0	28	0	-137	413	-31	147	0	-150
1	-31	297	75488076	52	147	-37	137	2	29	0	-135	442	-31	147	0	-150
1	-31	297	75490088	57	148	-41	162	1	31	0	-134	473	-31	147	0	-150
1	-31	297	75492080	58	150	-34	141	3	29	0	-131	502	-31	147	0	-150
1	-31	297	75494088	62	150	-31	142	3	29	0	-128	531	-31	147	0	-150
1	-31	297	75496084	62	151	-35	163	2	31	0	-126	562	-31	147	0	-150
1	-31	297	75498080	65	149	-30	144	4	30	0	-122	592	-31	147	0	-150
1	-31	297	75500080	64	150	-28	142	3	29	0	-119	621	-31	147	0	-150
1	-31	297	75502072	64	146	-26	140	4	29	0	-115	650	-31	147	0	-150
1	-31	297	75504076	63	145	-28	160	4	30	0	-111	680	-31	147	0	-150
1	-31	297	75506084	62	142	-22	136	4	28	0	-107	708	-31	147	0	-150
1	-31	297	75508096	58	139	-23	134	3	27	0	-104	735	-31	147	0	-150
1	-31	297	75510092	57	135	-21	131	4	27	0	-100	762	-31	147	0	-150
1	-31	297	75512096	53	130	-22	145	3	27	0	-97	789	-31	147	0	-150
1	-31	297	75514088	50	125	-19	123	3	25	0	-94	745	-31	147	0	-150
1	-31	297	75516080	42	106	-18	117	2	22	0	-92	767	-31	147	0	-150
1	-31	297	75518092	43	115	-20	129	3	25	0	-89	792	-31	147	0	-150
1	-31	297	75520084	42	109	-16	108	2	21	0	-87	813	-31	147	0	-150
1	-31	297	75522084	36	104	-16	102	2	21	0	-85	834	-31	147	0	-150
1	-31	297	75524080	34	97	-15	96	2	19	0	-83	853	-31	147	0	-150
1	-31	297	75526076	30	92	-15	103	2	20	0	-81	873	-31	147	0	-150
1	-31	297	75528076	27	85	-14	85	1	17	0	-80	890	-31	147	0	-150
1	-31	297	75530080	24	80	-14	79	1	16	0	-79	906	-31	147	0	-150
1	-31	297	75532084	21	72	-11	73	1	14	0	-78	920	-31	147	0	-150
1	-31	297	75534072	18	66	-14	77	0	15	0	-78	735	-31	147	0	-150
1	-31	297	75536088	15	62	-10	61	1	12	0	-77	747	-31	147	0	-150
1	-31	297	75538056	11	55	-11	56	0	11	0	-77	758	-31	147	0	-150
1	-31	297	75540084	11	50	-10	59	0	11	0	-77	769	-31	147	0	-150
1	-31	297	75542096	8	43	-9	45	0	9	0	-77	778	-31	147	0	-150
1	-31	297	75544084	6	39	-7	40	0	8	0	-77	786	-31	147	0	-150
1	-31	297	75546052	5	34	-8	36	0	7	0	-77	793	-31	147	0	-150
1	-31	297	75548084	5	30	-7	36	0	6	0	-77	726	-31	147	0	-150
1	-31	297	75550084	2	25	-5	27	0	5	0	-77	731	-31	147	0	-150
1	-31	297	75552088	3	21	-5	23	0	5	0	-77	736	-31	147	0	-150
1	-31	297	75554100	1	18	-4	23	-1	4	0	-78	740	-31	147	0	-150
1	-31	297	75556088	0	13	-4	17	0	3	0	-78	743	-31	147	0	-150
1	-31	297	75558088	0	13	-2	14	0	3	0	-78	746	-31	147	0	-150
1	-31	297	75560088	0	9	-3	11	0	2	0	-78	748	-31	147	0	-150
1	-31	297	75562104	0	7	-1	10	-1	1	0	-79	749	-31	147	0	-150
1	-31	297	75564096	0	5	-1	8	0	2	0	-79	722	-31	147	0	-150
1	-31	297	75566088	0	4	-1	5	0	0	0	-79	722	-31	147	0	-150
1	-31	297	75568068	0	2	0	4	0	1	0	-79	723	-31	147	0	-150
1	-31	297	75570060	0	2	0	2	0	0	0	-79	723	-31	147	0	-150
1	-31	297	75572076	0	1	0	3	0	1	0	-79	724	-31	147	0	-150
1	-31	297	75574072	0	0	0	1	0	0	0	-79	724	-31	147	0	-150
1	-31	297	75582076	0	0	1	0	0	0	1	-79	720	-31	147	0	-150
2	-31	297	75588072	0	0	2	0	0	0	1	-31	147	-31	147	0	-150
2	-31	297	75594080	0	0	1	0	0	0	1	-31	147	-31	147	0	-150
2	92	-284	75600052	-2	0	0	0	0	0	1	-31	147	61	-137	-31	147
2	92	-284	75606080	0	0	1	0	0	0	1	-31	147	61	-137	-31	147
2	92	-284	75610072	-1	0	0	-1	0	0	1	-31	147	61	-137	-31	147
2	92	-284	75622092	-1	0	0	-1	0	0	1	-31	147	61	-137	-31	147
2	92	-284	75624064	0	-1	0	0	0	0	1	-31	147	61	-137	-31	147
2	92	-284	75632072	0	-1	0	-1	0	0	1	-31	147	61	-137	-31	147
2	92	-284	75636096	-1	-1	0	-1	0	0	1	-31	147	61	-137	-31	147
2	92	-284	75638064	0	-3	0	-2	0	0	1	-31	147	61	-137	-31	147
2	92	-284	75640100	0	-2	1	-2	0	-1	1	-31	146	61	-137	-31	147
2	92	-284	75642068	-2	-4	2	-4	0	-1	0	-31	145	61	-137	-31	147
2	92	-284	75644072	-1	-5	1	-5	0	-1	0	-31	144	61	-137	-31	147
2	92	-284	75646076	-1	-5	2	-5	0	-1	0	-31	143	61	-137	-31	147
2	92	-284	75648108	-1	-7	4	-6	0	-1	0	-31	142	61	-137	-31	147
2	92	-284	75650108	-2	-10	4	-9	0	-2	0	-31	140	61	-137	-31	147
2	92	-284	75652116	-1	-10	5	-9	0	-2	0	-31	138	61	-137	-31	147
2	92	-284	75654116	-1	-13	6	-11	1	-2	0	-30	136	61	-137	-31	147
2	92	-284	75656116	-1	-15	8	-12	1	-3	0	-29	133	61	-137	-31	147
2	92	-284	75658108	-2	-17	10	-17	0	-3	0	-29	130	61	-137	-31	147
2	92	-284	75660124	-2	-19	10	-16	1	-4	0	-28	126	61	-137	-31	147
2	92	-284	75662120	-1	-21	12	-19	1	-4	0	-27	122	61	-137	-31	147
2	92	-284	75664116	-2	-24	15	-23	2	-4	0	-25	118	61	-137	-31	147
2	92	-284	75666104	-2	-28	15	-24	1	-6	0	-24	112	61	-137	-31	147
2	92	-284	75668108	-1	-30	16	-26	1	-5	0	-23	107	61	-137	-31	147
2	92	-284	75670116	-2	-32	19	-30	2	-6	0	-21	101	61	-137	-31	147
2	92	-284	75672120	-1	-36	23	-37	2	-8	0	-19	93	61	-137	-31	147
2	92	-284	75674112	-2	-39	21	-35	2	-7	0	-17	86	61	-137	-31	147
2	92	-284	75676116	-2	-43	22	-37	2	-8	0	-15	78	61	-137	-31	147
2	92	-284	75678120	-2	-45	29	-48	3	-9	0	-12	69	61	-137	-31	147
2	92	-284	75680124	-3	-48	26	-43	2	-9	0	-10	60	61	-137	-31	147
2	92	-284	75682124	-2	-53	28	-48	3	-11	0	-7	49	61	-137	-31	147
2	92	-284	75684120	-4	-56	30	-51	2	-10	0	-5	39	61	-137	-31	147
2	92	-284	75686120	-5	-61	35	-64	3	-13	0	-2	26	61	-137	-31	147
2	92	-284	75688120	-6	-65	32	-59	3	-12	0	1	14	61	-137	-31	147
2	92	-284	75690120	-8	-70	34	-63	3	-13	0	4	1	61	-137	-31	147
2	92	-284	75692120	-10	-74	35	-68	2	-15	0	6	-14	61	-137	-31	147
2	92	-284	75694116	-12	-79	43	-82	3	-16	0	9	-30	61	-137	-31	147
2	92	-284	75696100	-15	-84	37	-77	2	-16	0	11	-46	61	-137	-31	147
2	92	-284	75698100	-18	-87	39	-81	3	-17	0	14	-63	61	-137	-31	147
2	92	-284	75700104	-20	-91	41	-82	2	-17	0	16	-80	61	-137	-31	147
2	92	-284	75702096	-22	-95	46	-100	2	-19	0	18	-99	61	-137	-31	147
2	92	-284	75704104	-26	-99	43	-90	2	-19	0	20	-118	61	-137	-31	147
2	92	-284	75706108	-28	-100	44	-93	1	-20	0	21	-138	61	-137	-31	147
2	92	-284	75708104	-31	-104	50	-110	2	-21	0	23	-159	61	-137	-31	147
2	92	-284	75710104	-35	-106	43	-97	1	-20	0	24	-179	61	-137	-31	147
2	92	-284	75712100	-36	-108	44	-100	1	-21	0	25	-200	61	-137	-31	147
2	92	-284	75714092	-39	-110	44	-102	0	-21	0	25	-221	61	-137	-31	147
2	92	-284	75716104	-41	-110	50	-117	1	-23	0	26	-244	61	-137	-31	147
2	92	-284	75718100	-43	-110	44	-104	0	-21	0	26	-265	61	-137	-31	147
2	92	-284	75720092	-45	-111	42	-104	0	-22	0	26	-287	61	-137	-31	147
2	92	-284	75722068	-46	-110	41	-105	0	-21	0	26	-308	61	-137	-31	147
2	92	-284	75724092	-46	-110	48	-118	0	-23	0	26	-331	61	-137	-31	147
2	92	-284	75726096	-48	-109	39	-103	0	-21	0	26	-352	61	-137	-31	147
2	92	-284	75728108	-49	-107	37	-102	-1	-21	0	25	-373	61	-137	-31	147
2	92	-284	75730108	-48	-108	41	-118	-1	-23	0	24	-396	61	-137	-31	147
2	92	-284	75732104	-50	-106	34	-100	-2	-21	0	22	-417	61	-137	-31	147
2	92	-284	75734100	-50	-105	33	-101	-1	-20	0	21	-437	61	-137	-31	147
2	92	-284	75736100	-50	-106	31	-99	-2	-21	0	19	-458	61	-137	-31	147
2	92	-284	75738088	-50	-104	32	-114	-2	-21	0	17	-479	61	-137	-31	147
2	92	-284	75740088	-50	-105	28	-97	-2	-21	0	15	-500	61	-137	-31	147
2	92	-284	75742096	-49	-102	26	-98	-3	-20	0	12	-520	61	-137	-31	147
2	92	-284	75744092	-49	-103	24	-97	-2	-20	0	10	-540	61	-137	-31	147
2	92	-284	75746084	-49	-102	26	-109	-2	-21	0	8	-561	61	-137	-31	147
2	92	-284	75748088	-46	-100	23	-95	-3	-19	0	5	-580	61	-137	-31	147
2	92	-284	75750080	-45	-100	21	-94	-2	-20	0	3	-600	61	-137	-31	147
2	92	-284	75752084	-44	-98	24	-106	-2	-20	0	1	-620	61	-137	-31	147
2	92	-284	75754084	-41	-95	21	-90	-2	-19	0	-1	-639	61	-137	-31	147
2	92	-284	75756092	-39	-94	20	-90	-2	-18	0	-3	-657	61	-137	-31	147
2	92	-284	75758092	-36	-92	20	-86	-2	-18	0	-5	-675	61	-137	-31	147
2	92	-284	75760096	-32	-89	22	-98	-1	-18	0	-6	-693	61	-137	-31	147
2	92	-284	75762096	-30	-85	20	-82	-1	-17	0	-7	-710	61	-137	-31	147
2	92	-284	75764084	-23	-72	20	-79	0	-15	0	-7	-725	61	-137	-31	147
2	92	-284	75766088	-26	-90	22	-77	0	-17	0	-7	-737	61	-137	-31	147
2	92	-284	75768092	-19	-77	23	-85	0	-16	0	-7	-753	61	-137	-31	147
2	92	-284	75770096	-16	-71	22	-70	0	-14	0	-7	-767	61	-137	-31	147
2	92	-284	75772108	-13	-69	21	-69	1	-14	0	-6	-781	61	-137	-31	147
2	92	-284	75774108	-10	-66	26	-74	1	-14	0	-5	-795	61	-137	-31	147
2	92	-284	75776116	-7	-61	23	-61	2	-12	0	-3	-807	61	-137	-31	147
2	92	-284	75778112	-5	-58	22	-59	1	-12	0	-2	-819	61	-137	-31	147
2	92	-284	75780108	-3	-48	23	-55	2	-10	0	0	-829	61	-137	-31	147
2	92	-284	75782100	0	-52	25	-59	3	-11	0	3	-731	61	-137	-31	147
2	92	-284	75784092	0	-47	21	-47	2	-10	0	5	-741	61	-137	-31	147
2	92	-284	75786096	1	-45	21	-44	2	-9	0	7	-750	61	-137	-31	147
2	92	-284	75788092	2	-41	19	-42	2	-8	0	9	-758	61	-137	-31	147
2	92	-284	75790092	3	-38	21	-44	3	-8	0	12	-766	61	-137	-31	147
2	92	-284	75792084	2	-36	16	-35	2	-7	0	14	-773	61	-137	-31	147
2	92	-284	75794092	4	-31	17	-34	2	-7	0	16	-780	61	-137	-31	147
2	92	-284	75796092	3	-30	17	-34	2	-6	0	18	-786	61	-137	-31	147
2	92	-284	75798092	3	-27	13	-26	1	-5	0	19	-725	61	-137	-31	147
2	92	-284	75800092	3	-23	12	-25	2	-5	0	21	-730	61	-137	-31	147
2	92	-284	75802092	1	-22	10	-22	1	-5	0	22	-735	61	-137	-31	147
2	92	-284	75804092	3	-17	11	-23	1	-4	0	23	-739	61	-137	-31	147
2	92	-284	75806092	2	-16	8	-17	1	-3	0	24	-742	61	-137	-31	147
2	92	-284	75808088	1	-14	6	-15	1	-3	0	25	-745	61	-137	-31	147
2	92	-284	75810092	2	-11	5	-13	1	-2	1	26	-747	61	-137	-31	147
3	92	-284	75812072	1	-9	5	-12	0	-2	1	61	-139	61	-137	-31	147
3	92	-284	75814096	1	-9	3	-10	1	-2	1	62	-141	61	-137	-31	147
3	-149	258	75816088	0	-6	2	-8	0	-2	1	62	-143	-88	121	61	-137
3	-149	258	75818084	1	-5	3	-7	0	-1	1	62	-144	-88	121	61	-137
3	-149	258	75820080	0	-4	1	-5	0	-1	1	62	-145	-88	121	61	-137
3	-149	258	75822060	0	-2	1	-4	0	0	1	62	-145	-88	121	61	-137
3	-149	258	75824084	0	-3	1	-3	1	-1	1	63	-146	-88	121	61	-137
3	-149	258	75826012	0	-2	0	-2	0	0	1	63	-146	-88	121	61	-137
3	-149	258	75828080	0	-2	2	-3	0	-1	1	63	-147	-88	121	61	-137
3	-149	258	75830040	0	0	0	-1	0	0	1	63	-147	-88	121	61	-137
3	-149	258	75832068	0	-1	1	-1	0	0	1	63	-147	-88	121	61	-137
3	-149	258	75834044	0	-1	0	0	0	0	1	63	-147	-88	121	61	-137
3	-149	258	75836068	2	0	0	-1	0	0	1	63	-147	-88	121	61	-137
3	-149	258	75838040	0	0	1	0	0	0	1	63	-147	-88	121	61	-137
3	-149	258	75840036	0	-1	0	0	0	0	1	63	-147	-88	121	61	-137
3	-149	258	75850044	0	0	1	0	0	0	1	63	-147	-88	121	61	-137
3	-149	258	75874056	1	0	0	0	0	0	1	63	-147	-88	121	61	-137
3	-149	258	75878052	0	1	0	0	0	0	1	63	-147	-88	121	61	-137
3	-149	258	75880048	0	2	0	1	0	0	1	63	-147	-88	121	61	-137
3	-149	258	75882016	0	2	0	3	0	0	1	63	-147	-88	121	61	-137
3	-149	258	75884040	0	4	0	2	0	0	1	63	-147	-88	121	61	-137
3	-149	258	75886056	0	5	0	5	0	1	0	63	-146	-88	121	61	-137
3	-149	258	75888080	0	6	-3	7	0	1	0	63	-145	-88	121	61	-137
3	-149	258	75890084	0	10	-1	7	0	2	0	63	-143	-88	121	61	-137
3	-149	258	75892092	0	11	-2	11	0	2	0	63	-141	-88	121	61	-137
3	-149	258	75894092	0	14	-4	13	0	3	0	63	-138	-88	121	61	-137
3	-149	258	75896096	-1	16	-5	14	0	3	0	63	-135	-88	121	61	-137
3	-149	258	75898104	0	20	-6	20	-1	4	0	62	-131	-88	121	61	-137
3	-149	258	75900100	-1	23	-8	20	-1	4	0	61	-127	-88	121	61	-137
3	-149	258	75902092	-1	25	-9	22	-1	5	0	60	-122	-88	121	61	-137
3	-149	258	75904096	-3	30	-10	25	-1	6	0	59	-116	-88	121	61	-137
3	-149	258	75906092	-1	32	-15	33	-2	6	0	57	-110	-88	121	61	-137
3	-149	258	75908084	-2	35	-13	32	-1	7	0	56	-103	-88	121	61	-137
3	-149	258	75910084	-3	40	-18	35	-2	7	0	54	-96	-88	121	61	-137
3	-149	258	75912080	-4	44	-20	38	-3	8	0	51	-88	-88	121	61	-137
3	-149	258	75914092	-3	46	-26	48	-3	10	0	48	-78	-88	121	61	-137
3	-149	258	75916088	-4	49	-26	45	-3	9	0	45	-69	-88	121	61	-137
3	-149	258	75918084	-5	54	-30	49	-3	11	0	42	-58	-88	121	61	-137
3	-149	258	75920080	-5	55	-39	59	-5	11	0	37	-47	-88	121	61	-137
3	-149	258	75922084	-6	59	-38	54	-4	11	0	33	-36	-88	121	61	-137
3	-149	258	75924088	-7	62	-41	57	-5	12	0	28	-24	-88	121	61	-137
3	-149	258	75926084	-8	64	-46	60	-5	13	0	23	-11	-88	121	61	-137
3	-149	258	75928084	-8	67	-58	71	-7	13	0	16	2	-88	121	61	-137
3	-149	258	75930092	-9	69	-53	67	-6	14	0	10	16	-88	121	61	-137
3	-149	258	75932092	-10	73	-59	67	-7	14	0	3	30	-88	121	61	-137
3	-149	258	75934104	-8	73	-63	70	-7	14	0	-4	44	-88	121	61	-137
3	-149	258	75936096	-10	78	-75	84	-8	16	0	-12	60	-88	121	61	-137
3	-149	258	75938092	-12	79	-70	75	-9	16	0	-21	76	-88	121	61	-137
3	-149	258	75940092	-10	81	-73	77	-8	16	0	-29	92	-88	121	61	-137
3	-149	258	75942092	-10	85	-88	92	-10	17	0	-39	109	-88	121	61	-137
3	-149	258	75944092	-11	86	-79	82	-9	17	0	-48	126	-88	121	61	-137
3	-149	258	75946088	-10	89	-82	84	-9	17	0	-57	143	-88	121	61	-137
3	-149	258	75948084	-9	90	-85	86	-9	18	0	-66	161	-88	121	61	-137
3	-149	258	75950088	-8	92	-99	100	-11	19	0	-77	180	-88	121	61	-137
3	-149	258	75952076	-9	94	-89	89	-10	19	0	-87	199	-88	121	61	-137
3	-149	258	75954084	-6	95	-88	91	-9	18	0	-96	217	-88	121	61	-137
3	-149	258	75956088	-7	98	-90	91	-10	19	0	-106	236	-88	121	61	-137
3	-149	258	75958080	-3	97	-103	107	-11	20	0	-117	256	-88	121	61	-137
3	-149	258	75960084	-4	99	-90	93	-9	20	0	-126	276	-88	121	61	-137
3	-149	258	75962088	-3	100	-89	94	-9	19	0	-135	295	-88	121	61	-137
3	-149	258	75964088	-1	100	-101	108	-10	21	0	-145	316	-88	121	61	-137
3	-149	258	75966084	-1	99	-86	93	-9	19	0	-154	335	-88	121	61	-137
3	-149	258	75968084	0	98	-85	94	-9	19	0	-163	354	-88	121	61	-137
3	-149	258	75970080	0	98	-83	93	-8	19	0	-171	373	-88	121	61	-137
3	-149	258	75972088	0	96	-92	105	-9	20	0	-180	393	-88	121	61	-137
3	-149	258	75974092	0	95	-78	90	-8	19	0	-188	412	-88	121	61	-137
3	-149	258	75976100	0	93	-76	87	-7	18	0	-195	430	-88	121	61	-137
3	-149	258	75978112	0	88	-82	99	-9	19	0	-204	449	-88	121	61	-137
3	-149	258	75980116	0	88	-70	84	-7	17	0	-211	466	-88	121	61	-137
3	-149	258	75982116	0	82	-67	81	-6	16	0	-217	482	-88	121	61	-137
3	-149	258	75984112	0	80	-63	79	-7	16	0	-224	498	-88	121	61	-137
3	-149	258	75986104	0	77	-69	86	-7	16	0	-231	514	-88	121	61	-137
3	-149	258	75988096	-1	71	-58	71	-5	15	0	-236	529	-88	121	61	-137
3	-149	258	75990100	-4	69	-53	69	-6	13	0	-242	542	-88	121	61	-137
3	-149	258	75992096	-4	62	-50	65	-6	13	0	-248	555	-88	121	61	-137
3	-149	258	75994092	-4	60	-54	70	-5	13	0	-253	568	-88	121	61	-137
3	-149	258	75996096	-5	55	-45	56	-5	11	0	-258	579	-88	121	61	-137
3	-149	258	75998092	-3	51	-40	54	-5	11	0	-263	590	-88	121	61	-137
3	-149	258	76000092	-5	48	-44	56	-5	10	0	-268	600	-88	121	61	-137
3	-149	258	76002092	-5	44	-34	46	-3	9	1	-271	609	-88	121	61	-137
4	-149	258	76004084	-5	38	-31	42	-4	8	1	-92	129	-88	121	61	-137
4	-149	258	76006092	-4	37	-29	37	-3	7	1	-95	136	-88	121	61	-137
4	-149	258	76008088	-4	32	-28	40	-4	8	1	-99	144	-88	121	61	-137
4	-149	258	76010096	-4	28	-23	30	-2	5	1	-101	149	-88	121	61	-137
4	-149	258	76012092	-2	25	-20	28	-2	6	1	-103	155	-88	121	61	-137
4	-149	258	76014092	-3	22	-17	23	-2	4	1	-105	159	-88	121	61	-137
4	-149	258	76016088	-2	18	-17	24	-2	4	1	-107	163	-88	121	61	-137
4	199	-221	76018088	-1	15	-12	18	-2	4	1	-109	167	111	-100	-88	121
4	199	-221	76020100	0	13	-11	16	-1	3	1	-110	170	111	-100	-88	121
4	199	-221	76022092	-2	12	-10	15	-1	2	1	-111	172	111	-100	-88	121
4	199	-221	76024092	0	8	-7	10	-1	2	1	-112	174	111	-100	-88	121
4	199	-221	76026084	1	8	-6	9	0	2	1	-112	176	111	-100	-88	121
4	199	-221	76028088	1	6	-4	7	0	1	1	-112	177	111	-100	-88	121
4	199	-221	76030092	1	4	-2	6	-1	1	1	-113	178	111	-100	-88	121
4	199	-221	76032032	3	2	-3	4	0	1	1	-113	179	111	-100	-88	121
4	199	-221	76034076	2	3	-1	3	0	0	1	-113	179	111	-100	-88	121
4	199	-221	76036080	3	0	0	2	0	1	1	-113	180	111	-100	-88	121
4	199	-221	76038016	4	0	0	0	0	0	1	-113	180	111	-100	-88	121
4	199	-221	76040076	2	0	0	1	1	0	1	-112	180	111	-100	-88	121
4	199	-221	76042044	3	0	1	0	0	0	1	-112	180	111	-100	-88	121
4	199	-221	76044048	3	0	1	0	0	0	1	-112	180	111	-100	-88	121
4	199	-221	76046064	4	0	1	0	1	0	1	-111	180	111	-100	-88	121
4	199	-221	76048044	4	-1	1	0	0	0	1	-111	180	111	-100	-88	121
4	199	-221	76050028	4	0	2	0	1	0	1	-110	180	111	-100	-88	121
4	199	-221	76052068	3	-1	1	-1	0	0	1	-110	180	111	-100	-88	121
4	199	-221	76054080	4	-1	1	0	1	0	1	-109	180	111	-100	-88	121
4	199	-221	76056064	4	-1	1	-2	0	0	1	-109	180	111	-100	-88	121
4	199	-221	76058072	5	-2	2	-1	1	0	1	-108	180	111	-100	-88	121
4	199	-221	76060096	4	-1	2	-1	1	-1	1	-107	179	111	-100	-88	121
4	199	-221	76062076	3	-1	1	0	0	0	1	-107	179	111	-100	-88	121
4	199	-221	76064092	4	-1	2	-1	1	0	1	-106	179	111	-100	-88	121
4	199	-221	76066080	3	0	1	-2	0	0	1	-106	179	111	-100	-88	121
4	199	-221	76068096	3	-3	2	-1	1	-1	1	-105	178	111	-100	-88	121
4	199	-221	76070080	4	-1	2	-1	0	0	1	-105	178	111	-100	-88	121
4	199	-221	76072084	3	-1	1	-1	1	0	1	-104	178	111	-100	-88	121
4	199	-221	76074072	2	-2	2	-2	0	0	1	-104	178	111	-100	-88	121
4	199	-221	76076092	3	-2	3	-2	1	-1	1	-103	177	111	-100	-88	121
4	199	-221	76078068	2	-4	4	-3	0	0	1	-103	177	111	-100	-88	121
4	199	-221	76080088	1	-2	3	-2	1	-1	1	-102	176	111	-100	-88	121
4	199	-221	76082080	2	-5	7	-5	0	-1	1	-102	175	111	-100	-88	121
4	199	-221	76084096	1	-7	5	-5	1	-1	0	-101	174	111	-100	-88	121
4	199	-221	76086100	1	-6	7	-6	1	-1	0	-100	173	111	-100	-88	121
4	199	-221	76088092	0	-9	10	-9	1	-2	0	-99	171	111	-100	-88	121
4	199	-221	76090092	0	-10	11	-9	1	-2	0	-98	169	111	-100	-88	121
4	199	-221	76092088	0	-12	13	-10	1	-2	0	-97	167	111	-100	-88	121
4	199	-221	76094088	0	-14	15	-12	2	-3	0	-95	164	111	-100	-88	121
4	199	-221	76096088	0	-16	19	-18	2	-3	0	-93	161	111	-100	-88	121
4	199	-221	76098088	0	-20	21	-16	2	-4	0	-91	157	111	-100	-88	121
4	199	-221	76100088	0	-21	22	-19	2	-4	0	-89	153	111	-100	-88	121
4	199	-221	76102084	0	-25	27	-21	3	-4	0	-86	149	111	-100	-88	121
4	199	-221	76104096	0	-27	33	-28	3	-6	0	-83	143	111	-100	-88	121
4	199	-221	76106092	0	-31	33	-26	3	-6	0	-80	137	111	-100	-88	121
4	199	-221	76108100	0	-32	36	-30	4	-6	0	-76	131	111	-100	-88	121
4	199	-221	76110096	1	-37	46	-36	5	-7	0	-71	124	111	-100	-88	121
4	199	-221	76112104	4	-40	43	-36	4	-8	0	-67	116	111	-100	-88	121
4	199	-221	76114104	4	-42	47	-38	5	-8	0	-62	108	111	-100	-88	121
4	199	-221	76116104	6	-45	52	-41	6	-8	0	-56	100	111	-100	-88	121
4	199	-221	76118100	6	-49	62	-50	7	-10	0	-49	90	111	-100	-88	121
4	199	-221	76120104	9	-52	58	-48	7	-10	0	-42	80	111	-100	-88	121
4	199	-221	76122104	10	-55	61	-48	7	-10	0	-35	70	111	-100	-88	121
4	199	-221	76124100	11	-58	74	-60	8	-12	0	-27	58	111	-100	-88	121
4	199	-221	76126100	14	-61	67	-55	8	-12	0	-19	46	111	-100	-88	121
4	199	-221	76128096	14	-64	69	-58	9	-12	0	-10	34	111	-100	-88	121
4	199	-221	76130088	16	-65	72	-60	8	-13	0	-2	21	111	-100	-88	121
4	199	-221	76132092	19	-69	85	-70	11	-13	0	9	8	111	-100	-88	121
4	199	-221	76134096	19	-70	77	-64	9	-14	0	18	-6	111	-100	-88	121
4	199	-221	76136092	20	-72	78	-66	10	-14	0	28	-20	111	-100	-88	121
4	199	-221	76138092	21	-74	82	-67	11	-14	0	39	-34	111	-100	-88	121
4	199	-221	76140096	22	-75	95	-79	11	-15	0	50	-49	111	-100	-88	121
4	199	-221	76142100	24	-77	85	-70	11	-15	0	61	-64	111	-100	-88	121
4	199	-221	76144104	25	-78	87	-71	11	-15	0	72	-79	111	-100	-88	121
4	199	-221	76146104	26	-79	101	-83	13	-16	0	85	-95	111	-100	-88	121
4	199	-221	76148108	27	-80	93	-72	12	-15	0	97	-110	111	-100	-88	121
4	199	-221	76150112	27	-80	92	-73	12	-15	0	109	-125	111	-100	-88	121
4	199	-221	76152108	29	-80	97	-72	13	-16	0	122	-141	111	-100	-88	121
4	199	-221	76154108	29	-80	110	-84	13	-16	0	135	-157	111	-100	-88	121
4	199	-221	76156116	30	-78	100	-73	13	-15	0	148	-172	111	-100	-88	121
4	199	-221	76158112	31	-79	102	-72	14	-15	0	162	-187	111	-100	-88	121
4	199	-221	76160112	31	-79	104	-73	13	-15	0	175	-202	111	-100	-88	121
4	199	-221	76162100	33	-79	122	-82	16	-17	0	191	-219	111	-100	-88	121
4	199	-221	76164104	33	-77	109	-71	14	-14	0	205	-233	111	-100	-88	121
4	199	-221	76166100	35	-78	111	-72	15	-15	0	220	-248	111	-100	-88	121
4	199	-221	76168104	37	-76	129	-80	16	-16	0	236	-264	111	-100	-88	121
4	199	-221	76170104	36	-76	114	-70	15	-15	0	251	-279	111	-100	-88	121
4	199	-221	76172112	37	-74	115	-68	15	-14	0	266	-293	111	-100	-88	121
4	199	-221	76174120	39	-74	115	-68	16	-14	0	282	-307	111	-100	-88	121
4	199	-221	76176116	39	-71	131	-76	17	-15	0	299	-322	111	-100	-88	121
4	199	-221	76178116	40	-70	115	-65	15	-13	0	314	-335	111	-100	-88	121
4	199	-221	76180112	40	-67	115	-64	16	-13	0	330	-348	111	-100	-88	121
4	199	-221	76182108	41	-67	114	-61	15	-13	0	345	-361	111	-100	-88	121
4	199	-221	76184104	41	-63	127	-69	17	-13	0	362	-374	111	-100	-88	121
4	199	-221	76186112	40	-62	108	-57	15	-12	0	377	-386	111	-100	-88	121
4	199	-221	76188104	42	-58	105	-57	15	-12	0	392	-398	111	-100	-88	121
4	199	-221	76190108	38	-57	115	-60	15	-11	0	407	-409	111	-100	-88	121
4	199	-221	76192116	39	-51	95	-50	13	-10	0	420	-419	111	-100	-88	121
4	199	-221	76194116	38	-49	89	-46	13	-10	0	433	-429	111	-100	-88	121
4	199	-221	76196120	35	-45	82	-44	12	-9	0	445	-438	111	-100	-88	121
4	199	-221	76198112	32	-41	88	-46	12	-9	0	457	-447	111	-100	-88	121
4	199	-221	76200108	30	-36	67	-36	9	-7	0	466	-454	111	-100	-88	121
4	199	-221	76202112	28	-34	63	-33	9	-6	0	475	-460	111	-100	-88	121
4	199	-221	76204108	25	-27	56	-28	9	-6	0	484	-466	111	-100	-88	121
4	199	-221	76206108	22	-25	56	-29	7	-5	0	491	-471	111	-100	-88	121
4	199	-221	76208100	19	-22	43	-23	7	-5	0	498	-476	111	-100	-88	121
4	199	-221	76210104	16	-18	37	-18	5	-3	0	503	-479	111	-100	-88	121
4	199	-221	76212108	14	-15	35	-19	5	-4	1	508	-483	111	-100	-88	121
5	199	-221	76214112	12	-12	25	-13	3	-2	1	114	-102	111	-100	-88	121
5	199	-221	76216112	9	-10	20	-11	3	-2	1	117	-104	111	-100	-88	121
5	199	-221	76218104	6	-7	16	-9	3	-2	1	120	-106	111	-100	-88	121
5	-241	175	76220116	5	-5	13	-8	1	-1	1	121	-107	-130	75	111	-100
5	-241	175	76222116	4	-4	7	-5	1	-1	1	122	-108	-130	75	111	-100
5	-241	175	76224112	3	-2	5	-4	1	-1	1	123	-109	-130	75	111	-100
5	-241	175	76226096	0	-2	4	-3	1	0	1	124	-109	-130	75	111	-100
5	-241	175	76228100	1	-1	1	-2	0	-1	1	124	-110	-130	75	111	-100
5	-241	175	76230080	0	0	2	-1	0	0	1	124	-110	-130	75	111	-100
5	-241	175	76238084	-1	0	0	-2	0	0	1	124	-110	-130	75	111	-100
5	-241	175	76248060	-1	0	-1	0	0	0	1	124	-110	-130	75	111	-100
5	-241	175	76262068	0	0	-1	0	0	0	1	124	-110	-130	75	111	-100
5	-241	175	76264068	1	0	0	0	0	0	1	124	-110	-130	75	111	-100
5	-241	175	76272096	0	0	-1	1	0	0	1	124	-110	-130	75	111	-100
5	-241	175	76274064	1	1	-2	1	0	0	1	124	-110	-130	75	111	-100
5	-241	175	76276092	0	2	-1	1	0	0	1	124	-110	-130	75	111	-100
5	-241	175	76278092	0	3	-4	3	0	0	1	124	-110	-130	75	111	-100
5	-241	175	76280108	0	3	-3	4	0	1	1	124	-109	-130	75	111	-100
5	-241	175	76282128	1	5	-7	3	-1	1	0	123	-108	-130	75	111	-100
5	-241	175	76284124	0	7	-6	7	-1	1	0	122	-107	-130	75	111	-100
5	-241	175	76286128	0	8	-11	7	-1	2	0	121	-105	-130	75	111	-100
5	-241	175	76288124	0	10	-13	9	-1	2	0	120	-103	-130	75	111	-100
5	-241	175	76290124	0	13	-15	10	-1	2	0	119	-101	-130	75	111	-100
5	-241	175	76292128	-3	14	-21	14	-3	3	0	116	-98	-130	75	111	-100
5	-241	175	76294120	-4	16	-22	13	-2	3	0	114	-95	-130	75	111	-100
5	-241	175	76296120	-5	19	-27	15	-4	3	0	110	-92	-130	75	111	-100
5	-241	175	76298120	-5	20	-30	18	-3	4	0	107	-88	-130	75	111	-100
5	-241	175	76300116	-8	23	-41	22	-5	4	0	102	-84	-130	75	111	-100
5	-241	175	76302112	-10	27	-41	23	-5	5	0	97	-79	-130	75	111	-100
5	-241	175	76304120	-13	28	-48	25	-6	6	0	91	-73	-130	75	111	-100
5	-241	175	76306112	-12	28	-52	27	-7	5	0	84	-68	-130	75	111	-100
5	-241	175	76308116	-18	34	-69	34	-8	7	0	76	-61	-130	75	111	-100
5	-241	175	76310116	-24	40	-66	31	-9	7	0	67	-54	-130	75	111	-100
5	-241	175	76312120	-21	33	-73	35	-10	7	0	57	-47	-130	75	111	-100
5	-241	175	76314120	-29	40	-92	43	-12	8	0	45	-39	-130	75	111	-100
5	-241	175	76316116	-31	43	-88	39	-12	8	0	33	-31	-130	75	111	-100
5	-241	175	76318116	-36	45	-93	41	-13	9	0	20	-22	-130	75	111	-100
5	-241	175	76320128	-40	47	-102	42	-14	9	0	6	-13	-130	75	111	-100
5	-241	175	76322128	-45	49	-125	50	-17	10	0	-11	-3	-130	75	111	-100
5	-241	175	76324120	-48	51	-115	47	-16	10	0	-27	7	-130	75	111	-100
5	-241	175	76326116	-52	53	-122	47	-18	10	0	-45	17	-130	75	111	-100
5	-241	175	76328128	-56	55	-129	49	-18	10	0	-63	27	-130	75	111	-100
5	-241	175	76330132	-60	56	-154	59	-21	11	0	-84	38	-130	75	111	-100
5	-241	175	76332128	-64	58	-141	52	-21	11	0	-105	49	-130	75	111	-100
5	-241	175	76334128	-66	58	-146	54	-21	12	0	-126	61	-130	75	111	-100
5	-241	175	76336120	-70	60	-173	62	-24	12	0	-150	73	-130	75	111	-100
5	-241	175	76338116	-74	62	-156	57	-23	12	0	-173	85	-130	75	111	-100
5	-241	175	76340108	-76	62	-160	56	-24	12	0	-197	97	-130	75	111	-100
5	-241	175	76342116	-78	61	-164	56	-24	11	0	-221	108	-130	75	111	-100
5	-241	175	76344112	-80	63	-191	65	-27	13	0	-248	121	-130	75	111	-100
5	-241	175	76346100	-82	62	-170	58	-26	12	0	-274	133	-130	75	111	-100
5	-241	175	76348108	-83	62	-171	56	-25	12	0	-299	145	-130	75	111	-100
5	-241	175	76350108	-84	60	-173	56	-26	11	0	-325	156	-130	75	111	-100
5	-241	175	76352104	-83	61	-198	64	-28	13	0	-353	169	-130	75	111	-100
5	-241	175	76354104	-84	59	-173	55	-25	11	0	-378	180	-130	75	111	-100
5	-241	175	76356100	-85	58	-172	55	-26	12	0	-404	192	-130	75	111	-100
5	-241	175	76358100	-84	58	-172	54	-26	11	0	-430	203	-130	75	111	-100
5	-241	175	76360096	-84	56	-192	61	-27	12	0	-457	215	-130	75	111	-100
5	-241	175	76362100	-83	55	-168	52	-25	10	0	-482	225	-130	75	111	-100
5	-241	175	76364096	-83	54	-163	52	-25	11	0	-507	236	-130	75	111	-100
5	-241	175	76366104	-84	54	-184	58	-27	11	0	-534	247	-130	75	111	-100
5	-241	175	76368092	-81	51	-156	49	-24	10	0	-558	257	-130	75	111	-100
5	-241	175	76370100	-80	50	-153	49	-23	10	0	-581	267	-130	75	111	-100
5	-241	175	76372100	-80	47	-147	47	-23	9	0	-604	276	-130	75	111	-100
5	-241	175	76374100	-79	48	-164	53	-24	10	0	-628	286	-130	75	111	-100
5	-241	175	76376108	-77	45	-138	45	-21	9	0	-649	295	-130	75	111	-100
5	-241	175	76378100	-75	44	-131	42	-21	9	0	-670	304	-130	75	111	-100
5	-241	175	76380104	-74	42	-126	42	-20	8	0	-690	312	-130	75	111	-100
5	-241	175	76382104	-72	40	-136	45	-21	9	0	-711	321	-130	75	111	-100
5	-241	175	76384104	-70	39	-114	37	-18	8	0	-729	329	-130	75	111	-100
5	-241	175	76386100	-68	37	-106	36	-18	7	0	-747	336	-130	75	111	-100
5	-241	175	76388096	-65	34	-115	39	-18	7	0	-765	343	-130	75	111	-100
5	-241	175	76390096	-62	33	-94	33	-15	7	0	-780	350	-130	75	111	-100
5	-241	175	76392096	-59	30	-88	31	-15	6	0	-795	356	-130	75	111	-100
5	-241	175	76394096	-55	28	-80	27	-13	5	0	-808	361	-130	75	111	-100
5	-241	175	76396092	-50	25	-83	30	-14	6	0	-822	367	-130	75	111	-100
5	-241	175	76398088	-46	23	-67	24	-11	5	0	-833	372	-130	75	111	-100
5	-241	175	76400096	-40	20	-58	21	-10	4	0	-843	376	-130	75	111	-100
5	-241	175	76402092	-37	17	-53	19	-9	3	0	-852	379	-130	75	111	-100
5	-241	175	76404096	-32	17	-54	19	-8	4	0	-860	383	-130	75	111	-100
5	-241	175	76406096	-26	13	-40	14	-7	3	0	-867	386	-130	75	111	-100
5	-241	175	76408096	-24	12	-35	12	-6	2	0	-873	388	-130	75	111	-100
5	-241	175	76410100	-19	8	-33	11	-5	2	0	-878	390	-130	75	111	-100
5	-241	175	76412100	-15	9	-24	9	-4	2	0	-882	392	-130	75	111	-100
5	-241	175	76414104	-11	6	-21	8	-3	1	1	-885	393	-130	75	111	-100
6	-241	175	76416112	-9	5	-17	6	-3	1	1	-133	76	-130	75	111	-100
6	-241	175	76418104	-5	4	-13	5	-2	1	1	-135	77	-130	75	111	-100
6	-241	175	76420104	-1	4	-10	4	-1	1	1	-136	78	-130	75	111	-100
6	-241	175	76422076	0	1	-5	2	0	0	1	-136	78	-130	75	111	-100
6	-241	175	76424088	2	1	-4	3	0	1	1	-136	79	-130	75	111	-100
6	273	-121	76426080	5	0	-1	1	0	0	1	-136	79	143	-46	-130	75
6	273	-121	76428048	7	0	0	0	0	0	1	-136	79	143	-46	-130	75
6	273	-121	76430064	9	0	3	0	1	0	1	-135	79	143	-46	-130	75
6	273	-121	76432068	9	0	5	0	1	0	1	-134	79	143	-46	-130	75
6	273	-121	76434072	11	0	5	0	2	0	1	-132	79	143	-46	-130	75
6	273	-121	76436068	12	0	6	0	2	0	1	-130	79	143	-46	-130	75
6	273	-121	76438068	14	0	7	0	2	0	1	-128	79	143	-46	-130	75
6	273	-121	76440092	14	-1	10	-1	2	0	1	-126	79	143	-46	-130	75
6	273	-121	76442092	15	-2	9	0	3	0	1	-123	79	143	-46	-130	75
6	273	-121	76444092	15	0	10	-1	2	0	1	-121	79	143	-46	-130	75
6	273	-121	76446096	16	-1	14	0	3	0	1	-118	79	143	-46	-130	75
6	273	-121	76448096	16	-1	12	-1	3	0	1	-115	79	143	-46	-130	75
6	273	-121	76450096	17	-1	13	0	3	0	1	-112	79	143	-46	-130	75
6	273	-121	76452116	16	-2	15	-1	3	-1	1	-109	78	143	-46	-130	75
6	273	-121	76454068	15	0	17	0	3	0	1	-106	78	143	-46	-130	75
6	273	-121	76456096	15	-1	17	-2	4	0	1	-102	78	143	-46	-130	75
6	273	-121	76458104	15	-1	16	0	3	0	1	-99	78	143	-46	-130	75
6	273	-121	76460112	14	-1	17	-1	3	0	1	-96	78	143	-46	-130	75
6	273	-121	76462112	12	-2	22	0	3	0	1	-93	78	143	-46	-130	75
6	273	-121	76464124	13	-2	20	-1	3	-1	1	-90	77	143	-46	-130	75
6	273	-121	76466100	11	-1	20	-1	4	0	1	-86	77	143	-46	-130	75
6	273	-121	76468100	11	-2	23	0	3	0	1	-83	77	143	-46	-130	75
6	273	-121	76470112	11	-2	23	-2	3	-1	1	-80	76	143	-46	-130	75
6	273	-121	76472096	10	-3	22	-2	4	0	1	-76	76	143	-46	-130	75
6	273	-121	76474108	10	-2	23	-1	3	0	0	-73	76	143	-46	-130	75
6	273	-121	76476120	12	-3	27	-3	4	-1	0	-69	75	143	-46	-130	75
6	273	-121	76478096	11	-3	27	-2	4	0	0	-65	75	143	-46	-130	75
6	273	-121	76480120	12	-4	27	-3	3	-1	0	-62	74	143	-46	-130	75
6	273	-121	76482120	13	-5	33	-4	5	-1	0	-57	73	143	-46	-130	75
6	273	-121	76484120	14	-5	31	-3	5	-1	0	-52	72	143	-46	-130	75
6	273	-121	76486120	16	-6	32	-5	4	-1	0	-48	71	143	-46	-130	75
6	273	-121	76488128	17	-8	37	-5	6	-1	0	-42	70	143	-46	-130	75
6	273	-121	76490136	19	-7	43	-8	6	-2	0	-36	68	143	-46	-130	75
6	273	-121	76492132	21	-9	42	-7	6	-1	0	-30	67	143	-46	-130	75
6	273	-121	76494124	23	-10	43	-8	7	-2	0	-23	65	143	-46	-130	75
6	273	-121	76496120	25	-10	48	-9	7	-2	0	-16	63	143	-46	-130	75
6	273	-121	76498124	27	-13	59	-12	9	-3	0	-7	60	143	-46	-130	75
6	273	-121	76500128	29	-13	56	-11	8	-2	0	1	58	143	-46	-130	75
6	273	-121	76502132	33	-14	59	-13	9	-3	0	10	55	143	-46	-130	75
6	273	-121	76504140	32	-16	72	-15	11	-3	0	21	52	143	-46	-130	75
6	273	-121	76506136	36	-18	68	-15	10	-3	0	31	49	143	-46	-130	75
6	273	-121	76508124	39	-19	71	-16	11	-4	0	42	45	143	-46	-130	75
6	273	-121	76510136	40	-20	76	-18	12	-3	0	54	42	143	-46	-130	75
6	273	-121	76512132	43	-22	90	-22	13	-5	0	67	37	143	-46	-130	75
6	273	-121	76514132	43	-23	84	-21	13	-4	0	80	33	143	-46	-130	75
6	273	-121	76516128	47	-25	87	-23	13	-5	0	93	28	143	-46	-130	75
6	273	-121	76518128	47	-26	92	-24	14	-5	0	107	23	143	-46	-130	75
6	273	-121	76520124	49	-29	108	-30	16	-6	0	123	17	143	-46	-130	75
6	273	-121	76522128	50	-31	99	-28	15	-6	0	138	11	143	-46	-130	75
6	273	-121	76524132	51	-32	103	-30	15	-6	0	153	5	143	-46	-130	75
6	273	-121	76526120	51	-37	118	-38	17	-7	0	170	-2	143	-46	-130	75
6	273	-121	76528124	54	-37	109	-35	16	-8	0	186	-10	143	-46	-130	75
6	273	-121	76530124	54	-40	110	-36	17	-7	0	203	-17	143	-46	-130	75
6	273	-121	76532120	54	-43	114	-40	17	-9	0	220	-26	143	-46	-130	75
6	273	-121	76534132	55	-45	132	-46	18	-9	0	238	-35	143	-46	-130	75
6	273	-121	76536132	53	-46	120	-44	18	-9	0	256	-44	143	-46	-130	75
6	273	-121	76538132	55	-49	123	-46	17	-9	0	273	-53	143	-46	-130	75
6	273	-121	76540132	55	-51	125	-47	18	-10	0	291	-63	143	-46	-130	75
6	273	-121	76542132	55	-52	146	-56	20	-11	0	311	-74	143	-46	-130	75
6	273	-121	76544128	55	-55	131	-50	19	-10	0	330	-84	143	-46	-130	75
6	273	-121	76546124	54	-57	134	-52	19	-11	0	349	-95	143	-46	-130	75
6	273	-121	76548124	55	-58	156	-62	21	-12	0	370	-107	143	-46	-130	75
6	273	-121	76550112	55	-60	139	-53	19	-11	0	389	-118	143	-46	-130	75
6	273	-121	76552108	55	-60	141	-55	20	-12	0	409	-130	143	-46	-130	75
6	273	-121	76554108	54	-62	144	-55	20	-12	0	429	-142	143	-46	-130	75
6	273	-121	76556104	55	-60	166	-64	22	-12	0	451	-154	143	-46	-130	75
6	273	-121	76558100	55	-61	147	-56	20	-12	0	471	-166	143	-46	-130	75
6	273	-121	76560092	55	-61	150	-55	21	-11	0	492	-177	143	-46	-130	75
6	273	-121	76562100	56	-61	150	-57	20	-12	0	512	-189	143	-46	-130	75
6	273	-121	76564108	56	-60	172	-63	23	-12	0	535	-201	143	-46	-130	75
6	273	-121	76566104	58	-60	150	-55	21	-12	0	556	-213	143	-46	-130	75
6	273	-121	76568104	57	-58	150	-54	20	-11	0	576	-224	143	-46	-130	75
6	273	-121	76570100	58	-57	148	-53	21	-11	0	597	-235	143	-46	-130	75
6	273	-121	76572096	51	-49	165	-60	22	-11	0	619	-246	143	-46	-130	75
6	273	-121	76574104	66	-60	142	-50	20	-11	0	639	-257	143	-46	-130	75
6	273	-121	76576100	52	-45	136	-48	19	-9	0	658	-266	143	-46	-130	75
6	273	-121	76578104	57	-50	152	-54	21	-11	0	679	-277	143	-46	-130	75
6	273	-121	76580096	56	-48	126	-45	18	-9	0	697	-286	143	-46	-130	75
6	273	-121	76582100	57	-43	120	-44	18	-9	0	715	-295	143	-46	-130	75
6	273	-121	76584104	53	-43	114	-41	17	-8	0	732	-303	143	-46	-130	75
6	273	-121	76586108	53	-39	122	-44	17	-8	0	749	-311	143	-46	-130	75
6	273	-121	76588104	51	-35	98	-36	15	-8	0	764	-319	143	-46	-130	75
6	273	-121	76590100	48	-33	91	-34	14	-6	0	778	-325	143	-46	-130	75
6	273	-121	76592104	43	-29	94	-36	14	-7	0	792	-332	143	-46	-130	75
6	273	-121	76594104	42	-28	73	-28	11	-5	0	803	-337	143	-46	-130	75
6	273	-121	76596096	38	-23	65	-26	11	-5	0	814	-342	143	-46	-130	75
6	273	-121	76598104	34	-20	58	-22	9	-4	0	823	-346	143	-46	-130	75
6	273	-121	76600104	30	-19	56	-24	8	-5	0	831	-351	143	-46	-130	75
6	273	-121	76602108	26	-15	43	-18	7	-3	0	838	-354	143	-46	-130	75
6	273	-121	76604116	23	-14	36	-15	6	-3	0	844	-357	143	-46	-130	75
6	273	-121	76606108	20	-10	30	-12	5	-2	0	849	-359	143	-46	-130	75
6	273	-121	76608112	16	-10	29	-13	5	-2	1	854	-361	143	-46	-130	75
7	273	-121	76610120	13	-7	18	-8	3	-2	1	146	-48	143	-46	-130	75
7	273	-121	76612112	11	-5	15	-8	2	-1	1	148	-49	143	-46	-130	75
7	273	-121	76614108	9	-5	14	-6	3	-1	1	151	-50	143	-46	-130	75
7	273	-121	76616112	6	-4	9	-5	1	-1	1	152	-51	143	-46	-130	75
7	273	-121	76618120	4	-3	6	-4	1	-1	1	153	-52	143	-46	-130	75
7	273	-121	76620104	3	-2	4	-2	1	0	1	154	-52	143	-46	-130	75
7	273	-121	76622108	2	0	4	-3	0	-1	1	154	-53	143	-46	-130	75
7	273	-121	76624108	1	-1	1	-1	1	0	1	155	-53	143	-46	-130	75
7	-292	62	76628076	0	0	0	-1	0	0	1	155	-53	-149	16	143	-46
7	-292	62	76642056	-1	0	0	0	0	0	1	155	-53	-149	16	143	-46
7	-292	62	76644080	0	0	-1	0	0	0	1	155	-53	-149	16	143	-46
7	-292	62	76652088	0	0	-1	0	0	0	1	155	-53	-149	16	143	-46
7	-292	62	76656092	0	0	-1	0	0	0	1	155	-53	-149	16	143	-46
7	-292	62	76658092	-1	0	-1	0	0	0	1	155	-53	-149	16	143	-46
7	-292	62	76660100	0	0	-3	0	0	0	1	155	-53	-149	16	143	-46
7	-292	62	76662136	0	1	-2	1	-1	0	1	154	-53	-149	16	143	-46
7	-292	62	76664124	0	2	-4	2	0	0	1	154	-53	-149	16	143	-46
7	-292	62	76666140	0	2	-6	2	-1	0	1	153	-53	-149	16	143	-46
7	-292	62	76668140	-1	3	-7	3	0	1	0	153	-52	-149	16	143	-46
7	-292	62	76670140	-1	2	-8	2	-1	0	0	152	-52	-149	16	143	-46
7	-292	62	76672148	-2	5	-12	4	-2	1	0	150	-51	-149	16	143	-46
7	-292	62	76674144	-1	5	-13	5	-1	1	0	149	-50	-149	16	143	-46
7	-292	62	76676144	-2	8	-17	6	-2	1	0	147	-49	-149	16	143	-46
7	-292	62	76678140	-4	7	-18	8	-2	2	0	145	-47	-149	16	143	-46
7	-292	62	76680140	-5	9	-28	8	-3	2	0	142	-45	-149	16	143	-46
7	-292	62	76682140	-6	11	-27	10	-4	2	0	138	-43	-149	16	143	-46
7	-292	62	76684140	-8	13	-32	12	-4	2	0	134	-41	-149	16	143	-46
7	-292	62	76686140	-10	15	-36	13	-4	3	0	130	-38	-149	16	143	-46
7	-292	62	76688144	-11	16	-49	17	-6	3	0	124	-35	-149	16	143	-46
7	-292	62	76690148	-15	19	-48	16	-7	4	0	117	-31	-149	16	143	-46
7	-292	62	76692152	-18	20	-54	19	-7	4	0	110	-27	-149	16	143	-46
7	-292	62	76694148	-21	22	-69	22	-9	4	0	101	-23	-149	16	143	-46
7	-292	62	76696144	-24	24	-67	21	-9	5	0	92	-18	-149	16	143	-46
7	-292	62	76698144	-28	25	-74	24	-10	5	0	82	-13	-149	16	143	-46
7	-292	62	76700136	-33	27	-81	25	-12	5	0	70	-8	-149	16	143	-46
7	-292	62	76702140	-39	29	-102	29	-14	6	0	56	-2	-149	16	143	-46
7	-292	62	76704152	-42	30	-96	27	-13	5	0	43	3	-149	16	143	-46
7	-292	62	76706148	-49	33	-105	28	-16	6	0	27	9	-149	16	143	-46
7	-292	62	76708152	-54	32	-129	32	-18	7	0	9	16	-149	16	143	-46
7	-292	62	76710156	-60	34	-121	30	-18	6	0	-9	22	-149	16	143	-46
7	-292	62	76712152	-65	35	-130	30	-20	7	0	-29	29	-149	16	143	-46
7	-292	62	76714156	-71	35	-136	30	-20	6	0	-49	35	-149	16	143	-46
7	-292	62	76716152	-77	36	-168	35	-25	7	0	-74	42	-149	16	143	-46
7	-292	62	76718152	-83	36	-152	32	-23	7	0	-97	49	-149	16	143	-46
7	-292	62	76720156	-89	37	-161	31	-25	7	0	-122	56	-149	16	143	-46
7	-292	62	76722160	-95	36	-168	30	-27	6	0	-149	62	-149	16	143	-46
7	-292	62	76724148	-100	36	-199	35	-30	8	0	-179	70	-149	16	143	-46
7	-292	62	76726144	-105	36	-181	30	-28	6	0	-207	76	-149	16	143	-46
7	-292	62	76728140	-108	35	-186	29	-30	7	0	-237	83	-149	16	143	-46
7	-292	62	76730140	-114	35	-191	28	-30	6	0	-267	89	-149	16	143	-46
7	-292	62	76732136	-119	34	-224	33	-34	7	0	-301	96	-149	16	143	-46
7	-292	62	76734136	-120	34	-199	27	-32	6	0	-333	102	-149	16	143	-46
7	-292	62	76736132	-124	32	-202	27	-33	6	0	-366	108	-149	16	143	-46
7	-292	62	76738132	-125	32	-233	30	-36	6	0	-402	114	-149	16	143	-46
7	-292	62	76740136	-126	30	-204	26	-33	5	0	-435	119	-149	16	143	-46
7	-292	62	76742128	-126	30	-202	25	-33	6	0	-468	125	-149	16	143	-46
7	-292	62	76744128	-126	30	-201	24	-32	5	0	-500	130	-149	16	143	-46
7	-292	62	76746136	-127	27	-227	26	-36	6	0	-536	136	-149	16	143	-46
7	-292	62	76748132	-123	26	-193	22	-31	4	0	-567	140	-149	16	143	-46
7	-292	62	76750132	-123	27	-189	20	-31	5	0	-598	145	-149	16	143	-46
7	-292	62	76752132	-119	23	-184	20	-31	4	0	-629	149	-149	16	143	-46
7	-292	62	76754124	-117	24	-201	22	-32	5	0	-661	154	-149	16	143	-46
7	-292	62	76756132	-113	23	-169	17	-28	4	0	-689	158	-149	16	143	-46
7	-292	62	76758128	-108	20	-160	18	-27	4	0	-716	162	-149	16	143	-46
7	-292	62	76760136	-104	20	-174	17	-27	3	0	-743	165	-149	16	143	-46
7	-292	62	76762128	-100	18	-142	15	-25	4	0	-768	169	-149	16	143	-46
7	-292	62	76764132	-94	18	-133	13	-22	3	0	-790	172	-149	16	143	-46
7	-292	62	76766136	-89	16	-122	12	-21	3	0	-811	175	-149	16	143	-46
7	-292	62	76768140	-82	15	-128	13	-21	2	0	-832	177	-149	16	143	-46
7	-292	62	76770144	-76	13	-100	11	-18	3	0	-850	180	-149	16	143	-46
7	-292	62	76772144	-70	12	-91	9	-16	2	0	-866	182	-149	16	143	-46
7	-292	62	76774144	-64	10	-91	10	-16	2	0	-882	184	-149	16	143	-46
7	-292	62	76776152	-56	9	-69	6	-12	1	0	-894	185	-149	16	143	-46
7	-292	62	76778148	-52	9	-61	7	-11	2	0	-905	187	-149	16	143	-46
7	-292	62	76780148	-43	7	-53	5	-10	1	0	-915	188	-149	16	143	-46
7	-292	62	76782152	-39	5	-51	7	-9	1	0	-924	189	-149	16	143	-46
7	-292	62	76784148	-34	5	-36	3	-7	1	0	-931	190	-149	16	143	-46
7	-292	62	76786144	-27	5	-31	4	-6	1	0	-937	191	-149	16	143	-46
7	-292	62	76788136	-23	3	-25	4	-5	1	0	-942	192	-149	16	143	-46
7	-292	62	76790128	-19	3	-23	2	-4	0	0	-946	192	-149	16	143	-46
7	-292	62	76792140	-15	2	-15	3	-3	1	0	-949	193	-149	16	143	-46
7	-292	62	76794124	-10	1	-10	1	-2	0	0	-951	193	-149	16	143	-46
7	-292	62	76796120	-7	1	-9	1	-1	0	0	-952	193	-149	16	143	-46
7	-292	62	76798116	-5	0	-5	2	-1	0	0	-953	193	-149	16	143	-46
7	-292	62	76800128	-3	1	-1	0	-1	1	0	-954	194	-149	16	143	-46
7	-292	62	76802024	0	0	0	0	0	0	1	-954	194	-149	16	143	-46
8	-292	62	76804048	0	0	1	0	0	0	1	-149	16	-149	16	143	-46
8	-292	62	76806096	2	-1	3	-1	0	0	1	-149	16	-149	16	143	-46
8	-292	62	76808104	4	-4	7	-2	1	0	1	-148	16	-149	16	143	-46
8	298	0	76810112	4	-3	7	-3	1	-1	1	-147	15	149	16	-149	16
8	298	0	76812108	5	-5	10	-5	2	-1	1	-145	14	149	16	-149	16
8	298	0	76814108	6	-5	11	-5	1	-1	1	-144	13	149	16	-149	16
8	298	0	76816104	7	-7	14	-5	2	-1	1	-142	12	149	16	-149	16
8	298	0	76818104	9	-6	15	-6	3	-1	1	-139	11	149	16	-149	16
8	298	0	76820100	9	-9	21	-8	3	-2	1	-136	9	149	16	-149	16
8	298	0	76822100	10	-9	20	-7	3	-2	1	-133	7	149	16	-149	16
8	298	0	76824108	11	-9	22	-8	3	-1	1	-130	6	149	16	-149	16
8	298	0	76826108	13	-11	27	-10	4	-2	1	-126	4	149	16	-149	16
8	298	0	76828108	13	-10	26	-10	4	-2	1	-122	2	149	16	-149	16
8	298	0	76830108	14	-11	28	-8	4	-2	1	-118	0	149	16	-149	16
8	298	0	76832116	15	-13	30	-12	5	-3	1	-113	-3	149	16	-149	16
8	298	0	76834120	16	-11	35	-11	5	-2	1	-108	-5	149	16	-149	16
8	298	0	76836120	17	-12	34	-11	5	-2	1	-103	-7	149	16	-149	16
8	298	0	76838120	16	-12	33	-10	5	-3	1	-98	-10	149	16	-149	16
8	298	0	76840124	16	-11	34	-11	5	-2	1	-93	-12	149	16	-149	16
8	298	0	76842124	18	-11	40	-12	6	-2	1	-87	-14	149	16	-149	16
8	298	0	76844128	17	-11	36	-11	5	-2	1	-82	-16	149	16	-149	16
8	298	0	76846128	18	-10	35	-9	5	-2	1	-77	-18	149	16	-149	16
8	298	0	76848120	17	-10	40	-11	6	-2	1	-71	-20	149	16	-149	16
8	298	0	76850120	18	-9	35	-9	5	-2	1	-66	-22	149	16	-149	16
8	298	0	76852124	17	-9	34	-8	5	-2	1	-61	-24	149	16	-149	16
8	298	0	76854120	18	-9	34	-9	6	-2	1	-55	-26	149	16	-149	16
8	298	0	76856120	17	-7	39	-9	5	-1	1	-50	-27	149	16	-149	16
8	298	0	76858120	18	-8	33	-6	5	-2	1	-45	-29	149	16	-149	16
8	298	0	76860116	18	-7	35	-8	6	-1	1	-39	-30	149	16	-149	16
8	298	0	76862120	20	-6	34	-6	5	-1	1	-34	-31	149	16	-149	16
8	298	0	76864124	20	-8	40	-6	6	-2	1	-28	-33	149	16	-149	16
8	298	0	76866120	22	-5	36	-6	6	-1	1	-22	-34	149	16	-149	16
8	298	0	76868120	21	-6	37	-5	6	-1	0	-16	-35	149	16	-149	16
8	298	0	76870124	24	-6	42	-7	6	-1	0	-10	-36	149	16	-149	16
8	298	0	76872128	25	-5	40	-3	7	-1	0	-3	-37	149	16	-149	16
8	298	0	76874132	26	-4	41	-4	6	-1	0	3	-38	149	16	-149	16
8	298	0	76876124	30	-5	43	-4	8	-1	0	11	-39	149	16	-149	16
8	298	0	76878120	30	-4	51	-4	8	0	0	19	-39	149	16	-149	16
8	298	0	76880124	34	-4	48	-2	8	-1	0	27	-40	149	16	-149	16
8	298	0	76882124	35	-2	50	-3	8	-1	0	35	-41	149	16	-149	16
8	298	0	76884112	38	-3	52	-1	9	0	0	44	-41	149	16	-149	16
8	298	0	76886108	42	-2	65	-2	11	0	0	55	-41	149	16	-149	16
8	298	0	76888124	43	-3	59	0	10	-1	0	65	-42	149	16	-149	16
8	298	0	76890092	40	-1	62	-2	11	0	0	76	-42	149	16	-149	16
8	298	0	76892092	49	-1	77	0	12	0	0	88	-42	149	16	-149	16
8	298	0	76894100	51	-1	70	0	12	0	0	100	-42	149	16	-149	16
8	298	0	76896100	54	-2	72	0	13	0	0	113	-42	149	16	-149	16
8	298	0	76898096	58	-1	76	0	13	0	0	126	-42	149	16	-149	16
8	298	0	76900068	58	0	92	0	15	0	0	141	-42	149	16	-149	16
8	298	0	76902064	62	-1	82	1	15	0	0	156	-42	149	16	-149	16
8	298	0	76904096	63	0	85	1	14	0	0	170	-42	149	16	-149	16
8	298	0	76906068	65	-1	89	1	16	0	0	186	-42	149	16	-149	16
8	298	0	76908108	68	-2	105	0	17	-1	0	203	-43	149	16	-149	16
8	298	0	76910104	69	0	94	2	16	0	0	219	-43	149	16	-149	16
8	298	0	76912076	70	-1	96	1	17	0	0	236	-43	149	16	-149	16
8	298	0	76914076	71	-1	112	1	18	0	0	254	-43	149	16	-149	16
8	298	0	76916080	72	-1	100	1	18	0	0	272	-43	149	16	-149	16
8	298	0	76918084	73	-2	103	0	17	0	0	289	-43	149	16	-149	16
8	298	0	76920108	74	-1	104	2	18	0	0	307	-43	149	16	-149	16
8	298	0	76922080	73	-1	121	1	19	0	0	326	-43	149	16	-149	16
8	298	0	76924076	74	-1	106	0	18	0	0	344	-43	149	16	-149	16
8	298	0	76926100	75	-2	108	1	19	0	0	363	-43	149	16	-149	16
8	298	0	76928080	75	0	108	0	18	0	0	381	-43	149	16	-149	16
8	298	0	76930076	75	-1	125	1	20	0	0	401	-43	149	16	-149	16
8	298	0	76932068	75	-1	110	2	18	0	0	419	-43	149	16	-149	16
8	298	0	76934088	76	0	113	1	19	0	0	438	-43	149	16	-149	16
8	298	0	76936088	75	0	127	1	21	0	0	459	-43	149	16	-149	16
8	298	0	76938088	77	0	113	1	19	0	0	478	-43	149	16	-149	16
8	298	0	76940084	76	0	114	2	19	0	0	497	-43	149	16	-149	16
8	298	0	76942092	76	0	115	2	19	0	0	516	-43	149	16	-149	16
8	298	0	76944108	76	0	131	3	20	1	0	536	-42	149	16	-149	16
8	298	0	76946100	78	0	115	2	20	0	0	556	-42	149	16	-149	16
8	298	0	76948108	76	2	116	3	19	0	0	575	-42	149	16	-149	16
8	298	0	76950112	78	1	116	2	19	1	0	594	-41	149	16	-149	16
8	298	0	76952096	77	1	134	4	21	0	0	615	-41	149	16	-149	16
8	298	0	76954112	78	3	116	4	20	1	0	635	-40	149	16	-149	16
8	298	0	76956096	76	2	118	3	19	0	0	654	-40	149	16	-149	16
8	298	0	76958112	77	3	132	5	21	1	0	675	-39	149	16	-149	16
8	298	0	76960120	77	2	117	4	19	1	0	694	-38	149	16	-149	16
8	298	0	76962104	75	3	113	4	19	0	0	713	-38	149	16	-149	16
8	298	0	76964108	73	2	114	5	19	1	0	732	-37	149	16	-149	16
8	298	0	76966112	73	3	128	5	20	1	0	752	-36	149	16	-149	16
8	298	0	76968116	71	2	108	5	18	1	0	770	-35	149	16	-149	16
8	298	0	76970108	69	3	108	4	18	0	0	788	-35	149	16	-149	16
8	298	0	76972116	67	2	104	5	17	1	0	805	-34	149	16	-149	16
8	298	0	76974112	64	3	115	3	18	1	0	823	-33	149	16	-149	16
8	298	0	76976096	63	2	96	5	16	0	0	839	-33	149	16	-149	16
8	298	0	76978104	58	3	94	4	15	1	0	854	-32	149	16	-149	16
8	298	0	76980100	55	2	100	4	15	1	0	869	-31	149	16	-149	16
8	298	0	76982096	53	3	83	4	14	0	0	883	-31	149	16	-149	16
8	298	0	76984108	49	1	79	2	13	1	0	896	-30	149	16	-149	16
8	298	0	76986096	45	1	73	4	11	0	0	907	-30	149	16	-149	16
8	298	0	76988096	41	1	77	2	12	0	0	919	-30	149	16	-149	16
8	298	0	76990108	37	2	61	3	10	1	0	929	-29	149	16	-149	16
8	298	0	76992100	33	1	55	1	9	0	1	938	-29	149	16	-149	16
9	298	0	76994096	30	0	50	3	8	0	1	157	16	149	16	-149	16
9	298	0	76996100	25	1	50	1	7	1	1	164	17	149	16	-149	16
9	-292	-62	76998096	21	0	39	1	6	0	1	170	17	-143	-46	149	16
9	-292	-62	77000088	19	0	33	1	6	0	1	176	17	-143	-46	149	16
9	-292	-62	77002096	16	1	33	0	4	0	1	180	17	-143	-46	149	16
9	-292	-62	77004100	13	0	24	2	4	0	1	184	17	-143	-46	149	16
9	-292	-62	77006080	10	0	20	0	3	0	1	187	17	-143	-46	149	16
9	-292	-62	77008080	7	0	16	0	2	0	1	189	17	-143	-46	149	16
9	-292	-62	77010112	6	0	14	1	2	0	1	191	17	-143	-46	149	16
9	-292	-62	77012088	4	0	10	0	2	0	1	193	17	-143	-46	149	16
9	-292	-62	77014088	1	0	8	0	1	0	1	194	17	-143	-46	149	16
9	-292	-62	77016088	2	0	6	0	1	0	1	195	17	-143	-46	149	16
9	-292	-62	77018076	0	0	2	0	0	0	1	195	17	-143	-46	149	16
9	-292	-62	77020080	0	0	2	0	0	0	1	195	17	-143	-46	149	16
9	-292	-62	77022056	-1	0	1	0	0	0	1	195	17	-143	-46	149	16
9	-292	-62	77024080	-1	0	0	0	0	0	1	195	17	-143	-46	149	16
9	-292	-62	77026080	-1	0	0	0	0	0	1	195	17	-143	-46	149	16
9	-292	-62	77028080	-3	0	0	0	0	0	1	195	17	-143	-46	149	16
9	-292	-62	77030080	-2	0	-1	0	0	0	1	195	17	-143	-46	149	16
9	-292	-62	77032076	-2	0	-1	0	0	0	1	195	17	-143	-46	149	16
9	-292	-62	77034080	-2	0	-1	0	-1	0	1	194	17	-143	-46	149	16
9	-292	-62	77036068	-3	0	-1	0	0	0	1	194	17	-143	-46	149	16
9	-292	-62	77038072	-3	0	-2	0	0	0	1	194	17	-143	-46	149	16
9	-292	-62	77040080	-3	0	-1	0	-1	0	1	193	17	-143	-46	149	16
9	-292	-62	77042096	-2	0	-1	-1	0	0	1	193	17	-143	-46	149	16
9	-292	-62	77044084	-3	0	-3	0	-1	0	1	192	17	-143	-46	149	16
9	-292	-62	77046072	-4	0	-2	0	0	0	1	192	17	-143	-46	149	16
9	-292	-62	77048108	-3	0	-3	-1	-1	0	1	191	17	-143	-46	149	16
9	-292	-62	77050112	-4	-1	-3	0	-1	0	1	190	17	-143	-46	149	16
9	-292	-62	77052076	-5	-2	-5	-1	-1	0	1	189	17	-143	-46	149	16
9	-292	-62	77054104	-6	-2	-7	-3	-1	0	1	188	17	-143	-46	149	16
9	-292	-62	77056120	-7	-3	-7	-2	-1	-1	1	187	16	-143	-46	149	16
9	-292	-62	77058108	-7	-3	-9	-4	-2	0	0	185	16	-143	-46	149	16
9	-292	-62	77060124	-9	-4	-14	-4	-2	-1	0	183	15	-143	-46	149	16
9	-292	-62	77062120	-10	-5	-12	-5	-2	-1	0	181	14	-143	-46	149	16
9	-292	-62	77064124	-11	-6	-16	-5	-3	-1	0	178	13	-143	-46	149	16
9	-292	-62	77066128	-13	-7	-18	-6	-3	-1	0	175	12	-143	-46	149	16
9	-292	-62	77068124	-16	-7	-25	-9	-4	-2	0	171	10	-143	-46	149	16
9	-292	-62	77070124	-16	-9	-25	-8	-4	-2	0	167	8	-143	-46	149	16
9	-292	-62	77072124	-20	-10	-29	-9	-5	-2	0	162	6	-143	-46	149	16
9	-292	-62	77074120	-23	-11	-32	-10	-6	-2	0	156	4	-143	-46	149	16
9	-292	-62	77076124	-25	-13	-43	-14	-7	-2	0	149	2	-143	-46	149	16
9	-292	-62	77078124	-28	-13	-42	-14	-7	-3	0	142	-1	-143	-46	149	16
9	-292	-62	77080128	-32	-15	-48	-13	-8	-3	0	134	-4	-143	-46	149	16
9	-292	-62	77082132	-35	-15	-60	-19	-9	-3	0	125	-7	-143	-46	149	16
9	-292	-62	77084124	-37	-18	-57	-16	-10	-4	0	115	-11	-143	-46	149	16
9	-292	-62	77086124	-41	-19	-64	-19	-10	-4	0	105	-15	-143	-46	149	16
9	-292	-62	77088136	-47	-18	-70	-20	-12	-3	0	93	-18	-143	-46	149	16
9	-292	-62	77090140	-48	-22	-86	-24	-13	-5	0	80	-23	-143	-46	149	16
9	-292	-62	77092148	-54	-22	-81	-22	-14	-4	0	66	-27	-143	-46	149	16
9	-292	-62	77094140	-58	-23	-88	-24	-14	-5	0	52	-32	-143	-46	149	16
9	-292	-62	77096144	-61	-25	-109	-29	-17	-5	0	35	-37	-143	-46	149	16
9	-292	-62	77098144	-67	-26	-100	-26	-17	-6	0	18	-43	-143	-46	149	16
9	-292	-62	77100144	-70	-27	-107	-28	-18	-5	0	0	-48	-143	-46	149	16
9	-292	-62	77102148	-77	-28	-113	-28	-19	-6	0	-19	-54	-143	-46	149	16
9	-292	-62	77104148	-81	-30	-136	-35	-21	-6	0	-40	-60	-143	-46	149	16
9	-292	-62	77106136	-85	-31	-126	-32	-21	-7	0	-61	-67	-143	-46	149	16
9	-292	-62	77108140	-90	-33	-131	-32	-23	-6	0	-84	-73	-143	-46	149	16
9	-292	-62	77110148	-95	-32	-157	-38	-25	-7	0	-109	-80	-143	-46	149	16
9	-292	-62	77112144	-100	-35	-143	-35	-24	-7	0	-133	-87	-143	-46	149	16
9	-292	-62	77114148	-105	-35	-148	-35	-25	-7	0	-158	-94	-143	-46	149	16
9	-292	-62	77116152	-109	-36	-152	-37	-26	-7	0	-184	-101	-143	-46	149	16
9	-292	-62	77118148	-112	-38	-180	-43	-30	-8	0	-214	-109	-143	-46	149	16
9	-292	-62	77120144	-116	-37	-160	-37	-27	-8	0	-241	-117	-143	-46	149	16
9	-292	-62	77122152	-120	-39	-164	-39	-29	-8	0	-270	-125	-143	-46	149	16
9	-292	-62	77124140	-123	-38	-166	-39	-29	-7	0	-299	-132	-143	-46	149	16
9	-292	-62	77126144	-125	-38	-192	-45	-31	-9	0	-330	-141	-143	-46	149	16
9	-292	-62	77128144	-126	-39	-168	-38	-30	-7	0	-360	-148	-143	-46	149	16
9	-292	-62	77130144	-126	-39	-168	-39	-29	-8	0	-389	-156	-143	-46	149	16
9	-292	-62	77132148	-128	-37	-192	-45	-32	-8	0	-421	-164	-143	-46	149	16
9	-292	-62	77134156	-126	-37	-165	-38	-29	-8	0	-450	-172	-143	-46	149	16
9	-292	-62	77136152	-125	-36	-164	-37	-29	-7	0	-479	-179	-143	-46	149	16
9	-292	-62	77138156	-124	-35	-160	-36	-28	-7	0	-507	-186	-143	-46	149	16
9	-292	-62	77140152	-120	-34	-179	-40	-30	-8	0	-537	-194	-143	-46	149	16
9	-292	-62	77142148	-116	-31	-151	-34	-27	-6	0	-564	-200	-143	-46	149	16
9	-292	-62	77144140	-113	-31	-146	-33	-26	-7	0	-590	-207	-143	-46	149	16
9	-292	-62	77146136	-108	-29	-142	-31	-25	-6	0	-615	-213	-143	-46	149	16
9	-292	-62	77148136	-103	-26	-152	-32	-25	-5	0	-640	-218	-143	-46	149	16
9	-292	-62	77150132	-99	-25	-126	-28	-23	-6	0	-663	-224	-143	-46	149	16
9	-292	-62	77152128	-91	-23	-119	-26	-21	-5	0	-684	-229	-143	-46	149	16
9	-292	-62	77154124	-86	-21	-111	-24	-20	-4	0	-704	-233	-143	-46	149	16
9	-292	-62	77156124	-80	-19	-118	-25	-19	-4	0	-723	-237	-143	-46	149	16
9	-292	-62	77158120	-73	-17	-94	-20	-17	-4	0	-740	-241	-143	-46	149	16
9	-292	-62	77160128	-67	-16	-86	-19	-15	-4	0	-755	-245	-143	-46	149	16
9	-292	-62	77162124	-53	-13	-87	-20	-14	-3	0	-769	-248	-143	-46	149	16
9	-292	-62	77164128	-61	-15	-69	-15	-13	-3	0	-782	-251	-143	-46	149	16
9	-292	-62	77166124	-41	-10	-61	-12	-11	-2	0	-793	-253	-143	-46	149	16
9	-292	-62	77168120	-46	-11	-53	-13	-10	-3	0	-803	-256	-143	-46	149	16
9	-292	-62	77170124	-30	-8	-52	-11	-8	-1	0	-811	-257	-143	-46	149	16
9	-292	-62	77172128	-32	-7	-40	-9	-7	-2	0	-818	-259	-143	-46	149	16
9	-292	-62	77174140	-25	-6	-33	-8	-6	-1	0	-824	-260	-143	-46	149	16
9	-292	-62	77176144	-23	-7	-32	-8	-5	-2	0	-829	-262	-143	-46	149	16
9	-292	-62	77178144	-18	-3	-23	-5	-4	-1	0	-833	-263	-143	-46	149	16
9	-292	-62	77180148	-12	-4	-17	-5	-3	-1	0	-836	-264	-143	-46	149	16
9	-292	-62	77182140	-10	-4	-15	-4	-3	0	0	-839	-264	-143	-46	149	16
9	-292	-62	77184152	-7	-2	-12	-3	-2	-1	0	-841	-265	-143	-46	149	16
9	-292	-62	77186144	-5	-2	-7	-4	-1	-1	1	-842	-266	-143	-46	149	16
10	-292	-62	77188132	-2	-1	-5	-1	-1	0	1	-144	-46	-143	-46	149	16
10	-292	-62	77190120	-1	-1	-4	-3	0	0	1	-144	-46	-143	-46	149	16
10	-292	-62	77192096	0	0	-1	0	0	0	1	-144	-46	-143	-46	149	16
10	-292	-62	77194096	0	-1	0	-1	0	0	1	-144	-46	-143	-46	149	16
10	-292	-62	77196092	1	0	0	0	0	0	1	-144	-46	-143	-46	149	16
10	-292	-62	77198112	4	0	0	-1	0	0	1	-144	-46	-143	-46	149	16
10	273	121	77200080	4	0	0	0	0	0	1	-144	-46	130	75	-143	-46
10	273	121	77202136	5	-2	3	0	1	-1	1	-143	-47	130	75	-143	-46
10	273	121	77204116	5	-1	1	-2	0	0	1	-143	-47	130	75	-143	-46
10	273	121	77206124	6	0	4	-1	1	0	1	-142	-47	130	75	-143	-46
10	273	121	77208120	8	-1	2	0	1	0	1	-141	-47	130	75	-143	-46
10	273	121	77210116	7	-1	3	-1	1	0	1	-140	-47	130	75	-143	-46
10	273	121	77212132	10	-2	4	-1	2	-1	1	-138	-48	130	75	-143	-46
10	273	121	77214120	9	-1	5	-2	1	0	1	-137	-48	130	75	-143	-46
10	273	121	77216128	11	-1	3	-1	1	0	1	-136	-48	130	75	-143	-46
10	273	121	77218140	10	-3	4	-1	2	-1	1	-134	-49	130	75	-143	-46
10	273	121	77220128	13	-1	6	-3	2	0	1	-132	-49	130	75	-143	-46
10	273	121	77222132	11	-1	5	-1	1	0	1	-131	-49	130	75	-143	-46
10	273	121	77224124	12	-1	5	-1	2	0	1	-129	-49	130	75	-143	-46
10	273	121	77226140	12	-3	5	-1	2	-1	1	-127	-50	130	75	-143	-46
10	273	121	77228124	11	-1	5	-2	1	0	1	-126	-50	130	75	-143	-46
10	273	121	77230128	11	-1	7	-1	2	0	1	-124	-50	130	75	-143	-46
10	273	121	77232144	11	-3	5	-1	2	-1	1	-122	-51	130	75	-143	-46
10	273	121	77234128	10	-1	5	-1	1	0	1	-121	-51	130	75	-143	-46
10	273	121	77236124	9	-1	5	-2	2	0	1	-119	-51	130	75	-143	-46
10	273	121	77238124	8	0	5	-1	1	0	1	-118	-51	130	75	-143	-46
10	273	121	77240128	7	-2	3	-1	1	-1	1	-117	-52	130	75	-143	-46
10	273	121	77242120	6	-1	4	-1	1	0	1	-116	-52	130	75	-143	-46
10	273	121	77244092	7	0	4	0	1	0	1	-115	-52	130	75	-143	-46
10	273	121	77246120	3	-1	4	-2	1	0	1	-114	-52	130	75	-143	-46
10	273	121	77248080	4	0	2	0	0	0	1	-114	-52	130	75	-143	-46
10	273	121	77250124	4	-1	3	0	1	0	1	-113	-52	130	75	-143	-46
10	273	121	77252120	2	0	1	-1	0	0	1	-113	-52	130	75	-143	-46
10	273	121	77254124	3	-2	2	0	1	0	1	-112	-52	130	75	-143	-46
10	273	121	77256092	1	0	2	0	0	0	1	-112	-52	130	75	-143	-46
10	273	121	77258096	1	0	0	0	0	0	1	-112	-52	130	75	-143	-46
10	273	121	77260108	2	0	1	0	1	0	1	-111	-52	130	75	-143	-46
10	273	121	77264104	1	0	1	0	0	0	1	-111	-52	130	75	-143	-46
10	273	121	77266080	0	0	0	0	0	0	0	-111	-52	130	75	-143	-46
10	273	121	77270108	1	0	1	0	0	0	0	-111	-52	130	75	-143	-46
10	273	121	77272104	1	0	0	0	0	0	0	-111	-52	130	75	-143	-46
10	273	121	77274136	2	1	2	0	0	0	0	-111	-52	130	75	-143	-46
10	273	121	77276140	2	1	1	1	1	0	0	-110	-52	130	75	-143	-46
10	273	121	77278136	4	3	4	2	1	0	0	-109	-52	130	75	-143	-46
10	273	121	77280124	5	3	3	4	0	0	0	-109	-52	130	75	-143	-46
10	273	121	77282144	6	5	5	5	1	1	0	-108	-51	130	75	-143	-46
10	273	121	77284140	9	7	7	5	2	1	0	-106	-50	130	75	-143	-46
10	273	121	77286148	11	7	10	7	2	2	0	-104	-48	130	75	-143	-46
10	273	121	77288144	13	10	10	9	2	2	0	-102	-46	130	75	-143	-46
10	273	121	77290148	16	11	12	10	3	2	0	-99	-44	130	75	-143	-46
10	273	121	77292136	19	13	14	13	4	2	0	-95	-42	130	75	-143	-46
10	273	121	77294136	21	16	20	16	4	4	0	-91	-38	130	75	-143	-46
10	273	121	77296140	25	18	19	16	4	3	0	-87	-35	130	75	-143	-46
10	273	121	77298136	29	21	22	18	5	4	0	-82	-31	130	75	-143	-46
10	273	121	77300132	32	22	29	23	6	4	0	-76	-27	130	75	-143	-46
10	273	121	77302140	38	27	27	24	7	5	0	-69	-22	130	75	-143	-46
10	273	121	77304136	40	28	30	26	7	6	0	-62	-16	130	75	-143	-46
10	273	121	77306132	43	32	33	29	7	6	0	-55	-10	130	75	-143	-46
10	273	121	77308128	49	33	41	35	9	7	0	-46	-3	130	75	-143	-46
10	273	121	77310120	51	38	38	35	9	7	0	-37	4	130	75	-143	-46
10	273	121	77312116	57	40	41	38	10	8	0	-27	12	130	75	-143	-46
10	273	121	77314116	58	42	41	40	10	8	0	-17	20	130	75	-143	-46
10	273	121	77316108	63	47	50	48	11	10	0	-6	30	130	75	-143	-46
10	273	121	77318108	65	47	45	45	11	9	0	5	39	130	75	-143	-46
10	273	121	77320108	69	53	48	49	12	10	0	17	49	130	75	-143	-46
10	273	121	77322112	71	53	48	51	12	10	0	29	59	130	75	-143	-46
10	273	121	77324108	74	58	59	62	13	12	0	42	71	130	75	-143	-46
10	273	121	77326108	76	59	53	56	13	12	0	55	83	130	75	-143	-46
10	273	121	77328112	79	62	53	60	13	12	0	68	95	130	75	-143	-46
10	273	121	77330112	80	65	65	70	15	14	0	83	109	130	75	-143	-46
10	273	121	77332116	82	68	59	64	14	13	0	97	122	130	75	-143	-46
10	273	121	77334124	84	68	61	66	14	13	0	111	135	130	75	-143	-46
10	273	121	77336116	86	72	63	69	15	14	0	126	149	130	75	-143	-46
10	273	121	77338120	88	72	76	80	17	15	0	143	164	130	75	-143	-46
10	273	121	77340124	88	74	69	71	15	15	0	158	179	130	75	-143	-46
10	273	121	77342128	89	75	71	72	16	15	0	174	194	130	75	-143	-46
10	273	121	77344132	91	76	86	84	18	16	0	192	210	130	75	-143	-46
10	273	121	77346140	93	75	79	75	17	15	0	209	225	130	75	-143	-46
10	273	121	77348136	92	76	83	74	18	15	0	227	240	130	75	-143	-46
10	273	121	77350128	94	75	86	74	18	15	0	245	255	130	75	-143	-46
10	273	121	77352132	95	74	102	83	19	15	0	264	270	130	75	-143	-46
10	273	121	77354128	95	74	94	74	19	15	0	283	285	130	75	-143	-46
10	273	121	77356132	95	71	96	71	19	14	0	302	299	130	75	-143	-46
10	273	121	77358124	95	69	99	69	20	14	0	322	313	130	75	-143	-46
10	273	121	77360120	95	66	116	78	21	14	0	343	327	130	75	-143	-46
10	273	121	77362120	94	64	104	65	20	13	0	363	340	130	75	-143	-46
10	273	121	77364116	94	61	105	61	20	13	0	383	353	130	75	-143	-46
10	273	121	77366112	91	56	106	60	19	11	0	402	364	130	75	-143	-46
10	273	121	77368112	90	54	120	62	21	12	0	423	376	130	75	-143	-46
10	273	121	77370104	87	49	105	53	20	10	0	443	386	130	75	-143	-46
10	273	121	77372112	85	45	104	47	18	9	0	461	395	130	75	-143	-46
10	273	121	77374116	82	41	116	52	20	9	0	481	404	130	75	-143	-46
10	273	121	77376108	77	38	100	40	18	8	0	499	412	130	75	-143	-46
10	273	121	77378108	74	33	97	37	17	7	0	516	419	130	75	-143	-46
10	273	121	77380108	70	30	92	34	16	7	0	532	426	130	75	-143	-46
10	273	121	77382112	65	27	101	34	17	6	0	549	432	130	75	-143	-46
10	273	121	77384100	60	22	85	26	14	5	0	563	437	130	75	-143	-46
10	273	121	77386108	55	20	79	24	14	4	0	577	441	130	75	-143	-46
10	273	121	77388108	51	16	75	20	12	4	0	589	445	130	75	-143	-46
10	273	121	77390108	45	14	78	20	13	3	0	602	448	130	75	-143	-46
10	273	121	77392104	41	13	63	13	10	3	0	612	451	130	75	-143	-46
10	273	121	77394108	37	8	58	13	10	2	1	622	453	130	75	-143	-46
11	273	121	77396104	31	8	59	11	9	2	1	139	77	130	75	-143	-46
11	273	121	77398116	26	5	46	8	7	1	1	146	78	130	75	-143	-46
11	273	121	77400124	24	5	41	6	6	1	1	152	79	130	75	-143	-46
11	-241	-175	77402120	19	4	36	5	6	1	1	158	80	-111	-100	130	75
11	-241	-175	77404100	15	2	38	4	5	0	1	163	80	-111	-100	130	75
11	-241	-175	77406112	11	1	27	2	4	1	1	167	81	-111	-100	130	75
11	-241	-175	77408096	9	2	24	3	3	0	1	170	81	-111	-100	130	75
11	-241	-175	77410104	7	0	21	1	3	0	1	173	81	-111	-100	130	75
11	-241	-175	77412108	4	0	19	1	2	0	1	175	81	-111	-100	130	75
11	-241	-175	77414084	2	0	15	0	2	0	1	177	81	-111	-100	130	75
11	-241	-175	77416108	0	-1	11	0	1	0	1	178	81	-111	-100	130	75
11	-241	-175	77418112	0	-1	12	0	1	0	1	179	81	-111	-100	130	75
11	-241	-175	77420100	-5	-3	6	-2	0	0	1	179	81	-111	-100	130	75
11	-241	-175	77422068	-6	-2	6	-2	0	0	1	179	81	-111	-100	130	75
11	-241	-175	77424104	-8	-4	4	-4	0	-1	1	179	80	-111	-100	130	75
11	-241	-175	77426092	-9	-4	4	-4	0	0	1	179	80	-111	-100	130	75
11	-241	-175	77428116	-10	-5	1	-5	-1	-1	1	178	79	-111	-100	130	75
11	-241	-175	77430120	-12	-5	1	-5	-1	-1	1	177	78	-111	-100	130	75
11	-241	-175	77432124	-13	-7	0	-6	-1	-2	1	176	76	-111	-100	130	75
11	-241	-175	77434128	-13	-8	0	-7	-1	-1	1	175	75	-111	-100	130	75
11	-241	-175	77436120	-15	-8	0	-8	-2	-2	1	173	73	-111	-100	130	75
11	-241	-175	77438124	-17	-10	0	-10	-1	-2	1	172	71	-111	-100	130	75
11	-241	-175	77440124	-18	-13	0	-11	-2	-2	1	170	69	-111	-100	130	75
11	-241	-175	77442124	-19	-12	-2	-13	-2	-3	1	168	66	-111	-100	130	75
11	-241	-175	77444132	-20	-17	-1	-13	-2	-3	1	166	63	-111	-100	130	75
11	-241	-175	77446120	-20	-17	-2	-15	-3	-3	1	163	60	-111	-100	130	75
11	-241	-175	77448120	-23	-19	-3	-20	-2	-4	1	161	56	-111	-100	130	75
11	-241	-175	77450116	-23	-22	-4	-20	-3	-4	1	158	52	-111	-100	130	75
11	-241	-175	77452100	-24	-24	-2	-22	-3	-5	1	155	47	-111	-100	130	75
11	-241	-175	77454120	-26	-25	-5	-27	-3	-5	0	152	42	-111	-100	130	75
11	-241	-175	77456116	-27	-29	-4	-26	-3	-5	0	149	37	-111	-100	130	75
11	-241	-175	77458116	-27	-31	-5	-29	-3	-6	0	146	31	-111	-100	130	75
11	-241	-175	77460100	-30	-33	-6	-30	-4	-7	0	142	24	-111	-100	130	75
11	-241	-175	77462116	-30	-35	-8	-38	-3	-7	0	139	17	-111	-100	130	75
11	-241	-175	77464120	-31	-37	-7	-35	-4	-7	0	135	10	-111	-100	130	75
11	-241	-175	77466128	-34	-40	-9	-37	-4	-8	0	131	2	-111	-100	130	75
11	-241	-175	77468132	-34	-43	-11	-39	-5	-8	0	126	-6	-111	-100	130	75
11	-241	-175	77470132	-36	-43	-13	-47	-5	-9	0	121	-15	-111	-100	130	75
11	-241	-175	77472136	-38	-47	-13	-43	-5	-9	0	116	-24	-111	-100	130	75
11	-241	-175	77474132	-40	-47	-15	-46	-5	-9	0	111	-33	-111	-100	130	75
11	-241	-175	77476132	-40	-49	-19	-54	-6	-11	0	105	-44	-111	-100	130	75
11	-241	-175	77478128	-42	-51	-19	-49	-6	-10	0	99	-54	-111	-100	130	75
11	-241	-175	77480132	-44	-53	-20	-50	-7	-10	0	92	-64	-111	-100	130	75
11	-241	-175	77482140	-46	-53	-22	-51	-7	-10	0	85	-74	-111	-100	130	75
11	-241	-175	77484136	-46	-55	-29	-61	-7	-12	0	78	-86	-111	-100	130	75
11	-241	-175	77486128	-50	-57	-29	-54	-8	-11	0	70	-97	-111	-100	130	75
11	-241	-175	77488124	-50	-56	-30	-55	-8	-11	0	62	-108	-111	-100	130	75
11	-241	-175	77490124	-53	-59	-34	-56	-9	-12	0	53	-120	-111	-100	130	75
11	-241	-175	77492132	-54	-58	-41	-65	-9	-12	0	44	-132	-111	-100	130	75
11	-241	-175	77494140	-56	-60	-39	-58	-10	-12	0	34	-144	-111	-100	130	75
11	-241	-175	77496136	-57	-60	-41	-58	-10	-11	0	24	-155	-111	-100	130	75
11	-241	-175	77498136	-60	-62	-51	-68	-11	-13	0	13	-168	-111	-100	130	75
11	-241	-175	77500132	-62	-61	-48	-60	-11	-13	0	2	-181	-111	-100	130	75
11	-241	-175	77502132	-63	-62	-50	-60	-11	-12	0	-9	-193	-111	-100	130	75
11	-241	-175	77504132	-65	-62	-52	-60	-12	-12	0	-21	-205	-111	-100	130	75
11	-241	-175	77506132	-67	-62	-63	-70	-13	-13	0	-34	-218	-111	-100	130	75
11	-241	-175	77508132	-67	-63	-57	-60	-12	-12	0	-46	-230	-111	-100	130	75
11	-241	-175	77510132	-69	-62	-59	-60	-13	-13	0	-59	-243	-111	-100	130	75
11	-241	-175	77512136	-71	-61	-70	-69	-14	-13	0	-73	-256	-111	-100	130	75
11	-241	-175	77514136	-71	-62	-61	-58	-13	-12	0	-86	-268	-111	-100	130	75
11	-241	-175	77516140	-72	-60	-64	-60	-14	-12	0	-100	-280	-111	-100	130	75
11	-241	-175	77518140	-72	-60	-64	-58	-13	-11	0	-113	-291	-111	-100	130	75
11	-241	-175	77520140	-74	-58	-73	-66	-15	-13	0	-128	-304	-111	-100	130	75
11	-241	-175	77522140	-72	-58	-65	-56	-14	-11	0	-142	-315	-111	-100	130	75
11	-241	-175	77524128	-74	-56	-64	-57	-14	-12	0	-156	-327	-111	-100	130	75
11	-241	-175	77526128	-73	-55	-64	-55	-13	-11	0	-169	-338	-111	-100	130	75
11	-241	-175	77528140	-72	-55	-72	-61	-15	-11	0	-184	-349	-111	-100	130	75
11	-241	-175	77530140	-73	-54	-63	-52	-13	-11	0	-197	-360	-111	-100	130	75
11	-241	-175	77532136	-71	-51	-61	-53	-13	-10	0	-210	-370	-111	-100	130	75
11	-241	-175	77534132	-71	-51	-69	-57	-14	-11	0	-224	-381	-111	-100	130	75
11	-241	-175	77536132	-70	-50	-59	-50	-13	-10	0	-237	-391	-111	-100	130	75
11	-241	-175	77538132	-69	-50	-56	-49	-13	-10	0	-250	-401	-111	-100	130	75
11	-241	-175	77540128	-67	-48	-55	-49	-12	-10	0	-262	-411	-111	-100	130	75
11	-241	-175	77542124	-67	-47	-61	-54	-13	-10	0	-275	-421	-111	-100	130	75
11	-241	-175	77544128	-65	-47	-51	-45	-11	-9	0	-286	-430	-111	-100	130	75
11	-241	-175	77546124	-63	-45	-50	-46	-12	-9	0	-298	-439	-111	-100	130	75
11	-241	-175	77548120	-63	-45	-48	-44	-11	-9	0	-309	-448	-111	-100	130	75
11	-241	-175	77550112	-60	-43	-52	-50	-11	-9	0	-320	-457	-111	-100	130	75
11	-241	-175	77552120	-59	-43	-45	-42	-10	-9	0	-330	-466	-111	-100	130	75
11	-241	-175	77554112	-57	-42	-43	-43	-10	-8	0	-340	-474	-111	-100	130	75
11	-241	-175	77556120	-56	-42	-46	-46	-11	-9	0	-351	-483	-111	-100	130	75
11	-241	-175	77558128	-54	-40	-39	-40	-9	-8	0	-360	-491	-111	-100	130	75
11	-241	-175	77560124	-51	-37	-37	-39	-9	-8	0	-369	-499	-111	-100	130	75
11	-241	-175	77562120	-50	-38	-35	-37	-8	-7	0	-377	-506	-111	-100	130	75
11	-241	-175	77564124	-47	-36	-39	-41	-9	-8	0	-386	-514	-111	-100	130	75
11	-241	-175	77566120	-45	-34	-31	-34	-7	-7	0	-393	-521	-111	-100	130	75
11	-241	-175	77568120	-42	-33	-30	-34	-8	-6	0	-401	-527	-111	-100	130	75
11	-241	-175	77570124	-39	-30	-29	-31	-6	-6	0	-407	-533	-111	-100	130	75
11	-241	-175	77572120	-36	-29	-30	-34	-7	-7	0	-414	-540	-111	-100	130	75
11	-241	-175	77574120	-34	-28	-25	-27	-6	-5	0	-420	-545	-111	-100	130	75
11	-241	-175	77576120	-31	-26	-24	-27	-5	-5	0	-425	-550	-111	-100	130	75
11	-241	-175	77578120	-28	-22	-24	-28	-6	-5	0	-431	-555	-111	-100	130	75
11	-241	-175	77580120	-25	-23	-20	-23	-4	-5	0	-435	-560	-111	-100	130	75
11	-241	-175	77582120	-22	-19	-17	-20	-4	-4	0	-439	-564	-111	-100	130	75
11	-241	-175	77584112	-19	-18	-16	-20	-4	-4	0	-443	-568	-111	-100	130	75
11	-241	-175	77586124	-17	-15	-17	-19	-3	-3	0	-446	-571	-111	-100	130	75
11	-241	-175	77588132	-15	-15	-13	-15	-3	-3	1	-449	-574	-111	-100	130	75
12	-241	-175	77590132	-13	-12	-12	-13	-2	-3	1	-113	-103	-111	-100	130	75
12	-241	-175	77592136	-10	-11	-11	-14	-2	-2	1	-115	-105	-111	-100	130	75
12	-241	-175	77594132	-7	-9	-7	-10	-2	-2	1	-117	-107	-111	-100	130	75
12	-241	-175	77596132	-8	-8	-8	-9	-1	-2	1	-118	-109	-111	-100	130	75
12	-241	-175	77598136	-5	-7	-6	-7	-1	-1	1	-119	-110	-111	-100	130	75
12	-241	-175	77600140	-4	-6	-6	-8	-1	-2	1	-120	-112	-111	-100	130	75
12	-241	-175	77602128	-3	-4	-4	-5	-1	0	1	-121	-112	-111	-100	130	75
12	-241	-175	77604140	-2	-5	-3	-5	-1	-1	1	-122	-113	-111	-100	130	75
12	199	221	77606128	-2	-2	-2	-4	0	-1	1	-122	-114	88	121	-111	-100
12	199	221	77608136	0	-3	-3	-3	0	-1	1	-122	-115	88	121	-111	-100
12	199	221	77610136	-1	-1	-1	-2	-1	0	1	-123	-115	88	121	-111	-100
12	199	221	77612124	0	-1	-1	-2	0	0	1	-123	-115	88	121	-111	-100
12	199	221	77614092	0	-1	0	-1	0	0	1	-123	-115	88	121	-111	-100
12	199	221	77616096	0	0	0	-2	0	-1	1	-123	-116	88	121	-111	-100
12	199	221	77618080	0	-2	0	0	0	0	1	-123	-116	88	121	-111	-100
12	199	221	77622088	0	0	0	-1	0	0	1	-123	-116	88	121	-111	-100
12	199	221	77638072	1	0	0	0	0	0	1	-123	-116	88	121	-111	-100
12	199	221	77652080	0	0	0	1	0	0	1	-123	-116	88	121	-111	-100
12	199	221	77654072	0	1	0	0	0	0	1	-123	-116	88	121	-111	-100
12	199	221	77656096	2	0	2	0	0	0	1	-123	-116	88	121	-111	-100
12	199	221	77658072	0	1	0	1	0	0	1	-123	-116	88	121	-111	-100
12	199	221	77660124	1	1	0	1	0	0	1	-123	-116	88	121	-111	-100
12	199	221	77662124	1	3	1	3	0	0	1	-123	-116	88	121	-111	-100
12	199	221	77664140	1	4	2	2	1	1	0	-122	-115	88	121	-111	-100
12	199	221	77666128	4	5	3	5	0	1	0	-122	-114	88	121	-111	-100
12	199	221	77668132	3	6	2	5	1	1	0	-121	-113	88	121	-111	-100
12	199	221	77670128	5	7	4	8	1	2	0	-120	-111	88	121	-111	-100
12	199	221	77672128	5	10	5	8	1	1	0	-119	-110	88	121	-111	-100
12	199	221	77674132	7	13	8	12	1	3	0	-118	-107	88	121	-111	-100
12	199	221	77676124	8	14	6	12	2	2	0	-116	-105	88	121	-111	-100
12	199	221	77678128	10	16	9	15	1	4	0	-115	-101	88	121	-111	-100
12	199	221	77680120	10	20	11	20	3	4	0	-112	-97	88	121	-111	-100
12	199	221	77682124	11	19	10	19	2	3	0	-110	-94	88	121	-111	-100
12	199	221	77684128	16	28	12	22	2	5	0	-108	-89	88	121	-111	-100
12	199	221	77686132	15	25	14	25	3	5	0	-105	-84	88	121	-111	-100
12	199	221	77688124	19	32	18	33	4	7	0	-101	-77	88	121	-111	-100
12	199	221	77690132	21	35	16	31	4	6	0	-97	-71	88	121	-111	-100
12	199	221	77692128	25	38	17	35	4	8	0	-93	-63	88	121	-111	-100
12	199	221	77694120	26	42	20	39	5	8	0	-88	-55	88	121	-111	-100
12	199	221	77696124	30	46	24	47	5	9	0	-83	-46	88	121	-111	-100
12	199	221	77698116	34	49	21	45	5	10	0	-78	-36	88	121	-111	-100
12	199	221	77700124	38	52	24	50	7	10	0	-71	-26	88	121	-111	-100
12	199	221	77702120	42	56	28	60	7	11	0	-64	-15	88	121	-111	-100
12	199	221	77704120	46	62	25	57	7	12	0	-57	-3	88	121	-111	-100
12	199	221	77706120	50	65	27	60	7	13	0	-50	10	88	121	-111	-100
12	199	221	77708120	55	68	28	65	9	13	0	-41	23	88	121	-111	-100
12	199	221	77710120	60	73	33	77	9	15	0	-32	38	88	121	-111	-100
12	199	221	77712120	64	76	30	71	9	15	0	-23	53	88	121	-111	-100
12	199	221	77714120	70	80	33	75	11	15	0	-12	68	88	121	-111	-100
12	199	221	77716116	73	84	32	78	10	16	0	-2	84	88	121	-111	-100
12	199	221	77718116	77	87	40	94	12	19	0	10	103	88	121	-111	-100
12	199	221	77720120	83	90	35	85	12	17	0	22	120	88	121	-111	-100
12	199	221	77722120	85	93	38	87	12	18	0	34	138	88	121	-111	-100
12	199	221	77724128	87	96	44	103	13	20	0	47	158	88	121	-111	-100
12	199	221	77726124	91	98	41	92	13	19	0	60	177	88	121	-111	-100
12	199	221	77728128	94	100	42	95	14	19	0	74	196	88	121	-111	-100
12	199	221	77730128	95	101	44	96	14	20	0	88	216	88	121	-111	-100
12	199	221	77732120	96	102	54	112	15	22	0	103	238	88	121	-111	-100
12	199	221	77734116	97	102	49	98	14	20	0	117	258	88	121	-111	-100
12	199	221	77736128	96	102	51	99	15	20	0	132	278	88	121	-111	-100
12	199	221	77738128	96	101	52	99	15	20	0	147	298	88	121	-111	-100
12	199	221	77740128	96	100	64	112	16	21	0	163	319	88	121	-111	-100
12	199	221	77742124	94	99	58	97	15	19	0	178	338	88	121	-111	-100
12	199	221	77744112	94	96	60	95	16	20	0	194	358	88	121	-111	-100
12	199	221	77746112	91	94	70	105	16	19	0	210	377	88	121	-111	-100
12	199	221	77748120	89	91	63	90	15	19	0	225	396	88	121	-111	-100
12	199	221	77750124	85	87	65	87	15	17	0	240	413	88	121	-111	-100
12	199	221	77752128	84	83	67	84	15	17	0	255	430	88	121	-111	-100
12	199	221	77754124	78	80	76	91	15	17	0	270	447	88	121	-111	-100
12	199	221	77756124	77	74	67	75	15	15	0	285	462	88	121	-111	-100
12	199	221	77758120	72	70	67	73	14	14	0	299	476	88	121	-111	-100
12	199	221	77760116	69	66	66	67	13	13	0	312	489	88	121	-111	-100
12	199	221	77762120	64	60	74	71	14	13	0	326	502	88	121	-111	-100
12	199	221	77764128	60	57	63	59	12	12	0	338	514	88	121	-111	-100
12	199	221	77766116	56	51	62	54	12	10	0	350	524	88	121	-111	-100
12	199	221	77768124	51	46	66	56	12	11	0	362	535	88	121	-111	-100
12	199	221	77770128	48	41	55	44	10	8	0	372	543	88	121	-111	-100
12	199	221	77772128	42	38	52	41	9	8	0	381	551	88	121	-111	-100
12	199	221	77774132	38	34	49	36	9	7	0	390	558	88	121	-111	-100
12	199	221	77776140	33	28	50	38	8	7	0	398	565	88	121	-111	-100
12	199	221	77778132	29	27	41	27	7	5	0	405	570	88	121	-111	-100
12	199	221	77780140	25	22	35	25	6	5	1	411	575	88	121	-111	-100
13	199	221	77782136	21	19	37	25	6	4	1	94	125	88	121	-111	-100
13	199	221	77784136	18	15	27	18	5	3	1	99	128	88	121	-111	-100
13	199	221	77786128	14	14	24	16	4	3	1	103	131	88	121	-111	-100
13	199	221	77788128	12	11	20	14	3	3	1	106	134	88	121	-111	-100
13	199	221	77790120	9	10	19	12	3	2	1	109	136	88	121	-111	-100
13	199	221	77792116	7	7	13	9	2	2	1	111	138	88	121	-111	-100
13	-149	-258	77794120	5	7	12	9	1	1	1	112	139	-61	-137	88	121
13	-149	-258	77796124	3	5	8	6	1	1	1	113	140	-61	-137	88	121
13	-149	-258	77798124	1	3	8	5	1	1	1	114	141	-61	-137	88	121
13	-149	-258	77800120	0	3	4	5	1	1	1	115	142	-61	-137	88	121
13	-149	-258	77802108	0	2	3	3	0	1	1	115	143	-61	-137	88	121
13	-149	-258	77804096	-3	2	2	2	0	0	1	115	143	-61	-137	88	121
13	-149	-258	77806100	-5	0	1	1	0	0	1	115	143	-61	-137	88	121
13	-149	-258	77808104	-5	0	0	2	0	0	1	115	143	-61	-137	88	121
13	-149	-258	77810084	-5	0	-1	0	-1	0	1	114	143	-61	-137	88	121
13	-149	-258	77812076	-6	0	-1	0	0	0	1	114	143	-61	-137	88	121
13	-149	-258	77814120	-8	-1	-2	-1	-1	0	1	113	143	-61	-137	88	121
13	-149	-258	77816116	-8	-1	-3	-2	-2	0	1	111	143	-61	-137	88	121
13	-149	-258	77818112	-9	-3	-2	-3	-1	0	1	110	143	-61	-137	88	121
13	-149	-258	77820120	-10	-5	-4	-4	-1	-1	1	109	142	-61	-137	88	121
13	-149	-258	77822128	-11	-5	-4	-5	-2	-1	1	107	141	-61	-137	88	121
13	-149	-258	77824124	-13	-6	-4	-6	-1	-1	1	106	140	-61	-137	88	121
13	-149	-258	77826132	-12	-9	-5	-9	-2	-2	1	104	138	-61	-137	88	121
13	-149	-258	77828128	-13	-10	-5	-8	-2	-2	1	102	136	-61	-137	88	121
13	-149	-258	77830124	-14	-11	-6	-10	-2	-2	1	100	134	-61	-137	88	121
13	-149	-258	77832120	-15	-14	-6	-13	-2	-2	1	98	132	-61	-137	88	121
13	-149	-258	77834120	-15	-15	-8	-16	-2	-4	1	96	128	-61	-137	88	121
13	-149	-258	77836124	-16	-18	-8	-16	-3	-3	1	93	125	-61	-137	88	121
13	-149	-258	77838128	-16	-20	-8	-19	-2	-4	1	91	121	-61	-137	88	121
13	-149	-258	77840120	-16	-23	-10	-21	-3	-4	1	88	117	-61	-137	88	121
13	-149	-258	77842116	-19	-25	-11	-27	-3	-5	0	85	112	-61	-137	88	121
13	-149	-258	77844120	-19	-27	-11	-25	-3	-6	0	82	106	-61	-137	88	121
13	-149	-258	77846120	-20	-30	-12	-28	-3	-5	0	79	101	-61	-137	88	121
13	-149	-258	77848120	-20	-33	-15	-34	-3	-7	0	76	94	-61	-137	88	121
13	-149	-258	77850120	-21	-35	-13	-34	-4	-7	0	72	87	-61	-137	88	121
13	-149	-258	77852120	-23	-37	-15	-34	-3	-7	0	69	80	-61	-137	88	121
13	-149	-258	77854120	-22	-39	-17	-37	-4	-8	0	65	72	-61	-137	88	121
13	-149	-258	77856132	-25	-41	-20	-45	-5	-8	0	60	64	-61	-137	88	121
13	-149	-258	77858132	-26	-44	-17	-41	-4	-9	0	56	55	-61	-137	88	121
13	-149	-258	77860132	-28	-46	-19	-44	-5	-9	0	51	46	-61	-137	88	121
13	-149	-258	77862132	-30	-49	-21	-45	-5	-9	0	46	37	-61	-137	88	121
13	-149	-258	77864136	-32	-50	-25	-56	-6	-11	0	40	26	-61	-137	88	121
13	-149	-258	77866132	-34	-54	-24	-50	-5	-10	0	35	16	-61	-137	88	121
13	-149	-258	77868120	-36	-56	-25	-54	-7	-11	0	28	5	-61	-137	88	121
13	-149	-258	77870120	-39	-58	-31	-63	-7	-12	0	21	-7	-61	-137	88	121
13	-149	-258	77872112	-41	-61	-29	-58	-7	-12	0	14	-19	-61	-137	88	121
13	-149	-258	77874116	-45	-65	-31	-62	-7	-13	0	7	-32	-61	-137	88	121
13	-149	-258	77876120	-48	-66	-33	-62	-8	-13	0	-1	-45	-61	-137	88	121
13	-149	-258	77878124	-51	-69	-40	-76	-9	-14	0	-10	-59	-61	-137	88	121
13	-149	-258	77880124	-54	-72	-38	-69	-10	-14	0	-20	-73	-61	-137	88	121
13	-149	-258	77882132	-57	-77	-40	-71	-9	-15	0	-29	-88	-61	-137	88	121
13	-149	-258	77884140	-62	-77	-48	-85	-11	-16	0	-40	-104	-61	-137	88	121
13	-149	-258	77886136	-66	-83	-45	-78	-11	-16	0	-51	-120	-61	-137	88	121
13	-149	-258	77888136	-69	-83	-47	-80	-12	-17	0	-63	-137	-61	-137	88	121
13	-149	-258	77890136	-73	-89	-49	-82	-12	-17	0	-75	-154	-61	-137	88	121
13	-149	-258	77892136	-78	-91	-59	-99	-14	-19	0	-89	-173	-61	-137	88	121
13	-149	-258	77894136	-81	-93	-54	-89	-13	-18	0	-102	-191	-61	-137	88	121
13	-149	-258	77896136	-85	-96	-55	-91	-14	-19	0	-116	-210	-61	-137	88	121
13	-149	-258	77898144	-90	-99	-57	-94	-15	-19	0	-131	-229	-61	-137	88	121
13	-149	-258	77900152	-91	-100	-66	-109	-16	-21	0	-147	-250	-61	-137	88	121
13	-149	-258	77902156	-95	-101	-60	-97	-15	-20	0	-162	-270	-61	-137	88	121
13	-149	-258	77904148	-98	-104	-60	-98	-16	-20	0	-178	-290	-61	-137	88	121
13	-149	-258	77906152	-100	-104	-70	-113	-17	-22	0	-195	-312	-61	-137	88	121
13	-149	-258	77908156	-101	-105	-62	-100	-16	-20	0	-211	-332	-61	-137	88	121
13	-149	-258	77910152	-103	-105	-60	-102	-17	-21	0	-228	-353	-61	-137	88	121
13	-149	-258	77912152	-103	-103	-61	-100	-16	-20	0	-244	-373	-61	-137	88	121
13	-149	-258	77914156	-104	-104	-67	-115	-17	-22	0	-261	-395	-61	-137	88	121
13	-149	-258	77916156	-104	-103	-59	-98	-16	-20	0	-277	-415	-61	-137	88	121
13	-149	-258	77918152	-104	-102	-56	-100	-16	-20	0	-293	-435	-61	-137	88	121
13	-149	-258	77920156	-101	-99	-64	-112	-17	-21	0	-310	-456	-61	-137	88	121
13	-149	-258	77922152	-100	-99	-53	-96	-15	-20	0	-325	-476	-61	-137	88	121
13	-149	-258	77924144	-97	-96	-51	-96	-15	-19	0	-340	-495	-61	-137	88	121
13	-149	-258	77926136	-95	-95	-50	-94	-15	-19	0	-355	-514	-61	-137	88	121
13	-149	-258	77928132	-94	-94	-55	-106	-14	-20	0	-369	-534	-61	-137	88	121
13	-149	-258	77930136	-90	-91	-45	-91	-14	-18	0	-383	-552	-61	-137	88	121
13	-149	-258	77932136	-86	-91	-42	-89	-13	-18	0	-396	-570	-61	-137	88	121
13	-149	-258	77934136	-85	-89	-42	-89	-12	-18	0	-408	-588	-61	-137	88	121
13	-149	-258	77936136	-80	-87	-43	-97	-13	-18	0	-421	-606	-61	-137	88	121
13	-149	-258	77938136	-78	-84	-37	-84	-11	-17	0	-432	-623	-61	-137	88	121
13	-149	-258	77940136	-74	-83	-32	-81	-11	-17	0	-443	-640	-61	-137	88	121
13	-149	-258	77942132	-70	-80	-31	-79	-10	-16	0	-453	-656	-61	-137	88	121
13	-149	-258	77944132	-65	-76	-32	-86	-10	-16	0	-463	-672	-61	-137	88	121
13	-149	-258	77946132	-61	-72	-25	-73	-8	-14	0	-471	-686	-61	-137	88	121
13	-149	-258	77948124	-56	-69	-22	-69	-8	-14	0	-479	-700	-61	-137	88	121
13	-149	-258	77950124	-51	-65	-24	-73	-8	-14	0	-487	-714	-61	-137	88	121
13	-149	-258	77952132	-47	-61	-17	-60	-6	-12	0	-493	-726	-61	-137	88	121
13	-149	-258	77954136	-41	-57	-17	-57	-6	-11	0	-499	-737	-61	-137	88	121
13	-149	-258	77956144	-37	-51	-13	-52	-5	-11	0	-504	-748	-61	-137	88	121
13	-149	-258	77958136	-33	-46	-14	-55	-4	-10	0	-508	-758	-61	-137	88	121
13	-149	-258	77960128	-27	-40	-10	-43	-4	-8	0	-512	-766	-61	-137	88	121
13	-149	-258	77962128	-24	-36	-9	-38	-3	-7	0	-515	-773	-61	-137	88	121
13	-149	-258	77964120	-20	-32	-6	-35	-3	-7	0	-518	-780	-61	-137	88	121
13	-149	-258	77966132	-15	-26	-6	-34	-2	-6	1	-520	-726	-61	-137	88	121
14	-149	-258	77968128	-13	-22	-4	-25	-2	-5	1	-63	-142	-61	-137	88	121
14	-149	-258	77970124	-8	-15	-3	-23	-1	-4	1	-64	-146	-61	-137	88	121
14	-149	-258	77972128	-7	-15	-2	-20	-1	-3	1	-65	-149	-61	-137	88	121
14	-149	-258	77974120	-5	-14	-1	-15	0	-3	1	-65	-152	-61	-137	88	121
14	-149	-258	77976124	-1	-8	0	-11	-1	-2	1	-66	-154	-61	-137	88	121
14	-149	-258	77978112	-1	-7	0	-9	0	-2	1	-66	-156	-61	-137	88	121
14	-149	-258	77980088	0	-5	0	-8	0	-1	1	-66	-157	-61	-137	88	121
14	92	284	77982092	0	-5	0	-5	0	-1	1	-66	-158	31	147	-61	-137
14	92	284	77984092	0	-3	0	-4	0	-1	1	-66	-159	31	147	-61	-137
14	92	284	77986080	0	-3	0	-4	0	0	1	-66	-159	31	147	-61	-137
14	92	284	77988124	2	-3	0	-2	0	-1	1	-66	-160	31	147	-61	-137
14	92	284	77990108	1	-1	0	-3	0	0	1	-66	-160	31	147	-61	-137
14	92	284	77992108	1	-1	1	-1	0	0	1	-66	-160	31	147	-61	-137
14	92	284	77994120	1	-2	0	-1	0	-1	1	-66	-161	31	147	-61	-137
14	92	284	77996104	2	-1	0	-2	0	0	1	-66	-161	31	147	-61	-137
14	92	284	77998116	1	-1	2	-1	1	0	1	-65	-161	31	147	-61	-137
14	92	284	78000072	1	0	0	0	0	0	1	-65	-161	31	147	-61	-137
14	92	284	78002100	3	0	1	-1	0	0	1	-65	-161	31	147	-61	-137
14	92	284	78004080	1	0	0	0	0	0	1	-65	-161	31	147	-61	-137
14	92	284	78006072	2	0	0	0	0	0	1	-65	-161	31	147	-61	-137
14	92	284	78008092	3	0	1	0	1	0	1	-64	-161	31	147	-61	-137
14	92	284	78010072	2	0	1	0	0	0	1	-64	-161	31	147	-61	-137
14	92	284	78012076	3	0	0	0	0	0	1	-64	-161	31	147	-61	-137
14	92	284	78014096	4	0	2	0	1	0	1	-63	-161	31	147	-61	-137
14	92	284	78016084	5	0	1	0	1	0	1	-62	-161	31	147	-61	-137
14	92	284	78018100	5	2	1	0	0	0	1	-62	-161	31	147	-61	-137
14	92	284	78020108	6	1	3	2	1	0	1	-61	-161	31	147	-61	-137
14	92	284	78022092	7	1	1	1	1	0	1	-60	-161	31	147	-61	-137
14	92	284	78024124	10	3	4	1	1	0	1	-59	-161	31	147	-61	-137
14	92	284	78026124	10	2	2	3	1	0	1	-58	-161	31	147	-61	-137
14	92	284	78028136	12	3	4	2	2	1	1	-56	-160	31	147	-61	-137
14	92	284	78030140	15	3	4	4	2	1	1	-54	-159	31	147	-61	-137
14	92	284	78032140	15	5	5	4	2	1	1	-52	-158	31	147	-61	-137
14	92	284	78034140	18	5	5	5	2	1	1	-50	-157	31	147	-61	-137
14	92	284	78036140	19	7	5	5	3	1	1	-47	-156	31	147	-61	-137
14	92	284	78038148	21	7	7	8	2	1	1	-45	-155	31	147	-61	-137
14	92	284	78040132	23	9	8	8	4	2	1	-41	-153	31	147	-61	-137
14	92	284	78042136	24	10	7	9	3	2	1	-38	-151	31	147	-61	-137
14	92	284	78044128	26	12	9	11	3	2	1	-35	-149	31	147	-61	-137
14	92	284	78046132	26	14	11	14	4	3	1	-31	-146	31	147	-61	-137
14	92	284	78048128	28	16	10	15	4	3	1	-27	-143	31	147	-61	-137
14	92	284	78050124	27	19	11	17	3	4	0	-24	-139	31	147	-61	-137
14	92	284	78052120	29	20	14	23	5	4	0	-19	-135	31	147	-61	-137
14	92	284	78054124	30	24	14	21	4	4	0	-15	-131	31	147	-61	-137
14	92	284	78056120	31	27	15	25	5	6	0	-10	-125	31	147	-61	-137
14	92	284	78058128	31	30	15	27	4	5	0	-6	-120	31	147	-61	-137
14	92	284	78060120	34	35	19	37	6	8	0	0	-112	31	147	-61	-137
14	92	284	78062124	34	38	17	35	5	7	0	5	-105	31	147	-61	-137
14	92	284	78064120	36	44	18	40	5	8	0	10	-97	31	147	-61	-137
14	92	284	78066128	38	47	20	42	6	9	0	16	-88	31	147	-61	-137
14	92	284	78068136	41	53	22	55	6	11	0	22	-77	31	147	-61	-137
14	92	284	78070132	42	57	21	54	7	11	0	29	-66	31	147	-61	-137
14	92	284	78072140	47	63	22	57	6	12	0	35	-54	31	147	-61	-137
14	92	284	78074136	48	68	23	73	8	14	0	43	-40	31	147	-61	-137
14	92	284	78076132	53	74	23	69	7	14	0	50	-26	31	147	-61	-137
14	92	284	78078136	55	80	22	72	8	16	0	58	-10	31	147	-61	-137
14	92	284	78080136	59	84	22	78	8	16	0	66	6	31	147	-61	-137
14	92	284	78082136	62	89	25	95	9	18	0	75	24	31	147	-61	-137
14	92	284	78084136	66	95	21	87	8	18	0	83	42	31	147	-61	-137
14	92	284	78086128	69	98	21	91	9	19	0	92	61	31	147	-61	-137
14	92	284	78088124	71	104	20	97	9	20	0	101	81	31	147	-61	-137
14	92	284	78090128	74	108	21	115	10	23	0	111	104	31	147	-61	-137
14	92	284	78092132	76	111	18	103	9	21	0	120	125	31	147	-61	-137
14	92	284	78094132	78	115	17	108	10	22	0	130	147	31	147	-61	-137
14	92	284	78096132	79	117	18	127	10	25	0	140	172	31	147	-61	-137
14	92	284	78098132	80	120	15	114	9	23	0	149	195	31	147	-61	-137
14	92	284	78100132	78	122	12	115	9	24	0	158	219	31	147	-61	-137
14	92	284	78102128	80	123	12	118	9	24	0	167	243	31	147	-61	-137
14	92	284	78104128	79	124	12	135	9	26	0	176	269	31	147	-61	-137
14	92	284	78106124	78	124	9	118	9	24	0	185	293	31	147	-61	-137
14	92	284	78108132	76	125	7	120	8	25	0	193	318	31	147	-61	-137
14	92	284	78110124	74	122	8	119	9	24	0	202	342	31	147	-61	-137
14	92	284	78112128	72	124	6	136	7	26	0	209	368	31	147	-61	-137
14	92	284	78114136	69	121	5	118	8	24	0	217	392	31	147	-61	-137
14	92	284	78116132	66	119	5	116	7	23	0	224	415	31	147	-61	-137
14	92	284	78118136	64	116	5	130	7	25	0	231	440	31	147	-61	-137
14	92	284	78120132	60	115	5	111	6	22	0	237	462	31	147	-61	-137
14	92	284	78122128	56	110	5	109	6	22	0	243	484	31	147	-61	-137
14	92	284	78124136	53	107	6	105	6	21	0	249	505	31	147	-61	-137
14	92	284	78126132	48	101	8	116	6	22	0	255	527	31	147	-61	-137
14	92	284	78128124	45	97	6	97	5	20	0	260	547	31	147	-61	-137
14	92	284	78130128	42	92	8	92	5	18	0	265	565	31	147	-61	-137
14	92	284	78132136	36	87	8	100	4	19	0	269	584	31	147	-61	-137
14	92	284	78134136	34	81	9	83	5	16	0	274	600	31	147	-61	-137
14	92	284	78136132	30	75	10	76	4	15	0	278	615	31	147	-61	-137
14	92	284	78138132	26	69	10	72	3	14	0	281	629	31	147	-61	-137
14	92	284	78140132	22	64	13	77	4	14	0	285	643	31	147	-61	-137
14	92	284	78142136	19	59	11	60	3	12	0	288	655	31	147	-61	-137
14	92	284	78144136	16	51	12	55	3	11	0	291	666	31	147	-61	-137
14	92	284	78146136	14	47	13	51	2	10	0	293	676	31	147	-61	-137
14	92	284	78148136	11	42	14	51	3	9	0	296	685	31	147	-61	-137
14	92	284	78150128	9	36	12	40	2	8	0	298	693	31	147	-61	-137
14	92	284	78152124	6	31	11	34	2	6	1	300	699	31	147	-61	-137
15	92	284	78154136	4	26	13	35	1	6	1	32	153	31	147	-61	-137
15	92	284	78156136	3	23	11	26	2	5	1	34	158	31	147	-61	-137
15	92	284	78158140	1	19	9	21	1	4	1	35	162	31	147	-61	-137
15	92	284	78160128	0	16	9	19	1	4	1	36	166	31	147	-61	-137
15	92	284	78162116	-1	12	8	18	0	3	1	36	169	31	147	-61	-137
15	92	284	78164132	-2	10	7	12	1	2	1	37	171	31	147	-61	-137
15	92	284	78166124	-5	8	6	11	0	2	1	37	173	31	147	-61	-137
15	92	284	78168120	-6	6	4	8	0	1	1	37	174	31	147	-61	-137
15	-31	-297	78170124	-8	4	5	6	0	1	1	37	175	0	-150	31	147
15	-31	-297	78172132	-10	2	2	4	-1	1	1	36	176	0	-150	31	147
15	-31	-297	78174100	-11	0	3	2	0	0	1	36	176	0	-150	31	147
15	-31	-297	78176080	-13	0	1	0	-2	0	1	34	176	0	-150	31	147
15	-31	-297	78178120	-13	-1	0	0	-1	0	1	33	176	0	-150	31	147
15	-31	-297	78180116	-17	-5	0	-3	-2	0	1	31	176	0	-150	31	147
15	-31	-297	78182136	-17	-8	0	-5	-1	-1	1	30	175	0	-150	31	147
15	-31	-297	78184140	-19	-7	-1	-8	-2	-2	1	28	173	0	-150	31	147
15	-31	-297	78186132	-21	-12	-1	-9	-2	-2	1	26	171	0	-150	31	147
15	-31	-297	78188136	-21	-11	-1	-11	-3	-2	1	23	169	0	-150	31	147
15	-31	-297	78190132	-23	-15	-3	-13	-2	-3	1	21	166	0	-150	31	147
15	-31	-297	78192132	-24	-16	-1	-16	-3	-3	1	18	163	0	-150	31	147
15	-31	-297	78194128	-25	-19	-2	-16	-2	-4	1	16	159	0	-150	31	147
15	-31	-297	78196136	-23	-21	-2	-19	-3	-4	1	13	155	0	-150	31	147
15	-31	-297	78198140	-25	-24	-2	-24	-3	-5	1	10	150	0	-150	31	147
15	-31	-297	78200144	-25	-25	-3	-22	-2	-4	1	8	146	0	-150	31	147
15	-31	-297	78202144	-25	-29	-2	-25	-3	-6	1	5	140	0	-150	31	147
15	-31	-297	78204144	-24	-30	-3	-28	-3	-5	1	2	135	0	-150	31	147
15	-31	-297	78206136	-24	-32	-2	-34	-2	-7	1	0	128	0	-150	31	147
15	-31	-297	78208136	-22	-35	-3	-32	-3	-7	1	-3	121	0	-150	31	147
15	-31	-297	78210128	-22	-36	-2	-34	-2	-7	1	-5	114	0	-150	31	147
15	-31	-297	78212140	-21	-40	-4	-36	-3	-7	1	-8	107	0	-150	31	147
15	-31	-297	78214128	-19	-40	-2	-44	-2	-9	1	-10	98	0	-150	31	147
15	-31	-297	78216124	-18	-44	-3	-40	-2	-8	1	-12	90	0	-150	31	147
15	-31	-297	78218128	-18	-44	-2	-42	-2	-9	1	-14	81	0	-150	31	147
15	-31	-297	78220124	-17	-47	-4	-50	-2	-9	0	-16	72	0	-150	31	147
15	-31	-297	78222128	-17	-49	-3	-47	-2	-10	0	-18	62	0	-150	31	147
15	-31	-297	78224128	-17	-50	-3	-47	-2	-10	0	-20	52	0	-150	31	147
15	-31	-297	78226128	-16	-54	-3	-50	-2	-10	0	-22	42	0	-150	31	147
15	-31	-297	78228132	-15	-55	-4	-60	-2	-12	0	-24	30	0	-150	31	147
15	-31	-297	78230136	-17	-57	-2	-55	-2	-11	0	-26	19	0	-150	31	147
15	-31	-297	78232136	-17	-60	-4	-56	-2	-11	0	-28	8	0	-150	31	147
15	-31	-297	78234132	-18	-63	-4	-68	-2	-14	0	-30	-6	0	-150	31	147
15	-31	-297	78236140	-17	-65	-2	-61	-2	-12	0	-32	-18	0	-150	31	147
15	-31	-297	78238136	-20	-69	-4	-65	-2	-14	0	-34	-32	0	-150	31	147
15	-31	-297	78240144	-20	-71	-2	-66	-3	-13	0	-37	-45	0	-150	31	147
15	-31	-297	78242140	-21	-74	-4	-79	-2	-16	0	-39	-61	0	-150	31	147
15	-31	-297	78244140	-24	-76	-3	-73	-3	-14	0	-42	-75	0	-150	31	147
15	-31	-297	78246140	-26	-79	-2	-73	-3	-16	0	-45	-91	0	-150	31	147
15	-31	-297	78248144	-27	-82	-3	-78	-3	-16	0	-48	-107	0	-150	31	147
15	-31	-297	78250148	-30	-86	-2	-91	-3	-17	0	-51	-124	0	-150	31	147
15	-31	-297	78252144	-31	-88	-3	-84	-3	-18	0	-54	-142	0	-150	31	147
15	-31	-297	78254140	-32	-91	-1	-85	-4	-17	0	-58	-159	0	-150	31	147
15	-31	-297	78256152	-37	-94	-1	-101	-3	-20	0	-61	-179	0	-150	31	147
15	-31	-297	78258140	-38	-97	-3	-93	-4	-19	0	-65	-198	0	-150	31	147
15	-31	-297	78260140	-40	-100	-1	-95	-5	-19	0	-70	-217	0	-150	31	147
15	-31	-297	78262144	-45	-104	-1	-97	-4	-20	0	-74	-237	0	-150	31	147
15	-31	-297	78264148	-47	-105	-1	-114	-5	-22	0	-79	-259	0	-150	31	147
15	-31	-297	78266148	-48	-109	-2	-104	-5	-21	0	-84	-280	0	-150	31	147
15	-31	-297	78268148	-53	-111	-1	-105	-5	-22	0	-89	-302	0	-150	31	147
15	-31	-297	78270148	-54	-113	0	-106	-6	-22	0	-95	-324	0	-150	31	147
15	-31	-297	78272144	-57	-115	0	-125	-5	-24	0	-100	-348	0	-150	31	147
15	-31	-297	78274148	-59	-117	0	-111	-6	-23	0	-106	-371	0	-150	31	147
15	-31	-297	78276144	-61	-119	0	-113	-6	-23	0	-112	-394	0	-150	31	147
15	-31	-297	78278136	-64	-120	0	-131	-7	-25	0	-119	-419	0	-150	31	147
15	-31	-297	78280144	-65	-121	1	-116	-6	-24	0	-125	-443	0	-150	31	147
15	-31	-297	78282148	-67	-124	1	-119	-7	-24	0	-132	-467	0	-150	31	147
15	-31	-297	78284156	-69	-124	1	-117	-7	-24	0	-139	-491	0	-150	31	147
15	-31	-297	78286148	-70	-126	3	-138	-6	-27	0	-145	-518	0	-150	31	147
15	-31	-297	78288148	-73	-125	3	-120	-7	-24	0	-152	-542	0	-150	31	147
15	-31	-297	78290152	-71	-126	3	-121	-7	-25	0	-159	-567	0	-150	31	147
15	-31	-297	78292152	-65	-110	5	-121	-6	-23	0	-165	-590	0	-150	31	147
15	-31	-297	78294148	-72	-125	5	-138	-7	-26	0	-172	-616	0	-150	31	147
15	-31	-297	78296148	-74	-125	5	-120	-7	-25	0	-179	-641	0	-150	31	147
15	-31	-297	78298144	-73	-125	6	-120	-6	-24	0	-185	-665	0	-150	31	147
15	-31	-297	78300132	-73	-123	8	-136	-7	-26	0	-192	-691	0	-150	31	147
15	-31	-297	78302120	-73	-122	7	-118	-7	-24	0	-199	-715	0	-150	31	147
15	-31	-297	78304124	-71	-121	8	-117	-6	-24	0	-205	-739	0	-150	31	147
15	-31	-297	78306132	-71	-120	8	-115	-6	-23	0	-211	-762	0	-150	31	147
15	-31	-297	78308132	-70	-118	9	-130	-6	-25	0	-217	-787	0	-150	31	147
15	-31	-297	78310128	-69	-115	9	-111	-6	-23	0	-223	-743	0	-150	31	147
15	-31	-297	78312140	-66	-112	7	-110	-6	-22	0	-229	-765	0	-150	31	147
15	-31	-297	78314136	-64	-110	9	-107	-6	-22	0	-235	-787	0	-150	31	147
15	-31	-297	78316136	-61	-105	9	-117	-5	-22	0	-240	-809	0	-150	31	147
15	-31	-297	78318132	-58	-102	7	-99	-5	-20	0	-245	-829	0	-150	31	147
15	-31	-297	78320128	-55	-96	7	-95	-5	-19	0	-250	-848	0	-150	31	147
15	-31	-297	78322136	-51	-92	7	-102	-4	-19	0	-254	-739	0	-150	31	147
15	-31	-297	78324136	-48	-85	6	-85	-4	-17	0	-258	-756	0	-150	31	147
15	-31	-297	78326140	-43	-82	5	-80	-4	-17	0	-262	-773	0	-150	31	147
15	-31	-297	78328136	-40	-73	7	-75	-3	-14	0	-265	-787	0	-150	31	147
15	-31	-297	78330140	-35	-69	5	-79	-3	-15	0	-268	-802	0	-150	31	147
15	-31	-297	78332140	-32	-61	3	-64	-3	-13	0	-271	-815	0	-150	31	147
15	-31	-297	78334136	-27	-57	4	-57	-3	-11	0	-274	-826	0	-150	31	147
15	-31	-297	78336124	-23	-50	4	-54	-2	-11	0	-276	-837	0	-150	31	147
15	-31	-297	78338136	-20	-43	2	-54	-1	-9	0	-277	-729	0	-150	31	147
15	-31	-297	78340132	-15	-39	3	-41	-2	-8	0	-279	-737	0	-150	31	147
15	-31	-297	78342128	-12	-34	1	-38	-1	-7	0	-280	-744	0	-150	31	147
15	-31	-297	78344116	-10	-29	3	-36	0	-7	0	-280	-751	0	-150	31	147
15	-31	-297	78346132	-8	-25	1	-29	-1	-5	1	-281	-756	0	-150	31	147
