1	0	-200	920229436	0	-2	0	-2	0	-1	1	0	-201	0	-200	0	0
1	0	-200	920231432	0	-1	0	-1	0	-1	1	0	-202	0	-200	0	0
1	-56	392	920233464	-2	0	0	-1	-1	0	1	-1	-202	-56	192	0	-200
1	-56	392	920235428	0	0	1	0	0	0	1	-1	-202	-56	192	0	-200
1	-56	392	920237436	0	0	0	-1	0	0	1	-1	-202	-56	192	0	-200
1	-56	392	920313372	0	0	0	0	0	0	0	-1	-202	-56	192	0	-200
1	-56	392	920323416	0	2	0	3	0	0	0	-1	-202	-56	192	0	-200
1	-56	392	920325448	1	3	0	2	0	2	0	-1	-200	-56	192	0	-200
1	-56	392	920327452	1	4	0	4	0	3	0	-1	-197	-56	192	0	-200
1	-56	392	920329456	1	5	0	5	0	3	0	-1	-194	-56	192	0	-200
1	-56	392	920331472	3	8	0	6	1	5	0	0	-189	-56	192	0	-200
1	-56	392	920333472	1	7	0	8	1	5	0	1	-184	-56	192	0	-200
1	-56	392	920335468	4	10	0	11	1	7	0	2	-177	-56	192	0	-200
1	-56	392	920337460	4	14	0	10	1	8	0	3	-169	-56	192	0	-200
1	-56	392	920339464	3	14	-1	15	1	9	0	4	-160	-56	192	0	-200
1	-56	392	920341452	5	16	-1	14	1	10	0	5	-150	-56	192	0	-200
1	-56	392	920343456	8	21	-3	18	2	13	0	7	-137	-56	192	0	-200
1	-56	392	920345456	6	21	-2	19	1	14	0	8	-123	-56	192	0	-200
1	-56	392	920347464	9	24	-4	24	2	16	0	10	-107	-56	192	0	-200
1	-56	392	920349456	10	30	-4	25	2	18	0	12	-89	-56	192	0	-200
1	-56	392	920351452	11	30	-5	30	2	20	0	14	-69	-56	192	0	-200
1	-56	392	920353452	13	33	-5	30	3	21	0	17	-48	-56	192	0	-200
1	-56	392	920355460	15	36	-6	37	3	24	0	20	-24	-56	192	0	-200
1	-56	392	920357460	18	45	-8	42	3	29	0	23	5	-56	192	0	-200
1	-56	392	920359452	20	44	-7	40	4	28	0	27	33	-56	192	0	-200
1	-56	392	920361456	22	47	-10	48	4	32	0	31	65	-56	192	0	-200
1	-56	392	920363460	27	56	-9	47	6	34	0	37	99	-56	192	0	-200
1	-56	392	920365468	26	55	-11	57	5	38	0	42	137	-56	192	0	-200
1	-56	392	920367468	29	58	-11	54	6	37	0	48	174	-56	192	0	-200
1	-56	392	920369472	34	70	-14	65	7	45	0	55	219	-56	192	0	-200
1	-56	392	920371476	32	65	-14	60	6	42	0	61	261	-56	192	0	-200
1	-56	392	920373480	35	70	-15	74	7	48	0	68	309	-56	192	0	-200
1	-56	392	920375484	42	82	-15	67	9	49	0	77	358	-56	192	0	-200
1	-56	392	920377484	38	78	-17	83	7	54	0	84	412	-56	192	0	-200
1	-56	392	920379488	40	80	-19	87	7	56	0	91	468	-56	192	0	-200
1	-56	392	920381484	47	96	-18	80	9	58	0	100	526	-56	192	0	-200
1	-56	392	920383480	42	89	-21	95	7	62	0	107	588	-56	192	0	-200
1	-56	392	920385480	43	91	-19	88	8	59	0	115	647	-56	192	0	-200
1	-56	392	920387480	48	108	-23	102	9	70	0	124	717	-56	192	0	-200
1	-56	392	920389480	44	98	-22	95	7	65	0	131	782	-56	192	0	-200
1	-56	392	920391484	44	103	-26	111	6	71	0	137	853	-56	192	0	-200
1	-56	392	920393484	49	117	-22	100	9	72	0	146	925	-56	192	0	-200
1	-56	392	920395480	42	109	-29	118	4	76	0	150	1001	-56	192	0	-200
1	-56	392	920397480	44	110	-25	105	7	72	0	157	1073	-56	192	0	-200
1	-56	392	920399480	46	126	-31	124	5	83	0	162	803	-56	192	0	-200
1	-56	392	920401480	41	115	-28	110	4	75	0	166	878	-56	192	0	-200
1	-56	392	920403476	42	118	-32	126	3	81	0	169	959	-56	192	0	-200
1	-56	392	920405480	43	132	-34	129	3	87	0	172	1046	-56	192	0	-200
1	-56	392	920407476	38	118	-30	112	3	77	0	175	1123	-56	192	0	-200
1	-56	392	920409488	37	119	-34	130	1	83	0	176	1206	-56	192	0	-200
1	-56	392	920411488	39	131	-31	113	3	81	0	179	1287	-56	192	0	-200
1	-56	392	920413476	34	116	-36	127	0	81	0	179	1368	-56	192	0	-200
1	-56	392	920415480	31	115	-32	111	0	76	0	179	796	-56	192	0	-200
1	-56	392	920417480	30	113	-36	125	-2	79	0	177	875	-56	192	0	-200
1	-56	392	920419432	31	122	-31	107	0	76	0	177	951	-56	192	0	-200
1	-56	392	920421480	25	108	-35	118	-4	76	0	173	1027	-56	192	0	-200
1	-56	392	920423484	24	102	-30	102	-2	68	0	171	1095	-56	192	0	-200
1	-56	392	920425488	24	111	-35	111	-3	74	0	168	1169	-56	192	0	-200
1	-56	392	920427476	19	94	-29	94	-4	62	0	164	1231	-56	192	0	-200
1	-56	392	920429476	18	90	-34	103	-5	65	0	159	1296	-56	192	0	-200
1	-56	392	920431480	19	98	-31	98	-4	65	0	155	785	-56	192	0	-200
1	-56	392	920433476	14	80	-26	82	-4	54	0	151	839	-56	192	0	-200
1	-56	392	920435468	14	77	-30	89	-5	55	0	146	894	-56	192	0	-200
1	-56	392	920437476	13	81	-24	73	-4	52	0	142	946	-56	192	0	-200
1	-56	392	920439472	10	69	-27	80	-6	49	0	136	995	-56	192	0	-200
1	-56	392	920441472	10	64	-23	65	-4	43	0	132	1038	-56	192	0	-200
1	-56	392	920443468	10	69	-26	71	-5	47	0	127	1085	-56	192	0	-200
1	-56	392	920445468	9	57	-21	57	-4	38	0	123	1123	-56	192	0	-200
1	-56	392	920447464	8	54	-23	63	-5	39	0	118	1162	-56	192	0	-200
1	-56	392	920449460	8	50	-20	51	-4	34	0	114	1196	-56	192	0	-200
1	-56	392	920451460	8	54	-22	56	-5	36	0	109	1232	-56	192	0	-200
1	-56	392	920453468	7	45	-19	45	-4	30	0	105	750	-56	192	0	-200
1	-56	392	920455468	7	42	-20	50	-4	31	0	101	781	-56	192	0	-200
1	-56	392	920457468	7	45	-18	40	-4	28	0	97	809	-56	192	0	-200
1	-56	392	920459472	6	38	-18	44	-4	28	0	93	837	-56	192	0	-200
1	-56	392	920461464	7	35	-18	41	-4	25	0	89	862	-56	192	0	-200
1	-56	392	920463472	7	37	-16	34	-3	24	0	86	886	-56	192	0	-200
1	-56	392	920465468	6	31	-16	38	-3	23	0	83	743	-56	192	0	-200
1	-56	392	920467468	5	30	-14	30	-3	20	0	80	763	-56	192	0	-200
1	-56	392	920469456	8	32	-16	32	-3	21	0	77	784	-56	192	0	-200
1	-56	392	920471460	5	26	-13	28	-2	18	0	75	802	-56	192	0	-200
1	-56	392	920473464	6	25	-14	28	-3	18	0	72	820	-56	192	0	-200
1	-56	392	920475456	5	26	-12	24	-2	16	0	70	836	-56	192	0	-200
1	-56	392	920477456	5	21	-13	26	-3	16	0	67	852	-56	192	0	-200
1	-56	392	920479464	5	22	-10	22	-2	15	0	65	867	-56	192	0	-200
1	-56	392	920481460	5	21	-11	23	-2	14	0	63	881	-56	192	0	-200
1	-56	392	920483464	4	19	-10	19	-2	13	0	61	733	-56	192	0	-200
1	-56	392	920485460	4	16	-10	20	-2	12	0	59	745	-56	192	0	-200
1	-56	392	920487468	3	17	-9	19	-2	12	0	57	757	-56	192	0	-200
1	-56	392	920489472	4	14	-7	15	-1	10	0	56	767	-56	192	0	-200
1	-56	392	920491464	4	14	-9	16	-1	10	0	55	777	-56	192	0	-200
1	-56	392	920493464	2	12	-6	13	-2	8	0	53	785	-56	192	0	-200
1	-56	392	920495472	3	14	-8	13	-1	9	0	52	794	-56	192	0	-200
1	-56	392	920497464	2	10	-5	12	-1	7	0	51	727	-56	192	0	-200
1	-56	392	920499472	3	10	-6	12	-1	8	0	50	735	-56	192	0	-200
1	-56	392	920501468	1	10	-5	10	-2	6	0	48	741	-56	192	0	-200
1	-56	392	920503460	3	9	-5	10	0	7	0	48	748	-56	192	0	-200
1	-56	392	920505472	1	7	-4	8	-1	5	0	47	753	-56	192	0	-200
1	-56	392	920507468	1	8	-5	8	-2	5	0	45	758	-56	192	0	-200
1	-56	392	920509452	1	6	-3	8	0	5	0	45	763	-56	192	0	-200
1	-56	392	920511464	2	6	-3	6	-1	4	0	44	767	-56	192	0	-200
1	-56	392	920513468	1	7	-4	8	-1	5	0	43	772	-56	192	0	-200
1	-56	392	920515452	1	5	-2	5	0	3	0	43	723	-56	192	0	-200
1	-56	392	920517464	1	5	-3	5	-1	3	0	42	726	-56	192	0	-200
1	-56	392	920519420	2	5	-2	5	0	4	0	42	730	-56	192	0	-200
1	-56	392	920521452	1	5	-3	6	0	3	0	42	733	-56	192	0	-200
1	-56	392	920523468	1	5	-2	5	-1	4	0	41	737	-56	192	0	-200
1	-56	392	920525424	1	5	-1	5	0	3	0	41	740	-56	192	0	-200
1	-56	392	920527460	2	5	-3	4	0	3	0	41	743	-56	192	0	-200
1	-56	392	920529460	1	5	-2	6	0	4	0	41	747	-56	192	0	-200
1	-56	392	920531472	1	5	-2	5	-1	3	0	40	723	-56	192	0	-200
1	-56	392	920533456	3	5	-2	6	0	4	0	40	727	-56	192	0	-200
1	-56	392	920535456	1	6	-3	5	0	3	0	40	730	-56	192	0	-200
1	-56	392	920537436	2	6	-2	6	0	4	0	40	734	-56	192	0	-200
1	-56	392	920539476	2	6	-1	7	0	5	0	40	739	-56	192	0	-200
1	-56	392	920541476	2	7	-3	5	0	4	0	40	743	-56	192	0	-200
1	-56	392	920543480	3	7	-2	7	0	4	0	40	747	-56	192	0	-200
1	-56	392	920545480	2	6	-3	6	0	4	0	40	751	-56	192	0	-200
1	-56	392	920547480	3	7	-2	8	0	5	0	40	725	-56	192	0	-200
1	-56	392	920549480	2	7	-3	6	0	5	0	40	730	-56	192	0	-200
1	-56	392	920551480	3	8	-4	8	0	5	0	40	735	-56	192	0	-200
1	-56	392	920553444	2	7	-2	6	0	4	0	40	739	-56	192	0	-200
1	-56	392	920555448	3	6	-3	7	0	5	0	40	744	-56	192	0	-200
1	-56	392	920557456	2	8	-2	7	0	5	0	40	749	-56	192	0	-200
1	-56	392	920559496	3	7	-4	8	-1	5	0	39	754	-56	192	0	-200
1	-56	392	920561452	2	7	-2	8	0	5	0	39	759	-56	192	0	-200
1	-56	392	920563448	3	7	-3	6	0	4	0	39	763	-56	192	0	-200
1	-56	392	920565448	2	8	-2	8	0	5	0	39	725	-56	192	0	-200
1	-56	392	920567452	3	6	-3	6	0	4	0	39	729	-56	192	0	-200
1	-56	392	920569476	2	6	-4	6	0	4	0	39	733	-56	192	0	-200
1	-56	392	920571476	3	6	-1	6	0	4	0	39	737	-56	192	0	-200
1	-56	392	920573448	2	5	-2	7	0	4	0	39	741	-56	192	0	-200
1	-56	392	920575444	3	7	-3	5	0	4	0	39	745	-56	192	0	-200
1	-56	392	920577480	1	5	-2	5	0	4	0	39	749	-56	192	0	-200
1	-56	392	920579456	2	3	-2	5	0	2	0	39	751	-56	192	0	-200
1	-56	392	920581500	2	5	-1	5	0	4	0	39	755	-56	192	0	-200
1	-56	392	920583468	1	4	-1	3	0	2	0	39	722	-56	192	0	-200
1	-56	392	920585476	1	4	-1	4	0	3	0	39	725	-56	192	0	-200
1	-56	392	920587512	1	2	-2	4	0	2	0	39	727	-56	192	0	-200
1	-56	392	920589512	2	3	-1	2	0	1	0	39	728	-56	192	0	-200
1	-56	392	920591480	1	2	-1	3	0	2	0	39	730	-56	192	0	-200
1	-56	392	920593484	0	2	0	2	0	1	0	39	731	-56	192	0	-200
1	-56	392	920595512	1	1	0	3	0	2	0	39	733	-56	192	0	-200
1	-56	392	920597488	0	1	-1	1	0	0	0	39	733	-56	192	0	-200
1	-56	392	920599472	0	1	0	1	0	1	0	39	721	-56	192	0	-200
1	-56	392	920603464	0	2	0	2	0	1	0	39	722	-56	192	0	-200
1	-56	392	920607460	0	0	0	1	0	1	0	39	723	-56	192	0	-200
1	-56	392	920615424	0	0	0	0	0	0	1	39	720	-56	192	0	-200
2	164	-360	920663500	0	-1	0	0	0	0	1	-56	192	108	-168	-56	192
2	164	-360	920665500	0	0	0	-1	0	0	1	-56	192	108	-168	-56	192
2	164	-360	920667508	0	-1	0	0	0	0	1	-56	192	108	-168	-56	192
2	164	-360	920669524	0	0	0	-1	0	-1	1	-56	191	108	-168	-56	192
2	164	-360	920671512	0	-1	0	-1	0	0	1	-56	191	108	-168	-56	192
2	164	-360	920673524	0	-3	0	-3	0	-2	1	-56	189	108	-168	-56	192
2	164	-360	920675516	0	-3	0	-2	0	-2	1	-56	187	108	-168	-56	192
2	164	-360	920677552	-2	-4	0	-5	0	-3	1	-56	184	108	-168	-56	192
2	164	-360	920679520	-1	-4	1	-5	0	-3	1	-56	181	108	-168	-56	192
2	164	-360	920681552	-1	-7	3	-5	0	-4	1	-56	177	108	-168	-56	192
2	164	-360	920683512	-1	-7	1	-6	0	-4	1	-56	173	108	-168	-56	192
2	164	-360	920685544	-3	-7	2	-8	0	-5	1	-56	168	108	-168	-56	192
2	164	-360	920687540	-1	-10	4	-9	0	-7	0	-56	161	108	-168	-56	192
2	164	-360	920689556	-1	-10	4	-7	1	-5	0	-55	156	108	-168	-56	192
2	164	-360	920691544	-3	-10	4	-11	0	-7	0	-55	149	108	-168	-56	192
2	164	-360	920693560	-1	-15	5	-12	2	-9	0	-53	140	108	-168	-56	192
2	164	-360	920695556	-3	-13	6	-13	1	-9	0	-52	131	108	-168	-56	192
2	164	-360	920697552	-1	-15	6	-14	1	-10	0	-51	121	108	-168	-56	192
2	164	-360	920699552	-1	-18	9	-16	3	-11	0	-48	110	108	-168	-56	192
2	164	-360	920701548	-3	-18	7	-17	1	-12	0	-47	98	108	-168	-56	192
2	164	-360	920703548	-1	-19	12	-20	4	-13	0	-43	85	108	-168	-56	192
2	164	-360	920705552	-1	-22	12	-21	4	-14	0	-39	71	108	-168	-56	192
2	164	-360	920707556	-1	-21	11	-20	3	-14	0	-36	57	108	-168	-56	192
2	164	-360	920709560	-2	-23	15	-25	4	-16	0	-32	41	108	-168	-56	192
2	164	-360	920711560	-1	-27	15	-22	5	-16	0	-27	25	108	-168	-56	192
2	164	-360	920713564	-2	-27	19	-28	6	-18	0	-21	7	108	-168	-56	192
2	164	-360	920715568	-2	-27	18	-26	5	-18	0	-16	-11	108	-168	-56	192
2	164	-360	920717572	-1	-35	22	-33	7	-23	0	-9	-34	108	-168	-56	192
2	164	-360	920719564	-2	-33	21	-31	6	-21	0	-3	-55	108	-168	-56	192
2	164	-360	920721564	-3	-36	27	-37	8	-24	0	5	-79	108	-168	-56	192
2	164	-360	920723568	-2	-39	25	-37	8	-26	0	13	-105	108	-168	-56	192
2	164	-360	920725572	-4	-47	31	-45	9	-30	0	22	-135	108	-168	-56	192
2	164	-360	920727564	-4	-46	29	-41	8	-29	0	30	-164	108	-168	-56	192
2	164	-360	920729560	-5	-49	35	-52	10	-34	0	40	-198	108	-168	-56	192
2	164	-360	920731560	-7	-60	37	-57	10	-39	0	50	-237	108	-168	-56	192
2	164	-360	920733560	-7	-56	35	-52	10	-36	0	60	-273	108	-168	-56	192
2	164	-360	920735560	-6	-60	43	-63	12	-41	0	72	-314	108	-168	-56	192
2	164	-360	920737556	-9	-72	38	-58	10	-43	0	82	-357	108	-168	-56	192
2	164	-360	920739552	-8	-66	49	-70	13	-46	0	95	-403	108	-168	-56	192
2	164	-360	920741548	-8	-70	45	-64	13	-44	0	108	-447	108	-168	-56	192
2	164	-360	920743548	-10	-81	54	-75	14	-52	0	122	-499	108	-168	-56	192
2	164	-360	920745548	-9	-74	50	-69	14	-48	0	136	-547	108	-168	-56	192
2	164	-360	920747548	-8	-76	59	-81	17	-52	0	153	-599	108	-168	-56	192
2	164	-360	920749544	-10	-88	55	-73	15	-54	0	168	-653	108	-168	-56	192
2	164	-360	920751548	-9	-78	65	-85	19	-54	0	187	-707	108	-168	-56	192
2	164	-360	920753548	-8	-80	60	-75	17	-52	0	204	-759	108	-168	-56	192
2	164	-360	920755544	-7	-82	70	-87	21	-56	0	225	-815	108	-168	-56	192
2	164	-360	920757544	-9	-91	65	-78	19	-57	0	244	-872	108	-168	-56	192
2	164	-360	920759540	-6	-81	75	-88	23	-56	0	267	-928	108	-168	-56	192
2	164	-360	920761540	-6	-83	78	-90	24	-58	0	291	-986	108	-168	-56	192
2	164	-360	920763536	-5	-92	72	-79	22	-57	0	313	-1043	108	-168	-56	192
2	164	-360	920765532	-5	-83	82	-90	26	-57	0	339	-1100	108	-168	-56	192
2	164	-360	920767540	-4	-82	74	-79	23	-54	0	362	-774	108	-168	-56	192
2	164	-360	920769532	-5	-93	85	-91	27	-61	0	389	-835	108	-168	-56	192
2	164	-360	920771532	-4	-82	76	-80	24	-54	0	413	-889	108	-168	-56	192
2	164	-360	920773536	-2	-83	86	-91	28	-58	0	441	-947	108	-168	-56	192
2	164	-360	920775532	-4	-93	78	-79	24	-58	0	465	-1005	108	-168	-56	192
2	164	-360	920777524	-4	-83	87	-93	28	-58	0	493	-1063	108	-168	-56	192
2	164	-360	920779532	-4	-84	75	-80	24	-55	0	517	-1118	108	-168	-56	192
2	164	-360	920781536	-3	-93	87	-91	28	-61	0	545	-781	108	-168	-56	192
2	164	-360	920783532	-5	-83	75	-79	23	-54	0	568	-835	108	-168	-56	192
2	164	-360	920785528	-4	-82	85	-91	27	-58	0	595	-893	108	-168	-56	192
2	164	-360	920787524	-5	-92	72	-79	22	-57	0	617	-950	108	-168	-56	192
2	164	-360	920789520	-5	-80	81	-88	26	-56	0	643	-1006	108	-168	-56	192
2	164	-360	920791520	-5	-80	80	-89	25	-56	0	668	-1062	108	-168	-56	192
2	164	-360	920793516	-6	-77	68	-76	20	-51	0	688	-1113	108	-168	-56	192
2	164	-360	920795516	-7	-86	75	-85	23	-57	0	711	-1170	108	-168	-56	192
2	164	-360	920797512	-5	-74	64	-73	20	-49	0	731	-769	108	-168	-56	192
2	164	-360	920799508	-6	-73	70	-82	21	-52	0	752	-821	108	-168	-56	192
2	164	-360	920801508	-7	-78	58	-69	17	-49	0	769	-870	108	-168	-56	192
2	164	-360	920803504	-7	-68	65	-76	19	-48	0	788	-918	108	-168	-56	192
2	164	-360	920805500	-6	-65	53	-65	16	-43	0	804	-961	108	-168	-56	192
2	164	-360	920807496	-7	-71	57	-72	17	-48	0	821	-1009	108	-168	-56	192
2	164	-360	920809492	-8	-59	48	-60	13	-40	0	834	-1049	108	-168	-56	192
2	164	-360	920811480	-7	-57	51	-65	15	-40	0	849	-1089	108	-168	-56	192
2	164	-360	920813476	-7	-55	41	-53	11	-36	0	860	-1125	108	-168	-56	192
2	164	-360	920815476	-8	-58	44	-59	12	-39	0	872	-759	108	-168	-56	192
2	164	-360	920817472	-7	-49	35	-49	9	-33	0	881	-792	108	-168	-56	192
2	164	-360	920819472	-7	-45	36	-52	10	-32	0	891	-824	108	-168	-56	192
2	164	-360	920821480	-9	-47	29	-43	7	-30	0	898	-854	108	-168	-56	192
2	164	-360	920823484	-6	-40	30	-46	8	-29	0	906	-883	108	-168	-56	192
2	164	-360	920825484	-8	-36	25	-43	5	-26	0	911	-909	108	-168	-56	192
2	164	-360	920827484	-7	-38	20	-33	5	-24	0	916	-933	108	-168	-56	192
2	164	-360	920829488	-6	-31	20	-37	4	-23	0	920	-956	108	-168	-56	192
2	164	-360	920831492	-7	-28	15	-28	3	-18	0	923	-738	108	-168	-56	192
2	164	-360	920833500	-7	-28	15	-32	3	-20	0	926	-758	108	-168	-56	192
2	164	-360	920835500	-6	-24	10	-23	1	-16	0	927	-774	108	-168	-56	192
2	164	-360	920837504	-5	-21	11	-25	2	-15	0	929	-789	108	-168	-56	192
2	164	-360	920839496	-7	-22	8	-20	0	-14	0	929	-803	108	-168	-56	192
2	164	-360	920841504	-5	-17	7	-22	1	-13	0	930	-816	108	-168	-56	192
2	164	-360	920843464	-5	-15	5	-16	0	-11	0	930	-827	108	-168	-56	192
2	164	-360	920845504	-3	-15	5	-17	1	-10	0	931	-837	108	-168	-56	192
2	164	-360	920847492	-5	-13	4	-15	0	-10	0	931	-847	108	-168	-56	192
2	164	-360	920849488	-4	-11	3	-12	0	-7	0	931	-727	108	-168	-56	192
2	164	-360	920851492	-3	-10	2	-11	0	-7	0	931	-734	108	-168	-56	192
2	164	-360	920853452	-3	-9	3	-10	0	-7	0	931	-741	108	-168	-56	192
2	164	-360	920855496	-3	-7	1	-9	-1	-5	0	930	-746	108	-168	-56	192
2	164	-360	920857488	-2	-8	1	-7	0	-5	0	930	-751	108	-168	-56	192
2	164	-360	920859496	-3	-5	1	-6	-1	-4	0	929	-755	108	-168	-56	192
2	164	-360	920861456	-2	-5	2	-7	0	-4	0	929	-759	108	-168	-56	192
2	164	-360	920863488	-2	-5	1	-5	0	-3	0	929	-762	108	-168	-56	192
2	164	-360	920865452	-1	-3	1	-3	0	-2	0	929	-722	108	-168	-56	192
2	164	-360	920867492	-2	-3	0	-4	-1	-2	0	928	-724	108	-168	-56	192
2	164	-360	920869452	0	-2	0	-3	0	-2	0	928	-726	108	-168	-56	192
2	164	-360	920871484	-2	-2	1	-2	0	-1	0	928	-727	108	-168	-56	192
2	164	-360	920873496	-1	-1	0	-1	-1	-1	0	927	-728	108	-168	-56	192
2	164	-360	920875448	0	-1	0	-3	0	-1	0	927	-729	108	-168	-56	192
2	164	-360	920877484	-1	-1	0	-1	0	-1	0	927	-730	108	-168	-56	192
2	164	-360	920879488	0	-2	2	0	0	-1	0	927	-731	108	-168	-56	192
2	164	-360	920883448	0	0	0	-1	0	0	0	927	-720	108	-168	-56	192
2	164	-360	920885448	-1	0	0	0	0	0	0	927	-720	108	-168	-56	192
2	164	-360	920911452	0	-1	0	0	0	0	0	927	-720	108	-168	-56	192
2	164	-360	920913456	0	0	1	0	0	0	0	927	-720	108	-168	-56	192
2	164	-360	920923464	0	0	0	-2	0	-1	0	927	-721	108	-168	-56	192
2	164	-360	920925452	0	-1	0	0	0	0	0	927	-721	108	-168	-56	192
2	164	-360	920931468	0	0	0	-1	0	-1	0	927	-721	108	-168	-56	192
2	164	-360	920933484	0	-1	1	0	0	0	0	927	-721	108	-168	-56	192
2	164	-360	920935452	0	0	0	-1	0	0	0	927	-721	108	-168	-56	192
2	164	-360	920939488	0	-2	1	-1	0	-1	0	927	-722	108	-168	-56	192
2	164	-360	920941460	0	-1	0	0	0	-1	0	927	-723	108	-168	-56	192
2	164	-360	920943464	0	-1	0	-2	0	-1	0	927	-724	108	-168	-56	192
2	164	-360	920945484	0	0	2	-1	1	0	0	928	-724	108	-168	-56	192
2	164	-360	920947444	0	-1	0	0	0	0	0	928	-724	108	-168	-56	192
2	164	-360	920949492	0	-2	1	-1	0	-1	0	928	-721	108	-168	-56	192
2	164	-360	920951464	0	-1	0	-1	0	-1	0	928	-722	108	-168	-56	192
2	164	-360	920953512	0	-1	1	-2	1	-1	0	929	-723	108	-168	-56	192
2	164	-360	920957460	0	-1	0	-1	0	-1	0	929	-724	108	-168	-56	192
2	164	-360	920959480	0	-2	1	0	0	0	0	929	-724	108	-168	-56	192
2	164	-360	920961464	0	-1	0	-1	0	-1	0	929	-725	108	-168	-56	192
2	164	-360	920963460	0	-1	0	0	0	0	0	929	-725	108	-168	-56	192
2	164	-360	920965516	0	0	2	-1	1	-1	0	930	-721	108	-168	-56	192
2	164	-360	920967456	0	-1	0	0	0	0	0	930	-721	108	-168	-56	192
2	164	-360	920973468	0	0	0	-2	0	-1	1	930	-722	108	-168	-56	192
3	-259	299	920981452	0	0	1	0	0	0	1	108	-168	-151	131	108	-168
3	-259	299	921045488	0	0	0	0	0	0	0	108	-168	-151	131	108	-168
3	-259	299	921061536	0	1	0	1	0	0	0	108	-168	-151	131	108	-168
3	-259	299	921063572	0	3	-2	2	0	2	0	108	-166	-151	131	108	-168
3	-259	299	921065596	0	3	-3	3	-1	2	0	107	-164	-151	131	108	-168
3	-259	299	921067592	-2	4	-3	4	-1	2	0	106	-162	-151	131	108	-168
3	-259	299	921069592	-1	6	-6	6	-3	4	0	103	-158	-151	131	108	-168
3	-259	299	921071592	-2	8	-6	5	-2	5	0	101	-153	-151	131	108	-168
3	-259	299	921073596	-3	9	-10	9	-5	6	0	96	-147	-151	131	108	-168
3	-259	299	921075596	-2	11	-10	8	-4	6	0	92	-141	-151	131	108	-168
3	-259	299	921077604	-4	11	-14	12	-6	8	0	86	-133	-151	131	108	-168
3	-259	299	921079600	-4	14	-15	11	-6	8	0	80	-125	-151	131	108	-168
3	-259	299	921081592	-5	16	-20	16	-8	11	0	72	-114	-151	131	108	-168
3	-259	299	921083592	-5	19	-20	15	-9	11	0	63	-103	-151	131	108	-168
3	-259	299	921085596	-5	20	-25	20	-10	13	0	53	-90	-151	131	108	-168
3	-259	299	921087588	-6	25	-26	20	-10	15	0	43	-75	-151	131	108	-168
3	-259	299	921089584	-6	26	-34	25	-14	17	0	29	-58	-151	131	108	-168
3	-259	299	921091588	-5	29	-36	30	-13	20	0	16	-38	-151	131	108	-168
3	-259	299	921093592	-7	36	-37	29	-15	22	0	1	-16	-151	131	108	-168
3	-259	299	921095592	-5	35	-46	36	-17	23	0	-16	7	-151	131	108	-168
3	-259	299	921097596	-5	39	-42	35	-16	25	0	-32	32	-151	131	108	-168
3	-259	299	921099600	-5	47	-54	44	-19	30	0	-51	62	-151	131	108	-168
3	-259	299	921101604	-5	47	-50	41	-19	30	0	-70	92	-151	131	108	-168
3	-259	299	921103600	-2	48	-60	51	-20	33	0	-90	125	-151	131	108	-168
3	-259	299	921105596	-4	55	-56	49	-20	34	0	-110	159	-151	131	108	-168
3	-259	299	921107600	-2	65	-69	61	-24	42	0	-134	201	-151	131	108	-168
3	-259	299	921109600	-3	64	-64	58	-22	41	0	-156	242	-151	131	108	-168
3	-259	299	921111604	-2	68	-76	71	-26	46	0	-182	288	-151	131	108	-168
3	-259	299	921113608	-3	82	-81	76	-28	53	0	-210	341	-151	131	108	-168
3	-259	299	921115600	-2	78	-75	70	-26	49	0	-236	390	-151	131	108	-168
3	-259	299	921117604	-2	81	-90	87	-31	56	0	-267	446	-151	131	108	-168
3	-259	299	921119604	-2	97	-83	80	-28	59	0	-295	505	-151	131	108	-168
3	-259	299	921121608	-4	90	-99	96	-34	62	0	-329	567	-151	131	108	-168
3	-259	299	921123612	-2	94	-91	89	-31	61	0	-360	628	-151	131	108	-168
3	-259	299	921125604	-5	110	-107	105	-38	72	0	-398	700	-151	131	108	-168
3	-259	299	921127592	-5	101	-99	95	-34	65	0	-432	765	-151	131	108	-168
3	-259	299	921129604	-7	104	-118	113	-42	73	0	-474	838	-151	131	108	-168
3	-259	299	921131600	-8	120	-106	100	-38	73	0	-512	793	-151	131	108	-168
3	-259	299	921133596	-9	108	-126	119	-45	76	0	-557	869	-151	131	108	-168
3	-259	299	921135600	-10	108	-113	105	-41	71	0	-598	940	-151	131	108	-168
3	-259	299	921137600	-13	124	-133	121	-49	81	0	-647	1021	-151	131	108	-168
3	-259	299	921139600	-13	110	-137	123	-50	78	0	-697	1099	-151	131	108	-168
3	-259	299	921141600	-14	109	-121	106	-45	72	0	-742	1171	-151	131	108	-168
3	-259	299	921143600	-19	121	-140	121	-53	80	0	-795	1251	-151	131	108	-168
3	-259	299	921145604	-17	106	-124	104	-47	70	0	-842	1321	-151	131	108	-168
3	-259	299	921147604	-20	104	-142	118	-54	74	0	-896	1395	-151	131	108	-168
3	-259	299	921149604	-25	113	-124	101	-49	72	0	-945	1467	-151	131	108	-168
3	-259	299	921151604	-24	97	-141	112	-55	69	0	-1000	1536	-151	131	108	-168
3	-259	299	921153604	-24	94	-123	94	-49	63	0	-1049	1599	-151	131	108	-168
3	-259	299	921155604	-26	90	-136	105	-54	65	0	-1103	785	-151	131	108	-168
3	-259	299	921157592	-30	96	-116	86	-49	61	0	-1152	846	-151	131	108	-168
3	-259	299	921159596	-29	80	-130	95	-53	58	0	-1205	904	-151	131	108	-168
3	-259	299	921161596	-27	76	-109	78	-45	51	0	-1250	955	-151	131	108	-168
3	-259	299	921163596	-33	80	-119	84	-51	55	0	-1301	1010	-151	131	108	-168
3	-259	299	921165600	-29	65	-113	77	-47	47	0	-1327	767	-151	131	108	-168
3	-259	299	921167604	-28	62	-93	64	-41	42	0	-1368	809	-151	131	108	-168
3	-259	299	921169596	-33	62	-101	66	-44	43	0	-1412	852	-151	131	108	-168
3	-259	299	921171600	-29	51	-81	54	-37	35	0	-1449	887	-151	131	108	-168
3	-259	299	921173596	-27	47	-88	56	-38	34	0	-1487	921	-151	131	108	-168
3	-259	299	921175596	-30	47	-70	45	-34	31	0	-1521	952	-151	131	108	-168
3	-259	299	921177592	-25	39	-72	48	-32	29	0	-1553	981	-151	131	108	-168
3	-259	299	921179592	-25	34	-59	36	-28	23	0	-1581	1004	-151	131	108	-168
3	-259	299	921181600	-25	35	-61	39	-29	25	0	-1309	745	-151	131	108	-168
3	-259	299	921183600	-23	27	-48	28	-23	18	0	-1332	763	-151	131	108	-168
3	-259	299	921185596	-21	24	-50	32	-24	19	0	-1356	782	-151	131	108	-168
3	-259	299	921187596	-22	25	-37	22	-20	16	0	-1376	798	-151	131	108	-168
3	-259	299	921189592	-19	19	-39	25	-19	14	0	-1395	812	-151	131	108	-168
3	-259	299	921191588	-19	17	-30	18	-16	12	0	-1411	824	-151	131	108	-168
3	-259	299	921193584	-16	15	-31	18	-16	11	0	-1427	835	-151	131	108	-168
3	-259	299	921195584	-19	15	-27	17	-15	11	0	-1442	846	-151	131	108	-168
3	-259	299	921197580	-16	11	-20	12	-12	7	0	-1454	853	-151	131	108	-168
3	-259	299	921199576	-14	10	-21	13	-12	8	0	-1292	728	-151	131	108	-168
3	-259	299	921201584	-16	10	-16	10	-11	7	0	-1303	735	-151	131	108	-168
3	-259	299	921203580	-13	8	-15	10	-9	6	0	-1312	741	-151	131	108	-168
3	-259	299	921205572	-12	6	-13	7	-8	4	0	-1320	745	-151	131	108	-168
3	-259	299	921207576	-13	6	-12	8	-9	5	0	-1329	750	-151	131	108	-168
3	-259	299	921209576	-10	5	-10	5	-6	3	0	-1335	753	-151	131	108	-168
3	-259	299	921211580	-10	4	-9	5	-7	3	0	-1342	756	-151	131	108	-168
3	-259	299	921213576	-8	5	-6	5	-4	3	0	-1346	759	-151	131	108	-168
3	-259	299	921215580	-8	3	-8	3	-6	2	0	-1286	722	-151	131	108	-168
3	-259	299	921217576	-7	1	-5	3	-4	2	0	-1290	724	-151	131	108	-168
3	-259	299	921219568	-7	2	-5	2	-4	1	0	-1294	725	-151	131	108	-168
3	-259	299	921221572	-5	2	-3	2	-2	1	0	-1296	726	-151	131	108	-168
3	-259	299	921223576	-5	1	-4	1	-3	1	0	-1299	727	-151	131	108	-168
3	-259	299	921225568	-3	1	-3	1	-2	1	0	-1301	728	-151	131	108	-168
3	-259	299	921227560	-3	0	-1	1	-2	0	0	-1303	728	-151	131	108	-168
3	-259	299	921229536	-2	0	-1	0	-1	0	0	-1304	728	-151	131	108	-168
3	-259	299	921231572	-3	1	-1	2	-1	1	0	-1305	729	-151	131	108	-168
3	-259	299	921233532	-1	0	-2	0	-1	0	0	-1281	720	-151	131	108	-168
3	-259	299	921235528	-3	0	0	0	-1	0	0	-1282	720	-151	131	108	-168
3	-259	299	921237548	-1	0	0	-1	0	0	0	-1282	720	-151	131	108	-168
3	-259	299	921239556	-2	-1	0	0	-1	0	0	-1283	720	-151	131	108	-168
3	-259	299	921241568	-3	-1	0	-2	-1	-1	0	-1284	719	-151	131	108	-168
3	-259	299	921243564	-2	-3	0	-2	-1	-1	0	-1285	718	-151	131	108	-168
3	-259	299	921245552	-3	-2	1	-2	0	-2	0	-1285	716	-151	131	108	-168
3	-259	299	921247564	-4	-3	0	-3	-2	-2	0	-1282	714	-151	131	108	-168
3	-259	299	921249544	-2	-4	1	-3	0	-2	0	-1282	712	-151	131	108	-168
3	-259	299	921251556	-4	-3	2	-3	-1	-2	0	-1283	710	-151	131	108	-168
3	-259	299	921253540	-4	-5	2	-4	0	-3	0	-1283	707	-151	131	108	-168
3	-259	299	921255556	-3	-4	2	-5	-1	-3	0	-1284	704	-151	131	108	-168
3	-259	299	921257552	-5	-6	1	-3	-1	-3	0	-1285	701	-151	131	108	-168
3	-259	299	921259532	-4	-5	3	-5	0	-3	0	-1285	698	-151	131	108	-168
3	-259	299	921261540	-4	-5	2	-5	-1	-4	0	-1286	694	-151	131	108	-168
3	-259	299	921263536	-5	-5	4	-7	0	-4	0	-1286	690	-151	131	108	-168
3	-259	299	921265556	-4	-7	3	-5	-1	-4	0	-1281	686	-151	131	108	-168
3	-259	299	921267540	-5	-6	3	-6	0	-4	0	-1281	682	-151	131	108	-168
3	-259	299	921269536	-2	-5	3	-5	0	-3	0	-1281	679	-151	131	108	-168
3	-259	299	921271536	-5	-5	4	-5	0	-3	0	-1281	676	-151	131	108	-168
3	-259	299	921273544	-3	-5	2	-5	-1	-4	0	-1282	672	-151	131	108	-168
3	-259	299	921275528	-2	-5	4	-5	0	-3	0	-1282	669	-151	131	108	-168
3	-259	299	921277528	-3	-4	2	-5	0	-3	0	-1282	666	-151	131	108	-168
3	-259	299	921279520	-2	-3	3	-4	0	-2	0	-1282	664	-151	131	108	-168
3	-259	299	921281512	-1	-4	2	-3	0	-3	0	-1280	661	-151	131	108	-168
3	-259	299	921283480	-3	-4	3	-4	0	-2	0	-1280	659	-151	131	108	-168
3	-259	299	921285520	-1	-2	2	-3	1	-2	0	-1279	657	-151	131	108	-168
3	-259	299	921287500	0	-3	2	-2	0	-2	0	-1279	655	-151	131	108	-168
3	-259	299	921289516	-1	-1	2	-3	1	-1	0	-1278	654	-151	131	108	-168
3	-259	299	921291500	-2	-3	1	-2	0	-2	0	-1278	652	-151	131	108	-168
3	-259	299	921293484	0	-1	2	-1	0	0	0	-1278	652	-151	131	108	-168
3	-259	299	921295504	0	0	1	-2	0	-1	0	-1278	651	-151	131	108	-168
3	-259	299	921297468	-1	-1	1	-1	0	-1	0	-1278	650	-151	131	108	-168
3	-259	299	921299456	0	-1	0	-1	0	0	0	-1278	650	-151	131	108	-168
3	-259	299	921301464	0	0	1	0	1	0	0	-1277	650	-151	131	108	-168
3	-259	299	921303468	0	-2	0	-1	0	-1	1	-1277	649	-151	131	108	-168
4	-259	299	921309468	0	0	2	0	0	0	1	-151	131	-151	131	108	-168
4	333	-214	921325484	1	0	0	0	1	0	1	-150	131	182	-83	-151	131
4	333	-214	921355488	1	0	0	0	0	0	1	-150	131	182	-83	-151	131
4	333	-214	921357500	0	0	0	-2	0	-1	1	-150	130	182	-83	-151	131
4	333	-214	921361508	1	0	1	0	1	0	1	-149	130	182	-83	-151	131
4	333	-214	921363492	1	0	0	0	0	0	1	-149	130	182	-83	-151	131
4	333	-214	921365532	2	-1	0	0	1	0	1	-148	130	182	-83	-151	131
4	333	-214	921367524	1	0	1	-1	0	-1	1	-148	129	182	-83	-151	131
4	333	-214	921369492	2	0	0	0	1	0	1	-147	129	182	-83	-151	131
4	333	-214	921371520	3	-1	1	-1	1	0	1	-146	129	182	-83	-151	131
4	333	-214	921373484	4	0	2	0	2	0	1	-144	129	182	-83	-151	131
4	333	-214	921375524	3	-1	1	-1	2	-1	1	-142	128	182	-83	-151	131
4	333	-214	921377528	5	-2	1	-2	2	-1	1	-140	127	182	-83	-151	131
4	333	-214	921379520	4	-1	3	-1	2	-1	0	-138	126	182	-83	-151	131
4	333	-214	921381520	5	-2	2	-2	2	-1	0	-136	125	182	-83	-151	131
4	333	-214	921383524	8	-3	4	-3	4	-2	0	-132	123	182	-83	-151	131
4	333	-214	921385524	6	-2	4	-2	4	-2	0	-128	121	182	-83	-151	131
4	333	-214	921387524	7	-4	5	-4	4	-2	0	-124	119	182	-83	-151	131
4	333	-214	921389528	8	-4	7	-4	5	-3	0	-119	116	182	-83	-151	131
4	333	-214	921391532	9	-5	6	-5	5	-3	0	-114	113	182	-83	-151	131
4	333	-214	921393536	8	-6	10	-5	6	-4	0	-108	109	182	-83	-151	131
4	333	-214	921395532	10	-5	10	-6	6	-4	0	-102	105	182	-83	-151	131
4	333	-214	921397528	12	-8	14	-6	9	-4	0	-93	101	182	-83	-151	131
4	333	-214	921399528	11	-7	14	-8	8	-5	0	-85	96	182	-83	-151	131
4	333	-214	921401524	12	-9	17	-7	10	-6	0	-75	90	182	-83	-151	131
4	333	-214	921403532	14	-10	18	-9	11	-6	0	-64	84	182	-83	-151	131
4	333	-214	921405532	14	-10	22	-10	12	-7	0	-52	77	182	-83	-151	131
4	333	-214	921407536	15	-11	23	-10	12	-7	0	-40	70	182	-83	-151	131
4	333	-214	921409524	17	-13	27	-11	15	-8	0	-25	62	182	-83	-151	131
4	333	-214	921411528	18	-12	28	-12	15	-8	0	-10	54	182	-83	-151	131
4	333	-214	921413528	19	-13	34	-13	18	-8	0	8	46	182	-83	-151	131
4	333	-214	921415532	22	-16	37	-15	20	-11	0	28	35	182	-83	-151	131
4	333	-214	921417528	23	-15	38	-15	20	-10	0	48	25	182	-83	-151	131
4	333	-214	921419528	23	-16	45	-17	23	-11	0	71	14	182	-83	-151	131
4	333	-214	921421524	30	-20	43	-16	24	-12	0	95	2	182	-83	-151	131
4	333	-214	921423524	28	-19	55	-20	28	-13	0	123	-11	182	-83	-151	131
4	333	-214	921425524	29	-20	52	-19	27	-13	0	150	-24	182	-83	-151	131
4	333	-214	921427524	35	-25	63	-21	32	-15	0	182	-39	182	-83	-151	131
4	333	-214	921429520	33	-22	59	-21	31	-14	0	213	-53	182	-83	-151	131
4	333	-214	921431520	34	-25	74	-26	36	-17	0	249	-70	182	-83	-151	131
4	333	-214	921433516	36	-25	67	-24	34	-17	0	283	-87	182	-83	-151	131
4	333	-214	921435524	43	-32	83	-29	42	-20	0	325	-107	182	-83	-151	131
4	333	-214	921437520	39	-30	77	-26	39	-19	0	364	-126	182	-83	-151	131
4	333	-214	921439516	40	-30	93	-31	44	-20	0	408	-146	182	-83	-151	131
4	333	-214	921441516	45	-36	86	-30	44	-22	0	452	-168	182	-83	-151	131
4	333	-214	921443508	42	-35	103	-35	48	-23	0	500	-191	182	-83	-151	131
4	333	-214	921445508	43	-35	107	-38	50	-25	0	550	-216	182	-83	-151	131
4	333	-214	921447508	47	-40	99	-34	49	-24	0	599	-240	182	-83	-151	131
4	333	-214	921449504	44	-39	117	-40	54	-27	0	653	-267	182	-83	-151	131
4	333	-214	921451496	44	-38	108	-36	50	-24	0	703	-291	182	-83	-151	131
4	333	-214	921453496	48	-47	125	-42	58	-30	0	761	-321	182	-83	-151	131
4	333	-214	921455500	45	-41	112	-40	52	-27	0	813	-348	182	-83	-151	131
4	333	-214	921457500	44	-42	133	-47	59	-30	0	872	-378	182	-83	-151	131
4	333	-214	921459504	49	-50	119	-41	56	-30	0	928	-408	182	-83	-151	131
4	333	-214	921461504	45	-47	138	-50	61	-32	0	989	-440	182	-83	-151	131
4	333	-214	921463504	44	-46	124	-45	56	-31	0	1045	-471	182	-83	-151	131
4	333	-214	921465504	50	-54	143	-52	65	-35	0	1110	-506	182	-83	-151	131
4	333	-214	921467504	45	-50	127	-47	57	-32	0	1167	-538	182	-83	-151	131
4	333	-214	921469512	43	-50	146	-55	63	-35	0	1230	-573	182	-83	-151	131
4	333	-214	921471500	45	-51	149	-56	65	-36	0	1295	-609	182	-83	-151	131
4	333	-214	921473504	50	-59	131	-50	60	-36	0	1355	-645	182	-83	-151	131
4	333	-214	921475504	44	-53	150	-59	65	-38	0	1420	-683	182	-83	-151	131
4	333	-214	921477504	44	-54	132	-51	58	-35	0	1478	-718	182	-83	-151	131
4	333	-214	921479508	49	-61	150	-60	67	-40	0	1545	-758	182	-83	-151	131
4	333	-214	921481508	43	-55	131	-52	58	-36	0	1338	-756	182	-83	-151	131
4	333	-214	921483508	44	-55	149	-62	64	-39	0	1402	-795	182	-83	-151	131
4	333	-214	921485512	49	-62	128	-52	59	-38	0	1461	-833	182	-83	-151	131
4	333	-214	921487504	42	-56	145	-61	62	-39	0	1523	-872	182	-83	-151	131
4	333	-214	921489508	42	-55	127	-53	57	-36	0	1580	-908	182	-83	-151	131
4	333	-214	921491512	46	-61	140	-60	62	-40	0	1642	-948	182	-83	-151	131
4	333	-214	921493512	41	-54	121	-52	54	-35	0	1696	-983	182	-83	-151	131
4	333	-214	921495508	39	-52	135	-58	58	-37	0	1754	-1020	182	-83	-151	131
4	333	-214	921497508	44	-58	131	-57	58	-38	0	1812	-1058	182	-83	-151	131
4	333	-214	921499508	37	-51	113	-50	50	-34	0	1862	-1092	182	-83	-151	131
4	333	-214	921501512	36	-49	123	-55	53	-35	0	1915	-1127	182	-83	-151	131
4	333	-214	921503520	39	-54	104	-48	48	-34	0	1328	-754	182	-83	-151	131
4	333	-214	921505512	34	-47	115	-52	49	-33	0	1377	-787	182	-83	-151	131
4	333	-214	921507516	32	-45	96	-45	43	-30	0	1420	-817	182	-83	-151	131
4	333	-214	921509512	35	-49	104	-49	46	-32	0	1466	-849	182	-83	-151	131
4	333	-214	921511512	29	-42	86	-41	39	-28	0	1505	-877	182	-83	-151	131
4	333	-214	921513508	28	-40	94	-45	40	-28	0	1545	-905	182	-83	-151	131
4	333	-214	921515504	28	-43	78	-39	36	-28	0	1316	-748	182	-83	-151	131
4	333	-214	921517504	25	-36	82	-41	35	-25	0	1351	-773	182	-83	-151	131
4	333	-214	921519512	23	-34	68	-35	31	-23	0	1382	-796	182	-83	-151	131
4	333	-214	921521508	20	-32	72	-38	30	-24	0	1412	-820	182	-83	-151	131
4	333	-214	921523508	22	-34	65	-35	29	-23	0	1441	-843	182	-83	-151	131
4	333	-214	921525504	18	-29	53	-29	24	-19	0	1465	-862	182	-83	-151	131
4	333	-214	921527500	16	-25	55	-30	24	-18	0	1489	-880	182	-83	-151	131
4	333	-214	921529500	16	-27	42	-25	19	-18	0	1508	-898	182	-83	-151	131
4	333	-214	921531496	14	-23	45	-26	20	-16	0	1528	-914	182	-83	-151	131
4	333	-214	921533496	11	-19	34	-20	15	-13	0	1295	-733	182	-83	-151	131
4	333	-214	921535496	12	-21	34	-21	15	-14	0	1310	-747	182	-83	-151	131
4	333	-214	921537488	8	-15	26	-18	11	-11	0	1321	-758	182	-83	-151	131
4	333	-214	921539488	8	-15	25	-17	11	-11	0	1332	-769	182	-83	-151	131
4	333	-214	921541492	7	-14	19	-14	9	-9	0	1341	-778	182	-83	-151	131
4	333	-214	921543492	5	-11	17	-14	7	-8	0	1348	-786	182	-83	-151	131
4	333	-214	921545500	4	-9	14	-10	6	-7	0	1354	-793	182	-83	-151	131
4	333	-214	921547504	4	-8	11	-10	5	-6	0	1359	-799	182	-83	-151	131
4	333	-214	921549504	2	-7	10	-8	4	-5	0	1284	-725	182	-83	-151	131
4	333	-214	921551504	3	-5	6	-7	3	-4	0	1287	-729	182	-83	-151	131
4	333	-214	921553496	1	-5	5	-6	2	-3	0	1289	-732	182	-83	-151	131
4	333	-214	921555496	1	-3	4	-5	2	-3	0	1291	-735	182	-83	-151	131
4	333	-214	921557500	0	-3	3	-4	1	-2	0	1292	-737	182	-83	-151	131
4	333	-214	921559504	0	-2	2	-2	1	-2	0	1293	-739	182	-83	-151	131
4	333	-214	921561496	0	-3	1	-3	0	-2	0	1293	-741	182	-83	-151	131
4	333	-214	921563472	0	-1	0	-2	0	-1	0	1293	-742	182	-83	-151	131
4	333	-214	921565496	0	0	2	-1	1	0	0	1281	-720	182	-83	-151	131
4	333	-214	921567472	0	-1	0	-2	0	-1	0	1281	-721	182	-83	-151	131
4	333	-214	921571452	0	0	0	-1	0	0	0	1281	-721	182	-83	-151	131
4	333	-214	921651480	0	0	0	0	0	0	1	1280	-720	182	-83	-151	131
5	-380	111	921735516	0	0	0	0	0	0	0	182	-83	-198	28	182	-83
5	-380	111	921755560	0	0	-1	0	0	0	0	182	-83	-198	28	182	-83
5	-380	111	921757560	0	0	-2	0	0	0	0	182	-83	-198	28	182	-83
5	-380	111	921759604	-1	0	-4	1	-2	0	0	180	-83	-198	28	182	-83
5	-380	111	921761604	-2	0	-7	1	-3	0	0	177	-83	-198	28	182	-83
5	-380	111	921763604	-3	1	-10	0	-4	0	0	173	-83	-198	28	182	-83
5	-380	111	921765616	-5	1	-13	1	-6	0	0	167	-83	-198	28	182	-83
5	-380	111	921767620	-7	2	-17	1	-8	1	0	159	-82	-198	28	182	-83
5	-380	111	921769616	-7	2	-20	2	-9	2	0	150	-80	-198	28	182	-83
5	-380	111	921771616	-11	1	-29	2	-14	1	0	136	-79	-198	28	182	-83
5	-380	111	921773608	-12	3	-30	1	-14	1	0	122	-78	-198	28	182	-83
5	-380	111	921775604	-15	2	-41	3	-18	2	0	104	-76	-198	28	182	-83
5	-380	111	921777612	-21	4	-42	2	-21	2	0	83	-74	-198	28	182	-83
5	-380	111	921779612	-21	3	-56	4	-26	2	0	57	-72	-198	28	182	-83
5	-380	111	921781616	-26	3	-55	3	-27	2	0	30	-70	-198	28	182	-83
5	-380	111	921783608	-33	4	-72	3	-35	2	0	-5	-68	-198	28	182	-83
5	-380	111	921785612	-35	5	-72	4	-36	3	0	-41	-65	-198	28	182	-83
5	-380	111	921787612	-37	4	-88	5	-41	3	0	-82	-62	-198	28	182	-83
5	-380	111	921789616	-49	5	-88	5	-46	4	0	-128	-58	-198	28	182	-83
5	-380	111	921791620	-46	5	-107	5	-51	3	0	-179	-55	-198	28	182	-83
5	-380	111	921793620	-52	6	-117	8	-56	5	0	-235	-50	-198	28	182	-83
5	-380	111	921795616	-62	8	-110	6	-58	4	0	-293	-46	-198	28	182	-83
5	-380	111	921797604	-61	7	-132	9	-64	6	0	-357	-40	-198	28	182	-83
5	-380	111	921799600	-64	10	-123	7	-62	5	0	-419	-35	-198	28	182	-83
5	-380	111	921801604	-69	10	-147	11	-72	7	0	-491	-28	-198	28	182	-83
5	-380	111	921803604	-81	13	-135	12	-72	9	0	-563	-19	-198	28	182	-83
5	-380	111	921805600	-76	12	-160	13	-79	8	0	-642	-11	-198	28	182	-83
5	-380	111	921807608	-79	15	-144	14	-74	10	0	-716	-1	-198	28	182	-83
5	-380	111	921809608	-93	19	-171	18	-88	12	0	-804	11	-198	28	182	-83
5	-380	111	921811608	-83	19	-153	16	-79	12	0	-883	23	-198	28	182	-83
5	-380	111	921813608	-87	20	-178	21	-88	13	0	-971	36	-198	28	182	-83
5	-380	111	921815612	-98	25	-160	20	-86	15	0	-1057	51	-198	28	182	-83
5	-380	111	921817608	-89	23	-184	25	-91	16	0	-1148	67	-198	28	182	-83
5	-380	111	921819608	-89	27	-188	26	-93	18	0	-1241	85	-198	28	182	-83
5	-380	111	921821612	-101	31	-163	25	-88	19	0	-1329	104	-198	28	182	-83
5	-380	111	921823620	-90	29	-189	32	-93	20	0	-1422	124	-198	28	182	-83
5	-380	111	921825616	-89	31	-165	27	-84	19	0	-1506	143	-198	28	182	-83
5	-380	111	921827628	-99	35	-189	34	-96	23	0	-1602	166	-198	28	182	-83
5	-380	111	921829628	-87	32	-164	30	-84	21	0	-1686	187	-198	28	182	-83
5	-380	111	921831632	-85	34	-186	36	-90	23	0	-1776	210	-198	28	182	-83
5	-380	111	921833632	-94	39	-161	33	-85	24	0	-1365	234	-198	28	182	-83
5	-380	111	921835636	-81	35	-180	37	-87	24	0	-1452	258	-198	28	182	-83
5	-380	111	921837636	-79	34	-155	33	-78	23	0	-1530	281	-198	28	182	-83
5	-380	111	921839628	-86	38	-174	38	-87	25	0	-1617	306	-198	28	182	-83
5	-380	111	921841624	-74	35	-169	38	-81	24	0	-1698	330	-198	28	182	-83
5	-380	111	921843628	-72	33	-142	34	-71	23	0	-1769	353	-198	28	182	-83
5	-380	111	921845628	-78	37	-159	37	-79	24	0	-1848	377	-198	28	182	-83
5	-380	111	921847632	-66	33	-132	31	-66	22	0	-1914	399	-198	28	182	-83
5	-380	111	921849632	-64	31	-147	37	-71	22	0	-1351	421	-198	28	182	-83
5	-380	111	921851628	-69	34	-121	31	-63	22	0	-1414	443	-198	28	182	-83
5	-380	111	921853632	-57	30	-132	34	-63	21	0	-1477	464	-198	28	182	-83
5	-380	111	921855632	-56	27	-110	27	-55	18	0	-1532	482	-198	28	182	-83
5	-380	111	921857636	-59	30	-118	31	-59	21	0	-1591	503	-198	28	182	-83
5	-380	111	921859636	-50	25	-96	27	-49	17	0	-1640	520	-198	28	182	-83
5	-380	111	921861644	-46	24	-103	27	-50	17	0	-1690	537	-198	28	182	-83
5	-380	111	921863644	-49	24	-93	26	-47	17	0	-1737	554	-198	28	182	-83
5	-380	111	921865648	-41	21	-75	22	-39	14	0	-1776	568	-198	28	182	-83
5	-380	111	921867652	-37	19	-79	22	-38	14	0	-1318	582	-198	28	182	-83
5	-380	111	921869648	-35	16	-63	18	-33	11	0	-1351	593	-198	28	182	-83
5	-380	111	921871652	-35	19	-62	20	-32	13	0	-1383	606	-198	28	182	-83
5	-380	111	921873648	-27	14	-49	13	-26	9	0	-1409	615	-198	28	182	-83
5	-380	111	921875656	-25	12	-50	17	-25	10	0	-1434	625	-198	28	182	-83
5	-380	111	921877656	-25	13	-37	11	-20	8	0	-1454	633	-198	28	182	-83
5	-380	111	921879648	-20	10	-38	12	-20	7	0	-1474	640	-198	28	182	-83
5	-380	111	921881652	-16	8	-27	9	-14	6	0	-1488	646	-198	28	182	-83
5	-380	111	921883656	-17	8	-28	10	-15	6	0	-1503	652	-198	28	182	-83
5	-380	111	921885652	-13	6	-19	6	-11	4	0	-1291	656	-198	28	182	-83
5	-380	111	921887648	-10	5	-18	8	-9	4	0	-1300	660	-198	28	182	-83
5	-380	111	921889644	-10	5	-15	5	-8	3	0	-1308	663	-198	28	182	-83
5	-380	111	921891640	-7	4	-10	5	-6	3	0	-1314	666	-198	28	182	-83
5	-380	111	921893636	-6	2	-9	4	-5	2	0	-1319	668	-198	28	182	-83
5	-380	111	921895640	-5	2	-5	2	-3	2	0	-1322	670	-198	28	182	-83
5	-380	111	921897640	-2	2	-5	3	-3	1	0	-1325	671	-198	28	182	-83
5	-380	111	921899640	-3	1	-4	1	-2	1	0	-1327	672	-198	28	182	-83
5	-380	111	921901628	-2	0	-2	1	-1	0	0	-1281	672	-198	28	182	-83
5	-380	111	921903640	-2	2	-2	1	-2	1	0	-1283	673	-198	28	182	-83
5	-380	111	921905580	-1	0	-1	0	0	0	0	-1283	673	-198	28	182	-83
5	-380	111	921907588	0	0	0	2	0	1	0	-1283	674	-198	28	182	-83
5	-380	111	921919584	1	0	0	0	0	0	0	-1280	674	-198	28	182	-83
5	-380	111	921923572	1	0	0	0	0	0	0	-1280	674	-198	28	182	-83
5	-380	111	921927572	1	0	0	0	0	0	0	-1280	674	-198	28	182	-83
5	-380	111	921929568	0	1	0	0	0	0	0	-1280	674	-198	28	182	-83
5	-380	111	921931564	1	0	0	0	0	0	0	-1280	674	-198	28	182	-83
5	-380	111	921937576	2	0	0	0	1	0	0	-1279	674	-198	28	182	-83
5	-380	111	921943576	0	1	0	0	0	1	0	-1279	675	-198	28	182	-83
5	-380	111	921979564	0	0	0	0	0	0	1	-1279	675	-198	28	182	-83
6	396	0	921989604	-1	0	0	0	0	0	1	-198	28	198	28	-198	28
6	396	0	921993600	-1	0	0	0	0	0	1	-198	28	198	28	-198	28
6	396	0	921997604	-1	0	0	0	0	0	1	-198	28	198	28	-198	28
6	396	0	921999616	-2	0	0	0	-1	0	1	-199	28	198	28	-198	28
6	396	0	922001600	-1	0	0	0	0	0	1	-199	28	198	28	-198	28
6	396	0	922003616	-1	0	0	0	-1	0	1	-200	28	198	28	-198	28
6	396	0	922005600	-1	0	0	0	0	0	1	-200	28	198	28	-198	28
6	396	0	922007612	-2	0	0	0	-1	0	1	-201	28	198	28	-198	28
6	396	0	922009628	-1	0	0	1	0	0	1	-201	28	198	28	-198	28
6	396	0	922011588	-1	0	0	0	0	0	1	-201	28	198	28	-198	28
6	396	0	922013604	-1	0	-1	0	-1	0	1	-202	28	198	28	-198	28
6	396	0	922015608	-3	0	0	0	-1	0	1	-203	28	198	28	-198	28
6	396	0	922017604	-2	0	0	0	-1	0	1	-204	28	198	28	-198	28
6	396	0	922019604	-2	0	-1	0	-1	0	1	-205	28	198	28	-198	28
6	396	0	922021584	-2	0	0	0	0	0	1	-205	28	198	28	-198	28
6	396	0	922023628	-1	0	-2	1	-1	0	1	-206	28	198	28	-198	28
6	396	0	922025640	-2	1	0	0	-1	1	1	-207	29	198	28	-198	28
6	396	0	922027592	-2	0	0	0	-1	0	1	-208	29	198	28	-198	28
6	396	0	922029592	-3	0	-1	0	-1	0	1	-209	29	198	28	-198	28
6	396	0	922031580	-1	0	0	0	0	0	1	-209	29	198	28	-198	28
6	396	0	922033596	-2	0	-1	0	-1	0	1	-210	29	198	28	-198	28
6	396	0	922035600	-2	0	0	0	-1	0	1	-211	29	198	28	-198	28
6	396	0	922037608	-1	0	-1	0	-1	0	1	-212	29	198	28	-198	28
6	396	0	922039596	-2	0	0	0	0	0	1	-212	29	198	28	-198	28
6	396	0	922041640	-2	2	-2	0	-2	0	1	-214	29	198	28	-198	28
6	396	0	922043600	-1	0	0	0	0	0	1	-214	29	198	28	-198	28
6	396	0	922045600	-1	0	0	0	0	0	1	-214	29	198	28	-198	28
6	396	0	922049608	-1	0	-1	0	-1	0	1	-215	29	198	28	-198	28
6	396	0	922051608	-2	0	0	0	-1	0	1	-216	29	198	28	-198	28
6	396	0	922055584	-1	0	0	0	0	0	1	-216	29	198	28	-198	28
6	396	0	922057584	-1	0	0	0	0	0	1	-216	29	198	28	-198	28
6	396	0	922059632	-1	-1	0	0	-1	0	1	-217	29	198	28	-198	28
6	396	0	922061588	-2	0	0	0	0	0	1	-217	29	198	28	-198	28
6	396	0	922063636	-1	-1	0	0	-1	0	0	-218	29	198	28	-198	28
6	396	0	922065636	-1	-2	0	-3	0	-1	0	-218	28	198	28	-198	28
6	396	0	922067632	-3	-3	2	-2	0	-2	0	-218	26	198	28	-198	28
6	396	0	922069640	-1	-4	2	-3	0	-2	0	-218	24	198	28	-198	28
6	396	0	922071632	-2	-3	4	-4	0	-2	0	-218	22	198	28	-198	28
6	396	0	922073648	-2	-5	6	-5	1	-4	0	-217	18	198	28	-198	28
6	396	0	922075652	-1	-5	8	-5	2	-3	0	-215	15	198	28	-198	28
6	396	0	922077656	-1	-8	7	-5	2	-4	0	-213	11	198	28	-198	28
6	396	0	922079660	0	-6	11	-6	4	-4	0	-209	7	198	28	-198	28
6	396	0	922081664	0	-8	13	-6	4	-5	0	-205	2	198	28	-198	28
6	396	0	922083668	0	-8	16	-9	6	-6	0	-199	-4	198	28	-198	28
6	396	0	922085672	2	-9	16	-7	6	-5	0	-193	-9	198	28	-198	28
6	396	0	922087672	2	-9	22	-9	8	-6	0	-185	-15	198	28	-198	28
6	396	0	922089668	6	-11	21	-9	9	-7	0	-176	-22	198	28	-198	28
6	396	0	922091664	7	-10	27	-11	11	-7	0	-165	-29	198	28	-198	28
6	396	0	922093660	8	-10	27	-9	12	-6	0	-153	-35	198	28	-198	28
6	396	0	922095668	13	-13	35	-11	16	-8	0	-137	-43	198	28	-198	28
6	396	0	922097656	14	-10	37	-11	17	-7	0	-120	-50	198	28	-198	28
6	396	0	922099656	17	-10	38	-10	18	-7	0	-102	-57	198	28	-198	28
6	396	0	922101656	23	-11	45	-12	23	-7	0	-79	-64	198	28	-198	28
6	396	0	922103660	23	-9	43	-8	22	-6	0	-57	-70	198	28	-198	28
6	396	0	922105652	27	-10	54	-12	27	-7	0	-30	-77	198	28	-198	28
6	396	0	922107652	31	-7	51	-7	27	-5	0	-3	-82	198	28	-198	28
6	396	0	922109656	39	-10	62	-10	34	-7	0	31	-89	198	28	-198	28
6	396	0	922111656	37	-6	57	-8	31	-4	0	62	-93	198	28	-198	28
6	396	0	922113652	43	-8	71	-7	38	-5	0	100	-98	198	28	-198	28
6	396	0	922115652	51	-6	65	-8	39	-5	0	139	-103	198	28	-198	28
6	396	0	922117656	51	-5	78	-6	43	-4	0	182	-107	198	28	-198	28
6	396	0	922119660	54	-5	72	-5	42	-3	0	224	-110	198	28	-198	28
6	396	0	922121672	66	-4	87	-5	51	-3	0	275	-113	198	28	-198	28
6	396	0	922123668	63	-1	92	-4	51	-2	0	326	-115	198	28	-198	28
6	396	0	922125656	66	-1	84	-1	50	0	0	376	-115	198	28	-198	28
6	396	0	922127664	79	-2	101	-1	60	-1	0	436	-116	198	28	-198	28
6	396	0	922129652	75	1	93	0	56	0	0	492	-116	198	28	-198	28
6	396	0	922131648	78	2	110	0	63	0	0	555	-116	198	28	-198	28
6	396	0	922133664	93	4	101	2	65	2	0	620	-114	198	28	-198	28
6	396	0	922135648	86	6	120	5	68	3	0	688	-111	198	28	-198	28
6	396	0	922137648	90	6	109	5	67	4	0	755	-107	198	28	-198	28
6	396	0	922139636	105	9	130	7	78	5	0	833	-102	198	28	-198	28
6	396	0	922141644	96	9	117	6	71	5	0	904	-97	198	28	-198	28
6	396	0	922143644	98	10	139	10	79	7	0	983	-90	198	28	-198	28
6	396	0	922145644	101	11	126	9	76	7	0	1059	-83	198	28	-198	28
6	396	0	922147644	115	14	148	13	87	9	0	1146	-74	198	28	-198	28
6	396	0	922149648	105	12	133	10	80	7	0	1226	-67	198	28	-198	28
6	396	0	922151652	106	13	157	13	87	9	0	1313	-58	198	28	-198	28
6	396	0	922153652	122	14	161	13	95	9	0	1408	-49	198	28	-198	28
6	396	0	922155644	107	13	145	12	84	8	0	1492	-41	198	28	-198	28
6	396	0	922157648	109	13	167	14	92	9	0	1584	-32	198	28	-198	28
6	396	0	922159640	121	14	149	11	90	8	0	1674	-24	198	28	-198	28
6	396	0	922161648	108	12	171	14	93	9	0	1767	-15	198	28	-198	28
6	396	0	922163648	106	11	152	11	86	7	0	1853	-8	198	28	-198	28
6	396	0	922165652	117	13	173	13	96	9	0	1949	1	198	28	-198	28
6	396	0	922167656	104	10	152	11	86	7	0	2035	8	198	28	-198	28
6	396	0	922169652	101	9	172	11	91	7	0	1371	15	198	28	-198	28
6	396	0	922171648	113	8	149	9	87	5	0	1458	20	198	28	-198	28
6	396	0	922173660	97	9	167	10	88	7	0	1546	27	198	28	-198	28
6	396	0	922175652	95	6	145	8	80	4	0	1626	31	198	28	-198	28
6	396	0	922177660	104	8	162	8	89	6	0	1715	37	198	28	-198	28
6	396	0	922179648	90	6	156	8	82	4	0	1797	41	198	28	-198	28
6	396	0	922181644	88	5	132	6	73	4	0	1870	45	198	28	-198	28
6	396	0	922183640	93	6	145	8	79	5	0	1949	50	198	28	-198	28
6	396	0	922185640	79	5	123	5	68	3	0	1348	53	198	28	-198	28
6	396	0	922187640	76	5	132	6	69	4	0	1417	57	198	28	-198	28
6	396	0	922189644	83	5	110	4	64	3	0	1481	60	198	28	-198	28
6	396	0	922191648	67	4	119	5	62	3	0	1543	63	198	28	-198	28
6	396	0	922193652	65	4	98	5	55	3	0	1598	66	198	28	-198	28
6	396	0	922195644	60	4	103	3	54	2	0	1652	68	198	28	-198	28
6	396	0	922197644	63	3	85	3	49	2	0	1701	70	198	28	-198	28
6	396	0	922199636	51	3	89	4	47	2	0	1748	72	198	28	-198	28
6	396	0	922201644	48	2	71	2	40	2	0	1320	74	198	28	-198	28
6	396	0	922203644	47	3	74	3	40	2	0	1360	76	198	28	-198	28
6	396	0	922205640	39	2	66	2	35	1	0	1395	77	198	28	-198	28
6	396	0	922207648	34	2	53	1	29	1	0	1424	78	198	28	-198	28
6	396	0	922209648	33	1	51	2	28	1	0	1452	79	198	28	-198	28
6	396	0	922211632	27	0	40	1	22	0	0	1474	79	198	28	-198	28
6	396	0	922213652	21	1	39	0	20	1	0	1494	80	198	28	-198	28
6	396	0	922215640	21	0	30	1	17	0	0	1511	80	198	28	-198	28
6	396	0	922217604	15	0	29	0	15	0	0	1526	80	198	28	-198	28
6	396	0	922219600	13	0	20	0	11	0	0	1291	80	198	28	-198	28
6	396	0	922221596	11	0	20	0	10	0	0	1301	80	198	28	-198	28
6	396	0	922223588	7	0	13	0	7	0	0	1308	80	198	28	-198	28
6	396	0	922225588	7	0	13	0	7	0	0	1315	80	198	28	-198	28
6	396	0	922227588	5	0	9	0	4	0	0	1319	80	198	28	-198	28
6	396	0	922229596	2	0	7	0	3	0	0	1322	80	198	28	-198	28
6	396	0	922231592	1	0	5	0	2	0	0	1324	80	198	28	-198	28
6	396	0	922233588	2	0	3	0	2	0	0	1326	80	198	28	-198	28
6	396	0	922235584	0	0	1	0	0	0	0	1280	80	198	28	-198	28
6	396	0	922237596	0	0	1	0	1	0	0	1281	80	198	28	-198	28
6	396	0	922239580	-1	0	0	0	0	0	0	1281	80	198	28	-198	28
6	396	0	922241584	-2	0	0	0	0	0	0	1281	80	198	28	-198	28
6	396	0	922243600	-3	0	0	0	-1	0	0	1280	80	198	28	-198	28
6	396	0	922245596	-2	0	0	0	-1	0	0	1279	80	198	28	-198	28
6	396	0	922247592	-4	0	0	0	-1	0	0	1278	80	198	28	-198	28
6	396	0	922249628	-4	1	-1	0	-2	0	0	1276	80	198	28	-198	28
6	396	0	922251608	-5	0	-2	0	-2	0	0	1274	80	198	28	-198	28
6	396	0	922253656	-5	2	-1	1	-2	1	0	1272	81	198	28	-198	28
6	396	0	922255608	-5	0	-1	0	-2	0	0	1270	81	198	28	-198	28
6	396	0	922257652	-5	1	-3	2	-3	1	0	1267	82	198	28	-198	28
6	396	0	922259608	-6	0	-1	0	-2	0	0	1265	82	198	28	-198	28
6	396	0	922261652	-6	1	-1	1	-3	1	0	1262	83	198	28	-198	28
6	396	0	922263612	-7	0	-3	0	-3	0	0	1259	83	198	28	-198	28
6	396	0	922265648	-6	1	-1	1	-2	1	0	1257	84	198	28	-198	28
6	396	0	922267600	-6	0	-2	0	-3	0	0	1254	84	198	28	-198	28
6	396	0	922269636	-6	0	-2	1	-3	0	0	1251	84	198	28	-198	28
6	396	0	922271652	-7	2	-2	0	-3	1	0	1248	85	198	28	-198	28
6	396	0	922273604	-6	0	-3	0	-3	0	0	1245	85	198	28	-198	28
6	396	0	922275636	-5	0	-2	2	-2	0	0	1243	85	198	28	-198	28
6	396	0	922277604	-6	0	-1	0	-2	0	0	1241	85	198	28	-198	28
6	396	0	922279608	-5	0	-3	0	-3	0	0	1238	85	198	28	-198	28
6	396	0	922281612	-4	0	-1	0	-2	0	0	1236	85	198	28	-198	28
6	396	0	922283616	-5	0	-1	0	-2	0	0	1234	85	198	28	-198	28
6	396	0	922285612	-4	0	-2	0	-2	0	0	1232	85	198	28	-198	28
6	396	0	922287636	-3	-1	-2	0	-1	0	0	1231	85	198	28	-198	28
6	396	0	922289600	-4	0	0	0	-2	0	0	1229	85	198	28	-198	28
6	396	0	922291632	-4	0	-1	-1	-1	0	0	1228	85	198	28	-198	28
6	396	0	922293628	-2	-1	-2	0	-2	0	0	1226	85	198	28	-198	28
6	396	0	922295596	-3	0	-1	0	-1	0	0	1225	85	198	28	-198	28
6	396	0	922297580	-1	0	0	0	0	0	0	1225	85	198	28	-198	28
6	396	0	922299624	-3	-1	-1	-1	-2	0	0	1223	85	198	28	-198	28
6	396	0	922301584	-1	0	0	0	0	0	0	1223	85	198	28	-198	28
6	396	0	922303600	-1	0	-1	0	-1	0	0	1222	85	198	28	-198	28
6	396	0	922305604	0	0	0	-1	0	-1	0	1222	84	198	28	-198	28
6	396	0	922307592	-1	0	0	0	0	0	0	1222	84	198	28	-198	28
6	396	0	922313564	0	0	0	0	0	0	1	1222	84	198	28	-198	28
7	-380	-111	922401508	0	0	0	0	0	0	0	198	28	-182	-83	198	28
7	-380	-111	922411580	-2	0	0	-2	-1	0	0	197	28	-182	-83	198	28
7	-380	-111	922413596	-1	-1	-2	0	-1	-1	0	196	27	-182	-83	198	28
7	-380	-111	922415580	-1	-2	-1	-1	0	-1	0	196	26	-182	-83	198	28
7	-380	-111	922417596	-3	-2	-2	-1	-2	-1	0	194	25	-182	-83	198	28
7	-380	-111	922419592	-3	-3	-4	-4	-2	-2	0	192	23	-182	-83	198	28
7	-380	-111	922421600	-4	-3	-6	-4	-4	-2	0	188	21	-182	-83	198	28
7	-380	-111	922423596	-8	-7	-8	-3	-5	-4	0	183	17	-182	-83	198	28
7	-380	-111	922425592	-7	-6	-11	-7	-6	-4	0	177	13	-182	-83	198	28
7	-380	-111	922427592	-9	-7	-13	-7	-7	-5	0	170	8	-182	-83	198	28
7	-380	-111	922429596	-12	-10	-17	-8	-10	-6	0	160	2	-182	-83	198	28
7	-380	-111	922431600	-13	-9	-18	-8	-10	-5	0	150	-3	-182	-83	198	28
7	-380	-111	922433596	-16	-11	-23	-12	-13	-8	0	137	-11	-182	-83	198	28
7	-380	-111	922435596	-19	-14	-25	-10	-15	-8	0	122	-19	-182	-83	198	28
7	-380	-111	922437588	-20	-14	-33	-13	-18	-9	0	104	-28	-182	-83	198	28
7	-380	-111	922439588	-24	-15	-31	-13	-18	-9	0	86	-37	-182	-83	198	28
7	-380	-111	922441588	-28	-17	-41	-16	-23	-11	0	63	-48	-182	-83	198	28
7	-380	-111	922443592	-28	-18	-40	-15	-23	-11	0	40	-59	-182	-83	198	28
7	-380	-111	922445592	-31	-19	-50	-20	-27	-13	0	13	-72	-182	-83	198	28
7	-380	-111	922447592	-40	-21	-54	-20	-31	-14	0	-18	-86	-182	-83	198	28
7	-380	-111	922449592	-38	-21	-53	-20	-30	-14	0	-48	-100	-182	-83	198	28
7	-380	-111	922451596	-42	-23	-62	-23	-35	-15	0	-83	-115	-182	-83	198	28
7	-380	-111	922453604	-51	-26	-59	-22	-37	-16	0	-120	-131	-182	-83	198	28
7	-380	-111	922455592	-49	-24	-70	-26	-39	-17	0	-159	-148	-182	-83	198	28
7	-380	-111	922457596	-53	-26	-65	-24	-40	-16	0	-199	-164	-182	-83	198	28
7	-380	-111	922459600	-55	-26	-77	-29	-44	-19	0	-243	-183	-182	-83	198	28
7	-380	-111	922461604	-67	-31	-72	-26	-46	-19	0	-289	-202	-182	-83	198	28
7	-380	-111	922463608	-63	-30	-83	-31	-49	-20	0	-338	-222	-182	-83	198	28
7	-380	-111	922465596	-66	-30	-77	-28	-47	-19	0	-385	-241	-182	-83	198	28
7	-380	-111	922467596	-77	-37	-90	-34	-56	-24	0	-441	-265	-182	-83	198	28
7	-380	-111	922469600	-73	-33	-81	-31	-51	-21	0	-492	-286	-182	-83	198	28
7	-380	-111	922471604	-76	-34	-95	-36	-57	-24	0	-549	-310	-182	-83	198	28
7	-380	-111	922473612	-88	-40	-99	-38	-63	-26	0	-612	-336	-182	-83	198	28
7	-380	-111	922475616	-81	-36	-90	-33	-57	-23	0	-669	-359	-182	-83	198	28
7	-380	-111	922477612	-84	-37	-105	-40	-63	-25	0	-732	-384	-182	-83	198	28
7	-380	-111	922479600	-96	-42	-93	-37	-63	-27	0	-795	-411	-182	-83	198	28
7	-380	-111	922481592	-86	-38	-112	-41	-66	-26	0	-861	-437	-182	-83	198	28
7	-380	-111	922483592	-89	-38	-98	-37	-62	-25	0	-923	-462	-182	-83	198	28
7	-380	-111	922485596	-102	-43	-117	-43	-73	-29	0	-996	-491	-182	-83	198	28
7	-380	-111	922487600	-93	-39	-103	-39	-65	-26	0	-1061	-517	-182	-83	198	28
7	-380	-111	922489600	-92	-40	-122	-43	-72	-27	0	-1133	-544	-182	-83	198	28
7	-380	-111	922491592	-108	-43	-107	-38	-71	-27	0	-1204	-571	-182	-83	198	28
7	-380	-111	922493596	-96	-40	-125	-44	-74	-28	0	-1278	-599	-182	-83	198	28
7	-380	-111	922495596	-98	-40	-110	-38	-69	-26	0	-1347	-625	-182	-83	198	28
7	-380	-111	922497592	-110	-44	-128	-44	-80	-30	0	-1427	-655	-182	-83	198	28
7	-380	-111	922499600	-98	-40	-127	-44	-75	-28	0	-1502	-683	-182	-83	198	28
7	-380	-111	922501596	-99	-39	-113	-39	-70	-26	0	-1572	-709	-182	-83	198	28
7	-380	-111	922503592	-99	-39	-128	-42	-76	-27	0	-1648	-736	-182	-83	198	28
7	-380	-111	922505604	-111	-42	-113	-38	-75	-26	0	-1723	-762	-182	-83	198	28
7	-380	-111	922507600	-99	-38	-127	-42	-75	-27	0	-1355	-747	-182	-83	198	28
7	-380	-111	922509608	-99	-37	-113	-36	-71	-24	0	-1426	-771	-182	-83	198	28
7	-380	-111	922511604	-110	-40	-125	-42	-78	-28	0	-1504	-799	-182	-83	198	28
7	-380	-111	922513604	-96	-35	-109	-33	-68	-22	0	-1572	-821	-182	-83	198	28
7	-380	-111	922515604	-94	-34	-122	-39	-72	-25	0	-1644	-846	-182	-83	198	28
7	-380	-111	922517604	-105	-37	-105	-33	-70	-23	0	-1350	-743	-182	-83	198	28
7	-380	-111	922519604	-90	-32	-116	-36	-69	-23	0	-1419	-766	-182	-83	198	28
7	-380	-111	922521596	-87	-30	-115	-34	-67	-21	0	-1486	-787	-182	-83	198	28
7	-380	-111	922523596	-96	-31	-97	-30	-65	-20	0	-1551	-807	-182	-83	198	28
7	-380	-111	922525596	-82	-27	-108	-31	-63	-20	0	-1614	-827	-182	-83	198	28
7	-380	-111	922527600	-80	-25	-90	-26	-57	-17	0	-1671	-844	-182	-83	198	28
7	-380	-111	922529592	-86	-28	-102	-29	-62	-19	0	-1733	-863	-182	-83	198	28
7	-380	-111	922531588	-74	-22	-83	-24	-53	-15	0	-1786	-878	-182	-83	198	28
7	-380	-111	922533592	-71	-23	-94	-26	-55	-16	0	-1841	-894	-182	-83	198	28
7	-380	-111	922535588	-75	-22	-78	-21	-51	-15	0	-1331	-735	-182	-83	198	28
7	-380	-111	922537588	-64	-20	-85	-23	-49	-14	0	-1380	-749	-182	-83	198	28
7	-380	-111	922539596	-60	-18	-70	-18	-44	-12	0	-1424	-761	-182	-83	198	28
7	-380	-111	922541584	-63	-19	-76	-22	-46	-14	0	-1470	-775	-182	-83	198	28
7	-380	-111	922543588	-55	-16	-64	-16	-40	-10	0	-1510	-785	-182	-83	198	28
7	-380	-111	922545592	-50	-15	-67	-17	-39	-11	0	-1549	-796	-182	-83	198	28
7	-380	-111	922547596	-55	-15	-64	-17	-39	-11	0	-1588	-807	-182	-83	198	28
7	-380	-111	922549600	-45	-14	-52	-13	-33	-9	0	-1621	-816	-182	-83	198	28
7	-380	-111	922551596	-42	-11	-55	-15	-32	-8	0	-1312	-728	-182	-83	198	28
7	-380	-111	922553596	-40	-11	-45	-13	-28	-8	0	-1340	-736	-182	-83	198	28
7	-380	-111	922555596	-40	-13	-48	-12	-30	-9	0	-1370	-745	-182	-83	198	28
7	-380	-111	922557596	-33	-10	-37	-10	-23	-6	0	-1393	-751	-182	-83	198	28
7	-380	-111	922559596	-32	-8	-40	-12	-24	-7	0	-1417	-758	-182	-83	198	28
7	-380	-111	922561588	-31	-9	-32	-8	-21	-6	0	-1438	-764	-182	-83	198	28
7	-380	-111	922563592	-25	-8	-32	-10	-19	-6	0	-1457	-770	-182	-83	198	28
7	-380	-111	922565584	-22	-7	-26	-8	-16	-5	0	-1473	-775	-182	-83	198	28
7	-380	-111	922567584	-24	-6	-27	-7	-17	-4	0	-1490	-779	-182	-83	198	28
7	-380	-111	922569584	-19	-7	-20	-7	-13	-5	0	-1503	-784	-182	-83	198	28
7	-380	-111	922571592	-17	-5	-21	-7	-13	-4	0	-1516	-788	-182	-83	198	28
7	-380	-111	922573580	-17	-5	-15	-5	-10	-3	0	-1526	-791	-182	-83	198	28
7	-380	-111	922575584	-12	-3	-16	-5	-10	-3	0	-1290	-723	-182	-83	198	28
7	-380	-111	922577588	-11	-4	-14	-5	-8	-3	0	-1298	-726	-182	-83	198	28
7	-380	-111	922579584	-13	-4	-10	-4	-8	-2	0	-1306	-728	-182	-83	198	28
7	-380	-111	922581580	-9	-2	-10	-4	-6	-2	0	-1312	-730	-182	-83	198	28
7	-380	-111	922583572	-7	-2	-7	-2	-5	-2	0	-1317	-732	-182	-83	198	28
7	-380	-111	922585572	-8	-2	-8	-4	-5	-2	0	-1285	-722	-182	-83	198	28
7	-380	-111	922587572	-6	-3	-5	-1	-4	-1	0	-1289	-723	-182	-83	198	28
7	-380	-111	922589584	-6	-1	-6	-3	-4	-1	0	-1293	-724	-182	-83	198	28
7	-380	-111	922591584	-5	-1	-4	-1	-3	-1	0	-1296	-725	-182	-83	198	28
7	-380	-111	922593584	-6	-1	-4	-1	-3	-1	0	-1299	-726	-182	-83	198	28
7	-380	-111	922595584	-5	-2	-3	-1	-3	-1	0	-1302	-727	-182	-83	198	28
7	-380	-111	922597568	-4	0	-4	-2	-2	0	0	-1304	-727	-182	-83	198	28
7	-380	-111	922599580	-6	-1	-3	-1	-3	-1	0	-1307	-728	-182	-83	198	28
7	-380	-111	922601564	-4	-1	-3	0	-3	0	0	-1310	-728	-182	-83	198	28
7	-380	-111	922603572	-5	0	-3	-1	-2	-1	0	-1312	-729	-182	-83	198	28
7	-380	-111	922605560	-6	-1	-2	-1	-3	0	0	-1315	-729	-182	-83	198	28
7	-380	-111	922607572	-5	-2	-4	-2	-3	-2	0	-1283	-722	-182	-83	198	28
7	-380	-111	922609560	-5	-1	-3	0	-3	0	0	-1286	-722	-182	-83	198	28
7	-380	-111	922611568	-8	-1	-3	-1	-3	-1	0	-1289	-723	-182	-83	198	28
7	-380	-111	922613552	-6	-1	-4	-1	-4	0	0	-1293	-723	-182	-83	198	28
7	-380	-111	922615572	-8	-2	-4	-1	-4	-1	0	-1297	-724	-182	-83	198	28
7	-380	-111	922617560	-8	-2	-5	-2	-4	-2	0	-1284	-722	-182	-83	198	28
7	-380	-111	922619560	-9	-1	-5	-2	-5	-1	0	-1289	-723	-182	-83	198	28
7	-380	-111	922621560	-9	-3	-5	-1	-4	-1	0	-1293	-724	-182	-83	198	28
7	-380	-111	922623556	-11	-2	-6	-3	-6	-2	0	-1299	-726	-182	-83	198	28
7	-380	-111	922625560	-13	-3	-6	-2	-6	-1	0	-1305	-727	-182	-83	198	28
7	-380	-111	922627560	-12	-2	-8	-3	-7	-2	0	-1312	-729	-182	-83	198	28
7	-380	-111	922629560	-14	-4	-7	-2	-7	-2	0	-1319	-731	-182	-83	198	28
7	-380	-111	922631564	-17	-4	-10	-4	-9	-3	0	-1328	-734	-182	-83	198	28
7	-380	-111	922633560	-18	-4	-10	-4	-9	-2	0	-1337	-736	-182	-83	198	28
7	-380	-111	922635556	-20	-5	-10	-4	-10	-3	0	-1347	-739	-182	-83	198	28
7	-380	-111	922637556	-24	-6	-13	-6	-13	-4	0	-1293	-724	-182	-83	198	28
7	-380	-111	922639556	-22	-5	-12	-5	-11	-4	0	-1304	-728	-182	-83	198	28
7	-380	-111	922641556	-25	-6	-15	-5	-13	-3	0	-1317	-731	-182	-83	198	28
7	-380	-111	922643556	-29	-6	-14	-6	-15	-4	0	-1332	-735	-182	-83	198	28
7	-380	-111	922645556	-27	-8	-16	-6	-14	-5	0	-1346	-740	-182	-83	198	28
7	-380	-111	922647552	-27	-6	-14	-7	-14	-4	0	-1360	-744	-182	-83	198	28
7	-380	-111	922649552	-31	-8	-18	-7	-16	-5	0	-1376	-749	-182	-83	198	28
7	-380	-111	922651552	-29	-7	-16	-6	-15	-5	0	-1295	-725	-182	-83	198	28
7	-380	-111	922653552	-27	-6	-17	-8	-15	-4	0	-1310	-729	-182	-83	198	28
7	-380	-111	922655556	-31	-9	-17	-6	-16	-5	0	-1326	-734	-182	-83	198	28
7	-380	-111	922657560	-28	-6	-17	-6	-15	-4	0	-1341	-738	-182	-83	198	28
7	-380	-111	922659564	-27	-7	-19	-8	-15	-5	0	-1356	-743	-182	-83	198	28
7	-380	-111	922661564	-29	-7	-15	-6	-15	-5	0	-1371	-748	-182	-83	198	28
7	-380	-111	922663568	-25	-6	-17	-6	-14	-4	0	-1385	-752	-182	-83	198	28
7	-380	-111	922665564	-24	-5	-15	-7	-13	-4	0	-1398	-756	-182	-83	198	28
7	-380	-111	922667568	-25	-7	-17	-6	-14	-4	0	-1412	-760	-182	-83	198	28
7	-380	-111	922669572	-20	-5	-13	-4	-11	-3	0	-1423	-763	-182	-83	198	28
7	-380	-111	922671564	-20	-3	-15	-6	-11	-3	0	-1434	-766	-182	-83	198	28
7	-380	-111	922673564	-19	-4	-13	-4	-11	-3	0	-1291	-723	-182	-83	198	28
7	-380	-111	922675568	-18	-5	-14	-3	-11	-2	0	-1302	-725	-182	-83	198	28
7	-380	-111	922677568	-17	-3	-11	-4	-9	-3	0	-1311	-728	-182	-83	198	28
7	-380	-111	922679564	-16	-3	-11	-3	-9	-2	0	-1320	-730	-182	-83	198	28
7	-380	-111	922681564	-16	-3	-10	-3	-9	-2	0	-1329	-732	-182	-83	198	28
7	-380	-111	922683564	-14	-2	-10	-3	-8	-1	0	-1288	-721	-182	-83	198	28
7	-380	-111	922685564	-14	-3	-10	-2	-8	-2	0	-1296	-723	-182	-83	198	28
7	-380	-111	922687560	-13	-2	-8	-3	-7	-2	0	-1303	-725	-182	-83	198	28
7	-380	-111	922689568	-13	-2	-8	-2	-7	-1	0	-1310	-726	-182	-83	198	28
7	-380	-111	922691556	-11	-2	-7	-2	-6	-1	0	-1316	-727	-182	-83	198	28
7	-380	-111	922693560	-11	-1	-7	-2	-6	-1	0	-1322	-728	-182	-83	198	28
7	-380	-111	922695560	-10	-2	-5	-1	-5	-1	0	-1327	-729	-182	-83	198	28
7	-380	-111	922697552	-8	-1	-6	-2	-4	-1	0	-1331	-730	-182	-83	198	28
7	-380	-111	922699552	-9	-1	-4	-1	-5	-1	0	-1336	-731	-182	-83	198	28
7	-380	-111	922701540	-6	-1	-5	0	-3	0	0	-1283	-720	-182	-83	198	28
7	-380	-111	922703552	-6	0	-3	-1	-3	-1	0	-1286	-721	-182	-83	198	28
7	-380	-111	922705544	-5	-2	-3	-1	-3	-1	0	-1289	-722	-182	-83	198	28
7	-380	-111	922707500	-4	0	-3	0	-2	0	0	-1291	-722	-182	-83	198	28
7	-380	-111	922709508	-4	0	-2	0	-2	0	0	-1293	-722	-182	-83	198	28
7	-380	-111	922711532	-2	0	-2	-2	-2	0	1	-1295	-722	-182	-83	198	28
8	-380	-111	922713500	-3	0	-1	0	-1	0	1	-183	-83	-182	-83	198	28
8	-380	-111	922715508	-1	0	-1	0	-1	0	1	-184	-83	-182	-83	198	28
8	333	214	922717492	0	0	-1	0	0	0	1	-184	-83	151	131	-182	-83
8	333	214	922719496	-1	0	0	0	0	0	1	-184	-83	151	131	-182	-83
8	333	214	922741492	2	0	0	0	0	0	1	-184	-83	151	131	-182	-83
8	333	214	922745516	1	0	0	1	0	0	1	-184	-83	151	131	-182	-83
8	333	214	922749484	1	0	0	0	0	0	1	-184	-83	151	131	-182	-83
8	333	214	922751488	1	0	0	0	0	0	1	-184	-83	151	131	-182	-83
8	333	214	922753492	2	0	0	0	1	0	1	-183	-83	151	131	-182	-83
8	333	214	922755516	1	0	0	1	0	0	1	-183	-83	151	131	-182	-83
8	333	214	922757532	2	1	1	0	1	0	1	-182	-83	151	131	-182	-83
8	333	214	922759536	3	1	1	0	2	0	1	-180	-83	151	131	-182	-83
8	333	214	922761540	4	0	2	1	2	0	1	-178	-83	151	131	-182	-83
8	333	214	922763556	3	1	1	2	1	1	1	-177	-82	151	131	-182	-83
8	333	214	922765560	5	1	1	1	2	1	1	-175	-81	151	131	-182	-83
8	333	214	922767564	5	2	1	1	2	1	1	-173	-80	151	131	-182	-83
8	333	214	922769568	7	1	3	1	3	1	1	-170	-79	151	131	-182	-83
8	333	214	922771568	6	2	2	2	3	1	1	-167	-78	151	131	-182	-83
8	333	214	922773572	7	2	3	1	3	1	1	-164	-77	151	131	-182	-83
8	333	214	922775572	9	2	4	2	5	1	1	-159	-76	151	131	-182	-83
8	333	214	922777572	9	3	3	2	4	2	1	-155	-74	151	131	-182	-83
8	333	214	922779564	10	2	4	2	4	1	1	-151	-73	151	131	-182	-83
8	333	214	922781560	11	3	5	3	6	2	1	-145	-71	151	131	-182	-83
8	333	214	922783552	11	2	5	3	5	2	1	-140	-69	151	131	-182	-83
8	333	214	922785560	13	4	8	3	7	2	1	-133	-67	151	131	-182	-83
8	333	214	922787556	15	4	6	4	7	3	1	-126	-64	151	131	-182	-83
8	333	214	922789556	14	3	7	2	7	2	1	-119	-62	151	131	-182	-83
8	333	214	922791548	13	4	9	4	7	2	1	-112	-60	151	131	-182	-83
8	333	214	922793548	18	4	10	4	10	3	0	-102	-57	151	131	-182	-83
8	333	214	922795552	15	4	10	3	8	2	0	-94	-55	151	131	-182	-83
8	333	214	922797556	17	3	13	4	10	3	0	-84	-52	151	131	-182	-83
8	333	214	922799552	19	5	12	4	10	3	0	-74	-49	151	131	-182	-83
8	333	214	922801556	19	4	15	4	12	2	0	-62	-47	151	131	-182	-83
8	333	214	922803560	19	5	15	3	11	3	0	-51	-44	151	131	-182	-83
8	333	214	922805564	22	5	19	5	14	3	0	-37	-41	151	131	-182	-83
8	333	214	922807560	20	5	17	5	12	4	0	-25	-37	151	131	-182	-83
8	333	214	922809556	21	5	22	5	14	3	0	-11	-34	151	131	-182	-83
8	333	214	922811560	23	5	20	5	15	3	0	4	-31	151	131	-182	-83
8	333	214	922813568	25	6	23	5	16	4	0	20	-27	151	131	-182	-83
8	333	214	922815564	24	5	27	5	17	3	0	37	-24	151	131	-182	-83
8	333	214	922817560	23	5	22	7	15	4	0	52	-20	151	131	-182	-83
8	333	214	922819552	28	7	28	6	18	5	0	70	-15	151	131	-182	-83
8	333	214	922821544	25	6	26	5	17	3	0	87	-12	151	131	-182	-83
8	333	214	922823552	25	6	30	6	19	4	0	106	-8	151	131	-182	-83
8	333	214	922825548	30	9	26	6	18	5	0	124	-3	151	131	-182	-83
8	333	214	922827540	26	6	33	8	20	5	0	144	2	151	131	-182	-83
8	333	214	922829548	26	8	28	7	18	5	0	162	7	151	131	-182	-83
8	333	214	922831540	32	10	33	9	22	6	0	184	13	151	131	-182	-83
8	333	214	922833540	28	7	30	8	19	5	0	203	18	151	131	-182	-83
8	333	214	922835536	29	10	34	10	21	7	0	224	25	151	131	-182	-83
8	333	214	922837540	34	11	31	10	22	7	0	246	32	151	131	-182	-83
8	333	214	922839548	31	10	35	11	22	7	0	268	39	151	131	-182	-83
8	333	214	922841540	33	13	37	12	23	8	0	291	47	151	131	-182	-83
8	333	214	922843544	37	15	34	12	24	9	0	315	56	151	131	-182	-83
8	333	214	922845536	35	14	40	15	25	10	0	340	66	151	131	-182	-83
8	333	214	922847532	38	15	36	15	24	10	0	364	76	151	131	-182	-83
8	333	214	922849532	38	17	43	17	27	11	0	391	87	151	131	-182	-83
8	333	214	922851528	48	20	39	18	29	13	0	420	100	151	131	-182	-83
8	333	214	922853524	44	20	47	21	31	14	0	451	114	151	131	-182	-83
8	333	214	922855520	46	21	43	20	29	13	0	480	127	151	131	-182	-83
8	333	214	922857532	56	27	51	25	36	18	0	516	145	151	131	-182	-83
8	333	214	922859532	54	26	47	25	34	17	0	550	162	151	131	-182	-83
8	333	214	922861532	57	27	57	30	38	19	0	588	181	151	131	-182	-83
8	333	214	922863532	69	35	52	29	40	21	0	628	202	151	131	-182	-83
8	333	214	922865532	68	35	63	36	44	24	0	672	226	151	131	-182	-83
8	333	214	922867532	70	37	57	35	42	24	0	714	250	151	131	-182	-83
8	333	214	922869536	85	45	69	42	51	29	0	765	279	151	131	-182	-83
8	333	214	922871540	81	43	71	47	51	30	0	816	309	151	131	-182	-83
8	333	214	922873540	85	47	66	43	50	30	0	866	339	151	131	-182	-83
8	333	214	922875544	102	55	79	53	61	36	0	927	375	151	131	-182	-83
8	333	214	922877536	94	52	71	49	55	33	0	982	408	151	131	-182	-83
8	333	214	922879532	99	56	85	60	61	39	0	1043	447	151	131	-182	-83
8	333	214	922881536	117	67	77	55	65	41	0	1108	488	151	131	-182	-83
8	333	214	922883532	107	61	91	65	66	42	0	1174	530	151	131	-182	-83
8	333	214	922885528	111	65	82	60	64	41	0	1238	571	151	131	-182	-83
8	333	214	922887532	112	66	97	70	70	46	0	1308	617	151	131	-182	-83
8	333	214	922889520	129	76	86	63	71	46	0	1379	663	151	131	-182	-83
8	333	214	922891532	116	69	100	75	72	48	0	1451	711	151	131	-182	-83
8	333	214	922893532	118	70	89	67	69	46	0	1520	757	151	131	-182	-83
8	333	214	922895532	131	79	103	76	78	51	0	1598	808	151	131	-182	-83
8	333	214	922897528	115	70	105	77	74	49	0	1672	857	151	131	-182	-83
8	333	214	922899524	115	69	93	68	69	46	0	1741	903	151	131	-182	-83
8	333	214	922901520	128	77	107	77	78	51	0	1819	954	151	131	-182	-83
8	333	214	922903524	111	68	94	68	69	46	0	1888	1000	151	131	-182	-83
8	333	214	922905512	110	67	108	75	72	47	0	1960	1047	151	131	-182	-83
8	333	214	922907524	120	73	93	65	71	46	0	1351	766	151	131	-182	-83
8	333	214	922909528	104	62	107	71	71	44	0	1422	810	151	131	-182	-83
8	333	214	922911524	100	60	92	61	64	41	0	1486	851	151	131	-182	-83
8	333	214	922913524	108	65	104	68	70	44	0	1556	895	151	131	-182	-83
8	333	214	922915532	94	56	89	56	61	37	0	1617	932	151	131	-182	-83
8	333	214	922917524	91	53	100	63	64	39	0	1344	759	151	131	-182	-83
8	333	214	922919528	98	57	97	61	65	39	0	1409	798	151	131	-182	-83
8	333	214	922921528	84	49	83	50	56	33	0	1465	831	151	131	-182	-83
8	333	214	922923520	80	46	93	55	57	34	0	1522	865	151	131	-182	-83
8	333	214	922925528	87	50	79	46	56	32	0	1578	897	151	131	-182	-83
8	333	214	922927524	75	43	86	50	53	31	0	1631	928	151	131	-182	-83
8	333	214	922929532	71	40	74	43	49	28	0	1680	956	151	131	-182	-83
8	333	214	922931536	69	39	81	45	50	28	0	1730	984	151	131	-182	-83
8	333	214	922933532	74	41	69	38	47	26	0	1777	1010	151	131	-182	-83
8	333	214	922935532	61	35	75	42	46	26	0	1326	746	151	131	-182	-83
8	333	214	922937532	60	34	63	33	41	22	0	1367	768	151	131	-182	-83
8	333	214	922939528	64	36	67	38	43	25	0	1410	793	151	131	-182	-83
8	333	214	922941528	54	30	55	31	37	20	0	1447	813	151	131	-182	-83
8	333	214	922943524	51	29	61	34	37	21	0	1484	834	151	131	-182	-83
8	333	214	922945520	55	31	49	29	35	20	0	1519	854	151	131	-182	-83
8	333	214	922947532	45	26	54	30	33	19	0	1552	873	151	131	-182	-83
8	333	214	922949528	42	25	49	28	30	17	0	1582	890	151	131	-182	-83
8	333	214	922951524	45	26	41	24	29	17	0	1611	907	151	131	-182	-83
8	333	214	922953524	37	22	42	25	26	16	0	1306	736	151	131	-182	-83
8	333	214	922955524	33	21	34	21	22	14	0	1328	750	151	131	-182	-83
8	333	214	922957520	34	20	36	23	24	14	0	1352	764	151	131	-182	-83
8	333	214	922959520	28	17	29	17	19	11	0	1371	775	151	131	-182	-83
8	333	214	922961532	25	17	30	19	18	12	0	1389	787	151	131	-182	-83
8	333	214	922963532	25	16	23	15	16	11	0	1405	798	151	131	-182	-83
8	333	214	922965532	20	12	23	15	14	9	0	1419	807	151	131	-182	-83
8	333	214	922967524	16	12	19	13	12	8	0	1431	815	151	131	-182	-83
8	333	214	922969528	17	11	19	12	12	8	0	1292	728	151	131	-182	-83
8	333	214	922971532	12	9	15	10	9	6	0	1301	734	151	131	-182	-83
8	333	214	922973528	11	7	12	9	8	5	0	1309	739	151	131	-182	-83
8	333	214	922975528	9	6	12	9	7	5	0	1316	744	151	131	-182	-83
8	333	214	922977528	7	7	8	6	5	5	0	1321	749	151	131	-182	-83
8	333	214	922979532	5	5	8	6	4	3	0	1325	752	151	131	-182	-83
8	333	214	922981536	5	3	6	4	4	3	0	1329	755	151	131	-182	-83
8	333	214	922983544	4	4	6	5	3	3	0	1332	758	151	131	-182	-83
8	333	214	922985536	2	3	4	4	2	2	0	1282	722	151	131	-182	-83
8	333	214	922987536	3	2	4	2	2	1	0	1284	723	151	131	-182	-83
8	333	214	922989536	1	3	2	3	1	2	0	1285	725	151	131	-182	-83
8	333	214	922991528	1	1	2	2	1	1	0	1286	726	151	131	-182	-83
8	333	214	922993532	0	1	2	1	1	1	0	1287	727	151	131	-182	-83
8	333	214	922995540	2	1	1	3	1	1	0	1288	728	151	131	-182	-83
8	333	214	922997504	0	2	0	1	0	1	0	1288	729	151	131	-182	-83
8	333	214	922999544	1	1	2	1	1	1	0	1289	730	151	131	-182	-83
8	333	214	923001524	0	2	1	3	0	2	0	1280	722	151	131	-182	-83
8	333	214	923003540	1	3	1	2	1	1	0	1281	723	151	131	-182	-83
8	333	214	923005544	1	1	1	3	1	2	0	1282	725	151	131	-182	-83
8	333	214	923007552	2	4	2	2	1	2	0	1283	727	151	131	-182	-83
8	333	214	923009548	2	4	1	4	1	2	0	1284	729	151	131	-182	-83
8	333	214	923011552	3	3	2	4	2	3	0	1286	732	151	131	-182	-83
8	333	214	923013552	2	5	3	5	1	3	0	1287	735	151	131	-182	-83
8	333	214	923015556	4	7	2	5	2	4	0	1289	739	151	131	-182	-83
8	333	214	923017552	5	5	3	6	3	4	0	1292	743	151	131	-182	-83
8	333	214	923019560	5	7	4	8	3	5	0	1283	725	151	131	-182	-83
8	333	214	923021552	6	8	3	6	3	4	0	1286	729	151	131	-182	-83
8	333	214	923023544	6	8	5	9	4	6	0	1290	735	151	131	-182	-83
8	333	214	923025544	9	9	4	7	4	5	0	1294	740	151	131	-182	-83
8	333	214	923027544	8	10	5	10	4	7	0	1298	747	151	131	-182	-83
8	333	214	923029544	8	9	5	9	5	6	0	1303	753	151	131	-182	-83
8	333	214	923031544	10	11	6	10	5	7	0	1308	760	151	131	-182	-83
8	333	214	923033540	9	10	5	10	5	7	0	1313	767	151	131	-182	-83
8	333	214	923035540	10	11	7	11	5	7	0	1318	774	151	131	-182	-83
8	333	214	923037548	10	10	6	10	6	7	0	1324	781	151	131	-182	-83
8	333	214	923039544	13	12	6	11	6	7	0	1330	788	151	131	-182	-83
8	333	214	923041536	10	11	5	12	5	8	0	1335	796	151	131	-182	-83
8	333	214	923043544	10	10	8	11	6	7	0	1286	727	151	131	-182	-83
8	333	214	923045540	12	11	6	11	6	7	0	1292	734	151	131	-182	-83
8	333	214	923047536	10	10	5	10	5	7	0	1297	741	151	131	-182	-83
8	333	214	923049528	10	10	6	10	5	7	0	1302	748	151	131	-182	-83
8	333	214	923051536	11	10	5	10	6	6	0	1286	726	151	131	-182	-83
8	333	214	923053544	9	9	6	10	5	7	0	1291	733	151	131	-182	-83
8	333	214	923055540	9	9	4	8	4	5	1	1295	738	151	131	-182	-83
9	333	214	923057556	10	8	5	10	5	6	1	156	137	151	131	-182	-83
9	333	214	923059560	7	7	5	6	4	5	1	160	142	151	131	-182	-83
9	333	214	923061552	8	7	4	9	4	5	1	164	147	151	131	-182	-83
9	333	214	923063556	7	6	4	6	4	4	1	168	151	151	131	-182	-83
9	333	214	923065556	5	7	3	6	2	4	1	170	155	151	131	-182	-83
9	333	214	923067560	7	5	3	5	4	4	1	174	159	151	131	-182	-83
9	-259	-299	923069564	5	3	2	5	2	2	1	176	161	-108	-168	151	131
9	-259	-299	923071568	3	4	3	5	2	3	1	178	164	-108	-168	151	131
9	-259	-299	923073564	4	4	2	4	2	3	1	180	167	-108	-168	151	131
9	-259	-299	923075560	4	2	2	2	2	1	1	182	168	-108	-168	151	131
9	-259	-299	923077568	2	3	1	3	1	2	1	183	170	-108	-168	151	131
9	-259	-299	923079560	3	1	1	2	1	1	1	184	171	-108	-168	151	131
9	-259	-299	923081564	1	1	1	2	1	1	1	185	172	-108	-168	151	131
9	-259	-299	923083572	1	2	2	2	1	2	1	186	174	-108	-168	151	131
9	-259	-299	923085552	2	0	0	1	1	0	1	187	174	-108	-168	151	131
9	-259	-299	923087544	0	1	1	0	0	0	1	187	174	-108	-168	151	131
9	-259	-299	923089528	0	0	0	2	0	1	1	187	175	-108	-168	151	131
9	-259	-299	923093508	1	0	0	0	0	0	1	187	175	-108	-168	151	131
9	-259	-299	923095504	0	0	0	1	0	0	1	187	175	-108	-168	151	131
9	-259	-299	923111516	-1	0	0	0	0	0	1	187	175	-108	-168	151	131
9	-259	-299	923121512	-1	0	0	0	0	0	1	187	175	-108	-168	151	131
9	-259	-299	923133492	0	1	0	-1	0	0	0	187	175	-108	-168	151	131
9	-259	-299	923147524	0	0	0	-1	0	0	0	187	175	-108	-168	151	131
9	-259	-299	923153564	-1	0	0	-1	0	0	0	187	175	-108	-168	151	131
9	-259	-299	923155576	-3	-1	-2	-1	-1	0	0	186	175	-108	-168	151	131
9	-259	-299	923157588	-3	-3	-2	-3	-2	-2	0	184	173	-108	-168	151	131
9	-259	-299	923159588	-4	-4	-1	-2	-2	-2	0	182	171	-108	-168	151	131
9	-259	-299	923161580	-5	-3	-4	-4	-3	-2	0	179	169	-108	-168	151	131
9	-259	-299	923163580	-8	-5	-5	-4	-4	-3	0	175	166	-108	-168	151	131
9	-259	-299	923165580	-7	-7	-5	-6	-4	-5	0	171	161	-108	-168	151	131
9	-259	-299	923167580	-10	-7	-8	-8	-6	-5	0	165	156	-108	-168	151	131
9	-259	-299	923169568	-14	-10	-8	-7	-7	-5	0	158	151	-108	-168	151	131
9	-259	-299	923171572	-12	-10	-12	-10	-8	-7	0	150	144	-108	-168	151	131
9	-259	-299	923173568	-15	-13	-11	-10	-9	-8	0	141	136	-108	-168	151	131
9	-259	-299	923175572	-20	-15	-15	-14	-12	-9	0	129	127	-108	-168	151	131
9	-259	-299	923177572	-20	-16	-15	-14	-11	-10	0	118	117	-108	-168	151	131
9	-259	-299	923179564	-23	-16	-20	-17	-15	-11	0	103	106	-108	-168	151	131
9	-259	-299	923181568	-27	-23	-20	-18	-15	-14	0	88	92	-108	-168	151	131
9	-259	-299	923183572	-28	-21	-26	-22	-18	-14	0	70	78	-108	-168	151	131
9	-259	-299	923185576	-30	-24	-26	-21	-19	-15	0	51	63	-108	-168	151	131
9	-259	-299	923187580	-37	-28	-33	-27	-23	-19	0	28	44	-108	-168	151	131
9	-259	-299	923189584	-37	-28	-31	-26	-23	-18	0	5	26	-108	-168	151	131
9	-259	-299	923191576	-38	-30	-39	-31	-26	-20	0	-21	6	-108	-168	151	131
9	-259	-299	923193580	-43	-32	-42	-35	-28	-22	0	-49	-16	-108	-168	151	131
9	-259	-299	923195584	-51	-39	-40	-33	-30	-24	0	-79	-40	-108	-168	151	131
9	-259	-299	923197588	-49	-38	-50	-40	-33	-26	0	-112	-66	-108	-168	151	131
9	-259	-299	923199580	-54	-40	-47	-37	-34	-26	0	-146	-92	-108	-168	151	131
9	-259	-299	923201588	-65	-48	-57	-48	-41	-32	0	-187	-124	-108	-168	151	131
9	-259	-299	923203568	-61	-48	-55	-43	-38	-30	0	-225	-154	-108	-168	151	131
9	-259	-299	923205572	-66	-49	-66	-53	-44	-34	0	-269	-188	-108	-168	151	131
9	-259	-299	923207576	-81	-60	-62	-50	-48	-37	0	-317	-225	-108	-168	151	131
9	-259	-299	923209580	-75	-55	-75	-60	-50	-38	0	-367	-263	-108	-168	151	131
9	-259	-299	923211568	-80	-57	-68	-55	-49	-38	0	-416	-301	-108	-168	151	131
9	-259	-299	923213572	-94	-69	-84	-65	-60	-44	0	-476	-345	-108	-168	151	131
9	-259	-299	923215576	-89	-62	-76	-60	-55	-41	0	-531	-386	-108	-168	151	131
9	-259	-299	923217580	-91	-65	-92	-71	-61	-45	0	-592	-431	-108	-168	151	131
9	-259	-299	923219584	-108	-77	-93	-74	-67	-51	0	-659	-482	-108	-168	151	131
9	-259	-299	923221580	-98	-68	-87	-67	-61	-45	0	-720	-527	-108	-168	151	131
9	-259	-299	923223584	-103	-73	-100	-79	-68	-50	0	-788	-577	-108	-168	151	131
9	-259	-299	923225588	-117	-82	-90	-70	-69	-51	0	-857	-628	-108	-168	151	131
9	-259	-299	923227584	-107	-75	-105	-83	-71	-53	0	-928	-681	-108	-168	151	131
9	-259	-299	923229588	-107	-75	-92	-73	-66	-49	0	-994	-730	-108	-168	151	131
9	-259	-299	923231596	-123	-87	-108	-85	-77	-57	0	-1071	-787	-108	-168	151	131
9	-259	-299	923233588	-108	-77	-92	-75	-67	-51	0	-1138	-838	-108	-168	151	131
9	-259	-299	923235588	-110	-76	-106	-87	-72	-54	0	-1210	-892	-108	-168	151	131
9	-259	-299	923237576	-122	-87	-92	-76	-71	-55	0	-1281	-947	-108	-168	151	131
9	-259	-299	923239584	-107	-77	-102	-86	-70	-54	0	-1350	-774	-108	-168	151	131
9	-259	-299	923241584	-106	-76	-88	-75	-64	-50	0	-1414	-824	-108	-168	151	131
9	-259	-299	923243588	-117	-87	-97	-86	-72	-58	0	-1486	-882	-108	-168	151	131
9	-259	-299	923245580	-101	-75	-93	-85	-64	-53	0	-1550	-935	-108	-168	151	131
9	-259	-299	923247584	-100	-76	-77	-74	-59	-50	0	-1609	-985	-108	-168	151	131
9	-259	-299	923249584	-96	-74	-84	-83	-60	-53	0	-1669	-1038	-108	-168	151	131
9	-259	-299	923251576	-105	-81	-70	-71	-59	-50	0	-1339	-770	-108	-168	151	131
9	-259	-299	923253576	-90	-71	-75	-80	-55	-51	0	-1394	-821	-108	-168	151	131
9	-259	-299	923255568	-86	-69	-61	-69	-49	-46	0	-1443	-867	-108	-168	151	131
9	-259	-299	923257572	-93	-76	-66	-76	-53	-50	0	-1496	-917	-108	-168	151	131
9	-259	-299	923259568	-79	-66	-53	-66	-44	-44	0	-1540	-961	-108	-168	151	131
9	-259	-299	923261568	-76	-64	-56	-73	-44	-46	0	-1584	-1007	-108	-168	151	131
9	-259	-299	923263568	-80	-70	-44	-61	-41	-44	0	-1625	-1051	-108	-168	151	131
9	-259	-299	923265572	-66	-61	-47	-69	-38	-43	0	-1663	-1094	-108	-168	151	131
9	-259	-299	923267572	-63	-59	-37	-58	-33	-39	0	-1313	-759	-108	-168	151	131
9	-259	-299	923269580	-67	-64	-38	-65	-35	-43	0	-1348	-802	-108	-168	151	131
9	-259	-299	923271580	-56	-55	-34	-63	-30	-39	0	-1378	-841	-108	-168	151	131
9	-259	-299	923273584	-54	-52	-26	-52	-27	-35	0	-1405	-876	-108	-168	151	131
9	-259	-299	923275588	-55	-58	-28	-58	-27	-39	0	-1432	-915	-108	-168	151	131
9	-259	-299	923277588	-46	-50	-21	-50	-23	-33	0	-1455	-948	-108	-168	151	131
9	-259	-299	923279592	-44	-47	-21	-54	-21	-34	0	-1476	-982	-108	-168	151	131
9	-259	-299	923281596	-46	-52	-18	-46	-22	-32	0	-1498	-1014	-108	-168	151	131
9	-259	-299	923283600	-39	-43	-17	-50	-18	-31	0	-1516	-1045	-108	-168	151	131
9	-259	-299	923285600	-36	-43	-14	-42	-17	-29	0	-1297	-749	-108	-168	151	131
9	-259	-299	923287600	-39	-45	-14	-47	-18	-30	0	-1315	-779	-108	-168	151	131
9	-259	-299	923289604	-31	-39	-11	-40	-14	-27	0	-1329	-806	-108	-168	151	131
9	-259	-299	923291600	-30	-37	-10	-42	-13	-26	0	-1342	-832	-108	-168	151	131
9	-259	-299	923293604	-32	-40	-10	-43	-14	-28	0	-1356	-860	-108	-168	151	131
9	-259	-299	923295604	-27	-34	-8	-33	-12	-22	0	-1368	-882	-108	-168	151	131
9	-259	-299	923297604	-25	-32	-7	-39	-10	-24	0	-1378	-906	-108	-168	151	131
9	-259	-299	923299596	-26	-34	-6	-31	-11	-21	0	-1389	-927	-108	-168	151	131
9	-259	-299	923301596	-23	-29	-7	-35	-10	-22	0	-1399	-949	-108	-168	151	131
9	-259	-299	923303596	-21	-29	-5	-28	-9	-19	0	-1408	-968	-108	-168	151	131
9	-259	-299	923305592	-19	-26	-6	-31	-8	-19	0	-1416	-987	-108	-168	151	131
9	-259	-299	923307588	-21	-29	-4	-26	-8	-18	0	-1288	-738	-108	-168	151	131
9	-259	-299	923309592	-16	-23	-5	-29	-7	-17	0	-1295	-755	-108	-168	151	131
9	-259	-299	923311596	-17	-23	-3	-24	-7	-16	0	-1302	-771	-108	-168	151	131
9	-259	-299	923313600	-16	-24	-4	-25	-7	-16	0	-1309	-787	-108	-168	151	131
9	-259	-299	923315604	-14	-21	-3	-21	-5	-14	0	-1314	-801	-108	-168	151	131
9	-259	-299	923317608	-12	-19	-3	-24	-5	-15	0	-1285	-735	-108	-168	151	131
9	-259	-299	923319612	-14	-21	-3	-21	-6	-14	0	-1291	-749	-108	-168	151	131
9	-259	-299	923321608	-11	-17	-2	-19	-4	-12	0	-1295	-761	-108	-168	151	131
9	-259	-299	923323612	-10	-17	-3	-20	-5	-12	0	-1300	-773	-108	-168	151	131
9	-259	-299	923325608	-11	-17	-2	-16	-4	-11	0	-1304	-784	-108	-168	151	131
9	-259	-299	923327612	-9	-15	-3	-18	-4	-11	0	-1308	-795	-108	-168	151	131
9	-259	-299	923329616	-8	-14	-2	-13	-3	-9	0	-1311	-804	-108	-168	151	131
9	-259	-299	923331608	-8	-15	-2	-15	-4	-10	0	-1315	-814	-108	-168	151	131
9	-259	-299	923333608	-7	-11	-2	-13	-3	-8	0	-1318	-822	-108	-168	151	131
9	-259	-299	923335600	-6	-11	-1	-14	-2	-8	0	-1282	-728	-108	-168	151	131
9	-259	-299	923337596	-6	-13	-2	-11	-3	-8	0	-1285	-736	-108	-168	151	131
9	-259	-299	923339596	-5	-9	-1	-11	-2	-7	0	-1287	-743	-108	-168	151	131
9	-259	-299	923341604	-5	-10	-1	-9	-2	-6	0	-1289	-749	-108	-168	151	131
9	-259	-299	923343596	-5	-8	-1	-10	-2	-6	0	-1291	-755	-108	-168	151	131
9	-259	-299	923345592	-4	-8	-2	-9	-2	-6	0	-1293	-761	-108	-168	151	131
9	-259	-299	923347588	-4	-7	0	-7	-1	-5	0	-1294	-766	-108	-168	151	131
9	-259	-299	923349588	-2	-7	-1	-9	-1	-5	0	-1295	-771	-108	-168	151	131
9	-259	-299	923351588	-3	-7	0	-6	-1	-4	0	-1296	-775	-108	-168	151	131
9	-259	-299	923353580	-2	-5	0	-6	-1	-4	0	-1281	-724	-108	-168	151	131
9	-259	-299	923355584	-3	-5	-1	-5	-1	-3	0	-1282	-727	-108	-168	151	131
9	-259	-299	923357592	-2	-5	0	-5	-1	-4	0	-1283	-731	-108	-168	151	131
9	-259	-299	923359580	-1	-4	0	-4	0	-2	0	-1283	-733	-108	-168	151	131
9	-259	-299	923361592	-2	-4	0	-5	-1	-3	0	-1284	-736	-108	-168	151	131
9	-259	-299	923363580	-1	-3	0	-4	0	-3	0	-1284	-739	-108	-168	151	131
9	-259	-299	923365576	-1	-3	0	-2	0	-1	0	-1284	-740	-108	-168	151	131
9	-259	-299	923367584	-1	-2	0	-3	-1	-2	0	-1285	-742	-108	-168	151	131
9	-259	-299	923369544	0	-3	0	-4	0	-2	0	-1280	-722	-108	-168	151	131
9	-259	-299	923371576	-2	-1	0	-2	0	-1	0	-1280	-723	-108	-168	151	131
9	-259	-299	923373536	0	-3	0	-1	0	-2	0	-1280	-725	-108	-168	151	131
9	-259	-299	923375536	0	-1	0	-3	0	-1	0	-1280	-726	-108	-168	151	131
9	-259	-299	923377528	0	-1	0	-1	0	-1	0	-1280	-727	-108	-168	151	131
9	-259	-299	923379564	-1	0	0	-1	-1	0	0	-1281	-727	-108	-168	151	131
9	-259	-299	923383544	0	-1	0	-2	0	-1	0	-1281	-728	-108	-168	151	131
9	-259	-299	923389536	0	0	0	-1	0	0	0	-1280	-720	-108	-168	151	131
9	-259	-299	923417504	0	0	0	0	0	0	1	-1280	-720	-108	-168	151	131
10	164	360	923477532	0	0	0	1	0	0	0	-108	-168	56	192	-108	-168
10	164	360	923513552	0	0	0	1	0	0	0	-108	-168	56	192	-108	-168
10	164	360	923517544	0	1	0	0	0	0	0	-108	-168	56	192	-108	-168
10	164	360	923519572	0	1	1	1	0	0	0	-108	-168	56	192	-108	-168
10	164	360	923521592	1	3	2	3	1	2	0	-107	-166	56	192	-108	-168
10	164	360	923523572	1	2	1	2	0	2	0	-107	-164	56	192	-108	-168
10	164	360	923525584	2	4	2	4	2	2	0	-105	-162	56	192	-108	-168
10	164	360	923527600	4	5	3	4	2	3	0	-103	-159	56	192	-108	-168
10	164	360	923529600	3	5	4	6	2	4	0	-101	-155	56	192	-108	-168
10	164	360	923531600	5	9	3	6	3	5	0	-98	-150	56	192	-108	-168
10	164	360	923533604	6	9	5	8	4	6	0	-94	-144	56	192	-108	-168
10	164	360	923535612	6	10	7	11	4	7	0	-90	-137	56	192	-108	-168
10	164	360	923537604	9	11	6	10	5	7	0	-85	-130	56	192	-108	-168
10	164	360	923539608	11	16	7	15	6	10	0	-79	-120	56	192	-108	-168
10	164	360	923541608	13	16	7	14	7	10	0	-72	-110	56	192	-108	-168
10	164	360	923543608	13	19	10	20	7	13	0	-65	-97	56	192	-108	-168
10	164	360	923545612	18	25	10	21	10	15	0	-55	-82	56	192	-108	-168
10	164	360	923547604	19	24	10	21	9	15	0	-46	-67	56	192	-108	-168
10	164	360	923549608	21	26	11	28	11	18	0	-35	-49	56	192	-108	-168
10	164	360	923551604	27	33	12	26	13	20	0	-22	-29	56	192	-108	-168
10	164	360	923553604	28	32	14	34	14	22	0	-8	-7	56	192	-108	-168
10	164	360	923555604	31	36	13	32	15	23	0	7	16	56	192	-108	-168
10	164	360	923557604	40	44	16	41	18	28	0	25	44	56	192	-108	-168
10	164	360	923559600	40	45	15	40	19	28	0	44	72	56	192	-108	-168
10	164	360	923561600	44	48	17	52	20	34	0	64	106	56	192	-108	-168
10	164	360	923563596	56	60	17	47	24	35	0	88	141	56	192	-108	-168
10	164	360	923565596	55	58	21	61	26	40	0	114	181	56	192	-108	-168
10	164	360	923567596	60	64	19	58	26	41	0	140	222	56	192	-108	-168
10	164	360	923569596	74	79	22	72	32	50	0	172	272	56	192	-108	-168
10	164	360	923571596	70	75	21	68	30	48	0	202	320	56	192	-108	-168
10	164	360	923573596	76	80	25	82	34	54	0	236	374	56	192	-108	-168
10	164	360	923575596	91	97	28	90	40	62	0	276	436	56	192	-108	-168
10	164	360	923577600	87	92	24	84	37	59	0	313	495	56	192	-108	-168
10	164	360	923579604	90	97	30	101	40	66	0	353	561	56	192	-108	-168
10	164	360	923581592	95	101	26	93	40	64	0	393	625	56	192	-108	-168
10	164	360	923583600	110	120	31	112	47	78	0	440	703	56	192	-108	-168
10	164	360	923585596	101	112	28	102	43	71	0	483	774	56	192	-108	-168
10	164	360	923587580	102	113	32	121	45	78	0	528	852	56	192	-108	-168
10	164	360	923589576	118	132	28	109	48	80	0	576	932	56	192	-108	-168
10	164	360	923591580	105	120	31	127	46	83	0	622	1015	56	192	-108	-168
10	164	360	923593576	105	121	27	115	44	78	0	666	1093	56	192	-108	-168
10	164	360	923595580	116	139	30	133	48	91	0	714	1184	56	192	-108	-168
10	164	360	923597580	103	122	25	116	43	79	0	757	1263	56	192	-108	-168
10	164	360	923599580	100	123	27	135	42	86	0	799	1349	56	192	-108	-168
10	164	360	923601588	110	137	25	134	45	91	0	844	1440	56	192	-108	-168
10	164	360	923603580	93	120	21	116	38	78	0	882	798	56	192	-108	-168
10	164	360	923605576	92	119	21	132	38	84	0	920	882	56	192	-108	-168
10	164	360	923607576	97	131	16	114	38	82	0	958	964	56	192	-108	-168
10	164	360	923609576	84	113	18	128	34	80	0	992	1044	56	192	-108	-168
10	164	360	923611572	77	111	12	108	29	73	0	1021	1117	56	192	-108	-168
10	164	360	923613580	84	120	13	122	33	81	0	1054	1198	56	192	-108	-168
10	164	360	923615580	69	104	10	103	26	69	0	1080	1267	56	192	-108	-168
10	164	360	923617580	66	100	9	115	25	71	0	1105	791	56	192	-108	-168
10	164	360	923619572	61	97	6	98	22	65	0	1127	856	56	192	-108	-168
10	164	360	923621576	65	105	5	109	24	72	0	1151	928	56	192	-108	-168
10	164	360	923623576	54	89	4	91	19	60	0	1170	988	56	192	-108	-168
10	164	360	923625572	51	86	3	101	18	62	0	1188	1050	56	192	-108	-168
10	164	360	923627568	53	94	2	85	18	60	0	1206	1110	56	192	-108	-168
10	164	360	923629576	45	80	1	94	16	58	0	1222	1168	56	192	-108	-168
10	164	360	923631568	42	77	1	91	14	56	0	1236	1224	56	192	-108	-168
10	164	360	923633564	45	83	0	75	15	52	0	1251	772	56	192	-108	-168
10	164	360	923635560	38	72	0	84	13	52	0	1264	824	56	192	-108	-168
10	164	360	923637552	35	69	0	71	11	47	0	1275	871	56	192	-108	-168
10	164	360	923639560	39	75	0	78	13	51	0	1288	922	56	192	-108	-168
10	164	360	923641556	32	64	0	65	11	43	0	1299	965	56	192	-108	-168
10	164	360	923643556	31	62	0	72	10	45	0	1309	1010	56	192	-108	-168
10	164	360	923645548	33	67	0	60	11	42	0	1320	1052	56	192	-108	-168
10	164	360	923647556	27	57	0	66	9	41	0	1329	1093	56	192	-108	-168
10	164	360	923649560	27	55	0	55	9	37	0	1338	1130	56	192	-108	-168
10	164	360	923651560	26	59	0	60	9	39	0	1347	1169	56	192	-108	-168
10	164	360	923653560	24	50	0	52	8	34	0	1355	1203	56	192	-108	-168
10	164	360	923655572	21	46	0	53	7	33	0	1287	753	56	192	-108	-168
10	164	360	923657572	21	50	0	52	7	34	0	1294	787	56	192	-108	-168
10	164	360	923659572	19	41	0	42	6	28	0	1300	815	56	192	-108	-168
10	164	360	923661572	16	39	0	45	6	28	0	1306	843	56	192	-108	-168
10	164	360	923663576	15	35	0	36	5	24	0	1311	867	56	192	-108	-168
10	164	360	923665576	15	36	1	39	5	25	0	1316	892	56	192	-108	-168
10	164	360	923667580	11	32	0	31	4	21	0	1320	913	56	192	-108	-168
10	164	360	923669584	12	27	0	34	4	20	0	1284	740	56	192	-108	-168
10	164	360	923671584	10	29	0	26	3	18	0	1287	758	56	192	-108	-168
10	164	360	923673576	10	22	2	28	4	17	0	1291	775	56	192	-108	-168
10	164	360	923675580	7	22	1	22	3	15	0	1294	790	56	192	-108	-168
10	164	360	923677584	9	21	0	24	3	15	0	1297	805	56	192	-108	-168
10	164	360	923679576	6	17	2	21	2	12	0	1299	817	56	192	-108	-168
10	164	360	923681568	6	17	2	18	3	12	0	1302	829	56	192	-108	-168
10	164	360	923683576	8	16	1	17	3	11	0	1305	840	56	192	-108	-168
10	164	360	923685572	5	14	2	15	2	10	0	1282	730	56	192	-108	-168
10	164	360	923687572	6	12	3	15	3	9	0	1285	739	56	192	-108	-168
10	164	360	923689564	5	13	2	12	3	8	0	1288	747	56	192	-108	-168
10	164	360	923691568	6	10	4	13	3	8	0	1291	755	56	192	-108	-168
10	164	360	923693572	5	11	3	10	3	7	0	1294	762	56	192	-108	-168
10	164	360	923695564	7	10	5	12	4	7	0	1298	769	56	192	-108	-168
10	164	360	923697564	5	9	3	8	2	6	0	1300	775	56	192	-108	-168
10	164	360	923699572	3	8	4	10	3	6	0	1303	781	56	192	-108	-168
10	164	360	923701568	5	8	5	9	3	5	0	1283	725	56	192	-108	-168
10	164	360	923703572	5	7	5	9	3	6	0	1286	731	56	192	-108	-168
10	164	360	923705576	5	8	4	6	3	4	0	1289	735	56	192	-108	-168
10	164	360	923707580	4	7	5	8	3	5	0	1292	740	56	192	-108	-168
10	164	360	923709572	4	7	5	7	3	5	0	1295	745	56	192	-108	-168
10	164	360	923711576	4	5	4	6	3	4	0	1298	749	56	192	-108	-168
10	164	360	923713572	3	5	5	5	3	3	0	1301	752	56	192	-108	-168
10	164	360	923715572	3	6	3	5	2	4	0	1303	756	56	192	-108	-168
10	164	360	923717564	4	4	5	7	3	3	0	1283	723	56	192	-108	-168
10	164	360	923719572	2	3	3	3	1	2	0	1284	725	56	192	-108	-168
10	164	360	923721564	3	4	4	4	3	3	0	1287	728	56	192	-108	-168
10	164	360	923723568	2	3	3	4	1	2	0	1288	730	56	192	-108	-168
10	164	360	923725568	1	2	3	4	2	2	0	1290	732	56	192	-108	-168
10	164	360	923727572	3	3	2	2	1	2	0	1291	734	56	192	-108	-168
10	164	360	923729576	1	2	3	3	2	2	1	1293	736	56	192	-108	-168
11	164	360	923731584	1	1	2	2	1	1	1	57	193	56	192	-108	-168
11	164	360	923733576	2	2	3	3	1	1	1	58	194	56	192	-108	-168
11	-56	-392	923735584	0	1	1	1	1	1	1	59	195	0	-200	56	192
11	-56	-392	923737564	1	1	1	1	0	1	1	59	196	0	-200	56	192
11	-56	-392	923739572	1	0	2	1	1	0	1	60	196	0	-200	56	192
11	-56	-392	923741548	0	1	0	2	0	1	1	60	197	0	-200	56	192
11	-56	-392	923743576	0	0	1	1	1	0	1	61	197	0	-200	56	192
11	-56	-392	923745528	1	0	0	0	0	0	1	61	197	0	-200	56	192
11	-56	-392	923747524	0	0	1	0	0	0	1	61	197	0	-200	56	192
11	-56	-392	923749536	0	0	0	1	0	1	1	61	198	0	-200	56	192
11	-56	-392	923755532	0	0	1	0	1	0	1	62	198	0	-200	56	192
11	-56	-392	923793500	0	0	0	-2	0	0	1	62	198	0	-200	56	192
11	-56	-392	923795508	0	0	0	-1	0	0	1	62	198	0	-200	56	192
11	-56	-392	923797540	0	-2	2	-1	0	-1	1	62	197	0	-200	56	192
11	-56	-392	923799548	0	-3	1	-4	1	-3	1	63	194	0	-200	56	192
11	-56	-392	923801536	0	-5	1	-5	0	-3	1	63	191	0	-200	56	192
11	-56	-392	923803552	0	-7	3	-6	1	-4	1	64	187	0	-200	56	192
11	-56	-392	923805512	-3	-9	3	-9	0	-6	1	64	181	0	-200	56	192
11	-56	-392	923807552	-2	-10	4	-10	1	-7	0	65	174	0	-200	56	192
11	-56	-392	923809544	-3	-14	5	-11	0	-8	0	65	166	0	-200	56	192
11	-56	-392	923811560	-3	-15	6	-14	1	-10	0	66	156	0	-200	56	192
11	-56	-392	923813560	-4	-16	8	-17	2	-11	0	68	145	0	-200	56	192
11	-56	-392	923815544	-5	-20	7	-17	0	-12	0	68	133	0	-200	56	192
11	-56	-392	923817552	-6	-21	10	-22	2	-15	0	70	118	0	-200	56	192
11	-56	-392	923819560	-7	-24	10	-20	1	-14	0	71	104	0	-200	56	192
11	-56	-392	923821552	-7	-30	12	-28	1	-20	0	72	84	0	-200	56	192
11	-56	-392	923823556	-8	-29	11	-26	1	-18	0	73	66	0	-200	56	192
11	-56	-392	923825564	-8	-31	15	-32	3	-21	0	76	45	0	-200	56	192
11	-56	-392	923827540	-12	-39	14	-32	0	-24	0	76	21	0	-200	56	192
11	-56	-392	923829548	-10	-36	16	-38	2	-24	0	78	-3	0	-200	56	192
11	-56	-392	923831556	-11	-39	15	-37	2	-26	0	80	-29	0	-200	56	192
11	-56	-392	923833556	-12	-40	19	-43	2	-27	0	82	-56	0	-200	56	192
11	-56	-392	923835512	-17	-49	17	-42	0	-31	0	82	-87	0	-200	56	192
11	-56	-392	923837556	-13	-46	20	-50	2	-32	0	84	-119	0	-200	56	192
11	-56	-392	923839556	-17	-47	18	-46	1	-31	0	85	-150	0	-200	56	192
11	-56	-392	923841508	-20	-59	20	-56	0	-38	0	85	-188	0	-200	56	192
11	-56	-392	923843556	-18	-55	21	-59	1	-38	0	86	-226	0	-200	56	192
11	-56	-392	923845540	-20	-58	19	-56	0	-38	0	86	-264	0	-200	56	192
11	-56	-392	923847552	-25	-68	21	-66	-1	-45	0	85	-309	0	-200	56	192
11	-56	-392	923849556	-24	-65	19	-62	-2	-42	0	83	-351	0	-200	56	192
11	-56	-392	923851552	-25	-69	21	-73	-1	-47	0	82	-398	0	-200	56	192
11	-56	-392	923853556	-31	-81	19	-69	-4	-50	0	78	-448	0	-200	56	192
11	-56	-392	923855564	-30	-75	22	-81	-3	-52	0	75	-500	0	-200	56	192
11	-56	-392	923857552	-32	-79	19	-75	-4	-52	0	71	-552	0	-200	56	192
11	-56	-392	923859560	-38	-93	20	-90	-6	-61	0	65	-613	0	-200	56	192
11	-56	-392	923861552	-37	-85	19	-83	-6	-56	0	59	-669	0	-200	56	192
11	-56	-392	923863556	-38	-88	20	-96	-6	-61	0	53	-730	0	-200	56	192
11	-56	-392	923865560	-47	-104	18	-101	-10	-68	0	43	-798	0	-200	56	192
11	-56	-392	923867568	-42	-95	17	-92	-8	-63	0	35	-861	0	-200	56	192
11	-56	-392	923869568	-46	-99	17	-107	-10	-68	0	25	-788	0	-200	56	192
11	-56	-392	923871576	-54	-112	15	-98	-13	-70	0	12	-858	0	-200	56	192
11	-56	-392	923873572	-51	-103	18	-112	-11	-72	0	1	-930	0	-200	56	192
11	-56	-392	923875568	-53	-105	13	-101	-13	-69	0	-12	-999	0	-200	56	192
11	-56	-392	923877564	-61	-119	15	-118	-15	-79	0	-27	-1078	0	-200	56	192
11	-56	-392	923879560	-56	-106	12	-104	-15	-70	0	-42	-1148	0	-200	56	192
11	-56	-392	923881564	-57	-109	13	-120	-15	-76	0	-57	-1224	0	-200	56	192
11	-56	-392	923883560	-58	-107	12	-105	-15	-71	0	-72	-1295	0	-200	56	192
11	-56	-392	923885548	-68	-123	13	-121	-18	-81	0	-90	-801	0	-200	56	192
11	-56	-392	923887556	-60	-108	10	-106	-17	-71	0	-107	-872	0	-200	56	192
11	-56	-392	923889552	-60	-109	13	-121	-16	-77	0	-123	-949	0	-200	56	192
11	-56	-392	923891552	-66	-121	12	-120	-18	-80	0	-141	-1029	0	-200	56	192
11	-56	-392	923893552	-59	-107	10	-104	-16	-71	0	-157	-1100	0	-200	56	192
11	-56	-392	923895544	-59	-103	13	-118	-15	-73	0	-172	-1173	0	-200	56	192
11	-56	-392	923897552	-63	-117	10	-100	-18	-73	0	-190	-1246	0	-200	56	192
11	-56	-392	923899552	-57	-100	12	-113	-15	-71	0	-205	-1317	0	-200	56	192
11	-56	-392	923901544	-53	-98	12	-97	-14	-65	0	-219	-1382	0	-200	56	192
11	-56	-392	923903552	-59	-109	13	-108	-15	-72	0	-234	-792	0	-200	56	192
11	-56	-392	923905552	-50	-94	12	-93	-13	-62	0	-247	-854	0	-200	56	192
11	-56	-392	923907548	-48	-91	13	-102	-11	-65	0	-258	-919	0	-200	56	192
11	-56	-392	923909548	-51	-100	13	-88	-13	-62	0	-271	-981	0	-200	56	192
11	-56	-392	923911560	-45	-86	15	-97	-10	-61	0	-281	-1042	0	-200	56	192
11	-56	-392	923913560	-41	-84	12	-83	-10	-56	0	-291	-1098	0	-200	56	192
11	-56	-392	923915556	-46	-91	14	-91	-10	-61	0	-301	-1159	0	-200	56	192
11	-56	-392	923917552	-39	-79	14	-88	-9	-55	0	-310	-775	0	-200	56	192
11	-56	-392	923919556	-38	-76	12	-75	-8	-51	0	-318	-826	0	-200	56	192
11	-56	-392	923921560	-41	-83	14	-83	-9	-55	0	-327	-881	0	-200	56	192
11	-56	-392	923923564	-34	-71	11	-70	-8	-47	0	-335	-928	0	-200	56	192
11	-56	-392	923925568	-33	-69	13	-78	-7	-49	0	-342	-977	0	-200	56	192
11	-56	-392	923927564	-33	-66	10	-66	-7	-44	0	-349	-1021	0	-200	56	192
11	-56	-392	923929564	-36	-71	11	-73	-9	-48	0	-358	-1069	0	-200	56	192
11	-56	-392	923931556	-30	-63	8	-60	-7	-41	0	-365	-1110	0	-200	56	192
11	-56	-392	923933556	-30	-59	8	-67	-7	-42	0	-372	-1152	0	-200	56	192
11	-56	-392	923935556	-33	-63	8	-56	-9	-40	0	-381	-760	0	-200	56	192
11	-56	-392	923937556	-28	-55	6	-63	-7	-39	0	-388	-799	0	-200	56	192
11	-56	-392	923939556	-28	-52	5	-51	-8	-34	0	-396	-833	0	-200	56	192
11	-56	-392	923941556	-30	-56	5	-58	-8	-38	0	-404	-871	0	-200	56	192
11	-56	-392	923943552	-26	-49	4	-55	-7	-35	0	-411	-906	0	-200	56	192
11	-56	-392	923945556	-26	-45	2	-45	-8	-30	0	-419	-936	0	-200	56	192
11	-56	-392	923947556	-28	-50	3	-50	-9	-33	0	-428	-969	0	-200	56	192
11	-56	-392	923949552	-24	-41	1	-42	-7	-28	0	-435	-997	0	-200	56	192
11	-56	-392	923951552	-23	-39	1	-45	-8	-28	0	-443	-1025	0	-200	56	192
11	-56	-392	923953552	-25	-42	0	-38	-8	-27	0	-451	-747	0	-200	56	192
11	-56	-392	923955556	-23	-35	0	-40	-8	-25	0	-459	-772	0	-200	56	192
11	-56	-392	923957556	-20	-33	0	-33	-6	-22	0	-465	-794	0	-200	56	192
11	-56	-392	923959560	-22	-35	-2	-37	-8	-24	0	-473	-818	0	-200	56	192
11	-56	-392	923961552	-19	-28	-2	-28	-7	-18	0	-480	-836	0	-200	56	192
11	-56	-392	923963560	-18	-27	-2	-33	-7	-20	0	-487	-856	0	-200	56	192
11	-56	-392	923965556	-18	-28	-3	-26	-7	-18	0	-494	-874	0	-200	56	192
11	-56	-392	923967564	-15	-23	-3	-26	-6	-17	0	-500	-891	0	-200	56	192
11	-56	-392	923969560	-14	-21	-3	-25	-6	-15	0	-506	-735	0	-200	56	192
11	-56	-392	923971560	-14	-21	-4	-20	-6	-14	0	-512	-749	0	-200	56	192
11	-56	-392	923973556	-12	-18	-2	-22	-4	-13	0	-516	-762	0	-200	56	192
11	-56	-392	923975548	-10	-14	-4	-16	-5	-10	0	-521	-772	0	-200	56	192
11	-56	-392	923977556	-10	-13	-2	-16	-4	-10	0	-525	-782	0	-200	56	192
11	-56	-392	923979552	-9	-13	-3	-13	-4	-8	0	-529	-790	0	-200	56	192
11	-56	-392	923981548	-6	-9	-4	-12	-3	-7	0	-532	-797	0	-200	56	192
11	-56	-392	923983556	-7	-8	-2	-10	-3	-6	0	-535	-803	0	-200	56	192
11	-56	-392	923985560	-6	-8	-3	-9	-3	-6	0	-538	-726	0	-200	56	192
11	-56	-392	923987556	-4	-5	-1	-7	-2	-4	0	-540	-730	0	-200	56	192
11	-56	-392	923989556	-2	-4	-2	-7	-1	-4	0	-541	-734	0	-200	56	192
11	-56	-392	923991556	-4	-3	-2	-3	-2	-2	0	-543	-736	0	-200	56	192
11	-56	-392	923993552	-1	-3	-1	-5	-1	-2	0	-544	-738	0	-200	56	192
11	-56	-392	923995564	-1	-1	-1	-3	-1	-2	0	-545	-740	0	-200	56	192
11	-56	-392	923997548	-2	-1	0	-1	0	0	0	-545	-740	0	-200	56	192
11	-56	-392	923999576	-1	0	-1	-3	-1	-1	0	-546	-741	0	-200	56	192
11	-56	-392	924001528	0	-2	0	0	0	-1	0	-546	-721	0	-200	56	192
11	-56	-392	924003516	0	0	0	-1	0	0	0	-546	-721	0	-200	56	192
11	-56	-392	924011488	0	0	0	0	0	0	1	-546	-721	0	-200	56	192
