1	0	-100	13052692	-1	0	0	0	0	0	1	0	-100	0	-100	0	0
1	0	-100	13058688	-1	0	0	0	0	0	1	0	-100	0	-100	0	0
1	-28	196	13112692	1	0	0	0	0	0	1	0	-100	-28	96	0	-100
1	-28	196	13118688	1	0	0	0	0	0	1	0	-100	-28	96	0	-100
1	-28	196	13122676	0	0	0	0	0	0	0	0	-100	-28	96	0	-100
1	-28	196	13130684	1	0	0	0	0	0	0	0	-100	-28	96	0	-100
1	-28	196	13138684	0	-1	0	-1	0	0	0	0	-100	-28	96	0	-100
1	-28	196	13140688	1	0	0	0	0	0	0	0	-100	-28	96	0	-100
1	-28	196	13150712	1	0	0	0	0	0	0	0	-100	-28	96	0	-100
1	-28	196	13188752	-1	0	0	0	0	0	0	0	-100	-28	96	0	-100
1	-28	196	13198764	-1	0	0	0	0	0	1	0	-100	-28	96	0	-100
2	-28	196	13204764	-1	0	0	0	0	0	1	-28	96	-28	96	0	-100
2	82	-180	13208768	-1	0	0	0	0	0	1	-28	96	54	-84	-28	96
2	82	-180	13214768	-1	0	0	0	0	0	1	-28	96	54	-84	-28	96
2	82	-180	13216764	0	1	0	0	0	0	1	-28	96	54	-84	-28	96
2	82	-180	13260784	1	0	0	0	0	0	1	-28	96	54	-84	-28	96
2	82	-180	13266780	1	0	0	0	0	0	1	-28	96	54	-84	-28	96
2	82	-180	13270784	0	-1	0	0	0	0	1	-28	96	54	-84	-28	96
2	82	-180	13272784	0	0	-1	0	0	0	1	-28	96	54	-84	-28	96
2	82	-180	13274784	1	0	-2	0	0	0	1	-28	96	54	-84	-28	96
2	82	-180	13276804	1	0	-2	-1	0	0	1	-28	96	54	-84	-28	96
2	82	-180	13278788	0	0	-1	0	0	0	1	-28	96	54	-84	-28	96
2	82	-180	13280800	1	-1	-1	-1	0	0	1	-28	96	54	-84	-28	96
2	82	-180	13282796	1	0	-1	-1	0	0	0	-28	96	54	-84	-28	96
2	82	-180	13284796	1	-1	-2	-1	0	0	0	-28	96	54	-84	-28	96
2	82	-180	13286788	2	-2	-3	-2	0	0	0	-28	96	54	-84	-28	96
2	82	-180	13288792	2	-1	-3	-1	0	0	0	-28	96	54	-84	-28	96
2	82	-180	13290804	3	-2	-4	-2	0	-1	0	-28	95	54	-84	-28	96
2	82	-180	13292792	3	-2	-2	-2	0	0	0	-28	95	54	-84	-28	96
2	82	-180	13294788	3	-2	-3	-2	0	0	0	-28	95	54	-84	-28	96
2	82	-180	13296796	3	-2	-2	-1	0	0	0	-28	95	54	-84	-28	96
2	82	-180	13298796	2	-1	-1	-1	0	0	0	-28	95	54	-84	-28	96
2	82	-180	13300796	1	-1	-1	0	0	0	0	-28	95	54	-84	-28	96
2	82	-180	13302780	0	0	-1	0	0	0	0	-28	95	54	-84	-28	96
2	82	-180	13348800	-1	0	0	0	0	0	0	-28	95	54	-84	-28	96
2	82	-180	13352796	-1	0	0	0	0	0	0	-28	95	54	-84	-28	96
2	82	-180	13356792	-1	0	0	0	0	0	0	-28	95	54	-84	-28	96
2	82	-180	13358800	-1	0	0	0	0	0	0	-28	95	54	-84	-28	96
2	82	-180	13364800	-1	0	0	0	0	0	0	-28	95	54	-84	-28	96
2	82	-180	13366792	0	0	0	0	0	0	1	-28	95	54	-84	-28	96
3	-130	149	13368816	-1	1	0	0	0	0	1	54	-84	-76	65	54	-84
3	-130	149	13374812	0	0	1	0	0	0	1	54	-84	-76	65	54	-84
3	-130	149	13378816	-1	0	0	0	0	0	1	54	-84	-76	65	54	-84
3	-130	149	13382820	0	1	0	0	0	0	1	54	-84	-76	65	54	-84
3	-130	149	13384824	-1	0	0	0	0	0	1	54	-84	-76	65	54	-84
3	-130	149	13386832	0	0	1	1	0	0	1	54	-84	-76	65	54	-84
3	-130	149	13390816	-1	0	0	0	0	0	1	54	-84	-76	65	54	-84
3	-130	149	13420832	1	0	0	0	0	0	1	54	-84	-76	65	54	-84
3	-130	149	13426840	1	0	0	0	0	0	1	54	-84	-76	65	54	-84
3	-130	149	13434828	1	0	0	0	0	0	1	54	-84	-76	65	54	-84
3	-130	149	13438820	0	-1	0	0	0	0	1	54	-84	-76	65	54	-84
3	-130	149	13444820	1	0	-1	0	0	0	1	54	-84	-76	65	54	-84
3	-130	149	13446812	1	0	0	0	0	0	1	54	-84	-76	65	54	-84
3	-130	149	13448800	0	0	0	0	0	0	0	54	-84	-76	65	54	-84
3	-130	149	13450808	1	0	0	0	0	0	0	54	-84	-76	65	54	-84
3	-130	149	13456804	1	0	0	0	0	0	0	54	-84	-76	65	54	-84
3	-130	149	13458816	0	-1	-1	0	0	0	0	54	-84	-76	65	54	-84
3	-130	149	13510836	-1	0	0	0	0	0	0	54	-84	-76	65	54	-84
3	-130	149	13514836	-1	0	0	0	0	0	0	54	-84	-76	65	54	-84
3	-130	149	13518844	-1	0	0	0	0	0	0	54	-84	-76	65	54	-84
3	-130	149	13524844	-1	0	0	0	0	0	1	54	-84	-76	65	54	-84
4	167	-107	13534844	0	1	0	0	0	0	1	-76	65	91	-42	-76	65
4	167	-107	13536848	-1	0	0	0	0	0	1	-76	65	91	-42	-76	65
4	167	-107	13542844	-1	0	0	0	0	0	1	-76	65	91	-42	-76	65
4	167	-107	13546840	0	1	0	0	0	0	1	-76	65	91	-42	-76	65
4	167	-107	13548844	-1	0	0	0	0	0	1	-76	65	91	-42	-76	65
4	167	-107	13554848	0	0	1	0	0	0	1	-76	65	91	-42	-76	65
4	167	-107	13556844	-1	0	0	0	0	0	1	-76	65	91	-42	-76	65
4	167	-107	13584864	1	0	0	0	0	0	1	-76	65	91	-42	-76	65
4	167	-107	13590860	1	0	0	0	0	0	1	-76	65	91	-42	-76	65
4	167	-107	13598876	1	0	0	0	0	0	1	-76	65	91	-42	-76	65
4	167	-107	13608880	1	0	0	0	0	0	1	-76	65	91	-42	-76	65
4	167	-107	13610872	0	-1	0	0	0	0	1	-76	65	91	-42	-76	65
4	167	-107	13616856	0	0	0	0	0	0	0	-76	65	91	-42	-76	65
4	167	-107	13618872	0	0	-1	0	0	0	0	-76	65	91	-42	-76	65
4	167	-107	13622864	1	0	0	0	0	0	0	-76	65	91	-42	-76	65
4	167	-107	13630860	1	0	0	0	0	0	0	-76	65	91	-42	-76	65
4	167	-107	13636864	1	0	0	0	0	0	0	-76	65	91	-42	-76	65
4	167	-107	13644876	0	0	-1	0	0	0	0	-76	65	91	-42	-76	65
4	167	-107	13664876	-1	0	0	0	0	0	0	-76	65	91	-42	-76	65
4	167	-107	13670868	-1	0	0	0	0	0	0	-76	65	91	-42	-76	65
4	167	-107	13678864	-1	0	0	0	0	0	0	-76	65	91	-42	-76	65
4	167	-107	13684864	0	0	0	0	0	0	1	-76	65	91	-42	-76	65
5	-190	56	13694880	-1	0	0	0	0	0	1	91	-42	-99	14	91	-42
5	-190	56	13700872	-1	0	0	0	0	0	1	91	-42	-99	14	91	-42
5	-190	56	13702868	0	0	1	0	0	0	1	91	-42	-99	14	91	-42
5	-190	56	13706868	-1	0	0	0	0	0	1	91	-42	-99	14	91	-42
5	-190	56	13710868	0	1	0	0	0	0	1	91	-42	-99	14	91	-42
5	-190	56	13714872	-1	0	0	0	0	0	1	91	-42	-99	14	91	-42
5	-190	56	13750888	1	0	0	0	0	0	1	91	-42	-99	14	91	-42
5	-190	56	13756896	1	0	0	0	0	0	1	91	-42	-99	14	91	-42
5	-190	56	13764884	1	0	0	0	0	0	1	91	-42	-99	14	91	-42
5	-190	56	13770892	1	0	0	0	0	0	1	91	-42	-99	14	91	-42
5	-190	56	13774892	0	-1	0	0	0	0	1	91	-42	-99	14	91	-42
5	-190	56	13782884	1	0	0	0	0	0	0	91	-42	-99	14	91	-42
5	-190	56	13784888	0	0	-1	0	0	0	0	91	-42	-99	14	91	-42
5	-190	56	13786880	1	0	0	0	0	0	0	91	-42	-99	14	91	-42
5	-190	56	13790880	1	0	0	0	0	0	0	91	-42	-99	14	91	-42
5	-190	56	13800884	0	0	-1	0	0	0	0	91	-42	-99	14	91	-42
5	-190	56	13838856	-1	0	0	0	0	0	0	91	-42	-99	14	91	-42
5	-190	56	13844852	-1	0	0	0	0	0	0	91	-42	-99	14	91	-42
5	-190	56	13852872	-1	0	0	0	0	0	0	91	-42	-99	14	91	-42
5	-190	56	13858864	0	0	0	0	0	0	1	91	-42	-99	14	91	-42
6	198	0	13868892	-1	0	1	0	0	0	1	-99	14	99	14	-99	14
6	198	0	13874888	-1	0	0	0	0	0	1	-99	14	99	14	-99	14
6	198	0	13884884	-1	0	0	0	0	0	1	-99	14	99	14	-99	14
6	198	0	13888876	0	0	1	0	0	0	1	-99	14	99	14	-99	14
6	198	0	13922860	1	0	0	0	0	0	1	-99	14	99	14	-99	14
6	198	0	13930856	1	0	0	0	0	0	1	-99	14	99	14	-99	14
6	198	0	13940860	1	0	-1	0	0	0	1	-99	14	99	14	-99	14
6	198	0	13942856	0	0	-1	0	0	0	1	-99	14	99	14	-99	14
6	198	0	13944864	0	0	-1	-1	0	0	1	-99	14	99	14	-99	14
6	198	0	13946868	0	-1	-1	0	0	0	1	-99	14	99	14	-99	14
6	198	0	13948868	0	0	-1	-1	0	0	0	-99	14	99	14	-99	14
6	198	0	13950864	1	0	0	0	0	0	0	-99	14	99	14	-99	14
6	198	0	13954864	1	0	0	0	0	0	0	-99	14	99	14	-99	14
6	198	0	13958864	1	0	0	0	0	0	0	-99	14	99	14	-99	14
6	198	0	13960868	0	0	-1	0	0	0	0	-99	14	99	14	-99	14
6	198	0	13964868	1	0	0	0	0	0	0	-99	14	99	14	-99	14
6	198	0	13966860	0	0	0	-1	0	0	0	-99	14	99	14	-99	14
6	198	0	13968868	1	-1	0	0	0	0	0	-99	14	99	14	-99	14
6	198	0	13970856	1	0	0	0	0	0	0	-99	14	99	14	-99	14
6	198	0	13972864	1	0	0	-1	0	0	0	-99	14	99	14	-99	14
6	198	0	13974852	1	0	0	0	0	0	0	-99	14	99	14	-99	14
6	198	0	13976856	0	0	-1	0	0	0	0	-99	14	99	14	-99	14
6	198	0	13978872	1	-1	0	-1	0	0	0	-99	14	99	14	-99	14
6	198	0	13982872	1	0	0	0	0	0	0	-99	14	99	14	-99	14
6	198	0	14012868	-1	0	0	0	0	0	0	-99	14	99	14	-99	14
6	198	0	14016868	-1	0	0	0	0	0	0	-99	14	99	14	-99	14
6	198	0	14020872	-1	0	0	0	0	0	0	-99	14	99	14	-99	14
6	198	0	14030888	-1	0	0	0	0	0	0	-99	14	99	14	-99	14
6	198	0	14034876	0	0	0	0	0	0	1	-99	14	99	14	-99	14
7	198	0	14042876	-1	0	0	0	0	0	1	99	14	99	14	-99	14
7	-190	-56	14050868	-1	0	0	0	0	0	1	99	14	-91	-42	99	14
7	-190	-56	14054880	-1	-1	0	0	0	0	1	99	14	-91	-42	99	14
7	-190	-56	14058872	0	0	1	0	0	0	1	99	14	-91	-42	99	14
7	-190	-56	14062880	-1	0	0	0	0	0	1	99	14	-91	-42	99	14
7	-190	-56	14090912	1	0	0	0	0	0	1	99	14	-91	-42	99	14
7	-190	-56	14098916	1	0	0	0	0	0	1	99	14	-91	-42	99	14
7	-190	-56	14106932	0	0	-1	-1	0	0	1	99	14	-91	-42	99	14
7	-190	-56	14108924	1	0	0	0	0	0	1	99	14	-91	-42	99	14
7	-190	-56	14110936	0	0	-1	0	0	0	1	99	14	-91	-42	99	14
7	-190	-56	14112952	1	0	-2	-1	0	0	1	99	14	-91	-42	99	14
7	-190	-56	14114944	1	0	-2	0	0	0	1	99	14	-91	-42	99	14
7	-190	-56	14116952	1	-1	-2	0	0	0	1	99	14	-91	-42	99	14
7	-190	-56	14118948	2	0	-2	-1	0	0	0	99	14	-91	-42	99	14
7	-190	-56	14120952	2	-1	-2	-1	0	-1	0	99	13	-91	-42	99	14
7	-190	-56	14122940	2	-1	-1	-2	0	0	0	99	13	-91	-42	99	14
7	-190	-56	14124940	2	-1	-2	-1	0	0	0	99	13	-91	-42	99	14
7	-190	-56	14126936	3	-2	0	-1	0	0	0	99	13	-91	-42	99	14
7	-190	-56	14128944	4	-2	-2	-2	0	0	0	99	13	-91	-42	99	14
7	-190	-56	14130952	4	-1	-2	-1	0	0	0	99	13	-91	-42	99	14
7	-190	-56	14132944	3	-1	-1	-1	0	0	0	99	13	-91	-42	99	14
7	-190	-56	14134944	4	-1	-2	-1	0	0	0	99	13	-91	-42	99	14
7	-190	-56	14136940	4	-1	-1	-2	0	0	0	99	13	-91	-42	99	14
7	-190	-56	14138932	3	0	-1	-1	0	0	0	99	13	-91	-42	99	14
7	-190	-56	14140932	3	-1	-1	0	0	0	0	99	13	-91	-42	99	14
7	-190	-56	14142908	1	0	0	0	0	0	0	99	13	-91	-42	99	14
7	-190	-56	14144912	1	0	0	0	0	0	0	99	13	-91	-42	99	14
7	-190	-56	14146912	0	0	-1	0	0	0	0	99	13	-91	-42	99	14
7	-190	-56	14148908	1	0	0	0	0	0	0	99	13	-91	-42	99	14
7	-190	-56	14184924	-1	0	0	0	0	0	0	99	13	-91	-42	99	14
7	-190	-56	14188920	-1	0	0	0	0	0	0	99	13	-91	-42	99	14
7	-190	-56	14196912	-1	0	0	0	0	0	0	99	13	-91	-42	99	14
7	-190	-56	14202908	-1	0	0	0	0	0	1	99	13	-91	-42	99	14
8	-190	-56	14206904	-1	0	0	0	0	0	1	-91	-42	-91	-42	99	14
8	167	107	14208904	0	0	1	0	0	0	1	-91	-42	76	65	-91	-42
8	167	107	14210896	-1	0	0	0	0	0	1	-91	-42	76	65	-91	-42
8	167	107	14214896	0	0	1	0	0	0	1	-91	-42	76	65	-91	-42
8	167	107	14216900	-1	0	0	0	0	0	1	-91	-42	76	65	-91	-42
8	167	107	14222912	-1	0	1	0	0	0	1	-91	-42	76	65	-91	-42
8	167	107	14224912	-1	0	0	0	0	0	1	-91	-42	76	65	-91	-42
8	167	107	14230908	-1	0	1	0	0	0	1	-91	-42	76	65	-91	-42
8	167	107	14264924	1	0	0	0	0	0	1	-91	-42	76	65	-91	-42
8	167	107	14266928	1	0	0	0	0	0	1	-91	-42	76	65	-91	-42
8	167	107	14270932	1	0	0	0	0	0	1	-91	-42	76	65	-91	-42
8	167	107	14274932	1	0	0	0	0	0	1	-91	-42	76	65	-91	-42
8	167	107	14278936	1	0	0	0	0	0	1	-91	-42	76	65	-91	-42
8	167	107	14282952	0	0	-1	0	0	0	1	-91	-42	76	65	-91	-42
8	167	107	14284948	1	0	0	0	0	0	1	-91	-42	76	65	-91	-42
8	167	107	14288948	1	0	0	0	0	0	1	-91	-42	76	65	-91	-42
8	167	107	14290956	1	0	-1	0	0	0	1	-91	-42	76	65	-91	-42
8	167	107	14296932	0	0	0	0	0	0	0	-91	-42	76	65	-91	-42
8	167	107	14300936	1	0	0	0	0	0	0	-91	-42	76	65	-91	-42
8	167	107	14302932	0	0	-1	0	0	0	0	-91	-42	76	65	-91	-42
8	167	107	14304932	1	0	0	0	0	0	0	-91	-42	76	65	-91	-42
8	167	107	14306932	2	0	0	0	0	0	0	-91	-42	76	65	-91	-42
8	167	107	14308952	1	0	-1	-1	0	0	0	-91	-42	76	65	-91	-42
8	167	107	14310936	3	0	0	0	0	0	0	-91	-42	76	65	-91	-42
8	167	107	14312948	2	0	-1	0	0	0	0	-91	-42	76	65	-91	-42
8	167	107	14314936	1	0	0	0	0	0	0	-91	-42	76	65	-91	-42
8	167	107	14316940	1	0	0	0	0	0	0	-91	-42	76	65	-91	-42
8	167	107	14318940	1	0	0	0	0	0	0	-91	-42	76	65	-91	-42
8	167	107	14350972	-1	0	0	0	0	0	0	-91	-42	76	65	-91	-42
8	167	107	14352972	-1	0	0	0	0	0	0	-91	-42	76	65	-91	-42
8	167	107	14356968	-1	0	0	0	0	0	0	-91	-42	76	65	-91	-42
8	167	107	14360980	-1	0	0	0	0	0	0	-91	-42	76	65	-91	-42
8	167	107	14364948	-1	0	0	0	0	0	0	-91	-42	76	65	-91	-42
8	167	107	14370944	0	0	0	0	0	0	1	-91	-42	76	65	-91	-42
9	167	107	14372976	-1	0	0	0	0	0	1	76	65	76	65	-91	-42
9	167	107	14378976	-1	0	0	0	0	0	1	76	65	76	65	-91	-42
9	-130	-149	14382984	-1	0	0	0	0	0	1	76	65	-54	-84	76	65
9	-130	-149	14386976	-1	0	0	0	0	0	1	76	65	-54	-84	76	65
9	-130	-149	14394980	0	0	0	1	0	0	1	76	65	-54	-84	76	65
9	-130	-149	14432976	1	0	0	0	0	0	1	76	65	-54	-84	76	65
9	-130	-149	14438976	1	0	0	0	0	0	1	76	65	-54	-84	76	65
9	-130	-149	14444980	1	0	0	0	0	0	1	76	65	-54	-84	76	65
9	-130	-149	14448960	1	0	0	0	0	0	1	76	65	-54	-84	76	65
9	-130	-149	14452960	1	0	-1	0	0	0	1	76	65	-54	-84	76	65
9	-130	-149	14454984	1	0	0	0	0	0	0	76	65	-54	-84	76	65
9	-130	-149	14456988	0	0	0	-1	0	0	0	76	65	-54	-84	76	65
9	-130	-149	14458980	1	0	0	0	0	0	0	76	65	-54	-84	76	65
9	-130	-149	14464988	1	0	-1	0	0	0	0	76	65	-54	-84	76	65
9	-130	-149	14468980	1	0	0	0	0	0	0	76	65	-54	-84	76	65
9	-130	-149	14470976	1	0	0	0	0	0	0	76	65	-54	-84	76	65
9	-130	-149	14472984	1	0	-1	0	0	0	0	76	65	-54	-84	76	65
9	-130	-149	14474984	0	-1	0	-1	0	0	0	76	65	-54	-84	76	65
9	-130	-149	14476996	1	0	0	-1	0	0	0	76	65	-54	-84	76	65
9	-130	-149	14479000	0	-1	-1	0	0	0	0	76	65	-54	-84	76	65
9	-130	-149	14481008	1	0	-1	-1	0	0	0	76	65	-54	-84	76	65
9	-130	-149	14484996	0	0	-1	0	0	0	0	76	65	-54	-84	76	65
9	-130	-149	14531028	-1	0	0	0	0	0	0	76	65	-54	-84	76	65
9	-130	-149	14535036	-1	0	0	0	0	0	0	76	65	-54	-84	76	65
9	-130	-149	14541032	0	0	0	0	0	0	1	76	65	-54	-84	76	65
10	-130	-149	14543020	-1	0	0	0	0	0	1	-54	-84	-54	-84	76	65
10	-130	-149	14545040	0	0	1	0	0	0	1	-54	-84	-54	-84	76	65
10	-130	-149	14547016	-1	0	0	0	0	0	1	-54	-84	-54	-84	76	65
10	-130	-149	14549052	0	0	1	1	0	0	1	-54	-84	-54	-84	76	65
10	-130	-149	14551016	-1	0	0	0	0	0	1	-54	-84	-54	-84	76	65
10	82	180	14557028	-1	0	0	0	0	0	1	-54	-84	28	96	-54	-84
10	82	180	14563024	-1	0	0	0	0	0	1	-54	-84	28	96	-54	-84
10	82	180	14571028	-1	0	0	0	0	0	1	-54	-84	28	96	-54	-84
10	82	180	14573036	0	0	1	0	0	0	1	-54	-84	28	96	-54	-84
10	82	180	14605048	1	0	0	0	0	0	1	-54	-84	28	96	-54	-84
10	82	180	14611028	1	0	0	0	0	0	1	-54	-84	28	96	-54	-84
10	82	180	14613052	1	0	0	0	0	0	1	-54	-84	28	96	-54	-84
10	82	180	14619064	1	0	-1	0	0	0	1	-54	-84	28	96	-54	-84
10	82	180	14621068	1	0	-1	0	0	0	1	-54	-84	28	96	-54	-84
10	82	180	14623056	1	0	-2	-1	0	0	1	-54	-84	28	96	-54	-84
10	82	180	14625068	0	0	-2	0	0	0	1	-54	-84	28	96	-54	-84
10	82	180	14627064	0	0	-2	0	0	0	1	-54	-84	28	96	-54	-84
10	82	180	14629092	0	-1	-1	0	0	-1	1	-54	-85	28	96	-54	-84
10	82	180	14631084	1	0	-2	-1	0	0	1	-54	-85	28	96	-54	-84
10	82	180	14633084	0	-1	-1	0	0	0	0	-54	-85	28	96	-54	-84
10	82	180	14635088	1	-1	-2	-1	0	0	0	-54	-85	28	96	-54	-84
10	82	180	14637088	0	-1	-1	-1	0	0	0	-54	-85	28	96	-54	-84
10	82	180	14639092	1	-1	-2	-2	0	0	0	-54	-85	28	96	-54	-84
10	82	180	14641088	0	-2	-3	-1	0	0	0	-54	-85	28	96	-54	-84
10	82	180	14643096	1	-1	-2	-1	0	0	0	-54	-85	28	96	-54	-84
10	82	180	14645084	1	-1	-2	-1	0	0	0	-54	-85	28	96	-54	-84
10	82	180	14647068	0	-1	0	0	0	0	0	-54	-85	28	96	-54	-84
10	82	180	14649072	0	0	-1	0	0	0	0	-54	-85	28	96	-54	-84
10	82	180	14653072	0	0	-1	0	0	0	0	-54	-85	28	96	-54	-84
10	82	180	14703072	0	0	0	-1	0	0	0	-54	-85	28	96	-54	-84
10	82	180	14705072	0	-1	0	0	0	0	0	-54	-85	28	96	-54	-84
10	82	180	14711068	-1	0	0	0	0	0	0	-54	-85	28	96	-54	-84
10	82	180	14741076	-1	0	0	0	0	0	0	-54	-85	28	96	-54	-84
10	82	180	14769068	-1	0	0	0	0	0	0	-54	-85	28	96	-54	-84
10	82	180	14837128	-1	0	0	0	0	0	0	-54	-85	28	96	-54	-84
10	82	180	14845140	0	1	0	0	0	0	1	-54	-85	28	96	-54	-84
11	82	180	14847148	-1	0	0	0	0	0	1	28	96	28	96	-54	-84
11	-28	-196	14865160	-1	0	0	0	0	0	1	28	96	0	-100	28	96
11	-28	-196	14875172	0	0	1	0	0	0	1	28	96	0	-100	28	96
11	-28	-196	14877164	-1	0	0	0	0	0	1	28	96	0	-100	28	96
11	-28	-196	14917192	1	0	0	0	0	0	1	28	96	0	-100	28	96
11	-28	-196	14927196	1	0	0	0	0	0	1	28	96	0	-100	28	96
11	-28	-196	14935188	0	0	0	0	0	0	0	28	96	0	-100	28	96
11	-28	-196	14945192	1	0	0	0	0	0	0	28	96	0	-100	28	96
11	-28	-196	14951196	0	0	-1	0	0	0	0	28	96	0	-100	28	96
11	-28	-196	14955196	1	0	0	0	0	0	0	28	96	0	-100	28	96
11	-28	-196	14963212	0	0	-1	0	0	0	0	28	96	0	-100	28	96
11	-28	-196	14969224	0	0	0	-1	0	0	0	28	96	0	-100	28	96
11	-28	-196	15011236	0	0	-1	0	0	0	0	28	96	0	-100	28	96
11	-28	-196	15015248	0	-1	-1	-1	0	0	0	28	96	0	-100	28	96
11	-28	-196	15017244	0	0	-1	0	0	0	0	28	96	0	-100	28	96
11	-28	-196	15019244	0	-1	0	-1	0	0	0	28	96	0	-100	28	96
11	-28	-196	15021248	0	0	-3	0	0	0	0	28	96	0	-100	28	96
11	-28	-196	15023260	0	-1	-2	-1	0	0	0	28	96	0	-100	28	96
11	-28	-196	15025276	-1	-1	-3	-1	-1	0	0	27	96	0	-100	28	96
11	-28	-196	15027260	-1	-1	-2	-1	0	0	0	27	96	0	-100	28	96
11	-28	-196	15029264	0	-1	-2	-1	0	-1	0	27	95	0	-100	28	96
11	-28	-196	15031256	0	-1	-3	-2	0	0	0	27	95	0	-100	28	96
11	-28	-196	15033252	0	-2	0	-2	0	0	0	27	95	0	-100	28	96
11	-28	-196	15035276	-1	-1	-2	-2	0	0	0	27	95	0	-100	28	96
11	-28	-196	15037264	0	-2	-2	-1	0	0	0	27	95	0	-100	28	96
11	-28	-196	15039268	-1	-1	-1	-1	0	0	0	27	95	0	-100	28	96
11	-28	-196	15041264	-1	-1	-2	0	0	0	0	27	95	0	-100	28	96
11	-28	-196	15043268	0	-2	-1	-1	0	0	0	27	95	0	-100	28	96
11	-28	-196	15045264	0	-1	-1	-1	0	0	0	27	95	0	-100	28	96
11	-28	-196	15047268	-1	0	-1	-1	0	0	0	27	95	0	-100	28	96
11	-28	-196	15049256	0	0	-1	0	0	0	0	27	95	0	-100	28	96
11	-28	-196	15051268	0	-1	-1	0	0	0	0	27	95	0	-100	28	96
11	-28	-196	15053252	-1	0	0	0	0	0	0	27	95	0	-100	28	96
11	-28	-196	15055264	0	-1	-1	-1	0	0	0	27	95	0	-100	28	96
11	-28	-196	15063256	0	0	-1	0	-1	0	0	26	95	0	-100	28	96
11	-28	-196	15065220	0	-1	0	-1	0	0	0	26	95	0	-100	28	96
11	-28	-196	15081244	-1	0	0	0	0	0	0	26	95	0	-100	28	96
11	-28	-196	15117248	-1	0	0	0	0	0	0	26	95	0	-100	28	96
11	-28	-196	15119244	-1	0	0	0	0	0	0	26	95	0	-100	28	96
11	-28	-196	15121240	-1	0	0	0	0	0	0	26	95	0	-100	28	96
11	-28	-196	15123236	-2	0	0	0	0	0	0	26	95	0	-100	28	96
11	-28	-196	15125236	-1	0	0	0	0	0	1	26	95	0	-100	28	96
