1	-113	784	419118508	-1	0	0	0	0	0	1	0	-400	-113	384	0	-400
1	-113	784	419124508	0	0	1	0	0	0	1	0	-400	-113	384	0	-400
1	-113	784	419140524	-1	0	0	0	0	0	1	0	-400	-113	384	0	-400
1	-113	784	419154536	0	1	0	0	0	0	1	0	-400	-113	384	0	-400
1	-113	784	419158516	0	0	0	0	0	0	0	0	-400	-113	384	0	-400
1	-113	784	419166548	0	2	0	0	0	0	0	0	-400	-113	384	0	-400
1	-113	784	419168548	0	1	0	1	0	0	0	0	-400	-113	384	0	-400
1	-113	784	419170564	0	2	0	2	0	1	0	0	-399	-113	384	0	-400
1	-113	784	419172568	0	3	0	3	0	1	0	0	-398	-113	384	0	-400
1	-113	784	419174600	-1	4	0	4	0	1	0	0	-397	-113	384	0	-400
1	-113	784	419176564	0	5	0	5	0	1	0	0	-396	-113	384	0	-400
1	-113	784	419178596	-1	6	0	5	0	2	0	0	-394	-113	384	0	-400
1	-113	784	419180572	0	7	0	6	0	2	0	0	-392	-113	384	0	-400
1	-113	784	419182600	-2	8	0	7	0	2	0	0	-390	-113	384	0	-400
1	-113	784	419184596	-1	9	0	9	0	3	0	0	-387	-113	384	0	-400
1	-113	784	419186600	-1	11	0	10	0	3	0	0	-384	-113	384	0	-400
1	-113	784	419188572	0	10	0	10	0	3	0	0	-381	-113	384	0	-400
1	-113	784	419190596	-1	12	0	14	0	4	0	0	-377	-113	384	0	-400
1	-113	784	419192612	-2	17	0	12	-1	4	0	-1	-373	-113	384	0	-400
1	-113	784	419194596	-1	15	0	15	0	5	0	-1	-368	-113	384	0	-400
1	-113	784	419196600	-1	16	0	15	0	5	0	-1	-363	-113	384	0	-400
1	-113	784	419198604	-1	20	0	20	0	6	0	-1	-357	-113	384	0	-400
1	-113	784	419200620	-2	19	-1	18	-1	5	0	-2	-352	-113	384	0	-400
1	-113	784	419202608	-1	22	-2	21	0	7	0	-2	-345	-113	384	0	-400
1	-113	784	419204612	-1	21	-1	21	0	6	0	-2	-339	-113	384	0	-400
1	-113	784	419206624	0	23	-1	25	-1	7	0	-3	-332	-113	384	0	-400
1	-113	784	419208608	-1	27	-3	23	0	8	0	-3	-324	-113	384	0	-400
1	-113	784	419210628	-2	27	-2	29	-1	8	0	-4	-316	-113	384	0	-400
1	-113	784	419212616	0	27	-3	30	0	8	0	-4	-308	-113	384	0	-400
1	-113	784	419214628	-1	34	-3	28	-1	10	0	-5	-298	-113	384	0	-400
1	-113	784	419216612	0	31	-4	34	0	10	0	-5	-288	-113	384	0	-400
1	-113	784	419218628	-1	34	-5	33	-1	10	0	-6	-278	-113	384	0	-400
1	-113	784	419220636	-1	41	-5	40	-1	12	0	-7	-266	-113	384	0	-400
1	-113	784	419222632	0	38	-5	36	-1	11	0	-8	-255	-113	384	0	-400
1	-113	784	419224632	-2	41	-6	45	-1	13	0	-9	-242	-113	384	0	-400
1	-113	784	419226620	-1	49	-7	41	-1	13	0	-10	-229	-113	384	0	-400
1	-113	784	419228616	-2	46	-8	50	-2	15	0	-12	-214	-113	384	0	-400
1	-113	784	419230612	-2	49	-8	46	-1	14	0	-13	-200	-113	384	0	-400
1	-113	784	419232604	-2	57	-9	58	-2	17	0	-15	-183	-113	384	0	-400
1	-113	784	419234612	-1	55	-8	52	-1	16	0	-16	-167	-113	384	0	-400
1	-113	784	419236608	-3	58	-12	63	-3	18	0	-19	-149	-113	384	0	-400
1	-113	784	419238608	-2	68	-10	59	-1	19	0	-20	-130	-113	384	0	-400
1	-113	784	419240608	-3	64	-11	70	-2	20	0	-22	-110	-113	384	0	-400
1	-113	784	419242608	-4	68	-14	73	-3	22	0	-25	-88	-113	384	0	-400
1	-113	784	419244604	-3	80	-11	68	-2	22	0	-27	-66	-113	384	0	-400
1	-113	784	419246604	-4	75	-14	81	-3	23	0	-30	-43	-113	384	0	-400
1	-113	784	419248604	-4	77	-12	75	-2	23	0	-32	-20	-113	384	0	-400
1	-113	784	419250604	-4	91	-16	89	-3	27	0	-35	7	-113	384	0	-400
1	-113	784	419252604	-5	85	-15	81	-3	25	0	-38	32	-113	384	0	-400
1	-113	784	419254600	-5	88	-18	95	-4	27	0	-42	59	-113	384	0	-400
1	-113	784	419256600	-7	101	-15	88	-3	29	0	-45	88	-113	384	0	-400
1	-113	784	419258604	-6	94	-20	101	-4	29	0	-49	117	-113	384	0	-400
1	-113	784	419260608	-8	95	-19	92	-4	28	0	-53	145	-113	384	0	-400
1	-113	784	419262612	-10	110	-21	108	-5	33	0	-58	178	-113	384	0	-400
1	-113	784	419264604	-9	100	-20	97	-4	29	0	-62	207	-113	384	0	-400
1	-113	784	419266608	-10	102	-25	113	-5	33	0	-67	240	-113	384	0	-400
1	-113	784	419268604	-12	115	-26	114	-6	34	0	-73	274	-113	384	0	-400
1	-113	784	419270608	-13	105	-24	101	-6	31	0	-79	305	-113	384	0	-400
1	-113	784	419272604	-13	105	-29	117	-6	33	0	-85	338	-113	384	0	-400
1	-113	784	419274608	-17	119	-26	105	-6	34	0	-91	372	-113	384	0	-400
1	-113	784	419276612	-16	106	-30	119	-7	33	0	-98	405	-113	384	0	-400
1	-113	784	419278604	-16	105	-29	104	-7	32	0	-105	437	-113	384	0	-400
1	-113	784	419280608	-20	119	-35	120	-8	36	0	-113	473	-113	384	0	-400
1	-113	784	419282600	-18	105	-31	104	-8	31	0	-121	504	-113	384	0	-400
1	-113	784	419284608	-18	105	-36	117	-8	33	0	-129	537	-113	384	0	-400
1	-113	784	419286600	-22	118	-34	104	-8	34	0	-137	571	-113	384	0	-400
1	-113	784	419288600	-20	102	-39	116	-9	32	0	-146	603	-113	384	0	-400
1	-113	784	419290604	-18	103	-36	103	-8	31	0	-154	634	-113	384	0	-400
1	-113	784	419292608	-23	113	-42	113	-10	34	0	-164	668	-113	384	0	-400
1	-113	784	419294616	-19	100	-43	114	-9	32	0	-173	700	-113	384	0	-400
1	-113	784	419296612	-20	99	-39	98	-9	30	0	-182	730	-113	384	0	-400
1	-113	784	419298604	-21	109	-46	110	-10	33	0	-192	763	-113	384	0	-400
1	-113	784	419300604	-19	95	-40	95	-9	28	0	-201	791	-113	384	0	-400
1	-113	784	419302596	-18	94	-46	106	-9	30	0	-210	821	-113	384	0	-400
1	-113	784	419304596	-20	102	-41	91	-10	29	0	-220	850	-113	384	0	-400
1	-113	784	419306600	-18	90	-49	103	-10	29	0	-230	879	-113	384	0	-400
1	-113	784	419308604	-17	88	-43	87	-9	26	0	-239	905	-113	384	0	-400
1	-113	784	419310600	-19	97	-48	98	-10	29	0	-249	934	-113	384	0	-400
1	-113	784	419312592	-16	84	-42	83	-8	26	0	-257	960	-113	384	0	-400
1	-113	784	419314584	-17	82	-48	94	-10	26	0	-267	746	-113	384	0	-400
1	-113	784	419316584	-17	90	-43	80	-9	25	0	-276	771	-113	384	0	-400
1	-113	784	419318576	-15	78	-46	89	-9	25	0	-285	796	-113	384	0	-400
1	-113	784	419320580	-15	76	-41	76	-9	23	0	-294	819	-113	384	0	-400
1	-113	784	419322588	-15	83	-45	85	-9	25	0	-303	844	-113	384	0	-400
1	-113	784	419324588	-14	71	-45	81	-9	23	0	-312	867	-113	384	0	-400
1	-113	784	419326580	-12	70	-38	70	-7	21	0	-319	888	-113	384	0	-400
1	-113	784	419328576	-14	77	-42	79	-8	24	0	-327	912	-113	384	0	-400
1	-113	784	419330580	-11	68	-35	66	-7	20	0	-334	740	-113	384	0	-400
1	-113	784	419332572	-12	65	-39	75	-8	21	0	-342	761	-113	384	0	-400
1	-113	784	419334580	-11	71	-33	64	-7	20	0	-349	781	-113	384	0	-400
1	-113	784	419336584	-10	63	-36	71	-6	20	0	-355	801	-113	384	0	-400
1	-113	784	419338588	-9	61	-30	60	-6	18	0	-361	819	-113	384	0	-400
1	-113	784	419340588	-8	67	-34	68	-7	21	0	-368	840	-113	384	0	-400
1	-113	784	419342588	-8	58	-27	57	-5	17	0	-373	857	-113	384	0	-400
1	-113	784	419344584	-6	57	-30	65	-5	18	0	-378	875	-113	384	0	-400
1	-113	784	419346588	-6	62	-25	55	-5	18	0	-383	738	-113	384	0	-400
1	-113	784	419348588	-5	55	-26	62	-5	17	0	-388	755	-113	384	0	-400
1	-113	784	419350592	-5	58	-25	58	-4	18	0	-392	773	-113	384	0	-400
1	-113	784	419352592	-4	52	-22	52	-4	15	0	-396	788	-113	384	0	-400
1	-113	784	419354584	-4	50	-23	56	-4	16	0	-400	804	-113	384	0	-400
1	-113	784	419356584	-4	55	-19	49	-3	16	0	-403	820	-113	384	0	-400
1	-113	784	419358584	-2	46	-20	52	-4	14	0	-407	834	-113	384	0	-400
1	-113	784	419360584	-3	45	-16	45	-3	14	0	-410	848	-113	384	0	-400
1	-113	784	419362584	-2	49	-19	50	-3	15	0	-413	863	-113	384	0	-400
1	-113	784	419364584	-1	42	-14	43	-2	12	0	-415	732	-113	384	0	-400
1	-113	784	419366584	-2	40	-16	45	-3	13	0	-418	745	-113	384	0	-400
1	-113	784	419368588	-1	43	-11	38	-2	12	0	-420	757	-113	384	0	-400
1	-113	784	419370588	-1	36	-14	43	-2	12	0	-422	769	-113	384	0	-400
1	-113	784	419372588	0	36	-10	35	-1	11	0	-423	780	-113	384	0	-400
1	-113	784	419374584	0	38	-11	39	-2	11	0	-425	791	-113	384	0	-400
1	-113	784	419376588	0	31	-10	36	-1	10	0	-426	801	-113	384	0	-400
1	-113	784	419378596	0	30	-9	30	-2	9	0	-428	810	-113	384	0	-400
1	-113	784	419380604	0	31	-8	32	-1	10	0	-429	730	-113	384	0	-400
1	-113	784	419382604	0	26	-7	27	-1	8	0	-430	738	-113	384	0	-400
1	-113	784	419384600	0	24	-6	28	-1	8	0	-431	746	-113	384	0	-400
1	-113	784	419386584	2	25	-5	23	0	7	0	-431	753	-113	384	0	-400
1	-113	784	419388596	1	20	-5	24	-1	6	0	-432	759	-113	384	0	-400
1	-113	784	419390576	1	18	-3	18	0	6	0	-432	765	-113	384	0	-400
1	-113	784	419392592	1	18	-4	20	-1	6	0	-433	771	-113	384	0	-400
1	-113	784	419394580	3	14	-2	15	0	4	0	-433	775	-113	384	0	-400
1	-113	784	419396572	1	13	-4	15	0	4	0	-433	779	-113	384	0	-400
1	-113	784	419398544	1	11	-1	12	0	4	1	-433	724	-113	384	0	-400
2	-113	784	419400576	2	10	-1	12	0	3	1	-113	387	-113	384	0	-400
2	-113	784	419402576	0	6	-3	10	0	2	1	-113	389	-113	384	0	-400
2	-113	784	419404572	1	8	0	6	0	2	1	-113	391	-113	384	0	-400
2	-113	784	419406540	1	3	-1	8	0	2	1	-113	393	-113	384	0	-400
2	-113	784	419408564	1	4	0	5	0	1	1	-113	394	-113	384	0	-400
2	-113	784	419410532	0	4	0	4	0	2	1	-113	396	-113	384	0	-400
2	-113	784	419412552	2	1	-1	2	0	0	1	-113	396	-113	384	0	-400
2	329	-721	419414536	0	1	0	3	0	1	1	-113	397	216	-337	-113	384
2	329	-721	419416528	0	2	0	1	0	0	1	-113	397	216	-337	-113	384
2	329	-721	419418532	0	0	0	1	0	0	1	-113	397	216	-337	-113	384
2	329	-721	419452564	0	-1	0	0	0	0	1	-113	397	216	-337	-113	384
2	329	-721	419458564	0	-1	0	0	0	0	1	-113	397	216	-337	-113	384
2	329	-721	419460572	0	-1	0	-2	0	0	1	-113	397	216	-337	-113	384
2	329	-721	419462572	0	-2	0	-1	0	0	1	-113	397	216	-337	-113	384
2	329	-721	419464568	0	-1	0	-1	0	0	1	-113	397	216	-337	-113	384
2	329	-721	419466592	0	-2	0	-1	0	-1	1	-113	396	216	-337	-113	384
2	329	-721	419468592	0	-3	0	-3	0	-1	1	-113	395	216	-337	-113	384
2	329	-721	419470604	0	-2	1	-2	0	0	1	-113	395	216	-337	-113	384
2	329	-721	419472580	0	-4	0	-4	0	-1	1	-113	394	216	-337	-113	384
2	329	-721	419474604	0	-4	1	-4	0	-2	1	-113	392	216	-337	-113	384
2	329	-721	419476608	0	-4	2	-4	0	-1	1	-113	391	216	-337	-113	384
2	329	-721	419478604	0	-5	1	-5	0	-1	1	-113	390	216	-337	-113	384
2	329	-721	419480608	0	-6	2	-5	0	-2	1	-113	388	216	-337	-113	384
2	329	-721	419482600	0	-6	2	-6	0	-2	1	-113	386	216	-337	-113	384
2	329	-721	419484616	0	-8	2	-6	1	-2	1	-112	384	216	-337	-113	384
2	329	-721	419486604	0	-8	3	-8	0	-2	1	-112	382	216	-337	-113	384
2	329	-721	419488616	0	-8	3	-8	1	-3	1	-111	379	216	-337	-113	384
2	329	-721	419490604	0	-10	4	-8	0	-2	1	-111	377	216	-337	-113	384
2	329	-721	419492624	0	-10	5	-11	1	-4	1	-110	373	216	-337	-113	384
2	329	-721	419494628	0	-11	4	-9	1	-3	1	-109	370	216	-337	-113	384
2	329	-721	419496624	1	-11	6	-12	1	-3	1	-108	367	216	-337	-113	384
2	329	-721	419498624	0	-14	6	-14	1	-4	1	-107	363	216	-337	-113	384
2	329	-721	419500624	0	-13	7	-11	1	-4	1	-106	359	216	-337	-113	384
2	329	-721	419502624	1	-15	7	-17	1	-5	1	-105	354	216	-337	-113	384
2	329	-721	419504628	0	-16	8	-13	1	-4	0	-104	350	216	-337	-113	384
2	329	-721	419506624	1	-16	10	-18	2	-5	0	-102	345	216	-337	-113	384
2	329	-721	419508628	2	-19	8	-15	1	-5	0	-101	340	216	-337	-113	384
2	329	-721	419510628	0	-19	13	-20	2	-6	0	-99	334	216	-337	-113	384
2	329	-721	419512620	1	-18	11	-17	2	-5	0	-97	329	216	-337	-113	384
2	329	-721	419514620	2	-24	14	-23	2	-7	0	-95	322	216	-337	-113	384
2	329	-721	419516624	2	-21	12	-20	2	-6	0	-93	316	216	-337	-113	384
2	329	-721	419518628	2	-24	18	-24	3	-8	0	-90	308	216	-337	-113	384
2	329	-721	419520620	1	-28	15	-22	3	-7	0	-87	301	216	-337	-113	384
2	329	-721	419522620	3	-25	20	-28	3	-8	0	-84	293	216	-337	-113	384
2	329	-721	419524624	4	-27	19	-25	4	-8	0	-80	285	216	-337	-113	384
2	329	-721	419526612	3	-33	22	-30	3	-9	0	-77	276	216	-337	-113	384
2	329	-721	419528616	4	-30	24	-32	5	-10	0	-72	266	216	-337	-113	384
2	329	-721	419530616	4	-31	24	-29	4	-9	0	-68	257	216	-337	-113	384
2	329	-721	419532620	6	-37	28	-35	5	-10	0	-63	247	216	-337	-113	384
2	329	-721	419534616	5	-34	27	-31	5	-10	0	-58	237	216	-337	-113	384
2	329	-721	419536608	6	-36	31	-39	5	-11	0	-53	226	216	-337	-113	384
2	329	-721	419538604	8	-42	30	-34	6	-12	0	-47	214	216	-337	-113	384
2	329	-721	419540612	7	-38	36	-41	6	-12	0	-41	202	216	-337	-113	384
2	329	-721	419542612	8	-40	34	-37	7	-11	0	-34	191	216	-337	-113	384
2	329	-721	419544608	10	-47	40	-44	7	-14	0	-27	177	216	-337	-113	384
2	329	-721	419546608	10	-43	37	-40	7	-12	0	-20	165	216	-337	-113	384
2	329	-721	419548608	10	-44	45	-48	9	-14	0	-11	151	216	-337	-113	384
2	329	-721	419550608	12	-51	40	-42	7	-14	0	-4	137	216	-337	-113	384
2	329	-721	419552612	12	-48	49	-51	10	-15	0	6	122	216	-337	-113	384
2	329	-721	419554612	12	-47	51	-52	9	-15	0	15	107	216	-337	-113	384
2	329	-721	419556608	15	-55	48	-46	9	-15	0	24	92	216	-337	-113	384
2	329	-721	419558608	14	-50	55	-55	11	-16	0	35	76	216	-337	-113	384
2	329	-721	419560616	15	-52	49	-49	9	-15	0	44	61	216	-337	-113	384
2	329	-721	419562616	19	-58	60	-57	12	-17	0	56	44	216	-337	-113	384
2	329	-721	419564612	16	-54	52	-50	10	-16	0	66	28	216	-337	-113	384
2	329	-721	419566616	17	-54	63	-60	12	-17	0	78	11	216	-337	-113	384
2	329	-721	419568608	22	-62	56	-53	12	-17	0	90	-6	216	-337	-113	384
2	329	-721	419570604	18	-57	66	-61	13	-18	0	103	-24	216	-337	-113	384
2	329	-721	419572600	20	-56	60	-55	12	-16	0	115	-40	216	-337	-113	384
2	329	-721	419574600	24	-65	70	-62	14	-19	0	129	-59	216	-337	-113	384
2	329	-721	419576600	23	-57	61	-57	12	-18	0	141	-77	216	-337	-113	384
2	329	-721	419578596	22	-59	73	-65	15	-18	0	156	-95	216	-337	-113	384
2	329	-721	419580596	26	-68	64	-57	13	-19	0	169	-114	216	-337	-113	384
2	329	-721	419582592	24	-58	75	-66	15	-18	0	184	-132	216	-337	-113	384
2	329	-721	419584596	25	-60	76	-67	15	-20	0	199	-152	216	-337	-113	384
2	329	-721	419586596	28	-69	67	-60	14	-19	0	213	-171	216	-337	-113	384
2	329	-721	419588588	25	-61	78	-67	16	-19	0	229	-190	216	-337	-113	384
2	329	-721	419590592	26	-63	69	-60	14	-19	0	243	-209	216	-337	-113	384
2	329	-721	419592604	29	-70	81	-70	17	-21	0	260	-230	216	-337	-113	384
2	329	-721	419594604	26	-65	70	-63	14	-19	0	274	-249	216	-337	-113	384
2	329	-721	419596600	26	-65	82	-72	16	-20	0	290	-269	216	-337	-113	384
2	329	-721	419598596	30	-74	73	-64	16	-21	0	306	-290	216	-337	-113	384
2	329	-721	419600592	26	-66	84	-74	16	-21	0	322	-311	216	-337	-113	384
2	329	-721	419602584	27	-69	73	-65	15	-20	0	337	-331	216	-337	-113	384
2	329	-721	419604580	30	-77	84	-76	17	-23	0	354	-354	216	-337	-113	384
2	329	-721	419606572	27	-69	75	-67	16	-20	0	370	-374	216	-337	-113	384
2	329	-721	419608572	26	-71	86	-78	16	-23	0	386	-397	216	-337	-113	384
2	329	-721	419610568	30	-80	75	-69	16	-22	0	402	-419	216	-337	-113	384
2	329	-721	419612572	28	-73	87	-78	17	-23	0	419	-442	216	-337	-113	384
2	329	-721	419614568	27	-72	86	-82	17	-23	0	436	-465	216	-337	-113	384
2	329	-721	419616576	30	-81	75	-71	16	-23	0	452	-488	216	-337	-113	384
2	329	-721	419618568	28	-74	87	-81	17	-23	0	469	-511	216	-337	-113	384
2	329	-721	419620576	27	-74	75	-73	16	-22	0	485	-533	216	-337	-113	384
2	329	-721	419622576	32	-82	87	-81	17	-24	0	502	-557	216	-337	-113	384
2	329	-721	419624568	27	-73	73	-72	15	-22	0	517	-579	216	-337	-113	384
2	329	-721	419626572	28	-72	85	-82	17	-23	0	534	-602	216	-337	-113	384
2	329	-721	419628568	31	-82	74	-70	16	-23	0	550	-625	216	-337	-113	384
2	329	-721	419630572	29	-72	84	-81	17	-23	0	567	-648	216	-337	-113	384
2	329	-721	419632568	27	-71	72	-70	15	-21	0	582	-669	216	-337	-113	384
2	329	-721	419634576	30	-80	83	-80	17	-24	0	599	-693	216	-337	-113	384
2	329	-721	419636584	28	-70	81	-79	16	-23	0	615	-716	216	-337	-113	384
2	329	-721	419638580	26	-70	70	-67	15	-20	0	630	-736	216	-337	-113	384
2	329	-721	419640576	30	-78	78	-78	16	-23	0	646	-759	216	-337	-113	384
2	329	-721	419642576	26	-67	68	-67	14	-21	0	660	-780	216	-337	-113	384
2	329	-721	419644568	25	-69	75	-75	15	-21	0	675	-801	216	-337	-113	384
2	329	-721	419646564	29	-75	65	-65	14	-21	0	689	-822	216	-337	-113	384
2	329	-721	419648572	25	-65	73	-73	15	-21	0	704	-741	216	-337	-113	384
2	329	-721	419650568	24	-66	62	-63	13	-19	0	717	-760	216	-337	-113	384
2	329	-721	419652556	27	-72	69	-72	14	-22	0	731	-782	216	-337	-113	384
2	329	-721	419654552	24	-62	59	-61	13	-18	0	744	-800	216	-337	-113	384
2	329	-721	419656544	22	-63	64	-69	12	-20	0	756	-820	216	-337	-113	384
2	329	-721	419658552	25	-67	55	-58	12	-19	0	768	-839	216	-337	-113	384
2	329	-721	419660552	22	-59	60	-67	13	-19	0	781	-858	216	-337	-113	384
2	329	-721	419662552	21	-56	50	-56	10	-17	0	791	-875	216	-337	-113	384
2	329	-721	419664552	22	-63	55	-62	12	-18	0	803	-738	216	-337	-113	384
2	329	-721	419666544	20	-52	45	-53	10	-16	0	813	-754	216	-337	-113	384
2	329	-721	419668552	19	-53	48	-60	10	-17	0	823	-771	216	-337	-113	384
2	329	-721	419670552	21	-55	47	-56	10	-17	0	833	-788	216	-337	-113	384
2	329	-721	419672548	18	-47	36	-48	8	-14	0	841	-802	216	-337	-113	384
2	329	-721	419674552	16	-46	40	-52	8	-15	0	849	-817	216	-337	-113	384
2	329	-721	419676552	19	-48	32	-44	8	-13	0	857	-830	216	-337	-113	384
2	329	-721	419678552	15	-41	35	-49	8	-14	0	865	-844	216	-337	-113	384
2	329	-721	419680556	14	-39	28	-38	6	-11	0	871	-731	216	-337	-113	384
2	329	-721	419682556	15	-41	29	-44	6	-13	0	877	-744	216	-337	-113	384
2	329	-721	419684564	12	-34	23	-35	6	-11	0	883	-755	216	-337	-113	384
2	329	-721	419686564	13	-32	24	-39	5	-10	0	888	-765	216	-337	-113	384
2	329	-721	419688564	12	-34	19	-31	5	-10	0	893	-775	216	-337	-113	384
2	329	-721	419690568	11	-28	20	-34	5	-9	0	898	-784	216	-337	-113	384
2	329	-721	419692568	10	-26	17	-31	4	-9	1	902	-793	216	-337	-113	384
3	329	-721	419694560	12	-27	14	-25	4	-8	1	220	-345	216	-337	-113	384
3	329	-721	419696564	8	-22	15	-26	3	-7	1	223	-352	216	-337	-113	384
3	-518	599	419698556	9	-20	10	-20	3	-6	1	226	-358	-302	262	216	-337
3	-518	599	419700556	9	-20	11	-23	3	-6	1	229	-364	-302	262	216	-337
3	-518	599	419702560	7	-16	9	-17	2	-5	1	231	-369	-302	262	216	-337
3	-518	599	419704556	8	-16	8	-18	3	-5	1	234	-374	-302	262	216	-337
3	-518	599	419706556	6	-13	7	-14	2	-4	1	236	-378	-302	262	216	-337
3	-518	599	419708560	5	-11	6	-13	1	-4	1	237	-382	-302	262	216	-337
3	-518	599	419710556	6	-10	4	-10	2	-3	1	239	-385	-302	262	216	-337
3	-518	599	419712560	4	-7	5	-10	1	-2	1	240	-387	-302	262	216	-337
3	-518	599	419714564	5	-8	4	-8	1	-3	1	241	-390	-302	262	216	-337
3	-518	599	419716564	4	-6	2	-7	1	-2	1	242	-392	-302	262	216	-337
3	-518	599	419718568	2	-4	3	-7	1	-1	1	243	-393	-302	262	216	-337
3	-518	599	419720564	3	-4	2	-5	1	-2	1	244	-395	-302	262	216	-337
3	-518	599	419722552	2	-2	2	-3	0	-1	1	244	-396	-302	262	216	-337
3	-518	599	419724556	2	-1	1	-3	1	0	1	245	-396	-302	262	216	-337
3	-518	599	419726552	1	-3	1	-1	0	-1	1	245	-397	-302	262	216	-337
3	-518	599	419728544	1	0	0	-3	0	0	1	245	-397	-302	262	216	-337
3	-518	599	419730544	1	-1	0	0	0	0	1	245	-397	-302	262	216	-337
3	-518	599	419732576	0	0	1	-1	1	-1	1	246	-398	-302	262	216	-337
3	-518	599	419736516	2	0	0	0	0	0	1	246	-398	-302	262	216	-337
3	-518	599	419738516	0	0	0	-1	0	0	1	246	-398	-302	262	216	-337
3	-518	599	419760532	-1	0	0	0	0	0	1	246	-398	-302	262	216	-337
3	-518	599	419770544	-1	0	0	0	0	0	1	246	-398	-302	262	216	-337
3	-518	599	419780556	0	0	0	2	0	0	1	246	-398	-302	262	216	-337
3	-518	599	419782584	-1	2	0	1	0	0	1	246	-398	-302	262	216	-337
3	-518	599	419784572	0	2	0	1	0	1	1	246	-397	-302	262	216	-337
3	-518	599	419786588	0	3	-1	3	0	0	1	246	-397	-302	262	216	-337
3	-518	599	419788600	0	2	-1	2	0	1	1	246	-396	-302	262	216	-337
3	-518	599	419790604	0	4	-2	3	0	1	0	246	-395	-302	262	216	-337
3	-518	599	419792604	0	5	-1	5	0	2	0	246	-393	-302	262	216	-337
3	-518	599	419794616	-2	5	-2	3	-1	1	0	245	-392	-302	262	216	-337
3	-518	599	419796604	0	5	-3	7	0	2	0	245	-390	-302	262	216	-337
3	-518	599	419798620	0	7	-4	5	-1	1	0	244	-389	-302	262	216	-337
3	-518	599	419800604	0	8	-3	7	0	3	0	244	-386	-302	262	216	-337
3	-518	599	419802612	-1	9	-5	8	-1	2	0	243	-384	-302	262	216	-337
3	-518	599	419804616	0	10	-7	8	-1	3	0	242	-381	-302	262	216	-337
3	-518	599	419806616	0	10	-5	9	-1	3	0	241	-378	-302	262	216	-337
3	-518	599	419808616	-1	11	-7	13	-1	3	0	240	-375	-302	262	216	-337
3	-518	599	419810616	0	14	-8	10	-1	4	0	239	-371	-302	262	216	-337
3	-518	599	419812620	-1	13	-10	13	-2	4	0	237	-367	-302	262	216	-337
3	-518	599	419814612	-2	14	-11	15	-2	4	0	235	-363	-302	262	216	-337
3	-518	599	419816616	-1	16	-10	14	-2	5	0	233	-358	-302	262	216	-337
3	-518	599	419818624	-1	17	-14	18	-2	5	0	231	-353	-302	262	216	-337
3	-518	599	419820620	-1	16	-12	15	-2	5	0	229	-348	-302	262	216	-337
3	-518	599	419822616	-2	21	-16	20	-3	6	0	226	-342	-302	262	216	-337
3	-518	599	419824604	-1	19	-15	18	-2	5	0	224	-337	-302	262	216	-337
3	-518	599	419826600	-1	20	-19	22	-3	7	0	221	-330	-302	262	216	-337
3	-518	599	419828604	-3	25	-19	21	-3	6	0	218	-324	-302	262	216	-337
3	-518	599	419830608	-2	22	-21	25	-4	8	0	214	-316	-302	262	216	-337
3	-518	599	419832604	-3	25	-21	22	-3	7	0	211	-309	-302	262	216	-337
3	-518	599	419834608	-3	29	-25	29	-5	8	0	206	-301	-302	262	216	-337
3	-518	599	419836604	-4	28	-24	26	-4	8	0	202	-293	-302	262	216	-337
3	-518	599	419838608	-5	28	-30	32	-5	9	0	197	-284	-302	262	216	-337
3	-518	599	419840604	-5	35	-31	33	-5	11	0	192	-273	-302	262	216	-337
3	-518	599	419842600	-5	33	-30	30	-6	9	0	186	-264	-302	262	216	-337
3	-518	599	419844600	-6	35	-37	38	-6	11	0	180	-253	-302	262	216	-337
3	-518	599	419846596	-8	40	-32	35	-6	11	0	174	-242	-302	262	216	-337
3	-518	599	419848600	-7	39	-41	40	-7	12	0	167	-230	-302	262	216	-337
3	-518	599	419850608	-9	40	-39	39	-8	12	0	159	-218	-302	262	216	-337
3	-518	599	419852604	-10	46	-48	45	-8	14	0	151	-204	-302	262	216	-337
3	-518	599	419854604	-10	44	-42	41	-8	12	0	143	-192	-302	262	216	-337
3	-518	599	419856604	-11	46	-53	50	-10	15	0	133	-177	-302	262	216	-337
3	-518	599	419858604	-14	55	-48	46	-9	15	0	124	-162	-302	262	216	-337
3	-518	599	419860604	-14	51	-59	55	-11	16	0	113	-146	-302	262	216	-337
3	-518	599	419862596	-14	53	-54	50	-10	15	0	103	-131	-302	262	216	-337
3	-518	599	419864596	-17	62	-66	60	-13	19	0	90	-112	-302	262	216	-337
3	-518	599	419866588	-16	58	-61	55	-11	16	0	79	-96	-302	262	216	-337
3	-518	599	419868596	-18	60	-73	65	-14	19	0	65	-77	-302	262	216	-337
3	-518	599	419870588	-21	70	-76	69	-14	21	0	51	-56	-302	262	216	-337
3	-518	599	419872588	-19	63	-71	61	-14	19	0	37	-37	-302	262	216	-337
3	-518	599	419874588	-21	68	-84	73	-16	21	0	21	-16	-302	262	216	-337
3	-518	599	419876584	-25	77	-76	66	-15	21	0	6	5	-302	262	216	-337
3	-518	599	419878584	-24	72	-90	77	-17	23	0	-11	28	-302	262	216	-337
3	-518	599	419880576	-26	73	-82	70	-16	21	0	-27	49	-302	262	216	-337
3	-518	599	419882572	-29	85	-96	83	-19	25	0	-46	74	-302	262	216	-337
3	-518	599	419884572	-27	77	-85	74	-17	23	0	-63	97	-302	262	216	-337
3	-518	599	419886568	-28	80	-101	87	-19	25	0	-82	122	-302	262	216	-337
3	-518	599	419888568	-32	90	-90	78	-18	25	0	-100	147	-302	262	216	-337
3	-518	599	419890572	-32	82	-105	90	-21	26	0	-121	173	-302	262	216	-337
3	-518	599	419892576	-31	84	-94	80	-18	25	0	-139	198	-302	262	216	-337
3	-518	599	419894568	-36	95	-107	92	-22	28	0	-161	226	-302	262	216	-337
3	-518	599	419896564	-34	85	-95	83	-19	25	0	-180	251	-302	262	216	-337
3	-518	599	419898572	-35	85	-110	93	-22	27	0	-202	278	-302	262	216	-337
3	-518	599	419900572	-40	97	-98	83	-21	27	0	-223	305	-302	262	216	-337
3	-518	599	419902568	-37	85	-111	95	-22	27	0	-245	332	-302	262	216	-337
3	-518	599	419904568	-38	85	-111	95	-22	27	0	-267	359	-302	262	216	-337
3	-518	599	419906564	-42	97	-97	82	-21	26	0	-288	385	-302	262	216	-337
3	-518	599	419908564	-39	82	-110	93	-22	27	0	-310	412	-302	262	216	-337
3	-518	599	419910564	-39	83	-95	81	-21	24	0	-331	436	-302	262	216	-337
3	-518	599	419912572	-45	91	-108	91	-23	28	0	-354	464	-302	262	216	-337
3	-518	599	419914560	-40	80	-93	79	-19	23	0	-373	487	-302	262	216	-337
3	-518	599	419916564	-40	77	-106	88	-22	25	0	-395	512	-302	262	216	-337
3	-518	599	419918564	-46	85	-90	75	-21	24	0	-416	536	-302	262	216	-337
3	-518	599	419920572	-43	73	-103	83	-22	24	0	-438	560	-302	262	216	-337
3	-518	599	419922572	-46	79	-87	72	-20	22	0	-458	582	-302	262	216	-337
3	-518	599	419924564	-42	67	-99	77	-21	22	0	-479	604	-302	262	216	-337
3	-518	599	419926568	-40	66	-96	75	-20	21	0	-499	625	-302	262	216	-337
3	-518	599	419928560	-47	70	-83	64	-20	20	0	-519	645	-302	262	216	-337
3	-518	599	419930572	-38	60	-92	70	-19	20	0	-538	665	-302	262	216	-337
3	-518	599	419932576	-39	58	-78	59	-18	17	0	-556	682	-302	262	216	-337
3	-518	599	419934588	-43	62	-87	63	-19	19	0	-575	701	-302	262	216	-337
3	-518	599	419936580	-37	53	-75	55	-17	16	0	-592	717	-302	262	216	-337
3	-518	599	419938588	-35	51	-83	59	-18	17	0	-610	734	-302	262	216	-337
3	-518	599	419940584	-39	56	-71	51	-16	16	0	-626	750	-302	262	216	-337
3	-518	599	419942592	-34	48	-79	55	-17	15	0	-643	765	-302	262	216	-337
3	-518	599	419944584	-32	46	-67	47	-15	14	0	-658	779	-302	262	216	-337
3	-518	599	419946592	-35	49	-76	51	-17	15	0	-675	794	-302	262	216	-337
3	-518	599	419948592	-29	42	-64	42	-14	13	0	-689	807	-302	262	216	-337
3	-518	599	419950580	-27	42	-71	48	-14	13	0	-703	820	-302	262	216	-337
3	-518	599	419952576	-30	45	-69	46	-15	14	0	-718	834	-302	262	216	-337
3	-518	599	419954572	-25	37	-58	39	-13	11	0	-731	731	-302	262	216	-337
3	-518	599	419956568	-24	38	-65	42	-13	12	0	-744	743	-302	262	216	-337
3	-518	599	419958564	-25	40	-55	38	-12	12	0	-756	755	-302	262	216	-337
3	-518	599	419960568	-21	35	-60	40	-12	11	0	-768	766	-302	262	216	-337
3	-518	599	419962560	-20	32	-50	34	-11	10	0	-779	776	-302	262	216	-337
3	-518	599	419964556	-22	36	-56	37	-11	11	0	-790	787	-302	262	216	-337
3	-518	599	419966552	-17	30	-46	31	-10	9	0	-800	796	-302	262	216	-337
3	-518	599	419968556	-18	30	-51	34	-10	10	0	-810	730	-302	262	216	-337
3	-518	599	419970552	-17	32	-42	29	-9	9	0	-819	739	-302	262	216	-337
3	-518	599	419972548	-14	25	-45	31	-9	8	0	-828	747	-302	262	216	-337
3	-518	599	419974556	-14	25	-37	25	-7	8	0	-835	755	-302	262	216	-337
3	-518	599	419976564	-12	26	-40	28	-8	8	0	-843	763	-302	262	216	-337
3	-518	599	419978560	-11	21	-33	22	-7	6	0	-850	769	-302	262	216	-337
3	-518	599	419980564	-10	20	-33	24	-6	7	0	-856	776	-302	262	216	-337
3	-518	599	419982560	-10	21	-33	22	-7	6	0	-863	782	-302	262	216	-337
3	-518	599	419984560	-9	18	-25	18	-5	6	0	-868	788	-302	262	216	-337
3	-518	599	419986560	-8	15	-27	20	-5	5	0	-873	725	-302	262	216	-337
3	-518	599	419988564	-6	16	-22	15	-4	5	0	-877	730	-302	262	216	-337
3	-518	599	419990572	-6	14	-22	15	-5	4	0	-882	734	-302	262	216	-337
3	-518	599	419992564	-5	11	-18	12	-3	3	1	-885	737	-302	262	216	-337
4	-518	599	419994556	-5	13	-18	13	-3	4	1	-305	266	-302	262	216	-337
4	-518	599	419996556	-4	8	-14	10	-3	3	1	-308	269	-302	262	216	-337
4	-518	599	419998556	-4	8	-15	10	-3	3	1	-311	272	-302	262	216	-337
4	-518	599	420000556	-2	9	-10	7	-2	2	1	-313	274	-302	262	216	-337
4	666	-428	420002560	-3	5	-11	8	-2	2	1	-315	276	364	-166	-302	262
4	666	-428	420004568	-2	5	-9	5	-2	2	1	-317	278	364	-166	-302	262
4	666	-428	420006572	-3	5	-8	6	-1	1	1	-318	279	364	-166	-302	262
4	666	-428	420008568	-1	3	-7	4	-1	1	1	-319	280	364	-166	-302	262
4	666	-428	420010568	-1	3	-5	4	-1	1	1	-320	281	364	-166	-302	262
4	666	-428	420012572	0	2	-4	3	-1	1	1	-321	282	364	-166	-302	262
4	666	-428	420014568	-1	3	-4	2	-1	1	1	-322	283	364	-166	-302	262
4	666	-428	420016544	0	1	-2	2	0	0	1	-322	283	364	-166	-302	262
4	666	-428	420018564	0	1	-3	1	0	1	1	-322	284	364	-166	-302	262
4	666	-428	420020564	-2	0	-2	2	-1	0	1	-323	284	364	-166	-302	262
4	666	-428	420022552	0	0	-1	1	0	0	1	-323	284	364	-166	-302	262
4	666	-428	420024524	0	2	0	0	0	0	1	-323	284	364	-166	-302	262
4	666	-428	420026520	0	0	-2	0	0	0	1	-323	284	364	-166	-302	262
4	666	-428	420070568	0	-1	0	-1	0	0	1	-323	284	364	-166	-302	262
4	666	-428	420072568	0	0	1	0	0	0	1	-323	284	364	-166	-302	262
4	666	-428	420074568	0	-1	0	-1	0	0	1	-323	284	364	-166	-302	262
4	666	-428	420076596	0	-3	1	-2	0	0	1	-323	284	364	-166	-302	262
4	666	-428	420078612	0	-2	2	-2	0	-1	1	-323	283	364	-166	-302	262
4	666	-428	420080596	1	-3	2	-2	0	0	1	-323	283	364	-166	-302	262
4	666	-428	420082600	0	-3	2	-4	0	-1	1	-323	282	364	-166	-302	262
4	666	-428	420084612	1	-4	3	-2	1	-1	1	-322	281	364	-166	-302	262
4	666	-428	420086604	1	-4	3	-4	0	-2	1	-322	279	364	-166	-302	262
4	666	-428	420088616	2	-5	4	-5	1	-1	1	-321	278	364	-166	-302	262
4	666	-428	420090620	1	-5	5	-5	1	-2	1	-320	276	364	-166	-302	262
4	666	-428	420092624	1	-7	4	-5	1	-1	1	-319	275	364	-166	-302	262
4	666	-428	420094624	1	-7	6	-6	1	-2	1	-318	273	364	-166	-302	262
4	666	-428	420096628	2	-7	6	-7	1	-2	0	-317	271	364	-166	-302	262
4	666	-428	420098624	2	-9	9	-7	2	-3	0	-315	268	364	-166	-302	262
4	666	-428	420100624	1	-7	9	-9	1	-2	0	-314	266	364	-166	-302	262
4	666	-428	420102624	3	-9	9	-7	2	-3	0	-312	263	364	-166	-302	262
4	666	-428	420104624	2	-10	11	-10	2	-3	0	-310	260	364	-166	-302	262
4	666	-428	420106628	2	-10	11	-9	2	-2	0	-308	258	364	-166	-302	262
4	666	-428	420108624	2	-10	14	-10	2	-3	0	-306	255	364	-166	-302	262
4	666	-428	420110624	4	-10	14	-10	3	-3	0	-303	252	364	-166	-302	262
4	666	-428	420112628	4	-11	16	-10	3	-4	0	-300	248	364	-166	-302	262
4	666	-428	420114632	2	-10	15	-10	2	-3	0	-298	245	364	-166	-302	262
4	666	-428	420116624	5	-13	19	-11	4	-3	0	-294	242	364	-166	-302	262
4	666	-428	420118628	4	-11	18	-12	3	-4	0	-291	238	364	-166	-302	262
4	666	-428	420120632	5	-11	23	-12	5	-3	0	-286	235	364	-166	-302	262
4	666	-428	420122636	5	-14	21	-11	3	-4	0	-283	231	364	-166	-302	262
4	666	-428	420124632	6	-13	28	-13	6	-4	0	-277	227	364	-166	-302	262
4	666	-428	420126640	6	-12	28	-14	5	-4	0	-272	223	364	-166	-302	262
4	666	-428	420128632	8	-15	27	-13	5	-4	0	-267	219	364	-166	-302	262
4	666	-428	420130632	7	-14	33	-15	6	-4	0	-261	215	364	-166	-302	262
4	666	-428	420132636	9	-14	32	-13	6	-4	0	-255	211	364	-166	-302	262
4	666	-428	420134636	10	-17	38	-16	7	-5	0	-248	206	364	-166	-302	262
4	666	-428	420136632	11	-15	35	-15	7	-5	0	-241	201	364	-166	-302	262
4	666	-428	420138628	12	-16	44	-18	9	-5	0	-232	196	364	-166	-302	262
4	666	-428	420140628	13	-20	41	-17	8	-5	0	-224	191	364	-166	-302	262
4	666	-428	420142624	14	-18	49	-19	9	-6	0	-215	185	364	-166	-302	262
4	666	-428	420144624	15	-19	46	-17	9	-5	0	-206	180	364	-166	-302	262
4	666	-428	420146620	18	-22	57	-22	11	-7	0	-195	173	364	-166	-302	262
4	666	-428	420148620	17	-20	51	-20	11	-6	0	-184	167	364	-166	-302	262
4	666	-428	420150624	19	-21	61	-22	12	-6	0	-172	161	364	-166	-302	262
4	666	-428	420152624	22	-25	65	-24	13	-8	0	-159	153	364	-166	-302	262
4	666	-428	420154628	22	-23	60	-22	12	-6	0	-147	147	364	-166	-302	262
4	666	-428	420156628	23	-25	73	-27	14	-8	0	-133	139	364	-166	-302	262
4	666	-428	420158628	28	-27	65	-23	14	-8	0	-119	131	364	-166	-302	262
4	666	-428	420160628	26	-27	78	-29	16	-8	0	-103	123	364	-166	-302	262
4	666	-428	420162632	28	-26	72	-25	15	-8	0	-88	115	364	-166	-302	262
4	666	-428	420164636	33	-31	85	-30	18	-9	0	-70	106	364	-166	-302	262
4	666	-428	420166632	32	-29	77	-28	16	-8	0	-54	98	364	-166	-302	262
4	666	-428	420168636	36	-32	90	-31	19	-10	0	-35	88	364	-166	-302	262
4	666	-428	420170632	35	-30	81	-29	17	-9	0	-18	79	364	-166	-302	262
4	666	-428	420172632	36	-30	97	-33	20	-9	0	2	70	364	-166	-302	262
4	666	-428	420174632	44	-35	86	-30	20	-10	0	22	60	364	-166	-302	262
4	666	-428	420176640	40	-33	101	-35	21	-10	0	43	50	364	-166	-302	262
4	666	-428	420178636	41	-31	104	-35	22	-10	0	65	40	364	-166	-302	262
4	666	-428	420180636	48	-36	92	-32	21	-10	0	86	30	364	-166	-302	262
4	666	-428	420182640	43	-33	108	-35	22	-10	0	108	20	364	-166	-302	262
4	666	-428	420184640	45	-34	96	-31	21	-10	0	129	10	364	-166	-302	262
4	666	-428	420186644	53	-36	113	-36	25	-11	0	154	-1	364	-166	-302	262
4	666	-428	420188644	47	-34	98	-31	22	-10	0	176	-11	364	-166	-302	262
4	666	-428	420190648	50	-32	117	-37	25	-10	0	201	-21	364	-166	-302	262
4	666	-428	420192660	57	-38	101	-32	24	-11	0	225	-32	364	-166	-302	262
4	666	-428	420194660	51	-33	117	-35	25	-10	0	250	-42	364	-166	-302	262
4	666	-428	420196660	52	-33	104	-33	23	-10	0	273	-52	364	-166	-302	262
4	666	-428	420198660	59	-36	120	-35	27	-10	0	300	-62	364	-166	-302	262
4	666	-428	420200660	54	-33	120	-36	26	-11	0	326	-73	364	-166	-302	262
4	666	-428	420202660	54	-31	105	-30	24	-9	0	350	-82	364	-166	-302	262
4	666	-428	420204660	61	-36	121	-35	28	-11	0	378	-93	364	-166	-302	262
4	666	-428	420206660	56	-31	105	-31	24	-9	0	402	-102	364	-166	-302	262
4	666	-428	420208656	55	-33	122	-34	26	-10	0	428	-112	364	-166	-302	262
4	666	-428	420210652	63	-35	106	-31	26	-10	0	454	-122	364	-166	-302	262
4	666	-428	420212648	55	-31	120	-35	26	-10	0	480	-132	364	-166	-302	262
4	666	-428	420214652	56	-30	105	-30	24	-9	0	504	-141	364	-166	-302	262
4	666	-428	420216648	62	-35	119	-35	27	-10	0	531	-151	364	-166	-302	262
4	666	-428	420218648	57	-30	102	-30	24	-9	0	555	-160	364	-166	-302	262
4	666	-428	420220644	55	-30	116	-34	26	-10	0	581	-170	364	-166	-302	262
4	666	-428	420222648	61	-34	100	-29	24	-9	0	605	-179	364	-166	-302	262
4	666	-428	420224648	54	-29	113	-33	25	-10	0	630	-189	364	-166	-302	262
4	666	-428	420226648	52	-28	110	-33	24	-9	0	654	-198	364	-166	-302	262
4	666	-428	420228644	59	-32	95	-29	23	-9	0	677	-207	364	-166	-302	262
4	666	-428	420230652	51	-27	106	-31	24	-9	0	701	-216	364	-166	-302	262
4	666	-428	420232648	50	-26	90	-27	21	-7	0	722	-223	364	-166	-302	262
4	666	-428	420234652	55	-30	101	-30	23	-9	0	745	-232	364	-166	-302	262
4	666	-428	420236644	48	-25	87	-25	20	-8	0	765	-240	364	-166	-302	262
4	666	-428	420238648	46	-24	95	-29	22	-8	0	787	-248	364	-166	-302	262
4	666	-428	420240648	50	-28	80	-24	19	-8	0	806	-256	364	-166	-302	262
4	666	-428	420242648	44	-22	90	-26	20	-7	0	826	-263	364	-166	-302	262
4	666	-428	420244652	42	-23	75	-23	18	-7	0	844	-270	364	-166	-302	262
4	666	-428	420246656	45	-23	82	-23	19	-7	0	863	-277	364	-166	-302	262
4	666	-428	420248656	40	-20	69	-22	16	-6	0	879	-283	364	-166	-302	262
4	666	-428	420250660	43	-23	75	-22	18	-7	0	897	-290	364	-166	-302	262
4	666	-428	420252656	36	-17	71	-21	16	-5	0	913	-295	364	-166	-302	262
4	666	-428	420254656	35	-19	60	-18	14	-6	0	927	-301	364	-166	-302	262
4	666	-428	420256656	39	-19	65	-20	16	-6	0	943	-307	364	-166	-302	262
4	666	-428	420258656	31	-16	54	-16	13	-5	0	956	-312	364	-166	-302	262
4	666	-428	420260656	31	-16	57	-18	13	-5	0	969	-317	364	-166	-302	262
4	666	-428	420262656	34	-17	48	-15	12	-5	0	981	-322	364	-166	-302	262
4	666	-428	420264660	27	-15	50	-16	12	-4	0	993	-326	364	-166	-302	262
4	666	-428	420266660	27	-13	41	-14	10	-4	0	1003	-330	364	-166	-302	262
4	666	-428	420268664	28	-14	44	-15	11	-5	0	1014	-335	364	-166	-302	262
4	666	-428	420270668	24	-13	35	-12	8	-3	0	1022	-338	364	-166	-302	262
4	666	-428	420272660	23	-12	37	-14	9	-4	0	1031	-342	364	-166	-302	262
4	666	-428	420274656	22	-11	30	-11	8	-4	0	1039	-346	364	-166	-302	262
4	666	-428	420276656	19	-12	32	-13	8	-3	0	1047	-349	364	-166	-302	262
4	666	-428	420278660	17	-8	27	-11	6	-3	1	1053	-352	364	-166	-302	262
5	666	-428	420280664	18	-12	23	-10	7	-3	1	371	-169	364	-166	-302	262
5	666	-428	420282660	15	-7	22	-9	5	-3	1	376	-172	364	-166	-302	262
5	666	-428	420284656	12	-9	18	-8	5	-2	1	381	-174	364	-166	-302	262
5	-760	223	420286656	13	-7	18	-9	4	-3	1	385	-177	-396	57	364	-166
5	-760	223	420288656	10	-7	13	-6	4	-2	1	389	-179	-396	57	364	-166
5	-760	223	420290652	9	-6	14	-7	3	-2	1	392	-181	-396	57	364	-166
5	-760	223	420292656	8	-5	10	-6	3	-1	1	395	-182	-396	57	364	-166
5	-760	223	420294664	8	-4	10	-5	3	-2	1	398	-184	-396	57	364	-166
5	-760	223	420296664	5	-3	7	-4	1	-1	1	399	-185	-396	57	364	-166
5	-760	223	420298664	5	-4	6	-5	2	-1	1	401	-186	-396	57	364	-166
5	-760	223	420300668	4	-3	7	-2	2	-1	1	403	-187	-396	57	364	-166
5	-760	223	420302672	3	-2	3	-3	1	-1	1	404	-188	-396	57	364	-166
5	-760	223	420304660	3	-1	4	-2	1	0	1	405	-188	-396	57	364	-166
5	-760	223	420306664	2	-2	3	-3	0	-1	1	405	-189	-396	57	364	-166
5	-760	223	420308664	2	-1	2	-1	1	0	1	406	-189	-396	57	364	-166
5	-760	223	420310648	1	-1	1	-1	0	0	1	406	-189	-396	57	364	-166
5	-760	223	420312680	1	0	2	-1	1	-1	1	407	-190	-396	57	364	-166
5	-760	223	420314648	1	-1	1	0	0	0	1	407	-190	-396	57	364	-166
5	-760	223	420316620	0	0	0	-2	0	0	1	407	-190	-396	57	364	-166
5	-760	223	420342628	2	0	0	0	0	0	1	407	-190	-396	57	364	-166
5	-760	223	420374632	0	0	0	0	0	0	0	407	-190	-396	57	364	-166
5	-760	223	420382656	-1	0	0	0	0	0	0	407	-190	-396	57	364	-166
5	-760	223	420384688	0	0	-2	1	0	0	0	407	-190	-396	57	364	-166
5	-760	223	420386684	-1	1	-3	1	0	0	0	407	-190	-396	57	364	-166
5	-760	223	420388664	0	0	-3	0	0	0	0	407	-190	-396	57	364	-166
5	-760	223	420390704	-1	3	-5	1	-1	0	0	406	-190	-396	57	364	-166
5	-760	223	420392708	-2	1	-6	2	-1	0	0	405	-190	-396	57	364	-166
5	-760	223	420394720	-1	1	-8	2	-2	1	0	403	-189	-396	57	364	-166
5	-760	223	420396724	-2	3	-8	3	-1	1	0	402	-188	-396	57	364	-166
5	-760	223	420398704	-2	2	-9	1	-2	0	0	400	-188	-396	57	364	-166
5	-760	223	420400720	-2	3	-13	4	-2	1	0	398	-187	-396	57	364	-166
5	-760	223	420402712	-4	4	-12	2	-2	1	0	396	-186	-396	57	364	-166
5	-760	223	420404708	-2	3	-16	4	-3	1	0	393	-185	-396	57	364	-166
5	-760	223	420406712	-4	5	-17	4	-3	2	0	390	-183	-396	57	364	-166
5	-760	223	420408716	-4	5	-20	3	-4	1	0	386	-182	-396	57	364	-166
5	-760	223	420410712	-5	5	-21	5	-4	1	0	382	-181	-396	57	364	-166
5	-760	223	420412704	-5	5	-25	5	-4	2	0	378	-179	-396	57	364	-166
5	-760	223	420414712	-6	7	-25	7	-5	2	0	373	-177	-396	57	364	-166
5	-760	223	420416704	-6	6	-31	6	-5	2	0	368	-175	-396	57	364	-166
5	-760	223	420418712	-8	6	-29	6	-6	2	0	362	-173	-396	57	364	-166
5	-760	223	420420716	-10	9	-37	8	-7	2	0	355	-171	-396	57	364	-166
5	-760	223	420422716	-9	7	-40	7	-7	2	0	348	-169	-396	57	364	-166
5	-760	223	420424720	-11	8	-38	8	-8	3	0	340	-166	-396	57	364	-166
5	-760	223	420426712	-14	10	-47	8	-9	2	0	331	-164	-396	57	364	-166
5	-760	223	420428716	-15	9	-45	9	-9	3	0	322	-161	-396	57	364	-166
5	-760	223	420430716	-15	10	-54	10	-10	3	0	312	-158	-396	57	364	-166
5	-760	223	420432716	-20	11	-53	10	-11	3	0	301	-155	-396	57	364	-166
5	-760	223	420434716	-18	10	-62	11	-12	3	0	289	-152	-396	57	364	-166
5	-760	223	420436716	-23	12	-60	10	-13	4	0	276	-148	-396	57	364	-166
5	-760	223	420438720	-26	13	-73	13	-14	3	0	262	-145	-396	57	364	-166
5	-760	223	420440724	-26	12	-68	12	-15	4	0	247	-141	-396	57	364	-166
5	-760	223	420442724	-28	14	-83	14	-16	4	0	231	-137	-396	57	364	-166
5	-760	223	420444724	-34	16	-76	14	-17	5	0	214	-132	-396	57	364	-166
5	-760	223	420446728	-32	15	-93	15	-18	4	0	196	-128	-396	57	364	-166
5	-760	223	420448728	-39	18	-98	16	-21	5	0	175	-123	-396	57	364	-166
5	-760	223	420450732	-37	16	-90	15	-19	5	0	156	-118	-396	57	364	-166
5	-760	223	420452732	-40	18	-109	19	-22	6	0	134	-112	-396	57	364	-166
5	-760	223	420454732	-47	20	-100	16	-22	5	0	112	-107	-396	57	364	-166
5	-760	223	420456724	-43	18	-119	20	-25	6	0	87	-101	-396	57	364	-166
5	-760	223	420458720	-47	20	-109	18	-23	5	0	64	-96	-396	57	364	-166
5	-760	223	420460716	-47	20	-127	21	-26	7	0	38	-89	-396	57	364	-166
5	-760	223	420462724	-56	23	-118	19	-26	6	0	12	-83	-396	57	364	-166
5	-760	223	420464716	-53	21	-137	22	-29	6	0	-17	-77	-396	57	364	-166
5	-760	223	420466712	-54	21	-125	21	-27	7	0	-44	-70	-396	57	364	-166
5	-760	223	420468708	-63	24	-145	24	-31	7	0	-75	-63	-396	57	364	-166
5	-760	223	420470704	-58	23	-131	21	-28	6	0	-103	-57	-396	57	364	-166
5	-760	223	420472704	-61	22	-154	24	-33	7	0	-136	-50	-396	57	364	-166
5	-760	223	420474700	-70	26	-136	21	-30	7	0	-166	-43	-396	57	364	-166
5	-760	223	420476696	-64	23	-159	25	-34	8	0	-200	-35	-396	57	364	-166
5	-760	223	420478696	-66	22	-161	25	-34	7	0	-234	-28	-396	57	364	-166
5	-760	223	420480696	-76	27	-144	22	-33	7	0	-267	-21	-396	57	364	-166
5	-760	223	420482692	-70	22	-165	25	-35	7	0	-302	-14	-396	57	364	-166
5	-760	223	420484684	-72	21	-146	21	-33	6	0	-335	-8	-396	57	364	-166
5	-760	223	420486692	-81	25	-168	25	-37	8	0	-372	0	-396	57	364	-166
5	-760	223	420488688	-72	20	-147	20	-33	6	0	-405	6	-396	57	364	-166
5	-760	223	420490684	-75	22	-169	22	-37	6	0	-442	12	-396	57	364	-166
5	-760	223	420492692	-84	21	-148	20	-34	7	0	-476	19	-396	57	364	-166
5	-760	223	420494688	-75	19	-167	22	-37	6	0	-513	25	-396	57	364	-166
5	-760	223	420496684	-76	18	-145	18	-33	5	0	-546	30	-396	57	364	-166
5	-760	223	420498680	-84	20	-164	20	-37	6	0	-583	36	-396	57	364	-166
5	-760	223	420500684	-76	17	-141	17	-33	5	0	-616	41	-396	57	364	-166
5	-760	223	420502680	-74	15	-160	17	-35	5	0	-651	46	-396	57	364	-166
5	-760	223	420504680	-84	16	-138	14	-33	4	0	-684	50	-396	57	364	-166
5	-760	223	420506676	-74	12	-153	15	-34	5	0	-718	55	-396	57	364	-166
5	-760	223	420508668	-72	13	-150	15	-33	4	0	-751	59	-396	57	364	-166
5	-760	223	420510664	-80	11	-128	11	-32	3	0	-783	62	-396	57	364	-166
5	-760	223	420512656	-70	10	-144	13	-32	3	0	-815	65	-396	57	364	-166
5	-760	223	420514652	-68	10	-120	10	-28	3	0	-843	68	-396	57	364	-166
5	-760	223	420516660	-75	10	-135	10	-31	3	0	-874	71	-396	57	364	-166
5	-760	223	420518656	-65	8	-112	8	-27	3	0	-901	74	-396	57	364	-166
5	-760	223	420520652	-62	7	-125	9	-28	2	0	-929	76	-396	57	364	-166
5	-760	223	420522648	-69	6	-104	8	-26	2	0	-955	78	-396	57	364	-166
5	-760	223	420524648	-59	7	-115	7	-26	2	0	-981	80	-396	57	364	-166
5	-760	223	420526644	-57	5	-96	6	-23	2	0	-1004	82	-396	57	364	-166
5	-760	223	420528648	-61	5	-105	5	-25	2	0	-1029	84	-396	57	364	-166
5	-760	223	420530648	-52	3	-88	5	-21	1	0	-1050	85	-396	57	364	-166
5	-760	223	420532640	-50	4	-93	5	-21	1	0	-1071	86	-396	57	364	-166
5	-760	223	420534644	-53	4	-79	5	-20	2	0	-1091	88	-396	57	364	-166
5	-760	223	420536624	-44	2	-84	4	-19	0	0	-1110	88	-396	57	364	-166
5	-760	223	420538640	-43	4	-69	4	-17	2	0	-1127	90	-396	57	364	-166
5	-760	223	420540644	-43	3	-73	4	-18	1	0	-1145	91	-396	57	364	-166
5	-760	223	420542624	-37	2	-68	2	-15	0	0	-1160	91	-396	57	364	-166
5	-760	223	420544640	-33	3	-54	4	-13	1	0	-1173	92	-396	57	364	-166
5	-760	223	420546644	-35	2	-57	2	-14	1	0	-1187	93	-396	57	364	-166
5	-760	223	420548644	-28	1	-45	3	-11	1	0	-1198	94	-396	57	364	-166
5	-760	223	420550632	-25	2	-48	1	-11	0	0	-1209	94	-396	57	364	-166
5	-760	223	420552636	-25	1	-36	1	-9	0	0	-1218	94	-396	57	364	-166
5	-760	223	420554648	-20	1	-37	3	-9	1	0	-1227	95	-396	57	364	-166
5	-760	223	420556636	-19	1	-28	1	-7	0	0	-1234	95	-396	57	364	-166
5	-760	223	420558636	-13	0	-27	1	-6	0	0	-1240	95	-396	57	364	-166
5	-760	223	420560648	-13	2	-22	0	-5	1	0	-1245	96	-396	57	364	-166
5	-760	223	420562636	-11	1	-20	2	-5	0	0	-1250	96	-396	57	364	-166
5	-760	223	420564604	-8	0	-15	0	-3	0	0	-1253	96	-396	57	364	-166
5	-760	223	420566632	-6	0	-13	1	-3	0	0	-1256	96	-396	57	364	-166
5	-760	223	420568612	-6	0	-12	0	-3	0	0	-1259	96	-396	57	364	-166
5	-760	223	420570640	-4	1	-7	0	-1	0	0	-1260	96	-396	57	364	-166
5	-760	223	420572616	-2	0	-6	0	-2	0	0	-1262	96	-396	57	364	-166
5	-760	223	420574616	-3	0	-4	0	-1	0	1	-1263	96	-396	57	364	-166
6	-760	223	420576600	-1	0	-4	0	0	0	1	-396	57	-396	57	364	-166
6	-760	223	420578616	0	0	-1	0	-1	0	1	-397	57	-396	57	364	-166
6	-760	223	420580596	0	0	-1	0	0	0	1	-397	57	-396	57	364	-166
6	792	0	420626620	-1	0	0	0	0	0	1	-397	57	396	57	-396	57
6	792	0	420634612	-2	0	0	0	0	0	1	-397	57	396	57	-396	57
6	792	0	420636620	0	0	0	-1	0	0	1	-397	57	396	57	-396	57
6	792	0	420638644	-1	-2	2	0	0	0	1	-397	57	396	57	-396	57
6	792	0	420640644	0	-1	3	-1	0	0	1	-397	57	396	57	-396	57
6	792	0	420642640	-1	-1	2	-1	0	0	1	-397	57	396	57	-396	57
6	792	0	420644636	0	-1	4	-1	0	0	1	-397	57	396	57	-396	57
6	792	0	420646668	0	-2	5	-2	1	-1	1	-396	56	396	57	-396	57
6	792	0	420648660	0	-2	5	-1	1	0	1	-395	56	396	57	-396	57
6	792	0	420650668	0	-3	6	-2	1	-1	0	-394	55	396	57	-396	57
6	792	0	420652660	0	-1	8	-2	1	0	0	-393	55	396	57	-396	57
6	792	0	420654668	0	-2	9	-2	1	-1	0	-392	54	396	57	-396	57
6	792	0	420656668	0	-4	8	-3	1	-1	0	-391	53	396	57	-396	57
6	792	0	420658668	0	-3	13	-2	2	-1	0	-389	52	396	57	-396	57
6	792	0	420660668	3	-3	11	-4	2	-1	0	-387	51	396	57	-396	57
6	792	0	420662668	2	-4	14	-2	3	-1	0	-384	50	396	57	-396	57
6	792	0	420664676	2	-3	16	-4	3	-1	0	-381	49	396	57	-396	57
6	792	0	420666680	3	-3	15	-3	2	-1	0	-379	48	396	57	-396	57
6	792	0	420668660	4	-3	18	-2	4	0	0	-375	48	396	57	-396	57
6	792	0	420670672	4	-4	16	-4	3	-1	0	-372	47	396	57	-396	57
6	792	0	420672672	4	-2	21	-2	3	-1	0	-369	46	396	57	-396	57
6	792	0	420674676	5	-3	20	-2	4	-1	0	-365	45	396	57	-396	57
6	792	0	420676656	5	-1	23	-2	4	0	0	-361	45	396	57	-396	57
6	792	0	420678668	5	-2	21	-1	4	-1	0	-357	44	396	57	-396	57
6	792	0	420680640	6	-2	26	-3	5	0	0	-352	44	396	57	-396	57
6	792	0	420682664	6	-1	24	0	4	-1	0	-348	43	396	57	-396	57
6	792	0	420684648	8	0	30	-1	6	0	0	-342	43	396	57	-396	57
6	792	0	420686624	7	0	26	0	5	0	0	-337	43	396	57	-396	57
6	792	0	420688628	9	0	33	0	6	0	0	-331	43	396	57	-396	57
6	792	0	420690632	9	0	33	0	7	0	0	-324	43	396	57	-396	57
6	792	0	420692652	11	2	32	0	6	0	0	-318	43	396	57	-396	57
6	792	0	420694652	10	1	37	0	7	0	0	-311	43	396	57	-396	57
6	792	0	420696664	11	3	35	3	7	1	0	-304	44	396	57	-396	57
6	792	0	420698656	15	3	41	2	8	0	0	-296	44	396	57	-396	57
6	792	0	420700668	14	3	39	3	8	1	0	-288	45	396	57	-396	57
6	792	0	420702672	14	4	46	4	9	1	0	-279	46	396	57	-396	57
6	792	0	420704672	18	5	43	3	10	2	0	-269	48	396	57	-396	57
6	792	0	420706680	17	5	51	5	10	1	0	-259	49	396	57	-396	57
6	792	0	420708680	18	5	46	4	9	1	0	-250	50	396	57	-396	57
6	792	0	420710680	23	6	55	6	12	2	0	-238	52	396	57	-396	57
6	792	0	420712688	21	6	50	5	11	2	0	-227	54	396	57	-396	57
6	792	0	420714684	24	8	60	7	12	2	0	-215	56	396	57	-396	57
6	792	0	420716680	27	7	62	7	14	2	0	-201	58	396	57	-396	57
6	792	0	420718676	27	8	56	8	12	3	0	-189	61	396	57	-396	57
6	792	0	420720672	27	8	67	8	14	2	0	-175	63	396	57	-396	57
6	792	0	420722660	33	10	60	8	14	3	0	-161	66	396	57	-396	57
6	792	0	420724664	31	9	72	10	16	3	0	-145	69	396	57	-396	57
6	792	0	420726664	32	10	65	10	14	3	0	-131	72	396	57	-396	57
6	792	0	420728660	39	13	76	11	17	3	0	-114	75	396	57	-396	57
6	792	0	420730652	36	11	69	10	16	3	0	-98	78	396	57	-396	57
6	792	0	420732656	39	11	80	13	18	4	0	-80	82	396	57	-396	57
6	792	0	420734652	44	14	73	12	18	4	0	-62	86	396	57	-396	57
6	792	0	420736652	41	14	85	14	18	4	0	-44	90	396	57	-396	57
6	792	0	420738644	43	13	78	14	19	4	0	-25	94	396	57	-396	57
6	792	0	420740648	48	17	90	15	20	5	0	-5	99	396	57	-396	57
6	792	0	420742656	45	15	82	15	19	4	0	14	103	396	57	-396	57
6	792	0	420744644	47	16	95	17	22	5	0	36	108	396	57	-396	57
6	792	0	420746652	53	19	99	18	22	6	0	58	114	396	57	-396	57
6	792	0	420748644	49	16	88	16	21	5	0	79	119	396	57	-396	57
6	792	0	420750652	51	19	102	20	23	6	0	102	125	396	57	-396	57
6	792	0	420752652	58	20	93	17	23	5	0	125	130	396	57	-396	57
6	792	0	420754640	52	20	106	22	23	6	0	148	136	396	57	-396	57
6	792	0	420756640	53	18	96	18	23	6	0	171	142	396	57	-396	57
6	792	0	420758644	60	24	110	23	25	7	0	196	149	396	57	-396	57
6	792	0	420760640	55	21	99	20	23	6	0	219	155	396	57	-396	57
6	792	0	420762648	55	22	114	24	26	7	0	245	162	396	57	-396	57
6	792	0	420764636	64	25	101	21	24	7	0	269	169	396	57	-396	57
6	792	0	420766632	56	22	117	25	26	7	0	295	176	396	57	-396	57
6	792	0	420768632	59	23	103	21	25	6	0	320	182	396	57	-396	57
6	792	0	420770628	65	26	119	25	27	8	0	347	190	396	57	-396	57
6	792	0	420772628	58	24	105	23	25	7	0	372	197	396	57	-396	57
6	792	0	420774628	59	23	121	25	27	7	0	399	204	396	57	-396	57
6	792	0	420776624	66	27	105	22	25	8	0	424	212	396	57	-396	57
6	792	0	420778624	60	23	121	25	27	7	0	451	219	396	57	-396	57
6	792	0	420780624	59	23	120	25	27	7	0	478	226	396	57	-396	57
6	792	0	420782624	68	26	106	23	26	7	0	504	233	396	57	-396	57
6	792	0	420784620	61	23	122	25	28	8	0	532	241	396	57	-396	57
6	792	0	420786620	60	22	105	21	25	6	0	557	247	396	57	-396	57
6	792	0	420788620	69	25	120	24	28	7	0	585	254	396	57	-396	57
6	792	0	420790616	60	21	105	21	25	7	0	610	261	396	57	-396	57
6	792	0	420792616	60	20	118	24	26	6	0	636	267	396	57	-396	57
6	792	0	420794616	67	24	104	20	26	7	0	662	274	396	57	-396	57
6	792	0	420796616	60	19	116	22	26	6	0	688	280	396	57	-396	57
6	792	0	420798612	59	20	103	18	25	6	0	713	286	396	57	-396	57
6	792	0	420800616	66	20	114	21	27	6	0	740	292	396	57	-396	57
6	792	0	420802616	59	19	100	17	24	5	0	764	297	396	57	-396	57
6	792	0	420804604	57	17	112	20	25	6	0	789	303	396	57	-396	57
6	792	0	420806604	64	19	96	17	24	5	0	813	308	396	57	-396	57
6	792	0	420808604	58	16	109	18	25	5	0	838	313	396	57	-396	57
6	792	0	420810604	55	15	108	18	24	5	0	862	318	396	57	-396	57
6	792	0	420812600	61	18	93	15	24	5	0	886	323	396	57	-396	57
6	792	0	420814604	54	15	104	17	23	5	0	909	328	396	57	-396	57
6	792	0	420816600	52	13	90	14	22	4	0	931	332	396	57	-396	57
6	792	0	420818604	58	15	101	15	23	5	0	954	337	396	57	-396	57
6	792	0	420820604	50	13	87	13	21	4	0	975	341	396	57	-396	57
6	792	0	420822600	50	12	97	13	22	3	0	997	344	396	57	-396	57
6	792	0	420824604	53	13	84	12	21	4	0	1018	348	396	57	-396	57
6	792	0	420826608	48	11	92	12	21	4	0	1039	352	396	57	-396	57
6	792	0	420828612	46	10	82	11	19	3	0	1058	355	396	57	-396	57
6	792	0	420830620	51	11	88	12	21	3	0	1079	358	396	57	-396	57
6	792	0	420832612	44	10	89	11	20	3	0	1099	361	396	57	-396	57
6	792	0	420834616	48	10	75	9	18	3	0	1117	364	396	57	-396	57
6	792	0	420836616	41	9	83	10	19	3	0	1136	367	396	57	-396	57
6	792	0	420838616	40	8	71	8	16	2	0	1152	369	396	57	-396	57
6	792	0	420840616	44	8	79	9	19	3	0	1171	372	396	57	-396	57
6	792	0	420842608	37	8	66	8	15	2	0	1186	374	396	57	-396	57
6	792	0	420844608	35	6	74	8	17	2	0	1203	376	396	57	-396	57
6	792	0	420846600	35	8	63	8	14	3	0	1217	379	396	57	-396	57
6	792	0	420848588	38	6	69	7	16	2	0	1233	381	396	57	-396	57
6	792	0	420850596	32	6	59	7	14	2	0	1247	383	396	57	-396	57
6	792	0	420852592	30	6	64	7	14	2	0	1261	385	396	57	-396	57
6	792	0	420854588	33	7	53	6	13	2	0	1274	387	396	57	-396	57
6	792	0	420856584	27	5	59	7	13	1	0	1287	388	396	57	-396	57
6	792	0	420858584	26	5	48	6	11	2	0	1298	390	396	57	-396	57
6	792	0	420860576	28	5	53	6	12	2	0	1292	392	396	57	-396	57
6	792	0	420862572	24	5	43	5	10	1	0	1302	393	396	57	-396	57
6	792	0	420864568	21	3	47	6	10	2	0	1312	395	396	57	-396	57
6	792	0	420866576	24	4	44	5	11	1	0	1323	396	396	57	-396	57
6	792	0	420868580	18	4	35	4	7	1	0	1330	397	396	57	-396	57
6	792	0	420870584	18	4	39	5	9	1	0	1339	398	396	57	-396	57
6	792	0	420872584	17	2	31	3	7	1	1	1346	399	396	57	-396	57
7	792	0	420874584	15	3	31	5	7	1	1	403	58	396	57	-396	57
7	792	0	420876584	13	2	27	2	6	1	1	409	59	396	57	-396	57
7	-760	-223	420878584	12	3	25	3	6	1	1	415	60	-364	-166	396	57
7	-760	-223	420880576	10	1	21	2	4	0	1	419	60	-364	-166	396	57
7	-760	-223	420882588	10	2	20	3	5	1	1	424	61	-364	-166	396	57
7	-760	-223	420884576	8	0	16	1	3	0	1	427	61	-364	-166	396	57
7	-760	-223	420886588	6	2	16	1	4	1	1	431	62	-364	-166	396	57
7	-760	-223	420888564	6	1	12	1	2	0	1	433	62	-364	-166	396	57
7	-760	-223	420890572	4	0	11	2	3	0	1	436	62	-364	-166	396	57
7	-760	-223	420892584	4	1	10	1	2	1	1	438	63	-364	-166	396	57
7	-760	-223	420894544	2	0	6	0	1	0	1	439	63	-364	-166	396	57
7	-760	-223	420896568	2	0	6	1	1	0	1	440	63	-364	-166	396	57
7	-760	-223	420898544	1	0	4	0	1	0	1	441	63	-364	-166	396	57
7	-760	-223	420900540	1	0	4	0	1	0	1	442	63	-364	-166	396	57
7	-760	-223	420902528	1	0	2	0	0	0	1	442	63	-364	-166	396	57
7	-760	-223	420904540	0	0	3	0	1	0	1	443	63	-364	-166	396	57
7	-760	-223	420908532	0	0	1	0	0	0	1	443	63	-364	-166	396	57
7	-760	-223	420912532	0	0	1	0	0	0	1	443	63	-364	-166	396	57
7	-760	-223	420962552	0	0	-1	0	0	0	1	443	63	-364	-166	396	57
7	-760	-223	420968556	0	0	-1	0	0	0	1	443	63	-364	-166	396	57
7	-760	-223	420970548	0	0	-2	0	0	0	1	443	63	-364	-166	396	57
7	-760	-223	420972552	0	0	-2	0	0	0	1	443	63	-364	-166	396	57
7	-760	-223	420974540	0	0	-3	0	0	0	1	443	63	-364	-166	396	57
7	-760	-223	420976576	0	-2	-3	-2	-1	0	0	442	63	-364	-166	396	57
7	-760	-223	420978572	0	-1	-5	-1	-1	0	0	441	63	-364	-166	396	57
7	-760	-223	420980556	0	-1	-5	-1	0	0	0	441	63	-364	-166	396	57
7	-760	-223	420982580	-1	-3	-9	-3	-2	-1	0	439	62	-364	-166	396	57
7	-760	-223	420984580	-3	-3	-9	-2	-2	-1	0	437	61	-364	-166	396	57
7	-760	-223	420986576	-2	-3	-11	-4	-2	-1	0	435	60	-364	-166	396	57
7	-760	-223	420988580	-3	-4	-13	-4	-2	-1	0	433	59	-364	-166	396	57
7	-760	-223	420990588	-4	-5	-16	-3	-3	-2	0	430	57	-364	-166	396	57
7	-760	-223	420992592	-3	-5	-16	-5	-3	-1	0	427	56	-364	-166	396	57
7	-760	-223	420994592	-7	-6	-23	-5	-4	-2	0	423	54	-364	-166	396	57
7	-760	-223	420996592	-6	-6	-23	-8	-5	-2	0	418	52	-364	-166	396	57
7	-760	-223	420998596	-7	-8	-25	-6	-5	-2	0	413	50	-364	-166	396	57
7	-760	-223	421000600	-10	-8	-32	-8	-6	-2	0	407	48	-364	-166	396	57
7	-760	-223	421002596	-10	-8	-30	-8	-6	-3	0	401	45	-364	-166	396	57
7	-760	-223	421004592	-12	-9	-37	-9	-7	-2	0	394	43	-364	-166	396	57
7	-760	-223	421006592	-15	-11	-36	-10	-8	-4	0	386	39	-364	-166	396	57
7	-760	-223	421008588	-15	-10	-45	-11	-9	-3	0	377	36	-364	-166	396	57
7	-760	-223	421010584	-17	-11	-43	-12	-9	-3	0	368	33	-364	-166	396	57
7	-760	-223	421012580	-20	-13	-52	-12	-11	-4	0	357	29	-364	-166	396	57
7	-760	-223	421014580	-21	-12	-50	-13	-10	-4	0	347	25	-364	-166	396	57
7	-760	-223	421016572	-23	-13	-60	-15	-13	-4	0	334	21	-364	-166	396	57
7	-760	-223	421018572	-27	-16	-55	-13	-12	-4	0	322	17	-364	-166	396	57
7	-760	-223	421020572	-27	-15	-69	-17	-14	-5	0	308	12	-364	-166	396	57
7	-760	-223	421022572	-28	-15	-63	-16	-14	-5	0	294	7	-364	-166	396	57
7	-760	-223	421024572	-35	-19	-76	-17	-17	-5	0	277	2	-364	-166	396	57
7	-760	-223	421026572	-33	-17	-80	-20	-17	-6	0	260	-4	-364	-166	396	57
7	-760	-223	421028572	-35	-19	-74	-19	-16	-5	0	244	-9	-364	-166	396	57
7	-760	-223	421030576	-42	-22	-87	-21	-19	-7	0	225	-16	-364	-166	396	57
7	-760	-223	421032572	-40	-20	-80	-22	-18	-6	0	207	-22	-364	-166	396	57
7	-760	-223	421034572	-42	-23	-96	-23	-21	-7	0	186	-29	-364	-166	396	57
7	-760	-223	421036572	-50	-25	-87	-23	-21	-7	0	165	-36	-364	-166	396	57
7	-760	-223	421038568	-46	-25	-102	-27	-22	-8	0	143	-44	-364	-166	396	57
7	-760	-223	421040572	-47	-25	-94	-24	-21	-7	0	122	-51	-364	-166	396	57
7	-760	-223	421042584	-55	-29	-109	-30	-25	-9	0	97	-60	-364	-166	396	57
7	-760	-223	421044576	-52	-27	-98	-26	-22	-8	0	75	-68	-364	-166	396	57
7	-760	-223	421046572	-53	-28	-115	-32	-25	-9	0	50	-77	-364	-166	396	57
7	-760	-223	421048576	-62	-32	-104	-28	-25	-9	0	25	-86	-364	-166	396	57
7	-760	-223	421050580	-56	-30	-121	-34	-27	-10	0	-2	-96	-364	-166	396	57
7	-760	-223	421052584	-57	-31	-124	-34	-27	-9	0	-29	-105	-364	-166	396	57
7	-760	-223	421054580	-67	-37	-110	-31	-26	-11	0	-55	-116	-364	-166	396	57
7	-760	-223	421056580	-60	-32	-128	-38	-29	-10	0	-84	-126	-364	-166	396	57
7	-760	-223	421058580	-61	-33	-112	-32	-26	-10	0	-110	-136	-364	-166	396	57
7	-760	-223	421060568	-70	-38	-131	-39	-30	-11	0	-140	-147	-364	-166	396	57
7	-760	-223	421062568	-62	-35	-117	-34	-27	-11	0	-167	-158	-364	-166	396	57
7	-760	-223	421064568	-65	-35	-132	-40	-29	-11	0	-196	-169	-364	-166	396	57
7	-760	-223	421066568	-73	-42	-118	-35	-29	-12	0	-225	-181	-364	-166	396	57
7	-760	-223	421068564	-66	-36	-135	-41	-30	-11	0	-255	-192	-364	-166	396	57
7	-760	-223	421070564	-66	-37	-118	-36	-28	-11	0	-283	-203	-364	-166	396	57
7	-760	-223	421072560	-75	-44	-137	-44	-31	-13	0	-314	-216	-364	-166	396	57
7	-760	-223	421074568	-68	-39	-120	-37	-29	-12	0	-343	-228	-364	-166	396	57
7	-760	-223	421076564	-67	-40	-136	-45	-30	-12	0	-373	-240	-364	-166	396	57
7	-760	-223	421078564	-78	-46	-135	-47	-32	-14	0	-405	-254	-364	-166	396	57
7	-760	-223	421080564	-69	-41	-119	-40	-28	-13	0	-433	-267	-364	-166	396	57
7	-760	-223	421082564	-68	-42	-136	-47	-31	-13	0	-464	-280	-364	-166	396	57
7	-760	-223	421084560	-77	-48	-117	-41	-29	-13	0	-493	-293	-364	-166	396	57
7	-760	-223	421086556	-70	-43	-134	-49	-30	-14	0	-523	-307	-364	-166	396	57
7	-760	-223	421088556	-68	-44	-116	-43	-28	-13	0	-551	-320	-364	-166	396	57
7	-760	-223	421090556	-77	-50	-133	-48	-32	-15	0	-583	-335	-364	-166	396	57
7	-760	-223	421092552	-68	-45	-115	-44	-27	-13	0	-610	-348	-364	-166	396	57
7	-760	-223	421094556	-68	-45	-130	-51	-30	-15	0	-640	-363	-364	-166	396	57
7	-760	-223	421096556	-76	-51	-114	-45	-28	-14	0	-668	-377	-364	-166	396	57
7	-760	-223	421098556	-66	-46	-127	-53	-29	-15	0	-697	-392	-364	-166	396	57
7	-760	-223	421100556	-67	-48	-110	-45	-27	-14	0	-724	-406	-364	-166	396	57
7	-760	-223	421102552	-75	-52	-125	-52	-30	-15	0	-754	-421	-364	-166	396	57
7	-760	-223	421104552	-65	-48	-123	-54	-28	-16	0	-782	-437	-364	-166	396	57
7	-760	-223	421106552	-63	-47	-106	-46	-25	-14	0	-807	-451	-364	-166	396	57
7	-760	-223	421108548	-72	-54	-120	-53	-29	-16	0	-836	-467	-364	-166	396	57
7	-760	-223	421110552	-62	-47	-104	-46	-25	-14	0	-861	-481	-364	-166	396	57
7	-760	-223	421112548	-63	-49	-117	-54	-27	-15	0	-888	-496	-364	-166	396	57
7	-760	-223	421114548	-68	-54	-101	-46	-25	-15	0	-913	-511	-364	-166	396	57
7	-760	-223	421116556	-60	-47	-114	-54	-26	-15	0	-939	-526	-364	-166	396	57
7	-760	-223	421118556	-59	-49	-98	-46	-24	-14	0	-963	-540	-364	-166	396	57
7	-760	-223	421120552	-65	-54	-110	-53	-26	-16	0	-989	-556	-364	-166	396	57
7	-760	-223	421122548	-58	-47	-95	-45	-23	-14	0	-1012	-570	-364	-166	396	57
7	-760	-223	421124548	-55	-47	-105	-52	-24	-15	0	-1036	-585	-364	-166	396	57
7	-760	-223	421126560	-61	-52	-90	-44	-23	-15	0	-1059	-600	-364	-166	396	57
7	-760	-223	421128564	-52	-46	-100	-51	-23	-14	0	-1082	-614	-364	-166	396	57
7	-760	-223	421130560	-52	-45	-97	-49	-22	-14	0	-1104	-628	-364	-166	396	57
7	-760	-223	421132560	-56	-49	-83	-44	-21	-14	0	-1125	-642	-364	-166	396	57
7	-760	-223	421134564	-47	-44	-92	-47	-21	-14	0	-1146	-656	-364	-166	396	57
7	-760	-223	421136560	-53	-46	-78	-40	-19	-13	0	-1165	-669	-364	-166	396	57
7	-760	-223	421138564	-44	-40	-86	-46	-20	-13	0	-1185	-682	-364	-166	396	57
7	-760	-223	421140556	-43	-39	-71	-38	-17	-11	0	-1202	-693	-364	-166	396	57
7	-760	-223	421142564	-45	-42	-79	-42	-19	-13	0	-1221	-706	-364	-166	396	57
7	-760	-223	421144556	-39	-35	-65	-37	-15	-11	0	-1236	-717	-364	-166	396	57
7	-760	-223	421146552	-36	-35	-71	-38	-16	-10	0	-1252	-727	-364	-166	396	57
7	-760	-223	421148556	-39	-37	-58	-34	-15	-11	0	-1267	-738	-364	-166	396	57
7	-760	-223	421150560	-31	-31	-62	-35	-14	-10	0	-1281	-730	-364	-166	396	57
7	-760	-223	421152568	-30	-29	-50	-30	-12	-9	0	-1293	-739	-364	-166	396	57
7	-760	-223	421154564	-32	-30	-54	-31	-13	-9	0	-1306	-748	-364	-166	396	57
7	-760	-223	421156560	-25	-26	-50	-30	-11	-8	0	-1317	-756	-364	-166	396	57
7	-760	-223	421158560	-22	-24	-39	-25	-9	-8	0	-1326	-764	-364	-166	396	57
7	-760	-223	421160564	-24	-23	-42	-27	-10	-7	0	-1336	-771	-364	-166	396	57
7	-760	-223	421162564	-20	-22	-33	-21	-8	-7	0	-1344	-778	-364	-166	396	57
7	-760	-223	421164568	-16	-18	-33	-22	-7	-6	0	-1287	-726	-364	-166	396	57
7	-760	-223	421166564	-18	-19	-27	-19	-7	-5	0	-1294	-731	-364	-166	396	57
7	-760	-223	421168568	-13	-16	-26	-19	-6	-6	1	-1300	-737	-364	-166	396	57
8	-760	-223	421170572	-12	-14	-21	-15	-5	-4	1	-369	-170	-364	-166	396	57
8	-760	-223	421172572	-12	-15	-20	-16	-5	-5	1	-374	-175	-364	-166	396	57
8	-760	-223	421174568	-9	-11	-16	-13	-3	-3	1	-377	-178	-364	-166	396	57
8	-760	-223	421176568	-7	-12	-15	-12	-4	-4	1	-381	-182	-364	-166	396	57
8	-760	-223	421178568	-8	-10	-13	-10	-3	-3	1	-384	-185	-364	-166	396	57
8	-760	-223	421180568	-6	-8	-11	-10	-2	-3	1	-386	-188	-364	-166	396	57
8	666	428	421182568	-4	-8	-9	-10	-2	-2	1	-388	-190	302	262	-364	-166
8	666	428	421184576	-5	-7	-7	-8	-2	-3	1	-390	-193	302	262	-364	-166
8	666	428	421186576	-4	-7	-7	-7	-2	-2	1	-392	-195	302	262	-364	-166
8	666	428	421188568	-2	-5	-5	-5	-1	-1	1	-393	-196	302	262	-364	-166
8	666	428	421190568	-3	-5	-3	-6	-1	-2	1	-394	-198	302	262	-364	-166
8	666	428	421192552	-1	-5	-4	-5	0	-1	1	-394	-199	302	262	-364	-166
8	666	428	421194568	-1	-3	-3	-5	-1	-1	1	-395	-200	302	262	-364	-166
8	666	428	421196552	-1	-4	-2	-4	0	-2	1	-395	-202	302	262	-364	-166
8	666	428	421198572	-2	-3	-3	-4	-1	-1	1	-396	-203	302	262	-364	-166
8	666	428	421200544	-1	-3	-1	-2	0	0	1	-396	-203	302	262	-364	-166
8	666	428	421202580	-1	-3	-1	-4	-1	-2	1	-397	-205	302	262	-364	-166
8	666	428	421204556	0	-1	-1	-3	0	0	1	-397	-205	302	262	-364	-166
8	666	428	421206568	-1	-3	0	-1	0	-1	1	-397	-206	302	262	-364	-166
8	666	428	421208552	0	-1	-2	-2	0	0	1	-397	-206	302	262	-364	-166
8	666	428	421210540	0	-1	0	-2	0	-1	1	-397	-207	302	262	-364	-166
8	666	428	421212568	0	-1	-1	-1	-1	0	1	-398	-207	302	262	-364	-166
8	666	428	421214552	-2	-2	0	-1	0	0	1	-398	-207	302	262	-364	-166
8	666	428	421216540	0	-1	0	-1	0	-1	1	-398	-208	302	262	-364	-166
8	666	428	421218524	0	0	0	-2	0	0	1	-398	-208	302	262	-364	-166
8	666	428	421220520	0	-1	0	0	0	0	1	-398	-208	302	262	-364	-166
8	666	428	421222516	0	0	0	-1	0	0	1	-398	-208	302	262	-364	-166
8	666	428	421226512	0	0	-1	0	0	0	1	-398	-208	302	262	-364	-166
8	666	428	421262532	0	0	0	1	0	0	0	-398	-208	302	262	-364	-166
8	666	428	421264560	0	2	1	1	0	0	0	-398	-208	302	262	-364	-166
8	666	428	421266568	0	2	2	1	0	0	0	-398	-208	302	262	-364	-166
8	666	428	421268572	0	3	3	3	0	1	0	-398	-207	302	262	-364	-166
8	666	428	421270568	0	3	3	3	0	1	0	-398	-206	302	262	-364	-166
8	666	428	421272584	1	5	5	4	1	1	0	-397	-205	302	262	-364	-166
8	666	428	421274572	1	5	6	5	1	1	0	-396	-204	302	262	-364	-166
8	666	428	421276572	1	7	8	6	2	2	0	-394	-202	302	262	-364	-166
8	666	428	421278576	3	8	8	8	1	3	0	-393	-199	302	262	-364	-166
8	666	428	421280580	1	9	10	9	2	2	0	-391	-197	302	262	-364	-166
8	666	428	421282580	4	9	13	10	3	3	0	-388	-194	302	262	-364	-166
8	666	428	421284580	4	12	12	10	2	4	0	-386	-190	302	262	-364	-166
8	666	428	421286576	3	13	17	12	3	3	0	-383	-187	302	262	-364	-166
8	666	428	421288572	5	14	16	13	3	4	0	-380	-183	302	262	-364	-166
8	666	428	421290564	7	17	20	16	4	5	0	-376	-178	302	262	-364	-166
8	666	428	421292568	7	16	19	15	4	5	0	-372	-173	302	262	-364	-166
8	666	428	421294576	8	19	25	19	5	6	0	-367	-167	302	262	-364	-166
8	666	428	421296572	11	21	22	18	5	6	0	-362	-161	302	262	-364	-166
8	666	428	421298572	11	22	29	23	6	6	0	-356	-155	302	262	-364	-166
8	666	428	421300572	13	22	27	21	6	7	0	-350	-148	302	262	-364	-166
8	666	428	421302572	16	26	33	25	7	7	0	-343	-141	302	262	-364	-166
8	666	428	421304568	15	25	31	24	7	8	0	-336	-133	302	262	-364	-166
8	666	428	421306572	19	27	38	30	9	8	0	-327	-125	302	262	-364	-166
8	666	428	421308568	22	32	35	26	8	9	0	-319	-116	302	262	-364	-166
8	666	428	421310568	23	30	42	34	10	10	0	-309	-106	302	262	-364	-166
8	666	428	421312568	23	33	44	35	10	10	0	-299	-96	302	262	-364	-166
8	666	428	421314568	30	40	42	32	11	11	0	-288	-85	302	262	-364	-166
8	666	428	421316556	30	36	50	40	12	11	0	-276	-74	302	262	-364	-166
8	666	428	421318560	32	40	47	37	12	12	0	-264	-62	302	262	-364	-166
8	666	428	421320560	37	46	55	45	14	13	0	-250	-49	302	262	-364	-166
8	666	428	421322560	36	45	51	40	13	13	0	-237	-36	302	262	-364	-166
8	666	428	421324556	39	46	61	50	15	14	0	-222	-22	302	262	-364	-166
8	666	428	421326560	45	55	56	46	15	16	0	-207	-6	302	262	-364	-166
8	666	428	421328560	43	53	67	55	16	16	0	-191	10	302	262	-364	-166
8	666	428	421330560	45	54	60	50	16	15	0	-175	25	302	262	-364	-166
8	666	428	421332560	51	63	71	60	18	19	0	-157	44	302	262	-364	-166
8	666	428	421334560	49	59	65	56	17	17	0	-140	61	302	262	-364	-166
8	666	428	421336564	48	61	76	65	19	19	0	-121	80	302	262	-364	-166
8	666	428	421338556	59	73	79	69	21	21	0	-100	101	302	262	-364	-166
8	666	428	421340568	53	65	71	62	18	19	0	-82	120	302	262	-364	-166
8	666	428	421342568	55	69	84	74	21	22	0	-61	142	302	262	-364	-166
8	666	428	421344568	62	78	75	66	21	21	0	-40	163	302	262	-364	-166
8	666	428	421346564	58	72	87	80	21	23	0	-19	186	302	262	-364	-166
8	666	428	421348560	66	83	79	72	22	23	0	3	209	302	262	-364	-166
8	666	428	421350560	60	77	93	83	23	24	0	26	233	302	262	-364	-166
8	666	428	421352556	61	78	81	75	21	23	0	47	256	302	262	-364	-166
8	666	428	421354556	70	90	95	89	25	27	0	72	283	302	262	-364	-166
8	666	428	421356556	64	82	86	80	23	24	0	95	307	302	262	-364	-166
8	666	428	421358552	64	83	99	93	24	27	0	119	334	302	262	-364	-166
8	666	428	421360548	73	94	87	82	24	26	0	143	360	302	262	-364	-166
8	666	428	421362548	67	86	103	96	26	28	0	169	388	302	262	-364	-166
8	666	428	421364540	66	88	91	87	23	26	0	192	414	302	262	-364	-166
8	666	428	421366540	67	87	105	97	26	27	0	218	441	302	262	-364	-166
8	666	428	421368544	77	99	106	99	27	30	0	245	471	302	262	-364	-166
8	666	428	421370540	67	89	94	87	25	27	0	270	498	302	262	-364	-166
8	666	428	421372536	68	89	109	99	26	28	0	296	526	302	262	-364	-166
8	666	428	421374544	75	100	95	88	26	28	0	322	554	302	262	-364	-166
8	666	428	421376536	67	88	109	98	26	28	0	348	582	302	262	-364	-166
8	666	428	421378540	75	99	96	88	26	28	0	374	610	302	262	-364	-166
8	666	428	421380540	65	86	109	97	26	27	0	400	637	302	262	-364	-166
8	666	428	421382544	65	85	95	85	24	26	0	424	663	302	262	-364	-166
8	666	428	421384544	74	95	107	95	27	28	0	451	691	302	262	-364	-166
8	666	428	421386552	64	83	95	83	24	25	0	475	716	302	262	-364	-166
8	666	428	421388552	63	82	108	92	25	26	0	500	742	302	262	-364	-166
8	666	428	421390544	73	90	92	80	25	26	0	525	768	302	262	-364	-166
8	666	428	421392544	64	80	106	92	26	26	0	551	794	302	262	-364	-166
8	666	428	421394536	62	79	92	77	23	23	0	574	817	302	262	-364	-166
8	666	428	421396540	71	86	102	86	26	26	0	600	843	302	262	-364	-166
8	666	428	421398540	62	75	101	87	24	24	0	624	744	302	262	-364	-166
8	666	428	421400536	62	74	88	73	23	22	0	647	766	302	262	-364	-166
8	666	428	421402536	69	81	99	82	25	25	0	672	791	302	262	-364	-166
8	666	428	421404536	60	70	85	70	22	21	0	694	812	302	262	-364	-166
8	666	428	421406532	61	69	95	78	23	22	0	717	834	302	262	-364	-166
8	666	428	421408532	66	74	82	68	22	21	0	739	855	302	262	-364	-166
8	666	428	421410532	59	65	91	74	23	21	0	762	876	302	262	-364	-166
8	666	428	421412532	58	62	78	62	20	18	0	782	894	302	262	-364	-166
8	666	428	421414528	65	69	87	70	23	21	0	805	915	302	262	-364	-166
8	666	428	421416528	56	59	75	58	20	18	0	825	738	302	262	-364	-166
8	666	428	421418528	54	55	84	65	20	18	0	845	756	302	262	-364	-166
8	666	428	421420528	61	60	80	61	21	18	0	866	774	302	262	-364	-166
8	666	428	421422528	51	49	69	51	18	15	0	884	789	302	262	-364	-166
8	666	428	421424540	51	47	76	55	19	15	0	903	804	302	262	-364	-166
8	666	428	421426540	57	49	64	45	19	14	0	922	818	302	262	-364	-166
8	666	428	421428536	47	41	71	49	17	14	0	939	832	302	262	-364	-166
8	666	428	421430536	48	38	60	40	17	12	0	956	844	302	262	-364	-166
8	666	428	421432536	51	40	68	42	17	12	0	973	732	302	262	-364	-166
8	666	428	421434536	44	33	55	35	15	10	0	988	742	302	262	-364	-166
8	666	428	421436532	41	32	61	38	16	11	0	1004	753	302	262	-364	-166
8	666	428	421438536	46	31	51	30	14	9	0	1018	762	302	262	-364	-166
8	666	428	421440528	39	27	55	31	14	8	0	1032	770	302	262	-364	-166
8	666	428	421442524	36	24	45	26	12	8	0	1044	778	302	262	-364	-166
8	666	428	421444532	39	25	49	27	14	8	0	1058	786	302	262	-364	-166
8	666	428	421446536	32	21	46	25	11	7	0	1069	793	302	262	-364	-166
8	666	428	421448540	30	19	38	20	10	5	0	1079	725	302	262	-364	-166
8	666	428	421450544	30	19	38	20	11	6	0	1090	731	302	262	-364	-166
8	666	428	421452548	25	15	32	15	8	5	0	1098	736	302	262	-364	-166
8	666	428	421454548	23	14	32	16	8	4	0	1106	740	302	262	-364	-166
8	666	428	421456548	21	12	25	14	7	4	0	1113	744	302	262	-364	-166
8	666	428	421458548	16	11	26	12	7	4	0	1120	748	302	262	-364	-166
8	666	428	421460552	15	9	20	10	5	3	0	1125	751	302	262	-364	-166
8	666	428	421462548	14	8	19	9	5	2	0	1130	753	302	262	-364	-166
8	666	428	421464552	10	6	15	7	4	2	0	1134	722	302	262	-364	-166
8	666	428	421466552	8	5	14	7	3	2	0	1137	724	302	262	-364	-166
8	666	428	421468560	7	5	11	6	3	1	0	1140	725	302	262	-364	-166
8	666	428	421470572	5	4	8	4	2	2	0	1142	727	302	262	-364	-166
8	666	428	421472556	4	1	7	2	1	0	0	1143	727	302	262	-364	-166
8	666	428	421474572	2	1	4	3	1	1	0	1144	728	302	262	-364	-166
8	666	428	421476556	2	1	4	1	1	0	0	1145	728	302	262	-364	-166
8	666	428	421478548	1	0	1	1	0	0	0	1145	728	302	262	-364	-166
8	666	428	421480528	0	0	1	0	0	0	0	1145	728	302	262	-364	-166
8	666	428	421482500	0	0	0	0	0	0	1	1145	720	302	262	-364	-166
9	666	428	421484548	-1	-3	0	-2	0	0	1	302	262	302	262	-364	-166
9	666	428	421486544	-1	-2	0	-1	0	0	1	302	262	302	262	-364	-166
9	666	428	421488556	-1	-3	-1	-4	0	-1	1	302	261	302	262	-364	-166
9	666	428	421490560	-3	-3	-3	-3	0	-1	1	302	260	302	262	-364	-166
9	666	428	421492580	-2	-5	-1	-4	-1	-1	1	301	259	302	262	-364	-166
9	666	428	421494568	-1	-5	-3	-5	0	-2	1	301	257	302	262	-364	-166
9	666	428	421496580	-3	-7	-2	-5	-1	-2	1	300	255	302	262	-364	-166
9	-518	-599	421498584	-2	-5	-4	-5	-1	-1	1	299	254	-216	-337	302	262
9	-518	-599	421500588	-3	-6	-2	-6	-1	-2	1	298	252	-216	-337	302	262
9	-518	-599	421502588	-4	-7	-3	-7	-1	-2	1	297	250	-216	-337	302	262
9	-518	-599	421504576	-2	-8	-4	-6	0	-2	1	297	248	-216	-337	302	262
9	-518	-599	421506592	-3	-6	-2	-7	-1	-2	1	296	246	-216	-337	302	262
9	-518	-599	421508588	-2	-9	-4	-7	-1	-2	1	295	244	-216	-337	302	262
9	-518	-599	421510584	-3	-6	-2	-7	-1	-2	1	294	242	-216	-337	302	262
9	-518	-599	421512596	-1	-8	-4	-9	-1	-3	1	293	239	-216	-337	302	262
9	-518	-599	421514580	-2	-7	-3	-6	0	-2	1	293	237	-216	-337	302	262
9	-518	-599	421516596	-2	-6	-2	-8	-1	-2	1	292	235	-216	-337	302	262
9	-518	-599	421518600	-1	-7	-3	-6	-1	-2	1	291	233	-216	-337	302	262
9	-518	-599	421520588	-2	-7	-2	-7	0	-2	1	291	231	-216	-337	302	262
9	-518	-599	421522600	-2	-5	-3	-7	-1	-2	1	290	229	-216	-337	302	262
9	-518	-599	421524588	0	-5	-2	-6	0	-2	1	290	227	-216	-337	302	262
9	-518	-599	421526604	-1	-6	-1	-5	-1	-1	1	289	226	-216	-337	302	262
9	-518	-599	421528572	-1	-5	-3	-6	0	-2	1	289	224	-216	-337	302	262
9	-518	-599	421530576	-1	-7	-1	-5	0	-2	1	289	222	-216	-337	302	262
9	-518	-599	421532588	-2	-5	-3	-6	-1	-1	1	288	221	-216	-337	302	262
9	-518	-599	421534576	-1	-5	-1	-5	0	-2	1	288	219	-216	-337	302	262
9	-518	-599	421536592	-2	-6	-2	-7	-1	-2	1	287	217	-216	-337	302	262
9	-518	-599	421538596	-2	-6	-3	-6	-1	-2	1	286	215	-216	-337	302	262
9	-518	-599	421540580	-2	-5	-1	-5	0	-1	1	286	214	-216	-337	302	262
9	-518	-599	421542596	-3	-8	-3	-7	-1	-2	1	285	212	-216	-337	302	262
9	-518	-599	421544596	-2	-6	-2	-7	-1	-2	1	284	210	-216	-337	302	262
9	-518	-599	421546596	-3	-6	-4	-7	-1	-2	1	283	208	-216	-337	302	262
9	-518	-599	421548596	-3	-8	-2	-6	-1	-2	1	282	206	-216	-337	302	262
9	-518	-599	421550596	-4	-7	-4	-9	-1	-3	1	281	203	-216	-337	302	262
9	-518	-599	421552596	-4	-8	-4	-8	-1	-2	1	280	201	-216	-337	302	262
9	-518	-599	421554600	-4	-8	-5	-8	-1	-2	1	279	199	-216	-337	302	262
9	-518	-599	421556596	-5	-9	-5	-8	-2	-3	1	277	196	-216	-337	302	262
9	-518	-599	421558592	-3	-9	-5	-10	-1	-3	1	276	193	-216	-337	302	262
9	-518	-599	421560596	-5	-11	-6	-9	-2	-3	1	274	190	-216	-337	302	262
9	-518	-599	421562600	-7	-9	-6	-11	-2	-3	1	272	187	-216	-337	302	262
9	-518	-599	421564604	-5	-10	-8	-11	-2	-3	1	270	184	-216	-337	302	262
9	-518	-599	421566608	-6	-12	-7	-10	-2	-3	1	268	181	-216	-337	302	262
9	-518	-599	421568604	-6	-12	-9	-13	-2	-4	1	266	177	-216	-337	302	262
9	-518	-599	421570600	-6	-11	-8	-11	-2	-3	0	264	174	-216	-337	302	262
9	-518	-599	421572604	-7	-14	-10	-14	-2	-5	0	262	169	-216	-337	302	262
9	-518	-599	421574608	-7	-12	-8	-12	-3	-3	0	259	166	-216	-337	302	262
9	-518	-599	421576608	-6	-13	-13	-15	-3	-4	0	256	162	-216	-337	302	262
9	-518	-599	421578600	-9	-16	-10	-14	-2	-5	0	254	157	-216	-337	302	262
9	-518	-599	421580604	-8	-14	-14	-16	-4	-4	0	250	153	-216	-337	302	262
9	-518	-599	421582608	-7	-16	-11	-15	-2	-5	0	248	148	-216	-337	302	262
9	-518	-599	421584604	-10	-17	-16	-18	-4	-5	0	244	143	-216	-337	302	262
9	-518	-599	421586612	-9	-17	-16	-18	-4	-6	0	240	137	-216	-337	302	262
9	-518	-599	421588604	-9	-18	-15	-18	-4	-5	0	236	132	-216	-337	302	262
9	-518	-599	421590604	-12	-22	-19	-20	-4	-6	0	232	126	-216	-337	302	262
9	-518	-599	421592596	-10	-20	-16	-19	-4	-6	0	228	120	-216	-337	302	262
9	-518	-599	421594600	-11	-21	-22	-23	-5	-7	0	223	113	-216	-337	302	262
9	-518	-599	421596608	-14	-25	-20	-22	-5	-7	0	218	106	-216	-337	302	262
9	-518	-599	421598616	-13	-24	-23	-25	-6	-7	0	212	99	-216	-337	302	262
9	-518	-599	421600608	-13	-25	-22	-23	-5	-7	0	207	92	-216	-337	302	262
9	-518	-599	421602616	-15	-30	-26	-29	-6	-9	0	201	83	-216	-337	302	262
9	-518	-599	421604608	-15	-27	-25	-26	-6	-8	0	195	75	-216	-337	302	262
9	-518	-599	421606620	-17	-30	-29	-33	-7	-10	0	188	65	-216	-337	302	262
9	-518	-599	421608620	-20	-36	-27	-29	-7	-9	0	181	56	-216	-337	302	262
9	-518	-599	421610612	-17	-34	-34	-36	-8	-11	0	173	45	-216	-337	302	262
9	-518	-599	421612616	-20	-35	-35	-39	-8	-11	0	165	34	-216	-337	302	262
9	-518	-599	421614620	-24	-43	-34	-36	-9	-12	0	156	22	-216	-337	302	262
9	-518	-599	421616616	-21	-40	-40	-44	-9	-12	0	147	10	-216	-337	302	262
9	-518	-599	421618616	-24	-42	-37	-40	-9	-13	0	138	-3	-216	-337	302	262
9	-518	-599	421620620	-27	-51	-45	-48	-11	-14	0	127	-17	-216	-337	302	262
9	-518	-599	421622612	-27	-48	-41	-45	-10	-14	0	117	-31	-216	-337	302	262
9	-518	-599	421624616	-28	-50	-50	-55	-12	-16	0	105	-47	-216	-337	302	262
9	-518	-599	421626624	-33	-59	-48	-50	-12	-17	0	93	-64	-216	-337	302	262
9	-518	-599	421628620	-31	-55	-56	-60	-13	-17	0	80	-81	-216	-337	302	262
9	-518	-599	421630616	-34	-58	-53	-57	-13	-17	0	67	-98	-216	-337	302	262
9	-518	-599	421632608	-40	-69	-62	-66	-15	-20	0	52	-118	-216	-337	302	262
9	-518	-599	421634616	-36	-64	-59	-61	-14	-19	0	38	-137	-216	-337	302	262
9	-518	-599	421636608	-40	-67	-69	-73	-17	-21	0	21	-158	-216	-337	302	262
9	-518	-599	421638612	-45	-78	-72	-75	-17	-23	0	4	-181	-216	-337	302	262
9	-518	-599	421640608	-43	-71	-66	-68	-17	-21	0	-13	-202	-216	-337	302	262
9	-518	-599	421642612	-43	-74	-79	-82	-18	-23	0	-31	-225	-216	-337	302	262
9	-518	-599	421644612	-53	-86	-71	-73	-19	-24	0	-50	-249	-216	-337	302	262
9	-518	-599	421646608	-47	-78	-85	-87	-19	-25	0	-69	-274	-216	-337	302	262
9	-518	-599	421648612	-49	-80	-77	-77	-19	-23	0	-88	-297	-216	-337	302	262
9	-518	-599	421650608	-58	-92	-91	-91	-23	-28	0	-111	-325	-216	-337	302	262
9	-518	-599	421652604	-52	-84	-81	-82	-20	-25	0	-131	-350	-216	-337	302	262
9	-518	-599	421654596	-54	-85	-96	-95	-22	-27	0	-153	-377	-216	-337	302	262
9	-518	-599	421656604	-61	-96	-85	-85	-22	-27	0	-175	-404	-216	-337	302	262
9	-518	-599	421658592	-58	-88	-100	-97	-24	-28	0	-199	-432	-216	-337	302	262
9	-518	-599	421660592	-57	-88	-89	-88	-22	-26	0	-221	-458	-216	-337	302	262
9	-518	-599	421662584	-66	-102	-104	-101	-25	-30	0	-246	-488	-216	-337	302	262
9	-518	-599	421664584	-62	-92	-91	-90	-23	-28	0	-269	-516	-216	-337	302	262
9	-518	-599	421666588	-62	-93	-106	-105	-25	-29	0	-294	-545	-216	-337	302	262
9	-518	-599	421668592	-73	-106	-109	-106	-27	-32	0	-321	-577	-216	-337	302	262
9	-518	-599	421670588	-65	-95	-95	-94	-24	-29	0	-345	-606	-216	-337	302	262
9	-518	-599	421672580	-67	-96	-110	-109	-27	-30	0	-372	-636	-216	-337	302	262
9	-518	-599	421674584	-76	-109	-98	-95	-26	-31	0	-398	-667	-216	-337	302	262
9	-518	-599	421676588	-70	-97	-111	-108	-27	-31	0	-425	-698	-216	-337	302	262
9	-518	-599	421678580	-70	-98	-97	-97	-25	-29	0	-450	-727	-216	-337	302	262
9	-518	-599	421680576	-82	-110	-112	-108	-29	-33	0	-479	-760	-216	-337	302	262
9	-518	-599	421682588	-71	-99	-97	-95	-26	-29	0	-505	-789	-216	-337	302	262
9	-518	-599	421684580	-74	-97	-111	-110	-27	-31	0	-532	-820	-216	-337	302	262
9	-518	-599	421686584	-82	-109	-97	-94	-27	-30	0	-559	-850	-216	-337	302	262
9	-518	-599	421688580	-74	-97	-110	-108	-28	-31	0	-587	-881	-216	-337	302	262
9	-518	-599	421690588	-74	-97	-96	-93	-25	-29	0	-612	-910	-216	-337	302	262
9	-518	-599	421692588	-82	-106	-109	-107	-29	-31	0	-641	-941	-216	-337	302	262
9	-518	-599	421694584	-73	-92	-107	-105	-27	-30	0	-668	-750	-216	-337	302	262
9	-518	-599	421696592	-81	-103	-94	-88	-26	-29	0	-694	-779	-216	-337	302	262
9	-518	-599	421698588	-72	-89	-106	-102	-27	-28	0	-721	-807	-216	-337	302	262
9	-518	-599	421700588	-70	-86	-91	-85	-24	-26	0	-745	-833	-216	-337	302	262
9	-518	-599	421702596	-78	-95	-103	-96	-27	-29	0	-772	-749	-216	-337	302	262
9	-518	-599	421704592	-67	-84	-87	-81	-23	-24	0	-795	-773	-216	-337	302	262
9	-518	-599	421706592	-67	-80	-99	-91	-25	-26	0	-820	-799	-216	-337	302	262
9	-518	-599	421708600	-72	-88	-84	-79	-24	-25	0	-844	-824	-216	-337	302	262
9	-518	-599	421710592	-64	-77	-95	-88	-23	-25	0	-867	-849	-216	-337	302	262
9	-518	-599	421712600	-61	-73	-80	-73	-22	-22	0	-889	-871	-216	-337	302	262
9	-518	-599	421714592	-68	-83	-90	-84	-23	-25	0	-912	-896	-216	-337	302	262
9	-518	-599	421716588	-57	-71	-77	-71	-20	-21	0	-932	-917	-216	-337	302	262
9	-518	-599	421718592	-56	-69	-85	-79	-22	-22	0	-954	-939	-216	-337	302	262
9	-518	-599	421720584	-62	-76	-82	-76	-21	-23	0	-975	-962	-216	-337	302	262
9	-518	-599	421722592	-52	-65	-70	-65	-18	-20	0	-993	-982	-216	-337	302	262
9	-518	-599	421724588	-51	-64	-76	-73	-20	-20	0	-1013	-1002	-216	-337	302	262
9	-518	-599	421726596	-54	-69	-64	-62	-17	-20	0	-1030	-740	-216	-337	302	262
9	-518	-599	421728592	-46	-60	-68	-68	-17	-19	0	-1047	-759	-216	-337	302	262
9	-518	-599	421730596	-45	-57	-58	-59	-16	-17	0	-1063	-776	-216	-337	302	262
9	-518	-599	421732588	-48	-63	-62	-63	-16	-19	0	-1079	-795	-216	-337	302	262
9	-518	-599	421734592	-40	-53	-53	-54	-14	-16	0	-1093	-811	-216	-337	302	262
9	-518	-599	421736596	-37	-50	-55	-60	-14	-17	0	-1107	-737	-216	-337	302	262
9	-518	-599	421738600	-39	-55	-46	-50	-13	-16	0	-1120	-753	-216	-337	302	262
9	-518	-599	421740604	-33	-48	-48	-55	-12	-15	0	-1132	-768	-216	-337	302	262
9	-518	-599	421742612	-30	-44	-45	-51	-11	-14	0	-1143	-782	-216	-337	302	262
9	-518	-599	421744596	-32	-46	-35	-44	-10	-14	0	-1153	-796	-216	-337	302	262
9	-518	-599	421746612	-25	-39	-37	-46	-10	-13	0	-1163	-809	-216	-337	302	262
9	-518	-599	421748612	-24	-36	-30	-38	-8	-11	0	-1171	-820	-216	-337	302	262
9	-518	-599	421750616	-24	-37	-30	-41	-8	-11	0	-1179	-831	-216	-337	302	262
9	-518	-599	421752616	-18	-32	-23	-33	-6	-10	0	-1185	-841	-216	-337	302	262
9	-518	-599	421754616	-18	-28	-23	-36	-6	-10	0	-1191	-851	-216	-337	302	262
9	-518	-599	421756616	-17	-32	-19	-29	-5	-9	0	-1196	-860	-216	-337	302	262
9	-518	-599	421758612	-14	-23	-18	-30	-5	-8	0	-1201	-728	-216	-337	302	262
9	-518	-599	421760608	-11	-24	-13	-23	-4	-7	1	-1205	-735	-216	-337	302	262
10	-518	-599	421762612	-13	-24	-13	-27	-4	-7	1	-220	-344	-216	-337	302	262
10	-518	-599	421764620	-9	-19	-11	-22	-3	-7	1	-223	-351	-216	-337	302	262
10	-518	-599	421766620	-8	-18	-8	-19	-2	-5	1	-225	-356	-216	-337	302	262
10	-518	-599	421768616	-7	-17	-7	-19	-2	-6	1	-227	-362	-216	-337	302	262
10	329	721	421770628	-6	-13	-5	-15	-2	-4	1	-229	-366	113	384	-216	-337
10	329	721	421772624	-5	-14	-4	-15	-1	-4	1	-230	-370	113	384	-216	-337
10	329	721	421774620	-5	-11	-4	-11	-2	-3	1	-232	-373	113	384	-216	-337
10	329	721	421776604	-4	-9	-2	-11	0	-3	1	-232	-376	113	384	-216	-337
10	329	721	421778612	-2	-9	-3	-9	-1	-3	1	-233	-379	113	384	-216	-337
10	329	721	421780616	-3	-7	-1	-9	-1	-3	1	-234	-382	113	384	-216	-337
10	329	721	421782604	-2	-7	0	-7	0	-2	1	-234	-384	113	384	-216	-337
10	329	721	421784604	-1	-6	-1	-6	0	-1	1	-234	-385	113	384	-216	-337
10	329	721	421786604	-2	-4	0	-5	-1	-2	1	-235	-387	113	384	-216	-337
10	329	721	421788592	-1	-2	-1	-5	0	-1	1	-235	-388	113	384	-216	-337
10	329	721	421790572	0	-4	0	-3	0	-1	1	-235	-389	113	384	-216	-337
10	329	721	421792584	-1	-1	0	-2	0	0	1	-235	-389	113	384	-216	-337
10	329	721	421794572	0	-1	0	-3	0	-1	1	-235	-390	113	384	-216	-337
10	329	721	421796556	0	-2	0	-1	0	0	1	-235	-390	113	384	-216	-337
10	329	721	421798576	0	0	0	-1	0	-1	1	-235	-391	113	384	-216	-337
10	329	721	421800580	-1	-1	0	0	0	0	1	-235	-391	113	384	-216	-337
10	329	721	421802548	0	0	0	-2	0	0	1	-235	-391	113	384	-216	-337
10	329	721	421840568	0	1	0	1	0	0	1	-235	-391	113	384	-216	-337
10	329	721	421842604	-2	1	0	1	-1	0	1	-236	-391	113	384	-216	-337
10	329	721	421844592	0	2	1	1	0	0	0	-236	-391	113	384	-216	-337
10	329	721	421846596	0	4	1	4	0	1	0	-236	-390	113	384	-216	-337
10	329	721	421848600	-1	4	3	4	0	1	0	-236	-389	113	384	-216	-337
10	329	721	421850612	0	6	4	6	1	2	0	-235	-387	113	384	-216	-337
10	329	721	421852604	-1	6	3	6	0	2	0	-235	-385	113	384	-216	-337
10	329	721	421854628	0	9	7	8	1	3	0	-234	-382	113	384	-216	-337
10	329	721	421856636	-1	10	5	9	1	2	0	-233	-380	113	384	-216	-337
10	329	721	421858632	0	11	8	11	1	4	0	-232	-376	113	384	-216	-337
10	329	721	421860636	0	15	8	11	1	4	0	-231	-372	113	384	-216	-337
10	329	721	421862632	0	15	11	16	2	4	0	-229	-368	113	384	-216	-337
10	329	721	421864628	0	18	10	15	1	5	0	-228	-363	113	384	-216	-337
10	329	721	421866624	1	21	14	19	2	6	0	-226	-357	113	384	-216	-337
10	329	721	421868616	2	21	16	23	3	7	0	-223	-350	113	384	-216	-337
10	329	721	421870628	3	24	15	21	3	7	0	-220	-343	113	384	-216	-337
10	329	721	421872616	4	30	20	27	3	8	0	-217	-335	113	384	-216	-337
10	329	721	421874616	5	28	19	27	4	8	0	-213	-327	113	384	-216	-337
10	329	721	421876612	6	31	24	32	4	10	0	-209	-317	113	384	-216	-337
10	329	721	421878612	10	37	22	31	5	10	0	-204	-307	113	384	-216	-337
10	329	721	421880608	9	37	28	39	6	11	0	-198	-296	113	384	-216	-337
10	329	721	421882608	11	40	26	36	5	12	0	-193	-284	113	384	-216	-337
10	329	721	421884616	17	47	31	45	8	14	0	-185	-270	113	384	-216	-337
10	329	721	421886612	15	46	30	43	6	13	0	-179	-257	113	384	-216	-337
10	329	721	421888612	17	49	36	51	8	15	0	-171	-242	113	384	-216	-337
10	329	721	421890616	23	59	34	49	9	16	0	-162	-226	113	384	-216	-337
10	329	721	421892620	21	56	40	60	9	18	0	-153	-208	113	384	-216	-337
10	329	721	421894616	25	61	43	65	10	19	0	-143	-189	113	384	-216	-337
10	329	721	421896612	30	73	38	60	10	19	0	-133	-170	113	384	-216	-337
10	329	721	421898624	29	67	47	74	12	22	0	-121	-148	113	384	-216	-337
10	329	721	421900620	32	73	42	67	11	21	0	-110	-127	113	384	-216	-337
10	329	721	421902616	39	86	50	83	13	25	0	-97	-102	113	384	-216	-337
10	329	721	421904624	36	81	45	75	12	23	0	-85	-79	113	384	-216	-337
10	329	721	421906624	39	84	54	91	14	27	0	-71	-52	113	384	-216	-337
10	329	721	421908624	46	99	49	84	15	27	0	-56	-25	113	384	-216	-337
10	329	721	421910624	44	92	56	98	15	29	0	-41	4	113	384	-216	-337
10	329	721	421912620	45	95	50	92	14	28	0	-27	32	113	384	-216	-337
10	329	721	421914612	52	112	60	107	17	32	0	-10	64	113	384	-216	-337
10	329	721	421916612	48	102	51	98	14	30	0	4	94	113	384	-216	-337
10	329	721	421918608	49	106	61	115	17	34	0	21	128	113	384	-216	-337
10	329	721	421920604	55	122	62	117	17	35	0	38	163	113	384	-216	-337
10	329	721	421922600	50	111	53	108	16	33	0	54	196	113	384	-216	-337
10	329	721	421924600	51	112	62	123	17	36	0	71	232	113	384	-216	-337
10	329	721	421926600	56	129	55	110	17	35	0	88	267	113	384	-216	-337
10	329	721	421928596	51	116	62	129	16	37	0	104	304	113	384	-216	-337
10	329	721	421930596	52	118	55	114	17	35	0	121	339	113	384	-216	-337
10	329	721	421932596	57	132	63	131	18	39	0	139	378	113	384	-216	-337
10	329	721	421934596	51	120	53	116	15	36	0	154	414	113	384	-216	-337
10	329	721	421936596	50	120	62	135	17	38	0	171	452	113	384	-216	-337
10	329	721	421938600	58	137	53	118	17	38	0	188	490	113	384	-216	-337
10	329	721	421940600	50	121	60	136	16	39	0	204	529	113	384	-216	-337
10	329	721	421942600	50	121	53	119	16	36	0	220	565	113	384	-216	-337
10	329	721	421944600	55	136	59	136	17	41	0	237	606	113	384	-216	-337
10	329	721	421946604	50	120	50	118	15	35	0	252	641	113	384	-216	-337
10	329	721	421948604	50	120	57	136	16	39	0	268	680	113	384	-216	-337
10	329	721	421950604	55	134	58	134	17	40	0	285	720	113	384	-216	-337
10	329	721	421952604	50	118	48	117	14	35	0	299	755	113	384	-216	-337
10	329	721	421954600	50	116	57	131	16	37	0	315	792	113	384	-216	-337
10	329	721	421956592	55	130	48	115	16	37	0	331	829	113	384	-216	-337
10	329	721	421958592	50	115	55	130	16	37	0	347	757	113	384	-216	-337
10	329	721	421960592	50	112	48	113	14	34	0	361	791	113	384	-216	-337
10	329	721	421962592	56	127	54	126	17	37	0	378	828	113	384	-216	-337
10	329	721	421964588	49	108	47	110	14	33	0	392	861	113	384	-216	-337
10	329	721	421966588	50	107	54	123	16	35	0	408	896	113	384	-216	-337
10	329	721	421968588	55	118	46	105	15	33	0	423	929	113	384	-216	-337
10	329	721	421970588	50	102	54	117	16	33	0	439	962	113	384	-216	-337
10	329	721	421972588	49	100	46	101	14	30	0	453	750	113	384	-216	-337
10	329	721	421974584	56	108	51	112	16	33	0	469	783	113	384	-216	-337
10	329	721	421976580	49	94	53	108	15	30	0	484	813	113	384	-216	-337
10	329	721	421978584	48	91	45	93	14	28	0	498	841	113	384	-216	-337
10	329	721	421980584	54	98	50	101	16	30	0	514	871	113	384	-216	-337
10	329	721	421982592	48	84	44	85	13	25	0	527	896	113	384	-216	-337
10	329	721	421984588	45	80	48	94	14	26	0	541	922	113	384	-216	-337
10	329	721	421986588	51	86	43	79	15	25	0	556	947	113	384	-216	-337
10	329	721	421988588	44	72	46	85	13	24	0	569	971	113	384	-216	-337
10	329	721	421990584	42	69	40	71	12	21	0	581	741	113	384	-216	-337
10	329	721	421992580	46	73	44	76	14	22	0	595	763	113	384	-216	-337
10	329	721	421994580	40	60	37	63	11	18	0	606	781	113	384	-216	-337
10	329	721	421996584	39	56	40	67	12	19	0	618	800	113	384	-216	-337
10	329	721	421998576	41	59	35	55	12	17	0	630	817	113	384	-216	-337
10	329	721	422000580	35	47	37	58	10	16	0	640	833	113	384	-216	-337
10	329	721	422002580	33	44	30	46	10	13	0	650	846	113	384	-216	-337
10	329	721	422004576	35	45	32	49	10	14	0	660	860	113	384	-216	-337
10	329	721	422006576	29	35	31	42	9	12	0	669	732	113	384	-216	-337
10	329	721	422008572	26	31	24	35	7	10	0	676	742	113	384	-216	-337
10	329	721	422010576	27	31	26	35	8	10	0	684	752	113	384	-216	-337
10	329	721	422012580	23	24	20	26	7	7	0	691	759	113	384	-216	-337
10	329	721	422014580	20	20	20	27	6	7	0	697	766	113	384	-216	-337
10	329	721	422016580	20	20	17	20	5	6	0	702	772	113	384	-216	-337
10	329	721	422018576	16	14	16	18	5	5	0	707	777	113	384	-216	-337
10	329	721	422020576	14	12	12	15	4	4	0	711	781	113	384	-216	-337
10	329	721	422022576	14	12	12	14	4	4	0	715	785	113	384	-216	-337
10	329	721	422024580	10	7	8	10	3	3	0	718	788	113	384	-216	-337
10	329	721	422026584	8	5	9	9	2	2	0	720	790	113	384	-216	-337
10	329	721	422028588	9	5	6	6	2	1	0	722	791	113	384	-216	-337
10	329	721	422030584	6	1	7	4	2	1	0	724	792	113	384	-216	-337
10	329	721	422032568	7	0	3	2	2	0	0	726	792	113	384	-216	-337
10	329	721	422034544	5	0	3	0	1	0	0	727	792	113	384	-216	-337
10	329	721	422036544	3	0	2	0	1	0	0	728	720	113	384	-216	-337
10	329	721	422038560	3	-4	0	-1	0	0	0	728	720	113	384	-216	-337
10	329	721	422040592	4	-5	0	-4	1	-1	0	729	719	113	384	-216	-337
10	329	721	422042564	1	-5	0	-5	0	-1	0	729	718	113	384	-216	-337
10	329	721	422044568	1	-5	0	-6	0	-2	0	729	716	113	384	-216	-337
10	329	721	422046568	1	-7	0	-7	0	-2	0	729	714	113	384	-216	-337
10	329	721	422048584	2	-8	-1	-7	1	-2	0	730	712	113	384	-216	-337
10	329	721	422050548	1	-7	-1	-8	0	-3	0	730	709	113	384	-216	-337
10	329	721	422052572	0	-10	-3	-8	0	-2	0	730	707	113	384	-216	-337
10	329	721	422054572	1	-10	-2	-9	0	-3	0	730	704	113	384	-216	-337
10	329	721	422056588	0	-10	-3	-11	-1	-3	0	729	701	113	384	-216	-337
10	329	721	422058564	0	-13	-4	-13	0	-4	0	729	697	113	384	-216	-337
10	329	721	422060580	-3	-11	-3	-10	-1	-3	0	728	694	113	384	-216	-337
10	329	721	422062580	-2	-11	-4	-14	-1	-4	1	727	690	113	384	-216	-337
11	329	721	422064576	-3	-14	-4	-11	-1	-4	1	112	380	113	384	-216	-337
11	329	721	422066584	-4	-13	-5	-14	-1	-4	1	111	376	113	384	-216	-337
11	329	721	422068588	-3	-12	-4	-12	-1	-3	1	110	373	113	384	-216	-337
11	329	721	422070588	-4	-13	-3	-14	-1	-4	1	109	369	113	384	-216	-337
11	329	721	422072584	-4	-11	-4	-11	-2	-4	1	107	365	113	384	-216	-337
11	329	721	422074592	-5	-14	-5	-14	-1	-4	1	106	361	113	384	-216	-337
11	329	721	422076588	-4	-11	-3	-11	-1	-3	1	105	358	113	384	-216	-337
11	-113	-784	422078584	-3	-12	-5	-14	-1	-4	1	104	354	0	-400	113	384
11	-113	-784	422080576	-4	-14	-2	-11	-1	-4	1	103	350	0	-400	113	384
11	-113	-784	422082588	-4	-11	-4	-13	-1	-4	1	102	346	0	-400	113	384
11	-113	-784	422084576	-4	-12	-4	-13	-2	-3	1	100	343	0	-400	113	384
11	-113	-784	422086564	-3	-12	-2	-10	0	-4	1	100	339	0	-400	113	384
11	-113	-784	422088576	-4	-11	-3	-13	-1	-3	1	99	336	0	-400	113	384
11	-113	-784	422090584	-4	-12	-2	-10	-1	-3	1	98	333	0	-400	113	384
11	-113	-784	422092580	-2	-12	-1	-11	-1	-4	1	97	329	0	-400	113	384
11	-113	-784	422094580	-4	-10	-3	-10	-1	-3	1	96	326	0	-400	113	384
11	-113	-784	422096560	-3	-10	-1	-11	0	-3	1	96	323	0	-400	113	384
11	-113	-784	422098584	-2	-11	-3	-10	-1	-3	1	95	320	0	-400	113	384
11	-113	-784	422100584	-3	-10	-1	-12	-1	-4	1	94	316	0	-400	113	384
11	-113	-784	422102572	-2	-10	-1	-10	0	-3	1	94	313	0	-400	113	384
11	-113	-784	422104584	-3	-12	-1	-10	-1	-3	1	93	310	0	-400	113	384
11	-113	-784	422106572	-2	-11	-2	-10	0	-3	1	93	307	0	-400	113	384
11	-113	-784	422108584	-3	-9	-1	-10	-1	-3	1	92	304	0	-400	113	384
11	-113	-784	422110592	-2	-11	-1	-11	-1	-3	1	91	301	0	-400	113	384
11	-113	-784	422112576	-3	-10	0	-10	0	-3	1	91	298	0	-400	113	384
11	-113	-784	422114572	-2	-9	-1	-10	0	-3	1	91	295	0	-400	113	384
11	-113	-784	422116588	-3	-11	-2	-10	-1	-3	1	90	292	0	-400	113	384
11	-113	-784	422118572	-1	-10	-1	-11	0	-3	1	90	289	0	-400	113	384
11	-113	-784	422120584	-2	-10	-1	-9	-1	-3	1	89	286	0	-400	113	384
11	-113	-784	422122572	-2	-11	-1	-11	0	-3	1	89	283	0	-400	113	384
11	-113	-784	422124588	-2	-11	-2	-10	-1	-4	1	88	279	0	-400	113	384
11	-113	-784	422126568	-1	-10	-1	-11	0	-3	1	88	276	0	-400	113	384
11	-113	-784	422128580	-2	-12	0	-10	-1	-3	1	87	273	0	-400	113	384
11	-113	-784	422130572	-2	-11	-1	-12	0	-3	1	87	270	0	-400	113	384
11	-113	-784	422132572	-1	-10	-1	-11	0	-4	1	87	266	0	-400	113	384
11	-113	-784	422134588	-2	-12	-2	-11	-1	-3	1	86	263	0	-400	113	384
11	-113	-784	422136572	-1	-12	-1	-13	0	-4	1	86	259	0	-400	113	384
11	-113	-784	422138588	-1	-11	-1	-10	-1	-3	1	85	256	0	-400	113	384
11	-113	-784	422140576	-1	-12	0	-13	0	-4	1	85	252	0	-400	113	384
11	-113	-784	422142572	-2	-13	-1	-12	0	-3	1	85	249	0	-400	113	384
11	-113	-784	422144572	0	-12	-2	-12	0	-4	1	85	245	0	-400	113	384
11	-113	-784	422146592	-1	-14	0	-13	-1	-4	1	84	241	0	-400	113	384
11	-113	-784	422148580	-1	-13	-1	-13	0	-4	1	84	237	0	-400	113	384
11	-113	-784	422150580	-1	-13	-1	-14	0	-4	1	84	233	0	-400	113	384
11	-113	-784	422152604	-2	-17	-1	-15	-1	-5	1	83	228	0	-400	113	384
11	-113	-784	422154560	0	-15	0	-14	0	-4	1	83	224	0	-400	113	384
11	-113	-784	422156580	-1	-15	-2	-17	0	-5	1	83	219	0	-400	113	384
11	-113	-784	422158596	-2	-18	-1	-15	-1	-5	1	82	214	0	-400	113	384
11	-113	-784	422160584	-2	-17	-1	-19	0	-5	1	82	209	0	-400	113	384
11	-113	-784	422162580	-1	-18	-1	-20	0	-6	0	82	203	0	-400	113	384
11	-113	-784	422164592	-2	-22	-2	-19	-1	-6	0	81	197	0	-400	113	384
11	-113	-784	422166580	-2	-21	-2	-21	0	-7	0	81	190	0	-400	113	384
11	-113	-784	422168596	-2	-21	-1	-21	-1	-6	0	80	184	0	-400	113	384
11	-113	-784	422170588	-4	-26	-2	-25	-1	-7	0	79	177	0	-400	113	384
11	-113	-784	422172568	-2	-25	-2	-24	0	-8	0	79	169	0	-400	113	384
11	-113	-784	422174580	-4	-27	-3	-28	-1	-8	0	78	161	0	-400	113	384
11	-113	-784	422176580	-4	-31	-2	-26	-1	-9	0	77	152	0	-400	113	384
11	-113	-784	422178576	-5	-30	-4	-32	-2	-9	0	75	143	0	-400	113	384
11	-113	-784	422180588	-5	-31	-2	-30	-1	-9	0	74	134	0	-400	113	384
11	-113	-784	422182584	-5	-38	-4	-37	-1	-11	0	73	123	0	-400	113	384
11	-113	-784	422184584	-6	-36	-3	-33	-1	-11	0	72	112	0	-400	113	384
11	-113	-784	422186584	-8	-42	-3	-40	-2	-12	0	70	100	0	-400	113	384
11	-113	-784	422188588	-6	-40	-4	-44	-2	-13	0	68	87	0	-400	113	384
11	-113	-784	422190588	-7	-42	-4	-39	-1	-12	0	67	75	0	-400	113	384
11	-113	-784	422192592	-9	-50	-4	-47	-2	-14	0	65	61	0	-400	113	384
11	-113	-784	422194592	-9	-45	-3	-44	-2	-14	0	63	47	0	-400	113	384
11	-113	-784	422196600	-9	-48	-4	-53	-2	-15	0	61	32	0	-400	113	384
11	-113	-784	422198600	-11	-57	-4	-47	-2	-15	0	59	17	0	-400	113	384
11	-113	-784	422200596	-10	-53	-5	-58	-2	-17	0	57	0	0	-400	113	384
11	-113	-784	422202592	-10	-55	-4	-52	-3	-16	0	54	-16	0	-400	113	384
11	-113	-784	422204592	-11	-65	-5	-63	-2	-19	0	52	-35	0	-400	113	384
11	-113	-784	422206588	-11	-59	-3	-57	-2	-18	0	50	-53	0	-400	113	384
11	-113	-784	422208588	-12	-63	-5	-68	-3	-19	0	47	-72	0	-400	113	384
11	-113	-784	422210592	-13	-72	-5	-61	-2	-20	0	45	-92	0	-400	113	384
11	-113	-784	422212580	-12	-66	-5	-72	-3	-21	0	42	-113	0	-400	113	384
11	-113	-784	422214576	-12	-70	-7	-75	-3	-22	0	39	-135	0	-400	113	384
11	-113	-784	422216584	-14	-80	-6	-69	-3	-22	0	36	-157	0	-400	113	384
11	-113	-784	422218580	-14	-74	-7	-80	-3	-23	0	33	-180	0	-400	113	384
11	-113	-784	422220592	-12	-76	-7	-73	-3	-23	0	30	-203	0	-400	113	384
11	-113	-784	422222592	-15	-89	-8	-85	-3	-26	0	27	-229	0	-400	113	384
11	-113	-784	422224584	-14	-80	-9	-76	-4	-23	0	23	-252	0	-400	113	384
11	-113	-784	422226592	-15	-81	-10	-90	-3	-26	0	20	-278	0	-400	113	384
11	-113	-784	422228588	-16	-95	-9	-80	-4	-26	0	16	-304	0	-400	113	384
11	-113	-784	422230584	-16	-87	-11	-95	-4	-27	0	12	-331	0	-400	113	384
11	-113	-784	422232584	-17	-88	-11	-85	-4	-26	0	8	-357	0	-400	113	384
11	-113	-784	422234584	-18	-103	-14	-100	-5	-31	0	3	-388	0	-400	113	384
11	-113	-784	422236580	-19	-94	-11	-89	-5	-27	0	-2	-415	0	-400	113	384
11	-113	-784	422238592	-19	-95	-15	-103	-5	-30	0	-7	-445	0	-400	113	384
11	-113	-784	422240588	-21	-110	-17	-107	-5	-32	0	-12	-477	0	-400	113	384
11	-113	-784	422242584	-21	-98	-15	-95	-6	-29	0	-18	-506	0	-400	113	384
11	-113	-784	422244592	-22	-100	-17	-110	-6	-32	0	-24	-538	0	-400	113	384
11	-113	-784	422246592	-25	-114	-16	-97	-6	-31	0	-30	-569	0	-400	113	384
11	-113	-784	422248600	-22	-103	-19	-111	-6	-33	0	-36	-602	0	-400	113	384
11	-113	-784	422250604	-24	-102	-19	-99	-6	-30	0	-42	-632	0	-400	113	384
11	-113	-784	422252596	-27	-115	-21	-114	-8	-34	0	-50	-666	0	-400	113	384
11	-113	-784	422254600	-25	-104	-20	-100	-6	-31	0	-56	-697	0	-400	113	384
11	-113	-784	422256588	-25	-104	-24	-114	-8	-32	0	-64	-729	0	-400	113	384
11	-113	-784	422258588	-30	-116	-21	-101	-7	-33	0	-71	-762	0	-400	113	384
11	-113	-784	422260584	-25	-102	-26	-114	-8	-32	0	-79	-794	0	-400	113	384
11	-113	-784	422262588	-28	-102	-23	-100	-8	-31	0	-87	-751	0	-400	113	384
11	-113	-784	422264584	-29	-112	-27	-112	-8	-33	0	-95	-784	0	-400	113	384
11	-113	-784	422266580	-26	-98	-28	-113	-8	-32	0	-103	-816	0	-400	113	384
11	-113	-784	422268584	-26	-96	-25	-96	-8	-29	0	-111	-845	0	-400	113	384
11	-113	-784	422270584	-29	-107	-29	-109	-9	-32	0	-120	-877	0	-400	113	384
11	-113	-784	422272588	-26	-93	-25	-93	-7	-28	0	-127	-905	0	-400	113	384
11	-113	-784	422274584	-25	-92	-28	-107	-8	-30	0	-135	-935	0	-400	113	384
11	-113	-784	422276580	-28	-102	-25	-90	-8	-29	0	-143	-964	0	-400	113	384
11	-113	-784	422278584	-23	-88	-29	-102	-8	-28	0	-151	-992	0	-400	113	384
11	-113	-784	422280588	-24	-87	-24	-88	-7	-26	0	-158	-746	0	-400	113	384
11	-113	-784	422282584	-25	-96	-26	-97	-8	-29	0	-166	-775	0	-400	113	384
11	-113	-784	422284596	-23	-84	-21	-85	-6	-26	0	-172	-801	0	-400	113	384
11	-113	-784	422286592	-21	-82	-23	-94	-7	-26	0	-179	-827	0	-400	113	384
11	-113	-784	422288592	-22	-89	-21	-91	-6	-27	0	-185	-854	0	-400	113	384
11	-113	-784	422290592	-19	-79	-18	-79	-6	-24	0	-191	-878	0	-400	113	384
11	-113	-784	422292596	-18	-75	-17	-86	-5	-24	0	-196	-902	0	-400	113	384
11	-113	-784	422294592	-18	-83	-14	-74	-5	-23	0	-201	-925	0	-400	113	384
11	-113	-784	422296600	-15	-72	-14	-82	-4	-24	0	-205	-949	0	-400	113	384
11	-113	-784	422298588	-15	-70	-10	-70	-4	-21	0	-209	-741	0	-400	113	384
11	-113	-784	422300592	-15	-76	-8	-78	-4	-23	0	-213	-764	0	-400	113	384
11	-113	-784	422302588	-13	-65	-7	-65	-3	-19	0	-216	-783	0	-400	113	384
11	-113	-784	422304584	-11	-62	-5	-72	-2	-20	0	-218	-803	0	-400	113	384
11	-113	-784	422306580	-11	-68	-1	-60	-2	-19	0	-220	-822	0	-400	113	384
11	-113	-784	422308588	-9	-59	-1	-67	-1	-19	0	-221	-841	0	-400	113	384
11	-113	-784	422310588	-8	-55	0	-56	-1	-17	0	-222	-858	0	-400	113	384
11	-113	-784	422312584	-7	-60	1	-61	-1	-18	0	-223	-876	0	-400	113	384
11	-113	-784	422314584	-6	-51	4	-53	-1	-16	0	-224	-736	0	-400	113	384
11	-113	-784	422316568	-7	-49	6	-56	0	-15	0	-224	-751	0	-400	113	384
11	-113	-784	422318568	-5	-53	8	-55	0	-17	0	-224	-768	0	-400	113	384
11	-113	-784	422320568	-3	-47	6	-45	0	-13	0	-224	-781	0	-400	113	384
11	-113	-784	422322592	-5	-48	10	-51	1	-15	0	-223	-796	0	-400	113	384
11	-113	-784	422324596	-4	-43	9	-43	1	-13	0	-222	-809	0	-400	113	384
11	-113	-784	422326596	-3	-41	11	-46	1	-13	0	-221	-822	0	-400	113	384
11	-113	-784	422328588	-3	-44	10	-39	1	-13	0	-220	-835	0	-400	113	384
11	-113	-784	422330596	-3	-37	11	-43	1	-12	0	-219	-847	0	-400	113	384
11	-113	-784	422332588	-1	-37	10	-37	1	-11	0	-218	-731	0	-400	113	384
11	-113	-784	422334592	-3	-38	13	-38	2	-11	0	-216	-742	0	-400	113	384
11	-113	-784	422336596	-2	-33	10	-33	1	-10	0	-215	-752	0	-400	113	384
11	-113	-784	422338600	-1	-31	12	-36	2	-10	0	-213	-762	0	-400	113	384
11	-113	-784	422340596	-2	-34	12	-34	1	-10	0	-212	-772	0	-400	113	384
11	-113	-784	422342600	-2	-29	10	-29	1	-9	0	-211	-781	0	-400	113	384
11	-113	-784	422344604	-1	-26	11	-31	2	-9	0	-209	-790	0	-400	113	384
11	-113	-784	422346604	-2	-29	9	-25	1	-8	0	-208	-728	0	-400	113	384
11	-113	-784	422348604	-1	-25	10	-27	1	-8	0	-207	-736	0	-400	113	384
11	-113	-784	422350596	-1	-22	8	-24	1	-6	0	-206	-742	0	-400	113	384
11	-113	-784	422352592	-1	-24	9	-25	2	-8	0	-204	-750	0	-400	113	384
11	-113	-784	422354576	-2	-20	6	-20	0	-6	1	-204	-756	0	-400	113	384
