1	0	-400	1607244616	0	0	1	0	0	0	1	0	-400	0	-400	0	0
1	-113	784	1607288656	0	1	0	0	0	0	1	0	-400	-113	384	0	-400
1	-113	784	1607300664	1	0	0	0	0	0	1	0	-400	-113	384	0	-400
1	-113	784	1607304664	0	1	0	0	0	0	1	0	-400	-113	384	0	-400
1	-113	784	1607330672	0	1	0	0	0	0	1	0	-400	-113	384	0	-400
1	-113	784	1607340652	0	0	0	0	0	0	0	0	-400	-113	384	0	-400
1	-113	784	1607344676	0	0	0	1	0	0	0	0	-400	-113	384	0	-400
1	-113	784	1607346672	0	0	-2	0	0	0	0	0	-400	-113	384	0	-400
1	-113	784	1607350676	0	0	0	1	0	0	0	0	-400	-113	384	0	-400
1	-113	784	1607352684	0	0	-1	0	0	0	0	0	-400	-113	384	0	-400
1	-113	784	1607360696	0	0	-1	0	0	0	0	0	-400	-113	384	0	-400
1	-113	784	1607368700	-2	0	0	0	0	0	0	0	-400	-113	384	0	-400
1	-113	784	1607372704	-1	0	0	0	0	0	0	0	-400	-113	384	0	-400
1	-113	784	1607376708	-1	0	-1	0	0	0	0	0	-400	-113	384	0	-400
1	-113	784	1607378712	0	-2	0	0	0	0	0	0	-400	-113	384	0	-400
1	-113	784	1607380716	-1	0	0	0	0	0	0	0	-400	-113	384	0	-400
1	-113	784	1607382716	-2	0	0	0	0	0	0	0	-400	-113	384	0	-400
1	-113	784	1607386720	-1	0	0	0	0	0	0	0	-400	-113	384	0	-400
1	-113	784	1607390724	-1	0	0	0	0	0	0	0	-400	-113	384	0	-400
1	-113	784	1607392756	-1	-1	0	0	0	0	0	0	-400	-113	384	0	-400
1	-113	784	1607394732	0	0	-2	0	0	0	0	0	-400	-113	384	0	-400
1	-113	784	1607400740	0	0	-1	0	0	0	0	0	-400	-113	384	0	-400
1	-113	784	1607404788	-2	0	-1	-2	-1	0	0	-1	-400	-113	384	0	-400
1	-113	784	1607406740	-1	0	0	0	0	0	0	-1	-400	-113	384	0	-400
1	-113	784	1607410748	-1	0	-1	0	0	0	0	-1	-400	-113	384	0	-400
1	-113	784	1607412744	-1	0	0	0	0	0	0	-1	-400	-113	384	0	-400
1	-113	784	1607414740	-2	0	-2	0	0	0	0	-1	-400	-113	384	0	-400
1	-113	784	1607416764	-1	0	0	-1	0	0	0	-1	-400	-113	384	0	-400
1	-113	784	1607418768	-1	-1	0	0	0	0	0	-1	-400	-113	384	0	-400
1	-113	784	1607420760	-1	0	0	0	-1	0	0	-2	-400	-113	384	0	-400
1	-113	784	1607422744	-2	0	0	0	0	0	0	-2	-400	-113	384	0	-400
1	-113	784	1607424748	-1	0	0	0	0	0	0	-2	-400	-113	384	0	-400
1	-113	784	1607428748	-1	0	0	0	0	0	0	-2	-400	-113	384	0	-400
1	-113	784	1607430780	-1	-1	0	0	0	0	0	-2	-400	-113	384	0	-400
1	-113	784	1607432756	-2	0	0	0	0	0	0	-2	-400	-113	384	0	-400
1	-113	784	1607436764	-1	0	0	0	0	0	0	-2	-400	-113	384	0	-400
1	-113	784	1607438768	0	0	-1	0	0	0	0	-2	-400	-113	384	0	-400
1	-113	784	1607440764	-1	0	0	0	0	0	0	-2	-400	-113	384	0	-400
1	-113	784	1607442768	0	0	-1	0	0	0	0	-2	-400	-113	384	0	-400
1	-113	784	1607444760	0	0	0	1	0	0	0	-2	-400	-113	384	0	-400
1	-113	784	1607446772	-1	0	-1	0	-1	0	0	-3	-400	-113	384	0	-400
1	-113	784	1607448756	0	0	-2	0	0	0	0	-3	-400	-113	384	0	-400
1	-113	784	1607450788	0	0	-1	1	0	0	0	-3	-400	-113	384	0	-400
1	-113	784	1607452756	-2	0	-1	0	0	0	0	-3	-400	-113	384	0	-400
1	-113	784	1607454780	0	1	-1	1	0	0	0	-3	-400	-113	384	0	-400
1	-113	784	1607456776	-1	0	-2	1	0	0	0	-3	-400	-113	384	0	-400
1	-113	784	1607458772	0	2	-1	0	0	0	0	-3	-400	-113	384	0	-400
1	-113	784	1607460768	-1	0	-1	2	0	0	0	-3	-400	-113	384	0	-400
1	-113	784	1607462792	-1	1	-1	0	-1	0	0	-4	-400	-113	384	0	-400
1	-113	784	1607464768	0	0	-2	1	0	0	0	-4	-400	-113	384	0	-400
1	-113	784	1607466764	-2	1	-1	0	0	0	0	-4	-400	-113	384	0	-400
1	-113	784	1607468764	-1	0	-1	1	0	0	0	-4	-400	-113	384	0	-400
1	-113	784	1607470768	0	1	-1	1	0	0	0	-4	-400	-113	384	0	-400
1	-113	784	1607472736	-1	0	-2	0	0	0	0	-4	-400	-113	384	0	-400
1	-113	784	1607474776	-1	2	-1	2	-1	0	0	-5	-400	-113	384	0	-400
1	-113	784	1607476760	0	1	-1	0	0	0	0	-5	-400	-113	384	0	-400
1	-113	784	1607478756	-2	0	0	1	0	0	0	-5	-400	-113	384	0	-400
1	-113	784	1607480752	-1	1	-1	0	0	0	0	-5	-400	-113	384	0	-400
1	-113	784	1607482768	-1	1	-2	1	0	1	0	-5	-399	-113	384	0	-400
1	-113	784	1607484732	-1	0	-1	0	0	0	0	-5	-399	-113	384	0	-400
1	-113	784	1607486768	-2	2	-1	1	-1	0	0	-6	-399	-113	384	0	-400
1	-113	784	1607488748	-1	1	-1	2	0	0	0	-6	-399	-113	384	0	-400
1	-113	784	1607490748	-1	1	-2	1	0	0	0	-6	-399	-113	384	0	-400
1	-113	784	1607492752	-1	1	-1	1	0	0	0	-6	-399	-113	384	0	-400
1	-113	784	1607494764	-3	2	-2	1	0	1	0	-6	-398	-113	384	0	-400
1	-113	784	1607496772	-1	2	-2	2	-1	0	0	-7	-398	-113	384	0	-400
1	-113	784	1607498748	-3	1	-1	1	0	0	0	-7	-398	-113	384	0	-400
1	-113	784	1607500752	-1	2	-1	1	0	0	0	-7	-398	-113	384	0	-400
1	-113	784	1607502760	-1	1	-3	3	0	1	0	-7	-397	-113	384	0	-400
1	-113	784	1607504752	-3	2	-1	1	-1	0	0	-8	-397	-113	384	0	-400
1	-113	784	1607506740	-1	2	-1	1	0	0	0	-8	-397	-113	384	0	-400
1	-113	784	1607508736	-1	1	-1	3	0	0	0	-8	-397	-113	384	0	-400
1	-113	784	1607510740	-1	2	-3	1	0	0	0	-8	-397	-113	384	0	-400
1	-113	784	1607512768	-3	2	-1	2	-1	1	0	-9	-396	-113	384	0	-400
1	-113	784	1607514740	-1	1	-1	2	0	0	0	-9	-396	-113	384	0	-400
1	-113	784	1607516744	-1	2	-2	2	0	0	0	-9	-396	-113	384	0	-400
1	-113	784	1607518756	-3	2	-1	1	0	1	0	-9	-395	-113	384	0	-400
1	-113	784	1607520752	-1	2	-2	3	-1	0	0	-10	-395	-113	384	0	-400
1	-113	784	1607522736	-1	1	-2	1	0	0	0	-10	-395	-113	384	0	-400
1	-113	784	1607524756	-3	3	-1	3	0	1	0	-10	-394	-113	384	0	-400
1	-113	784	1607526736	-2	1	-1	1	0	0	0	-10	-394	-113	384	0	-400
1	-113	784	1607528752	-2	3	-1	2	-1	0	0	-11	-394	-113	384	0	-400
1	-113	784	1607530736	-2	2	-2	2	0	0	0	-11	-394	-113	384	0	-400
1	-113	784	1607532748	-3	3	-1	2	0	1	0	-11	-393	-113	384	0	-400
1	-113	784	1607534740	-1	2	-1	1	0	0	0	-11	-393	-113	384	0	-400
1	-113	784	1607536752	-2	3	-3	3	-1	0	0	-12	-393	-113	384	0	-400
1	-113	784	1607538748	-4	2	-1	2	0	1	0	-12	-392	-113	384	0	-400
1	-113	784	1607540732	-3	3	-1	2	0	0	0	-12	-392	-113	384	0	-400
1	-113	784	1607542748	-2	2	-3	3	-1	0	0	-13	-392	-113	384	0	-400
1	-113	784	1607544744	-3	3	-1	2	0	1	0	-13	-391	-113	384	0	-400
1	-113	784	1607546732	-3	3	-2	2	0	0	0	-13	-391	-113	384	0	-400
1	-113	784	1607548760	-4	3	-2	4	-1	1	0	-14	-390	-113	384	0	-400
1	-113	784	1607550736	-4	4	-2	2	0	0	0	-14	-390	-113	384	0	-400
1	-113	784	1607552764	-4	3	-3	4	-1	1	0	-15	-389	-113	384	0	-400
1	-113	784	1607554736	-3	3	-2	3	0	0	0	-15	-389	-113	384	0	-400
1	-113	784	1607556764	-4	4	-3	3	-1	1	0	-16	-388	-113	384	0	-400
1	-113	784	1607558736	-4	3	-2	4	0	0	0	-16	-388	-113	384	0	-400
1	-113	784	1607560764	-5	4	-4	4	-1	1	0	-17	-387	-113	384	0	-400
1	-113	784	1607562732	-4	4	-4	4	0	0	0	-17	-387	-113	384	0	-400
1	-113	784	1607564760	-5	5	-2	3	-1	1	0	-18	-386	-113	384	0	-400
1	-113	784	1607566748	-3	4	-4	4	0	1	0	-18	-385	-113	384	0	-400
1	-113	784	1607568752	-5	3	-4	5	-1	0	0	-19	-385	-113	384	0	-400
1	-113	784	1607570760	-5	4	-3	4	-1	1	0	-20	-384	-113	384	0	-400
1	-113	784	1607572732	-4	4	-4	4	0	0	0	-20	-384	-113	384	0	-400
1	-113	784	1607574756	-5	5	-4	5	-1	1	0	-21	-383	-113	384	0	-400
1	-113	784	1607576752	-4	4	-4	3	-1	1	0	-22	-382	-113	384	0	-400
1	-113	784	1607578728	-5	5	-2	5	0	0	0	-22	-382	-113	384	0	-400
1	-113	784	1607580756	-4	3	-5	4	-1	1	0	-23	-381	-113	384	0	-400
1	-113	784	1607582760	-5	5	-4	5	-1	1	0	-24	-380	-113	384	0	-400
1	-113	784	1607584728	-3	4	-2	4	0	0	0	-24	-380	-113	384	0	-400
1	-113	784	1607586752	-4	4	-5	5	-1	1	0	-25	-379	-113	384	0	-400
1	-113	784	1607588740	-4	4	-3	4	0	1	0	-25	-378	-113	384	0	-400
1	-113	784	1607590744	-4	5	-4	3	-1	0	0	-26	-378	-113	384	0	-400
1	-113	784	1607592740	-2	3	-3	4	0	1	0	-26	-377	-113	384	0	-400
1	-113	784	1607594744	-4	4	-4	5	-1	0	0	-27	-377	-113	384	0	-400
1	-113	784	1607596740	-2	4	-3	4	0	1	0	-27	-376	-113	384	0	-400
1	-113	784	1607598744	-4	4	-2	4	0	1	0	-27	-375	-113	384	0	-400
1	-113	784	1607600744	-3	5	-4	3	-1	0	0	-28	-375	-113	384	0	-400
1	-113	784	1607602740	-2	3	-2	4	0	1	0	-28	-374	-113	384	0	-400
1	-113	784	1607604744	-3	4	-3	4	-1	0	0	-29	-374	-113	384	0	-400
1	-113	784	1607606740	-2	4	-4	5	0	1	0	-29	-373	-113	384	0	-400
1	-113	784	1607608756	-3	4	-2	4	-1	1	0	-30	-372	-113	384	0	-400
1	-113	784	1607610740	-2	5	-3	3	0	0	0	-30	-372	-113	384	0	-400
1	-113	784	1607612756	-3	3	-3	4	0	1	0	-30	-371	-113	384	0	-400
1	-113	784	1607614760	-1	4	-3	4	-1	0	0	-31	-371	-113	384	0	-400
1	-113	784	1607616752	-2	4	-2	5	0	1	0	-31	-370	-113	384	0	-400
1	-113	784	1607618752	-2	5	-3	4	0	1	0	-31	-369	-113	384	0	-400
1	-113	784	1607620756	-1	4	-1	5	-1	0	0	-32	-369	-113	384	0	-400
1	-113	784	1607622756	-2	5	-3	3	0	1	0	-32	-368	-113	384	0	-400
1	-113	784	1607624760	-2	3	-2	5	0	1	0	-32	-367	-113	384	0	-400
1	-113	784	1607626748	-2	4	-3	4	-1	0	0	-33	-367	-113	384	0	-400
1	-113	784	1607628744	-1	5	-2	4	0	1	0	-33	-366	-113	384	0	-400
1	-113	784	1607630748	-2	5	-3	5	0	1	0	-33	-365	-113	384	0	-400
1	-113	784	1607632740	-1	4	-2	5	0	0	0	-33	-365	-113	384	0	-400
1	-113	784	1607634764	-1	5	-3	4	-1	1	0	-34	-364	-113	384	0	-400
1	-113	784	1607636736	-1	4	-1	3	0	0	0	-34	-364	-113	384	0	-400
1	-113	784	1607638748	-2	3	-2	5	0	1	0	-34	-363	-113	384	0	-400
1	-113	784	1607640752	-1	5	-2	4	0	1	0	-34	-362	-113	384	0	-400
1	-113	784	1607642756	-1	3	-2	4	-1	0	0	-35	-362	-113	384	0	-400
1	-113	784	1607644752	0	4	-1	4	0	1	0	-35	-361	-113	384	0	-400
1	-113	784	1607646736	-1	3	-3	2	0	0	0	-35	-361	-113	384	0	-400
1	-113	784	1607648748	-2	4	-1	4	0	1	0	-35	-360	-113	384	0	-400
1	-113	784	1607650740	0	3	-1	4	0	0	0	-35	-360	-113	384	0	-400
1	-113	784	1607652780	-1	2	-2	2	-1	1	0	-36	-359	-113	384	0	-400
1	-113	784	1607654744	0	4	-1	3	0	0	0	-36	-359	-113	384	0	-400
1	-113	784	1607656760	-1	2	-1	3	0	1	0	-36	-358	-113	384	0	-400
1	-113	784	1607658736	-1	3	-1	3	0	0	0	-36	-358	-113	384	0	-400
1	-113	784	1607660740	0	2	-2	2	0	0	0	-36	-358	-113	384	0	-400
1	-113	784	1607662760	0	3	-1	3	0	1	0	-36	-357	-113	384	0	-400
1	-113	784	1607664744	-2	4	-1	4	0	0	0	-36	-357	-113	384	0	-400
1	-113	784	1607666732	0	2	0	2	0	1	0	-36	-356	-113	384	0	-400
1	-113	784	1607668744	-1	3	-1	3	0	0	0	-36	-356	-113	384	0	-400
1	-113	784	1607670772	0	3	-2	3	-1	1	0	-37	-355	-113	384	0	-400
1	-113	784	1607672744	-1	4	-2	4	0	0	0	-37	-355	-113	384	0	-400
1	-113	784	1607674760	0	4	-1	4	0	1	0	-37	-354	-113	384	0	-400
1	-113	784	1607676744	0	4	-3	4	0	0	0	-37	-354	-113	384	0	-400
1	-113	784	1607678756	-1	5	-1	5	0	1	0	-37	-353	-113	384	0	-400
1	-113	784	1607680764	0	5	-3	5	-1	1	0	-38	-352	-113	384	0	-400
1	-113	784	1607682752	0	6	-2	6	0	1	0	-38	-351	-113	384	0	-400
1	-113	784	1607684744	0	7	-4	6	0	1	0	-38	-350	-113	384	0	-400
1	-113	784	1607686748	0	9	-4	6	0	1	0	-38	-349	-113	384	0	-400
1	-113	784	1607688760	0	8	-3	9	-1	1	0	-39	-348	-113	384	0	-400
1	-113	784	1607690740	0	8	-4	8	0	1	0	-39	-347	-113	384	0	-400
1	-113	784	1607692732	0	10	-5	8	0	2	0	-39	-345	-113	384	0	-400
1	-113	784	1607694756	1	12	-6	12	-1	1	0	-40	-344	-113	384	0	-400
1	-113	784	1607696744	2	10	-5	10	0	2	0	-40	-342	-113	384	0	-400
1	-113	784	1607698744	2	12	-7	10	0	2	0	-40	-340	-113	384	0	-400
1	-113	784	1607700764	1	13	-6	11	-1	1	0	-41	-339	-113	384	0	-400
1	-113	784	1607702748	3	12	-7	12	0	2	0	-41	-337	-113	384	0	-400
1	-113	784	1607704752	2	14	-7	13	0	2	0	-41	-335	-113	384	0	-400
1	-113	784	1607706772	3	14	-7	12	-1	2	0	-42	-333	-113	384	0	-400
1	-113	784	1607708752	2	13	-8	14	0	2	0	-42	-331	-113	384	0	-400
1	-113	784	1607710752	4	17	-6	14	0	3	0	-42	-328	-113	384	0	-400
1	-113	784	1607712744	3	15	-7	12	0	2	0	-42	-326	-113	384	0	-400
1	-113	784	1607714748	3	13	-8	15	-1	2	0	-43	-324	-113	384	0	-400
1	-113	784	1607716736	3	14	-6	13	0	2	0	-43	-322	-113	384	0	-400
1	-113	784	1607718740	4	15	-6	14	0	2	0	-43	-320	-113	384	0	-400
1	-113	784	1607720760	3	14	-8	15	-1	2	0	-44	-318	-113	384	0	-400
1	-113	784	1607722744	3	12	-5	12	0	2	0	-44	-316	-113	384	0	-400
1	-113	784	1607724748	4	14	-5	13	0	2	0	-44	-314	-113	384	0	-400
1	-113	784	1607726752	3	13	-6	13	0	2	0	-44	-312	-113	384	0	-400
1	-113	784	1607728756	3	12	-4	13	0	2	0	-44	-310	-113	384	0	-400
1	-113	784	1607730752	2	13	-5	11	0	1	0	-44	-309	-113	384	0	-400
1	-113	784	1607732716	4	11	-4	13	0	2	0	-44	-307	-113	384	0	-400
1	-113	784	1607734744	3	11	-2	11	0	2	0	-44	-305	-113	384	0	-400
1	-113	784	1607736716	3	13	-3	11	0	2	0	-44	-303	-113	384	0	-400
1	-113	784	1607738760	3	11	-2	13	0	2	0	-44	-301	-113	384	0	-400
1	-113	784	1607740756	2	10	-3	10	0	1	0	-44	-300	-113	384	0	-400
1	-113	784	1607742768	4	10	-1	10	0	2	0	-44	-298	-113	384	0	-400
1	-113	784	1607744764	3	10	-2	11	0	1	0	-44	-297	-113	384	0	-400
1	-113	784	1607746736	2	10	-2	9	0	2	0	-44	-295	-113	384	0	-400
1	-113	784	1607748756	3	10	-1	10	0	1	0	-44	-294	-113	384	0	-400
1	-113	784	1607750752	2	9	0	8	0	1	0	-44	-293	-113	384	0	-400
1	-113	784	1607752748	3	8	-1	10	0	2	0	-44	-291	-113	384	0	-400
1	-113	784	1607754744	2	9	0	9	0	1	0	-44	-290	-113	384	0	-400
1	-113	784	1607756740	3	9	-1	8	0	1	0	-44	-289	-113	384	0	-400
1	-113	784	1607758744	2	7	0	8	0	1	0	-44	-288	-113	384	0	-400
1	-113	784	1607760744	1	8	0	9	0	2	0	-44	-286	-113	384	0	-400
1	-113	784	1607762744	3	7	-2	6	0	1	0	-44	-285	-113	384	0	-400
1	-113	784	1607764740	1	9	0	9	0	1	0	-44	-284	-113	384	0	-400
1	-113	784	1607766740	3	6	0	6	0	1	0	-44	-283	-113	384	0	-400
1	-113	784	1607768756	1	7	0	7	1	1	0	-43	-282	-113	384	0	-400
1	-113	784	1607770744	1	6	0	7	0	1	0	-43	-281	-113	384	0	-400
1	-113	784	1607772744	1	6	0	5	0	1	0	-43	-280	-113	384	0	-400
1	-113	784	1607774732	2	5	0	5	0	0	0	-43	-280	-113	384	0	-400
1	-113	784	1607776744	1	5	0	6	0	1	0	-43	-279	-113	384	0	-400
1	-113	784	1607778716	1	5	-1	5	0	1	0	-43	-278	-113	384	0	-400
1	-113	784	1607780716	0	4	0	4	0	1	0	-43	-277	-113	384	0	-400
1	-113	784	1607782736	1	4	0	4	0	0	0	-43	-277	-113	384	0	-400
1	-113	784	1607784720	0	3	0	4	0	1	0	-43	-276	-113	384	0	-400
1	-113	784	1607786704	0	4	0	3	0	0	0	-43	-276	-113	384	0	-400
1	-113	784	1607788736	2	3	0	3	0	1	0	-43	-275	-113	384	0	-400
1	-113	784	1607790700	0	2	0	4	0	0	0	-43	-275	-113	384	0	-400
1	-113	784	1607792708	0	3	0	2	0	1	0	-43	-274	-113	384	0	-400
1	-113	784	1607794684	0	2	0	3	0	0	0	-43	-274	-113	384	0	-400
1	-113	784	1607796680	0	1	0	1	0	0	0	-43	-274	-113	384	0	-400
1	-113	784	1607798676	0	3	0	2	0	0	0	-43	-274	-113	384	0	-400
1	-113	784	1607800688	0	1	0	2	0	1	0	-43	-273	-113	384	0	-400
1	-113	784	1607802672	0	0	0	1	0	0	0	-43	-273	-113	384	0	-400
1	-113	784	1607804668	0	1	0	1	0	0	0	-43	-273	-113	384	0	-400
1	-113	784	1607806664	0	2	0	1	0	0	0	-43	-273	-113	384	0	-400
1	-113	784	1607808664	0	0	0	2	0	0	0	-43	-273	-113	384	0	-400
1	-113	784	1607810656	0	1	0	0	0	0	0	-43	-273	-113	384	0	-400
1	-113	784	1607812656	0	0	0	1	0	0	0	-43	-273	-113	384	0	-400
1	-113	784	1607814664	0	1	0	0	0	1	0	-43	-272	-113	384	0	-400
1	-113	784	1607816648	0	0	0	1	0	0	0	-43	-272	-113	384	0	-400
1	-113	784	1607820648	0	0	0	1	0	0	0	-43	-272	-113	384	0	-400
1	-113	784	1607822644	0	1	0	0	0	0	0	-43	-272	-113	384	0	-400
1	-113	784	1607830644	0	0	0	2	0	0	0	-43	-272	-113	384	0	-400
1	-113	784	1607836640	0	0	-1	0	0	0	0	-43	-272	-113	384	0	-400
1	-113	784	1607838640	0	2	0	0	0	0	0	-43	-272	-113	384	0	-400
1	-113	784	1607840640	0	0	0	1	0	0	0	-43	-272	-113	384	0	-400
1	-113	784	1607842636	0	1	0	0	0	0	0	-43	-272	-113	384	0	-400
1	-113	784	1607846632	0	1	0	1	0	0	0	-43	-272	-113	384	0	-400
1	-113	784	1607848672	-1	1	-1	1	0	1	0	-43	-271	-113	384	0	-400
1	-113	784	1607850628	0	2	0	0	0	0	0	-43	-271	-113	384	0	-400
1	-113	784	1607852648	-1	1	-2	2	0	0	0	-43	-271	-113	384	0	-400
1	-113	784	1607854648	-1	2	0	2	0	0	0	-43	-271	-113	384	0	-400
1	-113	784	1607856656	0	2	-1	1	0	0	0	-43	-271	-113	384	0	-400
1	-113	784	1607858664	-2	2	0	2	0	1	0	-43	-270	-113	384	0	-400
1	-113	784	1607860648	-1	3	-1	2	0	0	0	-43	-270	-113	384	0	-400
1	-113	784	1607862656	-1	2	-1	3	0	0	0	-43	-270	-113	384	0	-400
1	-113	784	1607864672	-1	3	-2	2	0	1	0	-43	-269	-113	384	0	-400
1	-113	784	1607866660	-2	2	-1	3	0	0	0	-43	-269	-113	384	0	-400
1	-113	784	1607868684	-2	4	-1	2	-1	1	0	-44	-268	-113	384	0	-400
1	-113	784	1607870656	-1	2	-3	3	0	0	0	-44	-268	-113	384	0	-400
1	-113	784	1607872672	-3	4	-1	3	0	1	0	-44	-267	-113	384	0	-400
1	-113	784	1607874680	-2	4	-2	4	-1	0	0	-45	-267	-113	384	0	-400
1	-113	784	1607876676	-3	4	-3	3	0	1	0	-45	-266	-113	384	0	-400
1	-113	784	1607878648	-2	3	-2	3	0	0	0	-45	-266	-113	384	0	-400
1	-113	784	1607880672	-3	4	-3	5	-1	1	0	-46	-265	-113	384	0	-400
1	-113	784	1607882644	-2	4	-4	3	0	0	0	-46	-265	-113	384	0	-400
1	-113	784	1607884672	-3	4	-2	4	-1	1	0	-47	-264	-113	384	0	-400
1	-113	784	1607886656	-2	5	-3	5	0	1	0	-47	-263	-113	384	0	-400
1	-113	784	1607888644	-4	3	-3	3	0	0	0	-47	-263	-113	384	0	-400
1	-113	784	1607890668	-3	4	-4	4	-1	1	0	-48	-262	-113	384	0	-400
1	-113	784	1607892644	-2	5	-4	5	0	0	0	-48	-262	-113	384	0	-400
1	-113	784	1607894668	-4	4	-2	4	-1	1	0	-49	-261	-113	384	0	-400
1	-113	784	1607896652	-4	4	-4	4	0	1	0	-49	-260	-113	384	0	-400
1	-113	784	1607898652	-2	5	-4	3	-1	0	0	-50	-260	-113	384	0	-400
1	-113	784	1607900660	-4	3	-5	4	-1	1	0	-51	-259	-113	384	0	-400
1	-113	784	1607902636	-4	4	-4	4	0	0	0	-51	-259	-113	384	0	-400
1	-113	784	1607904660	-3	5	-3	5	-1	1	0	-52	-258	-113	384	0	-400
1	-113	784	1607906644	-4	4	-5	4	0	1	0	-52	-257	-113	384	0	-400
1	-113	784	1607908644	-4	4	-4	3	-1	0	0	-53	-257	-113	384	0	-400
1	-113	784	1607910664	-4	3	-4	4	-1	1	0	-54	-256	-113	384	0	-400
1	-113	784	1607912624	-5	4	-5	4	0	0	0	-54	-256	-113	384	0	-400
1	-113	784	1607914648	-3	5	-5	4	-1	1	0	-55	-255	-113	384	0	-400
1	-113	784	1607916648	-4	4	-5	3	-1	1	0	-56	-254	-113	384	0	-400
1	-113	784	1607918624	-5	4	-5	4	0	0	0	-56	-254	-113	384	0	-400
1	-113	784	1607920648	-5	3	-6	4	-1	1	0	-57	-253	-113	384	0	-400
1	-113	784	1607922628	-5	4	-5	4	-1	0	0	-58	-253	-113	384	0	-400
1	-113	784	1607924636	-5	5	-5	3	-1	1	0	-59	-252	-113	384	0	-400
1	-113	784	1607926624	-5	4	-6	4	0	1	0	-59	-251	-113	384	0	-400
1	-113	784	1607928624	-5	4	-7	4	-1	0	0	-60	-251	-113	384	0	-400
1	-113	784	1607930632	-5	5	-6	4	-1	1	0	-61	-250	-113	384	0	-400
1	-113	784	1607932628	-6	5	-7	5	-1	1	0	-62	-249	-113	384	0	-400
1	-113	784	1607934612	-5	3	-7	3	-1	0	0	-63	-249	-113	384	0	-400
1	-113	784	1607936620	-5	5	-7	4	-1	1	0	-64	-248	-113	384	0	-400
1	-113	784	1607938604	-5	4	-9	4	-1	0	0	-65	-248	-113	384	0	-400
1	-113	784	1607940612	-5	5	-7	5	-1	1	0	-66	-247	-113	384	0	-400
1	-113	784	1607942612	-5	5	-8	4	-1	1	0	-67	-246	-113	384	0	-400
1	-113	784	1607944608	-5	5	-9	5	-1	0	0	-68	-246	-113	384	0	-400
1	-113	784	1607946628	-5	5	-8	3	-1	1	0	-69	-245	-113	384	0	-400
1	-113	784	1607948628	-5	5	-9	5	-1	1	0	-70	-244	-113	384	0	-400
1	-113	784	1607950624	-5	6	-10	5	-1	1	0	-71	-243	-113	384	0	-400
1	-113	784	1607952612	-7	5	-9	5	-1	0	0	-72	-243	-113	384	0	-400
1	-113	784	1607954620	-5	7	-10	7	-1	1	0	-73	-242	-113	384	0	-400
1	-113	784	1607956628	-5	6	-10	5	-2	1	0	-75	-241	-113	384	0	-400
1	-113	784	1607958620	-5	6	-11	6	-1	1	0	-76	-240	-113	384	0	-400
1	-113	784	1607960620	-6	9	-11	6	-1	1	0	-77	-239	-113	384	0	-400
1	-113	784	1607962616	-6	6	-12	6	-1	1	0	-78	-238	-113	384	0	-400
1	-113	784	1607964620	-6	8	-12	9	-2	1	0	-80	-237	-113	384	0	-400
1	-113	784	1607966620	-7	8	-13	8	-1	2	0	-81	-235	-113	384	0	-400
1	-113	784	1607968620	-7	9	-12	7	-2	1	0	-83	-234	-113	384	0	-400
1	-113	784	1607970624	-8	9	-15	9	-1	1	0	-84	-233	-113	384	0	-400
1	-113	784	1607972624	-7	10	-14	9	-2	2	0	-86	-231	-113	384	0	-400
1	-113	784	1607974624	-8	10	-14	8	-2	1	0	-88	-230	-113	384	0	-400
1	-113	784	1607976620	-8	10	-17	12	-1	2	0	-89	-228	-113	384	0	-400
1	-113	784	1607978620	-9	11	-15	10	-2	1	0	-91	-227	-113	384	0	-400
1	-113	784	1607980620	-10	11	-15	10	-2	2	0	-93	-225	-113	384	0	-400
1	-113	784	1607982616	-10	12	-19	12	-2	2	0	-95	-223	-113	384	0	-400
1	-113	784	1607984624	-10	11	-16	11	-2	1	0	-97	-222	-113	384	0	-400
1	-113	784	1607986620	-11	15	-18	12	-2	2	0	-99	-220	-113	384	0	-400
1	-113	784	1607988624	-12	12	-20	13	-3	2	0	-102	-218	-113	384	0	-400
1	-113	784	1607990628	-11	14	-17	13	-2	2	0	-104	-216	-113	384	0	-400
1	-113	784	1607992624	-10	14	-19	12	-2	2	0	-106	-214	-113	384	0	-400
1	-113	784	1607994620	-11	14	-19	13	-2	2	0	-108	-212	-113	384	0	-400
1	-113	784	1607996624	-11	13	-22	15	-3	2	0	-111	-210	-113	384	0	-400
1	-113	784	1607998620	-10	15	-19	15	-2	2	0	-113	-208	-113	384	0	-400
1	-113	784	1608000616	-12	17	-20	14	-2	3	0	-115	-205	-113	384	0	-400
1	-113	784	1608002616	-11	15	-22	16	-3	2	0	-118	-203	-113	384	0	-400
1	-113	784	1608004620	-10	16	-22	15	-2	2	0	-120	-201	-113	384	0	-400
1	-113	784	1608006616	-11	17	-20	16	-3	3	0	-123	-198	-113	384	0	-400
1	-113	784	1608008620	-10	18	-25	18	-2	3	0	-125	-195	-113	384	0	-400
1	-113	784	1608010624	-10	17	-21	17	-3	2	0	-128	-193	-113	384	0	-400
1	-113	784	1608012632	-11	20	-21	16	-2	3	0	-130	-190	-113	384	0	-400
1	-113	784	1608014624	-12	19	-25	22	-3	3	0	-133	-187	-113	384	0	-400
1	-113	784	1608016628	-10	20	-23	17	-2	3	0	-135	-184	-113	384	0	-400
1	-113	784	1608018632	-10	20	-22	19	-3	3	0	-138	-181	-113	384	0	-400
1	-113	784	1608020636	-10	21	-25	22	-2	3	0	-140	-178	-113	384	0	-400
1	-113	784	1608022636	-10	22	-24	20	-3	3	0	-143	-175	-113	384	0	-400
1	-113	784	1608024640	-11	22	-22	20	-2	3	0	-145	-172	-113	384	0	-400
1	-113	784	1608026644	-11	23	-28	25	-3	4	0	-148	-168	-113	384	0	-400
1	-113	784	1608028648	-10	22	-22	22	-3	3	0	-151	-165	-113	384	0	-400
1	-113	784	1608030644	-11	24	-24	22	-2	4	0	-153	-161	-113	384	0	-400
1	-113	784	1608032648	-12	25	-28	26	-3	3	0	-156	-158	-113	384	0	-400
1	-113	784	1608034648	-12	25	-23	24	-3	4	0	-159	-154	-113	384	0	-400
1	-113	784	1608036652	-13	29	-25	25	-3	4	0	-162	-150	-113	384	0	-400
1	-113	784	1608038644	-12	26	-24	25	-2	4	0	-164	-146	-113	384	0	-400
1	-113	784	1608040652	-13	27	-29	29	-4	4	0	-168	-142	-113	384	0	-400
1	-113	784	1608042644	-12	28	-25	26	-2	4	0	-170	-138	-113	384	0	-400
1	-113	784	1608044648	-11	29	-25	28	-3	4	0	-173	-134	-113	384	0	-400
1	-113	784	1608046652	-13	28	-29	31	-3	5	0	-176	-129	-113	384	0	-400
1	-113	784	1608048656	-12	29	-25	29	-3	4	0	-179	-125	-113	384	0	-400
1	-113	784	1608050652	-13	30	-25	28	-3	5	0	-182	-120	-113	384	0	-400
1	-113	784	1608052656	-12	30	-28	34	-3	4	0	-185	-116	-113	384	0	-400
1	-113	784	1608054660	-13	31	-27	30	-3	5	0	-188	-111	-113	384	0	-400
1	-113	784	1608056668	-14	33	-25	30	-3	5	0	-191	-106	-113	384	0	-400
1	-113	784	1608058660	-12	32	-30	36	-3	5	0	-194	-101	-113	384	0	-400
1	-113	784	1608060664	-14	37	-25	32	-3	5	0	-197	-96	-113	384	0	-400
1	-113	784	1608062668	-12	33	-26	32	-3	5	0	-200	-91	-113	384	0	-400
1	-113	784	1608064672	-13	35	-30	38	-3	5	0	-203	-86	-113	384	0	-400
1	-113	784	1608066676	-11	34	-26	32	-3	5	0	-206	-81	-113	384	0	-400
1	-113	784	1608068680	-13	35	-25	34	-2	5	0	-208	-76	-113	384	0	-400
1	-113	784	1608070684	-11	35	-30	39	-4	6	0	-212	-70	-113	384	0	-400
1	-113	784	1608072688	-12	36	-26	33	-2	5	0	-214	-65	-113	384	0	-400
1	-113	784	1608074692	-12	37	-27	35	-3	6	0	-217	-59	-113	384	0	-400
1	-113	784	1608076696	-12	36	-28	40	-3	5	0	-220	-54	-113	384	0	-400
1	-113	784	1608078700	-11	37	-27	37	-3	6	0	-223	-48	-113	384	0	-400
1	-113	784	1608080700	-13	38	-26	35	-3	5	0	-226	-43	-113	384	0	-400
1	-113	784	1608082700	-11	39	-29	41	-3	6	0	-229	-37	-113	384	0	-400
1	-113	784	1608084704	-13	42	-25	36	-3	6	0	-232	-31	-113	384	0	-400
1	-113	784	1608086708	-11	39	-25	36	-3	6	0	-235	-25	-113	384	0	-400
1	-113	784	1608088716	-10	39	-28	43	-2	6	0	-237	-19	-113	384	0	-400
1	-113	784	1608090720	-11	40	-25	36	-3	6	0	-240	-13	-113	384	0	-400
1	-113	784	1608092720	-10	38	-24	38	-3	5	0	-243	-8	-113	384	0	-400
1	-113	784	1608094724	-10	40	-28	42	-3	6	0	-246	-2	-113	384	0	-400
1	-113	784	1608096724	-10	42	-22	38	-2	6	0	-248	4	-113	384	0	-400
1	-113	784	1608098728	-10	41	-24	38	-3	6	0	-251	10	-113	384	0	-400
1	-113	784	1608100732	-10	41	-26	44	-2	7	0	-253	17	-113	384	0	-400
1	-113	784	1608102724	-9	41	-23	39	-3	6	0	-256	23	-113	384	0	-400
1	-113	784	1608104720	-10	43	-22	39	-2	6	0	-258	29	-113	384	0	-400
1	-113	784	1608106724	-9	42	-25	46	-3	6	0	-261	35	-113	384	0	-400
1	-113	784	1608108728	-10	49	-21	40	-2	7	0	-263	42	-113	384	0	-400
1	-113	784	1608110720	-8	44	-22	40	-2	6	0	-265	48	-113	384	0	-400
1	-113	784	1608112716	-8	44	-20	41	-2	7	0	-267	55	-113	384	0	-400
1	-113	784	1608114724	-7	43	-23	49	-3	7	0	-270	62	-113	384	0	-400
1	-113	784	1608116712	-9	45	-19	42	-2	6	0	-272	68	-113	384	0	-400
1	-113	784	1608118708	-8	45	-20	43	-2	7	0	-274	75	-113	384	0	-400
1	-113	784	1608120720	-7	47	-23	50	-2	7	0	-276	82	-113	384	0	-400
1	-113	784	1608122716	-8	46	-18	44	-2	7	0	-278	89	-113	384	0	-400
1	-113	784	1608124720	-8	46	-19	45	-2	7	0	-280	96	-113	384	0	-400
1	-113	784	1608126716	-8	48	-21	51	-2	7	0	-282	103	-113	384	0	-400
1	-113	784	1608128716	-7	47	-19	46	-2	7	0	-284	110	-113	384	0	-400
1	-113	784	1608130716	-9	48	-19	46	-2	7	0	-286	117	-113	384	0	-400
1	-113	784	1608132716	-8	48	-21	54	-2	8	0	-288	125	-113	384	0	-400
1	-113	784	1608134712	-7	48	-19	48	-2	7	0	-290	132	-113	384	0	-400
1	-113	784	1608136712	-9	56	-17	47	-2	8	0	-292	140	-113	384	0	-400
1	-113	784	1608138708	-7	49	-22	54	-2	7	0	-294	147	-113	384	0	-400
1	-113	784	1608140704	-8	50	-17	49	-2	8	0	-296	155	-113	384	0	-400
1	-113	784	1608142704	-9	49	-18	47	-2	7	0	-298	162	-113	384	0	-400
1	-113	784	1608144712	-7	50	-18	49	-2	8	0	-300	170	-113	384	0	-400
1	-113	784	1608146708	-8	50	-20	55	-2	7	0	-302	177	-113	384	0	-400
1	-113	784	1608148708	-7	50	-18	49	-2	8	0	-304	185	-113	384	0	-400
1	-113	784	1608150708	-9	50	-19	48	-2	7	0	-306	192	-113	384	0	-400
1	-113	784	1608152708	-7	50	-20	55	-2	8	0	-308	200	-113	384	0	-400
1	-113	784	1608154708	-9	51	-18	49	-2	8	0	-310	208	-113	384	0	-400
1	-113	784	1608156708	-8	50	-18	49	-2	7	0	-312	215	-113	384	0	-400
1	-113	784	1608158708	-8	50	-21	55	-2	8	0	-314	223	-113	384	0	-400
1	-113	784	1608160708	-9	50	-18	49	-2	7	0	-316	230	-113	384	0	-400
1	-113	784	1608162716	-10	56	-18	48	-3	8	0	-319	238	-113	384	0	-400
1	-113	784	1608164712	-9	50	-20	55	-2	8	0	-321	246	-113	384	0	-400
1	-113	784	1608166712	-10	50	-19	49	-2	7	0	-323	253	-113	384	0	-400
1	-113	784	1608168704	-10	50	-18	48	-2	8	0	-325	261	-113	384	0	-400
1	-113	784	1608170716	-10	49	-21	55	-2	8	0	-327	269	-113	384	0	-400
1	-113	784	1608172720	-10	50	-19	48	-3	7	0	-330	276	-113	384	0	-400
1	-113	784	1608174712	-11	49	-18	48	-2	7	0	-332	283	-113	384	0	-400
1	-113	784	1608176716	-11	48	-20	54	-2	8	0	-334	291	-113	384	0	-400
1	-113	784	1608178712	-12	49	-19	47	-2	7	0	-336	298	-113	384	0	-400
1	-113	784	1608180708	-11	48	-19	46	-3	7	0	-339	305	-113	384	0	-400
1	-113	784	1608182704	-11	48	-19	48	-2	7	0	-341	312	-113	384	0	-400
1	-113	784	1608184708	-11	48	-20	52	-2	8	0	-343	320	-113	384	0	-400
1	-113	784	1608186704	-13	47	-18	47	-2	7	0	-345	327	-113	384	0	-400
1	-113	784	1608188696	-12	47	-18	46	-3	7	0	-348	334	-113	384	0	-400
1	-113	784	1608190704	-14	52	-21	51	-2	7	0	-350	341	-113	384	0	-400
1	-113	784	1608192700	-13	46	-18	45	-3	7	0	-353	348	-113	384	0	-400
1	-113	784	1608194700	-12	45	-17	45	-2	7	0	-355	355	-113	384	0	-400
1	-113	784	1608196704	-13	45	-20	50	-2	7	0	-357	362	-113	384	0	-400
1	-113	784	1608198708	-13	45	-18	44	-3	7	0	-360	369	-113	384	0	-400
1	-113	784	1608200712	-13	44	-17	42	-2	6	0	-362	375	-113	384	0	-400
1	-113	784	1608202704	-12	44	-20	50	-2	7	0	-364	382	-113	384	0	-400
1	-113	784	1608204704	-14	44	-18	43	-3	7	0	-367	389	-113	384	0	-400
1	-113	784	1608206708	-13	42	-16	41	-2	6	0	-369	395	-113	384	0	-400
1	-113	784	1608208700	-12	43	-20	49	-2	7	0	-371	402	-113	384	0	-400
1	-113	784	1608210700	-14	41	-16	41	-3	6	0	-374	408	-113	384	0	-400
1	-113	784	1608212708	-12	41	-18	40	-2	6	0	-376	414	-113	384	0	-400
1	-113	784	1608214708	-14	41	-17	41	-2	6	0	-378	420	-113	384	0	-400
1	-113	784	1608216720	-13	40	-19	47	-3	7	0	-381	427	-113	384	0	-400
1	-113	784	1608218712	-15	45	-17	38	-2	6	0	-383	433	-113	384	0	-400
1	-113	784	1608220716	-12	40	-17	39	-2	6	0	-385	439	-113	384	0	-400
1	-113	784	1608222704	-13	39	-18	44	-2	6	0	-387	445	-113	384	0	-400
1	-113	784	1608224708	-13	38	-17	39	-3	6	0	-390	451	-113	384	0	-400
1	-113	784	1608226712	-13	38	-17	37	-2	6	0	-392	457	-113	384	0	-400
1	-113	784	1608228720	-12	37	-19	43	-2	6	0	-394	463	-113	384	0	-400
1	-113	784	1608230712	-13	37	-16	36	-2	5	0	-396	468	-113	384	0	-400
1	-113	784	1608232720	-14	36	-16	36	-3	6	0	-399	474	-113	384	0	-400
1	-113	784	1608234716	-12	35	-19	40	-2	5	0	-401	479	-113	384	0	-400
1	-113	784	1608236708	-14	35	-15	35	-2	5	0	-403	484	-113	384	0	-400
1	-113	784	1608238704	-14	35	-16	34	-2	6	0	-405	490	-113	384	0	-400
1	-113	784	1608240712	-12	34	-19	37	-3	5	0	-408	495	-113	384	0	-400
1	-113	784	1608242704	-13	33	-15	33	-2	5	0	-410	500	-113	384	0	-400
1	-113	784	1608244708	-15	37	-16	31	-2	5	0	-412	505	-113	384	0	-400
1	-113	784	1608246712	-12	31	-18	36	-2	5	0	-414	510	-113	384	0	-400
1	-113	784	1608248724	-13	32	-15	30	-3	5	0	-417	515	-113	384	0	-400
1	-113	784	1608250716	-11	31	-15	30	-1	4	0	-418	519	-113	384	0	-400
1	-113	784	1608252712	-12	30	-16	34	-3	5	0	-421	524	-113	384	0	-400
1	-113	784	1608254708	-13	30	-15	29	-2	4	0	-423	528	-113	384	0	-400
1	-113	784	1608256700	-11	30	-15	29	-2	5	0	-425	533	-113	384	0	-400
1	-113	784	1608258704	-13	29	-15	27	-2	4	0	-427	537	-113	384	0	-400
1	-113	784	1608260708	-11	28	-18	33	-2	5	0	-429	542	-113	384	0	-400
1	-113	784	1608262712	-12	28	-15	26	-2	4	0	-431	546	-113	384	0	-400
1	-113	784	1608264716	-12	29	-15	27	-2	4	0	-433	550	-113	384	0	-400
1	-113	784	1608266704	-11	27	-17	30	-2	4	0	-435	554	-113	384	0	-400
1	-113	784	1608268708	-11	28	-15	27	-2	4	0	-437	558	-113	384	0	-400
1	-113	784	1608270712	-13	30	-15	26	-2	5	0	-439	563	-113	384	0	-400
1	-113	784	1608272704	-12	27	-18	29	-2	4	0	-441	567	-113	384	0	-400
1	-113	784	1608274712	-11	26	-15	26	-2	4	0	-443	571	-113	384	0	-400
1	-113	784	1608276704	-13	27	-15	26	-2	4	0	-445	575	-113	384	0	-400
1	-113	784	1608278708	-12	27	-18	29	-3	4	0	-448	579	-113	384	0	-400
1	-113	784	1608280716	-12	26	-15	25	-2	4	0	-450	583	-113	384	0	-400
1	-113	784	1608282716	-12	27	-17	25	-2	4	0	-452	587	-113	384	0	-400
1	-113	784	1608284708	-13	26	-18	29	-2	4	0	-454	591	-113	384	0	-400
1	-113	784	1608286716	-12	25	-18	23	-2	3	0	-456	594	-113	384	0	-400
1	-113	784	1608288708	-11	26	-16	25	-2	4	0	-458	598	-113	384	0	-400
1	-113	784	1608290712	-13	25	-19	28	-3	4	0	-461	602	-113	384	0	-400
1	-113	784	1608292716	-11	26	-17	25	-2	4	0	-463	606	-113	384	0	-400
1	-113	784	1608294712	-13	25	-18	24	-2	4	0	-465	610	-113	384	0	-400
1	-113	784	1608296724	-13	29	-17	25	-3	4	0	-468	614	-113	384	0	-400
1	-113	784	1608298720	-12	26	-20	27	-2	4	0	-470	618	-113	384	0	-400
1	-113	784	1608300712	-12	25	-18	24	-2	3	0	-472	621	-113	384	0	-400
1	-113	784	1608302704	-11	25	-17	24	-2	4	0	-474	625	-113	384	0	-400
1	-113	784	1608304708	-13	25	-22	27	-3	4	0	-477	629	-113	384	0	-400
1	-113	784	1608306712	-11	25	-17	24	-2	3	0	-479	632	-113	384	0	-400
1	-113	784	1608308700	-11	25	-19	24	-2	4	0	-481	636	-113	384	0	-400
1	-113	784	1608310704	-12	25	-21	27	-3	4	0	-484	640	-113	384	0	-400
1	-113	784	1608312708	-12	24	-19	24	-2	4	0	-486	644	-113	384	0	-400
1	-113	784	1608314712	-11	25	-19	24	-2	3	0	-488	647	-113	384	0	-400
1	-113	784	1608316716	-12	24	-21	26	-3	4	0	-491	651	-113	384	0	-400
1	-113	784	1608318720	-11	25	-20	24	-2	4	0	-493	655	-113	384	0	-400
1	-113	784	1608320716	-11	24	-19	22	-2	3	0	-495	658	-113	384	0	-400
1	-113	784	1608322716	-11	23	-21	26	-3	4	0	-498	662	-113	384	0	-400
1	-113	784	1608324720	-13	27	-19	23	-2	4	0	-500	666	-113	384	0	-400
1	-113	784	1608326724	-11	22	-18	21	-2	3	0	-502	669	-113	384	0	-400
1	-113	784	1608328716	-11	24	-22	26	-3	4	0	-505	673	-113	384	0	-400
1	-113	784	1608330724	-12	22	-18	22	-2	3	0	-507	676	-113	384	0	-400
1	-113	784	1608332712	-10	22	-18	21	-2	3	0	-509	679	-113	384	0	-400
1	-113	784	1608334720	-11	22	-21	24	-3	4	0	-512	683	-113	384	0	-400
1	-113	784	1608336728	-10	21	-18	20	-2	3	0	-514	686	-113	384	0	-400
1	-113	784	1608338720	-10	20	-17	20	-2	3	0	-516	689	-113	384	0	-400
1	-113	784	1608340724	-10	22	-18	18	-2	3	0	-518	692	-113	384	0	-400
1	-113	784	1608342728	-10	18	-18	22	-2	3	0	-520	695	-113	384	0	-400
1	-113	784	1608344736	-10	20	-17	18	-2	3	0	-522	698	-113	384	0	-400
1	-113	784	1608346728	-10	19	-16	18	-2	2	0	-524	700	-113	384	0	-400
1	-113	784	1608348732	-10	20	-17	19	-2	3	0	-526	703	-113	384	0	-400
1	-113	784	1608350724	-9	16	-15	16	-2	3	0	-528	706	-113	384	0	-400
1	-113	784	1608352720	-8	17	-14	16	-1	2	0	-529	708	-113	384	0	-400
1	-113	784	1608354720	-9	16	-15	18	-2	3	0	-531	711	-113	384	0	-400
1	-113	784	1608356716	-8	14	-13	13	-2	2	0	-533	713	-113	384	0	-400
1	-113	784	1608358720	-7	15	-12	14	-1	2	0	-534	715	-113	384	0	-400
1	-113	784	1608360716	-8	12	-13	15	-2	2	0	-536	717	-113	384	0	-400
1	-113	784	1608362716	-7	13	-10	11	-1	2	0	-537	719	-113	384	0	-400
1	-113	784	1608364720	-6	10	-10	12	-1	1	0	-538	720	-113	384	0	-400
1	-113	784	1608366720	-7	11	-10	12	-1	2	0	-539	722	-113	384	0	-400
1	-113	784	1608368716	-6	9	-7	9	-1	1	0	-540	723	-113	384	0	-400
1	-113	784	1608370712	-6	8	-8	9	-1	2	0	-541	722	-113	384	0	-400
1	-113	784	1608372712	-5	7	-6	8	-1	1	0	-542	723	-113	384	0	-400
1	-113	784	1608374712	-5	7	-6	8	-1	1	0	-543	724	-113	384	0	-400
1	-113	784	1608376720	-4	6	-4	6	-1	1	0	-544	725	-113	384	0	-400
1	-113	784	1608378692	-4	4	-5	5	0	0	0	-544	725	-113	384	0	-400
1	-113	784	1608380716	-3	5	-4	6	-1	1	0	-545	726	-113	384	0	-400
1	-113	784	1608382704	-4	3	-2	4	0	1	0	-545	727	-113	384	0	-400
1	-113	784	1608384708	-3	2	-3	3	-1	0	0	-546	720	-113	384	0	-400
1	-113	784	1608386704	-2	3	-2	3	0	1	0	-546	721	-113	384	0	-400
1	-113	784	1608388688	-3	1	-1	3	0	0	0	-546	721	-113	384	0	-400
1	-113	784	1608390704	-1	1	-2	1	-1	0	0	-547	721	-113	384	0	-400
1	-113	784	1608392680	-2	1	-1	3	0	0	0	-547	721	-113	384	0	-400
1	-113	784	1608394696	-2	2	-1	0	0	1	0	-547	722	-113	384	0	-400
1	-113	784	1608396684	-1	0	0	1	0	0	0	-547	722	-113	384	0	-400
1	-113	784	1608398668	-1	0	0	0	0	0	0	-547	722	-113	384	0	-400
1	-113	784	1608400668	-1	0	0	0	0	0	0	-547	722	-113	384	0	-400
1	-113	784	1608402696	-2	0	0	1	0	0	0	-547	720	-113	384	0	-400
1	-113	784	1608404680	-1	0	0	0	-1	0	0	-548	720	-113	384	0	-400
1	-113	784	1608406668	-1	0	0	0	0	0	0	-548	720	-113	384	0	-400
1	-113	784	1608410672	-1	0	0	0	0	0	0	-548	720	-113	384	0	-400
1	-113	784	1608412672	-2	0	0	0	0	0	0	-548	720	-113	384	0	-400
1	-113	784	1608416680	-1	0	0	0	0	0	0	-548	720	-113	384	0	-400
1	-113	784	1608422684	-1	0	0	0	0	0	0	-548	720	-113	384	0	-400
1	-113	784	1608428692	-1	0	0	0	0	0	0	-548	720	-113	384	0	-400
1	-113	784	1608476744	0	0	-1	0	0	0	0	-548	720	-113	384	0	-400
1	-113	784	1608488744	-2	0	0	0	0	0	0	-548	720	-113	384	0	-400
1	-113	784	1608500756	-1	0	0	0	0	0	0	-548	720	-113	384	0	-400
1	-113	784	1608506780	-1	0	0	-2	0	0	0	-548	720	-113	384	0	-400
1	-113	784	1608508756	0	-1	0	0	0	0	0	-548	720	-113	384	0	-400
1	-113	784	1608510772	-1	0	-2	0	-1	0	0	-549	720	-113	384	0	-400
1	-113	784	1608512752	-2	0	0	0	0	0	0	-549	720	-113	384	0	-400
1	-113	784	1608514752	0	0	0	-1	0	0	0	-549	720	-113	384	0	-400
1	-113	784	1608516780	-1	-1	-1	0	0	0	0	-549	720	-113	384	0	-400
1	-113	784	1608518760	-1	0	0	0	0	0	0	-549	720	-113	384	0	-400
1	-113	784	1608520760	-1	0	0	0	0	0	0	-549	720	-113	384	0	-400
1	-113	784	1608522788	-2	-1	-1	-1	0	0	0	-549	720	-113	384	0	-400
1	-113	784	1608524760	-1	0	0	0	0	0	0	-549	720	-113	384	0	-400
1	-113	784	1608526776	-1	0	-1	0	-1	0	0	-550	720	-113	384	0	-400
1	-113	784	1608528784	-3	-2	0	-1	0	0	0	-550	720	-113	384	0	-400
1	-113	784	1608530748	-1	0	-2	0	0	0	0	-550	720	-113	384	0	-400
1	-113	784	1608532756	-1	0	0	0	0	0	0	-550	720	-113	384	0	-400
1	-113	784	1608534788	-1	-1	-1	0	0	0	0	-550	720	-113	384	0	-400
1	-113	784	1608536788	-2	0	0	-2	0	0	0	-550	720	-113	384	0	-400
1	-113	784	1608538776	-1	0	-1	0	-1	0	0	-551	720	-113	384	0	-400
1	-113	784	1608540756	0	-1	0	0	0	0	0	-551	720	-113	384	0	-400
1	-113	784	1608542760	-1	0	0	0	0	0	0	-551	720	-113	384	0	-400
1	-113	784	1608544760	-1	0	-1	0	0	0	0	-551	720	-113	384	0	-400
1	-113	784	1608546784	-2	0	0	-1	0	0	0	-551	720	-113	384	0	-400
1	-113	784	1608548760	-1	0	0	0	0	0	0	-551	720	-113	384	0	-400
1	-113	784	1608550788	0	-1	-2	0	0	0	0	-551	720	-113	384	0	-400
1	-113	784	1608552768	-1	0	0	0	0	0	0	-551	720	-113	384	0	-400
1	-113	784	1608554760	-1	0	-1	0	0	0	0	-551	720	-113	384	0	-400
1	-113	784	1608556772	0	0	0	-1	0	-1	0	-551	719	-113	384	0	-400
1	-113	784	1608558804	-2	-2	0	0	-1	0	0	-552	719	-113	384	0	-400
1	-113	784	1608560764	0	0	-1	0	0	0	0	-552	719	-113	384	0	-400
1	-113	784	1608562768	-1	0	0	0	0	0	0	-552	719	-113	384	0	-400
1	-113	784	1608564796	-1	0	0	-1	0	0	0	-552	719	-113	384	0	-400
1	-113	784	1608566764	0	0	-1	0	0	0	0	-552	719	-113	384	0	-400
1	-113	784	1608568764	-1	0	0	0	0	0	0	-552	719	-113	384	0	-400
1	-113	784	1608572796	-2	-1	0	0	0	0	0	-552	719	-113	384	0	-400
1	-113	784	1608574772	0	0	0	-2	0	0	0	-552	719	-113	384	0	-400
1	-113	784	1608576776	-1	0	-2	0	0	0	0	-552	719	-113	384	0	-400
1	-113	784	1608580776	-1	0	0	0	0	0	0	-552	719	-113	384	0	-400
1	-113	784	1608586780	-1	0	0	0	0	0	0	-552	719	-113	384	0	-400
1	-113	784	1608594828	-2	-1	0	-1	-1	0	0	-553	719	-113	384	0	-400
1	-113	784	1608604784	0	0	-1	0	0	0	0	-553	719	-113	384	0	-400
1	-113	784	1608608788	-1	0	0	0	0	0	0	-553	719	-113	384	0	-400
1	-113	784	1608632788	-1	0	0	0	0	0	0	-553	719	-113	384	0	-400
1	-113	784	1608670816	-1	0	0	0	0	0	0	-553	719	-113	384	0	-400
1	-113	784	1608676828	0	0	0	-1	0	0	0	-553	719	-113	384	0	-400
1	-113	784	1608678828	0	-1	0	0	0	0	0	-553	719	-113	384	0	-400
1	-113	784	1608684832	-2	0	0	0	0	0	0	-553	719	-113	384	0	-400
1	-113	784	1608688848	0	-2	0	-1	0	-1	0	-553	718	-113	384	0	-400
1	-113	784	1608690836	-1	0	0	0	0	0	0	-553	718	-113	384	0	-400
1	-113	784	1608692840	0	-1	0	-2	0	0	0	-553	718	-113	384	0	-400
1	-113	784	1608694836	0	-1	0	-1	0	0	0	-553	718	-113	384	0	-400
1	-113	784	1608696864	-1	-1	0	0	0	0	0	-553	718	-113	384	0	-400
1	-113	784	1608698860	0	-2	1	-2	0	0	0	-553	718	-113	384	0	-400
1	-113	784	1608700876	-1	-1	0	-2	0	-1	0	-553	717	-113	384	0	-400
1	-113	784	1608702860	0	-2	1	-2	0	0	0	-553	717	-113	384	0	-400
1	-113	784	1608704856	-2	-3	1	-1	0	0	0	-553	717	-113	384	0	-400
1	-113	784	1608706824	-1	-2	1	-3	0	0	0	-553	717	-113	384	0	-400
1	-113	784	1608708864	0	-4	2	-4	0	-1	0	-553	716	-113	384	0	-400
1	-113	784	1608710836	-1	-4	1	-3	0	-1	0	-553	715	-113	384	0	-400
1	-113	784	1608712848	0	-4	2	-3	0	0	0	-553	715	-113	384	0	-400
1	-113	784	1608714864	-1	-3	2	-4	0	-1	0	-553	714	-113	384	0	-400
1	-113	784	1608716828	-2	-5	2	-5	0	0	0	-553	714	-113	384	0	-400
1	-113	784	1608718868	0	-5	3	-5	0	-1	0	-553	713	-113	384	0	-400
1	-113	784	1608720864	-1	-5	3	-3	0	-1	0	-553	712	-113	384	0	-400
1	-113	784	1608722868	0	-7	3	-7	0	-1	0	-553	711	-113	384	0	-400
1	-113	784	1608724876	-1	-5	4	-5	0	-1	0	-553	710	-113	384	0	-400
1	-113	784	1608726868	0	-6	3	-6	0	0	0	-553	710	-113	384	0	-400
1	-113	784	1608728884	-1	-7	4	-6	0	-1	0	-553	709	-113	384	0	-400
1	-113	784	1608730900	0	-7	4	-6	1	-1	0	-552	708	-113	384	0	-400
1	-113	784	1608732884	-2	-7	4	-7	0	-1	0	-552	707	-113	384	0	-400
1	-113	784	1608734888	0	-8	3	-6	0	-2	0	-552	705	-113	384	0	-400
1	-113	784	1608736888	-1	-6	5	-9	0	-1	0	-552	704	-113	384	0	-400
1	-113	784	1608738904	0	-7	5	-6	1	-1	0	-551	703	-113	384	0	-400
1	-113	784	1608740892	-1	-8	4	-6	0	-1	0	-551	702	-113	384	0	-400
1	-113	784	1608742892	0	-7	5	-9	0	-1	0	-551	701	-113	384	0	-400
1	-113	784	1608744904	-1	-8	5	-6	1	-1	0	-550	700	-113	384	0	-400
1	-113	784	1608746884	0	-7	4	-8	0	-1	0	-550	699	-113	384	0	-400
1	-113	784	1608748880	-2	-8	5	-8	0	-1	0	-550	698	-113	384	0	-400
1	-113	784	1608750896	0	-7	5	-7	1	-1	0	-549	697	-113	384	0	-400
1	-113	784	1608752880	0	-8	4	-7	0	-1	0	-549	696	-113	384	0	-400
1	-113	784	1608754880	-1	-7	5	-9	0	-2	0	-549	694	-113	384	0	-400
1	-113	784	1608756896	0	-8	5	-6	1	-1	0	-548	693	-113	384	0	-400
1	-113	784	1608758884	0	-9	5	-8	0	-1	0	-548	692	-113	384	0	-400
1	-113	784	1608760880	-1	-7	5	-8	0	-1	0	-548	691	-113	384	0	-400
1	-113	784	1608762896	0	-8	3	-8	1	-1	0	-547	690	-113	384	0	-400
1	-113	784	1608764884	0	-7	5	-6	0	-1	0	-547	689	-113	384	0	-400
1	-113	784	1608766880	0	-8	5	-9	0	-2	0	-547	687	-113	384	0	-400
1	-113	784	1608768904	-1	-7	5	-7	1	-1	0	-546	686	-113	384	0	-400
1	-113	784	1608770884	0	-8	5	-8	0	-1	0	-546	685	-113	384	0	-400
1	-113	784	1608772884	0	-7	4	-7	0	-1	0	-546	684	-113	384	0	-400
1	-113	784	1608774892	0	-8	6	-9	1	-1	0	-545	683	-113	384	0	-400
1	-113	784	1608776876	0	-8	5	-8	0	-1	0	-545	682	-113	384	0	-400
1	-113	784	1608778872	0	-8	5	-6	0	-1	0	-545	681	-113	384	0	-400
1	-113	784	1608780884	0	-7	5	-9	1	-2	0	-544	679	-113	384	0	-400
1	-113	784	1608782868	0	-8	5	-7	0	-1	0	-544	678	-113	384	0	-400
1	-113	784	1608784872	0	-9	5	-8	1	-1	0	-543	677	-113	384	0	-400
1	-113	784	1608786860	0	-8	5	-8	0	-1	0	-543	676	-113	384	0	-400
1	-113	784	1608788856	0	-8	5	-8	0	-1	0	-543	675	-113	384	0	-400
1	-113	784	1608790876	0	-7	5	-7	1	-1	0	-542	674	-113	384	0	-400
1	-113	784	1608792864	0	-8	5	-9	0	-2	0	-542	672	-113	384	0	-400
1	-113	784	1608794864	0	-7	5	-8	0	-1	0	-542	671	-113	384	0	-400
1	-113	784	1608796876	0	-8	5	-6	1	-1	0	-541	670	-113	384	0	-400
1	-113	784	1608798860	0	-7	5	-9	0	-1	0	-541	669	-113	384	0	-400
1	-113	784	1608800860	0	-8	4	-7	0	-1	0	-541	668	-113	384	0	-400
1	-113	784	1608802868	0	-9	4	-8	1	-1	0	-540	667	-113	384	0	-400
1	-113	784	1608804856	0	-7	5	-7	0	-1	0	-540	666	-113	384	0	-400
1	-113	784	1608806872	1	-8	4	-9	1	-2	0	-539	664	-113	384	0	-400
1	-113	784	1608808860	0	-7	5	-6	0	-1	0	-539	663	-113	384	0	-400
1	-113	784	1608810868	2	-8	3	-8	0	-1	0	-539	662	-113	384	0	-400
1	-113	784	1608812876	1	-8	4	-8	1	-1	0	-538	661	-113	384	0	-400
1	-113	784	1608814872	1	-9	4	-8	0	-1	0	-538	660	-113	384	0	-400
1	-113	784	1608816868	1	-8	4	-7	0	-2	0	-538	658	-113	384	0	-400
1	-113	784	1608818880	2	-8	5	-10	1	-1	0	-537	657	-113	384	0	-400
1	-113	784	1608820868	1	-9	3	-8	0	-1	0	-537	656	-113	384	0	-400
1	-113	784	1608822880	1	-8	4	-7	1	-1	0	-536	655	-113	384	0	-400
1	-113	784	1608824868	1	-8	4	-10	0	-2	0	-536	653	-113	384	0	-400
1	-113	784	1608826864	2	-9	4	-8	0	-1	0	-536	652	-113	384	0	-400
1	-113	784	1608828876	1	-10	3	-9	1	-1	0	-535	651	-113	384	0	-400
1	-113	784	1608830864	1	-9	5	-10	0	-2	0	-535	649	-113	384	0	-400
1	-113	784	1608832880	1	-9	4	-8	1	-1	0	-534	648	-113	384	0	-400
1	-113	784	1608834864	2	-10	4	-9	0	-1	0	-534	647	-113	384	0	-400
1	-113	784	1608836864	1	-8	4	-10	0	-2	0	-534	645	-113	384	0	-400
1	-113	784	1608838876	1	-9	3	-9	1	-1	0	-533	644	-113	384	0	-400
1	-113	784	1608840864	0	-11	4	-9	0	-2	0	-533	642	-113	384	0	-400
1	-113	784	1608842864	1	-9	4	-8	0	-1	0	-533	641	-113	384	0	-400
1	-113	784	1608844872	0	-10	4	-10	1	-1	0	-532	640	-113	384	0	-400
1	-113	784	1608846856	0	-9	3	-9	0	-2	0	-532	638	-113	384	0	-400
1	-113	784	1608848864	0	-9	4	-8	0	-1	0	-532	637	-113	384	0	-400
1	-113	784	1608850860	0	-8	3	-10	0	-1	0	-532	636	-113	384	0	-400
1	-113	784	1608852876	0	-9	3	-8	1	-2	0	-531	634	-113	384	0	-400
1	-113	784	1608854876	0	-9	3	-9	0	-1	0	-531	633	-113	384	0	-400
1	-113	784	1608856872	0	-9	4	-9	0	-1	0	-531	632	-113	384	0	-400
1	-113	784	1608858872	0	-7	2	-7	0	-1	0	-531	631	-113	384	0	-400
1	-113	784	1608860880	0	-9	3	-8	1	-2	0	-530	629	-113	384	0	-400
1	-113	784	1608862868	-1	-7	2	-9	0	-1	0	-530	628	-113	384	0	-400
1	-113	784	1608864872	-2	-7	3	-7	0	-1	0	-530	627	-113	384	0	-400
1	-113	784	1608866876	-1	-7	2	-6	0	-1	0	-530	626	-113	384	0	-400
1	-113	784	1608868848	-1	-6	1	-8	0	-1	0	-530	625	-113	384	0	-400
1	-113	784	1608870876	-1	-7	2	-6	0	-1	0	-530	624	-113	384	0	-400
1	-113	784	1608872852	-2	-6	2	-6	0	-1	0	-530	623	-113	384	0	-400
1	-113	784	1608874880	0	-5	1	-7	0	-1	0	-530	622	-113	384	0	-400
1	-113	784	1608876880	-1	-5	2	-5	0	-1	0	-530	621	-113	384	0	-400
1	-113	784	1608878836	-1	-4	1	-3	0	0	0	-530	621	-113	384	0	-400
1	-113	784	1608880848	-1	-3	1	-5	0	-1	0	-530	620	-113	384	0	-400
1	-113	784	1608882836	0	-4	0	-4	0	0	0	-530	620	-113	384	0	-400
1	-113	784	1608884876	-2	-4	1	-4	0	-1	0	-530	619	-113	384	0	-400
1	-113	784	1608886856	-1	-2	2	-2	0	0	0	-530	619	-113	384	0	-400
1	-113	784	1608888840	0	-3	0	-4	0	-1	0	-530	618	-113	384	0	-400
1	-113	784	1608890856	-1	-2	0	-1	0	0	0	-530	618	-113	384	0	-400
1	-113	784	1608892856	0	-2	1	-3	0	0	0	-530	618	-113	384	0	-400
1	-113	784	1608894832	0	-1	0	-2	0	0	0	-530	618	-113	384	0	-400
1	-113	784	1608896872	-1	-1	0	-2	0	-1	0	-530	617	-113	384	0	-400
1	-113	784	1608898828	0	-1	0	-1	0	0	0	-530	617	-113	384	0	-400
1	-113	784	1608900824	0	-2	0	-1	0	0	0	-530	617	-113	384	0	-400
1	-113	784	1608904836	0	-1	0	-1	0	0	0	-530	617	-113	384	0	-400
1	-113	784	1608908840	0	0	1	0	0	0	0	-530	617	-113	384	0	-400
1	-113	784	1608912832	0	0	0	-2	0	0	0	-530	617	-113	384	0	-400
1	-113	784	1608942904	1	1	0	0	0	0	0	-530	617	-113	384	0	-400
1	-113	784	1608944876	2	0	0	0	0	0	0	-530	617	-113	384	0	-400
1	-113	784	1608948884	1	0	0	0	0	0	0	-530	617	-113	384	0	-400
1	-113	784	1608950908	1	1	0	1	0	0	0	-530	617	-113	384	0	-400
1	-113	784	1608952896	1	0	1	0	1	0	0	-529	617	-113	384	0	-400
1	-113	784	1608954872	2	0	0	0	0	0	0	-529	617	-113	384	0	-400
1	-113	784	1608956896	1	0	0	1	0	0	0	-529	617	-113	384	0	-400
1	-113	784	1608958900	1	1	0	0	0	0	0	-529	617	-113	384	0	-400
1	-113	784	1608960872	1	0	0	0	0	0	0	-529	617	-113	384	0	-400
1	-113	784	1608962892	2	1	0	1	0	0	0	-529	617	-113	384	0	-400
1	-113	784	1608964864	1	0	0	0	0	0	0	-529	617	-113	384	0	-400
1	-113	784	1608966856	2	0	2	0	0	0	0	-529	617	-113	384	0	-400
1	-113	784	1608968904	2	2	0	2	1	0	0	-528	617	-113	384	0	-400
1	-113	784	1608970864	1	0	0	0	0	0	0	-528	617	-113	384	0	-400
1	-113	784	1608972856	1	0	0	0	0	0	0	-528	617	-113	384	0	-400
1	-113	784	1608974888	1	1	0	1	0	0	0	-528	617	-113	384	0	-400
1	-113	784	1608976860	2	0	0	0	0	0	0	-528	617	-113	384	0	-400
1	-113	784	1608978880	1	1	1	0	0	0	0	-528	617	-113	384	0	-400
1	-113	784	1608980880	1	0	0	1	0	0	0	-528	617	-113	384	0	-400
1	-113	784	1608982864	3	0	0	0	0	0	0	-528	617	-113	384	0	-400
1	-113	784	1608984860	1	0	0	0	0	0	0	-528	617	-113	384	0	-400
1	-113	784	1608986892	1	1	1	1	1	0	0	-527	617	-113	384	0	-400
1	-113	784	1608990856	1	0	0	0	0	0	0	-527	617	-113	384	0	-400
1	-113	784	1608992888	2	2	0	2	0	0	0	-527	617	-113	384	0	-400
1	-113	784	1608994860	1	0	0	0	0	0	0	-527	617	-113	384	0	-400
1	-113	784	1608996860	1	0	1	0	0	0	0	-527	617	-113	384	0	-400
1	-113	784	1608998892	1	1	0	0	0	0	0	-527	617	-113	384	0	-400
1	-113	784	1609000892	2	0	0	1	0	0	0	-527	617	-113	384	0	-400
1	-113	784	1609002876	1	0	2	0	1	0	0	-526	617	-113	384	0	-400
1	-113	784	1609004888	1	1	0	1	0	0	0	-526	617	-113	384	0	-400
1	-113	784	1609006860	1	0	0	0	0	0	0	-526	617	-113	384	0	-400
1	-113	784	1609008856	3	0	1	0	0	0	0	-526	617	-113	384	0	-400
1	-113	784	1609010892	1	0	0	1	0	1	0	-526	618	-113	384	0	-400
1	-113	784	1609012880	1	1	1	0	0	0	0	-526	618	-113	384	0	-400
1	-113	784	1609014876	2	0	0	2	0	0	0	-526	618	-113	384	0	-400
1	-113	784	1609016888	2	2	1	0	1	0	0	-525	618	-113	384	0	-400
1	-113	784	1609018848	1	0	0	0	0	0	0	-525	618	-113	384	0	-400
1	-113	784	1609020880	3	1	2	1	0	0	0	-525	618	-113	384	0	-400
1	-113	784	1609022856	1	0	0	0	0	0	0	-525	618	-113	384	0	-400
1	-113	784	1609024888	3	1	1	1	0	0	0	-525	618	-113	384	0	-400
1	-113	784	1609026872	1	0	1	0	1	0	0	-524	618	-113	384	0	-400
1	-113	784	1609028884	2	0	0	1	0	0	0	-524	618	-113	384	0	-400
1	-113	784	1609030880	3	1	1	0	0	0	0	-524	618	-113	384	0	-400
1	-113	784	1609032892	2	0	2	2	0	1	0	-524	619	-113	384	0	-400
1	-113	784	1609034892	3	2	1	0	1	0	0	-523	619	-113	384	0	-400
1	-113	784	1609036884	2	1	0	1	0	0	0	-523	619	-113	384	0	-400
1	-113	784	1609038880	4	0	2	1	0	0	0	-523	619	-113	384	0	-400
1	-113	784	1609040884	4	1	2	0	1	0	0	-522	619	-113	384	0	-400
1	-113	784	1609042872	4	1	1	1	0	0	0	-522	619	-113	384	0	-400
1	-113	784	1609044872	3	2	1	2	0	0	0	-522	619	-113	384	0	-400
1	-113	784	1609046892	5	1	3	1	1	1	0	-521	620	-113	384	0	-400
1	-113	784	1609048868	4	2	1	2	0	0	0	-521	620	-113	384	0	-400
1	-113	784	1609050880	6	2	4	2	1	0	0	-520	620	-113	384	0	-400
1	-113	784	1609052880	7	1	3	2	1	0	0	-519	620	-113	384	0	-400
1	-113	784	1609054892	6	2	4	1	1	1	0	-518	621	-113	384	0	-400
1	-113	784	1609056872	7	3	4	3	0	0	0	-518	621	-113	384	0	-400
1	-113	784	1609058892	8	2	6	4	1	1	0	-517	622	-113	384	0	-400
1	-113	784	1609060884	7	4	6	2	1	0	0	-516	622	-113	384	0	-400
1	-113	784	1609062880	9	3	8	3	2	0	0	-514	622	-113	384	0	-400
1	-113	784	1609064892	10	3	10	3	1	1	0	-513	623	-113	384	0	-400
1	-113	784	1609066888	10	4	9	4	2	0	0	-511	623	-113	384	0	-400
1	-113	784	1609068904	11	4	11	4	1	1	0	-510	624	-113	384	0	-400
1	-113	784	1609070904	13	4	15	4	2	1	0	-508	625	-113	384	0	-400
1	-113	784	1609072888	12	3	15	3	2	0	0	-506	625	-113	384	0	-400
1	-113	784	1609074900	14	4	16	4	3	1	0	-503	626	-113	384	0	-400
1	-113	784	1609076888	15	4	23	4	2	0	0	-501	626	-113	384	0	-400
1	-113	784	1609078896	16	5	21	4	3	1	0	-498	627	-113	384	0	-400
1	-113	784	1609080884	19	2	24	3	3	0	0	-495	627	-113	384	0	-400
1	-113	784	1609082892	21	5	31	4	4	1	0	-491	628	-113	384	0	-400
1	-113	784	1609084884	20	3	30	4	4	1	0	-487	629	-113	384	0	-400
1	-113	784	1609086872	23	2	32	2	4	0	0	-483	629	-113	384	0	-400
1	-113	784	1609088868	25	3	37	3	5	0	0	-478	629	-113	384	0	-400
1	-113	784	1609090876	26	2	45	2	5	1	0	-473	630	-113	384	0	-400
1	-113	784	1609092864	29	2	43	3	6	0	0	-467	630	-113	384	0	-400
1	-113	784	1609094864	31	1	47	2	5	0	0	-462	630	-113	384	0	-400
1	-113	784	1609096860	34	1	58	2	7	0	0	-455	630	-113	384	0	-400
1	-113	784	1609098872	36	1	57	1	7	1	0	-448	631	-113	384	0	-400
1	-113	784	1609100856	38	0	60	1	8	0	0	-440	631	-113	384	0	-400
1	-113	784	1609102864	41	0	72	1	8	0	0	-432	631	-113	384	0	-400
1	-113	784	1609104836	42	0	69	0	8	0	0	-424	631	-113	384	0	-400
1	-113	784	1609106868	47	0	71	2	9	0	0	-415	631	-113	384	0	-400
1	-113	784	1609108876	55	-1	88	0	11	0	0	-404	631	-113	384	0	-400
1	-113	784	1609110876	51	-2	80	0	10	0	0	-394	631	-113	384	0	-400
1	-113	784	1609112876	54	-1	82	0	10	0	0	-384	631	-113	384	0	-400
1	-113	784	1609114876	57	-1	99	0	12	0	0	-372	631	-113	384	0	-400
1	-113	784	1609116872	59	-3	89	0	11	0	0	-361	631	-113	384	0	-400
1	-113	784	1609118868	62	-1	92	0	11	0	0	-350	631	-113	384	0	-400
1	-113	784	1609120840	64	-1	109	1	13	0	0	-337	631	-113	384	0	-400
1	-113	784	1609122876	65	-1	97	0	13	0	0	-324	631	-113	384	0	-400
1	-113	784	1609124876	69	-2	100	1	12	0	0	-312	631	-113	384	0	-400
1	-113	784	1609126872	70	-1	103	0	13	0	0	-299	631	-113	384	0	-400
1	-113	784	1609128848	71	-1	117	1	14	0	0	-285	631	-113	384	0	-400
1	-113	784	1609130872	73	0	105	2	14	0	0	-271	631	-113	384	0	-400
1	-113	784	1609132840	73	-1	107	1	13	0	0	-258	631	-113	384	0	-400
1	-113	784	1609134868	75	0	122	2	15	0	0	-243	631	-113	384	0	-400
1	-113	784	1609136864	75	0	106	3	14	0	0	-229	631	-113	384	0	-400
1	-113	784	1609138860	85	0	109	2	14	0	0	-215	631	-113	384	0	-400
1	-113	784	1609140868	77	0	123	3	15	0	0	-200	631	-113	384	0	-400
1	-113	784	1609142864	77	0	107	4	14	0	0	-186	631	-113	384	0	-400
1	-113	784	1609144864	75	0	109	2	14	0	0	-172	631	-113	384	0	-400
1	-113	784	1609146876	76	1	122	5	15	1	0	-157	632	-113	384	0	-400
1	-113	784	1609148860	75	3	108	4	13	0	0	-144	632	-113	384	0	-400
1	-113	784	1609150884	74	2	105	5	14	1	0	-130	633	-113	384	0	-400
1	-113	784	1609152880	73	3	120	5	14	0	0	-116	633	-113	384	0	-400
1	-113	784	1609154896	72	4	104	6	13	1	0	-103	634	-113	384	0	-400
1	-113	784	1609156892	70	3	101	5	13	1	0	-90	635	-113	384	0	-400
1	-113	784	1609158888	69	4	114	8	14	1	0	-76	636	-113	384	0	-400
1	-113	784	1609160888	67	5	97	6	12	1	0	-64	637	-113	384	0	-400
1	-113	784	1609162868	65	5	95	6	12	0	0	-52	637	-113	384	0	-400
1	-113	784	1609164884	72	6	93	8	13	1	0	-39	638	-113	384	0	-400
1	-113	784	1609166884	62	7	102	8	12	2	0	-27	640	-113	384	0	-400
1	-113	784	1609168880	59	6	86	8	11	1	0	-16	641	-113	384	0	-400
1	-113	784	1609170884	57	7	83	9	10	1	0	-6	642	-113	384	0	-400
1	-113	784	1609172888	54	7	90	10	11	1	0	5	643	-113	384	0	-400
1	-113	784	1609174884	53	8	75	7	10	1	0	15	644	-113	384	0	-400
1	-113	784	1609176880	50	8	71	9	9	1	0	24	645	-113	384	0	-400
1	-113	784	1609178876	47	7	76	11	9	2	0	33	647	-113	384	0	-400
1	-113	784	1609180880	44	9	63	9	8	1	0	41	648	-113	384	0	-400
1	-113	784	1609182884	42	9	59	9	8	2	0	49	650	-113	384	0	-400
1	-113	784	1609184884	39	9	62	11	7	1	0	56	651	-113	384	0	-400
1	-113	784	1609186888	38	8	49	9	7	1	0	63	652	-113	384	0	-400
1	-113	784	1609188888	33	9	46	8	6	2	0	69	654	-113	384	0	-400
1	-113	784	1609190888	34	10	48	12	6	1	0	75	655	-113	384	0	-400
1	-113	784	1609192888	29	8	38	8	5	1	0	80	656	-113	384	0	-400
1	-113	784	1609194896	25	8	34	8	4	2	0	84	658	-113	384	0	-400
1	-113	784	1609196896	24	8	35	10	5	1	0	89	659	-113	384	0	-400
1	-113	784	1609198896	20	7	28	7	3	1	0	92	660	-113	384	0	-400
1	-113	784	1609200896	18	8	25	8	3	1	0	95	661	-113	384	0	-400
1	-113	784	1609202892	17	6	21	6	3	1	0	98	662	-113	384	0	-400
1	-113	784	1609204888	13	6	21	8	3	1	0	101	663	-113	384	0	-400
1	-113	784	1609206888	12	5	16	6	2	1	0	103	664	-113	384	0	-400
1	-113	784	1609208888	11	5	15	5	2	1	0	105	665	-113	384	0	-400
1	-113	784	1609210872	7	5	13	5	1	0	0	106	665	-113	384	0	-400
1	-113	784	1609212876	8	4	10	5	2	1	0	108	666	-113	384	0	-400
1	-113	784	1609214884	6	3	9	4	1	1	0	109	667	-113	384	0	-400
1	-113	784	1609216872	4	3	7	3	1	0	0	110	667	-113	384	0	-400
1	-113	784	1609218872	4	3	5	3	0	1	0	110	668	-113	384	0	-400
1	-113	784	1609220872	2	1	5	2	1	0	0	111	668	-113	384	0	-400
1	-113	784	1609222860	1	1	4	2	0	0	0	111	668	-113	384	0	-400
1	-113	784	1609224872	2	2	2	1	1	0	0	112	668	-113	384	0	-400
1	-113	784	1609226860	0	1	3	1	0	0	0	112	668	-113	384	0	-400
1	-113	784	1609228864	0	0	1	1	0	0	0	112	668	-113	384	0	-400
1	-113	784	1609230876	0	1	1	2	0	1	0	112	669	-113	384	0	-400
1	-113	784	1609234832	-2	0	0	0	0	0	0	112	669	-113	384	0	-400
1	-113	784	1609236836	-1	0	0	0	0	0	0	112	669	-113	384	0	-400
1	-113	784	1609238836	-2	0	0	0	0	0	0	112	669	-113	384	0	-400
1	-113	784	1609240836	-1	0	0	0	0	0	0	112	669	-113	384	0	-400
1	-113	784	1609242840	-2	0	0	0	0	0	0	112	669	-113	384	0	-400
1	-113	784	1609244864	-2	0	0	1	0	0	0	112	669	-113	384	0	-400
1	-113	784	1609246872	-2	1	-1	0	0	0	0	112	669	-113	384	0	-400
1	-113	784	1609248848	-1	0	0	0	0	0	0	112	669	-113	384	0	-400
1	-113	784	1609250848	-2	0	-2	0	0	0	0	112	669	-113	384	0	-400
1	-113	784	1609252852	-2	0	0	0	-1	0	0	111	669	-113	384	0	-400
1	-113	784	1609254836	-1	0	0	0	0	0	0	111	669	-113	384	0	-400
1	-113	784	1609256836	-2	0	-1	0	0	0	0	111	669	-113	384	0	-400
1	-113	784	1609258860	-1	2	0	1	0	0	0	111	669	-113	384	0	-400
1	-113	784	1609260832	-1	0	0	0	0	0	0	111	669	-113	384	0	-400
1	-113	784	1609264836	-1	0	0	0	0	0	0	111	669	-113	384	0	-400
1	-113	784	1609266864	0	1	-1	0	0	0	0	111	669	-113	384	0	-400
1	-113	784	1609268864	-2	0	0	1	0	0	0	111	669	-113	384	0	-400
1	-113	784	1609280840	0	1	0	2	0	0	0	111	669	-113	384	0	-400
1	-113	784	1609288840	1	0	0	0	0	0	0	111	669	-113	384	0	-400
1	-113	784	1609294832	1	0	0	0	0	0	0	111	669	-113	384	0	-400
1	-113	784	1609302836	1	0	0	0	0	0	0	111	669	-113	384	0	-400
1	-113	784	1609400896	2	0	0	0	0	0	0	111	669	-113	384	0	-400
1	-113	784	1609484936	-1	0	0	0	0	0	0	111	669	-113	384	0	-400
1	-113	784	1609575028	-1	0	0	0	0	0	0	111	669	-113	384	0	-400
1	-113	784	1609597048	-1	0	0	0	0	0	0	111	669	-113	384	0	-400
1	-113	784	1609613060	-2	0	0	0	0	0	0	111	669	-113	384	0	-400
1	-113	784	1609623068	-1	0	0	0	0	0	0	111	669	-113	384	0	-400
1	-113	784	1609631080	-1	0	0	0	0	0	0	111	669	-113	384	0	-400
1	-113	784	1609635100	-1	0	0	0	-1	0	0	110	669	-113	384	0	-400
1	-113	784	1609639088	0	0	-1	0	0	0	0	110	669	-113	384	0	-400
1	-113	784	1609641088	-2	0	0	0	0	0	0	110	669	-113	384	0	-400
1	-113	784	1609645132	-1	1	0	1	0	1	0	110	670	-113	384	0	-400
1	-113	784	1609651084	-1	0	-2	0	0	0	0	110	670	-113	384	0	-400
1	-113	784	1609655084	-1	0	0	0	0	0	0	110	670	-113	384	0	-400
1	-113	784	1609657080	0	2	0	0	0	0	0	110	670	-113	384	0	-400
1	-113	784	1609659088	-2	0	0	0	0	0	0	110	670	-113	384	0	-400
1	-113	784	1609661088	0	0	0	1	0	0	0	110	670	-113	384	0	-400
1	-113	784	1609665088	-1	0	-1	0	0	0	0	110	670	-113	384	0	-400
1	-113	784	1609669128	-1	1	0	0	-1	0	0	109	670	-113	384	0	-400
1	-113	784	1609675080	-1	0	0	0	0	0	0	109	670	-113	384	0	-400
1	-113	784	1609677080	-2	0	-1	0	0	0	0	109	670	-113	384	0	-400
1	-113	784	1609679076	0	0	0	1	0	0	0	109	670	-113	384	0	-400
1	-113	784	1609681072	-1	0	0	0	0	0	0	109	670	-113	384	0	-400
1	-113	784	1609683076	-1	0	0	0	0	0	0	109	670	-113	384	0	-400
1	-113	784	1609685104	-1	1	-1	0	0	0	0	109	670	-113	384	0	-400
1	-113	784	1609687080	-2	0	0	0	0	0	0	109	670	-113	384	0	-400
1	-113	784	1609689076	-1	0	0	0	0	0	0	109	670	-113	384	0	-400
1	-113	784	1609691080	-1	0	0	0	0	0	0	109	670	-113	384	0	-400
1	-113	784	1609693084	-1	0	-2	0	-1	0	0	108	670	-113	384	0	-400
1	-113	784	1609695076	-2	0	0	0	0	0	0	108	670	-113	384	0	-400
1	-113	784	1609697076	-1	0	-1	0	0	0	0	108	670	-113	384	0	-400
1	-113	784	1609699076	-2	0	0	0	0	0	0	108	670	-113	384	0	-400
1	-113	784	1609701076	-2	0	-1	0	0	0	0	108	670	-113	384	0	-400
1	-113	784	1609703088	-2	0	-1	0	-1	0	0	107	670	-113	384	0	-400
1	-113	784	1609705068	-1	0	0	0	0	0	0	107	670	-113	384	0	-400
1	-113	784	1609707072	-3	0	-2	0	0	0	0	107	670	-113	384	0	-400
1	-113	784	1609709068	-2	0	-1	0	0	0	0	107	670	-113	384	0	-400
1	-113	784	1609711064	-2	0	0	0	0	0	0	107	670	-113	384	0	-400
1	-113	784	1609713080	-2	0	-1	0	-1	0	0	106	670	-113	384	0	-400
1	-113	784	1609715064	-3	0	-1	0	0	0	0	106	670	-113	384	0	-400
1	-113	784	1609717072	-1	0	-2	0	0	0	0	106	670	-113	384	0	-400
1	-113	784	1609719072	-2	0	-1	0	0	0	0	106	670	-113	384	0	-400
1	-113	784	1609721080	-3	0	-1	0	-1	0	0	105	670	-113	384	0	-400
1	-113	784	1609723072	-1	0	-1	0	0	0	0	105	670	-113	384	0	-400
1	-113	784	1609725072	-3	0	0	0	0	0	0	105	670	-113	384	0	-400
1	-113	784	1609727072	-2	0	-2	0	0	0	0	105	670	-113	384	0	-400
1	-113	784	1609729072	-1	0	-1	0	0	0	0	105	670	-113	384	0	-400
1	-113	784	1609731108	-3	-2	-1	0	-1	0	0	104	670	-113	384	0	-400
1	-113	784	1609733064	-1	0	-1	0	0	0	0	104	670	-113	384	0	-400
1	-113	784	1609735084	-3	0	-2	-1	0	0	0	104	670	-113	384	0	-400
1	-113	784	1609737104	-2	-1	-1	0	-1	0	0	103	670	-113	384	0	-400
1	-113	784	1609739056	-3	0	-1	0	0	0	0	103	670	-113	384	0	-400
1	-113	784	1609741088	-2	0	-1	-2	0	0	0	103	670	-113	384	0	-400
1	-113	784	1609743084	-3	-1	-2	0	0	0	0	103	670	-113	384	0	-400
1	-113	784	1609745064	-2	0	-1	0	-1	0	0	102	670	-113	384	0	-400
1	-113	784	1609747084	-3	-1	-1	-1	0	0	0	102	670	-113	384	0	-400
1	-113	784	1609749060	-2	0	-1	0	0	0	0	102	670	-113	384	0	-400
1	-113	784	1609751096	-4	-2	-3	-1	-1	0	0	101	670	-113	384	0	-400
1	-113	784	1609753080	-2	-1	-2	-1	0	0	0	101	670	-113	384	0	-400
1	-113	784	1609755080	-4	-1	-2	0	0	0	0	101	670	-113	384	0	-400
1	-113	784	1609757092	-4	0	-2	-2	-1	0	0	100	670	-113	384	0	-400
1	-113	784	1609759104	-4	-1	-4	-1	-1	0	0	99	670	-113	384	0	-400
1	-113	784	1609761096	-3	-2	-2	-1	0	-1	0	99	669	-113	384	0	-400
1	-113	784	1609763092	-5	-1	-4	-1	-1	0	0	98	669	-113	384	0	-400
1	-113	784	1609765076	-4	-2	-4	-2	0	0	0	98	669	-113	384	0	-400
1	-113	784	1609767092	-5	-2	-4	-1	-1	0	0	97	669	-113	384	0	-400
1	-113	784	1609769076	-5	-1	-3	-2	0	0	0	97	669	-113	384	0	-400
1	-113	784	1609771100	-6	-2	-5	-2	-1	-1	0	96	668	-113	384	0	-400
1	-113	784	1609773084	-5	-3	-4	-2	-1	0	0	95	668	-113	384	0	-400
1	-113	784	1609775076	-7	-1	-5	-1	-1	0	0	94	668	-113	384	0	-400
1	-113	784	1609777088	-6	-3	-5	-3	-1	-1	0	93	667	-113	384	0	-400
1	-113	784	1609779056	-5	-2	-6	-2	0	0	0	93	667	-113	384	0	-400
1	-113	784	1609781068	-6	-1	-7	-2	-1	0	0	92	667	-113	384	0	-400
1	-113	784	1609783084	-8	-3	-6	-2	-2	-1	0	90	666	-113	384	0	-400
1	-113	784	1609785052	-6	-2	-6	-3	0	0	0	90	666	-113	384	0	-400
1	-113	784	1609787068	-7	-3	-8	-2	-2	0	0	88	666	-113	384	0	-400
1	-113	784	1609789080	-8	-2	-6	-3	-1	-1	0	87	665	-113	384	0	-400
1	-113	784	1609791064	-7	-3	-9	-3	-1	0	0	86	665	-113	384	0	-400
1	-113	784	1609793076	-9	-2	-7	-3	-1	-1	0	85	664	-113	384	0	-400
1	-113	784	1609795060	-9	-3	-9	-2	-1	0	0	84	664	-113	384	0	-400
1	-113	784	1609797068	-10	-4	-10	-3	-2	-1	0	82	663	-113	384	0	-400
1	-113	784	1609799060	-10	-2	-9	-4	-1	0	0	81	663	-113	384	0	-400
1	-113	784	1609801072	-12	-3	-10	-2	-2	0	0	79	663	-113	384	0	-400
1	-113	784	1609803084	-12	-3	-12	-4	-2	-1	0	77	662	-113	384	0	-400
1	-113	784	1609805064	-12	-3	-11	-2	-1	0	0	76	662	-113	384	0	-400
1	-113	784	1609807072	-13	-4	-13	-4	-2	-1	0	74	661	-113	384	0	-400
1	-113	784	1609809064	-13	-3	-14	-4	-2	0	0	72	661	-113	384	0	-400
1	-113	784	1609811072	-15	-4	-15	-4	-3	-1	0	69	660	-113	384	0	-400
1	-113	784	1609813064	-14	-4	-15	-3	-2	0	0	67	660	-113	384	0	-400
1	-113	784	1609815072	-16	-4	-16	-5	-2	-1	0	65	659	-113	384	0	-400
1	-113	784	1609817060	-17	-3	-20	-5	-3	-1	0	62	658	-113	384	0	-400
1	-113	784	1609819048	-17	-4	-19	-4	-3	0	0	59	658	-113	384	0	-400
1	-113	784	1609821060	-19	-5	-20	-5	-3	-1	0	56	657	-113	384	0	-400
1	-113	784	1609823064	-19	-4	-23	-5	-3	-1	0	53	656	-113	384	0	-400
1	-113	784	1609825056	-20	-5	-23	-5	-3	-1	0	50	655	-113	384	0	-400
1	-113	784	1609827044	-20	-5	-25	-5	-3	0	0	47	655	-113	384	0	-400
1	-113	784	1609829052	-21	-5	-29	-6	-4	-1	0	43	654	-113	384	0	-400
1	-113	784	1609831052	-25	-6	-27	-5	-4	-1	0	39	653	-113	384	0	-400
1	-113	784	1609833056	-24	-5	-28	-7	-4	-1	0	35	652	-113	384	0	-400
1	-113	784	1609835060	-25	-5	-35	-6	-4	-1	0	31	651	-113	384	0	-400
1	-113	784	1609837064	-25	-6	-31	-6	-5	-1	0	26	650	-113	384	0	-400
1	-113	784	1609839072	-27	-7	-32	-6	-4	-1	0	22	649	-113	384	0	-400
1	-113	784	1609841068	-28	-6	-35	-7	-5	-1	0	17	648	-113	384	0	-400
1	-113	784	1609843056	-28	-5	-42	-7	-5	0	0	12	648	-113	384	0	-400
1	-113	784	1609845064	-30	-7	-37	-6	-5	-1	0	7	647	-113	384	0	-400
1	-113	784	1609847068	-30	-7	-39	-8	-5	-2	0	2	645	-113	384	0	-400
1	-113	784	1609849060	-33	-6	-47	-7	-6	0	0	-4	645	-113	384	0	-400
1	-113	784	1609851072	-31	-6	-42	-8	-6	-2	0	-10	643	-113	384	0	-400
1	-113	784	1609853072	-34	-8	-43	-7	-5	-1	0	-15	642	-113	384	0	-400
1	-113	784	1609855076	-37	-7	-52	-8	-7	-1	0	-22	641	-113	384	0	-400
1	-113	784	1609857084	-35	-6	-46	-7	-6	-1	0	-28	640	-113	384	0	-400
1	-113	784	1609859084	-34	-8	-46	-8	-6	-1	0	-34	639	-113	384	0	-400
1	-113	784	1609861084	-36	-7	-55	-9	-7	-1	0	-41	638	-113	384	0	-400
1	-113	784	1609863084	-35	-7	-49	-7	-6	-1	0	-47	637	-113	384	0	-400
1	-113	784	1609865088	-37	-7	-49	-8	-7	-1	0	-54	636	-113	384	0	-400
1	-113	784	1609867092	-35	-8	-57	-8	-7	-2	0	-61	634	-113	384	0	-400
1	-113	784	1609869096	-36	-7	-51	-8	-6	-1	0	-67	633	-113	384	0	-400
1	-113	784	1609871088	-36	-8	-52	-9	-7	-1	0	-74	632	-113	384	0	-400
1	-113	784	1609873092	-38	-7	-58	-8	-7	-1	0	-81	631	-113	384	0	-400
1	-113	784	1609875096	-36	-8	-52	-8	-7	-1	0	-88	630	-113	384	0	-400
1	-113	784	1609877100	-36	-7	-52	-9	-6	-1	0	-94	629	-113	384	0	-400
1	-113	784	1609879092	-38	-8	-60	-8	-8	-2	0	-102	627	-113	384	0	-400
1	-113	784	1609881096	-41	-8	-51	-9	-6	-1	0	-108	626	-113	384	0	-400
1	-113	784	1609883100	-36	-9	-53	-9	-7	-1	0	-115	625	-113	384	0	-400
1	-113	784	1609885108	-38	-8	-60	-9	-8	-2	0	-123	623	-113	384	0	-400
1	-113	784	1609887116	-36	-8	-51	-8	-6	-1	0	-129	622	-113	384	0	-400
1	-113	784	1609889108	-37	-9	-53	-10	-7	-1	0	-136	621	-113	384	0	-400
1	-113	784	1609891104	-37	-9	-51	-9	-6	-2	0	-142	619	-113	384	0	-400
1	-113	784	1609893108	-36	-7	-60	-10	-8	-1	0	-150	618	-113	384	0	-400
1	-113	784	1609895108	-37	-10	-51	-10	-6	-1	0	-156	617	-113	384	0	-400
1	-113	784	1609897108	-37	-9	-53	-9	-7	-2	0	-163	615	-113	384	0	-400
1	-113	784	1609899112	-36	-9	-58	-11	-7	-1	0	-170	614	-113	384	0	-400
1	-113	784	1609901112	-36	-9	-53	-10	-7	-2	0	-177	612	-113	384	0	-400
1	-113	784	1609903108	-36	-10	-51	-10	-6	-1	0	-183	611	-113	384	0	-400
1	-113	784	1609905096	-37	-8	-60	-11	-7	-2	0	-190	609	-113	384	0	-400
1	-113	784	1609907100	-41	-12	-53	-9	-8	-1	0	-198	608	-113	384	0	-400
1	-113	784	1609909088	-36	-8	-52	-10	-6	-1	0	-204	607	-113	384	0	-400
1	-113	784	1609911084	-36	-9	-60	-11	-7	-2	0	-211	605	-113	384	0	-400
1	-113	784	1609913080	-37	-10	-53	-10	-7	-1	0	-218	604	-113	384	0	-400
1	-113	784	1609915084	-36	-9	-52	-10	-7	-2	0	-225	602	-113	384	0	-400
1	-113	784	1609917080	-36	-10	-53	-10	-6	-1	0	-231	601	-113	384	0	-400
1	-113	784	1609919084	-36	-9	-60	-12	-8	-2	0	-239	599	-113	384	0	-400
1	-113	784	1609921080	-37	-8	-52	-10	-6	-1	0	-245	598	-113	384	0	-400
1	-113	784	1609923076	-35	-9	-53	-8	-7	-2	0	-252	596	-113	384	0	-400
1	-113	784	1609925080	-36	-9	-58	-12	-7	-1	0	-259	595	-113	384	0	-400
1	-113	784	1609927076	-35	-9	-52	-8	-6	-1	0	-265	594	-113	384	0	-400
1	-113	784	1609929080	-35	-7	-51	-9	-7	-2	0	-272	592	-113	384	0	-400
1	-113	784	1609931084	-35	-9	-56	-10	-7	-1	0	-279	591	-113	384	0	-400
1	-113	784	1609933084	-34	-7	-50	-9	-6	-1	0	-285	590	-113	384	0	-400
1	-113	784	1609935072	-33	-8	-48	-9	-6	-2	0	-291	588	-113	384	0	-400
1	-113	784	1609937076	-38	-9	-53	-10	-7	-1	0	-298	587	-113	384	0	-400
1	-113	784	1609939076	-32	-7	-45	-7	-6	-1	0	-304	586	-113	384	0	-400
1	-113	784	1609941080	-32	-8	-44	-8	-5	-1	0	-309	585	-113	384	0	-400
1	-113	784	1609943080	-30	-6	-48	-8	-6	-1	0	-315	584	-113	384	0	-400
1	-113	784	1609945084	-30	-7	-41	-8	-6	-1	0	-321	583	-113	384	0	-400
1	-113	784	1609947080	-28	-7	-39	-7	-5	-1	0	-326	582	-113	384	0	-400
1	-113	784	1609949072	-27	-6	-36	-8	-4	-1	0	-330	581	-113	384	0	-400
1	-113	784	1609951072	-26	-6	-40	-7	-5	-1	0	-335	580	-113	384	0	-400
1	-113	784	1609953076	-25	-6	-34	-7	-5	-1	0	-340	579	-113	384	0	-400
1	-113	784	1609955080	-24	-7	-31	-6	-4	-1	0	-344	578	-113	384	0	-400
1	-113	784	1609957088	-21	-6	-32	-7	-4	-1	0	-348	577	-113	384	0	-400
1	-113	784	1609959080	-21	-5	-28	-7	-3	-1	0	-351	576	-113	384	0	-400
1	-113	784	1609961080	-20	-6	-25	-5	-4	-1	0	-355	575	-113	384	0	-400
1	-113	784	1609963088	-21	-5	-26	-7	-3	-1	0	-358	574	-113	384	0	-400
1	-113	784	1609965080	-18	-6	-21	-5	-3	-1	0	-361	573	-113	384	0	-400
1	-113	784	1609967084	-15	-5	-20	-5	-3	-1	0	-364	572	-113	384	0	-400
1	-113	784	1609969064	-15	-4	-22	-6	-3	0	0	-367	572	-113	384	0	-400
1	-113	784	1609971084	-14	-5	-16	-5	-2	-1	0	-369	571	-113	384	0	-400
1	-113	784	1609973080	-13	-4	-15	-4	-2	-1	0	-371	570	-113	384	0	-400
1	-113	784	1609975072	-12	-4	-15	-5	-2	0	0	-373	570	-113	384	0	-400
1	-113	784	1609977084	-10	-3	-11	-4	-2	-1	0	-375	569	-113	384	0	-400
1	-113	784	1609979064	-10	-4	-11	-4	-1	0	0	-376	569	-113	384	0	-400
1	-113	784	1609981072	-8	-4	-9	-3	-1	-1	0	-377	568	-113	384	0	-400
1	-113	784	1609983056	-8	-2	-10	-3	-2	0	0	-379	568	-113	384	0	-400
1	-113	784	1609985072	-6	-3	-6	-4	-1	-1	0	-380	567	-113	384	0	-400
1	-113	784	1609987052	-6	-1	-7	-2	-1	0	0	-381	567	-113	384	0	-400
1	-113	784	1609989048	-5	-3	-6	-3	0	-1	0	-381	566	-113	384	0	-400
1	-113	784	1609991048	-4	-1	-4	-1	-1	0	0	-382	566	-113	384	0	-400
1	-113	784	1609993048	-4	-1	-3	-1	-1	0	0	-383	566	-113	384	0	-400
1	-113	784	1609995032	-2	-1	-4	-1	0	0	0	-383	566	-113	384	0	-400
1	-113	784	1609997052	-3	-2	-3	-2	-1	0	0	-384	566	-113	384	0	-400
1	-113	784	1609999044	-2	0	-1	-1	0	0	0	-384	566	-113	384	0	-400
1	-113	784	1610001056	-2	-1	-1	-1	0	-1	0	-384	565	-113	384	0	-400
1	-113	784	1610003016	-1	0	-1	0	0	0	0	-384	565	-113	384	0	-400
1	-113	784	1610007016	0	0	-2	0	0	0	0	-384	565	-113	384	0	-400
1	-113	784	1610009016	0	0	0	-1	0	0	0	-384	565	-113	384	0	-400
1	-113	784	1610011020	-1	0	0	0	0	0	0	-384	565	-113	384	0	-400
1	-113	784	1610021032	0	0	-1	0	0	0	0	-384	565	-113	384	0	-400
1	-113	784	1610025028	0	-1	0	0	0	0	0	-384	565	-113	384	0	-400
1	-113	784	1610027028	-1	0	0	0	0	0	0	-384	565	-113	384	0	-400
1	-113	784	1610031044	-2	0	-1	0	-1	0	0	-385	565	-113	384	0	-400
1	-113	784	1610033052	-1	0	-1	-2	0	0	0	-385	565	-113	384	0	-400
1	-113	784	1610035048	-1	-1	0	0	0	0	0	-385	565	-113	384	0	-400
1	-113	784	1610037056	-1	0	-2	-1	0	0	0	-385	565	-113	384	0	-400
1	-113	784	1610039064	-3	-2	-2	0	-1	0	0	-386	565	-113	384	0	-400
1	-113	784	1610041044	-2	-1	-1	-1	0	0	0	-386	565	-113	384	0	-400
1	-113	784	1610043048	-4	-1	-3	-1	0	0	0	-386	565	-113	384	0	-400
1	-113	784	1610045076	-4	-1	-4	-2	-1	-1	0	-387	564	-113	384	0	-400
1	-113	784	1610047044	-4	-2	-2	-2	0	0	0	-387	564	-113	384	0	-400
1	-113	784	1610049060	-5	-2	-4	-1	-1	0	0	-388	564	-113	384	0	-400
1	-113	784	1610051060	-5	-1	-5	-3	-1	0	0	-389	564	-113	384	0	-400
1	-113	784	1610053076	-5	-3	-5	-2	-1	-1	0	-390	563	-113	384	0	-400
1	-113	784	1610055052	-6	-2	-5	-2	0	0	0	-390	563	-113	384	0	-400
1	-113	784	1610057080	-6	-3	-6	-3	-1	-1	0	-391	562	-113	384	0	-400
1	-113	784	1610059072	-6	-2	-8	-3	-1	0	0	-392	562	-113	384	0	-400
1	-113	784	1610061068	-8	-4	-7	-2	-1	0	0	-393	562	-113	384	0	-400
1	-113	784	1610063084	-7	-3	-8	-4	-2	-1	0	-395	561	-113	384	0	-400
1	-113	784	1610065068	-9	-3	-8	-4	-1	0	0	-396	561	-113	384	0	-400
1	-113	784	1610067076	-8	-3	-9	-4	-1	-1	0	-397	560	-113	384	0	-400
1	-113	784	1610069072	-8	-4	-9	-3	-1	-1	0	-398	559	-113	384	0	-400
1	-113	784	1610071056	-9	-3	-11	-4	-2	0	0	-400	559	-113	384	0	-400
1	-113	784	1610073064	-10	-4	-9	-4	-1	-1	0	-401	558	-113	384	0	-400
1	-113	784	1610075052	-9	-4	-10	-4	-2	0	0	-403	558	-113	384	0	-400
1	-113	784	1610077068	-9	-4	-11	-3	-1	-1	0	-404	557	-113	384	0	-400
1	-113	784	1610079056	-8	-5	-9	-4	-1	0	0	-405	557	-113	384	0	-400
1	-113	784	1610081072	-10	-3	-10	-4	-2	-1	0	-407	556	-113	384	0	-400
1	-113	784	1610083064	-9	-4	-10	-4	-1	-1	0	-408	555	-113	384	0	-400
1	-113	784	1610085052	-9	-4	-11	-5	-2	0	0	-410	555	-113	384	0	-400
1	-113	784	1610087068	-7	-4	-10	-3	-1	-1	0	-411	554	-113	384	0	-400
1	-113	784	1610089056	-9	-3	-9	-4	-2	0	0	-413	554	-113	384	0	-400
1	-113	784	1610091068	-9	-5	-11	-4	-1	-1	0	-414	553	-113	384	0	-400
1	-113	784	1610093068	-7	-4	-9	-4	-1	-1	0	-415	552	-113	384	0	-400
1	-113	784	1610095056	-8	-3	-9	-2	-2	0	0	-417	552	-113	384	0	-400
1	-113	784	1610097060	-7	-3	-8	-5	-1	-1	0	-418	551	-113	384	0	-400
1	-113	784	1610099056	-8	-4	-8	-3	-1	0	0	-419	551	-113	384	0	-400
1	-113	784	1610101068	-7	-4	-7	-3	-1	-1	0	-420	550	-113	384	0	-400
1	-113	784	1610103052	-7	-4	-9	-3	-1	0	0	-421	550	-113	384	0	-400
1	-113	784	1610105064	-5	-2	-6	-4	-1	-1	0	-422	549	-113	384	0	-400
1	-113	784	1610107048	-6	-3	-7	-2	-1	0	0	-423	549	-113	384	0	-400
1	-113	784	1610109048	-5	-2	-7	-3	-1	0	0	-424	549	-113	384	0	-400
1	-113	784	1610111060	-5	-3	-5	-2	-1	-1	0	-425	548	-113	384	0	-400
1	-113	784	1610113032	-4	-2	-5	-3	0	0	0	-425	548	-113	384	0	-400
1	-113	784	1610115044	-3	-3	-5	-2	-1	0	0	-426	548	-113	384	0	-400
1	-113	784	1610117040	-4	-1	-4	-3	0	-1	0	-426	547	-113	384	0	-400
1	-113	784	1610119044	-3	-2	-4	-1	-1	0	0	-427	547	-113	384	0	-400
1	-113	784	1610121028	-3	-2	-3	-1	0	0	0	-427	547	-113	384	0	-400
1	-113	784	1610123048	-2	-1	-4	-1	-1	0	0	-428	547	-113	384	0	-400
1	-113	784	1610125044	-2	-1	-3	-2	0	-1	0	-428	546	-113	384	0	-400
1	-113	784	1610127032	-1	-1	-2	-1	0	0	0	-428	546	-113	384	0	-400
1	-113	784	1610129052	-2	0	-3	-1	-1	0	0	-429	546	-113	384	0	-400
1	-113	784	1610131032	-1	-2	-1	-1	0	0	0	-429	546	-113	384	0	-400
1	-113	784	1610133008	-1	0	-1	0	0	0	0	-429	546	-113	384	0	-400
1	-113	784	1610135036	-1	-1	-3	-2	0	0	0	-429	546	-113	384	0	-400
1	-113	784	1610137004	0	0	-1	0	0	0	0	-429	546	-113	384	0	-400
1	-113	784	1610139008	0	-1	0	-1	0	0	0	-429	546	-113	384	0	-400
1	-113	784	1610141032	0	0	-1	0	-1	0	0	-430	546	-113	384	0	-400
1	-113	784	1610143016	-2	0	0	0	0	0	0	-430	546	-113	384	0	-400
1	-113	784	1610145020	0	0	-1	0	0	0	0	-430	546	-113	384	0	-400
1	-113	784	1610151052	0	0	-2	-1	0	0	0	-430	546	-113	384	0	-400
1	-113	784	1610161020	0	0	-1	0	0	0	0	-430	546	-113	384	0	-400
1	-113	784	1610181044	0	0	-1	0	0	0	0	-430	546	-113	384	0	-400
1	-113	784	1610185052	0	0	0	-1	0	-1	0	-430	545	-113	384	0	-400
1	-113	784	1610195048	0	0	-1	0	0	0	0	-430	545	-113	384	0	-400
1	-113	784	1610199068	0	0	-2	-2	0	0	0	-430	545	-113	384	0	-400
1	-113	784	1610201040	0	-1	0	0	0	0	0	-430	545	-113	384	0	-400
1	-113	784	1610203044	0	0	-1	0	0	0	0	-430	545	-113	384	0	-400
1	-113	784	1610205036	-1	0	0	0	0	0	0	-430	545	-113	384	0	-400
1	-113	784	1610207080	0	-2	-1	-1	-1	0	0	-431	545	-113	384	0	-400
1	-113	784	1610209036	0	0	-1	0	0	0	0	-431	545	-113	384	0	-400
1	-113	784	1610211068	-1	0	-2	-1	0	0	0	-431	545	-113	384	0	-400
1	-113	784	1610213068	0	-1	-1	0	0	0	0	-431	545	-113	384	0	-400
1	-113	784	1610215072	0	0	-1	-1	0	0	0	-431	545	-113	384	0	-400
1	-113	784	1610217064	-1	-1	-1	0	0	0	0	-431	545	-113	384	0	-400
1	-113	784	1610219076	0	-1	-2	-2	0	-1	0	-431	544	-113	384	0	-400
1	-113	784	1610221036	0	0	-1	0	0	0	0	-431	544	-113	384	0	-400
1	-113	784	1610223076	-2	-2	-1	-1	-1	0	0	-432	544	-113	384	0	-400
1	-113	784	1610225036	0	0	-1	0	0	0	0	-432	544	-113	384	0	-400
1	-113	784	1610227068	0	-1	-2	-1	0	0	0	-432	544	-113	384	0	-400
1	-113	784	1610229036	-1	0	-1	0	0	0	0	-432	544	-113	384	0	-400
1	-113	784	1610231064	0	-1	-1	-1	0	0	0	-432	544	-113	384	0	-400
1	-113	784	1610233032	-1	0	-1	0	0	0	0	-432	544	-113	384	0	-400
1	-113	784	1610235060	0	-1	-2	-2	0	0	0	-432	544	-113	384	0	-400
1	-113	784	1610239032	0	0	-1	0	0	0	0	-432	544	-113	384	0	-400
1	-113	784	1610243084	0	-2	-1	-1	0	-1	0	-432	543	-113	384	0	-400
1	-113	784	1610255052	0	0	-1	0	-1	0	0	-433	543	-113	384	0	-400
1	-113	784	1610289048	0	0	0	-1	0	0	0	-433	543	-113	384	0	-400
1	-113	784	1610291048	-1	0	0	0	0	0	0	-433	543	-113	384	0	-400
1	-113	784	1610293052	0	-1	0	0	0	0	0	-433	543	-113	384	0	-400
1	-113	784	1610295052	-2	0	0	0	0	0	0	-433	543	-113	384	0	-400
1	-113	784	1610297052	-1	0	0	0	0	0	0	-433	543	-113	384	0	-400
1	-113	784	1610299080	-1	-1	0	-1	0	0	0	-433	543	-113	384	0	-400
1	-113	784	1610301052	-3	0	0	0	0	0	0	-433	543	-113	384	0	-400
1	-113	784	1610303080	-1	-1	-2	-2	0	0	0	-433	543	-113	384	0	-400
1	-113	784	1610305096	-2	-2	0	-1	-1	0	0	-434	543	-113	384	0	-400
1	-113	784	1610307076	-4	-1	0	-1	0	0	0	-434	543	-113	384	0	-400
1	-113	784	1610309088	-4	-1	-1	-1	0	-1	0	-434	542	-113	384	0	-400
1	-113	784	1610311088	-4	-1	-1	-2	-1	0	0	-435	542	-113	384	0	-400
1	-113	784	1610313084	-5	-3	-1	-1	0	0	0	-435	542	-113	384	0	-400
1	-113	784	1610315084	-5	-2	0	-2	0	0	0	-435	542	-113	384	0	-400
1	-113	784	1610317108	-5	-4	-2	-3	-1	-1	0	-436	541	-113	384	0	-400
1	-113	784	1610319076	-6	-3	-1	-4	0	0	0	-436	541	-113	384	0	-400
1	-113	784	1610321108	-6	-3	-1	-3	-1	-1	0	-437	540	-113	384	0	-400
1	-113	784	1610323100	-8	-5	-1	-4	-1	-1	0	-438	539	-113	384	0	-400
1	-113	784	1610325084	-7	-4	-3	-5	0	0	0	-438	539	-113	384	0	-400
1	-113	784	1610327108	-9	-6	-1	-5	-1	-1	0	-439	538	-113	384	0	-400
1	-113	784	1610329116	-9	-5	-1	-5	-1	-1	0	-440	537	-113	384	0	-400
1	-113	784	1610331108	-8	-7	-3	-6	-1	-1	0	-441	536	-113	384	0	-400
1	-113	784	1610333092	-9	-6	-1	-7	0	-1	0	-441	535	-113	384	0	-400
1	-113	784	1610335104	-10	-7	-3	-6	-1	-1	0	-442	534	-113	384	0	-400
1	-113	784	1610337108	-10	-7	-1	-7	-1	-1	0	-443	533	-113	384	0	-400
1	-113	784	1610339108	-11	-8	-2	-8	-1	-1	0	-444	532	-113	384	0	-400
1	-113	784	1610341108	-10	-9	-2	-7	-1	-1	0	-445	531	-113	384	0	-400
1	-113	784	1610343108	-9	-8	-2	-8	-1	-1	0	-446	530	-113	384	0	-400
1	-113	784	1610345104	-10	-7	-1	-9	-1	-2	0	-447	528	-113	384	0	-400
1	-113	784	1610347104	-10	-9	-3	-7	-1	-1	0	-448	527	-113	384	0	-400
1	-113	784	1610349104	-10	-7	-1	-9	-1	-1	0	-449	526	-113	384	0	-400
1	-113	784	1610351104	-10	-9	-3	-9	-1	-1	0	-450	525	-113	384	0	-400
1	-113	784	1610353096	-9	-8	-1	-7	0	-1	0	-450	524	-113	384	0	-400
1	-113	784	1610355104	-9	-7	-2	-8	-1	-2	0	-451	522	-113	384	0	-400
1	-113	784	1610357112	-8	-8	-2	-8	-1	-1	0	-452	521	-113	384	0	-400
1	-113	784	1610359112	-9	-7	-2	-8	-1	-1	0	-453	520	-113	384	0	-400
1	-113	784	1610361096	-8	-8	-1	-7	0	-1	0	-453	519	-113	384	0	-400
1	-113	784	1610363108	-7	-6	-3	-8	-1	-1	0	-454	518	-113	384	0	-400
1	-113	784	1610365104	-8	-6	-1	-6	-1	-1	0	-455	517	-113	384	0	-400
1	-113	784	1610367084	-7	-6	-1	-6	0	-1	0	-455	516	-113	384	0	-400
1	-113	784	1610369096	-8	-8	-2	-7	-1	-1	0	-456	515	-113	384	0	-400
1	-113	784	1610371096	-6	-5	-2	-6	-1	-1	0	-457	514	-113	384	0	-400
1	-113	784	1610373072	-6	-5	-1	-5	0	-1	0	-457	513	-113	384	0	-400
1	-113	784	1610375072	-6	-5	-3	-6	-1	0	0	-458	513	-113	384	0	-400
1	-113	784	1610377084	-7	-5	-1	-5	-1	-1	0	-459	512	-113	384	0	-400
1	-113	784	1610379064	-5	-5	-1	-5	0	-1	0	-459	511	-113	384	0	-400
1	-113	784	1610381076	-5	-4	-3	-4	-1	-1	0	-460	510	-113	384	0	-400
1	-113	784	1610383056	-5	-3	-1	-5	0	0	0	-460	510	-113	384	0	-400
1	-113	784	1610385072	-3	-4	-1	-4	0	-1	0	-460	509	-113	384	0	-400
1	-113	784	1610387072	-4	-4	-2	-3	-1	0	0	-461	509	-113	384	0	-400
1	-113	784	1610389072	-4	-2	-2	-4	0	-1	0	-461	508	-113	384	0	-400
1	-113	784	1610391072	-4	-3	-1	-3	-1	0	0	-462	508	-113	384	0	-400
1	-113	784	1610393068	-2	-4	-2	-2	0	-1	0	-462	507	-113	384	0	-400
1	-113	784	1610395056	-3	-1	0	-3	0	0	0	-462	507	-113	384	0	-400
1	-113	784	1610397064	-2	-2	-1	-2	0	0	0	-462	507	-113	384	0	-400
1	-113	784	1610399084	-1	-2	-1	-1	-1	0	0	-463	507	-113	384	0	-400
1	-113	784	1610401084	-2	-1	-1	-2	0	-1	0	-463	506	-113	384	0	-400
1	-113	784	1610403072	-1	-1	0	-2	0	0	0	-463	506	-113	384	0	-400
1	-113	784	1610405068	-1	-1	-2	0	0	0	0	-463	506	-113	384	0	-400
1	-113	784	1610407036	0	-2	0	-1	0	0	0	-463	506	-113	384	0	-400
1	-113	784	1610409060	-1	0	-1	-2	0	0	0	-463	506	-113	384	0	-400
1	-113	784	1610413028	0	-1	0	-1	0	0	0	-463	506	-113	384	0	-400
1	-113	784	1610415028	0	0	-1	0	0	0	0	-463	506	-113	384	0	-400
1	-113	784	1610417032	-2	0	0	0	0	0	0	-463	506	-113	384	0	-400
1	-113	784	1610425056	0	0	0	-1	0	-1	0	-463	505	-113	384	0	-400
1	-113	784	1610439048	1	0	0	0	0	0	0	-463	505	-113	384	0	-400
1	-113	784	1610453024	1	0	-1	0	0	0	0	-463	505	-113	384	0	-400
1	-113	784	1610461044	1	0	0	0	0	0	0	-463	505	-113	384	0	-400
1	-113	784	1610465068	2	-1	0	0	0	0	0	-463	505	-113	384	0	-400
1	-113	784	1610467040	0	0	0	-1	0	0	0	-463	505	-113	384	0	-400
1	-113	784	1610469068	1	-1	0	0	0	0	0	-463	505	-113	384	0	-400
1	-113	784	1610471064	2	0	0	-2	0	0	0	-463	505	-113	384	0	-400
1	-113	784	1610473060	2	-3	0	-1	0	0	0	-463	505	-113	384	0	-400
1	-113	784	1610475064	2	-1	0	-1	0	0	0	-463	505	-113	384	0	-400
1	-113	784	1610477076	4	-3	0	-3	0	-1	0	-463	504	-113	384	0	-400
1	-113	784	1610479060	4	-3	0	-2	0	0	0	-463	504	-113	384	0	-400
1	-113	784	1610481076	5	-4	0	-4	0	-1	0	-463	503	-113	384	0	-400
1	-113	784	1610483084	6	-4	0	-4	1	0	0	-462	503	-113	384	0	-400
1	-113	784	1610485084	6	-6	1	-6	0	-1	0	-462	502	-113	384	0	-400
1	-113	784	1610487096	8	-6	0	-5	1	-1	0	-461	501	-113	384	0	-400
1	-113	784	1610489092	7	-8	2	-6	1	-1	0	-460	500	-113	384	0	-400
1	-113	784	1610491080	9	-7	1	-9	0	-1	0	-460	499	-113	384	0	-400
1	-113	784	1610493088	9	-9	1	-7	1	-2	0	-459	497	-113	384	0	-400
1	-113	784	1610495092	10	-10	3	-9	1	-1	0	-458	496	-113	384	0	-400
1	-113	784	1610497092	11	-11	1	-10	1	-2	0	-457	494	-113	384	0	-400
1	-113	784	1610499092	11	-12	2	-11	1	-1	0	-456	493	-113	384	0	-400
1	-113	784	1610501088	13	-11	3	-10	1	-2	0	-455	491	-113	384	0	-400
1	-113	784	1610503088	12	-14	2	-14	1	-2	0	-454	489	-113	384	0	-400
1	-113	784	1610505092	15	-15	4	-13	2	-2	0	-452	487	-113	384	0	-400
1	-113	784	1610507096	15	-13	3	-12	1	-2	0	-451	485	-113	384	0	-400
1	-113	784	1610509096	15	-15	5	-15	1	-2	0	-450	483	-113	384	0	-400
1	-113	784	1610511096	15	-14	3	-14	2	-2	0	-448	481	-113	384	0	-400
1	-113	784	1610513096	16	-15	4	-14	1	-2	0	-447	479	-113	384	0	-400
1	-113	784	1610515096	15	-15	5	-16	2	-3	0	-445	476	-113	384	0	-400
1	-113	784	1610517096	17	-15	5	-14	1	-2	0	-444	474	-113	384	0	-400
1	-113	784	1610519100	15	-14	5	-13	2	-2	0	-442	472	-113	384	0	-400
1	-113	784	1610521104	13	-14	5	-15	1	-2	0	-441	470	-113	384	0	-400
1	-113	784	1610523104	14	-12	5	-12	2	-2	0	-439	468	-113	384	0	-400
1	-113	784	1610525108	13	-13	5	-12	1	-2	0	-438	466	-113	384	0	-400
1	-113	784	1610527120	11	-11	5	-13	1	-2	0	-437	464	-113	384	0	-400
1	-113	784	1610529120	11	-10	4	-10	1	-1	0	-436	463	-113	384	0	-400
1	-113	784	1610531120	11	-11	5	-10	2	-2	0	-434	461	-113	384	0	-400
1	-113	784	1610533124	9	-9	4	-8	1	-1	0	-433	460	-113	384	0	-400
1	-113	784	1610535112	8	-7	3	-9	0	-1	0	-433	459	-113	384	0	-400
1	-113	784	1610537120	6	-7	4	-8	1	-1	0	-432	458	-113	384	0	-400
1	-113	784	1610539120	5	-6	4	-6	1	-1	0	-431	457	-113	384	0	-400
1	-113	784	1610541108	4	-5	2	-6	0	-1	0	-431	456	-113	384	0	-400
1	-113	784	1610543116	2	-4	3	-5	1	-1	0	-430	455	-113	384	0	-400
1	-113	784	1610545088	1	-2	2	-4	0	0	0	-430	455	-113	384	0	-400
1	-113	784	1610547100	0	-3	2	-4	0	-1	0	-430	454	-113	384	0	-400
1	-113	784	1610549092	0	-1	1	-2	0	0	0	-430	454	-113	384	0	-400
1	-113	784	1610551092	0	-1	1	-3	0	0	0	-430	454	-113	384	0	-400
1	-113	784	1610553096	0	-1	1	-1	0	0	0	-430	454	-113	384	0	-400
1	-113	784	1610555084	0	-2	0	-1	0	-1	0	-430	453	-113	384	0	-400
1	-113	784	1610557076	0	-1	0	0	0	0	0	-430	453	-113	384	0	-400
1	-113	784	1610559080	0	0	0	-1	0	0	0	-430	453	-113	384	0	-400
1	-113	784	1610563084	0	0	0	-2	0	0	0	-430	453	-113	384	0	-400
1	-113	784	1610565088	0	0	2	0	0	0	0	-430	453	-113	384	0	-400
1	-113	784	1610595104	0	-1	0	0	0	0	0	-430	453	-113	384	0	-400
