1	0	-500	487415660	1	0	0	0	0	0	1	0	-500	0	-500	0	0
1	0	-500	487417668	2	0	0	0	0	0	1	0	-500	0	-500	0	0
1	0	-500	487419664	2	0	0	0	0	0	1	0	-500	0	-500	0	0
1	0	-500	487421656	1	0	1	0	0	0	1	0	-500	0	-500	0	0
1	0	-500	487423684	2	1	0	0	0	0	1	0	-500	0	-500	0	0
1	0	-500	487425656	3	0	1	0	0	0	1	0	-500	0	-500	0	0
1	0	-500	487427668	4	0	0	0	1	0	1	1	-500	0	-500	0	0
1	0	-500	487429684	2	0	1	1	0	0	1	1	-500	0	-500	0	0
1	-141	980	487431648	4	0	2	0	0	0	1	1	-500	-141	480	0	-500
1	-141	980	487433660	4	0	0	0	1	0	1	2	-500	-141	480	0	-500
1	-141	980	487435648	3	0	1	0	0	0	1	2	-500	-141	480	0	-500
1	-141	980	487437660	4	0	1	0	0	0	1	2	-500	-141	480	0	-500
1	-141	980	487439668	5	0	1	0	1	0	1	3	-500	-141	480	0	-500
1	-141	980	487441660	4	0	2	0	0	0	1	3	-500	-141	480	0	-500
1	-141	980	487443668	5	0	1	0	1	0	1	4	-500	-141	480	0	-500
1	-141	980	487445656	5	0	1	0	0	0	1	4	-500	-141	480	0	-500
1	-141	980	487447656	5	0	1	0	0	0	1	4	-500	-141	480	0	-500
1	-141	980	487449696	5	-1	3	-1	1	0	1	5	-500	-141	480	0	-500
1	-141	980	487451680	5	-1	1	0	0	0	1	5	-500	-141	480	0	-500
1	-141	980	487453688	5	0	1	-1	1	0	1	6	-500	-141	480	0	-500
1	-141	980	487455688	5	-1	2	-1	0	-1	1	6	-501	-141	480	0	-500
1	-141	980	487457692	4	-1	1	0	1	0	1	7	-501	-141	480	0	-500
1	-141	980	487459676	5	-2	1	-2	0	0	1	7	-501	-141	480	0	-500
1	-141	980	487461696	5	-1	3	-1	1	0	1	8	-501	-141	480	0	-500
1	-141	980	487463680	3	-1	1	-1	0	0	1	8	-501	-141	480	0	-500
1	-141	980	487465700	4	-1	1	-1	1	0	1	9	-501	-141	480	0	-500
1	-141	980	487467696	4	-2	1	0	0	-1	1	9	-502	-141	480	0	-500
1	-141	980	487469680	4	0	2	-2	0	0	1	9	-502	-141	480	0	-500
1	-141	980	487471688	3	-1	1	-1	1	0	1	10	-502	-141	480	0	-500
1	-141	980	487473672	3	-1	1	-1	0	0	1	10	-502	-141	480	0	-500
1	-141	980	487475672	4	-1	1	-1	0	0	1	10	-502	-141	480	0	-500
1	-141	980	487477676	2	-2	2	-2	1	0	1	11	-502	-141	480	0	-500
1	-141	980	487479684	4	-1	1	-1	0	-1	0	11	-503	-141	480	0	-500
1	-141	980	487481676	2	-2	1	-2	0	0	0	11	-503	-141	480	0	-500
1	-141	980	487483684	3	-2	1	-2	1	0	0	12	-503	-141	480	0	-500
1	-141	980	487485680	2	-2	2	-2	0	-1	0	12	-504	-141	480	0	-500
1	-141	980	487487668	3	-3	1	-1	0	0	0	12	-504	-141	480	0	-500
1	-141	980	487489676	1	-2	1	-3	0	0	0	12	-504	-141	480	0	-500
1	-141	980	487491696	3	-3	1	-2	1	-1	0	13	-505	-141	480	0	-500
1	-141	980	487493676	1	-2	2	-3	0	0	0	13	-505	-141	480	0	-500
1	-141	980	487495676	1	-4	2	-4	0	-1	0	13	-506	-141	480	0	-500
1	-141	980	487497668	1	-4	1	-3	0	0	0	13	-506	-141	480	0	-500
1	-141	980	487499676	2	-2	2	-3	1	0	0	14	-506	-141	480	0	-500
1	-141	980	487501672	1	-5	1	-4	0	-1	0	14	-507	-141	480	0	-500
1	-141	980	487503676	1	-4	1	-3	0	-1	0	14	-508	-141	480	0	-500
1	-141	980	487505668	0	-4	1	-4	0	0	0	14	-508	-141	480	0	-500
1	-141	980	487507680	0	-3	3	-5	0	-1	0	14	-509	-141	480	0	-500
1	-141	980	487509684	0	-5	1	-5	0	-1	0	14	-510	-141	480	0	-500
1	-141	980	487511676	0	-5	1	-4	0	0	0	14	-510	-141	480	0	-500
1	-141	980	487513684	0	-4	2	-4	0	-1	0	14	-511	-141	480	0	-500
1	-141	980	487515688	0	-4	1	-5	0	-1	0	14	-512	-141	480	0	-500
1	-141	980	487517684	0	-5	1	-5	1	0	0	15	-512	-141	480	0	-500
1	-141	980	487519680	0	-4	1	-3	0	-1	0	15	-513	-141	480	0	-500
1	-141	980	487521684	0	-5	2	-5	0	-1	0	15	-514	-141	480	0	-500
1	-141	980	487523676	0	-3	1	-4	0	0	0	15	-514	-141	480	0	-500
1	-141	980	487525656	-1	-5	1	-4	0	-1	0	15	-515	-141	480	0	-500
1	-141	980	487527676	-2	-4	0	-4	0	0	0	15	-515	-141	480	0	-500
1	-141	980	487529664	-1	-4	1	-5	0	-1	0	15	-516	-141	480	0	-500
1	-141	980	487531696	-1	-4	0	-3	0	-1	0	15	-517	-141	480	0	-500
1	-141	980	487533680	-1	-2	2	-3	0	0	0	15	-517	-141	480	0	-500
1	-141	980	487535696	-2	-4	0	-4	0	-1	0	15	-518	-141	480	0	-500
1	-141	980	487537648	-1	-4	1	-3	0	0	0	15	-518	-141	480	0	-500
1	-141	980	487539680	-1	-2	0	-3	0	0	0	15	-518	-141	480	0	-500
1	-141	980	487541680	-1	-4	0	-4	0	-1	0	15	-519	-141	480	0	-500
1	-141	980	487543668	-2	-2	0	-2	0	0	0	15	-519	-141	480	0	-500
1	-141	980	487545684	-1	-3	0	-3	0	-1	0	15	-520	-141	480	0	-500
1	-141	980	487547668	-1	-2	0	-2	0	0	0	15	-520	-141	480	0	-500
1	-141	980	487549672	-1	-2	0	-1	0	0	0	15	-520	-141	480	0	-500
1	-141	980	487551676	-2	-2	0	-3	0	-1	0	15	-521	-141	480	0	-500
1	-141	980	487553668	-1	-1	0	-1	0	0	0	15	-521	-141	480	0	-500
1	-141	980	487555668	-1	-2	0	-1	0	0	0	15	-521	-141	480	0	-500
1	-141	980	487557644	0	-1	0	-2	0	0	0	15	-521	-141	480	0	-500
1	-141	980	487559676	-1	-1	0	-1	0	0	0	15	-521	-141	480	0	-500
1	-141	980	487561656	0	-1	0	-1	0	-1	0	15	-522	-141	480	0	-500
1	-141	980	487563644	0	0	0	-1	0	0	0	15	-522	-141	480	0	-500
1	-141	980	487565648	-2	0	0	0	0	0	0	15	-522	-141	480	0	-500
1	-141	980	487567644	0	-2	0	0	0	0	0	15	-522	-141	480	0	-500
1	-141	980	487569640	0	0	0	-2	0	0	0	15	-522	-141	480	0	-500
1	-141	980	487581652	-1	0	-1	0	-1	0	0	14	-522	-141	480	0	-500
1	-141	980	487585640	0	0	-1	0	0	0	0	14	-522	-141	480	0	-500
1	-141	980	487587640	0	0	-1	0	0	0	0	14	-522	-141	480	0	-500
1	-141	980	487589636	0	0	-1	0	0	0	0	14	-522	-141	480	0	-500
1	-141	980	487591660	-1	1	-2	1	0	0	0	14	-522	-141	480	0	-500
1	-141	980	487593656	0	1	-2	1	0	0	0	14	-522	-141	480	0	-500
1	-141	980	487595668	-1	1	-4	1	-1	0	0	13	-522	-141	480	0	-500
1	-141	980	487597660	-2	3	-4	3	0	0	0	13	-522	-141	480	0	-500
1	-141	980	487599652	-1	1	-3	1	0	0	0	13	-522	-141	480	0	-500
1	-141	980	487601672	-1	4	-7	3	-1	1	0	12	-521	-141	480	0	-500
1	-141	980	487603652	-1	2	-5	2	0	0	0	12	-521	-141	480	0	-500
1	-141	980	487605672	-2	4	-5	3	-1	0	0	11	-521	-141	480	0	-500
1	-141	980	487607684	-2	4	-7	5	-1	1	0	10	-520	-141	480	0	-500
1	-141	980	487609660	-1	3	-6	2	0	0	0	10	-520	-141	480	0	-500
1	-141	980	487611692	-2	5	-8	5	-1	1	0	9	-519	-141	480	0	-500
1	-141	980	487613692	-2	5	-7	4	-1	1	0	8	-518	-141	480	0	-500
1	-141	980	487615684	-3	5	-9	5	0	1	0	8	-517	-141	480	0	-500
1	-141	980	487617680	-1	5	-9	5	-1	0	0	7	-517	-141	480	0	-500
1	-141	980	487619692	-1	5	-7	5	-1	1	0	6	-516	-141	480	0	-500
1	-141	980	487621696	-3	7	-10	6	-1	1	0	5	-515	-141	480	0	-500
1	-141	980	487623676	-1	6	-8	5	0	1	0	5	-514	-141	480	0	-500
1	-141	980	487625684	-2	5	-9	5	-1	1	0	4	-513	-141	480	0	-500
1	-141	980	487627688	-2	6	-8	6	-1	1	0	3	-512	-141	480	0	-500
1	-141	980	487629672	-1	5	-8	5	-1	0	0	2	-512	-141	480	0	-500
1	-141	980	487631672	-1	6	-7	7	0	1	0	2	-511	-141	480	0	-500
1	-141	980	487633692	-1	5	-8	5	-1	1	0	1	-510	-141	480	0	-500
1	-141	980	487635692	-2	7	-7	6	-1	1	0	0	-509	-141	480	0	-500
1	-141	980	487637684	-1	5	-8	5	0	1	0	0	-508	-141	480	0	-500
1	-141	980	487639692	-1	6	-6	5	-1	1	0	-1	-507	-141	480	0	-500
1	-141	980	487641660	0	5	-8	6	0	0	0	-1	-507	-141	480	0	-500
1	-141	980	487643684	-1	5	-6	5	-1	1	0	-2	-506	-141	480	0	-500
1	-141	980	487645676	-2	5	-6	4	-1	1	0	-3	-505	-141	480	0	-500
1	-141	980	487647668	0	5	-6	6	0	1	0	-3	-504	-141	480	0	-500
1	-141	980	487649668	-1	5	-5	5	0	0	0	-3	-504	-141	480	0	-500
1	-141	980	487651696	-1	5	-5	4	-1	1	0	-4	-503	-141	480	0	-500
1	-141	980	487653692	-1	5	-7	5	-1	1	0	-5	-502	-141	480	0	-500
1	-141	980	487655684	0	4	-5	5	0	1	0	-5	-501	-141	480	0	-500
1	-141	980	487657688	-2	5	-6	4	-1	0	0	-6	-501	-141	480	0	-500
1	-141	980	487659680	-1	3	-4	3	0	1	0	-6	-500	-141	480	0	-500
1	-141	980	487661664	0	5	-6	5	0	0	0	-6	-500	-141	480	0	-500
1	-141	980	487663688	-1	4	-4	4	-1	1	0	-7	-499	-141	480	0	-500
1	-141	980	487665680	-1	4	-5	5	0	1	0	-7	-498	-141	480	0	-500
1	-141	980	487667672	0	4	-5	4	-1	0	0	-8	-498	-141	480	0	-500
1	-141	980	487669668	-2	3	-3	4	0	1	0	-8	-497	-141	480	0	-500
1	-141	980	487671652	-1	4	-5	3	0	0	0	-8	-497	-141	480	0	-500
1	-141	980	487673676	-1	3	-4	4	-1	1	0	-9	-496	-141	480	0	-500
1	-141	980	487675644	-1	3	-4	4	0	0	0	-9	-496	-141	480	0	-500
1	-141	980	487677664	0	3	-4	4	0	1	0	-9	-495	-141	480	0	-500
1	-141	980	487679668	-2	4	-3	2	-1	0	0	-10	-495	-141	480	0	-500
1	-141	980	487681660	-1	2	-4	4	0	1	0	-10	-494	-141	480	0	-500
1	-141	980	487683656	0	3	-4	4	0	0	0	-10	-494	-141	480	0	-500
1	-141	980	487685676	-1	2	-2	2	-1	1	0	-11	-493	-141	480	0	-500
1	-141	980	487687656	-1	4	-4	4	0	0	0	-11	-493	-141	480	0	-500
1	-141	980	487689692	-2	2	-4	2	-1	1	0	-12	-492	-141	480	0	-500
1	-141	980	487691660	0	3	-4	4	0	0	0	-12	-492	-141	480	0	-500
1	-141	980	487693656	-1	2	-2	3	0	0	0	-12	-492	-141	480	0	-500
1	-141	980	487695676	0	3	-4	3	0	1	0	-12	-491	-141	480	0	-500
1	-141	980	487697676	-1	4	-4	3	-1	0	0	-13	-491	-141	480	0	-500
1	-141	980	487699680	0	2	-3	4	0	1	0	-13	-490	-141	480	0	-500
1	-141	980	487701664	-1	4	-4	2	0	0	0	-13	-490	-141	480	0	-500
1	-141	980	487703696	0	4	-4	4	-1	1	0	-14	-489	-141	480	0	-500
1	-141	980	487705668	0	2	-4	2	0	0	0	-14	-489	-141	480	0	-500
1	-141	980	487707680	-2	4	-3	5	0	1	0	-14	-488	-141	480	0	-500
1	-141	980	487709668	0	4	-4	3	-1	0	0	-15	-488	-141	480	0	-500
1	-141	980	487711668	0	3	-5	4	0	1	0	-15	-487	-141	480	0	-500
1	-141	980	487713656	0	4	-4	3	0	0	0	-15	-487	-141	480	0	-500
1	-141	980	487715680	0	5	-5	5	-1	1	0	-16	-486	-141	480	0	-500
1	-141	980	487717664	0	5	-4	4	0	1	0	-16	-485	-141	480	0	-500
1	-141	980	487719652	0	4	-5	4	0	0	0	-16	-485	-141	480	0	-500
1	-141	980	487721676	0	4	-5	5	-1	1	0	-17	-484	-141	480	0	-500
1	-141	980	487723664	0	5	-3	4	0	1	0	-17	-483	-141	480	0	-500
1	-141	980	487725652	0	5	-5	3	0	0	0	-17	-483	-141	480	0	-500
1	-141	980	487727676	0	3	-5	5	-1	1	0	-18	-482	-141	480	0	-500
1	-141	980	487729664	0	5	-5	5	0	1	0	-18	-481	-141	480	0	-500
1	-141	980	487731652	0	5	-5	4	0	0	0	-18	-481	-141	480	0	-500
1	-141	980	487733676	0	4	-5	5	-1	1	0	-19	-480	-141	480	0	-500
1	-141	980	487735660	0	5	-5	5	0	1	0	-19	-479	-141	480	0	-500
1	-141	980	487737664	0	4	-5	4	-1	0	0	-20	-479	-141	480	0	-500
1	-141	980	487739660	1	5	-4	4	0	1	0	-20	-478	-141	480	0	-500
1	-141	980	487741660	0	4	-5	5	0	1	0	-20	-477	-141	480	0	-500
1	-141	980	487743664	0	3	-5	3	-1	0	0	-21	-477	-141	480	0	-500
1	-141	980	487745664	0	4	-4	4	0	1	0	-21	-476	-141	480	0	-500
1	-141	980	487747652	0	4	-5	4	0	0	0	-21	-476	-141	480	0	-500
1	-141	980	487749664	0	4	-4	2	0	1	0	-21	-475	-141	480	0	-500
1	-141	980	487751664	0	2	-3	4	-1	0	0	-22	-475	-141	480	0	-500
1	-141	980	487753660	0	4	-3	3	0	1	0	-22	-474	-141	480	0	-500
1	-141	980	487755648	0	2	-4	3	0	0	0	-22	-474	-141	480	0	-500
1	-141	980	487757664	0	3	-2	3	0	1	0	-22	-473	-141	480	0	-500
1	-141	980	487759664	0	2	-3	1	-1	0	0	-23	-473	-141	480	0	-500
1	-141	980	487761648	0	2	-2	3	0	0	0	-23	-473	-141	480	0	-500
1	-141	980	487763660	0	1	-3	2	0	1	0	-23	-472	-141	480	0	-500
1	-141	980	487765648	0	1	-1	1	0	0	0	-23	-472	-141	480	0	-500
1	-141	980	487767652	0	1	-2	2	0	0	0	-23	-472	-141	480	0	-500
1	-141	980	487769652	0	2	-2	1	0	0	0	-23	-472	-141	480	0	-500
1	-141	980	487771656	0	1	-1	1	0	0	0	-23	-472	-141	480	0	-500
1	-141	980	487773632	0	0	0	1	0	0	0	-23	-472	-141	480	0	-500
1	-141	980	487775676	0	1	-1	0	-1	0	0	-24	-472	-141	480	0	-500
1	-141	980	487777676	0	0	-1	2	0	1	0	-24	-471	-141	480	0	-500
1	-141	980	487779640	0	1	0	0	0	0	0	-24	-471	-141	480	0	-500
1	-141	980	487783668	0	0	-2	1	0	0	0	-24	-471	-141	480	0	-500
1	-141	980	487787644	0	2	0	0	0	0	0	-24	-471	-141	480	0	-500
1	-141	980	487789648	0	0	-1	0	0	0	0	-24	-471	-141	480	0	-500
1	-141	980	487799644	0	1	0	0	0	0	0	-24	-471	-141	480	0	-500
1	-141	980	487801648	0	0	-1	0	0	0	0	-24	-471	-141	480	0	-500
1	-141	980	487811660	0	0	-1	0	0	0	0	-24	-471	-141	480	0	-500
1	-141	980	487813684	-1	0	0	1	0	0	0	-24	-471	-141	480	0	-500
1	-141	980	487815684	0	1	-2	0	0	0	0	-24	-471	-141	480	0	-500
1	-141	980	487819688	0	0	-1	1	0	0	0	-24	-471	-141	480	0	-500
1	-141	980	487821692	0	1	-1	0	0	0	0	-24	-471	-141	480	0	-500
1	-141	980	487823704	-1	2	-1	2	0	1	0	-24	-470	-141	480	0	-500
1	-141	980	487825704	0	1	-2	1	-1	0	0	-25	-470	-141	480	0	-500
1	-141	980	487827688	-1	1	-2	1	0	0	0	-25	-470	-141	480	0	-500
1	-141	980	487829680	-1	1	-1	3	0	0	0	-25	-470	-141	480	0	-500
1	-141	980	487831688	-2	3	-3	1	0	0	0	-25	-470	-141	480	0	-500
1	-141	980	487833712	-1	2	-4	4	-1	1	0	-26	-469	-141	480	0	-500
1	-141	980	487835676	-1	4	-3	2	0	0	0	-26	-469	-141	480	0	-500
1	-141	980	487837688	-1	3	-4	3	0	1	0	-26	-468	-141	480	0	-500
1	-141	980	487839684	-3	3	-4	2	-1	0	0	-27	-468	-141	480	0	-500
1	-141	980	487841684	-1	4	-5	4	0	1	0	-27	-467	-141	480	0	-500
1	-141	980	487843680	-3	4	-5	4	-1	0	0	-28	-467	-141	480	0	-500
1	-141	980	487845696	-2	4	-5	3	-1	1	0	-29	-466	-141	480	0	-500
1	-141	980	487847676	-3	5	-6	5	0	1	0	-29	-465	-141	480	0	-500
1	-141	980	487849672	-2	3	-5	4	-1	0	0	-30	-465	-141	480	0	-500
1	-141	980	487851672	-4	5	-6	5	0	1	0	-30	-464	-141	480	0	-500
1	-141	980	487853692	-4	5	-8	5	-1	1	0	-31	-463	-141	480	0	-500
1	-141	980	487855684	-2	5	-7	5	-1	0	0	-32	-463	-141	480	0	-500
1	-141	980	487857700	-4	5	-8	5	-1	1	0	-33	-462	-141	480	0	-500
1	-141	980	487859700	-5	5	-9	5	-1	1	0	-34	-461	-141	480	0	-500
1	-141	980	487861708	-4	7	-8	5	-1	1	0	-35	-460	-141	480	0	-500
1	-141	980	487863712	-5	5	-9	5	-1	1	0	-36	-459	-141	480	0	-500
1	-141	980	487865704	-3	5	-9	5	-1	0	0	-37	-459	-141	480	0	-500
1	-141	980	487867716	-7	6	-11	6	-1	1	0	-38	-458	-141	480	0	-500
1	-141	980	487869716	-5	5	-9	5	-1	1	0	-39	-457	-141	480	0	-500
1	-141	980	487871716	-6	6	-10	5	-1	1	0	-40	-456	-141	480	0	-500
1	-141	980	487873716	-6	5	-12	7	-2	1	0	-42	-455	-141	480	0	-500
1	-141	980	487875712	-6	6	-10	5	-1	1	0	-43	-454	-141	480	0	-500
1	-141	980	487877696	-7	5	-12	5	-1	0	0	-44	-454	-141	480	0	-500
1	-141	980	487879704	-6	5	-11	5	-2	1	0	-46	-453	-141	480	0	-500
1	-141	980	487881692	-7	7	-12	6	-1	1	0	-47	-452	-141	480	0	-500
1	-141	980	487883692	-8	6	-12	5	-2	1	0	-49	-451	-141	480	0	-500
1	-141	980	487885688	-7	5	-12	5	-1	1	0	-50	-450	-141	480	0	-500
1	-141	980	487887688	-9	6	-14	6	-2	1	0	-52	-449	-141	480	0	-500
1	-141	980	487889672	-8	5	-12	5	-1	0	0	-53	-449	-141	480	0	-500
1	-141	980	487891680	-8	6	-13	5	-2	1	0	-55	-448	-141	480	0	-500
1	-141	980	487893676	-9	5	-12	5	-1	1	0	-56	-447	-141	480	0	-500
1	-141	980	487895672	-8	5	-14	6	-2	1	0	-58	-446	-141	480	0	-500
1	-141	980	487897656	-8	5	-13	5	-2	0	0	-60	-446	-141	480	0	-500
1	-141	980	487899664	-9	7	-12	5	-1	1	0	-61	-445	-141	480	0	-500
1	-141	980	487901660	-9	5	-15	7	-2	1	0	-63	-444	-141	480	0	-500
1	-141	980	487903660	-7	5	-13	5	-2	1	0	-65	-443	-141	480	0	-500
1	-141	980	487905672	-9	5	-12	5	-1	1	0	-66	-442	-141	480	0	-500
1	-141	980	487907652	-9	5	-14	5	-2	0	0	-68	-442	-141	480	0	-500
1	-141	980	487909660	-7	5	-11	5	-1	1	0	-69	-441	-141	480	0	-500
1	-141	980	487911660	-9	5	-13	3	-2	1	0	-71	-440	-141	480	0	-500
1	-141	980	487913644	-9	3	-11	5	-1	0	0	-72	-440	-141	480	0	-500
1	-141	980	487915664	-9	5	-12	5	-2	1	0	-74	-439	-141	480	0	-500
1	-141	980	487917660	-7	5	-12	5	-1	1	0	-75	-438	-141	480	0	-500
1	-141	980	487919656	-8	5	-11	4	-2	1	0	-77	-437	-141	480	0	-500
1	-141	980	487921636	-7	4	-11	5	-1	0	0	-78	-437	-141	480	0	-500
1	-141	980	487923652	-6	4	-10	5	-1	1	0	-79	-436	-141	480	0	-500
1	-141	980	487925648	-8	5	-10	4	-2	1	0	-81	-435	-141	480	0	-500
1	-141	980	487927636	-7	5	-11	5	-1	0	0	-82	-435	-141	480	0	-500
1	-141	980	487929644	-7	4	-10	4	-1	1	0	-83	-434	-141	480	0	-500
1	-141	980	487931628	-7	3	-9	3	-1	0	0	-84	-434	-141	480	0	-500
1	-141	980	487933644	-6	5	-9	4	-2	1	0	-86	-433	-141	480	0	-500
1	-141	980	487935648	-8	4	-10	5	-1	1	0	-87	-432	-141	480	0	-500
1	-141	980	487937636	-6	4	-9	4	-1	0	0	-88	-432	-141	480	0	-500
1	-141	980	487939652	-8	4	-8	4	-1	1	0	-89	-431	-141	480	0	-500
1	-141	980	487941640	-6	3	-9	3	-1	0	0	-90	-431	-141	480	0	-500
1	-141	980	487943656	-6	4	-8	4	-1	1	0	-91	-430	-141	480	0	-500
1	-141	980	487945648	-8	4	-7	3	-2	1	0	-93	-429	-141	480	0	-500
1	-141	980	487947640	-6	2	-8	3	-1	0	0	-94	-429	-141	480	0	-500
1	-141	980	487949656	-6	4	-7	4	-1	1	0	-95	-428	-141	480	0	-500
1	-141	980	487951648	-8	3	-6	3	-1	0	0	-96	-428	-141	480	0	-500
1	-141	980	487953652	-7	2	-7	2	-1	0	0	-97	-428	-141	480	0	-500
1	-141	980	487955656	-8	3	-6	3	-1	1	0	-98	-427	-141	480	0	-500
1	-141	980	487957648	-6	2	-6	1	-1	0	0	-99	-427	-141	480	0	-500
1	-141	980	487959648	-7	1	-5	2	-1	0	0	-100	-427	-141	480	0	-500
1	-141	980	487961644	-8	2	-6	2	-1	0	0	-101	-427	-141	480	0	-500
1	-141	980	487963664	-7	1	-5	1	-1	1	0	-102	-426	-141	480	0	-500
1	-141	980	487965624	-8	1	-5	1	0	0	0	-102	-426	-141	480	0	-500
1	-141	980	487967608	-7	0	-4	0	-1	0	0	-103	-426	-141	480	0	-500
1	-141	980	487969604	-8	0	-5	0	-1	0	0	-104	-426	-141	480	0	-500
1	-141	980	487971600	-7	0	-4	0	-1	0	0	-105	-426	-141	480	0	-500
1	-141	980	487973600	-9	0	-2	0	-1	0	0	-106	-426	-141	480	0	-500
1	-141	980	487975600	-8	0	-4	0	-1	0	0	-107	-426	-141	480	0	-500
1	-141	980	487977600	-8	0	-4	0	-1	0	0	-108	-426	-141	480	0	-500
1	-141	980	487979624	-8	-1	-4	0	-1	0	0	-109	-426	-141	480	0	-500
1	-141	980	487981608	-9	-3	-2	-2	0	0	0	-109	-426	-141	480	0	-500
1	-141	980	487983620	-7	-1	-3	-1	-1	0	0	-110	-426	-141	480	0	-500
1	-141	980	487985612	-9	-3	-3	-2	-1	0	0	-111	-426	-141	480	0	-500
1	-141	980	487987616	-7	-1	-3	-2	-1	0	0	-112	-426	-141	480	0	-500
1	-141	980	487989632	-9	-2	-2	-2	-1	-1	0	-113	-427	-141	480	0	-500
1	-141	980	487991624	-8	-3	-3	-3	-1	0	0	-114	-427	-141	480	0	-500
1	-141	980	487993608	-8	-2	-2	-1	0	0	0	-114	-427	-141	480	0	-500
1	-141	980	487995632	-8	-2	-3	-2	-1	-1	0	-115	-428	-141	480	0	-500
1	-141	980	487997620	-9	-2	-1	-3	-1	0	0	-116	-428	-141	480	0	-500
1	-141	980	487999624	-7	-3	-3	-2	-1	0	0	-117	-428	-141	480	0	-500
1	-141	980	488001632	-8	-2	-2	-3	0	-1	0	-117	-429	-141	480	0	-500
1	-141	980	488003632	-7	-3	-3	-2	-1	0	0	-118	-429	-141	480	0	-500
1	-141	980	488005652	-9	-2	-2	-3	-1	-1	0	-119	-430	-141	480	0	-500
1	-141	980	488007636	-7	-3	-1	-2	-1	0	0	-120	-430	-141	480	0	-500
1	-141	980	488009620	-9	-2	-4	-4	0	0	0	-120	-430	-141	480	0	-500
1	-141	980	488011640	-9	-3	-3	-3	-1	-1	0	-121	-431	-141	480	0	-500
1	-141	980	488013624	-9	-3	-1	-2	-1	0	0	-122	-431	-141	480	0	-500
1	-141	980	488015640	-8	-3	-2	-4	-1	-1	0	-123	-432	-141	480	0	-500
1	-141	980	488017628	-9	-2	-3	-2	-1	0	0	-124	-432	-141	480	0	-500
1	-141	980	488019644	-8	-4	-2	-4	-1	-1	0	-125	-433	-141	480	0	-500
1	-141	980	488021616	-7	-3	-3	-4	0	0	0	-125	-433	-141	480	0	-500
1	-141	980	488023640	-8	-3	-2	-2	-1	-1	0	-126	-434	-141	480	0	-500
1	-141	980	488025628	-7	-3	-2	-3	-1	0	0	-127	-434	-141	480	0	-500
1	-141	980	488027632	-8	-4	-2	-4	0	-1	0	-127	-435	-141	480	0	-500
1	-141	980	488029624	-7	-2	-3	-3	-1	0	0	-128	-435	-141	480	0	-500
1	-141	980	488031648	-6	-4	-1	-3	-1	-1	0	-129	-436	-141	480	0	-500
1	-141	980	488033616	-5	-2	-1	-2	0	0	0	-129	-436	-141	480	0	-500
1	-141	980	488035620	-7	-4	-3	-4	-1	0	0	-130	-436	-141	480	0	-500
1	-141	980	488037628	-3	-3	-1	-3	0	-1	0	-130	-437	-141	480	0	-500
1	-141	980	488039620	-4	-3	-1	-3	-1	0	0	-131	-437	-141	480	0	-500
1	-141	980	488041624	-4	-3	-1	-3	0	-1	0	-131	-438	-141	480	0	-500
1	-141	980	488043612	-2	-2	0	-2	0	0	0	-131	-438	-141	480	0	-500
1	-141	980	488045628	-2	-3	0	-4	0	-1	0	-131	-439	-141	480	0	-500
1	-141	980	488047624	-2	-2	-2	-3	-1	0	0	-132	-439	-141	480	0	-500
1	-141	980	488049608	-1	-3	0	-2	0	0	0	-132	-439	-141	480	0	-500
1	-141	980	488051620	-2	-4	0	-4	0	-1	0	-132	-440	-141	480	0	-500
1	-141	980	488053604	-1	-2	0	-2	0	0	0	-132	-440	-141	480	0	-500
1	-141	980	488055620	-1	-4	0	-4	0	-1	0	-132	-441	-141	480	0	-500
1	-141	980	488057604	-1	-4	0	-4	0	0	0	-132	-441	-141	480	0	-500
1	-141	980	488059620	-2	-3	0	-4	0	-1	0	-132	-442	-141	480	0	-500
1	-141	980	488061592	-1	-5	1	-3	0	-1	0	-132	-443	-141	480	0	-500
1	-141	980	488063584	0	-5	0	-5	0	0	0	-132	-443	-141	480	0	-500
1	-141	980	488065600	-1	-5	1	-5	0	-1	0	-132	-444	-141	480	0	-500
1	-141	980	488067600	-1	-5	1	-5	0	-1	0	-132	-445	-141	480	0	-500
1	-141	980	488069636	0	-7	3	-7	0	-1	0	-132	-446	-141	480	0	-500
1	-141	980	488071636	-2	-7	1	-6	0	-1	0	-132	-447	-141	480	0	-500
1	-141	980	488073636	-1	-8	3	-6	0	-1	0	-132	-448	-141	480	0	-500
1	-141	980	488075644	0	-7	2	-8	0	-1	0	-132	-449	-141	480	0	-500
1	-141	980	488077644	-1	-8	3	-7	0	-1	0	-132	-450	-141	480	0	-500
1	-141	980	488079644	-1	-8	3	-8	0	-1	0	-132	-451	-141	480	0	-500
1	-141	980	488081640	-2	-9	4	-8	0	-2	0	-132	-453	-141	480	0	-500
1	-141	980	488083636	0	-10	4	-9	0	-1	0	-132	-454	-141	480	0	-500
1	-141	980	488085636	-1	-10	4	-10	0	-2	0	-132	-456	-141	480	0	-500
1	-141	980	488087632	-1	-10	3	-9	0	-1	0	-132	-457	-141	480	0	-500
1	-141	980	488089648	-1	-11	5	-12	1	-2	0	-131	-459	-141	480	0	-500
1	-141	980	488091624	-3	-12	5	-10	0	-1	0	-131	-460	-141	480	0	-500
1	-141	980	488093628	-1	-12	4	-12	0	-2	0	-131	-462	-141	480	0	-500
1	-141	980	488095624	-3	-11	6	-12	0	-2	0	-131	-464	-141	480	0	-500
1	-141	980	488097644	-2	-13	5	-11	1	-2	0	-130	-466	-141	480	0	-500
1	-141	980	488099628	-3	-14	5	-13	0	-2	0	-130	-468	-141	480	0	-500
1	-141	980	488101624	-2	-13	7	-14	0	-2	0	-130	-470	-141	480	0	-500
1	-141	980	488103632	-4	-14	5	-13	0	-2	0	-130	-472	-141	480	0	-500
1	-141	980	488105628	-4	-14	5	-13	0	-2	0	-130	-474	-141	480	0	-500
1	-141	980	488107624	-3	-14	5	-14	0	-2	0	-130	-476	-141	480	0	-500
1	-141	980	488109620	-4	-15	6	-15	0	-2	0	-130	-478	-141	480	0	-500
1	-141	980	488111632	-4	-15	5	-15	1	-2	0	-129	-480	-141	480	0	-500
1	-141	980	488113592	-5	-16	5	-13	0	-3	0	-129	-483	-141	480	0	-500
1	-141	980	488115612	-4	-15	6	-17	0	-2	0	-129	-485	-141	480	0	-500
1	-141	980	488117596	-5	-15	5	-13	0	-2	0	-129	-487	-141	480	0	-500
1	-141	980	488119588	-5	-15	5	-14	0	-2	0	-129	-489	-141	480	0	-500
1	-141	980	488121592	-5	-14	5	-15	0	-2	0	-129	-491	-141	480	0	-500
1	-141	980	488123624	-5	-13	4	-14	0	-2	0	-129	-493	-141	480	0	-500
1	-141	980	488125628	-5	-14	4	-14	0	-3	0	-129	-496	-141	480	0	-500
1	-141	980	488127624	-5	-13	3	-12	0	-1	0	-129	-497	-141	480	0	-500
1	-141	980	488129596	-5	-12	5	-14	0	-2	0	-129	-499	-141	480	0	-500
1	-141	980	488131620	-5	-13	3	-11	0	-2	0	-129	-501	-141	480	0	-500
1	-141	980	488133612	-5	-11	4	-11	0	-2	0	-129	-503	-141	480	0	-500
1	-141	980	488135624	-3	-10	2	-13	0	-2	0	-129	-505	-141	480	0	-500
1	-141	980	488137612	-5	-10	4	-10	0	-1	0	-129	-506	-141	480	0	-500
1	-141	980	488139608	-4	-9	1	-9	0	-1	0	-129	-507	-141	480	0	-500
1	-141	980	488141608	-5	-8	3	-8	0	-2	0	-129	-509	-141	480	0	-500
1	-141	980	488143608	-4	-8	2	-10	0	-1	0	-129	-510	-141	480	0	-500
1	-141	980	488145624	-4	-7	3	-8	-1	-1	0	-130	-511	-141	480	0	-500
1	-141	980	488147604	-2	-8	1	-7	0	-1	0	-130	-512	-141	480	0	-500
1	-141	980	488149604	-4	-6	2	-8	0	-1	0	-130	-513	-141	480	0	-500
1	-141	980	488151572	-2	-6	2	-7	0	-1	0	-130	-514	-141	480	0	-500
1	-141	980	488153604	-4	-7	1	-7	0	-1	0	-130	-515	-141	480	0	-500
1	-141	980	488155600	-3	-6	2	-6	0	-1	0	-130	-516	-141	480	0	-500
1	-141	980	488157572	-2	-5	2	-5	0	-1	0	-130	-517	-141	480	0	-500
1	-141	980	488159604	-3	-5	1	-5	0	-1	0	-130	-518	-141	480	0	-500
1	-141	980	488161592	-1	-5	2	-6	0	0	0	-130	-518	-141	480	0	-500
1	-141	980	488163580	-2	-5	2	-5	0	-1	0	-130	-519	-141	480	0	-500
1	-141	980	488165572	-2	-5	2	-5	0	-1	0	-130	-520	-141	480	0	-500
1	-141	980	488167608	-2	-5	3	-5	0	-1	0	-130	-521	-141	480	0	-500
1	-141	980	488169564	-1	-5	1	-5	0	0	0	-130	-521	-141	480	0	-500
1	-141	980	488171576	-2	-4	2	-5	0	-1	0	-130	-522	-141	480	0	-500
1	-141	980	488173592	-1	-5	3	-4	0	-1	0	-130	-523	-141	480	0	-500
1	-141	980	488175588	-1	-5	2	-5	0	-1	0	-130	-524	-141	480	0	-500
1	-141	980	488177576	-1	-3	3	-5	0	0	0	-130	-524	-141	480	0	-500
1	-141	980	488179564	-2	-4	2	-4	0	-1	0	-130	-525	-141	480	0	-500
1	-141	980	488181580	-1	-5	3	-3	0	0	0	-130	-525	-141	480	0	-500
1	-141	980	488183596	-1	-4	2	-5	0	-1	0	-130	-526	-141	480	0	-500
1	-141	980	488185596	0	-4	3	-4	0	-1	0	-130	-527	-141	480	0	-500
1	-141	980	488187576	-1	-3	2	-4	0	0	0	-130	-527	-141	480	0	-500
1	-141	980	488189592	0	-4	3	-4	0	-1	0	-130	-528	-141	480	0	-500
1	-141	980	488191584	-2	-3	1	-2	0	0	0	-130	-528	-141	480	0	-500
1	-141	980	488193600	0	-3	3	-4	0	-1	0	-130	-529	-141	480	0	-500
1	-141	980	488195588	-1	-3	2	-2	0	0	0	-130	-529	-141	480	0	-500
1	-141	980	488197608	0	-4	1	-3	0	-1	0	-130	-530	-141	480	0	-500
1	-141	980	488199588	-1	-1	2	-2	0	0	0	-130	-530	-141	480	0	-500
1	-141	980	488201592	0	-2	1	-3	0	0	0	-130	-530	-141	480	0	-500
1	-141	980	488203612	0	-3	2	-2	1	-1	0	-129	-531	-141	480	0	-500
1	-141	980	488205580	0	-1	2	-2	0	0	0	-129	-531	-141	480	0	-500
1	-141	980	488207560	0	-1	0	-1	0	0	0	-129	-531	-141	480	0	-500
1	-141	980	488209560	-1	-2	1	-2	0	0	0	-129	-531	-141	480	0	-500
1	-141	980	488211588	0	-1	1	-2	0	0	0	-129	-531	-141	480	0	-500
1	-141	980	488213568	0	-1	0	-1	0	-1	0	-129	-532	-141	480	0	-500
1	-141	980	488215584	0	-1	1	0	0	0	0	-129	-532	-141	480	0	-500
1	-141	980	488217552	0	-2	0	-1	0	0	0	-129	-532	-141	480	0	-500
1	-141	980	488219556	0	0	0	-1	0	0	0	-129	-532	-141	480	0	-500
1	-141	980	488221584	0	-1	2	-2	0	0	0	-129	-532	-141	480	0	-500
1	-141	980	488225556	0	-1	0	-1	0	0	0	-129	-532	-141	480	0	-500
1	-141	980	488229588	0	-1	1	-1	0	0	0	-129	-532	-141	480	0	-500
1	-141	980	488231576	0	0	0	-1	0	-1	0	-129	-533	-141	480	0	-500
1	-141	980	488233556	0	-2	0	0	0	0	0	-129	-533	-141	480	0	-500
1	-141	980	488235580	0	-1	1	-2	0	0	0	-129	-533	-141	480	0	-500
1	-141	980	488237552	0	-1	0	-1	0	0	0	-129	-533	-141	480	0	-500
1	-141	980	488239556	0	0	1	0	0	0	0	-129	-533	-141	480	0	-500
1	-141	980	488241560	0	-1	0	-1	0	0	0	-129	-533	-141	480	0	-500
1	-141	980	488243592	0	-2	2	-1	0	0	0	-129	-533	-141	480	0	-500
1	-141	980	488245572	0	-1	0	-2	0	-1	0	-129	-534	-141	480	0	-500
1	-141	980	488247600	0	-1	1	-1	1	0	0	-128	-534	-141	480	0	-500
1	-141	980	488249556	0	0	0	-1	0	0	0	-128	-534	-141	480	0	-500
1	-141	980	488251588	0	-1	1	-1	0	0	0	-128	-534	-141	480	0	-500
1	-141	980	488253556	0	-2	0	-2	0	0	0	-128	-534	-141	480	0	-500
1	-141	980	488255604	0	-1	1	-1	0	-1	0	-128	-535	-141	480	0	-500
1	-141	980	488257584	1	-1	2	-1	0	0	0	-128	-535	-141	480	0	-500
1	-141	980	488259544	0	-1	0	-1	0	0	0	-128	-535	-141	480	0	-500
1	-141	980	488261572	0	-2	1	-2	0	0	0	-128	-535	-141	480	0	-500
1	-141	980	488263568	1	-1	0	-1	0	0	0	-128	-535	-141	480	0	-500
1	-141	980	488265564	0	-1	1	-1	0	0	0	-128	-535	-141	480	0	-500
1	-141	980	488267576	2	-1	1	-1	0	-1	0	-128	-536	-141	480	0	-500
1	-141	980	488269568	0	-2	2	-2	1	0	0	-127	-536	-141	480	0	-500
1	-141	980	488271524	0	-1	0	-1	0	0	0	-127	-536	-141	480	0	-500
1	-141	980	488273552	1	-1	1	-1	0	0	0	-127	-536	-141	480	0	-500
1	-141	980	488275548	0	-1	1	-1	0	0	0	-127	-536	-141	480	0	-500
1	-141	980	488277556	1	-3	1	-3	0	-1	0	-127	-537	-141	480	0	-500
1	-141	980	488279520	0	-1	0	-1	0	0	0	-127	-537	-141	480	0	-500
1	-141	980	488281548	1	-1	2	-1	0	0	0	-127	-537	-141	480	0	-500
1	-141	980	488283544	2	-2	1	-2	0	0	0	-127	-537	-141	480	0	-500
1	-141	980	488285564	0	-2	1	-2	0	-1	0	-127	-538	-141	480	0	-500
1	-141	980	488287568	1	-1	1	-1	1	0	0	-126	-538	-141	480	0	-500
1	-141	980	488289552	1	-3	2	-2	0	0	0	-126	-538	-141	480	0	-500
1	-141	980	488291548	0	-2	2	-2	0	0	0	-126	-538	-141	480	0	-500
1	-141	980	488293556	1	-2	1	-3	0	-1	0	-126	-539	-141	480	0	-500
1	-141	980	488295548	0	-2	2	-1	0	0	0	-126	-539	-141	480	0	-500
1	-141	980	488297544	2	-1	1	-2	0	0	0	-126	-539	-141	480	0	-500
1	-141	980	488299568	0	-3	1	-3	1	-1	0	-125	-540	-141	480	0	-500
1	-141	980	488301528	1	-1	1	-1	0	0	0	-125	-540	-141	480	0	-500
1	-141	980	488303532	1	-3	2	-3	0	0	0	-125	-540	-141	480	0	-500
1	-141	980	488305548	0	-1	1	-1	0	-1	0	-125	-541	-141	480	0	-500
1	-141	980	488307532	1	-1	1	-1	0	0	0	-125	-541	-141	480	0	-500
1	-141	980	488309528	0	-3	1	-3	0	0	0	-125	-541	-141	480	0	-500
1	-141	980	488311496	0	-1	0	-1	0	0	0	-125	-541	-141	480	0	-500
1	-141	980	488313540	2	-1	2	-1	1	0	0	-124	-541	-141	480	0	-500
1	-141	980	488315540	0	-1	1	-3	0	-1	0	-124	-542	-141	480	0	-500
1	-141	980	488317528	0	-2	1	-1	0	0	0	-124	-542	-141	480	0	-500
1	-141	980	488319524	1	-1	0	-1	0	0	0	-124	-542	-141	480	0	-500
1	-141	980	488321524	0	-1	1	-1	0	0	0	-124	-542	-141	480	0	-500
1	-141	980	488323492	0	-1	0	-2	0	0	0	-124	-542	-141	480	0	-500
1	-141	980	488325532	0	-2	2	-1	0	-1	0	-124	-543	-141	480	0	-500
1	-141	980	488327496	0	-1	0	-1	0	0	0	-124	-543	-141	480	0	-500
1	-141	980	488331528	1	-1	1	-1	0	0	0	-124	-543	-141	480	0	-500
1	-141	980	488333496	0	-1	0	-2	0	0	0	-124	-543	-141	480	0	-500
1	-141	980	488335500	0	0	0	-1	0	0	0	-124	-543	-141	480	0	-500
1	-141	980	488337544	0	-2	1	-1	0	-1	0	-124	-544	-141	480	0	-500
1	-141	980	488339500	0	-1	0	0	0	0	0	-124	-544	-141	480	0	-500
1	-141	980	488341488	0	0	0	-1	0	0	0	-124	-544	-141	480	0	-500
1	-141	980	488343512	0	-1	1	-2	0	0	0	-124	-544	-141	480	0	-500
1	-141	980	488347484	0	-1	0	-1	0	0	0	-124	-544	-141	480	0	-500
1	-141	980	488351488	0	0	0	-1	0	0	0	-124	-544	-141	480	0	-500
1	-141	980	488353484	0	-2	0	0	0	0	0	-124	-544	-141	480	0	-500
1	-141	980	488357508	0	0	2	-1	0	0	0	-124	-544	-141	480	0	-500
1	-141	980	488501540	0	0	-1	0	0	0	0	-124	-544	-141	480	0	-500
1	-141	980	488503536	0	1	0	0	0	0	0	-124	-544	-141	480	0	-500
1	-141	980	488505540	0	0	0	1	0	0	0	-124	-544	-141	480	0	-500
1	-141	980	488507568	-1	1	0	0	0	0	0	-124	-544	-141	480	0	-500
1	-141	980	488509544	0	0	-1	0	0	0	0	-124	-544	-141	480	0	-500
1	-141	980	488511540	0	1	0	2	0	0	0	-124	-544	-141	480	0	-500
1	-141	980	488513568	-2	1	0	0	0	0	0	-124	-544	-141	480	0	-500
1	-141	980	488515564	-1	0	-1	1	0	0	0	-124	-544	-141	480	0	-500
1	-141	980	488517564	-1	2	-2	1	0	0	0	-124	-544	-141	480	0	-500
1	-141	980	488519536	0	1	0	1	0	0	0	-124	-544	-141	480	0	-500
1	-141	980	488521564	-1	1	-1	2	0	0	0	-124	-544	-141	480	0	-500
1	-141	980	488523560	-3	1	-1	1	0	0	0	-124	-544	-141	480	0	-500
1	-141	980	488525560	-1	2	-1	1	0	0	0	-124	-544	-141	480	0	-500
1	-141	980	488527556	-1	2	-2	1	0	0	0	-124	-544	-141	480	0	-500
1	-141	980	488529560	-3	1	-1	2	0	1	0	-124	-543	-141	480	0	-500
1	-141	980	488531560	-1	2	-1	1	-1	0	0	-125	-543	-141	480	0	-500
1	-141	980	488533548	-1	2	-1	1	0	0	0	-125	-543	-141	480	0	-500
1	-141	980	488535544	-3	1	-2	1	0	0	0	-125	-543	-141	480	0	-500
1	-141	980	488537552	-2	2	-1	3	0	1	0	-125	-542	-141	480	0	-500
1	-141	980	488539548	-3	2	-1	1	-1	0	0	-126	-542	-141	480	0	-500
1	-141	980	488541540	-1	1	-3	1	0	0	0	-126	-542	-141	480	0	-500
1	-141	980	488543536	-3	2	-1	2	0	0	0	-126	-542	-141	480	0	-500
1	-141	980	488545532	-2	1	-1	1	0	0	0	-126	-542	-141	480	0	-500
1	-141	980	488547556	-1	1	-1	1	-1	1	0	-127	-541	-141	480	0	-500
1	-141	980	488549520	-3	1	-2	1	0	0	0	-127	-541	-141	480	0	-500
1	-141	980	488551492	-1	0	-1	0	0	0	0	-127	-541	-141	480	0	-500
1	-141	980	488553520	-3	2	-1	2	0	0	0	-127	-541	-141	480	0	-500
1	-141	980	488555532	-1	1	0	1	-1	0	0	-128	-541	-141	480	0	-500
1	-141	980	488557484	-1	0	-1	0	0	0	0	-128	-541	-141	480	0	-500
1	-141	980	488559512	-1	1	-2	1	0	0	0	-128	-541	-141	480	0	-500
1	-141	980	488561480	-2	0	0	0	0	0	0	-128	-541	-141	480	0	-500
1	-141	980	488563508	-1	1	-1	0	0	0	0	-128	-541	-141	480	0	-500
1	-141	980	488565520	-1	0	0	1	0	1	0	-128	-540	-141	480	0	-500
1	-141	980	488567472	-1	0	-1	0	0	0	0	-128	-540	-141	480	0	-500
1	-141	980	488569488	-2	0	0	0	-1	0	0	-129	-540	-141	480	0	-500
1	-141	980	488571476	-1	0	0	0	0	0	0	-129	-540	-141	480	0	-500
1	-141	980	488573472	-1	0	-1	0	0	0	0	-129	-540	-141	480	0	-500
1	-141	980	488575500	-1	0	0	2	0	0	0	-129	-540	-141	480	0	-500
1	-141	980	488577476	-2	0	-2	0	0	0	0	-129	-540	-141	480	0	-500
1	-141	980	488579476	-2	0	0	0	0	0	0	-129	-540	-141	480	0	-500
1	-141	980	488581480	-1	0	-1	0	0	0	0	-129	-540	-141	480	0	-500
1	-141	980	488583496	-3	0	0	0	-1	0	0	-130	-540	-141	480	0	-500
1	-141	980	488585476	-4	0	-1	0	0	0	0	-130	-540	-141	480	0	-500
1	-141	980	488587504	-2	0	0	-1	0	0	0	-130	-540	-141	480	0	-500
1	-141	980	488589488	-4	0	-1	0	-1	0	0	-131	-540	-141	480	0	-500
1	-141	980	488591500	-5	-1	-2	-1	0	0	0	-131	-540	-141	480	0	-500
1	-141	980	488593516	-4	-1	-1	-1	-1	0	0	-132	-540	-141	480	0	-500
1	-141	980	488595500	-5	-2	-1	-2	0	0	0	-132	-540	-141	480	0	-500
1	-141	980	488597488	-6	-1	-1	-1	0	0	0	-132	-540	-141	480	0	-500
1	-141	980	488599500	-5	-1	-2	-1	-1	0	0	-133	-540	-141	480	0	-500
1	-141	980	488601508	-6	-3	-1	-1	-1	-1	0	-134	-541	-141	480	0	-500
1	-141	980	488603484	-5	-1	-2	-2	0	0	0	-134	-541	-141	480	0	-500
1	-141	980	488605492	-6	-1	-2	-2	-1	0	0	-135	-541	-141	480	0	-500
1	-141	980	488607480	-7	-3	-1	-1	0	0	0	-135	-541	-141	480	0	-500
1	-141	980	488609508	-5	-1	-1	-2	-1	-1	0	-136	-542	-141	480	0	-500
1	-141	980	488611472	-6	-1	-3	-2	0	0	0	-136	-542	-141	480	0	-500
1	-141	980	488613484	-6	-3	-1	-1	-1	0	0	-137	-542	-141	480	0	-500
1	-141	980	488615476	-5	-1	-1	-2	0	0	0	-137	-542	-141	480	0	-500
1	-141	980	488617500	-5	-1	-1	-2	-1	-1	0	-138	-543	-141	480	0	-500
1	-141	980	488619464	-5	-1	-2	-1	0	0	0	-138	-543	-141	480	0	-500
1	-141	980	488621476	-5	-2	-2	-2	-1	0	0	-139	-543	-141	480	0	-500
1	-141	980	488623468	-4	-1	-1	-2	0	0	0	-139	-543	-141	480	0	-500
1	-141	980	488625480	-4	-1	-2	-1	-1	0	0	-140	-543	-141	480	0	-500
1	-141	980	488627484	-3	-1	0	-2	0	-1	0	-140	-544	-141	480	0	-500
1	-141	980	488629468	-4	-2	-1	-1	0	0	0	-140	-544	-141	480	0	-500
1	-141	980	488631480	-4	-1	-1	-1	-1	0	0	-141	-544	-141	480	0	-500
1	-141	980	488633472	-2	-1	-1	-1	0	0	0	-141	-544	-141	480	0	-500
1	-141	980	488635468	-4	-1	0	0	0	0	0	-141	-544	-141	480	0	-500
1	-141	980	488637480	-3	-2	-2	-2	-1	0	0	-142	-544	-141	480	0	-500
1	-141	980	488639476	-1	0	0	-1	0	-1	0	-142	-545	-141	480	0	-500
1	-141	980	488641472	-2	-1	-1	-1	0	0	0	-142	-545	-141	480	0	-500
1	-141	980	488643440	-2	0	0	0	0	0	0	-142	-545	-141	480	0	-500
1	-141	980	488645460	-2	-1	0	-1	0	0	0	-142	-545	-141	480	0	-500
1	-141	980	488647436	-1	0	-1	0	0	0	0	-142	-545	-141	480	0	-500
1	-141	980	488649436	0	0	0	-2	0	0	0	-142	-545	-141	480	0	-500
1	-141	980	488651436	-2	0	0	0	0	0	0	-142	-545	-141	480	0	-500
1	-141	980	488653476	-1	-1	0	0	-1	0	0	-143	-545	-141	480	0	-500
1	-141	980	488655440	0	0	0	-1	0	0	0	-143	-545	-141	480	0	-500
1	-141	980	488657432	-1	0	0	0	0	0	0	-143	-545	-141	480	0	-500
1	-141	980	488659440	0	0	-1	0	0	0	0	-143	-545	-141	480	0	-500
1	-141	980	488735452	-1	0	0	0	0	0	0	-143	-545	-141	480	0	-500
1	-141	980	488787460	0	0	0	1	0	0	0	-143	-545	-141	480	0	-500
1	-141	980	488791464	0	0	0	1	0	0	0	-143	-545	-141	480	0	-500
1	-141	980	488793492	1	1	0	0	0	0	0	-143	-545	-141	480	0	-500
1	-141	980	488795500	1	1	0	1	0	0	0	-143	-545	-141	480	0	-500
1	-141	980	488797468	2	2	-2	1	0	0	0	-143	-545	-141	480	0	-500
1	-141	980	488799492	1	2	0	3	0	0	0	-143	-545	-141	480	0	-500
1	-141	980	488801484	1	3	0	2	0	0	0	-143	-545	-141	480	0	-500
1	-141	980	488803492	1	2	0	2	0	0	0	-143	-545	-141	480	0	-500
1	-141	980	488805496	2	3	0	3	0	1	0	-143	-544	-141	480	0	-500
1	-141	980	488807480	2	3	-1	3	0	0	0	-143	-544	-141	480	0	-500
1	-141	980	488809492	1	4	0	4	0	1	0	-143	-543	-141	480	0	-500
1	-141	980	488811484	2	4	-1	3	0	1	0	-143	-542	-141	480	0	-500
1	-141	980	488813464	2	4	0	3	0	0	0	-143	-542	-141	480	0	-500
1	-141	980	488815456	1	3	-1	4	0	1	0	-143	-541	-141	480	0	-500
1	-141	980	488817472	3	4	0	5	0	0	0	-143	-541	-141	480	0	-500
1	-141	980	488819480	1	4	-2	3	0	1	0	-143	-540	-141	480	0	-500
1	-141	980	488821468	1	5	0	4	0	0	0	-143	-540	-141	480	0	-500
1	-141	980	488823500	3	4	-1	4	1	1	0	-142	-539	-141	480	0	-500
1	-141	980	488825480	1	3	0	5	0	1	0	-142	-538	-141	480	0	-500
1	-141	980	488827448	1	4	-1	4	0	0	0	-142	-538	-141	480	0	-500
1	-141	980	488829484	2	4	0	3	0	1	0	-142	-537	-141	480	0	-500
1	-141	980	488831440	1	4	-1	4	0	0	0	-142	-537	-141	480	0	-500
1	-141	980	488833476	0	2	-2	4	0	1	0	-142	-536	-141	480	0	-500
1	-141	980	488835464	1	3	0	2	0	0	0	-142	-536	-141	480	0	-500
1	-141	980	488837456	1	2	-1	4	0	1	0	-142	-535	-141	480	0	-500
1	-141	980	488839436	0	3	0	1	0	0	0	-142	-535	-141	480	0	-500
1	-141	980	488841464	2	2	-1	3	0	0	0	-142	-535	-141	480	0	-500
1	-141	980	488843452	0	1	0	2	0	1	0	-142	-534	-141	480	0	-500
1	-141	980	488845444	0	3	0	2	0	0	0	-142	-534	-141	480	0	-500
1	-141	980	488847448	1	1	-1	2	0	0	0	-142	-534	-141	480	0	-500
1	-141	980	488849444	0	1	0	1	0	0	0	-142	-534	-141	480	0	-500
1	-141	980	488851452	0	2	0	2	0	1	0	-142	-533	-141	480	0	-500
1	-141	980	488853468	1	0	-2	1	0	0	0	-142	-533	-141	480	0	-500
1	-141	980	488855444	0	1	0	0	0	0	0	-142	-533	-141	480	0	-500
1	-141	980	488857448	0	0	0	1	0	0	0	-142	-533	-141	480	0	-500
1	-141	980	488861448	0	1	0	1	0	0	0	-142	-533	-141	480	0	-500
1	-141	980	488865480	0	0	-1	2	0	0	0	-142	-533	-141	480	0	-500
1	-141	980	488879472	1	0	0	0	0	0	0	-142	-533	-141	480	0	-500
1	-141	980	489085608	0	1	0	0	0	0	0	-142	-533	-141	480	0	-500
1	-141	980	489105624	0	0	0	1	0	0	0	-142	-533	-141	480	0	-500
1	-141	980	489113628	0	2	0	0	0	0	0	-142	-533	-141	480	0	-500
1	-141	980	489117624	0	1	0	0	0	0	0	-142	-533	-141	480	0	-500
1	-141	980	489119640	0	0	0	1	0	1	0	-142	-532	-141	480	0	-500
1	-141	980	489121656	0	1	-1	0	0	0	0	-142	-532	-141	480	0	-500
1	-141	980	489123632	0	1	0	1	0	0	0	-142	-532	-141	480	0	-500
1	-141	980	489125660	-1	2	0	2	0	0	0	-142	-532	-141	480	0	-500
1	-141	980	489127660	0	1	-1	1	0	0	0	-142	-532	-141	480	0	-500
1	-141	980	489129672	-1	2	-2	2	0	1	0	-142	-531	-141	480	0	-500
1	-141	980	489131656	-2	2	0	2	0	0	0	-142	-531	-141	480	0	-500
1	-141	980	489133656	-1	2	-1	2	0	0	0	-142	-531	-141	480	0	-500
1	-141	980	489135668	-1	3	-1	3	0	1	0	-142	-530	-141	480	0	-500
1	-141	980	489137664	-3	2	-1	2	-1	0	0	-143	-530	-141	480	0	-500
1	-141	980	489139644	-1	4	-2	3	0	0	0	-143	-530	-141	480	0	-500
1	-141	980	489141664	-1	2	-2	2	0	1	0	-143	-529	-141	480	0	-500
1	-141	980	489143660	-3	3	-1	4	0	0	0	-143	-529	-141	480	0	-500
1	-141	980	489145684	-1	4	-2	2	-1	1	0	-144	-528	-141	480	0	-500
1	-141	980	489147652	-2	3	-2	4	0	0	0	-144	-528	-141	480	0	-500
1	-141	980	489149660	-3	3	-3	4	0	1	0	-144	-527	-141	480	0	-500
1	-141	980	489151644	-2	4	-1	4	0	0	0	-144	-527	-141	480	0	-500
1	-141	980	489153668	-3	3	-2	3	-1	1	0	-145	-526	-141	480	0	-500
1	-141	980	489155648	-2	4	-3	4	0	0	0	-145	-526	-141	480	0	-500
1	-141	980	489157668	-3	4	-1	4	-1	1	0	-146	-525	-141	480	0	-500
1	-141	980	489159640	-2	2	-3	2	0	0	0	-146	-525	-141	480	0	-500
1	-141	980	489161652	-2	4	-2	5	0	1	0	-146	-524	-141	480	0	-500
1	-141	980	489163636	-2	3	-1	3	0	0	0	-146	-524	-141	480	0	-500
1	-141	980	489165660	-3	3	-3	4	-1	1	0	-147	-523	-141	480	0	-500
1	-141	980	489167636	-2	3	-2	3	0	0	0	-147	-523	-141	480	0	-500
1	-141	980	489169656	-1	4	-2	3	0	1	0	-147	-522	-141	480	0	-500
1	-141	980	489171652	-3	2	-2	4	-1	0	0	-148	-522	-141	480	0	-500
1	-141	980	489173644	-1	4	-1	2	0	1	0	-148	-521	-141	480	0	-500
1	-141	980	489175628	-3	2	-3	4	0	0	0	-148	-521	-141	480	0	-500
1	-141	980	489177652	-1	3	-1	2	-1	1	0	-149	-520	-141	480	0	-500
1	-141	980	489179620	-2	4	-1	3	0	0	0	-149	-520	-141	480	0	-500
1	-141	980	489181628	-2	2	-3	4	0	1	0	-149	-519	-141	480	0	-500
1	-141	980	489183624	-1	3	-1	2	0	0	0	-149	-519	-141	480	0	-500
1	-141	980	489185636	-1	2	-1	3	0	0	0	-149	-519	-141	480	0	-500
1	-141	980	489187656	-1	3	-2	2	-1	1	0	-150	-518	-141	480	0	-500
1	-141	980	489189624	-2	2	-1	3	0	0	0	-150	-518	-141	480	0	-500
1	-141	980	489191632	-1	1	-1	2	0	0	0	-150	-518	-141	480	0	-500
1	-141	980	489193644	-1	3	-3	3	0	1	0	-150	-517	-141	480	0	-500
1	-141	980	489195628	0	2	-1	2	0	0	0	-150	-517	-141	480	0	-500
1	-141	980	489197644	-1	3	0	3	0	1	0	-150	-516	-141	480	0	-500
1	-141	980	489199636	-2	1	-1	1	-1	0	0	-151	-516	-141	480	0	-500
1	-141	980	489201620	-1	3	-1	2	0	0	0	-151	-516	-141	480	0	-500
1	-141	980	489203616	-1	1	-2	3	0	0	0	-151	-516	-141	480	0	-500
1	-141	980	489205628	0	2	-1	1	0	1	0	-151	-515	-141	480	0	-500
1	-141	980	489207616	-1	2	-1	3	0	0	0	-151	-515	-141	480	0	-500
1	-141	980	489209616	-2	1	0	1	0	0	0	-151	-515	-141	480	0	-500
1	-141	980	489211632	-1	1	-1	2	-1	0	0	-152	-515	-141	480	0	-500
1	-141	980	489213636	0	3	-2	2	0	1	0	-152	-514	-141	480	0	-500
1	-141	980	489215624	-1	1	-1	1	0	0	0	-152	-514	-141	480	0	-500
1	-141	980	489217624	-1	1	-1	2	0	0	0	-152	-514	-141	480	0	-500
1	-141	980	489219604	0	1	0	2	0	0	0	-152	-514	-141	480	0	-500
1	-141	980	489221644	-2	2	-1	1	0	1	0	-152	-513	-141	480	0	-500
1	-141	980	489223648	-1	1	-2	1	-1	0	0	-153	-513	-141	480	0	-500
1	-141	980	489225628	-1	1	0	1	0	0	0	-153	-513	-141	480	0	-500
1	-141	980	489227628	0	1	-1	3	0	0	0	-153	-513	-141	480	0	-500
1	-141	980	489229628	-3	2	-1	1	0	0	0	-153	-513	-141	480	0	-500
1	-141	980	489231636	-1	1	-1	1	0	1	0	-153	-512	-141	480	0	-500
1	-141	980	489233624	-1	1	-2	2	0	0	0	-153	-512	-141	480	0	-500
1	-141	980	489235632	-3	1	-1	1	-1	0	0	-154	-512	-141	480	0	-500
1	-141	980	489237620	-1	3	-1	1	0	0	0	-154	-512	-141	480	0	-500
1	-141	980	489239628	-2	1	-1	3	0	0	0	-154	-512	-141	480	0	-500
1	-141	980	489241636	-3	1	-2	1	0	1	0	-154	-511	-141	480	0	-500
1	-141	980	489243624	-2	3	-1	1	-1	0	0	-155	-511	-141	480	0	-500
1	-141	980	489245616	-3	1	-1	3	0	0	0	-155	-511	-141	480	0	-500
1	-141	980	489247624	-4	3	-1	1	0	1	0	-155	-510	-141	480	0	-500
1	-141	980	489249620	-2	1	-2	2	-1	0	0	-156	-510	-141	480	0	-500
1	-141	980	489251608	-4	2	-2	2	0	0	0	-156	-510	-141	480	0	-500
1	-141	980	489253604	-4	3	-1	2	0	0	0	-156	-510	-141	480	0	-500
1	-141	980	489255636	-3	1	-3	1	-1	1	0	-157	-509	-141	480	0	-500
1	-141	980	489257604	-4	3	-1	3	0	0	0	-157	-509	-141	480	0	-500
1	-141	980	489259612	-5	2	-1	1	-1	0	0	-158	-509	-141	480	0	-500
1	-141	980	489261616	-4	1	-3	3	0	1	0	-158	-508	-141	480	0	-500
1	-141	980	489263612	-4	3	-2	1	-1	0	0	-159	-508	-141	480	0	-500
1	-141	980	489265604	-3	2	-2	2	0	0	0	-159	-508	-141	480	0	-500
1	-141	980	489267624	-5	2	-2	2	-1	0	0	-160	-508	-141	480	0	-500
1	-141	980	489269628	-4	2	-1	2	0	1	0	-160	-507	-141	480	0	-500
1	-141	980	489271612	-5	1	-2	1	0	0	0	-160	-507	-141	480	0	-500
1	-141	980	489273620	-5	3	-2	3	-1	0	0	-161	-507	-141	480	0	-500
1	-141	980	489275632	-5	2	-3	2	-1	1	0	-162	-506	-141	480	0	-500
1	-141	980	489277600	-6	2	-1	2	0	0	0	-162	-506	-141	480	0	-500
1	-141	980	489279620	-5	2	-2	2	-1	0	0	-163	-506	-141	480	0	-500
1	-141	980	489281612	-7	1	-3	1	0	0	0	-163	-506	-141	480	0	-500
1	-141	980	489283632	-5	3	-1	2	-1	1	0	-164	-505	-141	480	0	-500
1	-141	980	489285620	-6	1	-3	2	-1	0	0	-165	-505	-141	480	0	-500
1	-141	980	489287600	-5	3	-1	1	0	0	0	-165	-505	-141	480	0	-500
1	-141	980	489289608	-5	1	-2	2	0	1	0	-165	-504	-141	480	0	-500
1	-141	980	489291604	-5	1	-2	2	-1	0	0	-166	-504	-141	480	0	-500
1	-141	980	489293608	-5	3	-2	1	-1	0	0	-167	-504	-141	480	0	-500
1	-141	980	489295596	-5	1	-1	2	0	0	0	-167	-504	-141	480	0	-500
1	-141	980	489297612	-5	1	-2	1	-1	0	0	-168	-504	-141	480	0	-500
1	-141	980	489299604	-5	1	-2	1	0	1	0	-168	-503	-141	480	0	-500
1	-141	980	489301588	-4	2	-1	1	0	0	0	-168	-503	-141	480	0	-500
1	-141	980	489303596	-5	1	-3	2	-1	0	0	-169	-503	-141	480	0	-500
1	-141	980	489305588	-2	1	-1	1	0	0	0	-169	-503	-141	480	0	-500
1	-141	980	489307600	-4	1	-1	1	-1	0	0	-170	-503	-141	480	0	-500
1	-141	980	489309592	-2	2	-2	1	0	1	0	-170	-502	-141	480	0	-500
1	-141	980	489311588	-3	0	-1	2	0	0	0	-170	-502	-141	480	0	-500
1	-141	980	489313588	-2	1	-1	1	0	0	0	-170	-502	-141	480	0	-500
1	-141	980	489315596	-3	1	-1	1	-1	0	0	-171	-502	-141	480	0	-500
1	-141	980	489317588	-2	1	-2	0	0	0	0	-171	-502	-141	480	0	-500
1	-141	980	489319584	-3	0	-1	1	0	0	0	-171	-502	-141	480	0	-500
1	-141	980	489321596	-2	2	-1	2	-1	0	0	-172	-502	-141	480	0	-500
1	-141	980	489323604	-3	1	-1	0	0	1	0	-172	-501	-141	480	0	-500
1	-141	980	489325584	-2	1	-2	1	0	0	0	-172	-501	-141	480	0	-500
1	-141	980	489327576	-3	0	-1	1	0	0	0	-172	-501	-141	480	0	-500
1	-141	980	489329584	-2	1	-1	1	-1	0	0	-173	-501	-141	480	0	-500
1	-141	980	489331576	-3	2	0	0	0	0	0	-173	-501	-141	480	0	-500
1	-141	980	489333576	-1	1	-3	2	0	0	0	-173	-501	-141	480	0	-500
1	-141	980	489335576	-3	1	0	1	0	0	0	-173	-501	-141	480	0	-500
1	-141	980	489337604	-2	1	-1	1	-1	1	0	-174	-500	-141	480	0	-500
1	-141	980	489339568	-3	2	-1	1	0	0	0	-174	-500	-141	480	0	-500
1	-141	980	489341580	-2	1	-1	0	0	0	0	-174	-500	-141	480	0	-500
1	-141	980	489343588	-3	0	-2	2	-1	0	0	-175	-500	-141	480	0	-500
1	-141	980	489345572	-2	1	-1	1	0	0	0	-175	-500	-141	480	0	-500
1	-141	980	489347568	-3	1	-1	1	0	0	0	-175	-500	-141	480	0	-500
1	-141	980	489349576	-2	2	-1	1	0	1	0	-175	-499	-141	480	0	-500
1	-141	980	489351576	-1	1	-2	2	-1	0	0	-176	-499	-141	480	0	-500
1	-141	980	489353568	-3	1	-1	1	0	0	0	-176	-499	-141	480	0	-500
1	-141	980	489355536	-2	0	-1	0	0	0	0	-176	-499	-141	480	0	-500
1	-141	980	489357568	-2	1	-1	1	0	0	0	-176	-499	-141	480	0	-500
1	-141	980	489359576	-2	2	-2	1	-1	0	0	-177	-499	-141	480	0	-500
1	-141	980	489361572	-1	1	-1	2	0	1	0	-177	-498	-141	480	0	-500
1	-141	980	489363552	-3	1	-1	1	0	0	0	-177	-498	-141	480	0	-500
1	-141	980	489365552	-1	1	0	1	0	0	0	-177	-498	-141	480	0	-500
1	-141	980	489367548	-1	0	-1	1	0	0	0	-177	-498	-141	480	0	-500
1	-141	980	489369556	-3	2	-2	0	-1	0	0	-178	-498	-141	480	0	-500
1	-141	980	489371548	-1	1	-1	2	0	0	0	-178	-498	-141	480	0	-500
1	-141	980	489373544	-1	1	-1	1	0	0	0	-178	-498	-141	480	0	-500
1	-141	980	489375556	-2	1	0	0	0	1	0	-178	-497	-141	480	0	-500
1	-141	980	489377536	-1	0	-1	1	0	0	0	-178	-497	-141	480	0	-500
1	-141	980	489379536	-1	2	-2	0	0	0	0	-178	-497	-141	480	0	-500
1	-141	980	489381548	0	1	-1	1	-1	0	0	-179	-497	-141	480	0	-500
1	-141	980	489383532	-1	0	0	2	0	0	0	-179	-497	-141	480	0	-500
1	-141	980	489385536	-2	1	-1	0	0	0	0	-179	-497	-141	480	0	-500
1	-141	980	489387532	-1	0	-1	1	0	0	0	-179	-497	-141	480	0	-500
1	-141	980	489389504	0	1	0	1	0	0	0	-179	-497	-141	480	0	-500
1	-141	980	489391536	-1	2	-2	0	0	0	0	-179	-497	-141	480	0	-500
1	-141	980	489393556	-1	0	-1	1	0	1	0	-179	-496	-141	480	0	-500
1	-141	980	489395544	0	1	-1	2	0	0	0	-179	-496	-141	480	0	-500
1	-141	980	489397560	-2	1	-1	1	-1	0	0	-180	-496	-141	480	0	-500
1	-141	980	489399552	-1	3	-2	1	0	0	0	-180	-496	-141	480	0	-500
1	-141	980	489401560	-1	1	-2	3	0	1	0	-180	-495	-141	480	0	-500
1	-141	980	489403548	-1	2	-3	2	0	0	0	-180	-495	-141	480	0	-500
1	-141	980	489405556	-2	3	-2	3	-1	0	0	-181	-495	-141	480	0	-500
1	-141	980	489407560	-1	4	-4	2	0	1	0	-181	-494	-141	480	0	-500
1	-141	980	489409544	-2	3	-2	4	0	0	0	-181	-494	-141	480	0	-500
1	-141	980	489411560	-2	5	-4	4	-1	1	0	-182	-493	-141	480	0	-500
1	-141	980	489413552	-2	5	-5	5	0	1	0	-182	-492	-141	480	0	-500
1	-141	980	489415560	-3	7	-5	6	-1	1	0	-183	-491	-141	480	0	-500
1	-141	980	489417556	-3	7	-6	5	-1	1	0	-184	-490	-141	480	0	-500
1	-141	980	489419548	-3	8	-7	7	0	1	0	-184	-489	-141	480	0	-500
1	-141	980	489421560	-4	8	-7	9	-1	1	0	-185	-488	-141	480	0	-500
1	-141	980	489423552	-3	10	-8	9	-1	1	0	-186	-487	-141	480	0	-500
1	-141	980	489425548	-5	12	-8	9	-1	2	0	-187	-485	-141	480	0	-500
1	-141	980	489427548	-4	11	-10	11	-1	2	0	-188	-483	-141	480	0	-500
1	-141	980	489429548	-6	14	-10	11	-1	1	0	-189	-482	-141	480	0	-500
1	-141	980	489431544	-5	13	-10	13	-1	2	0	-190	-480	-141	480	0	-500
1	-141	980	489433544	-5	15	-10	12	-2	2	0	-192	-478	-141	480	0	-500
1	-141	980	489435544	-7	15	-14	16	-1	3	0	-193	-475	-141	480	0	-500
1	-141	980	489437544	-6	17	-11	14	-1	2	0	-194	-473	-141	480	0	-500
1	-141	980	489439536	-7	17	-13	16	-2	3	0	-196	-470	-141	480	0	-500
1	-141	980	489441536	-7	18	-16	19	-2	2	0	-198	-468	-141	480	0	-500
1	-141	980	489443532	-8	18	-14	16	-1	3	0	-199	-465	-141	480	0	-500
1	-141	980	489445528	-8	20	-15	19	-2	3	0	-201	-462	-141	480	0	-500
1	-141	980	489447524	-9	22	-15	19	-2	3	0	-203	-459	-141	480	0	-500
1	-141	980	489449528	-8	21	-19	21	-2	3	0	-205	-456	-141	480	0	-500
1	-141	980	489451520	-10	21	-16	20	-2	3	0	-207	-453	-141	480	0	-500
1	-141	980	489453516	-9	23	-17	21	-2	3	0	-209	-450	-141	480	0	-500
1	-141	980	489455512	-10	23	-22	24	-2	4	0	-211	-446	-141	480	0	-500
1	-141	980	489457516	-10	24	-18	23	-2	3	0	-213	-443	-141	480	0	-500
1	-141	980	489459516	-9	24	-20	22	-2	4	0	-215	-439	-141	480	0	-500
1	-141	980	489461512	-11	25	-23	26	-3	4	0	-218	-435	-141	480	0	-500
1	-141	980	489463516	-10	26	-21	24	-2	4	0	-220	-431	-141	480	0	-500
1	-141	980	489465520	-10	26	-21	24	-3	3	0	-223	-428	-141	480	0	-500
1	-141	980	489467524	-10	27	-23	25	-2	4	0	-225	-424	-141	480	0	-500
1	-141	980	489469524	-10	27	-25	29	-3	4	0	-228	-420	-141	480	0	-500
1	-141	980	489471524	-10	26	-24	25	-2	4	0	-230	-416	-141	480	0	-500
1	-141	980	489473528	-10	32	-22	25	-3	4	0	-233	-412	-141	480	0	-500
1	-141	980	489475528	-9	28	-26	30	-2	5	0	-235	-407	-141	480	0	-500
1	-141	980	489477532	-9	28	-24	26	-3	4	0	-238	-403	-141	480	0	-500
1	-141	980	489479528	-8	29	-23	26	-2	4	0	-240	-399	-141	480	0	-500
1	-141	980	489481524	-8	28	-26	31	-3	4	0	-243	-395	-141	480	0	-500
1	-141	980	489483516	-7	29	-22	28	-2	5	0	-245	-390	-141	480	0	-500
1	-141	980	489485516	-8	30	-23	27	-2	4	0	-247	-386	-141	480	0	-500
1	-141	980	489487512	-7	29	-21	28	-2	4	0	-249	-382	-141	480	0	-500
1	-141	980	489489508	-7	30	-24	32	-3	5	0	-252	-377	-141	480	0	-500
1	-141	980	489491508	-7	30	-21	28	-2	4	0	-254	-373	-141	480	0	-500
1	-141	980	489493496	-6	30	-20	29	-2	5	0	-256	-368	-141	480	0	-500
1	-141	980	489495496	-5	30	-23	33	-2	4	0	-258	-364	-141	480	0	-500
1	-141	980	489497492	-7	30	-18	29	-2	5	0	-260	-359	-141	480	0	-500
1	-141	980	489499500	-6	30	-18	29	-1	4	0	-261	-355	-141	480	0	-500
1	-141	980	489501496	-5	31	-17	30	-2	5	0	-263	-350	-141	480	0	-500
1	-141	980	489503492	-6	31	-20	34	-2	5	0	-265	-345	-141	480	0	-500
1	-141	980	489505500	-5	30	-17	30	-2	4	0	-267	-341	-141	480	0	-500
1	-141	980	489507496	-6	32	-16	30	-1	5	0	-268	-336	-141	480	0	-500
1	-141	980	489509488	-8	31	-19	33	-2	5	0	-270	-331	-141	480	0	-500
1	-141	980	489511500	-7	31	-16	32	-2	4	0	-272	-327	-141	480	0	-500
1	-141	980	489513496	-8	33	-16	30	-2	5	0	-274	-322	-141	480	0	-500
1	-141	980	489515504	-10	31	-19	35	-2	5	0	-276	-317	-141	480	0	-500
1	-141	980	489517508	-10	31	-17	30	-2	5	0	-278	-312	-141	480	0	-500
1	-141	980	489519512	-12	35	-17	30	-2	4	0	-280	-308	-141	480	0	-500
1	-141	980	489521512	-13	31	-21	35	-3	5	0	-283	-303	-141	480	0	-500
1	-141	980	489523512	-14	32	-19	30	-2	5	0	-285	-298	-141	480	0	-500
1	-141	980	489525512	-16	31	-20	30	-3	5	0	-288	-293	-141	480	0	-500
1	-141	980	489527512	-16	31	-21	30	-3	4	0	-291	-289	-141	480	0	-500
1	-141	980	489529512	-19	31	-26	33	-3	5	0	-294	-284	-141	480	0	-500
1	-141	980	489531512	-20	32	-24	30	-3	5	0	-297	-279	-141	480	0	-500
1	-141	980	489533512	-21	30	-25	29	-4	4	0	-301	-275	-141	480	0	-500
1	-141	980	489535512	-24	31	-31	34	-4	5	0	-305	-270	-141	480	0	-500
1	-141	980	489537512	-25	30	-29	30	-4	4	0	-309	-266	-141	480	0	-500
1	-141	980	489539512	-26	31	-31	29	-4	5	0	-313	-261	-141	480	0	-500
1	-141	980	489541508	-29	31	-38	33	-5	5	0	-318	-256	-141	480	0	-500
1	-141	980	489543508	-29	30	-35	29	-5	4	0	-323	-252	-141	480	0	-500
1	-141	980	489545508	-31	32	-36	30	-5	5	0	-328	-247	-141	480	0	-500
1	-141	980	489547512	-32	31	-39	29	-5	4	0	-333	-243	-141	480	0	-500
1	-141	980	489549508	-34	31	-46	35	-6	5	0	-339	-238	-141	480	0	-500
1	-141	980	489551508	-35	33	-42	30	-6	5	0	-345	-233	-141	480	0	-500
1	-141	980	489553508	-36	33	-44	31	-6	5	0	-351	-228	-141	480	0	-500
1	-141	980	489555504	-38	33	-53	35	-7	5	0	-358	-223	-141	480	0	-500
1	-141	980	489557504	-37	34	-47	33	-6	5	0	-364	-218	-141	480	0	-500
1	-141	980	489559504	-38	35	-49	32	-7	5	0	-371	-213	-141	480	0	-500
1	-141	980	489561508	-44	41	-50	34	-7	6	0	-378	-207	-141	480	0	-500
1	-141	980	489563508	-37	36	-59	40	-7	5	0	-385	-202	-141	480	0	-500
1	-141	980	489565508	-39	39	-52	35	-7	6	0	-392	-196	-141	480	0	-500
1	-141	980	489567508	-37	39	-54	36	-7	5	0	-399	-191	-141	480	0	-500
1	-141	980	489569508	-38	40	-61	43	-7	7	0	-406	-184	-141	480	0	-500
1	-141	980	489571512	-35	41	-55	38	-7	6	0	-413	-178	-141	480	0	-500
1	-141	980	489573512	-35	42	-55	40	-7	6	0	-420	-172	-141	480	0	-500
1	-141	980	489575516	-34	44	-63	47	-7	7	0	-427	-165	-141	480	0	-500
1	-141	980	489577516	-31	44	-55	42	-6	6	0	-433	-159	-141	480	0	-500
1	-141	980	489579508	-30	45	-53	43	-7	7	0	-440	-152	-141	480	0	-500
1	-141	980	489581512	-29	46	-54	43	-6	6	0	-446	-146	-141	480	0	-500
1	-141	980	489583512	-27	48	-59	52	-6	8	0	-452	-138	-141	480	0	-500
1	-141	980	489585512	-25	47	-51	45	-6	7	0	-458	-131	-141	480	0	-500
1	-141	980	489587516	-24	49	-50	46	-6	7	0	-464	-124	-141	480	0	-500
1	-141	980	489589512	-21	49	-56	54	-5	8	0	-469	-116	-141	480	0	-500
1	-141	980	489591512	-20	50	-48	47	-5	7	0	-474	-109	-141	480	0	-500
1	-141	980	489593512	-18	50	-46	49	-5	7	0	-479	-102	-141	480	0	-500
1	-141	980	489595512	-16	50	-51	55	-5	8	0	-484	-94	-141	480	0	-500
1	-141	980	489597512	-16	51	-43	49	-5	8	0	-489	-86	-141	480	0	-500
1	-141	980	489599512	-14	51	-40	50	-4	7	0	-493	-79	-141	480	0	-500
1	-141	980	489601516	-14	58	-39	50	-4	8	0	-497	-71	-141	480	0	-500
1	-141	980	489603516	-11	52	-42	57	-4	9	0	-501	-62	-141	480	0	-500
1	-141	980	489605524	-10	53	-35	50	-3	7	0	-504	-55	-141	480	0	-500
1	-141	980	489607520	-9	52	-34	51	-3	8	0	-507	-47	-141	480	0	-500
1	-141	980	489609524	-7	54	-35	59	-3	8	0	-510	-39	-141	480	0	-500
1	-141	980	489611528	-8	54	-30	53	-3	8	0	-513	-31	-141	480	0	-500
1	-141	980	489613528	-6	53	-27	51	-3	8	0	-516	-23	-141	480	0	-500
1	-141	980	489615540	-5	55	-32	61	-3	9	0	-519	-14	-141	480	0	-500
1	-141	980	489617532	-5	57	-25	54	-2	8	0	-521	-6	-141	480	0	-500
1	-141	980	489619528	-4	56	-23	54	-2	9	0	-523	3	-141	480	0	-500
1	-141	980	489621524	-3	57	-24	55	-2	8	0	-525	11	-141	480	0	-500
1	-141	980	489623516	-3	58	-25	62	-2	9	0	-527	20	-141	480	0	-500
1	-141	980	489625512	-2	59	-20	56	-2	9	0	-529	29	-141	480	0	-500
1	-141	980	489627512	-2	60	-20	58	-1	8	0	-530	37	-141	480	0	-500
1	-141	980	489629508	-2	61	-21	66	-2	10	0	-532	47	-141	480	0	-500
1	-141	980	489631504	-1	62	-18	60	-1	9	0	-533	56	-141	480	0	-500
1	-141	980	489633512	-2	64	-17	60	-2	9	0	-535	65	-141	480	0	-500
1	-141	980	489635512	0	65	-19	70	-1	11	0	-536	76	-141	480	0	-500
1	-141	980	489637504	-1	66	-15	63	-1	9	0	-537	85	-141	480	0	-500
1	-141	980	489639508	-1	68	-16	63	-2	10	0	-539	95	-141	480	0	-500
1	-141	980	489641508	-1	70	-15	67	-1	10	0	-540	105	-141	480	0	-500
1	-141	980	489643508	0	79	-17	75	-1	12	0	-541	117	-141	480	0	-500
1	-141	980	489645512	-2	72	-15	67	-1	10	0	-542	127	-141	480	0	-500
1	-141	980	489647520	-1	73	-15	69	-2	11	0	-544	138	-141	480	0	-500
1	-141	980	489649532	-1	73	-16	80	-1	11	0	-545	149	-141	480	0	-500
1	-141	980	489651532	-1	77	-14	71	-1	11	0	-546	160	-141	480	0	-500
1	-141	980	489653532	-2	76	-13	73	-1	12	0	-547	172	-141	480	0	-500
1	-141	980	489655536	-1	77	-17	83	-2	12	0	-549	184	-141	480	0	-500
1	-141	980	489657540	-1	80	-13	75	-1	11	0	-550	195	-141	480	0	-500
1	-141	980	489659544	-3	80	-14	77	-1	12	0	-551	207	-141	480	0	-500
1	-141	980	489661544	-2	80	-16	87	-1	13	0	-552	220	-141	480	0	-500
1	-141	980	489663544	-1	83	-15	78	-1	12	0	-553	232	-141	480	0	-500
1	-141	980	489665544	-4	81	-14	78	-2	12	0	-555	244	-141	480	0	-500
1	-141	980	489667540	-3	84	-15	80	-1	12	0	-556	256	-141	480	0	-500
1	-141	980	489669540	-2	84	-16	92	-1	13	0	-557	269	-141	480	0	-500
1	-141	980	489671540	-4	83	-15	81	-2	12	0	-559	281	-141	480	0	-500
1	-141	980	489673536	-4	85	-17	81	-1	13	0	-560	294	-141	480	0	-500
1	-141	980	489675540	-3	87	-16	95	-2	13	0	-562	307	-141	480	0	-500
1	-141	980	489677536	-4	86	-16	83	-1	13	0	-563	320	-141	480	0	-500
1	-141	980	489679536	-4	97	-15	83	-2	14	0	-565	334	-141	480	0	-500
1	-141	980	489681536	-4	88	-18	98	-1	14	0	-566	348	-141	480	0	-500
1	-141	980	489683536	-3	89	-15	84	-2	13	0	-568	361	-141	480	0	-500
1	-141	980	489685540	-4	88	-15	86	-1	13	0	-569	374	-141	480	0	-500
1	-141	980	489687540	-4	89	-16	85	-2	13	0	-571	387	-141	480	0	-500
1	-141	980	489689540	-4	90	-17	99	-1	14	0	-572	401	-141	480	0	-500
1	-141	980	489691540	-5	90	-15	86	-2	13	0	-574	414	-141	480	0	-500
1	-141	980	489693536	-3	90	-15	86	-1	13	0	-575	427	-141	480	0	-500
1	-141	980	489695540	-4	90	-17	100	-2	15	0	-577	442	-141	480	0	-500
1	-141	980	489697532	-4	91	-15	88	-1	13	0	-578	455	-141	480	0	-500
1	-141	980	489699528	-5	90	-15	86	-2	13	0	-580	468	-141	480	0	-500
1	-141	980	489701528	-4	92	-15	87	-1	14	0	-581	482	-141	480	0	-500
1	-141	980	489703532	-3	90	-16	100	-1	14	0	-582	496	-141	480	0	-500
1	-141	980	489705524	-4	91	-15	88	-2	13	0	-584	509	-141	480	0	-500
1	-141	980	489707516	-5	89	-15	87	-1	13	0	-585	522	-141	480	0	-500
1	-141	980	489709516	-4	90	-16	99	-2	15	0	-587	537	-141	480	0	-500
1	-141	980	489711520	-5	88	-14	86	-1	13	0	-588	550	-141	480	0	-500
1	-141	980	489713520	-5	89	-15	85	-2	13	0	-590	563	-141	480	0	-500
1	-141	980	489715520	-6	88	-16	98	-1	14	0	-591	577	-141	480	0	-500
1	-141	980	489717528	-6	87	-15	84	-2	13	0	-593	590	-141	480	0	-500
1	-141	980	489719520	-7	86	-15	83	-2	12	0	-595	602	-141	480	0	-500
1	-141	980	489721520	-7	97	-15	83	-1	14	0	-596	616	-141	480	0	-500
1	-141	980	489723520	-8	83	-18	94	-2	13	0	-598	629	-141	480	0	-500
1	-141	980	489725516	-7	83	-16	81	-2	12	0	-600	641	-141	480	0	-500
1	-141	980	489727516	-9	82	-16	80	-2	12	0	-602	653	-141	480	0	-500
1	-141	980	489729520	-10	82	-19	90	-2	13	0	-604	666	-141	480	0	-500
1	-141	980	489731524	-9	80	-17	77	-2	12	0	-606	678	-141	480	0	-500
1	-141	980	489733536	-11	77	-18	77	-2	12	0	-608	690	-141	480	0	-500
1	-141	980	489735544	-10	78	-21	86	-3	12	0	-611	702	-141	480	0	-500
1	-141	980	489737536	-12	76	-19	74	-2	11	0	-613	713	-141	480	0	-500
1	-141	980	489739540	-13	74	-19	72	-2	11	0	-615	724	-141	480	0	-500
1	-141	980	489741544	-14	72	-22	81	-3	12	0	-618	736	-141	480	0	-500
1	-141	980	489743536	-13	73	-20	72	-2	10	0	-620	746	-141	480	0	-500
1	-141	980	489745540	-15	70	-21	68	-3	11	0	-623	757	-141	480	0	-500
1	-141	980	489747540	-15	68	-22	68	-3	10	0	-626	767	-141	480	0	-500
1	-141	980	489749544	-17	68	-25	76	-3	11	0	-629	778	-141	480	0	-500
1	-141	980	489751544	-17	66	-22	65	-3	10	0	-632	788	-141	480	0	-500
1	-141	980	489753548	-18	66	-24	65	-3	9	0	-635	797	-141	480	0	-500
1	-141	980	489755544	-18	64	-26	73	-3	11	0	-638	731	-141	480	0	-500
1	-141	980	489757548	-22	71	-24	61	-4	10	0	-642	741	-141	480	0	-500
1	-141	980	489759556	-20	63	-24	62	-3	9	0	-645	750	-141	480	0	-500
1	-141	980	489761556	-20	61	-28	69	-4	10	0	-649	760	-141	480	0	-500
1	-141	980	489763560	-20	60	-25	60	-3	9	0	-652	769	-141	480	0	-500
1	-141	980	489765560	-21	60	-25	60	-4	9	0	-656	778	-141	480	0	-500
1	-141	980	489767560	-21	60	-27	59	-3	9	0	-659	787	-141	480	0	-500
1	-141	980	489769560	-23	60	-30	66	-4	9	0	-663	796	-141	480	0	-500
1	-141	980	489771564	-21	59	-26	58	-4	9	0	-667	805	-141	480	0	-500
1	-141	980	489773564	-21	59	-26	57	-3	9	0	-670	729	-141	480	0	-500
1	-141	980	489775564	-23	57	-30	65	-4	9	0	-674	738	-141	480	0	-500
1	-141	980	489777576	-21	59	-28	58	-4	9	0	-678	747	-141	480	0	-500
1	-141	980	489779588	-21	57	-26	56	-3	8	0	-681	755	-141	480	0	-500
1	-141	980	489781588	-21	58	-31	64	-4	9	0	-685	764	-141	480	0	-500
1	-141	980	489783588	-20	59	-26	56	-4	9	0	-689	773	-141	480	0	-500
1	-141	980	489785584	-20	57	-28	56	-3	8	0	-692	781	-141	480	0	-500
1	-141	980	489787584	-20	58	-30	64	-4	9	0	-696	790	-141	480	0	-500
1	-141	980	489789584	-19	57	-26	55	-3	9	0	-699	729	-141	480	0	-500
1	-141	980	489791580	-19	58	-26	55	-4	8	0	-703	737	-141	480	0	-500
1	-141	980	489793580	-17	57	-27	56	-3	9	0	-706	746	-141	480	0	-500
1	-141	980	489795576	-20	64	-30	63	-4	9	0	-710	755	-141	480	0	-500
1	-141	980	489797576	-15	57	-25	55	-3	9	0	-713	764	-141	480	0	-500
1	-141	980	489799576	-17	57	-23	55	-3	8	0	-716	772	-141	480	0	-500
1	-141	980	489801576	-15	56	-28	62	-3	9	0	-719	781	-141	480	0	-500
1	-141	980	489803572	-13	56	-24	55	-3	8	0	-722	789	-141	480	0	-500
1	-141	980	489805576	-13	56	-22	54	-3	9	0	-725	729	-141	480	0	-500
1	-141	980	489807576	-12	55	-23	54	-2	8	0	-727	737	-141	480	0	-500
1	-141	980	489809580	-13	57	-23	61	-3	9	0	-730	746	-141	480	0	-500
1	-141	980	489811584	-11	55	-20	54	-2	8	0	-732	754	-141	480	0	-500
1	-141	980	489813584	-10	56	-20	53	-2	8	0	-734	762	-141	480	0	-500
1	-141	980	489815584	-10	55	-22	62	-3	9	0	-737	771	-141	480	0	-500
1	-141	980	489817584	-9	55	-17	52	-2	8	0	-739	779	-141	480	0	-500
1	-141	980	489819580	-7	56	-18	54	-2	8	0	-741	787	-141	480	0	-500
1	-141	980	489821588	-8	55	-18	61	-2	9	0	-743	729	-141	480	0	-500
1	-141	980	489823584	-6	55	-17	54	-1	8	0	-744	737	-141	480	0	-500
1	-141	980	489825580	-6	55	-15	52	-2	8	0	-746	745	-141	480	0	-500
1	-141	980	489827576	-7	56	-13	54	-1	8	0	-747	753	-141	480	0	-500
1	-141	980	489829572	-5	55	-17	61	-2	9	0	-749	762	-141	480	0	-500
1	-141	980	489831568	-3	57	-13	54	-1	8	0	-750	770	-141	480	0	-500
1	-141	980	489833572	-5	56	-13	54	-2	8	0	-752	778	-141	480	0	-500
1	-141	980	489835580	-4	55	-15	61	-1	9	0	-753	787	-141	480	0	-500
1	-141	980	489837576	-4	64	-12	55	-1	9	0	-754	729	-141	480	0	-500
1	-141	980	489839560	-4	56	-12	54	-1	8	0	-755	737	-141	480	0	-500
1	-141	980	489841560	-2	56	-13	61	-2	9	0	-757	746	-141	480	0	-500
1	-141	980	489843556	-3	56	-13	54	-1	8	0	-758	754	-141	480	0	-500
1	-141	980	489845552	-3	57	-11	54	-1	9	0	-759	763	-141	480	0	-500
1	-141	980	489847552	-3	56	-13	53	-1	8	0	-760	771	-141	480	0	-500
1	-141	980	489849548	-4	56	-13	62	-1	9	0	-761	780	-141	480	0	-500
1	-141	980	489851544	-2	56	-13	55	-1	8	0	-762	788	-141	480	0	-500
1	-141	980	489853540	-4	57	-12	53	-2	8	0	-764	796	-141	480	0	-500
1	-141	980	489855536	-4	55	-14	62	-1	9	0	-765	729	-141	480	0	-500
1	-141	980	489857532	-3	56	-14	53	-1	8	0	-766	737	-141	480	0	-500
1	-141	980	489859524	-4	55	-12	53	-1	8	0	-767	745	-141	480	0	-500
1	-141	980	489861528	-4	55	-13	54	-2	8	0	-769	753	-141	480	0	-500
1	-141	980	489863536	-4	55	-16	60	-1	9	0	-770	762	-141	480	0	-500
1	-141	980	489865540	-3	55	-13	53	-1	8	0	-771	770	-141	480	0	-500
1	-141	980	489867536	-4	54	-13	53	-2	8	0	-773	778	-141	480	0	-500
1	-141	980	489869544	-5	55	-17	59	-1	9	0	-774	787	-141	480	0	-500
1	-141	980	489871540	-4	53	-13	52	-2	8	0	-776	728	-141	480	0	-500
1	-141	980	489873536	-4	54	-14	51	-1	7	0	-777	735	-141	480	0	-500
1	-141	980	489875532	-3	53	-14	52	-1	8	0	-778	743	-141	480	0	-500
1	-141	980	489877536	-3	53	-15	58	-2	9	0	-780	752	-141	480	0	-500
1	-141	980	489879532	-4	53	-14	52	-1	8	0	-781	760	-141	480	0	-500
1	-141	980	489881532	-2	52	-13	51	-1	7	0	-782	767	-141	480	0	-500
1	-141	980	489883532	-4	53	-17	57	-2	9	0	-784	776	-141	480	0	-500
1	-141	980	489885524	-2	57	-12	52	-1	8	0	-785	784	-141	480	0	-500
1	-141	980	489887520	-3	52	-14	50	-1	7	0	-786	791	-141	480	0	-500
1	-141	980	489889524	-1	51	-15	56	-1	8	0	-787	799	-141	480	0	-500
1	-141	980	489891528	-3	51	-12	50	-1	8	0	-788	728	-141	480	0	-500
1	-141	980	489893524	-1	51	-14	49	-1	7	0	-789	735	-141	480	0	-500
1	-141	980	489895528	-1	50	-13	48	-1	8	0	-790	743	-141	480	0	-500
1	-141	980	489897536	-1	50	-13	55	-2	8	0	-792	751	-141	480	0	-500
1	-141	980	489899536	-2	50	-13	48	-1	7	0	-793	758	-141	480	0	-500
1	-141	980	489901516	0	49	-11	49	0	7	0	-793	765	-141	480	0	-500
1	-141	980	489903532	0	50	-13	53	-1	8	0	-794	773	-141	480	0	-500
1	-141	980	489905540	0	49	-11	48	-1	7	0	-795	727	-141	480	0	-500
1	-141	980	489907548	0	49	-11	46	-1	8	0	-796	735	-141	480	0	-500
1	-141	980	489909548	0	48	-13	54	-1	7	0	-797	742	-141	480	0	-500
1	-141	980	489911548	1	49	-10	46	-1	7	0	-798	749	-141	480	0	-500
1	-141	980	489913532	2	48	-10	46	0	7	0	-798	756	-141	480	0	-500
1	-141	980	489915552	1	47	-11	53	-1	8	0	-799	764	-141	480	0	-500
1	-141	980	489917552	3	49	-9	46	-1	7	0	-800	771	-141	480	0	-500
1	-141	980	489919540	2	46	-8	45	0	7	0	-800	778	-141	480	0	-500
1	-141	980	489921532	3	48	-8	46	0	7	0	-800	727	-141	480	0	-500
1	-141	980	489923544	4	52	-7	52	-1	8	0	-801	735	-141	480	0	-500
1	-141	980	489925528	3	48	-7	43	0	6	0	-801	741	-141	480	0	-500
1	-141	980	489927524	4	46	-6	45	0	7	0	-801	748	-141	480	0	-500
1	-141	980	489929520	4	46	-6	50	0	7	0	-801	755	-141	480	0	-500
1	-141	980	489931520	5	46	-4	45	0	7	0	-801	762	-141	480	0	-500
1	-141	980	489933520	5	45	-4	44	0	7	0	-801	769	-141	480	0	-500
1	-141	980	489935520	6	45	-2	43	0	7	0	-801	776	-141	480	0	-500
1	-141	980	489937524	6	45	-3	50	0	7	0	-801	727	-141	480	0	-500
1	-141	980	489939512	7	45	-1	42	0	6	0	-801	733	-141	480	0	-500
1	-141	980	489941508	7	44	0	43	0	7	0	-801	740	-141	480	0	-500
1	-141	980	489943524	8	44	0	47	1	7	0	-800	747	-141	480	0	-500
1	-141	980	489945520	8	42	0	41	1	6	0	-799	753	-141	480	0	-500
1	-141	980	489947512	9	43	2	42	0	6	0	-799	759	-141	480	0	-500
1	-141	980	489949516	10	42	4	41	2	6	0	-797	765	-141	480	0	-500
1	-141	980	489951516	10	42	5	45	1	7	0	-796	772	-141	480	0	-500
1	-141	980	489953512	11	41	5	40	1	6	0	-795	778	-141	480	0	-500
1	-141	980	489955512	13	40	6	39	1	6	0	-794	726	-141	480	0	-500
1	-141	980	489957508	12	40	7	43	2	6	0	-792	732	-141	480	0	-500
1	-141	980	489959508	14	39	8	38	1	6	0	-791	738	-141	480	0	-500
1	-141	980	489961508	14	38	9	39	2	6	0	-789	744	-141	480	0	-500
1	-141	980	489963500	16	39	8	37	2	5	0	-787	749	-141	480	0	-500
1	-141	980	489965508	15	39	13	43	2	7	0	-785	756	-141	480	0	-500
1	-141	980	489967504	18	37	10	36	2	5	0	-783	761	-141	480	0	-500
1	-141	980	489969508	17	38	11	36	2	6	0	-781	767	-141	480	0	-500
1	-141	980	489971512	20	42	14	43	3	6	0	-778	726	-141	480	0	-500
1	-141	980	489973520	19	38	14	36	2	6	0	-776	732	-141	480	0	-500
1	-141	980	489975516	19	37	12	35	3	5	0	-773	737	-141	480	0	-500
1	-141	980	489977520	20	37	16	41	2	6	0	-771	743	-141	480	0	-500
1	-141	980	489979524	20	36	14	35	3	5	0	-768	748	-141	480	0	-500
1	-141	980	489981528	21	36	15	36	2	5	0	-766	753	-141	480	0	-500
1	-141	980	489983528	20	36	18	40	3	6	0	-763	759	-141	480	0	-500
1	-141	980	489985532	22	37	15	35	3	6	0	-760	765	-141	480	0	-500
1	-141	980	489987532	22	36	16	37	3	5	0	-757	770	-141	480	0	-500
1	-141	980	489989532	21	36	16	35	3	5	0	-754	725	-141	480	0	-500
1	-141	980	489991536	21	36	19	40	3	6	0	-751	731	-141	480	0	-500
1	-141	980	489993540	21	35	17	33	3	5	0	-748	736	-141	480	0	-500
1	-141	980	489995532	22	35	17	35	3	5	0	-745	741	-141	480	0	-500
1	-141	980	489997536	21	35	20	39	3	6	0	-742	747	-141	480	0	-500
1	-141	980	489999540	21	34	17	34	2	5	0	-740	752	-141	480	0	-500
1	-141	980	490001540	20	34	18	32	3	5	0	-737	757	-141	480	0	-500
1	-141	980	490003540	20	32	21	38	3	5	0	-734	762	-141	480	0	-500
1	-141	980	490005540	20	33	17	32	3	5	0	-731	725	-141	480	0	-500
1	-141	980	490007532	23	36	19	32	3	5	0	-728	730	-141	480	0	-500
1	-141	980	490009532	18	31	19	31	3	5	0	-725	735	-141	480	0	-500
1	-141	980	490011536	19	32	20	35	3	5	0	-722	740	-141	480	0	-500
1	-141	980	490013528	19	30	19	30	3	4	0	-719	744	-141	480	0	-500
1	-141	980	490015532	19	30	18	30	3	5	0	-716	749	-141	480	0	-500
1	-141	980	490017536	17	28	22	32	3	4	0	-713	753	-141	480	0	-500
1	-141	980	490019528	19	29	20	29	2	5	0	-711	758	-141	480	0	-500
1	-141	980	490021532	17	28	18	28	3	4	0	-708	724	-141	480	0	-500
1	-141	980	490023536	18	27	22	31	3	4	0	-705	728	-141	480	0	-500
1	-141	980	490025540	19	26	18	27	3	4	0	-702	732	-141	480	0	-500
1	-141	980	490027544	18	27	19	27	3	4	0	-699	736	-141	480	0	-500
1	-141	980	490029544	19	25	20	25	3	4	0	-696	740	-141	480	0	-500
1	-141	980	490031552	19	25	21	28	3	4	0	-693	744	-141	480	0	-500
1	-141	980	490033556	19	26	20	25	2	4	0	-691	748	-141	480	0	-500
1	-141	980	490035548	20	25	19	25	3	4	0	-688	752	-141	480	0	-500
1	-141	980	490037548	21	25	23	28	4	4	0	-684	756	-141	480	0	-500
1	-141	980	490039552	20	24	20	24	3	3	0	-681	723	-141	480	0	-500
1	-141	980	490041556	21	25	18	23	3	4	0	-678	727	-141	480	0	-500
1	-141	980	490043560	23	25	23	28	3	4	0	-675	731	-141	480	0	-500
1	-141	980	490045564	25	27	21	24	4	4	0	-671	735	-141	480	0	-500
1	-141	980	490047556	22	25	20	23	3	3	0	-668	738	-141	480	0	-500
1	-141	980	490049560	24	24	20	23	3	4	0	-665	742	-141	480	0	-500
1	-141	980	490051556	22	25	24	27	3	4	0	-662	746	-141	480	0	-500
1	-141	980	490053556	24	25	20	24	4	3	0	-658	749	-141	480	0	-500
1	-141	980	490055560	24	25	21	23	3	4	0	-655	724	-141	480	0	-500
1	-141	980	490057560	24	24	24	27	4	4	0	-651	728	-141	480	0	-500
1	-141	980	490059564	22	25	21	23	3	3	0	-648	731	-141	480	0	-500
1	-141	980	490061564	24	25	20	23	3	4	0	-645	735	-141	480	0	-500
1	-141	980	490063568	22	23	24	27	4	4	0	-641	739	-141	480	0	-500
1	-141	980	490065568	24	25	21	23	3	3	0	-638	742	-141	480	0	-500
1	-141	980	490067572	23	24	20	24	3	4	0	-635	746	-141	480	0	-500
1	-141	980	490069572	21	24	23	26	4	4	0	-631	750	-141	480	0	-500
1	-141	980	490071580	21	24	20	23	3	3	0	-628	723	-141	480	0	-500
1	-141	980	490073572	20	22	18	22	3	3	0	-625	726	-141	480	0	-500
1	-141	980	490075568	20	23	20	22	3	4	0	-622	730	-141	480	0	-500
1	-141	980	490077572	19	21	22	23	3	3	0	-619	733	-141	480	0	-500
1	-141	980	490079576	16	21	17	20	2	3	0	-617	736	-141	480	0	-500
1	-141	980	490081580	16	19	18	20	3	3	0	-614	739	-141	480	0	-500
1	-141	980	490083584	15	21	20	20	2	3	0	-612	742	-141	480	0	-500
1	-141	980	490085588	13	18	16	18	2	3	0	-610	745	-141	480	0	-500
1	-141	980	490087592	11	16	15	16	2	2	0	-608	722	-141	480	0	-500
1	-141	980	490089596	10	16	17	19	2	3	0	-606	725	-141	480	0	-500
1	-141	980	490091600	9	15	14	15	2	2	0	-604	727	-141	480	0	-500
1	-141	980	490093596	7	14	15	15	2	2	0	-602	729	-141	480	0	-500
1	-141	980	490095592	7	14	13	14	1	2	0	-601	731	-141	480	0	-500
1	-141	980	490097588	5	13	15	16	2	3	0	-599	734	-141	480	0	-500
1	-141	980	490099588	5	14	12	14	1	2	0	-598	736	-141	480	0	-500
1	-141	980	490101584	3	13	11	13	1	2	0	-597	738	-141	480	0	-500
1	-141	980	490103588	4	13	14	17	1	2	0	-596	722	-141	480	0	-500
1	-141	980	490105588	4	15	11	13	2	2	0	-594	724	-141	480	0	-500
1	-141	980	490107588	4	14	12	15	1	2	0	-593	726	-141	480	0	-500
1	-141	980	490109588	3	16	13	18	1	3	0	-592	729	-141	480	0	-500
1	-141	980	490111588	5	17	12	15	1	2	0	-591	731	-141	480	0	-500
1	-141	980	490113588	7	18	11	17	2	3	0	-589	734	-141	480	0	-500
1	-141	980	490115588	5	19	11	18	1	3	0	-588	737	-141	480	0	-500
1	-141	980	490117588	7	20	14	21	1	3	0	-587	740	-141	480	0	-500
1	-141	980	490119584	6	21	11	20	2	3	0	-585	723	-141	480	0	-500
1	-141	980	490121596	8	23	11	20	1	3	0	-584	726	-141	480	0	-500
1	-141	980	490123596	9	26	14	25	2	4	0	-582	730	-141	480	0	-500
1	-141	980	490125596	8	24	11	23	1	3	0	-581	733	-141	480	0	-500
1	-141	980	490127592	8	25	13	23	2	4	0	-579	737	-141	480	0	-500
1	-141	980	490129592	9	26	14	28	2	4	0	-577	741	-141	480	0	-500
1	-141	980	490131592	7	25	11	25	1	4	0	-576	745	-141	480	0	-500
1	-141	980	490133592	9	28	12	25	1	4	0	-575	749	-141	480	0	-500
1	-141	980	490135596	7	26	12	25	2	4	0	-573	753	-141	480	0	-500
1	-141	980	490137576	7	26	12	29	1	4	0	-572	724	-141	480	0	-500
1	-141	980	490139576	6	28	13	26	2	4	0	-570	728	-141	480	0	-500
1	-141	980	490141580	6	26	10	25	1	4	0	-569	732	-141	480	0	-500
1	-141	980	490143580	4	27	12	30	1	4	0	-568	736	-141	480	0	-500
1	-141	980	490145576	4	27	10	26	1	4	0	-567	740	-141	480	0	-500
1	-141	980	490147576	3	27	10	26	1	4	0	-566	744	-141	480	0	-500
1	-141	980	490149572	3	28	9	27	1	4	0	-565	748	-141	480	0	-500
1	-141	980	490151580	1	26	10	30	1	4	0	-564	752	-141	480	0	-500
1	-141	980	490153580	1	27	9	26	1	4	0	-563	724	-141	480	0	-500
1	-141	980	490155564	2	28	8	26	0	4	0	-563	728	-141	480	0	-500
1	-141	980	490157588	0	29	9	30	1	5	0	-562	733	-141	480	0	-500
1	-141	980	490159580	1	27	9	28	1	4	0	-561	737	-141	480	0	-500
1	-141	980	490161576	0	28	7	26	0	4	0	-561	741	-141	480	0	-500
1	-141	980	490163596	0	27	9	31	1	4	0	-560	745	-141	480	0	-500
1	-141	980	490165588	0	28	9	26	1	4	0	-559	749	-141	480	0	-500
1	-141	980	490167580	-2	31	7	27	0	4	0	-559	753	-141	480	0	-500
1	-141	980	490169592	0	27	8	27	1	4	0	-558	757	-141	480	0	-500
1	-141	980	490171576	-1	28	9	30	0	5	0	-558	725	-141	480	0	-500
1	-141	980	490173588	-1	27	7	28	1	4	0	-557	729	-141	480	0	-500
1	-141	980	490175576	-1	29	8	27	0	4	0	-557	733	-141	480	0	-500
1	-141	980	490177592	-2	28	8	30	1	5	0	-556	738	-141	480	0	-500
1	-141	980	490179568	-1	28	8	28	0	4	0	-556	742	-141	480	0	-500
1	-141	980	490181580	-1	28	6	27	1	4	0	-555	746	-141	480	0	-500
1	-141	980	490183568	-1	29	8	31	0	4	0	-555	750	-141	480	0	-500
1	-141	980	490185580	0	30	6	29	1	5	0	-554	755	-141	480	0	-500
1	-141	980	490187564	0	30	5	28	0	4	0	-554	724	-141	480	0	-500
1	-141	980	490189556	0	28	5	28	0	4	0	-554	728	-141	480	0	-500
1	-141	980	490191576	0	32	6	33	1	5	0	-553	733	-141	480	0	-500
1	-141	980	490193556	0	30	4	30	0	5	0	-553	738	-141	480	0	-500
1	-141	980	490195564	0	31	4	29	0	4	0	-553	742	-141	480	0	-500
1	-141	980	490197580	0	30	3	33	1	5	0	-552	747	-141	480	0	-500
1	-141	980	490199564	0	31	4	29	0	4	0	-552	751	-141	480	0	-500
1	-141	980	490201556	1	33	3	30	0	5	0	-552	756	-141	480	0	-500
1	-141	980	490203564	1	31	1	30	0	5	0	-552	725	-141	480	0	-500
1	-141	980	490205572	0	31	2	34	0	5	0	-552	730	-141	480	0	-500
1	-141	980	490207580	2	31	2	30	1	4	0	-551	734	-141	480	0	-500
1	-141	980	490209564	1	32	1	30	0	5	0	-551	739	-141	480	0	-500
1	-141	980	490211568	0	35	1	35	0	5	0	-551	744	-141	480	0	-500
1	-141	980	490213536	0	31	0	30	0	5	0	-551	749	-141	480	0	-500
1	-141	980	490215536	0	30	0	30	0	4	0	-551	753	-141	480	0	-500
1	-141	980	490217560	0	31	1	34	0	5	0	-551	758	-141	480	0	-500
1	-141	980	490219528	0	29	0	28	0	4	0	-551	724	-141	480	0	-500
1	-141	980	490221520	0	30	0	29	0	5	0	-551	729	-141	480	0	-500
1	-141	980	490223520	-2	30	2	29	0	4	0	-551	733	-141	480	0	-500
1	-141	980	490225544	-1	29	0	32	0	5	0	-551	738	-141	480	0	-500
1	-141	980	490227544	-1	28	0	29	0	4	0	-551	742	-141	480	0	-500
1	-141	980	490229544	-3	28	0	28	0	4	0	-551	746	-141	480	0	-500
1	-141	980	490231544	-2	29	0	32	0	5	0	-551	751	-141	480	0	-500
1	-141	980	490233544	-3	28	0	28	0	4	0	-551	755	-141	480	0	-500
1	-141	980	490235540	-3	28	-1	27	0	4	0	-551	724	-141	480	0	-500
1	-141	980	490237548	-4	27	0	28	0	4	0	-551	728	-141	480	0	-500
1	-141	980	490239564	-4	28	-2	30	-1	5	0	-552	733	-141	480	0	-500
1	-141	980	490241544	-5	27	-2	27	0	4	0	-552	737	-141	480	0	-500
1	-141	980	490243552	-5	27	-2	26	-1	4	0	-553	741	-141	480	0	-500
1	-141	980	490245540	-5	26	-3	29	0	4	0	-553	745	-141	480	0	-500
1	-141	980	490247560	-5	26	-2	26	-1	4	0	-554	749	-141	480	0	-500
1	-141	980	490249560	-6	25	-3	25	-1	3	0	-555	752	-141	480	0	-500
1	-141	980	490251552	-5	25	-2	28	0	4	0	-555	756	-141	480	0	-500
1	-141	980	490253556	-8	24	-4	24	-1	4	0	-556	760	-141	480	0	-500
1	-141	980	490255556	-7	25	-2	23	-1	4	0	-557	764	-141	480	0	-500
1	-141	980	490257560	-8	22	-4	23	-1	3	0	-558	767	-141	480	0	-500
1	-141	980	490259556	-7	23	-5	25	0	4	0	-558	771	-141	480	0	-500
1	-141	980	490261568	-8	20	-4	20	-1	3	0	-559	774	-141	480	0	-500
1	-141	980	490263556	-8	21	-4	21	-1	3	0	-560	777	-141	480	0	-500
1	-141	980	490265552	-8	19	-5	23	-1	3	0	-561	780	-141	480	0	-500
1	-141	980	490267556	-9	19	-5	18	-1	3	0	-562	783	-141	480	0	-500
1	-141	980	490269556	-8	18	-3	19	-1	2	0	-563	722	-141	480	0	-500
1	-141	980	490271556	-8	18	-7	20	-1	3	0	-564	725	-141	480	0	-500
1	-141	980	490273560	-9	17	-3	18	-1	3	0	-565	728	-141	480	0	-500
1	-141	980	490275560	-7	18	-5	16	-1	2	0	-566	730	-141	480	0	-500
1	-141	980	490277560	-9	16	-5	16	-1	3	0	-567	723	-141	480	0	-500
1	-141	980	490279564	-7	16	-7	19	-1	2	0	-568	725	-141	480	0	-500
1	-141	980	490281564	-8	15	-5	15	-1	3	0	-569	728	-141	480	0	-500
1	-141	980	490283568	-7	15	-5	15	-1	2	0	-570	730	-141	480	0	-500
1	-141	980	490285572	-8	17	-6	16	-1	2	0	-571	732	-141	480	0	-500
1	-141	980	490287576	-7	13	-6	15	-1	2	0	-572	734	-141	480	0	-500
1	-141	980	490289576	-8	15	-6	14	-1	3	0	-573	737	-141	480	0	-500
1	-141	980	490291580	-6	14	-7	15	-1	2	0	-574	739	-141	480	0	-500
1	-141	980	490293580	-8	16	-6	14	-1	2	0	-575	741	-141	480	0	-500
1	-141	980	490295584	-7	13	-7	13	-1	2	0	-576	722	-141	480	0	-500
1	-141	980	490297584	-8	14	-7	13	-1	2	0	-577	724	-141	480	0	-500
1	-141	980	490299588	-6	13	-8	15	-1	2	0	-578	726	-141	480	0	-500
1	-141	980	490301588	-7	13	-8	12	-1	2	0	-579	728	-141	480	0	-500
1	-141	980	490303592	-8	12	-7	13	-2	2	0	-581	730	-141	480	0	-500
1	-141	980	490305596	-7	13	-10	14	-1	2	0	-582	732	-141	480	0	-500
1	-141	980	490307592	-8	12	-9	12	-1	2	0	-583	734	-141	480	0	-500
1	-141	980	490309592	-9	13	-9	11	-2	2	0	-585	736	-141	480	0	-500
1	-141	980	490311588	-8	12	-11	14	-1	1	0	-586	721	-141	480	0	-500
1	-141	980	490313584	-9	12	-10	11	-1	2	0	-587	723	-141	480	0	-500
1	-141	980	490315580	-9	12	-10	12	-2	2	0	-589	725	-141	480	0	-500
1	-141	980	490317576	-9	11	-11	11	-1	2	0	-590	727	-141	480	0	-500
1	-141	980	490319572	-10	12	-13	12	-2	1	0	-592	728	-141	480	0	-500
1	-141	980	490321572	-8	11	-10	10	-1	2	0	-593	730	-141	480	0	-500
1	-141	980	490323568	-10	11	-11	12	-2	2	0	-595	732	-141	480	0	-500
1	-141	980	490325568	-10	10	-14	11	-2	1	0	-597	733	-141	480	0	-500
1	-141	980	490327568	-10	10	-11	10	-1	2	0	-598	735	-141	480	0	-500
1	-141	980	490329564	-9	10	-11	9	-2	1	0	-600	721	-141	480	0	-500
1	-141	980	490331568	-10	9	-13	10	-2	2	0	-602	723	-141	480	0	-500
1	-141	980	490333576	-10	10	-11	8	-1	1	0	-603	724	-141	480	0	-500
1	-141	980	490335572	-9	7	-11	8	-2	1	0	-605	725	-141	480	0	-500
1	-141	980	490337572	-7	8	-10	7	-1	1	0	-606	726	-141	480	0	-500
1	-141	980	490339568	-9	6	-12	8	-1	1	0	-607	727	-141	480	0	-500
1	-141	980	490341564	-8	5	-8	6	-2	1	0	-609	728	-141	480	0	-500
1	-141	980	490343572	-6	5	-10	6	-1	1	0	-610	729	-141	480	0	-500
1	-141	980	490345572	-6	5	-9	5	-1	1	0	-611	730	-141	480	0	-500
1	-141	980	490347552	-6	4	-8	4	-1	0	0	-612	720	-141	480	0	-500
1	-141	980	490349564	-5	2	-7	4	-1	1	0	-613	721	-141	480	0	-500
1	-141	980	490351544	-5	3	-6	4	-1	0	0	-614	721	-141	480	0	-500
1	-141	980	490353560	-4	2	-7	2	-1	1	0	-615	722	-141	480	0	-500
1	-141	980	490355540	-4	2	-5	3	0	0	0	-615	722	-141	480	0	-500
1	-141	980	490357548	-2	1	-3	1	-1	0	0	-616	722	-141	480	0	-500
1	-141	980	490359540	-3	0	-5	1	0	0	0	-616	722	-141	480	0	-500
1	-141	980	490361552	-2	1	-4	1	-1	0	0	-617	720	-141	480	0	-500
1	-141	980	490363504	-3	0	-3	0	0	0	0	-617	720	-141	480	0	-500
1	-141	980	490365524	-2	0	-3	0	-1	0	0	-618	720	-141	480	0	-500
1	-141	980	490367500	-2	0	-3	0	0	0	0	-618	720	-141	480	0	-500
1	-141	980	490369508	-2	0	-2	0	0	0	0	-618	720	-141	480	0	-500
1	-141	980	490371520	-3	0	-3	0	-1	0	0	-619	720	-141	480	0	-500
1	-141	980	490373508	-1	0	-2	0	0	0	0	-619	720	-141	480	0	-500
1	-141	980	490375508	-2	0	-3	0	0	0	0	-619	720	-141	480	0	-500
1	-141	980	490377552	-3	-1	-1	0	-1	0	0	-620	720	-141	480	0	-500
1	-141	980	490379540	-4	-2	-4	-3	0	0	0	-620	720	-141	480	0	-500
1	-141	980	490381556	-3	-1	-2	-1	-1	0	0	-621	720	-141	480	0	-500
1	-141	980	490383540	-3	-2	-3	-2	0	0	0	-621	720	-141	480	0	-500
1	-141	980	490385548	-5	-3	-4	-2	-1	0	0	-622	720	-141	480	0	-500
1	-141	980	490387540	-5	-2	-3	-3	0	0	0	-622	720	-141	480	0	-500
1	-141	980	490389564	-5	-3	-4	-3	-1	-1	0	-623	719	-141	480	0	-500
1	-141	980	490391536	-5	-4	-4	-4	-1	0	0	-624	719	-141	480	0	-500
1	-141	980	490393544	-6	-3	-5	-3	0	-1	0	-624	718	-141	480	0	-500
1	-141	980	490395536	-8	-4	-5	-4	-1	0	0	-625	718	-141	480	0	-500
1	-141	980	490397552	-6	-5	-5	-5	-1	-1	0	-626	717	-141	480	0	-500
1	-141	980	490399552	-7	-5	-5	-5	-1	-1	0	-627	716	-141	480	0	-500
1	-141	980	490401552	-7	-5	-5	-5	-1	-1	0	-628	715	-141	480	0	-500
1	-141	980	490403540	-7	-5	-6	-5	-1	0	0	-629	715	-141	480	0	-500
1	-141	980	490405560	-8	-5	-5	-5	-1	-1	0	-630	714	-141	480	0	-500
1	-141	980	490407560	-7	-6	-6	-6	-1	-1	0	-631	713	-141	480	0	-500
1	-141	980	490409560	-8	-5	-7	-7	-1	-1	0	-632	712	-141	480	0	-500
1	-141	980	490411564	-6	-7	-5	-5	-1	-1	0	-633	711	-141	480	0	-500
1	-141	980	490413568	-6	-5	-6	-7	-1	-1	0	-634	710	-141	480	0	-500
1	-141	980	490415568	-8	-6	-5	-5	-1	-1	0	-635	709	-141	480	0	-500
1	-141	980	490417564	-5	-5	-5	-5	-1	0	0	-636	709	-141	480	0	-500
1	-141	980	490419568	-6	-5	-5	-6	0	-1	0	-636	708	-141	480	0	-500
1	-141	980	490421584	-5	-5	-4	-5	-1	-1	0	-637	707	-141	480	0	-500
1	-141	980	490423584	-5	-5	-3	-5	-1	-1	0	-638	706	-141	480	0	-500
1	-141	980	490425560	-4	-4	-5	-5	0	0	0	-638	706	-141	480	0	-500
1	-141	980	490427588	-3	-3	-3	-4	-1	-1	0	-639	705	-141	480	0	-500
1	-141	980	490429560	-3	-4	-2	-4	0	0	0	-639	705	-141	480	0	-500
1	-141	980	490431572	-2	-3	-3	-4	0	-1	0	-639	704	-141	480	0	-500
1	-141	980	490433568	-3	-2	-2	-3	-1	0	0	-640	704	-141	480	0	-500
1	-141	980	490435568	-1	-3	-3	-3	0	-1	0	-640	703	-141	480	0	-500
1	-141	980	490437552	-1	-2	-1	-1	0	0	0	-640	703	-141	480	0	-500
1	-141	980	490439564	-2	-1	-1	-3	-1	0	0	-641	703	-141	480	0	-500
1	-141	980	490441560	-1	-2	-2	-1	0	-1	0	-641	702	-141	480	0	-500
1	-141	980	490443540	-1	-1	-1	-1	0	0	0	-641	702	-141	480	0	-500
1	-141	980	490445512	0	-1	0	-1	0	0	0	-641	702	-141	480	0	-500
1	-141	980	490447544	0	0	-1	-2	0	0	0	-641	702	-141	480	0	-500
1	-141	980	490449544	-1	0	0	-1	0	0	0	-641	702	-141	480	0	-500
1	-141	980	490451512	0	-1	0	0	0	0	0	-641	702	-141	480	0	-500
1	-141	980	490455544	0	0	-1	-1	0	0	0	-641	702	-141	480	0	-500
1	-141	980	490483528	0	-2	0	0	0	0	0	-641	702	-141	480	0	-500
1	-141	980	490491576	0	-1	1	-1	0	-1	0	-641	701	-141	480	0	-500
1	-141	980	490493532	0	0	2	0	0	0	0	-641	701	-141	480	0	-500
1	-141	980	490495560	1	-1	0	-2	0	0	0	-641	701	-141	480	0	-500
1	-141	980	490497560	1	-1	2	0	0	0	0	-641	701	-141	480	0	-500
1	-141	980	490499560	2	0	3	-1	0	0	0	-641	701	-141	480	0	-500
1	-141	980	490501560	2	-3	2	-1	0	0	0	-641	701	-141	480	0	-500
1	-141	980	490503580	3	-1	3	-3	1	0	0	-640	701	-141	480	0	-500
1	-141	980	490505588	2	-3	2	-1	0	-1	0	-640	700	-141	480	0	-500
1	-141	980	490507568	3	-2	5	-2	0	0	0	-640	700	-141	480	0	-500
1	-141	980	490509588	3	-3	4	-2	1	0	0	-639	700	-141	480	0	-500
1	-141	980	490511600	3	-2	5	-2	1	-1	0	-638	699	-141	480	0	-500
1	-141	980	490513568	4	-3	5	-4	0	0	0	-638	699	-141	480	0	-500
1	-141	980	490515588	3	-3	6	-2	1	-1	0	-637	698	-141	480	0	-500
1	-141	980	490517568	5	-3	5	-3	1	0	0	-636	698	-141	480	0	-500
1	-141	980	490519568	4	-4	6	-4	0	-1	0	-636	697	-141	480	0	-500
1	-141	980	490521564	5	-3	7	-3	1	0	0	-635	697	-141	480	0	-500
1	-141	980	490523572	4	-4	7	-3	1	-1	0	-634	696	-141	480	0	-500
1	-141	980	490525564	4	-4	6	-4	1	0	0	-633	696	-141	480	0	-500
1	-141	980	490527572	5	-4	8	-3	1	-1	0	-632	695	-141	480	0	-500
1	-141	980	490529564	3	-3	7	-4	1	0	0	-631	695	-141	480	0	-500
1	-141	980	490531564	4	-5	7	-4	0	-1	0	-631	694	-141	480	0	-500
1	-141	980	490533576	5	-4	8	-5	1	-1	0	-630	693	-141	480	0	-500
1	-141	980	490535568	4	-4	7	-4	1	0	0	-629	693	-141	480	0	-500
1	-141	980	490537576	2	-4	7	-3	1	-1	0	-628	692	-141	480	0	-500
1	-141	980	490539568	4	-3	6	-4	1	0	0	-627	692	-141	480	0	-500
1	-141	980	490541580	4	-5	9	-4	1	-1	0	-626	691	-141	480	0	-500
1	-141	980	490543560	2	-4	8	-5	0	-1	0	-626	690	-141	480	0	-500
1	-141	980	490545560	4	-4	6	-4	1	0	0	-625	690	-141	480	0	-500
1	-141	980	490547580	3	-5	9	-5	1	-1	0	-624	689	-141	480	0	-500
1	-141	980	490549588	3	-4	7	-3	1	-1	0	-623	688	-141	480	0	-500
1	-141	980	490551568	3	-5	8	-4	1	0	0	-622	688	-141	480	0	-500
1	-141	980	490553568	2	-3	8	-5	0	-1	0	-622	687	-141	480	0	-500
1	-141	980	490555580	3	-5	8	-5	1	-1	0	-621	686	-141	480	0	-500
1	-141	980	490557572	4	-5	9	-5	1	0	0	-620	686	-141	480	0	-500
1	-141	980	490559580	2	-5	7	-4	1	-1	0	-619	685	-141	480	0	-500
1	-141	980	490561588	3	-5	10	-6	1	-1	0	-618	684	-141	480	0	-500
1	-141	980	490563580	2	-5	8	-5	1	-1	0	-617	683	-141	480	0	-500
1	-141	980	490565560	3	-5	8	-5	0	0	0	-617	683	-141	480	0	-500
1	-141	980	490567580	2	-5	10	-5	1	-1	0	-616	682	-141	480	0	-500
1	-141	980	490569576	3	-7	9	-6	1	-1	0	-615	681	-141	480	0	-500
1	-141	980	490571580	2	-5	9	-5	1	-1	0	-614	680	-141	480	0	-500
1	-141	980	490573588	3	-6	11	-7	1	-1	0	-613	679	-141	480	0	-500
1	-141	980	490575588	2	-6	9	-5	1	-1	0	-612	678	-141	480	0	-500
1	-141	980	490577584	3	-6	9	-6	1	-1	0	-611	677	-141	480	0	-500
1	-141	980	490579568	2	-5	8	-5	1	0	0	-610	677	-141	480	0	-500
1	-141	980	490581564	1	-7	10	-7	0	-1	0	-610	676	-141	480	0	-500
1	-141	980	490583572	3	-6	9	-5	1	-1	0	-609	675	-141	480	0	-500
1	-141	980	490585576	2	-6	9	-7	1	-1	0	-608	674	-141	480	0	-500
1	-141	980	490587580	2	-8	10	-6	1	-1	0	-607	673	-141	480	0	-500
1	-141	980	490589592	2	-5	7	-6	1	-1	0	-606	672	-141	480	0	-500
1	-141	980	490591584	1	-6	9	-6	0	-1	0	-606	671	-141	480	0	-500
1	-141	980	490593600	2	-6	9	-8	1	-1	0	-605	670	-141	480	0	-500
1	-141	980	490595604	2	-8	9	-5	1	-1	0	-604	669	-141	480	0	-500
1	-141	980	490597596	1	-6	7	-6	1	-1	0	-603	668	-141	480	0	-500
1	-141	980	490599592	2	-6	8	-6	0	-1	0	-603	667	-141	480	0	-500
1	-141	980	490601608	1	-6	8	-8	1	-1	0	-602	666	-141	480	0	-500
1	-141	980	490603612	1	-7	9	-6	1	-1	0	-601	665	-141	480	0	-500
1	-141	980	490605592	1	-6	8	-6	0	-1	0	-601	664	-141	480	0	-500
1	-141	980	490607604	2	-7	8	-8	1	-1	0	-600	663	-141	480	0	-500
1	-141	980	490609612	1	-7	8	-6	1	-1	0	-599	662	-141	480	0	-500
1	-141	980	490611604	1	-6	7	-6	1	-1	0	-598	661	-141	480	0	-500
1	-141	980	490613600	1	-7	9	-8	0	-1	0	-598	660	-141	480	0	-500
1	-141	980	490615604	2	-7	8	-6	1	-1	0	-597	659	-141	480	0	-500
1	-141	980	490617600	1	-7	8	-6	1	-1	0	-596	658	-141	480	0	-500
1	-141	980	490619596	1	-6	8	-8	0	-1	0	-596	657	-141	480	0	-500
1	-141	980	490621612	1	-8	9	-6	1	-1	0	-595	656	-141	480	0	-500
1	-141	980	490623604	2	-6	8	-8	1	-1	0	-594	655	-141	480	0	-500
1	-141	980	490625604	1	-9	8	-6	1	-1	0	-593	654	-141	480	0	-500
1	-141	980	490627596	1	-6	10	-6	0	-1	0	-593	653	-141	480	0	-500
1	-141	980	490629608	1	-6	7	-6	1	-1	0	-592	652	-141	480	0	-500
1	-141	980	490631612	2	-8	9	-7	1	-1	0	-591	651	-141	480	0	-500
1	-141	980	490633620	1	-6	10	-7	1	-1	0	-590	650	-141	480	0	-500
1	-141	980	490635604	1	-6	8	-5	0	-1	0	-590	649	-141	480	0	-500
1	-141	980	490637612	1	-7	8	-6	1	-1	0	-589	648	-141	480	0	-500
1	-141	980	490639616	0	-6	8	-5	1	-1	0	-588	647	-141	480	0	-500
1	-141	980	490641596	2	-5	9	-7	0	0	0	-588	647	-141	480	0	-500
1	-141	980	490643620	1	-6	7	-5	1	-1	0	-587	646	-141	480	0	-500
1	-141	980	490645612	1	-5	9	-5	1	-1	0	-586	645	-141	480	0	-500
1	-141	980	490647596	1	-5	9	-6	0	-1	0	-586	644	-141	480	0	-500
1	-141	980	490649592	2	-5	7	-4	1	0	0	-585	644	-141	480	0	-500
1	-141	980	490651604	1	-5	6	-5	1	-1	0	-584	643	-141	480	0	-500
1	-141	980	490653596	0	-4	9	-5	0	-1	0	-584	642	-141	480	0	-500
1	-141	980	490655616	1	-5	8	-3	1	-1	0	-583	641	-141	480	0	-500
1	-141	980	490657588	0	-4	6	-5	0	0	0	-583	641	-141	480	0	-500
1	-141	980	490659608	1	-3	6	-4	1	-1	0	-582	640	-141	480	0	-500
1	-141	980	490661592	2	-4	8	-5	1	0	0	-581	640	-141	480	0	-500
1	-141	980	490663588	0	-4	6	-4	0	-1	0	-581	639	-141	480	0	-500
1	-141	980	490665596	1	-4	6	-2	1	0	0	-580	639	-141	480	0	-500
1	-141	980	490667596	0	-3	8	-4	0	-1	0	-580	638	-141	480	0	-500
1	-141	980	490669604	1	-4	6	-4	1	-1	0	-579	637	-141	480	0	-500
1	-141	980	490671572	0	-3	5	-4	0	0	0	-579	637	-141	480	0	-500
1	-141	980	490673580	0	-3	6	-2	1	0	0	-578	637	-141	480	0	-500
1	-141	980	490675592	1	-3	6	-4	0	-1	0	-578	636	-141	480	0	-500
1	-141	980	490677588	0	-2	7	-2	1	0	0	-577	636	-141	480	0	-500
1	-141	980	490679588	0	-4	5	-3	0	-1	0	-577	635	-141	480	0	-500
1	-141	980	490681584	0	-3	6	-4	1	0	0	-576	635	-141	480	0	-500
1	-141	980	490683580	0	-2	6	-2	0	-1	0	-576	634	-141	480	0	-500
1	-141	980	490685564	0	-3	5	-3	0	0	0	-576	634	-141	480	0	-500
1	-141	980	490687572	0	-2	5	-2	1	0	0	-575	634	-141	480	0	-500
1	-141	980	490689572	0	-3	6	-3	0	-1	0	-575	633	-141	480	0	-500
1	-141	980	490691560	0	-2	5	-2	1	0	0	-574	633	-141	480	0	-500
1	-141	980	490693556	0	-3	5	-3	0	-1	0	-574	632	-141	480	0	-500
1	-141	980	490695548	0	-2	7	-2	0	0	0	-574	632	-141	480	0	-500
1	-141	980	490697560	0	-3	5	-1	1	0	0	-573	632	-141	480	0	-500
1	-141	980	490699560	0	-2	5	-3	0	-1	0	-573	631	-141	480	0	-500
1	-141	980	490701540	0	-3	3	-2	0	0	0	-573	631	-141	480	0	-500
1	-141	980	490703560	-1	-2	5	-3	1	0	0	-572	631	-141	480	0	-500
1	-141	980	490705564	-1	-3	5	-1	0	-1	0	-572	630	-141	480	0	-500
1	-141	980	490707548	-2	-1	4	-3	0	0	0	-572	630	-141	480	0	-500
1	-141	980	490709564	-1	-2	5	-1	1	0	0	-571	630	-141	480	0	-500
1	-141	980	490711548	-1	-2	3	-1	0	0	0	-571	630	-141	480	0	-500
1	-141	980	490713560	-1	-1	3	-3	0	-1	0	-571	629	-141	480	0	-500
1	-141	980	490715548	-2	-2	4	-1	0	0	0	-571	629	-141	480	0	-500
1	-141	980	490717552	-1	-2	3	-1	0	0	0	-571	629	-141	480	0	-500
1	-141	980	490719556	0	-1	2	-1	0	0	0	-571	629	-141	480	0	-500
1	-141	980	490721556	-1	-1	4	-2	0	0	0	-571	629	-141	480	0	-500
1	-141	980	490723576	-1	-1	2	-1	1	-1	0	-570	628	-141	480	0	-500
1	-141	980	490725552	0	0	3	-1	0	0	0	-570	628	-141	480	0	-500
1	-141	980	490727552	-2	-2	1	-1	0	0	0	-570	628	-141	480	0	-500
1	-141	980	490729556	0	-1	3	-2	0	0	0	-570	628	-141	480	0	-500
1	-141	980	490731528	-1	0	2	0	0	0	0	-570	628	-141	480	0	-500
1	-141	980	490733544	0	-1	1	-1	0	0	0	-570	628	-141	480	0	-500
1	-141	980	490735540	0	-1	3	-1	0	0	0	-570	628	-141	480	0	-500
1	-141	980	490737556	0	0	2	-1	0	-1	0	-570	627	-141	480	0	-500
1	-141	980	490739552	0	-2	3	-2	1	0	0	-569	627	-141	480	0	-500
1	-141	980	490741540	0	-1	2	0	0	0	0	-569	627	-141	480	0	-500
1	-141	980	490743532	0	-1	3	-1	0	0	0	-569	627	-141	480	0	-500
1	-141	980	490745528	0	-1	4	-2	0	0	0	-569	627	-141	480	0	-500
1	-141	980	490747552	0	-3	2	-2	1	-1	0	-568	626	-141	480	0	-500
1	-141	980	490749524	0	-1	4	-1	0	0	0	-568	626	-141	480	0	-500
1	-141	980	490751520	0	-1	2	-1	0	0	0	-568	626	-141	480	0	-500
1	-141	980	490753516	0	-3	4	-1	0	0	0	-568	626	-141	480	0	-500
1	-141	980	490755540	0	-1	4	-3	1	-1	0	-567	625	-141	480	0	-500
1	-141	980	490757520	0	-3	4	-1	0	0	0	-567	625	-141	480	0	-500
1	-141	980	490759528	2	-2	3	-3	0	0	0	-567	625	-141	480	0	-500
1	-141	980	490761540	0	-1	4	-1	1	0	0	-566	625	-141	480	0	-500
1	-141	980	490763540	0	-3	4	-2	0	-1	0	-566	624	-141	480	0	-500
1	-141	980	490765516	0	-2	4	-3	0	0	0	-566	624	-141	480	0	-500
1	-141	980	490767528	0	-3	3	-2	0	-1	0	-566	623	-141	480	0	-500
1	-141	980	490769520	0	-2	4	-2	1	0	0	-565	623	-141	480	0	-500
1	-141	980	490771504	1	-3	4	-2	0	0	0	-565	623	-141	480	0	-500
1	-141	980	490773496	0	-1	4	-3	0	0	0	-565	623	-141	480	0	-500
1	-141	980	490775508	0	-3	2	-2	0	-1	0	-565	622	-141	480	0	-500
1	-141	980	490777504	0	-2	4	-3	1	0	0	-564	622	-141	480	0	-500
1	-141	980	490779492	0	-1	4	-1	0	0	0	-564	622	-141	480	0	-500
1	-141	980	490781516	0	-3	2	-2	0	-1	0	-564	621	-141	480	0	-500
1	-141	980	490783496	0	-2	3	-2	0	0	0	-564	621	-141	480	0	-500
1	-141	980	490785508	0	-2	2	-2	1	0	0	-563	621	-141	480	0	-500
1	-141	980	490787504	0	-2	3	-1	0	-1	0	-563	620	-141	480	0	-500
1	-141	980	490789500	0	-1	1	-2	0	0	0	-563	620	-141	480	0	-500
1	-141	980	490791496	0	-2	2	-2	0	0	0	-563	620	-141	480	0	-500
1	-141	980	490793496	0	-1	2	-1	0	0	0	-563	620	-141	480	0	-500
1	-141	980	490795496	0	-1	1	-2	0	0	0	-563	620	-141	480	0	-500
1	-141	980	490797508	0	-1	1	-1	0	-1	0	-563	619	-141	480	0	-500
1	-141	980	490799476	0	-2	0	-1	0	0	0	-563	619	-141	480	0	-500
1	-141	980	490801484	0	0	1	0	0	0	0	-563	619	-141	480	0	-500
1	-141	980	490803516	0	-1	2	-1	1	0	0	-562	619	-141	480	0	-500
1	-141	980	490805476	0	0	0	-2	0	0	0	-562	619	-141	480	0	-500
1	-141	980	490807472	0	-1	0	0	0	0	0	-562	619	-141	480	0	-500
1	-141	980	490811500	0	0	1	-1	0	0	0	-562	619	-141	480	0	-500
1	-141	980	490813480	0	-1	0	0	0	0	0	-562	619	-141	480	0	-500
1	-141	980	490821480	0	0	0	-1	0	0	0	-562	619	-141	480	0	-500
1	-141	980	490831500	0	-2	0	0	0	-1	0	-562	618	-141	480	0	-500
1	-141	980	490841492	0	0	0	-1	0	0	0	-562	618	-141	480	0	-500
1	-141	980	490857504	0	-1	0	0	0	0	0	-562	618	-141	480	0	-500
1	-141	980	490867504	0	0	0	-2	0	0	0	-562	618	-141	480	0	-500
1	-141	980	490869504	0	-1	0	0	0	0	0	-562	618	-141	480	0	-500
1	-141	980	490875508	0	-1	0	-1	0	0	0	-562	618	-141	480	0	-500
1	-141	980	490877504	0	0	-1	0	0	0	0	-562	618	-141	480	0	-500
1	-141	980	490879500	0	-2	0	-1	0	0	0	-562	618	-141	480	0	-500
1	-141	980	490881508	0	-1	0	-1	0	-1	0	-562	617	-141	480	0	-500
1	-141	980	490883524	0	0	-1	-2	0	0	0	-562	617	-141	480	0	-500
1	-141	980	490885520	0	-2	-1	-1	0	0	0	-562	617	-141	480	0	-500
1	-141	980	490887524	0	-2	-1	-1	0	0	0	-562	617	-141	480	0	-500
1	-141	980	490889524	-2	-1	-2	-1	0	0	0	-562	617	-141	480	0	-500
1	-141	980	490891536	0	-2	-1	-3	0	-1	0	-562	616	-141	480	0	-500
1	-141	980	490893524	-1	-3	-1	-2	0	0	0	-562	616	-141	480	0	-500
1	-141	980	490895520	0	-2	-3	-3	0	0	0	-562	616	-141	480	0	-500
1	-141	980	490897552	-1	-3	-2	-2	-1	-1	0	-563	615	-141	480	0	-500
1	-141	980	490899516	-1	-2	-3	-3	0	0	0	-563	615	-141	480	0	-500
1	-141	980	490901528	0	-3	-2	-4	0	-1	0	-563	614	-141	480	0	-500
1	-141	980	490903528	-2	-4	-4	-2	-1	0	0	-564	614	-141	480	0	-500
1	-141	980	490905524	0	-2	-4	-4	0	-1	0	-564	613	-141	480	0	-500
1	-141	980	490907512	-1	-4	-3	-2	0	0	0	-564	613	-141	480	0	-500
1	-141	980	490909520	-1	-4	-4	-4	0	-1	0	-564	612	-141	480	0	-500
1	-141	980	490911528	0	-2	-4	-4	-1	0	0	-565	612	-141	480	0	-500
1	-141	980	490913524	-1	-4	-5	-4	0	-1	0	-565	611	-141	480	0	-500
1	-141	980	490915528	-2	-4	-4	-2	-1	0	0	-566	611	-141	480	0	-500
1	-141	980	490917536	0	-3	-5	-4	0	-1	0	-566	610	-141	480	0	-500
1	-141	980	490919540	-1	-3	-5	-4	-1	0	0	-567	610	-141	480	0	-500
1	-141	980	490921536	0	-4	-3	-3	0	-1	0	-567	609	-141	480	0	-500
1	-141	980	490923520	0	-2	-5	-3	0	0	0	-567	609	-141	480	0	-500
1	-141	980	490925532	-1	-4	-4	-4	0	-1	0	-567	608	-141	480	0	-500
1	-141	980	490927540	0	-2	-5	-2	-1	0	0	-568	608	-141	480	0	-500
1	-141	980	490929528	0	-4	-4	-3	0	0	0	-568	608	-141	480	0	-500
1	-141	980	490931556	-1	-3	-4	-3	-1	-1	0	-569	607	-141	480	0	-500
1	-141	980	490933532	0	-2	-3	-3	0	0	0	-569	607	-141	480	0	-500
1	-141	980	490935548	0	-1	-4	-2	0	-1	0	-569	606	-141	480	0	-500
1	-141	980	490937536	-2	-3	-3	-3	0	0	0	-569	606	-141	480	0	-500
1	-141	980	490939548	0	-2	-3	-2	-1	0	0	-570	606	-141	480	0	-500
1	-141	980	490941548	0	-3	-3	-2	0	-1	0	-570	605	-141	480	0	-500
1	-141	980	490943536	-1	-1	-2	-2	0	0	0	-570	605	-141	480	0	-500
1	-141	980	490945528	0	-1	-3	-1	0	0	0	-570	605	-141	480	0	-500
1	-141	980	490947532	0	-3	-2	-2	0	0	0	-570	605	-141	480	0	-500
1	-141	980	490949564	0	-1	-3	-1	-1	-1	0	-571	604	-141	480	0	-500
1	-141	980	490951532	0	-1	-2	-2	0	0	0	-571	604	-141	480	0	-500
1	-141	980	490953536	0	-2	-3	-2	0	0	0	-571	604	-141	480	0	-500
1	-141	980	490955544	0	-1	-1	-1	0	0	0	-571	604	-141	480	0	-500
1	-141	980	490957548	0	-1	-1	-1	0	0	0	-571	604	-141	480	0	-500
1	-141	980	490959516	0	0	-3	0	0	0	0	-571	604	-141	480	0	-500
1	-141	980	490961568	0	-1	-1	-1	-1	-1	0	-572	603	-141	480	0	-500
1	-141	980	490963540	0	-2	-1	-2	0	0	0	-572	603	-141	480	0	-500
1	-141	980	490965544	0	-1	-2	-1	0	0	0	-572	603	-141	480	0	-500
1	-141	980	490967548	0	0	-1	-1	0	0	0	-572	603	-141	480	0	-500
1	-141	980	490969548	0	-1	-1	0	0	0	0	-572	603	-141	480	0	-500
1	-141	980	490971548	0	0	-1	-1	0	0	0	-572	603	-141	480	0	-500
1	-141	980	490973548	0	-1	-2	0	0	0	0	-572	603	-141	480	0	-500
1	-141	980	490975544	0	0	-1	-2	0	0	0	-572	603	-141	480	0	-500
1	-141	980	490977520	0	0	-1	0	0	0	0	-572	603	-141	480	0	-500
1	-141	980	490979528	0	-2	0	-1	0	-1	0	-572	602	-141	480	0	-500
1	-141	980	490981520	0	0	-1	0	0	0	0	-572	602	-141	480	0	-500
1	-141	980	490983564	0	0	-2	-1	-1	0	0	-573	602	-141	480	0	-500
1	-141	980	490985520	-1	0	0	0	0	0	0	-573	602	-141	480	0	-500
1	-141	980	490987512	0	0	-1	0	0	0	0	-573	602	-141	480	0	-500
1	-141	980	490989512	0	0	0	-1	0	0	0	-573	602	-141	480	0	-500
1	-141	980	490991540	0	-1	-1	0	0	0	0	-573	602	-141	480	0	-500
1	-141	980	490995512	0	0	-1	0	0	0	0	-573	602	-141	480	0	-500
1	-141	980	490997512	0	0	0	-2	0	0	0	-573	602	-141	480	0	-500
1	-141	980	490999512	0	0	-2	0	0	0	0	-573	602	-141	480	0	-500
1	-141	980	491001508	-1	0	-1	0	0	0	0	-573	602	-141	480	0	-500
1	-141	980	491005520	0	0	-1	0	0	0	0	-573	602	-141	480	0	-500
1	-141	980	491007516	0	0	-1	0	0	0	0	-573	602	-141	480	0	-500
1	-141	980	491009520	0	0	-2	0	0	0	0	-573	602	-141	480	0	-500
1	-141	980	491011528	-2	0	-1	0	-1	0	0	-574	602	-141	480	0	-500
1	-141	980	491013516	0	0	-2	0	0	0	0	-574	602	-141	480	0	-500
1	-141	980	491015524	0	0	-2	0	0	0	0	-574	602	-141	480	0	-500
1	-141	980	491017524	-1	0	-2	0	0	0	0	-574	602	-141	480	0	-500
1	-141	980	491019516	0	0	-3	0	0	0	0	-574	602	-141	480	0	-500
1	-141	980	491021556	0	0	-2	1	-1	0	0	-575	602	-141	480	0	-500
1	-141	980	491023540	-1	2	-3	0	0	0	0	-575	602	-141	480	0	-500
1	-141	980	491025540	0	1	-3	1	0	0	0	-575	602	-141	480	0	-500
1	-141	980	491027540	-1	0	-4	1	0	0	0	-575	602	-141	480	0	-500
1	-141	980	491029556	0	1	-4	0	-1	0	0	-576	602	-141	480	0	-500
1	-141	980	491031536	-2	1	-4	2	0	0	0	-576	602	-141	480	0	-500
1	-141	980	491033532	-1	2	-3	1	0	0	0	-576	602	-141	480	0	-500
1	-141	980	491035544	0	1	-4	1	-1	0	0	-577	602	-141	480	0	-500
1	-141	980	491037528	-1	1	-5	0	0	0	0	-577	602	-141	480	0	-500
1	-141	980	491039540	0	1	-4	3	-1	0	0	-578	602	-141	480	0	-500
1	-141	980	491041540	-1	2	-5	1	0	1	0	-578	603	-141	480	0	-500
1	-141	980	491043524	0	2	-4	1	0	0	0	-578	603	-141	480	0	-500
1	-141	980	491045540	-2	1	-5	1	-1	0	0	-579	603	-141	480	0	-500
1	-141	980	491047524	0	2	-3	2	0	0	0	-579	603	-141	480	0	-500
1	-141	980	491049544	-1	1	-4	1	0	1	0	-579	604	-141	480	0	-500
1	-141	980	491051544	-1	1	-5	1	-1	0	0	-580	604	-141	480	0	-500
1	-141	980	491053524	0	1	-3	3	0	0	0	-580	604	-141	480	0	-500
1	-141	980	491055528	0	2	-3	1	0	0	0	-580	604	-141	480	0	-500
1	-141	980	491057544	-1	1	-4	1	-1	0	0	-581	604	-141	480	0	-500
1	-141	980	491059524	0	1	-3	1	0	0	0	-581	604	-141	480	0	-500
1	-141	980	491061540	-2	1	-3	2	0	1	0	-581	605	-141	480	0	-500
1	-141	980	491063544	0	2	-3	1	-1	0	0	-582	605	-141	480	0	-500
1	-141	980	491065520	0	1	-2	1	0	0	0	-582	605	-141	480	0	-500
1	-141	980	491067524	-1	1	-2	1	0	0	0	-582	605	-141	480	0	-500
1	-141	980	491069524	0	1	-2	0	0	0	0	-582	605	-141	480	0	-500
1	-141	980	491071536	0	2	-1	2	0	1	0	-582	606	-141	480	0	-500
1	-141	980	491073520	0	1	-2	1	0	0	0	-582	606	-141	480	0	-500
1	-141	980	491075524	0	0	-1	1	0	0	0	-582	606	-141	480	0	-500
1	-141	980	491077520	0	1	-1	0	0	0	0	-582	606	-141	480	0	-500
1	-141	980	491079524	0	0	-1	1	0	0	0	-582	606	-141	480	0	-500
1	-141	980	491081532	0	1	-2	0	-1	0	0	-583	606	-141	480	0	-500
1	-141	980	491085516	0	2	-1	2	0	0	0	-583	606	-141	480	0	-500
1	-141	980	491089496	0	0	-1	0	0	0	0	-583	606	-141	480	0	-500
1	-141	980	491095496	0	0	0	1	0	0	0	-583	606	-141	480	0	-500
1	-141	980	491101516	0	0	-1	0	0	0	0	-583	606	-141	480	0	-500
1	-141	980	491127548	0	1	0	0	0	1	0	-583	607	-141	480	0	-500
1	-141	980	491135540	0	0	0	1	0	0	0	-583	607	-141	480	0	-500
1	-141	980	491141548	0	0	-2	0	0	0	0	-583	607	-141	480	0	-500
1	-141	980	491143544	0	1	0	0	0	0	0	-583	607	-141	480	0	-500
1	-141	980	491145548	0	0	0	1	0	0	0	-583	607	-141	480	0	-500
1	-141	980	491149552	0	0	-1	0	0	0	0	-583	607	-141	480	0	-500
1	-141	980	491151552	0	1	0	0	0	0	0	-583	607	-141	480	0	-500
1	-141	980	491155556	0	0	0	2	0	0	0	-583	607	-141	480	0	-500
1	-141	980	491157560	0	0	-1	0	0	0	0	-583	607	-141	480	0	-500
1	-141	980	491161552	0	2	0	0	0	0	0	-583	607	-141	480	0	-500
1	-141	980	491165560	0	0	0	1	0	0	0	-583	607	-141	480	0	-500
1	-141	980	491167564	0	0	-1	0	0	0	0	-583	607	-141	480	0	-500
1	-141	980	491173568	0	1	0	0	0	0	0	-583	607	-141	480	0	-500
1	-141	980	491531632	0	0	1	0	0	0	0	-583	607	-141	480	0	-500
1	-141	980	491533644	0	0	2	0	0	0	0	-583	607	-141	480	0	-500
1	-141	980	491535644	0	0	1	0	0	0	0	-583	607	-141	480	0	-500
1	-141	980	491537640	0	0	1	0	0	0	0	-583	607	-141	480	0	-500
1	-141	980	491539640	0	0	1	0	0	0	0	-583	607	-141	480	0	-500
1	-141	980	491541668	0	-2	3	-1	0	0	0	-583	607	-141	480	0	-500
1	-141	980	491543644	2	0	2	0	0	0	0	-583	607	-141	480	0	-500
1	-141	980	491545672	0	-1	4	0	0	0	0	-583	607	-141	480	0	-500
1	-141	980	491547672	0	0	3	-1	0	0	0	-583	607	-141	480	0	-500
1	-141	980	491549676	1	-1	3	-1	1	0	0	-582	607	-141	480	0	-500
1	-141	980	491551668	1	-1	5	-1	0	0	0	-582	607	-141	480	0	-500
1	-141	980	491553664	0	-2	5	-2	0	0	0	-582	607	-141	480	0	-500
1	-141	980	491555680	1	-1	5	-1	1	0	0	-581	607	-141	480	0	-500
1	-141	980	491557688	2	-2	7	-1	1	0	0	-580	607	-141	480	0	-500
1	-141	980	491559672	1	-2	6	-1	0	0	0	-580	607	-141	480	0	-500
1	-141	980	491561692	1	-2	6	-2	1	-1	0	-579	606	-141	480	0	-500
1	-141	980	491563668	1	-1	8	-2	0	0	0	-579	606	-141	480	0	-500
1	-141	980	491565684	2	-3	6	-1	1	0	0	-578	606	-141	480	0	-500
1	-141	980	491567676	1	-1	7	-3	0	0	0	-578	606	-141	480	0	-500
1	-141	980	491569708	0	0	9	-2	1	-1	0	-577	605	-141	480	0	-500
1	-141	980	491571828	0	0	8	-2	1	0	0	-576	605	-141	480	0	-500
1	-141	980	491573820	0	0	8	-2	0	0	0	-576	605	-141	480	0	-500
1	-141	980	491575836	1	-4	8	-3	1	0	0	-575	605	-141	480	0	-500
1	-141	980	491577728	3	-4	7	-2	1	-1	0	-574	604	-141	480	0	-500
