1	0	-300	273067116	-1	3	0	2	0	1	1	0	-299	0	-300	0	0
1	0	-300	273069108	0	2	1	4	0	1	1	0	-298	0	-300	0	0
1	0	-300	273071068	0	3	0	2	0	0	1	0	-298	0	-300	0	0
1	0	-300	273073080	0	1	0	2	0	1	1	0	-297	0	-300	0	0
1	0	-300	273075068	0	1	0	2	0	0	1	0	-297	0	-300	0	0
1	-85	588	273077108	0	2	1	1	0	1	1	0	-296	-85	288	0	-300
1	-85	588	273079064	0	0	0	2	0	0	1	0	-296	-85	288	0	-300
1	-85	588	273081064	0	1	0	0	0	0	1	0	-296	-85	288	0	-300
1	-85	588	273083068	0	0	0	1	0	0	1	0	-296	-85	288	0	-300
1	-85	588	273097080	0	0	1	0	0	0	1	0	-296	-85	288	0	-300
1	-85	588	273141128	0	1	0	1	0	1	1	0	-295	-85	288	0	-300
1	-85	588	273151120	0	1	0	1	0	0	0	0	-295	-85	288	0	-300
1	-85	588	273153164	-1	2	0	2	0	1	0	0	-294	-85	288	0	-300
1	-85	588	273155124	0	2	0	1	0	0	0	0	-294	-85	288	0	-300
1	-85	588	273157136	0	3	0	4	0	1	0	0	-293	-85	288	0	-300
1	-85	588	273159160	-1	3	0	2	0	1	0	0	-292	-85	288	0	-300
1	-85	588	273161132	0	5	0	5	0	1	0	0	-291	-85	288	0	-300
1	-85	588	273163160	-2	7	0	6	0	2	0	0	-289	-85	288	0	-300
1	-85	588	273165132	0	7	0	7	0	2	0	0	-287	-85	288	0	-300
1	-85	588	273167160	-1	10	0	7	0	3	0	0	-284	-85	288	0	-300
1	-85	588	273169164	-1	9	0	10	0	3	0	0	-281	-85	288	0	-300
1	-85	588	273171168	0	11	-1	10	0	3	0	0	-278	-85	288	0	-300
1	-85	588	273173168	-1	15	0	13	0	4	0	0	-274	-85	288	0	-300
1	-85	588	273175176	-2	14	0	13	-1	4	0	-1	-270	-85	288	0	-300
1	-85	588	273177160	-1	16	-2	17	0	5	0	-1	-265	-85	288	0	-300
1	-85	588	273179136	0	20	0	16	0	5	0	-1	-260	-85	288	0	-300
1	-85	588	273181164	-1	20	-1	20	0	6	0	-1	-254	-85	288	0	-300
1	-85	588	273183168	0	21	-1	22	0	7	0	-1	-247	-85	288	0	-300
1	-85	588	273185148	0	25	0	22	0	7	0	-1	-240	-85	288	0	-300
1	-85	588	273187200	0	24	-1	25	-1	7	0	-2	-233	-85	288	0	-300
1	-85	588	273189180	0	26	-2	25	0	8	0	-2	-225	-85	288	0	-300
1	-85	588	273191180	0	30	-1	28	0	9	0	-2	-216	-85	288	0	-300
1	-85	588	273193180	0	29	-2	28	0	8	0	-2	-208	-85	288	0	-300
1	-85	588	273195152	2	31	-2	32	0	10	0	-2	-198	-85	288	0	-300
1	-85	588	273197180	2	37	-1	30	0	10	0	-2	-188	-85	288	0	-300
1	-85	588	273199172	3	33	-2	38	0	10	0	-2	-178	-85	288	0	-300
1	-85	588	273201176	2	37	-3	34	0	11	0	-2	-167	-85	288	0	-300
1	-85	588	273203176	3	42	-2	40	0	12	0	-2	-155	-85	288	0	-300
1	-85	588	273205168	3	41	-4	38	0	12	0	-2	-143	-85	288	0	-300
1	-85	588	273207140	4	42	-4	45	0	13	0	-2	-130	-85	288	0	-300
1	-85	588	273209168	5	51	-4	49	0	15	0	-2	-115	-85	288	0	-300
1	-85	588	273211168	4	47	-5	45	0	14	0	-2	-101	-85	288	0	-300
1	-85	588	273213144	5	50	-5	54	0	16	0	-2	-85	-85	288	0	-300
1	-85	588	273215168	5	60	-6	51	0	16	0	-2	-69	-85	288	0	-300
1	-85	588	273217176	4	57	-6	60	-1	18	0	-3	-51	-85	288	0	-300
1	-85	588	273219160	5	60	-8	56	0	17	0	-3	-34	-85	288	0	-300
1	-85	588	273221176	5	70	-8	69	-1	21	0	-4	-13	-85	288	0	-300
1	-85	588	273223176	3	67	-10	63	-1	20	0	-5	7	-85	288	0	-300
1	-85	588	273225168	4	69	-12	75	-1	21	0	-6	28	-85	288	0	-300
1	-85	588	273227172	4	84	-11	70	-1	23	0	-7	51	-85	288	0	-300
1	-85	588	273229176	2	77	-15	83	-2	24	0	-9	75	-85	288	0	-300
1	-85	588	273231180	2	81	-14	78	-2	24	0	-11	99	-85	288	0	-300
1	-85	588	273233184	0	98	-17	92	-2	29	0	-13	128	-85	288	0	-300
1	-85	588	273235176	1	90	-18	87	-3	26	0	-16	154	-85	288	0	-300
1	-85	588	273237180	-1	95	-21	101	-3	30	0	-19	184	-85	288	0	-300
1	-85	588	273239172	-2	111	-22	107	-4	32	0	-23	216	-85	288	0	-300
1	-85	588	273241172	-4	104	-23	99	-4	31	0	-27	247	-85	288	0	-300
1	-85	588	273243164	-5	109	-27	119	-4	34	0	-31	281	-85	288	0	-300
1	-85	588	273245160	-9	127	-25	107	-6	35	0	-37	316	-85	288	0	-300
1	-85	588	273247160	-8	119	-32	129	-6	37	0	-43	353	-85	288	0	-300
1	-85	588	273249160	-10	124	-28	118	-5	37	0	-48	390	-85	288	0	-300
1	-85	588	273251160	-14	143	-34	138	-7	42	0	-55	432	-85	288	0	-300
1	-85	588	273253152	-15	133	-31	128	-7	39	0	-62	471	-85	288	0	-300
1	-85	588	273255160	-18	136	-39	149	-9	43	0	-71	514	-85	288	0	-300
1	-85	588	273257152	-18	140	-34	133	-8	41	0	-79	555	-85	288	0	-300
1	-85	588	273259156	-25	163	-42	157	-10	48	0	-89	603	-85	288	0	-300
1	-85	588	273261156	-24	146	-38	140	-9	42	0	-98	645	-85	288	0	-300
1	-85	588	273263164	-31	167	-44	162	-11	50	0	-109	695	-85	288	0	-300
1	-85	588	273265156	-32	150	-40	144	-11	44	0	-120	739	-85	288	0	-300
1	-85	588	273267156	-32	153	-47	166	-12	48	0	-132	768	-85	288	0	-300
1	-85	588	273269156	-36	151	-49	168	-13	48	0	-145	816	-85	288	0	-300
1	-85	588	273271168	-44	170	-42	146	-13	47	0	-158	863	-85	288	0	-300
1	-85	588	273273168	-40	149	-52	166	-13	47	0	-171	910	-85	288	0	-300
1	-85	588	273275168	-43	146	-45	145	-14	44	0	-185	954	-85	288	0	-300
1	-85	588	273277168	-50	163	-52	163	-15	49	0	-200	1003	-85	288	0	-300
1	-85	588	273279164	-46	138	-46	138	-14	41	0	-214	1044	-85	288	0	-300
1	-85	588	273281168	-49	137	-54	155	-15	44	0	-229	1088	-85	288	0	-300
1	-85	588	273283164	-53	146	-48	132	-15	42	0	-244	762	-85	288	0	-300
1	-85	588	273285160	-49	125	-55	143	-16	40	0	-260	802	-85	288	0	-300
1	-85	588	273287160	-49	119	-48	120	-14	36	0	-274	838	-85	288	0	-300
1	-85	588	273289156	-54	126	-54	132	-17	38	0	-291	876	-85	288	0	-300
1	-85	588	273291152	-46	105	-48	110	-14	33	0	-305	909	-85	288	0	-300
1	-85	588	273293148	-45	100	-52	117	-14	32	0	-319	941	-85	288	0	-300
1	-85	588	273295144	-47	104	-46	98	-14	31	0	-333	972	-85	288	0	-300
1	-85	588	273297144	-40	85	-52	102	-14	28	0	-347	1000	-85	288	0	-300
1	-85	588	273299144	-37	78	-42	85	-12	24	0	-359	744	-85	288	0	-300
1	-85	588	273301152	-37	82	-48	89	-13	26	0	-372	770	-85	288	0	-300
1	-85	588	273303152	-30	66	-45	80	-11	22	0	-383	792	-85	288	0	-300
1	-85	588	273305148	-28	59	-37	65	-10	18	0	-393	810	-85	288	0	-300
1	-85	588	273307148	-27	61	-40	66	-10	19	0	-403	829	-85	288	0	-300
1	-85	588	273309144	-21	49	-34	54	-8	16	0	-411	845	-85	288	0	-300
1	-85	588	273311148	-18	42	-35	54	-8	14	0	-419	859	-85	288	0	-300
1	-85	588	273313152	-16	43	-27	41	-6	13	0	-425	872	-85	288	0	-300
1	-85	588	273315152	-13	32	-29	42	-7	11	0	-432	883	-85	288	0	-300
1	-85	588	273317160	-10	29	-21	32	-4	9	0	-436	892	-85	288	0	-300
1	-85	588	273319156	-7	29	-23	32	-5	9	0	-441	901	-85	288	0	-300
1	-85	588	273321164	-6	20	-17	23	-3	7	0	-444	908	-85	288	0	-300
1	-85	588	273323168	-5	17	-18	23	-4	6	0	-448	914	-85	288	0	-300
1	-85	588	273325164	-3	18	-14	19	-2	5	0	-450	919	-85	288	0	-300
1	-85	588	273327156	-2	12	-11	15	-2	4	0	-452	923	-85	288	0	-300
1	-85	588	273329160	-3	10	-9	13	-2	4	0	-454	724	-85	288	0	-300
1	-85	588	273331156	0	9	-7	10	-1	2	0	-455	726	-85	288	0	-300
1	-85	588	273333160	-1	6	-6	8	-1	3	0	-456	729	-85	288	0	-300
1	-85	588	273335164	0	5	-4	7	-1	1	0	-457	721	-85	288	0	-300
1	-85	588	273337148	0	4	-4	5	0	2	0	-457	723	-85	288	0	-300
1	-85	588	273339148	0	2	-2	3	-1	0	0	-458	723	-85	288	0	-300
1	-85	588	273341144	0	2	-2	3	0	1	0	-458	724	-85	288	0	-300
1	-85	588	273343132	0	1	-1	1	0	0	0	-458	724	-85	288	0	-300
1	-85	588	273345120	0	0	0	1	0	1	0	-458	725	-85	288	0	-300
1	-85	588	273347108	2	0	0	0	0	0	0	-458	725	-85	288	0	-300
1	-85	588	273349112	2	0	0	0	0	0	1	-458	725	-85	288	0	-300
2	-85	588	273351112	3	0	0	0	0	0	1	-85	288	-85	288	0	-300
2	247	-540	273353144	2	-1	1	0	0	0	1	-85	288	162	-252	-85	288
2	247	-540	273355156	5	-1	1	0	1	0	1	-84	288	162	-252	-85	288
2	247	-540	273357160	4	-2	1	-1	1	0	1	-83	288	162	-252	-85	288
2	247	-540	273359164	5	-2	3	-3	1	-1	1	-82	287	162	-252	-85	288
2	247	-540	273361168	5	-3	1	-2	1	-1	1	-81	286	162	-252	-85	288
2	247	-540	273363172	5	-4	2	-3	1	-1	1	-80	285	162	-252	-85	288
2	247	-540	273365176	5	-4	3	-4	1	-1	1	-79	284	162	-252	-85	288
2	247	-540	273367176	6	-5	4	-3	2	-1	1	-77	283	162	-252	-85	288
2	247	-540	273369180	6	-5	2	-5	1	-2	1	-76	281	162	-252	-85	288
2	247	-540	273371184	5	-5	4	-5	1	-1	1	-75	280	162	-252	-85	288
2	247	-540	273373180	7	-7	2	-7	2	-2	1	-73	278	162	-252	-85	288
2	247	-540	273375180	5	-7	5	-6	1	-2	1	-72	276	162	-252	-85	288
2	247	-540	273377188	5	-7	4	-9	2	-3	1	-70	273	162	-252	-85	288
2	247	-540	273379180	5	-10	4	-7	1	-2	1	-69	271	162	-252	-85	288
2	247	-540	273381176	3	-9	5	-10	1	-3	1	-68	268	162	-252	-85	288
2	247	-540	273383172	3	-10	4	-9	1	-3	1	-67	265	162	-252	-85	288
2	247	-540	273385168	4	-12	6	-11	2	-3	1	-65	262	162	-252	-85	288
2	247	-540	273387176	2	-12	5	-10	1	-4	1	-64	258	162	-252	-85	288
2	247	-540	273389164	1	-12	5	-13	1	-3	1	-63	255	162	-252	-85	288
2	247	-540	273391164	3	-14	5	-12	1	-4	1	-62	251	162	-252	-85	288
2	247	-540	273393168	1	-14	6	-14	1	-4	1	-61	247	162	-252	-85	288
2	247	-540	273395168	3	-13	6	-14	1	-4	1	-60	243	162	-252	-85	288
2	247	-540	273397172	1	-15	7	-15	2	-5	1	-58	238	162	-252	-85	288
2	247	-540	273399176	1	-15	6	-13	1	-4	1	-57	234	162	-252	-85	288
2	247	-540	273401176	3	-17	7	-18	1	-5	1	-56	229	162	-252	-85	288
2	247	-540	273403176	2	-17	7	-15	1	-5	1	-55	224	162	-252	-85	288
2	247	-540	273405176	3	-18	8	-19	2	-6	1	-53	218	162	-252	-85	288
2	247	-540	273407184	2	-16	8	-16	2	-5	1	-51	213	162	-252	-85	288
2	247	-540	273409184	3	-20	10	-20	2	-6	1	-49	207	162	-252	-85	288
2	247	-540	273411188	3	-19	10	-21	1	-6	1	-48	201	162	-252	-85	288
2	247	-540	273413180	4	-18	9	-18	2	-5	1	-46	196	162	-252	-85	288
2	247	-540	273415184	5	-23	11	-21	3	-7	1	-43	189	162	-252	-85	288
2	247	-540	273417180	4	-20	10	-20	2	-6	1	-41	183	162	-252	-85	288
2	247	-540	273419172	5	-20	11	-22	2	-6	1	-39	177	162	-252	-85	288
2	247	-540	273421168	6	-24	11	-20	3	-6	1	-36	171	162	-252	-85	288
2	247	-540	273423168	6	-21	14	-24	3	-7	1	-33	164	162	-252	-85	288
2	247	-540	273425176	7	-22	13	-21	3	-7	0	-30	157	162	-252	-85	288
2	247	-540	273427180	7	-25	15	-27	3	-7	0	-27	150	162	-252	-85	288
2	247	-540	273429180	8	-25	13	-22	3	-7	0	-24	143	162	-252	-85	288
2	247	-540	273431184	7	-24	17	-28	4	-8	0	-20	135	162	-252	-85	288
2	247	-540	273433188	10	-29	17	-27	4	-9	0	-16	126	162	-252	-85	288
2	247	-540	273435184	9	-26	16	-26	4	-7	0	-12	119	162	-252	-85	288
2	247	-540	273437180	10	-28	20	-30	4	-9	0	-8	110	162	-252	-85	288
2	247	-540	273439180	11	-32	19	-28	5	-9	0	-3	101	162	-252	-85	288
2	247	-540	273441188	13	-29	23	-32	5	-9	0	2	92	162	-252	-85	288
2	247	-540	273443196	13	-35	20	-30	5	-10	0	7	82	162	-252	-85	288
2	247	-540	273445200	13	-32	25	-37	6	-10	0	13	72	162	-252	-85	288
2	247	-540	273447200	15	-34	23	-32	5	-10	0	18	62	162	-252	-85	288
2	247	-540	273449200	17	-40	29	-40	7	-12	0	25	50	162	-252	-85	288
2	247	-540	273451200	17	-38	28	-36	7	-11	0	32	39	162	-252	-85	288
2	247	-540	273453204	17	-38	32	-43	7	-13	0	39	26	162	-252	-85	288
2	247	-540	273455200	21	-45	30	-39	8	-12	0	47	14	162	-252	-85	288
2	247	-540	273457208	20	-43	38	-46	9	-14	0	56	0	162	-252	-85	288
2	247	-540	273459196	20	-44	35	-42	8	-12	0	64	-12	162	-252	-85	288
2	247	-540	273461196	25	-51	42	-52	10	-16	0	74	-28	162	-252	-85	288
2	247	-540	273463196	24	-46	44	-52	10	-15	0	84	-43	162	-252	-85	288
2	247	-540	273465188	25	-50	41	-49	10	-14	0	94	-57	162	-252	-85	288
2	247	-540	273467196	31	-58	49	-57	12	-18	0	106	-75	162	-252	-85	288
2	247	-540	273469196	29	-53	46	-53	11	-16	0	117	-91	162	-252	-85	288
2	247	-540	273471188	33	-57	54	-61	14	-17	0	131	-108	162	-252	-85	288
2	247	-540	273473184	33	-58	50	-56	12	-17	0	143	-125	162	-252	-85	288
2	247	-540	273475184	40	-68	59	-67	15	-21	0	158	-146	162	-252	-85	288
2	247	-540	273477184	39	-62	53	-58	14	-18	0	172	-164	162	-252	-85	288
2	247	-540	273479180	40	-64	64	-72	15	-20	0	187	-184	162	-252	-85	288
2	247	-540	273481188	46	-75	59	-62	16	-21	0	203	-205	162	-252	-85	288
2	247	-540	273483184	44	-69	69	-75	17	-21	0	220	-226	162	-252	-85	288
2	247	-540	273485192	45	-70	62	-68	16	-21	0	236	-247	162	-252	-85	288
2	247	-540	273487192	53	-81	74	-78	19	-24	0	255	-271	162	-252	-85	288
2	247	-540	273489192	48	-75	66	-70	17	-21	0	272	-292	162	-252	-85	288
2	247	-540	273491188	52	-75	76	-83	19	-24	0	291	-316	162	-252	-85	288
2	247	-540	273493188	57	-86	80	-84	21	-26	0	312	-342	162	-252	-85	288
2	247	-540	273495184	53	-79	72	-75	19	-23	0	331	-365	162	-252	-85	288
2	247	-540	273497188	53	-79	82	-86	20	-25	0	351	-390	162	-252	-85	288
2	247	-540	273499188	60	-90	75	-77	20	-25	0	371	-415	162	-252	-85	288
2	247	-540	273501180	54	-80	85	-88	21	-25	0	392	-440	162	-252	-85	288
2	247	-540	273503180	54	-80	76	-79	19	-24	0	411	-464	162	-252	-85	288
2	247	-540	273505176	60	-90	89	-88	23	-26	0	434	-490	162	-252	-85	288
2	247	-540	273507180	54	-80	78	-78	20	-24	0	454	-514	162	-252	-85	288
2	247	-540	273509180	52	-79	88	-89	21	-25	0	475	-539	162	-252	-85	288
2	247	-540	273511176	60	-88	79	-76	20	-25	0	495	-564	162	-252	-85	288
2	247	-540	273513184	53	-78	90	-89	22	-25	0	517	-589	162	-252	-85	288
2	247	-540	273515180	51	-77	79	-76	19	-23	0	536	-612	162	-252	-85	288
2	247	-540	273517176	56	-88	89	-86	22	-26	0	558	-638	162	-252	-85	288
2	247	-540	273519176	49	-77	77	-76	19	-23	0	577	-661	162	-252	-85	288
2	247	-540	273521176	47	-78	89	-87	20	-25	0	597	-686	162	-252	-85	288
2	247	-540	273523172	53	-86	89	-85	22	-25	0	619	-711	162	-252	-85	288
2	247	-540	273525180	44	-76	76	-75	18	-23	0	637	-734	162	-252	-85	288
2	247	-540	273527184	43	-75	85	-83	19	-24	0	656	-758	162	-252	-85	288
2	247	-540	273529180	48	-84	74	-72	18	-23	0	674	-781	162	-252	-85	288
2	247	-540	273531180	40	-71	82	-81	19	-23	0	693	-743	162	-252	-85	288
2	247	-540	273533180	37	-72	70	-67	16	-21	0	709	-764	162	-252	-85	288
2	247	-540	273535180	40	-77	79	-77	17	-23	0	726	-787	162	-252	-85	288
2	247	-540	273537180	34	-66	66	-65	15	-19	0	741	-739	162	-252	-85	288
2	247	-540	273539184	31	-64	74	-70	16	-21	0	757	-760	162	-252	-85	288
2	247	-540	273541180	34	-70	61	-60	14	-19	0	771	-779	162	-252	-85	288
2	247	-540	273543180	26	-58	68	-65	15	-18	0	786	-797	162	-252	-85	288
2	247	-540	273545172	27	-55	56	-55	12	-17	0	798	-814	162	-252	-85	288
2	247	-540	273547172	27	-58	61	-58	13	-17	0	811	-831	162	-252	-85	288
2	247	-540	273549168	21	-48	50	-48	11	-15	0	822	-846	162	-252	-85	288
2	247	-540	273551176	22	-44	55	-51	11	-14	0	833	-860	162	-252	-85	288
2	247	-540	273553172	21	-45	50	-48	11	-14	0	844	-874	162	-252	-85	288
2	247	-540	273555172	16	-36	40	-37	8	-11	0	852	-731	162	-252	-85	288
2	247	-540	273557176	16	-31	44	-39	9	-10	0	861	-741	162	-252	-85	288
2	247	-540	273559180	14	-31	34	-30	8	-10	0	869	-751	162	-252	-85	288
2	247	-540	273561176	13	-25	35	-30	7	-8	0	876	-759	162	-252	-85	288
2	247	-540	273563176	10	-23	27	-24	5	-7	0	881	-766	162	-252	-85	288
2	247	-540	273565172	10	-20	28	-23	6	-6	0	887	-772	162	-252	-85	288
2	247	-540	273567168	7	-16	21	-18	4	-5	0	891	-777	162	-252	-85	288
2	247	-540	273569176	6	-14	21	-17	4	-5	0	895	-782	162	-252	-85	288
2	247	-540	273571168	7	-14	15	-13	4	-4	0	899	-724	162	-252	-85	288
2	247	-540	273573172	5	-8	16	-14	3	-3	0	902	-727	162	-252	-85	288
2	247	-540	273575176	3	-9	12	-8	2	-3	0	904	-730	162	-252	-85	288
2	247	-540	273577176	3	-8	10	-9	2	-3	0	906	-733	162	-252	-85	288
2	247	-540	273579176	2	-5	8	-8	2	-1	0	908	-734	162	-252	-85	288
2	247	-540	273581172	3	-5	8	-6	1	-2	0	909	-736	162	-252	-85	288
2	247	-540	273583172	1	-3	5	-5	1	-1	0	910	-737	162	-252	-85	288
2	247	-540	273585180	1	-3	4	-2	1	-1	0	911	-738	162	-252	-85	288
2	247	-540	273587152	0	-1	3	-4	0	-1	0	911	-739	162	-252	-85	288
2	247	-540	273589156	0	-1	2	-1	1	0	0	912	-739	162	-252	-85	288
2	247	-540	273591144	0	0	2	-2	0	0	0	912	-739	162	-252	-85	288
2	247	-540	273593156	2	0	0	-1	0	-1	0	912	-721	162	-252	-85	288
2	247	-540	273595116	0	0	1	0	0	0	0	912	-721	162	-252	-85	288
2	247	-540	273597120	0	0	0	-1	0	0	1	912	-721	162	-252	-85	288
3	-389	448	273635152	0	0	0	2	0	0	1	162	-252	-227	196	162	-252
3	-389	448	273637152	-1	0	0	0	0	0	1	162	-252	-227	196	162	-252
3	-389	448	273643152	0	0	0	1	0	0	1	162	-252	-227	196	162	-252
3	-389	448	273645176	-1	1	0	1	0	0	1	162	-252	-227	196	162	-252
3	-389	448	273647164	0	3	0	3	0	1	1	162	-251	-227	196	162	-252
3	-389	448	273649188	-1	2	0	2	0	1	1	162	-250	-227	196	162	-252
3	-389	448	273651192	-2	4	-1	4	0	1	1	162	-249	-227	196	162	-252
3	-389	448	273653188	-1	5	-2	4	0	1	1	162	-248	-227	196	162	-252
3	-389	448	273655208	-2	6	-2	5	-1	2	0	161	-246	-227	196	162	-252
3	-389	448	273657196	-2	7	-3	7	0	2	0	161	-244	-227	196	162	-252
3	-389	448	273659204	-2	6	-2	6	-1	2	0	160	-242	-227	196	162	-252
3	-389	448	273661204	-4	10	-3	8	-1	2	0	159	-240	-227	196	162	-252
3	-389	448	273663200	-2	9	-3	9	-1	3	0	158	-237	-227	196	162	-252
3	-389	448	273665204	-3	10	-5	11	-1	3	0	157	-234	-227	196	162	-252
3	-389	448	273667200	-4	13	-5	10	-1	4	0	156	-230	-227	196	162	-252
3	-389	448	273669200	-3	13	-8	12	-2	3	0	154	-227	-227	196	162	-252
3	-389	448	273671200	-5	14	-6	13	-2	4	0	152	-223	-227	196	162	-252
3	-389	448	273673192	-5	16	-9	15	-2	5	0	150	-218	-227	196	162	-252
3	-389	448	273675192	-5	15	-10	15	-2	5	0	148	-213	-227	196	162	-252
3	-389	448	273677188	-5	16	-11	17	-2	5	0	146	-208	-227	196	162	-252
3	-389	448	273679192	-7	19	-11	17	-3	5	0	143	-203	-227	196	162	-252
3	-389	448	273681188	-5	17	-15	18	-3	5	0	140	-198	-227	196	162	-252
3	-389	448	273683188	-6	19	-15	18	-3	6	0	137	-192	-227	196	162	-252
3	-389	448	273685196	-9	21	-19	21	-4	6	0	133	-186	-227	196	162	-252
3	-389	448	273687200	-7	20	-21	21	-5	6	0	128	-180	-227	196	162	-252
3	-389	448	273689200	-8	20	-22	20	-4	6	0	124	-174	-227	196	162	-252
3	-389	448	273691200	-10	25	-26	24	-6	8	0	118	-166	-227	196	162	-252
3	-389	448	273693200	-10	23	-25	21	-5	6	0	113	-160	-227	196	162	-252
3	-389	448	273695196	-10	24	-32	27	-6	8	0	107	-152	-227	196	162	-252
3	-389	448	273697200	-13	27	-30	23	-7	7	0	100	-145	-227	196	162	-252
3	-389	448	273699200	-13	26	-39	29	-7	9	0	93	-136	-227	196	162	-252
3	-389	448	273701196	-15	28	-38	26	-8	8	0	85	-128	-227	196	162	-252
3	-389	448	273703196	-17	32	-46	32	-10	9	0	75	-119	-227	196	162	-252
3	-389	448	273705192	-18	30	-44	28	-9	9	0	66	-110	-227	196	162	-252
3	-389	448	273707188	-20	33	-53	34	-11	10	0	55	-100	-227	196	162	-252
3	-389	448	273709184	-22	37	-52	31	-11	10	0	44	-90	-227	196	162	-252
3	-389	448	273711180	-23	35	-62	38	-13	11	0	31	-79	-227	196	162	-252
3	-389	448	273713176	-24	37	-58	35	-12	11	0	19	-68	-227	196	162	-252
3	-389	448	273715168	-28	43	-71	41	-15	13	0	4	-55	-227	196	162	-252
3	-389	448	273717164	-27	40	-65	39	-14	11	0	-10	-44	-227	196	162	-252
3	-389	448	273719172	-28	42	-80	45	-16	13	0	-26	-31	-227	196	162	-252
3	-389	448	273721168	-34	50	-84	46	-18	15	0	-44	-16	-227	196	162	-252
3	-389	448	273723164	-31	45	-77	44	-16	13	0	-60	-3	-227	196	162	-252
3	-389	448	273725164	-34	46	-94	51	-19	15	0	-79	12	-227	196	162	-252
3	-389	448	273727164	-35	49	-85	46	-18	14	0	-97	26	-227	196	162	-252
3	-389	448	273729164	-41	56	-101	55	-21	17	0	-118	43	-227	196	162	-252
3	-389	448	273731164	-38	52	-91	50	-20	15	0	-138	58	-227	196	162	-252
3	-389	448	273733164	-40	54	-110	59	-22	17	0	-160	75	-227	196	162	-252
3	-389	448	273735164	-46	63	-99	53	-22	17	0	-182	92	-227	196	162	-252
3	-389	448	273737168	-41	56	-116	62	-24	18	0	-206	110	-227	196	162	-252
3	-389	448	273739168	-44	59	-104	55	-22	17	0	-228	127	-227	196	162	-252
3	-389	448	273741168	-50	66	-123	66	-26	20	0	-254	147	-227	196	162	-252
3	-389	448	273743172	-46	61	-110	58	-23	18	0	-277	165	-227	196	162	-252
3	-389	448	273745168	-47	61	-127	69	-26	19	0	-303	184	-227	196	162	-252
3	-389	448	273747168	-53	73	-114	61	-25	20	0	-328	204	-227	196	162	-252
3	-389	448	273749168	-49	64	-132	70	-27	20	0	-355	224	-227	196	162	-252
3	-389	448	273751168	-49	65	-135	71	-28	21	0	-383	245	-227	196	162	-252
3	-389	448	273753172	-57	75	-119	64	-26	21	0	-409	266	-227	196	162	-252
3	-389	448	273755176	-52	66	-138	72	-29	20	0	-438	286	-227	196	162	-252
3	-389	448	273757160	-52	67	-120	64	-26	20	0	-464	306	-227	196	162	-252
3	-389	448	273759164	-60	75	-137	73	-29	22	0	-493	328	-227	196	162	-252
3	-389	448	273761168	-55	67	-121	63	-27	20	0	-520	348	-227	196	162	-252
3	-389	448	273763168	-55	66	-137	72	-28	20	0	-548	368	-227	196	162	-252
3	-389	448	273765168	-63	72	-120	61	-28	20	0	-576	388	-227	196	162	-252
3	-389	448	273767172	-55	64	-133	70	-28	20	0	-604	408	-227	196	162	-252
3	-389	448	273769176	-56	63	-117	60	-26	19	0	-630	427	-227	196	162	-252
3	-389	448	273771164	-65	68	-131	67	-29	20	0	-659	447	-227	196	162	-252
3	-389	448	273773168	-56	60	-112	58	-26	18	0	-685	465	-227	196	162	-252
3	-389	448	273775172	-58	57	-125	62	-27	18	0	-712	483	-227	196	162	-252
3	-389	448	273777176	-65	61	-123	62	-28	18	0	-740	501	-227	196	162	-252
3	-389	448	273779176	-56	51	-105	50	-24	15	0	-764	516	-227	196	162	-252
3	-389	448	273781180	-57	50	-115	56	-26	16	0	-790	532	-227	196	162	-252
3	-389	448	273783184	-62	51	-96	46	-24	15	0	-814	547	-227	196	162	-252
3	-389	448	273785180	-55	44	-106	50	-24	14	0	-838	561	-227	196	162	-252
3	-389	448	273787180	-52	41	-89	41	-21	12	0	-859	573	-227	196	162	-252
3	-389	448	273789176	-58	43	-96	44	-23	13	0	-882	586	-227	196	162	-252
3	-389	448	273791180	-48	35	-80	35	-20	11	0	-902	597	-227	196	162	-252
3	-389	448	273793176	-47	32	-85	39	-19	10	0	-921	607	-227	196	162	-252
3	-389	448	273795176	-50	33	-70	30	-18	10	0	-939	617	-227	196	162	-252
3	-389	448	273797172	-42	27	-75	32	-18	9	0	-957	626	-227	196	162	-252
3	-389	448	273799176	-39	24	-60	25	-15	7	0	-972	633	-227	196	162	-252
3	-389	448	273801176	-41	25	-64	28	-15	8	0	-987	641	-227	196	162	-252
3	-389	448	273803176	-33	20	-58	24	-14	7	0	-1001	648	-227	196	162	-252
3	-389	448	273805184	-31	18	-46	17	-12	5	0	-1013	653	-227	196	162	-252
3	-389	448	273807184	-30	16	-47	20	-11	5	0	-1024	658	-227	196	162	-252
3	-389	448	273809192	-25	14	-37	14	-10	4	0	-1034	662	-227	196	162	-252
3	-389	448	273811188	-21	12	-37	15	-8	4	0	-1042	666	-227	196	162	-252
3	-389	448	273813188	-21	11	-28	11	-8	4	0	-1050	670	-227	196	162	-252
3	-389	448	273815188	-17	9	-27	11	-6	3	0	-1056	673	-227	196	162	-252
3	-389	448	273817180	-13	6	-21	8	-5	2	0	-1061	675	-227	196	162	-252
3	-389	448	273819180	-14	8	-20	7	-5	2	0	-1066	677	-227	196	162	-252
3	-389	448	273821180	-9	5	-15	7	-4	2	0	-1070	679	-227	196	162	-252
3	-389	448	273823176	-7	4	-14	5	-3	1	1	-1073	680	-227	196	162	-252
4	-389	448	273825180	-8	3	-10	3	-3	1	1	-230	197	-227	196	162	-252
4	-389	448	273827188	-4	3	-9	4	-2	1	1	-232	198	-227	196	162	-252
4	500	-321	273829192	-3	2	-6	3	-1	1	1	-233	199	273	-125	-227	196
4	500	-321	273831192	-3	2	-5	2	-1	1	1	-234	200	273	-125	-227	196
4	500	-321	273833188	-1	1	-4	1	-1	0	1	-235	200	273	-125	-227	196
4	500	-321	273835192	-1	1	-2	2	-1	0	1	-236	200	273	-125	-227	196
4	500	-321	273837176	-2	0	-3	1	0	0	1	-236	200	273	-125	-227	196
4	500	-321	273839144	0	0	-1	0	0	0	1	-236	200	273	-125	-227	196
4	500	-321	273845152	0	0	0	1	0	1	1	-236	201	273	-125	-227	196
4	500	-321	273849144	1	0	0	0	0	0	1	-236	201	273	-125	-227	196
4	500	-321	273853148	1	0	0	0	0	0	1	-236	201	273	-125	-227	196
4	500	-321	273855148	1	0	0	0	0	0	1	-236	201	273	-125	-227	196
4	500	-321	273857152	2	0	0	0	0	0	1	-236	201	273	-125	-227	196
4	500	-321	273859156	1	0	0	0	0	0	1	-236	201	273	-125	-227	196
4	500	-321	273861148	1	0	0	0	0	0	1	-236	201	273	-125	-227	196
4	500	-321	273863148	1	0	2	0	0	0	1	-236	201	273	-125	-227	196
4	500	-321	273865184	3	0	1	-2	1	0	1	-235	201	273	-125	-227	196
4	500	-321	273867172	2	-2	1	-1	0	0	1	-235	201	273	-125	-227	196
4	500	-321	273869192	3	-1	1	-1	1	0	1	-234	201	273	-125	-227	196
4	500	-321	273871188	1	-1	2	-1	0	-1	1	-234	200	273	-125	-227	196
4	500	-321	273873188	4	-3	2	-2	1	0	1	-233	200	273	-125	-227	196
4	500	-321	273875196	2	-2	3	-3	1	-1	1	-232	199	273	-125	-227	196
4	500	-321	273877200	3	-4	2	-3	1	-1	1	-231	198	273	-125	-227	196
4	500	-321	273879192	2	-4	4	-4	0	-1	1	-231	197	273	-125	-227	196
4	500	-321	273881208	3	-5	4	-5	2	-2	1	-229	195	273	-125	-227	196
4	500	-321	273883200	1	-5	3	-5	0	-1	1	-229	194	273	-125	-227	196
4	500	-321	273885212	3	-7	5	-6	1	-2	1	-228	192	273	-125	-227	196
4	500	-321	273887208	2	-6	5	-6	1	-2	1	-227	190	273	-125	-227	196
4	500	-321	273889208	1	-8	7	-8	2	-3	1	-225	187	273	-125	-227	196
4	500	-321	273891212	3	-9	6	-7	1	-2	1	-224	185	273	-125	-227	196
4	500	-321	273893216	1	-8	7	-9	1	-3	1	-223	182	273	-125	-227	196
4	500	-321	273895220	3	-10	8	-9	2	-2	1	-221	180	273	-125	-227	196
4	500	-321	273897216	1	-12	10	-11	1	-4	1	-220	176	273	-125	-227	196
4	500	-321	273899212	1	-11	9	-10	2	-3	1	-218	173	273	-125	-227	196
4	500	-321	273901212	3	-12	11	-12	2	-4	1	-216	169	273	-125	-227	196
4	500	-321	273903212	3	-14	12	-13	2	-4	1	-214	165	273	-125	-227	196
4	500	-321	273905204	3	-14	14	-14	3	-4	1	-211	161	273	-125	-227	196
4	500	-321	273907200	2	-14	14	-13	2	-4	1	-209	157	273	-125	-227	196
4	500	-321	273909196	5	-16	17	-15	4	-5	1	-205	152	273	-125	-227	196
4	500	-321	273911204	5	-15	20	-17	3	-4	1	-202	148	273	-125	-227	196
4	500	-321	273913212	5	-15	19	-15	4	-5	1	-198	143	273	-125	-227	196
4	500	-321	273915204	7	-19	24	-17	5	-5	0	-193	138	273	-125	-227	196
4	500	-321	273917200	7	-16	22	-15	4	-5	0	-189	133	273	-125	-227	196
4	500	-321	273919192	8	-16	29	-18	5	-5	0	-184	128	273	-125	-227	196
4	500	-321	273921200	10	-20	26	-16	6	-5	0	-178	123	273	-125	-227	196
4	500	-321	273923196	10	-18	34	-19	6	-6	0	-172	117	273	-125	-227	196
4	500	-321	273925192	10	-17	33	-17	7	-5	0	-165	112	273	-125	-227	196
4	500	-321	273927188	13	-21	40	-20	8	-6	0	-157	106	273	-125	-227	196
4	500	-321	273929180	14	-19	37	-18	7	-6	0	-150	100	273	-125	-227	196
4	500	-321	273931176	14	-19	45	-21	9	-6	0	-141	94	273	-125	-227	196
4	500	-321	273933176	19	-21	44	-17	10	-5	0	-131	89	273	-125	-227	196
4	500	-321	273935176	16	-20	52	-23	10	-7	0	-121	82	273	-125	-227	196
4	500	-321	273937180	19	-20	49	-19	10	-6	0	-111	76	273	-125	-227	196
4	500	-321	273939184	22	-24	60	-22	12	-7	0	-99	69	273	-125	-227	196
4	500	-321	273941188	21	-21	54	-20	12	-6	0	-87	63	273	-125	-227	196
4	500	-321	273943192	23	-21	66	-24	13	-7	0	-74	56	273	-125	-227	196
4	500	-321	273945196	27	-25	70	-25	15	-7	0	-59	49	273	-125	-227	196
4	500	-321	273947200	25	-24	64	-21	13	-7	0	-46	42	273	-125	-227	196
4	500	-321	273949204	28	-24	77	-25	16	-7	0	-30	35	273	-125	-227	196
4	500	-321	273951204	34	-27	70	-24	15	-8	0	-15	27	273	-125	-227	196
4	500	-321	273953208	30	-25	84	-27	17	-8	0	2	19	273	-125	-227	196
4	500	-321	273955212	32	-28	76	-25	17	-8	0	19	11	273	-125	-227	196
4	500	-321	273957212	39	-30	90	-29	19	-8	0	38	3	273	-125	-227	196
4	500	-321	273959216	35	-29	83	-26	18	-9	0	56	-6	273	-125	-227	196
4	500	-321	273961220	37	-28	97	-33	20	-9	0	76	-15	273	-125	-227	196
4	500	-321	273963224	44	-34	88	-27	20	-9	0	96	-24	273	-125	-227	196
4	500	-321	273965212	40	-31	102	-34	21	-10	0	117	-34	273	-125	-227	196
4	500	-321	273967216	41	-32	107	-34	22	-10	0	139	-44	273	-125	-227	196
4	500	-321	273969216	49	-37	96	-30	22	-10	0	161	-54	273	-125	-227	196
4	500	-321	273971212	45	-34	111	-36	23	-10	0	184	-64	273	-125	-227	196
4	500	-321	273973208	45	-34	100	-31	22	-10	0	206	-74	273	-125	-227	196
4	500	-321	273975208	54	-40	116	-38	25	-12	0	231	-86	273	-125	-227	196
4	500	-321	273977208	49	-35	104	-32	23	-10	0	254	-96	273	-125	-227	196
4	500	-321	273979212	50	-36	121	-39	26	-11	0	280	-107	273	-125	-227	196
4	500	-321	273981212	57	-41	108	-33	25	-11	0	305	-118	273	-125	-227	196
4	500	-321	273983212	51	-35	125	-38	26	-11	0	331	-129	273	-125	-227	196
4	500	-321	273985212	53	-36	110	-34	25	-10	0	356	-139	273	-125	-227	196
4	500	-321	273987216	61	-40	127	-38	28	-12	0	384	-151	273	-125	-227	196
4	500	-321	273989212	55	-35	113	-33	25	-10	0	409	-161	273	-125	-227	196
4	500	-321	273991212	55	-35	130	-38	28	-11	0	437	-172	273	-125	-227	196
4	500	-321	273993216	63	-40	130	-37	29	-12	0	466	-184	273	-125	-227	196
4	500	-321	273995216	56	-34	114	-32	25	-10	0	491	-194	273	-125	-227	196
4	500	-321	273997216	57	-34	128	-36	28	-10	0	519	-204	273	-125	-227	196
4	500	-321	273999232	64	-36	114	-31	27	-10	0	546	-214	273	-125	-227	196
4	500	-321	274001232	58	-31	128	-35	28	-10	0	574	-224	273	-125	-227	196
4	500	-321	274003240	56	-32	112	-30	25	-10	0	599	-234	273	-125	-227	196
4	500	-321	274005228	64	-33	128	-34	29	-10	0	628	-244	273	-125	-227	196
4	500	-321	274007232	56	-30	110	-29	25	-8	0	653	-252	273	-125	-227	196
4	500	-321	274009228	55	-30	123	-32	26	-10	0	679	-262	273	-125	-227	196
4	500	-321	274011232	60	-33	109	-29	26	-9	0	705	-271	273	-125	-227	196
4	500	-321	274013228	52	-29	121	-32	26	-9	0	731	-280	273	-125	-227	196
4	500	-321	274015220	52	-28	104	-28	23	-9	0	754	-289	273	-125	-227	196
4	500	-321	274017216	56	-33	118	-31	26	-9	0	780	-298	273	-125	-227	196
4	500	-321	274019212	49	-29	100	-26	22	-8	0	802	-306	273	-125	-227	196
4	500	-321	274021208	46	-28	111	-32	24	-9	0	826	-315	273	-125	-227	196
4	500	-321	274023204	51	-30	109	-30	24	-9	0	850	-324	273	-125	-227	196
4	500	-321	274025200	43	-28	92	-25	20	-8	0	870	-332	273	-125	-227	196
4	500	-321	274027200	41	-26	101	-28	21	-8	0	891	-340	273	-125	-227	196
4	500	-321	274029196	39	-26	87	-25	19	-8	0	910	-348	273	-125	-227	196
4	500	-321	274031204	41	-28	95	-28	21	-9	0	931	-357	273	-125	-227	196
4	500	-321	274033200	35	-25	80	-22	17	-7	0	948	-364	273	-125	-227	196
4	500	-321	274035196	32	-22	86	-25	18	-7	0	966	-371	273	-125	-227	196
4	500	-321	274037188	35	-25	72	-22	16	-7	0	982	-378	273	-125	-227	196
4	500	-321	274039192	29	-20	78	-23	16	-6	0	998	-384	273	-125	-227	196
4	500	-321	274041196	28	-20	65	-19	14	-6	0	1012	-390	273	-125	-227	196
4	500	-321	274043200	28	-19	67	-20	14	-6	0	1026	-396	273	-125	-227	196
4	500	-321	274045204	24	-16	57	-16	12	-5	0	1038	-401	273	-125	-227	196
4	500	-321	274047208	21	-15	58	-18	12	-5	0	1050	-406	273	-125	-227	196
4	500	-321	274049200	23	-14	48	-14	11	-4	0	1061	-410	273	-125	-227	196
4	500	-321	274051204	17	-11	49	-15	10	-4	0	1071	-414	273	-125	-227	196
4	500	-321	274053204	15	-10	43	-12	8	-3	0	1079	-417	273	-125	-227	196
4	500	-321	274055200	17	-10	35	-10	8	-3	0	1087	-420	273	-125	-227	196
4	500	-321	274057192	11	-9	35	-9	7	-3	0	1094	-423	273	-125	-227	196
4	500	-321	274059196	11	-6	28	-7	6	-2	1	1100	-425	273	-125	-227	196
5	-570	168	274061196	10	-8	26	-8	5	-2	1	278	-127	-297	43	273	-125
5	-570	168	274063196	8	-5	20	-6	4	-2	1	282	-129	-297	43	273	-125
5	-570	168	274065188	6	-4	20	-5	4	-1	1	286	-130	-297	43	273	-125
5	-570	168	274067196	6	-3	15	-4	3	-1	1	289	-131	-297	43	273	-125
5	-570	168	274069192	4	-3	14	-4	3	-1	1	292	-132	-297	43	273	-125
5	-570	168	274071188	4	-2	10	-2	2	-1	1	294	-133	-297	43	273	-125
5	-570	168	274073188	2	-3	10	-3	2	-1	1	296	-134	-297	43	273	-125
5	-570	168	274075172	3	-1	6	-2	1	0	1	297	-134	-297	43	273	-125
5	-570	168	274077176	1	0	6	-1	1	0	1	298	-134	-297	43	273	-125
5	-570	168	274079192	0	-1	4	-2	1	-1	1	299	-135	-297	43	273	-125
5	-570	168	274081144	1	0	4	0	1	0	1	300	-135	-297	43	273	-125
5	-570	168	274083172	0	-2	1	-1	0	0	1	300	-135	-297	43	273	-125
5	-570	168	274085140	0	0	1	0	0	0	1	300	-135	-297	43	273	-125
5	-570	168	274087140	0	0	2	0	0	0	1	300	-135	-297	43	273	-125
5	-570	168	274089140	0	0	0	-1	0	0	1	300	-135	-297	43	273	-125
5	-570	168	274091160	0	0	1	0	1	0	1	301	-135	-297	43	273	-125
5	-570	168	274145168	0	1	0	0	0	0	1	301	-135	-297	43	273	-125
5	-570	168	274147196	0	1	-1	0	0	0	1	301	-135	-297	43	273	-125
5	-570	168	274149196	0	1	-1	2	0	0	1	301	-135	-297	43	273	-125
5	-570	168	274151212	-2	3	-4	2	-1	0	1	300	-135	-297	43	273	-125
5	-570	168	274153200	-1	2	-3	3	0	1	1	300	-134	-297	43	273	-125
5	-570	168	274155208	-2	5	-5	5	-1	1	1	299	-133	-297	43	273	-125
5	-570	168	274157212	-3	5	-8	3	-2	2	1	297	-131	-297	43	273	-125
5	-570	168	274159216	-2	7	-9	7	-2	2	1	295	-129	-297	43	273	-125
5	-570	168	274161220	-4	7	-10	6	-2	2	1	293	-127	-297	43	273	-125
5	-570	168	274163220	-5	9	-13	9	-2	2	0	291	-125	-297	43	273	-125
5	-570	168	274165212	-5	7	-17	8	-4	3	0	287	-122	-297	43	273	-125
5	-570	168	274167212	-5	10	-16	9	-3	3	0	284	-119	-297	43	273	-125
5	-570	168	274169216	-8	12	-22	11	-4	3	0	280	-116	-297	43	273	-125
5	-570	168	274171208	-7	12	-22	10	-5	3	0	275	-113	-297	43	273	-125
5	-570	168	274173212	-10	11	-28	14	-5	4	0	270	-109	-297	43	273	-125
5	-570	168	274175212	-11	17	-28	13	-6	5	0	264	-104	-297	43	273	-125
5	-570	168	274177212	-13	13	-36	15	-8	4	0	256	-100	-297	43	273	-125
5	-570	168	274179212	-12	14	-35	13	-7	4	0	249	-96	-297	43	273	-125
5	-570	168	274181212	-18	18	-44	17	-9	5	0	240	-91	-297	43	273	-125
5	-570	168	274183212	-16	15	-42	15	-9	5	0	231	-86	-297	43	273	-125
5	-570	168	274185208	-19	15	-53	17	-10	4	0	221	-82	-297	43	273	-125
5	-570	168	274187196	-22	18	-49	16	-11	5	0	210	-77	-297	43	273	-125
5	-570	168	274189200	-23	15	-61	18	-13	5	0	197	-72	-297	43	273	-125
5	-570	168	274191200	-25	18	-57	16	-12	5	0	185	-67	-297	43	273	-125
5	-570	168	274193200	-30	19	-72	19	-15	6	0	170	-61	-297	43	273	-125
5	-570	168	274195204	-29	17	-75	19	-16	6	0	154	-55	-297	43	273	-125
5	-570	168	274197208	-32	18	-72	16	-15	5	0	139	-50	-297	43	273	-125
5	-570	168	274199212	-39	21	-86	20	-19	6	0	120	-44	-297	43	273	-125
5	-570	168	274201216	-37	19	-82	17	-18	5	0	102	-39	-297	43	273	-125
5	-570	168	274203220	-40	18	-97	20	-21	6	0	81	-33	-297	43	273	-125
5	-570	168	274205220	-48	22	-91	18	-20	6	0	61	-27	-297	43	273	-125
5	-570	168	274207224	-45	20	-110	20	-24	6	0	37	-21	-297	43	273	-125
5	-570	168	274209220	-49	18	-102	19	-22	5	0	15	-16	-297	43	273	-125
5	-570	168	274211228	-56	22	-122	21	-27	7	0	-12	-9	-297	43	273	-125
5	-570	168	274213224	-54	20	-114	17	-25	5	0	-37	-4	-297	43	273	-125
5	-570	168	274215220	-56	20	-135	22	-29	7	0	-66	3	-297	43	273	-125
5	-570	168	274217220	-66	21	-125	18	-29	6	0	-95	9	-297	43	273	-125
5	-570	168	274219220	-63	20	-147	22	-31	6	0	-126	15	-297	43	273	-125
5	-570	168	274221216	-63	19	-155	21	-33	6	0	-159	21	-297	43	273	-125
5	-570	168	274223216	-77	22	-142	19	-33	6	0	-192	27	-297	43	273	-125
5	-570	168	274225216	-70	19	-166	21	-35	6	0	-227	33	-297	43	273	-125
5	-570	168	274227212	-72	19	-150	17	-33	5	0	-260	38	-297	43	273	-125
5	-570	168	274229204	-84	21	-176	22	-39	7	0	-299	45	-297	43	273	-125
5	-570	168	274231200	-77	19	-159	17	-36	5	0	-335	50	-297	43	273	-125
5	-570	168	274233196	-80	17	-185	20	-39	6	0	-374	56	-297	43	273	-125
5	-570	168	274235196	-83	18	-166	18	-38	5	0	-412	61	-297	43	273	-125
5	-570	168	274237196	-94	20	-191	20	-43	6	0	-455	67	-297	43	273	-125
5	-570	168	274239196	-86	17	-172	16	-38	5	0	-493	72	-297	43	273	-125
5	-570	168	274241196	-87	18	-196	19	-43	6	0	-536	78	-297	43	273	-125
5	-570	168	274243196	-100	18	-172	16	-41	5	0	-577	83	-297	43	273	-125
5	-570	168	274245192	-89	17	-198	19	-43	5	0	-620	88	-297	43	273	-125
5	-570	168	274247192	-90	16	-172	15	-39	5	0	-659	93	-297	43	273	-125
5	-570	168	274249188	-101	19	-195	18	-44	5	0	-703	98	-297	43	273	-125
5	-570	168	274251192	-90	16	-169	15	-39	5	0	-742	103	-297	43	273	-125
5	-570	168	274253200	-89	15	-189	18	-42	5	0	-784	108	-297	43	273	-125
5	-570	168	274255200	-100	16	-186	16	-43	5	0	-827	113	-297	43	273	-125
5	-570	168	274257204	-88	14	-160	14	-37	4	0	-864	117	-297	43	273	-125
5	-570	168	274259204	-85	14	-178	16	-39	5	0	-903	122	-297	43	273	-125
5	-570	168	274261200	-95	15	-151	13	-37	4	0	-940	126	-297	43	273	-125
5	-570	168	274263200	-81	12	-167	15	-37	4	0	-977	130	-297	43	273	-125
5	-570	168	274265196	-79	13	-142	12	-34	4	0	-1011	134	-297	43	273	-125
5	-570	168	274267196	-86	12	-155	13	-36	3	0	-1047	137	-297	43	273	-125
5	-570	168	274269196	-74	11	-130	11	-30	4	0	-1077	141	-297	43	273	-125
5	-570	168	274271188	-70	9	-141	12	-32	3	0	-1109	144	-297	43	273	-125
5	-570	168	274273192	-76	11	-119	10	-29	3	0	-1138	147	-297	43	273	-125
5	-570	168	274275188	-64	8	-127	10	-29	3	0	-1167	150	-297	43	273	-125
5	-570	168	274277184	-60	7	-106	8	-25	2	0	-1192	152	-297	43	273	-125
5	-570	168	274279184	-65	8	-115	9	-27	2	0	-1219	154	-297	43	273	-125
5	-570	168	274281184	-53	5	-95	6	-22	2	0	-1241	156	-297	43	273	-125
5	-570	168	274283188	-49	5	-100	6	-22	2	0	-1263	158	-297	43	273	-125
5	-570	168	274285188	-53	4	-94	5	-22	1	0	-1285	159	-297	43	273	-125
5	-570	168	274287192	-41	3	-76	5	-18	1	0	-1303	160	-297	43	273	-125
5	-570	168	274289188	-39	3	-80	4	-18	1	0	-1321	161	-297	43	273	-125
5	-570	168	274291192	-37	2	-64	2	-15	1	0	-1295	162	-297	43	273	-125
5	-570	168	274293196	-31	2	-66	3	-15	1	0	-1310	163	-297	43	273	-125
5	-570	168	274295184	-27	0	-53	1	-12	0	0	-1322	163	-297	43	273	-125
5	-570	168	274297176	-26	1	-52	1	-11	0	0	-1333	163	-297	43	273	-125
5	-570	168	274299156	-20	0	-40	0	-9	0	0	-1342	163	-297	43	273	-125
5	-570	168	274301176	-17	0	-42	2	-9	0	0	-1351	163	-297	43	273	-125
5	-570	168	274303152	-15	0	-30	0	-7	0	0	-1358	163	-297	43	273	-125
5	-570	168	274305148	-12	0	-30	0	-6	0	0	-1364	163	-297	43	273	-125
5	-570	168	274307144	-8	0	-22	0	-5	0	0	-1285	163	-297	43	273	-125
5	-570	168	274309176	-8	-1	-21	0	-4	0	0	-1289	163	-297	43	273	-125
5	-570	168	274311176	-5	0	-17	-1	-3	0	0	-1292	163	-297	43	273	-125
5	-570	168	274313176	-4	-1	-12	0	-3	0	0	-1295	163	-297	43	273	-125
5	-570	168	274315176	-3	0	-10	-1	-2	0	0	-1297	163	-297	43	273	-125
5	-570	168	274317156	-2	0	-6	0	-1	0	1	-1298	163	-297	43	273	-125
6	-570	168	274319180	0	-1	-5	0	-1	0	1	-298	43	-297	43	273	-125
6	-570	168	274321136	0	0	-3	0	0	0	1	-298	43	-297	43	273	-125
6	-570	168	274323132	1	0	-1	-1	0	0	1	-298	43	-297	43	273	-125
6	594	0	274325160	1	-1	0	0	0	0	1	-298	43	297	43	-297	43
6	594	0	274327164	4	-2	0	-2	0	0	1	-298	43	297	43	-297	43
6	594	0	274329172	5	0	2	-1	1	0	1	-297	43	297	43	-297	43
6	594	0	274331188	4	-2	3	-1	1	-1	1	-296	42	297	43	-297	43
6	594	0	274333192	6	-3	3	-3	1	-1	1	-295	41	297	43	-297	43
6	594	0	274335180	6	-2	5	-2	2	0	1	-293	41	297	43	-297	43
6	594	0	274337200	6	-3	5	-3	1	-1	1	-292	40	297	43	-297	43
6	594	0	274339200	8	-2	5	-2	2	-1	1	-290	39	297	43	-297	43
6	594	0	274341204	7	-4	6	-4	2	-1	1	-288	38	297	43	-297	43
6	594	0	274343204	8	-4	6	-4	2	-1	1	-286	37	297	43	-297	43
6	594	0	274345208	7	-5	8	-3	3	-1	1	-283	36	297	43	-297	43
6	594	0	274347212	8	-3	7	-4	2	-1	1	-281	35	297	43	-297	43
6	594	0	274349208	7	-5	10	-5	3	-2	1	-278	33	297	43	-297	43
6	594	0	274351204	9	-5	9	-5	2	-1	1	-276	32	297	43	-297	43
6	594	0	274353208	6	-5	10	-5	3	-2	1	-273	30	297	43	-297	43
6	594	0	274355196	7	-5	10	-5	2	-1	1	-271	29	297	43	-297	43
6	594	0	274357196	6	-7	11	-5	3	-2	1	-268	27	297	43	-297	43
6	594	0	274359192	5	-5	10	-5	2	-2	1	-266	25	297	43	-297	43
6	594	0	274361188	4	-5	12	-6	2	-1	1	-264	24	297	43	-297	43
6	594	0	274363184	3	-5	10	-4	2	-2	1	-262	22	297	43	-297	43
6	594	0	274365180	4	-5	11	-5	3	-1	1	-259	21	297	43	-297	43
6	594	0	274367176	3	-3	11	-5	2	-1	1	-257	20	297	43	-297	43
6	594	0	274369176	2	-4	11	-5	2	-2	1	-255	18	297	43	-297	43
6	594	0	274371172	3	-5	12	-4	2	-1	1	-253	17	297	43	-297	43
6	594	0	274373168	1	-4	8	-4	1	-1	1	-252	16	297	43	-297	43
6	594	0	274375172	2	-4	12	-3	2	-1	1	-250	15	297	43	-297	43
6	594	0	274377168	3	-3	10	-4	2	-1	1	-248	14	297	43	-297	43
6	594	0	274379172	1	-3	11	-4	2	-2	1	-246	12	297	43	-297	43
6	594	0	274381172	1	-4	10	-4	2	-1	1	-244	11	297	43	-297	43
6	594	0	274383156	3	-2	11	-2	2	0	1	-242	11	297	43	-297	43
6	594	0	274385172	1	-4	10	-3	1	-1	1	-241	10	297	43	-297	43
6	594	0	274387168	1	-2	11	-3	2	-1	1	-239	9	297	43	-297	43
6	594	0	274389164	3	-3	10	-3	2	-1	1	-237	8	297	43	-297	43
6	594	0	274391164	2	-2	13	-2	2	-1	1	-235	7	297	43	-297	43
6	594	0	274393168	2	-3	11	-3	2	-1	1	-233	6	297	43	-297	43
6	594	0	274395156	2	-4	13	-2	3	0	1	-230	6	297	43	-297	43
6	594	0	274397164	3	-2	13	-3	2	-1	1	-228	5	297	43	-297	43
6	594	0	274399160	2	-3	13	-2	2	-1	1	-226	4	297	43	-297	43
6	594	0	274401160	4	-2	15	-3	3	-1	1	-223	3	297	43	-297	43
6	594	0	274403144	2	-3	15	-2	3	0	0	-220	3	297	43	-297	43
6	594	0	274405156	4	-1	17	-2	3	-1	0	-217	2	297	43	-297	43
6	594	0	274407140	5	-2	17	-2	3	0	0	-214	2	297	43	-297	43
6	594	0	274409152	5	-2	21	-1	4	-1	0	-210	1	297	43	-297	43
6	594	0	274411152	5	-1	19	-3	4	-1	0	-206	0	297	43	-297	43
6	594	0	274413140	8	-2	23	-1	4	0	0	-202	0	297	43	-297	43
6	594	0	274415140	7	-2	23	-1	5	0	0	-197	0	297	43	-297	43
6	594	0	274417156	8	-1	27	-2	5	-1	0	-192	-1	297	43	-297	43
6	594	0	274419140	10	-1	27	-1	6	0	0	-186	-1	297	43	-297	43
6	594	0	274421160	10	-1	32	-2	6	-1	0	-180	-2	297	43	-297	43
6	594	0	274423148	11	-2	30	-2	6	0	0	-174	-2	297	43	-297	43
6	594	0	274425172	12	-1	38	-1	8	-1	0	-166	-3	297	43	-297	43
6	594	0	274427156	14	-1	40	-1	8	0	0	-158	-3	297	43	-297	43
6	594	0	274429148	14	-1	36	-1	7	0	0	-151	-3	297	43	-297	43
6	594	0	274431168	17	-2	46	-2	10	-1	0	-141	-4	297	43	-297	43
6	594	0	274433156	18	-1	41	-2	8	0	0	-133	-4	297	43	-297	43
6	594	0	274435168	17	-2	53	-1	11	-1	0	-122	-5	297	43	-297	43
6	594	0	274437160	23	-2	46	-3	10	0	0	-112	-5	297	43	-297	43
6	594	0	274439164	20	-2	58	-2	12	-1	0	-100	-6	297	43	-297	43
6	594	0	274441168	22	-3	52	-2	11	-1	0	-89	-7	297	43	-297	43
6	594	0	274443160	27	-2	63	-3	14	0	0	-75	-7	297	43	-297	43
6	594	0	274445172	23	-3	57	-3	12	-1	0	-63	-8	297	43	-297	43
6	594	0	274447164	27	-2	70	-4	14	-1	0	-49	-9	297	43	-297	43
6	594	0	274449168	31	-4	63	-2	14	-1	0	-35	-10	297	43	-297	43
6	594	0	274451172	29	-2	75	-4	16	-1	0	-19	-11	297	43	-297	43
6	594	0	274453176	30	-4	78	-4	16	-1	0	-3	-12	297	43	-297	43
6	594	0	274455180	36	-4	72	-3	16	-1	0	13	-13	297	43	-297	43
6	594	0	274457184	34	-2	86	-4	18	-1	0	31	-14	297	43	-297	43
6	594	0	274459188	36	-4	77	-4	17	-1	0	48	-15	297	43	-297	43
6	594	0	274461192	42	-3	93	-4	20	-1	0	68	-16	297	43	-297	43
6	594	0	274463200	40	-3	84	-3	19	-1	0	87	-17	297	43	-297	43
6	594	0	274465192	42	-3	98	-3	21	-1	0	108	-18	297	43	-297	43
6	594	0	274467196	50	-2	90	-2	21	-1	0	129	-19	297	43	-297	43
6	594	0	274469204	46	-3	107	-3	23	-1	0	152	-20	297	43	-297	43
6	594	0	274471188	49	-1	96	-2	22	0	0	174	-20	297	43	-297	43
6	594	0	274473200	57	-1	114	-2	25	-1	0	199	-21	297	43	-297	43
6	594	0	274475160	53	0	102	0	24	0	0	223	-21	297	43	-297	43
6	594	0	274477156	56	0	120	0	26	0	0	249	-21	297	43	-297	43
6	594	0	274479152	64	0	123	0	28	0	0	277	-21	297	43	-297	43
6	594	0	274481184	60	1	110	0	26	0	0	303	-21	297	43	-297	43
6	594	0	274483168	61	3	128	2	28	0	0	331	-21	297	43	-297	43
6	594	0	274485180	71	4	114	3	28	1	0	359	-20	297	43	-297	43
6	594	0	274487184	65	5	133	3	29	1	0	388	-19	297	43	-297	43
6	594	0	274489184	68	5	116	4	28	2	0	416	-17	297	43	-297	43
6	594	0	274491184	75	6	136	6	32	2	0	448	-15	297	43	-297	43
6	594	0	274493192	68	7	119	5	28	1	0	476	-14	297	43	-297	43
6	594	0	274495184	69	8	137	8	31	3	0	507	-11	297	43	-297	43
6	594	0	274497184	79	9	120	7	29	2	0	536	-9	297	43	-297	43
6	594	0	274499188	69	8	138	9	32	3	0	568	-6	297	43	-297	43
6	594	0	274501188	70	9	121	9	28	2	0	596	-4	297	43	-297	43
6	594	0	274503192	78	11	138	10	33	4	0	629	0	297	43	-297	43
6	594	0	274505192	69	10	136	11	30	3	0	659	3	297	43	-297	43
6	594	0	274507192	69	12	117	10	28	3	0	687	6	297	43	-297	43
6	594	0	274509196	76	12	134	11	32	4	0	719	10	297	43	-297	43
6	594	0	274511196	68	11	116	12	27	3	0	746	13	297	43	-297	43
6	594	0	274513200	65	13	130	12	30	4	0	776	17	297	43	-297	43
6	594	0	274515200	73	12	113	11	27	3	0	803	20	297	43	-297	43
6	594	0	274517200	64	13	126	14	29	4	0	832	24	297	43	-297	43
6	594	0	274519200	63	12	109	11	26	4	0	858	28	297	43	-297	43
6	594	0	274521200	68	14	121	14	28	4	0	886	32	297	43	-297	43
6	594	0	274523200	60	13	104	13	25	4	0	911	36	297	43	-297	43
6	594	0	274525204	59	12	116	13	26	4	0	937	40	297	43	-297	43
6	594	0	274527200	64	14	100	13	25	4	0	962	44	297	43	-297	43
6	594	0	274529200	56	12	110	14	24	3	0	986	47	297	43	-297	43
6	594	0	274531200	54	13	108	13	25	4	0	1011	51	297	43	-297	43
6	594	0	274533200	59	14	90	13	22	4	0	1033	55	297	43	-297	43
6	594	0	274535196	51	12	100	14	23	4	0	1056	59	297	43	-297	43
6	594	0	274537196	50	13	83	12	20	4	0	1076	63	297	43	-297	43
6	594	0	274539192	54	13	94	14	22	4	0	1098	67	297	43	-297	43
6	594	0	274541188	46	13	78	11	19	4	0	1117	71	297	43	-297	43
6	594	0	274543184	44	11	86	14	19	3	0	1136	74	297	43	-297	43
6	594	0	274545192	47	14	71	12	18	4	0	1154	78	297	43	-297	43
6	594	0	274547188	41	11	80	14	18	4	0	1172	82	297	43	-297	43
6	594	0	274549184	39	11	65	11	15	3	0	1187	85	297	43	-297	43
6	594	0	274551192	43	14	71	13	18	4	0	1205	89	297	43	-297	43
6	594	0	274553192	35	10	60	11	14	4	0	1219	93	297	43	-297	43
6	594	0	274555188	33	11	65	13	15	3	0	1234	96	297	43	-297	43
6	594	0	274557184	37	12	53	11	13	4	0	1247	100	297	43	-297	43
6	594	0	274559192	30	11	57	11	13	3	0	1260	103	297	43	-297	43
6	594	0	274561188	28	9	48	10	11	3	0	1271	106	297	43	-297	43
6	594	0	274563188	30	11	51	11	13	3	0	1284	109	297	43	-297	43
6	594	0	274565184	25	9	48	12	11	3	1	1295	112	297	43	-297	43
7	594	0	274567184	24	8	37	8	9	3	1	306	46	297	43	-297	43
7	594	0	274569184	24	9	41	10	9	3	1	315	49	297	43	-297	43
7	594	0	274571184	20	8	33	8	8	2	1	323	51	297	43	-297	43
7	594	0	274573188	17	6	34	9	8	2	1	331	53	297	43	-297	43
7	594	0	274575192	18	6	26	6	7	2	1	338	55	297	43	-297	43
7	594	0	274577188	15	6	27	7	6	2	1	344	57	297	43	-297	43
7	-570	-168	274579176	12	4	22	5	5	1	1	349	58	-273	-125	297	43
7	-570	-168	274581180	10	5	21	5	5	2	1	354	60	-273	-125	297	43
7	-570	-168	274583172	12	4	16	5	4	1	1	358	61	-273	-125	297	43
7	-570	-168	274585176	7	2	16	4	3	1	1	361	62	-273	-125	297	43
7	-570	-168	274587176	8	3	13	3	4	1	1	365	63	-273	-125	297	43
7	-570	-168	274589176	6	2	11	3	2	1	1	367	64	-273	-125	297	43
7	-570	-168	274591164	4	2	9	3	2	0	1	369	64	-273	-125	297	43
7	-570	-168	274593184	3	1	7	1	2	1	1	371	65	-273	-125	297	43
7	-570	-168	274595168	3	1	7	1	1	0	1	372	65	-273	-125	297	43
7	-570	-168	274597164	1	1	5	2	1	0	1	373	65	-273	-125	297	43
7	-570	-168	274599168	1	0	2	1	0	1	1	373	66	-273	-125	297	43
7	-570	-168	274601144	2	0	3	0	1	0	1	374	66	-273	-125	297	43
7	-570	-168	274603160	0	0	1	1	0	0	1	374	66	-273	-125	297	43
7	-570	-168	274605140	1	0	1	0	1	0	1	375	66	-273	-125	297	43
7	-570	-168	274653172	0	0	-3	0	0	0	0	375	66	-273	-125	297	43
7	-570	-168	274655200	0	0	-4	-2	0	0	0	375	66	-273	-125	297	43
7	-570	-168	274657208	0	-1	-3	-1	-1	0	0	374	66	-273	-125	297	43
7	-570	-168	274659216	-1	-3	-8	-2	-1	-1	0	373	65	-273	-125	297	43
7	-570	-168	274661204	-1	-2	-9	-3	-2	0	0	371	65	-273	-125	297	43
7	-570	-168	274663220	-1	-4	-12	-2	-2	-1	0	369	64	-273	-125	297	43
7	-570	-168	274665220	-1	-4	-15	-5	-2	-2	0	367	62	-273	-125	297	43
7	-570	-168	274667228	-3	-5	-16	-4	-3	-1	0	364	61	-273	-125	297	43
7	-570	-168	274669220	-4	-6	-22	-6	-4	-2	0	360	59	-273	-125	297	43
7	-570	-168	274671224	-3	-6	-22	-7	-4	-2	0	356	57	-273	-125	297	43
7	-570	-168	274673216	-5	-9	-30	-8	-5	-2	0	351	55	-273	-125	297	43
7	-570	-168	274675220	-7	-9	-30	-8	-5	-3	0	346	52	-273	-125	297	43
7	-570	-168	274677220	-6	-9	-39	-10	-7	-3	0	339	49	-273	-125	297	43
7	-570	-168	274679220	-10	-11	-37	-10	-7	-3	0	332	46	-273	-125	297	43
7	-570	-168	274681224	-11	-11	-48	-11	-9	-3	0	323	43	-273	-125	297	43
7	-570	-168	274683220	-13	-13	-46	-13	-9	-4	0	314	39	-273	-125	297	43
7	-570	-168	274685228	-18	-15	-58	-13	-11	-4	0	303	35	-273	-125	297	43
7	-570	-168	274687224	-18	-13	-55	-14	-11	-4	0	292	31	-273	-125	297	43
7	-570	-168	274689224	-22	-15	-67	-18	-14	-5	0	278	26	-273	-125	297	43
7	-570	-168	274691220	-28	-18	-63	-15	-13	-5	0	265	21	-273	-125	297	43
7	-570	-168	274693216	-27	-16	-77	-18	-16	-5	0	249	16	-273	-125	297	43
7	-570	-168	274695216	-32	-18	-81	-20	-17	-6	0	232	10	-273	-125	297	43
7	-570	-168	274697208	-38	-21	-75	-19	-17	-6	0	215	4	-273	-125	297	43
7	-570	-168	274699208	-38	-19	-92	-23	-19	-6	0	196	-2	-273	-125	297	43
7	-570	-168	274701212	-41	-21	-82	-20	-19	-6	0	177	-8	-273	-125	297	43
7	-570	-168	274703212	-50	-24	-100	-25	-22	-8	0	155	-16	-273	-125	297	43
7	-570	-168	274705208	-49	-22	-90	-21	-21	-6	0	134	-22	-273	-125	297	43
7	-570	-168	274707204	-51	-24	-109	-26	-24	-8	0	110	-30	-273	-125	297	43
7	-570	-168	274709200	-63	-29	-99	-25	-24	-8	0	86	-38	-273	-125	297	43
7	-570	-168	274711196	-57	-26	-117	-29	-26	-8	0	60	-46	-273	-125	297	43
7	-570	-168	274713208	-61	-26	-106	-25	-26	-8	0	34	-54	-273	-125	297	43
7	-570	-168	274715204	-72	-33	-125	-31	-29	-9	0	5	-63	-273	-125	297	43
7	-570	-168	274717212	-65	-30	-113	-29	-27	-9	0	-22	-72	-273	-125	297	43
7	-570	-168	274719208	-68	-30	-132	-32	-30	-9	0	-52	-81	-273	-125	297	43
7	-570	-168	274721204	-79	-35	-120	-29	-30	-10	0	-82	-91	-273	-125	297	43
7	-570	-168	274723212	-74	-32	-139	-35	-32	-10	0	-114	-101	-273	-125	297	43
7	-570	-168	274725208	-74	-33	-143	-36	-32	-10	0	-146	-111	-273	-125	297	43
7	-570	-168	274727204	-86	-37	-128	-33	-32	-11	0	-178	-122	-273	-125	297	43
7	-570	-168	274729200	-77	-35	-149	-37	-34	-11	0	-212	-133	-273	-125	297	43
7	-570	-168	274731200	-79	-35	-133	-35	-32	-10	0	-244	-143	-273	-125	297	43
7	-570	-168	274733204	-91	-40	-153	-39	-37	-12	0	-281	-155	-273	-125	297	43
7	-570	-168	274735212	-82	-36	-138	-35	-33	-11	0	-314	-166	-273	-125	297	43
7	-570	-168	274737212	-82	-37	-157	-41	-35	-11	0	-349	-177	-273	-125	297	43
7	-570	-168	274739212	-95	-42	-140	-35	-36	-12	0	-385	-189	-273	-125	297	43
7	-570	-168	274741204	-85	-36	-160	-42	-36	-12	0	-421	-201	-273	-125	297	43
7	-570	-168	274743200	-85	-38	-142	-37	-34	-11	0	-455	-212	-273	-125	297	43
7	-570	-168	274745200	-96	-42	-161	-41	-39	-12	0	-494	-224	-273	-125	297	43
7	-570	-168	274747200	-87	-38	-141	-38	-34	-12	0	-528	-236	-273	-125	297	43
7	-570	-168	274749200	-85	-37	-161	-41	-37	-11	0	-565	-247	-273	-125	297	43
7	-570	-168	274751200	-96	-42	-140	-36	-35	-12	0	-600	-259	-273	-125	297	43
7	-570	-168	274753200	-84	-37	-160	-43	-37	-12	0	-637	-271	-273	-125	297	43
7	-570	-168	274755196	-83	-38	-158	-41	-36	-12	0	-673	-283	-273	-125	297	43
7	-570	-168	274757196	-93	-41	-137	-36	-35	-12	0	-708	-295	-273	-125	297	43
7	-570	-168	274759196	-82	-36	-153	-40	-35	-11	0	-743	-306	-273	-125	297	43
7	-570	-168	274761200	-80	-35	-131	-35	-32	-10	0	-775	-316	-273	-125	297	43
7	-570	-168	274763196	-89	-40	-146	-40	-35	-12	0	-810	-328	-273	-125	297	43
7	-570	-168	274765196	-78	-34	-125	-34	-30	-11	0	-840	-339	-273	-125	297	43
7	-570	-168	274767196	-75	-34	-139	-38	-32	-10	0	-872	-349	-273	-125	297	43
7	-570	-168	274769192	-72	-32	-118	-32	-29	-10	0	-901	-359	-273	-125	297	43
7	-570	-168	274771196	-78	-36	-128	-38	-31	-11	0	-932	-370	-273	-125	297	43
7	-570	-168	274773196	-67	-32	-109	-31	-26	-10	0	-958	-380	-273	-125	297	43
7	-570	-168	274775196	-65	-30	-120	-35	-28	-9	0	-986	-389	-273	-125	297	43
7	-570	-168	274777192	-69	-33	-99	-29	-25	-10	0	-1011	-399	-273	-125	297	43
7	-570	-168	274779200	-59	-28	-107	-33	-25	-9	0	-1036	-408	-273	-125	297	43
7	-570	-168	274781192	-55	-27	-89	-28	-22	-8	0	-1058	-416	-273	-125	297	43
7	-570	-168	274783188	-58	-29	-96	-30	-23	-9	0	-1081	-425	-273	-125	297	43
7	-570	-168	274785192	-50	-25	-89	-30	-21	-8	0	-1102	-433	-273	-125	297	43
7	-570	-168	274787196	-47	-24	-74	-24	-18	-7	0	-1120	-440	-273	-125	297	43
7	-570	-168	274789196	-47	-25	-77	-26	-18	-8	0	-1138	-448	-273	-125	297	43
7	-570	-168	274791200	-39	-21	-62	-22	-16	-6	0	-1154	-454	-273	-125	297	43
7	-570	-168	274793192	-36	-19	-66	-23	-15	-7	0	-1169	-461	-273	-125	297	43
7	-570	-168	274795192	-36	-20	-51	-19	-13	-6	0	-1182	-467	-273	-125	297	43
7	-570	-168	274797196	-30	-16	-54	-18	-12	-5	0	-1194	-472	-273	-125	297	43
7	-570	-168	274799200	-25	-14	-41	-17	-10	-4	1	-1204	-476	-273	-125	297	43
8	-570	-168	274801200	-27	-15	-43	-15	-11	-5	1	-284	-130	-273	-125	297	43
8	-570	-168	274803196	-18	-11	-32	-12	-7	-3	1	-291	-133	-273	-125	297	43
8	-570	-168	274805196	-18	-9	-31	-13	-8	-4	1	-299	-137	-273	-125	297	43
8	-570	-168	274807200	-16	-10	-24	-8	-6	-2	1	-305	-139	-273	-125	297	43
8	-570	-168	274809200	-11	-6	-24	-10	-5	-3	1	-310	-142	-273	-125	297	43
8	-570	-168	274811204	-10	-6	-19	-7	-4	-2	1	-314	-144	-273	-125	297	43
8	-570	-168	274813200	-8	-5	-13	-6	-3	-1	1	-317	-145	-273	-125	297	43
8	-570	-168	274815208	-6	-3	-13	-5	-3	-2	1	-320	-147	-273	-125	297	43
8	-570	-168	274817208	-5	-4	-9	-4	-2	-1	1	-322	-148	-273	-125	297	43
8	-570	-168	274819196	-3	-1	-7	-2	-2	0	1	-324	-148	-273	-125	297	43
8	-570	-168	274821212	-2	-1	-5	-3	-1	-1	1	-325	-149	-273	-125	297	43
8	-570	-168	274823200	0	-1	-4	-1	-1	0	1	-326	-149	-273	-125	297	43
8	-570	-168	274825180	-1	0	-1	-1	0	0	1	-326	-149	-273	-125	297	43
8	-570	-168	274827156	0	0	-1	0	0	0	1	-326	-149	-273	-125	297	43
8	500	321	274867184	0	0	1	0	0	0	1	-326	-149	227	196	-273	-125
8	500	321	274871188	0	0	2	0	0	0	1	-326	-149	227	196	-273	-125
8	500	321	274873216	1	1	1	2	0	0	1	-326	-149	227	196	-273	-125
8	500	321	274875212	0	2	2	1	0	0	1	-326	-149	227	196	-273	-125
8	500	321	274877216	0	1	3	1	0	0	1	-326	-149	227	196	-273	-125
8	500	321	274879224	2	2	4	1	1	0	1	-325	-149	227	196	-273	-125
8	500	321	274881232	0	3	3	3	1	1	1	-324	-148	227	196	-273	-125
8	500	321	274883228	1	2	7	4	1	1	1	-323	-147	227	196	-273	-125
8	500	321	274885232	2	5	6	3	1	1	1	-322	-146	227	196	-273	-125
8	500	321	274887224	2	4	7	4	2	2	1	-320	-144	227	196	-273	-125
8	500	321	274889232	2	5	10	6	1	1	1	-319	-143	227	196	-273	-125
8	500	321	274891232	3	8	10	5	2	2	1	-317	-141	227	196	-273	-125
8	500	321	274893232	3	6	13	8	3	2	1	-314	-139	227	196	-273	-125
8	500	321	274895240	5	9	12	6	2	3	1	-312	-136	227	196	-273	-125
8	500	321	274897240	7	10	18	10	4	3	0	-308	-133	227	196	-273	-125
8	500	321	274899240	7	10	17	9	4	2	0	-304	-131	227	196	-273	-125
8	500	321	274901240	8	11	22	12	4	4	0	-300	-127	227	196	-273	-125
8	500	321	274903236	11	14	21	12	5	4	0	-295	-123	227	196	-273	-125
8	500	321	274905236	11	12	26	13	5	4	0	-290	-119	227	196	-273	-125
8	500	321	274907240	14	15	26	14	6	4	0	-284	-115	227	196	-273	-125
8	500	321	274909240	16	18	33	18	8	5	0	-276	-110	227	196	-273	-125
8	500	321	274911244	18	17	35	18	8	6	0	-268	-104	227	196	-273	-125
8	500	321	274913240	20	19	35	19	8	5	0	-260	-99	227	196	-273	-125
8	500	321	274915244	23	24	42	21	10	7	0	-250	-92	227	196	-273	-125
8	500	321	274917240	25	21	40	22	10	6	0	-240	-86	227	196	-273	-125
8	500	321	274919236	27	22	50	25	11	7	0	-229	-79	227	196	-273	-125
8	500	321	274921232	33	29	48	25	12	9	0	-217	-70	227	196	-273	-125
8	500	321	274923228	33	26	57	28	14	8	0	-203	-62	227	196	-273	-125
8	500	321	274925224	35	29	54	28	13	8	0	-190	-54	227	196	-273	-125
8	500	321	274927220	42	33	66	32	16	10	0	-174	-44	227	196	-273	-125
8	500	321	274929220	40	32	60	32	15	10	0	-159	-34	227	196	-273	-125
8	500	321	274931220	44	34	75	36	18	10	0	-141	-24	227	196	-273	-125
8	500	321	274933220	51	40	69	35	18	11	0	-123	-13	227	196	-273	-125
8	500	321	274935216	49	37	83	41	20	12	0	-103	-1	227	196	-273	-125
8	500	321	274937232	51	39	75	38	19	12	0	-84	11	227	196	-273	-125
8	500	321	274939236	60	46	91	45	22	13	0	-62	24	227	196	-273	-125
8	500	321	274941236	58	43	94	47	23	14	0	-39	38	227	196	-273	-125
8	500	321	274943236	59	44	86	43	22	13	0	-17	51	227	196	-273	-125
8	500	321	274945240	68	52	101	51	25	15	0	8	66	227	196	-273	-125
8	500	321	274947244	64	48	93	46	24	14	0	32	80	227	196	-273	-125
8	500	321	274949244	65	50	107	56	26	16	0	58	96	227	196	-273	-125
8	500	321	274951236	76	57	98	49	26	16	0	84	112	227	196	-273	-125
8	500	321	274953236	70	54	115	59	28	17	0	112	129	227	196	-273	-125
8	500	321	274955224	72	54	103	52	26	16	0	138	145	227	196	-273	-125
8	500	321	274957232	82	63	120	62	30	19	0	168	164	227	196	-273	-125
8	500	321	274959228	75	58	108	56	28	17	0	196	181	227	196	-273	-125
8	500	321	274961220	76	59	125	64	30	18	0	226	199	227	196	-273	-125
8	500	321	274963232	88	67	111	57	30	19	0	256	218	227	196	-273	-125
8	500	321	274965224	79	61	130	68	31	19	0	287	237	227	196	-273	-125
8	500	321	274967232	78	62	114	58	29	18	0	316	255	227	196	-273	-125
8	500	321	274969228	90	70	131	69	33	21	0	349	276	227	196	-273	-125
8	500	321	274971220	80	63	133	69	32	20	0	381	296	227	196	-273	-125
8	500	321	274973228	80	64	116	61	29	19	0	410	315	227	196	-273	-125
8	500	321	274975220	90	73	135	70	34	21	0	444	336	227	196	-273	-125
8	500	321	274977228	80	65	119	63	30	19	0	474	355	227	196	-273	-125
8	500	321	274979232	82	63	135	71	32	20	0	506	375	227	196	-273	-125
8	500	321	274981236	90	73	117	61	31	20	0	537	395	227	196	-273	-125
8	500	321	274983232	78	64	135	71	32	21	0	569	416	227	196	-273	-125
8	500	321	274985240	79	62	116	62	30	18	0	599	434	227	196	-273	-125
8	500	321	274987232	89	70	132	68	33	21	0	632	455	227	196	-273	-125
8	500	321	274989228	76	61	113	60	28	18	0	660	473	227	196	-273	-125
8	500	321	274991232	76	62	128	68	31	20	0	691	493	227	196	-273	-125
8	500	321	274993232	84	66	111	59	29	18	0	720	511	227	196	-273	-125
8	500	321	274995232	73	59	124	65	30	19	0	750	530	227	196	-273	-125
8	500	321	274997216	72	56	106	56	26	17	0	776	547	227	196	-273	-125
8	500	321	274999224	79	62	119	62	30	18	0	806	565	227	196	-273	-125
8	500	321	275001220	67	54	116	62	27	18	0	833	583	227	196	-273	-125
8	500	321	275003216	68	53	98	52	25	16	0	858	599	227	196	-273	-125
8	500	321	275005216	65	51	108	58	26	16	0	884	615	227	196	-273	-125
8	500	321	275007212	70	54	93	48	25	15	0	909	630	227	196	-273	-125
8	500	321	275009212	61	47	100	54	24	15	0	933	645	227	196	-273	-125
8	500	321	275011220	59	45	84	44	21	14	0	954	659	227	196	-273	-125
8	500	321	275013216	62	49	91	49	23	14	0	977	673	227	196	-273	-125
8	500	321	275015216	54	40	76	41	20	13	0	997	686	227	196	-273	-125
8	500	321	275017220	50	40	83	44	20	12	0	1017	698	227	196	-273	-125
8	500	321	275019220	55	41	67	37	18	12	0	1035	710	227	196	-273	-125
8	500	321	275021224	45	34	73	40	18	11	0	1053	721	227	196	-273	-125
8	500	321	275023224	44	34	60	33	15	10	0	1068	731	227	196	-273	-125
8	500	321	275025224	45	35	62	36	16	11	0	1084	742	227	196	-273	-125
8	500	321	275027224	39	28	50	29	14	8	0	1098	750	227	196	-273	-125
8	500	321	275029220	36	27	54	32	13	9	0	1111	759	227	196	-273	-125
8	500	321	275031216	36	28	47	29	13	9	0	1124	768	227	196	-273	-125
8	500	321	275033212	30	23	38	22	10	6	0	1134	774	227	196	-273	-125
8	500	321	275035208	28	21	39	24	10	7	0	1144	781	227	196	-273	-125
8	500	321	275037204	27	20	30	19	8	6	0	1152	787	227	196	-273	-125
8	500	321	275039200	21	16	28	19	8	5	0	1160	725	227	196	-273	-125
8	500	321	275041204	19	14	23	15	6	5	0	1166	730	227	196	-273	-125
8	500	321	275043204	18	14	22	15	6	4	0	1172	734	227	196	-273	-125
8	500	321	275045204	13	11	15	11	4	3	0	1176	737	227	196	-273	-125
8	500	321	275047204	13	9	17	11	5	3	0	1181	740	227	196	-273	-125
8	500	321	275049204	10	7	11	9	3	3	0	1184	743	227	196	-273	-125
8	500	321	275051208	9	7	10	9	3	2	1	1187	745	227	196	-273	-125
9	-389	-448	275053208	6	5	7	5	2	2	1	229	198	-162	-252	227	196
9	-389	-448	275055204	4	3	7	6	1	1	1	230	199	-162	-252	227	196
9	-389	-448	275057200	3	3	5	4	2	1	1	232	200	-162	-252	227	196
9	-389	-448	275059180	2	1	2	2	0	0	1	232	200	-162	-252	227	196
9	-389	-448	275061212	1	0	3	1	1	1	1	233	201	-162	-252	227	196
9	-389	-448	275063156	0	0	1	0	0	0	1	233	201	-162	-252	227	196
9	-389	-448	275067160	-1	0	0	0	0	0	1	233	201	-162	-252	227	196
9	-389	-448	275069184	-1	-3	0	-1	0	0	1	233	201	-162	-252	227	196
9	-389	-448	275071204	-1	-4	0	-3	0	-1	1	233	200	-162	-252	227	196
9	-389	-448	275073208	-3	-3	0	-4	0	-1	1	233	199	-162	-252	227	196
9	-389	-448	275075204	-1	-5	-1	-5	0	-2	1	233	197	-162	-252	227	196
9	-389	-448	275077220	-2	-7	-1	-5	-1	-1	1	232	196	-162	-252	227	196
9	-389	-448	275079208	-3	-7	0	-6	0	-2	1	232	194	-162	-252	227	196
9	-389	-448	275081212	-2	-8	-1	-7	-1	-3	1	231	191	-162	-252	227	196
9	-389	-448	275083200	-4	-8	0	-9	0	-2	1	231	189	-162	-252	227	196
9	-389	-448	275085212	-4	-12	-1	-9	-1	-3	1	230	186	-162	-252	227	196
9	-389	-448	275087188	-2	-10	0	-9	0	-3	1	230	183	-162	-252	227	196
9	-389	-448	275089204	-4	-10	-2	-11	-1	-3	1	229	180	-162	-252	227	196
9	-389	-448	275091200	-4	-13	0	-12	-1	-4	1	228	176	-162	-252	227	196
9	-389	-448	275093192	-4	-13	0	-10	0	-4	1	228	172	-162	-252	227	196
9	-389	-448	275095200	-2	-12	0	-14	-1	-3	1	227	169	-162	-252	227	196
9	-389	-448	275097196	-4	-14	0	-13	0	-5	1	227	164	-162	-252	227	196
9	-389	-448	275099208	-4	-14	0	-13	-1	-4	1	226	160	-162	-252	227	196
9	-389	-448	275101200	-2	-14	0	-14	0	-4	1	226	156	-162	-252	227	196
9	-389	-448	275103208	-4	-15	1	-15	-1	-4	1	225	152	-162	-252	227	196
9	-389	-448	275105196	-2	-12	1	-13	0	-4	1	225	148	-162	-252	227	196
9	-389	-448	275107204	-3	-14	1	-15	0	-4	1	225	144	-162	-252	227	196
9	-389	-448	275109200	-4	-15	2	-12	0	-4	1	225	140	-162	-252	227	196
9	-389	-448	275111168	-2	-12	2	-15	0	-4	1	225	136	-162	-252	227	196
9	-389	-448	275113216	-3	-14	1	-13	-1	-5	1	224	131	-162	-252	227	196
9	-389	-448	275115204	-2	-15	3	-15	0	-4	1	224	127	-162	-252	227	196
9	-389	-448	275117200	-3	-14	2	-15	0	-4	1	224	123	-162	-252	227	196
9	-389	-448	275119200	-3	-14	2	-13	0	-4	1	224	119	-162	-252	227	196
9	-389	-448	275121196	-3	-16	1	-15	0	-5	1	224	114	-162	-252	227	196
9	-389	-448	275123184	-4	-14	2	-14	0	-4	1	224	110	-162	-252	227	196
9	-389	-448	275125196	-3	-15	2	-15	-1	-5	1	223	105	-162	-252	227	196
9	-389	-448	275127176	-4	-15	1	-14	0	-4	1	223	101	-162	-252	227	196
9	-389	-448	275129172	-4	-17	1	-17	0	-5	1	223	96	-162	-252	227	196
9	-389	-448	275131184	-4	-15	0	-14	-1	-5	1	222	91	-162	-252	227	196
9	-389	-448	275133168	-3	-16	1	-18	0	-5	0	222	86	-162	-252	227	196
9	-389	-448	275135176	-5	-20	0	-16	-1	-5	0	221	81	-162	-252	227	196
9	-389	-448	275137172	-5	-18	0	-19	-1	-6	0	220	75	-162	-252	227	196
9	-389	-448	275139172	-4	-19	-1	-17	-1	-5	0	219	70	-162	-252	227	196
9	-389	-448	275141172	-6	-22	-3	-21	-1	-6	0	218	64	-162	-252	227	196
9	-389	-448	275143172	-5	-20	-2	-19	-1	-6	0	217	58	-162	-252	227	196
9	-389	-448	275145176	-5	-21	-5	-23	-2	-7	0	215	51	-162	-252	227	196
9	-389	-448	275147176	-8	-25	-5	-21	-1	-7	0	214	44	-162	-252	227	196
9	-389	-448	275149176	-6	-24	-7	-25	-2	-7	0	212	37	-162	-252	227	196
9	-389	-448	275151180	-6	-25	-8	-27	-3	-8	0	209	29	-162	-252	227	196
9	-389	-448	275153180	-9	-30	-9	-24	-2	-8	0	207	21	-162	-252	227	196
9	-389	-448	275155180	-8	-28	-11	-29	-3	-9	0	204	12	-162	-252	227	196
9	-389	-448	275157176	-8	-28	-12	-27	-3	-8	0	201	4	-162	-252	227	196
9	-389	-448	275159176	-12	-34	-15	-32	-4	-10	0	197	-6	-162	-252	227	196
9	-389	-448	275161180	-10	-31	-13	-30	-4	-9	0	193	-15	-162	-252	227	196
9	-389	-448	275163176	-10	-33	-20	-36	-4	-10	0	189	-25	-162	-252	227	196
9	-389	-448	275165176	-13	-37	-18	-32	-5	-11	0	184	-36	-162	-252	227	196
9	-389	-448	275167168	-14	-37	-24	-39	-5	-11	0	179	-47	-162	-252	227	196
9	-389	-448	275169168	-14	-37	-22	-36	-6	-11	0	173	-58	-162	-252	227	196
9	-389	-448	275171172	-17	-43	-29	-43	-7	-13	0	166	-71	-162	-252	227	196
9	-389	-448	275173176	-18	-41	-27	-40	-6	-12	0	160	-83	-162	-252	227	196
9	-389	-448	275175176	-19	-42	-34	-47	-8	-13	0	152	-96	-162	-252	227	196
9	-389	-448	275177176	-22	-50	-34	-43	-9	-14	0	143	-110	-162	-252	227	196
9	-389	-448	275179180	-21	-48	-40	-51	-9	-15	0	134	-125	-162	-252	227	196
9	-389	-448	275181184	-24	-49	-45	-54	-10	-16	0	124	-141	-162	-252	227	196
9	-389	-448	275183180	-29	-58	-41	-50	-11	-16	0	113	-157	-162	-252	227	196
9	-389	-448	275185180	-27	-54	-51	-59	-12	-17	0	101	-174	-162	-252	227	196
9	-389	-448	275187176	-29	-58	-48	-53	-11	-16	0	90	-190	-162	-252	227	196
9	-389	-448	275189172	-35	-66	-59	-65	-14	-20	0	76	-210	-162	-252	227	196
9	-389	-448	275191184	-34	-61	-55	-59	-14	-18	0	62	-228	-162	-252	227	196
9	-389	-448	275193180	-35	-64	-66	-69	-15	-20	0	47	-248	-162	-252	227	196
9	-389	-448	275195180	-41	-75	-62	-64	-15	-21	0	32	-269	-162	-252	227	196
9	-389	-448	275197176	-40	-67	-75	-75	-17	-21	0	15	-290	-162	-252	227	196
9	-389	-448	275199172	-40	-70	-69	-66	-17	-21	0	-2	-311	-162	-252	227	196
9	-389	-448	275201176	-49	-82	-83	-79	-20	-24	0	-22	-335	-162	-252	227	196
9	-389	-448	275203172	-45	-72	-76	-70	-18	-21	0	-40	-356	-162	-252	227	196
9	-389	-448	275205164	-47	-75	-90	-82	-20	-24	0	-60	-380	-162	-252	227	196
9	-389	-448	275207160	-55	-85	-82	-73	-21	-23	0	-81	-403	-162	-252	227	196
9	-389	-448	275209164	-52	-76	-98	-85	-22	-24	0	-103	-427	-162	-252	227	196
9	-389	-448	275211168	-53	-77	-99	-85	-23	-25	0	-126	-452	-162	-252	227	196
9	-389	-448	275213176	-64	-87	-90	-76	-23	-24	0	-149	-476	-162	-252	227	196
9	-389	-448	275215180	-58	-78	-105	-86	-25	-25	0	-174	-501	-162	-252	227	196
9	-389	-448	275217176	-58	-77	-93	-76	-22	-23	0	-196	-524	-162	-252	227	196
9	-389	-448	275219184	-69	-88	-110	-88	-27	-26	0	-223	-550	-162	-252	227	196
9	-389	-448	275221184	-61	-76	-98	-75	-24	-23	0	-247	-573	-162	-252	227	196
9	-389	-448	275223188	-63	-76	-112	-86	-26	-24	0	-273	-597	-162	-252	227	196
9	-389	-448	275225188	-72	-85	-100	-75	-26	-24	0	-299	-621	-162	-252	227	196
9	-389	-448	275227188	-65	-75	-115	-85	-27	-24	0	-326	-645	-162	-252	227	196
9	-389	-448	275229192	-68	-74	-102	-73	-26	-22	0	-352	-667	-162	-252	227	196
9	-389	-448	275231180	-75	-81	-117	-81	-28	-24	0	-380	-691	-162	-252	227	196
9	-389	-448	275233192	-69	-71	-118	-80	-28	-23	0	-408	-714	-162	-252	227	196
9	-389	-448	275235204	-68	-72	-102	-70	-26	-21	0	-434	-735	-162	-252	227	196
9	-389	-448	275237200	-78	-77	-118	-77	-29	-23	0	-463	-758	-162	-252	227	196
9	-389	-448	275239200	-70	-68	-103	-68	-26	-21	0	-489	-779	-162	-252	227	196
9	-389	-448	275241200	-69	-65	-118	-75	-28	-21	0	-517	-800	-162	-252	227	196
9	-389	-448	275243200	-76	-72	-101	-65	-27	-20	0	-544	-820	-162	-252	227	196
9	-389	-448	275245204	-67	-63	-116	-71	-27	-21	0	-571	-741	-162	-252	227	196
9	-389	-448	275247192	-68	-61	-102	-61	-26	-18	0	-597	-759	-162	-252	227	196
9	-389	-448	275249192	-75	-66	-113	-69	-28	-20	0	-625	-779	-162	-252	227	196
9	-389	-448	275251188	-65	-58	-98	-59	-24	-18	0	-649	-797	-162	-252	227	196
9	-389	-448	275253188	-65	-56	-111	-65	-27	-18	0	-676	-815	-162	-252	227	196
9	-389	-448	275255184	-72	-62	-94	-55	-25	-17	0	-701	-832	-162	-252	227	196
9	-389	-448	275257180	-63	-53	-106	-61	-25	-17	0	-726	-849	-162	-252	227	196
9	-389	-448	275259176	-62	-52	-89	-54	-23	-16	0	-749	-865	-162	-252	227	196
9	-389	-448	275261180	-60	-52	-100	-57	-24	-17	0	-773	-882	-162	-252	227	196
9	-389	-448	275263180	-65	-55	-82	-50	-22	-15	0	-795	-897	-162	-252	227	196
9	-389	-448	275265184	-57	-46	-92	-55	-22	-16	0	-817	-913	-162	-252	227	196
9	-389	-448	275267184	-60	-51	-87	-53	-22	-15	0	-839	-735	-162	-252	227	196
9	-389	-448	275269188	-50	-43	-71	-45	-18	-13	0	-857	-748	-162	-252	227	196
9	-389	-448	275271192	-48	-41	-78	-49	-19	-14	0	-876	-762	-162	-252	227	196
9	-389	-448	275273200	-52	-45	-64	-40	-18	-13	0	-894	-775	-162	-252	227	196
9	-389	-448	275275192	-42	-36	-67	-43	-16	-11	0	-910	-786	-162	-252	227	196
9	-389	-448	275277196	-39	-35	-55	-37	-14	-11	0	-924	-797	-162	-252	227	196
9	-389	-448	275279200	-42	-38	-59	-38	-15	-12	0	-939	-809	-162	-252	227	196
9	-389	-448	275281192	-34	-30	-46	-32	-12	-9	0	-951	-729	-162	-252	227	196
9	-389	-448	275283188	-31	-27	-49	-33	-12	-9	0	-963	-738	-162	-252	227	196
9	-389	-448	275285188	-28	-26	-39	-28	-10	-8	0	-973	-746	-162	-252	227	196
9	-389	-448	275287184	-29	-27	-38	-29	-10	-8	0	-983	-754	-162	-252	227	196
9	-389	-448	275289180	-22	-20	-32	-22	-8	-7	0	-991	-761	-162	-252	227	196
9	-389	-448	275291188	-19	-18	-30	-23	-8	-6	0	-999	-767	-162	-252	227	196
9	-389	-448	275293176	-17	-18	-26	-21	-6	-6	1	-1005	-773	-162	-252	227	196
10	247	540	275295180	-15	-14	-20	-15	-5	-4	1	-167	-256	85	288	-162	-252
10	247	540	275297172	-12	-11	-19	-15	-5	-4	1	-172	-260	85	288	-162	-252
10	247	540	275299176	-11	-11	-15	-12	-4	-3	1	-176	-263	85	288	-162	-252
10	247	540	275301172	-7	-9	-13	-12	-3	-4	1	-179	-267	85	288	-162	-252
10	247	540	275303180	-8	-6	-9	-7	-3	-2	1	-182	-269	85	288	-162	-252
10	247	540	275305188	-6	-5	-10	-8	-2	-2	1	-184	-271	85	288	-162	-252
10	247	540	275307180	-4	-5	-6	-6	-1	-1	1	-185	-272	85	288	-162	-252
10	247	540	275309184	-2	-3	-5	-5	-2	-1	1	-187	-273	85	288	-162	-252
10	247	540	275311188	-3	-2	-4	-2	-1	-1	1	-188	-274	85	288	-162	-252
10	247	540	275313168	-1	-1	-4	-4	0	-1	1	-188	-275	85	288	-162	-252
10	247	540	275315168	-1	-2	-1	-1	-1	0	1	-189	-275	85	288	-162	-252
10	247	540	275317160	0	0	-3	-2	0	0	1	-189	-275	85	288	-162	-252
10	247	540	275319156	0	0	0	-1	0	-1	1	-189	-276	85	288	-162	-252
10	247	540	275321148	0	0	-1	0	0	0	1	-189	-276	85	288	-162	-252
10	247	540	275323140	0	0	0	-1	0	0	1	-189	-276	85	288	-162	-252
10	247	540	275351140	0	1	0	0	0	0	1	-189	-276	85	288	-162	-252
10	247	540	275353144	-2	0	1	0	0	0	1	-189	-276	85	288	-162	-252
10	247	540	275357188	-1	1	0	3	-1	0	1	-190	-276	85	288	-162	-252
10	247	540	275359184	-2	3	1	2	0	1	1	-190	-275	85	288	-162	-252
10	247	540	275361184	-3	2	0	4	0	1	1	-190	-274	85	288	-162	-252
10	247	540	275363208	-4	4	1	4	-1	1	1	-191	-273	85	288	-162	-252
10	247	540	275365192	-3	6	1	5	0	1	1	-191	-272	85	288	-162	-252
10	247	540	275367188	-4	5	2	6	0	2	1	-191	-270	85	288	-162	-252
10	247	540	275369200	-5	8	1	8	-1	3	1	-192	-267	85	288	-162	-252
10	247	540	275371184	-5	8	1	7	0	2	1	-192	-265	85	288	-162	-252
10	247	540	275373200	-5	9	1	10	-1	3	0	-193	-262	85	288	-162	-252
10	247	540	275375184	-5	11	3	11	0	3	0	-193	-259	85	288	-162	-252
10	247	540	275377196	-5	13	2	12	-1	4	0	-194	-255	85	288	-162	-252
10	247	540	275379172	-5	14	3	13	0	4	0	-194	-251	85	288	-162	-252
10	247	540	275381172	-5	15	4	14	0	4	0	-194	-247	85	288	-162	-252
10	247	540	275383172	-5	18	3	19	0	6	0	-194	-241	85	288	-162	-252
10	247	540	275385184	-5	19	4	17	-1	5	0	-195	-236	85	288	-162	-252
10	247	540	275387164	-4	20	5	22	0	6	0	-195	-230	85	288	-162	-252
10	247	540	275389164	-2	24	5	21	0	7	0	-195	-223	85	288	-162	-252
10	247	540	275391168	-2	22	6	25	1	7	0	-194	-216	85	288	-162	-252
10	247	540	275393168	-1	25	7	22	0	7	0	-194	-209	85	288	-162	-252
10	247	540	275395176	0	29	7	29	2	9	0	-192	-200	85	288	-162	-252
10	247	540	275397184	1	28	8	26	1	8	0	-191	-192	85	288	-162	-252
10	247	540	275399176	3	30	10	33	2	9	0	-189	-183	85	288	-162	-252
10	247	540	275401172	4	36	10	30	2	10	0	-187	-173	85	288	-162	-252
10	247	540	275403172	5	34	13	36	3	11	0	-184	-162	85	288	-162	-252
10	247	540	275405184	8	36	14	40	3	11	0	-181	-151	85	288	-162	-252
10	247	540	275407184	8	42	15	36	3	12	0	-178	-139	85	288	-162	-252
10	247	540	275409188	10	40	18	44	5	13	0	-173	-126	85	288	-162	-252
10	247	540	275411180	12	44	16	40	4	12	0	-169	-114	85	288	-162	-252
10	247	540	275413176	15	50	21	49	5	15	0	-164	-99	85	288	-162	-252
10	247	540	275415180	15	48	20	45	5	14	0	-159	-85	85	288	-162	-252
10	247	540	275417176	17	50	24	55	7	16	0	-152	-69	85	288	-162	-252
10	247	540	275419180	21	60	22	50	6	16	0	-146	-53	85	288	-162	-252
10	247	540	275421172	22	55	29	60	8	17	0	-138	-36	85	288	-162	-252
10	247	540	275423176	23	57	26	55	7	17	0	-131	-19	85	288	-162	-252
10	247	540	275425172	30	69	33	66	9	20	0	-122	1	85	288	-162	-252
10	247	540	275427180	28	64	30	61	9	19	0	-113	20	85	288	-162	-252
10	247	540	275429176	30	67	35	73	10	21	0	-103	41	85	288	-162	-252
10	247	540	275431176	35	78	37	75	11	23	0	-92	64	85	288	-162	-252
10	247	540	275433176	34	72	34	69	10	21	0	-82	85	85	288	-162	-252
10	247	540	275435176	35	75	40	81	11	24	0	-71	109	85	288	-162	-252
10	247	540	275437176	41	88	36	74	12	24	0	-59	133	85	288	-162	-252
10	247	540	275439176	36	80	42	87	11	25	0	-48	158	85	288	-162	-252
10	247	540	275441176	39	82	37	79	12	24	0	-36	182	85	288	-162	-252
10	247	540	275443176	44	96	44	92	13	28	0	-23	210	85	288	-162	-252
10	247	540	275445176	38	88	37	84	11	26	0	-12	236	85	288	-162	-252
10	247	540	275447184	40	90	45	98	13	28	0	1	264	85	288	-162	-252
10	247	540	275449184	45	104	39	87	13	29	0	14	293	85	288	-162	-252
10	247	540	275451188	40	92	44	101	12	29	0	26	322	85	288	-162	-252
10	247	540	275453184	39	95	40	92	12	28	0	38	350	85	288	-162	-252
10	247	540	275455184	45	108	44	105	13	32	0	51	382	85	288	-162	-252
10	247	540	275457184	39	97	38	93	12	29	0	63	411	85	288	-162	-252
10	247	540	275459184	39	98	44	109	12	31	0	75	442	85	288	-162	-252
10	247	540	275461184	45	112	43	110	14	33	0	89	475	85	288	-162	-252
10	247	540	275463188	38	101	37	98	11	30	0	100	505	85	288	-162	-252
10	247	540	275465172	40	103	41	113	12	32	0	112	537	85	288	-162	-252
10	247	540	275467172	44	116	37	100	12	33	0	124	570	85	288	-162	-252
10	247	540	275469180	40	104	40	117	12	33	0	136	603	85	288	-162	-252
10	247	540	275471176	39	105	33	102	11	31	0	147	634	85	288	-162	-252
10	247	540	275473180	44	120	40	118	13	35	0	160	669	85	288	-162	-252
10	247	540	275475176	37	106	33	103	10	32	0	170	701	85	288	-162	-252
10	247	540	275477176	39	108	37	119	11	34	0	181	735	85	288	-162	-252
10	247	540	275479176	41	121	33	105	12	34	0	193	769	85	288	-162	-252
10	247	540	275481180	38	109	35	121	11	34	0	204	803	85	288	-162	-252
10	247	540	275483176	35	110	31	108	9	33	0	213	753	85	288	-162	-252
10	247	540	275485180	38	125	35	124	11	37	0	224	790	85	288	-162	-252
10	247	540	275487180	33	111	29	107	10	33	0	234	823	85	288	-162	-252
10	247	540	275489192	31	112	32	124	9	35	0	243	858	85	288	-162	-252
10	247	540	275491196	33	125	32	124	10	38	0	253	896	85	288	-162	-252
10	247	540	275493196	27	110	26	107	8	32	0	261	928	85	288	-162	-252
10	247	540	275495200	26	108	29	120	8	34	0	269	962	85	288	-162	-252
10	247	540	275497204	29	119	25	103	8	34	0	277	754	85	288	-162	-252
10	247	540	275499208	24	102	26	115	8	32	0	285	786	85	288	-162	-252
10	247	540	275501208	22	100	21	97	6	30	0	291	816	85	288	-162	-252
10	247	540	275503212	25	106	24	108	7	32	0	298	848	85	288	-162	-252
10	247	540	275505204	23	92	19	90	7	27	0	305	875	85	288	-162	-252
10	247	540	275507192	20	86	20	98	6	28	0	311	903	85	288	-162	-252
10	247	540	275509188	21	91	16	82	5	26	0	316	929	85	288	-162	-252
10	247	540	275511192	19	76	17	88	6	24	0	322	953	85	288	-162	-252
10	247	540	275513188	17	70	17	84	5	24	0	327	977	85	288	-162	-252
10	247	540	275515184	18	65	12	68	4	19	0	331	996	85	288	-162	-252
10	247	540	275517180	17	67	13	71	5	21	0	336	741	85	288	-162	-252
10	247	540	275519188	17	52	8	56	4	16	0	340	757	85	288	-162	-252
10	247	540	275521188	15	49	10	59	3	17	0	343	774	85	288	-162	-252
10	247	540	275523184	15	47	8	47	4	14	0	347	788	85	288	-162	-252
10	247	540	275525188	13	39	6	48	3	13	0	350	801	85	288	-162	-252
10	247	540	275527192	13	35	6	39	2	11	0	352	812	85	288	-162	-252
10	247	540	275529192	11	35	5	38	3	11	0	355	823	85	288	-162	-252
10	247	540	275531196	10	29	4	32	2	9	0	357	832	85	288	-162	-252
10	247	540	275533192	9	25	5	31	2	8	0	359	728	85	288	-162	-252
10	247	540	275535192	9	26	3	25	2	8	0	361	736	85	288	-162	-252
10	247	540	275537196	5	20	3	25	1	7	0	362	743	85	288	-162	-252
10	247	540	275539204	5	19	2	20	1	6	0	363	749	85	288	-162	-252
10	247	540	275541204	5	17	2	20	1	5	0	364	754	85	288	-162	-252
10	247	540	275543204	3	14	3	17	1	5	0	365	759	85	288	-162	-252
10	247	540	275545208	4	14	1	14	1	4	0	366	763	85	288	-162	-252
10	247	540	275547188	3	10	1	13	0	3	0	366	766	85	288	-162	-252
10	247	540	275549204	1	9	1	10	1	3	0	367	769	85	288	-162	-252
10	247	540	275551184	2	7	2	10	0	3	1	367	723	85	288	-162	-252
11	247	540	275553196	2	8	0	7	1	2	1	86	290	85	288	-162	-252
11	247	540	275555180	1	5	1	8	0	2	1	86	292	85	288	-162	-252
11	247	540	275557172	1	3	0	5	0	1	1	86	293	85	288	-162	-252
11	247	540	275559164	1	4	1	3	0	1	1	86	294	85	288	-162	-252
11	247	540	275561184	2	1	0	4	1	1	1	87	295	85	288	-162	-252
11	247	540	275563140	0	2	0	3	0	1	1	87	296	85	288	-162	-252
11	247	540	275565152	1	0	0	1	0	0	1	87	296	85	288	-162	-252
11	-85	-588	275567132	1	0	0	0	0	0	1	87	296	0	-300	85	288
11	-85	-588	275569132	1	0	1	0	0	0	1	87	296	0	-300	85	288
11	-85	-588	275571168	2	-2	0	-2	1	0	1	88	296	0	-300	85	288
11	-85	-588	275573168	1	-4	0	-2	0	-1	1	88	295	0	-300	85	288
11	-85	-588	275575180	2	-5	0	-5	0	-1	1	88	294	0	-300	85	288
11	-85	-588	275577184	2	-7	0	-8	0	-2	1	88	292	0	-300	85	288
11	-85	-588	275579200	2	-9	0	-7	1	-3	1	89	289	0	-300	85	288
11	-85	-588	275581188	3	-10	0	-12	0	-3	1	89	286	0	-300	85	288
11	-85	-588	275583188	1	-15	0	-11	0	-4	1	89	282	0	-300	85	288
11	-85	-588	275585200	2	-14	0	-15	1	-4	1	90	278	0	-300	85	288
11	-85	-588	275587184	2	-17	0	-16	0	-5	1	90	273	0	-300	85	288
11	-85	-588	275589164	0	-22	0	-20	0	-7	1	90	266	0	-300	85	288
11	-85	-588	275591184	1	-22	0	-20	0	-6	1	90	260	0	-300	85	288
11	-85	-588	275593152	0	-25	0	-25	0	-7	1	90	253	0	-300	85	288
11	-85	-588	275595176	0	-30	-1	-25	0	-9	1	90	244	0	-300	85	288
11	-85	-588	275597148	0	-30	0	-31	0	-9	1	90	235	0	-300	85	288
11	-85	-588	275599172	-1	-33	-2	-30	0	-9	1	90	226	0	-300	85	288
11	-85	-588	275601172	-2	-37	0	-35	0	-11	1	90	215	0	-300	85	288
11	-85	-588	275603188	-4	-36	0	-39	-1	-11	1	89	204	0	-300	85	288
11	-85	-588	275605172	-4	-39	-1	-36	0	-11	1	89	193	0	-300	85	288
11	-85	-588	275607188	-5	-44	0	-42	-1	-13	1	88	180	0	-300	85	288
11	-85	-588	275609188	-5	-40	0	-38	-1	-12	1	87	168	0	-300	85	288
11	-85	-588	275611184	-6	-41	0	-45	-1	-13	1	86	155	0	-300	85	288
11	-85	-588	275613180	-7	-49	-1	-42	-1	-14	1	85	141	0	-300	85	288
11	-85	-588	275615184	-7	-44	0	-47	-1	-13	1	84	128	0	-300	85	288
11	-85	-588	275617192	-7	-45	0	-44	-1	-14	1	83	114	0	-300	85	288
11	-85	-588	275619200	-9	-52	0	-50	-1	-15	1	82	99	0	-300	85	288
11	-85	-588	275621196	-7	-48	0	-46	-1	-14	1	81	85	0	-300	85	288
11	-85	-588	275623192	-8	-48	0	-53	-2	-15	1	79	70	0	-300	85	288
11	-85	-588	275625188	-10	-55	0	-46	-1	-15	0	78	55	0	-300	85	288
11	-85	-588	275627188	-9	-52	0	-55	-1	-16	0	77	39	0	-300	85	288
11	-85	-588	275629184	-10	-51	0	-56	-2	-16	0	75	23	0	-300	85	288
11	-85	-588	275631184	-10	-60	0	-50	-1	-17	0	74	6	0	-300	85	288
11	-85	-588	275633184	-11	-55	0	-58	-2	-17	0	72	-11	0	-300	85	288
11	-85	-588	275635180	-10	-55	0	-52	-2	-16	0	70	-27	0	-300	85	288
11	-85	-588	275637184	-11	-65	0	-63	-1	-19	0	69	-46	0	-300	85	288
11	-85	-588	275639184	-10	-59	-1	-55	-2	-17	0	67	-63	0	-300	85	288
11	-85	-588	275641184	-10	-61	0	-65	-1	-19	0	66	-82	0	-300	85	288
11	-85	-588	275643184	-13	-71	-2	-58	-3	-19	0	63	-101	0	-300	85	288
11	-85	-588	275645184	-10	-65	0	-70	-1	-21	0	62	-122	0	-300	85	288
11	-85	-588	275647184	-10	-66	-1	-64	-2	-19	0	60	-141	0	-300	85	288
11	-85	-588	275649184	-11	-79	-1	-75	-2	-23	0	58	-164	0	-300	85	288
11	-85	-588	275651180	-9	-73	0	-68	-1	-21	0	57	-185	0	-300	85	288
11	-85	-588	275653180	-10	-75	-1	-80	-2	-24	0	55	-209	0	-300	85	288
11	-85	-588	275655180	-10	-87	0	-73	-1	-24	0	54	-233	0	-300	85	288
11	-85	-588	275657172	-8	-80	-2	-87	-2	-25	0	52	-258	0	-300	85	288
11	-85	-588	275659172	-8	-83	0	-78	-1	-24	0	51	-282	0	-300	85	288
11	-85	-588	275661184	-7	-97	0	-93	-1	-28	0	50	-310	0	-300	85	288
11	-85	-588	275663176	-8	-89	-1	-96	-1	-28	0	49	-338	0	-300	85	288
11	-85	-588	275665180	-6	-91	0	-86	-1	-27	0	48	-365	0	-300	85	288
11	-85	-588	275667176	-8	-95	0	-104	-1	-30	0	47	-395	0	-300	85	288
11	-85	-588	275669176	-7	-111	1	-93	-1	-30	0	46	-425	0	-300	85	288
11	-85	-588	275671176	-8	-104	0	-111	-1	-32	0	45	-457	0	-300	85	288
11	-85	-588	275673172	-7	-106	1	-100	-1	-31	0	44	-488	0	-300	85	288
11	-85	-588	275675176	-9	-125	1	-120	-1	-37	0	43	-525	0	-300	85	288
11	-85	-588	275677168	-6	-115	0	-109	-1	-34	0	42	-559	0	-300	85	288
11	-85	-588	275679164	-8	-120	1	-130	-1	-37	0	41	-596	0	-300	85	288
11	-85	-588	275681164	-6	-140	0	-117	-1	-39	0	40	-635	0	-300	85	288
11	-85	-588	275683160	-5	-128	2	-140	-1	-40	0	39	-675	0	-300	85	288
11	-85	-588	275685160	-5	-132	0	-125	-1	-38	0	38	-713	0	-300	85	288
11	-85	-588	275687148	-5	-154	0	-149	0	-46	0	38	-759	0	-300	85	288
11	-85	-588	275689160	-6	-138	-1	-132	-1	-40	0	37	-799	0	-300	85	288
11	-85	-588	275691168	-6	-141	-1	-153	-1	-45	0	36	-844	0	-300	85	288
11	-85	-588	275693164	-7	-159	-3	-155	-2	-47	0	34	-891	0	-300	85	288
11	-85	-588	275695152	-7	-141	-2	-136	-1	-41	0	33	-932	0	-300	85	288
11	-85	-588	275697160	-9	-141	-4	-155	-2	-45	0	31	-977	0	-300	85	288
11	-85	-588	275699152	-9	-158	-5	-136	-2	-44	0	29	-1021	0	-300	85	288
11	-85	-588	275701156	-10	-136	-5	-153	-3	-43	0	26	-763	0	-300	85	288
11	-85	-588	275703156	-8	-134	-5	-131	-1	-40	0	25	-803	0	-300	85	288
11	-85	-588	275705148	-13	-143	-6	-146	-3	-43	0	22	-846	0	-300	85	288
11	-85	-588	275707152	-10	-123	-6	-124	-3	-37	0	19	-883	0	-300	85	288
11	-85	-588	275709148	-12	-117	-7	-136	-3	-38	0	16	-921	0	-300	85	288
11	-85	-588	275711148	-15	-124	-7	-114	-3	-36	0	13	-957	0	-300	85	288
11	-85	-588	275713144	-14	-104	-8	-123	-3	-34	0	10	-991	0	-300	85	288
11	-85	-588	275715148	-14	-96	-6	-101	-3	-29	0	7	-1020	0	-300	85	288
11	-85	-588	275717148	-16	-101	-7	-109	-4	-32	0	3	-1052	0	-300	85	288
11	-85	-588	275719148	-15	-83	-7	-87	-3	-25	0	0	-1077	0	-300	85	288
11	-85	-588	275721144	-14	-75	-7	-93	-3	-26	0	-3	-746	0	-300	85	288
11	-85	-588	275723136	-15	-79	-6	-75	-3	-23	0	-6	-769	0	-300	85	288
11	-85	-588	275725144	-12	-63	-7	-77	-3	-21	0	-9	-790	0	-300	85	288
11	-85	-588	275727140	-10	-58	-6	-71	-2	-19	0	-11	-809	0	-300	85	288
11	-85	-588	275729136	-10	-60	-5	-58	-3	-18	0	-14	-827	0	-300	85	288
11	-85	-588	275731132	-8	-49	-6	-60	-2	-16	0	-16	-843	0	-300	85	288
11	-85	-588	275733136	-6	-45	-4	-49	-1	-14	0	-17	-857	0	-300	85	288
11	-85	-588	275735136	-5	-45	-5	-50	-2	-14	0	-19	-734	0	-300	85	288
11	-85	-588	275737136	-4	-37	-4	-41	-1	-12	0	-20	-746	0	-300	85	288
11	-85	-588	275739140	-1	-35	-3	-42	-1	-12	0	-21	-758	0	-300	85	288
11	-85	-588	275741132	-1	-35	-4	-34	0	-10	0	-21	-768	0	-300	85	288
11	-85	-588	275743152	0	-29	-4	-36	-1	-10	0	-22	-778	0	-300	85	288
11	-85	-588	275745144	0	-26	-2	-29	0	-8	0	-22	-786	0	-300	85	288
11	-85	-588	275747152	0	-28	-3	-30	-1	-9	0	-23	-795	0	-300	85	288
11	-85	-588	275749152	1	-21	-2	-24	0	-7	0	-23	-802	0	-300	85	288
11	-85	-588	275751148	3	-20	-2	-26	0	-6	0	-23	-808	0	-300	85	288
11	-85	-588	275753112	2	-21	-2	-23	0	-7	0	-23	-727	0	-300	85	288
11	-85	-588	275755140	3	-16	-1	-18	0	-5	0	-23	-732	0	-300	85	288
11	-85	-588	275757116	2	-17	-2	-19	0	-6	0	-23	-738	0	-300	85	288
11	-85	-588	275759136	4	-15	-1	-15	0	-4	0	-23	-742	0	-300	85	288
11	-85	-588	275761124	3	-12	0	-15	0	-4	0	-23	-746	0	-300	85	288
11	-85	-588	275763140	2	-11	-1	-13	1	-4	1	-22	-750	0	-300	85	288
