1	0	-100	59327252	-1	0	0	0	0	0	1	0	-100	0	-100	0	0
1	0	-100	59331260	-1	0	0	0	0	0	1	0	-100	0	-100	0	0
1	-28	196	59335260	-1	0	0	0	0	0	1	0	-100	-28	96	0	-100
1	-28	196	59343272	-1	0	0	0	0	0	1	0	-100	-28	96	0	-100
1	-28	196	59355264	-1	0	0	0	0	0	1	0	-100	-28	96	0	-100
1	-28	196	59381268	1	0	0	0	0	0	1	0	-100	-28	96	0	-100
1	-28	196	59385268	1	0	0	0	0	0	1	0	-100	-28	96	0	-100
1	-28	196	59389276	1	0	0	0	0	0	1	0	-100	-28	96	0	-100
1	-28	196	59393280	1	0	0	0	0	0	1	0	-100	-28	96	0	-100
1	-28	196	59399276	1	0	0	0	0	0	1	0	-100	-28	96	0	-100
1	-28	196	59407276	0	0	0	0	0	0	0	0	-100	-28	96	0	-100
1	-28	196	59409280	1	0	0	0	0	0	0	0	-100	-28	96	0	-100
1	-28	196	59413280	1	0	0	0	0	0	0	0	-100	-28	96	0	-100
1	-28	196	59417284	1	0	0	0	0	0	0	0	-100	-28	96	0	-100
1	-28	196	59419288	0	1	0	0	0	0	0	0	-100	-28	96	0	-100
1	-28	196	59421288	1	0	0	0	0	0	0	0	-100	-28	96	0	-100
1	-28	196	59427292	1	0	0	0	0	0	0	0	-100	-28	96	0	-100
1	-28	196	59429292	0	1	0	1	0	0	0	0	-100	-28	96	0	-100
1	-28	196	59433292	0	1	0	1	0	0	0	0	-100	-28	96	0	-100
1	-28	196	59435296	0	1	0	1	0	0	0	0	-100	-28	96	0	-100
1	-28	196	59437296	0	2	0	2	0	0	0	0	-100	-28	96	0	-100
1	-28	196	59439296	0	1	0	2	0	0	0	0	-100	-28	96	0	-100
1	-28	196	59441300	0	3	-1	3	0	0	0	0	-100	-28	96	0	-100
1	-28	196	59443288	0	5	0	5	0	0	0	0	-100	-28	96	0	-100
1	-28	196	59445292	0	7	-1	7	0	0	0	0	-100	-28	96	0	-100
1	-28	196	59447308	-3	7	-1	8	0	1	0	0	-99	-28	96	0	-100
1	-28	196	59449296	-2	9	-1	9	0	0	0	0	-99	-28	96	0	-100
1	-28	196	59451300	-4	13	-1	13	0	1	0	0	-98	-28	96	0	-100
1	-28	196	59453304	-4	12	-1	12	0	1	0	0	-97	-28	96	0	-100
1	-28	196	59455292	-5	15	0	16	0	1	0	0	-96	-28	96	0	-100
1	-28	196	59457296	-5	15	0	15	0	1	0	0	-95	-28	96	0	-100
1	-28	196	59459304	-7	17	-1	17	0	1	0	0	-94	-28	96	0	-100
1	-28	196	59461300	-7	17	0	19	0	1	0	0	-93	-28	96	0	-100
1	-28	196	59463316	-9	19	0	19	-1	2	0	-1	-91	-28	96	0	-100
1	-28	196	59465304	-9	22	0	22	0	1	0	-1	-90	-28	96	0	-100
1	-28	196	59467304	-10	22	0	22	0	2	0	-1	-88	-28	96	0	-100
1	-28	196	59469324	-11	24	0	23	-1	1	0	-2	-87	-28	96	0	-100
1	-28	196	59471308	-12	26	0	28	0	2	0	-2	-85	-28	96	0	-100
1	-28	196	59473320	-13	27	0	27	-1	2	0	-3	-83	-28	96	0	-100
1	-28	196	59475304	-13	28	0	33	0	2	0	-3	-81	-28	96	0	-100
1	-28	196	59477300	-15	30	0	30	0	2	0	-3	-79	-28	96	0	-100
1	-28	196	59479312	-15	32	0	32	-1	2	0	-4	-77	-28	96	0	-100
1	-28	196	59481308	-17	34	0	37	-1	2	0	-5	-75	-28	96	0	-100
1	-28	196	59483284	-18	36	0	35	0	3	0	-5	-72	-28	96	0	-100
1	-28	196	59485300	-18	35	0	40	-1	2	0	-6	-70	-28	96	0	-100
1	-28	196	59487288	-18	38	1	38	0	3	0	-6	-67	-28	96	0	-100
1	-28	196	59489300	-19	38	1	38	-1	2	0	-7	-65	-28	96	0	-100
1	-28	196	59491300	-19	39	1	43	-1	3	0	-8	-62	-28	96	0	-100
1	-28	196	59493284	-20	39	1	39	0	3	0	-8	-59	-28	96	0	-100
1	-28	196	59495300	-18	40	2	45	-1	2	0	-9	-57	-28	96	0	-100
1	-28	196	59497288	-20	41	1	40	0	3	0	-9	-54	-28	96	0	-100
1	-28	196	59499304	-19	40	1	39	-1	3	0	-10	-51	-28	96	0	-100
1	-28	196	59501296	-18	40	0	46	-1	3	0	-11	-48	-28	96	0	-100
1	-28	196	59503288	-19	45	1	40	0	2	0	-11	-46	-28	96	0	-100
1	-28	196	59505288	-17	41	0	46	-1	3	0	-12	-43	-28	96	0	-100
1	-28	196	59507284	-17	41	1	41	0	3	0	-12	-40	-28	96	0	-100
1	-28	196	59509288	-16	42	0	40	-1	3	0	-13	-37	-28	96	0	-100
1	-28	196	59511280	-16	41	1	45	0	3	0	-13	-34	-28	96	0	-100
1	-28	196	59513284	-16	41	0	40	-1	2	0	-14	-32	-28	96	0	-100
1	-28	196	59515268	-18	42	1	40	0	3	0	-14	-29	-28	96	0	-100
1	-28	196	59517272	-17	42	0	44	-1	3	0	-15	-26	-28	96	0	-100
1	-28	196	59519264	-17	42	1	39	0	3	0	-15	-23	-28	96	0	-100
1	-28	196	59521268	-17	41	0	44	-1	2	0	-16	-21	-28	96	0	-100
1	-28	196	59523260	-17	41	2	40	-1	3	0	-17	-18	-28	96	0	-100
1	-28	196	59525248	-16	40	1	38	0	3	0	-17	-15	-28	96	0	-100
1	-28	196	59527244	-16	41	2	43	0	3	0	-17	-12	-28	96	0	-100
1	-28	196	59529260	-16	40	2	40	-1	2	0	-18	-10	-28	96	0	-100
1	-28	196	59531236	-14	42	2	44	0	3	0	-18	-7	-28	96	0	-100
1	-28	196	59533252	-15	40	3	38	-1	3	0	-19	-4	-28	96	0	-100
1	-28	196	59535240	-14	40	2	38	0	2	0	-19	-2	-28	96	0	-100
1	-28	196	59537256	-14	40	2	43	-1	3	0	-20	1	-28	96	0	-100
1	-28	196	59539244	-13	40	3	36	0	3	0	-20	4	-28	96	0	-100
1	-28	196	59541244	-14	39	3	42	0	2	0	-20	6	-28	96	0	-100
1	-28	196	59543252	-13	40	4	38	-1	3	0	-21	9	-28	96	0	-100
1	-28	196	59545240	-15	40	4	37	0	2	0	-21	11	-28	96	0	-100
1	-28	196	59547236	-14	40	4	43	0	3	0	-21	14	-28	96	0	-100
1	-28	196	59549256	-15	40	3	37	-1	3	0	-22	17	-28	96	0	-100
1	-28	196	59551244	-15	38	4	42	0	2	0	-22	19	-28	96	0	-100
1	-28	196	59553248	-15	39	4	38	0	3	0	-22	22	-28	96	0	-100
1	-28	196	59555268	-15	38	2	36	-1	2	0	-23	24	-28	96	0	-100
1	-28	196	59557248	-15	39	4	43	0	3	0	-23	27	-28	96	0	-100
1	-28	196	59559268	-16	43	4	38	-1	3	0	-24	30	-28	96	0	-100
1	-28	196	59561252	-15	38	4	42	0	3	0	-24	33	-28	96	0	-100
1	-28	196	59563256	-15	38	3	37	0	2	0	-24	35	-28	96	0	-100
1	-28	196	59565264	-16	38	4	36	-1	3	0	-25	38	-28	96	0	-100
1	-28	196	59567256	-16	38	4	41	0	2	0	-25	40	-28	96	0	-100
1	-28	196	59569264	-16	37	3	36	-1	3	0	-26	43	-28	96	0	-100
1	-28	196	59571256	-16	38	3	41	0	2	0	-26	45	-28	96	0	-100
1	-28	196	59573256	-16	38	4	37	0	3	0	-26	48	-28	96	0	-100
1	-28	196	59575268	-16	37	3	36	-1	2	0	-27	50	-28	96	0	-100
1	-28	196	59577256	-16	37	4	39	0	3	0	-27	53	-28	96	0	-100
1	-28	196	59579276	-16	38	3	35	-1	2	0	-28	55	-28	96	0	-100
1	-28	196	59581260	-16	35	3	38	0	3	0	-28	58	-28	96	0	-100
1	-28	196	59583284	-16	35	3	34	-1	2	0	-29	60	-28	96	0	-100
1	-28	196	59585264	-16	35	3	33	0	2	0	-29	62	-28	96	0	-100
1	-28	196	59587260	-15	32	3	35	0	2	0	-29	64	-28	96	0	-100
1	-28	196	59589272	-15	31	2	30	-1	2	0	-30	66	-28	96	0	-100
1	-28	196	59591260	-14	31	2	33	0	3	0	-30	69	-28	96	0	-100
1	-28	196	59593284	-14	29	4	28	-1	1	0	-31	70	-28	96	0	-100
1	-28	196	59595272	-13	28	4	29	0	2	0	-31	72	-28	96	0	-100
1	-28	196	59597272	-13	27	4	26	0	2	0	-31	74	-28	96	0	-100
1	-28	196	59599276	-11	26	2	24	0	2	0	-31	76	-28	96	0	-100
1	-28	196	59601292	-12	25	5	27	-1	2	0	-32	78	-28	96	0	-100
1	-28	196	59603276	-11	26	4	23	0	1	0	-32	79	-28	96	0	-100
1	-28	196	59605276	-8	22	5	24	0	2	0	-32	81	-28	96	0	-100
1	-28	196	59607276	-9	22	4	19	0	1	0	-32	82	-28	96	0	-100
1	-28	196	59609272	-6	18	4	19	0	1	0	-32	83	-28	96	0	-100
1	-28	196	59611272	-7	18	6	18	0	1	0	-32	84	-28	96	0	-100
1	-28	196	59613264	-5	16	4	15	0	2	0	-32	86	-28	96	0	-100
1	-28	196	59615268	-4	14	5	17	0	1	0	-32	87	-28	96	0	-100
1	-28	196	59617264	-4	14	5	13	0	0	0	-32	87	-28	96	0	-100
1	-28	196	59619276	-3	12	4	13	0	1	0	-32	88	-28	96	0	-100
1	-28	196	59621272	-4	12	5	14	0	1	0	-32	89	-28	96	0	-100
1	-28	196	59623276	-2	10	4	10	0	1	0	-32	90	-28	96	0	-100
1	-28	196	59625268	-2	9	5	10	0	0	0	-32	90	-28	96	0	-100
1	-28	196	59627276	-2	9	3	8	0	1	0	-32	91	-28	96	0	-100
1	-28	196	59629268	-1	7	4	7	0	0	0	-32	91	-28	96	0	-100
1	-28	196	59631272	-1	7	3	7	0	1	0	-32	92	-28	96	0	-100
1	-28	196	59633264	-1	5	3	5	0	0	0	-32	92	-28	96	0	-100
1	-28	196	59635284	-1	6	2	6	0	1	0	-32	93	-28	96	0	-100
1	-28	196	59637272	-1	4	2	4	0	0	0	-32	93	-28	96	0	-100
1	-28	196	59639260	0	4	2	3	0	0	0	-32	93	-28	96	0	-100
1	-28	196	59641268	-1	3	2	3	0	0	0	-32	93	-28	96	0	-100
1	-28	196	59643280	-1	3	1	3	0	1	0	-32	94	-28	96	0	-100
1	-28	196	59645264	-1	3	1	3	0	0	0	-32	94	-28	96	0	-100
1	-28	196	59647264	-1	2	1	2	0	0	0	-32	94	-28	96	0	-100
1	-28	196	59649260	0	3	1	3	0	0	0	-32	94	-28	96	0	-100
1	-28	196	59651264	-1	2	2	1	0	0	0	-32	94	-28	96	0	-100
1	-28	196	59653248	0	1	0	2	0	0	0	-32	94	-28	96	0	-100
1	-28	196	59655252	0	2	1	2	0	0	0	-32	94	-28	96	0	-100
1	-28	196	59657260	0	1	1	1	0	1	0	-32	95	-28	96	0	-100
1	-28	196	59659240	0	1	0	1	0	0	0	-32	95	-28	96	0	-100
1	-28	196	59661240	0	1	0	1	0	0	0	-32	95	-28	96	0	-100
1	-28	196	59663252	0	1	1	1	0	0	0	-32	95	-28	96	0	-100
1	-28	196	59665248	0	0	0	1	0	0	0	-32	95	-28	96	0	-100
1	-28	196	59667252	0	1	0	1	0	0	0	-32	95	-28	96	0	-100
1	-28	196	59669252	0	1	0	1	0	0	0	-32	95	-28	96	0	-100
1	-28	196	59671264	-1	1	0	1	0	0	0	-32	95	-28	96	0	-100
1	-28	196	59673252	0	2	0	1	0	0	0	-32	95	-28	96	0	-100
1	-28	196	59675248	0	2	0	2	0	0	0	-32	95	-28	96	0	-100
1	-28	196	59677260	0	1	0	1	0	0	0	-32	95	-28	96	0	-100
1	-28	196	59679276	0	3	1	3	0	0	0	-32	95	-28	96	0	-100
1	-28	196	59681284	0	2	0	3	0	1	0	-32	96	-28	96	0	-100
1	-28	196	59683276	-1	3	1	3	0	0	0	-32	96	-28	96	0	-100
1	-28	196	59685264	0	4	1	3	0	0	0	-32	96	-28	96	0	-100
1	-28	196	59687268	0	3	1	3	0	0	0	-32	96	-28	96	0	-100
1	-28	196	59689268	0	4	1	3	0	0	0	-32	96	-28	96	0	-100
1	-28	196	59691280	0	4	1	5	0	1	0	-32	97	-28	96	0	-100
1	-28	196	59693260	0	5	1	5	0	0	0	-32	97	-28	96	0	-100
1	-28	196	59695264	1	5	1	5	0	0	0	-32	97	-28	96	0	-100
1	-28	196	59697268	0	6	2	6	0	1	0	-32	98	-28	96	0	-100
1	-28	196	59699264	1	6	1	5	0	0	0	-32	98	-28	96	0	-100
1	-28	196	59701276	2	7	2	8	0	1	0	-32	99	-28	96	0	-100
1	-28	196	59703260	2	8	1	7	0	0	0	-32	99	-28	96	0	-100
1	-28	196	59705272	3	6	2	7	0	1	0	-32	100	-28	96	0	-100
1	-28	196	59707268	4	8	2	7	1	0	0	-31	100	-28	96	0	-100
1	-28	196	59709272	4	8	2	6	0	1	0	-31	101	-28	96	0	-100
1	-28	196	59711256	6	8	3	9	0	0	0	-31	101	-28	96	0	-100
1	-28	196	59713268	7	8	3	7	0	1	0	-31	102	-28	96	0	-100
1	-28	196	59715264	7	8	3	9	1	0	0	-30	102	-28	96	0	-100
1	-28	196	59717268	9	8	3	7	0	1	0	-30	103	-28	96	0	-100
1	-28	196	59719264	9	7	4	7	1	0	0	-29	103	-28	96	0	-100
1	-28	196	59721276	9	7	4	7	0	1	0	-29	104	-28	96	0	-100
1	-28	196	59723272	11	6	5	6	1	0	0	-28	104	-28	96	0	-100
1	-28	196	59725256	9	5	4	6	0	0	0	-28	104	-28	96	0	-100
1	-28	196	59727260	9	5	4	5	0	1	0	-28	105	-28	96	0	-100
1	-28	196	59729268	10	5	5	5	1	0	0	-27	105	-28	96	0	-100
1	-28	196	59731256	9	3	4	3	0	0	0	-27	105	-28	96	0	-100
1	-28	196	59733284	9	4	5	3	1	1	0	-26	106	-28	96	0	-100
1	-28	196	59735248	7	3	4	4	0	0	0	-26	106	-28	96	0	-100
1	-28	196	59737256	7	2	3	2	0	0	0	-26	106	-28	96	0	-100
1	-28	196	59739268	4	2	1	1	1	0	0	-25	106	-28	96	0	-100
1	-28	196	59741248	5	1	3	1	0	0	0	-25	106	-28	96	0	-100
1	-28	196	59743248	3	0	1	1	0	0	0	-25	106	-28	96	0	-100
1	-28	196	59745236	2	0	2	0	0	0	0	-25	106	-28	96	0	-100
1	-28	196	59749236	1	0	1	0	0	0	0	-25	106	-28	96	0	-100
1	-28	196	59793264	-1	0	0	0	0	0	0	-25	106	-28	96	0	-100
1	-28	196	59805276	-1	0	0	0	0	0	0	-25	106	-28	96	0	-100
1	-28	196	59811288	-1	0	0	0	0	0	0	-25	106	-28	96	0	-100
1	-28	196	59813288	-1	0	0	0	0	0	0	-25	106	-28	96	0	-100
1	-28	196	59817288	-1	0	0	0	0	0	0	-25	106	-28	96	0	-100
1	-28	196	59823284	-1	0	0	0	0	0	1	-25	106	-28	96	0	-100
2	82	-180	59831300	-1	0	1	0	0	0	1	-28	96	54	-84	-28	96
2	82	-180	59845300	0	0	1	0	0	0	1	-28	96	54	-84	-28	96
2	82	-180	59847300	-1	0	0	0	0	0	1	-28	96	54	-84	-28	96
2	82	-180	59871324	0	-1	0	0	0	0	1	-28	96	54	-84	-28	96
2	82	-180	59873328	0	0	-1	0	0	0	1	-28	96	54	-84	-28	96
2	82	-180	59875332	1	0	-1	0	0	0	1	-28	96	54	-84	-28	96
2	82	-180	59877336	0	-1	-3	0	0	0	1	-28	96	54	-84	-28	96
2	82	-180	59879332	0	0	-2	-1	0	0	1	-28	96	54	-84	-28	96
2	82	-180	59881344	1	0	-2	-1	0	0	1	-28	96	54	-84	-28	96
2	82	-180	59883340	0	-1	-3	-2	0	0	1	-28	96	54	-84	-28	96
2	82	-180	59885340	1	-2	-4	-1	0	0	1	-28	96	54	-84	-28	96
2	82	-180	59887348	1	-1	-4	-1	0	0	1	-28	96	54	-84	-28	96
2	82	-180	59889336	0	-2	-5	-2	0	0	1	-28	96	54	-84	-28	96
2	82	-180	59891316	1	-1	-4	-1	0	0	1	-28	96	54	-84	-28	96
2	82	-180	59893336	1	-2	-5	-2	0	0	0	-28	96	54	-84	-28	96
2	82	-180	59895340	1	-2	-3	-2	0	0	0	-28	96	54	-84	-28	96
2	82	-180	59897344	1	-1	-3	-1	0	0	0	-28	96	54	-84	-28	96
2	82	-180	59899340	1	-3	-4	-4	0	0	0	-28	96	54	-84	-28	96
2	82	-180	59901340	1	-3	-4	-3	0	0	0	-28	96	54	-84	-28	96
2	82	-180	59903352	2	-4	-3	-5	0	-1	0	-28	95	54	-84	-28	96
2	82	-180	59905328	3	-5	-3	-4	0	0	0	-28	95	54	-84	-28	96
2	82	-180	59907332	3	-5	-2	-6	0	0	0	-28	95	54	-84	-28	96
2	82	-180	59909348	4	-7	-3	-7	0	-1	0	-28	94	54	-84	-28	96
2	82	-180	59911328	4	-6	-2	-7	0	0	0	-28	94	54	-84	-28	96
2	82	-180	59913344	5	-8	-3	-8	0	-1	0	-28	93	54	-84	-28	96
2	82	-180	59915336	6	-8	-1	-9	0	0	0	-28	93	54	-84	-28	96
2	82	-180	59917348	7	-11	-1	-8	0	-1	0	-28	92	54	-84	-28	96
2	82	-180	59919344	7	-9	-1	-11	0	-1	0	-28	91	54	-84	-28	96
2	82	-180	59921328	8	-10	-1	-9	0	0	0	-28	91	54	-84	-28	96
2	82	-180	59923328	9	-11	0	-12	0	-1	0	-28	90	54	-84	-28	96
2	82	-180	59925332	7	-12	0	-11	0	-1	0	-28	89	54	-84	-28	96
2	82	-180	59927328	9	-11	0	-12	1	0	0	-27	89	54	-84	-28	96
2	82	-180	59929328	9	-13	0	-14	0	-1	0	-27	88	54	-84	-28	96
2	82	-180	59931324	9	-13	0	-13	0	-1	0	-27	87	54	-84	-28	96
2	82	-180	59933344	10	-13	1	-15	1	-1	0	-26	86	54	-84	-28	96
2	82	-180	59935332	10	-15	1	-15	0	-1	0	-26	85	54	-84	-28	96
2	82	-180	59937340	11	-15	2	-15	0	-1	0	-26	84	54	-84	-28	96
2	82	-180	59939348	12	-17	2	-18	1	-1	0	-25	83	54	-84	-28	96
2	82	-180	59941336	11	-18	3	-17	0	-2	0	-25	81	54	-84	-28	96
2	82	-180	59943356	12	-18	2	-20	1	-1	0	-24	80	54	-84	-28	96
2	82	-180	59945340	13	-19	3	-19	0	-1	0	-24	79	54	-84	-28	96
2	82	-180	59947348	12	-20	2	-19	1	-1	0	-23	78	54	-84	-28	96
2	82	-180	59949340	14	-21	4	-23	0	-2	0	-23	76	54	-84	-28	96
2	82	-180	59951348	15	-21	4	-21	1	-1	0	-22	75	54	-84	-28	96
2	82	-180	59953340	16	-24	5	-25	1	-2	0	-21	73	54	-84	-28	96
2	82	-180	59955328	18	-24	3	-24	0	-1	0	-21	72	54	-84	-28	96
2	82	-180	59957340	20	-26	5	-26	1	-2	0	-20	70	54	-84	-28	96
2	82	-180	59959336	20	-28	7	-30	1	-2	0	-19	68	54	-84	-28	96
2	82	-180	59961332	23	-28	5	-29	1	-2	0	-18	66	54	-84	-28	96
2	82	-180	59963324	23	-29	8	-32	1	-2	0	-17	64	54	-84	-28	96
2	82	-180	59965328	26	-31	7	-31	1	-2	0	-16	62	54	-84	-28	96
2	82	-180	59967324	26	-31	10	-30	1	-2	0	-15	60	54	-84	-28	96
2	82	-180	59969328	27	-33	11	-36	2	-2	0	-13	58	54	-84	-28	96
2	82	-180	59971324	33	-37	11	-33	1	-3	0	-12	55	54	-84	-28	96
2	82	-180	59973320	30	-35	12	-35	2	-2	0	-10	53	54	-84	-28	96
2	82	-180	59975324	32	-35	14	-38	1	-3	0	-9	50	54	-84	-28	96
2	82	-180	59977328	33	-37	14	-36	2	-2	0	-7	48	54	-84	-28	96
2	82	-180	59979328	35	-36	16	-39	1	-2	0	-6	46	54	-84	-28	96
2	82	-180	59981324	37	-38	15	-37	2	-3	0	-4	43	54	-84	-28	96
2	82	-180	59983328	39	-37	17	-37	2	-2	0	-2	41	54	-84	-28	96
2	82	-180	59985328	41	-39	18	-42	2	-3	0	0	38	54	-84	-28	96
2	82	-180	59987328	43	-37	16	-39	2	-3	0	2	35	54	-84	-28	96
2	82	-180	59989324	44	-40	18	-43	2	-2	0	4	33	54	-84	-28	96
2	82	-180	59991324	44	-38	16	-39	2	-3	0	6	30	54	-84	-28	96
2	82	-180	59993324	46	-41	17	-44	2	-3	0	8	27	54	-84	-28	96
2	82	-180	59995320	46	-39	15	-40	2	-2	0	10	25	54	-84	-28	96
2	82	-180	59997316	46	-41	15	-40	2	-3	0	12	22	54	-84	-28	96
2	82	-180	59999312	45	-40	16	-45	2	-3	0	14	19	54	-84	-28	96
2	82	-180	60001312	46	-42	14	-41	2	-3	0	16	16	54	-84	-28	96
2	82	-180	60003312	44	-42	15	-41	2	-3	0	18	13	54	-84	-28	96
2	82	-180	60005320	45	-42	15	-46	2	-2	0	20	11	54	-84	-28	96
2	82	-180	60007316	43	-41	13	-41	2	-3	0	22	8	54	-84	-28	96
2	82	-180	60009316	41	-43	14	-47	2	-3	0	24	5	54	-84	-28	96
2	82	-180	60011316	40	-41	12	-42	2	-3	0	26	2	54	-84	-28	96
2	82	-180	60013312	40	-42	11	-41	1	-3	0	27	-1	54	-84	-28	96
2	82	-180	60015312	38	-41	11	-46	2	-3	0	29	-4	54	-84	-28	96
2	82	-180	60017312	38	-41	11	-40	1	-2	0	30	-6	54	-84	-28	96
2	82	-180	60019312	41	-46	11	-45	2	-3	0	32	-9	54	-84	-28	96
2	82	-180	60021312	35	-41	9	-40	2	-3	0	34	-12	54	-84	-28	96
2	82	-180	60023320	35	-38	9	-44	1	-3	0	35	-15	54	-84	-28	96
2	82	-180	60025316	33	-40	7	-37	1	-2	0	36	-17	54	-84	-28	96
2	82	-180	60027312	33	-37	7	-39	2	-3	0	38	-20	54	-84	-28	96
2	82	-180	60029316	31	-38	6	-42	1	-3	0	39	-23	54	-84	-28	96
2	82	-180	60031312	30	-38	6	-37	1	-2	0	40	-25	54	-84	-28	96
2	82	-180	60033308	27	-37	6	-37	1	-3	0	41	-28	54	-84	-28	96
2	82	-180	60035304	28	-36	5	-40	1	-2	0	42	-30	54	-84	-28	96
2	82	-180	60037292	27	-37	4	-36	1	-3	0	43	-33	54	-84	-28	96
2	82	-180	60039300	27	-33	4	-38	2	-2	0	45	-35	54	-84	-28	96
2	82	-180	60041288	27	-34	2	-33	0	-2	0	45	-37	54	-84	-28	96
2	82	-180	60043296	25	-33	2	-31	1	-2	0	46	-39	54	-84	-28	96
2	82	-180	60045288	24	-31	3	-35	1	-2	0	47	-41	54	-84	-28	96
2	82	-180	60047288	24	-31	2	-30	1	-2	0	48	-43	54	-84	-28	96
2	82	-180	60049284	21	-29	2	-34	1	-3	0	49	-46	54	-84	-28	96
2	82	-180	60051280	21	-30	1	-28	1	-2	0	50	-48	54	-84	-28	96
2	82	-180	60053268	19	-28	2	-29	0	-1	0	50	-49	54	-84	-28	96
2	82	-180	60055280	18	-28	1	-31	1	-2	0	51	-51	54	-84	-28	96
2	82	-180	60057268	18	-27	0	-26	1	-2	0	52	-53	54	-84	-28	96
2	82	-180	60059264	18	-27	1	-30	0	-2	0	52	-55	54	-84	-28	96
2	82	-180	60061272	16	-26	0	-25	1	-2	0	53	-57	54	-84	-28	96
2	82	-180	60063260	15	-26	0	-26	0	-1	0	53	-58	54	-84	-28	96
2	82	-180	60065276	15	-26	0	-27	1	-2	0	54	-60	54	-84	-28	96
2	82	-180	60067272	15	-26	1	-24	0	-2	0	54	-62	54	-84	-28	96
2	82	-180	60069280	16	-25	0	-27	1	-2	0	55	-64	54	-84	-28	96
2	82	-180	60071268	20	-28	0	-25	0	-1	0	55	-65	54	-84	-28	96
2	82	-180	60073276	16	-24	0	-24	1	-2	0	56	-67	54	-84	-28	96
2	82	-180	60075276	18	-24	0	-26	1	-2	0	57	-69	54	-84	-28	96
2	82	-180	60077256	18	-23	0	-24	0	-1	0	57	-70	54	-84	-28	96
2	82	-180	60079280	19	-24	1	-25	1	-2	0	58	-72	54	-84	-28	96
2	82	-180	60081272	19	-23	0	-23	1	-1	0	59	-73	54	-84	-28	96
2	82	-180	60083264	18	-24	0	-22	0	-2	0	59	-75	54	-84	-28	96
2	82	-180	60085280	19	-21	1	-24	1	-1	0	60	-76	54	-84	-28	96
2	82	-180	60087256	18	-22	0	-21	0	-2	0	60	-78	54	-84	-28	96
2	82	-180	60089268	18	-20	0	-24	1	-1	0	61	-79	54	-84	-28	96
2	82	-180	60091268	18	-20	0	-19	1	-2	0	62	-81	54	-84	-28	96
2	82	-180	60093260	17	-19	1	-19	0	-1	0	62	-82	54	-84	-28	96
2	82	-180	60095272	18	-19	1	-21	1	-1	0	63	-83	54	-84	-28	96
2	82	-180	60097248	17	-18	0	-17	0	-1	0	63	-84	54	-84	-28	96
2	82	-180	60099268	18	-17	1	-20	1	-2	0	64	-86	54	-84	-28	96
2	82	-180	60101276	17	-16	1	-17	1	-1	0	65	-87	54	-84	-28	96
2	82	-180	60103252	18	-16	0	-16	0	-1	0	65	-88	54	-84	-28	96
2	82	-180	60105288	16	-15	1	-17	1	-1	0	66	-89	54	-84	-28	96
2	82	-180	60107276	16	-15	1	-14	0	-1	0	66	-90	54	-84	-28	96
2	82	-180	60109280	16	-13	1	-15	1	-1	0	67	-91	54	-84	-28	96
2	82	-180	60111268	14	-13	1	-13	0	-1	0	67	-92	54	-84	-28	96
2	82	-180	60113256	13	-12	0	-11	1	0	0	68	-92	54	-84	-28	96
2	82	-180	60115260	14	-11	1	-12	0	-1	0	68	-93	54	-84	-28	96
2	82	-180	60117268	11	-10	0	-10	1	-1	0	69	-94	54	-84	-28	96
2	82	-180	60119240	10	-9	0	-10	0	0	0	69	-94	54	-84	-28	96
2	82	-180	60121248	10	-9	0	-8	0	-1	0	69	-95	54	-84	-28	96
2	82	-180	60123260	9	-7	0	-7	1	-1	0	70	-96	54	-84	-28	96
2	82	-180	60125240	7	-6	0	-7	0	0	0	70	-96	54	-84	-28	96
2	82	-180	60127236	8	-6	0	-4	0	0	0	70	-96	54	-84	-28	96
2	82	-180	60129252	6	-4	0	-6	0	-1	0	70	-97	54	-84	-28	96
2	82	-180	60131256	5	-4	0	-4	1	0	0	71	-97	54	-84	-28	96
2	82	-180	60133240	5	-4	0	-3	0	0	0	71	-97	54	-84	-28	96
2	82	-180	60135240	5	-3	0	-3	0	0	0	71	-97	54	-84	-28	96
2	82	-180	60137244	3	-2	0	-2	0	0	0	71	-97	54	-84	-28	96
2	82	-180	60139260	4	-2	0	-3	0	-1	0	71	-98	54	-84	-28	96
2	82	-180	60141240	3	-1	0	-1	0	0	0	71	-98	54	-84	-28	96
2	82	-180	60143244	3	-2	0	-1	0	0	0	71	-98	54	-84	-28	96
2	82	-180	60145248	2	0	0	-1	0	0	0	71	-98	54	-84	-28	96
2	82	-180	60147268	2	-1	-1	-1	0	0	0	71	-98	54	-84	-28	96
2	82	-180	60149276	3	-1	0	0	1	0	0	72	-98	54	-84	-28	96
2	82	-180	60151264	2	0	0	-1	0	0	0	72	-98	54	-84	-28	96
2	82	-180	60153264	3	0	-1	0	0	0	0	72	-98	54	-84	-28	96
2	82	-180	60155256	3	-1	0	-1	0	0	0	72	-98	54	-84	-28	96
2	82	-180	60157256	3	0	0	-1	0	0	0	72	-98	54	-84	-28	96
2	82	-180	60159252	3	-1	0	0	0	0	0	72	-98	54	-84	-28	96
2	82	-180	60161252	4	0	-1	0	0	0	0	72	-98	54	-84	-28	96
2	82	-180	60163240	3	-1	0	-1	0	0	0	72	-98	54	-84	-28	96
2	82	-180	60165240	4	-1	0	-1	0	0	0	72	-98	54	-84	-28	96
2	82	-180	60167244	4	0	0	-1	0	0	0	72	-98	54	-84	-28	96
2	82	-180	60169260	6	-1	-1	-1	1	0	0	73	-98	54	-84	-28	96
2	82	-180	60171236	5	-1	0	-2	0	0	0	73	-98	54	-84	-28	96
2	82	-180	60173244	6	-1	0	-1	0	0	0	73	-98	54	-84	-28	96
2	82	-180	60175256	6	-1	0	-2	0	-1	0	73	-99	54	-84	-28	96
2	82	-180	60177248	5	-1	-1	-1	0	0	0	73	-99	54	-84	-28	96
2	82	-180	60179248	6	-1	0	-2	0	0	0	73	-99	54	-84	-28	96
2	82	-180	60181264	6	-1	-1	-1	1	0	0	74	-99	54	-84	-28	96
2	82	-180	60183240	5	-2	0	-2	0	0	0	74	-99	54	-84	-28	96
2	82	-180	60185240	6	-1	0	0	0	0	0	74	-99	54	-84	-28	96
2	82	-180	60187236	5	-1	0	-2	0	0	0	74	-99	54	-84	-28	96
2	82	-180	60189244	4	-2	0	-1	0	0	0	74	-99	54	-84	-28	96
2	82	-180	60191244	5	-1	0	-2	0	0	0	74	-99	54	-84	-28	96
2	82	-180	60193260	3	-1	0	-1	1	0	0	75	-99	54	-84	-28	96
2	82	-180	60195232	2	0	0	0	0	0	0	75	-99	54	-84	-28	96
2	82	-180	60197244	1	0	0	-1	0	0	0	75	-99	54	-84	-28	96
2	82	-180	60199232	0	-1	0	0	0	0	0	75	-99	54	-84	-28	96
2	82	-180	60213228	-1	0	0	0	0	0	0	75	-99	54	-84	-28	96
2	82	-180	60217220	-1	0	0	0	0	0	0	75	-99	54	-84	-28	96
2	82	-180	60221228	-1	0	0	0	0	0	0	75	-99	54	-84	-28	96
2	82	-180	60227232	-1	0	0	0	0	0	1	75	-99	54	-84	-28	96
3	82	-180	60229232	0	0	1	0	0	0	1	54	-84	54	-84	-28	96
3	82	-180	60231240	-1	0	0	0	0	0	1	54	-84	54	-84	-28	96
3	82	-180	60233248	-1	0	0	0	0	0	1	54	-84	54	-84	-28	96
3	-130	149	60239252	-1	0	0	0	0	0	1	54	-84	-76	65	54	-84
3	-130	149	60245256	-1	0	0	0	0	0	1	54	-84	-76	65	54	-84
3	-130	149	60251252	-1	0	0	0	0	0	1	54	-84	-76	65	54	-84
3	-130	149	60263264	-1	0	1	0	0	0	1	54	-84	-76	65	54	-84
3	-130	149	60291268	1	0	0	0	0	0	1	54	-84	-76	65	54	-84
3	-130	149	60299272	1	0	0	0	0	0	1	54	-84	-76	65	54	-84
3	-130	149	60305268	1	0	0	0	0	0	1	54	-84	-76	65	54	-84
3	-130	149	60311276	1	0	0	0	0	0	0	54	-84	-76	65	54	-84
3	-130	149	60321300	0	1	0	0	0	0	0	54	-84	-76	65	54	-84
3	-130	149	60325292	0	1	0	1	0	0	0	54	-84	-76	65	54	-84
3	-130	149	60327296	-1	0	0	0	0	0	0	54	-84	-76	65	54	-84
3	-130	149	60329308	-1	1	0	1	0	0	0	54	-84	-76	65	54	-84
3	-130	149	60331300	-2	1	0	1	0	0	0	54	-84	-76	65	54	-84
3	-130	149	60333304	-2	2	0	1	0	0	0	54	-84	-76	65	54	-84
3	-130	149	60335296	-3	2	0	1	0	0	0	54	-84	-76	65	54	-84
3	-130	149	60337292	-3	2	0	2	0	0	0	54	-84	-76	65	54	-84
3	-130	149	60339296	-6	2	0	3	0	0	0	54	-84	-76	65	54	-84
3	-130	149	60341296	-6	4	0	5	0	0	0	54	-84	-76	65	54	-84
3	-130	149	60343304	-8	6	0	6	-1	0	0	53	-84	-76	65	54	-84
3	-130	149	60345296	-8	5	0	7	0	0	0	53	-84	-76	65	54	-84
3	-130	149	60347308	-11	8	-1	9	0	1	0	53	-83	-76	65	54	-84
3	-130	149	60349316	-10	8	-2	8	-1	1	0	52	-82	-76	65	54	-84
3	-130	149	60351296	-13	12	-1	10	0	0	0	52	-82	-76	65	54	-84
3	-130	149	60353320	-12	11	-2	12	-1	1	0	51	-81	-76	65	54	-84
3	-130	149	60355304	-13	11	-2	12	0	1	0	51	-80	-76	65	54	-84
3	-130	149	60357316	-14	13	-2	12	-1	1	0	50	-79	-76	65	54	-84
3	-130	149	60359304	-15	13	-2	15	0	1	0	50	-78	-76	65	54	-84
3	-130	149	60361316	-15	14	-3	14	-1	1	0	49	-77	-76	65	54	-84
3	-130	149	60363300	-15	15	-4	17	0	1	0	49	-76	-76	65	54	-84
3	-130	149	60365312	-16	16	-3	16	-1	1	0	48	-75	-76	65	54	-84
3	-130	149	60367308	-17	17	-5	17	-1	1	0	47	-74	-76	65	54	-84
3	-130	149	60369304	-18	19	-6	19	-1	1	0	46	-73	-76	65	54	-84
3	-130	149	60371288	-20	19	-4	19	0	1	0	46	-72	-76	65	54	-84
3	-130	149	60373296	-20	19	-6	23	-1	2	0	45	-70	-76	65	54	-84
3	-130	149	60375292	-21	21	-6	19	-1	1	0	44	-69	-76	65	54	-84
3	-130	149	60377292	-22	23	-5	22	-1	2	0	43	-67	-76	65	54	-84
3	-130	149	60379292	-22	22	-7	25	-1	1	0	42	-66	-76	65	54	-84
3	-130	149	60381296	-24	23	-7	24	-1	2	0	41	-64	-76	65	54	-84
3	-130	149	60383292	-24	23	-8	26	-1	1	0	40	-63	-76	65	54	-84
3	-130	149	60385288	-26	24	-7	24	-1	2	0	39	-61	-76	65	54	-84
3	-130	149	60387284	-27	26	-8	26	-1	2	0	38	-59	-76	65	54	-84
3	-130	149	60389288	-29	25	-8	28	-2	1	0	36	-58	-76	65	54	-84
3	-130	149	60391288	-29	27	-8	26	-1	2	0	35	-56	-76	65	54	-84
3	-130	149	60393280	-30	26	-9	29	-1	2	0	34	-54	-76	65	54	-84
3	-130	149	60395276	-31	28	-9	26	-1	2	0	33	-52	-76	65	54	-84
3	-130	149	60397280	-30	28	-9	27	-2	2	0	31	-50	-76	65	54	-84
3	-130	149	60399276	-31	27	-10	31	-1	2	0	30	-48	-76	65	54	-84
3	-130	149	60401280	-32	27	-10	28	-1	1	0	29	-47	-76	65	54	-84
3	-130	149	60403280	-33	28	-11	30	-2	2	0	27	-45	-76	65	54	-84
3	-130	149	60405276	-32	28	-9	29	-1	2	0	26	-43	-76	65	54	-84
3	-130	149	60407272	-37	33	-10	28	-2	2	0	24	-41	-76	65	54	-84
3	-130	149	60409276	-32	28	-10	31	-1	2	0	23	-39	-76	65	54	-84
3	-130	149	60411276	-33	28	-9	28	-2	2	0	21	-37	-76	65	54	-84
3	-130	149	60413280	-32	29	-11	31	-1	2	0	20	-35	-76	65	54	-84
3	-130	149	60415280	-32	27	-8	27	-1	2	0	19	-33	-76	65	54	-84
3	-130	149	60417280	-31	27	-8	27	-2	2	0	17	-31	-76	65	54	-84
3	-130	149	60419268	-31	27	-10	30	-1	2	0	16	-29	-76	65	54	-84
3	-130	149	60421264	-30	26	-7	25	-1	1	0	15	-28	-76	65	54	-84
3	-130	149	60423260	-30	26	-8	29	-2	2	0	13	-26	-76	65	54	-84
3	-130	149	60425268	-29	26	-7	26	-1	2	0	12	-24	-76	65	54	-84
3	-130	149	60427264	-29	25	-7	25	-1	2	0	11	-22	-76	65	54	-84
3	-130	149	60429268	-29	26	-8	28	-1	1	0	10	-21	-76	65	54	-84
3	-130	149	60431264	-29	25	-7	25	-1	2	0	9	-19	-76	65	54	-84
3	-130	149	60433272	-28	24	-7	28	-2	2	0	7	-17	-76	65	54	-84
3	-130	149	60435272	-29	25	-7	24	-1	1	0	6	-16	-76	65	54	-84
3	-130	149	60437276	-29	24	-7	24	-1	2	0	5	-14	-76	65	54	-84
3	-130	149	60439276	-29	24	-6	28	-1	2	0	4	-12	-76	65	54	-84
3	-130	149	60441272	-30	24	-6	23	-1	1	0	3	-11	-76	65	54	-84
3	-130	149	60443268	-30	24	-7	26	-2	2	0	1	-9	-76	65	54	-84
3	-130	149	60445272	-31	24	-6	24	-1	2	0	0	-7	-76	65	54	-84
3	-130	149	60447272	-31	24	-6	23	-1	1	0	-1	-6	-76	65	54	-84
3	-130	149	60449264	-31	23	-8	27	-1	2	0	-2	-4	-76	65	54	-84
3	-130	149	60451264	-32	24	-6	24	-2	1	0	-4	-3	-76	65	54	-84
3	-130	149	60453268	-32	23	-7	25	-1	2	0	-5	-1	-76	65	54	-84
3	-130	149	60455268	-36	27	-7	24	-1	2	0	-6	1	-76	65	54	-84
3	-130	149	60457264	-33	22	-6	22	-2	1	0	-8	2	-76	65	54	-84
3	-130	149	60459256	-34	23	-9	26	-1	2	0	-9	4	-76	65	54	-84
3	-130	149	60461256	-34	23	-7	23	-1	1	0	-10	5	-76	65	54	-84
3	-130	149	60463252	-34	22	-9	26	-2	2	0	-12	7	-76	65	54	-84
3	-130	149	60465248	-35	24	-7	23	-1	1	0	-13	8	-76	65	54	-84
3	-130	149	60467240	-36	23	-9	23	-2	2	0	-15	10	-76	65	54	-84
3	-130	149	60469244	-35	24	-10	26	-1	2	0	-16	12	-76	65	54	-84
3	-130	149	60471244	-37	23	-9	25	-2	1	0	-18	13	-76	65	54	-84
3	-130	149	60473248	-37	25	-10	27	-1	2	0	-19	15	-76	65	54	-84
3	-130	149	60475248	-38	24	-10	23	-2	2	0	-21	17	-76	65	54	-84
3	-130	149	60477248	-37	24	-9	25	-2	1	0	-23	18	-76	65	54	-84
3	-130	149	60479244	-38	25	-11	26	-1	2	0	-24	20	-76	65	54	-84
3	-130	149	60481248	-38	24	-9	23	-2	1	0	-26	21	-76	65	54	-84
3	-130	149	60483244	-39	24	-11	28	-1	2	0	-27	23	-76	65	54	-84
3	-130	149	60485240	-38	24	-10	23	-2	2	0	-29	25	-76	65	54	-84
3	-130	149	60487252	-39	23	-12	23	-2	1	0	-31	26	-76	65	54	-84
3	-130	149	60489252	-39	25	-12	28	-1	2	0	-32	28	-76	65	54	-84
3	-130	149	60491248	-39	22	-11	22	-2	2	0	-34	30	-76	65	54	-84
3	-130	149	60493256	-40	24	-12	25	-2	1	0	-36	31	-76	65	54	-84
3	-130	149	60495260	-40	22	-12	23	-2	2	0	-38	33	-76	65	54	-84
3	-130	149	60497260	-40	23	-11	22	-1	1	0	-39	34	-76	65	54	-84
3	-130	149	60499264	-41	21	-13	26	-2	2	0	-41	36	-76	65	54	-84
3	-130	149	60501260	-45	26	-11	22	-2	1	0	-43	37	-76	65	54	-84
3	-130	149	60503260	-39	21	-13	24	-2	2	0	-45	39	-76	65	54	-84
3	-130	149	60505256	-40	21	-12	20	-1	1	0	-46	40	-76	65	54	-84
3	-130	149	60507256	-39	20	-11	21	-2	2	0	-48	42	-76	65	54	-84
3	-130	149	60509252	-38	21	-12	22	-2	1	0	-50	43	-76	65	54	-84
3	-130	149	60511256	-39	19	-11	19	-1	1	0	-51	44	-76	65	54	-84
3	-130	149	60513256	-37	18	-12	21	-2	2	0	-53	46	-76	65	54	-84
3	-130	149	60515256	-38	18	-10	18	-2	1	0	-55	47	-76	65	54	-84
3	-130	149	60517256	-36	17	-9	16	-1	1	0	-56	48	-76	65	54	-84
3	-130	149	60519252	-37	16	-11	19	-2	1	0	-58	49	-76	65	54	-84
3	-130	149	60521252	-35	16	-9	15	-1	1	0	-59	50	-76	65	54	-84
3	-130	149	60523248	-33	15	-8	17	-2	1	0	-61	51	-76	65	54	-84
3	-130	149	60525252	-33	14	-8	15	-1	1	0	-62	52	-76	65	54	-84
3	-130	149	60527248	-31	14	-7	13	-1	1	0	-63	53	-76	65	54	-84
3	-130	149	60529256	-30	13	-9	15	-1	1	0	-64	54	-76	65	54	-84
3	-130	149	60531256	-28	12	-6	11	-2	1	0	-66	55	-76	65	54	-84
3	-130	149	60533260	-26	12	-7	14	-1	1	0	-67	56	-76	65	54	-84
3	-130	149	60535248	-23	11	-5	10	-1	0	0	-68	56	-76	65	54	-84
3	-130	149	60537256	-22	10	-4	10	-1	1	0	-69	57	-76	65	54	-84
3	-130	149	60539244	-19	10	-4	11	0	1	0	-69	58	-76	65	54	-84
3	-130	149	60541240	-18	9	-4	8	-1	0	0	-70	58	-76	65	54	-84
3	-130	149	60543252	-16	8	-4	9	-1	1	0	-71	59	-76	65	54	-84
3	-130	149	60545224	-14	7	-1	7	0	0	0	-71	59	-76	65	54	-84
3	-130	149	60547252	-12	7	-2	6	-1	1	0	-72	60	-76	65	54	-84
3	-130	149	60549220	-12	6	-1	7	0	0	0	-72	60	-76	65	54	-84
3	-130	149	60551224	-10	6	-1	5	0	0	0	-72	60	-76	65	54	-84
3	-130	149	60553244	-7	4	-1	4	-1	1	0	-73	61	-76	65	54	-84
3	-130	149	60555212	-8	4	-1	4	0	0	0	-73	61	-76	65	54	-84
3	-130	149	60557204	-6	4	0	4	0	0	0	-73	61	-76	65	54	-84
3	-130	149	60559228	-6	3	-1	4	0	1	0	-73	62	-76	65	54	-84
3	-130	149	60561220	-5	3	0	2	-1	0	0	-74	62	-76	65	54	-84
3	-130	149	60563220	-4	1	-1	3	0	0	0	-74	62	-76	65	54	-84
3	-130	149	60565212	-6	3	0	3	0	0	0	-74	62	-76	65	54	-84
3	-130	149	60567220	-5	2	0	3	0	0	0	-74	62	-76	65	54	-84
3	-130	149	60569216	-4	3	0	3	0	0	0	-74	62	-76	65	54	-84
3	-130	149	60571232	-5	2	-1	2	0	1	0	-74	63	-76	65	54	-84
3	-130	149	60573228	-6	3	0	2	-1	0	0	-75	63	-76	65	54	-84
3	-130	149	60575224	-4	2	-1	3	0	0	0	-75	63	-76	65	54	-84
3	-130	149	60577224	-6	2	-1	2	0	0	0	-75	63	-76	65	54	-84
3	-130	149	60579216	-5	2	0	3	0	0	0	-75	63	-76	65	54	-84
3	-130	149	60581220	-4	2	0	1	0	0	0	-75	63	-76	65	54	-84
3	-130	149	60583232	-5	2	0	2	-1	0	0	-76	63	-76	65	54	-84
3	-130	149	60585220	-4	1	-1	1	0	0	0	-76	63	-76	65	54	-84
3	-130	149	60587216	-4	2	0	2	0	1	0	-76	64	-76	65	54	-84
3	-130	149	60589216	-3	1	-1	0	0	0	0	-76	64	-76	65	54	-84
3	-130	149	60591208	-4	1	0	1	0	0	0	-76	64	-76	65	54	-84
3	-130	149	60593212	-4	0	-1	2	0	0	0	-76	64	-76	65	54	-84
3	-130	149	60595204	-3	1	0	0	0	0	0	-76	64	-76	65	54	-84
3	-130	149	60597216	-2	1	-1	1	0	0	0	-76	64	-76	65	54	-84
3	-130	149	60599236	-3	0	-1	1	-1	0	0	-77	64	-76	65	54	-84
3	-130	149	60601212	-2	1	0	1	0	0	0	-77	64	-76	65	54	-84
3	-130	149	60603220	-1	1	-1	0	0	0	0	-77	64	-76	65	54	-84
3	-130	149	60605204	-2	1	0	1	0	0	0	-77	64	-76	65	54	-84
3	-130	149	60607192	-1	0	0	0	0	0	0	-77	64	-76	65	54	-84
3	-130	149	60609196	0	0	-1	0	0	0	0	-77	64	-76	65	54	-84
3	-130	149	60611204	-1	1	0	0	0	0	0	-77	64	-76	65	54	-84
3	-130	149	60625208	-1	0	0	0	0	0	0	-77	64	-76	65	54	-84
3	-130	149	60645200	-1	0	0	0	0	0	0	-77	64	-76	65	54	-84
3	-130	149	60649204	0	-1	0	0	0	0	0	-77	64	-76	65	54	-84
3	-130	149	60655204	-1	0	0	0	0	0	0	-77	64	-76	65	54	-84
3	-130	149	60659216	0	0	-1	0	0	0	0	-77	64	-76	65	54	-84
3	-130	149	60665208	-1	0	0	0	0	0	0	-77	64	-76	65	54	-84
3	-130	149	60675204	0	0	0	0	0	0	1	-77	64	-76	65	54	-84
4	167	-107	60679208	-1	0	0	0	0	0	1	-76	65	91	-42	-76	65
4	167	-107	60683204	-1	0	0	0	0	0	1	-76	65	91	-42	-76	65
4	167	-107	60695204	0	1	0	0	0	0	1	-76	65	91	-42	-76	65
4	167	-107	60701208	-1	0	0	0	0	0	1	-76	65	91	-42	-76	65
4	167	-107	60709212	0	0	1	0	0	0	1	-76	65	91	-42	-76	65
4	167	-107	60729212	1	-1	0	0	0	0	1	-76	65	91	-42	-76	65
4	167	-107	60733204	1	0	0	0	0	0	1	-76	65	91	-42	-76	65
4	167	-107	60737204	0	-1	0	0	0	0	1	-76	65	91	-42	-76	65
4	167	-107	60739204	1	0	0	0	0	0	1	-76	65	91	-42	-76	65
4	167	-107	60741212	0	-1	0	0	0	0	1	-76	65	91	-42	-76	65
4	167	-107	60743228	2	-1	0	-2	0	0	1	-76	65	91	-42	-76	65
4	167	-107	60745216	2	0	0	-2	0	0	1	-76	65	91	-42	-76	65
4	167	-107	60747220	4	-2	-2	-2	0	0	1	-76	65	91	-42	-76	65
4	167	-107	60749224	6	-4	-1	-3	0	0	1	-76	65	91	-42	-76	65
4	167	-107	60751224	6	-5	-2	-5	0	0	0	-76	65	91	-42	-76	65
4	167	-107	60753228	10	-6	-2	-7	0	0	0	-76	65	91	-42	-76	65
4	167	-107	60755240	12	-7	-1	-7	0	-1	0	-76	64	91	-42	-76	65
4	167	-107	60757220	13	-8	-2	-9	0	0	0	-76	64	91	-42	-76	65
4	167	-107	60759244	16	-9	-1	-9	1	-1	0	-75	63	91	-42	-76	65
4	167	-107	60761232	17	-10	0	-10	1	-1	0	-74	62	91	-42	-76	65
4	167	-107	60763212	19	-11	0	-12	0	0	0	-74	62	91	-42	-76	65
4	167	-107	60765244	22	-12	2	-12	1	-1	0	-73	61	91	-42	-76	65
4	167	-107	60767248	23	-12	4	-13	1	-1	0	-72	60	91	-42	-76	65
4	167	-107	60769248	26	-12	5	-13	1	-1	0	-71	59	91	-42	-76	65
4	167	-107	60771248	27	-13	5	-13	1	-1	0	-70	58	91	-42	-76	65
4	167	-107	60773244	30	-13	8	-15	1	-1	0	-69	57	91	-42	-76	65
4	167	-107	60775248	35	-16	8	-14	2	-1	0	-67	56	91	-42	-76	65
4	167	-107	60777248	35	-14	11	-17	1	-1	0	-66	55	91	-42	-76	65
4	167	-107	60779252	37	-15	10	-15	2	-1	0	-64	54	91	-42	-76	65
4	167	-107	60781256	39	-15	11	-16	1	-1	0	-63	53	91	-42	-76	65
4	167	-107	60783256	41	-16	14	-19	2	-1	0	-61	52	91	-42	-76	65
4	167	-107	60785256	43	-17	13	-17	2	-1	0	-59	51	91	-42	-76	65
4	167	-107	60787268	45	-17	16	-19	2	-1	0	-57	50	91	-42	-76	65
4	167	-107	60789268	47	-18	15	-18	2	-1	0	-55	49	91	-42	-76	65
4	167	-107	60791264	49	-18	15	-19	2	-2	0	-53	47	91	-42	-76	65
4	167	-107	60793264	52	-20	19	-21	3	-1	0	-50	46	91	-42	-76	65
4	167	-107	60795264	51	-20	18	-21	2	-1	0	-48	45	91	-42	-76	65
4	167	-107	60797268	55	-20	21	-23	3	-2	0	-45	43	91	-42	-76	65
4	167	-107	60799264	56	-21	19	-22	2	-1	0	-43	42	91	-42	-76	65
4	167	-107	60801268	57	-23	20	-22	3	-2	0	-40	40	91	-42	-76	65
4	167	-107	60803264	60	-21	24	-27	2	-1	0	-38	39	91	-42	-76	65
4	167	-107	60805260	61	-24	22	-23	3	-2	0	-35	37	91	-42	-76	65
4	167	-107	60807264	62	-24	24	-28	3	-2	0	-32	35	91	-42	-76	65
4	167	-107	60809264	65	-24	23	-25	3	-1	0	-29	34	91	-42	-76	65
4	167	-107	60811260	65	-26	23	-26	3	-2	0	-26	32	91	-42	-76	65
4	167	-107	60813260	67	-26	26	-28	3	-2	0	-23	30	91	-42	-76	65
4	167	-107	60815264	68	-25	24	-26	3	-2	0	-20	28	91	-42	-76	65
4	167	-107	60817260	77	-30	28	-29	4	-2	0	-16	26	91	-42	-76	65
4	167	-107	60819260	68	-26	24	-28	3	-1	0	-13	25	91	-42	-76	65
4	167	-107	60821260	70	-26	26	-26	3	-2	0	-10	23	91	-42	-76	65
4	167	-107	60823256	69	-25	30	-31	3	-2	0	-7	21	91	-42	-76	65
4	167	-107	60825252	70	-25	26	-26	3	-2	0	-4	19	91	-42	-76	65
4	167	-107	60827256	70	-27	30	-31	4	-2	0	0	17	91	-42	-76	65
4	167	-107	60829264	70	-26	26	-26	3	-1	0	3	16	91	-42	-76	65
4	167	-107	60831256	71	-25	27	-27	3	-2	0	6	14	91	-42	-76	65
4	167	-107	60833260	71	-26	30	-30	4	-2	0	10	12	91	-42	-76	65
4	167	-107	60835248	71	-26	28	-27	3	-2	0	13	10	91	-42	-76	65
4	167	-107	60837248	71	-25	30	-30	3	-1	0	16	9	91	-42	-76	65
4	167	-107	60839240	71	-26	27	-26	3	-2	0	19	7	91	-42	-76	65
4	167	-107	60841240	71	-26	26	-26	4	-2	0	23	5	91	-42	-76	65
4	167	-107	60843236	69	-25	30	-30	3	-2	0	26	3	91	-42	-76	65
4	167	-107	60845232	69	-23	26	-25	3	-1	0	29	2	91	-42	-76	65
4	167	-107	60847224	68	-24	31	-28	3	-2	0	32	0	91	-42	-76	65
4	167	-107	60849224	66	-23	26	-24	4	-2	0	36	-2	91	-42	-76	65
4	167	-107	60851228	65	-24	27	-22	3	-1	0	39	-3	91	-42	-76	65
4	167	-107	60853228	63	-22	29	-27	3	-2	0	42	-5	91	-42	-76	65
4	167	-107	60855224	62	-23	25	-22	3	-1	0	45	-6	91	-42	-76	65
4	167	-107	60857224	60	-20	28	-25	2	-2	0	47	-8	91	-42	-76	65
4	167	-107	60859224	59	-22	25	-20	3	-1	0	50	-9	91	-42	-76	65
4	167	-107	60861224	57	-20	22	-21	3	-2	0	53	-11	91	-42	-76	65
4	167	-107	60863220	55	-20	25	-22	3	-1	0	56	-12	91	-42	-76	65
4	167	-107	60865224	53	-19	21	-20	2	-1	0	58	-13	91	-42	-76	65
4	167	-107	60867224	52	-20	22	-22	3	-2	0	61	-15	91	-42	-76	65
4	167	-107	60869224	55	-20	19	-17	2	-1	0	63	-16	91	-42	-76	65
4	167	-107	60871232	47	-18	18	-19	2	-1	0	65	-17	91	-42	-76	65
4	167	-107	60873232	44	-18	19	-21	2	-1	0	67	-18	91	-42	-76	65
4	167	-107	60875232	41	-17	15	-18	2	-2	0	69	-20	91	-42	-76	65
4	167	-107	60877232	39	-17	16	-19	2	-1	0	71	-21	91	-42	-76	65
4	167	-107	60879228	35	-17	14	-17	2	-1	0	73	-22	91	-42	-76	65
4	167	-107	60881228	33	-17	13	-18	1	-1	0	74	-23	91	-42	-76	65
4	167	-107	60883228	30	-16	14	-19	2	-1	0	76	-24	91	-42	-76	65
4	167	-107	60885232	28	-17	10	-16	1	-1	0	77	-25	91	-42	-76	65
4	167	-107	60887220	25	-17	12	-18	1	-2	0	78	-27	91	-42	-76	65
4	167	-107	60889220	24	-15	9	-16	1	-1	0	79	-28	91	-42	-76	65
4	167	-107	60891216	21	-16	8	-16	1	-1	0	80	-29	91	-42	-76	65
4	167	-107	60893212	20	-15	9	-17	1	-1	0	81	-30	91	-42	-76	65
4	167	-107	60895216	19	-14	6	-15	1	-1	0	82	-31	91	-42	-76	65
4	167	-107	60897216	17	-15	8	-16	1	-1	0	83	-32	91	-42	-76	65
4	167	-107	60899200	15	-14	5	-14	0	-1	0	83	-33	91	-42	-76	65
4	167	-107	60901220	14	-14	4	-13	1	-1	0	84	-34	91	-42	-76	65
4	167	-107	60903204	13	-13	5	-14	1	0	0	85	-34	91	-42	-76	65
4	167	-107	60905204	12	-12	4	-13	0	-1	0	85	-35	91	-42	-76	65
4	167	-107	60907212	11	-13	3	-14	1	-1	0	86	-36	91	-42	-76	65
4	167	-107	60909200	11	-12	4	-11	0	-1	0	86	-37	91	-42	-76	65
4	167	-107	60911216	9	-12	3	-11	1	-1	0	87	-38	91	-42	-76	65
4	167	-107	60913204	9	-11	3	-12	0	-1	0	87	-39	91	-42	-76	65
4	167	-107	60915192	8	-12	3	-11	0	0	0	87	-39	91	-42	-76	65
4	167	-107	60917224	9	-11	2	-12	1	-1	0	88	-40	91	-42	-76	65
4	167	-107	60919212	9	-10	2	-10	0	-1	0	88	-41	91	-42	-76	65
4	167	-107	60921192	7	-9	2	-9	0	0	0	88	-41	91	-42	-76	65
4	167	-107	60923212	8	-10	2	-11	1	-1	0	89	-42	91	-42	-76	65
4	167	-107	60925204	7	-9	1	-8	0	-1	0	89	-43	91	-42	-76	65
4	167	-107	60927184	6	-9	2	-10	0	0	0	89	-43	91	-42	-76	65
4	167	-107	60929204	6	-7	2	-7	0	-1	0	89	-44	91	-42	-76	65
4	167	-107	60931208	6	-8	1	-7	1	0	0	90	-44	91	-42	-76	65
4	167	-107	60933208	5	-6	1	-7	0	-1	0	90	-45	91	-42	-76	65
4	167	-107	60935196	4	-6	1	-7	0	0	0	90	-45	91	-42	-76	65
4	167	-107	60937184	5	-5	0	-5	0	0	0	90	-45	91	-42	-76	65
4	167	-107	60939200	5	-6	0	-6	0	-1	0	90	-46	91	-42	-76	65
4	167	-107	60941196	4	-6	0	-4	1	0	0	91	-46	91	-42	-76	65
4	167	-107	60943184	3	-4	0	-5	0	0	0	91	-46	91	-42	-76	65
4	167	-107	60945200	3	-5	0	-5	0	-1	0	91	-47	91	-42	-76	65
4	167	-107	60947184	3	-5	0	-4	0	0	0	91	-47	91	-42	-76	65
4	167	-107	60949184	3	-4	0	-4	0	0	0	91	-47	91	-42	-76	65
4	167	-107	60951180	2	-2	0	-3	0	0	0	91	-47	91	-42	-76	65
4	167	-107	60953196	2	-4	0	-3	0	-1	0	91	-48	91	-42	-76	65
4	167	-107	60955184	1	-2	0	-3	0	0	0	91	-48	91	-42	-76	65
4	167	-107	60957188	1	-3	0	-3	0	0	0	91	-48	91	-42	-76	65
4	167	-107	60959184	2	-2	0	-2	0	0	0	91	-48	91	-42	-76	65
4	167	-107	60961188	1	-2	0	-1	0	0	0	91	-48	91	-42	-76	65
4	167	-107	60963192	2	-1	0	-1	0	0	0	91	-48	91	-42	-76	65
4	167	-107	60965196	1	-2	0	-1	0	0	0	91	-48	91	-42	-76	65
4	167	-107	60967212	1	-2	0	-2	0	-1	0	91	-49	91	-42	-76	65
4	167	-107	60969188	0	-1	0	-1	0	0	0	91	-49	91	-42	-76	65
4	167	-107	60971188	1	0	0	-1	0	0	0	91	-49	91	-42	-76	65
4	167	-107	60973184	1	-1	0	-1	0	0	0	91	-49	91	-42	-76	65
4	167	-107	61013192	-1	0	0	0	0	0	0	91	-49	91	-42	-76	65
4	167	-107	61015196	0	1	0	0	0	0	0	91	-49	91	-42	-76	65
4	167	-107	61019188	0	0	0	1	0	0	0	91	-49	91	-42	-76	65
4	167	-107	61021196	-1	1	0	0	0	0	0	91	-49	91	-42	-76	65
4	167	-107	61023188	0	0	0	1	0	0	0	91	-49	91	-42	-76	65
4	167	-107	61025184	-1	0	0	0	0	0	0	91	-49	91	-42	-76	65
4	167	-107	61027188	0	0	0	1	0	0	0	91	-49	91	-42	-76	65
4	167	-107	61029188	0	1	0	0	0	0	0	91	-49	91	-42	-76	65
4	167	-107	61031196	-1	0	0	0	0	0	0	91	-49	91	-42	-76	65
4	167	-107	61035196	0	1	0	0	0	0	0	91	-49	91	-42	-76	65
4	167	-107	61037180	-1	0	0	1	0	0	1	91	-49	91	-42	-76	65
5	-190	56	61039200	0	0	0	1	0	0	1	91	-42	-99	14	91	-42
5	-190	56	61041204	0	1	0	0	0	0	1	91	-42	-99	14	91	-42
5	-190	56	61043216	-1	0	0	1	0	0	1	91	-42	-99	14	91	-42
5	-190	56	61047212	0	1	0	0	0	0	1	91	-42	-99	14	91	-42
5	-190	56	61049216	-1	0	0	0	0	0	1	91	-42	-99	14	91	-42
5	-190	56	61053220	-1	1	0	0	0	0	1	91	-42	-99	14	91	-42
5	-190	56	61055208	0	0	0	1	0	0	1	91	-42	-99	14	91	-42
5	-190	56	61061212	-1	0	0	0	0	0	1	91	-42	-99	14	91	-42
5	-190	56	61113252	1	0	0	0	0	0	1	91	-42	-99	14	91	-42
5	-190	56	61121264	1	0	0	0	0	0	0	91	-42	-99	14	91	-42
5	-190	56	61133280	-1	0	0	0	0	0	0	91	-42	-99	14	91	-42
5	-190	56	61135292	-3	2	0	0	0	0	0	91	-42	-99	14	91	-42
5	-190	56	61137296	-3	2	-1	2	0	0	0	91	-42	-99	14	91	-42
5	-190	56	61139292	-7	3	-2	4	0	0	0	91	-42	-99	14	91	-42
5	-190	56	61141292	-9	4	-2	5	0	0	0	91	-42	-99	14	91	-42
5	-190	56	61143296	-11	4	-4	4	0	1	0	91	-41	-99	14	91	-42
5	-190	56	61145292	-14	6	-5	7	-1	0	0	90	-41	-99	14	91	-42
5	-190	56	61147304	-16	8	-5	8	-1	1	0	89	-40	-99	14	91	-42
5	-190	56	61149280	-18	7	-7	8	0	0	0	89	-40	-99	14	91	-42
5	-190	56	61151300	-21	8	-7	8	-1	1	0	88	-39	-99	14	91	-42
5	-190	56	61153284	-22	9	-8	10	-1	0	0	87	-39	-99	14	91	-42
5	-190	56	61155300	-25	8	-9	10	-1	1	0	86	-38	-99	14	91	-42
5	-190	56	61157304	-26	10	-10	10	-2	1	0	84	-37	-99	14	91	-42
5	-190	56	61159288	-28	10	-11	12	-1	0	0	83	-37	-99	14	91	-42
5	-190	56	61161300	-30	10	-11	11	-1	1	0	82	-36	-99	14	91	-42
5	-190	56	61163304	-32	13	-11	11	-2	1	0	80	-35	-99	14	91	-42
5	-190	56	61165308	-33	11	-13	14	-1	1	0	79	-34	-99	14	91	-42
5	-190	56	61167304	-35	13	-14	13	-2	1	0	77	-33	-99	14	91	-42
5	-190	56	61169296	-36	12	-15	15	-2	0	0	75	-33	-99	14	91	-42
5	-190	56	61171308	-42	15	-13	14	-1	1	0	74	-32	-99	14	91	-42
5	-190	56	61173312	-39	13	-15	14	-2	1	0	72	-31	-99	14	91	-42
5	-190	56	61175304	-40	14	-17	16	-2	1	0	70	-30	-99	14	91	-42
5	-190	56	61177308	-40	15	-15	15	-2	1	0	68	-29	-99	14	91	-42
5	-190	56	61179312	-42	14	-18	17	-2	1	0	66	-28	-99	14	91	-42
5	-190	56	61181312	-43	15	-17	16	-2	1	0	64	-27	-99	14	91	-42
5	-190	56	61183312	-43	15	-17	15	-2	1	0	62	-26	-99	14	91	-42
5	-190	56	61185316	-45	16	-21	19	-2	2	0	60	-24	-99	14	91	-42
5	-190	56	61187316	-47	16	-17	16	-2	1	0	58	-23	-99	14	91	-42
5	-190	56	61189312	-47	17	-21	19	-3	1	0	55	-22	-99	14	91	-42
5	-190	56	61191312	-47	17	-19	17	-2	1	0	53	-21	-99	14	91	-42
5	-190	56	61193300	-49	17	-19	15	-2	1	0	51	-20	-99	14	91	-42
5	-190	56	61195304	-49	16	-21	20	-2	1	0	49	-19	-99	14	91	-42
5	-190	56	61197304	-50	17	-20	17	-3	1	0	46	-18	-99	14	91	-42
5	-190	56	61199300	-49	17	-21	19	-2	2	0	44	-16	-99	14	91	-42
5	-190	56	61201304	-50	16	-19	17	-2	1	0	42	-15	-99	14	91	-42
5	-190	56	61203304	-52	15	-19	16	-3	1	0	39	-14	-99	14	91	-42
5	-190	56	61205304	-51	15	-22	18	-2	1	0	37	-13	-99	14	91	-42
5	-190	56	61207300	-52	15	-20	15	-3	1	0	34	-12	-99	14	91	-42
5	-190	56	61209304	-52	15	-24	18	-2	1	0	32	-11	-99	14	91	-42
5	-190	56	61211308	-53	15	-20	15	-3	1	0	29	-10	-99	14	91	-42
5	-190	56	61213304	-52	14	-21	14	-2	1	0	27	-9	-99	14	91	-42
5	-190	56	61215312	-60	15	-22	16	-3	1	0	24	-8	-99	14	91	-42
5	-190	56	61217316	-52	13	-21	14	-2	1	0	22	-7	-99	14	91	-42
5	-190	56	61219316	-52	12	-23	15	-3	1	0	19	-6	-99	14	91	-42
5	-190	56	61221308	-53	11	-21	12	-2	0	0	17	-6	-99	14	91	-42
5	-190	56	61223316	-52	11	-22	14	-3	1	0	14	-5	-99	14	91	-42
5	-190	56	61225320	-53	12	-21	13	-2	1	0	12	-4	-99	14	91	-42
5	-190	56	61227320	-52	10	-20	12	-2	1	0	10	-3	-99	14	91	-42
5	-190	56	61229320	-54	10	-22	12	-3	1	0	7	-2	-99	14	91	-42
5	-190	56	61231304	-54	11	-21	10	-2	0	0	5	-2	-99	14	91	-42
5	-190	56	61233316	-54	9	-22	13	-3	1	0	2	-1	-99	14	91	-42
5	-190	56	61235316	-55	10	-22	10	-3	1	0	-1	0	-99	14	91	-42
5	-190	56	61237304	-56	9	-22	10	-2	0	0	-3	0	-99	14	91	-42
5	-190	56	61239320	-57	9	-23	11	-3	1	0	-6	1	-99	14	91	-42
5	-190	56	61241316	-57	9	-22	10	-2	1	0	-8	2	-99	14	91	-42
5	-190	56	61243300	-58	7	-23	11	-3	0	0	-11	2	-99	14	91	-42
5	-190	56	61245316	-58	8	-22	10	-3	1	0	-14	3	-99	14	91	-42
5	-190	56	61247308	-58	9	-22	10	-2	0	0	-16	3	-99	14	91	-42
5	-190	56	61249312	-57	8	-25	11	-3	1	0	-19	4	-99	14	91	-42
5	-190	56	61251320	-58	10	-23	9	-3	1	0	-22	5	-99	14	91	-42
5	-190	56	61253304	-57	8	-26	12	-3	0	0	-25	5	-99	14	91	-42
5	-190	56	61255320	-58	9	-24	9	-2	1	0	-27	6	-99	14	91	-42
5	-190	56	61257316	-56	8	-24	9	-3	1	0	-30	7	-99	14	91	-42
5	-190	56	61259316	-62	10	-26	11	-3	0	0	-33	7	-99	14	91	-42
5	-190	56	61261332	-53	10	-23	10	-3	1	0	-36	8	-99	14	91	-42
5	-190	56	61263332	-51	9	-23	11	-2	1	0	-38	9	-99	14	91	-42
5	-190	56	61265320	-49	10	-22	11	-2	0	0	-40	9	-99	14	91	-42
5	-190	56	61267336	-46	10	-19	10	-3	1	0	-43	10	-99	14	91	-42
5	-190	56	61269340	-44	9	-22	12	-2	1	0	-45	11	-99	14	91	-42
5	-190	56	61271320	-43	10	-18	10	-2	0	0	-47	11	-99	14	91	-42
5	-190	56	61273336	-39	9	-19	12	-2	1	0	-49	12	-99	14	91	-42
5	-190	56	61275328	-37	9	-15	9	-1	1	0	-50	13	-99	14	91	-42
5	-190	56	61277320	-33	10	-16	11	-2	0	0	-52	13	-99	14	91	-42
5	-190	56	61279340	-33	9	-13	11	-2	1	0	-54	14	-99	14	91	-42
5	-190	56	61281336	-29	8	-13	9	-1	1	0	-55	15	-99	14	91	-42
5	-190	56	61283324	-26	10	-12	11	-1	0	0	-56	15	-99	14	91	-42
5	-190	56	61285336	-25	8	-8	10	-1	1	0	-57	16	-99	14	91	-42
5	-190	56	61287324	-22	9	-9	10	-1	0	0	-58	16	-99	14	91	-42
5	-190	56	61289340	-20	8	-7	8	-1	1	0	-59	17	-99	14	91	-42
5	-190	56	61291336	-18	9	-6	10	-1	1	0	-60	18	-99	14	91	-42
5	-190	56	61293332	-17	8	-5	9	-1	0	0	-61	18	-99	14	91	-42
5	-190	56	61295352	-16	8	-5	9	-1	1	0	-62	19	-99	14	91	-42
5	-190	56	61297328	-14	9	-5	10	0	0	0	-62	19	-99	14	91	-42
5	-190	56	61299352	-13	7	-3	8	-1	1	0	-63	20	-99	14	91	-42
5	-190	56	61301336	-15	10	-2	9	0	1	0	-63	21	-99	14	91	-42
5	-190	56	61303340	-12	7	-3	8	-1	0	0	-64	21	-99	14	91	-42
5	-190	56	61305336	-13	8	-3	9	0	1	0	-64	22	-99	14	91	-42
5	-190	56	61307340	-12	8	-3	9	-1	0	0	-65	22	-99	14	91	-42
5	-190	56	61309340	-12	9	-3	7	0	1	0	-65	23	-99	14	91	-42
5	-190	56	61311340	-14	8	-2	9	-1	0	0	-66	23	-99	14	91	-42
5	-190	56	61313340	-12	9	-2	9	0	1	0	-66	24	-99	14	91	-42
5	-190	56	61315344	-13	8	-2	9	-1	0	0	-67	24	-99	14	91	-42
5	-190	56	61317340	-13	8	-3	9	0	1	0	-67	25	-99	14	91	-42
5	-190	56	61319348	-14	9	-3	8	-1	1	0	-68	26	-99	14	91	-42
5	-190	56	61321320	-13	7	-3	7	0	0	0	-68	26	-99	14	91	-42
5	-190	56	61323348	-13	8	-3	8	-1	1	0	-69	27	-99	14	91	-42
5	-190	56	61325320	-13	6	-2	8	0	0	0	-69	27	-99	14	91	-42
5	-190	56	61327332	-14	7	-4	7	-1	0	0	-70	27	-99	14	91	-42
5	-190	56	61329348	-13	7	-3	8	-1	1	0	-71	28	-99	14	91	-42
5	-190	56	61331324	-13	6	-3	7	0	0	0	-71	28	-99	14	91	-42
5	-190	56	61333352	-13	7	-3	6	-1	1	0	-72	29	-99	14	91	-42
5	-190	56	61335328	-13	6	-3	6	0	0	0	-72	29	-99	14	91	-42
5	-190	56	61337356	-13	6	-4	6	-1	1	0	-73	30	-99	14	91	-42
5	-190	56	61339328	-13	5	-3	6	0	0	0	-73	30	-99	14	91	-42
5	-190	56	61341344	-13	5	-3	6	-1	0	0	-74	30	-99	14	91	-42
5	-190	56	61343340	-11	5	-3	4	0	1	0	-74	31	-99	14	91	-42
5	-190	56	61345344	-12	5	-3	5	-1	0	0	-75	31	-99	14	91	-42
5	-190	56	61347328	-10	2	-4	4	0	0	0	-75	31	-99	14	91	-42
5	-190	56	61349348	-9	4	-2	3	-1	0	0	-76	31	-99	14	91	-42
5	-190	56	61351352	-8	3	-2	2	0	1	0	-76	32	-99	14	91	-42
5	-190	56	61353336	-7	3	-2	2	0	0	0	-76	32	-99	14	91	-42
5	-190	56	61355340	-5	3	-1	2	0	0	0	-76	32	-99	14	91	-42
5	-190	56	61357356	-5	0	-1	1	-1	0	0	-77	32	-99	14	91	-42
5	-190	56	61359332	-3	1	0	1	0	0	0	-77	32	-99	14	91	-42
5	-190	56	61361320	-3	0	-1	0	0	0	0	-77	32	-99	14	91	-42
5	-190	56	61363316	-2	0	0	0	0	0	0	-77	32	-99	14	91	-42
5	-190	56	61367312	-1	0	0	0	0	0	0	-77	32	-99	14	91	-42
5	-190	56	61371320	-1	0	0	0	0	0	0	-77	32	-99	14	91	-42
5	-190	56	61375316	-1	0	0	0	0	0	0	-77	32	-99	14	91	-42
5	-190	56	61387332	-1	0	0	0	0	0	0	-77	32	-99	14	91	-42
5	-190	56	61389340	0	0	0	-1	0	0	0	-77	32	-99	14	91	-42
5	-190	56	61395348	0	0	0	-1	0	0	0	-77	32	-99	14	91	-42
5	-190	56	61399352	0	-1	0	0	0	0	0	-77	32	-99	14	91	-42
5	-190	56	61401352	0	0	0	-1	0	0	0	-77	32	-99	14	91	-42
5	-190	56	61403356	-1	0	0	0	0	0	0	-77	32	-99	14	91	-42
5	-190	56	61417360	-1	0	0	0	0	0	0	-77	32	-99	14	91	-42
5	-190	56	61427356	0	0	0	0	0	0	1	-77	32	-99	14	91	-42
6	-190	56	61431364	-1	0	0	0	0	0	1	-99	14	-99	14	91	-42
6	198	0	61437372	-1	0	0	0	0	0	1	-99	14	99	14	-99	14
6	198	0	61447372	-1	0	0	0	0	0	1	-99	14	99	14	-99	14
6	198	0	61477408	1	0	0	0	0	0	1	-99	14	99	14	-99	14
6	198	0	61483416	1	0	0	0	0	0	1	-99	14	99	14	-99	14
6	198	0	61485424	0	0	0	-1	0	0	1	-99	14	99	14	-99	14
6	198	0	61487428	2	-1	0	0	0	0	1	-99	14	99	14	-99	14
6	198	0	61489424	3	-2	0	-2	0	0	1	-99	14	99	14	-99	14
6	198	0	61491424	5	-2	0	-2	0	0	1	-99	14	99	14	-99	14
6	198	0	61493416	8	-3	0	-3	0	0	1	-99	14	99	14	-99	14
6	198	0	61495428	11	-5	2	-5	0	0	1	-99	14	99	14	-99	14
6	198	0	61497420	14	-4	0	-5	0	0	1	-99	14	99	14	-99	14
6	198	0	61499464	17	-6	2	-5	1	-1	1	-98	13	99	14	-99	14
6	198	0	61501448	19	-5	3	-6	1	0	1	-97	13	99	14	-99	14
6	198	0	61503428	21	-4	4	-6	0	0	0	-97	13	99	14	-99	14
6	198	0	61505456	24	-5	5	-4	1	-1	0	-96	12	99	14	-99	14
6	198	0	61507436	25	-4	4	-4	1	0	0	-95	12	99	14	-99	14
6	198	0	61509444	31	-4	6	-5	2	0	0	-93	12	99	14	-99	14
6	198	0	61511436	29	-4	6	-3	1	0	0	-92	12	99	14	-99	14
6	198	0	61513448	31	-3	9	-4	1	-1	0	-91	11	99	14	-99	14
6	198	0	61515428	33	-3	8	-4	2	0	0	-89	11	99	14	-99	14
6	198	0	61517432	35	-3	10	-5	1	0	0	-88	11	99	14	-99	14
6	198	0	61519432	37	-2	13	-3	2	0	0	-86	11	99	14	-99	14
6	198	0	61521448	38	-2	12	-4	1	-1	0	-85	10	99	14	-99	14
6	198	0	61523432	39	-3	14	-4	2	0	0	-83	10	99	14	-99	14
6	198	0	61525432	40	-3	15	-4	2	0	0	-81	10	99	14	-99	14
6	198	0	61527436	42	-2	15	-2	2	0	0	-79	10	99	14	-99	14
6	198	0	61529432	43	-2	18	-3	2	0	0	-77	10	99	14	-99	14
6	198	0	61531428	44	-2	18	-3	2	0	0	-75	10	99	14	-99	14
6	198	0	61533436	45	-1	20	-3	2	-1	0	-73	9	99	14	-99	14
6	198	0	61535416	46	-1	20	-2	2	0	0	-71	9	99	14	-99	14
6	198	0	61537420	49	-1	21	-2	3	0	0	-68	9	99	14	-99	14
6	198	0	61539420	50	0	24	-2	2	0	0	-66	9	99	14	-99	14
6	198	0	61541420	51	-1	23	-2	3	0	0	-63	9	99	14	-99	14
6	198	0	61543412	53	0	26	-2	2	0	0	-61	9	99	14	-99	14
6	198	0	61545412	55	-1	24	-1	3	0	0	-58	9	99	14	-99	14
6	198	0	61547412	56	0	25	-2	3	0	0	-55	9	99	14	-99	14
6	198	0	61549412	58	-1	29	-2	2	0	0	-53	9	99	14	-99	14
6	198	0	61551412	59	-1	26	-3	3	0	0	-50	9	99	14	-99	14
6	198	0	61553408	59	0	30	-2	3	0	0	-47	9	99	14	-99	14
6	198	0	61555420	62	-1	27	-1	3	-1	0	-44	8	99	14	-99	14
6	198	0	61557408	70	-1	28	-1	3	0	0	-41	8	99	14	-99	14
6	198	0	61559408	64	0	32	-2	4	0	0	-37	8	99	14	-99	14
6	198	0	61561420	65	-1	29	-1	3	0	0	-34	8	99	14	-99	14
6	198	0	61563416	67	0	33	-2	3	0	0	-31	8	99	14	-99	14
6	198	0	61565416	67	0	30	-1	3	0	0	-28	8	99	14	-99	14
6	198	0	61567412	68	0	30	-2	4	0	0	-24	8	99	14	-99	14
6	198	0	61569412	68	0	34	-2	3	0	0	-21	8	99	14	-99	14
6	198	0	61571412	68	0	31	-1	3	0	0	-18	8	99	14	-99	14
6	198	0	61573408	68	0	34	-2	4	0	0	-14	8	99	14	-99	14
6	198	0	61575416	69	0	31	-1	3	0	0	-11	8	99	14	-99	14
6	198	0	61577412	67	0	31	-1	3	0	0	-8	8	99	14	-99	14
6	198	0	61579412	69	0	35	-2	4	0	0	-4	8	99	14	-99	14
6	198	0	61581408	68	0	32	-2	3	0	0	-1	8	99	14	-99	14
6	198	0	61583416	68	0	34	-2	4	0	0	3	8	99	14	-99	14
6	198	0	61585420	67	0	31	-1	3	0	0	6	8	99	14	-99	14
6	198	0	61587412	68	0	31	-2	3	0	0	9	8	99	14	-99	14
6	198	0	61589420	67	0	34	-2	3	-1	0	12	7	99	14	-99	14
6	198	0	61591408	67	-1	29	-2	4	0	0	16	7	99	14	-99	14
6	198	0	61593412	65	0	33	-1	3	0	0	19	7	99	14	-99	14
6	198	0	61595416	65	0	29	-1	3	0	0	22	7	99	14	-99	14
6	198	0	61597416	64	0	28	-2	3	0	0	25	7	99	14	-99	14
6	198	0	61599412	62	0	32	-2	3	0	0	28	7	99	14	-99	14
6	198	0	61601412	60	0	26	-1	3	0	0	31	7	99	14	-99	14
6	198	0	61603424	66	-1	30	-2	3	0	0	34	7	99	14	-99	14
6	198	0	61605428	57	-1	26	-1	3	0	0	37	7	99	14	-99	14
6	198	0	61607428	56	0	24	-2	3	0	0	40	7	99	14	-99	14
6	198	0	61609428	52	-1	27	-2	2	0	0	42	7	99	14	-99	14
6	198	0	61611420	51	-1	24	-2	3	0	0	45	7	99	14	-99	14
6	198	0	61613416	46	0	25	-1	2	0	0	47	7	99	14	-99	14
6	198	0	61615412	44	-1	21	-3	2	0	0	49	7	99	14	-99	14
6	198	0	61617408	41	0	20	-1	2	0	0	51	7	99	14	-99	14
6	198	0	61619424	39	-1	22	-3	3	-1	0	54	6	99	14	-99	14
6	198	0	61621392	34	-1	17	-2	1	0	0	55	6	99	14	-99	14
6	198	0	61623396	33	-1	18	-2	2	0	0	57	6	99	14	-99	14
6	198	0	61625392	30	-2	14	-2	1	0	0	58	6	99	14	-99	14
6	198	0	61627388	27	-2	14	-1	2	0	0	60	6	99	14	-99	14
6	198	0	61629396	26	-2	14	-2	1	0	0	61	6	99	14	-99	14
6	198	0	61631396	23	-1	10	-2	1	0	0	62	6	99	14	-99	14
6	198	0	61633404	21	-1	10	-2	1	0	0	63	6	99	14	-99	14
6	198	0	61635408	19	-2	9	-2	1	-1	0	64	5	99	14	-99	14
6	198	0	61637400	17	-2	7	-3	1	0	0	65	5	99	14	-99	14
6	198	0	61639396	16	-1	7	-3	1	0	0	66	5	99	14	-99	14
6	198	0	61641388	14	-2	6	-1	0	0	0	66	5	99	14	-99	14
6	198	0	61643400	12	-2	5	-3	1	0	0	67	5	99	14	-99	14
6	198	0	61645416	12	-2	5	-1	1	0	0	68	5	99	14	-99	14
6	198	0	61647416	8	-2	3	-2	0	0	0	68	5	99	14	-99	14
6	198	0	61649412	8	-2	4	-2	0	0	0	68	5	99	14	-99	14
6	198	0	61651436	7	-2	2	-2	1	-1	0	69	4	99	14	-99	14
6	198	0	61653404	6	-2	2	-2	0	0	0	69	4	99	14	-99	14
6	198	0	61655404	3	0	2	-2	0	0	0	69	4	99	14	-99	14
6	198	0	61657404	3	-2	0	-1	0	0	0	69	4	99	14	-99	14
6	198	0	61659412	2	0	1	-1	0	0	0	69	4	99	14	-99	14
6	198	0	61661412	1	-1	0	-1	0	0	0	69	4	99	14	-99	14
6	198	0	61663408	1	0	1	-1	0	0	0	69	4	99	14	-99	14
6	198	0	61665396	0	-1	0	0	0	0	0	69	4	99	14	-99	14
6	198	0	61667396	0	0	0	-1	0	0	0	69	4	99	14	-99	14
6	198	0	61669396	0	-1	0	0	0	0	0	69	4	99	14	-99	14
6	198	0	61671408	1	0	1	-1	0	0	0	69	4	99	14	-99	14
6	198	0	61673384	0	-1	0	-1	0	0	0	69	4	99	14	-99	14
6	198	0	61675392	1	-2	0	-1	0	0	0	69	4	99	14	-99	14
6	198	0	61677396	2	-1	0	-1	0	0	0	69	4	99	14	-99	14
6	198	0	61679416	1	-2	0	-2	1	-1	0	70	3	99	14	-99	14
6	198	0	61681388	2	-2	0	-2	0	0	0	70	3	99	14	-99	14
6	198	0	61683388	1	-2	0	-2	0	0	0	70	3	99	14	-99	14
6	198	0	61685388	2	-1	0	-1	0	0	0	70	3	99	14	-99	14
6	198	0	61687384	2	-1	0	-3	0	0	0	70	3	99	14	-99	14
6	198	0	61689404	1	-2	1	-2	0	0	0	70	3	99	14	-99	14
6	198	0	61691396	1	-2	0	-1	0	0	0	70	3	99	14	-99	14
6	198	0	61693404	1	-2	1	-2	0	0	0	70	3	99	14	-99	14
6	198	0	61695392	1	-1	0	-1	0	0	0	70	3	99	14	-99	14
6	198	0	61697404	1	-1	1	0	0	0	0	70	3	99	14	-99	14
6	198	0	61699400	0	-1	0	-1	0	-1	0	70	2	99	14	-99	14
6	198	0	61739348	-1	0	0	0	0	0	0	70	2	99	14	-99	14
6	198	0	61745344	-1	0	0	0	0	0	0	70	2	99	14	-99	14
6	198	0	61753336	-1	0	0	0	0	0	0	70	2	99	14	-99	14
6	198	0	61757332	-1	0	0	0	0	0	1	70	2	99	14	-99	14
7	-190	-56	61763328	-1	0	0	0	0	0	1	99	14	-91	-42	99	14
7	-190	-56	61765324	0	0	1	0	0	0	1	99	14	-91	-42	99	14
7	-190	-56	61771320	-1	0	0	0	0	0	1	99	14	-91	-42	99	14
7	-190	-56	61815312	0	0	1	0	0	0	1	99	14	-91	-42	99	14
7	-190	-56	61821340	-1	-1	0	-1	0	0	1	99	14	-91	-42	99	14
7	-190	-56	61823336	-1	-1	0	-1	0	0	1	99	14	-91	-42	99	14
7	-190	-56	61825340	-3	-2	0	-3	0	0	1	99	14	-91	-42	99	14
7	-190	-56	61827348	-5	-3	0	-2	0	0	1	99	14	-91	-42	99	14
7	-190	-56	61829344	-7	-5	0	-5	0	0	1	99	14	-91	-42	99	14
7	-190	-56	61831364	-8	-6	-2	-5	0	-1	1	99	13	-91	-42	99	14
7	-190	-56	61833352	-10	-5	-3	-6	0	0	0	99	13	-91	-42	99	14
7	-190	-56	61835380	-12	-8	-4	-7	-1	-1	0	98	12	-91	-42	99	14
7	-190	-56	61837364	-13	-7	-7	-7	-1	0	0	97	12	-91	-42	99	14
7	-190	-56	61839364	-14	-9	-7	-8	0	-1	0	97	11	-91	-42	99	14
7	-190	-56	61841368	-18	-10	-8	-8	-1	0	0	96	11	-91	-42	99	14
7	-190	-56	61843380	-17	-9	-10	-10	-1	-1	0	95	10	-91	-42	99	14
7	-190	-56	61845372	-19	-10	-10	-9	-1	0	0	94	10	-91	-42	99	14
7	-190	-56	61847380	-21	-8	-12	-10	-1	-1	0	93	9	-91	-42	99	14
7	-190	-56	61849380	-22	-10	-11	-10	-1	-1	0	92	8	-91	-42	99	14
7	-190	-56	61851364	-24	-10	-11	-9	-1	0	0	91	8	-91	-42	99	14
7	-190	-56	61853372	-25	-10	-14	-10	-2	-1	0	89	7	-91	-42	99	14
7	-190	-56	61855372	-26	-10	-13	-10	-1	-1	0	88	6	-91	-42	99	14
7	-190	-56	61857368	-28	-11	-16	-10	-2	0	0	86	6	-91	-42	99	14
7	-190	-56	61859380	-29	-10	-15	-9	-1	-1	0	85	5	-91	-42	99	14
7	-190	-56	61861388	-31	-11	-15	-11	-2	-1	0	83	4	-91	-42	99	14
7	-190	-56	61863384	-32	-12	-18	-11	-1	-1	0	82	3	-91	-42	99	14
7	-190	-56	61865376	-34	-12	-17	-10	-2	0	0	80	3	-91	-42	99	14
7	-190	-56	61867384	-37	-12	-21	-13	-2	-1	0	78	2	-91	-42	99	14
7	-190	-56	61869384	-37	-12	-18	-12	-2	-1	0	76	1	-91	-42	99	14
7	-190	-56	61871384	-40	-13	-20	-11	-2	-1	0	74	0	-91	-42	99	14
7	-190	-56	61873388	-43	-13	-23	-14	-2	-1	0	72	-1	-91	-42	99	14
7	-190	-56	61875372	-43	-14	-21	-12	-2	0	0	70	-1	-91	-42	99	14
7	-190	-56	61877384	-45	-14	-24	-14	-2	-1	0	68	-2	-91	-42	99	14
7	-190	-56	61879380	-47	-14	-23	-13	-3	-1	0	65	-3	-91	-42	99	14
7	-190	-56	61881388	-47	-15	-23	-14	-2	-1	0	63	-4	-91	-42	99	14
7	-190	-56	61883384	-50	-16	-27	-15	-3	-1	0	60	-5	-91	-42	99	14
7	-190	-56	61885384	-56	-16	-25	-14	-2	-1	0	58	-6	-91	-42	99	14
7	-190	-56	61887380	-52	-16	-29	-16	-3	-1	0	55	-7	-91	-42	99	14
7	-190	-56	61889384	-52	-16	-25	-14	-2	-1	0	53	-8	-91	-42	99	14
7	-190	-56	61891380	-55	-16	-28	-14	-3	-1	0	50	-9	-91	-42	99	14
7	-190	-56	61893376	-55	-16	-29	-16	-3	-1	0	47	-10	-91	-42	99	14
7	-190	-56	61895372	-56	-16	-27	-14	-3	-1	0	44	-11	-91	-42	99	14
7	-190	-56	61897372	-57	-16	-30	-17	-3	-2	0	41	-13	-91	-42	99	14
7	-190	-56	61899384	-58	-16	-27	-15	-3	-1	0	38	-14	-91	-42	99	14
7	-190	-56	61901396	-57	-16	-31	-15	-2	-1	0	36	-15	-91	-42	99	14
7	-190	-56	61903396	-59	-16	-29	-15	-3	-1	0	33	-16	-91	-42	99	14
7	-190	-56	61905388	-59	-17	-29	-15	-3	-1	0	30	-17	-91	-42	99	14
7	-190	-56	61907384	-60	-16	-33	-15	-3	-1	0	27	-18	-91	-42	99	14
7	-190	-56	61909384	-60	-16	-30	-15	-3	-1	0	24	-19	-91	-42	99	14
7	-190	-56	61911380	-61	-17	-30	-14	-3	-1	0	21	-20	-91	-42	99	14
7	-190	-56	61913384	-60	-16	-34	-16	-4	-1	0	17	-21	-91	-42	99	14
7	-190	-56	61915384	-60	-17	-29	-15	-3	-1	0	14	-22	-91	-42	99	14
7	-190	-56	61917380	-61	-16	-32	-15	-3	-1	0	11	-23	-91	-42	99	14
7	-190	-56	61919380	-60	-17	-30	-14	-3	-1	0	8	-24	-91	-42	99	14
7	-190	-56	61921372	-60	-17	-33	-16	-3	-1	0	5	-25	-91	-42	99	14
7	-190	-56	61923368	-60	-17	-30	-15	-3	-1	0	2	-26	-91	-42	99	14
7	-190	-56	61925364	-60	-16	-30	-14	-3	-1	0	-1	-27	-91	-42	99	14
7	-190	-56	61927364	-59	-17	-34	-16	-3	-1	0	-4	-28	-91	-42	99	14
7	-190	-56	61929364	-59	-16	-29	-14	-3	-1	0	-7	-29	-91	-42	99	14
7	-190	-56	61931364	-59	-15	-29	-15	-3	-1	0	-10	-30	-91	-42	99	14
7	-190	-56	61933364	-57	-16	-33	-15	-3	-1	0	-13	-31	-91	-42	99	14
7	-190	-56	61935360	-64	-17	-28	-14	-3	-1	0	-16	-32	-91	-42	99	14
7	-190	-56	61937364	-56	-16	-31	-15	-3	-1	0	-19	-33	-91	-42	99	14
7	-190	-56	61939360	-55	-15	-27	-13	-2	-1	0	-21	-34	-91	-42	99	14
7	-190	-56	61941352	-53	-15	-26	-13	-3	-1	0	-24	-35	-91	-42	99	14
7	-190	-56	61943360	-53	-14	-30	-15	-3	-1	0	-27	-36	-91	-42	99	14
7	-190	-56	61945364	-51	-13	-25	-13	-2	-1	0	-29	-37	-91	-42	99	14
7	-190	-56	61947360	-51	-15	-28	-14	-3	-1	0	-32	-38	-91	-42	99	14
7	-190	-56	61949356	-48	-13	-23	-11	-2	-1	0	-34	-39	-91	-42	99	14
7	-190	-56	61951356	-47	-13	-24	-13	-3	-1	0	-37	-40	-91	-42	99	14
7	-190	-56	61953348	-45	-12	-25	-13	-2	-1	0	-39	-41	-91	-42	99	14
7	-190	-56	61955344	-43	-12	-22	-10	-2	0	0	-41	-41	-91	-42	99	14
7	-190	-56	61957352	-40	-11	-23	-12	-2	-1	0	-43	-42	-91	-42	99	14
7	-190	-56	61959356	-38	-11	-19	-10	-2	-1	0	-45	-43	-91	-42	99	14
7	-190	-56	61961336	-36	-10	-18	-8	-2	0	0	-47	-43	-91	-42	99	14
7	-190	-56	61963348	-32	-9	-18	-10	-2	-1	0	-49	-44	-91	-42	99	14
7	-190	-56	61965348	-30	-9	-16	-8	-1	-1	0	-50	-45	-91	-42	99	14
7	-190	-56	61967332	-26	-8	-17	-8	-2	0	0	-52	-45	-91	-42	99	14
7	-190	-56	61969344	-25	-8	-13	-7	-1	-1	0	-53	-46	-91	-42	99	14
7	-190	-56	61971332	-22	-7	-13	-6	-1	0	0	-54	-46	-91	-42	99	14
7	-190	-56	61973340	-20	-8	-13	-8	-1	-1	0	-55	-47	-91	-42	99	14
7	-190	-56	61975336	-17	-5	-9	-5	-1	0	0	-56	-47	-91	-42	99	14
7	-190	-56	61977340	-15	-7	-10	-7	-1	0	0	-57	-47	-91	-42	99	14
7	-190	-56	61979360	-14	-6	-9	-6	-1	-1	0	-58	-48	-91	-42	99	14
7	-190	-56	61981328	-11	-4	-7	-5	0	0	0	-58	-48	-91	-42	99	14
7	-190	-56	61983344	-11	-6	-7	-5	-1	0	0	-59	-48	-91	-42	99	14
7	-190	-56	61985352	-9	-5	-6	-4	0	-1	0	-59	-49	-91	-42	99	14
7	-190	-56	61987344	-7	-3	-4	-4	-1	0	0	-60	-49	-91	-42	99	14
7	-190	-56	61989336	-6	-4	-4	-4	0	0	0	-60	-49	-91	-42	99	14
7	-190	-56	61991336	-5	-4	-5	-3	0	0	0	-60	-49	-91	-42	99	14
7	-190	-56	61993360	-5	-3	-2	-3	-1	-1	0	-61	-50	-91	-42	99	14
7	-190	-56	61995324	-5	-2	-2	-3	0	0	0	-61	-50	-91	-42	99	14
7	-190	-56	61997320	-3	-3	-3	-2	0	0	0	-61	-50	-91	-42	99	14
7	-190	-56	61999316	-4	-2	-2	-2	0	0	0	-61	-50	-91	-42	99	14
7	-190	-56	62001324	-3	-3	-3	-2	0	0	0	-61	-50	-91	-42	99	14
7	-190	-56	62003336	-4	-2	-3	-3	-1	0	0	-62	-50	-91	-42	99	14
7	-190	-56	62005328	-3	-2	-2	-1	0	-1	0	-62	-51	-91	-42	99	14
7	-190	-56	62007320	-3	-2	-1	-2	0	0	0	-62	-51	-91	-42	99	14
7	-190	-56	62009316	-3	-1	-2	-2	0	0	0	-62	-51	-91	-42	99	14
7	-190	-56	62011316	-4	-1	-3	-2	0	0	0	-62	-51	-91	-42	99	14
7	-190	-56	62013332	-3	-1	-2	0	-1	0	0	-63	-51	-91	-42	99	14
7	-190	-56	62015312	-3	-1	-3	-2	0	0	0	-63	-51	-91	-42	99	14
7	-190	-56	62017308	-3	-1	-2	0	0	0	0	-63	-51	-91	-42	99	14
7	-190	-56	62019312	-3	-1	-2	-1	0	0	0	-63	-51	-91	-42	99	14
7	-190	-56	62021312	-2	0	-1	-1	0	0	0	-63	-51	-91	-42	99	14
7	-190	-56	62023308	-3	-1	-1	-1	0	0	0	-63	-51	-91	-42	99	14
7	-190	-56	62025312	-3	0	-2	0	-1	0	0	-64	-51	-91	-42	99	14
7	-190	-56	62027296	-1	0	-3	0	0	0	0	-64	-51	-91	-42	99	14
7	-190	-56	62029300	-2	0	-2	0	0	0	0	-64	-51	-91	-42	99	14
7	-190	-56	62031300	-3	0	-3	0	0	0	0	-64	-51	-91	-42	99	14
7	-190	-56	62033300	-3	0	-3	0	0	0	0	-64	-51	-91	-42	99	14
7	-190	-56	62035300	-3	0	-2	0	0	0	0	-64	-51	-91	-42	99	14
7	-190	-56	62037316	-3	0	-4	0	-1	0	0	-65	-51	-91	-42	99	14
7	-190	-56	62039312	-2	0	-3	1	0	0	0	-65	-51	-91	-42	99	14
7	-190	-56	62041300	-3	2	-4	2	0	0	0	-65	-51	-91	-42	99	14
7	-190	-56	62043300	-2	1	-3	1	0	0	0	-65	-51	-91	-42	99	14
7	-190	-56	62045300	-3	2	-3	1	0	0	0	-65	-51	-91	-42	99	14
7	-190	-56	62047316	-2	1	-3	2	-1	0	0	-66	-51	-91	-42	99	14
7	-190	-56	62049296	-1	1	-3	1	0	0	0	-66	-51	-91	-42	99	14
7	-190	-56	62051296	-1	1	-2	2	0	0	0	-66	-51	-91	-42	99	14
7	-190	-56	62053292	-1	2	-2	1	0	0	0	-66	-51	-91	-42	99	14
7	-190	-56	62055292	-1	1	-1	2	0	0	0	-66	-51	-91	-42	99	14
7	-190	-56	62057280	0	2	0	1	0	0	0	-66	-51	-91	-42	99	14
7	-190	-56	62059292	0	1	-1	1	0	0	0	-66	-51	-91	-42	99	14
7	-190	-56	62061292	0	1	-2	1	0	0	0	-66	-51	-91	-42	99	14
7	-190	-56	62063292	-1	1	0	1	0	0	0	-66	-51	-91	-42	99	14
7	-190	-56	62065284	0	1	-1	2	0	0	0	-66	-51	-91	-42	99	14
7	-190	-56	62067272	0	1	0	1	0	0	0	-66	-51	-91	-42	99	14
7	-190	-56	62069280	-1	0	0	0	0	0	0	-66	-51	-91	-42	99	14
7	-190	-56	62071280	0	1	0	0	0	0	0	-66	-51	-91	-42	99	14
7	-190	-56	62073284	0	0	0	1	0	0	1	-66	-51	-91	-42	99	14
8	-190	-56	62075276	-1	0	0	0	0	0	1	-91	-42	-91	-42	99	14
8	-190	-56	62077276	0	1	0	0	0	0	1	-91	-42	-91	-42	99	14
8	167	107	62081272	-1	0	0	0	0	0	1	-91	-42	76	65	-91	-42
8	167	107	62087276	-1	0	0	0	0	0	1	-91	-42	76	65	-91	-42
8	167	107	62095280	-1	0	0	0	0	0	1	-91	-42	76	65	-91	-42
8	167	107	62105276	-1	0	0	0	0	0	1	-91	-42	76	65	-91	-42
8	167	107	62139292	1	0	0	0	0	0	1	-91	-42	76	65	-91	-42
8	167	107	62143284	1	0	0	0	0	0	1	-91	-42	76	65	-91	-42
8	167	107	62149292	1	0	0	0	0	0	1	-91	-42	76	65	-91	-42
8	167	107	62155308	1	0	0	0	0	0	1	-91	-42	76	65	-91	-42
8	167	107	62157308	1	0	0	0	0	0	1	-91	-42	76	65	-91	-42
8	167	107	62159324	2	1	0	0	0	0	1	-91	-42	76	65	-91	-42
8	167	107	62161316	4	0	0	1	0	0	1	-91	-42	76	65	-91	-42
8	167	107	62163312	8	2	0	2	0	0	1	-91	-42	76	65	-91	-42
8	167	107	62165332	10	3	-1	2	0	1	0	-91	-41	76	65	-91	-42
8	167	107	62167316	13	4	-1	3	0	0	0	-91	-41	76	65	-91	-42
8	167	107	62169320	14	4	0	4	1	0	0	-90	-41	76	65	-91	-42
8	167	107	62171300	17	4	0	3	0	0	0	-90	-41	76	65	-91	-42
8	167	107	62173320	19	5	0	5	1	1	0	-89	-40	76	65	-91	-42
8	167	107	62175324	22	6	2	5	1	0	0	-88	-40	76	65	-91	-42
8	167	107	62177316	23	5	4	5	0	0	0	-88	-40	76	65	-91	-42
8	167	107	62179340	23	7	4	6	1	1	0	-87	-39	76	65	-91	-42
8	167	107	62181320	25	6	9	7	1	0	0	-86	-39	76	65	-91	-42
8	167	107	62183336	26	8	7	6	2	1	0	-84	-38	76	65	-91	-42
8	167	107	62185316	26	7	11	8	1	0	0	-83	-38	76	65	-91	-42
8	167	107	62187324	29	8	11	7	1	1	0	-82	-37	76	65	-91	-42
8	167	107	62189316	29	8	12	9	1	0	0	-81	-37	76	65	-91	-42
8	167	107	62191332	31	10	14	9	2	1	0	-79	-36	76	65	-91	-42
8	167	107	62193332	33	10	13	9	2	1	0	-77	-35	76	65	-91	-42
8	167	107	62195320	34	10	17	12	1	0	0	-76	-35	76	65	-91	-42
8	167	107	62197340	35	13	15	10	2	1	0	-74	-34	76	65	-91	-42
8	167	107	62199344	37	12	16	11	2	1	0	-72	-33	76	65	-91	-42
8	167	107	62201352	38	14	19	13	2	1	0	-70	-32	76	65	-91	-42
8	167	107	62203348	41	14	17	13	1	1	0	-69	-31	76	65	-91	-42
8	167	107	62205348	41	15	21	15	3	1	0	-66	-30	76	65	-91	-42
8	167	107	62207348	42	16	20	14	2	1	0	-64	-29	76	65	-91	-42
8	167	107	62209344	44	16	19	15	2	1	0	-62	-28	76	65	-91	-42
8	167	107	62211340	46	17	23	17	2	1	0	-60	-27	76	65	-91	-42
8	167	107	62213344	48	17	22	16	2	1	0	-58	-26	76	65	-91	-42
8	167	107	62215340	49	18	25	20	3	1	0	-55	-25	76	65	-91	-42
8	167	107	62217344	56	23	22	17	2	1	0	-53	-24	76	65	-91	-42
8	167	107	62219336	52	18	24	19	3	2	0	-50	-22	76	65	-91	-42
8	167	107	62221336	52	21	26	21	3	1	0	-47	-21	76	65	-91	-42
8	167	107	62223332	54	21	25	19	2	1	0	-45	-20	76	65	-91	-42
8	167	107	62225336	55	22	29	22	3	2	0	-42	-18	76	65	-91	-42
8	167	107	62227340	55	23	26	21	3	1	0	-39	-17	76	65	-91	-42
8	167	107	62229336	56	22	27	21	2	2	0	-37	-15	76	65	-91	-42
8	167	107	62231340	57	24	30	23	3	1	0	-34	-14	76	65	-91	-42
8	167	107	62233336	57	24	27	22	3	2	0	-31	-12	76	65	-91	-42
8	167	107	62235332	58	24	32	25	3	2	0	-28	-10	76	65	-91	-42
8	167	107	62237332	57	25	28	22	3	1	0	-25	-9	76	65	-91	-42
8	167	107	62239336	57	25	29	24	3	2	0	-22	-7	76	65	-91	-42
8	167	107	62241344	57	26	33	27	3	1	0	-19	-6	76	65	-91	-42
8	167	107	62243344	57	26	29	24	3	2	0	-16	-4	76	65	-91	-42
8	167	107	62245344	55	27	33	28	3	2	0	-13	-2	76	65	-91	-42
8	167	107	62247352	55	27	30	24	2	2	0	-11	0	76	65	-91	-42
8	167	107	62249344	54	26	33	27	3	1	0	-8	1	76	65	-91	-42
8	167	107	62251348	51	27	29	25	3	2	0	-5	3	76	65	-91	-42
8	167	107	62253348	52	28	28	25	3	2	0	-2	5	76	65	-91	-42
8	167	107	62255352	50	27	33	28	2	2	0	0	7	76	65	-91	-42
8	167	107	62257352	47	26	28	24	3	1	0	3	8	76	65	-91	-42
8	167	107	62259348	48	28	31	29	3	2	0	6	10	76	65	-91	-42
8	167	107	62261344	51	31	27	25	2	2	0	8	12	76	65	-91	-42
8	167	107	62263348	44	28	27	25	3	2	0	11	14	76	65	-91	-42
8	167	107	62265352	43	28	29	28	2	2	0	13	16	76	65	-91	-42
8	167	107	62267356	41	28	25	27	2	2	0	15	18	76	65	-91	-42
8	167	107	62269352	41	27	28	29	2	2	0	17	20	76	65	-91	-42
8	167	107	62271360	39	27	24	26	3	1	0	20	21	76	65	-91	-42
8	167	107	62273360	38	28	24	25	2	2	0	22	23	76	65	-91	-42
8	167	107	62275368	38	28	27	29	2	2	0	24	25	76	65	-91	-42
8	167	107	62277368	36	27	22	26	2	2	0	26	27	76	65	-91	-42
8	167	107	62279360	36	29	25	29	2	2	0	28	29	76	65	-91	-42
8	167	107	62281364	36	27	21	25	2	1	0	30	30	76	65	-91	-42
8	167	107	62283368	34	27	21	26	2	2	0	32	32	76	65	-91	-42
8	167	107	62285372	35	27	23	28	1	2	0	33	34	76	65	-91	-42
8	167	107	62287376	34	27	21	26	2	2	0	35	36	76	65	-91	-42
8	167	107	62289376	34	27	22	27	2	2	0	37	38	76	65	-91	-42
8	167	107	62291380	33	26	19	24	2	1	0	39	39	76	65	-91	-42
8	167	107	62293380	32	25	22	27	2	2	0	41	41	76	65	-91	-42
8	167	107	62295372	32	25	17	23	1	2	0	42	43	76	65	-91	-42
8	167	107	62297376	30	24	18	22	2	1	0	44	44	76	65	-91	-42
8	167	107	62299372	29	23	19	25	2	2	0	46	46	76	65	-91	-42
8	167	107	62301364	28	24	17	21	1	1	0	47	47	76	65	-91	-42
8	167	107	62303356	28	22	16	21	1	2	0	48	49	76	65	-91	-42
8	167	107	62305360	30	24	18	23	2	1	0	50	50	76	65	-91	-42
8	167	107	62307364	27	21	15	20	1	2	0	51	52	76	65	-91	-42
8	167	107	62309360	24	21	16	23	2	1	0	53	53	76	65	-91	-42
8	167	107	62311364	25	20	14	18	1	1	0	54	54	76	65	-91	-42
8	167	107	62313368	24	20	16	21	1	2	0	55	56	76	65	-91	-42
8	167	107	62315372	22	19	12	19	2	1	0	57	57	76	65	-91	-42
8	167	107	62317372	23	18	13	17	1	1	0	58	58	76	65	-91	-42
8	167	107	62319368	20	18	13	18	1	1	0	59	59	76	65	-91	-42
8	167	107	62321372	21	17	11	15	1	1	0	60	60	76	65	-91	-42
8	167	107	62323376	19	17	13	18	1	2	0	61	62	76	65	-91	-42
8	167	107	62325376	19	17	11	15	1	1	0	62	63	76	65	-91	-42
8	167	107	62327384	17	15	10	15	1	1	0	63	64	76	65	-91	-42
8	167	107	62329380	18	16	12	16	1	1	0	64	65	76	65	-91	-42
8	167	107	62331376	17	14	10	13	1	1	0	65	66	76	65	-91	-42
8	167	107	62333376	17	14	11	15	1	1	0	66	67	76	65	-91	-42
8	167	107	62335360	16	14	9	12	1	0	0	67	67	76	65	-91	-42
8	167	107	62337360	15	13	10	13	0	1	0	67	68	76	65	-91	-42
8	167	107	62339372	15	13	10	13	1	1	0	68	69	76	65	-91	-42
8	167	107	62341372	15	13	8	11	1	1	0	69	70	76	65	-91	-42
8	167	107	62343368	15	11	9	12	1	1	0	70	71	76	65	-91	-42
8	167	107	62345356	15	12	8	11	1	0	0	71	71	76	65	-91	-42
8	167	107	62347356	14	11	9	11	0	1	0	71	72	76	65	-91	-42
8	167	107	62349360	14	13	8	12	1	1	0	72	73	76	65	-91	-42
8	167	107	62351356	16	12	8	10	1	1	0	73	74	76	65	-91	-42
8	167	107	62353360	15	11	8	12	1	1	0	74	75	76	65	-91	-42
8	167	107	62355336	14	9	7	10	0	0	0	74	75	76	65	-91	-42
8	167	107	62357360	15	11	8	9	1	1	0	75	76	76	65	-91	-42
8	167	107	62359344	14	9	8	9	1	0	0	76	76	76	65	-91	-42
8	167	107	62361356	14	9	8	9	1	1	0	77	77	76	65	-91	-42
8	167	107	62363348	14	9	7	8	0	1	0	77	78	76	65	-91	-42
8	167	107	62365344	13	8	7	8	1	0	0	78	78	76	65	-91	-42
8	167	107	62367360	12	7	7	6	1	1	0	79	79	76	65	-91	-42
8	167	107	62369336	13	7	7	7	0	0	0	79	79	76	65	-91	-42
8	167	107	62371348	11	6	6	6	1	0	0	80	79	76	65	-91	-42
8	167	107	62373348	11	5	5	4	0	1	0	80	80	76	65	-91	-42
8	167	107	62375348	9	3	5	4	1	0	0	81	80	76	65	-91	-42
8	167	107	62377332	7	4	4	3	0	0	0	81	80	76	65	-91	-42
8	167	107	62379328	6	3	3	3	0	0	0	81	80	76	65	-91	-42
8	167	107	62381348	3	1	2	1	1	0	0	82	80	76	65	-91	-42
8	167	107	62383348	2	1	1	1	0	1	0	82	81	76	65	-91	-42
8	167	107	62385320	1	0	1	0	0	0	0	82	81	76	65	-91	-42
8	167	107	62401320	0	0	1	0	0	0	0	82	81	76	65	-91	-42
8	167	107	62423348	-1	0	0	0	0	0	0	82	81	76	65	-91	-42
8	167	107	62427312	0	0	0	-1	0	0	0	82	81	76	65	-91	-42
8	167	107	62429308	-1	0	0	0	0	0	0	82	81	76	65	-91	-42
8	167	107	62435324	0	0	0	-1	0	0	0	82	81	76	65	-91	-42
8	167	107	62437324	-1	0	0	0	0	0	0	82	81	76	65	-91	-42
8	167	107	62439320	0	0	0	-1	0	0	0	82	81	76	65	-91	-42
8	167	107	62441316	0	0	1	0	0	0	0	82	81	76	65	-91	-42
8	167	107	62445324	0	0	0	-1	0	0	0	82	81	76	65	-91	-42
8	167	107	62449324	0	-1	0	0	0	0	1	82	81	76	65	-91	-42
9	167	107	62451324	-1	0	0	0	0	0	1	76	65	76	65	-91	-42
9	167	107	62453332	-1	-1	0	0	0	0	1	76	65	76	65	-91	-42
9	-130	-149	62455324	-1	0	0	0	0	0	1	76	65	-54	-84	76	65
9	-130	-149	62457340	-1	-1	0	0	0	0	1	76	65	-54	-84	76	65
9	-130	-149	62459336	0	-1	0	-1	0	0	1	76	65	-54	-84	76	65
9	-130	-149	62461328	0	0	1	0	0	0	1	76	65	-54	-84	76	65
9	-130	-149	62465332	-1	0	0	0	0	0	1	76	65	-54	-84	76	65
9	-130	-149	62467332	0	0	0	-1	0	0	1	76	65	-54	-84	76	65
9	-130	-149	62471332	0	-1	0	0	0	0	1	76	65	-54	-84	76	65
9	-130	-149	62473324	0	0	1	0	0	0	1	76	65	-54	-84	76	65
9	-130	-149	62475332	0	0	0	-1	0	0	1	76	65	-54	-84	76	65
9	-130	-149	62479344	-1	-1	0	0	0	0	1	76	65	-54	-84	76	65
9	-130	-149	62483340	0	0	0	-1	0	0	1	76	65	-54	-84	76	65
9	-130	-149	62485344	0	-1	0	0	0	0	1	76	65	-54	-84	76	65
9	-130	-149	62487340	0	0	0	-1	0	0	1	76	65	-54	-84	76	65
9	-130	-149	62489336	0	-1	0	0	0	0	1	76	65	-54	-84	76	65
9	-130	-149	62491340	0	-1	0	-1	0	0	1	76	65	-54	-84	76	65
9	-130	-149	62493344	-1	-1	0	-1	0	0	1	76	65	-54	-84	76	65
9	-130	-149	62495344	0	0	1	-2	0	0	1	76	65	-54	-84	76	65
9	-130	-149	62497348	-2	-3	0	-2	0	0	1	76	65	-54	-84	76	65
9	-130	-149	62499356	-2	-4	0	-3	0	-1	1	76	64	-54	-84	76	65
9	-130	-149	62501352	-2	-5	0	-4	0	0	1	76	64	-54	-84	76	65
9	-130	-149	62503344	-3	-4	0	-6	0	0	1	76	64	-54	-84	76	65
9	-130	-149	62505368	-4	-7	-1	-6	0	-1	1	76	63	-54	-84	76	65
9	-130	-149	62507348	-5	-7	-3	-8	0	0	1	76	63	-54	-84	76	65
9	-130	-149	62509356	-5	-9	-4	-8	0	-1	1	76	62	-54	-84	76	65
9	-130	-149	62511364	-5	-9	-3	-9	-1	0	1	75	62	-54	-84	76	65
9	-130	-149	62513356	-6	-10	-5	-10	0	-1	1	75	61	-54	-84	76	65
9	-130	-149	62515360	-6	-10	-6	-10	0	-1	1	75	60	-54	-84	76	65
9	-130	-149	62517372	-8	-12	-7	-12	-1	-1	1	74	59	-54	-84	76	65
9	-130	-149	62519344	-8	-12	-9	-13	0	0	1	74	59	-54	-84	76	65
9	-130	-149	62521372	-9	-14	-8	-12	-1	-1	1	73	58	-54	-84	76	65
9	-130	-149	62523372	-9	-14	-10	-15	-1	-1	1	72	57	-54	-84	76	65
9	-130	-149	62525352	-9	-15	-11	-13	0	-1	1	72	56	-54	-84	76	65
9	-130	-149	62527364	-11	-14	-10	-16	-1	-1	1	71	55	-54	-84	76	65
9	-130	-149	62529356	-11	-15	-9	-13	-1	-1	0	70	54	-54	-84	76	65
9	-130	-149	62531344	-12	-15	-11	-14	0	-1	0	70	53	-54	-84	76	65
9	-130	-149	62533356	-15	-17	-12	-17	-1	-1	0	69	52	-54	-84	76	65
9	-130	-149	62535356	-14	-15	-10	-14	-1	-1	0	68	51	-54	-84	76	65
9	-130	-149	62537352	-13	-16	-12	-17	-1	-1	0	67	50	-54	-84	76	65
9	-130	-149	62539360	-14	-17	-12	-16	-1	-1	0	66	49	-54	-84	76	65
9	-130	-149	62541360	-15	-17	-11	-16	-1	-1	0	65	48	-54	-84	76	65
9	-130	-149	62543356	-15	-17	-13	-18	-1	-2	0	64	46	-54	-84	76	65
9	-130	-149	62545352	-15	-17	-12	-16	-1	-1	0	63	45	-54	-84	76	65
9	-130	-149	62547356	-15	-18	-13	-19	-1	-1	0	62	44	-54	-84	76	65
9	-130	-149	62549340	-15	-17	-12	-17	0	-1	0	62	43	-54	-84	76	65
9	-130	-149	62551352	-16	-19	-13	-18	-1	-1	0	61	42	-54	-84	76	65
9	-130	-149	62553356	-16	-18	-14	-20	-1	-2	0	60	40	-54	-84	76	65
9	-130	-149	62555356	-17	-19	-13	-16	-1	-1	0	59	39	-54	-84	76	65
9	-130	-149	62557348	-18	-19	-14	-21	-1	-1	0	58	38	-54	-84	76	65
9	-130	-149	62559344	-18	-19	-13	-18	-1	-1	0	57	37	-54	-84	76	65
9	-130	-149	62561352	-19	-21	-12	-19	-2	-2	0	55	35	-54	-84	76	65
9	-130	-149	62563356	-18	-20	-15	-21	-1	-1	0	54	34	-54	-84	76	65
9	-130	-149	62565356	-20	-20	-14	-20	-1	-1	0	53	33	-54	-84	76	65
9	-130	-149	62567352	-21	-22	-15	-22	-1	-2	0	52	31	-54	-84	76	65
9	-130	-149	62569356	-22	-21	-15	-21	-1	-1	0	51	30	-54	-84	76	65
9	-130	-149	62571356	-24	-23	-17	-22	-2	-2	0	49	28	-54	-84	76	65
9	-130	-149	62573360	-25	-23	-15	-23	-1	-1	0	48	27	-54	-84	76	65
9	-130	-149	62575356	-27	-24	-16	-22	-1	-2	0	47	25	-54	-84	76	65
9	-130	-149	62577352	-28	-24	-19	-27	-2	-1	0	45	24	-54	-84	76	65
9	-130	-149	62579348	-36	-29	-18	-24	-2	-2	0	43	22	-54	-84	76	65
9	-130	-149	62581356	-35	-26	-20	-28	-2	-2	0	41	20	-54	-84	76	65
9	-130	-149	62583368	-36	-28	-19	-26	-1	-2	0	40	18	-54	-84	76	65
9	-130	-149	62585372	-40	-29	-21	-26	-2	-2	0	38	16	-54	-84	76	65
9	-130	-149	62587372	-43	-29	-23	-31	-3	-2	0	35	14	-54	-84	76	65
9	-130	-149	62589368	-45	-31	-23	-28	-2	-2	0	33	12	-54	-84	76	65
9	-130	-149	62591368	-47	-30	-26	-31	-2	-2	0	31	10	-54	-84	76	65
9	-130	-149	62593360	-52	-31	-24	-29	-3	-2	0	28	8	-54	-84	76	65
9	-130	-149	62595360	-53	-31	-26	-30	-2	-2	0	26	6	-54	-84	76	65
9	-130	-149	62597356	-56	-32	-29	-33	-3	-2	0	23	4	-54	-84	76	65
9	-130	-149	62599348	-58	-32	-27	-30	-3	-2	0	20	2	-54	-84	76	65
9	-130	-149	62601348	-61	-32	-32	-32	-3	-2	0	17	0	-54	-84	76	65
9	-130	-149	62603344	-62	-32	-29	-30	-3	-2	0	14	-2	-54	-84	76	65
9	-130	-149	62605340	-63	-32	-29	-30	-3	-2	0	11	-4	-54	-84	76	65
9	-130	-149	62607336	-64	-31	-34	-31	-4	-2	0	7	-6	-54	-84	76	65
9	-130	-149	62609344	-64	-31	-31	-29	-3	-2	0	4	-8	-54	-84	76	65
9	-130	-149	62611340	-63	-31	-35	-30	-3	-2	0	1	-10	-54	-84	76	65
9	-130	-149	62613336	-63	-29	-31	-27	-3	-2	0	-2	-12	-54	-84	76	65
9	-130	-149	62615332	-61	-28	-31	-25	-3	-2	0	-5	-14	-54	-84	76	65
9	-130	-149	62617336	-61	-27	-35	-27	-3	-2	0	-8	-16	-54	-84	76	65
9	-130	-149	62619332	-58	-27	-30	-25	-3	-1	0	-11	-17	-54	-84	76	65
9	-130	-149	62621328	-57	-25	-32	-26	-3	-2	0	-14	-19	-54	-84	76	65
9	-130	-149	62623336	-53	-26	-30	-22	-3	-2	0	-17	-21	-54	-84	76	65
9	-130	-149	62625340	-52	-25	-27	-23	-3	-1	0	-20	-22	-54	-84	76	65
9	-130	-149	62627340	-55	-27	-30	-24	-3	-2	0	-23	-24	-54	-84	76	65
9	-130	-149	62629340	-46	-25	-25	-22	-2	-2	0	-25	-26	-54	-84	76	65
9	-130	-149	62631336	-44	-23	-28	-24	-2	-1	0	-27	-27	-54	-84	76	65
9	-130	-149	62633344	-42	-23	-24	-23	-3	-2	0	-30	-29	-54	-84	76	65
9	-130	-149	62635344	-41	-23	-22	-21	-2	-1	0	-32	-30	-54	-84	76	65
9	-130	-149	62637340	-38	-23	-25	-25	-2	-2	0	-34	-32	-54	-84	76	65
9	-130	-149	62639340	-37	-23	-21	-21	-2	-1	0	-36	-33	-54	-84	76	65
9	-130	-149	62641328	-36	-23	-23	-25	-2	-2	0	-38	-35	-54	-84	76	65
9	-130	-149	62643328	-34	-24	-20	-21	-1	-1	0	-39	-36	-54	-84	76	65
9	-130	-149	62645324	-34	-23	-19	-22	-2	-2	0	-41	-38	-54	-84	76	65
9	-130	-149	62647324	-31	-24	-21	-24	-2	-1	0	-43	-39	-54	-84	76	65
9	-130	-149	62649320	-32	-23	-17	-23	-2	-2	0	-45	-41	-54	-84	76	65
9	-130	-149	62651316	-32	-24	-19	-24	-1	-2	0	-46	-43	-54	-84	76	65
9	-130	-149	62653316	-30	-24	-17	-21	-2	-1	0	-48	-44	-54	-84	76	65
9	-130	-149	62655312	-30	-22	-17	-23	-1	-2	0	-49	-46	-54	-84	76	65
9	-130	-149	62657320	-29	-25	-19	-25	-2	-1	0	-51	-47	-54	-84	76	65
9	-130	-149	62659316	-29	-24	-16	-23	-1	-2	0	-52	-49	-54	-84	76	65
9	-130	-149	62661316	-28	-24	-18	-25	-2	-1	0	-54	-50	-54	-84	76	65
9	-130	-149	62663316	-30	-24	-16	-23	-2	-2	0	-56	-52	-54	-84	76	65
9	-130	-149	62665316	-29	-23	-16	-22	-1	-2	0	-57	-54	-54	-84	76	65
9	-130	-149	62667324	-29	-24	-17	-25	-2	-1	0	-59	-55	-54	-84	76	65
9	-130	-149	62669324	-27	-23	-15	-23	-1	-2	0	-60	-57	-54	-84	76	65
9	-130	-149	62671324	-27	-23	-16	-24	-1	-1	0	-61	-58	-54	-84	76	65
9	-130	-149	62673316	-26	-22	-13	-21	-2	-2	0	-63	-60	-54	-84	76	65
9	-130	-149	62675316	-26	-23	-13	-21	-1	-1	0	-64	-61	-54	-84	76	65
9	-130	-149	62677312	-27	-23	-14	-21	-1	-2	0	-65	-63	-54	-84	76	65
9	-130	-149	62679316	-22	-20	-12	-19	-2	-1	0	-67	-64	-54	-84	76	65
9	-130	-149	62681312	-23	-20	-14	-20	-1	-1	0	-68	-65	-54	-84	76	65
9	-130	-149	62683304	-20	-18	-11	-17	-1	-1	0	-69	-66	-54	-84	76	65
9	-130	-149	62685304	-20	-18	-10	-17	-1	-2	0	-70	-68	-54	-84	76	65
9	-130	-149	62687300	-20	-18	-11	-19	-1	-1	0	-71	-69	-54	-84	76	65
9	-130	-149	62689308	-18	-16	-11	-15	-1	-1	0	-72	-70	-54	-84	76	65
9	-130	-149	62691308	-17	-17	-10	-17	-1	-1	0	-73	-71	-54	-84	76	65
9	-130	-149	62693308	-17	-15	-9	-15	-1	-1	0	-74	-72	-54	-84	76	65
9	-130	-149	62695292	-16	-15	-9	-14	0	-1	0	-74	-73	-54	-84	76	65
9	-130	-149	62697300	-16	-14	-10	-17	-1	-1	0	-75	-74	-54	-84	76	65
9	-130	-149	62699296	-15	-15	-10	-14	-1	-1	0	-76	-75	-54	-84	76	65
9	-130	-149	62701296	-15	-14	-9	-15	-1	-1	0	-77	-76	-54	-84	76	65
9	-130	-149	62703292	-15	-15	-8	-14	-1	-1	0	-78	-77	-54	-84	76	65
9	-130	-149	62705280	-14	-14	-9	-13	0	-1	0	-78	-78	-54	-84	76	65
9	-130	-149	62707300	-14	-14	-8	-15	-1	-1	0	-79	-79	-54	-84	76	65
9	-130	-149	62709296	-14	-13	-8	-12	-1	-1	0	-80	-80	-54	-84	76	65
9	-130	-149	62711292	-14	-13	-9	-14	-1	0	0	-81	-80	-54	-84	76	65
9	-130	-149	62713284	-13	-13	-7	-12	0	-1	0	-81	-81	-54	-84	76	65
9	-130	-149	62715292	-12	-11	-7	-11	-1	-1	0	-82	-82	-54	-84	76	65
9	-130	-149	62717288	-11	-11	-8	-13	-1	-1	0	-83	-83	-54	-84	76	65
9	-130	-149	62719276	-11	-11	-6	-9	0	-1	0	-83	-84	-54	-84	76	65
9	-130	-149	62721276	-10	-11	-8	-12	-1	0	0	-84	-84	-54	-84	76	65
9	-130	-149	62723268	-9	-9	-5	-9	0	-1	0	-84	-85	-54	-84	76	65
9	-130	-149	62725272	-8	-8	-5	-7	-1	0	0	-85	-85	-54	-84	76	65
9	-130	-149	62727268	-6	-9	-6	-9	0	-1	0	-85	-86	-54	-84	76	65
9	-130	-149	62729256	-6	-8	-4	-6	0	0	0	-85	-86	-54	-84	76	65
9	-130	-149	62731284	-3	-6	-5	-7	-1	-1	0	-86	-87	-54	-84	76	65
9	-130	-149	62733244	-3	-6	-3	-6	0	0	0	-86	-87	-54	-84	76	65
9	-130	-149	62735252	-3	-4	-3	-3	0	-1	0	-86	-88	-54	-84	76	65
9	-130	-149	62737240	-2	-4	-2	-5	0	0	0	-86	-88	-54	-84	76	65
9	-130	-149	62739240	-1	-3	-2	-4	0	0	0	-86	-88	-54	-84	76	65
9	-130	-149	62741240	-1	-2	-1	-3	0	0	0	-86	-88	-54	-84	76	65
9	-130	-149	62743244	-1	-2	-1	-1	0	0	0	-86	-88	-54	-84	76	65
9	-130	-149	62745232	0	-1	-1	-2	0	0	0	-86	-88	-54	-84	76	65
9	-130	-149	62747236	0	-1	-1	-1	0	0	0	-86	-88	-54	-84	76	65
9	-130	-149	62749264	-1	-2	0	-1	-1	-1	0	-87	-89	-54	-84	76	65
9	-130	-149	62751228	0	-1	-1	-1	0	0	0	-87	-89	-54	-84	76	65
9	-130	-149	62753224	0	-1	0	-1	0	0	0	-87	-89	-54	-84	76	65
9	-130	-149	62755224	0	-1	-1	-1	0	0	0	-87	-89	-54	-84	76	65
9	-130	-149	62757232	-1	-1	0	0	0	0	0	-87	-89	-54	-84	76	65
9	-130	-149	62761236	-1	-1	0	-1	0	0	0	-87	-89	-54	-84	76	65
9	-130	-149	62777220	-1	0	0	0	0	0	0	-87	-89	-54	-84	76	65
9	-130	-149	62783216	0	0	-1	0	0	0	0	-87	-89	-54	-84	76	65
9	-130	-149	62813228	-1	0	0	0	0	0	1	-87	-89	-54	-84	76	65
10	-130	-149	62819232	-1	0	0	0	0	0	1	-54	-84	-54	-84	76	65
10	-130	-149	62825228	0	1	0	0	0	0	1	-54	-84	-54	-84	76	65
10	82	180	62843232	-1	0	0	0	0	0	1	-54	-84	28	96	-54	-84
10	82	180	62863240	0	0	0	1	0	0	1	-54	-84	28	96	-54	-84
10	82	180	62867236	1	0	0	0	0	0	1	-54	-84	28	96	-54	-84
10	82	180	62873244	1	0	0	1	0	0	1	-54	-84	28	96	-54	-84
10	82	180	62877244	0	1	0	0	0	0	1	-54	-84	28	96	-54	-84
10	82	180	62879240	1	0	0	0	0	0	1	-54	-84	28	96	-54	-84
10	82	180	62883236	0	1	0	1	0	0	1	-54	-84	28	96	-54	-84
10	82	180	62885248	1	1	0	0	0	0	1	-54	-84	28	96	-54	-84
10	82	180	62887240	1	0	0	0	0	0	1	-54	-84	28	96	-54	-84
10	82	180	62889236	0	1	0	1	0	0	0	-54	-84	28	96	-54	-84
10	82	180	62891248	1	2	0	1	0	0	0	-54	-84	28	96	-54	-84
10	82	180	62893244	2	2	0	2	0	0	0	-54	-84	28	96	-54	-84
10	82	180	62895244	1	2	0	3	0	0	0	-54	-84	28	96	-54	-84
10	82	180	62897236	3	5	0	6	0	0	0	-54	-84	28	96	-54	-84
10	82	180	62899256	3	7	1	7	0	1	0	-54	-83	28	96	-54	-84
10	82	180	62901240	4	8	1	9	0	0	0	-54	-83	28	96	-54	-84
10	82	180	62903252	6	10	2	9	0	1	0	-54	-82	28	96	-54	-84
10	82	180	62905248	6	13	2	14	0	1	0	-54	-81	28	96	-54	-84
10	82	180	62907260	7	14	3	13	1	1	0	-53	-80	28	96	-54	-84
10	82	180	62909244	8	16	3	15	0	1	0	-53	-79	28	96	-54	-84
10	82	180	62911256	10	19	6	18	1	1	0	-52	-78	28	96	-54	-84
10	82	180	62913240	9	19	6	18	0	1	0	-52	-77	28	96	-54	-84
10	82	180	62915248	11	20	6	23	1	2	0	-51	-75	28	96	-54	-84
10	82	180	62917236	10	21	8	20	0	1	0	-51	-74	28	96	-54	-84
10	82	180	62919252	11	24	7	22	1	2	0	-50	-72	28	96	-54	-84
10	82	180	62921256	12	23	10	26	1	1	0	-49	-71	28	96	-54	-84
10	82	180	62923248	12	26	10	24	0	2	0	-49	-69	28	96	-54	-84
10	82	180	62925260	12	27	12	29	1	2	0	-48	-67	28	96	-54	-84
10	82	180	62927264	12	27	11	27	1	1	0	-47	-66	28	96	-54	-84
10	82	180	62929264	12	28	12	27	1	2	0	-46	-64	28	96	-54	-84
10	82	180	62931268	13	28	14	31	1	2	0	-45	-62	28	96	-54	-84
10	82	180	62933272	13	30	13	28	1	2	0	-44	-60	28	96	-54	-84
10	82	180	62935268	15	30	15	33	1	2	0	-43	-58	28	96	-54	-84
10	82	180	62937252	15	31	14	29	0	2	0	-43	-56	28	96	-54	-84
10	82	180	62939268	15	32	13	30	1	2	0	-42	-54	28	96	-54	-84
10	82	180	62941272	15	31	16	34	1	3	0	-41	-51	28	96	-54	-84
10	82	180	62943276	15	33	15	31	1	2	0	-40	-49	28	96	-54	-84
10	82	180	62945276	16	31	16	34	2	2	0	-38	-47	28	96	-54	-84
10	82	180	62947272	17	34	15	32	1	2	0	-37	-45	28	96	-54	-84
10	82	180	62949276	17	34	15	32	1	2	0	-36	-43	28	96	-54	-84
10	82	180	62951268	18	33	18	37	1	3	0	-35	-40	28	96	-54	-84
10	82	180	62953272	19	38	15	31	1	2	0	-34	-38	28	96	-54	-84
10	82	180	62955264	18	35	19	37	1	2	0	-33	-36	28	96	-54	-84
10	82	180	62957260	18	34	16	33	1	3	0	-32	-33	28	96	-54	-84
10	82	180	62959264	18	34	17	34	2	2	0	-30	-31	28	96	-54	-84
10	82	180	62961264	18	36	19	37	1	2	0	-29	-29	28	96	-54	-84
10	82	180	62963268	18	35	17	33	1	2	0	-28	-27	28	96	-54	-84
10	82	180	62965260	18	35	18	38	1	3	0	-27	-24	28	96	-54	-84
10	82	180	62967260	18	36	18	34	1	2	0	-26	-22	28	96	-54	-84
10	82	180	62969260	20	36	17	35	2	3	0	-24	-19	28	96	-54	-84
10	82	180	62971268	19	37	20	39	1	2	0	-23	-17	28	96	-54	-84
10	82	180	62973268	19	37	18	35	1	3	0	-22	-14	28	96	-54	-84
10	82	180	62975272	20	37	19	39	1	2	0	-21	-12	28	96	-54	-84
10	82	180	62977272	20	37	17	34	2	2	0	-19	-10	28	96	-54	-84
10	82	180	62979272	19	36	20	39	1	3	0	-18	-7	28	96	-54	-84
10	82	180	62981272	20	36	18	35	1	2	0	-17	-5	28	96	-54	-84
10	82	180	62983276	20	36	17	35	1	3	0	-16	-2	28	96	-54	-84
10	82	180	62985276	20	38	20	39	2	2	0	-14	0	28	96	-54	-84
10	82	180	62987280	18	37	17	35	1	3	0	-13	3	28	96	-54	-84
10	82	180	62989280	20	37	21	38	1	2	0	-12	5	28	96	-54	-84
10	82	180	62991284	19	37	17	35	1	3	0	-11	8	28	96	-54	-84
10	82	180	62993284	18	36	17	34	2	2	0	-9	10	28	96	-54	-84
10	82	180	62995276	19	37	19	37	1	2	0	-8	12	28	96	-54	-84
10	82	180	62997268	21	40	18	34	1	3	0	-7	15	28	96	-54	-84
10	82	180	62999272	18	36	19	37	1	2	0	-6	17	28	96	-54	-84
10	82	180	63001268	17	34	17	32	2	2	0	-4	19	28	96	-54	-84
10	82	180	63003260	17	34	16	33	1	3	0	-3	22	28	96	-54	-84
10	82	180	63005268	18	33	18	35	1	2	0	-2	24	28	96	-54	-84
10	82	180	63007268	17	33	16	32	1	2	0	-1	26	28	96	-54	-84
10	82	180	63009268	16	32	18	34	1	2	0	0	28	28	96	-54	-84
10	82	180	63011272	16	33	15	29	1	2	0	1	30	28	96	-54	-84
10	82	180	63013264	16	32	15	29	1	2	0	2	32	28	96	-54	-84
10	82	180	63015264	16	31	17	33	1	3	0	3	35	28	96	-54	-84
10	82	180	63017260	15	31	14	28	1	2	0	4	37	28	96	-54	-84
10	82	180	63019264	15	30	14	28	1	1	0	5	38	28	96	-54	-84
10	82	180	63021260	15	30	15	31	1	2	0	6	40	28	96	-54	-84
10	82	180	63023264	14	29	14	27	1	2	0	7	42	28	96	-54	-84
10	82	180	63025264	13	28	15	30	1	2	0	8	44	28	96	-54	-84
10	82	180	63027264	13	27	13	26	1	2	0	9	46	28	96	-54	-84
10	82	180	63029268	13	27	14	28	1	2	0	10	48	28	96	-54	-84
10	82	180	63031272	12	26	12	24	1	2	0	11	50	28	96	-54	-84
10	82	180	63033264	13	24	12	24	0	1	0	11	51	28	96	-54	-84
10	82	180	63035268	11	25	12	25	1	2	0	12	53	28	96	-54	-84
10	82	180	63037272	11	22	10	23	1	1	0	13	54	28	96	-54	-84
10	82	180	63039276	11	23	11	24	1	2	0	14	56	28	96	-54	-84
10	82	180	63041264	10	22	10	21	0	1	0	14	57	28	96	-54	-84
10	82	180	63043280	10	24	9	19	1	2	0	15	59	28	96	-54	-84
10	82	180	63045280	9	18	10	21	1	1	0	16	60	28	96	-54	-84
10	82	180	63047264	9	19	7	18	0	1	0	16	61	28	96	-54	-84
10	82	180	63049272	7	18	9	19	1	2	0	17	63	28	96	-54	-84
10	82	180	63051264	8	18	7	16	0	1	0	17	64	28	96	-54	-84
10	82	180	63053284	7	17	7	15	1	1	0	18	65	28	96	-54	-84
10	82	180	63055264	8	16	6	18	0	1	0	18	66	28	96	-54	-84
10	82	180	63057280	6	15	7	15	1	1	0	19	67	28	96	-54	-84
10	82	180	63059268	7	15	6	16	0	1	0	19	68	28	96	-54	-84
10	82	180	63061260	7	15	6	13	0	1	0	19	69	28	96	-54	-84
10	82	180	63063268	6	14	5	13	1	1	0	20	70	28	96	-54	-84
10	82	180	63065252	6	14	5	14	0	1	0	20	71	28	96	-54	-84
10	82	180	63067248	5	12	5	12	0	0	0	20	71	28	96	-54	-84
10	82	180	63069264	5	11	5	12	1	1	0	21	72	28	96	-54	-84
10	82	180	63071248	5	11	4	10	0	1	0	21	73	28	96	-54	-84
10	82	180	63073252	4	11	4	10	0	1	0	21	74	28	96	-54	-84
10	82	180	63075248	4	8	4	10	1	0	0	22	74	28	96	-54	-84
10	82	180	63077252	3	9	3	7	0	1	0	22	75	28	96	-54	-84
10	82	180	63079236	4	8	4	9	0	0	0	22	75	28	96	-54	-84
10	82	180	63081248	3	7	3	6	0	1	0	22	76	28	96	-54	-84
10	82	180	63083248	2	7	4	7	1	0	0	23	76	28	96	-54	-84
10	82	180	63085244	2	6	3	7	0	1	0	23	77	28	96	-54	-84
10	82	180	63087224	2	6	2	5	0	0	0	23	77	28	96	-54	-84
10	82	180	63089236	2	6	4	6	0	0	0	23	77	28	96	-54	-84
10	82	180	63091256	1	5	2	5	0	1	0	23	78	28	96	-54	-84
10	82	180	63093240	1	6	3	4	0	0	0	23	78	28	96	-54	-84
10	82	180	63095240	2	4	2	5	0	0	0	23	78	28	96	-54	-84
10	82	180	63097252	1	4	1	4	0	1	0	23	79	28	96	-54	-84
10	82	180	63099252	2	3	2	2	1	0	0	24	79	28	96	-54	-84
10	82	180	63101224	0	2	0	3	0	0	0	24	79	28	96	-54	-84
10	82	180	63103224	0	3	1	3	0	0	0	24	79	28	96	-54	-84
10	82	180	63105216	0	2	1	2	0	0	0	24	79	28	96	-54	-84
10	82	180	63107224	1	2	1	1	0	0	0	24	79	28	96	-54	-84
10	82	180	63109212	0	2	0	1	0	1	0	24	80	28	96	-54	-84
10	82	180	63111204	0	1	0	1	0	0	0	24	80	28	96	-54	-84
10	82	180	63113204	0	0	0	1	0	0	0	24	80	28	96	-54	-84
10	82	180	63117208	0	1	0	1	0	0	0	24	80	28	96	-54	-84
10	82	180	63121212	0	0	0	1	0	0	0	24	80	28	96	-54	-84
10	82	180	63127212	0	0	1	0	0	0	0	24	80	28	96	-54	-84
10	82	180	63129220	-1	1	0	1	0	0	0	24	80	28	96	-54	-84
10	82	180	63131216	0	1	0	1	0	0	0	24	80	28	96	-54	-84
10	82	180	63133220	0	1	0	1	0	0	0	24	80	28	96	-54	-84
10	82	180	63135216	0	1	0	1	0	0	0	24	80	28	96	-54	-84
10	82	180	63137216	0	1	0	1	0	0	0	24	80	28	96	-54	-84
10	82	180	63139228	0	1	1	2	0	0	0	24	80	28	96	-54	-84
10	82	180	63141220	0	1	0	1	0	0	0	24	80	28	96	-54	-84
10	82	180	63143224	0	1	0	1	0	0	0	24	80	28	96	-54	-84
10	82	180	63145236	-1	1	1	1	0	0	0	24	80	28	96	-54	-84
10	82	180	63147224	0	2	0	1	0	0	0	24	80	28	96	-54	-84
10	82	180	63149236	0	2	1	1	0	1	0	24	81	28	96	-54	-84
10	82	180	63151224	0	1	1	1	0	0	0	24	81	28	96	-54	-84
10	82	180	63153212	0	1	0	1	0	0	0	24	81	28	96	-54	-84
10	82	180	63155208	0	0	0	1	0	0	0	24	81	28	96	-54	-84
10	82	180	63157220	0	2	1	1	0	0	0	24	81	28	96	-54	-84
10	82	180	63159224	0	1	1	3	0	0	0	24	81	28	96	-54	-84
10	82	180	63161224	0	2	1	2	0	0	0	24	81	28	96	-54	-84
10	82	180	63163228	0	3	1	2	0	0	0	24	81	28	96	-54	-84
10	82	180	63165236	-1	2	2	3	0	0	0	24	81	28	96	-54	-84
10	82	180	63167248	0	2	1	2	0	1	0	24	82	28	96	-54	-84
10	82	180	63169232	0	2	2	2	0	0	0	24	82	28	96	-54	-84
10	82	180	63171236	0	1	2	0	0	0	0	24	82	28	96	-54	-84
10	82	180	63173240	0	1	2	2	0	0	0	24	82	28	96	-54	-84
10	82	180	63175240	0	2	2	2	0	0	0	24	82	28	96	-54	-84
10	82	180	63177248	-1	2	2	2	0	0	0	24	82	28	96	-54	-84
10	82	180	63179244	0	2	3	2	0	0	0	24	82	28	96	-54	-84
10	82	180	63181248	0	2	2	2	0	0	0	24	82	28	96	-54	-84
10	82	180	63183264	0	2	2	2	1	0	0	25	82	28	96	-54	-84
10	82	180	63185264	0	2	2	2	0	1	1	25	83	28	96	-54	-84
11	-28	-196	63187264	-1	2	2	1	0	0	1	28	96	0	-100	28	96
11	-28	-196	63189256	0	1	2	1	0	0	1	28	96	0	-100	28	96
11	-28	-196	63191260	0	1	3	2	0	0	1	28	96	0	-100	28	96
11	-28	-196	63193260	-1	2	3	1	0	0	1	28	96	0	-100	28	96
11	-28	-196	63195248	0	1	1	2	0	0	1	28	96	0	-100	28	96
11	-28	-196	63197252	0	1	1	1	0	0	1	28	96	0	-100	28	96
11	-28	-196	63199260	-1	1	1	1	0	0	1	28	96	0	-100	28	96
11	-28	-196	63201252	0	1	1	1	0	0	1	28	96	0	-100	28	96
11	-28	-196	63203256	0	1	2	1	0	0	1	28	96	0	-100	28	96
11	-28	-196	63205260	0	1	1	1	0	0	1	28	96	0	-100	28	96
11	-28	-196	63207264	0	1	2	1	0	0	1	28	96	0	-100	28	96
11	-28	-196	63209272	0	1	2	1	0	1	1	28	97	0	-100	28	96
11	-28	-196	63211264	0	2	2	1	0	0	1	28	97	0	-100	28	96
11	-28	-196	63213276	-1	0	2	1	0	0	1	28	97	0	-100	28	96
11	-28	-196	63215264	0	1	1	0	0	0	1	28	97	0	-100	28	96
11	-28	-196	63217256	0	0	0	1	0	0	1	28	97	0	-100	28	96
11	-28	-196	63219264	0	0	1	0	0	0	1	28	97	0	-100	28	96
11	-28	-196	63221272	-1	1	1	1	0	0	1	28	97	0	-100	28	96
11	-28	-196	63225264	0	1	0	0	0	0	1	28	97	0	-100	28	96
11	-28	-196	63229256	0	0	1	0	0	0	1	28	97	0	-100	28	96
11	-28	-196	63257256	1	0	0	0	0	0	1	28	97	0	-100	28	96
11	-28	-196	63263264	0	0	0	-1	0	0	1	28	97	0	-100	28	96
11	-28	-196	63265264	0	-1	0	-1	0	0	1	28	97	0	-100	28	96
11	-28	-196	63269264	1	-1	0	-2	0	0	1	28	97	0	-100	28	96
11	-28	-196	63271272	1	-2	-1	-3	0	0	1	28	97	0	-100	28	96
11	-28	-196	63273276	1	-4	-2	-4	0	0	1	28	97	0	-100	28	96
11	-28	-196	63275272	1	-6	-3	-5	0	0	1	28	97	0	-100	28	96
11	-28	-196	63277288	2	-6	-5	-7	0	-1	0	28	96	0	-100	28	96
11	-28	-196	63279260	1	-9	-4	-9	0	0	0	28	96	0	-100	28	96
11	-28	-196	63281276	1	-11	-3	-10	0	-1	0	28	95	0	-100	28	96
11	-28	-196	63283280	2	-11	-4	-13	0	-1	0	28	94	0	-100	28	96
11	-28	-196	63285276	1	-14	-4	-13	0	-1	0	28	93	0	-100	28	96
11	-28	-196	63287276	2	-15	-5	-17	0	-1	0	28	92	0	-100	28	96
11	-28	-196	63289276	1	-18	-3	-17	0	-1	0	28	91	0	-100	28	96
11	-28	-196	63291272	2	-18	-5	-17	0	-1	0	28	90	0	-100	28	96
11	-28	-196	63293276	2	-20	-4	-20	0	-1	0	28	89	0	-100	28	96
11	-28	-196	63295276	3	-20	-4	-19	0	-2	0	28	87	0	-100	28	96
11	-28	-196	63297276	2	-21	-4	-24	0	-1	0	28	86	0	-100	28	96
11	-28	-196	63299276	3	-21	-4	-19	0	-1	0	28	85	0	-100	28	96
11	-28	-196	63301272	3	-22	-4	-22	0	-2	0	28	83	0	-100	28	96
11	-28	-196	63303272	3	-22	-5	-24	0	-1	0	28	82	0	-100	28	96
11	-28	-196	63305284	3	-23	-4	-22	0	-2	0	28	80	0	-100	28	96
11	-28	-196	63307280	3	-23	-5	-26	0	-2	0	28	78	0	-100	28	96
11	-28	-196	63309284	4	-25	-4	-23	0	-1	0	28	77	0	-100	28	96
11	-28	-196	63311284	3	-23	-4	-28	0	-2	0	28	75	0	-100	28	96
11	-28	-196	63313284	4	-28	-5	-24	0	-2	0	28	73	0	-100	28	96
11	-28	-196	63315284	3	-26	-5	-24	0	-1	0	28	72	0	-100	28	96
11	-28	-196	63317276	1	-26	-5	-28	0	-2	0	28	70	0	-100	28	96
11	-28	-196	63319276	2	-27	-5	-26	0	-2	0	28	68	0	-100	28	96
11	-28	-196	63321272	2	-28	-7	-29	0	-2	0	28	66	0	-100	28	96
11	-28	-196	63323272	1	-29	-4	-26	0	-2	0	28	64	0	-100	28	96
11	-28	-196	63325280	2	-29	-7	-28	-1	-2	0	27	62	0	-100	28	96
11	-28	-196	63327264	0	-30	-6	-32	0	-2	0	27	60	0	-100	28	96
11	-28	-196	63329260	0	-30	-7	-28	0	-2	0	27	58	0	-100	28	96
11	-28	-196	63331260	0	-31	-8	-33	0	-2	0	27	56	0	-100	28	96
11	-28	-196	63333272	0	-32	-8	-30	0	-2	0	27	54	0	-100	28	96
11	-28	-196	63335288	-1	-32	-7	-31	-1	-2	0	26	52	0	-100	28	96
11	-28	-196	63337276	-1	-33	-10	-35	0	-2	0	26	50	0	-100	28	96
11	-28	-196	63339276	-3	-34	-8	-31	0	-2	0	26	48	0	-100	28	96
11	-28	-196	63341288	-3	-33	-10	-36	-1	-3	0	25	45	0	-100	28	96
11	-28	-196	63343272	-2	-35	-9	-32	0	-2	0	25	43	0	-100	28	96
11	-28	-196	63345280	-4	-35	-9	-33	-1	-2	0	24	41	0	-100	28	96
11	-28	-196	63347280	-3	-34	-11	-38	0	-2	0	24	39	0	-100	28	96
11	-28	-196	63349284	-5	-37	-9	-35	-1	-3	0	23	36	0	-100	28	96
11	-28	-196	63351272	-3	-36	-10	-39	0	-2	0	23	34	0	-100	28	96
11	-28	-196	63353280	-5	-37	-11	-36	-1	-3	0	22	31	0	-100	28	96
11	-28	-196	63355264	-5	-39	-9	-36	0	-2	0	22	29	0	-100	28	96
11	-28	-196	63357276	-4	-38	-11	-41	-1	-3	0	21	26	0	-100	28	96
11	-28	-196	63359260	-6	-39	-11	-37	0	-2	0	21	24	0	-100	28	96
11	-28	-196	63361272	-5	-41	-11	-43	-1	-3	0	20	21	0	-100	28	96
11	-28	-196	63363248	-5	-40	-10	-40	0	-3	0	20	18	0	-100	28	96
11	-28	-196	63365260	-7	-46	-11	-40	-1	-3	0	19	15	0	-100	28	96
11	-28	-196	63367252	-6	-42	-13	-45	0	-3	0	19	12	0	-100	28	96
11	-28	-196	63369264	-8	-42	-10	-41	-1	-2	0	18	10	0	-100	28	96
11	-28	-196	63371260	-7	-43	-13	-47	-1	-3	0	17	7	0	-100	28	96
11	-28	-196	63373244	-8	-44	-10	-42	0	-3	0	17	4	0	-100	28	96
11	-28	-196	63375252	-8	-44	-12	-41	-1	-3	0	16	1	0	-100	28	96
11	-28	-196	63377256	-9	-43	-14	-47	-1	-3	0	15	-2	0	-100	28	96
11	-28	-196	63379248	-9	-43	-11	-42	0	-3	0	15	-5	0	-100	28	96
11	-28	-196	63381264	-10	-43	-14	-46	-1	-3	0	14	-8	0	-100	28	96
11	-28	-196	63383260	-9	-41	-12	-40	-1	-3	0	13	-11	0	-100	28	96
11	-28	-196	63385264	-10	-42	-11	-39	-1	-2	0	12	-13	0	-100	28	96
11	-28	-196	63387252	-10	-41	-13	-45	0	-3	0	12	-16	0	-100	28	96
11	-28	-196	63389268	-9	-40	-13	-38	-1	-3	0	11	-19	0	-100	28	96
11	-28	-196	63391276	-8	-39	-12	-41	-1	-2	0	10	-21	0	-100	28	96
11	-28	-196	63393256	-7	-39	-11	-36	0	-3	0	10	-24	0	-100	28	96
11	-28	-196	63395268	-6	-36	-10	-35	-1	-2	0	9	-26	0	-100	28	96
11	-28	-196	63397256	-5	-36	-12	-39	0	-3	0	9	-29	0	-100	28	96
11	-28	-196	63399268	-4	-35	-11	-33	-1	-2	0	8	-31	0	-100	28	96
11	-28	-196	63401248	-3	-34	-11	-37	0	-2	0	8	-33	0	-100	28	96
11	-28	-196	63403260	-2	-34	-10	-32	-1	-3	0	7	-36	0	-100	28	96
11	-28	-196	63405244	-1	-33	-10	-32	0	-2	0	7	-38	0	-100	28	96
11	-28	-196	63407248	0	-33	-11	-36	-1	-2	0	6	-40	0	-100	28	96
11	-28	-196	63409240	0	-33	-9	-31	0	-2	0	6	-42	0	-100	28	96
11	-28	-196	63411240	0	-36	-10	-35	0	-3	0	6	-45	0	-100	28	96
11	-28	-196	63413244	0	-32	-8	-31	0	-2	0	6	-47	0	-100	28	96
11	-28	-196	63415260	0	-32	-8	-31	-1	-2	0	5	-49	0	-100	28	96
11	-28	-196	63417244	0	-32	-9	-34	0	-2	0	5	-51	0	-100	28	96
11	-28	-196	63419248	0	-31	-7	-30	0	-2	0	5	-53	0	-100	28	96
11	-28	-196	63421244	0	-30	-7	-33	0	-2	0	5	-55	0	-100	28	96
11	-28	-196	63423260	0	-30	-7	-29	-1	-2	0	4	-57	0	-100	28	96
11	-28	-196	63425248	0	-29	-6	-28	0	-2	0	4	-59	0	-100	28	96
11	-28	-196	63427248	0	-29	-7	-31	0	-2	0	4	-61	0	-100	28	96
11	-28	-196	63429244	0	-28	-6	-27	0	-2	0	4	-63	0	-100	28	96
11	-28	-196	63431264	0	-29	-5	-31	-1	-2	0	3	-65	0	-100	28	96
11	-28	-196	63433252	0	-28	-6	-28	0	-2	0	3	-67	0	-100	28	96
11	-28	-196	63435252	1	-28	-4	-27	0	-2	0	3	-69	0	-100	28	96
11	-28	-196	63437256	2	-27	-5	-31	0	-2	0	3	-71	0	-100	28	96
11	-28	-196	63439256	2	-29	-4	-27	0	-1	0	3	-72	0	-100	28	96
11	-28	-196	63441256	3	-27	-5	-30	0	-2	0	3	-74	0	-100	28	96
11	-28	-196	63443252	3	-26	-3	-27	0	-2	0	3	-76	0	-100	28	96
11	-28	-196	63445260	2	-26	-3	-25	0	-2	0	3	-78	0	-100	28	96
11	-28	-196	63447256	3	-27	-5	-28	0	-2	0	3	-80	0	-100	28	96
11	-28	-196	63449252	4	-25	-3	-23	0	-1	0	3	-81	0	-100	28	96
11	-28	-196	63451252	4	-24	-3	-27	0	-2	0	3	-83	0	-100	28	96
11	-28	-196	63453256	4	-26	-3	-23	0	-2	0	3	-85	0	-100	28	96
11	-28	-196	63455252	4	-23	-2	-24	0	-1	0	3	-86	0	-100	28	96
11	-28	-196	63457252	4	-26	-3	-25	0	-2	0	3	-88	0	-100	28	96
11	-28	-196	63459252	4	-24	-3	-22	0	-1	0	3	-89	0	-100	28	96
11	-28	-196	63461244	3	-22	-3	-26	0	-2	0	3	-91	0	-100	28	96
11	-28	-196	63463244	3	-23	-2	-21	0	-1	0	3	-92	0	-100	28	96
11	-28	-196	63465244	2	-22	-3	-22	0	-2	0	3	-94	0	-100	28	96
11	-28	-196	63467244	1	-23	-4	-24	0	-1	0	3	-95	0	-100	28	96
11	-28	-196	63469232	0	-21	-4	-21	0	-2	0	3	-97	0	-100	28	96
11	-28	-196	63471236	0	-22	-3	-22	0	-1	0	3	-98	0	-100	28	96
11	-28	-196	63473240	0	-20	-4	-20	0	-2	0	3	-100	0	-100	28	96
11	-28	-196	63475264	-3	-21	-4	-22	-1	-1	0	2	-101	0	-100	28	96
11	-28	-196	63477244	-3	-19	-4	-18	0	-1	0	2	-102	0	-100	28	96
11	-28	-196	63479236	-5	-19	-3	-18	0	-2	0	2	-104	0	-100	28	96
11	-28	-196	63481240	-6	-17	-5	-20	0	-1	0	2	-105	0	-100	28	96
11	-28	-196	63483248	-6	-17	-5	-16	-1	-1	0	1	-106	0	-100	28	96
11	-28	-196	63485232	-7	-16	-4	-15	0	-1	0	1	-107	0	-100	28	96
11	-28	-196	63487252	-7	-15	-5	-16	-1	-1	0	0	-108	0	-100	28	96
11	-28	-196	63489244	-8	-14	-4	-14	0	-1	0	0	-109	0	-100	28	96
11	-28	-196	63491240	-7	-13	-5	-14	0	-1	0	0	-110	0	-100	28	96
11	-28	-196	63493248	-7	-12	-3	-11	-1	-1	0	-1	-111	0	-100	28	96
11	-28	-196	63495220	-7	-10	-3	-9	0	0	0	-1	-111	0	-100	28	96
11	-28	-196	63497232	-5	-9	-3	-11	0	-1	0	-1	-112	0	-100	28	96
11	-28	-196	63499232	-5	-9	-3	-7	-1	0	0	-2	-112	0	-100	28	96
11	-28	-196	63501236	-4	-6	-3	-8	0	-1	0	-2	-113	0	-100	28	96
11	-28	-196	63503228	-2	-7	-1	-4	0	0	0	-2	-113	0	-100	28	96
11	-28	-196	63505224	-2	-4	-2	-5	0	0	0	-2	-113	0	-100	28	96
11	-28	-196	63507240	-2	-2	-1	-3	0	-1	0	-2	-114	0	-100	28	96
11	-28	-196	63509220	-1	-2	0	-2	0	0	0	-2	-114	0	-100	28	96
11	-28	-196	63511236	-1	-1	-1	-2	0	0	0	-2	-114	0	-100	28	96
11	-28	-196	63515228	-1	0	0	0	0	0	0	-2	-114	0	-100	28	96
11	-28	-196	63517236	0	-1	0	0	0	0	0	-2	-114	0	-100	28	96
11	-28	-196	63523240	-1	0	0	0	0	0	0	-2	-114	0	-100	28	96
11	-28	-196	63527244	0	0	0	-1	0	0	0	-2	-114	0	-100	28	96
11	-28	-196	63531236	-1	0	0	0	0	0	0	-2	-114	0	-100	28	96
11	-28	-196	63543228	-1	0	0	0	0	0	0	-2	-114	0	-100	28	96
11	-28	-196	63549216	0	0	0	0	0	0	1	-2	-114	0	-100	28	96
