1	0	-100	222281636	-1	0	0	0	0	0	1	0	-100	0	-100	0	0
1	-28	196	222293640	0	0	0	1	0	0	1	0	-100	-28	96	0	-100
1	-28	196	222299648	-1	0	0	0	0	0	1	0	-100	-28	96	0	-100
1	-28	196	222305664	-1	1	0	0	0	0	1	0	-100	-28	96	0	-100
1	-28	196	222307664	0	0	0	1	0	0	1	0	-100	-28	96	0	-100
1	-28	196	222309660	-1	0	0	0	0	0	1	0	-100	-28	96	0	-100
1	-28	196	222317652	0	1	0	1	0	0	1	0	-100	-28	96	0	-100
1	-28	196	222325648	-1	0	0	1	0	0	1	0	-100	-28	96	0	-100
1	-28	196	222327644	0	1	0	0	0	0	1	0	-100	-28	96	0	-100
1	-28	196	222329656	0	0	-1	1	0	0	1	0	-100	-28	96	0	-100
1	-28	196	222331644	0	1	0	1	0	0	1	0	-100	-28	96	0	-100
1	-28	196	222333652	-1	2	0	2	0	0	1	0	-100	-28	96	0	-100
1	-28	196	222335664	-2	2	-1	2	0	0	1	0	-100	-28	96	0	-100
1	-28	196	222337672	-1	3	-1	3	0	1	1	0	-99	-28	96	0	-100
1	-28	196	222339660	-3	4	-1	5	0	0	1	0	-99	-28	96	0	-100
1	-28	196	222341668	-3	5	-1	5	-1	0	1	-1	-99	-28	96	0	-100
1	-28	196	222343660	-3	5	0	4	0	1	1	-1	-98	-28	96	0	-100
1	-28	196	222345656	-3	4	-1	5	0	0	1	-1	-98	-28	96	0	-100
1	-28	196	222347656	-3	6	-2	5	0	0	1	-1	-98	-28	96	0	-100
1	-28	196	222349672	-4	5	-2	5	0	1	1	-1	-97	-28	96	0	-100
1	-28	196	222351656	-3	5	-2	5	0	0	1	-1	-97	-28	96	0	-100
1	-28	196	222353672	-3	5	-2	5	-1	0	1	-2	-97	-28	96	0	-100
1	-28	196	222355664	-4	5	-1	5	0	1	1	-2	-96	-28	96	0	-100
1	-28	196	222357656	-3	5	-3	6	0	0	1	-2	-96	-28	96	0	-100
1	-28	196	222359656	-4	6	-2	6	0	0	1	-2	-96	-28	96	0	-100
1	-28	196	222361676	-4	7	-1	6	0	1	1	-2	-95	-28	96	0	-100
1	-28	196	222363664	-4	7	-2	7	0	0	1	-2	-95	-28	96	0	-100
1	-28	196	222365696	-5	7	-3	7	-1	1	1	-3	-94	-28	96	0	-100
1	-28	196	222367668	-4	6	-3	7	0	0	1	-3	-94	-28	96	0	-100
1	-28	196	222369688	-4	8	-3	7	0	1	1	-3	-93	-28	96	0	-100
1	-28	196	222371676	-5	6	-3	10	0	0	1	-3	-93	-28	96	0	-100
1	-28	196	222373700	-4	9	-3	7	-1	1	1	-4	-92	-28	96	0	-100
1	-28	196	222375664	-3	8	-3	11	0	0	1	-4	-92	-28	96	0	-100
1	-28	196	222377676	-5	9	-4	8	0	1	1	-4	-91	-28	96	0	-100
1	-28	196	222379684	-6	10	-4	9	-1	1	1	-5	-90	-28	96	0	-100
1	-28	196	222381664	-4	10	-3	12	0	0	1	-5	-90	-28	96	0	-100
1	-28	196	222383680	-6	11	-4	10	0	1	1	-5	-89	-28	96	0	-100
1	-28	196	222385684	-7	12	-5	12	0	1	1	-5	-88	-28	96	0	-100
1	-28	196	222387696	-6	12	-4	12	-1	1	0	-6	-87	-28	96	0	-100
1	-28	196	222389672	-7	14	-3	13	0	0	0	-6	-87	-28	96	0	-100
1	-28	196	222391684	-8	16	-6	16	-1	2	0	-7	-85	-28	96	0	-100
1	-28	196	222393668	-8	14	-5	15	0	0	0	-7	-85	-28	96	0	-100
1	-28	196	222395676	-8	16	-5	16	0	2	0	-7	-83	-28	96	0	-100
1	-28	196	222397696	-8	16	-5	16	-1	1	0	-8	-82	-28	96	0	-100
1	-28	196	222399676	-8	16	-5	15	0	1	0	-8	-81	-28	96	0	-100
1	-28	196	222401696	-8	17	-5	19	-1	1	0	-9	-80	-28	96	0	-100
1	-28	196	222403676	-10	17	-5	17	0	1	0	-9	-79	-28	96	0	-100
1	-28	196	222405684	-10	19	-5	21	-1	1	0	-10	-78	-28	96	0	-100
1	-28	196	222407676	-10	19	-4	18	0	2	0	-10	-76	-28	96	0	-100
1	-28	196	222409696	-11	20	-6	19	-1	1	0	-11	-75	-28	96	0	-100
1	-28	196	222411680	-11	20	-5	23	0	1	0	-11	-74	-28	96	0	-100
1	-28	196	222413688	-11	22	-4	20	-1	2	0	-12	-72	-28	96	0	-100
1	-28	196	222415680	-12	22	-5	25	0	1	0	-12	-71	-28	96	0	-100
1	-28	196	222417688	-14	24	-4	22	-1	2	0	-13	-69	-28	96	0	-100
1	-28	196	222419688	-14	24	-3	24	-1	1	0	-14	-68	-28	96	0	-100
1	-28	196	222421676	-14	25	-5	28	0	2	0	-14	-66	-28	96	0	-100
1	-28	196	222423696	-15	26	-5	25	-1	2	0	-15	-64	-28	96	0	-100
1	-28	196	222425700	-15	27	-4	30	-1	2	0	-16	-62	-28	96	0	-100
1	-28	196	222427688	-17	27	-3	27	0	2	0	-16	-60	-28	96	0	-100
1	-28	196	222429696	-16	28	-4	27	-1	1	0	-17	-59	-28	96	0	-100
1	-28	196	222431700	-17	29	-5	32	-1	2	0	-18	-57	-28	96	0	-100
1	-28	196	222433692	-20	33	-4	29	0	2	0	-18	-55	-28	96	0	-100
1	-28	196	222435704	-18	29	-5	33	-1	3	0	-19	-52	-28	96	0	-100
1	-28	196	222437708	-18	30	-4	30	-1	2	0	-20	-50	-28	96	0	-100
1	-28	196	222439716	-18	31	-5	31	-1	2	0	-21	-48	-28	96	0	-100
1	-28	196	222441696	-19	32	-4	36	0	2	0	-21	-46	-28	96	0	-100
1	-28	196	222443704	-19	32	-5	31	-1	2	0	-22	-44	-28	96	0	-100
1	-28	196	222445692	-20	33	-6	36	-1	2	0	-23	-42	-28	96	0	-100
1	-28	196	222447696	-20	33	-4	33	-1	2	0	-24	-40	-28	96	0	-100
1	-28	196	222449700	-21	34	-6	33	-1	3	0	-25	-37	-28	96	0	-100
1	-28	196	222451700	-19	35	-6	38	-1	2	0	-26	-35	-28	96	0	-100
1	-28	196	222453692	-21	35	-5	34	0	2	0	-26	-33	-28	96	0	-100
1	-28	196	222455700	-21	34	-7	38	-1	3	0	-27	-30	-28	96	0	-100
1	-28	196	222457700	-20	35	-5	34	-1	2	0	-28	-28	-28	96	0	-100
1	-28	196	222459696	-22	36	-6	35	-1	3	0	-29	-25	-28	96	0	-100
1	-28	196	222461692	-21	35	-6	40	-1	2	0	-30	-23	-28	96	0	-100
1	-28	196	222463696	-21	36	-5	35	-1	2	0	-31	-21	-28	96	0	-100
1	-28	196	222465688	-22	36	-6	40	-1	3	0	-32	-18	-28	96	0	-100
1	-28	196	222467696	-22	37	-5	37	-1	2	0	-33	-16	-28	96	0	-100
1	-28	196	222469700	-22	36	-6	40	-1	3	0	-34	-13	-28	96	0	-100
1	-28	196	222471704	-21	37	-5	36	-1	2	0	-35	-11	-28	96	0	-100
1	-28	196	222473684	-21	37	-4	35	0	3	0	-35	-8	-28	96	0	-100
1	-28	196	222475696	-23	40	-5	40	-1	2	0	-36	-6	-28	96	0	-100
1	-28	196	222477700	-20	36	-5	34	-1	3	0	-37	-3	-28	96	0	-100
1	-28	196	222479700	-21	34	-5	38	-1	2	0	-38	-1	-28	96	0	-100
1	-28	196	222481708	-18	35	-3	34	-1	2	0	-39	1	-28	96	0	-100
1	-28	196	222483692	-19	34	-3	32	0	3	0	-39	4	-28	96	0	-100
1	-28	196	222485696	-19	32	-4	36	-1	2	0	-40	6	-28	96	0	-100
1	-28	196	222487696	-17	33	-4	32	-1	2	0	-41	8	-28	96	0	-100
1	-28	196	222489700	-17	32	-2	35	-1	2	0	-42	10	-28	96	0	-100
1	-28	196	222491688	-16	31	-2	30	0	2	0	-42	12	-28	96	0	-100
1	-28	196	222493696	-15	30	-1	30	-1	2	0	-43	14	-28	96	0	-100
1	-28	196	222495668	-15	30	0	31	0	2	0	-43	16	-28	96	0	-100
1	-28	196	222497688	-13	28	0	29	-1	2	0	-44	18	-28	96	0	-100
1	-28	196	222499668	-12	28	0	30	0	2	0	-44	20	-28	96	0	-100
1	-28	196	222501672	-12	27	0	25	0	2	0	-44	22	-28	96	0	-100
1	-28	196	222503692	-11	26	0	25	-1	2	0	-45	24	-28	96	0	-100
1	-28	196	222505688	-10	24	1	27	0	1	0	-45	25	-28	96	0	-100
1	-28	196	222507684	-9	24	2	24	0	2	0	-45	27	-28	96	0	-100
1	-28	196	222509696	-9	22	1	24	-1	1	0	-46	28	-28	96	0	-100
1	-28	196	222511688	-7	22	2	21	0	2	0	-46	30	-28	96	0	-100
1	-28	196	222513684	-8	20	2	20	0	1	0	-46	31	-28	96	0	-100
1	-28	196	222515688	-6	20	3	22	0	2	0	-46	33	-28	96	0	-100
1	-28	196	222517684	-7	19	2	18	0	1	0	-46	34	-28	96	0	-100
1	-28	196	222519684	-4	18	3	19	0	1	0	-46	35	-28	96	0	-100
1	-28	196	222521680	-6	18	2	15	0	1	0	-46	36	-28	96	0	-100
1	-28	196	222523696	-5	16	2	16	-1	1	0	-47	37	-28	96	0	-100
1	-28	196	222525676	-4	14	3	16	0	1	0	-47	38	-28	96	0	-100
1	-28	196	222527664	-4	14	2	13	0	1	0	-47	39	-28	96	0	-100
1	-28	196	222529660	-4	14	2	15	0	1	0	-47	40	-28	96	0	-100
1	-28	196	222531664	-4	11	3	11	0	1	0	-47	41	-28	96	0	-100
1	-28	196	222533660	-3	10	2	10	0	1	0	-47	42	-28	96	0	-100
1	-28	196	222535648	-3	10	2	10	0	0	0	-47	42	-28	96	0	-100
1	-28	196	222537652	-3	9	0	9	0	1	0	-47	43	-28	96	0	-100
1	-28	196	222539644	-3	7	2	9	0	0	0	-47	43	-28	96	0	-100
1	-28	196	222541656	-2	8	1	7	0	1	0	-47	44	-28	96	0	-100
1	-28	196	222543640	-2	5	1	5	0	0	0	-47	44	-28	96	0	-100
1	-28	196	222545652	-1	6	1	5	0	1	0	-47	45	-28	96	0	-100
1	-28	196	222547636	-2	4	0	4	0	0	0	-47	45	-28	96	0	-100
1	-28	196	222549636	-1	3	0	3	0	0	0	-47	45	-28	96	0	-100
1	-28	196	222551640	-1	2	0	2	0	0	0	-47	45	-28	96	0	-100
1	-28	196	222553644	-1	1	0	0	0	0	0	-47	45	-28	96	0	-100
1	-28	196	222555636	0	0	0	1	0	0	0	-47	45	-28	96	0	-100
1	-28	196	222557656	-1	1	1	0	0	0	0	-47	45	-28	96	0	-100
1	-28	196	222561644	0	0	0	1	0	0	0	-47	45	-28	96	0	-100
1	-28	196	222569648	-1	0	0	0	0	0	0	-47	45	-28	96	0	-100
1	-28	196	222579656	-1	0	0	0	0	0	0	-47	45	-28	96	0	-100
1	-28	196	222585656	-1	0	0	0	0	0	0	-47	45	-28	96	0	-100
1	-28	196	222591664	-1	0	0	0	0	0	0	-47	45	-28	96	0	-100
1	-28	196	222597664	-1	0	1	0	0	0	0	-47	45	-28	96	0	-100
1	-28	196	222611660	-1	0	0	0	0	0	0	-47	45	-28	96	0	-100
1	-28	196	222613656	0	1	0	0	0	0	0	-47	45	-28	96	0	-100
1	-28	196	222617648	0	0	0	0	0	0	1	-47	45	-28	96	0	-100
2	82	-180	222621668	-1	0	1	0	0	0	1	-28	96	54	-84	-28	96
2	82	-180	222623664	-1	0	0	0	0	0	1	-28	96	54	-84	-28	96
2	82	-180	222637672	0	0	1	1	0	0	1	-28	96	54	-84	-28	96
2	82	-180	222645676	0	0	1	1	0	0	1	-28	96	54	-84	-28	96
2	82	-180	222649660	0	0	2	0	0	0	1	-28	96	54	-84	-28	96
2	82	-180	222651672	-1	1	1	1	0	0	1	-28	96	54	-84	-28	96
2	82	-180	222653668	0	0	2	1	0	0	1	-28	96	54	-84	-28	96
2	82	-180	222655664	0	1	2	0	0	1	1	-28	97	54	-84	-28	96
2	82	-180	222657652	0	1	4	1	0	0	1	-28	97	54	-84	-28	96
2	82	-180	222659648	0	1	3	2	0	0	1	-28	97	54	-84	-28	96
2	82	-180	222661644	0	2	3	1	0	0	1	-28	97	54	-84	-28	96
2	82	-180	222663648	0	1	3	2	0	0	1	-28	97	54	-84	-28	96
2	82	-180	222665644	0	2	4	2	0	0	1	-28	97	54	-84	-28	96
2	82	-180	222667652	-1	2	4	1	0	0	1	-28	97	54	-84	-28	96
2	82	-180	222669640	0	1	4	2	0	0	1	-28	97	54	-84	-28	96
2	82	-180	222671644	0	2	3	3	0	0	1	-28	97	54	-84	-28	96
2	82	-180	222673660	-1	2	4	2	0	1	1	-28	98	54	-84	-28	96
2	82	-180	222675640	0	3	3	2	0	0	1	-28	98	54	-84	-28	96
2	82	-180	222677636	0	2	4	3	0	0	1	-28	98	54	-84	-28	96
2	82	-180	222679648	-1	3	3	3	0	0	1	-28	98	54	-84	-28	96
2	82	-180	222681652	0	3	2	1	0	0	1	-28	98	54	-84	-28	96
2	82	-180	222683660	-1	1	4	3	0	0	1	-28	98	54	-84	-28	96
2	82	-180	222685660	0	3	3	3	0	1	1	-28	99	54	-84	-28	96
2	82	-180	222687664	0	3	2	2	1	0	1	-27	99	54	-84	-28	96
2	82	-180	222689660	-1	3	3	3	0	0	1	-27	99	54	-84	-28	96
2	82	-180	222691648	0	3	2	3	0	0	1	-27	99	54	-84	-28	96
2	82	-180	222693644	0	2	2	1	0	0	1	-27	99	54	-84	-28	96
2	82	-180	222695648	0	1	2	3	0	0	1	-27	99	54	-84	-28	96
2	82	-180	222697644	0	2	2	2	0	0	1	-27	99	54	-84	-28	96
2	82	-180	222699656	0	3	2	2	0	1	1	-27	100	54	-84	-28	96
2	82	-180	222701640	0	2	2	2	0	0	1	-27	100	54	-84	-28	96
2	82	-180	222703648	0	3	1	2	0	0	1	-27	100	54	-84	-28	96
2	82	-180	222705644	0	1	2	2	0	0	1	-27	100	54	-84	-28	96
2	82	-180	222707636	0	2	0	1	0	0	1	-27	100	54	-84	-28	96
2	82	-180	222709644	0	0	1	1	0	0	1	-27	100	54	-84	-28	96
2	82	-180	222711632	0	1	0	0	0	0	1	-27	100	54	-84	-28	96
2	82	-180	222717644	0	0	0	1	0	0	1	-27	100	54	-84	-28	96
2	82	-180	222719636	0	0	0	0	0	0	0	-27	100	54	-84	-28	96
2	82	-180	222721640	1	0	0	0	0	0	0	-27	100	54	-84	-28	96
2	82	-180	222725652	1	0	0	0	0	0	0	-27	100	54	-84	-28	96
2	82	-180	222727648	1	0	0	0	0	0	0	-27	100	54	-84	-28	96
2	82	-180	222731652	1	0	0	0	0	0	0	-27	100	54	-84	-28	96
2	82	-180	222737644	1	0	0	0	0	0	0	-27	100	54	-84	-28	96
2	82	-180	222739636	1	0	0	0	0	0	0	-27	100	54	-84	-28	96
2	82	-180	222743640	2	0	0	0	0	0	0	-27	100	54	-84	-28	96
2	82	-180	222745652	3	0	0	0	1	0	0	-26	100	54	-84	-28	96
2	82	-180	222747640	2	0	0	0	0	0	0	-26	100	54	-84	-28	96
2	82	-180	222749644	3	0	0	0	0	0	0	-26	100	54	-84	-28	96
2	82	-180	222751640	4	0	0	0	0	0	0	-26	100	54	-84	-28	96
2	82	-180	222753640	2	0	0	0	0	0	0	-26	100	54	-84	-28	96
2	82	-180	222755636	4	0	0	0	0	0	0	-26	100	54	-84	-28	96
2	82	-180	222757632	3	0	0	0	0	0	0	-26	100	54	-84	-28	96
2	82	-180	222759632	4	0	0	0	0	0	0	-26	100	54	-84	-28	96
2	82	-180	222761636	3	0	0	0	0	0	0	-26	100	54	-84	-28	96
2	82	-180	222763632	4	0	0	0	0	0	0	-26	100	54	-84	-28	96
2	82	-180	222765664	3	0	0	-1	1	0	0	-25	100	54	-84	-28	96
2	82	-180	222767652	4	0	0	-1	0	0	0	-25	100	54	-84	-28	96
2	82	-180	222769644	3	0	0	0	0	0	0	-25	100	54	-84	-28	96
2	82	-180	222771656	3	0	0	-1	0	0	0	-25	100	54	-84	-28	96
2	82	-180	222773652	3	-1	0	-1	0	0	0	-25	100	54	-84	-28	96
2	82	-180	222775652	4	-1	0	-1	0	0	0	-25	100	54	-84	-28	96
2	82	-180	222777652	4	-1	0	-1	0	0	0	-25	100	54	-84	-28	96
2	82	-180	222779648	4	-2	0	-1	0	0	0	-25	100	54	-84	-28	96
2	82	-180	222781648	6	-2	0	-2	1	0	0	-24	100	54	-84	-28	96
2	82	-180	222783632	6	-2	0	-2	0	0	0	-24	100	54	-84	-28	96
2	82	-180	222785632	7	-2	0	-2	0	0	0	-24	100	54	-84	-28	96
2	82	-180	222787628	9	-3	0	-3	0	0	0	-24	100	54	-84	-28	96
2	82	-180	222789640	11	-3	0	-4	1	0	0	-23	100	54	-84	-28	96
2	82	-180	222791632	11	-4	0	-4	0	0	0	-23	100	54	-84	-28	96
2	82	-180	222793668	12	-5	1	-6	1	-1	0	-22	99	54	-84	-28	96
2	82	-180	222795640	14	-5	2	-5	0	0	0	-22	99	54	-84	-28	96
2	82	-180	222797656	15	-6	4	-8	1	0	0	-21	99	54	-84	-28	96
2	82	-180	222799656	17	-7	5	-7	0	-1	0	-21	98	54	-84	-28	96
2	82	-180	222801656	19	-8	4	-9	1	-1	0	-20	97	54	-84	-28	96
2	82	-180	222803644	21	-9	7	-11	1	0	0	-19	97	54	-84	-28	96
2	82	-180	222805656	21	-12	7	-10	1	-1	0	-18	96	54	-84	-28	96
2	82	-180	222807656	24	-12	8	-14	1	-1	0	-17	95	54	-84	-28	96
2	82	-180	222809656	24	-13	8	-13	1	-1	0	-16	94	54	-84	-28	96
2	82	-180	222811660	26	-14	9	-15	1	-1	0	-15	93	54	-84	-28	96
2	82	-180	222813660	28	-16	10	-17	2	-1	0	-13	92	54	-84	-28	96
2	82	-180	222815660	28	-17	10	-17	1	-1	0	-12	91	54	-84	-28	96
2	82	-180	222817660	30	-19	12	-21	1	-1	0	-11	90	54	-84	-28	96
2	82	-180	222819656	31	-19	11	-20	2	-1	0	-9	89	54	-84	-28	96
2	82	-180	222821660	31	-21	12	-21	1	-2	0	-8	87	54	-84	-28	96
2	82	-180	222823660	33	-22	13	-25	2	-1	0	-6	86	54	-84	-28	96
2	82	-180	222825644	34	-24	13	-25	1	-2	0	-5	84	54	-84	-28	96
2	82	-180	222827648	35	-25	14	-28	2	-2	0	-3	82	54	-84	-28	96
2	82	-180	222829648	35	-26	13	-26	1	-2	0	-2	80	54	-84	-28	96
2	82	-180	222831656	37	-29	13	-28	2	-1	0	0	79	54	-84	-28	96
2	82	-180	222833648	37	-29	14	-33	2	-3	0	2	76	54	-84	-28	96
2	82	-180	222835648	42	-34	13	-31	2	-2	0	4	74	54	-84	-28	96
2	82	-180	222837644	39	-32	15	-37	1	-2	0	5	72	54	-84	-28	96
2	82	-180	222839652	39	-33	14	-32	2	-2	0	7	70	54	-84	-28	96
2	82	-180	222841656	39	-34	14	-35	2	-2	0	9	68	54	-84	-28	96
2	82	-180	222843652	39	-34	15	-39	2	-3	0	11	65	54	-84	-28	96
2	82	-180	222845652	39	-36	14	-37	2	-2	0	13	63	54	-84	-28	96
2	82	-180	222847648	40	-37	15	-40	1	-3	0	14	60	54	-84	-28	96
2	82	-180	222849644	39	-36	14	-38	2	-2	0	16	58	54	-84	-28	96
2	82	-180	222851648	40	-38	13	-36	2	-3	0	18	55	54	-84	-28	96
2	82	-180	222853644	42	-37	15	-43	2	-3	0	20	52	54	-84	-28	96
2	82	-180	222855648	42	-38	14	-38	2	-2	0	22	50	54	-84	-28	96
2	82	-180	222857652	42	-38	15	-42	2	-3	0	24	47	54	-84	-28	96
2	82	-180	222859648	42	-38	14	-38	1	-2	0	25	45	54	-84	-28	96
2	82	-180	222861648	42	-38	13	-37	2	-3	0	27	42	54	-84	-28	96
2	82	-180	222863652	43	-38	16	-42	2	-2	0	29	40	54	-84	-28	96
2	82	-180	222865656	42	-36	14	-37	2	-3	0	31	37	54	-84	-28	96
2	82	-180	222867656	42	-37	16	-41	2	-2	0	33	35	54	-84	-28	96
2	82	-180	222869656	41	-35	14	-37	2	-3	0	35	32	54	-84	-28	96
2	82	-180	222871652	40	-35	14	-36	2	-2	0	37	30	54	-84	-28	96
2	82	-180	222873660	40	-35	15	-40	2	-3	0	39	27	54	-84	-28	96
2	82	-180	222875652	39	-33	12	-33	1	-2	0	40	25	54	-84	-28	96
2	82	-180	222877652	40	-34	14	-39	2	-2	0	42	23	54	-84	-28	96
2	82	-180	222879648	39	-34	12	-34	2	-3	0	44	20	54	-84	-28	96
2	82	-180	222881648	44	-37	12	-32	2	-2	0	46	18	54	-84	-28	96
2	82	-180	222883640	37	-32	14	-36	1	-2	0	47	16	54	-84	-28	96
2	82	-180	222885644	36	-32	10	-32	2	-2	0	49	14	54	-84	-28	96
2	82	-180	222887648	36	-32	12	-35	1	-3	0	50	11	54	-84	-28	96
2	82	-180	222889656	34	-31	10	-31	2	-2	0	52	9	54	-84	-28	96
2	82	-180	222891652	33	-31	11	-31	1	-2	0	53	7	54	-84	-28	96
2	82	-180	222893656	32	-30	10	-34	2	-2	0	55	5	54	-84	-28	96
2	82	-180	222895652	30	-30	9	-30	1	-2	0	56	3	54	-84	-28	96
2	82	-180	222897656	28	-30	11	-34	1	-2	0	57	1	54	-84	-28	96
2	82	-180	222899652	29	-30	8	-28	2	-2	0	59	-1	54	-84	-28	96
2	82	-180	222901648	27	-29	9	-29	1	-2	0	60	-3	54	-84	-28	96
2	82	-180	222903652	26	-28	8	-31	1	-2	0	61	-5	54	-84	-28	96
2	82	-180	222905656	25	-28	7	-28	1	-2	0	62	-7	54	-84	-28	96
2	82	-180	222907656	25	-28	8	-31	1	-2	0	63	-9	54	-84	-28	96
2	82	-180	222909648	23	-28	7	-28	1	-1	0	64	-10	54	-84	-28	96
2	82	-180	222911648	23	-28	6	-27	1	-2	0	65	-12	54	-84	-28	96
2	82	-180	222913652	21	-27	7	-31	1	-2	0	66	-14	54	-84	-28	96
2	82	-180	222915652	20	-27	5	-28	1	-2	0	67	-16	54	-84	-28	96
2	82	-180	222917660	20	-26	6	-30	1	-2	0	68	-18	54	-84	-28	96
2	82	-180	222919648	17	-27	6	-26	0	-2	0	68	-20	54	-84	-28	96
2	82	-180	222921664	18	-26	3	-25	1	-1	0	69	-21	54	-84	-28	96
2	82	-180	222923664	19	-29	5	-28	1	-2	0	70	-23	54	-84	-28	96
2	82	-180	222925664	17	-26	3	-26	1	-2	0	71	-25	54	-84	-28	96
2	82	-180	222927652	17	-25	4	-27	0	-2	0	71	-27	54	-84	-28	96
2	82	-180	222929664	16	-25	3	-25	1	-1	0	72	-28	54	-84	-28	96
2	82	-180	222931668	16	-24	3	-27	1	-2	0	73	-30	54	-84	-28	96
2	82	-180	222933652	16	-25	2	-24	0	-2	0	73	-32	54	-84	-28	96
2	82	-180	222935664	17	-23	2	-23	1	-1	0	74	-33	54	-84	-28	96
2	82	-180	222937656	16	-23	3	-26	0	-2	0	74	-35	54	-84	-28	96
2	82	-180	222939664	16	-24	2	-23	1	-2	0	75	-37	54	-84	-28	96
2	82	-180	222941672	16	-23	1	-26	1	-1	0	76	-38	54	-84	-28	96
2	82	-180	222943664	16	-23	2	-22	0	-2	0	76	-40	54	-84	-28	96
2	82	-180	222945680	15	-21	1	-21	1	-1	0	77	-41	54	-84	-28	96
2	82	-180	222947668	15	-22	2	-24	0	-2	0	77	-43	54	-84	-28	96
2	82	-180	222949680	14	-21	1	-20	1	-1	0	78	-44	54	-84	-28	96
2	82	-180	222951668	15	-19	2	-22	0	-1	0	78	-45	54	-84	-28	96
2	82	-180	222953680	13	-20	1	-19	1	-2	0	79	-47	54	-84	-28	96
2	82	-180	222955672	13	-18	2	-18	0	-1	0	79	-48	54	-84	-28	96
2	82	-180	222957680	13	-18	1	-19	1	-1	0	80	-49	54	-84	-28	96
2	82	-180	222959668	13	-17	1	-17	0	-1	0	80	-50	54	-84	-28	96
2	82	-180	222961684	12	-16	1	-18	1	-1	0	81	-51	54	-84	-28	96
2	82	-180	222963656	12	-16	0	-15	0	-1	0	81	-52	54	-84	-28	96
2	82	-180	222965680	13	-16	2	-15	1	-1	0	82	-53	54	-84	-28	96
2	82	-180	222967672	11	-13	2	-15	0	-1	0	82	-54	54	-84	-28	96
2	82	-180	222969672	11	-13	1	-13	0	-1	0	82	-55	54	-84	-28	96
2	82	-180	222971688	11	-13	2	-14	1	-1	0	83	-56	54	-84	-28	96
2	82	-180	222973672	10	-12	1	-11	0	-1	0	83	-57	54	-84	-28	96
2	82	-180	222975692	10	-11	1	-12	1	-1	0	84	-58	54	-84	-28	96
2	82	-180	222977664	8	-9	1	-11	0	0	0	84	-58	54	-84	-28	96
2	82	-180	222979680	8	-10	1	-9	0	-1	0	84	-59	54	-84	-28	96
2	82	-180	222981684	7	-7	2	-10	1	0	0	85	-59	54	-84	-28	96
2	82	-180	222983676	7	-8	0	-7	0	-1	0	85	-60	54	-84	-28	96
2	82	-180	222985664	5	-6	1	-6	0	0	0	85	-60	54	-84	-28	96
2	82	-180	222987676	6	-7	1	-6	0	-1	0	85	-61	54	-84	-28	96
2	82	-180	222989664	5	-6	0	-6	0	0	0	85	-61	54	-84	-28	96
2	82	-180	222991664	4	-4	0	-5	0	-1	0	85	-62	54	-84	-28	96
2	82	-180	222993676	4	-5	1	-4	1	0	0	86	-62	54	-84	-28	96
2	82	-180	222995640	4	-5	0	-5	0	0	0	86	-62	54	-84	-28	96
2	82	-180	222997648	4	-3	1	-5	0	0	0	86	-62	54	-84	-28	96
2	82	-180	222999660	2	-4	0	-2	0	-1	0	86	-63	54	-84	-28	96
2	82	-180	223001648	4	-4	1	-4	0	0	0	86	-63	54	-84	-28	96
2	82	-180	223003644	3	-3	0	-3	0	0	0	86	-63	54	-84	-28	96
2	82	-180	223005648	2	-3	0	-4	0	0	0	86	-63	54	-84	-28	96
2	82	-180	223007652	3	-3	0	-3	0	-1	0	86	-64	54	-84	-28	96
2	82	-180	223009664	2	-4	1	-3	1	0	0	87	-64	54	-84	-28	96
2	82	-180	223011636	2	-3	0	-3	0	0	0	87	-64	54	-84	-28	96
2	82	-180	223013636	2	-3	0	-3	0	0	0	87	-64	54	-84	-28	96
2	82	-180	223015656	1	-1	1	-2	0	0	0	87	-64	54	-84	-28	96
2	82	-180	223017640	2	-3	0	-3	0	0	0	87	-64	54	-84	-28	96
2	82	-180	223019652	1	-2	0	-2	0	-1	0	87	-65	54	-84	-28	96
2	82	-180	223021640	1	-3	0	-3	0	0	0	87	-65	54	-84	-28	96
2	82	-180	223023640	1	-3	0	-2	0	0	0	87	-65	54	-84	-28	96
2	82	-180	223025636	1	-3	0	-3	0	0	0	87	-65	54	-84	-28	96
2	82	-180	223027632	1	-2	0	-3	0	0	0	87	-65	54	-84	-28	96
2	82	-180	223029652	1	-3	1	-3	0	-1	0	87	-66	54	-84	-28	96
2	82	-180	223031632	1	-3	0	-3	0	0	0	87	-66	54	-84	-28	96
2	82	-180	223033628	1	-3	0	-3	0	0	0	87	-66	54	-84	-28	96
2	82	-180	223035624	2	-3	0	-4	0	0	0	87	-66	54	-84	-28	96
2	82	-180	223037612	0	-2	0	-4	0	0	0	87	-66	54	-84	-28	96
2	82	-180	223039632	2	-4	0	-2	0	-1	0	87	-67	54	-84	-28	96
2	82	-180	223041632	1	-4	1	-4	0	0	0	87	-67	54	-84	-28	96
2	82	-180	223043628	1	-3	0	-4	0	0	0	87	-67	54	-84	-28	96
2	82	-180	223045632	1	-3	0	-3	0	0	0	87	-67	54	-84	-28	96
2	82	-180	223047632	0	-2	1	-3	0	0	0	87	-67	54	-84	-28	96
2	82	-180	223049644	1	-4	0	-3	0	-1	0	87	-68	54	-84	-28	96
2	82	-180	223051616	0	-3	0	-4	0	0	0	87	-68	54	-84	-28	96
2	82	-180	223053620	0	-4	0	-3	0	0	0	87	-68	54	-84	-28	96
2	82	-180	223055632	0	-3	1	-3	0	0	0	87	-68	54	-84	-28	96
2	82	-180	223057628	0	-3	0	-3	0	-1	0	87	-69	54	-84	-28	96
2	82	-180	223059624	0	-3	0	-2	0	0	0	87	-69	54	-84	-28	96
2	82	-180	223061652	0	-2	1	-3	1	0	0	88	-69	54	-84	-28	96
2	82	-180	223063632	0	-2	0	-2	0	0	0	88	-69	54	-84	-28	96
2	82	-180	223065632	0	-2	0	-2	0	0	0	88	-69	54	-84	-28	96
2	82	-180	223067632	0	-1	0	-1	0	0	0	88	-69	54	-84	-28	96
2	82	-180	223069632	0	-1	0	0	0	0	0	88	-69	54	-84	-28	96
2	82	-180	223071628	0	0	0	-1	0	0	0	88	-69	54	-84	-28	96
2	82	-180	223073624	0	-1	0	0	0	0	0	88	-69	54	-84	-28	96
2	82	-180	223077620	-1	0	1	0	0	0	1	88	-69	54	-84	-28	96
3	82	-180	223083616	-1	0	0	0	0	0	1	54	-84	54	-84	-28	96
3	82	-180	223085620	0	0	0	-1	0	0	1	54	-84	54	-84	-28	96
3	-130	149	223087612	-1	0	0	0	0	0	1	54	-84	-76	65	54	-84
3	-130	149	223095616	-1	0	0	0	0	0	1	54	-84	-76	65	54	-84
3	-130	149	223113632	-1	0	0	0	0	0	1	54	-84	-76	65	54	-84
3	-130	149	223123628	0	0	0	1	0	0	1	54	-84	-76	65	54	-84
3	-130	149	223133636	0	0	0	1	0	0	1	54	-84	-76	65	54	-84
3	-130	149	223137636	0	1	0	0	0	0	1	54	-84	-76	65	54	-84
3	-130	149	223143644	0	1	0	1	0	0	1	54	-84	-76	65	54	-84
3	-130	149	223145640	-1	0	0	0	0	0	1	54	-84	-76	65	54	-84
3	-130	149	223147652	-1	1	0	1	0	0	1	54	-84	-76	65	54	-84
3	-130	149	223149656	-3	0	0	1	0	0	1	54	-84	-76	65	54	-84
3	-130	149	223151660	-4	2	0	1	0	0	1	54	-84	-76	65	54	-84
3	-130	149	223153664	-6	1	-1	2	0	0	1	54	-84	-76	65	54	-84
3	-130	149	223155668	-6	3	-3	3	0	0	1	54	-84	-76	65	54	-84
3	-130	149	223157684	-9	3	-4	2	-1	0	1	53	-84	-76	65	54	-84
3	-130	149	223159668	-10	4	-4	6	0	0	1	53	-84	-76	65	54	-84
3	-130	149	223161688	-11	6	-5	5	-1	0	1	52	-84	-76	65	54	-84
3	-130	149	223163704	-13	7	-6	7	-1	1	1	51	-83	-76	65	54	-84
3	-130	149	223165676	-14	7	-8	9	0	0	1	51	-83	-76	65	54	-84
3	-130	149	223167688	-14	9	-9	8	-1	1	1	50	-82	-76	65	54	-84
3	-130	149	223169676	-15	8	-9	10	-1	0	1	49	-82	-76	65	54	-84
3	-130	149	223171684	-16	10	-9	11	-1	1	1	48	-81	-76	65	54	-84
3	-130	149	223173688	-16	12	-10	11	-1	1	1	47	-80	-76	65	54	-84
3	-130	149	223175692	-19	12	-11	14	-1	1	1	46	-79	-76	65	54	-84
3	-130	149	223177672	-19	14	-10	13	0	1	0	46	-78	-76	65	54	-84
3	-130	149	223179688	-20	14	-12	17	-2	1	0	44	-77	-76	65	54	-84
3	-130	149	223181688	-21	15	-12	15	-1	1	0	43	-76	-76	65	54	-84
3	-130	149	223183688	-22	16	-12	16	-1	1	0	42	-75	-76	65	54	-84
3	-130	149	223185684	-23	17	-13	19	-1	1	0	41	-74	-76	65	54	-84
3	-130	149	223187680	-27	18	-11	17	-1	1	0	40	-73	-76	65	54	-84
3	-130	149	223189676	-26	18	-14	20	-2	1	0	38	-72	-76	65	54	-84
3	-130	149	223191672	-25	19	-13	19	-1	2	0	37	-70	-76	65	54	-84
3	-130	149	223193676	-26	19	-12	19	-1	1	0	36	-69	-76	65	54	-84
3	-130	149	223195672	-27	19	-14	21	-1	1	0	35	-68	-76	65	54	-84
3	-130	149	223197672	-28	21	-13	21	-2	2	0	33	-66	-76	65	54	-84
3	-130	149	223199668	-28	22	-14	23	-1	1	0	32	-65	-76	65	54	-84
3	-130	149	223201668	-29	21	-13	21	-2	2	0	30	-63	-76	65	54	-84
3	-130	149	223203676	-30	23	-13	22	-1	1	0	29	-62	-76	65	54	-84
3	-130	149	223205672	-30	23	-15	25	-2	2	0	27	-60	-76	65	54	-84
3	-130	149	223207672	-30	24	-13	23	-1	1	0	26	-59	-76	65	54	-84
3	-130	149	223209656	-32	25	-15	28	-2	2	0	24	-57	-76	65	54	-84
3	-130	149	223211652	-32	24	-13	24	-1	2	0	23	-55	-76	65	54	-84
3	-130	149	223213660	-32	26	-15	26	-2	1	0	21	-54	-76	65	54	-84
3	-130	149	223215656	-34	27	-15	29	-1	2	0	20	-52	-76	65	54	-84
3	-130	149	223217648	-35	27	-15	27	-2	2	0	18	-50	-76	65	54	-84
3	-130	149	223219648	-35	28	-15	31	-2	2	0	16	-48	-76	65	54	-84
3	-130	149	223221644	-36	27	-15	28	-1	2	0	15	-46	-76	65	54	-84
3	-130	149	223223640	-37	29	-13	29	-2	2	0	13	-44	-76	65	54	-84
3	-130	149	223225648	-36	29	-15	32	-2	2	0	11	-42	-76	65	54	-84
3	-130	149	223227648	-39	30	-14	29	-1	2	0	10	-40	-76	65	54	-84
3	-130	149	223229644	-38	30	-15	34	-2	2	0	8	-38	-76	65	54	-84
3	-130	149	223231644	-40	30	-14	30	-2	2	0	6	-36	-76	65	54	-84
3	-130	149	223233648	-41	31	-15	30	-2	2	0	4	-34	-76	65	54	-84
3	-130	149	223235656	-47	35	-16	36	-2	2	0	2	-32	-76	65	54	-84
3	-130	149	223237648	-43	30	-14	31	-2	2	0	0	-30	-76	65	54	-84
3	-130	149	223239656	-44	31	-16	35	-2	2	0	-2	-28	-76	65	54	-84
3	-130	149	223241656	-46	32	-14	33	-2	3	0	-4	-25	-76	65	54	-84
3	-130	149	223243652	-45	32	-15	32	-2	2	0	-6	-23	-76	65	54	-84
3	-130	149	223245644	-46	32	-16	37	-2	2	0	-8	-21	-76	65	54	-84
3	-130	149	223247648	-46	32	-14	32	-2	2	0	-10	-19	-76	65	54	-84
3	-130	149	223249644	-45	32	-15	37	-2	3	0	-12	-16	-76	65	54	-84
3	-130	149	223251644	-45	33	-13	32	-2	2	0	-14	-14	-76	65	54	-84
3	-130	149	223253644	-45	33	-13	33	-2	2	0	-16	-12	-76	65	54	-84
3	-130	149	223255636	-44	32	-16	37	-2	2	0	-18	-10	-76	65	54	-84
3	-130	149	223257640	-45	33	-13	33	-2	2	0	-20	-8	-76	65	54	-84
3	-130	149	223259636	-44	32	-15	38	-2	3	0	-22	-5	-76	65	54	-84
3	-130	149	223261632	-44	32	-13	32	-2	2	0	-24	-3	-76	65	54	-84
3	-130	149	223263628	-44	32	-12	33	-1	2	0	-25	-1	-76	65	54	-84
3	-130	149	223265628	-43	32	-14	36	-2	2	0	-27	1	-76	65	54	-84
3	-130	149	223267632	-42	32	-14	32	-2	2	0	-29	3	-76	65	54	-84
3	-130	149	223269628	-41	31	-13	35	-2	3	0	-31	6	-76	65	54	-84
3	-130	149	223271628	-42	31	-11	30	-2	2	0	-33	8	-76	65	54	-84
3	-130	149	223273632	-39	31	-11	31	-1	2	0	-34	10	-76	65	54	-84
3	-130	149	223275628	-39	30	-12	34	-2	2	0	-36	12	-76	65	54	-84
3	-130	149	223277632	-39	30	-11	29	-2	2	0	-38	14	-76	65	54	-84
3	-130	149	223279632	-37	29	-11	33	-1	2	0	-39	16	-76	65	54	-84
3	-130	149	223281632	-37	29	-10	28	-2	2	0	-41	18	-76	65	54	-84
3	-130	149	223283644	-39	31	-10	27	-2	2	0	-43	20	-76	65	54	-84
3	-130	149	223285636	-34	26	-11	30	-1	2	0	-44	22	-76	65	54	-84
3	-130	149	223287632	-32	26	-8	26	-1	1	0	-45	23	-76	65	54	-84
3	-130	149	223289628	-31	26	-11	29	-2	2	0	-47	25	-76	65	54	-84
3	-130	149	223291636	-30	24	-8	25	-1	2	0	-48	27	-76	65	54	-84
3	-130	149	223293632	-30	24	-8	24	-1	1	0	-49	28	-76	65	54	-84
3	-130	149	223295632	-28	24	-9	26	-2	2	0	-51	30	-76	65	54	-84
3	-130	149	223297632	-27	22	-7	23	-1	2	0	-52	32	-76	65	54	-84
3	-130	149	223299632	-26	22	-8	24	-1	1	0	-53	33	-76	65	54	-84
3	-130	149	223301636	-26	20	-7	21	-1	1	0	-54	34	-76	65	54	-84
3	-130	149	223303628	-25	20	-6	21	-1	2	0	-55	36	-76	65	54	-84
3	-130	149	223305628	-24	21	-7	22	-1	1	0	-56	37	-76	65	54	-84
3	-130	149	223307628	-25	18	-6	19	-1	1	0	-57	38	-76	65	54	-84
3	-130	149	223309632	-24	19	-7	20	-1	2	0	-58	40	-76	65	54	-84
3	-130	149	223311628	-23	19	-6	18	-1	1	0	-59	41	-76	65	54	-84
3	-130	149	223313624	-23	17	-7	17	-1	1	0	-60	42	-76	65	54	-84
3	-130	149	223315628	-23	18	-7	20	-1	1	0	-61	43	-76	65	54	-84
3	-130	149	223317628	-22	16	-7	16	-1	1	0	-62	44	-76	65	54	-84
3	-130	149	223319628	-24	16	-7	19	-1	2	0	-63	46	-76	65	54	-84
3	-130	149	223321628	-22	16	-7	15	-1	1	0	-64	47	-76	65	54	-84
3	-130	149	223323628	-23	15	-7	15	-1	1	0	-65	48	-76	65	54	-84
3	-130	149	223325632	-23	14	-7	16	-1	1	0	-66	49	-76	65	54	-84
3	-130	149	223327632	-27	16	-8	15	-1	1	0	-67	50	-76	65	54	-84
3	-130	149	223329636	-24	14	-7	16	-1	1	0	-68	51	-76	65	54	-84
3	-130	149	223331636	-24	13	-8	13	-1	1	0	-69	52	-76	65	54	-84
3	-130	149	223333628	-25	13	-6	14	-1	0	0	-70	52	-76	65	54	-84
3	-130	149	223335644	-25	12	-8	14	-1	1	0	-71	53	-76	65	54	-84
3	-130	149	223337636	-26	11	-7	12	-2	1	0	-73	54	-76	65	54	-84
3	-130	149	223339640	-26	12	-8	14	-1	1	0	-74	55	-76	65	54	-84
3	-130	149	223341644	-26	12	-8	11	-1	1	0	-75	56	-76	65	54	-84
3	-130	149	223343644	-29	11	-9	13	-1	1	0	-76	57	-76	65	54	-84
3	-130	149	223345632	-28	11	-7	11	-1	0	0	-77	57	-76	65	54	-84
3	-130	149	223347648	-28	10	-8	11	-1	1	0	-78	58	-76	65	54	-84
3	-130	149	223349652	-29	11	-9	12	-2	1	0	-80	59	-76	65	54	-84
3	-130	149	223351636	-28	10	-7	10	-1	0	0	-81	59	-76	65	54	-84
3	-130	149	223353644	-29	9	-10	12	-1	1	0	-82	60	-76	65	54	-84
3	-130	149	223355648	-29	11	-7	9	-1	1	0	-83	61	-76	65	54	-84
3	-130	149	223357632	-28	9	-8	10	-2	0	0	-85	61	-76	65	54	-84
3	-130	149	223359640	-28	10	-9	12	-1	1	0	-86	62	-76	65	54	-84
3	-130	149	223361640	-28	10	-8	9	-1	1	0	-87	63	-76	65	54	-84
3	-130	149	223363632	-27	9	-8	10	-1	0	0	-88	63	-76	65	54	-84
3	-130	149	223365640	-26	10	-8	11	-1	1	0	-89	64	-76	65	54	-84
3	-130	149	223367644	-25	9	-7	10	-1	1	0	-90	65	-76	65	54	-84
3	-130	149	223369624	-26	9	-9	11	-2	0	0	-92	65	-76	65	54	-84
3	-130	149	223371644	-28	11	-7	9	-1	1	0	-93	66	-76	65	54	-84
3	-130	149	223373640	-24	9	-8	12	-1	1	0	-94	67	-76	65	54	-84
3	-130	149	223375624	-23	9	-7	10	-1	0	0	-95	67	-76	65	54	-84
3	-130	149	223377640	-21	11	-7	10	-1	1	0	-96	68	-76	65	54	-84
3	-130	149	223379636	-22	9	-7	11	-1	1	0	-97	69	-76	65	54	-84
3	-130	149	223381620	-21	9	-7	10	-1	0	0	-98	69	-76	65	54	-84
3	-130	149	223383632	-21	11	-7	10	-1	1	0	-99	70	-76	65	54	-84
3	-130	149	223385616	-20	8	-6	10	0	1	0	-99	71	-76	65	54	-84
3	-130	149	223387620	-19	10	-5	8	-1	0	0	-100	71	-76	65	54	-84
3	-130	149	223389628	-18	8	-7	10	-1	1	0	-101	72	-76	65	54	-84
3	-130	149	223391612	-18	8	-5	8	-1	0	0	-102	72	-76	65	54	-84
3	-130	149	223393628	-16	8	-4	7	-1	1	0	-103	73	-76	65	54	-84
3	-130	149	223395596	-16	7	-5	9	0	0	0	-103	73	-76	65	54	-84
3	-130	149	223397620	-15	7	-5	6	-1	1	0	-104	74	-76	65	54	-84
3	-130	149	223399600	-14	7	-3	9	0	0	0	-104	74	-76	65	54	-84
3	-130	149	223401628	-13	6	-3	5	-1	1	0	-105	75	-76	65	54	-84
3	-130	149	223403624	-13	6	-4	7	-1	0	0	-106	75	-76	65	54	-84
3	-130	149	223405628	-12	5	-2	6	0	1	0	-106	76	-76	65	54	-84
3	-130	149	223407632	-12	5	-3	5	-1	0	0	-107	76	-76	65	54	-84
3	-130	149	223409620	-10	6	-2	6	0	0	0	-107	76	-76	65	54	-84
3	-130	149	223411628	-11	4	-1	6	0	1	0	-107	77	-76	65	54	-84
3	-130	149	223413628	-10	5	-2	4	-1	0	0	-108	77	-76	65	54	-84
3	-130	149	223415608	-10	5	-1	6	0	0	0	-108	77	-76	65	54	-84
3	-130	149	223417640	-11	4	-2	4	-1	1	0	-109	78	-76	65	54	-84
3	-130	149	223419612	-8	5	-1	5	0	0	0	-109	78	-76	65	54	-84
3	-130	149	223421596	-9	5	-1	5	0	0	0	-109	78	-76	65	54	-84
3	-130	149	223423612	-8	4	-1	5	0	1	0	-109	79	-76	65	54	-84
3	-130	149	223425616	-8	4	-1	4	-1	0	0	-110	79	-76	65	54	-84
3	-130	149	223427604	-7	5	-1	5	0	0	0	-110	79	-76	65	54	-84
3	-130	149	223429604	-8	4	0	6	0	1	0	-110	80	-76	65	54	-84
3	-130	149	223431620	-7	4	-1	3	-1	0	0	-111	80	-76	65	54	-84
3	-130	149	223433596	-7	5	0	5	0	0	1	-111	80	-76	65	54	-84
4	-130	149	223435596	-6	5	0	5	0	0	1	-76	65	-76	65	54	-84
4	-130	149	223437612	-7	4	0	4	0	1	1	-76	66	-76	65	54	-84
4	-130	149	223439600	-8	5	0	6	0	0	1	-76	66	-76	65	54	-84
4	-130	149	223441608	-6	6	0	5	-1	0	1	-77	66	-76	65	54	-84
4	-130	149	223443608	-7	5	0	5	0	1	1	-77	67	-76	65	54	-84
4	167	-107	223445592	-5	4	0	4	0	0	1	-77	67	91	-42	-76	65
4	167	-107	223447608	-5	4	0	3	0	0	1	-77	67	91	-42	-76	65
4	167	-107	223449620	-4	4	1	4	0	1	1	-77	68	91	-42	-76	65
4	167	-107	223451596	-3	2	0	2	0	0	1	-77	68	91	-42	-76	65
4	167	-107	223453608	-2	0	1	2	0	0	1	-77	68	91	-42	-76	65
4	167	-107	223455616	-2	2	0	1	-1	0	1	-78	68	91	-42	-76	65
4	167	-107	223457596	-2	0	0	1	0	0	1	-78	68	91	-42	-76	65
4	167	-107	223459604	-1	1	1	1	0	0	1	-78	68	91	-42	-76	65
4	167	-107	223461584	0	0	0	1	0	0	1	-78	68	91	-42	-76	65
4	167	-107	223463588	0	1	0	0	0	0	1	-78	68	91	-42	-76	65
4	167	-107	223467588	-1	0	0	0	0	0	1	-78	68	91	-42	-76	65
4	167	-107	223477600	0	0	0	-1	0	0	1	-78	68	91	-42	-76	65
4	167	-107	223483608	0	-1	1	-1	0	0	1	-78	68	91	-42	-76	65
4	167	-107	223489604	0	0	0	-1	0	0	1	-78	68	91	-42	-76	65
4	167	-107	223491608	0	-1	0	-1	0	0	1	-78	68	91	-42	-76	65
4	167	-107	223493628	1	0	1	-1	0	0	1	-78	68	91	-42	-76	65
4	167	-107	223495604	0	-2	0	-1	0	0	1	-78	68	91	-42	-76	65
4	167	-107	223497620	2	-1	1	-2	0	0	1	-78	68	91	-42	-76	65
4	167	-107	223499624	2	-3	1	-3	0	0	1	-78	68	91	-42	-76	65
4	167	-107	223501624	3	-5	2	-4	0	0	1	-78	68	91	-42	-76	65
4	167	-107	223503624	6	-7	3	-7	0	0	1	-78	68	91	-42	-76	65
4	167	-107	223505648	8	-10	5	-9	1	-1	1	-77	67	91	-42	-76	65
4	167	-107	223507636	10	-11	6	-11	0	-1	1	-77	66	91	-42	-76	65
4	167	-107	223509652	12	-13	4	-14	1	-1	1	-76	65	91	-42	-76	65
4	167	-107	223511640	15	-15	6	-14	0	-1	1	-76	64	91	-42	-76	65
4	167	-107	223513652	18	-16	8	-19	1	-1	1	-75	63	91	-42	-76	65
4	167	-107	223515656	20	-17	6	-17	1	-1	1	-74	62	91	-42	-76	65
4	167	-107	223517656	21	-18	9	-20	1	-1	1	-73	61	91	-42	-76	65
4	167	-107	223519656	25	-17	7	-16	1	-1	0	-72	60	91	-42	-76	65
4	167	-107	223521652	26	-17	8	-18	1	-2	0	-71	58	91	-42	-76	65
4	167	-107	223523648	28	-17	9	-21	1	-1	0	-70	57	91	-42	-76	65
4	167	-107	223525648	30	-18	8	-19	2	-1	0	-68	56	91	-42	-76	65
4	167	-107	223527656	33	-18	11	-21	1	-1	0	-67	55	91	-42	-76	65
4	167	-107	223529652	34	-19	10	-20	2	-2	0	-65	53	91	-42	-76	65
4	167	-107	223531648	38	-20	11	-20	1	-1	0	-64	52	91	-42	-76	65
4	167	-107	223533656	40	-21	13	-23	2	-1	0	-62	51	91	-42	-76	65
4	167	-107	223535660	42	-21	13	-22	2	-2	0	-60	49	91	-42	-76	65
4	167	-107	223537656	44	-21	15	-24	2	-1	0	-58	48	91	-42	-76	65
4	167	-107	223539652	48	-22	15	-21	2	-2	0	-56	46	91	-42	-76	65
4	167	-107	223541648	49	-22	16	-24	2	-1	0	-54	45	91	-42	-76	65
4	167	-107	223543648	52	-23	20	-25	3	-2	0	-51	43	91	-42	-76	65
4	167	-107	223545648	52	-22	18	-24	2	-1	0	-49	42	91	-42	-76	65
4	167	-107	223547644	62	-26	21	-26	3	-2	0	-46	40	91	-42	-76	65
4	167	-107	223549632	57	-23	21	-24	2	-2	0	-44	38	91	-42	-76	65
4	167	-107	223551632	59	-23	22	-24	3	-1	0	-41	37	91	-42	-76	65
4	167	-107	223553640	61	-25	24	-28	3	-2	0	-38	35	91	-42	-76	65
4	167	-107	223555644	62	-23	23	-24	3	-2	0	-35	33	91	-42	-76	65
4	167	-107	223557644	65	-26	27	-29	3	-1	0	-32	32	91	-42	-76	65
4	167	-107	223559644	65	-25	23	-27	3	-2	0	-29	30	91	-42	-76	65
4	167	-107	223561644	68	-26	25	-27	3	-2	0	-26	28	91	-42	-76	65
4	167	-107	223563640	67	-26	28	-31	3	-2	0	-23	26	91	-42	-76	65
4	167	-107	223565636	69	-27	24	-28	3	-2	0	-20	24	91	-42	-76	65
4	167	-107	223567636	69	-27	28	-32	3	-2	0	-17	22	91	-42	-76	65
4	167	-107	223569632	71	-27	25	-29	3	-2	0	-14	20	91	-42	-76	65
4	167	-107	223571636	72	-28	26	-28	4	-1	0	-10	19	91	-42	-76	65
4	167	-107	223573632	72	-28	28	-34	3	-2	0	-7	17	91	-42	-76	65
4	167	-107	223575632	73	-29	25	-29	3	-2	0	-4	15	91	-42	-76	65
4	167	-107	223577628	73	-29	29	-32	4	-2	0	0	13	91	-42	-76	65
4	167	-107	223579636	74	-28	27	-30	3	-2	0	3	11	91	-42	-76	65
4	167	-107	223581632	73	-30	26	-30	3	-2	0	6	9	91	-42	-76	65
4	167	-107	223583632	74	-29	29	-33	4	-2	0	10	7	91	-42	-76	65
4	167	-107	223585628	73	-29	26	-30	3	-2	0	13	5	91	-42	-76	65
4	167	-107	223587636	74	-29	28	-33	3	-2	0	16	3	91	-42	-76	65
4	167	-107	223589632	73	-30	26	-30	4	-2	0	20	1	91	-42	-76	65
4	167	-107	223591628	73	-29	25	-30	3	-2	0	23	-1	91	-42	-76	65
4	167	-107	223593624	80	-32	27	-33	4	-3	0	27	-4	91	-42	-76	65
4	167	-107	223595620	71	-28	24	-30	3	-2	0	30	-6	91	-42	-76	65
4	167	-107	223597616	69	-28	28	-34	3	-2	0	33	-8	91	-42	-76	65
4	167	-107	223599620	69	-28	23	-30	3	-2	0	36	-10	91	-42	-76	65
4	167	-107	223601616	67	-27	23	-29	3	-1	0	39	-11	91	-42	-76	65
4	167	-107	223603608	67	-27	26	-33	3	-2	0	42	-13	91	-42	-76	65
4	167	-107	223605612	64	-28	22	-29	3	-2	0	45	-15	91	-42	-76	65
4	167	-107	223607612	64	-26	26	-31	3	-2	0	48	-17	91	-42	-76	65
4	167	-107	223609604	61	-25	21	-29	3	-2	0	51	-19	91	-42	-76	65
4	167	-107	223611612	60	-26	21	-28	2	-2	0	53	-21	91	-42	-76	65
4	167	-107	223613608	57	-25	23	-29	3	-2	0	56	-23	91	-42	-76	65
4	167	-107	223615608	56	-24	20	-26	3	-1	0	59	-24	91	-42	-76	65
4	167	-107	223617612	52	-25	21	-27	2	-2	0	61	-26	91	-42	-76	65
4	167	-107	223619620	52	-23	17	-25	2	-2	0	63	-28	91	-42	-76	65
4	167	-107	223621616	47	-23	17	-24	3	-1	0	66	-29	91	-42	-76	65
4	167	-107	223623616	46	-23	18	-25	2	-2	0	68	-31	91	-42	-76	65
4	167	-107	223625616	43	-21	16	-23	2	-1	0	70	-32	91	-42	-76	65
4	167	-107	223627612	39	-21	17	-23	2	-2	0	72	-34	91	-42	-76	65
4	167	-107	223629608	36	-20	14	-21	1	-1	0	73	-35	91	-42	-76	65
4	167	-107	223631612	32	-19	12	-19	2	-1	0	75	-36	91	-42	-76	65
4	167	-107	223633600	30	-18	13	-21	1	-2	0	76	-38	91	-42	-76	65
4	167	-107	223635596	28	-17	10	-17	1	-1	0	77	-39	91	-42	-76	65
4	167	-107	223637596	24	-16	10	-19	1	-1	0	78	-40	91	-42	-76	65
4	167	-107	223639588	21	-16	7	-16	1	-1	0	79	-41	91	-42	-76	65
4	167	-107	223641588	20	-15	8	-15	1	-1	0	80	-42	91	-42	-76	65
4	167	-107	223643592	21	-16	6	-16	1	-1	0	81	-43	91	-42	-76	65
4	167	-107	223645592	17	-14	5	-14	1	-1	0	82	-44	91	-42	-76	65
4	167	-107	223647592	15	-13	5	-14	1	-1	0	83	-45	91	-42	-76	65
4	167	-107	223649572	14	-12	4	-12	0	-1	0	83	-46	91	-42	-76	65
4	167	-107	223651584	12	-12	3	-12	1	-1	0	84	-47	91	-42	-76	65
4	167	-107	223653564	12	-11	3	-13	0	0	0	84	-47	91	-42	-76	65
4	167	-107	223655588	11	-11	3	-11	1	-1	0	85	-48	91	-42	-76	65
4	167	-107	223657580	11	-11	2	-12	0	-1	0	85	-49	91	-42	-76	65
4	167	-107	223659596	10	-12	2	-10	1	-1	0	86	-50	91	-42	-76	65
4	167	-107	223661576	10	-11	2	-11	0	0	0	86	-50	91	-42	-76	65
4	167	-107	223663588	10	-10	1	-13	0	-1	0	86	-51	91	-42	-76	65
4	167	-107	223665608	10	-11	1	-10	1	-1	0	87	-52	91	-42	-76	65
4	167	-107	223667600	9	-12	1	-13	0	-1	0	87	-53	91	-42	-76	65
4	167	-107	223669588	11	-10	1	-10	0	0	0	87	-53	91	-42	-76	65
4	167	-107	223671612	9	-11	1	-12	1	-1	0	88	-54	91	-42	-76	65
4	167	-107	223673600	9	-11	1	-12	0	-1	0	88	-55	91	-42	-76	65
4	167	-107	223675580	11	-10	1	-10	0	0	0	88	-55	91	-42	-76	65
4	167	-107	223677600	9	-10	1	-11	1	-1	0	89	-56	91	-42	-76	65
4	167	-107	223679576	9	-11	0	-10	0	-1	0	89	-57	91	-42	-76	65
4	167	-107	223681580	9	-10	1	-10	0	-1	0	89	-58	91	-42	-76	65
4	167	-107	223683572	9	-9	0	-9	1	0	0	90	-58	91	-42	-76	65
4	167	-107	223685572	8	-10	1	-10	0	-1	0	90	-59	91	-42	-76	65
4	167	-107	223687564	7	-9	1	-10	0	0	0	90	-59	91	-42	-76	65
4	167	-107	223689576	9	-10	0	-8	1	-1	0	91	-60	91	-42	-76	65
4	167	-107	223691572	7	-10	1	-9	0	-1	0	91	-61	91	-42	-76	65
4	167	-107	223693564	7	-8	1	-9	0	0	0	91	-61	91	-42	-76	65
4	167	-107	223695576	7	-9	1	-10	0	-1	0	91	-62	91	-42	-76	65
4	167	-107	223697572	8	-9	1	-9	1	0	0	92	-62	91	-42	-76	65
4	167	-107	223699572	6	-8	0	-8	0	-1	0	92	-63	91	-42	-76	65
4	167	-107	223701580	8	-9	1	-11	0	-1	0	92	-64	91	-42	-76	65
4	167	-107	223703560	6	-8	0	-7	0	0	0	92	-64	91	-42	-76	65
4	167	-107	223705580	8	-8	0	-8	1	-1	0	93	-65	91	-42	-76	65
4	167	-107	223707568	6	-7	2	-8	0	0	0	93	-65	91	-42	-76	65
4	167	-107	223709584	7	-7	1	-6	0	-1	0	93	-66	91	-42	-76	65
4	167	-107	223711568	6	-5	2	-5	0	0	0	93	-66	91	-42	-76	65
4	167	-107	223713588	5	-6	1	-6	1	0	0	94	-66	91	-42	-76	65
4	167	-107	223715584	5	-4	2	-4	0	-1	0	94	-67	91	-42	-76	65
4	167	-107	223717564	4	-3	1	-5	0	0	0	94	-67	91	-42	-76	65
4	167	-107	223719564	3	-4	1	-2	0	0	0	94	-67	91	-42	-76	65
4	167	-107	223721564	3	-2	1	-3	0	0	0	94	-67	91	-42	-76	65
4	167	-107	223723552	2	-2	0	-2	0	0	0	94	-67	91	-42	-76	65
4	167	-107	223725560	1	-1	1	-1	0	0	0	94	-67	91	-42	-76	65
4	167	-107	223727556	0	-1	0	-1	0	-1	0	94	-68	91	-42	-76	65
4	167	-107	223729564	0	-1	1	0	1	0	0	95	-68	91	-42	-76	65
4	167	-107	223743556	-1	0	0	0	0	0	0	95	-68	91	-42	-76	65
4	167	-107	223749564	-1	0	0	0	0	0	1	95	-68	91	-42	-76	65
5	-190	56	223755572	-1	0	0	0	0	0	1	91	-42	-99	14	91	-42
5	-190	56	223759568	-1	0	0	0	0	0	1	91	-42	-99	14	91	-42
5	-190	56	223769580	-1	0	0	0	0	0	1	91	-42	-99	14	91	-42
5	-190	56	223777588	-1	0	0	0	0	0	1	91	-42	-99	14	91	-42
5	-190	56	223779564	0	0	0	1	0	0	1	91	-42	-99	14	91	-42
5	-190	56	223785584	0	1	0	0	0	0	1	91	-42	-99	14	91	-42
5	-190	56	223787592	0	0	0	1	0	0	1	91	-42	-99	14	91	-42
5	-190	56	223797604	-1	1	0	0	0	0	1	91	-42	-99	14	91	-42
5	-190	56	223799600	0	0	0	1	0	0	1	91	-42	-99	14	91	-42
5	-190	56	223803608	-1	1	0	0	0	0	1	91	-42	-99	14	91	-42
5	-190	56	223805600	0	0	1	0	0	0	1	91	-42	-99	14	91	-42
5	-190	56	223807608	-2	1	0	1	0	0	1	91	-42	-99	14	91	-42
5	-190	56	223809604	-2	2	0	0	0	0	1	91	-42	-99	14	91	-42
5	-190	56	223811616	-3	1	1	1	0	0	1	91	-42	-99	14	91	-42
5	-190	56	223813604	-5	2	0	2	0	0	1	91	-42	-99	14	91	-42
5	-190	56	223815604	-5	1	0	2	0	0	1	91	-42	-99	14	91	-42
5	-190	56	223817620	-8	2	0	2	-1	0	1	90	-42	-99	14	91	-42
5	-190	56	223819604	-8	3	0	3	0	0	1	90	-42	-99	14	91	-42
5	-190	56	223821620	-10	3	0	4	0	1	1	90	-41	-99	14	91	-42
5	-190	56	223823616	-12	4	0	4	-1	0	1	89	-41	-99	14	91	-42
5	-190	56	223825612	-13	4	-2	4	0	0	1	89	-41	-99	14	91	-42
5	-190	56	223827636	-14	5	-2	5	-1	1	1	88	-40	-99	14	91	-42
5	-190	56	223829608	-16	5	-3	6	0	0	1	88	-40	-99	14	91	-42
5	-190	56	223831616	-17	5	-2	6	-1	0	1	87	-40	-99	14	91	-42
5	-190	56	223833628	-18	6	-4	6	-1	1	1	86	-39	-99	14	91	-42
5	-190	56	223835600	-19	7	-5	8	0	0	1	86	-39	-99	14	91	-42
5	-190	56	223837620	-23	7	-6	7	-1	1	1	85	-38	-99	14	91	-42
5	-190	56	223839612	-23	8	-7	8	-1	0	1	84	-38	-99	14	91	-42
5	-190	56	223841624	-26	9	-10	11	-2	1	1	82	-37	-99	14	91	-42
5	-190	56	223843620	-29	9	-9	10	-1	0	1	81	-37	-99	14	91	-42
5	-190	56	223845628	-31	12	-12	12	-1	1	1	80	-36	-99	14	91	-42
5	-190	56	223847616	-34	11	-13	12	-2	1	1	78	-35	-99	14	91	-42
5	-190	56	223849620	-38	12	-15	14	-2	1	0	76	-34	-99	14	91	-42
5	-190	56	223851616	-39	13	-16	13	-1	1	0	75	-33	-99	14	91	-42
5	-190	56	223853612	-43	12	-17	14	-2	1	0	73	-32	-99	14	91	-42
5	-190	56	223855616	-46	14	-21	16	-3	1	0	70	-31	-99	14	91	-42
5	-190	56	223857624	-55	15	-20	14	-2	1	0	68	-30	-99	14	91	-42
5	-190	56	223859620	-54	15	-24	16	-3	1	0	65	-29	-99	14	91	-42
5	-190	56	223861616	-56	15	-22	15	-2	1	0	63	-28	-99	14	91	-42
5	-190	56	223863608	-59	15	-24	15	-3	1	0	60	-27	-99	14	91	-42
5	-190	56	223865612	-62	15	-28	18	-3	1	0	57	-26	-99	14	91	-42
5	-190	56	223867608	-65	15	-26	17	-3	1	0	54	-25	-99	14	91	-42
5	-190	56	223869612	-66	16	-32	19	-3	1	0	51	-24	-99	14	91	-42
5	-190	56	223871608	-70	16	-30	18	-4	1	0	47	-23	-99	14	91	-42
5	-190	56	223873608	-71	16	-32	18	-3	1	0	44	-22	-99	14	91	-42
5	-190	56	223875616	-75	17	-37	20	-4	1	0	40	-21	-99	14	91	-42
5	-190	56	223877612	-77	17	-33	18	-4	2	0	36	-19	-99	14	91	-42
5	-190	56	223879612	-79	17	-41	22	-4	1	0	32	-18	-99	14	91	-42
5	-190	56	223881600	-83	18	-35	18	-3	1	0	29	-17	-99	14	91	-42
5	-190	56	223883596	-84	17	-38	20	-5	1	0	24	-16	-99	14	91	-42
5	-190	56	223885596	-88	16	-42	22	-4	2	0	20	-14	-99	14	91	-42
5	-190	56	223887592	-89	17	-39	19	-4	1	0	16	-13	-99	14	91	-42
5	-190	56	223889588	-91	17	-39	19	-4	1	0	12	-12	-99	14	91	-42
5	-190	56	223891580	-91	17	-45	21	-5	1	0	7	-11	-99	14	91	-42
5	-190	56	223893588	-93	17	-40	17	-4	1	0	3	-10	-99	14	91	-42
5	-190	56	223895584	-93	16	-45	21	-5	2	0	-2	-8	-99	14	91	-42
5	-190	56	223897592	-94	17	-40	19	-5	1	0	-7	-7	-99	14	91	-42
5	-190	56	223899584	-94	17	-42	18	-4	1	0	-11	-6	-99	14	91	-42
5	-190	56	223901592	-96	16	-46	20	-5	1	0	-16	-5	-99	14	91	-42
5	-190	56	223903588	-95	16	-41	18	-4	1	0	-20	-4	-99	14	91	-42
5	-190	56	223905592	-107	17	-46	20	-5	2	0	-25	-2	-99	14	91	-42
5	-190	56	223907592	-92	15	-40	17	-5	1	0	-30	-1	-99	14	91	-42
5	-190	56	223909592	-94	15	-40	16	-4	1	0	-34	0	-99	14	91	-42
5	-190	56	223911588	-92	14	-45	19	-5	1	0	-39	1	-99	14	91	-42
5	-190	56	223913592	-92	15	-40	16	-4	1	0	-43	2	-99	14	91	-42
5	-190	56	223915600	-91	15	-44	19	-5	1	0	-48	3	-99	14	91	-42
5	-190	56	223917596	-89	15	-38	16	-4	1	0	-52	4	-99	14	91	-42
5	-190	56	223919592	-88	14	-44	17	-4	1	0	-56	5	-99	14	91	-42
5	-190	56	223921596	-86	15	-39	16	-5	1	0	-61	6	-99	14	91	-42
5	-190	56	223923592	-85	14	-37	14	-4	1	0	-65	7	-99	14	91	-42
5	-190	56	223925588	-83	13	-41	17	-4	1	0	-69	8	-99	14	91	-42
5	-190	56	223927584	-80	13	-34	14	-4	1	0	-73	9	-99	14	91	-42
5	-190	56	223929580	-79	13	-35	14	-3	1	0	-76	10	-99	14	91	-42
5	-190	56	223931572	-76	12	-37	16	-4	1	0	-80	11	-99	14	91	-42
5	-190	56	223933568	-74	13	-31	14	-4	1	0	-84	12	-99	14	91	-42
5	-190	56	223935564	-70	12	-34	15	-3	1	0	-87	13	-99	14	91	-42
5	-190	56	223937556	-67	13	-29	13	-3	0	0	-90	13	-99	14	91	-42
5	-190	56	223939564	-65	12	-28	12	-3	1	0	-93	14	-99	14	91	-42
5	-190	56	223941556	-61	11	-29	14	-3	1	0	-96	15	-99	14	91	-42
5	-190	56	223943564	-56	11	-26	12	-3	1	0	-99	16	-99	14	91	-42
5	-190	56	223945568	-54	11	-25	12	-3	1	0	-102	17	-99	14	91	-42
5	-190	56	223947552	-50	10	-22	11	-2	0	0	-104	17	-99	14	91	-42
5	-190	56	223949564	-46	9	-19	9	-2	1	0	-106	18	-99	14	91	-42
5	-190	56	223951556	-43	9	-20	10	-2	1	0	-108	19	-99	14	91	-42
5	-190	56	223953552	-45	8	-17	9	-2	0	0	-110	19	-99	14	91	-42
5	-190	56	223955560	-36	8	-16	9	-2	1	0	-112	20	-99	14	91	-42
5	-190	56	223957560	-33	6	-12	8	-2	0	0	-114	20	-99	14	91	-42
5	-190	56	223959568	-30	6	-13	7	-1	1	0	-115	21	-99	14	91	-42
5	-190	56	223961552	-26	6	-9	7	-1	0	0	-116	21	-99	14	91	-42
5	-190	56	223963548	-24	5	-9	5	-1	0	0	-117	21	-99	14	91	-42
5	-190	56	223965568	-19	4	-7	5	-1	1	0	-118	22	-99	14	91	-42
5	-190	56	223967552	-17	4	-6	4	-1	0	0	-119	22	-99	14	91	-42
5	-190	56	223969552	-13	2	-5	4	-1	0	0	-120	22	-99	14	91	-42
5	-190	56	223971532	-11	3	-3	2	0	0	0	-120	22	-99	14	91	-42
5	-190	56	223973532	-8	2	-2	2	0	0	0	-120	22	-99	14	91	-42
5	-190	56	223975532	-4	1	0	1	-1	0	0	-121	22	-99	14	91	-42
5	-190	56	223977532	-2	1	-1	1	0	1	0	-121	23	-99	14	91	-42
5	-190	56	223979488	-1	0	0	0	0	0	0	-121	23	-99	14	91	-42
5	-190	56	224009512	0	-1	0	0	0	0	0	-121	23	-99	14	91	-42
5	-190	56	224017516	0	-1	0	0	0	0	0	-121	23	-99	14	91	-42
5	-190	56	224021524	0	0	0	-1	0	0	0	-121	23	-99	14	91	-42
5	-190	56	224033516	-1	0	0	0	0	0	0	-121	23	-99	14	91	-42
5	-190	56	224049532	-1	0	0	0	0	0	0	-121	23	-99	14	91	-42
5	-190	56	224057532	0	0	1	0	0	0	0	-121	23	-99	14	91	-42
5	-190	56	224061528	0	0	0	0	0	0	1	-121	23	-99	14	91	-42
6	-190	56	224065544	-1	0	0	0	0	0	1	-99	14	-99	14	91	-42
6	-190	56	224069540	0	0	1	0	0	0	1	-99	14	-99	14	91	-42
6	198	0	224073544	0	0	1	0	0	0	1	-99	14	99	14	-99	14
6	198	0	224077544	0	0	1	0	0	0	1	-99	14	99	14	-99	14
6	198	0	224079544	0	0	1	0	0	0	1	-99	14	99	14	-99	14
6	198	0	224081544	0	0	1	0	0	0	1	-99	14	99	14	-99	14
6	198	0	224083540	0	0	1	0	0	0	1	-99	14	99	14	-99	14
6	198	0	224085560	0	0	1	-1	0	0	1	-99	14	99	14	-99	14
6	198	0	224087544	0	0	2	0	0	0	1	-99	14	99	14	-99	14
6	198	0	224089544	0	0	2	0	0	0	1	-99	14	99	14	-99	14
6	198	0	224091548	0	0	2	0	0	0	1	-99	14	99	14	-99	14
6	198	0	224093548	0	0	2	0	0	0	1	-99	14	99	14	-99	14
6	198	0	224095552	2	0	2	0	0	0	1	-99	14	99	14	-99	14
6	198	0	224097544	1	0	2	0	0	0	1	-99	14	99	14	-99	14
6	198	0	224099540	3	0	4	0	0	0	1	-99	14	99	14	-99	14
6	198	0	224101552	4	-1	4	0	0	0	1	-99	14	99	14	-99	14
6	198	0	224103556	4	0	5	0	1	0	1	-98	14	99	14	-99	14
6	198	0	224105536	4	0	4	0	0	0	1	-98	14	99	14	-99	14
6	198	0	224107548	6	-1	4	0	0	0	1	-98	14	99	14	-99	14
6	198	0	224109556	7	0	6	-1	1	0	1	-97	14	99	14	-99	14
6	198	0	224111540	7	-1	5	-1	0	0	1	-97	14	99	14	-99	14
6	198	0	224113552	8	0	6	0	1	0	1	-96	14	99	14	-99	14
6	198	0	224115548	8	-1	5	-1	0	0	1	-96	14	99	14	-99	14
6	198	0	224117556	9	0	6	0	1	0	1	-95	14	99	14	-99	14
6	198	0	224119552	11	-1	8	-1	0	0	1	-95	14	99	14	-99	14
6	198	0	224121564	12	0	5	-1	1	0	1	-94	14	99	14	-99	14
6	198	0	224123548	12	-1	8	-2	0	0	1	-94	14	99	14	-99	14
6	198	0	224125568	16	-1	7	-1	1	0	1	-93	14	99	14	-99	14
6	198	0	224127576	14	-1	8	-2	1	0	1	-92	14	99	14	-99	14
6	198	0	224129576	16	-1	7	-2	1	0	1	-91	14	99	14	-99	14
6	198	0	224131568	17	-1	8	-1	1	0	1	-90	14	99	14	-99	14
6	198	0	224133568	18	-2	9	-2	0	-1	1	-90	13	99	14	-99	14
6	198	0	224135568	19	-1	9	-2	1	0	1	-89	13	99	14	-99	14
6	198	0	224137560	20	-3	9	-2	1	0	1	-88	13	99	14	-99	14
6	198	0	224139564	22	-2	11	-3	1	0	1	-87	13	99	14	-99	14
6	198	0	224141564	22	-2	10	-3	2	0	1	-85	13	99	14	-99	14
6	198	0	224143556	24	-1	11	-3	1	0	1	-84	13	99	14	-99	14
6	198	0	224145560	24	-3	10	-3	1	0	1	-83	13	99	14	-99	14
6	198	0	224147572	26	-2	10	-2	1	-1	1	-82	12	99	14	-99	14
6	198	0	224149556	27	-3	13	-3	1	0	1	-81	12	99	14	-99	14
6	198	0	224151556	27	-2	11	-4	2	0	1	-79	12	99	14	-99	14
6	198	0	224153564	28	-3	11	-4	1	0	1	-78	12	99	14	-99	14
6	198	0	224155560	28	-2	11	-3	1	0	1	-77	12	99	14	-99	14
6	198	0	224157576	29	-4	12	-5	2	-1	1	-75	11	99	14	-99	14
6	198	0	224159560	29	-4	10	-5	1	0	1	-74	11	99	14	-99	14
6	198	0	224161560	30	-5	11	-5	1	0	1	-73	11	99	14	-99	14
6	198	0	224163568	31	-4	12	-4	2	-1	0	-71	10	99	14	-99	14
6	198	0	224165552	30	-4	12	-5	1	0	0	-70	10	99	14	-99	14
6	198	0	224167556	31	-5	11	-5	1	0	0	-69	10	99	14	-99	14
6	198	0	224169564	32	-3	12	-5	2	-1	0	-67	9	99	14	-99	14
6	198	0	224171552	32	-5	11	-5	1	0	0	-66	9	99	14	-99	14
6	198	0	224173552	36	-7	12	-6	2	0	0	-64	9	99	14	-99	14
6	198	0	224175568	34	-4	12	-6	2	-1	0	-62	8	99	14	-99	14
6	198	0	224177552	34	-6	11	-6	1	0	0	-61	8	99	14	-99	14
6	198	0	224179548	34	-6	13	-7	2	0	0	-59	8	99	14	-99	14
6	198	0	224181564	36	-5	11	-6	1	-1	0	-58	7	99	14	-99	14
6	198	0	224183544	37	-7	13	-7	2	0	0	-56	7	99	14	-99	14
6	198	0	224185552	38	-5	12	-7	1	-1	0	-55	6	99	14	-99	14
6	198	0	224187544	39	-6	11	-6	2	0	0	-53	6	99	14	-99	14
6	198	0	224189556	39	-6	13	-8	2	-1	0	-51	5	99	14	-99	14
6	198	0	224191544	41	-5	12	-7	2	0	0	-49	5	99	14	-99	14
6	198	0	224193548	43	-7	15	-8	2	0	0	-47	5	99	14	-99	14
6	198	0	224195560	44	-6	14	-7	2	-1	0	-45	4	99	14	-99	14
6	198	0	224197544	45	-5	17	-8	2	0	0	-43	4	99	14	-99	14
6	198	0	224199560	48	-6	16	-7	2	-1	0	-41	3	99	14	-99	14
6	198	0	224201544	49	-5	16	-7	2	0	0	-39	3	99	14	-99	14
6	198	0	224203552	51	-6	19	-8	2	-1	0	-37	2	99	14	-99	14
6	198	0	224205536	51	-6	17	-7	2	0	0	-35	2	99	14	-99	14
6	198	0	224207536	53	-5	18	-7	3	0	0	-32	2	99	14	-99	14
6	198	0	224209552	54	-5	21	-7	2	-1	0	-30	1	99	14	-99	14
6	198	0	224211544	55	-5	20	-7	3	0	0	-27	1	99	14	-99	14
6	198	0	224213560	57	-4	22	-7	2	-1	0	-25	0	99	14	-99	14
6	198	0	224215540	59	-4	22	-7	3	0	0	-22	0	99	14	-99	14
6	198	0	224217540	66	-6	25	-6	3	0	0	-19	0	99	14	-99	14
6	198	0	224219560	61	-4	23	-6	3	-1	0	-16	-1	99	14	-99	14
6	198	0	224221544	62	-4	23	-6	3	0	0	-13	-1	99	14	-99	14
6	198	0	224223544	63	-5	27	-6	3	0	0	-10	-1	99	14	-99	14
6	198	0	224225556	64	-4	26	-5	3	-1	0	-7	-2	99	14	-99	14
6	198	0	224227528	64	-4	25	-5	3	0	0	-4	-2	99	14	-99	14
6	198	0	224229528	65	-3	31	-6	3	0	0	-1	-2	99	14	-99	14
6	198	0	224231540	66	-3	28	-4	3	-1	0	2	-3	99	14	-99	14
6	198	0	224233524	65	-4	32	-4	3	0	0	5	-3	99	14	-99	14
6	198	0	224235524	65	-2	29	-3	4	0	0	9	-3	99	14	-99	14
6	198	0	224237520	65	-2	29	-3	3	0	0	12	-3	99	14	-99	14
6	198	0	224239520	65	-3	34	-3	3	0	0	15	-3	99	14	-99	14
6	198	0	224241524	65	-1	29	-2	3	0	0	18	-3	99	14	-99	14
6	198	0	224243532	64	-1	34	-2	3	-1	0	21	-4	99	14	-99	14
6	198	0	224245512	64	0	30	-1	3	0	0	24	-4	99	14	-99	14
6	198	0	224247520	63	-1	30	-1	4	0	0	28	-4	99	14	-99	14
6	198	0	224249512	63	0	32	0	3	0	0	31	-4	99	14	-99	14
6	198	0	224251520	62	0	29	-1	3	0	0	34	-4	99	14	-99	14
6	198	0	224253524	61	1	33	0	3	0	0	37	-4	99	14	-99	14
6	198	0	224255524	59	2	28	0	3	0	0	40	-4	99	14	-99	14
6	198	0	224257500	58	2	32	0	3	0	0	43	-4	99	14	-99	14
6	198	0	224259524	56	2	27	1	3	0	0	46	-4	99	14	-99	14
6	198	0	224261524	55	1	28	0	2	0	0	48	-4	99	14	-99	14
6	198	0	224263524	54	1	30	1	3	0	0	51	-4	99	14	-99	14
6	198	0	224265520	59	3	26	1	3	0	0	54	-4	99	14	-99	14
6	198	0	224267528	52	2	25	1	3	0	0	57	-4	99	14	-99	14
6	198	0	224269528	49	3	27	2	2	0	0	59	-4	99	14	-99	14
6	198	0	224271524	50	3	24	2	3	0	0	62	-4	99	14	-99	14
6	198	0	224273524	48	3	26	2	2	0	0	64	-4	99	14	-99	14
6	198	0	224275532	47	3	23	1	2	1	0	66	-3	99	14	-99	14
6	198	0	224277520	46	3	25	3	3	0	0	69	-3	99	14	-99	14
6	198	0	224279520	44	3	20	2	2	0	0	71	-3	99	14	-99	14
6	198	0	224281520	43	4	21	1	2	0	0	73	-3	99	14	-99	14
6	198	0	224283516	42	3	24	3	2	0	0	75	-3	99	14	-99	14
6	198	0	224285524	40	4	19	2	2	1	0	77	-2	99	14	-99	14
6	198	0	224287512	40	4	19	3	2	0	0	79	-2	99	14	-99	14
6	198	0	224289512	38	4	22	3	2	0	0	81	-2	99	14	-99	14
6	198	0	224291516	37	4	18	3	2	0	0	83	-2	99	14	-99	14
6	198	0	224293516	36	4	20	2	2	0	0	85	-2	99	14	-99	14
6	198	0	224295528	35	4	18	3	2	1	0	87	-1	99	14	-99	14
6	198	0	224297516	33	4	19	3	1	0	0	88	-1	99	14	-99	14
6	198	0	224299524	32	3	15	3	2	0	0	90	-1	99	14	-99	14
6	198	0	224301524	30	4	16	3	1	0	0	91	-1	99	14	-99	14
6	198	0	224303524	30	3	17	2	2	0	0	93	-1	99	14	-99	14
6	198	0	224305540	28	3	15	2	1	1	0	94	0	99	14	-99	14
6	198	0	224307524	27	3	16	3	2	0	0	96	0	99	14	-99	14
6	198	0	224309524	30	2	14	2	1	0	0	97	0	99	14	-99	14
6	198	0	224311524	25	3	12	2	2	0	0	99	0	99	14	-99	14
6	198	0	224313520	25	3	15	2	1	0	0	100	0	99	14	-99	14
6	198	0	224315516	24	2	13	2	1	0	0	101	0	99	14	-99	14
6	198	0	224317532	24	3	14	2	1	1	0	102	1	99	14	-99	14
6	198	0	224319520	23	2	13	2	2	0	0	104	1	99	14	-99	14
6	198	0	224321524	23	3	11	2	1	0	0	105	1	99	14	-99	14
6	198	0	224323520	23	3	14	3	1	0	0	106	1	99	14	-99	14
6	198	0	224325520	23	2	12	2	1	0	0	107	1	99	14	-99	14
6	198	0	224327520	23	4	13	3	1	0	0	108	1	99	14	-99	14
6	198	0	224329532	22	3	13	2	1	1	0	109	2	99	14	-99	14
6	198	0	224331516	24	2	12	3	2	0	0	111	2	99	14	-99	14
6	198	0	224333516	23	4	13	3	1	0	0	112	2	99	14	-99	14
6	198	0	224335520	23	4	12	2	1	0	0	113	2	99	14	-99	14
6	198	0	224337520	22	3	13	3	1	0	0	114	2	99	14	-99	14
6	198	0	224339540	22	3	12	2	1	1	0	115	3	99	14	-99	14
6	198	0	224341528	20	3	11	2	1	0	0	116	3	99	14	-99	14
6	198	0	224343528	21	3	12	3	1	0	0	117	3	99	14	-99	14
6	198	0	224345524	18	3	11	2	1	0	0	118	3	99	14	-99	14
6	198	0	224347532	17	3	12	3	1	0	0	119	3	99	14	-99	14
6	198	0	224349540	16	3	10	2	1	1	0	120	4	99	14	-99	14
6	198	0	224351528	16	3	10	1	1	0	0	121	4	99	14	-99	14
6	198	0	224353528	13	3	10	3	1	0	0	122	4	99	14	-99	14
6	198	0	224355520	12	3	9	1	1	0	0	123	4	99	14	-99	14
6	198	0	224357500	9	2	8	3	0	0	0	123	4	99	14	-99	14
6	198	0	224359516	9	3	7	3	1	0	0	124	4	99	14	-99	14
6	198	0	224361508	7	1	5	2	0	0	0	124	4	99	14	-99	14
6	198	0	224363532	6	2	6	2	1	1	0	125	5	99	14	-99	14
6	198	0	224365500	2	2	5	1	0	0	0	125	5	99	14	-99	14
6	198	0	224367500	3	1	4	2	0	0	0	125	5	99	14	-99	14
6	198	0	224369500	0	1	2	1	0	0	0	125	5	99	14	-99	14
6	198	0	224371492	0	1	2	1	0	0	0	125	5	99	14	-99	14
6	198	0	224373492	0	1	1	0	0	0	0	125	5	99	14	-99	14
6	198	0	224375488	0	1	1	1	0	0	0	125	5	99	14	-99	14
6	198	0	224379472	0	1	0	0	0	0	0	125	5	99	14	-99	14
6	198	0	224381484	-1	0	0	0	0	0	0	125	5	99	14	-99	14
6	198	0	224383488	0	0	0	1	0	0	0	125	5	99	14	-99	14
6	198	0	224385492	-1	0	1	0	0	0	0	125	5	99	14	-99	14
6	198	0	224387476	0	0	0	0	0	0	1	125	5	99	14	-99	14
7	-190	-56	224391496	-1	1	0	1	0	0	1	99	14	-91	-42	99	14
7	-190	-56	224393492	0	0	1	0	0	0	1	99	14	-91	-42	99	14
7	-190	-56	224397484	-1	0	0	0	0	0	1	99	14	-91	-42	99	14
7	-190	-56	224399476	-1	0	0	0	0	0	1	99	14	-91	-42	99	14
7	-190	-56	224405488	-1	0	1	1	0	0	1	99	14	-91	-42	99	14
7	-190	-56	224411476	-1	0	0	0	0	0	1	99	14	-91	-42	99	14
7	-190	-56	224417472	-1	0	0	0	0	0	1	99	14	-91	-42	99	14
7	-190	-56	224421476	0	0	1	0	0	0	1	99	14	-91	-42	99	14
7	-190	-56	224423476	-1	0	0	0	0	0	1	99	14	-91	-42	99	14
7	-190	-56	224437492	-1	0	0	0	0	0	1	99	14	-91	-42	99	14
7	-190	-56	224439484	0	0	0	-1	0	0	1	99	14	-91	-42	99	14
7	-190	-56	224443488	0	0	1	0	0	0	1	99	14	-91	-42	99	14
7	-190	-56	224445488	0	0	0	-1	0	0	1	99	14	-91	-42	99	14
7	-190	-56	224449484	-1	0	0	0	0	0	1	99	14	-91	-42	99	14
7	-190	-56	224451484	-1	0	0	-1	0	0	1	99	14	-91	-42	99	14
7	-190	-56	224453484	-2	0	0	-1	0	0	1	99	14	-91	-42	99	14
7	-190	-56	224455480	-3	-1	0	0	0	0	1	99	14	-91	-42	99	14
7	-190	-56	224457488	-4	-1	0	-1	0	0	1	99	14	-91	-42	99	14
7	-190	-56	224459480	-5	-2	0	-1	0	0	1	99	14	-91	-42	99	14
7	-190	-56	224461496	-6	-2	1	-1	0	0	1	99	14	-91	-42	99	14
7	-190	-56	224463484	-6	-2	0	-1	0	0	1	99	14	-91	-42	99	14
7	-190	-56	224465468	-9	-2	1	-2	0	0	1	99	14	-91	-42	99	14
7	-190	-56	224467492	-8	-2	0	-3	0	0	1	99	14	-91	-42	99	14
7	-190	-56	224469504	-9	-3	0	-3	-1	0	1	98	14	-91	-42	99	14
7	-190	-56	224471488	-12	-3	0	-3	0	0	1	98	14	-91	-42	99	14
7	-190	-56	224473504	-12	-3	0	-2	-1	0	1	97	14	-91	-42	99	14
7	-190	-56	224475488	-13	-4	0	-3	0	0	1	97	14	-91	-42	99	14
7	-190	-56	224477520	-16	-3	-2	-4	-1	-1	1	96	13	-91	-42	99	14
7	-190	-56	224479496	-17	-4	-4	-4	0	0	1	96	13	-91	-42	99	14
7	-190	-56	224481500	-19	-5	-6	-3	-1	0	0	95	13	-91	-42	99	14
7	-190	-56	224483500	-19	-4	-6	-3	-1	0	0	94	13	-91	-42	99	14
7	-190	-56	224485516	-26	-5	-9	-4	-1	-1	0	93	12	-91	-42	99	14
7	-190	-56	224487500	-23	-5	-11	-5	-1	0	0	92	12	-91	-42	99	14
7	-190	-56	224489504	-25	-6	-12	-4	-1	0	0	91	12	-91	-42	99	14
7	-190	-56	224491516	-27	-5	-15	-6	-2	-1	0	89	11	-91	-42	99	14
7	-190	-56	224493500	-30	-7	-14	-6	-1	0	0	88	11	-91	-42	99	14
7	-190	-56	224495508	-32	-7	-16	-5	-2	-1	0	86	10	-91	-42	99	14
7	-190	-56	224497496	-35	-7	-20	-8	-2	0	0	84	10	-91	-42	99	14
7	-190	-56	224499504	-37	-7	-18	-5	-2	-1	0	82	9	-91	-42	99	14
7	-190	-56	224501484	-38	-9	-19	-7	-1	0	0	81	9	-91	-42	99	14
7	-190	-56	224503496	-40	-7	-23	-7	-3	-1	0	78	8	-91	-42	99	14
7	-190	-56	224505484	-43	-9	-21	-7	-2	0	0	76	8	-91	-42	99	14
7	-190	-56	224507504	-46	-8	-26	-7	-2	-1	0	74	7	-91	-42	99	14
7	-190	-56	224509500	-47	-9	-24	-7	-2	0	0	72	7	-91	-42	99	14
7	-190	-56	224511504	-50	-8	-28	-8	-3	-1	0	69	6	-91	-42	99	14
7	-190	-56	224513492	-51	-9	-26	-8	-3	0	0	66	6	-91	-42	99	14
7	-190	-56	224515500	-53	-10	-28	-7	-2	-1	0	64	5	-91	-42	99	14
7	-190	-56	224517484	-56	-10	-32	-10	-3	0	0	61	5	-91	-42	99	14
7	-190	-56	224519488	-57	-9	-30	-8	-3	-1	0	58	4	-91	-42	99	14
7	-190	-56	224521488	-60	-11	-31	-9	-3	-1	0	55	3	-91	-42	99	14
7	-190	-56	224523464	-62	-9	-36	-9	-3	0	0	52	3	-91	-42	99	14
7	-190	-56	224525484	-64	-10	-33	-8	-4	-1	0	48	2	-91	-42	99	14
7	-190	-56	224527480	-65	-11	-36	-10	-3	-1	0	45	1	-91	-42	99	14
7	-190	-56	224529464	-66	-10	-34	-8	-3	0	0	42	1	-91	-42	99	14
7	-190	-56	224531480	-69	-11	-35	-10	-4	-1	0	38	0	-91	-42	99	14
7	-190	-56	224533484	-69	-12	-40	-10	-4	-1	0	34	-1	-91	-42	99	14
7	-190	-56	224535476	-80	-13	-36	-9	-3	0	0	31	-1	-91	-42	99	14
7	-190	-56	224537484	-71	-12	-42	-13	-4	-1	0	27	-2	-91	-42	99	14
7	-190	-56	224539488	-73	-13	-36	-10	-4	-1	0	23	-3	-91	-42	99	14
7	-190	-56	224541488	-73	-12	-43	-13	-4	-1	0	19	-4	-91	-42	99	14
7	-190	-56	224543492	-74	-14	-36	-11	-3	-1	0	16	-5	-91	-42	99	14
7	-190	-56	224545480	-74	-14	-38	-12	-4	0	0	12	-5	-91	-42	99	14
7	-190	-56	224547484	-75	-14	-42	-14	-4	-1	0	8	-6	-91	-42	99	14
7	-190	-56	224549488	-74	-14	-36	-13	-4	-1	0	4	-7	-91	-42	99	14
7	-190	-56	224551500	-73	-15	-42	-14	-3	-1	0	1	-8	-91	-42	99	14
7	-190	-56	224553496	-72	-14	-36	-13	-4	-1	0	-3	-9	-91	-42	99	14
7	-190	-56	224555496	-72	-15	-37	-13	-4	-1	0	-7	-10	-91	-42	99	14
7	-190	-56	224557500	-70	-15	-40	-14	-3	-1	0	-10	-11	-91	-42	99	14
7	-190	-56	224559504	-69	-14	-36	-13	-4	-1	0	-14	-12	-91	-42	99	14
7	-190	-56	224561500	-67	-15	-39	-14	-3	-1	0	-17	-13	-91	-42	99	14
7	-190	-56	224563504	-66	-14	-33	-13	-4	-1	0	-21	-14	-91	-42	99	14
7	-190	-56	224565504	-64	-14	-34	-14	-3	-1	0	-24	-15	-91	-42	99	14
7	-190	-56	224567500	-62	-14	-35	-14	-3	-1	0	-27	-16	-91	-42	99	14
7	-190	-56	224569500	-60	-13	-31	-12	-3	-1	0	-30	-17	-91	-42	99	14
7	-190	-56	224571488	-57	-13	-34	-13	-3	0	0	-33	-17	-91	-42	99	14
7	-190	-56	224573500	-54	-14	-29	-11	-3	-1	0	-36	-18	-91	-42	99	14
7	-190	-56	224575500	-53	-13	-28	-11	-3	-1	0	-39	-19	-91	-42	99	14
7	-190	-56	224577504	-55	-14	-30	-14	-3	-1	0	-42	-20	-91	-42	99	14
7	-190	-56	224579500	-47	-12	-25	-11	-2	-1	0	-44	-21	-91	-42	99	14
7	-190	-56	224581492	-45	-14	-28	-13	-2	-1	0	-46	-22	-91	-42	99	14
7	-190	-56	224583484	-42	-12	-23	-11	-3	0	0	-49	-22	-91	-42	99	14
7	-190	-56	224585504	-42	-12	-24	-11	-2	-1	0	-51	-23	-91	-42	99	14
7	-190	-56	224587496	-40	-12	-23	-13	-2	-1	0	-53	-24	-91	-42	99	14
7	-190	-56	224589500	-38	-12	-22	-10	-2	-1	0	-55	-25	-91	-42	99	14
7	-190	-56	224591496	-37	-13	-21	-12	-2	-1	0	-57	-26	-91	-42	99	14
7	-190	-56	224593488	-35	-11	-19	-10	-2	0	0	-59	-26	-91	-42	99	14
7	-190	-56	224595496	-35	-12	-19	-12	-1	-1	0	-60	-27	-91	-42	99	14
7	-190	-56	224597500	-33	-11	-19	-11	-2	-1	0	-62	-28	-91	-42	99	14
7	-190	-56	224599492	-33	-11	-17	-9	-2	0	0	-64	-28	-91	-42	99	14
7	-190	-56	224601504	-31	-12	-18	-11	-1	-1	0	-65	-29	-91	-42	99	14
7	-190	-56	224603500	-31	-10	-16	-9	-2	-1	0	-67	-30	-91	-42	99	14
7	-190	-56	224605500	-30	-11	-15	-9	-1	-1	0	-68	-31	-91	-42	99	14
7	-190	-56	224607484	-29	-11	-17	-11	-2	0	0	-70	-31	-91	-42	99	14
7	-190	-56	224609504	-29	-10	-15	-8	-1	-1	0	-71	-32	-91	-42	99	14
7	-190	-56	224611484	-27	-9	-15	-9	-2	0	0	-73	-32	-91	-42	99	14
7	-190	-56	224613492	-26	-11	-14	-9	-1	-1	0	-74	-33	-91	-42	99	14
7	-190	-56	224615492	-25	-8	-12	-8	-1	-1	0	-75	-34	-91	-42	99	14
7	-190	-56	224617484	-25	-8	-14	-9	-2	0	0	-77	-34	-91	-42	99	14
7	-190	-56	224619500	-23	-8	-11	-6	-1	-1	0	-78	-35	-91	-42	99	14
7	-190	-56	224621480	-23	-7	-13	-8	-1	0	0	-79	-35	-91	-42	99	14
7	-190	-56	224623492	-22	-8	-10	-5	-1	-1	0	-80	-36	-91	-42	99	14
7	-190	-56	224625476	-19	-6	-8	-5	-1	0	0	-81	-36	-91	-42	99	14
7	-190	-56	224627480	-17	-4	-10	-5	-1	0	0	-82	-36	-91	-42	99	14
7	-190	-56	224629492	-16	-5	-7	-5	-1	-1	0	-83	-37	-91	-42	99	14
7	-190	-56	224631468	-14	-4	-7	-3	0	0	0	-83	-37	-91	-42	99	14
7	-190	-56	224633476	-13	-3	-5	-3	-1	0	0	-84	-37	-91	-42	99	14
7	-190	-56	224635472	-10	-2	-4	-3	0	0	0	-84	-37	-91	-42	99	14
7	-190	-56	224637484	-9	-3	-4	-2	-1	0	0	-85	-37	-91	-42	99	14
7	-190	-56	224639488	-6	-2	-2	-2	0	-1	0	-85	-38	-91	-42	99	14
7	-190	-56	224641472	-5	-1	-2	-1	0	0	0	-85	-38	-91	-42	99	14
7	-190	-56	224643472	-3	-1	0	-1	-1	0	0	-86	-38	-91	-42	99	14
7	-190	-56	224645460	-2	0	-1	0	0	0	0	-86	-38	-91	-42	99	14
7	-190	-56	224657428	-1	0	0	0	0	0	0	-86	-38	-91	-42	99	14
7	-190	-56	224665436	-1	0	0	0	0	0	0	-86	-38	-91	-42	99	14
7	-190	-56	224669436	-1	0	0	0	0	0	0	-86	-38	-91	-42	99	14
7	-190	-56	224675448	-1	0	0	0	0	0	0	-86	-38	-91	-42	99	14
7	-190	-56	224679456	0	0	0	0	0	0	1	-86	-38	-91	-42	99	14
8	-190	-56	224683472	-1	0	0	0	0	0	1	-91	-42	-91	-42	99	14
8	-190	-56	224685468	-1	0	0	0	0	0	1	-91	-42	-91	-42	99	14
8	167	107	224689472	-1	0	0	0	0	0	1	-91	-42	76	65	-91	-42
8	167	107	224693468	-1	0	0	0	0	0	1	-91	-42	76	65	-91	-42
8	167	107	224699480	0	0	1	1	0	0	1	-91	-42	76	65	-91	-42
8	167	107	224701476	-1	1	0	0	0	0	1	-91	-42	76	65	-91	-42
8	167	107	224705480	-1	1	0	0	0	0	1	-91	-42	76	65	-91	-42
8	167	107	224713476	0	0	0	1	0	0	1	-91	-42	76	65	-91	-42
8	167	107	224733460	0	1	0	0	0	0	1	-91	-42	76	65	-91	-42
8	167	107	224737472	0	0	0	1	0	0	1	-91	-42	76	65	-91	-42
8	167	107	224747476	1	0	0	0	0	0	1	-91	-42	76	65	-91	-42
8	167	107	224749472	0	1	0	1	0	0	1	-91	-42	76	65	-91	-42
8	167	107	224751472	1	0	0	0	0	0	1	-91	-42	76	65	-91	-42
8	167	107	224755484	1	1	0	0	0	0	1	-91	-42	76	65	-91	-42
8	167	107	224757488	1	0	0	1	0	0	1	-91	-42	76	65	-91	-42
8	167	107	224759488	1	1	0	0	0	0	1	-91	-42	76	65	-91	-42
8	167	107	224761484	2	1	0	1	0	0	1	-91	-42	76	65	-91	-42
8	167	107	224763480	3	1	0	1	0	0	1	-91	-42	76	65	-91	-42
8	167	107	224765484	4	1	0	3	0	0	1	-91	-42	76	65	-91	-42
8	167	107	224767488	8	3	1	3	0	0	1	-91	-42	76	65	-91	-42
8	167	107	224769492	9	5	1	4	0	0	1	-91	-42	76	65	-91	-42
8	167	107	224771520	11	6	2	6	1	1	1	-90	-41	76	65	-91	-42
8	167	107	224773492	15	7	3	7	0	0	0	-90	-41	76	65	-91	-42
8	167	107	224775508	17	9	3	8	1	1	0	-89	-40	76	65	-91	-42
8	167	107	224777496	20	9	4	8	1	0	0	-88	-40	76	65	-91	-42
8	167	107	224779504	22	9	6	11	1	1	0	-87	-39	76	65	-91	-42
8	167	107	224781492	25	11	7	9	1	1	0	-86	-38	76	65	-91	-42
8	167	107	224783484	28	11	8	9	1	0	0	-85	-38	76	65	-91	-42
8	167	107	224785496	30	11	10	13	1	1	0	-84	-37	76	65	-91	-42
8	167	107	224787496	33	11	12	10	2	1	0	-82	-36	76	65	-91	-42
8	167	107	224789492	34	13	14	13	1	1	0	-81	-35	76	65	-91	-42
8	167	107	224791492	38	12	15	11	2	1	0	-79	-34	76	65	-91	-42
8	167	107	224793480	40	13	16	13	2	0	0	-77	-34	76	65	-91	-42
8	167	107	224795488	42	14	20	14	2	1	0	-75	-33	76	65	-91	-42
8	167	107	224797480	45	14	20	13	2	1	0	-73	-32	76	65	-91	-42
8	167	107	224799480	48	15	24	15	3	1	0	-70	-31	76	65	-91	-42
8	167	107	224801476	56	18	24	13	2	1	0	-68	-30	76	65	-91	-42
8	167	107	224803476	50	16	24	15	3	1	0	-65	-29	76	65	-91	-42
8	167	107	224805480	53	16	29	17	2	1	0	-63	-28	76	65	-91	-42
8	167	107	224807484	54	17	26	15	3	2	0	-60	-26	76	65	-91	-42
8	167	107	224809484	55	17	32	17	3	1	0	-57	-25	76	65	-91	-42
8	167	107	224811480	58	18	28	16	3	1	0	-54	-24	76	65	-91	-42
8	167	107	224813488	57	18	30	16	3	1	0	-51	-23	76	65	-91	-42
8	167	107	224815484	58	19	33	19	3	1	0	-48	-22	76	65	-91	-42
8	167	107	224817480	60	18	31	18	3	1	0	-45	-21	76	65	-91	-42
8	167	107	224819476	59	20	35	21	3	2	0	-42	-19	76	65	-91	-42
8	167	107	224821476	60	20	31	17	3	1	0	-39	-18	76	65	-91	-42
8	167	107	224823468	61	20	31	19	3	1	0	-36	-17	76	65	-91	-42
8	167	107	224825464	60	21	34	21	3	2	0	-33	-15	76	65	-91	-42
8	167	107	224827460	59	21	33	18	3	1	0	-30	-14	76	65	-91	-42
8	167	107	224829464	60	19	36	21	3	1	0	-27	-13	76	65	-91	-42
8	167	107	224831456	58	21	32	19	3	2	0	-24	-11	76	65	-91	-42
8	167	107	224833452	57	22	32	19	3	1	0	-21	-10	76	65	-91	-42
8	167	107	224835448	56	20	34	22	3	1	0	-18	-9	76	65	-91	-42
8	167	107	224837452	54	22	31	21	3	2	0	-15	-7	76	65	-91	-42
8	167	107	224839448	52	21	30	20	3	1	0	-12	-6	76	65	-91	-42
8	167	107	224841444	51	22	33	24	3	2	0	-9	-4	76	65	-91	-42
8	167	107	224843444	51	21	28	21	2	1	0	-7	-3	76	65	-91	-42
8	167	107	224845448	47	23	32	24	3	2	0	-4	-1	76	65	-91	-42
8	167	107	224847456	47	22	27	21	3	1	0	-1	0	76	65	-91	-42
8	167	107	224849456	46	24	27	22	2	2	0	1	2	76	65	-91	-42
8	167	107	224851456	50	26	29	25	3	1	0	4	3	76	65	-91	-42
8	167	107	224853448	44	25	25	23	2	2	0	6	5	76	65	-91	-42
8	167	107	224855448	42	24	28	26	2	2	0	8	7	76	65	-91	-42
8	167	107	224857448	42	24	24	23	2	1	0	10	8	76	65	-91	-42
8	167	107	224859444	43	26	25	23	3	2	0	13	10	76	65	-91	-42
8	167	107	224861440	41	24	27	26	2	2	0	15	12	76	65	-91	-42
8	167	107	224863432	42	25	24	24	2	1	0	17	13	76	65	-91	-42
8	167	107	224865432	41	26	28	26	2	2	0	19	15	76	65	-91	-42
8	167	107	224867428	42	24	24	23	3	1	0	22	16	76	65	-91	-42
8	167	107	224869432	40	25	23	23	2	2	0	24	18	76	65	-91	-42
8	167	107	224871436	40	25	28	25	2	2	0	26	20	76	65	-91	-42
8	167	107	224873432	40	24	23	23	2	1	0	28	21	76	65	-91	-42
8	167	107	224875432	40	23	26	25	2	2	0	30	23	76	65	-91	-42
8	167	107	224877436	38	25	23	22	2	1	0	32	24	76	65	-91	-42
8	167	107	224879432	38	24	22	23	2	2	0	34	26	76	65	-91	-42
8	167	107	224881432	36	24	25	24	2	2	0	36	28	76	65	-91	-42
8	167	107	224883428	34	23	21	23	2	1	0	38	29	76	65	-91	-42
8	167	107	224885432	33	23	23	24	2	2	0	40	31	76	65	-91	-42
8	167	107	224887432	31	22	19	22	2	1	0	42	32	76	65	-91	-42
8	167	107	224889444	29	23	23	23	2	2	0	44	34	76	65	-91	-42
8	167	107	224891444	27	20	19	20	1	1	0	45	35	76	65	-91	-42
8	167	107	224893444	25	22	17	20	1	1	0	46	36	76	65	-91	-42
8	167	107	224895444	24	20	19	22	2	2	0	48	38	76	65	-91	-42
8	167	107	224897444	23	22	15	19	1	1	0	49	39	76	65	-91	-42
8	167	107	224899436	18	20	15	18	1	2	0	50	41	76	65	-91	-42
8	167	107	224901440	17	18	16	20	1	1	0	51	42	76	65	-91	-42
8	167	107	224903436	15	18	13	17	1	1	0	52	43	76	65	-91	-42
8	167	107	224905436	13	19	13	19	1	1	0	53	44	76	65	-91	-42
8	167	107	224907428	11	17	13	17	1	1	0	54	45	76	65	-91	-42
8	167	107	224909424	10	17	10	16	1	1	0	55	46	76	65	-91	-42
8	167	107	224911412	8	17	10	18	0	2	0	55	48	76	65	-91	-42
8	167	107	224913428	9	16	9	15	1	1	0	56	49	76	65	-91	-42
8	167	107	224915420	6	15	9	16	0	1	0	56	50	76	65	-91	-42
8	167	107	224917428	7	16	7	14	1	1	0	57	51	76	65	-91	-42
8	167	107	224919420	5	16	6	15	0	1	0	57	52	76	65	-91	-42
8	167	107	224921436	5	16	7	17	1	1	0	58	53	76	65	-91	-42
8	167	107	224923428	5	15	6	15	0	1	0	58	54	76	65	-91	-42
8	167	107	224925424	4	15	6	16	0	1	0	58	55	76	65	-91	-42
8	167	107	224927440	3	15	5	14	1	1	0	59	56	76	65	-91	-42
8	167	107	224929432	4	14	5	15	0	1	0	59	57	76	65	-91	-42
8	167	107	224931432	2	13	4	13	0	1	0	59	58	76	65	-91	-42
8	167	107	224933440	2	14	4	13	0	1	0	59	59	76	65	-91	-42
8	167	107	224935432	1	12	3	13	0	0	0	59	59	76	65	-91	-42
8	167	107	224937452	1	11	4	10	1	1	0	60	60	76	65	-91	-42
8	167	107	224939444	1	10	3	11	0	1	0	60	61	76	65	-91	-42
8	167	107	224941432	0	13	3	10	0	1	0	60	62	76	65	-91	-42
8	167	107	224943416	0	9	3	9	0	0	0	60	62	76	65	-91	-42
8	167	107	224945424	0	9	3	10	0	1	0	60	63	76	65	-91	-42
8	167	107	224947404	0	9	2	8	0	0	0	60	63	76	65	-91	-42
8	167	107	224949420	0	7	4	8	0	1	0	60	64	76	65	-91	-42
8	167	107	224951412	1	7	2	7	0	0	0	60	64	76	65	-91	-42
8	167	107	224953424	0	6	3	6	0	1	0	60	65	76	65	-91	-42
8	167	107	224955412	0	5	2	6	0	0	0	60	65	76	65	-91	-42
8	167	107	224957416	0	6	2	5	0	0	0	60	65	76	65	-91	-42
8	167	107	224959440	0	3	3	4	1	1	0	61	66	76	65	-91	-42
8	167	107	224961420	1	4	3	4	0	0	0	61	66	76	65	-91	-42
8	167	107	224963416	0	4	2	4	0	0	0	61	66	76	65	-91	-42
8	167	107	224965420	0	3	2	4	0	0	0	61	66	76	65	-91	-42
8	167	107	224967436	1	3	2	2	0	1	0	61	67	76	65	-91	-42
8	167	107	224969412	0	2	1	3	0	0	0	61	67	76	65	-91	-42
8	167	107	224971408	0	3	2	2	0	0	0	61	67	76	65	-91	-42
8	167	107	224973412	0	2	2	2	0	0	0	61	67	76	65	-91	-42
8	167	107	224975420	0	2	2	2	0	0	0	61	67	76	65	-91	-42
8	167	107	224977424	1	1	2	1	0	0	0	61	67	76	65	-91	-42
8	167	107	224979420	0	1	1	0	0	0	0	61	67	76	65	-91	-42
8	167	107	224981428	0	1	1	1	0	0	0	61	67	76	65	-91	-42
8	167	107	224983420	0	0	0	1	0	0	0	61	67	76	65	-91	-42
8	167	107	224985420	0	0	1	0	0	0	0	61	67	76	65	-91	-42
8	167	107	224987424	0	1	0	0	0	0	0	61	67	76	65	-91	-42
8	167	107	224989424	0	0	0	1	0	0	0	61	67	76	65	-91	-42
8	167	107	224997420	-1	0	0	0	0	0	0	61	67	76	65	-91	-42
8	167	107	225001412	0	0	1	0	0	0	0	61	67	76	65	-91	-42
8	167	107	225003416	-1	0	0	0	0	0	0	61	67	76	65	-91	-42
8	167	107	225007416	-1	0	0	0	0	0	0	61	67	76	65	-91	-42
8	167	107	225013416	-1	0	0	0	0	0	0	61	67	76	65	-91	-42
8	167	107	225021416	0	0	0	0	0	0	1	61	67	76	65	-91	-42
9	167	107	225027424	-1	0	0	0	0	0	1	76	65	76	65	-91	-42
9	-130	-149	225031428	-1	0	0	0	0	0	1	76	65	-54	-84	76	65
9	-130	-149	225037408	-1	0	0	0	0	0	1	76	65	-54	-84	76	65
9	-130	-149	225043408	0	0	1	0	0	0	1	76	65	-54	-84	76	65
9	-130	-149	225047416	0	0	0	-1	0	0	1	76	65	-54	-84	76	65
9	-130	-149	225049412	-1	0	0	0	0	0	1	76	65	-54	-84	76	65
9	-130	-149	225053420	0	0	0	-1	0	0	1	76	65	-54	-84	76	65
9	-130	-149	225059416	0	-1	0	0	0	0	1	76	65	-54	-84	76	65
9	-130	-149	225061424	0	0	0	-1	0	0	1	76	65	-54	-84	76	65
9	-130	-149	225069420	0	-1	0	0	0	0	1	76	65	-54	-84	76	65
9	-130	-149	225071416	0	-1	0	0	0	0	1	76	65	-54	-84	76	65
9	-130	-149	225073420	0	0	0	-1	0	0	1	76	65	-54	-84	76	65
9	-130	-149	225075412	0	-1	0	0	0	0	1	76	65	-54	-84	76	65
9	-130	-149	225079404	0	-1	0	-1	0	0	1	76	65	-54	-84	76	65
9	-130	-149	225083400	0	-1	0	-1	0	0	1	76	65	-54	-84	76	65
9	-130	-149	225085412	-1	0	0	-1	0	0	1	76	65	-54	-84	76	65
9	-130	-149	225087416	-1	-1	0	-1	0	0	1	76	65	-54	-84	76	65
9	-130	-149	225089416	-1	-2	0	-2	0	0	1	76	65	-54	-84	76	65
9	-130	-149	225091420	-2	-3	0	-2	0	0	1	76	65	-54	-84	76	65
9	-130	-149	225093420	-4	-3	0	-4	0	0	1	76	65	-54	-84	76	65
9	-130	-149	225095420	-4	-5	0	-5	0	0	1	76	65	-54	-84	76	65
9	-130	-149	225097420	-6	-6	0	-5	0	0	1	76	65	-54	-84	76	65
9	-130	-149	225099436	-7	-6	0	-7	0	-1	1	76	64	-54	-84	76	65
9	-130	-149	225101432	-9	-9	-1	-7	0	0	1	76	64	-54	-84	76	65
9	-130	-149	225103448	-9	-8	-3	-8	0	-1	1	76	63	-54	-84	76	65
9	-130	-149	225105448	-11	-9	-3	-9	-1	0	0	75	63	-54	-84	76	65
9	-130	-149	225107440	-12	-10	-4	-10	0	-1	0	75	62	-54	-84	76	65
9	-130	-149	225109456	-12	-11	-5	-12	-1	-1	0	74	61	-54	-84	76	65
9	-130	-149	225111460	-13	-12	-6	-11	-1	-1	0	73	60	-54	-84	76	65
9	-130	-149	225113432	-14	-12	-7	-13	0	0	0	73	60	-54	-84	76	65
9	-130	-149	225115452	-16	-15	-8	-12	-1	-1	0	72	59	-54	-84	76	65
9	-130	-149	225117452	-16	-14	-7	-13	-1	-1	0	71	58	-54	-84	76	65
9	-130	-149	225119452	-17	-14	-10	-14	-1	-1	0	70	57	-54	-84	76	65
9	-130	-149	225121444	-18	-14	-9	-13	-1	-1	0	69	56	-54	-84	76	65
9	-130	-149	225123444	-19	-15	-11	-15	-1	-1	0	68	55	-54	-84	76	65
9	-130	-149	225125448	-21	-16	-11	-15	-1	-1	0	67	54	-54	-84	76	65
9	-130	-149	225127440	-22	-16	-12	-14	-1	-1	0	66	53	-54	-84	76	65
9	-130	-149	225129440	-24	-16	-14	-17	-1	-1	0	65	52	-54	-84	76	65
9	-130	-149	225131444	-25	-16	-13	-16	-1	-1	0	64	51	-54	-84	76	65
9	-130	-149	225133448	-28	-18	-16	-19	-2	-1	0	62	50	-54	-84	76	65
9	-130	-149	225135452	-29	-18	-15	-16	-1	-2	0	61	48	-54	-84	76	65
9	-130	-149	225137452	-32	-19	-19	-20	-2	-1	0	59	47	-54	-84	76	65
9	-130	-149	225139444	-34	-18	-18	-18	-2	-1	0	57	46	-54	-84	76	65
9	-130	-149	225141448	-35	-18	-18	-18	-2	-1	0	55	45	-54	-84	76	65
9	-130	-149	225143444	-37	-20	-23	-21	-2	-2	0	53	43	-54	-84	76	65
9	-130	-149	225145448	-39	-20	-20	-19	-2	-1	0	51	42	-54	-84	76	65
9	-130	-149	225147444	-40	-21	-22	-21	-2	-1	0	49	41	-54	-84	76	65
9	-130	-149	225149440	-41	-22	-26	-22	-2	-2	0	47	39	-54	-84	76	65
9	-130	-149	225151428	-44	-22	-24	-21	-2	-1	0	45	38	-54	-84	76	65
9	-130	-149	225153432	-46	-23	-28	-24	-3	-2	0	42	36	-54	-84	76	65
9	-130	-149	225155424	-48	-23	-26	-22	-2	-1	0	40	35	-54	-84	76	65
9	-130	-149	225157420	-49	-25	-25	-22	-2	-2	0	38	33	-54	-84	76	65
9	-130	-149	225159420	-50	-24	-30	-26	-3	-2	0	35	31	-54	-84	76	65
9	-130	-149	225161412	-52	-25	-28	-23	-3	-1	0	32	30	-54	-84	76	65
9	-130	-149	225163416	-60	-29	-31	-27	-3	-2	0	29	28	-54	-84	76	65
9	-130	-149	225165420	-53	-26	-29	-24	-3	-2	0	26	26	-54	-84	76	65
9	-130	-149	225167428	-55	-26	-29	-24	-2	-1	0	24	25	-54	-84	76	65
9	-130	-149	225169424	-55	-26	-33	-27	-3	-2	0	21	23	-54	-84	76	65
9	-130	-149	225171428	-55	-27	-31	-26	-3	-2	0	18	21	-54	-84	76	65
9	-130	-149	225173428	-55	-28	-35	-28	-3	-2	0	15	19	-54	-84	76	65
9	-130	-149	225175432	-53	-27	-30	-26	-3	-2	0	12	17	-54	-84	76	65
9	-130	-149	225177436	-54	-28	-30	-25	-3	-1	0	9	16	-54	-84	76	65
9	-130	-149	225179432	-51	-27	-33	-30	-3	-2	0	6	14	-54	-84	76	65
9	-130	-149	225181436	-51	-28	-28	-26	-2	-2	0	4	12	-54	-84	76	65
9	-130	-149	225183424	-50	-29	-32	-31	-3	-2	0	1	10	-54	-84	76	65
9	-130	-149	225185424	-46	-28	-28	-27	-2	-2	0	-1	8	-54	-84	76	65
9	-130	-149	225187428	-46	-29	-27	-27	-3	-2	0	-4	6	-54	-84	76	65
9	-130	-149	225189424	-44	-28	-31	-31	-2	-2	0	-6	4	-54	-84	76	65
9	-130	-149	225191412	-43	-28	-26	-27	-3	-2	0	-9	2	-54	-84	76	65
9	-130	-149	225193420	-40	-29	-29	-31	-2	-2	0	-11	0	-54	-84	76	65
9	-130	-149	225195428	-39	-28	-25	-28	-2	-1	0	-13	-1	-54	-84	76	65
9	-130	-149	225197420	-37	-29	-23	-27	-2	-2	0	-15	-3	-54	-84	76	65
9	-130	-149	225199416	-36	-29	-26	-30	-2	-2	0	-17	-5	-54	-84	76	65
9	-130	-149	225201412	-32	-29	-21	-28	-2	-2	0	-19	-7	-54	-84	76	65
9	-130	-149	225203412	-30	-29	-24	-30	-2	-2	0	-21	-9	-54	-84	76	65
9	-130	-149	225205416	-29	-28	-19	-28	-1	-2	0	-22	-11	-54	-84	76	65
9	-130	-149	225207408	-27	-29	-20	-28	-2	-2	0	-24	-13	-54	-84	76	65
9	-130	-149	225209412	-27	-33	-20	-30	-1	-2	0	-25	-15	-54	-84	76	65
9	-130	-149	225211416	-22	-28	-17	-28	-2	-2	0	-27	-17	-54	-84	76	65
9	-130	-149	225213412	-21	-28	-19	-30	-1	-2	0	-28	-19	-54	-84	76	65
9	-130	-149	225215408	-19	-29	-16	-27	-1	-2	0	-29	-21	-54	-84	76	65
9	-130	-149	225217408	-18	-28	-16	-27	-1	-1	0	-30	-22	-54	-84	76	65
9	-130	-149	225219412	-15	-28	-17	-31	-1	-2	0	-31	-24	-54	-84	76	65
9	-130	-149	225221408	-15	-28	-14	-27	-1	-2	0	-32	-26	-54	-84	76	65
9	-130	-149	225223412	-15	-29	-15	-30	-1	-2	0	-33	-28	-54	-84	76	65
9	-130	-149	225225408	-14	-28	-13	-27	-1	-2	0	-34	-30	-54	-84	76	65
9	-130	-149	225227416	-12	-29	-13	-28	-1	-2	0	-35	-32	-54	-84	76	65
9	-130	-149	225229424	-12	-27	-13	-31	-1	-2	0	-36	-34	-54	-84	76	65
9	-130	-149	225231428	-11	-29	-12	-26	-1	-2	0	-37	-36	-54	-84	76	65
9	-130	-149	225233432	-11	-27	-13	-30	-1	-2	0	-38	-38	-54	-84	76	65
9	-130	-149	225235416	-10	-28	-10	-26	0	-1	0	-38	-39	-54	-84	76	65
9	-130	-149	225237428	-9	-26	-12	-28	-1	-2	0	-39	-41	-54	-84	76	65
9	-130	-149	225239432	-10	-26	-11	-25	-1	-2	0	-40	-43	-54	-84	76	65
9	-130	-149	225241420	-9	-26	-10	-24	0	-2	0	-40	-45	-54	-84	76	65
9	-130	-149	225243440	-7	-24	-10	-25	-1	-1	0	-41	-46	-54	-84	76	65
9	-130	-149	225245428	-8	-23	-10	-23	0	-2	0	-41	-48	-54	-84	76	65
9	-130	-149	225247428	-6	-22	-9	-24	-1	-1	0	-42	-49	-54	-84	76	65
9	-130	-149	225249420	-4	-23	-8	-20	0	-2	0	-42	-51	-54	-84	76	65
9	-130	-149	225251432	-3	-20	-8	-20	-1	-1	0	-43	-52	-54	-84	76	65
9	-130	-149	225253416	-2	-20	-8	-20	0	-1	0	-43	-53	-54	-84	76	65
9	-130	-149	225255420	-1	-18	-8	-17	0	-2	0	-43	-55	-54	-84	76	65
9	-130	-149	225257436	-1	-17	-7	-19	-1	-1	0	-44	-56	-54	-84	76	65
9	-130	-149	225259416	0	-17	-6	-17	0	-1	0	-44	-57	-54	-84	76	65
9	-130	-149	225261416	0	-16	-6	-15	0	-1	0	-44	-58	-54	-84	76	65
9	-130	-149	225263412	0	-16	-6	-17	0	-1	0	-44	-59	-54	-84	76	65
9	-130	-149	225265420	0	-14	-6	-14	0	-1	0	-44	-60	-54	-84	76	65
9	-130	-149	225267432	0	-14	-5	-15	-1	-1	0	-45	-61	-54	-84	76	65
9	-130	-149	225269424	1	-13	-4	-13	0	-1	0	-45	-62	-54	-84	76	65
9	-130	-149	225271424	1	-13	-4	-12	0	-1	0	-45	-63	-54	-84	76	65
9	-130	-149	225273416	2	-12	-4	-12	0	0	0	-45	-63	-54	-84	76	65
9	-130	-149	225275424	2	-11	-3	-11	0	-1	0	-45	-64	-54	-84	76	65
9	-130	-149	225277424	2	-10	-4	-12	0	-1	0	-45	-65	-54	-84	76	65
9	-130	-149	225279420	2	-11	-4	-9	0	-1	0	-45	-66	-54	-84	76	65
9	-130	-149	225281404	2	-9	-3	-9	0	0	0	-45	-66	-54	-84	76	65
9	-130	-149	225283412	3	-9	-2	-11	0	-1	0	-45	-67	-54	-84	76	65
9	-130	-149	225285396	3	-9	-2	-7	0	0	0	-45	-67	-54	-84	76	65
9	-130	-149	225287404	4	-7	-2	-10	0	-1	0	-45	-68	-54	-84	76	65
9	-130	-149	225289388	3	-8	-3	-7	0	0	0	-45	-68	-54	-84	76	65
9	-130	-149	225291408	3	-7	-2	-8	0	-1	0	-45	-69	-54	-84	76	65
9	-130	-149	225293404	4	-9	-2	-7	0	0	0	-45	-69	-54	-84	76	65
9	-130	-149	225295412	4	-6	-3	-6	0	-1	0	-45	-70	-54	-84	76	65
9	-130	-149	225297400	3	-7	-1	-7	0	0	0	-45	-70	-54	-84	76	65
9	-130	-149	225299408	3	-6	-1	-6	0	-1	0	-45	-71	-54	-84	76	65
9	-130	-149	225301388	3	-5	-1	-5	0	0	0	-45	-71	-54	-84	76	65
9	-130	-149	225303388	2	-5	-1	-6	0	0	0	-45	-71	-54	-84	76	65
9	-130	-149	225305408	3	-5	-1	-4	0	-1	0	-45	-72	-54	-84	76	65
9	-130	-149	225307388	2	-3	-1	-4	0	0	0	-45	-72	-54	-84	76	65
9	-130	-149	225309388	2	-4	-1	-3	0	0	0	-45	-72	-54	-84	76	65
9	-130	-149	225311380	1	-3	0	-2	0	0	0	-45	-72	-54	-84	76	65
9	-130	-149	225313388	2	-2	0	-3	0	-1	0	-45	-73	-54	-84	76	65
9	-130	-149	225315388	1	-2	0	-2	0	0	0	-45	-73	-54	-84	76	65
9	-130	-149	225317388	0	-1	0	-2	0	0	0	-45	-73	-54	-84	76	65
9	-130	-149	225319396	1	-1	0	-1	0	0	0	-45	-73	-54	-84	76	65
9	-130	-149	225321392	0	0	0	-1	0	0	0	-45	-73	-54	-84	76	65
9	-130	-149	225343400	0	0	0	0	0	0	1	-45	-73	-54	-84	76	65
10	82	180	225355420	-1	0	0	0	0	0	1	-54	-84	28	96	-54	-84
10	82	180	225365440	-1	0	0	0	0	0	1	-54	-84	28	96	-54	-84
10	82	180	225369440	-1	0	0	0	0	0	1	-54	-84	28	96	-54	-84
10	82	180	225409484	1	0	0	0	0	0	1	-54	-84	28	96	-54	-84
10	82	180	225415484	1	0	0	0	0	0	1	-54	-84	28	96	-54	-84
10	82	180	225419484	0	0	0	1	0	0	1	-54	-84	28	96	-54	-84
10	82	180	225421484	1	0	0	1	0	0	1	-54	-84	28	96	-54	-84
10	82	180	225423488	0	0	-1	1	0	0	1	-54	-84	28	96	-54	-84
10	82	180	225425476	1	1	0	0	0	0	1	-54	-84	28	96	-54	-84
10	82	180	225427480	1	0	0	1	0	0	1	-54	-84	28	96	-54	-84
10	82	180	225429476	2	1	0	1	0	0	1	-54	-84	28	96	-54	-84
10	82	180	225431456	3	2	-1	1	0	0	1	-54	-84	28	96	-54	-84
10	82	180	225433476	4	3	-1	2	0	0	1	-54	-84	28	96	-54	-84
10	82	180	225435472	7	4	0	3	0	0	1	-54	-84	28	96	-54	-84
10	82	180	225437488	8	4	-1	4	1	0	1	-53	-84	28	96	-54	-84
10	82	180	225439488	11	7	-1	6	0	1	1	-53	-83	28	96	-54	-84
10	82	180	225441468	13	8	-1	8	0	0	1	-53	-83	28	96	-54	-84
10	82	180	225443480	13	9	0	10	1	1	0	-52	-82	28	96	-54	-84
10	82	180	225445472	15	11	0	12	0	1	0	-52	-81	28	96	-54	-84
10	82	180	225447488	16	12	1	11	1	0	0	-51	-81	28	96	-54	-84
10	82	180	225449484	17	14	2	13	0	1	0	-51	-80	28	96	-54	-84
10	82	180	225451492	18	15	4	16	1	1	0	-50	-79	28	96	-54	-84
10	82	180	225453488	18	16	5	16	1	1	0	-49	-78	28	96	-54	-84
10	82	180	225455488	19	17	5	19	1	2	0	-48	-76	28	96	-54	-84
10	82	180	225457492	20	19	7	17	1	1	0	-47	-75	28	96	-54	-84
10	82	180	225459496	22	22	7	20	1	1	0	-46	-74	28	96	-54	-84
10	82	180	225461488	20	22	10	22	1	2	0	-45	-72	28	96	-54	-84
10	82	180	225463480	20	23	9	22	1	1	0	-44	-71	28	96	-54	-84
10	82	180	225465480	19	24	11	26	1	2	0	-43	-69	28	96	-54	-84
10	82	180	225467476	21	26	11	24	1	1	0	-42	-68	28	96	-54	-84
10	82	180	225469472	20	27	13	26	1	2	0	-41	-66	28	96	-54	-84
10	82	180	225471472	19	28	14	31	1	2	0	-40	-64	28	96	-54	-84
10	82	180	225473468	19	30	13	28	1	2	0	-39	-62	28	96	-54	-84
10	82	180	225475472	19	30	16	32	1	2	0	-38	-60	28	96	-54	-84
10	82	180	225477468	19	31	14	31	1	2	0	-37	-58	28	96	-54	-84
10	82	180	225479468	18	32	16	31	1	2	0	-36	-56	28	96	-54	-84
10	82	180	225481464	18	34	18	36	1	3	0	-35	-53	28	96	-54	-84
10	82	180	225483468	19	34	16	32	2	2	0	-33	-51	28	96	-54	-84
10	82	180	225485468	18	34	18	36	1	2	0	-32	-49	28	96	-54	-84
10	82	180	225487464	17	34	17	34	1	2	0	-31	-47	28	96	-54	-84
10	82	180	225489468	17	35	17	33	1	3	0	-30	-44	28	96	-54	-84
10	82	180	225491472	16	35	19	38	1	2	0	-29	-42	28	96	-54	-84
10	82	180	225493472	16	35	17	34	1	2	0	-28	-40	28	96	-54	-84
10	82	180	225495468	15	36	18	40	1	3	0	-27	-37	28	96	-54	-84
10	82	180	225497464	16	35	17	34	2	2	0	-25	-35	28	96	-54	-84
10	82	180	225499472	14	37	17	35	1	3	0	-24	-32	28	96	-54	-84
10	82	180	225501476	14	38	20	39	1	2	0	-23	-30	28	96	-54	-84
10	82	180	225503472	14	37	17	36	1	3	0	-22	-27	28	96	-54	-84
10	82	180	225505468	13	38	18	41	1	2	0	-21	-25	28	96	-54	-84
10	82	180	225507472	15	43	17	37	1	3	0	-20	-22	28	96	-54	-84
10	82	180	225509472	12	38	17	37	1	2	0	-19	-20	28	96	-54	-84
10	82	180	225511472	12	39	20	42	1	3	0	-18	-17	28	96	-54	-84
10	82	180	225513468	12	40	17	38	1	3	0	-17	-14	28	96	-54	-84
10	82	180	225515472	11	39	19	43	1	3	0	-16	-11	28	96	-54	-84
10	82	180	225517480	13	41	16	38	1	2	0	-15	-9	28	96	-54	-84
10	82	180	225519476	11	40	16	40	1	3	0	-14	-6	28	96	-54	-84
10	82	180	225521476	11	40	18	44	1	3	0	-13	-3	28	96	-54	-84
10	82	180	225523476	12	40	16	39	1	2	0	-12	-1	28	96	-54	-84
10	82	180	225525472	12	41	17	44	1	3	0	-11	2	28	96	-54	-84
10	82	180	225527472	11	41	16	41	1	3	0	-10	5	28	96	-54	-84
10	82	180	225529464	10	41	15	39	0	2	0	-10	7	28	96	-54	-84
10	82	180	225531480	10	42	18	45	1	3	0	-9	10	28	96	-54	-84
10	82	180	225533472	10	41	15	40	1	3	0	-8	13	28	96	-54	-84
10	82	180	225535484	9	41	17	46	1	3	0	-7	16	28	96	-54	-84
10	82	180	225537476	10	42	15	41	1	3	0	-6	19	28	96	-54	-84
10	82	180	225539484	9	41	16	44	1	3	0	-5	22	28	96	-54	-84
10	82	180	225541476	8	42	15	40	0	2	0	-5	24	28	96	-54	-84
10	82	180	225543480	9	41	15	39	1	3	0	-4	27	28	96	-54	-84
10	82	180	225545480	9	40	17	44	1	3	0	-3	30	28	96	-54	-84
10	82	180	225547484	9	41	15	40	1	2	0	-2	32	28	96	-54	-84
10	82	180	225549472	8	40	17	43	1	3	0	-1	35	28	96	-54	-84
10	82	180	225551472	10	45	15	38	1	3	0	0	38	28	96	-54	-84
10	82	180	225553460	10	38	15	38	0	3	0	0	41	28	96	-54	-84
10	82	180	225555476	9	39	17	41	1	2	0	1	43	28	96	-54	-84
10	82	180	225557472	10	37	15	37	1	3	0	2	46	28	96	-54	-84
10	82	180	225559468	10	36	18	39	1	2	0	3	48	28	96	-54	-84
10	82	180	225561468	10	36	15	35	1	3	0	4	51	28	96	-54	-84
10	82	180	225563468	10	35	14	34	1	2	0	5	53	28	96	-54	-84
10	82	180	225565468	11	34	17	37	1	2	0	6	55	28	96	-54	-84
10	82	180	225567456	10	34	15	32	0	2	0	6	57	28	96	-54	-84
10	82	180	225569464	9	32	16	34	1	3	0	7	60	28	96	-54	-84
10	82	180	225571468	11	31	14	30	1	2	0	8	62	28	96	-54	-84
10	82	180	225573464	9	30	14	28	1	2	0	9	64	28	96	-54	-84
10	82	180	225575472	10	29	16	31	1	2	0	10	66	28	96	-54	-84
10	82	180	225577472	11	27	14	26	1	1	0	11	67	28	96	-54	-84
10	82	180	225579456	9	25	14	28	0	2	0	11	69	28	96	-54	-84
10	82	180	225581464	10	24	12	23	1	2	0	12	71	28	96	-54	-84
10	82	180	225583464	9	24	12	23	1	1	0	13	72	28	96	-54	-84
10	82	180	225585448	8	22	13	23	0	2	0	13	74	28	96	-54	-84
10	82	180	225587460	8	21	11	20	1	1	0	14	75	28	96	-54	-84
10	82	180	225589452	6	20	11	22	1	2	0	15	77	28	96	-54	-84
10	82	180	225591448	7	18	9	17	0	1	0	15	78	28	96	-54	-84
10	82	180	225593456	6	17	9	16	1	1	0	16	79	28	96	-54	-84
10	82	180	225595444	4	16	9	17	0	1	0	16	80	28	96	-54	-84
10	82	180	225597460	6	16	7	15	1	1	0	17	81	28	96	-54	-84
10	82	180	225599448	4	14	7	14	0	1	0	17	82	28	96	-54	-84
10	82	180	225601452	3	12	7	12	0	1	0	17	83	28	96	-54	-84
10	82	180	225603448	4	12	5	11	1	0	0	18	83	28	96	-54	-84
10	82	180	225605448	3	10	6	11	0	1	0	18	84	28	96	-54	-84
10	82	180	225607448	3	9	4	9	0	1	0	18	85	28	96	-54	-84
10	82	180	225609440	3	9	5	9	0	0	0	18	85	28	96	-54	-84
10	82	180	225611448	1	7	3	7	0	1	0	18	86	28	96	-54	-84
10	82	180	225613452	1	7	3	7	1	0	0	19	86	28	96	-54	-84
10	82	180	225615452	1	6	3	6	0	1	0	19	87	28	96	-54	-84
10	82	180	225617456	1	5	1	5	0	0	0	19	87	28	96	-54	-84
10	82	180	225619452	1	5	2	6	0	0	0	19	87	28	96	-54	-84
10	82	180	225621468	2	4	2	4	0	1	0	19	88	28	96	-54	-84
10	82	180	225623456	1	4	1	3	0	0	0	19	88	28	96	-54	-84
10	82	180	225625456	1	4	1	4	0	0	0	19	88	28	96	-54	-84
10	82	180	225627448	0	4	2	3	0	0	0	19	88	28	96	-54	-84
10	82	180	225629460	0	3	1	3	0	1	0	19	89	28	96	-54	-84
10	82	180	225631436	1	2	0	3	0	0	0	19	89	28	96	-54	-84
10	82	180	225633444	0	2	1	1	0	0	0	19	89	28	96	-54	-84
10	82	180	225635436	0	3	0	3	0	0	0	19	89	28	96	-54	-84
10	82	180	225637444	0	2	1	2	0	0	0	19	89	28	96	-54	-84
10	82	180	225639440	1	2	0	2	0	0	0	19	89	28	96	-54	-84
10	82	180	225641428	0	2	0	2	0	0	0	19	89	28	96	-54	-84
10	82	180	225643444	0	2	1	3	0	1	0	19	90	28	96	-54	-84
10	82	180	225645428	1	1	0	2	0	0	0	19	90	28	96	-54	-84
10	82	180	225647440	0	2	1	2	1	0	0	20	90	28	96	-54	-84
10	82	180	225649424	1	2	0	2	0	0	0	20	90	28	96	-54	-84
10	82	180	225651432	1	3	1	3	0	0	0	20	90	28	96	-54	-84
10	82	180	225653424	1	2	0	2	0	0	0	20	90	28	96	-54	-84
10	82	180	225655428	1	2	1	3	0	0	0	20	90	28	96	-54	-84
10	82	180	225657436	0	3	1	2	0	1	0	20	91	28	96	-54	-84
10	82	180	225659432	0	1	1	1	0	0	0	20	91	28	96	-54	-84
10	82	180	225661416	0	2	0	1	0	0	0	20	91	28	96	-54	-84
10	82	180	225663424	0	2	1	2	0	0	0	20	91	28	96	-54	-84
10	82	180	225665424	1	1	0	1	0	0	0	20	91	28	96	-54	-84
10	82	180	225667408	0	0	0	1	0	0	1	20	91	28	96	-54	-84
11	82	180	225669408	0	1	0	0	0	0	1	28	96	28	96	-54	-84
11	82	180	225671416	0	0	1	1	0	0	1	28	96	28	96	-54	-84
11	-28	-196	225677396	0	0	1	0	0	0	1	28	96	0	-100	28	96
11	-28	-196	225687404	-1	0	0	0	0	0	1	28	96	0	-100	28	96
11	-28	-196	225699416	-1	0	1	0	0	0	1	28	96	0	-100	28	96
11	-28	-196	225741444	1	0	0	0	0	0	1	28	96	0	-100	28	96
11	-28	-196	225749448	0	0	0	-1	0	0	1	28	96	0	-100	28	96
11	-28	-196	225751452	0	-1	0	-1	0	0	1	28	96	0	-100	28	96
11	-28	-196	225753452	0	-1	0	-1	0	0	1	28	96	0	-100	28	96
11	-28	-196	225755456	0	-1	0	-1	0	0	1	28	96	0	-100	28	96
11	-28	-196	225757460	0	-2	0	-1	0	0	1	28	96	0	-100	28	96
11	-28	-196	225759456	0	-2	0	-1	0	0	1	28	96	0	-100	28	96
11	-28	-196	225761448	0	-1	0	-2	0	0	1	28	96	0	-100	28	96
11	-28	-196	225763452	0	-4	0	-4	0	0	1	28	96	0	-100	28	96
11	-28	-196	225765464	-2	-5	-1	-5	0	0	1	28	96	0	-100	28	96
11	-28	-196	225767460	-2	-6	0	-6	0	0	0	28	96	0	-100	28	96
11	-28	-196	225769468	-2	-10	0	-10	0	-1	0	28	95	0	-100	28	96
11	-28	-196	225771484	-3	-12	-1	-11	0	-1	0	28	94	0	-100	28	96
11	-28	-196	225773488	-4	-14	-1	-16	0	-1	0	28	93	0	-100	28	96
11	-28	-196	225775476	-3	-17	-3	-16	0	-1	0	28	92	0	-100	28	96
11	-28	-196	225777472	-5	-19	-4	-19	0	-1	0	28	91	0	-100	28	96
11	-28	-196	225779468	-4	-19	-4	-21	0	-2	0	28	89	0	-100	28	96
11	-28	-196	225781480	-5	-22	-5	-21	-1	-1	0	27	88	0	-100	28	96
11	-28	-196	225783468	-4	-23	-6	-25	0	-2	0	27	86	0	-100	28	96
11	-28	-196	225785468	-5	-24	-6	-23	0	-1	0	27	85	0	-100	28	96
11	-28	-196	225787492	-5	-24	-8	-26	-1	-2	0	26	83	0	-100	28	96
11	-28	-196	225789472	-4	-25	-7	-23	0	-1	0	26	82	0	-100	28	96
11	-28	-196	225791480	-5	-26	-7	-26	-1	-2	0	25	80	0	-100	28	96
11	-28	-196	225793460	-6	-26	-8	-28	0	-2	0	25	78	0	-100	28	96
11	-28	-196	225795472	-4	-26	-8	-26	0	-2	0	25	76	0	-100	28	96
11	-28	-196	225797484	-5	-28	-7	-26	-1	-2	0	24	74	0	-100	28	96
11	-28	-196	225799472	-6	-29	-9	-31	0	-2	0	24	72	0	-100	28	96
11	-28	-196	225801484	-5	-29	-8	-28	-1	-1	0	23	71	0	-100	28	96
11	-28	-196	225803452	-6	-30	-9	-32	0	-3	0	23	68	0	-100	28	96
11	-28	-196	225805476	-5	-31	-7	-28	-1	-1	0	22	67	0	-100	28	96
11	-28	-196	225807464	-7	-30	-9	-30	0	-2	0	22	65	0	-100	28	96
11	-28	-196	225809476	-7	-33	-9	-34	-1	-3	0	21	62	0	-100	28	96
11	-28	-196	225811468	-8	-37	-9	-31	0	-2	0	21	60	0	-100	28	96
11	-28	-196	225813480	-7	-33	-12	-36	-1	-2	0	20	58	0	-100	28	96
11	-28	-196	225815488	-7	-33	-9	-32	-1	-2	0	19	56	0	-100	28	96
11	-28	-196	225817468	-8	-35	-11	-33	0	-3	0	19	53	0	-100	28	96
11	-28	-196	225819484	-7	-34	-13	-38	-1	-2	0	18	51	0	-100	28	96
11	-28	-196	225821468	-9	-35	-10	-34	0	-2	0	18	49	0	-100	28	96
11	-28	-196	225823480	-8	-37	-13	-39	-1	-3	0	17	46	0	-100	28	96
11	-28	-196	225825480	-7	-36	-12	-35	-1	-2	0	16	44	0	-100	28	96
11	-28	-196	225827464	-9	-36	-12	-35	0	-3	0	16	41	0	-100	28	96
11	-28	-196	225829492	-7	-37	-14	-40	-1	-2	0	15	39	0	-100	28	96
11	-28	-196	225831500	-7	-36	-14	-35	-1	-3	0	14	36	0	-100	28	96
11	-28	-196	225833500	-6	-37	-15	-40	-1	-2	0	13	34	0	-100	28	96
11	-28	-196	225835488	-5	-37	-13	-35	0	-3	0	13	31	0	-100	28	96
11	-28	-196	225837504	-6	-37	-15	-40	-1	-2	0	12	29	0	-100	28	96
11	-28	-196	225839484	-4	-37	-13	-36	0	-3	0	12	26	0	-100	28	96
11	-28	-196	225841500	-4	-37	-14	-37	-1	-2	0	11	24	0	-100	28	96
11	-28	-196	225843500	-4	-37	-16	-41	-1	-3	0	10	21	0	-100	28	96
11	-28	-196	225845488	-3	-38	-13	-36	0	-2	0	10	19	0	-100	28	96
11	-28	-196	225847492	-3	-38	-15	-42	-1	-3	0	9	16	0	-100	28	96
11	-28	-196	225849480	-2	-37	-14	-37	0	-2	0	9	14	0	-100	28	96
11	-28	-196	225851500	-2	-44	-14	-38	-1	-3	0	8	11	0	-100	28	96
11	-28	-196	225853488	-2	-39	-15	-42	0	-3	0	8	8	0	-100	28	96
11	-28	-196	225855500	-2	-38	-13	-37	-1	-2	0	7	6	0	-100	28	96
11	-28	-196	225857504	-2	-38	-14	-43	-1	-3	0	6	3	0	-100	28	96
11	-28	-196	225859492	-2	-39	-12	-37	0	-2	0	6	1	0	-100	28	96
11	-28	-196	225861500	-2	-38	-14	-38	-1	-3	0	5	-2	0	-100	28	96
11	-28	-196	225863484	-2	-39	-14	-43	0	-3	0	5	-5	0	-100	28	96
11	-28	-196	225865480	-1	-37	-12	-37	0	-2	0	5	-7	0	-100	28	96
11	-28	-196	225867484	-2	-39	-13	-42	-1	-3	0	4	-10	0	-100	28	96
11	-28	-196	225869472	-1	-38	-12	-37	0	-2	0	4	-12	0	-100	28	96
11	-28	-196	225871484	-2	-39	-11	-37	-1	-3	0	3	-15	0	-100	28	96
11	-28	-196	225873472	-1	-38	-13	-42	0	-3	0	3	-18	0	-100	28	96
11	-28	-196	225875496	-1	-37	-12	-36	-1	-2	0	2	-20	0	-100	28	96
11	-28	-196	225877484	-1	-38	-12	-42	0	-3	0	2	-23	0	-100	28	96
11	-28	-196	225879488	0	-37	-11	-36	-1	-2	0	1	-25	0	-100	28	96
11	-28	-196	225881472	0	-36	-11	-36	0	-2	0	1	-27	0	-100	28	96
11	-28	-196	225883476	0	-37	-13	-38	0	-3	0	1	-30	0	-100	28	96
11	-28	-196	225885492	0	-35	-11	-35	-1	-2	0	0	-32	0	-100	28	96
11	-28	-196	225887492	2	-35	-12	-37	0	-3	0	0	-35	0	-100	28	96
11	-28	-196	225889484	3	-34	-10	-34	0	-2	0	0	-37	0	-100	28	96
11	-28	-196	225891496	2	-34	-11	-33	-1	-2	0	-1	-39	0	-100	28	96
11	-28	-196	225893480	2	-33	-11	-37	0	-3	0	-1	-42	0	-100	28	96
11	-28	-196	225895488	3	-38	-9	-32	0	-2	0	-1	-44	0	-100	28	96
11	-28	-196	225897476	3	-31	-12	-35	0	-2	0	-1	-46	0	-100	28	96
11	-28	-196	225899488	3	-31	-9	-31	-1	-2	0	-2	-48	0	-100	28	96
11	-28	-196	225901476	4	-31	-10	-29	0	-2	0	-2	-50	0	-100	28	96
11	-28	-196	225903476	2	-29	-11	-33	0	-2	0	-2	-52	0	-100	28	96
11	-28	-196	225905476	3	-29	-8	-28	0	-2	0	-2	-54	0	-100	28	96
11	-28	-196	225907472	3	-28	-10	-31	0	-2	0	-2	-56	0	-100	28	96
11	-28	-196	225909484	3	-28	-8	-27	-1	-2	0	-3	-58	0	-100	28	96
11	-28	-196	225911468	2	-26	-8	-26	0	-2	0	-3	-60	0	-100	28	96
11	-28	-196	225913472	2	-25	-9	-29	0	-1	0	-3	-61	0	-100	28	96
11	-28	-196	225915480	1	-25	-7	-25	0	-2	0	-3	-63	0	-100	28	96
11	-28	-196	225917492	1	-23	-8	-26	-1	-2	0	-4	-65	0	-100	28	96
11	-28	-196	225919476	2	-23	-6	-22	0	-1	0	-4	-66	0	-100	28	96
11	-28	-196	225921468	1	-21	-7	-22	0	-2	0	-4	-68	0	-100	28	96
11	-28	-196	225923472	1	-23	-6	-23	0	-1	0	-4	-69	0	-100	28	96
11	-28	-196	225925464	1	-20	-6	-21	0	-2	0	-4	-71	0	-100	28	96
11	-28	-196	225927464	1	-21	-6	-22	0	-1	0	-4	-72	0	-100	28	96
11	-28	-196	225929476	0	-19	-5	-17	-1	-1	0	-5	-73	0	-100	28	96
11	-28	-196	225931464	0	-18	-5	-17	0	-1	0	-5	-74	0	-100	28	96
11	-28	-196	225933464	1	-17	-5	-19	0	-2	0	-5	-76	0	-100	28	96
11	-28	-196	225935460	0	-16	-3	-16	0	-1	0	-5	-77	0	-100	28	96
11	-28	-196	225937456	0	-16	-4	-17	0	-1	0	-5	-78	0	-100	28	96
11	-28	-196	225939456	0	-14	-3	-13	0	-1	0	-5	-79	0	-100	28	96
11	-28	-196	225941456	0	-14	-3	-14	0	-1	0	-5	-80	0	-100	28	96
11	-28	-196	225943468	1	-15	-2	-14	0	-1	0	-5	-81	0	-100	28	96
11	-28	-196	225945448	1	-13	-1	-12	0	0	0	-5	-81	0	-100	28	96
11	-28	-196	225947460	1	-12	-2	-13	0	-1	0	-5	-82	0	-100	28	96
11	-28	-196	225949460	1	-12	-1	-13	0	-1	0	-5	-83	0	-100	28	96
11	-28	-196	225951460	2	-12	-1	-11	0	-1	0	-5	-84	0	-100	28	96
11	-28	-196	225953456	1	-12	-1	-12	0	-1	0	-5	-85	0	-100	28	96
11	-28	-196	225955448	1	-12	-1	-11	0	0	0	-5	-85	0	-100	28	96
11	-28	-196	225957460	2	-10	0	-12	0	-1	0	-5	-86	0	-100	28	96
11	-28	-196	225959464	2	-11	-1	-11	0	-1	0	-5	-87	0	-100	28	96
11	-28	-196	225961452	2	-11	0	-10	0	-1	0	-5	-88	0	-100	28	96
11	-28	-196	225963440	2	-10	0	-11	0	0	0	-5	-88	0	-100	28	96
11	-28	-196	225965460	2	-9	-1	-10	0	-1	0	-5	-89	0	-100	28	96
11	-28	-196	225967448	2	-10	0	-10	0	-1	0	-5	-90	0	-100	28	96
11	-28	-196	225969436	2	-9	0	-9	0	0	0	-5	-90	0	-100	28	96
11	-28	-196	225971444	1	-8	0	-6	0	-1	0	-5	-91	0	-100	28	96
11	-28	-196	225973428	1	-8	0	-9	0	0	0	-5	-91	0	-100	28	96
11	-28	-196	225975452	2	-6	1	-5	0	-1	0	-5	-92	0	-100	28	96
11	-28	-196	225977440	1	-6	1	-7	0	0	0	-5	-92	0	-100	28	96
11	-28	-196	225979440	1	-5	1	-4	0	0	0	-5	-92	0	-100	28	96
11	-28	-196	225981452	0	-4	1	-4	0	-1	0	-5	-93	0	-100	28	96
11	-28	-196	225983448	1	-3	1	-4	0	0	0	-5	-93	0	-100	28	96
11	-28	-196	225985436	0	-3	1	-2	0	0	0	-5	-93	0	-100	28	96
11	-28	-196	225987432	0	-2	1	-2	0	0	0	-5	-93	0	-100	28	96
11	-28	-196	225989420	0	-2	0	-1	0	0	0	-5	-93	0	-100	28	96
11	-28	-196	225991420	0	-1	0	-1	0	0	1	-5	-93	0	-100	28	96
