1	0	-200	1546350784	0	0	1	0	0	0	1	0	-200	0	-200	0	0
1	-56	392	1546354784	0	0	1	0	0	0	1	0	-200	-56	192	0	-200
1	-56	392	1546358776	1	0	0	0	0	0	1	0	-200	-56	192	0	-200
1	-56	392	1546360776	0	0	1	0	0	0	1	0	-200	-56	192	0	-200
1	-56	392	1546366776	1	0	2	0	0	0	1	0	-200	-56	192	0	-200
1	-56	392	1546370804	0	1	1	0	0	0	1	0	-200	-56	192	0	-200
1	-56	392	1546372780	1	0	0	0	0	0	1	0	-200	-56	192	0	-200
1	-56	392	1546376808	0	0	1	1	0	0	1	0	-200	-56	192	0	-200
1	-56	392	1546382784	0	0	1	0	0	0	1	0	-200	-56	192	0	-200
1	-56	392	1546390788	0	0	2	0	0	0	1	0	-200	-56	192	0	-200
1	-56	392	1546400792	0	0	1	0	0	0	1	0	-200	-56	192	0	-200
1	-56	392	1546410792	-1	0	0	0	0	0	1	0	-200	-56	192	0	-200
1	-56	392	1546418792	-2	0	0	0	0	0	1	0	-200	-56	192	0	-200
1	-56	392	1546426800	-1	0	0	0	0	0	1	0	-200	-56	192	0	-200
1	-56	392	1546438780	0	0	0	0	0	0	0	0	-200	-56	192	0	-200
1	-56	392	1546446808	0	0	-1	0	0	0	0	0	-200	-56	192	0	-200
1	-56	392	1546456808	0	0	-1	0	0	0	0	0	-200	-56	192	0	-200
1	-56	392	1546462816	0	0	-1	0	0	0	0	0	-200	-56	192	0	-200
1	-56	392	1546468824	0	0	-1	0	0	0	0	0	-200	-56	192	0	-200
1	-56	392	1546470824	0	2	0	0	0	0	0	0	-200	-56	192	0	-200
1	-56	392	1546472860	0	0	-2	1	0	0	0	0	-200	-56	192	0	-200
1	-56	392	1546476860	0	1	-1	1	0	0	0	0	-200	-56	192	0	-200
1	-56	392	1546478856	0	2	-1	2	0	0	0	0	-200	-56	192	0	-200
1	-56	392	1546480864	0	3	-3	3	0	1	0	0	-199	-56	192	0	-200
1	-56	392	1546482848	0	4	-2	4	0	0	0	0	-199	-56	192	0	-200
1	-56	392	1546484856	0	6	-5	6	0	1	0	0	-198	-56	192	0	-200
1	-56	392	1546486864	-1	9	-5	8	-1	1	0	-1	-197	-56	192	0	-200
1	-56	392	1546488848	0	10	-6	9	0	2	0	-1	-195	-56	192	0	-200
1	-56	392	1546490856	-1	15	-8	12	-1	2	0	-2	-193	-56	192	0	-200
1	-56	392	1546492852	0	15	-9	16	-1	2	0	-3	-191	-56	192	0	-200
1	-56	392	1546494852	-2	22	-11	19	-1	3	0	-4	-188	-56	192	0	-200
1	-56	392	1546496856	0	24	-12	23	-1	4	0	-5	-184	-56	192	0	-200
1	-56	392	1546498848	-1	32	-15	26	-1	4	0	-6	-180	-56	192	0	-200
1	-56	392	1546500848	-1	32	-19	36	-1	5	0	-7	-175	-56	192	0	-200
1	-56	392	1546502848	-1	42	-19	35	-2	6	0	-9	-169	-56	192	0	-200
1	-56	392	1546504848	0	41	-21	40	-1	6	0	-10	-163	-56	192	0	-200
1	-56	392	1546506844	-2	53	-23	45	-2	7	0	-12	-156	-56	192	0	-200
1	-56	392	1546508840	0	51	-26	50	-2	8	0	-14	-148	-56	192	0	-200
1	-56	392	1546510848	-1	64	-29	55	-2	9	0	-16	-139	-56	192	0	-200
1	-56	392	1546512848	0	61	-30	59	-3	9	0	-19	-130	-56	192	0	-200
1	-56	392	1546514844	0	74	-32	64	-2	10	0	-21	-120	-56	192	0	-200
1	-56	392	1546516844	-1	70	-41	77	-3	11	0	-24	-109	-56	192	0	-200
1	-56	392	1546518848	0	84	-38	74	-3	12	0	-27	-97	-56	192	0	-200
1	-56	392	1546520848	0	77	-39	76	-3	12	0	-30	-85	-56	192	0	-200
1	-56	392	1546522852	0	93	-41	81	-3	13	0	-33	-72	-56	192	0	-200
1	-56	392	1546524848	0	85	-41	84	-3	12	0	-36	-60	-56	192	0	-200
1	-56	392	1546526848	2	98	-44	88	-3	14	0	-39	-46	-56	192	0	-200
1	-56	392	1546528848	1	90	-45	90	-4	14	0	-43	-32	-56	192	0	-200
1	-56	392	1546530844	2	107	-54	105	-3	16	0	-46	-16	-56	192	0	-200
1	-56	392	1546532840	3	93	-46	96	-4	14	0	-50	-2	-56	192	0	-200
1	-56	392	1546534840	2	112	-49	97	-3	16	0	-53	14	-56	192	0	-200
1	-56	392	1546536844	3	97	-48	100	-4	14	0	-57	28	-56	192	0	-200
1	-56	392	1546538840	4	115	-49	102	-3	17	0	-60	45	-56	192	0	-200
1	-56	392	1546540840	2	103	-49	103	-3	15	0	-63	60	-56	192	0	-200
1	-56	392	1546542840	5	120	-49	105	-4	17	0	-67	77	-56	192	0	-200
1	-56	392	1546544836	4	105	-48	108	-3	16	0	-70	93	-56	192	0	-200
1	-56	392	1546546836	5	122	-55	125	-4	18	0	-74	111	-56	192	0	-200
1	-56	392	1546548836	5	109	-48	110	-3	17	0	-77	128	-56	192	0	-200
1	-56	392	1546550836	6	125	-47	111	-3	18	0	-80	146	-56	192	0	-200
1	-56	392	1546552832	6	111	-47	113	-3	16	0	-83	162	-56	192	0	-200
1	-56	392	1546554832	7	126	-45	113	-3	18	0	-86	180	-56	192	0	-200
1	-56	392	1546556832	6	113	-43	115	-3	17	0	-89	197	-56	192	0	-200
1	-56	392	1546558844	9	129	-44	115	-2	19	0	-91	216	-56	192	0	-200
1	-56	392	1546560848	7	130	-48	133	-4	19	0	-95	235	-56	192	0	-200
1	-56	392	1546562848	9	113	-40	117	-2	18	0	-97	253	-56	192	0	-200
1	-56	392	1546564848	9	130	-38	117	-2	18	0	-99	271	-56	192	0	-200
1	-56	392	1546566848	8	115	-38	117	-2	18	0	-101	289	-56	192	0	-200
1	-56	392	1546568848	10	132	-37	118	-2	18	0	-103	307	-56	192	0	-200
1	-56	392	1546570840	9	115	-35	117	-2	18	0	-105	325	-56	192	0	-200
1	-56	392	1546572840	10	130	-35	118	-2	18	0	-107	343	-56	192	0	-200
1	-56	392	1546574836	9	115	-34	117	-2	18	0	-109	361	-56	192	0	-200
1	-56	392	1546576840	11	130	-36	134	-2	20	0	-111	381	-56	192	0	-200
1	-56	392	1546578832	9	115	-33	116	-2	17	0	-113	398	-56	192	0	-200
1	-56	392	1546580832	9	130	-31	118	-1	18	0	-114	416	-56	192	0	-200
1	-56	392	1546582832	8	113	-30	116	-2	18	0	-116	434	-56	192	0	-200
1	-56	392	1546584836	9	129	-30	115	-2	18	0	-118	452	-56	192	0	-200
1	-56	392	1546586836	6	114	-30	116	-1	17	0	-119	469	-56	192	0	-200
1	-56	392	1546588836	8	129	-30	116	-2	19	0	-121	488	-56	192	0	-200
1	-56	392	1546590840	5	112	-34	132	-2	18	0	-123	506	-56	192	0	-200
1	-56	392	1546592836	6	129	-29	113	-2	18	0	-125	524	-56	192	0	-200
1	-56	392	1546594836	4	111	-30	115	-2	17	0	-127	541	-56	192	0	-200
1	-56	392	1546596836	4	128	-30	114	-2	18	0	-129	559	-56	192	0	-200
1	-56	392	1546598836	1	111	-30	113	-2	17	0	-131	576	-56	192	0	-200
1	-56	392	1546600840	1	125	-28	112	-2	18	0	-133	594	-56	192	0	-200
1	-56	392	1546602840	0	109	-30	113	-2	16	0	-135	610	-56	192	0	-200
1	-56	392	1546604840	0	123	-30	111	-3	18	0	-138	628	-56	192	0	-200
1	-56	392	1546606840	0	108	-35	125	-2	17	0	-140	645	-56	192	0	-200
1	-56	392	1546608840	-3	121	-30	109	-3	18	0	-143	663	-56	192	0	-200
1	-56	392	1546610840	-2	105	-29	108	-2	16	0	-145	679	-56	192	0	-200
1	-56	392	1546612836	-5	119	-30	107	-3	17	0	-148	696	-56	192	0	-200
1	-56	392	1546614832	-4	104	-29	105	-2	15	0	-150	711	-56	192	0	-200
1	-56	392	1546616820	-6	115	-30	103	-3	17	0	-153	728	-56	192	0	-200
1	-56	392	1546618824	-5	100	-29	103	-2	15	0	-155	743	-56	192	0	-200
1	-56	392	1546620820	-7	112	-27	101	-3	16	0	-158	759	-56	192	0	-200
1	-56	392	1546622816	-6	98	-33	114	-3	16	0	-161	775	-56	192	0	-200
1	-56	392	1546624820	-7	108	-27	97	-2	15	0	-163	790	-56	192	0	-200
1	-56	392	1546626816	-8	94	-28	97	-3	14	0	-166	734	-56	192	0	-200
1	-56	392	1546628824	-7	106	-27	95	-3	15	0	-169	749	-56	192	0	-200
1	-56	392	1546630824	-8	90	-26	92	-2	14	0	-171	763	-56	192	0	-200
1	-56	392	1546632832	-7	102	-27	91	-3	15	0	-174	778	-56	192	0	-200
1	-56	392	1546634832	-9	87	-26	90	-2	13	0	-176	791	-56	192	0	-200
1	-56	392	1546636828	-9	98	-29	99	-3	15	0	-179	735	-56	192	0	-200
1	-56	392	1546638836	-10	95	-25	86	-3	13	0	-182	748	-56	192	0	-200
1	-56	392	1546640836	-7	82	-25	83	-2	13	0	-184	761	-56	192	0	-200
1	-56	392	1546642844	-12	91	-23	82	-3	13	0	-187	774	-56	192	0	-200
1	-56	392	1546644844	-8	78	-24	80	-2	11	0	-189	785	-56	192	0	-200
1	-56	392	1546646848	-12	86	-24	78	-3	13	0	-192	798	-56	192	0	-200
1	-56	392	1546648848	-10	75	-24	76	-2	11	0	-194	809	-56	192	0	-200
1	-56	392	1546650848	-11	83	-25	85	-3	13	0	-197	822	-56	192	0	-200
1	-56	392	1546652848	-10	71	-22	73	-3	10	0	-200	832	-56	192	0	-200
1	-56	392	1546654844	-12	79	-21	71	-2	12	0	-202	732	-56	192	0	-200
1	-56	392	1546656844	-10	67	-23	69	-2	10	0	-204	742	-56	192	0	-200
1	-56	392	1546658840	-13	75	-20	67	-3	11	0	-207	753	-56	192	0	-200
1	-56	392	1546660832	-11	64	-21	66	-2	9	0	-209	762	-56	192	0	-200
1	-56	392	1546662832	-13	71	-20	64	-3	10	0	-212	772	-56	192	0	-200
1	-56	392	1546664832	-10	60	-19	63	-2	10	0	-214	782	-56	192	0	-200
1	-56	392	1546666828	-12	68	-21	70	-2	10	0	-216	792	-56	192	0	-200
1	-56	392	1546668828	-10	57	-18	58	-3	9	0	-219	801	-56	192	0	-200
1	-56	392	1546670824	-13	64	-17	58	-2	9	0	-221	729	-56	192	0	-200
1	-56	392	1546672832	-10	54	-18	56	-2	8	0	-223	737	-56	192	0	-200
1	-56	392	1546674824	-11	60	-15	54	-2	9	0	-225	746	-56	192	0	-200
1	-56	392	1546676828	-9	51	-16	52	-2	7	0	-227	753	-56	192	0	-200
1	-56	392	1546678828	-10	57	-14	52	-2	8	0	-229	761	-56	192	0	-200
1	-56	392	1546680824	-8	48	-13	50	-1	8	0	-230	769	-56	192	0	-200
1	-56	392	1546682820	-10	54	-15	55	-2	8	0	-232	777	-56	192	0	-200
1	-56	392	1546684824	-8	43	-13	46	-2	7	0	-234	784	-56	192	0	-200
1	-56	392	1546686828	-9	50	-12	44	-1	7	0	-235	727	-56	192	0	-200
1	-56	392	1546688828	-6	42	-10	43	-1	6	0	-236	733	-56	192	0	-200
1	-56	392	1546690824	-9	46	-10	42	-2	7	0	-238	740	-56	192	0	-200
1	-56	392	1546692824	-6	39	-10	40	-1	6	0	-239	746	-56	192	0	-200
1	-56	392	1546694824	-7	42	-9	38	-1	6	0	-240	752	-56	192	0	-200
1	-56	392	1546696820	-5	35	-9	38	-1	5	0	-241	757	-56	192	0	-200
1	-56	392	1546698828	-8	40	-9	41	-2	6	0	-243	763	-56	192	0	-200
1	-56	392	1546700808	-5	33	-7	34	0	5	0	-243	768	-56	192	0	-200
1	-56	392	1546702812	-6	37	-6	32	-1	5	0	-244	725	-56	192	0	-200
1	-56	392	1546704808	-5	30	-7	33	-1	5	0	-245	730	-56	192	0	-200
1	-56	392	1546706812	-6	34	-6	30	-1	5	0	-246	735	-56	192	0	-200
1	-56	392	1546708808	-5	29	-6	29	-1	4	0	-247	739	-56	192	0	-200
1	-56	392	1546710812	-5	31	-5	28	-1	5	0	-248	744	-56	192	0	-200
1	-56	392	1546712812	-5	26	-6	32	-1	4	0	-249	748	-56	192	0	-200
1	-56	392	1546714796	-5	29	-7	25	0	4	0	-249	752	-56	192	0	-200
1	-56	392	1546716808	-5	24	-5	25	-1	4	0	-250	756	-56	192	0	-200
1	-56	392	1546718812	-5	27	-5	23	-1	3	0	-251	759	-56	192	0	-200
1	-56	392	1546720804	-5	25	-5	24	-1	4	0	-252	724	-56	192	0	-200
1	-56	392	1546722796	-5	23	-5	23	0	4	0	-252	728	-56	192	0	-200
1	-56	392	1546724808	-5	23	-5	21	-1	3	0	-253	731	-56	192	0	-200
1	-56	392	1546726812	-5	20	-5	20	-1	3	0	-254	734	-56	192	0	-200
1	-56	392	1546728808	-5	22	-6	22	-1	3	0	-255	737	-56	192	0	-200
1	-56	392	1546730788	-4	18	-5	19	0	3	0	-255	740	-56	192	0	-200
1	-56	392	1546732800	-5	20	-5	18	-1	3	0	-256	743	-56	192	0	-200
1	-56	392	1546734792	-5	18	-5	17	-1	2	0	-257	745	-56	192	0	-200
1	-56	392	1546736788	-5	17	-5	16	-1	3	0	-258	723	-56	192	0	-200
1	-56	392	1546738780	-5	15	-5	17	0	2	0	-258	725	-56	192	0	-200
1	-56	392	1546740788	-5	18	-5	15	-1	3	0	-259	728	-56	192	0	-200
1	-56	392	1546742780	-5	14	-4	13	-1	2	0	-260	730	-56	192	0	-200
1	-56	392	1546744776	-6	15	-6	17	-1	2	0	-261	732	-56	192	0	-200
1	-56	392	1546746760	-5	12	-4	12	0	2	0	-261	734	-56	192	0	-200
1	-56	392	1546748772	-7	14	-5	13	-1	2	0	-262	736	-56	192	0	-200
1	-56	392	1546750772	-5	11	-3	11	-1	2	0	-263	738	-56	192	0	-200
1	-56	392	1546752768	-6	13	-4	11	-1	2	0	-264	722	-56	192	0	-200
1	-56	392	1546754764	-5	10	-5	11	0	1	0	-264	723	-56	192	0	-200
1	-56	392	1546756772	-6	11	-4	10	-1	2	0	-265	725	-56	192	0	-200
1	-56	392	1546758768	-5	9	-4	9	-1	1	0	-266	726	-56	192	0	-200
1	-56	392	1546760756	-5	10	-3	10	0	2	0	-266	728	-56	192	0	-200
1	-56	392	1546762768	-6	7	-4	9	-1	1	0	-267	729	-56	192	0	-200
1	-56	392	1546764768	-5	9	-3	7	-1	1	0	-268	730	-56	192	0	-200
1	-56	392	1546766752	-5	6	-2	7	0	1	0	-268	731	-56	192	0	-200
1	-56	392	1546768776	-5	6	-3	6	-1	1	0	-269	732	-56	192	0	-200
1	-56	392	1546770764	-4	7	-2	6	0	1	0	-269	733	-56	192	0	-200
1	-56	392	1546772780	-5	5	-3	5	-1	1	0	-270	734	-56	192	0	-200
1	-56	392	1546774752	-4	5	-2	5	0	0	0	-270	720	-56	192	0	-200
1	-56	392	1546776780	-4	3	-1	4	-1	1	0	-271	721	-56	192	0	-200
1	-56	392	1546778748	-3	4	-2	4	0	0	0	-271	721	-56	192	0	-200
1	-56	392	1546780776	-4	3	-1	2	-1	1	0	-272	722	-56	192	0	-200
1	-56	392	1546782752	-3	2	-1	3	0	0	0	-272	722	-56	192	0	-200
1	-56	392	1546784756	-3	3	-1	2	0	1	0	-272	723	-56	192	0	-200
1	-56	392	1546786764	-3	1	-2	1	-1	0	0	-273	720	-56	192	0	-200
1	-56	392	1546788748	-2	1	0	2	0	0	0	-273	720	-56	192	0	-200
1	-56	392	1546790752	-2	1	-1	1	0	0	0	-273	720	-56	192	0	-200
1	-56	392	1546792752	-2	0	0	1	0	0	0	-273	720	-56	192	0	-200
1	-56	392	1546794752	-3	2	0	1	0	0	0	-273	720	-56	192	0	-200
1	-56	392	1546796724	-1	0	0	0	0	0	0	-273	720	-56	192	0	-200
1	-56	392	1546798728	-1	0	0	0	0	0	0	-273	720	-56	192	0	-200
1	-56	392	1546800744	-3	0	0	0	-1	0	0	-274	720	-56	192	0	-200
1	-56	392	1546802728	-1	0	0	0	0	0	0	-274	720	-56	192	0	-200
1	-56	392	1546804732	-1	0	0	0	0	0	0	-274	720	-56	192	0	-200
1	-56	392	1546806736	-1	0	0	0	0	0	0	-274	720	-56	192	0	-200
1	-56	392	1546808740	-2	0	0	0	0	0	1	-274	720	-56	192	0	-200
2	-56	392	1546810740	-2	0	0	0	0	0	1	-56	192	-56	192	0	-200
2	-56	392	1546812744	-1	0	0	0	0	0	1	-56	192	-56	192	0	-200
2	-56	392	1546814736	-2	0	0	0	0	0	1	-56	192	-56	192	0	-200
2	-56	392	1546816752	-2	0	0	0	-1	0	1	-57	192	-56	192	0	-200
2	-56	392	1546818740	-1	0	0	0	0	0	1	-57	192	-56	192	0	-200
2	-56	392	1546820740	-2	0	0	0	0	0	1	-57	192	-56	192	0	-200
2	-56	392	1546822768	-2	1	0	0	0	0	1	-57	192	-56	192	0	-200
2	164	-360	1546824740	-1	0	0	0	0	0	1	-57	192	108	-168	-56	192
2	164	-360	1546826736	-2	0	0	0	0	0	1	-57	192	108	-168	-56	192
2	164	-360	1546828776	-2	1	0	2	0	1	1	-57	193	108	-168	-56	192
2	164	-360	1546830736	-1	0	-1	0	0	0	1	-57	193	108	-168	-56	192
2	164	-360	1546832772	-3	1	0	0	-1	0	1	-58	193	108	-168	-56	192
2	164	-360	1546834760	-2	0	0	1	0	0	1	-58	193	108	-168	-56	192
2	164	-360	1546836756	-3	2	0	0	0	0	1	-58	193	108	-168	-56	192
2	164	-360	1546838752	-2	1	-1	1	0	0	1	-58	193	108	-168	-56	192
2	164	-360	1546840768	-4	0	0	1	-1	0	1	-59	193	108	-168	-56	192
2	164	-360	1546842752	-3	1	-2	0	0	0	1	-59	193	108	-168	-56	192
2	164	-360	1546844752	-3	1	0	2	0	0	1	-59	193	108	-168	-56	192
2	164	-360	1546846776	-4	2	-1	1	-1	1	1	-60	194	108	-168	-56	192
2	164	-360	1546848748	-4	1	-1	1	0	0	1	-60	194	108	-168	-56	192
2	164	-360	1546850748	-5	1	-1	1	0	0	1	-60	194	108	-168	-56	192
2	164	-360	1546852764	-4	1	0	2	-1	0	1	-61	194	108	-168	-56	192
2	164	-360	1546854756	-3	2	-2	0	0	0	1	-61	194	108	-168	-56	192
2	164	-360	1546856756	-5	0	-1	1	0	0	1	-61	194	108	-168	-56	192
2	164	-360	1546858784	-4	1	-1	1	-1	1	1	-62	195	108	-168	-56	192
2	164	-360	1546860756	-4	1	-1	1	0	0	1	-62	195	108	-168	-56	192
2	164	-360	1546862772	-4	1	0	2	-1	0	1	-63	195	108	-168	-56	192
2	164	-360	1546864736	-3	0	-2	0	0	0	1	-63	195	108	-168	-56	192
2	164	-360	1546866760	-4	2	-1	1	0	0	1	-63	195	108	-168	-56	192
2	164	-360	1546868776	-3	1	-1	0	-1	0	1	-64	195	108	-168	-56	192
2	164	-360	1546870756	-2	0	0	1	0	0	1	-64	195	108	-168	-56	192
2	164	-360	1546872724	-3	0	-1	0	0	0	1	-64	195	108	-168	-56	192
2	164	-360	1546874748	-2	1	-2	0	0	0	1	-64	195	108	-168	-56	192
2	164	-360	1546876728	-1	0	0	0	0	0	1	-64	195	108	-168	-56	192
2	164	-360	1546878772	-2	0	0	1	-1	0	1	-65	195	108	-168	-56	192
2	164	-360	1546880724	-1	0	-1	0	0	0	1	-65	195	108	-168	-56	192
2	164	-360	1546886724	-1	0	0	0	0	0	1	-65	195	108	-168	-56	192
2	164	-360	1546890728	0	-2	0	0	0	0	1	-65	195	108	-168	-56	192
2	164	-360	1546892728	0	-1	0	-3	0	0	1	-65	195	108	-168	-56	192
2	164	-360	1546894756	0	-4	1	-2	0	0	1	-65	195	108	-168	-56	192
2	164	-360	1546896756	0	-3	1	-4	0	0	1	-65	195	108	-168	-56	192
2	164	-360	1546898772	0	-5	2	-5	0	-1	1	-65	194	108	-168	-56	192
2	164	-360	1546900772	0	-8	3	-6	0	-1	1	-65	193	108	-168	-56	192
2	164	-360	1546902768	0	-7	4	-8	0	-1	1	-65	192	108	-168	-56	192
2	164	-360	1546904768	2	-10	3	-8	0	-1	0	-65	191	108	-168	-56	192
2	164	-360	1546906780	1	-12	5	-10	1	-2	0	-64	189	108	-168	-56	192
2	164	-360	1546908764	1	-15	5	-13	0	-2	0	-64	187	108	-168	-56	192
2	164	-360	1546910784	3	-13	8	-15	1	-2	0	-63	185	108	-168	-56	192
2	164	-360	1546912780	2	-19	9	-16	1	-3	0	-62	182	108	-168	-56	192
2	164	-360	1546914772	3	-19	8	-19	1	-3	0	-61	179	108	-168	-56	192
2	164	-360	1546916780	3	-25	10	-20	1	-3	0	-60	176	108	-168	-56	192
2	164	-360	1546918788	4	-24	12	-24	1	-4	0	-59	172	108	-168	-56	192
2	164	-360	1546920788	4	-30	12	-25	1	-4	0	-58	168	108	-168	-56	192
2	164	-360	1546922788	5	-28	14	-27	2	-4	0	-56	164	108	-168	-56	192
2	164	-360	1546924792	6	-37	19	-35	1	-5	0	-55	159	108	-168	-56	192
2	164	-360	1546926792	5	-33	16	-34	2	-5	0	-53	154	108	-168	-56	192
2	164	-360	1546928788	6	-42	17	-36	2	-6	0	-51	148	108	-168	-56	192
2	164	-360	1546930788	7	-38	20	-38	2	-6	0	-49	142	108	-168	-56	192
2	164	-360	1546932792	7	-48	22	-41	2	-6	0	-47	136	108	-168	-56	192
2	164	-360	1546934796	8	-51	22	-44	2	-8	0	-45	128	108	-168	-56	192
2	164	-360	1546936796	7	-46	24	-46	3	-6	0	-42	122	108	-168	-56	192
2	164	-360	1546938800	9	-58	30	-56	2	-9	0	-40	113	108	-168	-56	192
2	164	-360	1546940800	7	-51	27	-53	3	-8	0	-37	105	108	-168	-56	192
2	164	-360	1546942800	9	-64	29	-55	3	-9	0	-34	96	108	-168	-56	192
2	164	-360	1546944800	8	-57	30	-57	3	-8	0	-31	88	108	-168	-56	192
2	164	-360	1546946800	10	-69	33	-60	3	-10	0	-28	78	108	-168	-56	192
2	164	-360	1546948800	7	-64	32	-63	3	-9	0	-25	69	108	-168	-56	192
2	164	-360	1546950796	10	-75	35	-66	3	-11	0	-22	58	108	-168	-56	192
2	164	-360	1546952796	9	-69	36	-67	4	-10	0	-18	48	108	-168	-56	192
2	164	-360	1546954792	10	-81	43	-80	4	-12	0	-14	36	108	-168	-56	192
2	164	-360	1546956784	9	-74	40	-74	3	-11	0	-11	25	108	-168	-56	192
2	164	-360	1546958780	11	-86	41	-75	4	-12	0	-7	13	108	-168	-56	192
2	164	-360	1546960776	9	-79	43	-79	4	-12	0	-3	1	108	-168	-56	192
2	164	-360	1546962776	11	-91	45	-80	4	-13	0	1	-12	108	-168	-56	192
2	164	-360	1546964776	9	-82	46	-82	4	-12	0	5	-24	108	-168	-56	192
2	164	-360	1546966772	12	-98	49	-84	5	-14	0	10	-38	108	-168	-56	192
2	164	-360	1546968768	10	-87	50	-88	4	-13	0	14	-51	108	-168	-56	192
2	164	-360	1546970768	13	-102	60	-101	6	-15	0	20	-66	108	-168	-56	192
2	164	-360	1546972776	11	-90	53	-90	5	-14	0	25	-80	108	-168	-56	192
2	164	-360	1546974776	14	-106	55	-92	5	-15	0	30	-95	108	-168	-56	192
2	164	-360	1546976768	11	-92	57	-95	5	-14	0	35	-109	108	-168	-56	192
2	164	-360	1546978768	15	-109	58	-95	5	-15	0	40	-124	108	-168	-56	192
2	164	-360	1546980772	12	-96	59	-97	6	-15	0	46	-139	108	-168	-56	192
2	164	-360	1546982780	17	-112	61	-97	6	-15	0	52	-154	108	-168	-56	192
2	164	-360	1546984784	13	-97	72	-114	6	-16	0	58	-170	108	-168	-56	192
2	164	-360	1546986788	18	-114	62	-100	6	-16	0	64	-186	108	-168	-56	192
2	164	-360	1546988784	15	-100	65	-101	6	-15	0	70	-201	108	-168	-56	192
2	164	-360	1546990780	19	-115	65	-101	6	-16	0	76	-217	108	-168	-56	192
2	164	-360	1546992776	17	-101	65	-103	6	-16	0	82	-233	108	-168	-56	192
2	164	-360	1546994776	20	-116	66	-104	7	-16	0	89	-249	108	-168	-56	192
2	164	-360	1546996784	19	-103	67	-102	6	-16	0	95	-265	108	-168	-56	192
2	164	-360	1546998776	21	-117	67	-104	7	-16	0	102	-281	108	-168	-56	192
2	164	-360	1547000776	20	-103	75	-120	7	-17	0	109	-298	108	-168	-56	192
2	164	-360	1547002772	24	-117	66	-104	7	-16	0	116	-314	108	-168	-56	192
2	164	-360	1547004772	21	-103	67	-103	6	-16	0	122	-330	108	-168	-56	192
2	164	-360	1547006772	25	-117	65	-105	7	-17	0	129	-347	108	-168	-56	192
2	164	-360	1547008768	23	-103	65	-104	7	-15	0	136	-362	108	-168	-56	192
2	164	-360	1547010780	27	-117	63	-104	7	-17	0	143	-379	108	-168	-56	192
2	164	-360	1547012780	24	-103	63	-104	6	-15	0	149	-394	108	-168	-56	192
2	164	-360	1547014776	27	-117	71	-118	7	-18	0	156	-412	108	-168	-56	192
2	164	-360	1547016776	29	-117	63	-103	7	-16	0	163	-428	108	-168	-56	192
2	164	-360	1547018772	25	-101	60	-104	7	-16	0	170	-444	108	-168	-56	192
2	164	-360	1547020772	30	-116	60	-102	6	-16	0	176	-460	108	-168	-56	192
2	164	-360	1547022772	26	-100	58	-101	7	-15	0	183	-475	108	-168	-56	192
2	164	-360	1547024780	32	-115	59	-103	7	-16	0	190	-491	108	-168	-56	192
2	164	-360	1547026776	27	-99	56	-101	6	-15	0	196	-506	108	-168	-56	192
2	164	-360	1547028780	31	-114	57	-101	6	-17	0	202	-523	108	-168	-56	192
2	164	-360	1547030780	28	-97	62	-114	7	-15	0	209	-538	108	-168	-56	192
2	164	-360	1547032784	31	-111	54	-100	7	-16	0	216	-554	108	-168	-56	192
2	164	-360	1547034784	28	-97	52	-99	6	-15	0	222	-569	108	-168	-56	192
2	164	-360	1547036788	32	-110	52	-99	6	-16	0	228	-585	108	-168	-56	192
2	164	-360	1547038784	28	-95	50	-96	6	-14	0	234	-599	108	-168	-56	192
2	164	-360	1547040784	31	-107	48	-97	6	-15	0	240	-614	108	-168	-56	192
2	164	-360	1547042772	26	-93	49	-95	5	-14	0	245	-628	108	-168	-56	192
2	164	-360	1547044780	31	-105	53	-108	7	-16	0	252	-644	108	-168	-56	192
2	164	-360	1547046780	25	-90	45	-94	5	-14	0	257	-658	108	-168	-56	192
2	164	-360	1547048776	30	-102	43	-91	5	-15	0	262	-673	108	-168	-56	192
2	164	-360	1547050768	25	-89	43	-91	5	-13	0	267	-686	108	-168	-56	192
2	164	-360	1547052780	28	-99	41	-89	6	-14	0	273	-700	108	-168	-56	192
2	164	-360	1547054780	24	-86	40	-89	4	-13	0	277	-713	108	-168	-56	192
2	164	-360	1547056776	26	-97	38	-86	5	-14	0	282	-727	108	-168	-56	192
2	164	-360	1547058776	22	-83	37	-86	5	-13	0	287	-740	108	-168	-56	192
2	164	-360	1547060780	25	-94	41	-96	5	-14	0	292	-754	108	-168	-56	192
2	164	-360	1547062780	22	-81	34	-83	4	-12	0	296	-766	108	-168	-56	192
2	164	-360	1547064776	22	-91	34	-81	4	-13	0	300	-779	108	-168	-56	192
2	164	-360	1547066784	20	-78	31	-80	4	-12	0	304	-791	108	-168	-56	192
2	164	-360	1547068796	21	-87	30	-79	4	-12	0	308	-803	108	-168	-56	192
2	164	-360	1547070796	18	-75	30	-77	3	-12	0	311	-732	108	-168	-56	192
2	164	-360	1547072796	19	-85	28	-75	4	-12	0	315	-744	108	-168	-56	192
2	164	-360	1547074792	16	-71	30	-85	3	-12	0	318	-756	108	-168	-56	192
2	164	-360	1547076792	17	-82	26	-73	3	-11	0	321	-767	108	-168	-56	192
2	164	-360	1547078792	15	-68	24	-71	3	-11	0	324	-778	108	-168	-56	192
2	164	-360	1547080792	15	-78	23	-69	3	-11	0	327	-789	108	-168	-56	192
2	164	-360	1547082792	17	-76	23	-69	3	-11	0	330	-800	108	-168	-56	192
2	164	-360	1547084784	12	-64	21	-66	3	-9	0	333	-809	108	-168	-56	192
2	164	-360	1547086780	13	-71	20	-64	2	-10	0	335	-730	108	-168	-56	192
2	164	-360	1547088780	11	-61	19	-62	2	-10	0	337	-740	108	-168	-56	192
2	164	-360	1547090780	12	-68	21	-70	3	-10	0	340	-750	108	-168	-56	192
2	164	-360	1547092780	9	-57	16	-59	2	-9	0	342	-759	108	-168	-56	192
2	164	-360	1547094780	11	-64	17	-56	2	-9	0	344	-768	108	-168	-56	192
2	164	-360	1547096780	8	-53	15	-55	2	-8	0	346	-776	108	-168	-56	192
2	164	-360	1547098784	10	-58	13	-54	1	-8	0	347	-784	108	-168	-56	192
2	164	-360	1547100776	7	-50	14	-50	2	-8	0	349	-792	108	-168	-56	192
2	164	-360	1547102776	8	-54	13	-49	1	-7	0	350	-727	108	-168	-56	192
2	164	-360	1547104776	6	-45	12	-52	2	-8	0	352	-735	108	-168	-56	192
2	164	-360	1547106780	8	-49	11	-44	1	-7	0	353	-742	108	-168	-56	192
2	164	-360	1547108780	6	-40	9	-42	1	-6	0	354	-748	108	-168	-56	192
2	164	-360	1547110788	6	-44	9	-39	1	-6	0	355	-754	108	-168	-56	192
2	164	-360	1547112788	4	-35	9	-38	1	-6	0	356	-760	108	-168	-56	192
2	164	-360	1547114784	6	-38	7	-33	1	-5	0	357	-765	108	-168	-56	192
2	164	-360	1547116784	4	-30	6	-33	1	-5	0	358	-770	108	-168	-56	192
2	164	-360	1547118780	5	-34	7	-30	1	-4	0	359	-724	108	-168	-56	192
2	164	-360	1547120780	2	-25	6	-31	1	-5	0	360	-729	108	-168	-56	192
2	164	-360	1547122780	4	-28	5	-25	0	-4	0	360	-733	108	-168	-56	192
2	164	-360	1547124788	4	-21	4	-23	1	-3	0	361	-736	108	-168	-56	192
2	164	-360	1547126768	2	-21	3	-21	0	-3	0	361	-739	108	-168	-56	192
2	164	-360	1547128780	3	-16	4	-17	1	-2	0	362	-741	108	-168	-56	192
2	164	-360	1547130764	2	-18	3	-17	0	-3	0	362	-744	108	-168	-56	192
2	164	-360	1547132772	2	-11	2	-13	0	-2	0	362	-746	108	-168	-56	192
2	164	-360	1547134784	2	-13	3	-14	1	-2	0	363	-748	108	-168	-56	192
2	164	-360	1547136768	1	-8	1	-10	0	-1	0	363	-749	108	-168	-56	192
2	164	-360	1547138776	2	-9	1	-8	0	-2	0	363	-751	108	-168	-56	192
2	164	-360	1547140776	1	-6	1	-7	0	-1	0	363	-721	108	-168	-56	192
2	164	-360	1547142780	0	-7	2	-6	1	0	0	364	-721	108	-168	-56	192
2	164	-360	1547144784	1	-3	1	-4	0	-1	0	364	-722	108	-168	-56	192
2	164	-360	1547146756	0	-3	0	-4	0	-1	0	364	-723	108	-168	-56	192
2	164	-360	1547148764	0	-2	1	-2	0	0	0	364	-723	108	-168	-56	192
2	164	-360	1547150768	1	-2	1	-3	0	0	0	364	-723	108	-168	-56	192
2	164	-360	1547152756	0	-1	0	-1	0	0	0	364	-720	108	-168	-56	192
2	164	-360	1547158768	0	0	2	0	0	0	1	364	-720	108	-168	-56	192
3	164	-360	1547166776	0	0	1	0	0	0	1	108	-168	108	-168	-56	192
3	-259	299	1547170768	0	1	0	0	0	0	1	108	-168	-151	131	108	-168
3	-259	299	1547176768	0	0	1	0	0	0	1	108	-168	-151	131	108	-168
3	-259	299	1547180768	0	1	0	0	0	0	1	108	-168	-151	131	108	-168
3	-259	299	1547186768	0	0	1	0	0	0	1	108	-168	-151	131	108	-168
3	-259	299	1547194772	0	0	0	2	0	0	1	108	-168	-151	131	108	-168
3	-259	299	1547196780	0	1	0	0	0	0	1	108	-168	-151	131	108	-168
3	-259	299	1547200780	-1	0	0	0	0	0	1	108	-168	-151	131	108	-168
3	-259	299	1547208788	0	0	2	0	0	0	1	108	-168	-151	131	108	-168
3	-259	299	1547246820	-2	0	0	0	0	0	1	108	-168	-151	131	108	-168
3	-259	299	1547252800	0	0	0	0	0	0	0	108	-168	-151	131	108	-168
3	-259	299	1547254832	0	0	-1	0	0	0	0	108	-168	-151	131	108	-168
3	-259	299	1547260848	-1	1	-1	1	0	0	0	108	-168	-151	131	108	-168
3	-259	299	1547262852	-1	2	-1	1	0	0	0	108	-168	-151	131	108	-168
3	-259	299	1547264852	-3	3	-2	4	0	0	0	108	-168	-151	131	108	-168
3	-259	299	1547266868	-2	4	-3	4	0	1	0	108	-167	-151	131	108	-168
3	-259	299	1547268856	-3	5	-3	5	0	0	0	108	-167	-151	131	108	-168
3	-259	299	1547270880	-3	6	-5	6	-1	1	0	107	-166	-151	131	108	-168
3	-259	299	1547272876	-5	9	-6	7	-1	1	0	106	-165	-151	131	108	-168
3	-259	299	1547274876	-5	10	-8	9	-1	2	0	105	-163	-151	131	108	-168
3	-259	299	1547276876	-8	13	-10	11	-1	2	0	104	-161	-151	131	108	-168
3	-259	299	1547278876	-7	12	-11	13	-1	1	0	103	-160	-151	131	108	-168
3	-259	299	1547280876	-9	18	-15	17	-2	3	0	101	-157	-151	131	108	-168
3	-259	299	1547282876	-9	18	-16	17	-2	3	0	99	-154	-151	131	108	-168
3	-259	299	1547284880	-11	23	-18	20	-2	3	0	97	-151	-151	131	108	-168
3	-259	299	1547286880	-11	22	-21	22	-3	3	0	94	-148	-151	131	108	-168
3	-259	299	1547288888	-15	30	-25	25	-3	4	0	91	-144	-151	131	108	-168
3	-259	299	1547290880	-14	30	-26	29	-3	5	0	88	-139	-151	131	108	-168
3	-259	299	1547292884	-18	38	-31	32	-3	5	0	85	-134	-151	131	108	-168
3	-259	299	1547294888	-16	36	-39	40	-5	6	0	80	-128	-151	131	108	-168
3	-259	299	1547296896	-19	46	-38	40	-4	6	0	76	-122	-151	131	108	-168
3	-259	299	1547298888	-18	44	-41	44	-4	7	0	72	-115	-151	131	108	-168
3	-259	299	1547300892	-22	54	-45	46	-5	7	0	67	-108	-151	131	108	-168
3	-259	299	1547302888	-22	60	-47	52	-5	9	0	62	-99	-151	131	108	-168
3	-259	299	1547304892	-21	55	-52	53	-6	8	0	56	-91	-151	131	108	-168
3	-259	299	1547306900	-25	69	-55	59	-6	9	0	50	-82	-151	131	108	-168
3	-259	299	1547308904	-24	63	-67	73	-7	11	0	43	-71	-151	131	108	-168
3	-259	299	1547310900	-26	78	-61	67	-6	10	0	37	-61	-151	131	108	-168
3	-259	299	1547312896	-25	72	-67	70	-7	11	0	30	-50	-151	131	108	-168
3	-259	299	1547314896	-30	87	-68	75	-8	12	0	22	-38	-151	131	108	-168
3	-259	299	1547316896	-28	78	-73	80	-7	12	0	15	-26	-151	131	108	-168
3	-259	299	1547318892	-34	97	-76	83	-8	14	0	7	-12	-151	131	108	-168
3	-259	299	1547320896	-30	87	-79	87	-9	13	0	-2	1	-151	131	108	-168
3	-259	299	1547322892	-36	105	-82	91	-8	14	0	-10	15	-151	131	108	-168
3	-259	299	1547324896	-32	95	-99	109	-10	16	0	-20	31	-151	131	108	-168
3	-259	299	1547326892	-40	114	-89	100	-10	16	0	-30	47	-151	131	108	-168
3	-259	299	1547328896	-37	102	-91	103	-9	15	0	-39	62	-151	131	108	-168
3	-259	299	1547330892	-42	122	-95	106	-11	17	0	-50	79	-151	131	108	-168
3	-259	299	1547332892	-40	110	-99	110	-10	17	0	-60	96	-151	131	108	-168
3	-259	299	1547334892	-46	128	-100	114	-11	18	0	-71	114	-151	131	108	-168
3	-259	299	1547336888	-42	115	-102	116	-11	17	0	-82	131	-151	131	108	-168
3	-259	299	1547338888	-48	135	-107	120	-12	19	0	-94	150	-151	131	108	-168
3	-259	299	1547340884	-44	122	-122	139	-12	20	0	-106	170	-151	131	108	-168
3	-259	299	1547342880	-51	141	-111	125	-12	20	0	-118	190	-151	131	108	-168
3	-259	299	1547344876	-45	126	-113	127	-12	19	0	-130	209	-151	131	108	-168
3	-259	299	1547346876	-53	146	-114	129	-13	20	0	-143	229	-151	131	108	-168
3	-259	299	1547348876	-46	130	-115	130	-12	20	0	-155	249	-151	131	108	-168
3	-259	299	1547350876	-53	152	-116	132	-12	21	0	-167	270	-151	131	108	-168
3	-259	299	1547352876	-47	132	-117	134	-13	20	0	-180	290	-151	131	108	-168
3	-259	299	1547354876	-53	153	-134	155	-14	23	0	-194	313	-151	131	108	-168
3	-259	299	1547356880	-46	135	-119	135	-12	21	0	-206	334	-151	131	108	-168
3	-259	299	1547358876	-51	153	-119	136	-13	21	0	-219	355	-151	131	108	-168
3	-259	299	1547360880	-45	134	-118	137	-12	21	0	-231	376	-151	131	108	-168
3	-259	299	1547362880	-51	154	-119	135	-13	21	0	-244	397	-151	131	108	-168
3	-259	299	1547364876	-45	134	-118	136	-12	20	0	-256	417	-151	131	108	-168
3	-259	299	1547366876	-50	151	-116	134	-12	22	0	-268	439	-151	131	108	-168
3	-259	299	1547368876	-43	131	-115	133	-12	20	0	-280	459	-151	131	108	-168
3	-259	299	1547370872	-49	149	-129	150	-14	22	0	-294	481	-151	131	108	-168
3	-259	299	1547372872	-41	127	-111	130	-11	19	0	-305	500	-151	131	108	-168
3	-259	299	1547374872	-46	144	-109	128	-12	21	0	-317	521	-151	131	108	-168
3	-259	299	1547376872	-40	124	-106	126	-11	18	0	-328	539	-151	131	108	-168
3	-259	299	1547378868	-46	139	-102	123	-11	20	0	-339	559	-151	131	108	-168
3	-259	299	1547380868	-39	117	-100	121	-10	18	0	-349	577	-151	131	108	-168
3	-259	299	1547382868	-43	133	-98	117	-11	19	0	-360	596	-151	131	108	-168
3	-259	299	1547384864	-37	112	-94	117	-9	17	0	-369	613	-151	131	108	-168
3	-259	299	1547386856	-41	126	-102	127	-11	19	0	-380	632	-151	131	108	-168
3	-259	299	1547388856	-35	107	-85	109	-9	16	0	-389	648	-151	131	108	-168
3	-259	299	1547390856	-39	117	-81	106	-9	17	0	-398	665	-151	131	108	-168
3	-259	299	1547392856	-34	100	-78	103	-9	15	0	-407	680	-151	131	108	-168
3	-259	299	1547394852	-36	111	-74	98	-8	16	0	-415	696	-151	131	108	-168
3	-259	299	1547396848	-35	107	-70	97	-8	15	0	-423	711	-151	131	108	-168
3	-259	299	1547398852	-30	90	-65	92	-7	14	0	-430	725	-151	131	108	-168
3	-259	299	1547400852	-33	98	-68	103	-7	15	0	-437	740	-151	131	108	-168
3	-259	299	1547402844	-27	83	-58	86	-7	12	0	-444	752	-151	131	108	-168
3	-259	299	1547404844	-29	91	-52	82	-6	13	0	-450	733	-151	131	108	-168
3	-259	299	1547406840	-25	78	-49	79	-5	12	0	-455	745	-151	131	108	-168
3	-259	299	1547408836	-27	83	-46	76	-6	12	0	-461	757	-151	131	108	-168
3	-259	299	1547410848	-22	70	-42	73	-5	11	0	-466	768	-151	131	108	-168
3	-259	299	1547412860	-25	77	-38	70	-4	11	0	-470	779	-151	131	108	-168
3	-259	299	1547414856	-18	63	-35	67	-4	10	0	-474	789	-151	131	108	-168
3	-259	299	1547416856	-23	70	-38	73	-5	10	0	-479	799	-151	131	108	-168
3	-259	299	1547418856	-17	59	-30	60	-3	9	0	-482	808	-151	131	108	-168
3	-259	299	1547420852	-19	64	-27	57	-4	9	0	-486	817	-151	131	108	-168
3	-259	299	1547422844	-16	52	-25	55	-3	8	0	-489	728	-151	131	108	-168
3	-259	299	1547424848	-17	58	-23	53	-3	9	0	-492	737	-151	131	108	-168
3	-259	299	1547426856	-13	47	-21	50	-3	7	0	-495	744	-151	131	108	-168
3	-259	299	1547428844	-14	52	-19	46	-2	7	0	-497	751	-151	131	108	-168
3	-259	299	1547430840	-13	42	-17	45	-2	7	0	-499	758	-151	131	108	-168
3	-259	299	1547432848	-12	46	-19	49	-3	7	0	-502	765	-151	131	108	-168
3	-259	299	1547434844	-10	38	-14	39	-1	6	0	-503	771	-151	131	108	-168
3	-259	299	1547436840	-11	41	-12	37	-2	6	0	-505	777	-151	131	108	-168
3	-259	299	1547438832	-9	34	-13	35	-2	5	0	-507	725	-151	131	108	-168
3	-259	299	1547440836	-10	35	-10	33	-1	5	0	-508	730	-151	131	108	-168
3	-259	299	1547442832	-8	29	-9	30	-2	4	0	-510	734	-151	131	108	-168
3	-259	299	1547444832	-8	31	-8	27	-1	5	0	-511	739	-151	131	108	-168
3	-259	299	1547446828	-7	24	-8	26	-1	3	0	-512	742	-151	131	108	-168
3	-259	299	1547448824	-7	26	-9	28	-1	4	0	-513	746	-151	131	108	-168
3	-259	299	1547450820	-6	21	-5	22	-1	4	0	-514	750	-151	131	108	-168
3	-259	299	1547452832	-7	23	-5	20	-1	3	0	-515	753	-151	131	108	-168
3	-259	299	1547454816	-3	17	-5	18	0	2	1	-515	722	-151	131	108	-168
4	-259	299	1547456828	-5	18	-3	17	-1	3	1	-152	134	-151	131	108	-168
4	-259	299	1547458824	-4	13	-4	15	-1	2	1	-153	136	-151	131	108	-168
4	-259	299	1547460808	-4	15	-3	13	0	2	1	-153	138	-151	131	108	-168
4	-259	299	1547462820	-4	10	-2	14	-1	2	1	-154	140	-151	131	108	-168
4	-259	299	1547464808	-2	12	-1	10	0	2	1	-154	142	-151	131	108	-168
4	-259	299	1547466808	-3	7	-3	7	0	1	1	-154	143	-151	131	108	-168
4	-259	299	1547468812	-2	8	-1	8	0	1	1	-154	144	-151	131	108	-168
4	-259	299	1547470824	-1	5	0	6	-1	1	1	-155	145	-151	131	108	-168
4	333	-214	1547472800	-2	5	-1	5	0	1	1	-155	146	182	-83	-151	131
4	333	-214	1547474792	-1	3	0	5	0	0	1	-155	146	182	-83	-151	131
4	333	-214	1547476800	-1	4	-2	2	0	1	1	-155	147	182	-83	-151	131
4	333	-214	1547478788	-1	3	0	4	0	0	1	-155	147	182	-83	-151	131
4	333	-214	1547480772	0	2	0	3	0	1	1	-155	148	182	-83	-151	131
4	333	-214	1547482784	-2	1	0	1	0	0	1	-155	148	182	-83	-151	131
4	333	-214	1547484756	0	0	0	1	0	0	1	-155	148	182	-83	-151	131
4	333	-214	1547486780	-1	2	0	0	0	0	1	-155	148	182	-83	-151	131
4	333	-214	1547490780	-1	0	0	1	0	0	1	-155	148	182	-83	-151	131
4	333	-214	1547494764	-1	0	0	0	-1	0	1	-156	148	182	-83	-151	131
4	333	-214	1547498756	-2	0	0	0	0	0	1	-156	148	182	-83	-151	131
4	333	-214	1547500756	-1	0	0	0	0	0	1	-156	148	182	-83	-151	131
4	333	-214	1547502764	-1	0	0	0	0	0	1	-156	148	182	-83	-151	131
4	333	-214	1547504764	0	0	-1	0	0	0	1	-156	148	182	-83	-151	131
4	333	-214	1547506768	-1	0	0	0	0	0	1	-156	148	182	-83	-151	131
4	333	-214	1547508772	-2	0	0	0	0	0	1	-156	148	182	-83	-151	131
4	333	-214	1547510804	-1	-1	0	0	0	0	1	-156	148	182	-83	-151	131
4	333	-214	1547514776	-1	0	0	0	0	0	1	-156	148	182	-83	-151	131
4	333	-214	1547516800	-1	-1	0	0	0	0	1	-156	148	182	-83	-151	131
4	333	-214	1547518776	0	0	-1	0	0	0	1	-156	148	182	-83	-151	131
4	333	-214	1547520812	-2	0	0	-1	-1	0	1	-157	148	182	-83	-151	131
4	333	-214	1547522768	0	-1	0	0	0	0	1	-157	148	182	-83	-151	131
4	333	-214	1547524796	-1	-2	0	-2	0	0	1	-157	148	182	-83	-151	131
4	333	-214	1547526764	0	-2	0	-2	0	0	1	-157	148	182	-83	-151	131
4	333	-214	1547528760	0	-3	0	-3	0	0	1	-157	148	182	-83	-151	131
4	333	-214	1547530808	0	-5	2	-3	0	-1	1	-157	147	182	-83	-151	131
4	333	-214	1547532808	0	-5	2	-5	0	-1	1	-157	146	182	-83	-151	131
4	333	-214	1547534804	1	-7	3	-7	0	-1	1	-157	145	182	-83	-151	131
4	333	-214	1547536804	0	-8	3	-7	0	-1	1	-157	144	182	-83	-151	131
4	333	-214	1547538812	2	-8	5	-9	1	-1	1	-156	143	182	-83	-151	131
4	333	-214	1547540796	1	-10	7	-10	0	-2	1	-156	141	182	-83	-151	131
4	333	-214	1547542816	3	-14	6	-11	1	-2	1	-155	139	182	-83	-151	131
4	333	-214	1547544820	2	-13	9	-13	1	-2	0	-154	137	182	-83	-151	131
4	333	-214	1547546820	3	-16	10	-13	1	-2	0	-153	135	182	-83	-151	131
4	333	-214	1547548820	4	-15	10	-15	1	-2	0	-152	133	182	-83	-151	131
4	333	-214	1547550824	5	-20	12	-18	1	-3	0	-151	130	182	-83	-151	131
4	333	-214	1547552824	3	-20	16	-21	2	-3	0	-149	127	182	-83	-151	131
4	333	-214	1547554824	7	-24	17	-20	1	-3	0	-148	124	182	-83	-151	131
4	333	-214	1547556816	7	-26	17	-23	2	-4	0	-146	120	182	-83	-151	131
4	333	-214	1547558816	6	-24	20	-23	2	-3	0	-144	117	182	-83	-151	131
4	333	-214	1547560816	9	-28	23	-27	2	-4	0	-142	113	182	-83	-151	131
4	333	-214	1547562820	9	-28	25	-26	3	-5	0	-139	108	182	-83	-151	131
4	333	-214	1547564820	11	-32	26	-29	3	-4	0	-136	104	182	-83	-151	131
4	333	-214	1547566816	10	-29	29	-30	3	-5	0	-133	99	182	-83	-151	131
4	333	-214	1547568812	13	-36	36	-35	3	-5	0	-130	94	182	-83	-151	131
4	333	-214	1547570816	12	-33	35	-32	4	-5	0	-126	89	182	-83	-151	131
4	333	-214	1547572808	15	-39	37	-34	4	-5	0	-122	84	182	-83	-151	131
4	333	-214	1547574812	15	-36	42	-36	4	-6	0	-118	78	182	-83	-151	131
4	333	-214	1547576808	19	-42	43	-38	5	-6	0	-113	72	182	-83	-151	131
4	333	-214	1547578804	17	-39	48	-38	5	-5	0	-108	67	182	-83	-151	131
4	333	-214	1547580808	22	-48	50	-40	5	-7	0	-103	60	182	-83	-151	131
4	333	-214	1547582812	20	-42	64	-49	6	-7	0	-97	53	182	-83	-151	131
4	333	-214	1547584816	25	-51	58	-44	7	-7	0	-90	46	182	-83	-151	131
4	333	-214	1547586820	23	-47	64	-45	6	-7	0	-84	39	182	-83	-151	131
4	333	-214	1547588816	29	-55	69	-49	7	-8	0	-77	31	182	-83	-151	131
4	333	-214	1547590820	26	-51	71	-50	8	-7	0	-69	24	182	-83	-151	131
4	333	-214	1547592828	33	-61	76	-51	8	-9	0	-61	15	182	-83	-151	131
4	333	-214	1547594820	30	-55	82	-55	8	-8	0	-53	7	182	-83	-151	131
4	333	-214	1547596828	36	-66	85	-56	9	-9	0	-44	-2	182	-83	-151	131
4	333	-214	1547598816	34	-60	102	-68	11	-10	0	-33	-12	182	-83	-151	131
4	333	-214	1547600816	40	-72	95	-60	10	-10	0	-23	-22	182	-83	-151	131
4	333	-214	1547602820	36	-63	99	-63	10	-9	0	-13	-31	182	-83	-151	131
4	333	-214	1547604820	44	-77	104	-65	11	-11	0	-2	-42	182	-83	-151	131
4	333	-214	1547606820	39	-68	107	-68	11	-10	0	9	-52	182	-83	-151	131
4	333	-214	1547608816	47	-80	113	-69	12	-11	0	21	-63	182	-83	-151	131
4	333	-214	1547610816	43	-73	116	-71	12	-11	0	33	-74	182	-83	-151	131
4	333	-214	1547612820	50	-85	120	-72	13	-12	0	46	-86	182	-83	-151	131
4	333	-214	1547614816	45	-76	142	-85	14	-12	0	60	-98	182	-83	-151	131
4	333	-214	1547616812	53	-89	128	-78	13	-12	0	73	-110	182	-83	-151	131
4	333	-214	1547618812	49	-79	131	-77	14	-12	0	87	-122	182	-83	-151	131
4	333	-214	1547620812	58	-91	134	-80	14	-13	0	101	-135	182	-83	-151	131
4	333	-214	1547622820	51	-82	135	-82	14	-12	0	115	-147	182	-83	-151	131
4	333	-214	1547624832	60	-94	139	-81	15	-13	0	130	-160	182	-83	-151	131
4	333	-214	1547626828	54	-83	140	-82	14	-12	0	144	-172	182	-83	-151	131
4	333	-214	1547628824	63	-95	162	-94	17	-15	0	161	-187	182	-83	-151	131
4	333	-214	1547630820	65	-95	144	-83	16	-13	0	177	-200	182	-83	-151	131
4	333	-214	1547632820	59	-82	145	-83	15	-12	0	192	-212	182	-83	-151	131
4	333	-214	1547634812	68	-96	145	-83	16	-14	0	208	-226	182	-83	-151	131
4	333	-214	1547636812	60	-83	145	-82	16	-12	0	224	-238	182	-83	-151	131
4	333	-214	1547638812	61	-82	145	-83	15	-13	0	239	-251	182	-83	-151	131
4	333	-214	1547640800	71	-95	145	-82	16	-13	0	255	-264	182	-83	-151	131
4	333	-214	1547642800	73	-93	145	-82	17	-13	0	272	-277	182	-83	-151	131
4	333	-214	1547644800	63	-81	162	-92	17	-13	0	289	-290	182	-83	-151	131
4	333	-214	1547646800	74	-91	142	-80	16	-13	0	305	-303	182	-83	-151	131
4	333	-214	1547648800	65	-79	140	-80	15	-12	0	320	-315	182	-83	-151	131
4	333	-214	1547650796	74	-89	137	-78	16	-12	0	336	-327	182	-83	-151	131
4	333	-214	1547652796	65	-77	135	-77	15	-12	0	351	-339	182	-83	-151	131
4	333	-214	1547654796	74	-87	133	-75	15	-12	0	366	-351	182	-83	-151	131
4	333	-214	1547656792	63	-73	130	-75	15	-11	0	381	-362	182	-83	-151	131
4	333	-214	1547658792	74	-84	127	-73	15	-12	0	396	-374	182	-83	-151	131
4	333	-214	1547660792	63	-71	143	-82	15	-11	0	411	-385	182	-83	-151	131
4	333	-214	1547662792	71	-80	121	-70	15	-12	0	426	-397	182	-83	-151	131
4	333	-214	1547664792	60	-69	117	-69	13	-10	0	439	-407	182	-83	-151	131
4	333	-214	1547666792	69	-76	114	-67	14	-11	0	453	-418	182	-83	-151	131
4	333	-214	1547668796	58	-67	111	-65	13	-9	0	466	-427	182	-83	-151	131
4	333	-214	1547670788	67	-72	108	-65	13	-11	0	479	-438	182	-83	-151	131
4	333	-214	1547672792	55	-63	105	-63	12	-9	0	491	-447	182	-83	-151	131
4	333	-214	1547674784	62	-68	115	-69	13	-10	0	504	-457	182	-83	-151	131
4	333	-214	1547676784	54	-60	96	-60	11	-9	0	515	-466	182	-83	-151	131
4	333	-214	1547678784	57	-67	94	-57	11	-10	0	526	-476	182	-83	-151	131
4	333	-214	1547680784	50	-56	90	-56	11	-8	0	537	-484	182	-83	-151	131
4	333	-214	1547682780	55	-64	87	-57	11	-9	0	548	-493	182	-83	-151	131
4	333	-214	1547684780	48	-55	84	-55	10	-9	0	558	-502	182	-83	-151	131
4	333	-214	1547686780	51	-61	80	-53	9	-8	0	567	-510	182	-83	-151	131
4	333	-214	1547688784	43	-52	78	-53	9	-8	0	576	-518	182	-83	-151	131
4	333	-214	1547690788	46	-59	83	-59	10	-9	0	586	-527	182	-83	-151	131
4	333	-214	1547692792	40	-50	72	-50	9	-7	0	595	-534	182	-83	-151	131
4	333	-214	1547694784	42	-56	68	-48	8	-8	0	603	-542	182	-83	-151	131
4	333	-214	1547696788	35	-49	65	-48	7	-7	0	610	-549	182	-83	-151	131
4	333	-214	1547698792	38	-54	64	-47	8	-8	0	618	-557	182	-83	-151	131
4	333	-214	1547700796	32	-45	60	-47	7	-7	0	625	-564	182	-83	-151	131
4	333	-214	1547702804	34	-51	58	-45	7	-7	0	632	-571	182	-83	-151	131
4	333	-214	1547704808	28	-44	62	-51	6	-7	0	638	-578	182	-83	-151	131
4	333	-214	1547706812	30	-49	53	-42	7	-7	0	645	-585	182	-83	-151	131
4	333	-214	1547708816	27	-48	50	-43	5	-7	0	650	-592	182	-83	-151	131
4	333	-214	1547710820	23	-40	47	-41	6	-6	0	656	-598	182	-83	-151	131
4	333	-214	1547712824	23	-45	46	-40	5	-6	0	661	-604	182	-83	-151	131
4	333	-214	1547714820	20	-38	43	-39	5	-6	0	666	-610	182	-83	-151	131
4	333	-214	1547716828	19	-42	41	-37	4	-6	0	670	-616	182	-83	-151	131
4	333	-214	1547718820	16	-37	45	-42	5	-6	0	675	-622	182	-83	-151	131
4	333	-214	1547720824	17	-38	38	-35	4	-5	0	679	-627	182	-83	-151	131
4	333	-214	1547722828	12	-33	35	-33	3	-5	0	682	-632	182	-83	-151	131
4	333	-214	1547724832	14	-36	33	-33	4	-5	0	686	-637	182	-83	-151	131
4	333	-214	1547726828	10	-30	32	-31	3	-5	0	689	-642	182	-83	-151	131
4	333	-214	1547728836	11	-34	28	-29	3	-5	0	692	-647	182	-83	-151	131
4	333	-214	1547730840	9	-27	28	-29	3	-4	0	695	-651	182	-83	-151	131
4	333	-214	1547732840	7	-30	29	-30	2	-4	0	697	-655	182	-83	-151	131
4	333	-214	1547734844	8	-25	23	-26	3	-4	0	700	-659	182	-83	-151	131
4	333	-214	1547736844	6	-28	22	-24	2	-4	0	702	-663	182	-83	-151	131
4	333	-214	1547738844	5	-21	20	-22	2	-3	0	704	-666	182	-83	-151	131
4	333	-214	1547740844	5	-24	17	-20	1	-4	0	705	-670	182	-83	-151	131
4	333	-214	1547742844	4	-19	16	-20	2	-3	0	707	-673	182	-83	-151	131
4	333	-214	1547744848	4	-18	15	-18	1	-2	0	708	-675	182	-83	-151	131
4	333	-214	1547746848	2	-17	15	-17	2	-3	0	710	-678	182	-83	-151	131
4	333	-214	1547748852	3	-15	13	-15	1	-2	0	711	-680	182	-83	-151	131
4	333	-214	1547750852	1	-12	10	-13	1	-2	0	712	-682	182	-83	-151	131
4	333	-214	1547752844	1	-13	9	-11	0	-2	0	712	-684	182	-83	-151	131
4	333	-214	1547754852	1	-8	7	-10	1	-1	0	713	-685	182	-83	-151	131
4	333	-214	1547756844	0	-9	6	-7	0	-1	0	713	-686	182	-83	-151	131
4	333	-214	1547758852	2	-6	5	-8	1	-1	0	714	-687	182	-83	-151	131
4	333	-214	1547760840	0	-7	5	-6	0	-1	0	714	-688	182	-83	-151	131
4	333	-214	1547762852	0	-3	4	-5	1	-1	0	715	-689	182	-83	-151	131
4	333	-214	1547764840	0	-4	3	-4	0	-1	0	715	-690	182	-83	-151	131
4	333	-214	1547766828	0	-3	1	-2	0	0	1	715	-690	182	-83	-151	131
5	333	-214	1547768824	0	-1	1	-3	0	0	1	182	-83	182	-83	-151	131
5	333	-214	1547770828	0	-1	1	-1	0	0	1	182	-83	182	-83	-151	131
5	-380	111	1547772848	0	0	2	-1	0	-1	1	182	-84	-198	28	182	-83
5	-380	111	1547774832	-1	-1	0	0	0	0	1	182	-84	-198	28	182	-83
5	-380	111	1547776800	0	0	1	0	0	0	1	182	-84	-198	28	182	-83
5	-380	111	1547790808	-1	0	0	0	0	0	1	182	-84	-198	28	182	-83
5	-380	111	1547824832	0	0	0	-2	0	0	1	182	-84	-198	28	182	-83
5	-380	111	1547834844	0	0	-1	0	0	0	1	182	-84	-198	28	182	-83
5	-380	111	1547836836	0	0	0	-1	0	0	1	182	-84	-198	28	182	-83
5	-380	111	1547840808	0	0	0	0	0	0	0	182	-84	-198	28	182	-83
5	-380	111	1547842836	0	0	-1	0	0	0	0	182	-84	-198	28	182	-83
5	-380	111	1547846840	0	0	-1	0	0	0	0	182	-84	-198	28	182	-83
5	-380	111	1547848872	0	0	-3	-1	0	0	0	182	-84	-198	28	182	-83
5	-380	111	1547850876	-1	-2	-2	0	0	0	0	182	-84	-198	28	182	-83
5	-380	111	1547852844	-2	0	-3	0	0	0	0	182	-84	-198	28	182	-83
5	-380	111	1547854836	-1	0	-5	0	0	0	0	182	-84	-198	28	182	-83
5	-380	111	1547856844	-4	0	-6	0	-1	0	0	181	-84	-198	28	182	-83
5	-380	111	1547858864	-3	1	-7	0	-1	0	0	180	-84	-198	28	182	-83
5	-380	111	1547860864	-5	2	-10	2	-1	0	0	179	-84	-198	28	182	-83
5	-380	111	1547862868	-5	3	-12	2	-1	0	0	178	-84	-198	28	182	-83
5	-380	111	1547864868	-9	2	-16	4	-2	0	0	176	-84	-198	28	182	-83
5	-380	111	1547866884	-9	5	-19	4	-2	1	0	174	-83	-198	28	182	-83
5	-380	111	1547868872	-11	5	-20	3	-3	0	0	171	-83	-198	28	182	-83
5	-380	111	1547870884	-13	7	-25	7	-2	1	0	169	-82	-198	28	182	-83
5	-380	111	1547872880	-16	8	-30	7	-4	2	0	165	-80	-198	28	182	-83
5	-380	111	1547874880	-16	9	-33	8	-4	1	0	161	-79	-198	28	182	-83
5	-380	111	1547876876	-21	13	-39	10	-4	2	0	157	-77	-198	28	182	-83
5	-380	111	1547878872	-23	12	-45	11	-5	1	0	152	-76	-198	28	182	-83
5	-380	111	1547880868	-27	15	-59	15	-7	3	0	145	-73	-198	28	182	-83
5	-380	111	1547882876	-29	16	-57	15	-6	2	0	139	-71	-198	28	182	-83
5	-380	111	1547884872	-36	22	-65	17	-8	3	0	131	-68	-198	28	182	-83
5	-380	111	1547886880	-35	20	-73	19	-8	3	0	123	-65	-198	28	182	-83
5	-380	111	1547888872	-44	25	-80	21	-9	3	0	114	-62	-198	28	182	-83
5	-380	111	1547890876	-44	25	-86	23	-10	4	0	104	-58	-198	28	182	-83
5	-380	111	1547892876	-52	30	-95	25	-11	4	0	93	-54	-198	28	182	-83
5	-380	111	1547894876	-52	27	-103	26	-11	4	0	82	-50	-198	28	182	-83
5	-380	111	1547896880	-63	35	-126	33	-15	5	0	67	-45	-198	28	182	-83
5	-380	111	1547898880	-60	33	-120	31	-13	5	0	54	-40	-198	28	182	-83
5	-380	111	1547900880	-74	40	-127	32	-15	5	0	39	-35	-198	28	182	-83
5	-380	111	1547902884	-70	37	-137	35	-16	6	0	23	-29	-198	28	182	-83
5	-380	111	1547904892	-85	44	-143	37	-17	6	0	6	-23	-198	28	182	-83
5	-380	111	1547906888	-79	41	-152	38	-17	6	0	-11	-17	-198	28	182	-83
5	-380	111	1547908892	-95	49	-160	42	-19	6	0	-30	-11	-198	28	182	-83
5	-380	111	1547910888	-101	52	-190	48	-22	8	0	-52	-3	-198	28	182	-83
5	-380	111	1547912888	-93	48	-173	45	-20	7	0	-72	4	-198	28	182	-83
5	-380	111	1547914896	-110	56	-179	47	-22	8	0	-94	12	-198	28	182	-83
5	-380	111	1547916896	-100	51	-186	48	-21	7	0	-115	19	-198	28	182	-83
5	-380	111	1547918896	-120	60	-192	52	-24	8	0	-139	27	-198	28	182	-83
5	-380	111	1547920896	-107	54	-196	51	-22	8	0	-161	35	-198	28	182	-83
5	-380	111	1547922896	-126	64	-202	54	-25	9	0	-186	44	-198	28	182	-83
5	-380	111	1547924900	-114	56	-235	62	-26	9	0	-212	53	-198	28	182	-83
5	-380	111	1547926900	-133	66	-210	56	-26	9	0	-238	62	-198	28	182	-83
5	-380	111	1547928904	-117	60	-213	57	-25	9	0	-263	71	-198	28	182	-83
5	-380	111	1547930908	-138	68	-215	58	-26	9	0	-289	80	-198	28	182	-83
5	-380	111	1547932908	-120	61	-217	59	-25	9	0	-314	89	-198	28	182	-83
5	-380	111	1547934908	-138	69	-219	59	-27	10	0	-341	99	-198	28	182	-83
5	-380	111	1547936904	-123	61	-220	60	-26	9	0	-367	108	-198	28	182	-83
5	-380	111	1547938908	-141	70	-220	60	-27	10	0	-394	118	-198	28	182	-83
5	-380	111	1547940904	-123	61	-251	69	-28	10	0	-422	128	-198	28	182	-83
5	-380	111	1547942892	-141	70	-219	60	-27	9	0	-449	137	-198	28	182	-83
5	-380	111	1547944896	-122	62	-219	60	-25	9	0	-474	146	-198	28	182	-83
5	-380	111	1547946896	-140	68	-216	60	-27	10	0	-501	156	-198	28	182	-83
5	-380	111	1547948892	-122	60	-215	58	-25	9	0	-526	165	-198	28	182	-83
5	-380	111	1547950896	-137	68	-213	59	-27	9	0	-553	174	-198	28	182	-83
5	-380	111	1547952888	-118	59	-210	58	-24	9	0	-577	183	-198	28	182	-83
5	-380	111	1547954892	-132	65	-235	65	-28	10	0	-605	193	-198	28	182	-83
5	-380	111	1547956888	-114	56	-201	55	-23	8	0	-628	201	-198	28	182	-83
5	-380	111	1547958888	-126	64	-197	55	-25	9	0	-653	210	-198	28	182	-83
5	-380	111	1547960892	-109	53	-193	55	-22	8	0	-675	218	-198	28	182	-83
5	-380	111	1547962892	-121	62	-186	52	-23	9	0	-698	227	-198	28	182	-83
5	-380	111	1547964892	-104	52	-183	53	-22	8	0	-720	235	-198	28	182	-83
5	-380	111	1547966892	-115	59	-176	51	-22	8	0	-742	243	-198	28	182	-83
5	-380	111	1547968896	-99	51	-170	50	-20	8	0	-762	251	-198	28	182	-83
5	-380	111	1547970892	-107	58	-187	56	-22	8	0	-784	259	-198	28	182	-83
5	-380	111	1547972888	-91	47	-158	49	-19	7	0	-803	266	-198	28	182	-83
5	-380	111	1547974892	-100	55	-151	47	-18	8	0	-821	274	-198	28	182	-83
5	-380	111	1547976892	-84	46	-145	47	-18	7	0	-839	281	-198	28	182	-83
5	-380	111	1547978888	-91	52	-138	46	-17	7	0	-856	288	-198	28	182	-83
5	-380	111	1547980892	-75	43	-130	44	-15	7	0	-871	295	-198	28	182	-83
5	-380	111	1547982896	-83	49	-123	42	-16	7	0	-887	302	-198	28	182	-83
5	-380	111	1547984904	-77	48	-134	48	-15	7	0	-902	309	-198	28	182	-83
5	-380	111	1547986892	-65	40	-110	40	-14	6	0	-916	315	-198	28	182	-83
5	-380	111	1547988892	-69	45	-103	38	-12	6	0	-928	321	-198	28	182	-83
5	-380	111	1547990896	-56	37	-95	38	-12	6	0	-940	327	-198	28	182	-83
5	-380	111	1547992896	-60	41	-88	36	-11	5	0	-951	332	-198	28	182	-83
5	-380	111	1547994896	-49	35	-83	35	-10	6	0	-961	338	-198	28	182	-83
5	-380	111	1547996900	-50	39	-76	33	-9	5	0	-970	343	-198	28	182	-83
5	-380	111	1547998892	-41	31	-69	32	-8	5	0	-978	348	-198	28	182	-83
5	-380	111	1548000900	-43	34	-72	35	-9	5	0	-987	353	-198	28	182	-83
5	-380	111	1548002892	-32	29	-57	29	-7	4	0	-994	357	-198	28	182	-83
5	-380	111	1548004900	-35	31	-51	26	-6	5	0	-1000	362	-198	28	182	-83
5	-380	111	1548006904	-27	25	-45	26	-6	3	0	-1006	365	-198	28	182	-83
5	-380	111	1548008900	-26	28	-40	24	-5	4	0	-1011	369	-198	28	182	-83
5	-380	111	1548010904	-21	21	-35	24	-4	4	0	-1015	373	-198	28	182	-83
5	-380	111	1548012908	-20	24	-31	21	-4	3	0	-1019	376	-198	28	182	-83
5	-380	111	1548014912	-15	20	-31	23	-3	3	0	-1022	379	-198	28	182	-83
5	-380	111	1548016908	-15	20	-23	18	-3	3	0	-1025	382	-198	28	182	-83
5	-380	111	1548018912	-10	15	-19	17	-2	3	0	-1027	385	-198	28	182	-83
5	-380	111	1548020912	-11	16	-16	15	-2	2	0	-1029	387	-198	28	182	-83
5	-380	111	1548022908	-7	12	-12	13	-2	2	0	-1031	389	-198	28	182	-83
5	-380	111	1548024908	-7	14	-10	13	-1	2	0	-1032	391	-198	28	182	-83
5	-380	111	1548026912	-5	10	-9	11	-1	1	0	-1033	392	-198	28	182	-83
5	-380	111	1548028904	-4	10	-8	11	-1	2	0	-1034	394	-198	28	182	-83
5	-380	111	1548030884	-4	8	-5	9	0	1	0	-1034	395	-198	28	182	-83
5	-380	111	1548032900	-2	6	-3	8	-1	1	1	-1035	396	-198	28	182	-83
6	-380	111	1548034884	-1	6	-3	6	0	1	1	-198	29	-198	28	182	-83
6	-380	111	1548036888	-2	5	-2	5	0	1	1	-198	30	-198	28	182	-83
6	396	0	1548038900	-1	4	-2	5	-1	1	1	-199	31	198	28	-198	28
6	396	0	1548040876	0	4	-1	4	0	0	1	-199	31	198	28	-198	28
6	396	0	1548042860	0	1	0	3	0	1	1	-199	32	198	28	-198	28
6	396	0	1548044872	-1	2	-1	3	0	0	1	-199	32	198	28	-198	28
6	396	0	1548046844	0	2	0	1	0	0	1	-199	32	198	28	-198	28
6	396	0	1548048844	0	0	0	1	0	0	1	-199	32	198	28	-198	28
6	396	0	1548052840	0	1	0	2	0	0	1	-199	32	198	28	-198	28
6	396	0	1548070844	0	-1	0	0	0	0	1	-199	32	198	28	-198	28
6	396	0	1548074848	-1	0	0	0	0	0	1	-199	32	198	28	-198	28
6	396	0	1548080848	0	0	0	-1	0	0	1	-199	32	198	28	-198	28
6	396	0	1548082852	0	-1	0	0	0	0	1	-199	32	198	28	-198	28
6	396	0	1548090888	-2	-1	0	-1	0	0	1	-199	32	198	28	-198	28
6	396	0	1548094864	0	-1	0	-1	0	0	1	-199	32	198	28	-198	28
6	396	0	1548096876	0	-3	0	-3	0	0	1	-199	32	198	28	-198	28
6	396	0	1548098900	-1	-2	2	-2	0	0	1	-199	32	198	28	-198	28
6	396	0	1548100896	0	-3	1	-3	0	0	1	-199	32	198	28	-198	28
6	396	0	1548102912	0	-4	1	-4	0	-1	1	-199	31	198	28	-198	28
6	396	0	1548104872	-1	-5	1	-3	0	0	1	-199	31	198	28	-198	28
6	396	0	1548106916	0	-5	3	-5	0	-1	1	-199	30	198	28	-198	28
6	396	0	1548108916	0	-5	2	-5	0	-1	1	-199	29	198	28	-198	28
6	396	0	1548110916	0	-6	3	-7	0	-1	1	-199	28	198	28	-198	28
6	396	0	1548112916	0	-6	2	-6	0	-1	1	-199	27	198	28	-198	28
6	396	0	1548114908	0	-8	4	-6	0	-1	1	-199	26	198	28	-198	28
6	396	0	1548116920	0	-7	5	-8	1	-1	1	-198	25	198	28	-198	28
6	396	0	1548118912	0	-10	6	-10	0	-2	1	-198	23	198	28	-198	28
6	396	0	1548120924	2	-8	5	-8	1	-1	1	-197	22	198	28	-198	28
6	396	0	1548122912	1	-11	8	-9	0	-1	0	-197	21	198	28	-198	28
6	396	0	1548124928	2	-11	7	-10	1	-2	0	-196	19	198	28	-198	28
6	396	0	1548126924	4	-10	9	-10	1	-1	0	-195	18	198	28	-198	28
6	396	0	1548128920	4	-11	11	-10	1	-2	0	-194	16	198	28	-198	28
6	396	0	1548130924	4	-10	12	-11	1	-1	0	-193	15	198	28	-198	28
6	396	0	1548132924	5	-13	15	-13	2	-2	0	-191	13	198	28	-198	28
6	396	0	1548134924	5	-10	13	-10	1	-2	0	-190	11	198	28	-198	28
6	396	0	1548136928	7	-11	18	-11	2	-2	0	-188	9	198	28	-198	28
6	396	0	1548138932	9	-11	17	-10	2	-1	0	-186	8	198	28	-198	28
6	396	0	1548140932	10	-12	22	-11	2	-2	0	-184	6	198	28	-198	28
6	396	0	1548142936	10	-10	22	-10	3	-1	0	-181	5	198	28	-198	28
6	396	0	1548144944	14	-12	26	-10	3	-2	0	-178	3	198	28	-198	28
6	396	0	1548146936	13	-10	29	-12	3	-2	0	-175	1	198	28	-198	28
6	396	0	1548148932	18	-13	38	-11	4	-1	0	-171	0	198	28	-198	28
6	396	0	1548150940	17	-10	36	-11	4	-2	0	-167	-2	198	28	-198	28
6	396	0	1548152936	24	-11	41	-10	5	-2	0	-162	-4	198	28	-198	28
6	396	0	1548154928	24	-11	45	-10	5	-1	0	-157	-5	198	28	-198	28
6	396	0	1548156920	30	-11	49	-10	6	-2	0	-151	-7	198	28	-198	28
6	396	0	1548158912	30	-10	54	-9	6	-1	0	-145	-8	198	28	-198	28
6	396	0	1548160916	37	-10	58	-10	7	-2	0	-138	-10	198	28	-198	28
6	396	0	1548162908	38	-10	64	-9	8	-1	0	-130	-11	198	28	-198	28
6	396	0	1548164912	45	-10	80	-10	9	-2	0	-121	-13	198	28	-198	28
6	396	0	1548166908	45	-9	75	-7	9	-1	0	-112	-14	198	28	-198	28
6	396	0	1548168904	56	-10	80	-9	11	-1	0	-101	-15	198	28	-198	28
6	396	0	1548170900	53	-9	86	-7	10	-1	0	-91	-16	198	28	-198	28
6	396	0	1548172900	66	-10	92	-8	12	-2	0	-79	-18	198	28	-198	28
6	396	0	1548174896	61	-9	96	-7	12	-1	0	-67	-19	198	28	-198	28
6	396	0	1548176896	75	-8	102	-7	13	-1	0	-54	-20	198	28	-198	28
6	396	0	1548178888	70	-8	107	-7	13	-1	0	-41	-21	198	28	-198	28
6	396	0	1548180896	84	-9	127	-8	16	-2	0	-25	-23	198	28	-198	28
6	396	0	1548182892	77	-7	116	-5	15	0	0	-10	-23	198	28	-198	28
6	396	0	1548184904	92	-8	122	-6	16	-1	0	6	-24	198	28	-198	28
6	396	0	1548186900	85	-6	126	-5	15	-1	0	21	-25	198	28	-198	28
6	396	0	1548188904	100	-7	131	-5	18	-1	0	39	-26	198	28	-198	28
6	396	0	1548190908	90	-7	135	-5	17	-1	0	56	-27	198	28	-198	28
6	396	0	1548192904	107	-6	140	-5	18	-1	0	74	-28	198	28	-198	28
6	396	0	1548194908	98	-6	165	-4	20	-1	0	94	-29	198	28	-198	28
6	396	0	1548196892	113	-5	149	-3	19	0	0	113	-29	198	28	-198	28
6	396	0	1548198892	103	-5	152	-4	20	-1	0	133	-30	198	28	-198	28
6	396	0	1548200896	120	-5	157	-3	20	-1	0	153	-31	198	28	-198	28
6	396	0	1548202884	107	-5	161	-3	20	0	0	173	-31	198	28	-198	28
6	396	0	1548204900	124	-5	164	-3	22	-1	0	195	-32	198	28	-198	28
6	396	0	1548206892	111	-4	167	-2	21	0	0	216	-32	198	28	-198	28
6	396	0	1548208904	129	-5	171	-2	22	-1	0	238	-33	198	28	-198	28
6	396	0	1548210892	115	-4	200	-2	24	0	0	262	-33	198	28	-198	28
6	396	0	1548212904	134	-3	179	-3	24	-1	0	286	-34	198	28	-198	28
6	396	0	1548214892	135	-4	181	-1	23	0	0	309	-34	198	28	-198	28
6	396	0	1548216900	120	-5	185	-1	23	0	0	332	-34	198	28	-198	28
6	396	0	1548218908	137	-4	188	-3	24	-1	0	356	-35	198	28	-198	28
6	396	0	1548220900	123	-5	190	-1	24	0	0	380	-35	198	28	-198	28
6	396	0	1548222908	141	-5	191	-2	25	-1	0	405	-36	198	28	-198	28
6	396	0	1548224912	124	-5	221	-4	26	-1	0	431	-37	198	28	-198	28
6	396	0	1548226904	141	-6	194	-4	25	0	0	456	-37	198	28	-198	28
6	396	0	1548228912	124	-6	195	-4	24	-1	0	480	-38	198	28	-198	28
6	396	0	1548230916	141	-9	195	-5	25	-1	0	505	-39	198	28	-198	28
6	396	0	1548232920	123	-6	195	-5	24	-1	0	529	-40	198	28	-198	28
6	396	0	1548234912	138	-9	193	-5	25	-1	0	554	-41	198	28	-198	28
6	396	0	1548236908	122	-8	192	-5	23	-1	0	577	-42	198	28	-198	28
6	396	0	1548238912	136	-8	190	-6	25	-1	0	602	-43	198	28	-198	28
6	396	0	1548240916	117	-9	215	-6	25	-1	0	627	-44	198	28	-198	28
6	396	0	1548242912	133	-10	184	-6	23	-1	0	650	-45	198	28	-198	28
6	396	0	1548244908	112	-9	180	-8	22	-2	0	672	-47	198	28	-198	28
6	396	0	1548246912	128	-10	176	-6	23	-1	0	695	-48	198	28	-198	28
6	396	0	1548248908	107	-9	173	-8	21	-1	0	716	-49	198	28	-198	28
6	396	0	1548250912	120	-11	167	-7	22	-1	0	738	-50	198	28	-198	28
6	396	0	1548252908	102	-10	161	-9	19	-2	0	757	-52	198	28	-198	28
6	396	0	1548254904	112	-11	157	-7	20	-1	0	777	-53	198	28	-198	28
6	396	0	1548256896	94	-10	172	-10	20	-2	0	797	-55	198	28	-198	28
6	396	0	1548258892	102	-11	143	-9	19	-1	0	816	-56	198	28	-198	28
6	396	0	1548260884	85	-12	137	-9	16	-2	0	832	-58	198	28	-198	28
6	396	0	1548262884	94	-11	130	-7	17	-1	0	849	-59	198	28	-198	28
6	396	0	1548264884	76	-10	124	-9	15	-2	0	864	-61	198	28	-198	28
6	396	0	1548266884	84	-12	117	-9	15	-1	0	879	-62	198	28	-198	28
6	396	0	1548268884	68	-10	110	-9	14	-2	0	893	-64	198	28	-198	28
6	396	0	1548270888	71	-13	103	-10	13	-1	0	906	-65	198	28	-198	28
6	396	0	1548272880	59	-10	109	-10	12	-2	0	918	-67	198	28	-198	28
6	396	0	1548274884	61	-12	87	-8	11	-1	0	929	-68	198	28	-198	28
6	396	0	1548276876	49	-10	81	-10	10	-2	0	939	-70	198	28	-198	28
6	396	0	1548278880	50	-12	74	-9	9	-1	0	948	-71	198	28	-198	28
6	396	0	1548280880	38	-10	66	-9	8	-2	0	956	-73	198	28	-198	28
6	396	0	1548282876	40	-10	59	-9	8	-1	0	964	-74	198	28	-198	28
6	396	0	1548284880	30	-7	53	-7	6	-1	0	970	-75	198	28	-198	28
6	396	0	1548286876	29	-9	52	-9	6	-2	0	976	-77	198	28	-198	28
6	396	0	1548288876	23	-7	40	-6	5	-1	0	981	-78	198	28	-198	28
6	396	0	1548290880	22	-7	34	-6	4	-1	0	985	-79	198	28	-198	28
6	396	0	1548292860	15	-6	30	-5	3	0	0	988	-79	198	28	-198	28
6	396	0	1548294872	15	-5	25	-5	3	-1	0	991	-80	198	28	-198	28
6	396	0	1548296876	10	-4	20	-4	3	-1	0	994	-81	198	28	-198	28
6	396	0	1548298864	9	-3	17	-4	1	0	0	995	-81	198	28	-198	28
6	396	0	1548300872	6	-3	13	-4	2	-1	0	997	-82	198	28	-198	28
6	396	0	1548302860	5	-2	11	-2	1	0	0	998	-82	198	28	-198	28
6	396	0	1548304880	3	-2	8	-3	1	-1	0	999	-83	198	28	-198	28
6	396	0	1548306856	2	-1	5	-1	0	0	0	999	-83	198	28	-198	28
6	396	0	1548308868	0	-1	2	-1	1	0	0	1000	-83	198	28	-198	28
6	396	0	1548310832	0	0	3	0	0	0	0	1000	-83	198	28	-198	28
6	396	0	1548312832	0	0	0	-1	0	0	0	1000	-83	198	28	-198	28
6	396	0	1548314808	0	0	0	0	0	0	1	1000	-83	198	28	-198	28
7	396	0	1548318840	-2	0	0	0	0	0	1	198	28	198	28	-198	28
7	396	0	1548320840	-1	0	0	0	0	0	1	198	28	198	28	-198	28
7	-380	-111	1548324840	-1	0	0	0	0	0	1	198	28	-182	-83	198	28
7	-380	-111	1548328844	-1	0	0	0	0	0	1	198	28	-182	-83	198	28
7	-380	-111	1548332848	-2	0	0	0	0	0	1	198	28	-182	-83	198	28
7	-380	-111	1548342852	0	-1	0	0	0	0	1	198	28	-182	-83	198	28
7	-380	-111	1548344844	0	0	0	-2	0	0	1	198	28	-182	-83	198	28
7	-380	-111	1548354852	0	-2	0	0	0	0	1	198	28	-182	-83	198	28
7	-380	-111	1548356884	1	0	0	-1	0	0	1	198	28	-182	-83	198	28
7	-380	-111	1548362856	1	-1	-1	0	0	0	1	198	28	-182	-83	198	28
7	-380	-111	1548364856	0	0	0	-1	0	0	1	198	28	-182	-83	198	28
7	-380	-111	1548368892	1	-1	0	0	0	-1	1	198	27	-182	-83	198	28
7	-380	-111	1548372848	0	0	0	-1	0	0	1	198	27	-182	-83	198	28
7	-380	-111	1548374880	2	-1	0	0	0	0	1	198	27	-182	-83	198	28
7	-380	-111	1548376876	0	0	-1	-2	0	0	1	198	27	-182	-83	198	28
7	-380	-111	1548378876	0	-2	-1	0	0	0	1	198	27	-182	-83	198	28
7	-380	-111	1548380880	1	0	0	-1	0	0	1	198	27	-182	-83	198	28
7	-380	-111	1548382880	0	-1	-2	0	0	0	0	198	27	-182	-83	198	28
7	-380	-111	1548384880	0	-1	-2	-1	0	0	0	198	27	-182	-83	198	28
7	-380	-111	1548386880	0	-1	-1	-1	0	0	0	198	27	-182	-83	198	28
7	-380	-111	1548388892	0	0	-3	-2	0	-1	0	198	26	-182	-83	198	28
7	-380	-111	1548390876	0	-3	-4	-1	0	0	0	198	26	-182	-83	198	28
7	-380	-111	1548392888	0	-1	-5	-1	-1	0	0	197	26	-182	-83	198	28
7	-380	-111	1548394880	-1	-1	-5	-3	0	0	0	197	26	-182	-83	198	28
7	-380	-111	1548396908	0	-3	-7	-1	-1	-1	0	196	25	-182	-83	198	28
7	-380	-111	1548398884	-2	-2	-8	-2	0	0	0	196	25	-182	-83	198	28
7	-380	-111	1548400900	-1	-3	-8	-3	-1	0	0	195	25	-182	-83	198	28
7	-380	-111	1548402912	-3	-2	-10	-2	-1	-1	0	194	24	-182	-83	198	28
7	-380	-111	1548404900	-2	-4	-13	-3	-1	0	0	193	24	-182	-83	198	28
7	-380	-111	1548406916	-3	-3	-16	-4	-2	-1	0	191	23	-182	-83	198	28
7	-380	-111	1548408904	-5	-3	-16	-3	-1	0	0	190	23	-182	-83	198	28
7	-380	-111	1548410912	-5	-4	-19	-4	-2	-1	0	188	22	-182	-83	198	28
7	-380	-111	1548412892	-6	-3	-21	-4	-2	0	0	186	22	-182	-83	198	28
7	-380	-111	1548414896	-9	-5	-25	-4	-3	-1	0	183	21	-182	-83	198	28
7	-380	-111	1548416900	-9	-2	-28	-5	-2	-1	0	181	20	-182	-83	198	28
7	-380	-111	1548418888	-12	-5	-31	-3	-4	0	0	177	20	-182	-83	198	28
7	-380	-111	1548420896	-13	-4	-35	-5	-3	-1	0	174	19	-182	-83	198	28
7	-380	-111	1548422900	-17	-5	-46	-5	-5	-1	0	169	18	-182	-83	198	28
7	-380	-111	1548424892	-18	-5	-44	-7	-5	0	0	164	18	-182	-83	198	28
7	-380	-111	1548426904	-22	-6	-50	-5	-5	-1	0	159	17	-182	-83	198	28
7	-380	-111	1548428896	-24	-5	-55	-7	-6	-1	0	153	16	-182	-83	198	28
7	-380	-111	1548430900	-31	-8	-60	-6	-7	-1	0	146	15	-182	-83	198	28
7	-380	-111	1548432896	-30	-7	-68	-8	-7	-1	0	139	14	-182	-83	198	28
7	-380	-111	1548434900	-40	-8	-72	-9	-8	-2	0	131	12	-182	-83	198	28
7	-380	-111	1548436904	-45	-10	-93	-11	-11	-1	0	120	11	-182	-83	198	28
7	-380	-111	1548438912	-44	-8	-87	-10	-10	-2	0	110	9	-182	-83	198	28
7	-380	-111	1548440916	-56	-13	-96	-11	-11	-1	0	99	8	-182	-83	198	28
7	-380	-111	1548442916	-54	-11	-103	-13	-12	-2	0	87	6	-182	-83	198	28
7	-380	-111	1548444916	-67	-15	-112	-12	-13	-2	0	74	4	-182	-83	198	28
7	-380	-111	1548446916	-64	-14	-120	-15	-14	-2	0	60	2	-182	-83	198	28
7	-380	-111	1548448920	-80	-17	-129	-16	-16	-3	0	44	-1	-182	-83	198	28
7	-380	-111	1548450920	-76	-17	-156	-19	-17	-3	0	27	-4	-182	-83	198	28
7	-380	-111	1548452924	-93	-20	-147	-19	-18	-2	0	9	-6	-182	-83	198	28
7	-380	-111	1548454924	-87	-18	-155	-20	-18	-3	0	-9	-9	-182	-83	198	28
7	-380	-111	1548456920	-105	-23	-162	-20	-20	-4	0	-29	-13	-182	-83	198	28
7	-380	-111	1548458920	-99	-21	-170	-22	-20	-3	0	-49	-16	-182	-83	198	28
7	-380	-111	1548460912	-118	-24	-179	-23	-23	-3	0	-72	-19	-182	-83	198	28
7	-380	-111	1548462912	-108	-22	-185	-24	-22	-4	0	-94	-23	-182	-83	198	28
7	-380	-111	1548464912	-129	-27	-192	-25	-24	-4	0	-118	-27	-182	-83	198	28
7	-380	-111	1548466908	-118	-25	-229	-28	-26	-4	0	-144	-31	-182	-83	198	28
7	-380	-111	1548468908	-140	-28	-206	-27	-26	-4	0	-170	-35	-182	-83	198	28
7	-380	-111	1548470908	-127	-25	-212	-27	-25	-4	0	-195	-39	-182	-83	198	28
7	-380	-111	1548472908	-149	-30	-217	-28	-28	-4	0	-223	-43	-182	-83	198	28
7	-380	-111	1548474908	-135	-28	-223	-27	-27	-4	0	-250	-47	-182	-83	198	28
7	-380	-111	1548476908	-157	-31	-226	-29	-28	-5	0	-278	-52	-182	-83	198	28
7	-380	-111	1548478908	-142	-28	-230	-30	-28	-4	0	-306	-56	-182	-83	198	28
7	-380	-111	1548480916	-163	-32	-234	-30	-30	-5	0	-336	-61	-182	-83	198	28
7	-380	-111	1548482916	-147	-29	-268	-35	-31	-4	0	-367	-65	-182	-83	198	28
7	-380	-111	1548484916	-167	-32	-239	-31	-30	-5	0	-397	-70	-182	-83	198	28
7	-380	-111	1548486912	-150	-30	-239	-33	-30	-5	0	-427	-75	-182	-83	198	28
7	-380	-111	1548488912	-173	-35	-240	-32	-31	-5	0	-458	-80	-182	-83	198	28
7	-380	-111	1548490908	-151	-30	-240	-34	-29	-5	0	-487	-85	-182	-83	198	28
7	-380	-111	1548492908	-174	-37	-241	-34	-31	-5	0	-518	-90	-182	-83	198	28
7	-380	-111	1548494904	-152	-32	-239	-33	-29	-5	0	-547	-95	-182	-83	198	28
7	-380	-111	1548496892	-175	-36	-239	-37	-31	-5	0	-578	-100	-182	-83	198	28
7	-380	-111	1548498888	-153	-33	-268	-40	-32	-6	0	-610	-106	-182	-83	198	28
7	-380	-111	1548500888	-172	-39	-234	-36	-30	-5	0	-640	-111	-182	-83	198	28
7	-380	-111	1548502884	-150	-33	-231	-37	-29	-6	0	-669	-117	-182	-83	198	28
7	-380	-111	1548504884	-170	-39	-227	-37	-30	-5	0	-699	-122	-182	-83	198	28
7	-380	-111	1548506880	-148	-34	-222	-37	-28	-6	0	-727	-128	-182	-83	198	28
7	-380	-111	1548508880	-163	-40	-218	-38	-28	-6	0	-755	-134	-182	-83	198	28
7	-380	-111	1548510876	-143	-34	-212	-37	-27	-5	0	-782	-139	-182	-83	198	28
7	-380	-111	1548512876	-159	-40	-208	-38	-27	-6	0	-809	-145	-182	-83	198	28
7	-380	-111	1548514876	-135	-33	-228	-42	-28	-5	0	-837	-150	-182	-83	198	28
7	-380	-111	1548516872	-150	-39	-193	-38	-25	-6	0	-862	-156	-182	-83	198	28
7	-380	-111	1548518872	-127	-35	-186	-36	-24	-5	0	-886	-161	-182	-83	198	28
7	-380	-111	1548520868	-141	-38	-178	-36	-24	-6	0	-910	-167	-182	-83	198	28
7	-380	-111	1548522876	-119	-33	-170	-36	-21	-5	0	-931	-172	-182	-83	198	28
7	-380	-111	1548524876	-130	-38	-162	-35	-22	-6	0	-953	-178	-182	-83	198	28
7	-380	-111	1548526872	-109	-32	-154	-35	-20	-5	0	-973	-183	-182	-83	198	28
7	-380	-111	1548528872	-119	-38	-144	-34	-20	-5	0	-993	-188	-182	-83	198	28
7	-380	-111	1548530868	-98	-31	-155	-39	-19	-5	0	-1012	-193	-182	-83	198	28
7	-380	-111	1548532868	-107	-35	-125	-32	-17	-5	0	-1029	-198	-182	-83	198	28
7	-380	-111	1548534864	-87	-29	-116	-32	-15	-5	0	-1044	-203	-182	-83	198	28
7	-380	-111	1548536864	-93	-34	-107	-31	-15	-5	0	-1059	-208	-182	-83	198	28
7	-380	-111	1548538860	-86	-31	-98	-29	-14	-4	0	-1073	-212	-182	-83	198	28
7	-380	-111	1548540860	-69	-26	-89	-28	-12	-4	0	-1085	-216	-182	-83	198	28
7	-380	-111	1548542856	-62	-25	-80	-28	-11	-4	0	-1096	-220	-182	-83	198	28
7	-380	-111	1548544856	-65	-28	-70	-25	-10	-4	0	-1106	-224	-182	-83	198	28
7	-380	-111	1548546852	-59	-25	-71	-27	-9	-4	0	-1115	-228	-182	-83	198	28
7	-380	-111	1548548852	-44	-20	-54	-22	-8	-3	0	-1123	-231	-182	-83	198	28
7	-380	-111	1548550852	-45	-21	-46	-20	-7	-3	0	-1130	-234	-182	-83	198	28
7	-380	-111	1548552856	-33	-16	-39	-17	-5	-3	0	-1135	-237	-182	-83	198	28
7	-380	-111	1548554856	-34	-16	-33	-18	-5	-2	0	-1140	-239	-182	-83	198	28
7	-380	-111	1548556864	-25	-14	-28	-13	-4	-3	0	-1144	-242	-182	-83	198	28
7	-380	-111	1548558868	-24	-13	-24	-14	-4	-2	0	-1148	-244	-182	-83	198	28
7	-380	-111	1548560872	-16	-10	-20	-13	-2	-1	0	-1150	-245	-182	-83	198	28
7	-380	-111	1548562864	-15	-10	-13	-8	-2	-2	0	-1152	-247	-182	-83	198	28
7	-380	-111	1548564876	-11	-6	-12	-9	-2	-1	0	-1154	-248	-182	-83	198	28
7	-380	-111	1548566868	-9	-6	-7	-6	-1	-1	0	-1155	-249	-182	-83	198	28
7	-380	-111	1548568852	-5	-4	-5	-5	-1	0	1	-1156	-249	-182	-83	198	28
8	-380	-111	1548570864	-4	-4	-3	-4	-1	-1	1	-183	-84	-182	-83	198	28
8	333	214	1548572836	-2	-1	-2	-3	0	0	1	-183	-84	151	131	-182	-83
8	333	214	1548574840	-2	-1	0	-2	0	0	1	-183	-84	151	131	-182	-83
8	333	214	1548576824	0	-1	0	-1	0	-1	1	-183	-85	151	131	-182	-83
8	333	214	1548580800	0	0	0	-2	0	0	1	-183	-85	151	131	-182	-83
8	333	214	1548592812	0	0	2	0	0	0	1	-183	-85	151	131	-182	-83
8	333	214	1548598812	-1	0	0	0	0	0	1	-183	-85	151	131	-182	-83
8	333	214	1548608824	-1	0	0	0	0	0	1	-183	-85	151	131	-182	-83
8	333	214	1548612856	-1	-2	0	0	0	0	1	-183	-85	151	131	-182	-83
8	333	214	1548614832	-2	0	0	0	0	0	1	-183	-85	151	131	-182	-83
8	333	214	1548616864	-1	0	0	-1	0	0	1	-183	-85	151	131	-182	-83
8	333	214	1548618840	-1	0	0	0	0	0	1	-183	-85	151	131	-182	-83
8	333	214	1548620884	-3	-1	0	0	-1	0	1	-184	-85	151	131	-182	-83
8	333	214	1548622868	-2	0	0	-1	0	0	1	-184	-85	151	131	-182	-83
8	333	214	1548624864	-3	-1	0	0	0	0	1	-184	-85	151	131	-182	-83
8	333	214	1548626856	-2	0	0	-1	0	0	1	-184	-85	151	131	-182	-83
8	333	214	1548628876	-4	-1	0	0	-1	0	1	-185	-85	151	131	-182	-83
8	333	214	1548630876	-4	-2	0	-2	0	-1	1	-185	-86	151	131	-182	-83
8	333	214	1548632856	-3	-1	0	-1	0	0	1	-185	-86	151	131	-182	-83
8	333	214	1548634852	-4	-1	0	-1	0	0	1	-185	-86	151	131	-182	-83
8	333	214	1548636864	-4	-1	0	-1	-1	0	1	-186	-86	151	131	-182	-83
8	333	214	1548638856	-4	-2	0	-2	0	0	1	-186	-86	151	131	-182	-83
8	333	214	1548640868	-3	-1	0	-1	0	-1	1	-186	-87	151	131	-182	-83
8	333	214	1548642848	-3	-1	-1	-1	0	0	1	-186	-87	151	131	-182	-83
8	333	214	1548644868	-4	-1	0	-1	-1	0	1	-187	-87	151	131	-182	-83
8	333	214	1548646848	-3	-2	0	-2	0	0	1	-187	-87	151	131	-182	-83
8	333	214	1548648844	-3	-1	0	-1	0	0	1	-187	-87	151	131	-182	-83
8	333	214	1548650852	-2	-1	0	-1	0	0	1	-187	-87	151	131	-182	-83
8	333	214	1548652880	-3	0	0	-1	-1	-1	0	-188	-88	151	131	-182	-83
8	333	214	1548654852	-2	-1	0	0	0	0	0	-188	-88	151	131	-182	-83
8	333	214	1548656856	-2	-2	0	-2	0	0	0	-188	-88	151	131	-182	-83
8	333	214	1548658824	-1	0	0	0	0	0	0	-188	-88	151	131	-182	-83
8	333	214	1548660856	-1	0	0	-1	0	0	0	-188	-88	151	131	-182	-83
8	333	214	1548664828	0	0	1	0	0	0	0	-188	-88	151	131	-182	-83
8	333	214	1548666824	0	0	1	0	0	0	0	-188	-88	151	131	-182	-83
8	333	214	1548668824	0	0	2	0	0	0	0	-188	-88	151	131	-182	-83
8	333	214	1548670824	0	0	4	0	0	0	0	-188	-88	151	131	-182	-83
8	333	214	1548672844	2	1	4	1	0	0	0	-188	-88	151	131	-182	-83
8	333	214	1548674848	1	0	5	1	0	0	0	-188	-88	151	131	-182	-83
8	333	214	1548676860	4	2	7	1	1	0	0	-187	-88	151	131	-182	-83
8	333	214	1548678852	2	2	9	1	1	0	0	-186	-88	151	131	-182	-83
8	333	214	1548680852	5	2	13	4	1	0	0	-185	-88	151	131	-182	-83
8	333	214	1548682856	6	3	13	3	2	1	0	-183	-87	151	131	-182	-83
8	333	214	1548684852	9	3	17	2	2	0	0	-181	-87	151	131	-182	-83
8	333	214	1548686868	10	4	20	4	2	1	0	-179	-86	151	131	-182	-83
8	333	214	1548688856	11	4	22	5	3	0	0	-176	-86	151	131	-182	-83
8	333	214	1548690868	17	6	25	5	3	1	0	-173	-85	151	131	-182	-83
8	333	214	1548692868	16	5	30	5	3	1	0	-170	-84	151	131	-182	-83
8	333	214	1548694868	22	8	34	6	4	1	0	-166	-83	151	131	-182	-83
8	333	214	1548696868	23	7	42	9	5	1	0	-161	-82	151	131	-182	-83
8	333	214	1548698868	29	9	43	9	6	1	0	-155	-81	151	131	-182	-83
8	333	214	1548700864	28	9	47	8	5	2	0	-150	-79	151	131	-182	-83
8	333	214	1548702860	38	11	52	10	7	1	0	-143	-78	151	131	-182	-83
8	333	214	1548704856	36	10	56	10	7	2	0	-136	-76	151	131	-182	-83
8	333	214	1548706864	45	14	60	13	8	2	0	-128	-74	151	131	-182	-83
8	333	214	1548708856	43	12	64	12	8	2	0	-120	-72	151	131	-182	-83
8	333	214	1548710852	52	15	68	14	9	2	0	-111	-70	151	131	-182	-83
8	333	214	1548712852	50	15	84	16	10	2	0	-101	-68	151	131	-182	-83
8	333	214	1548714852	61	18	78	17	10	3	0	-91	-65	151	131	-182	-83
8	333	214	1548716856	58	17	82	17	11	2	0	-80	-63	151	131	-182	-83
8	333	214	1548718856	70	21	86	19	11	3	0	-69	-60	151	131	-182	-83
8	333	214	1548720856	65	20	90	20	12	3	0	-57	-57	151	131	-182	-83
8	333	214	1548722856	77	25	97	22	13	4	0	-44	-53	151	131	-182	-83
8	333	214	1548724860	73	24	98	24	13	3	0	-31	-50	151	131	-182	-83
8	333	214	1548726864	87	29	120	29	16	5	0	-15	-45	151	131	-182	-83
8	333	214	1548728860	80	27	109	29	14	4	0	-1	-41	151	131	-182	-83
8	333	214	1548730860	97	33	114	30	16	5	0	15	-36	151	131	-182	-83
8	333	214	1548732860	88	31	117	32	15	4	0	30	-32	151	131	-182	-83
8	333	214	1548734868	105	39	123	34	17	6	0	47	-26	151	131	-182	-83
8	333	214	1548736868	97	35	126	36	17	5	0	64	-21	151	131	-182	-83
8	333	214	1548738864	113	42	131	38	18	6	0	82	-15	151	131	-182	-83
8	333	214	1548740868	104	39	135	40	18	6	0	100	-9	151	131	-182	-83
8	333	214	1548742868	124	48	159	48	21	7	0	121	-2	151	131	-182	-83
8	333	214	1548744872	111	43	144	45	19	7	0	140	5	151	131	-182	-83
8	333	214	1548746872	131	53	147	47	21	7	0	161	12	151	131	-182	-83
8	333	214	1548748880	120	47	152	48	21	8	0	182	20	151	131	-182	-83
8	333	214	1548750884	139	57	155	52	22	8	0	204	28	151	131	-182	-83
8	333	214	1548752880	125	51	157	52	21	7	0	225	35	151	131	-182	-83
8	333	214	1548754884	145	60	161	54	23	9	0	248	44	151	131	-182	-83
8	333	214	1548756880	130	54	188	64	24	9	0	272	53	151	131	-182	-83
8	333	214	1548758884	150	62	165	56	23	9	0	295	62	151	131	-182	-83
8	333	214	1548760888	151	65	167	59	24	9	0	319	71	151	131	-182	-83
8	333	214	1548762884	134	58	169	58	23	9	0	342	80	151	131	-182	-83
8	333	214	1548764892	154	67	170	62	24	9	0	366	89	151	131	-182	-83
8	333	214	1548766884	136	60	169	61	23	9	0	389	98	151	131	-182	-83
8	333	214	1548768884	154	69	170	62	24	10	0	413	108	151	131	-182	-83
8	333	214	1548770884	135	61	170	63	23	10	0	436	118	151	131	-182	-83
8	333	214	1548772884	154	70	191	72	26	10	0	462	128	151	131	-182	-83
8	333	214	1548774884	133	61	168	64	23	10	0	485	138	151	131	-182	-83
8	333	214	1548776880	152	70	165	64	23	10	0	508	148	151	131	-182	-83
8	333	214	1548778892	130	62	162	65	22	9	0	530	157	151	131	-182	-83
8	333	214	1548780884	147	71	160	64	23	10	0	553	167	151	131	-182	-83
8	333	214	1548782884	126	61	158	65	22	10	0	575	177	151	131	-182	-83
8	333	214	1548784880	143	70	155	65	22	10	0	597	187	151	131	-182	-83
8	333	214	1548786876	122	61	152	65	20	9	0	617	196	151	131	-182	-83
8	333	214	1548788884	138	70	169	73	23	11	0	640	207	151	131	-182	-83
8	333	214	1548790880	116	60	144	64	20	9	0	660	216	151	131	-182	-83
8	333	214	1548792884	130	68	138	64	20	10	0	680	226	151	131	-182	-83
8	333	214	1548794876	111	59	137	62	19	9	0	699	235	151	131	-182	-83
8	333	214	1548796872	122	67	130	62	19	10	0	718	245	151	131	-182	-83
8	333	214	1548798868	102	56	126	61	17	9	0	735	254	151	131	-182	-83
8	333	214	1548800872	113	64	121	60	17	9	0	752	263	151	131	-182	-83
8	333	214	1548802868	95	55	133	66	17	9	0	769	272	151	131	-182	-83
8	333	214	1548804872	103	61	111	58	16	9	0	785	281	151	131	-182	-83
8	333	214	1548806872	85	53	105	56	15	8	0	800	289	151	131	-182	-83
8	333	214	1548808864	94	59	100	54	14	9	0	814	298	151	131	-182	-83
8	333	214	1548810856	78	48	94	53	13	7	0	827	305	151	131	-182	-83
8	333	214	1548812856	82	55	87	50	13	8	0	840	313	151	131	-182	-83
8	333	214	1548814856	66	47	81	50	11	7	0	851	320	151	131	-182	-83
8	333	214	1548816856	72	50	75	47	11	8	0	862	328	151	131	-182	-83
8	333	214	1548818860	56	42	79	51	10	7	0	872	335	151	131	-182	-83
8	333	214	1548820860	59	45	61	42	9	6	0	881	341	151	131	-182	-83
8	333	214	1548822856	46	38	55	40	7	6	0	888	347	151	131	-182	-83
8	333	214	1548824848	46	41	50	39	8	6	0	896	353	151	131	-182	-83
8	333	214	1548826852	36	34	44	36	6	5	0	902	358	151	131	-182	-83
8	333	214	1548828860	37	36	38	34	5	6	0	907	364	151	131	-182	-83
8	333	214	1548830856	27	30	32	33	5	4	0	912	368	151	131	-182	-83
8	333	214	1548832852	28	32	29	30	4	5	0	916	373	151	131	-182	-83
8	333	214	1548834852	21	28	25	32	3	4	0	919	377	151	131	-182	-83
8	333	214	1548836840	20	27	19	28	3	5	0	922	382	151	131	-182	-83
8	333	214	1548838836	15	24	13	25	2	3	0	924	385	151	131	-182	-83
8	333	214	1548840832	12	26	12	23	2	4	0	926	389	151	131	-182	-83
8	333	214	1548842828	10	20	7	22	2	3	1	928	392	151	131	-182	-83
9	333	214	1548844832	9	23	5	21	1	3	1	152	134	151	131	-182	-83
9	333	214	1548846816	5	19	4	19	0	3	1	152	137	151	131	-182	-83
9	333	214	1548848828	5	18	1	18	1	3	1	153	140	151	131	-182	-83
9	333	214	1548850812	3	17	1	19	0	3	1	153	143	151	131	-182	-83
9	333	214	1548852812	3	16	0	15	0	2	1	153	145	151	131	-182	-83
9	333	214	1548854812	2	12	0	14	0	2	1	153	147	151	131	-182	-83
9	333	214	1548856812	1	14	0	12	0	2	1	153	149	151	131	-182	-83
9	333	214	1548858824	1	11	0	12	1	2	1	154	151	151	131	-182	-83
9	-259	-299	1548860784	1	10	-1	10	0	1	1	154	152	-108	-168	151	131
9	-259	-299	1548862784	2	9	-2	8	0	1	1	154	153	-108	-168	151	131
9	-259	-299	1548864784	1	8	-1	8	0	2	1	154	155	-108	-168	151	131
9	-259	-299	1548866788	0	6	0	9	0	1	1	154	156	-108	-168	151	131
9	-259	-299	1548868812	0	6	-1	5	0	1	1	154	157	-108	-168	151	131
9	-259	-299	1548870768	0	4	0	5	0	0	1	154	157	-108	-168	151	131
9	-259	-299	1548872816	0	4	-1	3	0	1	1	154	158	-108	-168	151	131
9	-259	-299	1548874772	0	2	0	3	0	0	1	154	158	-108	-168	151	131
9	-259	-299	1548876772	0	1	0	2	0	0	1	154	158	-108	-168	151	131
9	-259	-299	1548878808	-1	2	0	2	0	1	1	154	159	-108	-168	151	131
9	-259	-299	1548880792	0	0	-2	1	0	0	1	154	159	-108	-168	151	131
9	-259	-299	1548884768	-1	0	0	0	0	0	1	154	159	-108	-168	151	131
9	-259	-299	1548894772	-1	0	0	0	0	0	1	154	159	-108	-168	151	131
9	-259	-299	1548896776	0	-1	0	-1	0	0	1	154	159	-108	-168	151	131
9	-259	-299	1548898776	0	-1	0	-1	0	0	1	154	159	-108	-168	151	131
9	-259	-299	1548900796	-1	-1	0	-1	0	0	1	154	159	-108	-168	151	131
9	-259	-299	1548902808	-2	-4	0	-3	0	0	1	154	159	-108	-168	151	131
9	-259	-299	1548904828	-1	-3	0	-3	0	-1	1	154	158	-108	-168	151	131
9	-259	-299	1548906820	-2	-6	0	-4	0	0	1	154	158	-108	-168	151	131
9	-259	-299	1548908840	-3	-5	-1	-6	-1	-1	1	153	157	-108	-168	151	131
9	-259	-299	1548910824	-2	-7	0	-7	0	-1	1	153	156	-108	-168	151	131
9	-259	-299	1548912824	-4	-8	0	-8	0	-2	1	153	154	-108	-168	151	131
9	-259	-299	1548914844	-5	-11	0	-9	-1	-1	1	152	153	-108	-168	151	131
9	-259	-299	1548916824	-5	-10	-1	-11	0	-2	1	152	151	-108	-168	151	131
9	-259	-299	1548918824	-6	-14	0	-12	0	-2	1	152	149	-108	-168	151	131
9	-259	-299	1548920840	-7	-14	-1	-13	-1	-2	1	151	147	-108	-168	151	131
9	-259	-299	1548922828	-7	-18	-2	-17	-1	-2	1	150	145	-108	-168	151	131
9	-259	-299	1548924808	-8	-18	-1	-17	0	-3	1	150	142	-108	-168	151	131
9	-259	-299	1548926816	-11	-24	-2	-20	-1	-3	1	149	139	-108	-168	151	131
9	-259	-299	1548928816	-10	-22	-4	-25	-1	-4	1	148	135	-108	-168	151	131
9	-259	-299	1548930820	-12	-28	-4	-25	-2	-4	1	146	131	-108	-168	151	131
9	-259	-299	1548932820	-14	-27	-5	-28	-1	-4	0	145	127	-108	-168	151	131
9	-259	-299	1548934820	-15	-34	-6	-30	-2	-5	0	143	122	-108	-168	151	131
9	-259	-299	1548936816	-16	-32	-8	-32	-1	-4	0	142	118	-108	-168	151	131
9	-259	-299	1548938816	-19	-39	-8	-35	-2	-6	0	140	112	-108	-168	151	131
9	-259	-299	1548940816	-19	-38	-10	-38	-3	-6	0	137	106	-108	-168	151	131
9	-259	-299	1548942820	-22	-43	-15	-45	-2	-6	0	135	100	-108	-168	151	131
9	-259	-299	1548944820	-25	-49	-14	-42	-3	-7	0	132	93	-108	-168	151	131
9	-259	-299	1548946820	-23	-45	-18	-44	-3	-7	0	129	86	-108	-168	151	131
9	-259	-299	1548948820	-29	-54	-18	-47	-4	-7	0	125	79	-108	-168	151	131
9	-259	-299	1548950820	-27	-49	-22	-50	-4	-8	0	121	71	-108	-168	151	131
9	-259	-299	1548952824	-34	-60	-25	-53	-4	-8	0	117	63	-108	-168	151	131
9	-259	-299	1548954828	-32	-55	-26	-55	-4	-8	0	113	55	-108	-168	151	131
9	-259	-299	1548956832	-39	-66	-30	-59	-6	-10	0	107	45	-108	-168	151	131
9	-259	-299	1548958824	-36	-60	-37	-68	-5	-9	0	102	36	-108	-168	151	131
9	-259	-299	1548960824	-44	-71	-37	-63	-6	-10	0	96	26	-108	-168	151	131
9	-259	-299	1548962828	-41	-65	-38	-66	-6	-10	0	90	16	-108	-168	151	131
9	-259	-299	1548964816	-52	-76	-42	-68	-7	-11	0	83	5	-108	-168	151	131
9	-259	-299	1548966824	-47	-70	-45	-71	-7	-11	0	76	-6	-108	-168	151	131
9	-259	-299	1548968820	-56	-83	-47	-72	-8	-11	0	68	-17	-108	-168	151	131
9	-259	-299	1548970816	-53	-75	-50	-77	-7	-12	0	61	-29	-108	-168	151	131
9	-259	-299	1548972824	-64	-89	-63	-90	-10	-13	0	51	-42	-108	-168	151	131
9	-259	-299	1548974824	-58	-80	-57	-80	-9	-12	0	42	-54	-108	-168	151	131
9	-259	-299	1548976816	-72	-93	-60	-83	-9	-13	0	33	-67	-108	-168	151	131
9	-259	-299	1548978820	-65	-84	-65	-87	-10	-13	0	23	-80	-108	-168	151	131
9	-259	-299	1548980824	-77	-100	-66	-88	-11	-14	0	12	-94	-108	-168	151	131
9	-259	-299	1548982828	-71	-89	-72	-92	-11	-14	0	1	-108	-108	-168	151	131
9	-259	-299	1548984828	-87	-105	-73	-93	-12	-15	0	-11	-123	-108	-168	151	131
9	-259	-299	1548986824	-78	-95	-78	-95	-11	-14	0	-22	-137	-108	-168	151	131
9	-259	-299	1548988824	-94	-110	-94	-113	-14	-17	0	-36	-154	-108	-168	151	131
9	-259	-299	1548990824	-85	-97	-83	-100	-13	-14	0	-49	-168	-108	-168	151	131
9	-259	-299	1548992828	-103	-115	-89	-102	-14	-17	0	-63	-185	-108	-168	151	131
9	-259	-299	1548994832	-92	-103	-91	-104	-14	-15	0	-77	-200	-108	-168	151	131
9	-259	-299	1548996832	-110	-119	-94	-106	-15	-17	0	-92	-217	-108	-168	151	131
9	-259	-299	1548998836	-99	-105	-98	-108	-15	-16	0	-107	-233	-108	-168	151	131
9	-259	-299	1549000840	-116	-123	-101	-110	-17	-18	0	-124	-251	-108	-168	151	131
9	-259	-299	1549002832	-105	-109	-119	-127	-16	-17	0	-140	-268	-108	-168	151	131
9	-259	-299	1549004832	-124	-125	-106	-113	-18	-18	0	-158	-286	-108	-168	151	131
9	-259	-299	1549006824	-111	-111	-110	-114	-16	-17	0	-174	-303	-108	-168	151	131
9	-259	-299	1549008824	-129	-128	-112	-115	-18	-18	0	-192	-321	-108	-168	151	131
9	-259	-299	1549010820	-116	-112	-114	-115	-17	-17	0	-209	-338	-108	-168	151	131
9	-259	-299	1549012824	-135	-128	-116	-116	-19	-19	0	-228	-357	-108	-168	151	131
9	-259	-299	1549014824	-136	-130	-119	-117	-19	-18	0	-247	-375	-108	-168	151	131
9	-259	-299	1549016820	-120	-112	-120	-117	-18	-17	0	-265	-392	-108	-168	151	131
9	-259	-299	1549018824	-139	-129	-121	-117	-20	-19	0	-285	-411	-108	-168	151	131
9	-259	-299	1549020824	-123	-111	-139	-133	-20	-18	0	-305	-429	-108	-168	151	131
9	-259	-299	1549022824	-140	-129	-124	-116	-19	-18	0	-324	-447	-108	-168	151	131
9	-259	-299	1549024824	-123	-110	-124	-115	-19	-17	0	-343	-464	-108	-168	151	131
9	-259	-299	1549026828	-140	-126	-123	-115	-20	-18	0	-363	-482	-108	-168	151	131
9	-259	-299	1549028828	-123	-109	-125	-114	-18	-17	0	-381	-499	-108	-168	151	131
9	-259	-299	1549030828	-140	-123	-125	-111	-20	-18	0	-401	-517	-108	-168	151	131
9	-259	-299	1549032828	-121	-106	-125	-111	-19	-16	0	-420	-533	-108	-168	151	131
9	-259	-299	1549034828	-136	-119	-143	-125	-20	-18	0	-440	-551	-108	-168	151	131
9	-259	-299	1549036832	-120	-102	-125	-108	-19	-16	0	-459	-567	-108	-168	151	131
9	-259	-299	1549038832	-134	-114	-125	-105	-19	-16	0	-478	-583	-108	-168	151	131
9	-259	-299	1549040832	-116	-99	-125	-103	-18	-15	0	-496	-598	-108	-168	151	131
9	-259	-299	1549042840	-132	-108	-124	-102	-20	-16	0	-516	-614	-108	-168	151	131
9	-259	-299	1549044836	-112	-94	-122	-98	-17	-15	0	-533	-629	-108	-168	151	131
9	-259	-299	1549046840	-126	-104	-124	-95	-19	-15	0	-552	-644	-108	-168	151	131
9	-259	-299	1549048828	-109	-87	-139	-107	-18	-14	0	-570	-658	-108	-168	151	131
9	-259	-299	1549050832	-121	-97	-120	-90	-19	-14	0	-589	-672	-108	-168	151	131
9	-259	-299	1549052832	-103	-82	-120	-86	-16	-13	0	-605	-685	-108	-168	151	131
9	-259	-299	1549054836	-116	-90	-117	-84	-18	-13	0	-623	-698	-108	-168	151	131
9	-259	-299	1549056840	-98	-76	-116	-81	-16	-12	0	-639	-710	-108	-168	151	131
9	-259	-299	1549058832	-108	-83	-114	-77	-16	-12	0	-655	-722	-108	-168	151	131
9	-259	-299	1549060828	-93	-70	-113	-75	-16	-10	0	-671	-732	-108	-168	151	131
9	-259	-299	1549062836	-101	-76	-108	-72	-16	-12	0	-687	-744	-108	-168	151	131
9	-259	-299	1549064836	-86	-63	-123	-78	-15	-10	0	-702	-754	-108	-168	151	131
9	-259	-299	1549066840	-95	-70	-104	-65	-15	-10	0	-717	-764	-108	-168	151	131
9	-259	-299	1549068844	-80	-57	-101	-62	-14	-9	0	-731	-773	-108	-168	151	131
9	-259	-299	1549070848	-87	-61	-97	-58	-14	-9	0	-745	-782	-108	-168	151	131
9	-259	-299	1549072840	-73	-53	-95	-57	-12	-8	0	-757	-728	-108	-168	151	131
9	-259	-299	1549074848	-79	-55	-90	-53	-13	-8	0	-770	-736	-108	-168	151	131
9	-259	-299	1549076852	-75	-54	-87	-50	-12	-8	0	-782	-744	-108	-168	151	131
9	-259	-299	1549078848	-63	-42	-93	-54	-12	-7	0	-794	-751	-108	-168	151	131
9	-259	-299	1549080844	-57	-41	-78	-45	-10	-7	0	-804	-758	-108	-168	151	131
9	-259	-299	1549082840	-63	-44	-71	-41	-10	-6	0	-814	-764	-108	-168	151	131
9	-259	-299	1549084840	-51	-36	-68	-39	-9	-6	0	-823	-770	-108	-168	151	131
9	-259	-299	1549086840	-54	-39	-62	-38	-8	-6	0	-831	-776	-108	-168	151	131
9	-259	-299	1549088844	-50	-35	-58	-33	-9	-5	0	-840	-725	-108	-168	151	131
9	-259	-299	1549090840	-40	-29	-52	-32	-6	-4	0	-846	-729	-108	-168	151	131
9	-259	-299	1549092836	-41	-30	-46	-28	-7	-5	0	-853	-734	-108	-168	151	131
9	-259	-299	1549094840	-32	-24	-49	-30	-6	-4	0	-859	-738	-108	-168	151	131
9	-259	-299	1549096840	-33	-23	-38	-23	-5	-3	0	-864	-741	-108	-168	151	131
9	-259	-299	1549098844	-25	-19	-32	-21	-5	-3	0	-869	-744	-108	-168	151	131
9	-259	-299	1549100844	-25	-20	-29	-19	-4	-3	0	-873	-747	-108	-168	151	131
9	-259	-299	1549102848	-19	-14	-24	-16	-3	-2	0	-876	-749	-108	-168	151	131
9	-259	-299	1549104852	-18	-15	-21	-15	-3	-3	0	-879	-752	-108	-168	151	131
9	-259	-299	1549106848	-14	-10	-17	-13	-2	-1	1	-881	-721	-108	-168	151	131
10	-259	-299	1549108856	-13	-11	-17	-11	-2	-2	1	-110	-170	-108	-168	151	131
10	-259	-299	1549110856	-8	-6	-11	-9	-2	-1	1	-112	-171	-108	-168	151	131
10	-259	-299	1549112856	-8	-8	-7	-7	-1	-1	1	-113	-172	-108	-168	151	131
10	-259	-299	1549114852	-5	-4	-7	-5	-1	-1	1	-114	-173	-108	-168	151	131
10	-259	-299	1549116836	-4	-3	-5	-4	-1	0	1	-115	-173	-108	-168	151	131
10	-259	-299	1549118848	-2	-3	-3	-4	0	-1	1	-115	-174	-108	-168	151	131
10	-259	-299	1549120836	-3	-2	-2	-2	0	0	1	-115	-174	-108	-168	151	131
10	164	360	1549122840	0	0	-1	-1	0	0	1	-115	-174	56	192	-108	-168
10	164	360	1549124844	-1	-2	-1	0	-1	0	1	-116	-174	56	192	-108	-168
10	164	360	1549126824	0	0	0	-2	0	-1	1	-116	-175	56	192	-108	-168
10	164	360	1549144816	1	0	0	0	0	0	1	-116	-175	56	192	-108	-168
10	164	360	1549152804	0	-1	0	0	0	0	1	-116	-175	56	192	-108	-168
10	164	360	1549192876	0	1	2	0	0	0	0	-116	-175	56	192	-108	-168
10	164	360	1549194848	0	0	0	1	0	0	0	-116	-175	56	192	-108	-168
10	164	360	1549198848	0	1	0	0	0	0	0	-116	-175	56	192	-108	-168
10	164	360	1549200872	0	0	1	1	0	0	0	-116	-175	56	192	-108	-168
10	164	360	1549202844	0	1	0	0	0	0	0	-116	-175	56	192	-108	-168
10	164	360	1549204880	0	1	1	1	0	0	0	-116	-175	56	192	-108	-168
10	164	360	1549206876	0	2	3	3	0	0	0	-116	-175	56	192	-108	-168
10	164	360	1549208880	0	2	2	2	0	0	0	-116	-175	56	192	-108	-168
10	164	360	1549210904	0	4	4	3	1	1	0	-115	-174	56	192	-108	-168
10	164	360	1549212896	0	5	4	4	0	1	0	-115	-173	56	192	-108	-168
10	164	360	1549214896	0	5	6	6	0	1	0	-115	-172	56	192	-108	-168
10	164	360	1549216900	0	7	6	6	1	0	0	-114	-172	56	192	-108	-168
10	164	360	1549218896	1	9	9	8	0	2	0	-114	-170	56	192	-108	-168
10	164	360	1549220908	1	10	9	10	1	1	0	-113	-169	56	192	-108	-168
10	164	360	1549222900	3	10	10	10	1	2	0	-112	-167	56	192	-108	-168
10	164	360	1549224904	3	15	12	12	1	2	0	-111	-165	56	192	-108	-168
10	164	360	1549226900	5	14	14	14	2	2	0	-109	-163	56	192	-108	-168
10	164	360	1549228904	7	19	19	17	2	3	0	-107	-160	56	192	-108	-168
10	164	360	1549230908	6	17	17	19	1	2	0	-106	-158	56	192	-108	-168
10	164	360	1549232904	11	24	19	20	3	4	0	-103	-154	56	192	-108	-168
10	164	360	1549234900	10	24	22	24	2	3	0	-101	-151	56	192	-108	-168
10	164	360	1549236896	16	28	23	25	3	4	0	-98	-147	56	192	-108	-168
10	164	360	1549238896	17	30	26	29	3	5	0	-95	-142	56	192	-108	-168
10	164	360	1549240892	21	37	28	31	4	5	0	-91	-137	56	192	-108	-168
10	164	360	1549242888	22	33	28	35	4	5	0	-87	-132	56	192	-108	-168
10	164	360	1549244884	29	44	34	44	4	6	0	-83	-126	56	192	-108	-168
10	164	360	1549246884	29	41	31	42	5	7	0	-78	-119	56	192	-108	-168
10	164	360	1549248892	37	52	34	45	5	7	0	-73	-112	56	192	-108	-168
10	164	360	1549250888	38	48	34	49	6	7	0	-67	-105	56	192	-108	-168
10	164	360	1549252884	46	62	36	54	6	9	0	-61	-96	56	192	-108	-168
10	164	360	1549254880	44	57	38	58	6	8	0	-55	-88	56	192	-108	-168
10	164	360	1549256876	56	71	38	63	7	11	0	-48	-77	56	192	-108	-168
10	164	360	1549258876	53	68	40	67	7	10	0	-41	-67	56	192	-108	-168
10	164	360	1549260880	65	84	49	84	8	12	0	-33	-55	56	192	-108	-168
10	164	360	1549262880	62	77	45	80	8	12	0	-25	-43	56	192	-108	-168
10	164	360	1549264876	75	96	48	84	10	14	0	-15	-29	56	192	-108	-168
10	164	360	1549266872	71	89	48	90	9	13	0	-6	-16	56	192	-108	-168
10	164	360	1549268876	87	108	52	96	10	15	0	4	-1	56	192	-108	-168
10	164	360	1549270876	81	100	52	100	10	15	0	14	14	56	192	-108	-168
10	164	360	1549272872	95	118	55	106	11	17	0	25	31	56	192	-108	-168
10	164	360	1549274876	89	110	58	112	11	17	0	36	48	56	192	-108	-168
10	164	360	1549276884	103	130	68	132	13	19	0	49	67	56	192	-108	-168
10	164	360	1549278884	95	119	63	121	12	18	0	61	85	56	192	-108	-168
10	164	360	1549280892	112	141	65	125	13	20	0	74	105	56	192	-108	-168
10	164	360	1549282892	100	127	67	129	13	20	0	87	125	56	192	-108	-168
10	164	360	1549284892	118	148	70	133	14	21	0	101	146	56	192	-108	-168
10	164	360	1549286892	105	134	72	136	13	20	0	114	166	56	192	-108	-168
10	164	360	1549288896	122	155	73	139	15	22	0	129	188	56	192	-108	-168
10	164	360	1549290896	108	138	85	161	14	22	0	143	210	56	192	-108	-168
10	164	360	1549292900	124	160	77	142	15	23	0	158	233	56	192	-108	-168
10	164	360	1549294900	109	140	77	145	14	21	0	172	254	56	192	-108	-168
10	164	360	1549296900	125	162	78	145	16	23	0	188	277	56	192	-108	-168
10	164	360	1549298904	109	141	77	147	13	22	0	201	299	56	192	-108	-168
10	164	360	1549300904	122	163	79	146	16	23	0	217	322	56	192	-108	-168
10	164	360	1549302904	121	161	77	146	14	23	0	231	345	56	192	-108	-168
10	164	360	1549304904	105	141	89	166	15	23	0	246	368	56	192	-108	-168
10	164	360	1549306908	118	160	76	145	14	23	0	260	391	56	192	-108	-168
10	164	360	1549308904	102	139	77	144	14	21	0	274	412	56	192	-108	-168
10	164	360	1549310904	115	159	73	143	14	23	0	288	435	56	192	-108	-168
10	164	360	1549312912	99	136	74	141	13	21	0	301	456	56	192	-108	-168
10	164	360	1549314908	110	154	74	140	14	22	0	315	478	56	192	-108	-168
10	164	360	1549316912	96	134	71	137	12	20	0	327	498	56	192	-108	-168
10	164	360	1549318908	107	148	71	135	14	21	0	341	519	56	192	-108	-168
10	164	360	1549320908	90	129	79	153	12	21	0	353	540	56	192	-108	-168
10	164	360	1549322904	102	145	69	131	13	21	0	366	561	56	192	-108	-168
10	164	360	1549324904	86	123	66	129	12	19	0	378	580	56	192	-108	-168
10	164	360	1549326900	95	138	66	125	12	20	0	390	600	56	192	-108	-168
10	164	360	1549328896	83	119	65	122	11	18	0	401	618	56	192	-108	-168
10	164	360	1549330888	90	131	64	120	11	19	0	412	637	56	192	-108	-168
10	164	360	1549332896	76	113	63	118	11	17	0	423	654	56	192	-108	-168
10	164	360	1549334904	85	125	68	129	11	19	0	434	673	56	192	-108	-168
10	164	360	1549336896	71	105	60	110	10	16	0	444	689	56	192	-108	-168
10	164	360	1549338888	78	117	58	106	10	17	0	454	706	56	192	-108	-168
10	164	360	1549340896	65	100	55	104	9	15	0	463	721	56	192	-108	-168
10	164	360	1549342896	70	109	54	98	10	16	0	473	737	56	192	-108	-168
10	164	360	1549344896	59	91	51	97	8	14	0	481	751	56	192	-108	-168
10	164	360	1549346896	62	102	50	91	8	14	0	489	765	56	192	-108	-168
10	164	360	1549348904	50	83	47	89	7	13	0	496	778	56	192	-108	-168
10	164	360	1549350896	55	93	52	96	8	14	0	504	792	56	192	-108	-168
10	164	360	1549352896	44	76	41	80	7	12	0	511	804	56	192	-108	-168
10	164	360	1549354900	45	84	40	76	6	12	0	517	732	56	192	-108	-168
10	164	360	1549356900	37	69	35	73	6	11	0	523	743	56	192	-108	-168
10	164	360	1549358904	38	75	34	68	5	10	0	528	753	56	192	-108	-168
10	164	360	1549360904	30	61	28	65	4	10	0	532	763	56	192	-108	-168
10	164	360	1549362908	30	65	28	60	5	9	0	537	772	56	192	-108	-168
10	164	360	1549364908	24	54	22	57	3	9	0	540	781	56	192	-108	-168
10	164	360	1549366904	22	57	24	60	4	8	0	544	789	56	192	-108	-168
10	164	360	1549368900	18	45	18	48	2	7	0	546	796	56	192	-108	-168
10	164	360	1549370896	16	49	13	45	2	7	0	548	803	56	192	-108	-168
10	164	360	1549372892	11	39	13	42	2	6	0	550	726	56	192	-108	-168
10	164	360	1549374884	10	41	9	38	2	6	0	552	732	56	192	-108	-168
10	164	360	1549376888	8	31	7	34	1	5	0	553	737	56	192	-108	-168
10	164	360	1549378884	5	34	5	31	1	5	0	554	742	56	192	-108	-168
10	164	360	1549380868	2	26	4	29	0	4	0	554	746	56	192	-108	-168
10	164	360	1549382868	1	26	2	29	0	4	0	554	750	56	192	-108	-168
10	164	360	1549384840	0	22	0	22	0	4	0	554	754	56	192	-108	-168
10	164	360	1549386844	0	21	0	20	0	3	0	554	757	56	192	-108	-168
10	164	360	1549388868	-3	17	0	18	0	2	0	554	759	56	192	-108	-168
10	164	360	1549390860	-5	17	-3	16	0	3	0	554	723	56	192	-108	-168
10	164	360	1549392852	-3	13	-2	14	0	2	0	554	725	56	192	-108	-168
10	164	360	1549394864	-7	13	-3	12	-1	2	1	553	727	56	192	-108	-168
11	164	360	1549396860	-5	11	-3	12	0	2	1	56	194	56	192	-108	-168
11	164	360	1549398876	-5	8	-4	10	-1	1	1	55	195	56	192	-108	-168
11	164	360	1549400868	-6	8	-4	8	-1	1	1	54	196	56	192	-108	-168
11	164	360	1549402856	-5	7	-2	7	0	1	1	54	197	56	192	-108	-168
11	164	360	1549404868	-5	6	-3	6	-1	1	1	53	198	56	192	-108	-168
11	-56	-392	1549406852	-4	4	-2	4	0	1	1	53	199	0	-200	56	192
11	-56	-392	1549408856	-5	3	-3	5	-1	0	1	52	199	0	-200	56	192
11	-56	-392	1549410856	-3	4	-2	2	0	1	1	52	200	0	-200	56	192
11	-56	-392	1549412860	-4	3	-2	4	-1	0	1	51	200	0	-200	56	192
11	-56	-392	1549414844	-3	2	-1	2	0	0	1	51	200	0	-200	56	192
11	-56	-392	1549416860	-2	1	-1	2	0	1	1	51	201	0	-200	56	192
11	-56	-392	1549418864	-3	2	-1	1	-1	0	1	50	201	0	-200	56	192
11	-56	-392	1549420852	-1	1	0	1	0	0	1	50	201	0	-200	56	192
11	-56	-392	1549422844	-1	1	-2	1	0	0	1	50	201	0	-200	56	192
11	-56	-392	1549424820	-1	0	0	0	0	0	1	50	201	0	-200	56	192
11	-56	-392	1549428824	-2	0	0	0	0	0	1	50	201	0	-200	56	192
11	-56	-392	1549436824	-1	0	0	0	0	0	1	50	201	0	-200	56	192
11	-56	-392	1549442828	-1	0	0	0	0	0	1	50	201	0	-200	56	192
11	-56	-392	1549444860	-1	-2	0	0	0	0	1	50	201	0	-200	56	192
11	-56	-392	1549446860	-2	-1	0	-1	0	0	1	50	201	0	-200	56	192
11	-56	-392	1549448868	-2	-2	0	-3	-1	0	1	49	201	0	-200	56	192
11	-56	-392	1549450848	-3	-3	1	-2	0	0	1	49	201	0	-200	56	192
11	-56	-392	1549452860	-3	-5	0	-5	0	-1	1	49	200	0	-200	56	192
11	-56	-392	1549454848	-4	-5	0	-5	0	0	1	49	200	0	-200	56	192
11	-56	-392	1549456872	-5	-9	0	-7	-1	-2	1	48	198	0	-200	56	192
11	-56	-392	1549458860	-4	-7	1	-10	0	-1	1	48	197	0	-200	56	192
11	-56	-392	1549460868	-6	-11	1	-10	0	-1	1	48	196	0	-200	56	192
11	-56	-392	1549462880	-6	-13	2	-11	-1	-2	1	47	194	0	-200	56	192
11	-56	-392	1549464868	-8	-15	1	-14	0	-2	1	47	192	0	-200	56	192
11	-56	-392	1549466872	-6	-16	1	-15	0	-3	1	47	189	0	-200	56	192
11	-56	-392	1549468888	-9	-20	1	-18	-1	-3	1	46	186	0	-200	56	192
11	-56	-392	1549470876	-7	-20	3	-20	0	-3	1	46	183	0	-200	56	192
11	-56	-392	1549472892	-10	-26	2	-22	-1	-3	1	45	180	0	-200	56	192
11	-56	-392	1549474896	-12	-29	3	-28	-1	-4	1	44	176	0	-200	56	192
11	-56	-392	1549476884	-10	-29	2	-29	0	-5	1	44	171	0	-200	56	192
11	-56	-392	1549478888	-11	-36	4	-31	-1	-5	0	43	166	0	-200	56	192
11	-56	-392	1549480880	-11	-34	4	-34	0	-5	0	43	161	0	-200	56	192
11	-56	-392	1549482896	-14	-42	4	-38	-1	-6	0	42	155	0	-200	56	192
11	-56	-392	1549484900	-12	-40	3	-40	-1	-6	0	41	149	0	-200	56	192
11	-56	-392	1549486904	-15	-49	4	-42	-1	-7	0	40	142	0	-200	56	192
11	-56	-392	1549488884	-14	-45	4	-53	0	-7	0	40	135	0	-200	56	192
11	-56	-392	1549490892	-18	-56	4	-48	-1	-8	0	39	127	0	-200	56	192
11	-56	-392	1549492896	-16	-52	3	-53	-1	-8	0	38	119	0	-200	56	192
11	-56	-392	1549494900	-19	-62	4	-55	-1	-8	0	37	111	0	-200	56	192
11	-56	-392	1549496892	-18	-59	3	-59	-2	-9	0	35	102	0	-200	56	192
11	-56	-392	1549498896	-23	-71	2	-62	-1	-10	0	34	92	0	-200	56	192
11	-56	-392	1549500892	-21	-65	3	-66	-1	-10	0	33	82	0	-200	56	192
11	-56	-392	1549502888	-25	-80	1	-69	-2	-11	0	31	71	0	-200	56	192
11	-56	-392	1549504896	-25	-74	0	-85	-2	-12	0	29	59	0	-200	56	192
11	-56	-392	1549506892	-30	-89	0	-78	-2	-13	0	27	46	0	-200	56	192
11	-56	-392	1549508892	-29	-81	0	-81	-3	-12	0	24	34	0	-200	56	192
11	-56	-392	1549510888	-35	-97	-1	-86	-2	-14	0	22	20	0	-200	56	192
11	-56	-392	1549512880	-32	-90	-2	-89	-3	-13	0	19	7	0	-200	56	192
11	-56	-392	1549514884	-39	-109	-3	-95	-3	-15	0	16	-8	0	-200	56	192
11	-56	-392	1549516880	-38	-99	-5	-99	-3	-15	0	13	-23	0	-200	56	192
11	-56	-392	1549518880	-45	-117	-5	-102	-4	-17	0	9	-40	0	-200	56	192
11	-56	-392	1549520876	-42	-109	-6	-125	-4	-17	0	5	-57	0	-200	56	192
11	-56	-392	1549522880	-53	-129	-7	-113	-4	-18	0	1	-75	0	-200	56	192
11	-56	-392	1549524880	-48	-117	-8	-117	-4	-18	0	-3	-93	0	-200	56	192
11	-56	-392	1549526884	-59	-139	-9	-123	-5	-20	0	-8	-113	0	-200	56	192
11	-56	-392	1549528880	-55	-125	-10	-126	-5	-18	0	-13	-131	0	-200	56	192
11	-56	-392	1549530888	-66	-149	-10	-130	-6	-21	0	-19	-152	0	-200	56	192
11	-56	-392	1549532884	-62	-132	-11	-134	-5	-20	0	-24	-172	0	-200	56	192
11	-56	-392	1549534892	-72	-157	-14	-157	-7	-24	0	-31	-196	0	-200	56	192
11	-56	-392	1549536892	-66	-140	-13	-140	-6	-21	0	-37	-217	0	-200	56	192
11	-56	-392	1549538888	-79	-162	-13	-144	-7	-23	0	-44	-240	0	-200	56	192
11	-56	-392	1549540888	-71	-145	-15	-146	-6	-22	0	-50	-262	0	-200	56	192
11	-56	-392	1549542884	-84	-169	-15	-149	-8	-23	0	-58	-285	0	-200	56	192
11	-56	-392	1549544880	-75	-149	-15	-151	-6	-23	0	-64	-308	0	-200	56	192
11	-56	-392	1549546888	-88	-172	-16	-153	-8	-24	0	-72	-332	0	-200	56	192
11	-56	-392	1549548884	-77	-151	-16	-153	-7	-23	0	-79	-355	0	-200	56	192
11	-56	-392	1549550880	-90	-173	-22	-177	-8	-26	0	-87	-381	0	-200	56	192
11	-56	-392	1549552876	-79	-152	-17	-155	-8	-23	0	-95	-404	0	-200	56	192
11	-56	-392	1549554876	-91	-173	-19	-155	-8	-25	0	-103	-429	0	-200	56	192
11	-56	-392	1549556872	-80	-151	-20	-153	-7	-23	0	-110	-452	0	-200	56	192
11	-56	-392	1549558872	-90	-173	-20	-155	-9	-24	0	-119	-476	0	-200	56	192
11	-56	-392	1549560872	-79	-148	-20	-153	-7	-23	0	-126	-499	0	-200	56	192
11	-56	-392	1549562864	-89	-170	-21	-152	-8	-24	0	-134	-523	0	-200	56	192
11	-56	-392	1549564864	-88	-168	-23	-152	-9	-24	0	-143	-547	0	-200	56	192
11	-56	-392	1549566860	-75	-146	-25	-172	-7	-24	0	-150	-571	0	-200	56	192
11	-56	-392	1549568860	-87	-165	-22	-148	-8	-23	0	-158	-594	0	-200	56	192
11	-56	-392	1549570856	-73	-143	-24	-147	-8	-22	0	-166	-616	0	-200	56	192
11	-56	-392	1549572852	-83	-161	-22	-145	-7	-23	0	-173	-639	0	-200	56	192
11	-56	-392	1549574852	-71	-139	-24	-144	-8	-21	0	-181	-660	0	-200	56	192
11	-56	-392	1549576848	-80	-156	-24	-141	-7	-23	0	-188	-683	0	-200	56	192
11	-56	-392	1549578844	-70	-134	-25	-139	-8	-20	0	-196	-703	0	-200	56	192
11	-56	-392	1549580844	-76	-151	-24	-137	-7	-22	0	-203	-725	0	-200	56	192
11	-56	-392	1549582840	-67	-130	-27	-153	-7	-21	0	-210	-746	0	-200	56	192
11	-56	-392	1549584840	-73	-144	-25	-131	-7	-21	0	-217	-767	0	-200	56	192
11	-56	-392	1549586844	-64	-123	-24	-128	-7	-18	0	-224	-785	0	-200	56	192
11	-56	-392	1549588852	-70	-138	-25	-125	-7	-20	0	-231	-805	0	-200	56	192
11	-56	-392	1549590848	-59	-117	-24	-120	-6	-18	0	-237	-738	0	-200	56	192
11	-56	-392	1549592844	-65	-129	-25	-117	-7	-18	0	-244	-756	0	-200	56	192
11	-56	-392	1549594848	-56	-110	-25	-114	-6	-17	0	-250	-773	0	-200	56	192
11	-56	-392	1549596844	-60	-120	-23	-110	-6	-17	0	-256	-790	0	-200	56	192
11	-56	-392	1549598848	-51	-100	-28	-119	-6	-17	0	-262	-807	0	-200	56	192
11	-56	-392	1549600860	-57	-110	-25	-100	-7	-16	0	-269	-823	0	-200	56	192
11	-56	-392	1549602852	-46	-91	-24	-95	-5	-13	0	-274	-836	0	-200	56	192
11	-56	-392	1549604852	-50	-98	-23	-88	-5	-14	0	-279	-850	0	-200	56	192
11	-56	-392	1549606856	-41	-79	-23	-84	-5	-13	0	-284	-733	0	-200	56	192
11	-56	-392	1549608860	-44	-83	-22	-79	-5	-12	0	-289	-745	0	-200	56	192
11	-56	-392	1549610856	-36	-68	-22	-71	-4	-10	0	-293	-755	0	-200	56	192
11	-56	-392	1549612852	-36	-70	-22	-75	-5	-11	0	-298	-766	0	-200	56	192
11	-56	-392	1549614848	-29	-56	-20	-59	-3	-9	0	-301	-775	0	-200	56	192
11	-56	-392	1549616848	-30	-56	-18	-54	-4	-8	0	-305	-783	0	-200	56	192
11	-56	-392	1549618852	-24	-43	-16	-47	-3	-7	0	-308	-790	0	-200	56	192
11	-56	-392	1549620856	-24	-44	-16	-41	-3	-6	0	-311	-796	0	-200	56	192
11	-56	-392	1549622856	-17	-32	-14	-38	-2	-5	1	-313	-801	0	-200	56	192
